[2021-12-02 14:51:46,575] {scheduler_job.py:182} INFO - Started process (PID=1623) to work on /home/agalli/sandbox/lib/python3.6/site-packages/airflow/example_dags/example_branch_datetime_operator.py
[2021-12-02 14:51:46,577] {scheduler_job.py:633} INFO - Processing file /home/agalli/sandbox/lib/python3.6/site-packages/airflow/example_dags/example_branch_datetime_operator.py for tasks to queue
[2021-12-02 14:51:46,579] {logging_mixin.py:104} INFO - [2021-12-02 14:51:46,579] {dagbag.py:487} INFO - Filling up the DagBag from /home/agalli/sandbox/lib/python3.6/site-packages/airflow/example_dags/example_branch_datetime_operator.py
[2021-12-02 14:51:46,622] {scheduler_job.py:643} INFO - DAG(s) dict_keys(['example_branch_datetime_operator_2']) retrieved from /home/agalli/sandbox/lib/python3.6/site-packages/airflow/example_dags/example_branch_datetime_operator.py
[2021-12-02 14:51:46,661] {logging_mixin.py:104} INFO - [2021-12-02 14:51:46,661] {dag.py:1832} INFO - Sync 1 DAGs
[2021-12-02 14:51:46,723] {logging_mixin.py:104} INFO - [2021-12-02 14:51:46,722] {dag.py:2305} INFO - Setting next_dagrun for example_branch_datetime_operator_2 to 2021-11-30 00:00:00+00:00
[2021-12-02 14:51:46,756] {scheduler_job.py:190} INFO - Processing /home/agalli/sandbox/lib/python3.6/site-packages/airflow/example_dags/example_branch_datetime_operator.py took 0.187 seconds
[2021-12-02 14:52:21,624] {scheduler_job.py:182} INFO - Started process (PID=1700) to work on /home/agalli/sandbox/lib/python3.6/site-packages/airflow/example_dags/example_branch_datetime_operator.py
[2021-12-02 14:52:21,625] {scheduler_job.py:633} INFO - Processing file /home/agalli/sandbox/lib/python3.6/site-packages/airflow/example_dags/example_branch_datetime_operator.py for tasks to queue
[2021-12-02 14:52:21,626] {logging_mixin.py:104} INFO - [2021-12-02 14:52:21,626] {dagbag.py:487} INFO - Filling up the DagBag from /home/agalli/sandbox/lib/python3.6/site-packages/airflow/example_dags/example_branch_datetime_operator.py
[2021-12-02 14:52:21,644] {scheduler_job.py:643} INFO - DAG(s) dict_keys(['example_branch_datetime_operator_2']) retrieved from /home/agalli/sandbox/lib/python3.6/site-packages/airflow/example_dags/example_branch_datetime_operator.py
[2021-12-02 14:52:21,665] {logging_mixin.py:104} INFO - [2021-12-02 14:52:21,665] {dag.py:1832} INFO - Sync 1 DAGs
[2021-12-02 14:52:21,687] {logging_mixin.py:104} INFO - [2021-12-02 14:52:21,687] {dag.py:2305} INFO - Setting next_dagrun for example_branch_datetime_operator_2 to 2021-11-30 00:00:00+00:00
[2021-12-02 14:52:21,706] {scheduler_job.py:190} INFO - Processing /home/agalli/sandbox/lib/python3.6/site-packages/airflow/example_dags/example_branch_datetime_operator.py took 0.086 seconds
[2021-12-02 14:52:57,816] {scheduler_job.py:182} INFO - Started process (PID=1732) to work on /home/agalli/sandbox/lib/python3.6/site-packages/airflow/example_dags/example_branch_datetime_operator.py
[2021-12-02 14:52:57,819] {scheduler_job.py:633} INFO - Processing file /home/agalli/sandbox/lib/python3.6/site-packages/airflow/example_dags/example_branch_datetime_operator.py for tasks to queue
[2021-12-02 14:52:57,820] {logging_mixin.py:104} INFO - [2021-12-02 14:52:57,820] {dagbag.py:487} INFO - Filling up the DagBag from /home/agalli/sandbox/lib/python3.6/site-packages/airflow/example_dags/example_branch_datetime_operator.py
[2021-12-02 14:52:57,850] {scheduler_job.py:643} INFO - DAG(s) dict_keys(['example_branch_datetime_operator_2']) retrieved from /home/agalli/sandbox/lib/python3.6/site-packages/airflow/example_dags/example_branch_datetime_operator.py
[2021-12-02 14:52:57,887] {logging_mixin.py:104} INFO - [2021-12-02 14:52:57,887] {dag.py:1832} INFO - Sync 1 DAGs
[2021-12-02 14:52:57,962] {logging_mixin.py:104} INFO - [2021-12-02 14:52:57,962] {dag.py:2305} INFO - Setting next_dagrun for example_branch_datetime_operator_2 to 2021-11-30 00:00:00+00:00
[2021-12-02 14:52:58,067] {scheduler_job.py:190} INFO - Processing /home/agalli/sandbox/lib/python3.6/site-packages/airflow/example_dags/example_branch_datetime_operator.py took 0.265 seconds
[2021-12-02 14:53:35,551] {scheduler_job.py:182} INFO - Started process (PID=1764) to work on /home/agalli/sandbox/lib/python3.6/site-packages/airflow/example_dags/example_branch_datetime_operator.py
[2021-12-02 14:53:35,553] {scheduler_job.py:633} INFO - Processing file /home/agalli/sandbox/lib/python3.6/site-packages/airflow/example_dags/example_branch_datetime_operator.py for tasks to queue
[2021-12-02 14:53:35,553] {logging_mixin.py:104} INFO - [2021-12-02 14:53:35,553] {dagbag.py:487} INFO - Filling up the DagBag from /home/agalli/sandbox/lib/python3.6/site-packages/airflow/example_dags/example_branch_datetime_operator.py
[2021-12-02 14:53:35,575] {scheduler_job.py:643} INFO - DAG(s) dict_keys(['example_branch_datetime_operator_2']) retrieved from /home/agalli/sandbox/lib/python3.6/site-packages/airflow/example_dags/example_branch_datetime_operator.py
[2021-12-02 14:53:35,604] {logging_mixin.py:104} INFO - [2021-12-02 14:53:35,604] {dag.py:1832} INFO - Sync 1 DAGs
[2021-12-02 14:53:35,630] {logging_mixin.py:104} INFO - [2021-12-02 14:53:35,630] {dag.py:2305} INFO - Setting next_dagrun for example_branch_datetime_operator_2 to 2021-11-30 00:00:00+00:00
[2021-12-02 14:53:35,672] {scheduler_job.py:190} INFO - Processing /home/agalli/sandbox/lib/python3.6/site-packages/airflow/example_dags/example_branch_datetime_operator.py took 0.124 seconds
[2021-12-02 14:54:12,374] {scheduler_job.py:182} INFO - Started process (PID=1797) to work on /home/agalli/sandbox/lib/python3.6/site-packages/airflow/example_dags/example_branch_datetime_operator.py
[2021-12-02 14:54:12,376] {scheduler_job.py:633} INFO - Processing file /home/agalli/sandbox/lib/python3.6/site-packages/airflow/example_dags/example_branch_datetime_operator.py for tasks to queue
[2021-12-02 14:54:12,377] {logging_mixin.py:104} INFO - [2021-12-02 14:54:12,377] {dagbag.py:487} INFO - Filling up the DagBag from /home/agalli/sandbox/lib/python3.6/site-packages/airflow/example_dags/example_branch_datetime_operator.py
[2021-12-02 14:54:12,397] {scheduler_job.py:643} INFO - DAG(s) dict_keys(['example_branch_datetime_operator_2']) retrieved from /home/agalli/sandbox/lib/python3.6/site-packages/airflow/example_dags/example_branch_datetime_operator.py
[2021-12-02 14:54:12,420] {logging_mixin.py:104} INFO - [2021-12-02 14:54:12,420] {dag.py:1832} INFO - Sync 1 DAGs
[2021-12-02 14:54:12,441] {logging_mixin.py:104} INFO - [2021-12-02 14:54:12,441] {dag.py:2305} INFO - Setting next_dagrun for example_branch_datetime_operator_2 to 2021-11-30 00:00:00+00:00
[2021-12-02 14:54:12,485] {scheduler_job.py:190} INFO - Processing /home/agalli/sandbox/lib/python3.6/site-packages/airflow/example_dags/example_branch_datetime_operator.py took 0.116 seconds
[2021-12-02 14:54:57,258] {scheduler_job.py:182} INFO - Started process (PID=1832) to work on /home/agalli/sandbox/lib/python3.6/site-packages/airflow/example_dags/example_branch_datetime_operator.py
[2021-12-02 14:54:57,259] {scheduler_job.py:633} INFO - Processing file /home/agalli/sandbox/lib/python3.6/site-packages/airflow/example_dags/example_branch_datetime_operator.py for tasks to queue
[2021-12-02 14:54:57,260] {logging_mixin.py:104} INFO - [2021-12-02 14:54:57,260] {dagbag.py:487} INFO - Filling up the DagBag from /home/agalli/sandbox/lib/python3.6/site-packages/airflow/example_dags/example_branch_datetime_operator.py
[2021-12-02 14:54:57,276] {scheduler_job.py:643} INFO - DAG(s) dict_keys(['example_branch_datetime_operator_2']) retrieved from /home/agalli/sandbox/lib/python3.6/site-packages/airflow/example_dags/example_branch_datetime_operator.py
[2021-12-02 14:54:57,300] {logging_mixin.py:104} INFO - [2021-12-02 14:54:57,300] {dag.py:1832} INFO - Sync 1 DAGs
[2021-12-02 14:54:57,331] {logging_mixin.py:104} INFO - [2021-12-02 14:54:57,331] {dag.py:2305} INFO - Setting next_dagrun for example_branch_datetime_operator_2 to 2021-11-30 00:00:00+00:00
[2021-12-02 14:54:57,354] {scheduler_job.py:190} INFO - Processing /home/agalli/sandbox/lib/python3.6/site-packages/airflow/example_dags/example_branch_datetime_operator.py took 0.100 seconds
[2021-12-02 14:55:45,984] {scheduler_job.py:182} INFO - Started process (PID=1960) to work on /home/agalli/sandbox/lib/python3.6/site-packages/airflow/example_dags/example_branch_datetime_operator.py
[2021-12-02 14:55:45,987] {scheduler_job.py:633} INFO - Processing file /home/agalli/sandbox/lib/python3.6/site-packages/airflow/example_dags/example_branch_datetime_operator.py for tasks to queue
[2021-12-02 14:55:45,988] {logging_mixin.py:104} INFO - [2021-12-02 14:55:45,988] {dagbag.py:487} INFO - Filling up the DagBag from /home/agalli/sandbox/lib/python3.6/site-packages/airflow/example_dags/example_branch_datetime_operator.py
[2021-12-02 14:55:46,028] {scheduler_job.py:643} INFO - DAG(s) dict_keys(['example_branch_datetime_operator_2']) retrieved from /home/agalli/sandbox/lib/python3.6/site-packages/airflow/example_dags/example_branch_datetime_operator.py
[2021-12-02 14:55:46,065] {logging_mixin.py:104} INFO - [2021-12-02 14:55:46,065] {dag.py:1832} INFO - Sync 1 DAGs
[2021-12-02 14:55:46,102] {logging_mixin.py:104} INFO - [2021-12-02 14:55:46,102] {dag.py:2305} INFO - Setting next_dagrun for example_branch_datetime_operator_2 to 2021-11-30 00:00:00+00:00
[2021-12-02 14:55:46,129] {scheduler_job.py:190} INFO - Processing /home/agalli/sandbox/lib/python3.6/site-packages/airflow/example_dags/example_branch_datetime_operator.py took 0.151 seconds
[2021-12-02 14:56:24,022] {scheduler_job.py:182} INFO - Started process (PID=1991) to work on /home/agalli/sandbox/lib/python3.6/site-packages/airflow/example_dags/example_branch_datetime_operator.py
[2021-12-02 14:56:24,023] {scheduler_job.py:633} INFO - Processing file /home/agalli/sandbox/lib/python3.6/site-packages/airflow/example_dags/example_branch_datetime_operator.py for tasks to queue
[2021-12-02 14:56:24,024] {logging_mixin.py:104} INFO - [2021-12-02 14:56:24,024] {dagbag.py:487} INFO - Filling up the DagBag from /home/agalli/sandbox/lib/python3.6/site-packages/airflow/example_dags/example_branch_datetime_operator.py
[2021-12-02 14:56:24,049] {scheduler_job.py:643} INFO - DAG(s) dict_keys(['example_branch_datetime_operator_2']) retrieved from /home/agalli/sandbox/lib/python3.6/site-packages/airflow/example_dags/example_branch_datetime_operator.py
[2021-12-02 14:56:24,092] {logging_mixin.py:104} INFO - [2021-12-02 14:56:24,092] {dag.py:1832} INFO - Sync 1 DAGs
[2021-12-02 14:56:24,136] {logging_mixin.py:104} INFO - [2021-12-02 14:56:24,131] {dag.py:2305} INFO - Setting next_dagrun for example_branch_datetime_operator_2 to 2021-11-30 00:00:00+00:00
[2021-12-02 14:56:24,157] {scheduler_job.py:190} INFO - Processing /home/agalli/sandbox/lib/python3.6/site-packages/airflow/example_dags/example_branch_datetime_operator.py took 0.140 seconds
[2021-12-02 14:57:07,824] {scheduler_job.py:182} INFO - Started process (PID=2024) to work on /home/agalli/sandbox/lib/python3.6/site-packages/airflow/example_dags/example_branch_datetime_operator.py
[2021-12-02 14:57:07,827] {scheduler_job.py:633} INFO - Processing file /home/agalli/sandbox/lib/python3.6/site-packages/airflow/example_dags/example_branch_datetime_operator.py for tasks to queue
[2021-12-02 14:57:07,832] {logging_mixin.py:104} INFO - [2021-12-02 14:57:07,832] {dagbag.py:487} INFO - Filling up the DagBag from /home/agalli/sandbox/lib/python3.6/site-packages/airflow/example_dags/example_branch_datetime_operator.py
[2021-12-02 14:57:07,862] {scheduler_job.py:643} INFO - DAG(s) dict_keys(['example_branch_datetime_operator_2']) retrieved from /home/agalli/sandbox/lib/python3.6/site-packages/airflow/example_dags/example_branch_datetime_operator.py
[2021-12-02 14:57:07,894] {logging_mixin.py:104} INFO - [2021-12-02 14:57:07,894] {dag.py:1832} INFO - Sync 1 DAGs
[2021-12-02 14:57:07,932] {logging_mixin.py:104} INFO - [2021-12-02 14:57:07,932] {dag.py:2305} INFO - Setting next_dagrun for example_branch_datetime_operator_2 to 2021-11-30 00:00:00+00:00
[2021-12-02 14:57:07,957] {scheduler_job.py:190} INFO - Processing /home/agalli/sandbox/lib/python3.6/site-packages/airflow/example_dags/example_branch_datetime_operator.py took 0.150 seconds
[2021-12-02 14:57:54,216] {scheduler_job.py:182} INFO - Started process (PID=2061) to work on /home/agalli/sandbox/lib/python3.6/site-packages/airflow/example_dags/example_branch_datetime_operator.py
[2021-12-02 14:57:54,219] {scheduler_job.py:633} INFO - Processing file /home/agalli/sandbox/lib/python3.6/site-packages/airflow/example_dags/example_branch_datetime_operator.py for tasks to queue
[2021-12-02 14:57:54,221] {logging_mixin.py:104} INFO - [2021-12-02 14:57:54,221] {dagbag.py:487} INFO - Filling up the DagBag from /home/agalli/sandbox/lib/python3.6/site-packages/airflow/example_dags/example_branch_datetime_operator.py
[2021-12-02 14:57:54,245] {scheduler_job.py:643} INFO - DAG(s) dict_keys(['example_branch_datetime_operator_2']) retrieved from /home/agalli/sandbox/lib/python3.6/site-packages/airflow/example_dags/example_branch_datetime_operator.py
[2021-12-02 14:57:54,267] {logging_mixin.py:104} INFO - [2021-12-02 14:57:54,266] {dag.py:1832} INFO - Sync 1 DAGs
[2021-12-02 14:57:54,297] {logging_mixin.py:104} INFO - [2021-12-02 14:57:54,296] {dag.py:2305} INFO - Setting next_dagrun for example_branch_datetime_operator_2 to 2021-11-30 00:00:00+00:00
[2021-12-02 14:57:54,326] {scheduler_job.py:190} INFO - Processing /home/agalli/sandbox/lib/python3.6/site-packages/airflow/example_dags/example_branch_datetime_operator.py took 0.115 seconds
[2021-12-02 14:59:05,524] {scheduler_job.py:182} INFO - Started process (PID=2102) to work on /home/agalli/sandbox/lib/python3.6/site-packages/airflow/example_dags/example_branch_datetime_operator.py
[2021-12-02 14:59:05,541] {scheduler_job.py:633} INFO - Processing file /home/agalli/sandbox/lib/python3.6/site-packages/airflow/example_dags/example_branch_datetime_operator.py for tasks to queue
[2021-12-02 14:59:05,543] {logging_mixin.py:104} INFO - [2021-12-02 14:59:05,543] {dagbag.py:487} INFO - Filling up the DagBag from /home/agalli/sandbox/lib/python3.6/site-packages/airflow/example_dags/example_branch_datetime_operator.py
[2021-12-02 14:59:05,669] {scheduler_job.py:643} INFO - DAG(s) dict_keys(['example_branch_datetime_operator_2']) retrieved from /home/agalli/sandbox/lib/python3.6/site-packages/airflow/example_dags/example_branch_datetime_operator.py
[2021-12-02 14:59:05,798] {logging_mixin.py:104} INFO - [2021-12-02 14:59:05,797] {dag.py:1832} INFO - Sync 1 DAGs
[2021-12-02 14:59:05,959] {logging_mixin.py:104} INFO - [2021-12-02 14:59:05,959] {dag.py:2305} INFO - Setting next_dagrun for example_branch_datetime_operator_2 to 2021-11-30 00:00:00+00:00
[2021-12-02 14:59:06,169] {scheduler_job.py:190} INFO - Processing /home/agalli/sandbox/lib/python3.6/site-packages/airflow/example_dags/example_branch_datetime_operator.py took 0.691 seconds
[2021-12-02 15:00:03,438] {scheduler_job.py:182} INFO - Started process (PID=2136) to work on /home/agalli/sandbox/lib/python3.6/site-packages/airflow/example_dags/example_branch_datetime_operator.py
[2021-12-02 15:00:03,440] {scheduler_job.py:633} INFO - Processing file /home/agalli/sandbox/lib/python3.6/site-packages/airflow/example_dags/example_branch_datetime_operator.py for tasks to queue
[2021-12-02 15:00:03,441] {logging_mixin.py:104} INFO - [2021-12-02 15:00:03,441] {dagbag.py:487} INFO - Filling up the DagBag from /home/agalli/sandbox/lib/python3.6/site-packages/airflow/example_dags/example_branch_datetime_operator.py
[2021-12-02 15:00:03,468] {scheduler_job.py:643} INFO - DAG(s) dict_keys(['example_branch_datetime_operator_2']) retrieved from /home/agalli/sandbox/lib/python3.6/site-packages/airflow/example_dags/example_branch_datetime_operator.py
[2021-12-02 15:00:03,514] {logging_mixin.py:104} INFO - [2021-12-02 15:00:03,514] {dag.py:1832} INFO - Sync 1 DAGs
[2021-12-02 15:00:03,557] {logging_mixin.py:104} INFO - [2021-12-02 15:00:03,557] {dag.py:2305} INFO - Setting next_dagrun for example_branch_datetime_operator_2 to 2021-11-30 00:00:00+00:00
[2021-12-02 15:00:03,593] {scheduler_job.py:190} INFO - Processing /home/agalli/sandbox/lib/python3.6/site-packages/airflow/example_dags/example_branch_datetime_operator.py took 0.162 seconds
[2021-12-02 15:00:50,314] {scheduler_job.py:182} INFO - Started process (PID=2171) to work on /home/agalli/sandbox/lib/python3.6/site-packages/airflow/example_dags/example_branch_datetime_operator.py
[2021-12-02 15:00:50,317] {scheduler_job.py:633} INFO - Processing file /home/agalli/sandbox/lib/python3.6/site-packages/airflow/example_dags/example_branch_datetime_operator.py for tasks to queue
[2021-12-02 15:00:50,319] {logging_mixin.py:104} INFO - [2021-12-02 15:00:50,319] {dagbag.py:487} INFO - Filling up the DagBag from /home/agalli/sandbox/lib/python3.6/site-packages/airflow/example_dags/example_branch_datetime_operator.py
[2021-12-02 15:00:50,346] {scheduler_job.py:643} INFO - DAG(s) dict_keys(['example_branch_datetime_operator_2']) retrieved from /home/agalli/sandbox/lib/python3.6/site-packages/airflow/example_dags/example_branch_datetime_operator.py
[2021-12-02 15:00:50,404] {logging_mixin.py:104} INFO - [2021-12-02 15:00:50,404] {dag.py:1832} INFO - Sync 1 DAGs
[2021-12-02 15:00:50,456] {logging_mixin.py:104} INFO - [2021-12-02 15:00:50,456] {dag.py:2305} INFO - Setting next_dagrun for example_branch_datetime_operator_2 to 2021-11-30 00:00:00+00:00
[2021-12-02 15:00:50,488] {scheduler_job.py:190} INFO - Processing /home/agalli/sandbox/lib/python3.6/site-packages/airflow/example_dags/example_branch_datetime_operator.py took 0.182 seconds
[2021-12-02 15:01:42,218] {scheduler_job.py:182} INFO - Started process (PID=2207) to work on /home/agalli/sandbox/lib/python3.6/site-packages/airflow/example_dags/example_branch_datetime_operator.py
[2021-12-02 15:01:42,232] {scheduler_job.py:633} INFO - Processing file /home/agalli/sandbox/lib/python3.6/site-packages/airflow/example_dags/example_branch_datetime_operator.py for tasks to queue
[2021-12-02 15:01:42,235] {logging_mixin.py:104} INFO - [2021-12-02 15:01:42,234] {dagbag.py:487} INFO - Filling up the DagBag from /home/agalli/sandbox/lib/python3.6/site-packages/airflow/example_dags/example_branch_datetime_operator.py
[2021-12-02 15:01:42,500] {scheduler_job.py:643} INFO - DAG(s) dict_keys(['example_branch_datetime_operator_2']) retrieved from /home/agalli/sandbox/lib/python3.6/site-packages/airflow/example_dags/example_branch_datetime_operator.py
[2021-12-02 15:01:42,605] {logging_mixin.py:104} INFO - [2021-12-02 15:01:42,585] {dag.py:1832} INFO - Sync 1 DAGs
[2021-12-02 15:01:42,827] {logging_mixin.py:104} INFO - [2021-12-02 15:01:42,826] {dag.py:2305} INFO - Setting next_dagrun for example_branch_datetime_operator_2 to 2021-11-30 00:00:00+00:00
[2021-12-02 15:01:42,921] {scheduler_job.py:190} INFO - Processing /home/agalli/sandbox/lib/python3.6/site-packages/airflow/example_dags/example_branch_datetime_operator.py took 0.721 seconds
[2021-12-02 15:04:37,687] {scheduler_job.py:182} INFO - Started process (PID=2317) to work on /home/agalli/sandbox/lib/python3.6/site-packages/airflow/example_dags/example_branch_datetime_operator.py
[2021-12-02 15:04:37,701] {scheduler_job.py:633} INFO - Processing file /home/agalli/sandbox/lib/python3.6/site-packages/airflow/example_dags/example_branch_datetime_operator.py for tasks to queue
[2021-12-02 15:04:37,703] {logging_mixin.py:104} INFO - [2021-12-02 15:04:37,703] {dagbag.py:487} INFO - Filling up the DagBag from /home/agalli/sandbox/lib/python3.6/site-packages/airflow/example_dags/example_branch_datetime_operator.py
[2021-12-02 15:04:37,751] {scheduler_job.py:643} INFO - DAG(s) dict_keys(['example_branch_datetime_operator_2']) retrieved from /home/agalli/sandbox/lib/python3.6/site-packages/airflow/example_dags/example_branch_datetime_operator.py
[2021-12-02 15:04:37,953] {logging_mixin.py:104} INFO - [2021-12-02 15:04:37,953] {dag.py:1832} INFO - Sync 1 DAGs
[2021-12-02 15:04:38,048] {logging_mixin.py:104} INFO - [2021-12-02 15:04:38,048] {dag.py:2305} INFO - Setting next_dagrun for example_branch_datetime_operator_2 to 2021-11-30 00:00:00+00:00
[2021-12-02 15:04:38,175] {scheduler_job.py:190} INFO - Processing /home/agalli/sandbox/lib/python3.6/site-packages/airflow/example_dags/example_branch_datetime_operator.py took 0.517 seconds
[2021-12-02 15:05:29,171] {scheduler_job.py:182} INFO - Started process (PID=2351) to work on /home/agalli/sandbox/lib/python3.6/site-packages/airflow/example_dags/example_branch_datetime_operator.py
[2021-12-02 15:05:29,172] {scheduler_job.py:633} INFO - Processing file /home/agalli/sandbox/lib/python3.6/site-packages/airflow/example_dags/example_branch_datetime_operator.py for tasks to queue
[2021-12-02 15:05:29,173] {logging_mixin.py:104} INFO - [2021-12-02 15:05:29,173] {dagbag.py:487} INFO - Filling up the DagBag from /home/agalli/sandbox/lib/python3.6/site-packages/airflow/example_dags/example_branch_datetime_operator.py
[2021-12-02 15:05:29,187] {scheduler_job.py:643} INFO - DAG(s) dict_keys(['example_branch_datetime_operator_2']) retrieved from /home/agalli/sandbox/lib/python3.6/site-packages/airflow/example_dags/example_branch_datetime_operator.py
[2021-12-02 15:05:29,225] {logging_mixin.py:104} INFO - [2021-12-02 15:05:29,224] {dag.py:1832} INFO - Sync 1 DAGs
[2021-12-02 15:05:29,309] {logging_mixin.py:104} INFO - [2021-12-02 15:05:29,299] {dag.py:2305} INFO - Setting next_dagrun for example_branch_datetime_operator_2 to 2021-11-30 00:00:00+00:00
[2021-12-02 15:05:29,376] {scheduler_job.py:190} INFO - Processing /home/agalli/sandbox/lib/python3.6/site-packages/airflow/example_dags/example_branch_datetime_operator.py took 0.212 seconds
[2021-12-02 15:06:19,008] {scheduler_job.py:182} INFO - Started process (PID=2384) to work on /home/agalli/sandbox/lib/python3.6/site-packages/airflow/example_dags/example_branch_datetime_operator.py
[2021-12-02 15:06:19,010] {scheduler_job.py:633} INFO - Processing file /home/agalli/sandbox/lib/python3.6/site-packages/airflow/example_dags/example_branch_datetime_operator.py for tasks to queue
[2021-12-02 15:06:19,011] {logging_mixin.py:104} INFO - [2021-12-02 15:06:19,011] {dagbag.py:487} INFO - Filling up the DagBag from /home/agalli/sandbox/lib/python3.6/site-packages/airflow/example_dags/example_branch_datetime_operator.py
[2021-12-02 15:06:19,033] {scheduler_job.py:643} INFO - DAG(s) dict_keys(['example_branch_datetime_operator_2']) retrieved from /home/agalli/sandbox/lib/python3.6/site-packages/airflow/example_dags/example_branch_datetime_operator.py
[2021-12-02 15:06:19,073] {logging_mixin.py:104} INFO - [2021-12-02 15:06:19,073] {dag.py:1832} INFO - Sync 1 DAGs
[2021-12-02 15:06:19,172] {logging_mixin.py:104} INFO - [2021-12-02 15:06:19,172] {dag.py:2305} INFO - Setting next_dagrun for example_branch_datetime_operator_2 to 2021-11-30 00:00:00+00:00
[2021-12-02 15:06:19,273] {scheduler_job.py:190} INFO - Processing /home/agalli/sandbox/lib/python3.6/site-packages/airflow/example_dags/example_branch_datetime_operator.py took 0.273 seconds
[2021-12-02 15:07:04,680] {scheduler_job.py:182} INFO - Started process (PID=2415) to work on /home/agalli/sandbox/lib/python3.6/site-packages/airflow/example_dags/example_branch_datetime_operator.py
[2021-12-02 15:07:04,695] {scheduler_job.py:633} INFO - Processing file /home/agalli/sandbox/lib/python3.6/site-packages/airflow/example_dags/example_branch_datetime_operator.py for tasks to queue
[2021-12-02 15:07:04,697] {logging_mixin.py:104} INFO - [2021-12-02 15:07:04,697] {dagbag.py:487} INFO - Filling up the DagBag from /home/agalli/sandbox/lib/python3.6/site-packages/airflow/example_dags/example_branch_datetime_operator.py
[2021-12-02 15:07:04,793] {scheduler_job.py:643} INFO - DAG(s) dict_keys(['example_branch_datetime_operator_2']) retrieved from /home/agalli/sandbox/lib/python3.6/site-packages/airflow/example_dags/example_branch_datetime_operator.py
[2021-12-02 15:07:04,899] {logging_mixin.py:104} INFO - [2021-12-02 15:07:04,898] {dag.py:1832} INFO - Sync 1 DAGs
[2021-12-02 15:07:05,030] {logging_mixin.py:104} INFO - [2021-12-02 15:07:05,030] {dag.py:2305} INFO - Setting next_dagrun for example_branch_datetime_operator_2 to 2021-11-30 00:00:00+00:00
[2021-12-02 15:07:05,199] {scheduler_job.py:190} INFO - Processing /home/agalli/sandbox/lib/python3.6/site-packages/airflow/example_dags/example_branch_datetime_operator.py took 0.531 seconds
[2021-12-02 15:07:47,720] {scheduler_job.py:182} INFO - Started process (PID=2447) to work on /home/agalli/sandbox/lib/python3.6/site-packages/airflow/example_dags/example_branch_datetime_operator.py
[2021-12-02 15:07:47,723] {scheduler_job.py:633} INFO - Processing file /home/agalli/sandbox/lib/python3.6/site-packages/airflow/example_dags/example_branch_datetime_operator.py for tasks to queue
[2021-12-02 15:07:47,724] {logging_mixin.py:104} INFO - [2021-12-02 15:07:47,724] {dagbag.py:487} INFO - Filling up the DagBag from /home/agalli/sandbox/lib/python3.6/site-packages/airflow/example_dags/example_branch_datetime_operator.py
[2021-12-02 15:07:47,745] {scheduler_job.py:643} INFO - DAG(s) dict_keys(['example_branch_datetime_operator_2']) retrieved from /home/agalli/sandbox/lib/python3.6/site-packages/airflow/example_dags/example_branch_datetime_operator.py
[2021-12-02 15:07:47,787] {logging_mixin.py:104} INFO - [2021-12-02 15:07:47,787] {dag.py:1832} INFO - Sync 1 DAGs
[2021-12-02 15:07:47,842] {logging_mixin.py:104} INFO - [2021-12-02 15:07:47,842] {dag.py:2305} INFO - Setting next_dagrun for example_branch_datetime_operator_2 to 2021-11-30 00:00:00+00:00
[2021-12-02 15:07:47,876] {scheduler_job.py:190} INFO - Processing /home/agalli/sandbox/lib/python3.6/site-packages/airflow/example_dags/example_branch_datetime_operator.py took 0.170 seconds
[2021-12-02 15:08:44,383] {scheduler_job.py:182} INFO - Started process (PID=2481) to work on /home/agalli/sandbox/lib/python3.6/site-packages/airflow/example_dags/example_branch_datetime_operator.py
[2021-12-02 15:08:44,386] {scheduler_job.py:633} INFO - Processing file /home/agalli/sandbox/lib/python3.6/site-packages/airflow/example_dags/example_branch_datetime_operator.py for tasks to queue
[2021-12-02 15:08:44,388] {logging_mixin.py:104} INFO - [2021-12-02 15:08:44,387] {dagbag.py:487} INFO - Filling up the DagBag from /home/agalli/sandbox/lib/python3.6/site-packages/airflow/example_dags/example_branch_datetime_operator.py
[2021-12-02 15:08:44,411] {scheduler_job.py:643} INFO - DAG(s) dict_keys(['example_branch_datetime_operator_2']) retrieved from /home/agalli/sandbox/lib/python3.6/site-packages/airflow/example_dags/example_branch_datetime_operator.py
[2021-12-02 15:08:44,450] {logging_mixin.py:104} INFO - [2021-12-02 15:08:44,449] {dag.py:1832} INFO - Sync 1 DAGs
[2021-12-02 15:08:44,475] {logging_mixin.py:104} INFO - [2021-12-02 15:08:44,475] {dag.py:2305} INFO - Setting next_dagrun for example_branch_datetime_operator_2 to 2021-11-30 00:00:00+00:00
[2021-12-02 15:08:44,533] {scheduler_job.py:190} INFO - Processing /home/agalli/sandbox/lib/python3.6/site-packages/airflow/example_dags/example_branch_datetime_operator.py took 0.164 seconds
[2021-12-02 15:09:29,740] {scheduler_job.py:182} INFO - Started process (PID=2513) to work on /home/agalli/sandbox/lib/python3.6/site-packages/airflow/example_dags/example_branch_datetime_operator.py
[2021-12-02 15:09:29,742] {scheduler_job.py:633} INFO - Processing file /home/agalli/sandbox/lib/python3.6/site-packages/airflow/example_dags/example_branch_datetime_operator.py for tasks to queue
[2021-12-02 15:09:29,742] {logging_mixin.py:104} INFO - [2021-12-02 15:09:29,742] {dagbag.py:487} INFO - Filling up the DagBag from /home/agalli/sandbox/lib/python3.6/site-packages/airflow/example_dags/example_branch_datetime_operator.py
[2021-12-02 15:09:29,754] {scheduler_job.py:643} INFO - DAG(s) dict_keys(['example_branch_datetime_operator_2']) retrieved from /home/agalli/sandbox/lib/python3.6/site-packages/airflow/example_dags/example_branch_datetime_operator.py
[2021-12-02 15:09:29,782] {logging_mixin.py:104} INFO - [2021-12-02 15:09:29,781] {dag.py:1832} INFO - Sync 1 DAGs
[2021-12-02 15:09:29,807] {logging_mixin.py:104} INFO - [2021-12-02 15:09:29,807] {dag.py:2305} INFO - Setting next_dagrun for example_branch_datetime_operator_2 to 2021-11-30 00:00:00+00:00
[2021-12-02 15:09:29,847] {scheduler_job.py:190} INFO - Processing /home/agalli/sandbox/lib/python3.6/site-packages/airflow/example_dags/example_branch_datetime_operator.py took 0.112 seconds
[2021-12-02 15:10:12,165] {scheduler_job.py:182} INFO - Started process (PID=2548) to work on /home/agalli/sandbox/lib/python3.6/site-packages/airflow/example_dags/example_branch_datetime_operator.py
[2021-12-02 15:10:12,166] {scheduler_job.py:633} INFO - Processing file /home/agalli/sandbox/lib/python3.6/site-packages/airflow/example_dags/example_branch_datetime_operator.py for tasks to queue
[2021-12-02 15:10:12,167] {logging_mixin.py:104} INFO - [2021-12-02 15:10:12,167] {dagbag.py:487} INFO - Filling up the DagBag from /home/agalli/sandbox/lib/python3.6/site-packages/airflow/example_dags/example_branch_datetime_operator.py
[2021-12-02 15:10:12,179] {scheduler_job.py:643} INFO - DAG(s) dict_keys(['example_branch_datetime_operator_2']) retrieved from /home/agalli/sandbox/lib/python3.6/site-packages/airflow/example_dags/example_branch_datetime_operator.py
[2021-12-02 15:10:12,213] {logging_mixin.py:104} INFO - [2021-12-02 15:10:12,213] {dag.py:1832} INFO - Sync 1 DAGs
[2021-12-02 15:10:12,252] {logging_mixin.py:104} INFO - [2021-12-02 15:10:12,251] {dag.py:2305} INFO - Setting next_dagrun for example_branch_datetime_operator_2 to 2021-11-30 00:00:00+00:00
[2021-12-02 15:10:12,282] {scheduler_job.py:190} INFO - Processing /home/agalli/sandbox/lib/python3.6/site-packages/airflow/example_dags/example_branch_datetime_operator.py took 0.122 seconds
[2021-12-02 15:10:51,750] {scheduler_job.py:182} INFO - Started process (PID=2581) to work on /home/agalli/sandbox/lib/python3.6/site-packages/airflow/example_dags/example_branch_datetime_operator.py
[2021-12-02 15:10:51,752] {scheduler_job.py:633} INFO - Processing file /home/agalli/sandbox/lib/python3.6/site-packages/airflow/example_dags/example_branch_datetime_operator.py for tasks to queue
[2021-12-02 15:10:51,753] {logging_mixin.py:104} INFO - [2021-12-02 15:10:51,753] {dagbag.py:487} INFO - Filling up the DagBag from /home/agalli/sandbox/lib/python3.6/site-packages/airflow/example_dags/example_branch_datetime_operator.py
[2021-12-02 15:10:51,763] {scheduler_job.py:643} INFO - DAG(s) dict_keys(['example_branch_datetime_operator_2']) retrieved from /home/agalli/sandbox/lib/python3.6/site-packages/airflow/example_dags/example_branch_datetime_operator.py
[2021-12-02 15:10:51,792] {logging_mixin.py:104} INFO - [2021-12-02 15:10:51,791] {dag.py:1832} INFO - Sync 1 DAGs
[2021-12-02 15:10:51,808] {logging_mixin.py:104} INFO - [2021-12-02 15:10:51,807] {dag.py:2305} INFO - Setting next_dagrun for example_branch_datetime_operator_2 to 2021-11-30 00:00:00+00:00
[2021-12-02 15:10:51,850] {scheduler_job.py:190} INFO - Processing /home/agalli/sandbox/lib/python3.6/site-packages/airflow/example_dags/example_branch_datetime_operator.py took 0.104 seconds
[2021-12-02 15:11:25,489] {scheduler_job.py:182} INFO - Started process (PID=2612) to work on /home/agalli/sandbox/lib/python3.6/site-packages/airflow/example_dags/example_branch_datetime_operator.py
[2021-12-02 15:11:25,490] {scheduler_job.py:633} INFO - Processing file /home/agalli/sandbox/lib/python3.6/site-packages/airflow/example_dags/example_branch_datetime_operator.py for tasks to queue
[2021-12-02 15:11:25,491] {logging_mixin.py:104} INFO - [2021-12-02 15:11:25,491] {dagbag.py:487} INFO - Filling up the DagBag from /home/agalli/sandbox/lib/python3.6/site-packages/airflow/example_dags/example_branch_datetime_operator.py
[2021-12-02 15:11:25,499] {scheduler_job.py:643} INFO - DAG(s) dict_keys(['example_branch_datetime_operator_2']) retrieved from /home/agalli/sandbox/lib/python3.6/site-packages/airflow/example_dags/example_branch_datetime_operator.py
[2021-12-02 15:11:25,518] {logging_mixin.py:104} INFO - [2021-12-02 15:11:25,517] {dag.py:1832} INFO - Sync 1 DAGs
[2021-12-02 15:11:25,535] {logging_mixin.py:104} INFO - [2021-12-02 15:11:25,534] {dag.py:2305} INFO - Setting next_dagrun for example_branch_datetime_operator_2 to 2021-11-30 00:00:00+00:00
[2021-12-02 15:11:25,551] {scheduler_job.py:190} INFO - Processing /home/agalli/sandbox/lib/python3.6/site-packages/airflow/example_dags/example_branch_datetime_operator.py took 0.066 seconds
[2021-12-02 15:12:03,071] {scheduler_job.py:182} INFO - Started process (PID=2645) to work on /home/agalli/sandbox/lib/python3.6/site-packages/airflow/example_dags/example_branch_datetime_operator.py
[2021-12-02 15:12:03,072] {scheduler_job.py:633} INFO - Processing file /home/agalli/sandbox/lib/python3.6/site-packages/airflow/example_dags/example_branch_datetime_operator.py for tasks to queue
[2021-12-02 15:12:03,073] {logging_mixin.py:104} INFO - [2021-12-02 15:12:03,073] {dagbag.py:487} INFO - Filling up the DagBag from /home/agalli/sandbox/lib/python3.6/site-packages/airflow/example_dags/example_branch_datetime_operator.py
[2021-12-02 15:12:03,081] {scheduler_job.py:643} INFO - DAG(s) dict_keys(['example_branch_datetime_operator_2']) retrieved from /home/agalli/sandbox/lib/python3.6/site-packages/airflow/example_dags/example_branch_datetime_operator.py
[2021-12-02 15:12:03,100] {logging_mixin.py:104} INFO - [2021-12-02 15:12:03,099] {dag.py:1832} INFO - Sync 1 DAGs
[2021-12-02 15:12:03,115] {logging_mixin.py:104} INFO - [2021-12-02 15:12:03,115] {dag.py:2305} INFO - Setting next_dagrun for example_branch_datetime_operator_2 to 2021-11-30 00:00:00+00:00
[2021-12-02 15:12:03,138] {scheduler_job.py:190} INFO - Processing /home/agalli/sandbox/lib/python3.6/site-packages/airflow/example_dags/example_branch_datetime_operator.py took 0.071 seconds
[2021-12-02 15:12:40,316] {scheduler_job.py:182} INFO - Started process (PID=2677) to work on /home/agalli/sandbox/lib/python3.6/site-packages/airflow/example_dags/example_branch_datetime_operator.py
[2021-12-02 15:12:40,318] {scheduler_job.py:633} INFO - Processing file /home/agalli/sandbox/lib/python3.6/site-packages/airflow/example_dags/example_branch_datetime_operator.py for tasks to queue
[2021-12-02 15:12:40,319] {logging_mixin.py:104} INFO - [2021-12-02 15:12:40,319] {dagbag.py:487} INFO - Filling up the DagBag from /home/agalli/sandbox/lib/python3.6/site-packages/airflow/example_dags/example_branch_datetime_operator.py
[2021-12-02 15:12:40,332] {scheduler_job.py:643} INFO - DAG(s) dict_keys(['example_branch_datetime_operator_2']) retrieved from /home/agalli/sandbox/lib/python3.6/site-packages/airflow/example_dags/example_branch_datetime_operator.py
[2021-12-02 15:12:40,357] {logging_mixin.py:104} INFO - [2021-12-02 15:12:40,357] {dag.py:1832} INFO - Sync 1 DAGs
[2021-12-02 15:12:40,379] {logging_mixin.py:104} INFO - [2021-12-02 15:12:40,378] {dag.py:2305} INFO - Setting next_dagrun for example_branch_datetime_operator_2 to 2021-11-30 00:00:00+00:00
[2021-12-02 15:12:40,399] {scheduler_job.py:190} INFO - Processing /home/agalli/sandbox/lib/python3.6/site-packages/airflow/example_dags/example_branch_datetime_operator.py took 0.089 seconds
[2021-12-02 15:13:19,638] {scheduler_job.py:182} INFO - Started process (PID=2712) to work on /home/agalli/sandbox/lib/python3.6/site-packages/airflow/example_dags/example_branch_datetime_operator.py
[2021-12-02 15:13:19,640] {scheduler_job.py:633} INFO - Processing file /home/agalli/sandbox/lib/python3.6/site-packages/airflow/example_dags/example_branch_datetime_operator.py for tasks to queue
[2021-12-02 15:13:19,640] {logging_mixin.py:104} INFO - [2021-12-02 15:13:19,640] {dagbag.py:487} INFO - Filling up the DagBag from /home/agalli/sandbox/lib/python3.6/site-packages/airflow/example_dags/example_branch_datetime_operator.py
[2021-12-02 15:13:19,650] {scheduler_job.py:643} INFO - DAG(s) dict_keys(['example_branch_datetime_operator_2']) retrieved from /home/agalli/sandbox/lib/python3.6/site-packages/airflow/example_dags/example_branch_datetime_operator.py
[2021-12-02 15:13:19,673] {logging_mixin.py:104} INFO - [2021-12-02 15:13:19,673] {dag.py:1832} INFO - Sync 1 DAGs
[2021-12-02 15:13:19,696] {logging_mixin.py:104} INFO - [2021-12-02 15:13:19,696] {dag.py:2305} INFO - Setting next_dagrun for example_branch_datetime_operator_2 to 2021-11-30 00:00:00+00:00
[2021-12-02 15:13:19,720] {scheduler_job.py:190} INFO - Processing /home/agalli/sandbox/lib/python3.6/site-packages/airflow/example_dags/example_branch_datetime_operator.py took 0.085 seconds
[2021-12-02 15:13:54,736] {scheduler_job.py:182} INFO - Started process (PID=2745) to work on /home/agalli/sandbox/lib/python3.6/site-packages/airflow/example_dags/example_branch_datetime_operator.py
[2021-12-02 15:13:54,737] {scheduler_job.py:633} INFO - Processing file /home/agalli/sandbox/lib/python3.6/site-packages/airflow/example_dags/example_branch_datetime_operator.py for tasks to queue
[2021-12-02 15:13:54,738] {logging_mixin.py:104} INFO - [2021-12-02 15:13:54,738] {dagbag.py:487} INFO - Filling up the DagBag from /home/agalli/sandbox/lib/python3.6/site-packages/airflow/example_dags/example_branch_datetime_operator.py
[2021-12-02 15:13:54,747] {scheduler_job.py:643} INFO - DAG(s) dict_keys(['example_branch_datetime_operator_2']) retrieved from /home/agalli/sandbox/lib/python3.6/site-packages/airflow/example_dags/example_branch_datetime_operator.py
[2021-12-02 15:13:54,769] {logging_mixin.py:104} INFO - [2021-12-02 15:13:54,769] {dag.py:1832} INFO - Sync 1 DAGs
[2021-12-02 15:13:54,785] {logging_mixin.py:104} INFO - [2021-12-02 15:13:54,785] {dag.py:2305} INFO - Setting next_dagrun for example_branch_datetime_operator_2 to 2021-11-30 00:00:00+00:00
[2021-12-02 15:13:54,805] {scheduler_job.py:190} INFO - Processing /home/agalli/sandbox/lib/python3.6/site-packages/airflow/example_dags/example_branch_datetime_operator.py took 0.073 seconds
[2021-12-02 15:14:32,866] {scheduler_job.py:182} INFO - Started process (PID=2779) to work on /home/agalli/sandbox/lib/python3.6/site-packages/airflow/example_dags/example_branch_datetime_operator.py
[2021-12-02 15:14:32,867] {scheduler_job.py:633} INFO - Processing file /home/agalli/sandbox/lib/python3.6/site-packages/airflow/example_dags/example_branch_datetime_operator.py for tasks to queue
[2021-12-02 15:14:32,868] {logging_mixin.py:104} INFO - [2021-12-02 15:14:32,868] {dagbag.py:487} INFO - Filling up the DagBag from /home/agalli/sandbox/lib/python3.6/site-packages/airflow/example_dags/example_branch_datetime_operator.py
[2021-12-02 15:14:32,877] {scheduler_job.py:643} INFO - DAG(s) dict_keys(['example_branch_datetime_operator_2']) retrieved from /home/agalli/sandbox/lib/python3.6/site-packages/airflow/example_dags/example_branch_datetime_operator.py
[2021-12-02 15:14:32,898] {logging_mixin.py:104} INFO - [2021-12-02 15:14:32,898] {dag.py:1832} INFO - Sync 1 DAGs
[2021-12-02 15:14:32,913] {logging_mixin.py:104} INFO - [2021-12-02 15:14:32,913] {dag.py:2305} INFO - Setting next_dagrun for example_branch_datetime_operator_2 to 2021-11-30 00:00:00+00:00
[2021-12-02 15:14:32,931] {scheduler_job.py:190} INFO - Processing /home/agalli/sandbox/lib/python3.6/site-packages/airflow/example_dags/example_branch_datetime_operator.py took 0.070 seconds
[2021-12-02 15:15:14,636] {scheduler_job.py:182} INFO - Started process (PID=2813) to work on /home/agalli/sandbox/lib/python3.6/site-packages/airflow/example_dags/example_branch_datetime_operator.py
[2021-12-02 15:15:14,638] {scheduler_job.py:633} INFO - Processing file /home/agalli/sandbox/lib/python3.6/site-packages/airflow/example_dags/example_branch_datetime_operator.py for tasks to queue
[2021-12-02 15:15:14,640] {logging_mixin.py:104} INFO - [2021-12-02 15:15:14,640] {dagbag.py:487} INFO - Filling up the DagBag from /home/agalli/sandbox/lib/python3.6/site-packages/airflow/example_dags/example_branch_datetime_operator.py
[2021-12-02 15:15:14,655] {scheduler_job.py:643} INFO - DAG(s) dict_keys(['example_branch_datetime_operator_2']) retrieved from /home/agalli/sandbox/lib/python3.6/site-packages/airflow/example_dags/example_branch_datetime_operator.py
[2021-12-02 15:15:14,680] {logging_mixin.py:104} INFO - [2021-12-02 15:15:14,680] {dag.py:1832} INFO - Sync 1 DAGs
[2021-12-02 15:15:14,702] {logging_mixin.py:104} INFO - [2021-12-02 15:15:14,702] {dag.py:2305} INFO - Setting next_dagrun for example_branch_datetime_operator_2 to 2021-11-30 00:00:00+00:00
[2021-12-02 15:15:14,742] {scheduler_job.py:190} INFO - Processing /home/agalli/sandbox/lib/python3.6/site-packages/airflow/example_dags/example_branch_datetime_operator.py took 0.114 seconds
[2021-12-02 15:15:57,118] {scheduler_job.py:182} INFO - Started process (PID=2848) to work on /home/agalli/sandbox/lib/python3.6/site-packages/airflow/example_dags/example_branch_datetime_operator.py
[2021-12-02 15:15:57,120] {scheduler_job.py:633} INFO - Processing file /home/agalli/sandbox/lib/python3.6/site-packages/airflow/example_dags/example_branch_datetime_operator.py for tasks to queue
[2021-12-02 15:15:57,120] {logging_mixin.py:104} INFO - [2021-12-02 15:15:57,120] {dagbag.py:487} INFO - Filling up the DagBag from /home/agalli/sandbox/lib/python3.6/site-packages/airflow/example_dags/example_branch_datetime_operator.py
[2021-12-02 15:15:57,128] {scheduler_job.py:643} INFO - DAG(s) dict_keys(['example_branch_datetime_operator_2']) retrieved from /home/agalli/sandbox/lib/python3.6/site-packages/airflow/example_dags/example_branch_datetime_operator.py
[2021-12-02 15:15:57,147] {logging_mixin.py:104} INFO - [2021-12-02 15:15:57,147] {dag.py:1832} INFO - Sync 1 DAGs
[2021-12-02 15:15:57,164] {logging_mixin.py:104} INFO - [2021-12-02 15:15:57,164] {dag.py:2305} INFO - Setting next_dagrun for example_branch_datetime_operator_2 to 2021-11-30 00:00:00+00:00
[2021-12-02 15:15:57,187] {scheduler_job.py:190} INFO - Processing /home/agalli/sandbox/lib/python3.6/site-packages/airflow/example_dags/example_branch_datetime_operator.py took 0.072 seconds
[2021-12-02 15:16:34,229] {scheduler_job.py:182} INFO - Started process (PID=2880) to work on /home/agalli/sandbox/lib/python3.6/site-packages/airflow/example_dags/example_branch_datetime_operator.py
[2021-12-02 15:16:34,231] {scheduler_job.py:633} INFO - Processing file /home/agalli/sandbox/lib/python3.6/site-packages/airflow/example_dags/example_branch_datetime_operator.py for tasks to queue
[2021-12-02 15:16:34,232] {logging_mixin.py:104} INFO - [2021-12-02 15:16:34,232] {dagbag.py:487} INFO - Filling up the DagBag from /home/agalli/sandbox/lib/python3.6/site-packages/airflow/example_dags/example_branch_datetime_operator.py
[2021-12-02 15:16:34,242] {scheduler_job.py:643} INFO - DAG(s) dict_keys(['example_branch_datetime_operator_2']) retrieved from /home/agalli/sandbox/lib/python3.6/site-packages/airflow/example_dags/example_branch_datetime_operator.py
[2021-12-02 15:16:34,270] {logging_mixin.py:104} INFO - [2021-12-02 15:16:34,270] {dag.py:1832} INFO - Sync 1 DAGs
[2021-12-02 15:16:34,287] {logging_mixin.py:104} INFO - [2021-12-02 15:16:34,287] {dag.py:2305} INFO - Setting next_dagrun for example_branch_datetime_operator_2 to 2021-11-30 00:00:00+00:00
[2021-12-02 15:16:34,309] {scheduler_job.py:190} INFO - Processing /home/agalli/sandbox/lib/python3.6/site-packages/airflow/example_dags/example_branch_datetime_operator.py took 0.084 seconds
[2021-12-02 15:17:07,137] {scheduler_job.py:182} INFO - Started process (PID=2911) to work on /home/agalli/sandbox/lib/python3.6/site-packages/airflow/example_dags/example_branch_datetime_operator.py
[2021-12-02 15:17:07,139] {scheduler_job.py:633} INFO - Processing file /home/agalli/sandbox/lib/python3.6/site-packages/airflow/example_dags/example_branch_datetime_operator.py for tasks to queue
[2021-12-02 15:17:07,140] {logging_mixin.py:104} INFO - [2021-12-02 15:17:07,140] {dagbag.py:487} INFO - Filling up the DagBag from /home/agalli/sandbox/lib/python3.6/site-packages/airflow/example_dags/example_branch_datetime_operator.py
[2021-12-02 15:17:07,151] {scheduler_job.py:643} INFO - DAG(s) dict_keys(['example_branch_datetime_operator_2']) retrieved from /home/agalli/sandbox/lib/python3.6/site-packages/airflow/example_dags/example_branch_datetime_operator.py
[2021-12-02 15:17:07,172] {logging_mixin.py:104} INFO - [2021-12-02 15:17:07,172] {dag.py:1832} INFO - Sync 1 DAGs
[2021-12-02 15:17:07,197] {logging_mixin.py:104} INFO - [2021-12-02 15:17:07,197] {dag.py:2305} INFO - Setting next_dagrun for example_branch_datetime_operator_2 to 2021-11-30 00:00:00+00:00
[2021-12-02 15:17:07,224] {scheduler_job.py:190} INFO - Processing /home/agalli/sandbox/lib/python3.6/site-packages/airflow/example_dags/example_branch_datetime_operator.py took 0.092 seconds
[2021-12-02 15:17:43,369] {scheduler_job.py:182} INFO - Started process (PID=2944) to work on /home/agalli/sandbox/lib/python3.6/site-packages/airflow/example_dags/example_branch_datetime_operator.py
[2021-12-02 15:17:43,370] {scheduler_job.py:633} INFO - Processing file /home/agalli/sandbox/lib/python3.6/site-packages/airflow/example_dags/example_branch_datetime_operator.py for tasks to queue
[2021-12-02 15:17:43,370] {logging_mixin.py:104} INFO - [2021-12-02 15:17:43,370] {dagbag.py:487} INFO - Filling up the DagBag from /home/agalli/sandbox/lib/python3.6/site-packages/airflow/example_dags/example_branch_datetime_operator.py
[2021-12-02 15:17:43,379] {scheduler_job.py:643} INFO - DAG(s) dict_keys(['example_branch_datetime_operator_2']) retrieved from /home/agalli/sandbox/lib/python3.6/site-packages/airflow/example_dags/example_branch_datetime_operator.py
[2021-12-02 15:17:43,395] {logging_mixin.py:104} INFO - [2021-12-02 15:17:43,395] {dag.py:1832} INFO - Sync 1 DAGs
[2021-12-02 15:17:43,421] {logging_mixin.py:104} INFO - [2021-12-02 15:17:43,420] {dag.py:2305} INFO - Setting next_dagrun for example_branch_datetime_operator_2 to 2021-11-30 00:00:00+00:00
[2021-12-02 15:17:43,445] {scheduler_job.py:190} INFO - Processing /home/agalli/sandbox/lib/python3.6/site-packages/airflow/example_dags/example_branch_datetime_operator.py took 0.080 seconds
[2021-12-02 15:18:18,414] {scheduler_job.py:182} INFO - Started process (PID=2977) to work on /home/agalli/sandbox/lib/python3.6/site-packages/airflow/example_dags/example_branch_datetime_operator.py
[2021-12-02 15:18:18,415] {scheduler_job.py:633} INFO - Processing file /home/agalli/sandbox/lib/python3.6/site-packages/airflow/example_dags/example_branch_datetime_operator.py for tasks to queue
[2021-12-02 15:18:18,416] {logging_mixin.py:104} INFO - [2021-12-02 15:18:18,416] {dagbag.py:487} INFO - Filling up the DagBag from /home/agalli/sandbox/lib/python3.6/site-packages/airflow/example_dags/example_branch_datetime_operator.py
[2021-12-02 15:18:18,426] {scheduler_job.py:643} INFO - DAG(s) dict_keys(['example_branch_datetime_operator_2']) retrieved from /home/agalli/sandbox/lib/python3.6/site-packages/airflow/example_dags/example_branch_datetime_operator.py
[2021-12-02 15:18:18,441] {logging_mixin.py:104} INFO - [2021-12-02 15:18:18,441] {dag.py:1832} INFO - Sync 1 DAGs
[2021-12-02 15:18:18,457] {logging_mixin.py:104} INFO - [2021-12-02 15:18:18,457] {dag.py:2305} INFO - Setting next_dagrun for example_branch_datetime_operator_2 to 2021-11-30 00:00:00+00:00
[2021-12-02 15:18:18,491] {scheduler_job.py:190} INFO - Processing /home/agalli/sandbox/lib/python3.6/site-packages/airflow/example_dags/example_branch_datetime_operator.py took 0.081 seconds
[2021-12-02 15:18:56,809] {scheduler_job.py:182} INFO - Started process (PID=3011) to work on /home/agalli/sandbox/lib/python3.6/site-packages/airflow/example_dags/example_branch_datetime_operator.py
[2021-12-02 15:18:56,811] {scheduler_job.py:633} INFO - Processing file /home/agalli/sandbox/lib/python3.6/site-packages/airflow/example_dags/example_branch_datetime_operator.py for tasks to queue
[2021-12-02 15:18:56,811] {logging_mixin.py:104} INFO - [2021-12-02 15:18:56,811] {dagbag.py:487} INFO - Filling up the DagBag from /home/agalli/sandbox/lib/python3.6/site-packages/airflow/example_dags/example_branch_datetime_operator.py
[2021-12-02 15:18:56,819] {scheduler_job.py:643} INFO - DAG(s) dict_keys(['example_branch_datetime_operator_2']) retrieved from /home/agalli/sandbox/lib/python3.6/site-packages/airflow/example_dags/example_branch_datetime_operator.py
[2021-12-02 15:18:56,839] {logging_mixin.py:104} INFO - [2021-12-02 15:18:56,839] {dag.py:1832} INFO - Sync 1 DAGs
[2021-12-02 15:18:56,854] {logging_mixin.py:104} INFO - [2021-12-02 15:18:56,854] {dag.py:2305} INFO - Setting next_dagrun for example_branch_datetime_operator_2 to 2021-11-30 00:00:00+00:00
[2021-12-02 15:18:56,874] {scheduler_job.py:190} INFO - Processing /home/agalli/sandbox/lib/python3.6/site-packages/airflow/example_dags/example_branch_datetime_operator.py took 0.068 seconds
[2021-12-02 15:19:32,669] {scheduler_job.py:182} INFO - Started process (PID=3043) to work on /home/agalli/sandbox/lib/python3.6/site-packages/airflow/example_dags/example_branch_datetime_operator.py
[2021-12-02 15:19:32,671] {scheduler_job.py:633} INFO - Processing file /home/agalli/sandbox/lib/python3.6/site-packages/airflow/example_dags/example_branch_datetime_operator.py for tasks to queue
[2021-12-02 15:19:32,671] {logging_mixin.py:104} INFO - [2021-12-02 15:19:32,671] {dagbag.py:487} INFO - Filling up the DagBag from /home/agalli/sandbox/lib/python3.6/site-packages/airflow/example_dags/example_branch_datetime_operator.py
[2021-12-02 15:19:32,679] {scheduler_job.py:643} INFO - DAG(s) dict_keys(['example_branch_datetime_operator_2']) retrieved from /home/agalli/sandbox/lib/python3.6/site-packages/airflow/example_dags/example_branch_datetime_operator.py
[2021-12-02 15:19:32,695] {logging_mixin.py:104} INFO - [2021-12-02 15:19:32,695] {dag.py:1832} INFO - Sync 1 DAGs
[2021-12-02 15:19:32,709] {logging_mixin.py:104} INFO - [2021-12-02 15:19:32,709] {dag.py:2305} INFO - Setting next_dagrun for example_branch_datetime_operator_2 to 2021-11-30 00:00:00+00:00
[2021-12-02 15:19:32,725] {scheduler_job.py:190} INFO - Processing /home/agalli/sandbox/lib/python3.6/site-packages/airflow/example_dags/example_branch_datetime_operator.py took 0.059 seconds
[2021-12-02 15:20:15,591] {scheduler_job.py:182} INFO - Started process (PID=3076) to work on /home/agalli/sandbox/lib/python3.6/site-packages/airflow/example_dags/example_branch_datetime_operator.py
[2021-12-02 15:20:15,595] {scheduler_job.py:633} INFO - Processing file /home/agalli/sandbox/lib/python3.6/site-packages/airflow/example_dags/example_branch_datetime_operator.py for tasks to queue
[2021-12-02 15:20:15,598] {logging_mixin.py:104} INFO - [2021-12-02 15:20:15,597] {dagbag.py:487} INFO - Filling up the DagBag from /home/agalli/sandbox/lib/python3.6/site-packages/airflow/example_dags/example_branch_datetime_operator.py
[2021-12-02 15:20:15,625] {scheduler_job.py:643} INFO - DAG(s) dict_keys(['example_branch_datetime_operator_2']) retrieved from /home/agalli/sandbox/lib/python3.6/site-packages/airflow/example_dags/example_branch_datetime_operator.py
[2021-12-02 15:20:15,694] {logging_mixin.py:104} INFO - [2021-12-02 15:20:15,693] {dag.py:1832} INFO - Sync 1 DAGs
[2021-12-02 15:20:15,727] {logging_mixin.py:104} INFO - [2021-12-02 15:20:15,726] {dag.py:2305} INFO - Setting next_dagrun for example_branch_datetime_operator_2 to 2021-11-30 00:00:00+00:00
[2021-12-02 15:20:15,752] {scheduler_job.py:190} INFO - Processing /home/agalli/sandbox/lib/python3.6/site-packages/airflow/example_dags/example_branch_datetime_operator.py took 0.169 seconds
