[2021-12-02 14:51:32,819] {scheduler_job.py:182} INFO - Started process (PID=1586) to work on /home/agalli/sandbox/lib/python3.6/site-packages/airflow/example_dags/example_kubernetes_executor.py
[2021-12-02 14:51:32,821] {scheduler_job.py:633} INFO - Processing file /home/agalli/sandbox/lib/python3.6/site-packages/airflow/example_dags/example_kubernetes_executor.py for tasks to queue
[2021-12-02 14:51:32,822] {logging_mixin.py:104} INFO - [2021-12-02 14:51:32,822] {dagbag.py:487} INFO - Filling up the DagBag from /home/agalli/sandbox/lib/python3.6/site-packages/airflow/example_dags/example_kubernetes_executor.py
[2021-12-02 14:51:32,843] {scheduler_job.py:643} INFO - DAG(s) dict_keys(['example_kubernetes_executor']) retrieved from /home/agalli/sandbox/lib/python3.6/site-packages/airflow/example_dags/example_kubernetes_executor.py
[2021-12-02 14:51:32,872] {logging_mixin.py:104} INFO - [2021-12-02 14:51:32,871] {dag.py:1832} INFO - Sync 1 DAGs
[2021-12-02 14:51:32,908] {logging_mixin.py:104} INFO - [2021-12-02 14:51:32,908] {dag.py:2305} INFO - Setting next_dagrun for example_kubernetes_executor to None
[2021-12-02 14:51:32,960] {scheduler_job.py:190} INFO - Processing /home/agalli/sandbox/lib/python3.6/site-packages/airflow/example_dags/example_kubernetes_executor.py took 0.153 seconds
[2021-12-02 14:52:12,535] {scheduler_job.py:182} INFO - Started process (PID=1691) to work on /home/agalli/sandbox/lib/python3.6/site-packages/airflow/example_dags/example_kubernetes_executor.py
[2021-12-02 14:52:12,537] {scheduler_job.py:633} INFO - Processing file /home/agalli/sandbox/lib/python3.6/site-packages/airflow/example_dags/example_kubernetes_executor.py for tasks to queue
[2021-12-02 14:52:12,538] {logging_mixin.py:104} INFO - [2021-12-02 14:52:12,537] {dagbag.py:487} INFO - Filling up the DagBag from /home/agalli/sandbox/lib/python3.6/site-packages/airflow/example_dags/example_kubernetes_executor.py
[2021-12-02 14:52:12,556] {scheduler_job.py:643} INFO - DAG(s) dict_keys(['example_kubernetes_executor']) retrieved from /home/agalli/sandbox/lib/python3.6/site-packages/airflow/example_dags/example_kubernetes_executor.py
[2021-12-02 14:52:12,591] {logging_mixin.py:104} INFO - [2021-12-02 14:52:12,591] {dag.py:1832} INFO - Sync 1 DAGs
[2021-12-02 14:52:12,631] {logging_mixin.py:104} INFO - [2021-12-02 14:52:12,631] {dag.py:2305} INFO - Setting next_dagrun for example_kubernetes_executor to None
[2021-12-02 14:52:12,675] {scheduler_job.py:190} INFO - Processing /home/agalli/sandbox/lib/python3.6/site-packages/airflow/example_dags/example_kubernetes_executor.py took 0.145 seconds
[2021-12-02 14:52:44,074] {scheduler_job.py:182} INFO - Started process (PID=1722) to work on /home/agalli/sandbox/lib/python3.6/site-packages/airflow/example_dags/example_kubernetes_executor.py
[2021-12-02 14:52:44,075] {scheduler_job.py:633} INFO - Processing file /home/agalli/sandbox/lib/python3.6/site-packages/airflow/example_dags/example_kubernetes_executor.py for tasks to queue
[2021-12-02 14:52:44,076] {logging_mixin.py:104} INFO - [2021-12-02 14:52:44,076] {dagbag.py:487} INFO - Filling up the DagBag from /home/agalli/sandbox/lib/python3.6/site-packages/airflow/example_dags/example_kubernetes_executor.py
[2021-12-02 14:52:44,092] {scheduler_job.py:643} INFO - DAG(s) dict_keys(['example_kubernetes_executor']) retrieved from /home/agalli/sandbox/lib/python3.6/site-packages/airflow/example_dags/example_kubernetes_executor.py
[2021-12-02 14:52:44,116] {logging_mixin.py:104} INFO - [2021-12-02 14:52:44,116] {dag.py:1832} INFO - Sync 1 DAGs
[2021-12-02 14:52:44,139] {logging_mixin.py:104} INFO - [2021-12-02 14:52:44,139] {dag.py:2305} INFO - Setting next_dagrun for example_kubernetes_executor to None
[2021-12-02 14:52:44,159] {scheduler_job.py:190} INFO - Processing /home/agalli/sandbox/lib/python3.6/site-packages/airflow/example_dags/example_kubernetes_executor.py took 0.089 seconds
[2021-12-02 14:53:22,581] {scheduler_job.py:182} INFO - Started process (PID=1753) to work on /home/agalli/sandbox/lib/python3.6/site-packages/airflow/example_dags/example_kubernetes_executor.py
[2021-12-02 14:53:22,582] {scheduler_job.py:633} INFO - Processing file /home/agalli/sandbox/lib/python3.6/site-packages/airflow/example_dags/example_kubernetes_executor.py for tasks to queue
[2021-12-02 14:53:22,583] {logging_mixin.py:104} INFO - [2021-12-02 14:53:22,583] {dagbag.py:487} INFO - Filling up the DagBag from /home/agalli/sandbox/lib/python3.6/site-packages/airflow/example_dags/example_kubernetes_executor.py
[2021-12-02 14:53:22,600] {scheduler_job.py:643} INFO - DAG(s) dict_keys(['example_kubernetes_executor']) retrieved from /home/agalli/sandbox/lib/python3.6/site-packages/airflow/example_dags/example_kubernetes_executor.py
[2021-12-02 14:53:22,629] {logging_mixin.py:104} INFO - [2021-12-02 14:53:22,628] {dag.py:1832} INFO - Sync 1 DAGs
[2021-12-02 14:53:22,685] {logging_mixin.py:104} INFO - [2021-12-02 14:53:22,685] {dag.py:2305} INFO - Setting next_dagrun for example_kubernetes_executor to None
[2021-12-02 14:53:22,767] {scheduler_job.py:190} INFO - Processing /home/agalli/sandbox/lib/python3.6/site-packages/airflow/example_dags/example_kubernetes_executor.py took 0.191 seconds
[2021-12-02 14:53:57,662] {scheduler_job.py:182} INFO - Started process (PID=1784) to work on /home/agalli/sandbox/lib/python3.6/site-packages/airflow/example_dags/example_kubernetes_executor.py
[2021-12-02 14:53:57,664] {scheduler_job.py:633} INFO - Processing file /home/agalli/sandbox/lib/python3.6/site-packages/airflow/example_dags/example_kubernetes_executor.py for tasks to queue
[2021-12-02 14:53:57,665] {logging_mixin.py:104} INFO - [2021-12-02 14:53:57,665] {dagbag.py:487} INFO - Filling up the DagBag from /home/agalli/sandbox/lib/python3.6/site-packages/airflow/example_dags/example_kubernetes_executor.py
[2021-12-02 14:53:57,678] {scheduler_job.py:643} INFO - DAG(s) dict_keys(['example_kubernetes_executor']) retrieved from /home/agalli/sandbox/lib/python3.6/site-packages/airflow/example_dags/example_kubernetes_executor.py
[2021-12-02 14:53:57,697] {logging_mixin.py:104} INFO - [2021-12-02 14:53:57,697] {dag.py:1832} INFO - Sync 1 DAGs
[2021-12-02 14:53:57,715] {logging_mixin.py:104} INFO - [2021-12-02 14:53:57,715] {dag.py:2305} INFO - Setting next_dagrun for example_kubernetes_executor to None
[2021-12-02 14:53:57,735] {scheduler_job.py:190} INFO - Processing /home/agalli/sandbox/lib/python3.6/site-packages/airflow/example_dags/example_kubernetes_executor.py took 0.077 seconds
[2021-12-02 14:54:32,304] {scheduler_job.py:182} INFO - Started process (PID=1815) to work on /home/agalli/sandbox/lib/python3.6/site-packages/airflow/example_dags/example_kubernetes_executor.py
[2021-12-02 14:54:32,306] {scheduler_job.py:633} INFO - Processing file /home/agalli/sandbox/lib/python3.6/site-packages/airflow/example_dags/example_kubernetes_executor.py for tasks to queue
[2021-12-02 14:54:32,307] {logging_mixin.py:104} INFO - [2021-12-02 14:54:32,307] {dagbag.py:487} INFO - Filling up the DagBag from /home/agalli/sandbox/lib/python3.6/site-packages/airflow/example_dags/example_kubernetes_executor.py
[2021-12-02 14:54:32,332] {scheduler_job.py:643} INFO - DAG(s) dict_keys(['example_kubernetes_executor']) retrieved from /home/agalli/sandbox/lib/python3.6/site-packages/airflow/example_dags/example_kubernetes_executor.py
[2021-12-02 14:54:32,355] {logging_mixin.py:104} INFO - [2021-12-02 14:54:32,355] {dag.py:1832} INFO - Sync 1 DAGs
[2021-12-02 14:54:32,384] {logging_mixin.py:104} INFO - [2021-12-02 14:54:32,383] {dag.py:2305} INFO - Setting next_dagrun for example_kubernetes_executor to None
[2021-12-02 14:54:32,408] {scheduler_job.py:190} INFO - Processing /home/agalli/sandbox/lib/python3.6/site-packages/airflow/example_dags/example_kubernetes_executor.py took 0.112 seconds
[2021-12-02 14:55:16,642] {scheduler_job.py:182} INFO - Started process (PID=1888) to work on /home/agalli/sandbox/lib/python3.6/site-packages/airflow/example_dags/example_kubernetes_executor.py
[2021-12-02 14:55:16,654] {scheduler_job.py:633} INFO - Processing file /home/agalli/sandbox/lib/python3.6/site-packages/airflow/example_dags/example_kubernetes_executor.py for tasks to queue
[2021-12-02 14:55:16,656] {logging_mixin.py:104} INFO - [2021-12-02 14:55:16,656] {dagbag.py:487} INFO - Filling up the DagBag from /home/agalli/sandbox/lib/python3.6/site-packages/airflow/example_dags/example_kubernetes_executor.py
[2021-12-02 14:55:16,750] {scheduler_job.py:643} INFO - DAG(s) dict_keys(['example_kubernetes_executor']) retrieved from /home/agalli/sandbox/lib/python3.6/site-packages/airflow/example_dags/example_kubernetes_executor.py
[2021-12-02 14:55:16,862] {logging_mixin.py:104} INFO - [2021-12-02 14:55:16,862] {dag.py:1832} INFO - Sync 1 DAGs
[2021-12-02 14:55:16,962] {logging_mixin.py:104} INFO - [2021-12-02 14:55:16,962] {dag.py:2305} INFO - Setting next_dagrun for example_kubernetes_executor to None
[2021-12-02 14:55:17,234] {scheduler_job.py:190} INFO - Processing /home/agalli/sandbox/lib/python3.6/site-packages/airflow/example_dags/example_kubernetes_executor.py took 0.609 seconds
[2021-12-02 14:55:59,130] {scheduler_job.py:182} INFO - Started process (PID=1971) to work on /home/agalli/sandbox/lib/python3.6/site-packages/airflow/example_dags/example_kubernetes_executor.py
[2021-12-02 14:55:59,131] {scheduler_job.py:633} INFO - Processing file /home/agalli/sandbox/lib/python3.6/site-packages/airflow/example_dags/example_kubernetes_executor.py for tasks to queue
[2021-12-02 14:55:59,132] {logging_mixin.py:104} INFO - [2021-12-02 14:55:59,132] {dagbag.py:487} INFO - Filling up the DagBag from /home/agalli/sandbox/lib/python3.6/site-packages/airflow/example_dags/example_kubernetes_executor.py
[2021-12-02 14:55:59,165] {scheduler_job.py:643} INFO - DAG(s) dict_keys(['example_kubernetes_executor']) retrieved from /home/agalli/sandbox/lib/python3.6/site-packages/airflow/example_dags/example_kubernetes_executor.py
[2021-12-02 14:55:59,194] {logging_mixin.py:104} INFO - [2021-12-02 14:55:59,194] {dag.py:1832} INFO - Sync 1 DAGs
[2021-12-02 14:55:59,222] {logging_mixin.py:104} INFO - [2021-12-02 14:55:59,222] {dag.py:2305} INFO - Setting next_dagrun for example_kubernetes_executor to None
[2021-12-02 14:55:59,249] {scheduler_job.py:190} INFO - Processing /home/agalli/sandbox/lib/python3.6/site-packages/airflow/example_dags/example_kubernetes_executor.py took 0.124 seconds
[2021-12-02 14:56:44,855] {scheduler_job.py:182} INFO - Started process (PID=2006) to work on /home/agalli/sandbox/lib/python3.6/site-packages/airflow/example_dags/example_kubernetes_executor.py
[2021-12-02 14:56:44,860] {scheduler_job.py:633} INFO - Processing file /home/agalli/sandbox/lib/python3.6/site-packages/airflow/example_dags/example_kubernetes_executor.py for tasks to queue
[2021-12-02 14:56:44,862] {logging_mixin.py:104} INFO - [2021-12-02 14:56:44,861] {dagbag.py:487} INFO - Filling up the DagBag from /home/agalli/sandbox/lib/python3.6/site-packages/airflow/example_dags/example_kubernetes_executor.py
[2021-12-02 14:56:44,898] {scheduler_job.py:643} INFO - DAG(s) dict_keys(['example_kubernetes_executor']) retrieved from /home/agalli/sandbox/lib/python3.6/site-packages/airflow/example_dags/example_kubernetes_executor.py
[2021-12-02 14:56:44,935] {logging_mixin.py:104} INFO - [2021-12-02 14:56:44,934] {dag.py:1832} INFO - Sync 1 DAGs
[2021-12-02 14:56:44,963] {logging_mixin.py:104} INFO - [2021-12-02 14:56:44,963] {dag.py:2305} INFO - Setting next_dagrun for example_kubernetes_executor to None
[2021-12-02 14:56:45,004] {scheduler_job.py:190} INFO - Processing /home/agalli/sandbox/lib/python3.6/site-packages/airflow/example_dags/example_kubernetes_executor.py took 0.165 seconds
[2021-12-02 14:57:26,225] {scheduler_job.py:182} INFO - Started process (PID=2039) to work on /home/agalli/sandbox/lib/python3.6/site-packages/airflow/example_dags/example_kubernetes_executor.py
[2021-12-02 14:57:26,226] {scheduler_job.py:633} INFO - Processing file /home/agalli/sandbox/lib/python3.6/site-packages/airflow/example_dags/example_kubernetes_executor.py for tasks to queue
[2021-12-02 14:57:26,228] {logging_mixin.py:104} INFO - [2021-12-02 14:57:26,228] {dagbag.py:487} INFO - Filling up the DagBag from /home/agalli/sandbox/lib/python3.6/site-packages/airflow/example_dags/example_kubernetes_executor.py
[2021-12-02 14:57:26,256] {scheduler_job.py:643} INFO - DAG(s) dict_keys(['example_kubernetes_executor']) retrieved from /home/agalli/sandbox/lib/python3.6/site-packages/airflow/example_dags/example_kubernetes_executor.py
[2021-12-02 14:57:26,291] {logging_mixin.py:104} INFO - [2021-12-02 14:57:26,291] {dag.py:1832} INFO - Sync 1 DAGs
[2021-12-02 14:57:26,317] {logging_mixin.py:104} INFO - [2021-12-02 14:57:26,317] {dag.py:2305} INFO - Setting next_dagrun for example_kubernetes_executor to None
[2021-12-02 14:57:26,352] {scheduler_job.py:190} INFO - Processing /home/agalli/sandbox/lib/python3.6/site-packages/airflow/example_dags/example_kubernetes_executor.py took 0.132 seconds
[2021-12-02 14:58:06,645] {scheduler_job.py:182} INFO - Started process (PID=2070) to work on /home/agalli/sandbox/lib/python3.6/site-packages/airflow/example_dags/example_kubernetes_executor.py
[2021-12-02 14:58:06,647] {scheduler_job.py:633} INFO - Processing file /home/agalli/sandbox/lib/python3.6/site-packages/airflow/example_dags/example_kubernetes_executor.py for tasks to queue
[2021-12-02 14:58:06,648] {logging_mixin.py:104} INFO - [2021-12-02 14:58:06,648] {dagbag.py:487} INFO - Filling up the DagBag from /home/agalli/sandbox/lib/python3.6/site-packages/airflow/example_dags/example_kubernetes_executor.py
[2021-12-02 14:58:06,724] {scheduler_job.py:643} INFO - DAG(s) dict_keys(['example_kubernetes_executor']) retrieved from /home/agalli/sandbox/lib/python3.6/site-packages/airflow/example_dags/example_kubernetes_executor.py
[2021-12-02 14:58:06,804] {logging_mixin.py:104} INFO - [2021-12-02 14:58:06,804] {dag.py:1832} INFO - Sync 1 DAGs
[2021-12-02 14:58:06,862] {logging_mixin.py:104} INFO - [2021-12-02 14:58:06,862] {dag.py:2305} INFO - Setting next_dagrun for example_kubernetes_executor to None
[2021-12-02 14:58:06,888] {scheduler_job.py:190} INFO - Processing /home/agalli/sandbox/lib/python3.6/site-packages/airflow/example_dags/example_kubernetes_executor.py took 0.249 seconds
[2021-12-02 14:59:03,579] {scheduler_job.py:182} INFO - Started process (PID=2100) to work on /home/agalli/sandbox/lib/python3.6/site-packages/airflow/example_dags/example_kubernetes_executor.py
[2021-12-02 14:59:03,582] {scheduler_job.py:633} INFO - Processing file /home/agalli/sandbox/lib/python3.6/site-packages/airflow/example_dags/example_kubernetes_executor.py for tasks to queue
[2021-12-02 14:59:03,583] {logging_mixin.py:104} INFO - [2021-12-02 14:59:03,583] {dagbag.py:487} INFO - Filling up the DagBag from /home/agalli/sandbox/lib/python3.6/site-packages/airflow/example_dags/example_kubernetes_executor.py
[2021-12-02 14:59:03,623] {scheduler_job.py:643} INFO - DAG(s) dict_keys(['example_kubernetes_executor']) retrieved from /home/agalli/sandbox/lib/python3.6/site-packages/airflow/example_dags/example_kubernetes_executor.py
[2021-12-02 14:59:03,687] {logging_mixin.py:104} INFO - [2021-12-02 14:59:03,686] {dag.py:1832} INFO - Sync 1 DAGs
[2021-12-02 14:59:03,790] {logging_mixin.py:104} INFO - [2021-12-02 14:59:03,790] {dag.py:2305} INFO - Setting next_dagrun for example_kubernetes_executor to None
[2021-12-02 14:59:03,941] {scheduler_job.py:190} INFO - Processing /home/agalli/sandbox/lib/python3.6/site-packages/airflow/example_dags/example_kubernetes_executor.py took 0.369 seconds
[2021-12-02 14:59:59,737] {scheduler_job.py:182} INFO - Started process (PID=2133) to work on /home/agalli/sandbox/lib/python3.6/site-packages/airflow/example_dags/example_kubernetes_executor.py
[2021-12-02 14:59:59,740] {scheduler_job.py:633} INFO - Processing file /home/agalli/sandbox/lib/python3.6/site-packages/airflow/example_dags/example_kubernetes_executor.py for tasks to queue
[2021-12-02 14:59:59,741] {logging_mixin.py:104} INFO - [2021-12-02 14:59:59,741] {dagbag.py:487} INFO - Filling up the DagBag from /home/agalli/sandbox/lib/python3.6/site-packages/airflow/example_dags/example_kubernetes_executor.py
[2021-12-02 14:59:59,768] {scheduler_job.py:643} INFO - DAG(s) dict_keys(['example_kubernetes_executor']) retrieved from /home/agalli/sandbox/lib/python3.6/site-packages/airflow/example_dags/example_kubernetes_executor.py
[2021-12-02 14:59:59,802] {logging_mixin.py:104} INFO - [2021-12-02 14:59:59,801] {dag.py:1832} INFO - Sync 1 DAGs
[2021-12-02 14:59:59,832] {logging_mixin.py:104} INFO - [2021-12-02 14:59:59,832] {dag.py:2305} INFO - Setting next_dagrun for example_kubernetes_executor to None
[2021-12-02 14:59:59,871] {scheduler_job.py:190} INFO - Processing /home/agalli/sandbox/lib/python3.6/site-packages/airflow/example_dags/example_kubernetes_executor.py took 0.140 seconds
[2021-12-02 15:00:46,596] {scheduler_job.py:182} INFO - Started process (PID=2168) to work on /home/agalli/sandbox/lib/python3.6/site-packages/airflow/example_dags/example_kubernetes_executor.py
[2021-12-02 15:00:46,600] {scheduler_job.py:633} INFO - Processing file /home/agalli/sandbox/lib/python3.6/site-packages/airflow/example_dags/example_kubernetes_executor.py for tasks to queue
[2021-12-02 15:00:46,602] {logging_mixin.py:104} INFO - [2021-12-02 15:00:46,601] {dagbag.py:487} INFO - Filling up the DagBag from /home/agalli/sandbox/lib/python3.6/site-packages/airflow/example_dags/example_kubernetes_executor.py
[2021-12-02 15:00:46,628] {scheduler_job.py:643} INFO - DAG(s) dict_keys(['example_kubernetes_executor']) retrieved from /home/agalli/sandbox/lib/python3.6/site-packages/airflow/example_dags/example_kubernetes_executor.py
[2021-12-02 15:00:46,671] {logging_mixin.py:104} INFO - [2021-12-02 15:00:46,671] {dag.py:1832} INFO - Sync 1 DAGs
[2021-12-02 15:00:46,695] {logging_mixin.py:104} INFO - [2021-12-02 15:00:46,694] {dag.py:2305} INFO - Setting next_dagrun for example_kubernetes_executor to None
[2021-12-02 15:00:46,743] {scheduler_job.py:190} INFO - Processing /home/agalli/sandbox/lib/python3.6/site-packages/airflow/example_dags/example_kubernetes_executor.py took 0.153 seconds
[2021-12-02 15:01:37,349] {scheduler_job.py:182} INFO - Started process (PID=2204) to work on /home/agalli/sandbox/lib/python3.6/site-packages/airflow/example_dags/example_kubernetes_executor.py
[2021-12-02 15:01:37,352] {scheduler_job.py:633} INFO - Processing file /home/agalli/sandbox/lib/python3.6/site-packages/airflow/example_dags/example_kubernetes_executor.py for tasks to queue
[2021-12-02 15:01:37,364] {logging_mixin.py:104} INFO - [2021-12-02 15:01:37,364] {dagbag.py:487} INFO - Filling up the DagBag from /home/agalli/sandbox/lib/python3.6/site-packages/airflow/example_dags/example_kubernetes_executor.py
[2021-12-02 15:01:37,477] {scheduler_job.py:643} INFO - DAG(s) dict_keys(['example_kubernetes_executor']) retrieved from /home/agalli/sandbox/lib/python3.6/site-packages/airflow/example_dags/example_kubernetes_executor.py
[2021-12-02 15:01:37,723] {logging_mixin.py:104} INFO - [2021-12-02 15:01:37,722] {dag.py:1832} INFO - Sync 1 DAGs
[2021-12-02 15:01:37,823] {logging_mixin.py:104} INFO - [2021-12-02 15:01:37,822] {dag.py:2305} INFO - Setting next_dagrun for example_kubernetes_executor to None
[2021-12-02 15:01:37,885] {scheduler_job.py:190} INFO - Processing /home/agalli/sandbox/lib/python3.6/site-packages/airflow/example_dags/example_kubernetes_executor.py took 0.567 seconds
[2021-12-02 15:04:23,437] {scheduler_job.py:182} INFO - Started process (PID=2308) to work on /home/agalli/sandbox/lib/python3.6/site-packages/airflow/example_dags/example_kubernetes_executor.py
[2021-12-02 15:04:23,439] {scheduler_job.py:633} INFO - Processing file /home/agalli/sandbox/lib/python3.6/site-packages/airflow/example_dags/example_kubernetes_executor.py for tasks to queue
[2021-12-02 15:04:23,440] {logging_mixin.py:104} INFO - [2021-12-02 15:04:23,440] {dagbag.py:487} INFO - Filling up the DagBag from /home/agalli/sandbox/lib/python3.6/site-packages/airflow/example_dags/example_kubernetes_executor.py
[2021-12-02 15:04:23,453] {scheduler_job.py:643} INFO - DAG(s) dict_keys(['example_kubernetes_executor']) retrieved from /home/agalli/sandbox/lib/python3.6/site-packages/airflow/example_dags/example_kubernetes_executor.py
[2021-12-02 15:04:23,479] {logging_mixin.py:104} INFO - [2021-12-02 15:04:23,478] {dag.py:1832} INFO - Sync 1 DAGs
[2021-12-02 15:04:23,497] {logging_mixin.py:104} INFO - [2021-12-02 15:04:23,497] {dag.py:2305} INFO - Setting next_dagrun for example_kubernetes_executor to None
[2021-12-02 15:04:23,529] {scheduler_job.py:190} INFO - Processing /home/agalli/sandbox/lib/python3.6/site-packages/airflow/example_dags/example_kubernetes_executor.py took 0.097 seconds
[2021-12-02 15:05:12,661] {scheduler_job.py:182} INFO - Started process (PID=2339) to work on /home/agalli/sandbox/lib/python3.6/site-packages/airflow/example_dags/example_kubernetes_executor.py
[2021-12-02 15:05:12,666] {scheduler_job.py:633} INFO - Processing file /home/agalli/sandbox/lib/python3.6/site-packages/airflow/example_dags/example_kubernetes_executor.py for tasks to queue
[2021-12-02 15:05:12,667] {logging_mixin.py:104} INFO - [2021-12-02 15:05:12,667] {dagbag.py:487} INFO - Filling up the DagBag from /home/agalli/sandbox/lib/python3.6/site-packages/airflow/example_dags/example_kubernetes_executor.py
[2021-12-02 15:05:12,687] {scheduler_job.py:643} INFO - DAG(s) dict_keys(['example_kubernetes_executor']) retrieved from /home/agalli/sandbox/lib/python3.6/site-packages/airflow/example_dags/example_kubernetes_executor.py
[2021-12-02 15:05:12,721] {logging_mixin.py:104} INFO - [2021-12-02 15:05:12,721] {dag.py:1832} INFO - Sync 1 DAGs
[2021-12-02 15:05:12,736] {logging_mixin.py:104} INFO - [2021-12-02 15:05:12,736] {dag.py:2305} INFO - Setting next_dagrun for example_kubernetes_executor to None
[2021-12-02 15:05:12,758] {scheduler_job.py:190} INFO - Processing /home/agalli/sandbox/lib/python3.6/site-packages/airflow/example_dags/example_kubernetes_executor.py took 0.105 seconds
[2021-12-02 15:06:00,832] {scheduler_job.py:182} INFO - Started process (PID=2371) to work on /home/agalli/sandbox/lib/python3.6/site-packages/airflow/example_dags/example_kubernetes_executor.py
[2021-12-02 15:06:00,834] {scheduler_job.py:633} INFO - Processing file /home/agalli/sandbox/lib/python3.6/site-packages/airflow/example_dags/example_kubernetes_executor.py for tasks to queue
[2021-12-02 15:06:00,835] {logging_mixin.py:104} INFO - [2021-12-02 15:06:00,834] {dagbag.py:487} INFO - Filling up the DagBag from /home/agalli/sandbox/lib/python3.6/site-packages/airflow/example_dags/example_kubernetes_executor.py
[2021-12-02 15:06:00,852] {scheduler_job.py:643} INFO - DAG(s) dict_keys(['example_kubernetes_executor']) retrieved from /home/agalli/sandbox/lib/python3.6/site-packages/airflow/example_dags/example_kubernetes_executor.py
[2021-12-02 15:06:00,875] {logging_mixin.py:104} INFO - [2021-12-02 15:06:00,875] {dag.py:1832} INFO - Sync 1 DAGs
[2021-12-02 15:06:00,890] {logging_mixin.py:104} INFO - [2021-12-02 15:06:00,890] {dag.py:2305} INFO - Setting next_dagrun for example_kubernetes_executor to None
[2021-12-02 15:06:00,921] {scheduler_job.py:190} INFO - Processing /home/agalli/sandbox/lib/python3.6/site-packages/airflow/example_dags/example_kubernetes_executor.py took 0.096 seconds
[2021-12-02 15:06:46,336] {scheduler_job.py:182} INFO - Started process (PID=2403) to work on /home/agalli/sandbox/lib/python3.6/site-packages/airflow/example_dags/example_kubernetes_executor.py
[2021-12-02 15:06:46,338] {scheduler_job.py:633} INFO - Processing file /home/agalli/sandbox/lib/python3.6/site-packages/airflow/example_dags/example_kubernetes_executor.py for tasks to queue
[2021-12-02 15:06:46,339] {logging_mixin.py:104} INFO - [2021-12-02 15:06:46,339] {dagbag.py:487} INFO - Filling up the DagBag from /home/agalli/sandbox/lib/python3.6/site-packages/airflow/example_dags/example_kubernetes_executor.py
[2021-12-02 15:06:46,355] {scheduler_job.py:643} INFO - DAG(s) dict_keys(['example_kubernetes_executor']) retrieved from /home/agalli/sandbox/lib/python3.6/site-packages/airflow/example_dags/example_kubernetes_executor.py
[2021-12-02 15:06:46,380] {logging_mixin.py:104} INFO - [2021-12-02 15:06:46,380] {dag.py:1832} INFO - Sync 1 DAGs
[2021-12-02 15:06:46,398] {logging_mixin.py:104} INFO - [2021-12-02 15:06:46,398] {dag.py:2305} INFO - Setting next_dagrun for example_kubernetes_executor to None
[2021-12-02 15:06:46,430] {scheduler_job.py:190} INFO - Processing /home/agalli/sandbox/lib/python3.6/site-packages/airflow/example_dags/example_kubernetes_executor.py took 0.098 seconds
[2021-12-02 15:07:34,397] {scheduler_job.py:182} INFO - Started process (PID=2437) to work on /home/agalli/sandbox/lib/python3.6/site-packages/airflow/example_dags/example_kubernetes_executor.py
[2021-12-02 15:07:34,400] {scheduler_job.py:633} INFO - Processing file /home/agalli/sandbox/lib/python3.6/site-packages/airflow/example_dags/example_kubernetes_executor.py for tasks to queue
[2021-12-02 15:07:34,402] {logging_mixin.py:104} INFO - [2021-12-02 15:07:34,401] {dagbag.py:487} INFO - Filling up the DagBag from /home/agalli/sandbox/lib/python3.6/site-packages/airflow/example_dags/example_kubernetes_executor.py
[2021-12-02 15:07:34,426] {scheduler_job.py:643} INFO - DAG(s) dict_keys(['example_kubernetes_executor']) retrieved from /home/agalli/sandbox/lib/python3.6/site-packages/airflow/example_dags/example_kubernetes_executor.py
[2021-12-02 15:07:34,468] {logging_mixin.py:104} INFO - [2021-12-02 15:07:34,468] {dag.py:1832} INFO - Sync 1 DAGs
[2021-12-02 15:07:34,491] {logging_mixin.py:104} INFO - [2021-12-02 15:07:34,491] {dag.py:2305} INFO - Setting next_dagrun for example_kubernetes_executor to None
[2021-12-02 15:07:34,519] {scheduler_job.py:190} INFO - Processing /home/agalli/sandbox/lib/python3.6/site-packages/airflow/example_dags/example_kubernetes_executor.py took 0.127 seconds
[2021-12-02 15:08:22,854] {scheduler_job.py:182} INFO - Started process (PID=2468) to work on /home/agalli/sandbox/lib/python3.6/site-packages/airflow/example_dags/example_kubernetes_executor.py
[2021-12-02 15:08:22,855] {scheduler_job.py:633} INFO - Processing file /home/agalli/sandbox/lib/python3.6/site-packages/airflow/example_dags/example_kubernetes_executor.py for tasks to queue
[2021-12-02 15:08:22,856] {logging_mixin.py:104} INFO - [2021-12-02 15:08:22,856] {dagbag.py:487} INFO - Filling up the DagBag from /home/agalli/sandbox/lib/python3.6/site-packages/airflow/example_dags/example_kubernetes_executor.py
[2021-12-02 15:08:22,869] {scheduler_job.py:643} INFO - DAG(s) dict_keys(['example_kubernetes_executor']) retrieved from /home/agalli/sandbox/lib/python3.6/site-packages/airflow/example_dags/example_kubernetes_executor.py
[2021-12-02 15:08:22,893] {logging_mixin.py:104} INFO - [2021-12-02 15:08:22,893] {dag.py:1832} INFO - Sync 1 DAGs
[2021-12-02 15:08:22,907] {logging_mixin.py:104} INFO - [2021-12-02 15:08:22,907] {dag.py:2305} INFO - Setting next_dagrun for example_kubernetes_executor to None
[2021-12-02 15:08:22,961] {scheduler_job.py:190} INFO - Processing /home/agalli/sandbox/lib/python3.6/site-packages/airflow/example_dags/example_kubernetes_executor.py took 0.112 seconds
[2021-12-02 15:09:13,706] {scheduler_job.py:182} INFO - Started process (PID=2503) to work on /home/agalli/sandbox/lib/python3.6/site-packages/airflow/example_dags/example_kubernetes_executor.py
[2021-12-02 15:09:13,715] {scheduler_job.py:633} INFO - Processing file /home/agalli/sandbox/lib/python3.6/site-packages/airflow/example_dags/example_kubernetes_executor.py for tasks to queue
[2021-12-02 15:09:13,719] {logging_mixin.py:104} INFO - [2021-12-02 15:09:13,719] {dagbag.py:487} INFO - Filling up the DagBag from /home/agalli/sandbox/lib/python3.6/site-packages/airflow/example_dags/example_kubernetes_executor.py
[2021-12-02 15:09:13,770] {scheduler_job.py:643} INFO - DAG(s) dict_keys(['example_kubernetes_executor']) retrieved from /home/agalli/sandbox/lib/python3.6/site-packages/airflow/example_dags/example_kubernetes_executor.py
[2021-12-02 15:09:13,817] {logging_mixin.py:104} INFO - [2021-12-02 15:09:13,816] {dag.py:1832} INFO - Sync 1 DAGs
[2021-12-02 15:09:13,871] {logging_mixin.py:104} INFO - [2021-12-02 15:09:13,870] {dag.py:2305} INFO - Setting next_dagrun for example_kubernetes_executor to None
[2021-12-02 15:09:13,904] {scheduler_job.py:190} INFO - Processing /home/agalli/sandbox/lib/python3.6/site-packages/airflow/example_dags/example_kubernetes_executor.py took 0.219 seconds
[2021-12-02 15:09:55,606] {scheduler_job.py:182} INFO - Started process (PID=2534) to work on /home/agalli/sandbox/lib/python3.6/site-packages/airflow/example_dags/example_kubernetes_executor.py
[2021-12-02 15:09:55,607] {scheduler_job.py:633} INFO - Processing file /home/agalli/sandbox/lib/python3.6/site-packages/airflow/example_dags/example_kubernetes_executor.py for tasks to queue
[2021-12-02 15:09:55,608] {logging_mixin.py:104} INFO - [2021-12-02 15:09:55,608] {dagbag.py:487} INFO - Filling up the DagBag from /home/agalli/sandbox/lib/python3.6/site-packages/airflow/example_dags/example_kubernetes_executor.py
[2021-12-02 15:09:55,621] {scheduler_job.py:643} INFO - DAG(s) dict_keys(['example_kubernetes_executor']) retrieved from /home/agalli/sandbox/lib/python3.6/site-packages/airflow/example_dags/example_kubernetes_executor.py
[2021-12-02 15:09:55,640] {logging_mixin.py:104} INFO - [2021-12-02 15:09:55,640] {dag.py:1832} INFO - Sync 1 DAGs
[2021-12-02 15:09:55,655] {logging_mixin.py:104} INFO - [2021-12-02 15:09:55,654] {dag.py:2305} INFO - Setting next_dagrun for example_kubernetes_executor to None
[2021-12-02 15:09:55,673] {scheduler_job.py:190} INFO - Processing /home/agalli/sandbox/lib/python3.6/site-packages/airflow/example_dags/example_kubernetes_executor.py took 0.072 seconds
[2021-12-02 15:10:33,747] {scheduler_job.py:182} INFO - Started process (PID=2566) to work on /home/agalli/sandbox/lib/python3.6/site-packages/airflow/example_dags/example_kubernetes_executor.py
[2021-12-02 15:10:33,749] {scheduler_job.py:633} INFO - Processing file /home/agalli/sandbox/lib/python3.6/site-packages/airflow/example_dags/example_kubernetes_executor.py for tasks to queue
[2021-12-02 15:10:33,751] {logging_mixin.py:104} INFO - [2021-12-02 15:10:33,751] {dagbag.py:487} INFO - Filling up the DagBag from /home/agalli/sandbox/lib/python3.6/site-packages/airflow/example_dags/example_kubernetes_executor.py
[2021-12-02 15:10:33,768] {scheduler_job.py:643} INFO - DAG(s) dict_keys(['example_kubernetes_executor']) retrieved from /home/agalli/sandbox/lib/python3.6/site-packages/airflow/example_dags/example_kubernetes_executor.py
[2021-12-02 15:10:33,793] {logging_mixin.py:104} INFO - [2021-12-02 15:10:33,793] {dag.py:1832} INFO - Sync 1 DAGs
[2021-12-02 15:10:33,808] {logging_mixin.py:104} INFO - [2021-12-02 15:10:33,808] {dag.py:2305} INFO - Setting next_dagrun for example_kubernetes_executor to None
[2021-12-02 15:10:33,833] {scheduler_job.py:190} INFO - Processing /home/agalli/sandbox/lib/python3.6/site-packages/airflow/example_dags/example_kubernetes_executor.py took 0.090 seconds
[2021-12-02 15:11:09,739] {scheduler_job.py:182} INFO - Started process (PID=2597) to work on /home/agalli/sandbox/lib/python3.6/site-packages/airflow/example_dags/example_kubernetes_executor.py
[2021-12-02 15:11:09,741] {scheduler_job.py:633} INFO - Processing file /home/agalli/sandbox/lib/python3.6/site-packages/airflow/example_dags/example_kubernetes_executor.py for tasks to queue
[2021-12-02 15:11:09,742] {logging_mixin.py:104} INFO - [2021-12-02 15:11:09,742] {dagbag.py:487} INFO - Filling up the DagBag from /home/agalli/sandbox/lib/python3.6/site-packages/airflow/example_dags/example_kubernetes_executor.py
[2021-12-02 15:11:09,754] {scheduler_job.py:643} INFO - DAG(s) dict_keys(['example_kubernetes_executor']) retrieved from /home/agalli/sandbox/lib/python3.6/site-packages/airflow/example_dags/example_kubernetes_executor.py
[2021-12-02 15:11:09,772] {logging_mixin.py:104} INFO - [2021-12-02 15:11:09,772] {dag.py:1832} INFO - Sync 1 DAGs
[2021-12-02 15:11:09,784] {logging_mixin.py:104} INFO - [2021-12-02 15:11:09,784] {dag.py:2305} INFO - Setting next_dagrun for example_kubernetes_executor to None
[2021-12-02 15:11:09,832] {scheduler_job.py:190} INFO - Processing /home/agalli/sandbox/lib/python3.6/site-packages/airflow/example_dags/example_kubernetes_executor.py took 0.098 seconds
[2021-12-02 15:11:46,064] {scheduler_job.py:182} INFO - Started process (PID=2630) to work on /home/agalli/sandbox/lib/python3.6/site-packages/airflow/example_dags/example_kubernetes_executor.py
[2021-12-02 15:11:46,065] {scheduler_job.py:633} INFO - Processing file /home/agalli/sandbox/lib/python3.6/site-packages/airflow/example_dags/example_kubernetes_executor.py for tasks to queue
[2021-12-02 15:11:46,066] {logging_mixin.py:104} INFO - [2021-12-02 15:11:46,066] {dagbag.py:487} INFO - Filling up the DagBag from /home/agalli/sandbox/lib/python3.6/site-packages/airflow/example_dags/example_kubernetes_executor.py
[2021-12-02 15:11:46,076] {scheduler_job.py:643} INFO - DAG(s) dict_keys(['example_kubernetes_executor']) retrieved from /home/agalli/sandbox/lib/python3.6/site-packages/airflow/example_dags/example_kubernetes_executor.py
[2021-12-02 15:11:46,093] {logging_mixin.py:104} INFO - [2021-12-02 15:11:46,093] {dag.py:1832} INFO - Sync 1 DAGs
[2021-12-02 15:11:46,104] {logging_mixin.py:104} INFO - [2021-12-02 15:11:46,104] {dag.py:2305} INFO - Setting next_dagrun for example_kubernetes_executor to None
[2021-12-02 15:11:46,124] {scheduler_job.py:190} INFO - Processing /home/agalli/sandbox/lib/python3.6/site-packages/airflow/example_dags/example_kubernetes_executor.py took 0.063 seconds
[2021-12-02 15:12:22,012] {scheduler_job.py:182} INFO - Started process (PID=2662) to work on /home/agalli/sandbox/lib/python3.6/site-packages/airflow/example_dags/example_kubernetes_executor.py
[2021-12-02 15:12:22,013] {scheduler_job.py:633} INFO - Processing file /home/agalli/sandbox/lib/python3.6/site-packages/airflow/example_dags/example_kubernetes_executor.py for tasks to queue
[2021-12-02 15:12:22,014] {logging_mixin.py:104} INFO - [2021-12-02 15:12:22,014] {dagbag.py:487} INFO - Filling up the DagBag from /home/agalli/sandbox/lib/python3.6/site-packages/airflow/example_dags/example_kubernetes_executor.py
[2021-12-02 15:12:22,023] {scheduler_job.py:643} INFO - DAG(s) dict_keys(['example_kubernetes_executor']) retrieved from /home/agalli/sandbox/lib/python3.6/site-packages/airflow/example_dags/example_kubernetes_executor.py
[2021-12-02 15:12:22,041] {logging_mixin.py:104} INFO - [2021-12-02 15:12:22,041] {dag.py:1832} INFO - Sync 1 DAGs
[2021-12-02 15:12:22,055] {logging_mixin.py:104} INFO - [2021-12-02 15:12:22,055] {dag.py:2305} INFO - Setting next_dagrun for example_kubernetes_executor to None
[2021-12-02 15:12:22,077] {scheduler_job.py:190} INFO - Processing /home/agalli/sandbox/lib/python3.6/site-packages/airflow/example_dags/example_kubernetes_executor.py took 0.069 seconds
[2021-12-02 15:12:56,461] {scheduler_job.py:182} INFO - Started process (PID=2693) to work on /home/agalli/sandbox/lib/python3.6/site-packages/airflow/example_dags/example_kubernetes_executor.py
[2021-12-02 15:12:56,463] {scheduler_job.py:633} INFO - Processing file /home/agalli/sandbox/lib/python3.6/site-packages/airflow/example_dags/example_kubernetes_executor.py for tasks to queue
[2021-12-02 15:12:56,464] {logging_mixin.py:104} INFO - [2021-12-02 15:12:56,464] {dagbag.py:487} INFO - Filling up the DagBag from /home/agalli/sandbox/lib/python3.6/site-packages/airflow/example_dags/example_kubernetes_executor.py
[2021-12-02 15:12:56,476] {scheduler_job.py:643} INFO - DAG(s) dict_keys(['example_kubernetes_executor']) retrieved from /home/agalli/sandbox/lib/python3.6/site-packages/airflow/example_dags/example_kubernetes_executor.py
[2021-12-02 15:12:56,499] {logging_mixin.py:104} INFO - [2021-12-02 15:12:56,499] {dag.py:1832} INFO - Sync 1 DAGs
[2021-12-02 15:12:56,515] {logging_mixin.py:104} INFO - [2021-12-02 15:12:56,514] {dag.py:2305} INFO - Setting next_dagrun for example_kubernetes_executor to None
[2021-12-02 15:12:56,536] {scheduler_job.py:190} INFO - Processing /home/agalli/sandbox/lib/python3.6/site-packages/airflow/example_dags/example_kubernetes_executor.py took 0.079 seconds
[2021-12-02 15:13:32,980] {scheduler_job.py:182} INFO - Started process (PID=2725) to work on /home/agalli/sandbox/lib/python3.6/site-packages/airflow/example_dags/example_kubernetes_executor.py
[2021-12-02 15:13:32,982] {scheduler_job.py:633} INFO - Processing file /home/agalli/sandbox/lib/python3.6/site-packages/airflow/example_dags/example_kubernetes_executor.py for tasks to queue
[2021-12-02 15:13:32,983] {logging_mixin.py:104} INFO - [2021-12-02 15:13:32,983] {dagbag.py:487} INFO - Filling up the DagBag from /home/agalli/sandbox/lib/python3.6/site-packages/airflow/example_dags/example_kubernetes_executor.py
[2021-12-02 15:13:32,997] {scheduler_job.py:643} INFO - DAG(s) dict_keys(['example_kubernetes_executor']) retrieved from /home/agalli/sandbox/lib/python3.6/site-packages/airflow/example_dags/example_kubernetes_executor.py
[2021-12-02 15:13:33,025] {logging_mixin.py:104} INFO - [2021-12-02 15:13:33,024] {dag.py:1832} INFO - Sync 1 DAGs
[2021-12-02 15:13:33,047] {logging_mixin.py:104} INFO - [2021-12-02 15:13:33,047] {dag.py:2305} INFO - Setting next_dagrun for example_kubernetes_executor to None
[2021-12-02 15:13:33,082] {scheduler_job.py:190} INFO - Processing /home/agalli/sandbox/lib/python3.6/site-packages/airflow/example_dags/example_kubernetes_executor.py took 0.106 seconds
[2021-12-02 15:14:08,348] {scheduler_job.py:182} INFO - Started process (PID=2757) to work on /home/agalli/sandbox/lib/python3.6/site-packages/airflow/example_dags/example_kubernetes_executor.py
[2021-12-02 15:14:08,349] {scheduler_job.py:633} INFO - Processing file /home/agalli/sandbox/lib/python3.6/site-packages/airflow/example_dags/example_kubernetes_executor.py for tasks to queue
[2021-12-02 15:14:08,350] {logging_mixin.py:104} INFO - [2021-12-02 15:14:08,350] {dagbag.py:487} INFO - Filling up the DagBag from /home/agalli/sandbox/lib/python3.6/site-packages/airflow/example_dags/example_kubernetes_executor.py
[2021-12-02 15:14:08,358] {scheduler_job.py:643} INFO - DAG(s) dict_keys(['example_kubernetes_executor']) retrieved from /home/agalli/sandbox/lib/python3.6/site-packages/airflow/example_dags/example_kubernetes_executor.py
[2021-12-02 15:14:08,375] {logging_mixin.py:104} INFO - [2021-12-02 15:14:08,374] {dag.py:1832} INFO - Sync 1 DAGs
[2021-12-02 15:14:08,389] {logging_mixin.py:104} INFO - [2021-12-02 15:14:08,389] {dag.py:2305} INFO - Setting next_dagrun for example_kubernetes_executor to None
[2021-12-02 15:14:08,425] {scheduler_job.py:190} INFO - Processing /home/agalli/sandbox/lib/python3.6/site-packages/airflow/example_dags/example_kubernetes_executor.py took 0.081 seconds
[2021-12-02 15:14:44,105] {scheduler_job.py:182} INFO - Started process (PID=2788) to work on /home/agalli/sandbox/lib/python3.6/site-packages/airflow/example_dags/example_kubernetes_executor.py
[2021-12-02 15:14:44,107] {scheduler_job.py:633} INFO - Processing file /home/agalli/sandbox/lib/python3.6/site-packages/airflow/example_dags/example_kubernetes_executor.py for tasks to queue
[2021-12-02 15:14:44,107] {logging_mixin.py:104} INFO - [2021-12-02 15:14:44,107] {dagbag.py:487} INFO - Filling up the DagBag from /home/agalli/sandbox/lib/python3.6/site-packages/airflow/example_dags/example_kubernetes_executor.py
[2021-12-02 15:14:44,116] {scheduler_job.py:643} INFO - DAG(s) dict_keys(['example_kubernetes_executor']) retrieved from /home/agalli/sandbox/lib/python3.6/site-packages/airflow/example_dags/example_kubernetes_executor.py
[2021-12-02 15:14:44,134] {logging_mixin.py:104} INFO - [2021-12-02 15:14:44,134] {dag.py:1832} INFO - Sync 1 DAGs
[2021-12-02 15:14:44,146] {logging_mixin.py:104} INFO - [2021-12-02 15:14:44,145] {dag.py:2305} INFO - Setting next_dagrun for example_kubernetes_executor to None
[2021-12-02 15:14:44,169] {scheduler_job.py:190} INFO - Processing /home/agalli/sandbox/lib/python3.6/site-packages/airflow/example_dags/example_kubernetes_executor.py took 0.067 seconds
[2021-12-02 15:15:21,946] {scheduler_job.py:182} INFO - Started process (PID=2819) to work on /home/agalli/sandbox/lib/python3.6/site-packages/airflow/example_dags/example_kubernetes_executor.py
[2021-12-02 15:15:21,950] {scheduler_job.py:633} INFO - Processing file /home/agalli/sandbox/lib/python3.6/site-packages/airflow/example_dags/example_kubernetes_executor.py for tasks to queue
[2021-12-02 15:15:21,951] {logging_mixin.py:104} INFO - [2021-12-02 15:15:21,951] {dagbag.py:487} INFO - Filling up the DagBag from /home/agalli/sandbox/lib/python3.6/site-packages/airflow/example_dags/example_kubernetes_executor.py
[2021-12-02 15:15:21,968] {scheduler_job.py:643} INFO - DAG(s) dict_keys(['example_kubernetes_executor']) retrieved from /home/agalli/sandbox/lib/python3.6/site-packages/airflow/example_dags/example_kubernetes_executor.py
[2021-12-02 15:15:22,004] {logging_mixin.py:104} INFO - [2021-12-02 15:15:22,004] {dag.py:1832} INFO - Sync 1 DAGs
[2021-12-02 15:15:22,030] {logging_mixin.py:104} INFO - [2021-12-02 15:15:22,030] {dag.py:2305} INFO - Setting next_dagrun for example_kubernetes_executor to None
[2021-12-02 15:15:22,068] {scheduler_job.py:190} INFO - Processing /home/agalli/sandbox/lib/python3.6/site-packages/airflow/example_dags/example_kubernetes_executor.py took 0.126 seconds
[2021-12-02 15:16:02,694] {scheduler_job.py:182} INFO - Started process (PID=2853) to work on /home/agalli/sandbox/lib/python3.6/site-packages/airflow/example_dags/example_kubernetes_executor.py
[2021-12-02 15:16:02,696] {scheduler_job.py:633} INFO - Processing file /home/agalli/sandbox/lib/python3.6/site-packages/airflow/example_dags/example_kubernetes_executor.py for tasks to queue
[2021-12-02 15:16:02,697] {logging_mixin.py:104} INFO - [2021-12-02 15:16:02,697] {dagbag.py:487} INFO - Filling up the DagBag from /home/agalli/sandbox/lib/python3.6/site-packages/airflow/example_dags/example_kubernetes_executor.py
[2021-12-02 15:16:02,710] {scheduler_job.py:643} INFO - DAG(s) dict_keys(['example_kubernetes_executor']) retrieved from /home/agalli/sandbox/lib/python3.6/site-packages/airflow/example_dags/example_kubernetes_executor.py
[2021-12-02 15:16:02,728] {logging_mixin.py:104} INFO - [2021-12-02 15:16:02,728] {dag.py:1832} INFO - Sync 1 DAGs
[2021-12-02 15:16:02,742] {logging_mixin.py:104} INFO - [2021-12-02 15:16:02,742] {dag.py:2305} INFO - Setting next_dagrun for example_kubernetes_executor to None
[2021-12-02 15:16:02,764] {scheduler_job.py:190} INFO - Processing /home/agalli/sandbox/lib/python3.6/site-packages/airflow/example_dags/example_kubernetes_executor.py took 0.074 seconds
[2021-12-02 15:16:39,372] {scheduler_job.py:182} INFO - Started process (PID=2885) to work on /home/agalli/sandbox/lib/python3.6/site-packages/airflow/example_dags/example_kubernetes_executor.py
[2021-12-02 15:16:39,373] {scheduler_job.py:633} INFO - Processing file /home/agalli/sandbox/lib/python3.6/site-packages/airflow/example_dags/example_kubernetes_executor.py for tasks to queue
[2021-12-02 15:16:39,373] {logging_mixin.py:104} INFO - [2021-12-02 15:16:39,373] {dagbag.py:487} INFO - Filling up the DagBag from /home/agalli/sandbox/lib/python3.6/site-packages/airflow/example_dags/example_kubernetes_executor.py
[2021-12-02 15:16:39,383] {scheduler_job.py:643} INFO - DAG(s) dict_keys(['example_kubernetes_executor']) retrieved from /home/agalli/sandbox/lib/python3.6/site-packages/airflow/example_dags/example_kubernetes_executor.py
[2021-12-02 15:16:39,399] {logging_mixin.py:104} INFO - [2021-12-02 15:16:39,399] {dag.py:1832} INFO - Sync 1 DAGs
[2021-12-02 15:16:39,409] {logging_mixin.py:104} INFO - [2021-12-02 15:16:39,409] {dag.py:2305} INFO - Setting next_dagrun for example_kubernetes_executor to None
[2021-12-02 15:16:39,430] {scheduler_job.py:190} INFO - Processing /home/agalli/sandbox/lib/python3.6/site-packages/airflow/example_dags/example_kubernetes_executor.py took 0.062 seconds
[2021-12-02 15:17:12,301] {scheduler_job.py:182} INFO - Started process (PID=2916) to work on /home/agalli/sandbox/lib/python3.6/site-packages/airflow/example_dags/example_kubernetes_executor.py
[2021-12-02 15:17:12,303] {scheduler_job.py:633} INFO - Processing file /home/agalli/sandbox/lib/python3.6/site-packages/airflow/example_dags/example_kubernetes_executor.py for tasks to queue
[2021-12-02 15:17:12,304] {logging_mixin.py:104} INFO - [2021-12-02 15:17:12,304] {dagbag.py:487} INFO - Filling up the DagBag from /home/agalli/sandbox/lib/python3.6/site-packages/airflow/example_dags/example_kubernetes_executor.py
[2021-12-02 15:17:12,320] {scheduler_job.py:643} INFO - DAG(s) dict_keys(['example_kubernetes_executor']) retrieved from /home/agalli/sandbox/lib/python3.6/site-packages/airflow/example_dags/example_kubernetes_executor.py
[2021-12-02 15:17:12,343] {logging_mixin.py:104} INFO - [2021-12-02 15:17:12,343] {dag.py:1832} INFO - Sync 1 DAGs
[2021-12-02 15:17:12,355] {logging_mixin.py:104} INFO - [2021-12-02 15:17:12,355] {dag.py:2305} INFO - Setting next_dagrun for example_kubernetes_executor to None
[2021-12-02 15:17:12,377] {scheduler_job.py:190} INFO - Processing /home/agalli/sandbox/lib/python3.6/site-packages/airflow/example_dags/example_kubernetes_executor.py took 0.080 seconds
[2021-12-02 15:17:45,024] {scheduler_job.py:182} INFO - Started process (PID=2946) to work on /home/agalli/sandbox/lib/python3.6/site-packages/airflow/example_dags/example_kubernetes_executor.py
[2021-12-02 15:17:45,025] {scheduler_job.py:633} INFO - Processing file /home/agalli/sandbox/lib/python3.6/site-packages/airflow/example_dags/example_kubernetes_executor.py for tasks to queue
[2021-12-02 15:17:45,026] {logging_mixin.py:104} INFO - [2021-12-02 15:17:45,025] {dagbag.py:487} INFO - Filling up the DagBag from /home/agalli/sandbox/lib/python3.6/site-packages/airflow/example_dags/example_kubernetes_executor.py
[2021-12-02 15:17:45,035] {scheduler_job.py:643} INFO - DAG(s) dict_keys(['example_kubernetes_executor']) retrieved from /home/agalli/sandbox/lib/python3.6/site-packages/airflow/example_dags/example_kubernetes_executor.py
[2021-12-02 15:17:45,054] {logging_mixin.py:104} INFO - [2021-12-02 15:17:45,054] {dag.py:1832} INFO - Sync 1 DAGs
[2021-12-02 15:17:45,067] {logging_mixin.py:104} INFO - [2021-12-02 15:17:45,067] {dag.py:2305} INFO - Setting next_dagrun for example_kubernetes_executor to None
[2021-12-02 15:17:45,090] {scheduler_job.py:190} INFO - Processing /home/agalli/sandbox/lib/python3.6/site-packages/airflow/example_dags/example_kubernetes_executor.py took 0.070 seconds
[2021-12-02 15:18:17,271] {scheduler_job.py:182} INFO - Started process (PID=2976) to work on /home/agalli/sandbox/lib/python3.6/site-packages/airflow/example_dags/example_kubernetes_executor.py
[2021-12-02 15:18:17,272] {scheduler_job.py:633} INFO - Processing file /home/agalli/sandbox/lib/python3.6/site-packages/airflow/example_dags/example_kubernetes_executor.py for tasks to queue
[2021-12-02 15:18:17,273] {logging_mixin.py:104} INFO - [2021-12-02 15:18:17,273] {dagbag.py:487} INFO - Filling up the DagBag from /home/agalli/sandbox/lib/python3.6/site-packages/airflow/example_dags/example_kubernetes_executor.py
[2021-12-02 15:18:17,282] {scheduler_job.py:643} INFO - DAG(s) dict_keys(['example_kubernetes_executor']) retrieved from /home/agalli/sandbox/lib/python3.6/site-packages/airflow/example_dags/example_kubernetes_executor.py
[2021-12-02 15:18:17,303] {logging_mixin.py:104} INFO - [2021-12-02 15:18:17,303] {dag.py:1832} INFO - Sync 1 DAGs
[2021-12-02 15:18:17,316] {logging_mixin.py:104} INFO - [2021-12-02 15:18:17,316] {dag.py:2305} INFO - Setting next_dagrun for example_kubernetes_executor to None
[2021-12-02 15:18:17,337] {scheduler_job.py:190} INFO - Processing /home/agalli/sandbox/lib/python3.6/site-packages/airflow/example_dags/example_kubernetes_executor.py took 0.071 seconds
[2021-12-02 15:18:54,532] {scheduler_job.py:182} INFO - Started process (PID=3009) to work on /home/agalli/sandbox/lib/python3.6/site-packages/airflow/example_dags/example_kubernetes_executor.py
[2021-12-02 15:18:54,533] {scheduler_job.py:633} INFO - Processing file /home/agalli/sandbox/lib/python3.6/site-packages/airflow/example_dags/example_kubernetes_executor.py for tasks to queue
[2021-12-02 15:18:54,534] {logging_mixin.py:104} INFO - [2021-12-02 15:18:54,533] {dagbag.py:487} INFO - Filling up the DagBag from /home/agalli/sandbox/lib/python3.6/site-packages/airflow/example_dags/example_kubernetes_executor.py
[2021-12-02 15:18:54,544] {scheduler_job.py:643} INFO - DAG(s) dict_keys(['example_kubernetes_executor']) retrieved from /home/agalli/sandbox/lib/python3.6/site-packages/airflow/example_dags/example_kubernetes_executor.py
[2021-12-02 15:18:54,563] {logging_mixin.py:104} INFO - [2021-12-02 15:18:54,563] {dag.py:1832} INFO - Sync 1 DAGs
[2021-12-02 15:18:54,576] {logging_mixin.py:104} INFO - [2021-12-02 15:18:54,576] {dag.py:2305} INFO - Setting next_dagrun for example_kubernetes_executor to None
[2021-12-02 15:18:54,592] {scheduler_job.py:190} INFO - Processing /home/agalli/sandbox/lib/python3.6/site-packages/airflow/example_dags/example_kubernetes_executor.py took 0.064 seconds
[2021-12-02 15:19:30,399] {scheduler_job.py:182} INFO - Started process (PID=3041) to work on /home/agalli/sandbox/lib/python3.6/site-packages/airflow/example_dags/example_kubernetes_executor.py
[2021-12-02 15:19:30,400] {scheduler_job.py:633} INFO - Processing file /home/agalli/sandbox/lib/python3.6/site-packages/airflow/example_dags/example_kubernetes_executor.py for tasks to queue
[2021-12-02 15:19:30,401] {logging_mixin.py:104} INFO - [2021-12-02 15:19:30,401] {dagbag.py:487} INFO - Filling up the DagBag from /home/agalli/sandbox/lib/python3.6/site-packages/airflow/example_dags/example_kubernetes_executor.py
[2021-12-02 15:19:30,413] {scheduler_job.py:643} INFO - DAG(s) dict_keys(['example_kubernetes_executor']) retrieved from /home/agalli/sandbox/lib/python3.6/site-packages/airflow/example_dags/example_kubernetes_executor.py
[2021-12-02 15:19:30,431] {logging_mixin.py:104} INFO - [2021-12-02 15:19:30,431] {dag.py:1832} INFO - Sync 1 DAGs
[2021-12-02 15:19:30,444] {logging_mixin.py:104} INFO - [2021-12-02 15:19:30,444] {dag.py:2305} INFO - Setting next_dagrun for example_kubernetes_executor to None
[2021-12-02 15:19:30,463] {scheduler_job.py:190} INFO - Processing /home/agalli/sandbox/lib/python3.6/site-packages/airflow/example_dags/example_kubernetes_executor.py took 0.070 seconds
[2021-12-02 15:20:11,876] {scheduler_job.py:182} INFO - Started process (PID=3073) to work on /home/agalli/sandbox/lib/python3.6/site-packages/airflow/example_dags/example_kubernetes_executor.py
[2021-12-02 15:20:11,879] {scheduler_job.py:633} INFO - Processing file /home/agalli/sandbox/lib/python3.6/site-packages/airflow/example_dags/example_kubernetes_executor.py for tasks to queue
[2021-12-02 15:20:11,880] {logging_mixin.py:104} INFO - [2021-12-02 15:20:11,880] {dagbag.py:487} INFO - Filling up the DagBag from /home/agalli/sandbox/lib/python3.6/site-packages/airflow/example_dags/example_kubernetes_executor.py
[2021-12-02 15:20:11,893] {scheduler_job.py:643} INFO - DAG(s) dict_keys(['example_kubernetes_executor']) retrieved from /home/agalli/sandbox/lib/python3.6/site-packages/airflow/example_dags/example_kubernetes_executor.py
[2021-12-02 15:20:11,919] {logging_mixin.py:104} INFO - [2021-12-02 15:20:11,919] {dag.py:1832} INFO - Sync 1 DAGs
[2021-12-02 15:20:11,933] {logging_mixin.py:104} INFO - [2021-12-02 15:20:11,933] {dag.py:2305} INFO - Setting next_dagrun for example_kubernetes_executor to None
[2021-12-02 15:20:11,959] {scheduler_job.py:190} INFO - Processing /home/agalli/sandbox/lib/python3.6/site-packages/airflow/example_dags/example_kubernetes_executor.py took 0.088 seconds
