[2021-12-02 14:51:40,448] {scheduler_job.py:182} INFO - Started process (PID=1607) to work on /home/agalli/sandbox/lib/python3.6/site-packages/airflow/example_dags/example_complex.py
[2021-12-02 14:51:40,450] {scheduler_job.py:633} INFO - Processing file /home/agalli/sandbox/lib/python3.6/site-packages/airflow/example_dags/example_complex.py for tasks to queue
[2021-12-02 14:51:40,461] {logging_mixin.py:104} INFO - [2021-12-02 14:51:40,461] {dagbag.py:487} INFO - Filling up the DagBag from /home/agalli/sandbox/lib/python3.6/site-packages/airflow/example_dags/example_complex.py
[2021-12-02 14:51:40,623] {scheduler_job.py:643} INFO - DAG(s) dict_keys(['example_complex']) retrieved from /home/agalli/sandbox/lib/python3.6/site-packages/airflow/example_dags/example_complex.py
[2021-12-02 14:51:40,883] {logging_mixin.py:104} INFO - [2021-12-02 14:51:40,883] {dag.py:1832} INFO - Sync 1 DAGs
[2021-12-02 14:51:41,040] {logging_mixin.py:104} INFO - [2021-12-02 14:51:41,040] {dag.py:2305} INFO - Setting next_dagrun for example_complex to None
[2021-12-02 14:51:41,196] {scheduler_job.py:190} INFO - Processing /home/agalli/sandbox/lib/python3.6/site-packages/airflow/example_dags/example_complex.py took 0.765 seconds
[2021-12-02 14:52:17,184] {scheduler_job.py:182} INFO - Started process (PID=1696) to work on /home/agalli/sandbox/lib/python3.6/site-packages/airflow/example_dags/example_complex.py
[2021-12-02 14:52:17,185] {scheduler_job.py:633} INFO - Processing file /home/agalli/sandbox/lib/python3.6/site-packages/airflow/example_dags/example_complex.py for tasks to queue
[2021-12-02 14:52:17,186] {logging_mixin.py:104} INFO - [2021-12-02 14:52:17,186] {dagbag.py:487} INFO - Filling up the DagBag from /home/agalli/sandbox/lib/python3.6/site-packages/airflow/example_dags/example_complex.py
[2021-12-02 14:52:17,223] {scheduler_job.py:643} INFO - DAG(s) dict_keys(['example_complex']) retrieved from /home/agalli/sandbox/lib/python3.6/site-packages/airflow/example_dags/example_complex.py
[2021-12-02 14:52:17,256] {logging_mixin.py:104} INFO - [2021-12-02 14:52:17,256] {dag.py:1832} INFO - Sync 1 DAGs
[2021-12-02 14:52:17,276] {logging_mixin.py:104} INFO - [2021-12-02 14:52:17,276] {dag.py:2305} INFO - Setting next_dagrun for example_complex to None
[2021-12-02 14:52:17,301] {scheduler_job.py:190} INFO - Processing /home/agalli/sandbox/lib/python3.6/site-packages/airflow/example_dags/example_complex.py took 0.120 seconds
[2021-12-02 14:52:50,723] {scheduler_job.py:182} INFO - Started process (PID=1727) to work on /home/agalli/sandbox/lib/python3.6/site-packages/airflow/example_dags/example_complex.py
[2021-12-02 14:52:50,725] {scheduler_job.py:633} INFO - Processing file /home/agalli/sandbox/lib/python3.6/site-packages/airflow/example_dags/example_complex.py for tasks to queue
[2021-12-02 14:52:50,725] {logging_mixin.py:104} INFO - [2021-12-02 14:52:50,725] {dagbag.py:487} INFO - Filling up the DagBag from /home/agalli/sandbox/lib/python3.6/site-packages/airflow/example_dags/example_complex.py
[2021-12-02 14:52:50,749] {scheduler_job.py:643} INFO - DAG(s) dict_keys(['example_complex']) retrieved from /home/agalli/sandbox/lib/python3.6/site-packages/airflow/example_dags/example_complex.py
[2021-12-02 14:52:50,773] {logging_mixin.py:104} INFO - [2021-12-02 14:52:50,773] {dag.py:1832} INFO - Sync 1 DAGs
[2021-12-02 14:52:50,791] {logging_mixin.py:104} INFO - [2021-12-02 14:52:50,791] {dag.py:2305} INFO - Setting next_dagrun for example_complex to None
[2021-12-02 14:52:50,814] {scheduler_job.py:190} INFO - Processing /home/agalli/sandbox/lib/python3.6/site-packages/airflow/example_dags/example_complex.py took 0.094 seconds
[2021-12-02 14:53:29,177] {scheduler_job.py:182} INFO - Started process (PID=1758) to work on /home/agalli/sandbox/lib/python3.6/site-packages/airflow/example_dags/example_complex.py
[2021-12-02 14:53:29,178] {scheduler_job.py:633} INFO - Processing file /home/agalli/sandbox/lib/python3.6/site-packages/airflow/example_dags/example_complex.py for tasks to queue
[2021-12-02 14:53:29,179] {logging_mixin.py:104} INFO - [2021-12-02 14:53:29,179] {dagbag.py:487} INFO - Filling up the DagBag from /home/agalli/sandbox/lib/python3.6/site-packages/airflow/example_dags/example_complex.py
[2021-12-02 14:53:29,225] {scheduler_job.py:643} INFO - DAG(s) dict_keys(['example_complex']) retrieved from /home/agalli/sandbox/lib/python3.6/site-packages/airflow/example_dags/example_complex.py
[2021-12-02 14:53:29,256] {logging_mixin.py:104} INFO - [2021-12-02 14:53:29,256] {dag.py:1832} INFO - Sync 1 DAGs
[2021-12-02 14:53:29,274] {logging_mixin.py:104} INFO - [2021-12-02 14:53:29,274] {dag.py:2305} INFO - Setting next_dagrun for example_complex to None
[2021-12-02 14:53:29,302] {scheduler_job.py:190} INFO - Processing /home/agalli/sandbox/lib/python3.6/site-packages/airflow/example_dags/example_complex.py took 0.131 seconds
[2021-12-02 14:54:05,839] {scheduler_job.py:182} INFO - Started process (PID=1791) to work on /home/agalli/sandbox/lib/python3.6/site-packages/airflow/example_dags/example_complex.py
[2021-12-02 14:54:05,841] {scheduler_job.py:633} INFO - Processing file /home/agalli/sandbox/lib/python3.6/site-packages/airflow/example_dags/example_complex.py for tasks to queue
[2021-12-02 14:54:05,841] {logging_mixin.py:104} INFO - [2021-12-02 14:54:05,841] {dagbag.py:487} INFO - Filling up the DagBag from /home/agalli/sandbox/lib/python3.6/site-packages/airflow/example_dags/example_complex.py
[2021-12-02 14:54:05,866] {scheduler_job.py:643} INFO - DAG(s) dict_keys(['example_complex']) retrieved from /home/agalli/sandbox/lib/python3.6/site-packages/airflow/example_dags/example_complex.py
[2021-12-02 14:54:05,895] {logging_mixin.py:104} INFO - [2021-12-02 14:54:05,895] {dag.py:1832} INFO - Sync 1 DAGs
[2021-12-02 14:54:05,916] {logging_mixin.py:104} INFO - [2021-12-02 14:54:05,916] {dag.py:2305} INFO - Setting next_dagrun for example_complex to None
[2021-12-02 14:54:05,940] {scheduler_job.py:190} INFO - Processing /home/agalli/sandbox/lib/python3.6/site-packages/airflow/example_dags/example_complex.py took 0.104 seconds
[2021-12-02 14:54:44,565] {scheduler_job.py:182} INFO - Started process (PID=1824) to work on /home/agalli/sandbox/lib/python3.6/site-packages/airflow/example_dags/example_complex.py
[2021-12-02 14:54:44,567] {scheduler_job.py:633} INFO - Processing file /home/agalli/sandbox/lib/python3.6/site-packages/airflow/example_dags/example_complex.py for tasks to queue
[2021-12-02 14:54:44,568] {logging_mixin.py:104} INFO - [2021-12-02 14:54:44,568] {dagbag.py:487} INFO - Filling up the DagBag from /home/agalli/sandbox/lib/python3.6/site-packages/airflow/example_dags/example_complex.py
[2021-12-02 14:54:44,595] {scheduler_job.py:643} INFO - DAG(s) dict_keys(['example_complex']) retrieved from /home/agalli/sandbox/lib/python3.6/site-packages/airflow/example_dags/example_complex.py
[2021-12-02 14:54:44,645] {logging_mixin.py:104} INFO - [2021-12-02 14:54:44,645] {dag.py:1832} INFO - Sync 1 DAGs
[2021-12-02 14:54:44,686] {logging_mixin.py:104} INFO - [2021-12-02 14:54:44,686] {dag.py:2305} INFO - Setting next_dagrun for example_complex to None
[2021-12-02 14:54:44,741] {scheduler_job.py:190} INFO - Processing /home/agalli/sandbox/lib/python3.6/site-packages/airflow/example_dags/example_complex.py took 0.179 seconds
[2021-12-02 14:55:30,095] {scheduler_job.py:182} INFO - Started process (PID=1934) to work on /home/agalli/sandbox/lib/python3.6/site-packages/airflow/example_dags/example_complex.py
[2021-12-02 14:55:30,097] {scheduler_job.py:633} INFO - Processing file /home/agalli/sandbox/lib/python3.6/site-packages/airflow/example_dags/example_complex.py for tasks to queue
[2021-12-02 14:55:30,098] {logging_mixin.py:104} INFO - [2021-12-02 14:55:30,097] {dagbag.py:487} INFO - Filling up the DagBag from /home/agalli/sandbox/lib/python3.6/site-packages/airflow/example_dags/example_complex.py
[2021-12-02 14:55:30,143] {scheduler_job.py:643} INFO - DAG(s) dict_keys(['example_complex']) retrieved from /home/agalli/sandbox/lib/python3.6/site-packages/airflow/example_dags/example_complex.py
[2021-12-02 14:55:30,193] {logging_mixin.py:104} INFO - [2021-12-02 14:55:30,193] {dag.py:1832} INFO - Sync 1 DAGs
[2021-12-02 14:55:30,216] {logging_mixin.py:104} INFO - [2021-12-02 14:55:30,216] {dag.py:2305} INFO - Setting next_dagrun for example_complex to None
[2021-12-02 14:55:30,249] {scheduler_job.py:190} INFO - Processing /home/agalli/sandbox/lib/python3.6/site-packages/airflow/example_dags/example_complex.py took 0.169 seconds
[2021-12-02 14:56:09,543] {scheduler_job.py:182} INFO - Started process (PID=1980) to work on /home/agalli/sandbox/lib/python3.6/site-packages/airflow/example_dags/example_complex.py
[2021-12-02 14:56:09,546] {scheduler_job.py:633} INFO - Processing file /home/agalli/sandbox/lib/python3.6/site-packages/airflow/example_dags/example_complex.py for tasks to queue
[2021-12-02 14:56:09,547] {logging_mixin.py:104} INFO - [2021-12-02 14:56:09,547] {dagbag.py:487} INFO - Filling up the DagBag from /home/agalli/sandbox/lib/python3.6/site-packages/airflow/example_dags/example_complex.py
[2021-12-02 14:56:09,606] {scheduler_job.py:643} INFO - DAG(s) dict_keys(['example_complex']) retrieved from /home/agalli/sandbox/lib/python3.6/site-packages/airflow/example_dags/example_complex.py
[2021-12-02 14:56:09,645] {logging_mixin.py:104} INFO - [2021-12-02 14:56:09,645] {dag.py:1832} INFO - Sync 1 DAGs
[2021-12-02 14:56:09,662] {logging_mixin.py:104} INFO - [2021-12-02 14:56:09,662] {dag.py:2305} INFO - Setting next_dagrun for example_complex to None
[2021-12-02 14:56:09,695] {scheduler_job.py:190} INFO - Processing /home/agalli/sandbox/lib/python3.6/site-packages/airflow/example_dags/example_complex.py took 0.158 seconds
[2021-12-02 14:56:55,807] {scheduler_job.py:182} INFO - Started process (PID=2014) to work on /home/agalli/sandbox/lib/python3.6/site-packages/airflow/example_dags/example_complex.py
[2021-12-02 14:56:55,808] {scheduler_job.py:633} INFO - Processing file /home/agalli/sandbox/lib/python3.6/site-packages/airflow/example_dags/example_complex.py for tasks to queue
[2021-12-02 14:56:55,811] {logging_mixin.py:104} INFO - [2021-12-02 14:56:55,810] {dagbag.py:487} INFO - Filling up the DagBag from /home/agalli/sandbox/lib/python3.6/site-packages/airflow/example_dags/example_complex.py
[2021-12-02 14:56:55,856] {scheduler_job.py:643} INFO - DAG(s) dict_keys(['example_complex']) retrieved from /home/agalli/sandbox/lib/python3.6/site-packages/airflow/example_dags/example_complex.py
[2021-12-02 14:56:55,921] {logging_mixin.py:104} INFO - [2021-12-02 14:56:55,921] {dag.py:1832} INFO - Sync 1 DAGs
[2021-12-02 14:56:55,955] {logging_mixin.py:104} INFO - [2021-12-02 14:56:55,954] {dag.py:2305} INFO - Setting next_dagrun for example_complex to None
[2021-12-02 14:56:56,007] {scheduler_job.py:190} INFO - Processing /home/agalli/sandbox/lib/python3.6/site-packages/airflow/example_dags/example_complex.py took 0.205 seconds
[2021-12-02 14:57:34,280] {scheduler_job.py:182} INFO - Started process (PID=2045) to work on /home/agalli/sandbox/lib/python3.6/site-packages/airflow/example_dags/example_complex.py
[2021-12-02 14:57:34,284] {scheduler_job.py:633} INFO - Processing file /home/agalli/sandbox/lib/python3.6/site-packages/airflow/example_dags/example_complex.py for tasks to queue
[2021-12-02 14:57:34,286] {logging_mixin.py:104} INFO - [2021-12-02 14:57:34,285] {dagbag.py:487} INFO - Filling up the DagBag from /home/agalli/sandbox/lib/python3.6/site-packages/airflow/example_dags/example_complex.py
[2021-12-02 14:57:34,342] {scheduler_job.py:643} INFO - DAG(s) dict_keys(['example_complex']) retrieved from /home/agalli/sandbox/lib/python3.6/site-packages/airflow/example_dags/example_complex.py
[2021-12-02 14:57:34,393] {logging_mixin.py:104} INFO - [2021-12-02 14:57:34,393] {dag.py:1832} INFO - Sync 1 DAGs
[2021-12-02 14:57:34,429] {logging_mixin.py:104} INFO - [2021-12-02 14:57:34,428] {dag.py:2305} INFO - Setting next_dagrun for example_complex to None
[2021-12-02 14:57:34,488] {scheduler_job.py:190} INFO - Processing /home/agalli/sandbox/lib/python3.6/site-packages/airflow/example_dags/example_complex.py took 0.218 seconds
[2021-12-02 14:58:19,541] {scheduler_job.py:182} INFO - Started process (PID=2077) to work on /home/agalli/sandbox/lib/python3.6/site-packages/airflow/example_dags/example_complex.py
[2021-12-02 14:58:19,546] {scheduler_job.py:633} INFO - Processing file /home/agalli/sandbox/lib/python3.6/site-packages/airflow/example_dags/example_complex.py for tasks to queue
[2021-12-02 14:58:19,547] {logging_mixin.py:104} INFO - [2021-12-02 14:58:19,547] {dagbag.py:487} INFO - Filling up the DagBag from /home/agalli/sandbox/lib/python3.6/site-packages/airflow/example_dags/example_complex.py
[2021-12-02 14:58:19,607] {scheduler_job.py:643} INFO - DAG(s) dict_keys(['example_complex']) retrieved from /home/agalli/sandbox/lib/python3.6/site-packages/airflow/example_dags/example_complex.py
[2021-12-02 14:58:19,681] {logging_mixin.py:104} INFO - [2021-12-02 14:58:19,681] {dag.py:1832} INFO - Sync 1 DAGs
[2021-12-02 14:58:19,770] {logging_mixin.py:104} INFO - [2021-12-02 14:58:19,769] {dag.py:2305} INFO - Setting next_dagrun for example_complex to None
[2021-12-02 14:58:19,816] {scheduler_job.py:190} INFO - Processing /home/agalli/sandbox/lib/python3.6/site-packages/airflow/example_dags/example_complex.py took 0.285 seconds
[2021-12-02 14:59:41,414] {scheduler_job.py:182} INFO - Started process (PID=2119) to work on /home/agalli/sandbox/lib/python3.6/site-packages/airflow/example_dags/example_complex.py
[2021-12-02 14:59:41,416] {scheduler_job.py:633} INFO - Processing file /home/agalli/sandbox/lib/python3.6/site-packages/airflow/example_dags/example_complex.py for tasks to queue
[2021-12-02 14:59:41,418] {logging_mixin.py:104} INFO - [2021-12-02 14:59:41,417] {dagbag.py:487} INFO - Filling up the DagBag from /home/agalli/sandbox/lib/python3.6/site-packages/airflow/example_dags/example_complex.py
[2021-12-02 14:59:41,477] {scheduler_job.py:643} INFO - DAG(s) dict_keys(['example_complex']) retrieved from /home/agalli/sandbox/lib/python3.6/site-packages/airflow/example_dags/example_complex.py
[2021-12-02 14:59:41,551] {logging_mixin.py:104} INFO - [2021-12-02 14:59:41,551] {dag.py:1832} INFO - Sync 1 DAGs
[2021-12-02 14:59:41,612] {logging_mixin.py:104} INFO - [2021-12-02 14:59:41,612] {dag.py:2305} INFO - Setting next_dagrun for example_complex to None
[2021-12-02 14:59:41,684] {scheduler_job.py:190} INFO - Processing /home/agalli/sandbox/lib/python3.6/site-packages/airflow/example_dags/example_complex.py took 0.280 seconds
[2021-12-02 15:00:25,540] {scheduler_job.py:182} INFO - Started process (PID=2152) to work on /home/agalli/sandbox/lib/python3.6/site-packages/airflow/example_dags/example_complex.py
[2021-12-02 15:00:25,542] {scheduler_job.py:633} INFO - Processing file /home/agalli/sandbox/lib/python3.6/site-packages/airflow/example_dags/example_complex.py for tasks to queue
[2021-12-02 15:00:25,542] {logging_mixin.py:104} INFO - [2021-12-02 15:00:25,542] {dagbag.py:487} INFO - Filling up the DagBag from /home/agalli/sandbox/lib/python3.6/site-packages/airflow/example_dags/example_complex.py
[2021-12-02 15:00:25,603] {scheduler_job.py:643} INFO - DAG(s) dict_keys(['example_complex']) retrieved from /home/agalli/sandbox/lib/python3.6/site-packages/airflow/example_dags/example_complex.py
[2021-12-02 15:00:25,672] {logging_mixin.py:104} INFO - [2021-12-02 15:00:25,672] {dag.py:1832} INFO - Sync 1 DAGs
[2021-12-02 15:00:25,699] {logging_mixin.py:104} INFO - [2021-12-02 15:00:25,698] {dag.py:2305} INFO - Setting next_dagrun for example_complex to None
[2021-12-02 15:00:25,725] {scheduler_job.py:190} INFO - Processing /home/agalli/sandbox/lib/python3.6/site-packages/airflow/example_dags/example_complex.py took 0.188 seconds
[2021-12-02 15:01:11,198] {scheduler_job.py:182} INFO - Started process (PID=2186) to work on /home/agalli/sandbox/lib/python3.6/site-packages/airflow/example_dags/example_complex.py
[2021-12-02 15:01:11,201] {scheduler_job.py:633} INFO - Processing file /home/agalli/sandbox/lib/python3.6/site-packages/airflow/example_dags/example_complex.py for tasks to queue
[2021-12-02 15:01:11,209] {logging_mixin.py:104} INFO - [2021-12-02 15:01:11,209] {dagbag.py:487} INFO - Filling up the DagBag from /home/agalli/sandbox/lib/python3.6/site-packages/airflow/example_dags/example_complex.py
[2021-12-02 15:01:11,472] {scheduler_job.py:643} INFO - DAG(s) dict_keys(['example_complex']) retrieved from /home/agalli/sandbox/lib/python3.6/site-packages/airflow/example_dags/example_complex.py
[2021-12-02 15:01:11,524] {logging_mixin.py:104} INFO - [2021-12-02 15:01:11,524] {dag.py:1832} INFO - Sync 1 DAGs
[2021-12-02 15:01:11,552] {logging_mixin.py:104} INFO - [2021-12-02 15:01:11,552] {dag.py:2305} INFO - Setting next_dagrun for example_complex to None
[2021-12-02 15:01:11,593] {scheduler_job.py:190} INFO - Processing /home/agalli/sandbox/lib/python3.6/site-packages/airflow/example_dags/example_complex.py took 0.410 seconds
[2021-12-02 15:04:32,207] {scheduler_job.py:182} INFO - Started process (PID=2313) to work on /home/agalli/sandbox/lib/python3.6/site-packages/airflow/example_dags/example_complex.py
[2021-12-02 15:04:32,220] {scheduler_job.py:633} INFO - Processing file /home/agalli/sandbox/lib/python3.6/site-packages/airflow/example_dags/example_complex.py for tasks to queue
[2021-12-02 15:04:32,223] {logging_mixin.py:104} INFO - [2021-12-02 15:04:32,222] {dagbag.py:487} INFO - Filling up the DagBag from /home/agalli/sandbox/lib/python3.6/site-packages/airflow/example_dags/example_complex.py
[2021-12-02 15:04:32,278] {scheduler_job.py:643} INFO - DAG(s) dict_keys(['example_complex']) retrieved from /home/agalli/sandbox/lib/python3.6/site-packages/airflow/example_dags/example_complex.py
[2021-12-02 15:04:32,317] {logging_mixin.py:104} INFO - [2021-12-02 15:04:32,317] {dag.py:1832} INFO - Sync 1 DAGs
[2021-12-02 15:04:32,345] {logging_mixin.py:104} INFO - [2021-12-02 15:04:32,345] {dag.py:2305} INFO - Setting next_dagrun for example_complex to None
[2021-12-02 15:04:32,396] {scheduler_job.py:190} INFO - Processing /home/agalli/sandbox/lib/python3.6/site-packages/airflow/example_dags/example_complex.py took 0.199 seconds
[2021-12-02 15:05:23,187] {scheduler_job.py:182} INFO - Started process (PID=2347) to work on /home/agalli/sandbox/lib/python3.6/site-packages/airflow/example_dags/example_complex.py
[2021-12-02 15:05:23,266] {scheduler_job.py:633} INFO - Processing file /home/agalli/sandbox/lib/python3.6/site-packages/airflow/example_dags/example_complex.py for tasks to queue
[2021-12-02 15:05:23,281] {logging_mixin.py:104} INFO - [2021-12-02 15:05:23,270] {dagbag.py:487} INFO - Filling up the DagBag from /home/agalli/sandbox/lib/python3.6/site-packages/airflow/example_dags/example_complex.py
[2021-12-02 15:05:23,386] {scheduler_job.py:643} INFO - DAG(s) dict_keys(['example_complex']) retrieved from /home/agalli/sandbox/lib/python3.6/site-packages/airflow/example_dags/example_complex.py
[2021-12-02 15:05:23,431] {logging_mixin.py:104} INFO - [2021-12-02 15:05:23,431] {dag.py:1832} INFO - Sync 1 DAGs
[2021-12-02 15:05:23,498] {logging_mixin.py:104} INFO - [2021-12-02 15:05:23,498] {dag.py:2305} INFO - Setting next_dagrun for example_complex to None
[2021-12-02 15:05:23,753] {scheduler_job.py:190} INFO - Processing /home/agalli/sandbox/lib/python3.6/site-packages/airflow/example_dags/example_complex.py took 0.625 seconds
[2021-12-02 15:06:13,149] {scheduler_job.py:182} INFO - Started process (PID=2380) to work on /home/agalli/sandbox/lib/python3.6/site-packages/airflow/example_dags/example_complex.py
[2021-12-02 15:06:13,151] {scheduler_job.py:633} INFO - Processing file /home/agalli/sandbox/lib/python3.6/site-packages/airflow/example_dags/example_complex.py for tasks to queue
[2021-12-02 15:06:13,152] {logging_mixin.py:104} INFO - [2021-12-02 15:06:13,152] {dagbag.py:487} INFO - Filling up the DagBag from /home/agalli/sandbox/lib/python3.6/site-packages/airflow/example_dags/example_complex.py
[2021-12-02 15:06:13,187] {scheduler_job.py:643} INFO - DAG(s) dict_keys(['example_complex']) retrieved from /home/agalli/sandbox/lib/python3.6/site-packages/airflow/example_dags/example_complex.py
[2021-12-02 15:06:13,223] {logging_mixin.py:104} INFO - [2021-12-02 15:06:13,222] {dag.py:1832} INFO - Sync 1 DAGs
[2021-12-02 15:06:13,247] {logging_mixin.py:104} INFO - [2021-12-02 15:06:13,246] {dag.py:2305} INFO - Setting next_dagrun for example_complex to None
[2021-12-02 15:06:13,272] {scheduler_job.py:190} INFO - Processing /home/agalli/sandbox/lib/python3.6/site-packages/airflow/example_dags/example_complex.py took 0.135 seconds
[2021-12-02 15:06:57,154] {scheduler_job.py:182} INFO - Started process (PID=2411) to work on /home/agalli/sandbox/lib/python3.6/site-packages/airflow/example_dags/example_complex.py
[2021-12-02 15:06:57,175] {scheduler_job.py:633} INFO - Processing file /home/agalli/sandbox/lib/python3.6/site-packages/airflow/example_dags/example_complex.py for tasks to queue
[2021-12-02 15:06:57,181] {logging_mixin.py:104} INFO - [2021-12-02 15:06:57,180] {dagbag.py:487} INFO - Filling up the DagBag from /home/agalli/sandbox/lib/python3.6/site-packages/airflow/example_dags/example_complex.py
[2021-12-02 15:06:57,447] {scheduler_job.py:643} INFO - DAG(s) dict_keys(['example_complex']) retrieved from /home/agalli/sandbox/lib/python3.6/site-packages/airflow/example_dags/example_complex.py
[2021-12-02 15:06:57,517] {logging_mixin.py:104} INFO - [2021-12-02 15:06:57,517] {dag.py:1832} INFO - Sync 1 DAGs
[2021-12-02 15:06:57,544] {logging_mixin.py:104} INFO - [2021-12-02 15:06:57,544] {dag.py:2305} INFO - Setting next_dagrun for example_complex to None
[2021-12-02 15:06:57,574] {scheduler_job.py:190} INFO - Processing /home/agalli/sandbox/lib/python3.6/site-packages/airflow/example_dags/example_complex.py took 0.441 seconds
[2021-12-02 15:07:42,592] {scheduler_job.py:182} INFO - Started process (PID=2443) to work on /home/agalli/sandbox/lib/python3.6/site-packages/airflow/example_dags/example_complex.py
[2021-12-02 15:07:42,594] {scheduler_job.py:633} INFO - Processing file /home/agalli/sandbox/lib/python3.6/site-packages/airflow/example_dags/example_complex.py for tasks to queue
[2021-12-02 15:07:42,595] {logging_mixin.py:104} INFO - [2021-12-02 15:07:42,595] {dagbag.py:487} INFO - Filling up the DagBag from /home/agalli/sandbox/lib/python3.6/site-packages/airflow/example_dags/example_complex.py
[2021-12-02 15:07:42,635] {scheduler_job.py:643} INFO - DAG(s) dict_keys(['example_complex']) retrieved from /home/agalli/sandbox/lib/python3.6/site-packages/airflow/example_dags/example_complex.py
[2021-12-02 15:07:42,692] {logging_mixin.py:104} INFO - [2021-12-02 15:07:42,692] {dag.py:1832} INFO - Sync 1 DAGs
[2021-12-02 15:07:42,711] {logging_mixin.py:104} INFO - [2021-12-02 15:07:42,711] {dag.py:2305} INFO - Setting next_dagrun for example_complex to None
[2021-12-02 15:07:42,748] {scheduler_job.py:190} INFO - Processing /home/agalli/sandbox/lib/python3.6/site-packages/airflow/example_dags/example_complex.py took 0.164 seconds
[2021-12-02 15:08:37,327] {scheduler_job.py:182} INFO - Started process (PID=2477) to work on /home/agalli/sandbox/lib/python3.6/site-packages/airflow/example_dags/example_complex.py
[2021-12-02 15:08:37,332] {scheduler_job.py:633} INFO - Processing file /home/agalli/sandbox/lib/python3.6/site-packages/airflow/example_dags/example_complex.py for tasks to queue
[2021-12-02 15:08:37,333] {logging_mixin.py:104} INFO - [2021-12-02 15:08:37,333] {dagbag.py:487} INFO - Filling up the DagBag from /home/agalli/sandbox/lib/python3.6/site-packages/airflow/example_dags/example_complex.py
[2021-12-02 15:08:37,453] {scheduler_job.py:643} INFO - DAG(s) dict_keys(['example_complex']) retrieved from /home/agalli/sandbox/lib/python3.6/site-packages/airflow/example_dags/example_complex.py
[2021-12-02 15:08:37,669] {logging_mixin.py:104} INFO - [2021-12-02 15:08:37,669] {dag.py:1832} INFO - Sync 1 DAGs
[2021-12-02 15:08:37,743] {logging_mixin.py:104} INFO - [2021-12-02 15:08:37,743] {dag.py:2305} INFO - Setting next_dagrun for example_complex to None
[2021-12-02 15:08:37,870] {scheduler_job.py:190} INFO - Processing /home/agalli/sandbox/lib/python3.6/site-packages/airflow/example_dags/example_complex.py took 0.561 seconds
[2021-12-02 15:09:23,957] {scheduler_job.py:182} INFO - Started process (PID=2509) to work on /home/agalli/sandbox/lib/python3.6/site-packages/airflow/example_dags/example_complex.py
[2021-12-02 15:09:23,963] {scheduler_job.py:633} INFO - Processing file /home/agalli/sandbox/lib/python3.6/site-packages/airflow/example_dags/example_complex.py for tasks to queue
[2021-12-02 15:09:23,965] {logging_mixin.py:104} INFO - [2021-12-02 15:09:23,965] {dagbag.py:487} INFO - Filling up the DagBag from /home/agalli/sandbox/lib/python3.6/site-packages/airflow/example_dags/example_complex.py
[2021-12-02 15:09:24,134] {scheduler_job.py:643} INFO - DAG(s) dict_keys(['example_complex']) retrieved from /home/agalli/sandbox/lib/python3.6/site-packages/airflow/example_dags/example_complex.py
[2021-12-02 15:09:24,355] {logging_mixin.py:104} INFO - [2021-12-02 15:09:24,355] {dag.py:1832} INFO - Sync 1 DAGs
[2021-12-02 15:09:24,473] {logging_mixin.py:104} INFO - [2021-12-02 15:09:24,472] {dag.py:2305} INFO - Setting next_dagrun for example_complex to None
[2021-12-02 15:09:24,635] {scheduler_job.py:190} INFO - Processing /home/agalli/sandbox/lib/python3.6/site-packages/airflow/example_dags/example_complex.py took 0.691 seconds
[2021-12-02 15:10:03,031] {scheduler_job.py:182} INFO - Started process (PID=2540) to work on /home/agalli/sandbox/lib/python3.6/site-packages/airflow/example_dags/example_complex.py
[2021-12-02 15:10:03,032] {scheduler_job.py:633} INFO - Processing file /home/agalli/sandbox/lib/python3.6/site-packages/airflow/example_dags/example_complex.py for tasks to queue
[2021-12-02 15:10:03,033] {logging_mixin.py:104} INFO - [2021-12-02 15:10:03,033] {dagbag.py:487} INFO - Filling up the DagBag from /home/agalli/sandbox/lib/python3.6/site-packages/airflow/example_dags/example_complex.py
[2021-12-02 15:10:03,061] {scheduler_job.py:643} INFO - DAG(s) dict_keys(['example_complex']) retrieved from /home/agalli/sandbox/lib/python3.6/site-packages/airflow/example_dags/example_complex.py
[2021-12-02 15:10:03,099] {logging_mixin.py:104} INFO - [2021-12-02 15:10:03,099] {dag.py:1832} INFO - Sync 1 DAGs
[2021-12-02 15:10:03,119] {logging_mixin.py:104} INFO - [2021-12-02 15:10:03,118] {dag.py:2305} INFO - Setting next_dagrun for example_complex to None
[2021-12-02 15:10:03,154] {scheduler_job.py:190} INFO - Processing /home/agalli/sandbox/lib/python3.6/site-packages/airflow/example_dags/example_complex.py took 0.129 seconds
[2021-12-02 15:10:43,010] {scheduler_job.py:182} INFO - Started process (PID=2574) to work on /home/agalli/sandbox/lib/python3.6/site-packages/airflow/example_dags/example_complex.py
[2021-12-02 15:10:43,013] {scheduler_job.py:633} INFO - Processing file /home/agalli/sandbox/lib/python3.6/site-packages/airflow/example_dags/example_complex.py for tasks to queue
[2021-12-02 15:10:43,014] {logging_mixin.py:104} INFO - [2021-12-02 15:10:43,014] {dagbag.py:487} INFO - Filling up the DagBag from /home/agalli/sandbox/lib/python3.6/site-packages/airflow/example_dags/example_complex.py
[2021-12-02 15:10:43,047] {scheduler_job.py:643} INFO - DAG(s) dict_keys(['example_complex']) retrieved from /home/agalli/sandbox/lib/python3.6/site-packages/airflow/example_dags/example_complex.py
[2021-12-02 15:10:43,079] {logging_mixin.py:104} INFO - [2021-12-02 15:10:43,078] {dag.py:1832} INFO - Sync 1 DAGs
[2021-12-02 15:10:43,101] {logging_mixin.py:104} INFO - [2021-12-02 15:10:43,101] {dag.py:2305} INFO - Setting next_dagrun for example_complex to None
[2021-12-02 15:10:43,137] {scheduler_job.py:190} INFO - Processing /home/agalli/sandbox/lib/python3.6/site-packages/airflow/example_dags/example_complex.py took 0.137 seconds
[2021-12-02 15:11:19,613] {scheduler_job.py:182} INFO - Started process (PID=2606) to work on /home/agalli/sandbox/lib/python3.6/site-packages/airflow/example_dags/example_complex.py
[2021-12-02 15:11:19,614] {scheduler_job.py:633} INFO - Processing file /home/agalli/sandbox/lib/python3.6/site-packages/airflow/example_dags/example_complex.py for tasks to queue
[2021-12-02 15:11:19,615] {logging_mixin.py:104} INFO - [2021-12-02 15:11:19,614] {dagbag.py:487} INFO - Filling up the DagBag from /home/agalli/sandbox/lib/python3.6/site-packages/airflow/example_dags/example_complex.py
[2021-12-02 15:11:19,632] {scheduler_job.py:643} INFO - DAG(s) dict_keys(['example_complex']) retrieved from /home/agalli/sandbox/lib/python3.6/site-packages/airflow/example_dags/example_complex.py
[2021-12-02 15:11:19,654] {logging_mixin.py:104} INFO - [2021-12-02 15:11:19,654] {dag.py:1832} INFO - Sync 1 DAGs
[2021-12-02 15:11:19,672] {logging_mixin.py:104} INFO - [2021-12-02 15:11:19,672] {dag.py:2305} INFO - Setting next_dagrun for example_complex to None
[2021-12-02 15:11:19,697] {scheduler_job.py:190} INFO - Processing /home/agalli/sandbox/lib/python3.6/site-packages/airflow/example_dags/example_complex.py took 0.087 seconds
[2021-12-02 15:11:56,523] {scheduler_job.py:182} INFO - Started process (PID=2639) to work on /home/agalli/sandbox/lib/python3.6/site-packages/airflow/example_dags/example_complex.py
[2021-12-02 15:11:56,525] {scheduler_job.py:633} INFO - Processing file /home/agalli/sandbox/lib/python3.6/site-packages/airflow/example_dags/example_complex.py for tasks to queue
[2021-12-02 15:11:56,526] {logging_mixin.py:104} INFO - [2021-12-02 15:11:56,526] {dagbag.py:487} INFO - Filling up the DagBag from /home/agalli/sandbox/lib/python3.6/site-packages/airflow/example_dags/example_complex.py
[2021-12-02 15:11:56,555] {scheduler_job.py:643} INFO - DAG(s) dict_keys(['example_complex']) retrieved from /home/agalli/sandbox/lib/python3.6/site-packages/airflow/example_dags/example_complex.py
[2021-12-02 15:11:56,589] {logging_mixin.py:104} INFO - [2021-12-02 15:11:56,589] {dag.py:1832} INFO - Sync 1 DAGs
[2021-12-02 15:11:56,606] {logging_mixin.py:104} INFO - [2021-12-02 15:11:56,606] {dag.py:2305} INFO - Setting next_dagrun for example_complex to None
[2021-12-02 15:11:56,630] {scheduler_job.py:190} INFO - Processing /home/agalli/sandbox/lib/python3.6/site-packages/airflow/example_dags/example_complex.py took 0.112 seconds
[2021-12-02 15:12:31,775] {scheduler_job.py:182} INFO - Started process (PID=2670) to work on /home/agalli/sandbox/lib/python3.6/site-packages/airflow/example_dags/example_complex.py
[2021-12-02 15:12:31,777] {scheduler_job.py:633} INFO - Processing file /home/agalli/sandbox/lib/python3.6/site-packages/airflow/example_dags/example_complex.py for tasks to queue
[2021-12-02 15:12:31,778] {logging_mixin.py:104} INFO - [2021-12-02 15:12:31,778] {dagbag.py:487} INFO - Filling up the DagBag from /home/agalli/sandbox/lib/python3.6/site-packages/airflow/example_dags/example_complex.py
[2021-12-02 15:12:31,798] {scheduler_job.py:643} INFO - DAG(s) dict_keys(['example_complex']) retrieved from /home/agalli/sandbox/lib/python3.6/site-packages/airflow/example_dags/example_complex.py
[2021-12-02 15:12:31,822] {logging_mixin.py:104} INFO - [2021-12-02 15:12:31,822] {dag.py:1832} INFO - Sync 1 DAGs
[2021-12-02 15:12:31,834] {logging_mixin.py:104} INFO - [2021-12-02 15:12:31,833] {dag.py:2305} INFO - Setting next_dagrun for example_complex to None
[2021-12-02 15:12:31,851] {scheduler_job.py:190} INFO - Processing /home/agalli/sandbox/lib/python3.6/site-packages/airflow/example_dags/example_complex.py took 0.080 seconds
[2021-12-02 15:13:07,155] {scheduler_job.py:182} INFO - Started process (PID=2701) to work on /home/agalli/sandbox/lib/python3.6/site-packages/airflow/example_dags/example_complex.py
[2021-12-02 15:13:07,156] {scheduler_job.py:633} INFO - Processing file /home/agalli/sandbox/lib/python3.6/site-packages/airflow/example_dags/example_complex.py for tasks to queue
[2021-12-02 15:13:07,157] {logging_mixin.py:104} INFO - [2021-12-02 15:13:07,156] {dagbag.py:487} INFO - Filling up the DagBag from /home/agalli/sandbox/lib/python3.6/site-packages/airflow/example_dags/example_complex.py
[2021-12-02 15:13:07,177] {scheduler_job.py:643} INFO - DAG(s) dict_keys(['example_complex']) retrieved from /home/agalli/sandbox/lib/python3.6/site-packages/airflow/example_dags/example_complex.py
[2021-12-02 15:13:07,212] {logging_mixin.py:104} INFO - [2021-12-02 15:13:07,212] {dag.py:1832} INFO - Sync 1 DAGs
[2021-12-02 15:13:07,226] {logging_mixin.py:104} INFO - [2021-12-02 15:13:07,226] {dag.py:2305} INFO - Setting next_dagrun for example_complex to None
[2021-12-02 15:13:07,249] {scheduler_job.py:190} INFO - Processing /home/agalli/sandbox/lib/python3.6/site-packages/airflow/example_dags/example_complex.py took 0.098 seconds
[2021-12-02 15:13:42,116] {scheduler_job.py:182} INFO - Started process (PID=2733) to work on /home/agalli/sandbox/lib/python3.6/site-packages/airflow/example_dags/example_complex.py
[2021-12-02 15:13:42,117] {scheduler_job.py:633} INFO - Processing file /home/agalli/sandbox/lib/python3.6/site-packages/airflow/example_dags/example_complex.py for tasks to queue
[2021-12-02 15:13:42,118] {logging_mixin.py:104} INFO - [2021-12-02 15:13:42,118] {dagbag.py:487} INFO - Filling up the DagBag from /home/agalli/sandbox/lib/python3.6/site-packages/airflow/example_dags/example_complex.py
[2021-12-02 15:13:42,139] {scheduler_job.py:643} INFO - DAG(s) dict_keys(['example_complex']) retrieved from /home/agalli/sandbox/lib/python3.6/site-packages/airflow/example_dags/example_complex.py
[2021-12-02 15:13:42,163] {logging_mixin.py:104} INFO - [2021-12-02 15:13:42,163] {dag.py:1832} INFO - Sync 1 DAGs
[2021-12-02 15:13:42,177] {logging_mixin.py:104} INFO - [2021-12-02 15:13:42,177] {dag.py:2305} INFO - Setting next_dagrun for example_complex to None
[2021-12-02 15:13:42,199] {scheduler_job.py:190} INFO - Processing /home/agalli/sandbox/lib/python3.6/site-packages/airflow/example_dags/example_complex.py took 0.087 seconds
[2021-12-02 15:14:16,238] {scheduler_job.py:182} INFO - Started process (PID=2764) to work on /home/agalli/sandbox/lib/python3.6/site-packages/airflow/example_dags/example_complex.py
[2021-12-02 15:14:16,239] {scheduler_job.py:633} INFO - Processing file /home/agalli/sandbox/lib/python3.6/site-packages/airflow/example_dags/example_complex.py for tasks to queue
[2021-12-02 15:14:16,240] {logging_mixin.py:104} INFO - [2021-12-02 15:14:16,240] {dagbag.py:487} INFO - Filling up the DagBag from /home/agalli/sandbox/lib/python3.6/site-packages/airflow/example_dags/example_complex.py
[2021-12-02 15:14:16,264] {scheduler_job.py:643} INFO - DAG(s) dict_keys(['example_complex']) retrieved from /home/agalli/sandbox/lib/python3.6/site-packages/airflow/example_dags/example_complex.py
[2021-12-02 15:14:16,286] {logging_mixin.py:104} INFO - [2021-12-02 15:14:16,286] {dag.py:1832} INFO - Sync 1 DAGs
[2021-12-02 15:14:16,298] {logging_mixin.py:104} INFO - [2021-12-02 15:14:16,298] {dag.py:2305} INFO - Setting next_dagrun for example_complex to None
[2021-12-02 15:14:16,319] {scheduler_job.py:190} INFO - Processing /home/agalli/sandbox/lib/python3.6/site-packages/airflow/example_dags/example_complex.py took 0.084 seconds
[2021-12-02 15:14:52,840] {scheduler_job.py:182} INFO - Started process (PID=2795) to work on /home/agalli/sandbox/lib/python3.6/site-packages/airflow/example_dags/example_complex.py
[2021-12-02 15:14:52,841] {scheduler_job.py:633} INFO - Processing file /home/agalli/sandbox/lib/python3.6/site-packages/airflow/example_dags/example_complex.py for tasks to queue
[2021-12-02 15:14:52,842] {logging_mixin.py:104} INFO - [2021-12-02 15:14:52,842] {dagbag.py:487} INFO - Filling up the DagBag from /home/agalli/sandbox/lib/python3.6/site-packages/airflow/example_dags/example_complex.py
[2021-12-02 15:14:52,861] {scheduler_job.py:643} INFO - DAG(s) dict_keys(['example_complex']) retrieved from /home/agalli/sandbox/lib/python3.6/site-packages/airflow/example_dags/example_complex.py
[2021-12-02 15:14:52,882] {logging_mixin.py:104} INFO - [2021-12-02 15:14:52,881] {dag.py:1832} INFO - Sync 1 DAGs
[2021-12-02 15:14:52,893] {logging_mixin.py:104} INFO - [2021-12-02 15:14:52,893] {dag.py:2305} INFO - Setting next_dagrun for example_complex to None
[2021-12-02 15:14:52,912] {scheduler_job.py:190} INFO - Processing /home/agalli/sandbox/lib/python3.6/site-packages/airflow/example_dags/example_complex.py took 0.076 seconds
[2021-12-02 15:15:32,434] {scheduler_job.py:182} INFO - Started process (PID=2827) to work on /home/agalli/sandbox/lib/python3.6/site-packages/airflow/example_dags/example_complex.py
[2021-12-02 15:15:32,440] {scheduler_job.py:633} INFO - Processing file /home/agalli/sandbox/lib/python3.6/site-packages/airflow/example_dags/example_complex.py for tasks to queue
[2021-12-02 15:15:32,441] {logging_mixin.py:104} INFO - [2021-12-02 15:15:32,441] {dagbag.py:487} INFO - Filling up the DagBag from /home/agalli/sandbox/lib/python3.6/site-packages/airflow/example_dags/example_complex.py
[2021-12-02 15:15:32,474] {scheduler_job.py:643} INFO - DAG(s) dict_keys(['example_complex']) retrieved from /home/agalli/sandbox/lib/python3.6/site-packages/airflow/example_dags/example_complex.py
[2021-12-02 15:15:32,511] {logging_mixin.py:104} INFO - [2021-12-02 15:15:32,511] {dag.py:1832} INFO - Sync 1 DAGs
[2021-12-02 15:15:32,530] {logging_mixin.py:104} INFO - [2021-12-02 15:15:32,530] {dag.py:2305} INFO - Setting next_dagrun for example_complex to None
[2021-12-02 15:15:32,570] {scheduler_job.py:190} INFO - Processing /home/agalli/sandbox/lib/python3.6/site-packages/airflow/example_dags/example_complex.py took 0.142 seconds
[2021-12-02 15:16:10,761] {scheduler_job.py:182} INFO - Started process (PID=2860) to work on /home/agalli/sandbox/lib/python3.6/site-packages/airflow/example_dags/example_complex.py
[2021-12-02 15:16:10,763] {scheduler_job.py:633} INFO - Processing file /home/agalli/sandbox/lib/python3.6/site-packages/airflow/example_dags/example_complex.py for tasks to queue
[2021-12-02 15:16:10,764] {logging_mixin.py:104} INFO - [2021-12-02 15:16:10,764] {dagbag.py:487} INFO - Filling up the DagBag from /home/agalli/sandbox/lib/python3.6/site-packages/airflow/example_dags/example_complex.py
[2021-12-02 15:16:10,787] {scheduler_job.py:643} INFO - DAG(s) dict_keys(['example_complex']) retrieved from /home/agalli/sandbox/lib/python3.6/site-packages/airflow/example_dags/example_complex.py
[2021-12-02 15:16:10,818] {logging_mixin.py:104} INFO - [2021-12-02 15:16:10,818] {dag.py:1832} INFO - Sync 1 DAGs
[2021-12-02 15:16:10,838] {logging_mixin.py:104} INFO - [2021-12-02 15:16:10,838] {dag.py:2305} INFO - Setting next_dagrun for example_complex to None
[2021-12-02 15:16:10,858] {scheduler_job.py:190} INFO - Processing /home/agalli/sandbox/lib/python3.6/site-packages/airflow/example_dags/example_complex.py took 0.102 seconds
[2021-12-02 15:16:46,176] {scheduler_job.py:182} INFO - Started process (PID=2892) to work on /home/agalli/sandbox/lib/python3.6/site-packages/airflow/example_dags/example_complex.py
[2021-12-02 15:16:46,177] {scheduler_job.py:633} INFO - Processing file /home/agalli/sandbox/lib/python3.6/site-packages/airflow/example_dags/example_complex.py for tasks to queue
[2021-12-02 15:16:46,178] {logging_mixin.py:104} INFO - [2021-12-02 15:16:46,178] {dagbag.py:487} INFO - Filling up the DagBag from /home/agalli/sandbox/lib/python3.6/site-packages/airflow/example_dags/example_complex.py
[2021-12-02 15:16:46,201] {scheduler_job.py:643} INFO - DAG(s) dict_keys(['example_complex']) retrieved from /home/agalli/sandbox/lib/python3.6/site-packages/airflow/example_dags/example_complex.py
[2021-12-02 15:16:46,228] {logging_mixin.py:104} INFO - [2021-12-02 15:16:46,228] {dag.py:1832} INFO - Sync 1 DAGs
[2021-12-02 15:16:46,242] {logging_mixin.py:104} INFO - [2021-12-02 15:16:46,242] {dag.py:2305} INFO - Setting next_dagrun for example_complex to None
[2021-12-02 15:16:46,265] {scheduler_job.py:190} INFO - Processing /home/agalli/sandbox/lib/python3.6/site-packages/airflow/example_dags/example_complex.py took 0.094 seconds
[2021-12-02 15:17:23,884] {scheduler_job.py:182} INFO - Started process (PID=2926) to work on /home/agalli/sandbox/lib/python3.6/site-packages/airflow/example_dags/example_complex.py
[2021-12-02 15:17:23,885] {scheduler_job.py:633} INFO - Processing file /home/agalli/sandbox/lib/python3.6/site-packages/airflow/example_dags/example_complex.py for tasks to queue
[2021-12-02 15:17:23,886] {logging_mixin.py:104} INFO - [2021-12-02 15:17:23,886] {dagbag.py:487} INFO - Filling up the DagBag from /home/agalli/sandbox/lib/python3.6/site-packages/airflow/example_dags/example_complex.py
[2021-12-02 15:17:23,905] {scheduler_job.py:643} INFO - DAG(s) dict_keys(['example_complex']) retrieved from /home/agalli/sandbox/lib/python3.6/site-packages/airflow/example_dags/example_complex.py
[2021-12-02 15:17:23,934] {logging_mixin.py:104} INFO - [2021-12-02 15:17:23,933] {dag.py:1832} INFO - Sync 1 DAGs
[2021-12-02 15:17:23,958] {logging_mixin.py:104} INFO - [2021-12-02 15:17:23,958] {dag.py:2305} INFO - Setting next_dagrun for example_complex to None
[2021-12-02 15:17:23,990] {scheduler_job.py:190} INFO - Processing /home/agalli/sandbox/lib/python3.6/site-packages/airflow/example_dags/example_complex.py took 0.110 seconds
[2021-12-02 15:17:58,766] {scheduler_job.py:182} INFO - Started process (PID=2959) to work on /home/agalli/sandbox/lib/python3.6/site-packages/airflow/example_dags/example_complex.py
[2021-12-02 15:17:58,767] {scheduler_job.py:633} INFO - Processing file /home/agalli/sandbox/lib/python3.6/site-packages/airflow/example_dags/example_complex.py for tasks to queue
[2021-12-02 15:17:58,768] {logging_mixin.py:104} INFO - [2021-12-02 15:17:58,768] {dagbag.py:487} INFO - Filling up the DagBag from /home/agalli/sandbox/lib/python3.6/site-packages/airflow/example_dags/example_complex.py
[2021-12-02 15:17:58,786] {scheduler_job.py:643} INFO - DAG(s) dict_keys(['example_complex']) retrieved from /home/agalli/sandbox/lib/python3.6/site-packages/airflow/example_dags/example_complex.py
[2021-12-02 15:17:58,808] {logging_mixin.py:104} INFO - [2021-12-02 15:17:58,808] {dag.py:1832} INFO - Sync 1 DAGs
[2021-12-02 15:17:58,820] {logging_mixin.py:104} INFO - [2021-12-02 15:17:58,820] {dag.py:2305} INFO - Setting next_dagrun for example_complex to None
[2021-12-02 15:17:58,840] {scheduler_job.py:190} INFO - Processing /home/agalli/sandbox/lib/python3.6/site-packages/airflow/example_dags/example_complex.py took 0.077 seconds
[2021-12-02 15:18:35,187] {scheduler_job.py:182} INFO - Started process (PID=2991) to work on /home/agalli/sandbox/lib/python3.6/site-packages/airflow/example_dags/example_complex.py
[2021-12-02 15:18:35,188] {scheduler_job.py:633} INFO - Processing file /home/agalli/sandbox/lib/python3.6/site-packages/airflow/example_dags/example_complex.py for tasks to queue
[2021-12-02 15:18:35,189] {logging_mixin.py:104} INFO - [2021-12-02 15:18:35,189] {dagbag.py:487} INFO - Filling up the DagBag from /home/agalli/sandbox/lib/python3.6/site-packages/airflow/example_dags/example_complex.py
[2021-12-02 15:18:35,210] {scheduler_job.py:643} INFO - DAG(s) dict_keys(['example_complex']) retrieved from /home/agalli/sandbox/lib/python3.6/site-packages/airflow/example_dags/example_complex.py
[2021-12-02 15:18:35,229] {logging_mixin.py:104} INFO - [2021-12-02 15:18:35,229] {dag.py:1832} INFO - Sync 1 DAGs
[2021-12-02 15:18:35,242] {logging_mixin.py:104} INFO - [2021-12-02 15:18:35,242] {dag.py:2305} INFO - Setting next_dagrun for example_complex to None
[2021-12-02 15:18:35,279] {scheduler_job.py:190} INFO - Processing /home/agalli/sandbox/lib/python3.6/site-packages/airflow/example_dags/example_complex.py took 0.096 seconds
[2021-12-02 15:19:08,205] {scheduler_job.py:182} INFO - Started process (PID=3022) to work on /home/agalli/sandbox/lib/python3.6/site-packages/airflow/example_dags/example_complex.py
[2021-12-02 15:19:08,207] {scheduler_job.py:633} INFO - Processing file /home/agalli/sandbox/lib/python3.6/site-packages/airflow/example_dags/example_complex.py for tasks to queue
[2021-12-02 15:19:08,207] {logging_mixin.py:104} INFO - [2021-12-02 15:19:08,207] {dagbag.py:487} INFO - Filling up the DagBag from /home/agalli/sandbox/lib/python3.6/site-packages/airflow/example_dags/example_complex.py
[2021-12-02 15:19:08,228] {scheduler_job.py:643} INFO - DAG(s) dict_keys(['example_complex']) retrieved from /home/agalli/sandbox/lib/python3.6/site-packages/airflow/example_dags/example_complex.py
[2021-12-02 15:19:08,249] {logging_mixin.py:104} INFO - [2021-12-02 15:19:08,249] {dag.py:1832} INFO - Sync 1 DAGs
[2021-12-02 15:19:08,263] {logging_mixin.py:104} INFO - [2021-12-02 15:19:08,262] {dag.py:2305} INFO - Setting next_dagrun for example_complex to None
[2021-12-02 15:19:08,289] {scheduler_job.py:190} INFO - Processing /home/agalli/sandbox/lib/python3.6/site-packages/airflow/example_dags/example_complex.py took 0.087 seconds
[2021-12-02 15:19:47,548] {scheduler_job.py:182} INFO - Started process (PID=3054) to work on /home/agalli/sandbox/lib/python3.6/site-packages/airflow/example_dags/example_complex.py
[2021-12-02 15:19:47,549] {scheduler_job.py:633} INFO - Processing file /home/agalli/sandbox/lib/python3.6/site-packages/airflow/example_dags/example_complex.py for tasks to queue
[2021-12-02 15:19:47,550] {logging_mixin.py:104} INFO - [2021-12-02 15:19:47,550] {dagbag.py:487} INFO - Filling up the DagBag from /home/agalli/sandbox/lib/python3.6/site-packages/airflow/example_dags/example_complex.py
[2021-12-02 15:19:47,574] {scheduler_job.py:643} INFO - DAG(s) dict_keys(['example_complex']) retrieved from /home/agalli/sandbox/lib/python3.6/site-packages/airflow/example_dags/example_complex.py
[2021-12-02 15:19:47,607] {logging_mixin.py:104} INFO - [2021-12-02 15:19:47,607] {dag.py:1832} INFO - Sync 1 DAGs
[2021-12-02 15:19:47,622] {logging_mixin.py:104} INFO - [2021-12-02 15:19:47,622] {dag.py:2305} INFO - Setting next_dagrun for example_complex to None
[2021-12-02 15:19:47,645] {scheduler_job.py:190} INFO - Processing /home/agalli/sandbox/lib/python3.6/site-packages/airflow/example_dags/example_complex.py took 0.100 seconds
[2021-12-02 15:20:37,564] {scheduler_job.py:182} INFO - Started process (PID=3092) to work on /home/agalli/sandbox/lib/python3.6/site-packages/airflow/example_dags/example_complex.py
[2021-12-02 15:20:37,567] {scheduler_job.py:633} INFO - Processing file /home/agalli/sandbox/lib/python3.6/site-packages/airflow/example_dags/example_complex.py for tasks to queue
[2021-12-02 15:20:37,580] {logging_mixin.py:104} INFO - [2021-12-02 15:20:37,580] {dagbag.py:487} INFO - Filling up the DagBag from /home/agalli/sandbox/lib/python3.6/site-packages/airflow/example_dags/example_complex.py
[2021-12-02 15:20:37,695] {scheduler_job.py:643} INFO - DAG(s) dict_keys(['example_complex']) retrieved from /home/agalli/sandbox/lib/python3.6/site-packages/airflow/example_dags/example_complex.py
[2021-12-02 15:20:37,853] {logging_mixin.py:104} INFO - [2021-12-02 15:20:37,853] {dag.py:1832} INFO - Sync 1 DAGs
[2021-12-02 15:20:37,920] {logging_mixin.py:104} INFO - [2021-12-02 15:20:37,919] {dag.py:2305} INFO - Setting next_dagrun for example_complex to None
[2021-12-02 15:20:38,199] {scheduler_job.py:190} INFO - Processing /home/agalli/sandbox/lib/python3.6/site-packages/airflow/example_dags/example_complex.py took 0.662 seconds
