[2021-12-02 14:51:10,885] {scheduler_job.py:182} INFO - Started process (PID=1574) to work on /home/agalli/sandbox/lib/python3.6/site-packages/airflow/example_dags/example_xcomargs.py
[2021-12-02 14:51:10,887] {scheduler_job.py:633} INFO - Processing file /home/agalli/sandbox/lib/python3.6/site-packages/airflow/example_dags/example_xcomargs.py for tasks to queue
[2021-12-02 14:51:10,888] {logging_mixin.py:104} INFO - [2021-12-02 14:51:10,888] {dagbag.py:487} INFO - Filling up the DagBag from /home/agalli/sandbox/lib/python3.6/site-packages/airflow/example_dags/example_xcomargs.py
[2021-12-02 14:51:10,916] {scheduler_job.py:643} INFO - DAG(s) dict_keys(['example_xcom_args', 'example_xcom_args_with_operators']) retrieved from /home/agalli/sandbox/lib/python3.6/site-packages/airflow/example_dags/example_xcomargs.py
[2021-12-02 14:51:12,656] {logging_mixin.py:104} INFO - [2021-12-02 14:51:12,656] {dag.py:1832} INFO - Sync 2 DAGs
[2021-12-02 14:51:12,740] {logging_mixin.py:104} INFO - [2021-12-02 14:51:12,739] {dag.py:2305} INFO - Setting next_dagrun for example_xcom_args to None
[2021-12-02 14:51:12,743] {logging_mixin.py:104} INFO - [2021-12-02 14:51:12,742] {dag.py:2305} INFO - Setting next_dagrun for example_xcom_args_with_operators to None
[2021-12-02 14:51:12,867] {scheduler_job.py:190} INFO - Processing /home/agalli/sandbox/lib/python3.6/site-packages/airflow/example_dags/example_xcomargs.py took 1.989 seconds
[2021-12-02 14:51:59,547] {scheduler_job.py:182} INFO - Started process (PID=1676) to work on /home/agalli/sandbox/lib/python3.6/site-packages/airflow/example_dags/example_xcomargs.py
[2021-12-02 14:51:59,550] {scheduler_job.py:633} INFO - Processing file /home/agalli/sandbox/lib/python3.6/site-packages/airflow/example_dags/example_xcomargs.py for tasks to queue
[2021-12-02 14:51:59,552] {logging_mixin.py:104} INFO - [2021-12-02 14:51:59,552] {dagbag.py:487} INFO - Filling up the DagBag from /home/agalli/sandbox/lib/python3.6/site-packages/airflow/example_dags/example_xcomargs.py
[2021-12-02 14:51:59,599] {scheduler_job.py:643} INFO - DAG(s) dict_keys(['example_xcom_args', 'example_xcom_args_with_operators']) retrieved from /home/agalli/sandbox/lib/python3.6/site-packages/airflow/example_dags/example_xcomargs.py
[2021-12-02 14:51:59,999] {logging_mixin.py:104} INFO - [2021-12-02 14:51:59,999] {dag.py:1832} INFO - Sync 2 DAGs
[2021-12-02 14:52:00,021] {logging_mixin.py:104} INFO - [2021-12-02 14:52:00,021] {dag.py:2305} INFO - Setting next_dagrun for example_xcom_args to None
[2021-12-02 14:52:00,024] {logging_mixin.py:104} INFO - [2021-12-02 14:52:00,023] {dag.py:2305} INFO - Setting next_dagrun for example_xcom_args_with_operators to None
[2021-12-02 14:52:00,098] {scheduler_job.py:190} INFO - Processing /home/agalli/sandbox/lib/python3.6/site-packages/airflow/example_dags/example_xcomargs.py took 0.560 seconds
[2021-12-02 14:52:32,166] {scheduler_job.py:182} INFO - Started process (PID=1710) to work on /home/agalli/sandbox/lib/python3.6/site-packages/airflow/example_dags/example_xcomargs.py
[2021-12-02 14:52:32,167] {scheduler_job.py:633} INFO - Processing file /home/agalli/sandbox/lib/python3.6/site-packages/airflow/example_dags/example_xcomargs.py for tasks to queue
[2021-12-02 14:52:32,168] {logging_mixin.py:104} INFO - [2021-12-02 14:52:32,168] {dagbag.py:487} INFO - Filling up the DagBag from /home/agalli/sandbox/lib/python3.6/site-packages/airflow/example_dags/example_xcomargs.py
[2021-12-02 14:52:32,190] {scheduler_job.py:643} INFO - DAG(s) dict_keys(['example_xcom_args', 'example_xcom_args_with_operators']) retrieved from /home/agalli/sandbox/lib/python3.6/site-packages/airflow/example_dags/example_xcomargs.py
[2021-12-02 14:52:32,213] {logging_mixin.py:104} INFO - [2021-12-02 14:52:32,213] {dag.py:1832} INFO - Sync 2 DAGs
[2021-12-02 14:52:32,229] {logging_mixin.py:104} INFO - [2021-12-02 14:52:32,229] {dag.py:2305} INFO - Setting next_dagrun for example_xcom_args to None
[2021-12-02 14:52:32,230] {logging_mixin.py:104} INFO - [2021-12-02 14:52:32,230] {dag.py:2305} INFO - Setting next_dagrun for example_xcom_args_with_operators to None
[2021-12-02 14:52:32,250] {scheduler_job.py:190} INFO - Processing /home/agalli/sandbox/lib/python3.6/site-packages/airflow/example_dags/example_xcomargs.py took 0.087 seconds
[2021-12-02 14:53:08,098] {scheduler_job.py:182} INFO - Started process (PID=1741) to work on /home/agalli/sandbox/lib/python3.6/site-packages/airflow/example_dags/example_xcomargs.py
[2021-12-02 14:53:08,102] {scheduler_job.py:633} INFO - Processing file /home/agalli/sandbox/lib/python3.6/site-packages/airflow/example_dags/example_xcomargs.py for tasks to queue
[2021-12-02 14:53:08,103] {logging_mixin.py:104} INFO - [2021-12-02 14:53:08,103] {dagbag.py:487} INFO - Filling up the DagBag from /home/agalli/sandbox/lib/python3.6/site-packages/airflow/example_dags/example_xcomargs.py
[2021-12-02 14:53:08,150] {scheduler_job.py:643} INFO - DAG(s) dict_keys(['example_xcom_args', 'example_xcom_args_with_operators']) retrieved from /home/agalli/sandbox/lib/python3.6/site-packages/airflow/example_dags/example_xcomargs.py
[2021-12-02 14:53:08,716] {logging_mixin.py:104} INFO - [2021-12-02 14:53:08,715] {dag.py:1832} INFO - Sync 2 DAGs
[2021-12-02 14:53:08,743] {logging_mixin.py:104} INFO - [2021-12-02 14:53:08,743] {dag.py:2305} INFO - Setting next_dagrun for example_xcom_args to None
[2021-12-02 14:53:08,745] {logging_mixin.py:104} INFO - [2021-12-02 14:53:08,745] {dag.py:2305} INFO - Setting next_dagrun for example_xcom_args_with_operators to None
[2021-12-02 14:53:08,798] {scheduler_job.py:190} INFO - Processing /home/agalli/sandbox/lib/python3.6/site-packages/airflow/example_dags/example_xcomargs.py took 0.707 seconds
[2021-12-02 14:53:43,599] {scheduler_job.py:182} INFO - Started process (PID=1772) to work on /home/agalli/sandbox/lib/python3.6/site-packages/airflow/example_dags/example_xcomargs.py
[2021-12-02 14:53:43,601] {scheduler_job.py:633} INFO - Processing file /home/agalli/sandbox/lib/python3.6/site-packages/airflow/example_dags/example_xcomargs.py for tasks to queue
[2021-12-02 14:53:43,603] {logging_mixin.py:104} INFO - [2021-12-02 14:53:43,602] {dagbag.py:487} INFO - Filling up the DagBag from /home/agalli/sandbox/lib/python3.6/site-packages/airflow/example_dags/example_xcomargs.py
[2021-12-02 14:53:43,633] {scheduler_job.py:643} INFO - DAG(s) dict_keys(['example_xcom_args', 'example_xcom_args_with_operators']) retrieved from /home/agalli/sandbox/lib/python3.6/site-packages/airflow/example_dags/example_xcomargs.py
[2021-12-02 14:53:44,007] {logging_mixin.py:104} INFO - [2021-12-02 14:53:44,007] {dag.py:1832} INFO - Sync 2 DAGs
[2021-12-02 14:53:44,037] {logging_mixin.py:104} INFO - [2021-12-02 14:53:44,037] {dag.py:2305} INFO - Setting next_dagrun for example_xcom_args to None
[2021-12-02 14:53:44,039] {logging_mixin.py:104} INFO - [2021-12-02 14:53:44,039] {dag.py:2305} INFO - Setting next_dagrun for example_xcom_args_with_operators to None
[2021-12-02 14:53:44,068] {scheduler_job.py:190} INFO - Processing /home/agalli/sandbox/lib/python3.6/site-packages/airflow/example_dags/example_xcomargs.py took 0.474 seconds
[2021-12-02 14:54:18,983] {scheduler_job.py:182} INFO - Started process (PID=1803) to work on /home/agalli/sandbox/lib/python3.6/site-packages/airflow/example_dags/example_xcomargs.py
[2021-12-02 14:54:18,984] {scheduler_job.py:633} INFO - Processing file /home/agalli/sandbox/lib/python3.6/site-packages/airflow/example_dags/example_xcomargs.py for tasks to queue
[2021-12-02 14:54:18,984] {logging_mixin.py:104} INFO - [2021-12-02 14:54:18,984] {dagbag.py:487} INFO - Filling up the DagBag from /home/agalli/sandbox/lib/python3.6/site-packages/airflow/example_dags/example_xcomargs.py
[2021-12-02 14:54:19,011] {scheduler_job.py:643} INFO - DAG(s) dict_keys(['example_xcom_args', 'example_xcom_args_with_operators']) retrieved from /home/agalli/sandbox/lib/python3.6/site-packages/airflow/example_dags/example_xcomargs.py
[2021-12-02 14:54:19,444] {logging_mixin.py:104} INFO - [2021-12-02 14:54:19,443] {dag.py:1832} INFO - Sync 2 DAGs
[2021-12-02 14:54:19,462] {logging_mixin.py:104} INFO - [2021-12-02 14:54:19,462] {dag.py:2305} INFO - Setting next_dagrun for example_xcom_args to None
[2021-12-02 14:54:19,463] {logging_mixin.py:104} INFO - [2021-12-02 14:54:19,463] {dag.py:2305} INFO - Setting next_dagrun for example_xcom_args_with_operators to None
[2021-12-02 14:54:19,486] {scheduler_job.py:190} INFO - Processing /home/agalli/sandbox/lib/python3.6/site-packages/airflow/example_dags/example_xcomargs.py took 0.507 seconds
[2021-12-02 14:54:59,640] {scheduler_job.py:182} INFO - Started process (PID=1834) to work on /home/agalli/sandbox/lib/python3.6/site-packages/airflow/example_dags/example_xcomargs.py
[2021-12-02 14:54:59,642] {scheduler_job.py:633} INFO - Processing file /home/agalli/sandbox/lib/python3.6/site-packages/airflow/example_dags/example_xcomargs.py for tasks to queue
[2021-12-02 14:54:59,642] {logging_mixin.py:104} INFO - [2021-12-02 14:54:59,642] {dagbag.py:487} INFO - Filling up the DagBag from /home/agalli/sandbox/lib/python3.6/site-packages/airflow/example_dags/example_xcomargs.py
[2021-12-02 14:54:59,675] {scheduler_job.py:643} INFO - DAG(s) dict_keys(['example_xcom_args', 'example_xcom_args_with_operators']) retrieved from /home/agalli/sandbox/lib/python3.6/site-packages/airflow/example_dags/example_xcomargs.py
[2021-12-02 14:54:59,706] {logging_mixin.py:104} INFO - [2021-12-02 14:54:59,706] {dag.py:1832} INFO - Sync 2 DAGs
[2021-12-02 14:54:59,726] {logging_mixin.py:104} INFO - [2021-12-02 14:54:59,726] {dag.py:2305} INFO - Setting next_dagrun for example_xcom_args to None
[2021-12-02 14:54:59,727] {logging_mixin.py:104} INFO - [2021-12-02 14:54:59,727] {dag.py:2305} INFO - Setting next_dagrun for example_xcom_args_with_operators to None
[2021-12-02 14:54:59,754] {scheduler_job.py:190} INFO - Processing /home/agalli/sandbox/lib/python3.6/site-packages/airflow/example_dags/example_xcomargs.py took 0.118 seconds
[2021-12-02 14:55:38,301] {scheduler_job.py:182} INFO - Started process (PID=1955) to work on /home/agalli/sandbox/lib/python3.6/site-packages/airflow/example_dags/example_xcomargs.py
[2021-12-02 14:55:38,306] {scheduler_job.py:633} INFO - Processing file /home/agalli/sandbox/lib/python3.6/site-packages/airflow/example_dags/example_xcomargs.py for tasks to queue
[2021-12-02 14:55:38,308] {logging_mixin.py:104} INFO - [2021-12-02 14:55:38,307] {dagbag.py:487} INFO - Filling up the DagBag from /home/agalli/sandbox/lib/python3.6/site-packages/airflow/example_dags/example_xcomargs.py
[2021-12-02 14:55:38,352] {scheduler_job.py:643} INFO - DAG(s) dict_keys(['example_xcom_args', 'example_xcom_args_with_operators']) retrieved from /home/agalli/sandbox/lib/python3.6/site-packages/airflow/example_dags/example_xcomargs.py
[2021-12-02 14:55:39,034] {logging_mixin.py:104} INFO - [2021-12-02 14:55:39,034] {dag.py:1832} INFO - Sync 2 DAGs
[2021-12-02 14:55:39,062] {logging_mixin.py:104} INFO - [2021-12-02 14:55:39,061] {dag.py:2305} INFO - Setting next_dagrun for example_xcom_args to None
[2021-12-02 14:55:39,063] {logging_mixin.py:104} INFO - [2021-12-02 14:55:39,063] {dag.py:2305} INFO - Setting next_dagrun for example_xcom_args_with_operators to None
[2021-12-02 14:55:39,096] {scheduler_job.py:190} INFO - Processing /home/agalli/sandbox/lib/python3.6/site-packages/airflow/example_dags/example_xcomargs.py took 0.799 seconds
[2021-12-02 14:56:12,430] {scheduler_job.py:182} INFO - Started process (PID=1983) to work on /home/agalli/sandbox/lib/python3.6/site-packages/airflow/example_dags/example_xcomargs.py
[2021-12-02 14:56:12,432] {scheduler_job.py:633} INFO - Processing file /home/agalli/sandbox/lib/python3.6/site-packages/airflow/example_dags/example_xcomargs.py for tasks to queue
[2021-12-02 14:56:12,433] {logging_mixin.py:104} INFO - [2021-12-02 14:56:12,433] {dagbag.py:487} INFO - Filling up the DagBag from /home/agalli/sandbox/lib/python3.6/site-packages/airflow/example_dags/example_xcomargs.py
[2021-12-02 14:56:12,472] {scheduler_job.py:643} INFO - DAG(s) dict_keys(['example_xcom_args', 'example_xcom_args_with_operators']) retrieved from /home/agalli/sandbox/lib/python3.6/site-packages/airflow/example_dags/example_xcomargs.py
[2021-12-02 14:56:13,157] {logging_mixin.py:104} INFO - [2021-12-02 14:56:13,156] {dag.py:1832} INFO - Sync 2 DAGs
[2021-12-02 14:56:13,187] {logging_mixin.py:104} INFO - [2021-12-02 14:56:13,187] {dag.py:2305} INFO - Setting next_dagrun for example_xcom_args to None
[2021-12-02 14:56:13,189] {logging_mixin.py:104} INFO - [2021-12-02 14:56:13,188] {dag.py:2305} INFO - Setting next_dagrun for example_xcom_args_with_operators to None
[2021-12-02 14:56:13,225] {scheduler_job.py:190} INFO - Processing /home/agalli/sandbox/lib/python3.6/site-packages/airflow/example_dags/example_xcomargs.py took 0.799 seconds
[2021-12-02 14:56:49,941] {scheduler_job.py:182} INFO - Started process (PID=2010) to work on /home/agalli/sandbox/lib/python3.6/site-packages/airflow/example_dags/example_xcomargs.py
[2021-12-02 14:56:49,944] {scheduler_job.py:633} INFO - Processing file /home/agalli/sandbox/lib/python3.6/site-packages/airflow/example_dags/example_xcomargs.py for tasks to queue
[2021-12-02 14:56:49,946] {logging_mixin.py:104} INFO - [2021-12-02 14:56:49,946] {dagbag.py:487} INFO - Filling up the DagBag from /home/agalli/sandbox/lib/python3.6/site-packages/airflow/example_dags/example_xcomargs.py
[2021-12-02 14:56:49,992] {scheduler_job.py:643} INFO - DAG(s) dict_keys(['example_xcom_args', 'example_xcom_args_with_operators']) retrieved from /home/agalli/sandbox/lib/python3.6/site-packages/airflow/example_dags/example_xcomargs.py
[2021-12-02 14:56:50,035] {logging_mixin.py:104} INFO - [2021-12-02 14:56:50,034] {dag.py:1832} INFO - Sync 2 DAGs
[2021-12-02 14:56:50,059] {logging_mixin.py:104} INFO - [2021-12-02 14:56:50,059] {dag.py:2305} INFO - Setting next_dagrun for example_xcom_args to None
[2021-12-02 14:56:50,061] {logging_mixin.py:104} INFO - [2021-12-02 14:56:50,060] {dag.py:2305} INFO - Setting next_dagrun for example_xcom_args_with_operators to None
[2021-12-02 14:56:50,089] {scheduler_job.py:190} INFO - Processing /home/agalli/sandbox/lib/python3.6/site-packages/airflow/example_dags/example_xcomargs.py took 0.154 seconds
[2021-12-02 14:57:27,891] {scheduler_job.py:182} INFO - Started process (PID=2041) to work on /home/agalli/sandbox/lib/python3.6/site-packages/airflow/example_dags/example_xcomargs.py
[2021-12-02 14:57:27,893] {scheduler_job.py:633} INFO - Processing file /home/agalli/sandbox/lib/python3.6/site-packages/airflow/example_dags/example_xcomargs.py for tasks to queue
[2021-12-02 14:57:27,894] {logging_mixin.py:104} INFO - [2021-12-02 14:57:27,894] {dagbag.py:487} INFO - Filling up the DagBag from /home/agalli/sandbox/lib/python3.6/site-packages/airflow/example_dags/example_xcomargs.py
[2021-12-02 14:57:27,936] {scheduler_job.py:643} INFO - DAG(s) dict_keys(['example_xcom_args', 'example_xcom_args_with_operators']) retrieved from /home/agalli/sandbox/lib/python3.6/site-packages/airflow/example_dags/example_xcomargs.py
[2021-12-02 14:57:28,573] {logging_mixin.py:104} INFO - [2021-12-02 14:57:28,573] {dag.py:1832} INFO - Sync 2 DAGs
[2021-12-02 14:57:28,594] {logging_mixin.py:104} INFO - [2021-12-02 14:57:28,594] {dag.py:2305} INFO - Setting next_dagrun for example_xcom_args to None
[2021-12-02 14:57:28,595] {logging_mixin.py:104} INFO - [2021-12-02 14:57:28,595] {dag.py:2305} INFO - Setting next_dagrun for example_xcom_args_with_operators to None
[2021-12-02 14:57:28,626] {scheduler_job.py:190} INFO - Processing /home/agalli/sandbox/lib/python3.6/site-packages/airflow/example_dags/example_xcomargs.py took 0.741 seconds
[2021-12-02 14:58:11,475] {scheduler_job.py:182} INFO - Started process (PID=2073) to work on /home/agalli/sandbox/lib/python3.6/site-packages/airflow/example_dags/example_xcomargs.py
[2021-12-02 14:58:11,476] {scheduler_job.py:633} INFO - Processing file /home/agalli/sandbox/lib/python3.6/site-packages/airflow/example_dags/example_xcomargs.py for tasks to queue
[2021-12-02 14:58:11,477] {logging_mixin.py:104} INFO - [2021-12-02 14:58:11,477] {dagbag.py:487} INFO - Filling up the DagBag from /home/agalli/sandbox/lib/python3.6/site-packages/airflow/example_dags/example_xcomargs.py
[2021-12-02 14:58:11,514] {scheduler_job.py:643} INFO - DAG(s) dict_keys(['example_xcom_args', 'example_xcom_args_with_operators']) retrieved from /home/agalli/sandbox/lib/python3.6/site-packages/airflow/example_dags/example_xcomargs.py
[2021-12-02 14:58:12,139] {logging_mixin.py:104} INFO - [2021-12-02 14:58:12,139] {dag.py:1832} INFO - Sync 2 DAGs
[2021-12-02 14:58:12,182] {logging_mixin.py:104} INFO - [2021-12-02 14:58:12,182] {dag.py:2305} INFO - Setting next_dagrun for example_xcom_args to None
[2021-12-02 14:58:12,185] {logging_mixin.py:104} INFO - [2021-12-02 14:58:12,185] {dag.py:2305} INFO - Setting next_dagrun for example_xcom_args_with_operators to None
[2021-12-02 14:58:12,221] {scheduler_job.py:190} INFO - Processing /home/agalli/sandbox/lib/python3.6/site-packages/airflow/example_dags/example_xcomargs.py took 0.753 seconds
[2021-12-02 14:59:19,296] {scheduler_job.py:182} INFO - Started process (PID=2108) to work on /home/agalli/sandbox/lib/python3.6/site-packages/airflow/example_dags/example_xcomargs.py
[2021-12-02 14:59:19,310] {scheduler_job.py:633} INFO - Processing file /home/agalli/sandbox/lib/python3.6/site-packages/airflow/example_dags/example_xcomargs.py for tasks to queue
[2021-12-02 14:59:19,324] {logging_mixin.py:104} INFO - [2021-12-02 14:59:19,323] {dagbag.py:487} INFO - Filling up the DagBag from /home/agalli/sandbox/lib/python3.6/site-packages/airflow/example_dags/example_xcomargs.py
[2021-12-02 14:59:19,548] {scheduler_job.py:643} INFO - DAG(s) dict_keys(['example_xcom_args', 'example_xcom_args_with_operators']) retrieved from /home/agalli/sandbox/lib/python3.6/site-packages/airflow/example_dags/example_xcomargs.py
[2021-12-02 14:59:22,259] {logging_mixin.py:104} INFO - [2021-12-02 14:59:22,258] {dag.py:1832} INFO - Sync 2 DAGs
[2021-12-02 14:59:22,402] {logging_mixin.py:104} INFO - [2021-12-02 14:59:22,402] {dag.py:2305} INFO - Setting next_dagrun for example_xcom_args to None
[2021-12-02 14:59:22,418] {logging_mixin.py:104} INFO - [2021-12-02 14:59:22,418] {dag.py:2305} INFO - Setting next_dagrun for example_xcom_args_with_operators to None
[2021-12-02 14:59:23,010] {scheduler_job.py:190} INFO - Processing /home/agalli/sandbox/lib/python3.6/site-packages/airflow/example_dags/example_xcomargs.py took 3.745 seconds
[2021-12-02 15:00:07,281] {scheduler_job.py:182} INFO - Started process (PID=2139) to work on /home/agalli/sandbox/lib/python3.6/site-packages/airflow/example_dags/example_xcomargs.py
[2021-12-02 15:00:07,282] {scheduler_job.py:633} INFO - Processing file /home/agalli/sandbox/lib/python3.6/site-packages/airflow/example_dags/example_xcomargs.py for tasks to queue
[2021-12-02 15:00:07,283] {logging_mixin.py:104} INFO - [2021-12-02 15:00:07,283] {dagbag.py:487} INFO - Filling up the DagBag from /home/agalli/sandbox/lib/python3.6/site-packages/airflow/example_dags/example_xcomargs.py
[2021-12-02 15:00:07,333] {scheduler_job.py:643} INFO - DAG(s) dict_keys(['example_xcom_args', 'example_xcom_args_with_operators']) retrieved from /home/agalli/sandbox/lib/python3.6/site-packages/airflow/example_dags/example_xcomargs.py
[2021-12-02 15:00:07,393] {logging_mixin.py:104} INFO - [2021-12-02 15:00:07,393] {dag.py:1832} INFO - Sync 2 DAGs
[2021-12-02 15:00:07,425] {logging_mixin.py:104} INFO - [2021-12-02 15:00:07,425] {dag.py:2305} INFO - Setting next_dagrun for example_xcom_args to None
[2021-12-02 15:00:07,427] {logging_mixin.py:104} INFO - [2021-12-02 15:00:07,426] {dag.py:2305} INFO - Setting next_dagrun for example_xcom_args_with_operators to None
[2021-12-02 15:00:07,449] {scheduler_job.py:190} INFO - Processing /home/agalli/sandbox/lib/python3.6/site-packages/airflow/example_dags/example_xcomargs.py took 0.179 seconds
[2021-12-02 15:00:42,105] {scheduler_job.py:182} INFO - Started process (PID=2165) to work on /home/agalli/sandbox/lib/python3.6/site-packages/airflow/example_dags/example_xcomargs.py
[2021-12-02 15:00:42,106] {scheduler_job.py:633} INFO - Processing file /home/agalli/sandbox/lib/python3.6/site-packages/airflow/example_dags/example_xcomargs.py for tasks to queue
[2021-12-02 15:00:42,108] {logging_mixin.py:104} INFO - [2021-12-02 15:00:42,108] {dagbag.py:487} INFO - Filling up the DagBag from /home/agalli/sandbox/lib/python3.6/site-packages/airflow/example_dags/example_xcomargs.py
[2021-12-02 15:00:42,172] {scheduler_job.py:643} INFO - DAG(s) dict_keys(['example_xcom_args', 'example_xcom_args_with_operators']) retrieved from /home/agalli/sandbox/lib/python3.6/site-packages/airflow/example_dags/example_xcomargs.py
[2021-12-02 15:00:42,746] {logging_mixin.py:104} INFO - [2021-12-02 15:00:42,745] {dag.py:1832} INFO - Sync 2 DAGs
[2021-12-02 15:00:42,772] {logging_mixin.py:104} INFO - [2021-12-02 15:00:42,772] {dag.py:2305} INFO - Setting next_dagrun for example_xcom_args to None
[2021-12-02 15:00:42,773] {logging_mixin.py:104} INFO - [2021-12-02 15:00:42,773] {dag.py:2305} INFO - Setting next_dagrun for example_xcom_args_with_operators to None
[2021-12-02 15:00:42,806] {scheduler_job.py:190} INFO - Processing /home/agalli/sandbox/lib/python3.6/site-packages/airflow/example_dags/example_xcomargs.py took 0.710 seconds
[2021-12-02 15:01:18,956] {scheduler_job.py:182} INFO - Started process (PID=2192) to work on /home/agalli/sandbox/lib/python3.6/site-packages/airflow/example_dags/example_xcomargs.py
[2021-12-02 15:01:18,964] {scheduler_job.py:633} INFO - Processing file /home/agalli/sandbox/lib/python3.6/site-packages/airflow/example_dags/example_xcomargs.py for tasks to queue
[2021-12-02 15:01:18,968] {logging_mixin.py:104} INFO - [2021-12-02 15:01:18,968] {dagbag.py:487} INFO - Filling up the DagBag from /home/agalli/sandbox/lib/python3.6/site-packages/airflow/example_dags/example_xcomargs.py
[2021-12-02 15:01:19,036] {scheduler_job.py:643} INFO - DAG(s) dict_keys(['example_xcom_args', 'example_xcom_args_with_operators']) retrieved from /home/agalli/sandbox/lib/python3.6/site-packages/airflow/example_dags/example_xcomargs.py
[2021-12-02 15:01:19,908] {logging_mixin.py:104} INFO - [2021-12-02 15:01:19,908] {dag.py:1832} INFO - Sync 2 DAGs
[2021-12-02 15:01:19,931] {logging_mixin.py:104} INFO - [2021-12-02 15:01:19,931] {dag.py:2305} INFO - Setting next_dagrun for example_xcom_args to None
[2021-12-02 15:01:19,933] {logging_mixin.py:104} INFO - [2021-12-02 15:01:19,933] {dag.py:2305} INFO - Setting next_dagrun for example_xcom_args_with_operators to None
[2021-12-02 15:01:19,976] {scheduler_job.py:190} INFO - Processing /home/agalli/sandbox/lib/python3.6/site-packages/airflow/example_dags/example_xcomargs.py took 1.031 seconds
[2021-12-02 15:04:02,997] {scheduler_job.py:182} INFO - Started process (PID=2296) to work on /home/agalli/sandbox/lib/python3.6/site-packages/airflow/example_dags/example_xcomargs.py
[2021-12-02 15:04:03,000] {scheduler_job.py:633} INFO - Processing file /home/agalli/sandbox/lib/python3.6/site-packages/airflow/example_dags/example_xcomargs.py for tasks to queue
[2021-12-02 15:04:03,001] {logging_mixin.py:104} INFO - [2021-12-02 15:04:03,001] {dagbag.py:487} INFO - Filling up the DagBag from /home/agalli/sandbox/lib/python3.6/site-packages/airflow/example_dags/example_xcomargs.py
[2021-12-02 15:04:03,056] {scheduler_job.py:643} INFO - DAG(s) dict_keys(['example_xcom_args', 'example_xcom_args_with_operators']) retrieved from /home/agalli/sandbox/lib/python3.6/site-packages/airflow/example_dags/example_xcomargs.py
[2021-12-02 15:04:03,796] {logging_mixin.py:104} INFO - [2021-12-02 15:04:03,796] {dag.py:1832} INFO - Sync 2 DAGs
[2021-12-02 15:04:03,814] {logging_mixin.py:104} INFO - [2021-12-02 15:04:03,813] {dag.py:2305} INFO - Setting next_dagrun for example_xcom_args to None
[2021-12-02 15:04:03,816] {logging_mixin.py:104} INFO - [2021-12-02 15:04:03,816] {dag.py:2305} INFO - Setting next_dagrun for example_xcom_args_with_operators to None
[2021-12-02 15:04:04,181] {scheduler_job.py:190} INFO - Processing /home/agalli/sandbox/lib/python3.6/site-packages/airflow/example_dags/example_xcomargs.py took 1.190 seconds
[2021-12-02 15:04:53,886] {scheduler_job.py:182} INFO - Started process (PID=2327) to work on /home/agalli/sandbox/lib/python3.6/site-packages/airflow/example_dags/example_xcomargs.py
[2021-12-02 15:04:53,888] {scheduler_job.py:633} INFO - Processing file /home/agalli/sandbox/lib/python3.6/site-packages/airflow/example_dags/example_xcomargs.py for tasks to queue
[2021-12-02 15:04:53,889] {logging_mixin.py:104} INFO - [2021-12-02 15:04:53,889] {dagbag.py:487} INFO - Filling up the DagBag from /home/agalli/sandbox/lib/python3.6/site-packages/airflow/example_dags/example_xcomargs.py
[2021-12-02 15:04:54,007] {scheduler_job.py:643} INFO - DAG(s) dict_keys(['example_xcom_args', 'example_xcom_args_with_operators']) retrieved from /home/agalli/sandbox/lib/python3.6/site-packages/airflow/example_dags/example_xcomargs.py
[2021-12-02 15:04:55,712] {logging_mixin.py:104} INFO - [2021-12-02 15:04:55,712] {dag.py:1832} INFO - Sync 2 DAGs
[2021-12-02 15:04:55,734] {logging_mixin.py:104} INFO - [2021-12-02 15:04:55,732] {dag.py:2305} INFO - Setting next_dagrun for example_xcom_args to None
[2021-12-02 15:04:55,738] {logging_mixin.py:104} INFO - [2021-12-02 15:04:55,738] {dag.py:2305} INFO - Setting next_dagrun for example_xcom_args_with_operators to None
[2021-12-02 15:04:55,806] {scheduler_job.py:190} INFO - Processing /home/agalli/sandbox/lib/python3.6/site-packages/airflow/example_dags/example_xcomargs.py took 1.928 seconds
[2021-12-02 15:05:39,135] {scheduler_job.py:182} INFO - Started process (PID=2358) to work on /home/agalli/sandbox/lib/python3.6/site-packages/airflow/example_dags/example_xcomargs.py
[2021-12-02 15:05:39,137] {scheduler_job.py:633} INFO - Processing file /home/agalli/sandbox/lib/python3.6/site-packages/airflow/example_dags/example_xcomargs.py for tasks to queue
[2021-12-02 15:05:39,138] {logging_mixin.py:104} INFO - [2021-12-02 15:05:39,137] {dagbag.py:487} INFO - Filling up the DagBag from /home/agalli/sandbox/lib/python3.6/site-packages/airflow/example_dags/example_xcomargs.py
[2021-12-02 15:05:39,185] {scheduler_job.py:643} INFO - DAG(s) dict_keys(['example_xcom_args', 'example_xcom_args_with_operators']) retrieved from /home/agalli/sandbox/lib/python3.6/site-packages/airflow/example_dags/example_xcomargs.py
[2021-12-02 15:05:40,697] {logging_mixin.py:104} INFO - [2021-12-02 15:05:40,697] {dag.py:1832} INFO - Sync 2 DAGs
[2021-12-02 15:05:40,774] {logging_mixin.py:104} INFO - [2021-12-02 15:05:40,773] {dag.py:2305} INFO - Setting next_dagrun for example_xcom_args to None
[2021-12-02 15:05:40,775] {logging_mixin.py:104} INFO - [2021-12-02 15:05:40,775] {dag.py:2305} INFO - Setting next_dagrun for example_xcom_args_with_operators to None
[2021-12-02 15:05:40,977] {scheduler_job.py:190} INFO - Processing /home/agalli/sandbox/lib/python3.6/site-packages/airflow/example_dags/example_xcomargs.py took 1.849 seconds
[2021-12-02 15:06:28,247] {scheduler_job.py:182} INFO - Started process (PID=2390) to work on /home/agalli/sandbox/lib/python3.6/site-packages/airflow/example_dags/example_xcomargs.py
[2021-12-02 15:06:28,249] {scheduler_job.py:633} INFO - Processing file /home/agalli/sandbox/lib/python3.6/site-packages/airflow/example_dags/example_xcomargs.py for tasks to queue
[2021-12-02 15:06:28,250] {logging_mixin.py:104} INFO - [2021-12-02 15:06:28,250] {dagbag.py:487} INFO - Filling up the DagBag from /home/agalli/sandbox/lib/python3.6/site-packages/airflow/example_dags/example_xcomargs.py
[2021-12-02 15:06:28,302] {scheduler_job.py:643} INFO - DAG(s) dict_keys(['example_xcom_args', 'example_xcom_args_with_operators']) retrieved from /home/agalli/sandbox/lib/python3.6/site-packages/airflow/example_dags/example_xcomargs.py
[2021-12-02 15:06:29,141] {logging_mixin.py:104} INFO - [2021-12-02 15:06:29,141] {dag.py:1832} INFO - Sync 2 DAGs
[2021-12-02 15:06:29,157] {logging_mixin.py:104} INFO - [2021-12-02 15:06:29,157] {dag.py:2305} INFO - Setting next_dagrun for example_xcom_args to None
[2021-12-02 15:06:29,164] {logging_mixin.py:104} INFO - [2021-12-02 15:06:29,164] {dag.py:2305} INFO - Setting next_dagrun for example_xcom_args_with_operators to None
[2021-12-02 15:06:29,292] {scheduler_job.py:190} INFO - Processing /home/agalli/sandbox/lib/python3.6/site-packages/airflow/example_dags/example_xcomargs.py took 1.049 seconds
[2021-12-02 15:07:15,456] {scheduler_job.py:182} INFO - Started process (PID=2422) to work on /home/agalli/sandbox/lib/python3.6/site-packages/airflow/example_dags/example_xcomargs.py
[2021-12-02 15:07:15,459] {scheduler_job.py:633} INFO - Processing file /home/agalli/sandbox/lib/python3.6/site-packages/airflow/example_dags/example_xcomargs.py for tasks to queue
[2021-12-02 15:07:15,460] {logging_mixin.py:104} INFO - [2021-12-02 15:07:15,460] {dagbag.py:487} INFO - Filling up the DagBag from /home/agalli/sandbox/lib/python3.6/site-packages/airflow/example_dags/example_xcomargs.py
[2021-12-02 15:07:15,502] {scheduler_job.py:643} INFO - DAG(s) dict_keys(['example_xcom_args', 'example_xcom_args_with_operators']) retrieved from /home/agalli/sandbox/lib/python3.6/site-packages/airflow/example_dags/example_xcomargs.py
[2021-12-02 15:07:16,730] {logging_mixin.py:104} INFO - [2021-12-02 15:07:16,729] {dag.py:1832} INFO - Sync 2 DAGs
[2021-12-02 15:07:16,753] {logging_mixin.py:104} INFO - [2021-12-02 15:07:16,753] {dag.py:2305} INFO - Setting next_dagrun for example_xcom_args to None
[2021-12-02 15:07:16,755] {logging_mixin.py:104} INFO - [2021-12-02 15:07:16,755] {dag.py:2305} INFO - Setting next_dagrun for example_xcom_args_with_operators to None
[2021-12-02 15:07:16,798] {scheduler_job.py:190} INFO - Processing /home/agalli/sandbox/lib/python3.6/site-packages/airflow/example_dags/example_xcomargs.py took 1.355 seconds
[2021-12-02 15:07:57,785] {scheduler_job.py:182} INFO - Started process (PID=2453) to work on /home/agalli/sandbox/lib/python3.6/site-packages/airflow/example_dags/example_xcomargs.py
[2021-12-02 15:07:57,789] {scheduler_job.py:633} INFO - Processing file /home/agalli/sandbox/lib/python3.6/site-packages/airflow/example_dags/example_xcomargs.py for tasks to queue
[2021-12-02 15:07:57,800] {logging_mixin.py:104} INFO - [2021-12-02 15:07:57,800] {dagbag.py:487} INFO - Filling up the DagBag from /home/agalli/sandbox/lib/python3.6/site-packages/airflow/example_dags/example_xcomargs.py
[2021-12-02 15:07:57,946] {scheduler_job.py:643} INFO - DAG(s) dict_keys(['example_xcom_args', 'example_xcom_args_with_operators']) retrieved from /home/agalli/sandbox/lib/python3.6/site-packages/airflow/example_dags/example_xcomargs.py
[2021-12-02 15:08:01,181] {logging_mixin.py:104} INFO - [2021-12-02 15:08:01,181] {dag.py:1832} INFO - Sync 2 DAGs
[2021-12-02 15:08:01,278] {logging_mixin.py:104} INFO - [2021-12-02 15:08:01,277] {dag.py:2305} INFO - Setting next_dagrun for example_xcom_args to None
[2021-12-02 15:08:01,281] {logging_mixin.py:104} INFO - [2021-12-02 15:08:01,281] {dag.py:2305} INFO - Setting next_dagrun for example_xcom_args_with_operators to None
[2021-12-02 15:08:01,756] {scheduler_job.py:190} INFO - Processing /home/agalli/sandbox/lib/python3.6/site-packages/airflow/example_dags/example_xcomargs.py took 4.004 seconds
[2021-12-02 15:08:51,242] {scheduler_job.py:182} INFO - Started process (PID=2487) to work on /home/agalli/sandbox/lib/python3.6/site-packages/airflow/example_dags/example_xcomargs.py
[2021-12-02 15:08:51,245] {scheduler_job.py:633} INFO - Processing file /home/agalli/sandbox/lib/python3.6/site-packages/airflow/example_dags/example_xcomargs.py for tasks to queue
[2021-12-02 15:08:51,246] {logging_mixin.py:104} INFO - [2021-12-02 15:08:51,246] {dagbag.py:487} INFO - Filling up the DagBag from /home/agalli/sandbox/lib/python3.6/site-packages/airflow/example_dags/example_xcomargs.py
[2021-12-02 15:08:51,312] {scheduler_job.py:643} INFO - DAG(s) dict_keys(['example_xcom_args', 'example_xcom_args_with_operators']) retrieved from /home/agalli/sandbox/lib/python3.6/site-packages/airflow/example_dags/example_xcomargs.py
[2021-12-02 15:08:52,080] {logging_mixin.py:104} INFO - [2021-12-02 15:08:52,080] {dag.py:1832} INFO - Sync 2 DAGs
[2021-12-02 15:08:52,108] {logging_mixin.py:104} INFO - [2021-12-02 15:08:52,108] {dag.py:2305} INFO - Setting next_dagrun for example_xcom_args to None
[2021-12-02 15:08:52,110] {logging_mixin.py:104} INFO - [2021-12-02 15:08:52,109] {dag.py:2305} INFO - Setting next_dagrun for example_xcom_args_with_operators to None
[2021-12-02 15:08:52,148] {scheduler_job.py:190} INFO - Processing /home/agalli/sandbox/lib/python3.6/site-packages/airflow/example_dags/example_xcomargs.py took 0.916 seconds
[2021-12-02 15:09:35,088] {scheduler_job.py:182} INFO - Started process (PID=2518) to work on /home/agalli/sandbox/lib/python3.6/site-packages/airflow/example_dags/example_xcomargs.py
[2021-12-02 15:09:35,089] {scheduler_job.py:633} INFO - Processing file /home/agalli/sandbox/lib/python3.6/site-packages/airflow/example_dags/example_xcomargs.py for tasks to queue
[2021-12-02 15:09:35,090] {logging_mixin.py:104} INFO - [2021-12-02 15:09:35,090] {dagbag.py:487} INFO - Filling up the DagBag from /home/agalli/sandbox/lib/python3.6/site-packages/airflow/example_dags/example_xcomargs.py
[2021-12-02 15:09:35,114] {scheduler_job.py:643} INFO - DAG(s) dict_keys(['example_xcom_args', 'example_xcom_args_with_operators']) retrieved from /home/agalli/sandbox/lib/python3.6/site-packages/airflow/example_dags/example_xcomargs.py
[2021-12-02 15:09:35,601] {logging_mixin.py:104} INFO - [2021-12-02 15:09:35,601] {dag.py:1832} INFO - Sync 2 DAGs
[2021-12-02 15:09:35,613] {logging_mixin.py:104} INFO - [2021-12-02 15:09:35,613] {dag.py:2305} INFO - Setting next_dagrun for example_xcom_args to None
[2021-12-02 15:09:35,614] {logging_mixin.py:104} INFO - [2021-12-02 15:09:35,614] {dag.py:2305} INFO - Setting next_dagrun for example_xcom_args_with_operators to None
[2021-12-02 15:09:35,639] {scheduler_job.py:190} INFO - Processing /home/agalli/sandbox/lib/python3.6/site-packages/airflow/example_dags/example_xcomargs.py took 0.556 seconds
[2021-12-02 15:10:09,416] {scheduler_job.py:182} INFO - Started process (PID=2546) to work on /home/agalli/sandbox/lib/python3.6/site-packages/airflow/example_dags/example_xcomargs.py
[2021-12-02 15:10:09,417] {scheduler_job.py:633} INFO - Processing file /home/agalli/sandbox/lib/python3.6/site-packages/airflow/example_dags/example_xcomargs.py for tasks to queue
[2021-12-02 15:10:09,417] {logging_mixin.py:104} INFO - [2021-12-02 15:10:09,417] {dagbag.py:487} INFO - Filling up the DagBag from /home/agalli/sandbox/lib/python3.6/site-packages/airflow/example_dags/example_xcomargs.py
[2021-12-02 15:10:09,440] {scheduler_job.py:643} INFO - DAG(s) dict_keys(['example_xcom_args', 'example_xcom_args_with_operators']) retrieved from /home/agalli/sandbox/lib/python3.6/site-packages/airflow/example_dags/example_xcomargs.py
[2021-12-02 15:10:10,015] {logging_mixin.py:104} INFO - [2021-12-02 15:10:10,015] {dag.py:1832} INFO - Sync 2 DAGs
[2021-12-02 15:10:10,032] {logging_mixin.py:104} INFO - [2021-12-02 15:10:10,032] {dag.py:2305} INFO - Setting next_dagrun for example_xcom_args to None
[2021-12-02 15:10:10,033] {logging_mixin.py:104} INFO - [2021-12-02 15:10:10,033] {dag.py:2305} INFO - Setting next_dagrun for example_xcom_args_with_operators to None
[2021-12-02 15:10:10,057] {scheduler_job.py:190} INFO - Processing /home/agalli/sandbox/lib/python3.6/site-packages/airflow/example_dags/example_xcomargs.py took 0.645 seconds
[2021-12-02 15:10:46,591] {scheduler_job.py:182} INFO - Started process (PID=2577) to work on /home/agalli/sandbox/lib/python3.6/site-packages/airflow/example_dags/example_xcomargs.py
[2021-12-02 15:10:46,593] {scheduler_job.py:633} INFO - Processing file /home/agalli/sandbox/lib/python3.6/site-packages/airflow/example_dags/example_xcomargs.py for tasks to queue
[2021-12-02 15:10:46,594] {logging_mixin.py:104} INFO - [2021-12-02 15:10:46,593] {dagbag.py:487} INFO - Filling up the DagBag from /home/agalli/sandbox/lib/python3.6/site-packages/airflow/example_dags/example_xcomargs.py
[2021-12-02 15:10:46,616] {scheduler_job.py:643} INFO - DAG(s) dict_keys(['example_xcom_args', 'example_xcom_args_with_operators']) retrieved from /home/agalli/sandbox/lib/python3.6/site-packages/airflow/example_dags/example_xcomargs.py
[2021-12-02 15:10:47,071] {logging_mixin.py:104} INFO - [2021-12-02 15:10:47,071] {dag.py:1832} INFO - Sync 2 DAGs
[2021-12-02 15:10:47,086] {logging_mixin.py:104} INFO - [2021-12-02 15:10:47,085] {dag.py:2305} INFO - Setting next_dagrun for example_xcom_args to None
[2021-12-02 15:10:47,087] {logging_mixin.py:104} INFO - [2021-12-02 15:10:47,087] {dag.py:2305} INFO - Setting next_dagrun for example_xcom_args_with_operators to None
[2021-12-02 15:10:47,118] {scheduler_job.py:190} INFO - Processing /home/agalli/sandbox/lib/python3.6/site-packages/airflow/example_dags/example_xcomargs.py took 0.532 seconds
[2021-12-02 15:11:17,981] {scheduler_job.py:182} INFO - Started process (PID=2605) to work on /home/agalli/sandbox/lib/python3.6/site-packages/airflow/example_dags/example_xcomargs.py
[2021-12-02 15:11:17,983] {scheduler_job.py:633} INFO - Processing file /home/agalli/sandbox/lib/python3.6/site-packages/airflow/example_dags/example_xcomargs.py for tasks to queue
[2021-12-02 15:11:17,983] {logging_mixin.py:104} INFO - [2021-12-02 15:11:17,983] {dagbag.py:487} INFO - Filling up the DagBag from /home/agalli/sandbox/lib/python3.6/site-packages/airflow/example_dags/example_xcomargs.py
[2021-12-02 15:11:18,009] {scheduler_job.py:643} INFO - DAG(s) dict_keys(['example_xcom_args', 'example_xcom_args_with_operators']) retrieved from /home/agalli/sandbox/lib/python3.6/site-packages/airflow/example_dags/example_xcomargs.py
[2021-12-02 15:11:18,446] {logging_mixin.py:104} INFO - [2021-12-02 15:11:18,446] {dag.py:1832} INFO - Sync 2 DAGs
[2021-12-02 15:11:18,455] {logging_mixin.py:104} INFO - [2021-12-02 15:11:18,455] {dag.py:2305} INFO - Setting next_dagrun for example_xcom_args to None
[2021-12-02 15:11:18,455] {logging_mixin.py:104} INFO - [2021-12-02 15:11:18,455] {dag.py:2305} INFO - Setting next_dagrun for example_xcom_args_with_operators to None
[2021-12-02 15:11:18,481] {scheduler_job.py:190} INFO - Processing /home/agalli/sandbox/lib/python3.6/site-packages/airflow/example_dags/example_xcomargs.py took 0.504 seconds
[2021-12-02 15:11:49,993] {scheduler_job.py:182} INFO - Started process (PID=2634) to work on /home/agalli/sandbox/lib/python3.6/site-packages/airflow/example_dags/example_xcomargs.py
[2021-12-02 15:11:49,995] {scheduler_job.py:633} INFO - Processing file /home/agalli/sandbox/lib/python3.6/site-packages/airflow/example_dags/example_xcomargs.py for tasks to queue
[2021-12-02 15:11:49,995] {logging_mixin.py:104} INFO - [2021-12-02 15:11:49,995] {dagbag.py:487} INFO - Filling up the DagBag from /home/agalli/sandbox/lib/python3.6/site-packages/airflow/example_dags/example_xcomargs.py
[2021-12-02 15:11:50,014] {scheduler_job.py:643} INFO - DAG(s) dict_keys(['example_xcom_args', 'example_xcom_args_with_operators']) retrieved from /home/agalli/sandbox/lib/python3.6/site-packages/airflow/example_dags/example_xcomargs.py
[2021-12-02 15:11:50,482] {logging_mixin.py:104} INFO - [2021-12-02 15:11:50,482] {dag.py:1832} INFO - Sync 2 DAGs
[2021-12-02 15:11:50,494] {logging_mixin.py:104} INFO - [2021-12-02 15:11:50,494] {dag.py:2305} INFO - Setting next_dagrun for example_xcom_args to None
[2021-12-02 15:11:50,495] {logging_mixin.py:104} INFO - [2021-12-02 15:11:50,495] {dag.py:2305} INFO - Setting next_dagrun for example_xcom_args_with_operators to None
[2021-12-02 15:11:50,515] {scheduler_job.py:190} INFO - Processing /home/agalli/sandbox/lib/python3.6/site-packages/airflow/example_dags/example_xcomargs.py took 0.525 seconds
[2021-12-02 15:12:24,790] {scheduler_job.py:182} INFO - Started process (PID=2665) to work on /home/agalli/sandbox/lib/python3.6/site-packages/airflow/example_dags/example_xcomargs.py
[2021-12-02 15:12:24,791] {scheduler_job.py:633} INFO - Processing file /home/agalli/sandbox/lib/python3.6/site-packages/airflow/example_dags/example_xcomargs.py for tasks to queue
[2021-12-02 15:12:24,792] {logging_mixin.py:104} INFO - [2021-12-02 15:12:24,792] {dagbag.py:487} INFO - Filling up the DagBag from /home/agalli/sandbox/lib/python3.6/site-packages/airflow/example_dags/example_xcomargs.py
[2021-12-02 15:12:24,810] {scheduler_job.py:643} INFO - DAG(s) dict_keys(['example_xcom_args', 'example_xcom_args_with_operators']) retrieved from /home/agalli/sandbox/lib/python3.6/site-packages/airflow/example_dags/example_xcomargs.py
[2021-12-02 15:12:25,310] {logging_mixin.py:104} INFO - [2021-12-02 15:12:25,310] {dag.py:1832} INFO - Sync 2 DAGs
[2021-12-02 15:12:25,323] {logging_mixin.py:104} INFO - [2021-12-02 15:12:25,323] {dag.py:2305} INFO - Setting next_dagrun for example_xcom_args to None
[2021-12-02 15:12:25,324] {logging_mixin.py:104} INFO - [2021-12-02 15:12:25,324] {dag.py:2305} INFO - Setting next_dagrun for example_xcom_args_with_operators to None
[2021-12-02 15:12:25,356] {scheduler_job.py:190} INFO - Processing /home/agalli/sandbox/lib/python3.6/site-packages/airflow/example_dags/example_xcomargs.py took 0.569 seconds
[2021-12-02 15:12:58,724] {scheduler_job.py:182} INFO - Started process (PID=2695) to work on /home/agalli/sandbox/lib/python3.6/site-packages/airflow/example_dags/example_xcomargs.py
[2021-12-02 15:12:58,725] {scheduler_job.py:633} INFO - Processing file /home/agalli/sandbox/lib/python3.6/site-packages/airflow/example_dags/example_xcomargs.py for tasks to queue
[2021-12-02 15:12:58,726] {logging_mixin.py:104} INFO - [2021-12-02 15:12:58,726] {dagbag.py:487} INFO - Filling up the DagBag from /home/agalli/sandbox/lib/python3.6/site-packages/airflow/example_dags/example_xcomargs.py
[2021-12-02 15:12:58,751] {scheduler_job.py:643} INFO - DAG(s) dict_keys(['example_xcom_args', 'example_xcom_args_with_operators']) retrieved from /home/agalli/sandbox/lib/python3.6/site-packages/airflow/example_dags/example_xcomargs.py
[2021-12-02 15:12:59,244] {logging_mixin.py:104} INFO - [2021-12-02 15:12:59,244] {dag.py:1832} INFO - Sync 2 DAGs
[2021-12-02 15:12:59,259] {logging_mixin.py:104} INFO - [2021-12-02 15:12:59,259] {dag.py:2305} INFO - Setting next_dagrun for example_xcom_args to None
[2021-12-02 15:12:59,260] {logging_mixin.py:104} INFO - [2021-12-02 15:12:59,260] {dag.py:2305} INFO - Setting next_dagrun for example_xcom_args_with_operators to None
[2021-12-02 15:12:59,277] {scheduler_job.py:190} INFO - Processing /home/agalli/sandbox/lib/python3.6/site-packages/airflow/example_dags/example_xcomargs.py took 0.557 seconds
[2021-12-02 15:13:30,211] {scheduler_job.py:182} INFO - Started process (PID=2723) to work on /home/agalli/sandbox/lib/python3.6/site-packages/airflow/example_dags/example_xcomargs.py
[2021-12-02 15:13:30,212] {scheduler_job.py:633} INFO - Processing file /home/agalli/sandbox/lib/python3.6/site-packages/airflow/example_dags/example_xcomargs.py for tasks to queue
[2021-12-02 15:13:30,213] {logging_mixin.py:104} INFO - [2021-12-02 15:13:30,213] {dagbag.py:487} INFO - Filling up the DagBag from /home/agalli/sandbox/lib/python3.6/site-packages/airflow/example_dags/example_xcomargs.py
[2021-12-02 15:13:30,233] {scheduler_job.py:643} INFO - DAG(s) dict_keys(['example_xcom_args', 'example_xcom_args_with_operators']) retrieved from /home/agalli/sandbox/lib/python3.6/site-packages/airflow/example_dags/example_xcomargs.py
[2021-12-02 15:13:30,672] {logging_mixin.py:104} INFO - [2021-12-02 15:13:30,672] {dag.py:1832} INFO - Sync 2 DAGs
[2021-12-02 15:13:30,685] {logging_mixin.py:104} INFO - [2021-12-02 15:13:30,685] {dag.py:2305} INFO - Setting next_dagrun for example_xcom_args to None
[2021-12-02 15:13:30,686] {logging_mixin.py:104} INFO - [2021-12-02 15:13:30,685] {dag.py:2305} INFO - Setting next_dagrun for example_xcom_args_with_operators to None
[2021-12-02 15:13:30,716] {scheduler_job.py:190} INFO - Processing /home/agalli/sandbox/lib/python3.6/site-packages/airflow/example_dags/example_xcomargs.py took 0.508 seconds
[2021-12-02 15:14:02,753] {scheduler_job.py:182} INFO - Started process (PID=2753) to work on /home/agalli/sandbox/lib/python3.6/site-packages/airflow/example_dags/example_xcomargs.py
[2021-12-02 15:14:02,756] {scheduler_job.py:633} INFO - Processing file /home/agalli/sandbox/lib/python3.6/site-packages/airflow/example_dags/example_xcomargs.py for tasks to queue
[2021-12-02 15:14:02,757] {logging_mixin.py:104} INFO - [2021-12-02 15:14:02,757] {dagbag.py:487} INFO - Filling up the DagBag from /home/agalli/sandbox/lib/python3.6/site-packages/airflow/example_dags/example_xcomargs.py
[2021-12-02 15:14:02,785] {scheduler_job.py:643} INFO - DAG(s) dict_keys(['example_xcom_args', 'example_xcom_args_with_operators']) retrieved from /home/agalli/sandbox/lib/python3.6/site-packages/airflow/example_dags/example_xcomargs.py
[2021-12-02 15:14:03,247] {logging_mixin.py:104} INFO - [2021-12-02 15:14:03,247] {dag.py:1832} INFO - Sync 2 DAGs
[2021-12-02 15:14:03,259] {logging_mixin.py:104} INFO - [2021-12-02 15:14:03,259] {dag.py:2305} INFO - Setting next_dagrun for example_xcom_args to None
[2021-12-02 15:14:03,260] {logging_mixin.py:104} INFO - [2021-12-02 15:14:03,260] {dag.py:2305} INFO - Setting next_dagrun for example_xcom_args_with_operators to None
[2021-12-02 15:14:03,283] {scheduler_job.py:190} INFO - Processing /home/agalli/sandbox/lib/python3.6/site-packages/airflow/example_dags/example_xcomargs.py took 0.535 seconds
[2021-12-02 15:14:35,747] {scheduler_job.py:182} INFO - Started process (PID=2782) to work on /home/agalli/sandbox/lib/python3.6/site-packages/airflow/example_dags/example_xcomargs.py
[2021-12-02 15:14:35,748] {scheduler_job.py:633} INFO - Processing file /home/agalli/sandbox/lib/python3.6/site-packages/airflow/example_dags/example_xcomargs.py for tasks to queue
[2021-12-02 15:14:35,749] {logging_mixin.py:104} INFO - [2021-12-02 15:14:35,749] {dagbag.py:487} INFO - Filling up the DagBag from /home/agalli/sandbox/lib/python3.6/site-packages/airflow/example_dags/example_xcomargs.py
[2021-12-02 15:14:35,772] {scheduler_job.py:643} INFO - DAG(s) dict_keys(['example_xcom_args', 'example_xcom_args_with_operators']) retrieved from /home/agalli/sandbox/lib/python3.6/site-packages/airflow/example_dags/example_xcomargs.py
[2021-12-02 15:14:36,214] {logging_mixin.py:104} INFO - [2021-12-02 15:14:36,214] {dag.py:1832} INFO - Sync 2 DAGs
[2021-12-02 15:14:36,231] {logging_mixin.py:104} INFO - [2021-12-02 15:14:36,231] {dag.py:2305} INFO - Setting next_dagrun for example_xcom_args to None
[2021-12-02 15:14:36,232] {logging_mixin.py:104} INFO - [2021-12-02 15:14:36,232] {dag.py:2305} INFO - Setting next_dagrun for example_xcom_args_with_operators to None
[2021-12-02 15:14:36,257] {scheduler_job.py:190} INFO - Processing /home/agalli/sandbox/lib/python3.6/site-packages/airflow/example_dags/example_xcomargs.py took 0.514 seconds
[2021-12-02 15:15:10,908] {scheduler_job.py:182} INFO - Started process (PID=2810) to work on /home/agalli/sandbox/lib/python3.6/site-packages/airflow/example_dags/example_xcomargs.py
[2021-12-02 15:15:10,910] {scheduler_job.py:633} INFO - Processing file /home/agalli/sandbox/lib/python3.6/site-packages/airflow/example_dags/example_xcomargs.py for tasks to queue
[2021-12-02 15:15:10,911] {logging_mixin.py:104} INFO - [2021-12-02 15:15:10,910] {dagbag.py:487} INFO - Filling up the DagBag from /home/agalli/sandbox/lib/python3.6/site-packages/airflow/example_dags/example_xcomargs.py
[2021-12-02 15:15:10,940] {scheduler_job.py:643} INFO - DAG(s) dict_keys(['example_xcom_args', 'example_xcom_args_with_operators']) retrieved from /home/agalli/sandbox/lib/python3.6/site-packages/airflow/example_dags/example_xcomargs.py
[2021-12-02 15:15:10,984] {logging_mixin.py:104} INFO - [2021-12-02 15:15:10,984] {dag.py:1832} INFO - Sync 2 DAGs
[2021-12-02 15:15:11,015] {logging_mixin.py:104} INFO - [2021-12-02 15:15:11,015] {dag.py:2305} INFO - Setting next_dagrun for example_xcom_args to None
[2021-12-02 15:15:11,017] {logging_mixin.py:104} INFO - [2021-12-02 15:15:11,017] {dag.py:2305} INFO - Setting next_dagrun for example_xcom_args_with_operators to None
[2021-12-02 15:15:11,076] {scheduler_job.py:190} INFO - Processing /home/agalli/sandbox/lib/python3.6/site-packages/airflow/example_dags/example_xcomargs.py took 0.173 seconds
[2021-12-02 15:15:44,836] {scheduler_job.py:182} INFO - Started process (PID=2838) to work on /home/agalli/sandbox/lib/python3.6/site-packages/airflow/example_dags/example_xcomargs.py
[2021-12-02 15:15:44,837] {scheduler_job.py:633} INFO - Processing file /home/agalli/sandbox/lib/python3.6/site-packages/airflow/example_dags/example_xcomargs.py for tasks to queue
[2021-12-02 15:15:44,838] {logging_mixin.py:104} INFO - [2021-12-02 15:15:44,838] {dagbag.py:487} INFO - Filling up the DagBag from /home/agalli/sandbox/lib/python3.6/site-packages/airflow/example_dags/example_xcomargs.py
[2021-12-02 15:15:44,856] {scheduler_job.py:643} INFO - DAG(s) dict_keys(['example_xcom_args', 'example_xcom_args_with_operators']) retrieved from /home/agalli/sandbox/lib/python3.6/site-packages/airflow/example_dags/example_xcomargs.py
[2021-12-02 15:15:45,338] {logging_mixin.py:104} INFO - [2021-12-02 15:15:45,338] {dag.py:1832} INFO - Sync 2 DAGs
[2021-12-02 15:15:45,352] {logging_mixin.py:104} INFO - [2021-12-02 15:15:45,351] {dag.py:2305} INFO - Setting next_dagrun for example_xcom_args to None
[2021-12-02 15:15:45,353] {logging_mixin.py:104} INFO - [2021-12-02 15:15:45,353] {dag.py:2305} INFO - Setting next_dagrun for example_xcom_args_with_operators to None
[2021-12-02 15:15:45,377] {scheduler_job.py:190} INFO - Processing /home/agalli/sandbox/lib/python3.6/site-packages/airflow/example_dags/example_xcomargs.py took 0.545 seconds
[2021-12-02 15:16:19,815] {scheduler_job.py:182} INFO - Started process (PID=2868) to work on /home/agalli/sandbox/lib/python3.6/site-packages/airflow/example_dags/example_xcomargs.py
[2021-12-02 15:16:19,817] {scheduler_job.py:633} INFO - Processing file /home/agalli/sandbox/lib/python3.6/site-packages/airflow/example_dags/example_xcomargs.py for tasks to queue
[2021-12-02 15:16:19,818] {logging_mixin.py:104} INFO - [2021-12-02 15:16:19,818] {dagbag.py:487} INFO - Filling up the DagBag from /home/agalli/sandbox/lib/python3.6/site-packages/airflow/example_dags/example_xcomargs.py
[2021-12-02 15:16:19,839] {scheduler_job.py:643} INFO - DAG(s) dict_keys(['example_xcom_args', 'example_xcom_args_with_operators']) retrieved from /home/agalli/sandbox/lib/python3.6/site-packages/airflow/example_dags/example_xcomargs.py
[2021-12-02 15:16:19,864] {logging_mixin.py:104} INFO - [2021-12-02 15:16:19,864] {dag.py:1832} INFO - Sync 2 DAGs
[2021-12-02 15:16:19,878] {logging_mixin.py:104} INFO - [2021-12-02 15:16:19,878] {dag.py:2305} INFO - Setting next_dagrun for example_xcom_args to None
[2021-12-02 15:16:19,879] {logging_mixin.py:104} INFO - [2021-12-02 15:16:19,879] {dag.py:2305} INFO - Setting next_dagrun for example_xcom_args_with_operators to None
[2021-12-02 15:16:19,899] {scheduler_job.py:190} INFO - Processing /home/agalli/sandbox/lib/python3.6/site-packages/airflow/example_dags/example_xcomargs.py took 0.089 seconds
[2021-12-02 15:16:54,677] {scheduler_job.py:182} INFO - Started process (PID=2899) to work on /home/agalli/sandbox/lib/python3.6/site-packages/airflow/example_dags/example_xcomargs.py
[2021-12-02 15:16:54,678] {scheduler_job.py:633} INFO - Processing file /home/agalli/sandbox/lib/python3.6/site-packages/airflow/example_dags/example_xcomargs.py for tasks to queue
[2021-12-02 15:16:54,679] {logging_mixin.py:104} INFO - [2021-12-02 15:16:54,679] {dagbag.py:487} INFO - Filling up the DagBag from /home/agalli/sandbox/lib/python3.6/site-packages/airflow/example_dags/example_xcomargs.py
[2021-12-02 15:16:54,699] {scheduler_job.py:643} INFO - DAG(s) dict_keys(['example_xcom_args', 'example_xcom_args_with_operators']) retrieved from /home/agalli/sandbox/lib/python3.6/site-packages/airflow/example_dags/example_xcomargs.py
[2021-12-02 15:16:55,130] {logging_mixin.py:104} INFO - [2021-12-02 15:16:55,129] {dag.py:1832} INFO - Sync 2 DAGs
[2021-12-02 15:16:55,140] {logging_mixin.py:104} INFO - [2021-12-02 15:16:55,140] {dag.py:2305} INFO - Setting next_dagrun for example_xcom_args to None
[2021-12-02 15:16:55,140] {logging_mixin.py:104} INFO - [2021-12-02 15:16:55,140] {dag.py:2305} INFO - Setting next_dagrun for example_xcom_args_with_operators to None
[2021-12-02 15:16:55,164] {scheduler_job.py:190} INFO - Processing /home/agalli/sandbox/lib/python3.6/site-packages/airflow/example_dags/example_xcomargs.py took 0.491 seconds
[2021-12-02 15:17:27,877] {scheduler_job.py:182} INFO - Started process (PID=2930) to work on /home/agalli/sandbox/lib/python3.6/site-packages/airflow/example_dags/example_xcomargs.py
[2021-12-02 15:17:27,879] {scheduler_job.py:633} INFO - Processing file /home/agalli/sandbox/lib/python3.6/site-packages/airflow/example_dags/example_xcomargs.py for tasks to queue
[2021-12-02 15:17:27,880] {logging_mixin.py:104} INFO - [2021-12-02 15:17:27,880] {dagbag.py:487} INFO - Filling up the DagBag from /home/agalli/sandbox/lib/python3.6/site-packages/airflow/example_dags/example_xcomargs.py
[2021-12-02 15:17:27,903] {scheduler_job.py:643} INFO - DAG(s) dict_keys(['example_xcom_args', 'example_xcom_args_with_operators']) retrieved from /home/agalli/sandbox/lib/python3.6/site-packages/airflow/example_dags/example_xcomargs.py
[2021-12-02 15:17:28,358] {logging_mixin.py:104} INFO - [2021-12-02 15:17:28,358] {dag.py:1832} INFO - Sync 2 DAGs
[2021-12-02 15:17:28,367] {logging_mixin.py:104} INFO - [2021-12-02 15:17:28,367] {dag.py:2305} INFO - Setting next_dagrun for example_xcom_args to None
[2021-12-02 15:17:28,368] {logging_mixin.py:104} INFO - [2021-12-02 15:17:28,368] {dag.py:2305} INFO - Setting next_dagrun for example_xcom_args_with_operators to None
[2021-12-02 15:17:28,400] {scheduler_job.py:190} INFO - Processing /home/agalli/sandbox/lib/python3.6/site-packages/airflow/example_dags/example_xcomargs.py took 0.528 seconds
[2021-12-02 15:17:59,337] {scheduler_job.py:182} INFO - Started process (PID=2960) to work on /home/agalli/sandbox/lib/python3.6/site-packages/airflow/example_dags/example_xcomargs.py
[2021-12-02 15:17:59,339] {scheduler_job.py:633} INFO - Processing file /home/agalli/sandbox/lib/python3.6/site-packages/airflow/example_dags/example_xcomargs.py for tasks to queue
[2021-12-02 15:17:59,340] {logging_mixin.py:104} INFO - [2021-12-02 15:17:59,339] {dagbag.py:487} INFO - Filling up the DagBag from /home/agalli/sandbox/lib/python3.6/site-packages/airflow/example_dags/example_xcomargs.py
[2021-12-02 15:17:59,359] {scheduler_job.py:643} INFO - DAG(s) dict_keys(['example_xcom_args', 'example_xcom_args_with_operators']) retrieved from /home/agalli/sandbox/lib/python3.6/site-packages/airflow/example_dags/example_xcomargs.py
[2021-12-02 15:17:59,813] {logging_mixin.py:104} INFO - [2021-12-02 15:17:59,812] {dag.py:1832} INFO - Sync 2 DAGs
[2021-12-02 15:17:59,822] {logging_mixin.py:104} INFO - [2021-12-02 15:17:59,822] {dag.py:2305} INFO - Setting next_dagrun for example_xcom_args to None
[2021-12-02 15:17:59,823] {logging_mixin.py:104} INFO - [2021-12-02 15:17:59,822] {dag.py:2305} INFO - Setting next_dagrun for example_xcom_args_with_operators to None
[2021-12-02 15:17:59,847] {scheduler_job.py:190} INFO - Processing /home/agalli/sandbox/lib/python3.6/site-packages/airflow/example_dags/example_xcomargs.py took 0.514 seconds
[2021-12-02 15:18:32,411] {scheduler_job.py:182} INFO - Started process (PID=2989) to work on /home/agalli/sandbox/lib/python3.6/site-packages/airflow/example_dags/example_xcomargs.py
[2021-12-02 15:18:32,412] {scheduler_job.py:633} INFO - Processing file /home/agalli/sandbox/lib/python3.6/site-packages/airflow/example_dags/example_xcomargs.py for tasks to queue
[2021-12-02 15:18:32,412] {logging_mixin.py:104} INFO - [2021-12-02 15:18:32,412] {dagbag.py:487} INFO - Filling up the DagBag from /home/agalli/sandbox/lib/python3.6/site-packages/airflow/example_dags/example_xcomargs.py
[2021-12-02 15:18:32,430] {scheduler_job.py:643} INFO - DAG(s) dict_keys(['example_xcom_args', 'example_xcom_args_with_operators']) retrieved from /home/agalli/sandbox/lib/python3.6/site-packages/airflow/example_dags/example_xcomargs.py
[2021-12-02 15:18:32,866] {logging_mixin.py:104} INFO - [2021-12-02 15:18:32,866] {dag.py:1832} INFO - Sync 2 DAGs
[2021-12-02 15:18:32,880] {logging_mixin.py:104} INFO - [2021-12-02 15:18:32,880] {dag.py:2305} INFO - Setting next_dagrun for example_xcom_args to None
[2021-12-02 15:18:32,881] {logging_mixin.py:104} INFO - [2021-12-02 15:18:32,881] {dag.py:2305} INFO - Setting next_dagrun for example_xcom_args_with_operators to None
[2021-12-02 15:18:32,912] {scheduler_job.py:190} INFO - Processing /home/agalli/sandbox/lib/python3.6/site-packages/airflow/example_dags/example_xcomargs.py took 0.504 seconds
[2021-12-02 15:19:05,997] {scheduler_job.py:182} INFO - Started process (PID=3020) to work on /home/agalli/sandbox/lib/python3.6/site-packages/airflow/example_dags/example_xcomargs.py
[2021-12-02 15:19:05,998] {scheduler_job.py:633} INFO - Processing file /home/agalli/sandbox/lib/python3.6/site-packages/airflow/example_dags/example_xcomargs.py for tasks to queue
[2021-12-02 15:19:05,999] {logging_mixin.py:104} INFO - [2021-12-02 15:19:05,999] {dagbag.py:487} INFO - Filling up the DagBag from /home/agalli/sandbox/lib/python3.6/site-packages/airflow/example_dags/example_xcomargs.py
[2021-12-02 15:19:06,021] {scheduler_job.py:643} INFO - DAG(s) dict_keys(['example_xcom_args', 'example_xcom_args_with_operators']) retrieved from /home/agalli/sandbox/lib/python3.6/site-packages/airflow/example_dags/example_xcomargs.py
[2021-12-02 15:19:06,493] {logging_mixin.py:104} INFO - [2021-12-02 15:19:06,493] {dag.py:1832} INFO - Sync 2 DAGs
[2021-12-02 15:19:06,505] {logging_mixin.py:104} INFO - [2021-12-02 15:19:06,504] {dag.py:2305} INFO - Setting next_dagrun for example_xcom_args to None
[2021-12-02 15:19:06,505] {logging_mixin.py:104} INFO - [2021-12-02 15:19:06,505] {dag.py:2305} INFO - Setting next_dagrun for example_xcom_args_with_operators to None
[2021-12-02 15:19:06,526] {scheduler_job.py:190} INFO - Processing /home/agalli/sandbox/lib/python3.6/site-packages/airflow/example_dags/example_xcomargs.py took 0.534 seconds
[2021-12-02 15:19:40,675] {scheduler_job.py:182} INFO - Started process (PID=3050) to work on /home/agalli/sandbox/lib/python3.6/site-packages/airflow/example_dags/example_xcomargs.py
[2021-12-02 15:19:40,688] {scheduler_job.py:633} INFO - Processing file /home/agalli/sandbox/lib/python3.6/site-packages/airflow/example_dags/example_xcomargs.py for tasks to queue
[2021-12-02 15:19:40,690] {logging_mixin.py:104} INFO - [2021-12-02 15:19:40,690] {dagbag.py:487} INFO - Filling up the DagBag from /home/agalli/sandbox/lib/python3.6/site-packages/airflow/example_dags/example_xcomargs.py
[2021-12-02 15:19:40,799] {scheduler_job.py:643} INFO - DAG(s) dict_keys(['example_xcom_args', 'example_xcom_args_with_operators']) retrieved from /home/agalli/sandbox/lib/python3.6/site-packages/airflow/example_dags/example_xcomargs.py
[2021-12-02 15:19:41,800] {logging_mixin.py:104} INFO - [2021-12-02 15:19:41,799] {dag.py:1832} INFO - Sync 2 DAGs
[2021-12-02 15:19:41,823] {logging_mixin.py:104} INFO - [2021-12-02 15:19:41,823] {dag.py:2305} INFO - Setting next_dagrun for example_xcom_args to None
[2021-12-02 15:19:41,824] {logging_mixin.py:104} INFO - [2021-12-02 15:19:41,824] {dag.py:2305} INFO - Setting next_dagrun for example_xcom_args_with_operators to None
[2021-12-02 15:19:41,906] {scheduler_job.py:190} INFO - Processing /home/agalli/sandbox/lib/python3.6/site-packages/airflow/example_dags/example_xcomargs.py took 1.248 seconds
[2021-12-02 15:20:16,856] {scheduler_job.py:182} INFO - Started process (PID=3077) to work on /home/agalli/sandbox/lib/python3.6/site-packages/airflow/example_dags/example_xcomargs.py
[2021-12-02 15:20:16,859] {scheduler_job.py:633} INFO - Processing file /home/agalli/sandbox/lib/python3.6/site-packages/airflow/example_dags/example_xcomargs.py for tasks to queue
[2021-12-02 15:20:16,861] {logging_mixin.py:104} INFO - [2021-12-02 15:20:16,860] {dagbag.py:487} INFO - Filling up the DagBag from /home/agalli/sandbox/lib/python3.6/site-packages/airflow/example_dags/example_xcomargs.py
[2021-12-02 15:20:16,898] {scheduler_job.py:643} INFO - DAG(s) dict_keys(['example_xcom_args', 'example_xcom_args_with_operators']) retrieved from /home/agalli/sandbox/lib/python3.6/site-packages/airflow/example_dags/example_xcomargs.py
[2021-12-02 15:20:17,489] {logging_mixin.py:104} INFO - [2021-12-02 15:20:17,489] {dag.py:1832} INFO - Sync 2 DAGs
[2021-12-02 15:20:17,504] {logging_mixin.py:104} INFO - [2021-12-02 15:20:17,504] {dag.py:2305} INFO - Setting next_dagrun for example_xcom_args to None
[2021-12-02 15:20:17,505] {logging_mixin.py:104} INFO - [2021-12-02 15:20:17,505] {dag.py:2305} INFO - Setting next_dagrun for example_xcom_args_with_operators to None
[2021-12-02 15:20:17,530] {scheduler_job.py:190} INFO - Processing /home/agalli/sandbox/lib/python3.6/site-packages/airflow/example_dags/example_xcomargs.py took 0.679 seconds
