[2021-12-02 14:51:17,569] {scheduler_job.py:182} INFO - Started process (PID=1576) to work on /home/agalli/sandbox/lib/python3.6/site-packages/airflow/example_dags/example_trigger_controller_dag.py
[2021-12-02 14:51:17,589] {scheduler_job.py:633} INFO - Processing file /home/agalli/sandbox/lib/python3.6/site-packages/airflow/example_dags/example_trigger_controller_dag.py for tasks to queue
[2021-12-02 14:51:17,619] {logging_mixin.py:104} INFO - [2021-12-02 14:51:17,617] {dagbag.py:487} INFO - Filling up the DagBag from /home/agalli/sandbox/lib/python3.6/site-packages/airflow/example_dags/example_trigger_controller_dag.py
[2021-12-02 14:51:17,704] {scheduler_job.py:643} INFO - DAG(s) dict_keys(['example_trigger_controller_dag']) retrieved from /home/agalli/sandbox/lib/python3.6/site-packages/airflow/example_dags/example_trigger_controller_dag.py
[2021-12-02 14:51:17,967] {logging_mixin.py:104} INFO - [2021-12-02 14:51:17,966] {dag.py:1832} INFO - Sync 1 DAGs
[2021-12-02 14:51:18,073] {logging_mixin.py:104} INFO - [2021-12-02 14:51:18,072] {dag.py:2305} INFO - Setting next_dagrun for example_trigger_controller_dag to 2021-11-30 00:00:00+00:00
[2021-12-02 14:51:18,237] {scheduler_job.py:190} INFO - Processing /home/agalli/sandbox/lib/python3.6/site-packages/airflow/example_dags/example_trigger_controller_dag.py took 0.751 seconds
[2021-12-02 14:52:01,933] {scheduler_job.py:182} INFO - Started process (PID=1681) to work on /home/agalli/sandbox/lib/python3.6/site-packages/airflow/example_dags/example_trigger_controller_dag.py
[2021-12-02 14:52:01,934] {scheduler_job.py:633} INFO - Processing file /home/agalli/sandbox/lib/python3.6/site-packages/airflow/example_dags/example_trigger_controller_dag.py for tasks to queue
[2021-12-02 14:52:01,935] {logging_mixin.py:104} INFO - [2021-12-02 14:52:01,935] {dagbag.py:487} INFO - Filling up the DagBag from /home/agalli/sandbox/lib/python3.6/site-packages/airflow/example_dags/example_trigger_controller_dag.py
[2021-12-02 14:52:01,950] {scheduler_job.py:643} INFO - DAG(s) dict_keys(['example_trigger_controller_dag']) retrieved from /home/agalli/sandbox/lib/python3.6/site-packages/airflow/example_dags/example_trigger_controller_dag.py
[2021-12-02 14:52:01,971] {logging_mixin.py:104} INFO - [2021-12-02 14:52:01,971] {dag.py:1832} INFO - Sync 1 DAGs
[2021-12-02 14:52:01,999] {logging_mixin.py:104} INFO - [2021-12-02 14:52:01,998] {dag.py:2305} INFO - Setting next_dagrun for example_trigger_controller_dag to 2021-11-30 00:00:00+00:00
[2021-12-02 14:52:02,026] {scheduler_job.py:190} INFO - Processing /home/agalli/sandbox/lib/python3.6/site-packages/airflow/example_dags/example_trigger_controller_dag.py took 0.097 seconds
[2021-12-02 14:52:33,658] {scheduler_job.py:182} INFO - Started process (PID=1712) to work on /home/agalli/sandbox/lib/python3.6/site-packages/airflow/example_dags/example_trigger_controller_dag.py
[2021-12-02 14:52:33,659] {scheduler_job.py:633} INFO - Processing file /home/agalli/sandbox/lib/python3.6/site-packages/airflow/example_dags/example_trigger_controller_dag.py for tasks to queue
[2021-12-02 14:52:33,660] {logging_mixin.py:104} INFO - [2021-12-02 14:52:33,660] {dagbag.py:487} INFO - Filling up the DagBag from /home/agalli/sandbox/lib/python3.6/site-packages/airflow/example_dags/example_trigger_controller_dag.py
[2021-12-02 14:52:33,671] {scheduler_job.py:643} INFO - DAG(s) dict_keys(['example_trigger_controller_dag']) retrieved from /home/agalli/sandbox/lib/python3.6/site-packages/airflow/example_dags/example_trigger_controller_dag.py
[2021-12-02 14:52:33,688] {logging_mixin.py:104} INFO - [2021-12-02 14:52:33,688] {dag.py:1832} INFO - Sync 1 DAGs
[2021-12-02 14:52:33,706] {logging_mixin.py:104} INFO - [2021-12-02 14:52:33,706] {dag.py:2305} INFO - Setting next_dagrun for example_trigger_controller_dag to 2021-11-30 00:00:00+00:00
[2021-12-02 14:52:33,722] {scheduler_job.py:190} INFO - Processing /home/agalli/sandbox/lib/python3.6/site-packages/airflow/example_dags/example_trigger_controller_dag.py took 0.067 seconds
[2021-12-02 14:53:10,829] {scheduler_job.py:182} INFO - Started process (PID=1743) to work on /home/agalli/sandbox/lib/python3.6/site-packages/airflow/example_dags/example_trigger_controller_dag.py
[2021-12-02 14:53:10,830] {scheduler_job.py:633} INFO - Processing file /home/agalli/sandbox/lib/python3.6/site-packages/airflow/example_dags/example_trigger_controller_dag.py for tasks to queue
[2021-12-02 14:53:10,831] {logging_mixin.py:104} INFO - [2021-12-02 14:53:10,831] {dagbag.py:487} INFO - Filling up the DagBag from /home/agalli/sandbox/lib/python3.6/site-packages/airflow/example_dags/example_trigger_controller_dag.py
[2021-12-02 14:53:10,852] {scheduler_job.py:643} INFO - DAG(s) dict_keys(['example_trigger_controller_dag']) retrieved from /home/agalli/sandbox/lib/python3.6/site-packages/airflow/example_dags/example_trigger_controller_dag.py
[2021-12-02 14:53:10,874] {logging_mixin.py:104} INFO - [2021-12-02 14:53:10,874] {dag.py:1832} INFO - Sync 1 DAGs
[2021-12-02 14:53:10,912] {logging_mixin.py:104} INFO - [2021-12-02 14:53:10,911] {dag.py:2305} INFO - Setting next_dagrun for example_trigger_controller_dag to 2021-11-30 00:00:00+00:00
[2021-12-02 14:53:10,947] {scheduler_job.py:190} INFO - Processing /home/agalli/sandbox/lib/python3.6/site-packages/airflow/example_dags/example_trigger_controller_dag.py took 0.123 seconds
[2021-12-02 14:53:46,383] {scheduler_job.py:182} INFO - Started process (PID=1774) to work on /home/agalli/sandbox/lib/python3.6/site-packages/airflow/example_dags/example_trigger_controller_dag.py
[2021-12-02 14:53:46,384] {scheduler_job.py:633} INFO - Processing file /home/agalli/sandbox/lib/python3.6/site-packages/airflow/example_dags/example_trigger_controller_dag.py for tasks to queue
[2021-12-02 14:53:46,385] {logging_mixin.py:104} INFO - [2021-12-02 14:53:46,385] {dagbag.py:487} INFO - Filling up the DagBag from /home/agalli/sandbox/lib/python3.6/site-packages/airflow/example_dags/example_trigger_controller_dag.py
[2021-12-02 14:53:46,399] {scheduler_job.py:643} INFO - DAG(s) dict_keys(['example_trigger_controller_dag']) retrieved from /home/agalli/sandbox/lib/python3.6/site-packages/airflow/example_dags/example_trigger_controller_dag.py
[2021-12-02 14:53:46,420] {logging_mixin.py:104} INFO - [2021-12-02 14:53:46,420] {dag.py:1832} INFO - Sync 1 DAGs
[2021-12-02 14:53:46,438] {logging_mixin.py:104} INFO - [2021-12-02 14:53:46,438] {dag.py:2305} INFO - Setting next_dagrun for example_trigger_controller_dag to 2021-11-30 00:00:00+00:00
[2021-12-02 14:53:46,472] {scheduler_job.py:190} INFO - Processing /home/agalli/sandbox/lib/python3.6/site-packages/airflow/example_dags/example_trigger_controller_dag.py took 0.093 seconds
[2021-12-02 14:54:21,393] {scheduler_job.py:182} INFO - Started process (PID=1805) to work on /home/agalli/sandbox/lib/python3.6/site-packages/airflow/example_dags/example_trigger_controller_dag.py
[2021-12-02 14:54:21,394] {scheduler_job.py:633} INFO - Processing file /home/agalli/sandbox/lib/python3.6/site-packages/airflow/example_dags/example_trigger_controller_dag.py for tasks to queue
[2021-12-02 14:54:21,395] {logging_mixin.py:104} INFO - [2021-12-02 14:54:21,395] {dagbag.py:487} INFO - Filling up the DagBag from /home/agalli/sandbox/lib/python3.6/site-packages/airflow/example_dags/example_trigger_controller_dag.py
[2021-12-02 14:54:21,411] {scheduler_job.py:643} INFO - DAG(s) dict_keys(['example_trigger_controller_dag']) retrieved from /home/agalli/sandbox/lib/python3.6/site-packages/airflow/example_dags/example_trigger_controller_dag.py
[2021-12-02 14:54:21,430] {logging_mixin.py:104} INFO - [2021-12-02 14:54:21,429] {dag.py:1832} INFO - Sync 1 DAGs
[2021-12-02 14:54:21,447] {logging_mixin.py:104} INFO - [2021-12-02 14:54:21,447] {dag.py:2305} INFO - Setting next_dagrun for example_trigger_controller_dag to 2021-11-30 00:00:00+00:00
[2021-12-02 14:54:21,468] {scheduler_job.py:190} INFO - Processing /home/agalli/sandbox/lib/python3.6/site-packages/airflow/example_dags/example_trigger_controller_dag.py took 0.080 seconds
[2021-12-02 14:55:02,581] {scheduler_job.py:182} INFO - Started process (PID=1836) to work on /home/agalli/sandbox/lib/python3.6/site-packages/airflow/example_dags/example_trigger_controller_dag.py
[2021-12-02 14:55:02,582] {scheduler_job.py:633} INFO - Processing file /home/agalli/sandbox/lib/python3.6/site-packages/airflow/example_dags/example_trigger_controller_dag.py for tasks to queue
[2021-12-02 14:55:02,583] {logging_mixin.py:104} INFO - [2021-12-02 14:55:02,583] {dagbag.py:487} INFO - Filling up the DagBag from /home/agalli/sandbox/lib/python3.6/site-packages/airflow/example_dags/example_trigger_controller_dag.py
[2021-12-02 14:55:02,603] {scheduler_job.py:643} INFO - DAG(s) dict_keys(['example_trigger_controller_dag']) retrieved from /home/agalli/sandbox/lib/python3.6/site-packages/airflow/example_dags/example_trigger_controller_dag.py
[2021-12-02 14:55:02,632] {logging_mixin.py:104} INFO - [2021-12-02 14:55:02,632] {dag.py:1832} INFO - Sync 1 DAGs
[2021-12-02 14:55:02,657] {logging_mixin.py:104} INFO - [2021-12-02 14:55:02,656] {dag.py:2305} INFO - Setting next_dagrun for example_trigger_controller_dag to 2021-11-30 00:00:00+00:00
[2021-12-02 14:55:02,687] {scheduler_job.py:190} INFO - Processing /home/agalli/sandbox/lib/python3.6/site-packages/airflow/example_dags/example_trigger_controller_dag.py took 0.110 seconds
[2021-12-02 14:55:42,180] {scheduler_job.py:182} INFO - Started process (PID=1957) to work on /home/agalli/sandbox/lib/python3.6/site-packages/airflow/example_dags/example_trigger_controller_dag.py
[2021-12-02 14:55:42,182] {scheduler_job.py:633} INFO - Processing file /home/agalli/sandbox/lib/python3.6/site-packages/airflow/example_dags/example_trigger_controller_dag.py for tasks to queue
[2021-12-02 14:55:42,183] {logging_mixin.py:104} INFO - [2021-12-02 14:55:42,183] {dagbag.py:487} INFO - Filling up the DagBag from /home/agalli/sandbox/lib/python3.6/site-packages/airflow/example_dags/example_trigger_controller_dag.py
[2021-12-02 14:55:42,207] {scheduler_job.py:643} INFO - DAG(s) dict_keys(['example_trigger_controller_dag']) retrieved from /home/agalli/sandbox/lib/python3.6/site-packages/airflow/example_dags/example_trigger_controller_dag.py
[2021-12-02 14:55:42,234] {logging_mixin.py:104} INFO - [2021-12-02 14:55:42,234] {dag.py:1832} INFO - Sync 1 DAGs
[2021-12-02 14:55:42,264] {logging_mixin.py:104} INFO - [2021-12-02 14:55:42,264] {dag.py:2305} INFO - Setting next_dagrun for example_trigger_controller_dag to 2021-11-30 00:00:00+00:00
[2021-12-02 14:55:42,301] {scheduler_job.py:190} INFO - Processing /home/agalli/sandbox/lib/python3.6/site-packages/airflow/example_dags/example_trigger_controller_dag.py took 0.128 seconds
[2021-12-02 14:56:20,256] {scheduler_job.py:182} INFO - Started process (PID=1988) to work on /home/agalli/sandbox/lib/python3.6/site-packages/airflow/example_dags/example_trigger_controller_dag.py
[2021-12-02 14:56:20,257] {scheduler_job.py:633} INFO - Processing file /home/agalli/sandbox/lib/python3.6/site-packages/airflow/example_dags/example_trigger_controller_dag.py for tasks to queue
[2021-12-02 14:56:20,258] {logging_mixin.py:104} INFO - [2021-12-02 14:56:20,258] {dagbag.py:487} INFO - Filling up the DagBag from /home/agalli/sandbox/lib/python3.6/site-packages/airflow/example_dags/example_trigger_controller_dag.py
[2021-12-02 14:56:20,280] {scheduler_job.py:643} INFO - DAG(s) dict_keys(['example_trigger_controller_dag']) retrieved from /home/agalli/sandbox/lib/python3.6/site-packages/airflow/example_dags/example_trigger_controller_dag.py
[2021-12-02 14:56:20,308] {logging_mixin.py:104} INFO - [2021-12-02 14:56:20,308] {dag.py:1832} INFO - Sync 1 DAGs
[2021-12-02 14:56:20,337] {logging_mixin.py:104} INFO - [2021-12-02 14:56:20,337] {dag.py:2305} INFO - Setting next_dagrun for example_trigger_controller_dag to 2021-11-30 00:00:00+00:00
[2021-12-02 14:56:20,413] {scheduler_job.py:190} INFO - Processing /home/agalli/sandbox/lib/python3.6/site-packages/airflow/example_dags/example_trigger_controller_dag.py took 0.162 seconds
[2021-12-02 14:57:03,946] {scheduler_job.py:182} INFO - Started process (PID=2021) to work on /home/agalli/sandbox/lib/python3.6/site-packages/airflow/example_dags/example_trigger_controller_dag.py
[2021-12-02 14:57:03,948] {scheduler_job.py:633} INFO - Processing file /home/agalli/sandbox/lib/python3.6/site-packages/airflow/example_dags/example_trigger_controller_dag.py for tasks to queue
[2021-12-02 14:57:03,949] {logging_mixin.py:104} INFO - [2021-12-02 14:57:03,949] {dagbag.py:487} INFO - Filling up the DagBag from /home/agalli/sandbox/lib/python3.6/site-packages/airflow/example_dags/example_trigger_controller_dag.py
[2021-12-02 14:57:03,972] {scheduler_job.py:643} INFO - DAG(s) dict_keys(['example_trigger_controller_dag']) retrieved from /home/agalli/sandbox/lib/python3.6/site-packages/airflow/example_dags/example_trigger_controller_dag.py
[2021-12-02 14:57:04,006] {logging_mixin.py:104} INFO - [2021-12-02 14:57:04,005] {dag.py:1832} INFO - Sync 1 DAGs
[2021-12-02 14:57:04,034] {logging_mixin.py:104} INFO - [2021-12-02 14:57:04,034] {dag.py:2305} INFO - Setting next_dagrun for example_trigger_controller_dag to 2021-11-30 00:00:00+00:00
[2021-12-02 14:57:04,063] {scheduler_job.py:190} INFO - Processing /home/agalli/sandbox/lib/python3.6/site-packages/airflow/example_dags/example_trigger_controller_dag.py took 0.123 seconds
[2021-12-02 14:57:41,887] {scheduler_job.py:182} INFO - Started process (PID=2051) to work on /home/agalli/sandbox/lib/python3.6/site-packages/airflow/example_dags/example_trigger_controller_dag.py
[2021-12-02 14:57:41,891] {scheduler_job.py:633} INFO - Processing file /home/agalli/sandbox/lib/python3.6/site-packages/airflow/example_dags/example_trigger_controller_dag.py for tasks to queue
[2021-12-02 14:57:41,893] {logging_mixin.py:104} INFO - [2021-12-02 14:57:41,892] {dagbag.py:487} INFO - Filling up the DagBag from /home/agalli/sandbox/lib/python3.6/site-packages/airflow/example_dags/example_trigger_controller_dag.py
[2021-12-02 14:57:41,926] {scheduler_job.py:643} INFO - DAG(s) dict_keys(['example_trigger_controller_dag']) retrieved from /home/agalli/sandbox/lib/python3.6/site-packages/airflow/example_dags/example_trigger_controller_dag.py
[2021-12-02 14:57:41,969] {logging_mixin.py:104} INFO - [2021-12-02 14:57:41,968] {dag.py:1832} INFO - Sync 1 DAGs
[2021-12-02 14:57:42,016] {logging_mixin.py:104} INFO - [2021-12-02 14:57:42,015] {dag.py:2305} INFO - Setting next_dagrun for example_trigger_controller_dag to 2021-11-30 00:00:00+00:00
[2021-12-02 14:57:42,044] {scheduler_job.py:190} INFO - Processing /home/agalli/sandbox/lib/python3.6/site-packages/airflow/example_dags/example_trigger_controller_dag.py took 0.163 seconds
[2021-12-02 14:58:32,219] {scheduler_job.py:182} INFO - Started process (PID=2085) to work on /home/agalli/sandbox/lib/python3.6/site-packages/airflow/example_dags/example_trigger_controller_dag.py
[2021-12-02 14:58:32,223] {scheduler_job.py:633} INFO - Processing file /home/agalli/sandbox/lib/python3.6/site-packages/airflow/example_dags/example_trigger_controller_dag.py for tasks to queue
[2021-12-02 14:58:32,229] {logging_mixin.py:104} INFO - [2021-12-02 14:58:32,225] {dagbag.py:487} INFO - Filling up the DagBag from /home/agalli/sandbox/lib/python3.6/site-packages/airflow/example_dags/example_trigger_controller_dag.py
[2021-12-02 14:58:32,257] {scheduler_job.py:643} INFO - DAG(s) dict_keys(['example_trigger_controller_dag']) retrieved from /home/agalli/sandbox/lib/python3.6/site-packages/airflow/example_dags/example_trigger_controller_dag.py
[2021-12-02 14:58:32,303] {logging_mixin.py:104} INFO - [2021-12-02 14:58:32,302] {dag.py:1832} INFO - Sync 1 DAGs
[2021-12-02 14:58:32,413] {logging_mixin.py:104} INFO - [2021-12-02 14:58:32,413] {dag.py:2305} INFO - Setting next_dagrun for example_trigger_controller_dag to 2021-11-30 00:00:00+00:00
[2021-12-02 14:58:32,468] {scheduler_job.py:190} INFO - Processing /home/agalli/sandbox/lib/python3.6/site-packages/airflow/example_dags/example_trigger_controller_dag.py took 0.260 seconds
[2021-12-02 14:59:26,953] {scheduler_job.py:182} INFO - Started process (PID=2110) to work on /home/agalli/sandbox/lib/python3.6/site-packages/airflow/example_dags/example_trigger_controller_dag.py
[2021-12-02 14:59:26,955] {scheduler_job.py:633} INFO - Processing file /home/agalli/sandbox/lib/python3.6/site-packages/airflow/example_dags/example_trigger_controller_dag.py for tasks to queue
[2021-12-02 14:59:26,958] {logging_mixin.py:104} INFO - [2021-12-02 14:59:26,956] {dagbag.py:487} INFO - Filling up the DagBag from /home/agalli/sandbox/lib/python3.6/site-packages/airflow/example_dags/example_trigger_controller_dag.py
[2021-12-02 14:59:26,982] {scheduler_job.py:643} INFO - DAG(s) dict_keys(['example_trigger_controller_dag']) retrieved from /home/agalli/sandbox/lib/python3.6/site-packages/airflow/example_dags/example_trigger_controller_dag.py
[2021-12-02 14:59:27,012] {logging_mixin.py:104} INFO - [2021-12-02 14:59:27,012] {dag.py:1832} INFO - Sync 1 DAGs
[2021-12-02 14:59:27,073] {logging_mixin.py:104} INFO - [2021-12-02 14:59:27,072] {dag.py:2305} INFO - Setting next_dagrun for example_trigger_controller_dag to 2021-11-30 00:00:00+00:00
[2021-12-02 14:59:27,121] {scheduler_job.py:190} INFO - Processing /home/agalli/sandbox/lib/python3.6/site-packages/airflow/example_dags/example_trigger_controller_dag.py took 0.174 seconds
[2021-12-02 15:00:10,436] {scheduler_job.py:182} INFO - Started process (PID=2141) to work on /home/agalli/sandbox/lib/python3.6/site-packages/airflow/example_dags/example_trigger_controller_dag.py
[2021-12-02 15:00:10,438] {scheduler_job.py:633} INFO - Processing file /home/agalli/sandbox/lib/python3.6/site-packages/airflow/example_dags/example_trigger_controller_dag.py for tasks to queue
[2021-12-02 15:00:10,439] {logging_mixin.py:104} INFO - [2021-12-02 15:00:10,439] {dagbag.py:487} INFO - Filling up the DagBag from /home/agalli/sandbox/lib/python3.6/site-packages/airflow/example_dags/example_trigger_controller_dag.py
[2021-12-02 15:00:10,463] {scheduler_job.py:643} INFO - DAG(s) dict_keys(['example_trigger_controller_dag']) retrieved from /home/agalli/sandbox/lib/python3.6/site-packages/airflow/example_dags/example_trigger_controller_dag.py
[2021-12-02 15:00:10,499] {logging_mixin.py:104} INFO - [2021-12-02 15:00:10,499] {dag.py:1832} INFO - Sync 1 DAGs
[2021-12-02 15:00:10,528] {logging_mixin.py:104} INFO - [2021-12-02 15:00:10,528] {dag.py:2305} INFO - Setting next_dagrun for example_trigger_controller_dag to 2021-11-30 00:00:00+00:00
[2021-12-02 15:00:10,586] {scheduler_job.py:190} INFO - Processing /home/agalli/sandbox/lib/python3.6/site-packages/airflow/example_dags/example_trigger_controller_dag.py took 0.155 seconds
[2021-12-02 15:00:45,289] {scheduler_job.py:182} INFO - Started process (PID=2167) to work on /home/agalli/sandbox/lib/python3.6/site-packages/airflow/example_dags/example_trigger_controller_dag.py
[2021-12-02 15:00:45,291] {scheduler_job.py:633} INFO - Processing file /home/agalli/sandbox/lib/python3.6/site-packages/airflow/example_dags/example_trigger_controller_dag.py for tasks to queue
[2021-12-02 15:00:45,292] {logging_mixin.py:104} INFO - [2021-12-02 15:00:45,292] {dagbag.py:487} INFO - Filling up the DagBag from /home/agalli/sandbox/lib/python3.6/site-packages/airflow/example_dags/example_trigger_controller_dag.py
[2021-12-02 15:00:45,320] {scheduler_job.py:643} INFO - DAG(s) dict_keys(['example_trigger_controller_dag']) retrieved from /home/agalli/sandbox/lib/python3.6/site-packages/airflow/example_dags/example_trigger_controller_dag.py
[2021-12-02 15:00:45,355] {logging_mixin.py:104} INFO - [2021-12-02 15:00:45,355] {dag.py:1832} INFO - Sync 1 DAGs
[2021-12-02 15:00:45,388] {logging_mixin.py:104} INFO - [2021-12-02 15:00:45,387] {dag.py:2305} INFO - Setting next_dagrun for example_trigger_controller_dag to 2021-11-30 00:00:00+00:00
[2021-12-02 15:00:45,429] {scheduler_job.py:190} INFO - Processing /home/agalli/sandbox/lib/python3.6/site-packages/airflow/example_dags/example_trigger_controller_dag.py took 0.147 seconds
[2021-12-02 15:01:31,314] {scheduler_job.py:182} INFO - Started process (PID=2200) to work on /home/agalli/sandbox/lib/python3.6/site-packages/airflow/example_dags/example_trigger_controller_dag.py
[2021-12-02 15:01:31,317] {scheduler_job.py:633} INFO - Processing file /home/agalli/sandbox/lib/python3.6/site-packages/airflow/example_dags/example_trigger_controller_dag.py for tasks to queue
[2021-12-02 15:01:31,319] {logging_mixin.py:104} INFO - [2021-12-02 15:01:31,318] {dagbag.py:487} INFO - Filling up the DagBag from /home/agalli/sandbox/lib/python3.6/site-packages/airflow/example_dags/example_trigger_controller_dag.py
[2021-12-02 15:01:31,355] {scheduler_job.py:643} INFO - DAG(s) dict_keys(['example_trigger_controller_dag']) retrieved from /home/agalli/sandbox/lib/python3.6/site-packages/airflow/example_dags/example_trigger_controller_dag.py
[2021-12-02 15:01:31,402] {logging_mixin.py:104} INFO - [2021-12-02 15:01:31,402] {dag.py:1832} INFO - Sync 1 DAGs
[2021-12-02 15:01:31,426] {logging_mixin.py:104} INFO - [2021-12-02 15:01:31,425] {dag.py:2305} INFO - Setting next_dagrun for example_trigger_controller_dag to 2021-11-30 00:00:00+00:00
[2021-12-02 15:01:31,460] {scheduler_job.py:190} INFO - Processing /home/agalli/sandbox/lib/python3.6/site-packages/airflow/example_dags/example_trigger_controller_dag.py took 0.155 seconds
[2021-12-02 15:04:07,987] {scheduler_job.py:182} INFO - Started process (PID=2298) to work on /home/agalli/sandbox/lib/python3.6/site-packages/airflow/example_dags/example_trigger_controller_dag.py
[2021-12-02 15:04:07,990] {scheduler_job.py:633} INFO - Processing file /home/agalli/sandbox/lib/python3.6/site-packages/airflow/example_dags/example_trigger_controller_dag.py for tasks to queue
[2021-12-02 15:04:07,993] {logging_mixin.py:104} INFO - [2021-12-02 15:04:07,993] {dagbag.py:487} INFO - Filling up the DagBag from /home/agalli/sandbox/lib/python3.6/site-packages/airflow/example_dags/example_trigger_controller_dag.py
[2021-12-02 15:04:08,010] {scheduler_job.py:643} INFO - DAG(s) dict_keys(['example_trigger_controller_dag']) retrieved from /home/agalli/sandbox/lib/python3.6/site-packages/airflow/example_dags/example_trigger_controller_dag.py
[2021-12-02 15:04:08,052] {logging_mixin.py:104} INFO - [2021-12-02 15:04:08,052] {dag.py:1832} INFO - Sync 1 DAGs
[2021-12-02 15:04:08,084] {logging_mixin.py:104} INFO - [2021-12-02 15:04:08,084] {dag.py:2305} INFO - Setting next_dagrun for example_trigger_controller_dag to 2021-11-30 00:00:00+00:00
[2021-12-02 15:04:08,777] {scheduler_job.py:190} INFO - Processing /home/agalli/sandbox/lib/python3.6/site-packages/airflow/example_dags/example_trigger_controller_dag.py took 0.805 seconds
[2021-12-02 15:04:59,754] {scheduler_job.py:182} INFO - Started process (PID=2329) to work on /home/agalli/sandbox/lib/python3.6/site-packages/airflow/example_dags/example_trigger_controller_dag.py
[2021-12-02 15:04:59,758] {scheduler_job.py:633} INFO - Processing file /home/agalli/sandbox/lib/python3.6/site-packages/airflow/example_dags/example_trigger_controller_dag.py for tasks to queue
[2021-12-02 15:04:59,761] {logging_mixin.py:104} INFO - [2021-12-02 15:04:59,760] {dagbag.py:487} INFO - Filling up the DagBag from /home/agalli/sandbox/lib/python3.6/site-packages/airflow/example_dags/example_trigger_controller_dag.py
[2021-12-02 15:04:59,786] {scheduler_job.py:643} INFO - DAG(s) dict_keys(['example_trigger_controller_dag']) retrieved from /home/agalli/sandbox/lib/python3.6/site-packages/airflow/example_dags/example_trigger_controller_dag.py
[2021-12-02 15:04:59,826] {logging_mixin.py:104} INFO - [2021-12-02 15:04:59,824] {dag.py:1832} INFO - Sync 1 DAGs
[2021-12-02 15:04:59,847] {logging_mixin.py:104} INFO - [2021-12-02 15:04:59,846] {dag.py:2305} INFO - Setting next_dagrun for example_trigger_controller_dag to 2021-11-30 00:00:00+00:00
[2021-12-02 15:04:59,876] {scheduler_job.py:190} INFO - Processing /home/agalli/sandbox/lib/python3.6/site-packages/airflow/example_dags/example_trigger_controller_dag.py took 0.153 seconds
[2021-12-02 15:05:45,496] {scheduler_job.py:182} INFO - Started process (PID=2360) to work on /home/agalli/sandbox/lib/python3.6/site-packages/airflow/example_dags/example_trigger_controller_dag.py
[2021-12-02 15:05:45,499] {scheduler_job.py:633} INFO - Processing file /home/agalli/sandbox/lib/python3.6/site-packages/airflow/example_dags/example_trigger_controller_dag.py for tasks to queue
[2021-12-02 15:05:45,511] {logging_mixin.py:104} INFO - [2021-12-02 15:05:45,501] {dagbag.py:487} INFO - Filling up the DagBag from /home/agalli/sandbox/lib/python3.6/site-packages/airflow/example_dags/example_trigger_controller_dag.py
[2021-12-02 15:05:45,544] {scheduler_job.py:643} INFO - DAG(s) dict_keys(['example_trigger_controller_dag']) retrieved from /home/agalli/sandbox/lib/python3.6/site-packages/airflow/example_dags/example_trigger_controller_dag.py
[2021-12-02 15:05:45,660] {logging_mixin.py:104} INFO - [2021-12-02 15:05:45,660] {dag.py:1832} INFO - Sync 1 DAGs
[2021-12-02 15:05:45,700] {logging_mixin.py:104} INFO - [2021-12-02 15:05:45,700] {dag.py:2305} INFO - Setting next_dagrun for example_trigger_controller_dag to 2021-11-30 00:00:00+00:00
[2021-12-02 15:05:45,731] {scheduler_job.py:190} INFO - Processing /home/agalli/sandbox/lib/python3.6/site-packages/airflow/example_dags/example_trigger_controller_dag.py took 0.266 seconds
[2021-12-02 15:06:32,709] {scheduler_job.py:182} INFO - Started process (PID=2392) to work on /home/agalli/sandbox/lib/python3.6/site-packages/airflow/example_dags/example_trigger_controller_dag.py
[2021-12-02 15:06:32,711] {scheduler_job.py:633} INFO - Processing file /home/agalli/sandbox/lib/python3.6/site-packages/airflow/example_dags/example_trigger_controller_dag.py for tasks to queue
[2021-12-02 15:06:32,713] {logging_mixin.py:104} INFO - [2021-12-02 15:06:32,713] {dagbag.py:487} INFO - Filling up the DagBag from /home/agalli/sandbox/lib/python3.6/site-packages/airflow/example_dags/example_trigger_controller_dag.py
[2021-12-02 15:06:32,736] {scheduler_job.py:643} INFO - DAG(s) dict_keys(['example_trigger_controller_dag']) retrieved from /home/agalli/sandbox/lib/python3.6/site-packages/airflow/example_dags/example_trigger_controller_dag.py
[2021-12-02 15:06:32,815] {logging_mixin.py:104} INFO - [2021-12-02 15:06:32,814] {dag.py:1832} INFO - Sync 1 DAGs
[2021-12-02 15:06:32,839] {logging_mixin.py:104} INFO - [2021-12-02 15:06:32,838] {dag.py:2305} INFO - Setting next_dagrun for example_trigger_controller_dag to 2021-11-30 00:00:00+00:00
[2021-12-02 15:06:32,874] {scheduler_job.py:190} INFO - Processing /home/agalli/sandbox/lib/python3.6/site-packages/airflow/example_dags/example_trigger_controller_dag.py took 0.173 seconds
[2021-12-02 15:07:19,459] {scheduler_job.py:182} INFO - Started process (PID=2424) to work on /home/agalli/sandbox/lib/python3.6/site-packages/airflow/example_dags/example_trigger_controller_dag.py
[2021-12-02 15:07:19,463] {scheduler_job.py:633} INFO - Processing file /home/agalli/sandbox/lib/python3.6/site-packages/airflow/example_dags/example_trigger_controller_dag.py for tasks to queue
[2021-12-02 15:07:19,465] {logging_mixin.py:104} INFO - [2021-12-02 15:07:19,465] {dagbag.py:487} INFO - Filling up the DagBag from /home/agalli/sandbox/lib/python3.6/site-packages/airflow/example_dags/example_trigger_controller_dag.py
[2021-12-02 15:07:19,491] {scheduler_job.py:643} INFO - DAG(s) dict_keys(['example_trigger_controller_dag']) retrieved from /home/agalli/sandbox/lib/python3.6/site-packages/airflow/example_dags/example_trigger_controller_dag.py
[2021-12-02 15:07:19,523] {logging_mixin.py:104} INFO - [2021-12-02 15:07:19,523] {dag.py:1832} INFO - Sync 1 DAGs
[2021-12-02 15:07:19,542] {logging_mixin.py:104} INFO - [2021-12-02 15:07:19,542] {dag.py:2305} INFO - Setting next_dagrun for example_trigger_controller_dag to 2021-11-30 00:00:00+00:00
[2021-12-02 15:07:19,563] {scheduler_job.py:190} INFO - Processing /home/agalli/sandbox/lib/python3.6/site-packages/airflow/example_dags/example_trigger_controller_dag.py took 0.114 seconds
[2021-12-02 15:08:04,864] {scheduler_job.py:182} INFO - Started process (PID=2455) to work on /home/agalli/sandbox/lib/python3.6/site-packages/airflow/example_dags/example_trigger_controller_dag.py
[2021-12-02 15:08:04,867] {scheduler_job.py:633} INFO - Processing file /home/agalli/sandbox/lib/python3.6/site-packages/airflow/example_dags/example_trigger_controller_dag.py for tasks to queue
[2021-12-02 15:08:04,869] {logging_mixin.py:104} INFO - [2021-12-02 15:08:04,868] {dagbag.py:487} INFO - Filling up the DagBag from /home/agalli/sandbox/lib/python3.6/site-packages/airflow/example_dags/example_trigger_controller_dag.py
[2021-12-02 15:08:04,881] {scheduler_job.py:643} INFO - DAG(s) dict_keys(['example_trigger_controller_dag']) retrieved from /home/agalli/sandbox/lib/python3.6/site-packages/airflow/example_dags/example_trigger_controller_dag.py
[2021-12-02 15:08:04,909] {logging_mixin.py:104} INFO - [2021-12-02 15:08:04,909] {dag.py:1832} INFO - Sync 1 DAGs
[2021-12-02 15:08:04,932] {logging_mixin.py:104} INFO - [2021-12-02 15:08:04,932] {dag.py:2305} INFO - Setting next_dagrun for example_trigger_controller_dag to 2021-11-30 00:00:00+00:00
[2021-12-02 15:08:04,983] {scheduler_job.py:190} INFO - Processing /home/agalli/sandbox/lib/python3.6/site-packages/airflow/example_dags/example_trigger_controller_dag.py took 0.128 seconds
[2021-12-02 15:08:55,412] {scheduler_job.py:182} INFO - Started process (PID=2489) to work on /home/agalli/sandbox/lib/python3.6/site-packages/airflow/example_dags/example_trigger_controller_dag.py
[2021-12-02 15:08:55,414] {scheduler_job.py:633} INFO - Processing file /home/agalli/sandbox/lib/python3.6/site-packages/airflow/example_dags/example_trigger_controller_dag.py for tasks to queue
[2021-12-02 15:08:55,415] {logging_mixin.py:104} INFO - [2021-12-02 15:08:55,415] {dagbag.py:487} INFO - Filling up the DagBag from /home/agalli/sandbox/lib/python3.6/site-packages/airflow/example_dags/example_trigger_controller_dag.py
[2021-12-02 15:08:55,427] {scheduler_job.py:643} INFO - DAG(s) dict_keys(['example_trigger_controller_dag']) retrieved from /home/agalli/sandbox/lib/python3.6/site-packages/airflow/example_dags/example_trigger_controller_dag.py
[2021-12-02 15:08:55,453] {logging_mixin.py:104} INFO - [2021-12-02 15:08:55,453] {dag.py:1832} INFO - Sync 1 DAGs
[2021-12-02 15:08:55,492] {logging_mixin.py:104} INFO - [2021-12-02 15:08:55,491] {dag.py:2305} INFO - Setting next_dagrun for example_trigger_controller_dag to 2021-11-30 00:00:00+00:00
[2021-12-02 15:08:55,529] {scheduler_job.py:190} INFO - Processing /home/agalli/sandbox/lib/python3.6/site-packages/airflow/example_dags/example_trigger_controller_dag.py took 0.122 seconds
[2021-12-02 15:09:37,937] {scheduler_job.py:182} INFO - Started process (PID=2520) to work on /home/agalli/sandbox/lib/python3.6/site-packages/airflow/example_dags/example_trigger_controller_dag.py
[2021-12-02 15:09:37,940] {scheduler_job.py:633} INFO - Processing file /home/agalli/sandbox/lib/python3.6/site-packages/airflow/example_dags/example_trigger_controller_dag.py for tasks to queue
[2021-12-02 15:09:37,942] {logging_mixin.py:104} INFO - [2021-12-02 15:09:37,942] {dagbag.py:487} INFO - Filling up the DagBag from /home/agalli/sandbox/lib/python3.6/site-packages/airflow/example_dags/example_trigger_controller_dag.py
[2021-12-02 15:09:37,959] {scheduler_job.py:643} INFO - DAG(s) dict_keys(['example_trigger_controller_dag']) retrieved from /home/agalli/sandbox/lib/python3.6/site-packages/airflow/example_dags/example_trigger_controller_dag.py
[2021-12-02 15:09:38,008] {logging_mixin.py:104} INFO - [2021-12-02 15:09:38,007] {dag.py:1832} INFO - Sync 1 DAGs
[2021-12-02 15:09:38,045] {logging_mixin.py:104} INFO - [2021-12-02 15:09:38,044] {dag.py:2305} INFO - Setting next_dagrun for example_trigger_controller_dag to 2021-11-30 00:00:00+00:00
[2021-12-02 15:09:38,076] {scheduler_job.py:190} INFO - Processing /home/agalli/sandbox/lib/python3.6/site-packages/airflow/example_dags/example_trigger_controller_dag.py took 0.147 seconds
[2021-12-02 15:10:16,335] {scheduler_job.py:182} INFO - Started process (PID=2551) to work on /home/agalli/sandbox/lib/python3.6/site-packages/airflow/example_dags/example_trigger_controller_dag.py
[2021-12-02 15:10:16,338] {scheduler_job.py:633} INFO - Processing file /home/agalli/sandbox/lib/python3.6/site-packages/airflow/example_dags/example_trigger_controller_dag.py for tasks to queue
[2021-12-02 15:10:16,339] {logging_mixin.py:104} INFO - [2021-12-02 15:10:16,339] {dagbag.py:487} INFO - Filling up the DagBag from /home/agalli/sandbox/lib/python3.6/site-packages/airflow/example_dags/example_trigger_controller_dag.py
[2021-12-02 15:10:16,347] {scheduler_job.py:643} INFO - DAG(s) dict_keys(['example_trigger_controller_dag']) retrieved from /home/agalli/sandbox/lib/python3.6/site-packages/airflow/example_dags/example_trigger_controller_dag.py
[2021-12-02 15:10:16,367] {logging_mixin.py:104} INFO - [2021-12-02 15:10:16,367] {dag.py:1832} INFO - Sync 1 DAGs
[2021-12-02 15:10:16,384] {logging_mixin.py:104} INFO - [2021-12-02 15:10:16,384] {dag.py:2305} INFO - Setting next_dagrun for example_trigger_controller_dag to 2021-11-30 00:00:00+00:00
[2021-12-02 15:10:16,420] {scheduler_job.py:190} INFO - Processing /home/agalli/sandbox/lib/python3.6/site-packages/airflow/example_dags/example_trigger_controller_dag.py took 0.088 seconds
[2021-12-02 15:10:49,333] {scheduler_job.py:182} INFO - Started process (PID=2579) to work on /home/agalli/sandbox/lib/python3.6/site-packages/airflow/example_dags/example_trigger_controller_dag.py
[2021-12-02 15:10:49,335] {scheduler_job.py:633} INFO - Processing file /home/agalli/sandbox/lib/python3.6/site-packages/airflow/example_dags/example_trigger_controller_dag.py for tasks to queue
[2021-12-02 15:10:49,336] {logging_mixin.py:104} INFO - [2021-12-02 15:10:49,336] {dagbag.py:487} INFO - Filling up the DagBag from /home/agalli/sandbox/lib/python3.6/site-packages/airflow/example_dags/example_trigger_controller_dag.py
[2021-12-02 15:10:49,344] {scheduler_job.py:643} INFO - DAG(s) dict_keys(['example_trigger_controller_dag']) retrieved from /home/agalli/sandbox/lib/python3.6/site-packages/airflow/example_dags/example_trigger_controller_dag.py
[2021-12-02 15:10:49,363] {logging_mixin.py:104} INFO - [2021-12-02 15:10:49,362] {dag.py:1832} INFO - Sync 1 DAGs
[2021-12-02 15:10:49,379] {logging_mixin.py:104} INFO - [2021-12-02 15:10:49,379] {dag.py:2305} INFO - Setting next_dagrun for example_trigger_controller_dag to 2021-11-30 00:00:00+00:00
[2021-12-02 15:10:49,416] {scheduler_job.py:190} INFO - Processing /home/agalli/sandbox/lib/python3.6/site-packages/airflow/example_dags/example_trigger_controller_dag.py took 0.086 seconds
[2021-12-02 15:11:24,273] {scheduler_job.py:182} INFO - Started process (PID=2610) to work on /home/agalli/sandbox/lib/python3.6/site-packages/airflow/example_dags/example_trigger_controller_dag.py
[2021-12-02 15:11:24,275] {scheduler_job.py:633} INFO - Processing file /home/agalli/sandbox/lib/python3.6/site-packages/airflow/example_dags/example_trigger_controller_dag.py for tasks to queue
[2021-12-02 15:11:24,276] {logging_mixin.py:104} INFO - [2021-12-02 15:11:24,276] {dagbag.py:487} INFO - Filling up the DagBag from /home/agalli/sandbox/lib/python3.6/site-packages/airflow/example_dags/example_trigger_controller_dag.py
[2021-12-02 15:11:24,284] {scheduler_job.py:643} INFO - DAG(s) dict_keys(['example_trigger_controller_dag']) retrieved from /home/agalli/sandbox/lib/python3.6/site-packages/airflow/example_dags/example_trigger_controller_dag.py
[2021-12-02 15:11:24,305] {logging_mixin.py:104} INFO - [2021-12-02 15:11:24,305] {dag.py:1832} INFO - Sync 1 DAGs
[2021-12-02 15:11:24,319] {logging_mixin.py:104} INFO - [2021-12-02 15:11:24,319] {dag.py:2305} INFO - Setting next_dagrun for example_trigger_controller_dag to 2021-11-30 00:00:00+00:00
[2021-12-02 15:11:24,342] {scheduler_job.py:190} INFO - Processing /home/agalli/sandbox/lib/python3.6/site-packages/airflow/example_dags/example_trigger_controller_dag.py took 0.075 seconds
[2021-12-02 15:11:55,373] {scheduler_job.py:182} INFO - Started process (PID=2638) to work on /home/agalli/sandbox/lib/python3.6/site-packages/airflow/example_dags/example_trigger_controller_dag.py
[2021-12-02 15:11:55,375] {scheduler_job.py:633} INFO - Processing file /home/agalli/sandbox/lib/python3.6/site-packages/airflow/example_dags/example_trigger_controller_dag.py for tasks to queue
[2021-12-02 15:11:55,376] {logging_mixin.py:104} INFO - [2021-12-02 15:11:55,375] {dagbag.py:487} INFO - Filling up the DagBag from /home/agalli/sandbox/lib/python3.6/site-packages/airflow/example_dags/example_trigger_controller_dag.py
[2021-12-02 15:11:55,384] {scheduler_job.py:643} INFO - DAG(s) dict_keys(['example_trigger_controller_dag']) retrieved from /home/agalli/sandbox/lib/python3.6/site-packages/airflow/example_dags/example_trigger_controller_dag.py
[2021-12-02 15:11:55,409] {logging_mixin.py:104} INFO - [2021-12-02 15:11:55,409] {dag.py:1832} INFO - Sync 1 DAGs
[2021-12-02 15:11:55,428] {logging_mixin.py:104} INFO - [2021-12-02 15:11:55,428] {dag.py:2305} INFO - Setting next_dagrun for example_trigger_controller_dag to 2021-11-30 00:00:00+00:00
[2021-12-02 15:11:55,453] {scheduler_job.py:190} INFO - Processing /home/agalli/sandbox/lib/python3.6/site-packages/airflow/example_dags/example_trigger_controller_dag.py took 0.085 seconds
[2021-12-02 15:12:30,637] {scheduler_job.py:182} INFO - Started process (PID=2669) to work on /home/agalli/sandbox/lib/python3.6/site-packages/airflow/example_dags/example_trigger_controller_dag.py
[2021-12-02 15:12:30,639] {scheduler_job.py:633} INFO - Processing file /home/agalli/sandbox/lib/python3.6/site-packages/airflow/example_dags/example_trigger_controller_dag.py for tasks to queue
[2021-12-02 15:12:30,640] {logging_mixin.py:104} INFO - [2021-12-02 15:12:30,640] {dagbag.py:487} INFO - Filling up the DagBag from /home/agalli/sandbox/lib/python3.6/site-packages/airflow/example_dags/example_trigger_controller_dag.py
[2021-12-02 15:12:30,651] {scheduler_job.py:643} INFO - DAG(s) dict_keys(['example_trigger_controller_dag']) retrieved from /home/agalli/sandbox/lib/python3.6/site-packages/airflow/example_dags/example_trigger_controller_dag.py
[2021-12-02 15:12:30,671] {logging_mixin.py:104} INFO - [2021-12-02 15:12:30,671] {dag.py:1832} INFO - Sync 1 DAGs
[2021-12-02 15:12:30,686] {logging_mixin.py:104} INFO - [2021-12-02 15:12:30,686] {dag.py:2305} INFO - Setting next_dagrun for example_trigger_controller_dag to 2021-11-30 00:00:00+00:00
[2021-12-02 15:12:30,707] {scheduler_job.py:190} INFO - Processing /home/agalli/sandbox/lib/python3.6/site-packages/airflow/example_dags/example_trigger_controller_dag.py took 0.074 seconds
[2021-12-02 15:13:06,013] {scheduler_job.py:182} INFO - Started process (PID=2700) to work on /home/agalli/sandbox/lib/python3.6/site-packages/airflow/example_dags/example_trigger_controller_dag.py
[2021-12-02 15:13:06,014] {scheduler_job.py:633} INFO - Processing file /home/agalli/sandbox/lib/python3.6/site-packages/airflow/example_dags/example_trigger_controller_dag.py for tasks to queue
[2021-12-02 15:13:06,015] {logging_mixin.py:104} INFO - [2021-12-02 15:13:06,015] {dagbag.py:487} INFO - Filling up the DagBag from /home/agalli/sandbox/lib/python3.6/site-packages/airflow/example_dags/example_trigger_controller_dag.py
[2021-12-02 15:13:06,023] {scheduler_job.py:643} INFO - DAG(s) dict_keys(['example_trigger_controller_dag']) retrieved from /home/agalli/sandbox/lib/python3.6/site-packages/airflow/example_dags/example_trigger_controller_dag.py
[2021-12-02 15:13:06,042] {logging_mixin.py:104} INFO - [2021-12-02 15:13:06,042] {dag.py:1832} INFO - Sync 1 DAGs
[2021-12-02 15:13:06,054] {logging_mixin.py:104} INFO - [2021-12-02 15:13:06,054] {dag.py:2305} INFO - Setting next_dagrun for example_trigger_controller_dag to 2021-11-30 00:00:00+00:00
[2021-12-02 15:13:06,072] {scheduler_job.py:190} INFO - Processing /home/agalli/sandbox/lib/python3.6/site-packages/airflow/example_dags/example_trigger_controller_dag.py took 0.064 seconds
[2021-12-02 15:13:41,919] {scheduler_job.py:182} INFO - Started process (PID=2732) to work on /home/agalli/sandbox/lib/python3.6/site-packages/airflow/example_dags/example_trigger_controller_dag.py
[2021-12-02 15:13:41,921] {scheduler_job.py:633} INFO - Processing file /home/agalli/sandbox/lib/python3.6/site-packages/airflow/example_dags/example_trigger_controller_dag.py for tasks to queue
[2021-12-02 15:13:41,922] {logging_mixin.py:104} INFO - [2021-12-02 15:13:41,922] {dagbag.py:487} INFO - Filling up the DagBag from /home/agalli/sandbox/lib/python3.6/site-packages/airflow/example_dags/example_trigger_controller_dag.py
[2021-12-02 15:13:41,930] {scheduler_job.py:643} INFO - DAG(s) dict_keys(['example_trigger_controller_dag']) retrieved from /home/agalli/sandbox/lib/python3.6/site-packages/airflow/example_dags/example_trigger_controller_dag.py
[2021-12-02 15:13:41,948] {logging_mixin.py:104} INFO - [2021-12-02 15:13:41,948] {dag.py:1832} INFO - Sync 1 DAGs
[2021-12-02 15:13:41,961] {logging_mixin.py:104} INFO - [2021-12-02 15:13:41,961] {dag.py:2305} INFO - Setting next_dagrun for example_trigger_controller_dag to 2021-11-30 00:00:00+00:00
[2021-12-02 15:13:41,987] {scheduler_job.py:190} INFO - Processing /home/agalli/sandbox/lib/python3.6/site-packages/airflow/example_dags/example_trigger_controller_dag.py took 0.072 seconds
[2021-12-02 15:14:15,093] {scheduler_job.py:182} INFO - Started process (PID=2763) to work on /home/agalli/sandbox/lib/python3.6/site-packages/airflow/example_dags/example_trigger_controller_dag.py
[2021-12-02 15:14:15,094] {scheduler_job.py:633} INFO - Processing file /home/agalli/sandbox/lib/python3.6/site-packages/airflow/example_dags/example_trigger_controller_dag.py for tasks to queue
[2021-12-02 15:14:15,095] {logging_mixin.py:104} INFO - [2021-12-02 15:14:15,094] {dagbag.py:487} INFO - Filling up the DagBag from /home/agalli/sandbox/lib/python3.6/site-packages/airflow/example_dags/example_trigger_controller_dag.py
[2021-12-02 15:14:15,103] {scheduler_job.py:643} INFO - DAG(s) dict_keys(['example_trigger_controller_dag']) retrieved from /home/agalli/sandbox/lib/python3.6/site-packages/airflow/example_dags/example_trigger_controller_dag.py
[2021-12-02 15:14:15,120] {logging_mixin.py:104} INFO - [2021-12-02 15:14:15,120] {dag.py:1832} INFO - Sync 1 DAGs
[2021-12-02 15:14:15,132] {logging_mixin.py:104} INFO - [2021-12-02 15:14:15,132] {dag.py:2305} INFO - Setting next_dagrun for example_trigger_controller_dag to 2021-11-30 00:00:00+00:00
[2021-12-02 15:14:15,161] {scheduler_job.py:190} INFO - Processing /home/agalli/sandbox/lib/python3.6/site-packages/airflow/example_dags/example_trigger_controller_dag.py took 0.072 seconds
[2021-12-02 15:14:48,902] {scheduler_job.py:182} INFO - Started process (PID=2792) to work on /home/agalli/sandbox/lib/python3.6/site-packages/airflow/example_dags/example_trigger_controller_dag.py
[2021-12-02 15:14:48,904] {scheduler_job.py:633} INFO - Processing file /home/agalli/sandbox/lib/python3.6/site-packages/airflow/example_dags/example_trigger_controller_dag.py for tasks to queue
[2021-12-02 15:14:48,905] {logging_mixin.py:104} INFO - [2021-12-02 15:14:48,905] {dagbag.py:487} INFO - Filling up the DagBag from /home/agalli/sandbox/lib/python3.6/site-packages/airflow/example_dags/example_trigger_controller_dag.py
[2021-12-02 15:14:48,914] {scheduler_job.py:643} INFO - DAG(s) dict_keys(['example_trigger_controller_dag']) retrieved from /home/agalli/sandbox/lib/python3.6/site-packages/airflow/example_dags/example_trigger_controller_dag.py
[2021-12-02 15:14:48,932] {logging_mixin.py:104} INFO - [2021-12-02 15:14:48,932] {dag.py:1832} INFO - Sync 1 DAGs
[2021-12-02 15:14:48,945] {logging_mixin.py:104} INFO - [2021-12-02 15:14:48,944] {dag.py:2305} INFO - Setting next_dagrun for example_trigger_controller_dag to 2021-11-30 00:00:00+00:00
[2021-12-02 15:14:48,981] {scheduler_job.py:190} INFO - Processing /home/agalli/sandbox/lib/python3.6/site-packages/airflow/example_dags/example_trigger_controller_dag.py took 0.084 seconds
[2021-12-02 15:15:27,265] {scheduler_job.py:182} INFO - Started process (PID=2823) to work on /home/agalli/sandbox/lib/python3.6/site-packages/airflow/example_dags/example_trigger_controller_dag.py
[2021-12-02 15:15:27,267] {scheduler_job.py:633} INFO - Processing file /home/agalli/sandbox/lib/python3.6/site-packages/airflow/example_dags/example_trigger_controller_dag.py for tasks to queue
[2021-12-02 15:15:27,268] {logging_mixin.py:104} INFO - [2021-12-02 15:15:27,268] {dagbag.py:487} INFO - Filling up the DagBag from /home/agalli/sandbox/lib/python3.6/site-packages/airflow/example_dags/example_trigger_controller_dag.py
[2021-12-02 15:15:27,279] {scheduler_job.py:643} INFO - DAG(s) dict_keys(['example_trigger_controller_dag']) retrieved from /home/agalli/sandbox/lib/python3.6/site-packages/airflow/example_dags/example_trigger_controller_dag.py
[2021-12-02 15:15:27,300] {logging_mixin.py:104} INFO - [2021-12-02 15:15:27,300] {dag.py:1832} INFO - Sync 1 DAGs
[2021-12-02 15:15:27,316] {logging_mixin.py:104} INFO - [2021-12-02 15:15:27,316] {dag.py:2305} INFO - Setting next_dagrun for example_trigger_controller_dag to 2021-11-30 00:00:00+00:00
[2021-12-02 15:15:27,350] {scheduler_job.py:190} INFO - Processing /home/agalli/sandbox/lib/python3.6/site-packages/airflow/example_dags/example_trigger_controller_dag.py took 0.090 seconds
[2021-12-02 15:16:01,682] {scheduler_job.py:182} INFO - Started process (PID=2852) to work on /home/agalli/sandbox/lib/python3.6/site-packages/airflow/example_dags/example_trigger_controller_dag.py
[2021-12-02 15:16:01,683] {scheduler_job.py:633} INFO - Processing file /home/agalli/sandbox/lib/python3.6/site-packages/airflow/example_dags/example_trigger_controller_dag.py for tasks to queue
[2021-12-02 15:16:01,685] {logging_mixin.py:104} INFO - [2021-12-02 15:16:01,684] {dagbag.py:487} INFO - Filling up the DagBag from /home/agalli/sandbox/lib/python3.6/site-packages/airflow/example_dags/example_trigger_controller_dag.py
[2021-12-02 15:16:01,694] {scheduler_job.py:643} INFO - DAG(s) dict_keys(['example_trigger_controller_dag']) retrieved from /home/agalli/sandbox/lib/python3.6/site-packages/airflow/example_dags/example_trigger_controller_dag.py
[2021-12-02 15:16:01,713] {logging_mixin.py:104} INFO - [2021-12-02 15:16:01,713] {dag.py:1832} INFO - Sync 1 DAGs
[2021-12-02 15:16:01,728] {logging_mixin.py:104} INFO - [2021-12-02 15:16:01,728] {dag.py:2305} INFO - Setting next_dagrun for example_trigger_controller_dag to 2021-11-30 00:00:00+00:00
[2021-12-02 15:16:01,752] {scheduler_job.py:190} INFO - Processing /home/agalli/sandbox/lib/python3.6/site-packages/airflow/example_dags/example_trigger_controller_dag.py took 0.075 seconds
[2021-12-02 15:16:38,141] {scheduler_job.py:182} INFO - Started process (PID=2884) to work on /home/agalli/sandbox/lib/python3.6/site-packages/airflow/example_dags/example_trigger_controller_dag.py
[2021-12-02 15:16:38,143] {scheduler_job.py:633} INFO - Processing file /home/agalli/sandbox/lib/python3.6/site-packages/airflow/example_dags/example_trigger_controller_dag.py for tasks to queue
[2021-12-02 15:16:38,144] {logging_mixin.py:104} INFO - [2021-12-02 15:16:38,144] {dagbag.py:487} INFO - Filling up the DagBag from /home/agalli/sandbox/lib/python3.6/site-packages/airflow/example_dags/example_trigger_controller_dag.py
[2021-12-02 15:16:38,154] {scheduler_job.py:643} INFO - DAG(s) dict_keys(['example_trigger_controller_dag']) retrieved from /home/agalli/sandbox/lib/python3.6/site-packages/airflow/example_dags/example_trigger_controller_dag.py
[2021-12-02 15:16:38,172] {logging_mixin.py:104} INFO - [2021-12-02 15:16:38,172] {dag.py:1832} INFO - Sync 1 DAGs
[2021-12-02 15:16:38,184] {logging_mixin.py:104} INFO - [2021-12-02 15:16:38,184] {dag.py:2305} INFO - Setting next_dagrun for example_trigger_controller_dag to 2021-11-30 00:00:00+00:00
[2021-12-02 15:16:38,239] {scheduler_job.py:190} INFO - Processing /home/agalli/sandbox/lib/python3.6/site-packages/airflow/example_dags/example_trigger_controller_dag.py took 0.103 seconds
[2021-12-02 15:17:11,728] {scheduler_job.py:182} INFO - Started process (PID=2915) to work on /home/agalli/sandbox/lib/python3.6/site-packages/airflow/example_dags/example_trigger_controller_dag.py
[2021-12-02 15:17:11,729] {scheduler_job.py:633} INFO - Processing file /home/agalli/sandbox/lib/python3.6/site-packages/airflow/example_dags/example_trigger_controller_dag.py for tasks to queue
[2021-12-02 15:17:11,730] {logging_mixin.py:104} INFO - [2021-12-02 15:17:11,730] {dagbag.py:487} INFO - Filling up the DagBag from /home/agalli/sandbox/lib/python3.6/site-packages/airflow/example_dags/example_trigger_controller_dag.py
[2021-12-02 15:17:11,739] {scheduler_job.py:643} INFO - DAG(s) dict_keys(['example_trigger_controller_dag']) retrieved from /home/agalli/sandbox/lib/python3.6/site-packages/airflow/example_dags/example_trigger_controller_dag.py
[2021-12-02 15:17:11,759] {logging_mixin.py:104} INFO - [2021-12-02 15:17:11,759] {dag.py:1832} INFO - Sync 1 DAGs
[2021-12-02 15:17:11,770] {logging_mixin.py:104} INFO - [2021-12-02 15:17:11,770] {dag.py:2305} INFO - Setting next_dagrun for example_trigger_controller_dag to 2021-11-30 00:00:00+00:00
[2021-12-02 15:17:11,788] {scheduler_job.py:190} INFO - Processing /home/agalli/sandbox/lib/python3.6/site-packages/airflow/example_dags/example_trigger_controller_dag.py took 0.064 seconds
[2021-12-02 15:17:43,862] {scheduler_job.py:182} INFO - Started process (PID=2945) to work on /home/agalli/sandbox/lib/python3.6/site-packages/airflow/example_dags/example_trigger_controller_dag.py
[2021-12-02 15:17:43,864] {scheduler_job.py:633} INFO - Processing file /home/agalli/sandbox/lib/python3.6/site-packages/airflow/example_dags/example_trigger_controller_dag.py for tasks to queue
[2021-12-02 15:17:43,865] {logging_mixin.py:104} INFO - [2021-12-02 15:17:43,865] {dagbag.py:487} INFO - Filling up the DagBag from /home/agalli/sandbox/lib/python3.6/site-packages/airflow/example_dags/example_trigger_controller_dag.py
[2021-12-02 15:17:43,877] {scheduler_job.py:643} INFO - DAG(s) dict_keys(['example_trigger_controller_dag']) retrieved from /home/agalli/sandbox/lib/python3.6/site-packages/airflow/example_dags/example_trigger_controller_dag.py
[2021-12-02 15:17:43,900] {logging_mixin.py:104} INFO - [2021-12-02 15:17:43,900] {dag.py:1832} INFO - Sync 1 DAGs
[2021-12-02 15:17:43,912] {logging_mixin.py:104} INFO - [2021-12-02 15:17:43,912] {dag.py:2305} INFO - Setting next_dagrun for example_trigger_controller_dag to 2021-11-30 00:00:00+00:00
[2021-12-02 15:17:43,944] {scheduler_job.py:190} INFO - Processing /home/agalli/sandbox/lib/python3.6/site-packages/airflow/example_dags/example_trigger_controller_dag.py took 0.086 seconds
[2021-12-02 15:18:15,215] {scheduler_job.py:182} INFO - Started process (PID=2974) to work on /home/agalli/sandbox/lib/python3.6/site-packages/airflow/example_dags/example_trigger_controller_dag.py
[2021-12-02 15:18:15,216] {scheduler_job.py:633} INFO - Processing file /home/agalli/sandbox/lib/python3.6/site-packages/airflow/example_dags/example_trigger_controller_dag.py for tasks to queue
[2021-12-02 15:18:15,217] {logging_mixin.py:104} INFO - [2021-12-02 15:18:15,217] {dagbag.py:487} INFO - Filling up the DagBag from /home/agalli/sandbox/lib/python3.6/site-packages/airflow/example_dags/example_trigger_controller_dag.py
[2021-12-02 15:18:15,224] {scheduler_job.py:643} INFO - DAG(s) dict_keys(['example_trigger_controller_dag']) retrieved from /home/agalli/sandbox/lib/python3.6/site-packages/airflow/example_dags/example_trigger_controller_dag.py
[2021-12-02 15:18:15,241] {logging_mixin.py:104} INFO - [2021-12-02 15:18:15,241] {dag.py:1832} INFO - Sync 1 DAGs
[2021-12-02 15:18:15,254] {logging_mixin.py:104} INFO - [2021-12-02 15:18:15,253] {dag.py:2305} INFO - Setting next_dagrun for example_trigger_controller_dag to 2021-11-30 00:00:00+00:00
[2021-12-02 15:18:15,274] {scheduler_job.py:190} INFO - Processing /home/agalli/sandbox/lib/python3.6/site-packages/airflow/example_dags/example_trigger_controller_dag.py took 0.062 seconds
[2021-12-02 15:18:48,060] {scheduler_job.py:182} INFO - Started process (PID=3003) to work on /home/agalli/sandbox/lib/python3.6/site-packages/airflow/example_dags/example_trigger_controller_dag.py
[2021-12-02 15:18:48,061] {scheduler_job.py:633} INFO - Processing file /home/agalli/sandbox/lib/python3.6/site-packages/airflow/example_dags/example_trigger_controller_dag.py for tasks to queue
[2021-12-02 15:18:48,062] {logging_mixin.py:104} INFO - [2021-12-02 15:18:48,062] {dagbag.py:487} INFO - Filling up the DagBag from /home/agalli/sandbox/lib/python3.6/site-packages/airflow/example_dags/example_trigger_controller_dag.py
[2021-12-02 15:18:48,069] {scheduler_job.py:643} INFO - DAG(s) dict_keys(['example_trigger_controller_dag']) retrieved from /home/agalli/sandbox/lib/python3.6/site-packages/airflow/example_dags/example_trigger_controller_dag.py
[2021-12-02 15:18:48,086] {logging_mixin.py:104} INFO - [2021-12-02 15:18:48,086] {dag.py:1832} INFO - Sync 1 DAGs
[2021-12-02 15:18:48,098] {logging_mixin.py:104} INFO - [2021-12-02 15:18:48,098] {dag.py:2305} INFO - Setting next_dagrun for example_trigger_controller_dag to 2021-11-30 00:00:00+00:00
[2021-12-02 15:18:48,119] {scheduler_job.py:190} INFO - Processing /home/agalli/sandbox/lib/python3.6/site-packages/airflow/example_dags/example_trigger_controller_dag.py took 0.062 seconds
[2021-12-02 15:19:18,855] {scheduler_job.py:182} INFO - Started process (PID=3031) to work on /home/agalli/sandbox/lib/python3.6/site-packages/airflow/example_dags/example_trigger_controller_dag.py
[2021-12-02 15:19:18,856] {scheduler_job.py:633} INFO - Processing file /home/agalli/sandbox/lib/python3.6/site-packages/airflow/example_dags/example_trigger_controller_dag.py for tasks to queue
[2021-12-02 15:19:18,857] {logging_mixin.py:104} INFO - [2021-12-02 15:19:18,857] {dagbag.py:487} INFO - Filling up the DagBag from /home/agalli/sandbox/lib/python3.6/site-packages/airflow/example_dags/example_trigger_controller_dag.py
[2021-12-02 15:19:18,865] {scheduler_job.py:643} INFO - DAG(s) dict_keys(['example_trigger_controller_dag']) retrieved from /home/agalli/sandbox/lib/python3.6/site-packages/airflow/example_dags/example_trigger_controller_dag.py
[2021-12-02 15:19:18,883] {logging_mixin.py:104} INFO - [2021-12-02 15:19:18,883] {dag.py:1832} INFO - Sync 1 DAGs
[2021-12-02 15:19:18,894] {logging_mixin.py:104} INFO - [2021-12-02 15:19:18,894] {dag.py:2305} INFO - Setting next_dagrun for example_trigger_controller_dag to 2021-11-30 00:00:00+00:00
[2021-12-02 15:19:18,925] {scheduler_job.py:190} INFO - Processing /home/agalli/sandbox/lib/python3.6/site-packages/airflow/example_dags/example_trigger_controller_dag.py took 0.074 seconds
[2021-12-02 15:19:59,007] {scheduler_job.py:182} INFO - Started process (PID=3064) to work on /home/agalli/sandbox/lib/python3.6/site-packages/airflow/example_dags/example_trigger_controller_dag.py
[2021-12-02 15:19:59,009] {scheduler_job.py:633} INFO - Processing file /home/agalli/sandbox/lib/python3.6/site-packages/airflow/example_dags/example_trigger_controller_dag.py for tasks to queue
[2021-12-02 15:19:59,010] {logging_mixin.py:104} INFO - [2021-12-02 15:19:59,010] {dagbag.py:487} INFO - Filling up the DagBag from /home/agalli/sandbox/lib/python3.6/site-packages/airflow/example_dags/example_trigger_controller_dag.py
[2021-12-02 15:19:59,020] {scheduler_job.py:643} INFO - DAG(s) dict_keys(['example_trigger_controller_dag']) retrieved from /home/agalli/sandbox/lib/python3.6/site-packages/airflow/example_dags/example_trigger_controller_dag.py
[2021-12-02 15:19:59,054] {logging_mixin.py:104} INFO - [2021-12-02 15:19:59,054] {dag.py:1832} INFO - Sync 1 DAGs
[2021-12-02 15:19:59,081] {logging_mixin.py:104} INFO - [2021-12-02 15:19:59,080] {dag.py:2305} INFO - Setting next_dagrun for example_trigger_controller_dag to 2021-11-30 00:00:00+00:00
[2021-12-02 15:19:59,109] {scheduler_job.py:190} INFO - Processing /home/agalli/sandbox/lib/python3.6/site-packages/airflow/example_dags/example_trigger_controller_dag.py took 0.110 seconds
[2021-12-02 15:20:47,351] {scheduler_job.py:182} INFO - Started process (PID=3098) to work on /home/agalli/sandbox/lib/python3.6/site-packages/airflow/example_dags/example_trigger_controller_dag.py
[2021-12-02 15:20:47,355] {scheduler_job.py:633} INFO - Processing file /home/agalli/sandbox/lib/python3.6/site-packages/airflow/example_dags/example_trigger_controller_dag.py for tasks to queue
[2021-12-02 15:20:47,366] {logging_mixin.py:104} INFO - [2021-12-02 15:20:47,365] {dagbag.py:487} INFO - Filling up the DagBag from /home/agalli/sandbox/lib/python3.6/site-packages/airflow/example_dags/example_trigger_controller_dag.py
[2021-12-02 15:20:47,414] {scheduler_job.py:643} INFO - DAG(s) dict_keys(['example_trigger_controller_dag']) retrieved from /home/agalli/sandbox/lib/python3.6/site-packages/airflow/example_dags/example_trigger_controller_dag.py
[2021-12-02 15:20:47,497] {logging_mixin.py:104} INFO - [2021-12-02 15:20:47,497] {dag.py:1832} INFO - Sync 1 DAGs
[2021-12-02 15:20:47,540] {logging_mixin.py:104} INFO - [2021-12-02 15:20:47,540] {dag.py:2305} INFO - Setting next_dagrun for example_trigger_controller_dag to 2021-11-30 00:00:00+00:00
[2021-12-02 15:20:47,646] {scheduler_job.py:190} INFO - Processing /home/agalli/sandbox/lib/python3.6/site-packages/airflow/example_dags/example_trigger_controller_dag.py took 0.324 seconds
