[2021-12-02 14:51:36,784] {scheduler_job.py:182} INFO - Started process (PID=1590) to work on /home/agalli/sandbox/lib/python3.6/site-packages/airflow/example_dags/example_branch_labels.py
[2021-12-02 14:51:36,786] {scheduler_job.py:633} INFO - Processing file /home/agalli/sandbox/lib/python3.6/site-packages/airflow/example_dags/example_branch_labels.py for tasks to queue
[2021-12-02 14:51:36,788] {logging_mixin.py:104} INFO - [2021-12-02 14:51:36,788] {dagbag.py:487} INFO - Filling up the DagBag from /home/agalli/sandbox/lib/python3.6/site-packages/airflow/example_dags/example_branch_labels.py
[2021-12-02 14:51:36,887] {scheduler_job.py:643} INFO - DAG(s) dict_keys(['example_branch_labels']) retrieved from /home/agalli/sandbox/lib/python3.6/site-packages/airflow/example_dags/example_branch_labels.py
[2021-12-02 14:51:36,971] {logging_mixin.py:104} INFO - [2021-12-02 14:51:36,971] {dag.py:1832} INFO - Sync 1 DAGs
[2021-12-02 14:51:37,003] {logging_mixin.py:104} INFO - [2021-12-02 14:51:37,003] {dag.py:2305} INFO - Setting next_dagrun for example_branch_labels to 2021-11-30 00:00:00+00:00
[2021-12-02 14:51:37,029] {scheduler_job.py:190} INFO - Processing /home/agalli/sandbox/lib/python3.6/site-packages/airflow/example_dags/example_branch_labels.py took 0.252 seconds
[2021-12-02 14:52:15,634] {scheduler_job.py:182} INFO - Started process (PID=1694) to work on /home/agalli/sandbox/lib/python3.6/site-packages/airflow/example_dags/example_branch_labels.py
[2021-12-02 14:52:15,636] {scheduler_job.py:633} INFO - Processing file /home/agalli/sandbox/lib/python3.6/site-packages/airflow/example_dags/example_branch_labels.py for tasks to queue
[2021-12-02 14:52:15,636] {logging_mixin.py:104} INFO - [2021-12-02 14:52:15,636] {dagbag.py:487} INFO - Filling up the DagBag from /home/agalli/sandbox/lib/python3.6/site-packages/airflow/example_dags/example_branch_labels.py
[2021-12-02 14:52:15,655] {scheduler_job.py:643} INFO - DAG(s) dict_keys(['example_branch_labels']) retrieved from /home/agalli/sandbox/lib/python3.6/site-packages/airflow/example_dags/example_branch_labels.py
[2021-12-02 14:52:15,682] {logging_mixin.py:104} INFO - [2021-12-02 14:52:15,682] {dag.py:1832} INFO - Sync 1 DAGs
[2021-12-02 14:52:15,710] {logging_mixin.py:104} INFO - [2021-12-02 14:52:15,710] {dag.py:2305} INFO - Setting next_dagrun for example_branch_labels to 2021-11-30 00:00:00+00:00
[2021-12-02 14:52:15,730] {scheduler_job.py:190} INFO - Processing /home/agalli/sandbox/lib/python3.6/site-packages/airflow/example_dags/example_branch_labels.py took 0.102 seconds
[2021-12-02 14:52:47,922] {scheduler_job.py:182} INFO - Started process (PID=1725) to work on /home/agalli/sandbox/lib/python3.6/site-packages/airflow/example_dags/example_branch_labels.py
[2021-12-02 14:52:47,924] {scheduler_job.py:633} INFO - Processing file /home/agalli/sandbox/lib/python3.6/site-packages/airflow/example_dags/example_branch_labels.py for tasks to queue
[2021-12-02 14:52:47,925] {logging_mixin.py:104} INFO - [2021-12-02 14:52:47,925] {dagbag.py:487} INFO - Filling up the DagBag from /home/agalli/sandbox/lib/python3.6/site-packages/airflow/example_dags/example_branch_labels.py
[2021-12-02 14:52:47,947] {scheduler_job.py:643} INFO - DAG(s) dict_keys(['example_branch_labels']) retrieved from /home/agalli/sandbox/lib/python3.6/site-packages/airflow/example_dags/example_branch_labels.py
[2021-12-02 14:52:47,968] {logging_mixin.py:104} INFO - [2021-12-02 14:52:47,968] {dag.py:1832} INFO - Sync 1 DAGs
[2021-12-02 14:52:48,000] {logging_mixin.py:104} INFO - [2021-12-02 14:52:47,999] {dag.py:2305} INFO - Setting next_dagrun for example_branch_labels to 2021-11-30 00:00:00+00:00
[2021-12-02 14:52:48,021] {scheduler_job.py:190} INFO - Processing /home/agalli/sandbox/lib/python3.6/site-packages/airflow/example_dags/example_branch_labels.py took 0.103 seconds
[2021-12-02 14:53:26,583] {scheduler_job.py:182} INFO - Started process (PID=1756) to work on /home/agalli/sandbox/lib/python3.6/site-packages/airflow/example_dags/example_branch_labels.py
[2021-12-02 14:53:26,584] {scheduler_job.py:633} INFO - Processing file /home/agalli/sandbox/lib/python3.6/site-packages/airflow/example_dags/example_branch_labels.py for tasks to queue
[2021-12-02 14:53:26,586] {logging_mixin.py:104} INFO - [2021-12-02 14:53:26,586] {dagbag.py:487} INFO - Filling up the DagBag from /home/agalli/sandbox/lib/python3.6/site-packages/airflow/example_dags/example_branch_labels.py
[2021-12-02 14:53:26,613] {scheduler_job.py:643} INFO - DAG(s) dict_keys(['example_branch_labels']) retrieved from /home/agalli/sandbox/lib/python3.6/site-packages/airflow/example_dags/example_branch_labels.py
[2021-12-02 14:53:26,643] {logging_mixin.py:104} INFO - [2021-12-02 14:53:26,643] {dag.py:1832} INFO - Sync 1 DAGs
[2021-12-02 14:53:26,678] {logging_mixin.py:104} INFO - [2021-12-02 14:53:26,677] {dag.py:2305} INFO - Setting next_dagrun for example_branch_labels to 2021-11-30 00:00:00+00:00
[2021-12-02 14:53:26,715] {scheduler_job.py:190} INFO - Processing /home/agalli/sandbox/lib/python3.6/site-packages/airflow/example_dags/example_branch_labels.py took 0.138 seconds
[2021-12-02 14:54:00,461] {scheduler_job.py:182} INFO - Started process (PID=1787) to work on /home/agalli/sandbox/lib/python3.6/site-packages/airflow/example_dags/example_branch_labels.py
[2021-12-02 14:54:00,463] {scheduler_job.py:633} INFO - Processing file /home/agalli/sandbox/lib/python3.6/site-packages/airflow/example_dags/example_branch_labels.py for tasks to queue
[2021-12-02 14:54:00,464] {logging_mixin.py:104} INFO - [2021-12-02 14:54:00,464] {dagbag.py:487} INFO - Filling up the DagBag from /home/agalli/sandbox/lib/python3.6/site-packages/airflow/example_dags/example_branch_labels.py
[2021-12-02 14:54:00,475] {scheduler_job.py:643} INFO - DAG(s) dict_keys(['example_branch_labels']) retrieved from /home/agalli/sandbox/lib/python3.6/site-packages/airflow/example_dags/example_branch_labels.py
[2021-12-02 14:54:00,494] {logging_mixin.py:104} INFO - [2021-12-02 14:54:00,494] {dag.py:1832} INFO - Sync 1 DAGs
[2021-12-02 14:54:00,519] {logging_mixin.py:104} INFO - [2021-12-02 14:54:00,519] {dag.py:2305} INFO - Setting next_dagrun for example_branch_labels to 2021-11-30 00:00:00+00:00
[2021-12-02 14:54:00,550] {scheduler_job.py:190} INFO - Processing /home/agalli/sandbox/lib/python3.6/site-packages/airflow/example_dags/example_branch_labels.py took 0.092 seconds
[2021-12-02 14:54:39,112] {scheduler_job.py:182} INFO - Started process (PID=1820) to work on /home/agalli/sandbox/lib/python3.6/site-packages/airflow/example_dags/example_branch_labels.py
[2021-12-02 14:54:39,113] {scheduler_job.py:633} INFO - Processing file /home/agalli/sandbox/lib/python3.6/site-packages/airflow/example_dags/example_branch_labels.py for tasks to queue
[2021-12-02 14:54:39,114] {logging_mixin.py:104} INFO - [2021-12-02 14:54:39,114] {dagbag.py:487} INFO - Filling up the DagBag from /home/agalli/sandbox/lib/python3.6/site-packages/airflow/example_dags/example_branch_labels.py
[2021-12-02 14:54:39,137] {scheduler_job.py:643} INFO - DAG(s) dict_keys(['example_branch_labels']) retrieved from /home/agalli/sandbox/lib/python3.6/site-packages/airflow/example_dags/example_branch_labels.py
[2021-12-02 14:54:39,174] {logging_mixin.py:104} INFO - [2021-12-02 14:54:39,174] {dag.py:1832} INFO - Sync 1 DAGs
[2021-12-02 14:54:39,210] {logging_mixin.py:104} INFO - [2021-12-02 14:54:39,209] {dag.py:2305} INFO - Setting next_dagrun for example_branch_labels to 2021-11-30 00:00:00+00:00
[2021-12-02 14:54:39,233] {scheduler_job.py:190} INFO - Processing /home/agalli/sandbox/lib/python3.6/site-packages/airflow/example_dags/example_branch_labels.py took 0.126 seconds
[2021-12-02 14:55:20,680] {scheduler_job.py:182} INFO - Started process (PID=1903) to work on /home/agalli/sandbox/lib/python3.6/site-packages/airflow/example_dags/example_branch_labels.py
[2021-12-02 14:55:20,682] {scheduler_job.py:633} INFO - Processing file /home/agalli/sandbox/lib/python3.6/site-packages/airflow/example_dags/example_branch_labels.py for tasks to queue
[2021-12-02 14:55:20,683] {logging_mixin.py:104} INFO - [2021-12-02 14:55:20,682] {dagbag.py:487} INFO - Filling up the DagBag from /home/agalli/sandbox/lib/python3.6/site-packages/airflow/example_dags/example_branch_labels.py
[2021-12-02 14:55:20,706] {scheduler_job.py:643} INFO - DAG(s) dict_keys(['example_branch_labels']) retrieved from /home/agalli/sandbox/lib/python3.6/site-packages/airflow/example_dags/example_branch_labels.py
[2021-12-02 14:55:20,743] {logging_mixin.py:104} INFO - [2021-12-02 14:55:20,743] {dag.py:1832} INFO - Sync 1 DAGs
[2021-12-02 14:55:20,777] {logging_mixin.py:104} INFO - [2021-12-02 14:55:20,776] {dag.py:2305} INFO - Setting next_dagrun for example_branch_labels to 2021-11-30 00:00:00+00:00
[2021-12-02 14:55:20,809] {scheduler_job.py:190} INFO - Processing /home/agalli/sandbox/lib/python3.6/site-packages/airflow/example_dags/example_branch_labels.py took 0.135 seconds
[2021-12-02 14:56:07,137] {scheduler_job.py:182} INFO - Started process (PID=1978) to work on /home/agalli/sandbox/lib/python3.6/site-packages/airflow/example_dags/example_branch_labels.py
[2021-12-02 14:56:07,141] {scheduler_job.py:633} INFO - Processing file /home/agalli/sandbox/lib/python3.6/site-packages/airflow/example_dags/example_branch_labels.py for tasks to queue
[2021-12-02 14:56:07,143] {logging_mixin.py:104} INFO - [2021-12-02 14:56:07,143] {dagbag.py:487} INFO - Filling up the DagBag from /home/agalli/sandbox/lib/python3.6/site-packages/airflow/example_dags/example_branch_labels.py
[2021-12-02 14:56:07,176] {scheduler_job.py:643} INFO - DAG(s) dict_keys(['example_branch_labels']) retrieved from /home/agalli/sandbox/lib/python3.6/site-packages/airflow/example_dags/example_branch_labels.py
[2021-12-02 14:56:07,214] {logging_mixin.py:104} INFO - [2021-12-02 14:56:07,214] {dag.py:1832} INFO - Sync 1 DAGs
[2021-12-02 14:56:07,246] {logging_mixin.py:104} INFO - [2021-12-02 14:56:07,246] {dag.py:2305} INFO - Setting next_dagrun for example_branch_labels to 2021-11-30 00:00:00+00:00
[2021-12-02 14:56:07,269] {scheduler_job.py:190} INFO - Processing /home/agalli/sandbox/lib/python3.6/site-packages/airflow/example_dags/example_branch_labels.py took 0.140 seconds
[2021-12-02 14:56:52,579] {scheduler_job.py:182} INFO - Started process (PID=2012) to work on /home/agalli/sandbox/lib/python3.6/site-packages/airflow/example_dags/example_branch_labels.py
[2021-12-02 14:56:52,581] {scheduler_job.py:633} INFO - Processing file /home/agalli/sandbox/lib/python3.6/site-packages/airflow/example_dags/example_branch_labels.py for tasks to queue
[2021-12-02 14:56:52,582] {logging_mixin.py:104} INFO - [2021-12-02 14:56:52,582] {dagbag.py:487} INFO - Filling up the DagBag from /home/agalli/sandbox/lib/python3.6/site-packages/airflow/example_dags/example_branch_labels.py
[2021-12-02 14:56:52,608] {scheduler_job.py:643} INFO - DAG(s) dict_keys(['example_branch_labels']) retrieved from /home/agalli/sandbox/lib/python3.6/site-packages/airflow/example_dags/example_branch_labels.py
[2021-12-02 14:56:52,643] {logging_mixin.py:104} INFO - [2021-12-02 14:56:52,643] {dag.py:1832} INFO - Sync 1 DAGs
[2021-12-02 14:56:52,674] {logging_mixin.py:104} INFO - [2021-12-02 14:56:52,673] {dag.py:2305} INFO - Setting next_dagrun for example_branch_labels to 2021-11-30 00:00:00+00:00
[2021-12-02 14:56:52,701] {scheduler_job.py:190} INFO - Processing /home/agalli/sandbox/lib/python3.6/site-packages/airflow/example_dags/example_branch_labels.py took 0.129 seconds
[2021-12-02 14:57:31,130] {scheduler_job.py:182} INFO - Started process (PID=2043) to work on /home/agalli/sandbox/lib/python3.6/site-packages/airflow/example_dags/example_branch_labels.py
[2021-12-02 14:57:31,134] {scheduler_job.py:633} INFO - Processing file /home/agalli/sandbox/lib/python3.6/site-packages/airflow/example_dags/example_branch_labels.py for tasks to queue
[2021-12-02 14:57:31,135] {logging_mixin.py:104} INFO - [2021-12-02 14:57:31,135] {dagbag.py:487} INFO - Filling up the DagBag from /home/agalli/sandbox/lib/python3.6/site-packages/airflow/example_dags/example_branch_labels.py
[2021-12-02 14:57:31,177] {scheduler_job.py:643} INFO - DAG(s) dict_keys(['example_branch_labels']) retrieved from /home/agalli/sandbox/lib/python3.6/site-packages/airflow/example_dags/example_branch_labels.py
[2021-12-02 14:57:31,220] {logging_mixin.py:104} INFO - [2021-12-02 14:57:31,220] {dag.py:1832} INFO - Sync 1 DAGs
[2021-12-02 14:57:31,257] {logging_mixin.py:104} INFO - [2021-12-02 14:57:31,256] {dag.py:2305} INFO - Setting next_dagrun for example_branch_labels to 2021-11-30 00:00:00+00:00
[2021-12-02 14:57:31,293] {scheduler_job.py:190} INFO - Processing /home/agalli/sandbox/lib/python3.6/site-packages/airflow/example_dags/example_branch_labels.py took 0.180 seconds
[2021-12-02 14:58:15,479] {scheduler_job.py:182} INFO - Started process (PID=2075) to work on /home/agalli/sandbox/lib/python3.6/site-packages/airflow/example_dags/example_branch_labels.py
[2021-12-02 14:58:15,481] {scheduler_job.py:633} INFO - Processing file /home/agalli/sandbox/lib/python3.6/site-packages/airflow/example_dags/example_branch_labels.py for tasks to queue
[2021-12-02 14:58:15,482] {logging_mixin.py:104} INFO - [2021-12-02 14:58:15,482] {dagbag.py:487} INFO - Filling up the DagBag from /home/agalli/sandbox/lib/python3.6/site-packages/airflow/example_dags/example_branch_labels.py
[2021-12-02 14:58:15,533] {scheduler_job.py:643} INFO - DAG(s) dict_keys(['example_branch_labels']) retrieved from /home/agalli/sandbox/lib/python3.6/site-packages/airflow/example_dags/example_branch_labels.py
[2021-12-02 14:58:15,582] {logging_mixin.py:104} INFO - [2021-12-02 14:58:15,582] {dag.py:1832} INFO - Sync 1 DAGs
[2021-12-02 14:58:15,623] {logging_mixin.py:104} INFO - [2021-12-02 14:58:15,622] {dag.py:2305} INFO - Setting next_dagrun for example_branch_labels to 2021-11-30 00:00:00+00:00
[2021-12-02 14:58:15,745] {scheduler_job.py:190} INFO - Processing /home/agalli/sandbox/lib/python3.6/site-packages/airflow/example_dags/example_branch_labels.py took 0.271 seconds
[2021-12-02 14:59:38,055] {scheduler_job.py:182} INFO - Started process (PID=2117) to work on /home/agalli/sandbox/lib/python3.6/site-packages/airflow/example_dags/example_branch_labels.py
[2021-12-02 14:59:38,058] {scheduler_job.py:633} INFO - Processing file /home/agalli/sandbox/lib/python3.6/site-packages/airflow/example_dags/example_branch_labels.py for tasks to queue
[2021-12-02 14:59:38,061] {logging_mixin.py:104} INFO - [2021-12-02 14:59:38,060] {dagbag.py:487} INFO - Filling up the DagBag from /home/agalli/sandbox/lib/python3.6/site-packages/airflow/example_dags/example_branch_labels.py
[2021-12-02 14:59:38,128] {scheduler_job.py:643} INFO - DAG(s) dict_keys(['example_branch_labels']) retrieved from /home/agalli/sandbox/lib/python3.6/site-packages/airflow/example_dags/example_branch_labels.py
[2021-12-02 14:59:38,182] {logging_mixin.py:104} INFO - [2021-12-02 14:59:38,182] {dag.py:1832} INFO - Sync 1 DAGs
[2021-12-02 14:59:38,262] {logging_mixin.py:104} INFO - [2021-12-02 14:59:38,261] {dag.py:2305} INFO - Setting next_dagrun for example_branch_labels to 2021-11-30 00:00:00+00:00
[2021-12-02 14:59:38,305] {scheduler_job.py:190} INFO - Processing /home/agalli/sandbox/lib/python3.6/site-packages/airflow/example_dags/example_branch_labels.py took 0.257 seconds
[2021-12-02 15:00:22,665] {scheduler_job.py:182} INFO - Started process (PID=2150) to work on /home/agalli/sandbox/lib/python3.6/site-packages/airflow/example_dags/example_branch_labels.py
[2021-12-02 15:00:22,668] {scheduler_job.py:633} INFO - Processing file /home/agalli/sandbox/lib/python3.6/site-packages/airflow/example_dags/example_branch_labels.py for tasks to queue
[2021-12-02 15:00:22,671] {logging_mixin.py:104} INFO - [2021-12-02 15:00:22,671] {dagbag.py:487} INFO - Filling up the DagBag from /home/agalli/sandbox/lib/python3.6/site-packages/airflow/example_dags/example_branch_labels.py
[2021-12-02 15:00:22,701] {scheduler_job.py:643} INFO - DAG(s) dict_keys(['example_branch_labels']) retrieved from /home/agalli/sandbox/lib/python3.6/site-packages/airflow/example_dags/example_branch_labels.py
[2021-12-02 15:00:22,731] {logging_mixin.py:104} INFO - [2021-12-02 15:00:22,731] {dag.py:1832} INFO - Sync 1 DAGs
[2021-12-02 15:00:22,762] {logging_mixin.py:104} INFO - [2021-12-02 15:00:22,762] {dag.py:2305} INFO - Setting next_dagrun for example_branch_labels to 2021-11-30 00:00:00+00:00
[2021-12-02 15:00:22,796] {scheduler_job.py:190} INFO - Processing /home/agalli/sandbox/lib/python3.6/site-packages/airflow/example_dags/example_branch_labels.py took 0.143 seconds
[2021-12-02 15:01:08,370] {scheduler_job.py:182} INFO - Started process (PID=2184) to work on /home/agalli/sandbox/lib/python3.6/site-packages/airflow/example_dags/example_branch_labels.py
[2021-12-02 15:01:08,372] {scheduler_job.py:633} INFO - Processing file /home/agalli/sandbox/lib/python3.6/site-packages/airflow/example_dags/example_branch_labels.py for tasks to queue
[2021-12-02 15:01:08,373] {logging_mixin.py:104} INFO - [2021-12-02 15:01:08,373] {dagbag.py:487} INFO - Filling up the DagBag from /home/agalli/sandbox/lib/python3.6/site-packages/airflow/example_dags/example_branch_labels.py
[2021-12-02 15:01:08,398] {scheduler_job.py:643} INFO - DAG(s) dict_keys(['example_branch_labels']) retrieved from /home/agalli/sandbox/lib/python3.6/site-packages/airflow/example_dags/example_branch_labels.py
[2021-12-02 15:01:08,441] {logging_mixin.py:104} INFO - [2021-12-02 15:01:08,441] {dag.py:1832} INFO - Sync 1 DAGs
[2021-12-02 15:01:08,533] {logging_mixin.py:104} INFO - [2021-12-02 15:01:08,533] {dag.py:2305} INFO - Setting next_dagrun for example_branch_labels to 2021-11-30 00:00:00+00:00
[2021-12-02 15:01:08,579] {scheduler_job.py:190} INFO - Processing /home/agalli/sandbox/lib/python3.6/site-packages/airflow/example_dags/example_branch_labels.py took 0.219 seconds
[2021-12-02 15:04:27,329] {scheduler_job.py:182} INFO - Started process (PID=2311) to work on /home/agalli/sandbox/lib/python3.6/site-packages/airflow/example_dags/example_branch_labels.py
[2021-12-02 15:04:27,331] {scheduler_job.py:633} INFO - Processing file /home/agalli/sandbox/lib/python3.6/site-packages/airflow/example_dags/example_branch_labels.py for tasks to queue
[2021-12-02 15:04:27,332] {logging_mixin.py:104} INFO - [2021-12-02 15:04:27,332] {dagbag.py:487} INFO - Filling up the DagBag from /home/agalli/sandbox/lib/python3.6/site-packages/airflow/example_dags/example_branch_labels.py
[2021-12-02 15:04:27,346] {scheduler_job.py:643} INFO - DAG(s) dict_keys(['example_branch_labels']) retrieved from /home/agalli/sandbox/lib/python3.6/site-packages/airflow/example_dags/example_branch_labels.py
[2021-12-02 15:04:27,380] {logging_mixin.py:104} INFO - [2021-12-02 15:04:27,379] {dag.py:1832} INFO - Sync 1 DAGs
[2021-12-02 15:04:27,420] {logging_mixin.py:104} INFO - [2021-12-02 15:04:27,420] {dag.py:2305} INFO - Setting next_dagrun for example_branch_labels to 2021-11-30 00:00:00+00:00
[2021-12-02 15:04:27,454] {scheduler_job.py:190} INFO - Processing /home/agalli/sandbox/lib/python3.6/site-packages/airflow/example_dags/example_branch_labels.py took 0.133 seconds
[2021-12-02 15:05:16,313] {scheduler_job.py:182} INFO - Started process (PID=2342) to work on /home/agalli/sandbox/lib/python3.6/site-packages/airflow/example_dags/example_branch_labels.py
[2021-12-02 15:05:16,318] {scheduler_job.py:633} INFO - Processing file /home/agalli/sandbox/lib/python3.6/site-packages/airflow/example_dags/example_branch_labels.py for tasks to queue
[2021-12-02 15:05:16,319] {logging_mixin.py:104} INFO - [2021-12-02 15:05:16,319] {dagbag.py:487} INFO - Filling up the DagBag from /home/agalli/sandbox/lib/python3.6/site-packages/airflow/example_dags/example_branch_labels.py
[2021-12-02 15:05:16,335] {scheduler_job.py:643} INFO - DAG(s) dict_keys(['example_branch_labels']) retrieved from /home/agalli/sandbox/lib/python3.6/site-packages/airflow/example_dags/example_branch_labels.py
[2021-12-02 15:05:16,371] {logging_mixin.py:104} INFO - [2021-12-02 15:05:16,371] {dag.py:1832} INFO - Sync 1 DAGs
[2021-12-02 15:05:16,398] {logging_mixin.py:104} INFO - [2021-12-02 15:05:16,397] {dag.py:2305} INFO - Setting next_dagrun for example_branch_labels to 2021-11-30 00:00:00+00:00
[2021-12-02 15:05:16,422] {scheduler_job.py:190} INFO - Processing /home/agalli/sandbox/lib/python3.6/site-packages/airflow/example_dags/example_branch_labels.py took 0.114 seconds
[2021-12-02 15:06:03,552] {scheduler_job.py:182} INFO - Started process (PID=2374) to work on /home/agalli/sandbox/lib/python3.6/site-packages/airflow/example_dags/example_branch_labels.py
[2021-12-02 15:06:03,553] {scheduler_job.py:633} INFO - Processing file /home/agalli/sandbox/lib/python3.6/site-packages/airflow/example_dags/example_branch_labels.py for tasks to queue
[2021-12-02 15:06:03,555] {logging_mixin.py:104} INFO - [2021-12-02 15:06:03,554] {dagbag.py:487} INFO - Filling up the DagBag from /home/agalli/sandbox/lib/python3.6/site-packages/airflow/example_dags/example_branch_labels.py
[2021-12-02 15:06:03,565] {scheduler_job.py:643} INFO - DAG(s) dict_keys(['example_branch_labels']) retrieved from /home/agalli/sandbox/lib/python3.6/site-packages/airflow/example_dags/example_branch_labels.py
[2021-12-02 15:06:03,596] {logging_mixin.py:104} INFO - [2021-12-02 15:06:03,595] {dag.py:1832} INFO - Sync 1 DAGs
[2021-12-02 15:06:03,623] {logging_mixin.py:104} INFO - [2021-12-02 15:06:03,623] {dag.py:2305} INFO - Setting next_dagrun for example_branch_labels to 2021-11-30 00:00:00+00:00
[2021-12-02 15:06:03,649] {scheduler_job.py:190} INFO - Processing /home/agalli/sandbox/lib/python3.6/site-packages/airflow/example_dags/example_branch_labels.py took 0.102 seconds
[2021-12-02 15:06:49,423] {scheduler_job.py:182} INFO - Started process (PID=2406) to work on /home/agalli/sandbox/lib/python3.6/site-packages/airflow/example_dags/example_branch_labels.py
[2021-12-02 15:06:49,425] {scheduler_job.py:633} INFO - Processing file /home/agalli/sandbox/lib/python3.6/site-packages/airflow/example_dags/example_branch_labels.py for tasks to queue
[2021-12-02 15:06:49,427] {logging_mixin.py:104} INFO - [2021-12-02 15:06:49,426] {dagbag.py:487} INFO - Filling up the DagBag from /home/agalli/sandbox/lib/python3.6/site-packages/airflow/example_dags/example_branch_labels.py
[2021-12-02 15:06:49,443] {scheduler_job.py:643} INFO - DAG(s) dict_keys(['example_branch_labels']) retrieved from /home/agalli/sandbox/lib/python3.6/site-packages/airflow/example_dags/example_branch_labels.py
[2021-12-02 15:06:49,470] {logging_mixin.py:104} INFO - [2021-12-02 15:06:49,470] {dag.py:1832} INFO - Sync 1 DAGs
[2021-12-02 15:06:49,520] {logging_mixin.py:104} INFO - [2021-12-02 15:06:49,520] {dag.py:2305} INFO - Setting next_dagrun for example_branch_labels to 2021-11-30 00:00:00+00:00
[2021-12-02 15:06:49,566] {scheduler_job.py:190} INFO - Processing /home/agalli/sandbox/lib/python3.6/site-packages/airflow/example_dags/example_branch_labels.py took 0.148 seconds
[2021-12-02 15:07:37,629] {scheduler_job.py:182} INFO - Started process (PID=2440) to work on /home/agalli/sandbox/lib/python3.6/site-packages/airflow/example_dags/example_branch_labels.py
[2021-12-02 15:07:37,633] {scheduler_job.py:633} INFO - Processing file /home/agalli/sandbox/lib/python3.6/site-packages/airflow/example_dags/example_branch_labels.py for tasks to queue
[2021-12-02 15:07:37,634] {logging_mixin.py:104} INFO - [2021-12-02 15:07:37,634] {dagbag.py:487} INFO - Filling up the DagBag from /home/agalli/sandbox/lib/python3.6/site-packages/airflow/example_dags/example_branch_labels.py
[2021-12-02 15:07:37,652] {scheduler_job.py:643} INFO - DAG(s) dict_keys(['example_branch_labels']) retrieved from /home/agalli/sandbox/lib/python3.6/site-packages/airflow/example_dags/example_branch_labels.py
[2021-12-02 15:07:37,701] {logging_mixin.py:104} INFO - [2021-12-02 15:07:37,701] {dag.py:1832} INFO - Sync 1 DAGs
[2021-12-02 15:07:37,748] {logging_mixin.py:104} INFO - [2021-12-02 15:07:37,748] {dag.py:2305} INFO - Setting next_dagrun for example_branch_labels to 2021-11-30 00:00:00+00:00
[2021-12-02 15:07:37,795] {scheduler_job.py:190} INFO - Processing /home/agalli/sandbox/lib/python3.6/site-packages/airflow/example_dags/example_branch_labels.py took 0.173 seconds
[2021-12-02 15:08:33,313] {scheduler_job.py:182} INFO - Started process (PID=2475) to work on /home/agalli/sandbox/lib/python3.6/site-packages/airflow/example_dags/example_branch_labels.py
[2021-12-02 15:08:33,316] {scheduler_job.py:633} INFO - Processing file /home/agalli/sandbox/lib/python3.6/site-packages/airflow/example_dags/example_branch_labels.py for tasks to queue
[2021-12-02 15:08:33,318] {logging_mixin.py:104} INFO - [2021-12-02 15:08:33,317] {dagbag.py:487} INFO - Filling up the DagBag from /home/agalli/sandbox/lib/python3.6/site-packages/airflow/example_dags/example_branch_labels.py
[2021-12-02 15:08:33,334] {scheduler_job.py:643} INFO - DAG(s) dict_keys(['example_branch_labels']) retrieved from /home/agalli/sandbox/lib/python3.6/site-packages/airflow/example_dags/example_branch_labels.py
[2021-12-02 15:08:33,364] {logging_mixin.py:104} INFO - [2021-12-02 15:08:33,364] {dag.py:1832} INFO - Sync 1 DAGs
[2021-12-02 15:08:33,397] {logging_mixin.py:104} INFO - [2021-12-02 15:08:33,396] {dag.py:2305} INFO - Setting next_dagrun for example_branch_labels to 2021-11-30 00:00:00+00:00
[2021-12-02 15:08:33,424] {scheduler_job.py:190} INFO - Processing /home/agalli/sandbox/lib/python3.6/site-packages/airflow/example_dags/example_branch_labels.py took 0.119 seconds
[2021-12-02 15:09:19,104] {scheduler_job.py:182} INFO - Started process (PID=2507) to work on /home/agalli/sandbox/lib/python3.6/site-packages/airflow/example_dags/example_branch_labels.py
[2021-12-02 15:09:19,117] {scheduler_job.py:633} INFO - Processing file /home/agalli/sandbox/lib/python3.6/site-packages/airflow/example_dags/example_branch_labels.py for tasks to queue
[2021-12-02 15:09:19,133] {logging_mixin.py:104} INFO - [2021-12-02 15:09:19,132] {dagbag.py:487} INFO - Filling up the DagBag from /home/agalli/sandbox/lib/python3.6/site-packages/airflow/example_dags/example_branch_labels.py
[2021-12-02 15:09:19,169] {scheduler_job.py:643} INFO - DAG(s) dict_keys(['example_branch_labels']) retrieved from /home/agalli/sandbox/lib/python3.6/site-packages/airflow/example_dags/example_branch_labels.py
[2021-12-02 15:09:19,268] {logging_mixin.py:104} INFO - [2021-12-02 15:09:19,268] {dag.py:1832} INFO - Sync 1 DAGs
[2021-12-02 15:09:19,351] {logging_mixin.py:104} INFO - [2021-12-02 15:09:19,350] {dag.py:2305} INFO - Setting next_dagrun for example_branch_labels to 2021-11-30 00:00:00+00:00
[2021-12-02 15:09:19,568] {scheduler_job.py:190} INFO - Processing /home/agalli/sandbox/lib/python3.6/site-packages/airflow/example_dags/example_branch_labels.py took 0.473 seconds
[2021-12-02 15:10:00,096] {scheduler_job.py:182} INFO - Started process (PID=2538) to work on /home/agalli/sandbox/lib/python3.6/site-packages/airflow/example_dags/example_branch_labels.py
[2021-12-02 15:10:00,098] {scheduler_job.py:633} INFO - Processing file /home/agalli/sandbox/lib/python3.6/site-packages/airflow/example_dags/example_branch_labels.py for tasks to queue
[2021-12-02 15:10:00,100] {logging_mixin.py:104} INFO - [2021-12-02 15:10:00,100] {dagbag.py:487} INFO - Filling up the DagBag from /home/agalli/sandbox/lib/python3.6/site-packages/airflow/example_dags/example_branch_labels.py
[2021-12-02 15:10:00,120] {scheduler_job.py:643} INFO - DAG(s) dict_keys(['example_branch_labels']) retrieved from /home/agalli/sandbox/lib/python3.6/site-packages/airflow/example_dags/example_branch_labels.py
[2021-12-02 15:10:00,152] {logging_mixin.py:104} INFO - [2021-12-02 15:10:00,151] {dag.py:1832} INFO - Sync 1 DAGs
[2021-12-02 15:10:00,179] {logging_mixin.py:104} INFO - [2021-12-02 15:10:00,179] {dag.py:2305} INFO - Setting next_dagrun for example_branch_labels to 2021-11-30 00:00:00+00:00
[2021-12-02 15:10:00,195] {scheduler_job.py:190} INFO - Processing /home/agalli/sandbox/lib/python3.6/site-packages/airflow/example_dags/example_branch_labels.py took 0.109 seconds
[2021-12-02 15:10:37,327] {scheduler_job.py:182} INFO - Started process (PID=2569) to work on /home/agalli/sandbox/lib/python3.6/site-packages/airflow/example_dags/example_branch_labels.py
[2021-12-02 15:10:37,328] {scheduler_job.py:633} INFO - Processing file /home/agalli/sandbox/lib/python3.6/site-packages/airflow/example_dags/example_branch_labels.py for tasks to queue
[2021-12-02 15:10:37,329] {logging_mixin.py:104} INFO - [2021-12-02 15:10:37,329] {dagbag.py:487} INFO - Filling up the DagBag from /home/agalli/sandbox/lib/python3.6/site-packages/airflow/example_dags/example_branch_labels.py
[2021-12-02 15:10:37,338] {scheduler_job.py:643} INFO - DAG(s) dict_keys(['example_branch_labels']) retrieved from /home/agalli/sandbox/lib/python3.6/site-packages/airflow/example_dags/example_branch_labels.py
[2021-12-02 15:10:37,357] {logging_mixin.py:104} INFO - [2021-12-02 15:10:37,357] {dag.py:1832} INFO - Sync 1 DAGs
[2021-12-02 15:10:37,391] {logging_mixin.py:104} INFO - [2021-12-02 15:10:37,390] {dag.py:2305} INFO - Setting next_dagrun for example_branch_labels to 2021-11-30 00:00:00+00:00
[2021-12-02 15:10:37,412] {scheduler_job.py:190} INFO - Processing /home/agalli/sandbox/lib/python3.6/site-packages/airflow/example_dags/example_branch_labels.py took 0.088 seconds
[2021-12-02 15:11:15,178] {scheduler_job.py:182} INFO - Started process (PID=2603) to work on /home/agalli/sandbox/lib/python3.6/site-packages/airflow/example_dags/example_branch_labels.py
[2021-12-02 15:11:15,179] {scheduler_job.py:633} INFO - Processing file /home/agalli/sandbox/lib/python3.6/site-packages/airflow/example_dags/example_branch_labels.py for tasks to queue
[2021-12-02 15:11:15,180] {logging_mixin.py:104} INFO - [2021-12-02 15:11:15,180] {dagbag.py:487} INFO - Filling up the DagBag from /home/agalli/sandbox/lib/python3.6/site-packages/airflow/example_dags/example_branch_labels.py
[2021-12-02 15:11:15,187] {scheduler_job.py:643} INFO - DAG(s) dict_keys(['example_branch_labels']) retrieved from /home/agalli/sandbox/lib/python3.6/site-packages/airflow/example_dags/example_branch_labels.py
[2021-12-02 15:11:15,204] {logging_mixin.py:104} INFO - [2021-12-02 15:11:15,204] {dag.py:1832} INFO - Sync 1 DAGs
[2021-12-02 15:11:15,224] {logging_mixin.py:104} INFO - [2021-12-02 15:11:15,223] {dag.py:2305} INFO - Setting next_dagrun for example_branch_labels to 2021-11-30 00:00:00+00:00
[2021-12-02 15:11:15,242] {scheduler_job.py:190} INFO - Processing /home/agalli/sandbox/lib/python3.6/site-packages/airflow/example_dags/example_branch_labels.py took 0.068 seconds
[2021-12-02 15:11:51,649] {scheduler_job.py:182} INFO - Started process (PID=2635) to work on /home/agalli/sandbox/lib/python3.6/site-packages/airflow/example_dags/example_branch_labels.py
[2021-12-02 15:11:51,650] {scheduler_job.py:633} INFO - Processing file /home/agalli/sandbox/lib/python3.6/site-packages/airflow/example_dags/example_branch_labels.py for tasks to queue
[2021-12-02 15:11:51,651] {logging_mixin.py:104} INFO - [2021-12-02 15:11:51,651] {dagbag.py:487} INFO - Filling up the DagBag from /home/agalli/sandbox/lib/python3.6/site-packages/airflow/example_dags/example_branch_labels.py
[2021-12-02 15:11:51,661] {scheduler_job.py:643} INFO - DAG(s) dict_keys(['example_branch_labels']) retrieved from /home/agalli/sandbox/lib/python3.6/site-packages/airflow/example_dags/example_branch_labels.py
[2021-12-02 15:11:51,682] {logging_mixin.py:104} INFO - [2021-12-02 15:11:51,682] {dag.py:1832} INFO - Sync 1 DAGs
[2021-12-02 15:11:51,702] {logging_mixin.py:104} INFO - [2021-12-02 15:11:51,701] {dag.py:2305} INFO - Setting next_dagrun for example_branch_labels to 2021-11-30 00:00:00+00:00
[2021-12-02 15:11:51,721] {scheduler_job.py:190} INFO - Processing /home/agalli/sandbox/lib/python3.6/site-packages/airflow/example_dags/example_branch_labels.py took 0.078 seconds
[2021-12-02 15:12:26,167] {scheduler_job.py:182} INFO - Started process (PID=2666) to work on /home/agalli/sandbox/lib/python3.6/site-packages/airflow/example_dags/example_branch_labels.py
[2021-12-02 15:12:26,169] {scheduler_job.py:633} INFO - Processing file /home/agalli/sandbox/lib/python3.6/site-packages/airflow/example_dags/example_branch_labels.py for tasks to queue
[2021-12-02 15:12:26,170] {logging_mixin.py:104} INFO - [2021-12-02 15:12:26,170] {dagbag.py:487} INFO - Filling up the DagBag from /home/agalli/sandbox/lib/python3.6/site-packages/airflow/example_dags/example_branch_labels.py
[2021-12-02 15:12:26,179] {scheduler_job.py:643} INFO - DAG(s) dict_keys(['example_branch_labels']) retrieved from /home/agalli/sandbox/lib/python3.6/site-packages/airflow/example_dags/example_branch_labels.py
[2021-12-02 15:12:26,200] {logging_mixin.py:104} INFO - [2021-12-02 15:12:26,200] {dag.py:1832} INFO - Sync 1 DAGs
[2021-12-02 15:12:26,216] {logging_mixin.py:104} INFO - [2021-12-02 15:12:26,216] {dag.py:2305} INFO - Setting next_dagrun for example_branch_labels to 2021-11-30 00:00:00+00:00
[2021-12-02 15:12:26,230] {scheduler_job.py:190} INFO - Processing /home/agalli/sandbox/lib/python3.6/site-packages/airflow/example_dags/example_branch_labels.py took 0.066 seconds
[2021-12-02 15:13:01,538] {scheduler_job.py:182} INFO - Started process (PID=2697) to work on /home/agalli/sandbox/lib/python3.6/site-packages/airflow/example_dags/example_branch_labels.py
[2021-12-02 15:13:01,540] {scheduler_job.py:633} INFO - Processing file /home/agalli/sandbox/lib/python3.6/site-packages/airflow/example_dags/example_branch_labels.py for tasks to queue
[2021-12-02 15:13:01,541] {logging_mixin.py:104} INFO - [2021-12-02 15:13:01,541] {dagbag.py:487} INFO - Filling up the DagBag from /home/agalli/sandbox/lib/python3.6/site-packages/airflow/example_dags/example_branch_labels.py
[2021-12-02 15:13:01,551] {scheduler_job.py:643} INFO - DAG(s) dict_keys(['example_branch_labels']) retrieved from /home/agalli/sandbox/lib/python3.6/site-packages/airflow/example_dags/example_branch_labels.py
[2021-12-02 15:13:01,573] {logging_mixin.py:104} INFO - [2021-12-02 15:13:01,573] {dag.py:1832} INFO - Sync 1 DAGs
[2021-12-02 15:13:01,590] {logging_mixin.py:104} INFO - [2021-12-02 15:13:01,590] {dag.py:2305} INFO - Setting next_dagrun for example_branch_labels to 2021-11-30 00:00:00+00:00
[2021-12-02 15:13:01,618] {scheduler_job.py:190} INFO - Processing /home/agalli/sandbox/lib/python3.6/site-packages/airflow/example_dags/example_branch_labels.py took 0.084 seconds
[2021-12-02 15:13:38,117] {scheduler_job.py:182} INFO - Started process (PID=2729) to work on /home/agalli/sandbox/lib/python3.6/site-packages/airflow/example_dags/example_branch_labels.py
[2021-12-02 15:13:38,119] {scheduler_job.py:633} INFO - Processing file /home/agalli/sandbox/lib/python3.6/site-packages/airflow/example_dags/example_branch_labels.py for tasks to queue
[2021-12-02 15:13:38,120] {logging_mixin.py:104} INFO - [2021-12-02 15:13:38,119] {dagbag.py:487} INFO - Filling up the DagBag from /home/agalli/sandbox/lib/python3.6/site-packages/airflow/example_dags/example_branch_labels.py
[2021-12-02 15:13:38,129] {scheduler_job.py:643} INFO - DAG(s) dict_keys(['example_branch_labels']) retrieved from /home/agalli/sandbox/lib/python3.6/site-packages/airflow/example_dags/example_branch_labels.py
[2021-12-02 15:13:38,150] {logging_mixin.py:104} INFO - [2021-12-02 15:13:38,150] {dag.py:1832} INFO - Sync 1 DAGs
[2021-12-02 15:13:38,165] {logging_mixin.py:104} INFO - [2021-12-02 15:13:38,165] {dag.py:2305} INFO - Setting next_dagrun for example_branch_labels to 2021-11-30 00:00:00+00:00
[2021-12-02 15:13:38,182] {scheduler_job.py:190} INFO - Processing /home/agalli/sandbox/lib/python3.6/site-packages/airflow/example_dags/example_branch_labels.py took 0.070 seconds
[2021-12-02 15:14:11,805] {scheduler_job.py:182} INFO - Started process (PID=2760) to work on /home/agalli/sandbox/lib/python3.6/site-packages/airflow/example_dags/example_branch_labels.py
[2021-12-02 15:14:11,806] {scheduler_job.py:633} INFO - Processing file /home/agalli/sandbox/lib/python3.6/site-packages/airflow/example_dags/example_branch_labels.py for tasks to queue
[2021-12-02 15:14:11,807] {logging_mixin.py:104} INFO - [2021-12-02 15:14:11,807] {dagbag.py:487} INFO - Filling up the DagBag from /home/agalli/sandbox/lib/python3.6/site-packages/airflow/example_dags/example_branch_labels.py
[2021-12-02 15:14:11,814] {scheduler_job.py:643} INFO - DAG(s) dict_keys(['example_branch_labels']) retrieved from /home/agalli/sandbox/lib/python3.6/site-packages/airflow/example_dags/example_branch_labels.py
[2021-12-02 15:14:11,834] {logging_mixin.py:104} INFO - [2021-12-02 15:14:11,833] {dag.py:1832} INFO - Sync 1 DAGs
[2021-12-02 15:14:11,853] {logging_mixin.py:104} INFO - [2021-12-02 15:14:11,852] {dag.py:2305} INFO - Setting next_dagrun for example_branch_labels to 2021-11-30 00:00:00+00:00
[2021-12-02 15:14:11,871] {scheduler_job.py:190} INFO - Processing /home/agalli/sandbox/lib/python3.6/site-packages/airflow/example_dags/example_branch_labels.py took 0.069 seconds
[2021-12-02 15:14:50,040] {scheduler_job.py:182} INFO - Started process (PID=2793) to work on /home/agalli/sandbox/lib/python3.6/site-packages/airflow/example_dags/example_branch_labels.py
[2021-12-02 15:14:50,041] {scheduler_job.py:633} INFO - Processing file /home/agalli/sandbox/lib/python3.6/site-packages/airflow/example_dags/example_branch_labels.py for tasks to queue
[2021-12-02 15:14:50,043] {logging_mixin.py:104} INFO - [2021-12-02 15:14:50,042] {dagbag.py:487} INFO - Filling up the DagBag from /home/agalli/sandbox/lib/python3.6/site-packages/airflow/example_dags/example_branch_labels.py
[2021-12-02 15:14:50,058] {scheduler_job.py:643} INFO - DAG(s) dict_keys(['example_branch_labels']) retrieved from /home/agalli/sandbox/lib/python3.6/site-packages/airflow/example_dags/example_branch_labels.py
[2021-12-02 15:14:50,080] {logging_mixin.py:104} INFO - [2021-12-02 15:14:50,080] {dag.py:1832} INFO - Sync 1 DAGs
[2021-12-02 15:14:50,100] {logging_mixin.py:104} INFO - [2021-12-02 15:14:50,100] {dag.py:2305} INFO - Setting next_dagrun for example_branch_labels to 2021-11-30 00:00:00+00:00
[2021-12-02 15:14:50,118] {scheduler_job.py:190} INFO - Processing /home/agalli/sandbox/lib/python3.6/site-packages/airflow/example_dags/example_branch_labels.py took 0.083 seconds
[2021-12-02 15:15:29,706] {scheduler_job.py:182} INFO - Started process (PID=2825) to work on /home/agalli/sandbox/lib/python3.6/site-packages/airflow/example_dags/example_branch_labels.py
[2021-12-02 15:15:29,711] {scheduler_job.py:633} INFO - Processing file /home/agalli/sandbox/lib/python3.6/site-packages/airflow/example_dags/example_branch_labels.py for tasks to queue
[2021-12-02 15:15:29,713] {logging_mixin.py:104} INFO - [2021-12-02 15:15:29,713] {dagbag.py:487} INFO - Filling up the DagBag from /home/agalli/sandbox/lib/python3.6/site-packages/airflow/example_dags/example_branch_labels.py
[2021-12-02 15:15:29,726] {scheduler_job.py:643} INFO - DAG(s) dict_keys(['example_branch_labels']) retrieved from /home/agalli/sandbox/lib/python3.6/site-packages/airflow/example_dags/example_branch_labels.py
[2021-12-02 15:15:29,756] {logging_mixin.py:104} INFO - [2021-12-02 15:15:29,756] {dag.py:1832} INFO - Sync 1 DAGs
[2021-12-02 15:15:29,774] {logging_mixin.py:104} INFO - [2021-12-02 15:15:29,774] {dag.py:2305} INFO - Setting next_dagrun for example_branch_labels to 2021-11-30 00:00:00+00:00
[2021-12-02 15:15:29,793] {scheduler_job.py:190} INFO - Processing /home/agalli/sandbox/lib/python3.6/site-packages/airflow/example_dags/example_branch_labels.py took 0.094 seconds
[2021-12-02 15:16:07,941] {scheduler_job.py:182} INFO - Started process (PID=2858) to work on /home/agalli/sandbox/lib/python3.6/site-packages/airflow/example_dags/example_branch_labels.py
[2021-12-02 15:16:07,942] {scheduler_job.py:633} INFO - Processing file /home/agalli/sandbox/lib/python3.6/site-packages/airflow/example_dags/example_branch_labels.py for tasks to queue
[2021-12-02 15:16:07,943] {logging_mixin.py:104} INFO - [2021-12-02 15:16:07,943] {dagbag.py:487} INFO - Filling up the DagBag from /home/agalli/sandbox/lib/python3.6/site-packages/airflow/example_dags/example_branch_labels.py
[2021-12-02 15:16:07,950] {scheduler_job.py:643} INFO - DAG(s) dict_keys(['example_branch_labels']) retrieved from /home/agalli/sandbox/lib/python3.6/site-packages/airflow/example_dags/example_branch_labels.py
[2021-12-02 15:16:07,968] {logging_mixin.py:104} INFO - [2021-12-02 15:16:07,968] {dag.py:1832} INFO - Sync 1 DAGs
[2021-12-02 15:16:07,983] {logging_mixin.py:104} INFO - [2021-12-02 15:16:07,983] {dag.py:2305} INFO - Setting next_dagrun for example_branch_labels to 2021-11-30 00:00:00+00:00
[2021-12-02 15:16:07,999] {scheduler_job.py:190} INFO - Processing /home/agalli/sandbox/lib/python3.6/site-packages/airflow/example_dags/example_branch_labels.py took 0.062 seconds
[2021-12-02 15:16:44,558] {scheduler_job.py:182} INFO - Started process (PID=2890) to work on /home/agalli/sandbox/lib/python3.6/site-packages/airflow/example_dags/example_branch_labels.py
[2021-12-02 15:16:44,559] {scheduler_job.py:633} INFO - Processing file /home/agalli/sandbox/lib/python3.6/site-packages/airflow/example_dags/example_branch_labels.py for tasks to queue
[2021-12-02 15:16:44,560] {logging_mixin.py:104} INFO - [2021-12-02 15:16:44,560] {dagbag.py:487} INFO - Filling up the DagBag from /home/agalli/sandbox/lib/python3.6/site-packages/airflow/example_dags/example_branch_labels.py
[2021-12-02 15:16:44,570] {scheduler_job.py:643} INFO - DAG(s) dict_keys(['example_branch_labels']) retrieved from /home/agalli/sandbox/lib/python3.6/site-packages/airflow/example_dags/example_branch_labels.py
[2021-12-02 15:16:44,589] {logging_mixin.py:104} INFO - [2021-12-02 15:16:44,588] {dag.py:1832} INFO - Sync 1 DAGs
[2021-12-02 15:16:44,603] {logging_mixin.py:104} INFO - [2021-12-02 15:16:44,603] {dag.py:2305} INFO - Setting next_dagrun for example_branch_labels to 2021-11-30 00:00:00+00:00
[2021-12-02 15:16:44,619] {scheduler_job.py:190} INFO - Processing /home/agalli/sandbox/lib/python3.6/site-packages/airflow/example_dags/example_branch_labels.py took 0.066 seconds
[2021-12-02 15:17:17,460] {scheduler_job.py:182} INFO - Started process (PID=2921) to work on /home/agalli/sandbox/lib/python3.6/site-packages/airflow/example_dags/example_branch_labels.py
[2021-12-02 15:17:17,462] {scheduler_job.py:633} INFO - Processing file /home/agalli/sandbox/lib/python3.6/site-packages/airflow/example_dags/example_branch_labels.py for tasks to queue
[2021-12-02 15:17:17,463] {logging_mixin.py:104} INFO - [2021-12-02 15:17:17,462] {dagbag.py:487} INFO - Filling up the DagBag from /home/agalli/sandbox/lib/python3.6/site-packages/airflow/example_dags/example_branch_labels.py
[2021-12-02 15:17:17,471] {scheduler_job.py:643} INFO - DAG(s) dict_keys(['example_branch_labels']) retrieved from /home/agalli/sandbox/lib/python3.6/site-packages/airflow/example_dags/example_branch_labels.py
[2021-12-02 15:17:17,489] {logging_mixin.py:104} INFO - [2021-12-02 15:17:17,489] {dag.py:1832} INFO - Sync 1 DAGs
[2021-12-02 15:17:17,507] {logging_mixin.py:104} INFO - [2021-12-02 15:17:17,507] {dag.py:2305} INFO - Setting next_dagrun for example_branch_labels to 2021-11-30 00:00:00+00:00
[2021-12-02 15:17:17,554] {scheduler_job.py:190} INFO - Processing /home/agalli/sandbox/lib/python3.6/site-packages/airflow/example_dags/example_branch_labels.py took 0.098 seconds
[2021-12-02 15:17:50,170] {scheduler_job.py:182} INFO - Started process (PID=2952) to work on /home/agalli/sandbox/lib/python3.6/site-packages/airflow/example_dags/example_branch_labels.py
[2021-12-02 15:17:50,171] {scheduler_job.py:633} INFO - Processing file /home/agalli/sandbox/lib/python3.6/site-packages/airflow/example_dags/example_branch_labels.py for tasks to queue
[2021-12-02 15:17:50,172] {logging_mixin.py:104} INFO - [2021-12-02 15:17:50,172] {dagbag.py:487} INFO - Filling up the DagBag from /home/agalli/sandbox/lib/python3.6/site-packages/airflow/example_dags/example_branch_labels.py
[2021-12-02 15:17:50,179] {scheduler_job.py:643} INFO - DAG(s) dict_keys(['example_branch_labels']) retrieved from /home/agalli/sandbox/lib/python3.6/site-packages/airflow/example_dags/example_branch_labels.py
[2021-12-02 15:17:50,195] {logging_mixin.py:104} INFO - [2021-12-02 15:17:50,195] {dag.py:1832} INFO - Sync 1 DAGs
[2021-12-02 15:17:50,211] {logging_mixin.py:104} INFO - [2021-12-02 15:17:50,211] {dag.py:2305} INFO - Setting next_dagrun for example_branch_labels to 2021-11-30 00:00:00+00:00
[2021-12-02 15:17:50,230] {scheduler_job.py:190} INFO - Processing /home/agalli/sandbox/lib/python3.6/site-packages/airflow/example_dags/example_branch_labels.py took 0.063 seconds
[2021-12-02 15:18:27,917] {scheduler_job.py:182} INFO - Started process (PID=2985) to work on /home/agalli/sandbox/lib/python3.6/site-packages/airflow/example_dags/example_branch_labels.py
[2021-12-02 15:18:27,919] {scheduler_job.py:633} INFO - Processing file /home/agalli/sandbox/lib/python3.6/site-packages/airflow/example_dags/example_branch_labels.py for tasks to queue
[2021-12-02 15:18:27,920] {logging_mixin.py:104} INFO - [2021-12-02 15:18:27,920] {dagbag.py:487} INFO - Filling up the DagBag from /home/agalli/sandbox/lib/python3.6/site-packages/airflow/example_dags/example_branch_labels.py
[2021-12-02 15:18:27,927] {scheduler_job.py:643} INFO - DAG(s) dict_keys(['example_branch_labels']) retrieved from /home/agalli/sandbox/lib/python3.6/site-packages/airflow/example_dags/example_branch_labels.py
[2021-12-02 15:18:27,944] {logging_mixin.py:104} INFO - [2021-12-02 15:18:27,944] {dag.py:1832} INFO - Sync 1 DAGs
[2021-12-02 15:18:27,961] {logging_mixin.py:104} INFO - [2021-12-02 15:18:27,960] {dag.py:2305} INFO - Setting next_dagrun for example_branch_labels to 2021-11-30 00:00:00+00:00
[2021-12-02 15:18:27,987] {scheduler_job.py:190} INFO - Processing /home/agalli/sandbox/lib/python3.6/site-packages/airflow/example_dags/example_branch_labels.py took 0.074 seconds
[2021-12-02 15:19:03,210] {scheduler_job.py:182} INFO - Started process (PID=3018) to work on /home/agalli/sandbox/lib/python3.6/site-packages/airflow/example_dags/example_branch_labels.py
[2021-12-02 15:19:03,211] {scheduler_job.py:633} INFO - Processing file /home/agalli/sandbox/lib/python3.6/site-packages/airflow/example_dags/example_branch_labels.py for tasks to queue
[2021-12-02 15:19:03,212] {logging_mixin.py:104} INFO - [2021-12-02 15:19:03,212] {dagbag.py:487} INFO - Filling up the DagBag from /home/agalli/sandbox/lib/python3.6/site-packages/airflow/example_dags/example_branch_labels.py
[2021-12-02 15:19:03,221] {scheduler_job.py:643} INFO - DAG(s) dict_keys(['example_branch_labels']) retrieved from /home/agalli/sandbox/lib/python3.6/site-packages/airflow/example_dags/example_branch_labels.py
[2021-12-02 15:19:03,239] {logging_mixin.py:104} INFO - [2021-12-02 15:19:03,238] {dag.py:1832} INFO - Sync 1 DAGs
[2021-12-02 15:19:03,254] {logging_mixin.py:104} INFO - [2021-12-02 15:19:03,254] {dag.py:2305} INFO - Setting next_dagrun for example_branch_labels to 2021-11-30 00:00:00+00:00
[2021-12-02 15:19:03,270] {scheduler_job.py:190} INFO - Processing /home/agalli/sandbox/lib/python3.6/site-packages/airflow/example_dags/example_branch_labels.py took 0.064 seconds
[2021-12-02 15:19:37,946] {scheduler_job.py:182} INFO - Started process (PID=3048) to work on /home/agalli/sandbox/lib/python3.6/site-packages/airflow/example_dags/example_branch_labels.py
[2021-12-02 15:19:37,948] {scheduler_job.py:633} INFO - Processing file /home/agalli/sandbox/lib/python3.6/site-packages/airflow/example_dags/example_branch_labels.py for tasks to queue
[2021-12-02 15:19:37,950] {logging_mixin.py:104} INFO - [2021-12-02 15:19:37,950] {dagbag.py:487} INFO - Filling up the DagBag from /home/agalli/sandbox/lib/python3.6/site-packages/airflow/example_dags/example_branch_labels.py
[2021-12-02 15:19:37,979] {scheduler_job.py:643} INFO - DAG(s) dict_keys(['example_branch_labels']) retrieved from /home/agalli/sandbox/lib/python3.6/site-packages/airflow/example_dags/example_branch_labels.py
[2021-12-02 15:19:38,069] {logging_mixin.py:104} INFO - [2021-12-02 15:19:38,069] {dag.py:1832} INFO - Sync 1 DAGs
[2021-12-02 15:19:38,155] {logging_mixin.py:104} INFO - [2021-12-02 15:19:38,154] {dag.py:2305} INFO - Setting next_dagrun for example_branch_labels to 2021-11-30 00:00:00+00:00
[2021-12-02 15:19:38,253] {scheduler_job.py:190} INFO - Processing /home/agalli/sandbox/lib/python3.6/site-packages/airflow/example_dags/example_branch_labels.py took 0.315 seconds
[2021-12-02 15:20:22,670] {scheduler_job.py:182} INFO - Started process (PID=3082) to work on /home/agalli/sandbox/lib/python3.6/site-packages/airflow/example_dags/example_branch_labels.py
[2021-12-02 15:20:22,675] {scheduler_job.py:633} INFO - Processing file /home/agalli/sandbox/lib/python3.6/site-packages/airflow/example_dags/example_branch_labels.py for tasks to queue
[2021-12-02 15:20:22,677] {logging_mixin.py:104} INFO - [2021-12-02 15:20:22,676] {dagbag.py:487} INFO - Filling up the DagBag from /home/agalli/sandbox/lib/python3.6/site-packages/airflow/example_dags/example_branch_labels.py
[2021-12-02 15:20:22,701] {scheduler_job.py:643} INFO - DAG(s) dict_keys(['example_branch_labels']) retrieved from /home/agalli/sandbox/lib/python3.6/site-packages/airflow/example_dags/example_branch_labels.py
[2021-12-02 15:20:22,737] {logging_mixin.py:104} INFO - [2021-12-02 15:20:22,737] {dag.py:1832} INFO - Sync 1 DAGs
[2021-12-02 15:20:22,761] {logging_mixin.py:104} INFO - [2021-12-02 15:20:22,761] {dag.py:2305} INFO - Setting next_dagrun for example_branch_labels to 2021-11-30 00:00:00+00:00
[2021-12-02 15:20:22,785] {scheduler_job.py:190} INFO - Processing /home/agalli/sandbox/lib/python3.6/site-packages/airflow/example_dags/example_branch_labels.py took 0.128 seconds
