[2021-12-02 14:51:09,729] {scheduler_job.py:182} INFO - Started process (PID=1573) to work on /home/agalli/sandbox/lib/python3.6/site-packages/airflow/example_dags/example_trigger_target_dag.py
[2021-12-02 14:51:09,735] {scheduler_job.py:633} INFO - Processing file /home/agalli/sandbox/lib/python3.6/site-packages/airflow/example_dags/example_trigger_target_dag.py for tasks to queue
[2021-12-02 14:51:09,736] {logging_mixin.py:104} INFO - [2021-12-02 14:51:09,736] {dagbag.py:487} INFO - Filling up the DagBag from /home/agalli/sandbox/lib/python3.6/site-packages/airflow/example_dags/example_trigger_target_dag.py
[2021-12-02 14:51:09,761] {scheduler_job.py:643} INFO - DAG(s) dict_keys(['example_trigger_target_dag']) retrieved from /home/agalli/sandbox/lib/python3.6/site-packages/airflow/example_dags/example_trigger_target_dag.py
[2021-12-02 14:51:09,786] {logging_mixin.py:104} INFO - [2021-12-02 14:51:09,786] {dag.py:1832} INFO - Sync 1 DAGs
[2021-12-02 14:51:09,804] {logging_mixin.py:104} INFO - [2021-12-02 14:51:09,804] {dag.py:2305} INFO - Setting next_dagrun for example_trigger_target_dag to None
[2021-12-02 14:51:09,834] {scheduler_job.py:190} INFO - Processing /home/agalli/sandbox/lib/python3.6/site-packages/airflow/example_dags/example_trigger_target_dag.py took 0.110 seconds
[2021-12-02 14:51:58,399] {scheduler_job.py:182} INFO - Started process (PID=1666) to work on /home/agalli/sandbox/lib/python3.6/site-packages/airflow/example_dags/example_trigger_target_dag.py
[2021-12-02 14:51:58,400] {scheduler_job.py:633} INFO - Processing file /home/agalli/sandbox/lib/python3.6/site-packages/airflow/example_dags/example_trigger_target_dag.py for tasks to queue
[2021-12-02 14:51:58,401] {logging_mixin.py:104} INFO - [2021-12-02 14:51:58,401] {dagbag.py:487} INFO - Filling up the DagBag from /home/agalli/sandbox/lib/python3.6/site-packages/airflow/example_dags/example_trigger_target_dag.py
[2021-12-02 14:51:58,418] {scheduler_job.py:643} INFO - DAG(s) dict_keys(['example_trigger_target_dag']) retrieved from /home/agalli/sandbox/lib/python3.6/site-packages/airflow/example_dags/example_trigger_target_dag.py
[2021-12-02 14:51:58,441] {logging_mixin.py:104} INFO - [2021-12-02 14:51:58,441] {dag.py:1832} INFO - Sync 1 DAGs
[2021-12-02 14:51:58,460] {logging_mixin.py:104} INFO - [2021-12-02 14:51:58,460] {dag.py:2305} INFO - Setting next_dagrun for example_trigger_target_dag to None
[2021-12-02 14:51:58,478] {scheduler_job.py:190} INFO - Processing /home/agalli/sandbox/lib/python3.6/site-packages/airflow/example_dags/example_trigger_target_dag.py took 0.083 seconds
[2021-12-02 14:52:30,898] {scheduler_job.py:182} INFO - Started process (PID=1709) to work on /home/agalli/sandbox/lib/python3.6/site-packages/airflow/example_dags/example_trigger_target_dag.py
[2021-12-02 14:52:30,900] {scheduler_job.py:633} INFO - Processing file /home/agalli/sandbox/lib/python3.6/site-packages/airflow/example_dags/example_trigger_target_dag.py for tasks to queue
[2021-12-02 14:52:30,901] {logging_mixin.py:104} INFO - [2021-12-02 14:52:30,900] {dagbag.py:487} INFO - Filling up the DagBag from /home/agalli/sandbox/lib/python3.6/site-packages/airflow/example_dags/example_trigger_target_dag.py
[2021-12-02 14:52:30,923] {scheduler_job.py:643} INFO - DAG(s) dict_keys(['example_trigger_target_dag']) retrieved from /home/agalli/sandbox/lib/python3.6/site-packages/airflow/example_dags/example_trigger_target_dag.py
[2021-12-02 14:52:30,952] {logging_mixin.py:104} INFO - [2021-12-02 14:52:30,952] {dag.py:1832} INFO - Sync 1 DAGs
[2021-12-02 14:52:30,970] {logging_mixin.py:104} INFO - [2021-12-02 14:52:30,970] {dag.py:2305} INFO - Setting next_dagrun for example_trigger_target_dag to None
[2021-12-02 14:52:30,991] {scheduler_job.py:190} INFO - Processing /home/agalli/sandbox/lib/python3.6/site-packages/airflow/example_dags/example_trigger_target_dag.py took 0.097 seconds
[2021-12-02 14:53:06,831] {scheduler_job.py:182} INFO - Started process (PID=1740) to work on /home/agalli/sandbox/lib/python3.6/site-packages/airflow/example_dags/example_trigger_target_dag.py
[2021-12-02 14:53:06,834] {scheduler_job.py:633} INFO - Processing file /home/agalli/sandbox/lib/python3.6/site-packages/airflow/example_dags/example_trigger_target_dag.py for tasks to queue
[2021-12-02 14:53:06,835] {logging_mixin.py:104} INFO - [2021-12-02 14:53:06,835] {dagbag.py:487} INFO - Filling up the DagBag from /home/agalli/sandbox/lib/python3.6/site-packages/airflow/example_dags/example_trigger_target_dag.py
[2021-12-02 14:53:06,866] {scheduler_job.py:643} INFO - DAG(s) dict_keys(['example_trigger_target_dag']) retrieved from /home/agalli/sandbox/lib/python3.6/site-packages/airflow/example_dags/example_trigger_target_dag.py
[2021-12-02 14:53:06,898] {logging_mixin.py:104} INFO - [2021-12-02 14:53:06,898] {dag.py:1832} INFO - Sync 1 DAGs
[2021-12-02 14:53:06,930] {logging_mixin.py:104} INFO - [2021-12-02 14:53:06,930] {dag.py:2305} INFO - Setting next_dagrun for example_trigger_target_dag to None
[2021-12-02 14:53:06,962] {scheduler_job.py:190} INFO - Processing /home/agalli/sandbox/lib/python3.6/site-packages/airflow/example_dags/example_trigger_target_dag.py took 0.137 seconds
[2021-12-02 14:53:42,436] {scheduler_job.py:182} INFO - Started process (PID=1771) to work on /home/agalli/sandbox/lib/python3.6/site-packages/airflow/example_dags/example_trigger_target_dag.py
[2021-12-02 14:53:42,438] {scheduler_job.py:633} INFO - Processing file /home/agalli/sandbox/lib/python3.6/site-packages/airflow/example_dags/example_trigger_target_dag.py for tasks to queue
[2021-12-02 14:53:42,438] {logging_mixin.py:104} INFO - [2021-12-02 14:53:42,438] {dagbag.py:487} INFO - Filling up the DagBag from /home/agalli/sandbox/lib/python3.6/site-packages/airflow/example_dags/example_trigger_target_dag.py
[2021-12-02 14:53:42,456] {scheduler_job.py:643} INFO - DAG(s) dict_keys(['example_trigger_target_dag']) retrieved from /home/agalli/sandbox/lib/python3.6/site-packages/airflow/example_dags/example_trigger_target_dag.py
[2021-12-02 14:53:42,481] {logging_mixin.py:104} INFO - [2021-12-02 14:53:42,481] {dag.py:1832} INFO - Sync 1 DAGs
[2021-12-02 14:53:42,499] {logging_mixin.py:104} INFO - [2021-12-02 14:53:42,499] {dag.py:2305} INFO - Setting next_dagrun for example_trigger_target_dag to None
[2021-12-02 14:53:42,520] {scheduler_job.py:190} INFO - Processing /home/agalli/sandbox/lib/python3.6/site-packages/airflow/example_dags/example_trigger_target_dag.py took 0.088 seconds
[2021-12-02 14:54:16,696] {scheduler_job.py:182} INFO - Started process (PID=1801) to work on /home/agalli/sandbox/lib/python3.6/site-packages/airflow/example_dags/example_trigger_target_dag.py
[2021-12-02 14:54:16,697] {scheduler_job.py:633} INFO - Processing file /home/agalli/sandbox/lib/python3.6/site-packages/airflow/example_dags/example_trigger_target_dag.py for tasks to queue
[2021-12-02 14:54:16,698] {logging_mixin.py:104} INFO - [2021-12-02 14:54:16,698] {dagbag.py:487} INFO - Filling up the DagBag from /home/agalli/sandbox/lib/python3.6/site-packages/airflow/example_dags/example_trigger_target_dag.py
[2021-12-02 14:54:16,717] {scheduler_job.py:643} INFO - DAG(s) dict_keys(['example_trigger_target_dag']) retrieved from /home/agalli/sandbox/lib/python3.6/site-packages/airflow/example_dags/example_trigger_target_dag.py
[2021-12-02 14:54:16,735] {logging_mixin.py:104} INFO - [2021-12-02 14:54:16,735] {dag.py:1832} INFO - Sync 1 DAGs
[2021-12-02 14:54:16,753] {logging_mixin.py:104} INFO - [2021-12-02 14:54:16,753] {dag.py:2305} INFO - Setting next_dagrun for example_trigger_target_dag to None
[2021-12-02 14:54:16,774] {scheduler_job.py:190} INFO - Processing /home/agalli/sandbox/lib/python3.6/site-packages/airflow/example_dags/example_trigger_target_dag.py took 0.082 seconds
[2021-12-02 14:54:56,014] {scheduler_job.py:182} INFO - Started process (PID=1831) to work on /home/agalli/sandbox/lib/python3.6/site-packages/airflow/example_dags/example_trigger_target_dag.py
[2021-12-02 14:54:56,015] {scheduler_job.py:633} INFO - Processing file /home/agalli/sandbox/lib/python3.6/site-packages/airflow/example_dags/example_trigger_target_dag.py for tasks to queue
[2021-12-02 14:54:56,016] {logging_mixin.py:104} INFO - [2021-12-02 14:54:56,016] {dagbag.py:487} INFO - Filling up the DagBag from /home/agalli/sandbox/lib/python3.6/site-packages/airflow/example_dags/example_trigger_target_dag.py
[2021-12-02 14:54:56,038] {scheduler_job.py:643} INFO - DAG(s) dict_keys(['example_trigger_target_dag']) retrieved from /home/agalli/sandbox/lib/python3.6/site-packages/airflow/example_dags/example_trigger_target_dag.py
[2021-12-02 14:54:56,069] {logging_mixin.py:104} INFO - [2021-12-02 14:54:56,069] {dag.py:1832} INFO - Sync 1 DAGs
[2021-12-02 14:54:56,111] {logging_mixin.py:104} INFO - [2021-12-02 14:54:56,110] {dag.py:2305} INFO - Setting next_dagrun for example_trigger_target_dag to None
[2021-12-02 14:54:56,161] {scheduler_job.py:190} INFO - Processing /home/agalli/sandbox/lib/python3.6/site-packages/airflow/example_dags/example_trigger_target_dag.py took 0.151 seconds
[2021-12-02 14:55:37,019] {scheduler_job.py:182} INFO - Started process (PID=1954) to work on /home/agalli/sandbox/lib/python3.6/site-packages/airflow/example_dags/example_trigger_target_dag.py
[2021-12-02 14:55:37,022] {scheduler_job.py:633} INFO - Processing file /home/agalli/sandbox/lib/python3.6/site-packages/airflow/example_dags/example_trigger_target_dag.py for tasks to queue
[2021-12-02 14:55:37,023] {logging_mixin.py:104} INFO - [2021-12-02 14:55:37,023] {dagbag.py:487} INFO - Filling up the DagBag from /home/agalli/sandbox/lib/python3.6/site-packages/airflow/example_dags/example_trigger_target_dag.py
[2021-12-02 14:55:37,057] {scheduler_job.py:643} INFO - DAG(s) dict_keys(['example_trigger_target_dag']) retrieved from /home/agalli/sandbox/lib/python3.6/site-packages/airflow/example_dags/example_trigger_target_dag.py
[2021-12-02 14:55:37,101] {logging_mixin.py:104} INFO - [2021-12-02 14:55:37,100] {dag.py:1832} INFO - Sync 1 DAGs
[2021-12-02 14:55:37,134] {logging_mixin.py:104} INFO - [2021-12-02 14:55:37,134] {dag.py:2305} INFO - Setting next_dagrun for example_trigger_target_dag to None
[2021-12-02 14:55:37,168] {scheduler_job.py:190} INFO - Processing /home/agalli/sandbox/lib/python3.6/site-packages/airflow/example_dags/example_trigger_target_dag.py took 0.155 seconds
[2021-12-02 14:56:12,078] {scheduler_job.py:182} INFO - Started process (PID=1982) to work on /home/agalli/sandbox/lib/python3.6/site-packages/airflow/example_dags/example_trigger_target_dag.py
[2021-12-02 14:56:12,079] {scheduler_job.py:633} INFO - Processing file /home/agalli/sandbox/lib/python3.6/site-packages/airflow/example_dags/example_trigger_target_dag.py for tasks to queue
[2021-12-02 14:56:12,080] {logging_mixin.py:104} INFO - [2021-12-02 14:56:12,080] {dagbag.py:487} INFO - Filling up the DagBag from /home/agalli/sandbox/lib/python3.6/site-packages/airflow/example_dags/example_trigger_target_dag.py
[2021-12-02 14:56:12,112] {scheduler_job.py:643} INFO - DAG(s) dict_keys(['example_trigger_target_dag']) retrieved from /home/agalli/sandbox/lib/python3.6/site-packages/airflow/example_dags/example_trigger_target_dag.py
[2021-12-02 14:56:12,145] {logging_mixin.py:104} INFO - [2021-12-02 14:56:12,145] {dag.py:1832} INFO - Sync 1 DAGs
[2021-12-02 14:56:12,166] {logging_mixin.py:104} INFO - [2021-12-02 14:56:12,165] {dag.py:2305} INFO - Setting next_dagrun for example_trigger_target_dag to None
[2021-12-02 14:56:12,200] {scheduler_job.py:190} INFO - Processing /home/agalli/sandbox/lib/python3.6/site-packages/airflow/example_dags/example_trigger_target_dag.py took 0.128 seconds
[2021-12-02 14:56:48,685] {scheduler_job.py:182} INFO - Started process (PID=2009) to work on /home/agalli/sandbox/lib/python3.6/site-packages/airflow/example_dags/example_trigger_target_dag.py
[2021-12-02 14:56:48,686] {scheduler_job.py:633} INFO - Processing file /home/agalli/sandbox/lib/python3.6/site-packages/airflow/example_dags/example_trigger_target_dag.py for tasks to queue
[2021-12-02 14:56:48,687] {logging_mixin.py:104} INFO - [2021-12-02 14:56:48,687] {dagbag.py:487} INFO - Filling up the DagBag from /home/agalli/sandbox/lib/python3.6/site-packages/airflow/example_dags/example_trigger_target_dag.py
[2021-12-02 14:56:48,722] {scheduler_job.py:643} INFO - DAG(s) dict_keys(['example_trigger_target_dag']) retrieved from /home/agalli/sandbox/lib/python3.6/site-packages/airflow/example_dags/example_trigger_target_dag.py
[2021-12-02 14:56:48,760] {logging_mixin.py:104} INFO - [2021-12-02 14:56:48,760] {dag.py:1832} INFO - Sync 1 DAGs
[2021-12-02 14:56:48,791] {logging_mixin.py:104} INFO - [2021-12-02 14:56:48,791] {dag.py:2305} INFO - Setting next_dagrun for example_trigger_target_dag to None
[2021-12-02 14:56:48,851] {scheduler_job.py:190} INFO - Processing /home/agalli/sandbox/lib/python3.6/site-packages/airflow/example_dags/example_trigger_target_dag.py took 0.170 seconds
[2021-12-02 14:57:22,645] {scheduler_job.py:182} INFO - Started process (PID=2036) to work on /home/agalli/sandbox/lib/python3.6/site-packages/airflow/example_dags/example_trigger_target_dag.py
[2021-12-02 14:57:22,648] {scheduler_job.py:633} INFO - Processing file /home/agalli/sandbox/lib/python3.6/site-packages/airflow/example_dags/example_trigger_target_dag.py for tasks to queue
[2021-12-02 14:57:22,650] {logging_mixin.py:104} INFO - [2021-12-02 14:57:22,650] {dagbag.py:487} INFO - Filling up the DagBag from /home/agalli/sandbox/lib/python3.6/site-packages/airflow/example_dags/example_trigger_target_dag.py
[2021-12-02 14:57:22,695] {scheduler_job.py:643} INFO - DAG(s) dict_keys(['example_trigger_target_dag']) retrieved from /home/agalli/sandbox/lib/python3.6/site-packages/airflow/example_dags/example_trigger_target_dag.py
[2021-12-02 14:57:22,730] {logging_mixin.py:104} INFO - [2021-12-02 14:57:22,730] {dag.py:1832} INFO - Sync 1 DAGs
[2021-12-02 14:57:22,753] {logging_mixin.py:104} INFO - [2021-12-02 14:57:22,753] {dag.py:2305} INFO - Setting next_dagrun for example_trigger_target_dag to None
[2021-12-02 14:57:22,782] {scheduler_job.py:190} INFO - Processing /home/agalli/sandbox/lib/python3.6/site-packages/airflow/example_dags/example_trigger_target_dag.py took 0.143 seconds
[2021-12-02 14:58:00,132] {scheduler_job.py:182} INFO - Started process (PID=2065) to work on /home/agalli/sandbox/lib/python3.6/site-packages/airflow/example_dags/example_trigger_target_dag.py
[2021-12-02 14:58:00,138] {scheduler_job.py:633} INFO - Processing file /home/agalli/sandbox/lib/python3.6/site-packages/airflow/example_dags/example_trigger_target_dag.py for tasks to queue
[2021-12-02 14:58:00,140] {logging_mixin.py:104} INFO - [2021-12-02 14:58:00,140] {dagbag.py:487} INFO - Filling up the DagBag from /home/agalli/sandbox/lib/python3.6/site-packages/airflow/example_dags/example_trigger_target_dag.py
[2021-12-02 14:58:00,177] {scheduler_job.py:643} INFO - DAG(s) dict_keys(['example_trigger_target_dag']) retrieved from /home/agalli/sandbox/lib/python3.6/site-packages/airflow/example_dags/example_trigger_target_dag.py
[2021-12-02 14:58:00,215] {logging_mixin.py:104} INFO - [2021-12-02 14:58:00,215] {dag.py:1832} INFO - Sync 1 DAGs
[2021-12-02 14:58:00,260] {logging_mixin.py:104} INFO - [2021-12-02 14:58:00,259] {dag.py:2305} INFO - Setting next_dagrun for example_trigger_target_dag to None
[2021-12-02 14:58:00,300] {scheduler_job.py:190} INFO - Processing /home/agalli/sandbox/lib/python3.6/site-packages/airflow/example_dags/example_trigger_target_dag.py took 0.174 seconds
[2021-12-02 14:58:53,421] {scheduler_job.py:182} INFO - Started process (PID=2095) to work on /home/agalli/sandbox/lib/python3.6/site-packages/airflow/example_dags/example_trigger_target_dag.py
[2021-12-02 14:58:53,425] {scheduler_job.py:633} INFO - Processing file /home/agalli/sandbox/lib/python3.6/site-packages/airflow/example_dags/example_trigger_target_dag.py for tasks to queue
[2021-12-02 14:58:53,439] {logging_mixin.py:104} INFO - [2021-12-02 14:58:53,438] {dagbag.py:487} INFO - Filling up the DagBag from /home/agalli/sandbox/lib/python3.6/site-packages/airflow/example_dags/example_trigger_target_dag.py
[2021-12-02 14:58:53,520] {scheduler_job.py:643} INFO - DAG(s) dict_keys(['example_trigger_target_dag']) retrieved from /home/agalli/sandbox/lib/python3.6/site-packages/airflow/example_dags/example_trigger_target_dag.py
[2021-12-02 14:58:53,612] {logging_mixin.py:104} INFO - [2021-12-02 14:58:53,612] {dag.py:1832} INFO - Sync 1 DAGs
[2021-12-02 14:58:53,671] {logging_mixin.py:104} INFO - [2021-12-02 14:58:53,671] {dag.py:2305} INFO - Setting next_dagrun for example_trigger_target_dag to None
[2021-12-02 14:58:53,964] {scheduler_job.py:190} INFO - Processing /home/agalli/sandbox/lib/python3.6/site-packages/airflow/example_dags/example_trigger_target_dag.py took 0.563 seconds
[2021-12-02 14:59:54,351] {scheduler_job.py:182} INFO - Started process (PID=2128) to work on /home/agalli/sandbox/lib/python3.6/site-packages/airflow/example_dags/example_trigger_target_dag.py
[2021-12-02 14:59:54,353] {scheduler_job.py:633} INFO - Processing file /home/agalli/sandbox/lib/python3.6/site-packages/airflow/example_dags/example_trigger_target_dag.py for tasks to queue
[2021-12-02 14:59:54,355] {logging_mixin.py:104} INFO - [2021-12-02 14:59:54,354] {dagbag.py:487} INFO - Filling up the DagBag from /home/agalli/sandbox/lib/python3.6/site-packages/airflow/example_dags/example_trigger_target_dag.py
[2021-12-02 14:59:54,403] {scheduler_job.py:643} INFO - DAG(s) dict_keys(['example_trigger_target_dag']) retrieved from /home/agalli/sandbox/lib/python3.6/site-packages/airflow/example_dags/example_trigger_target_dag.py
[2021-12-02 14:59:54,433] {logging_mixin.py:104} INFO - [2021-12-02 14:59:54,433] {dag.py:1832} INFO - Sync 1 DAGs
[2021-12-02 14:59:54,461] {logging_mixin.py:104} INFO - [2021-12-02 14:59:54,461] {dag.py:2305} INFO - Setting next_dagrun for example_trigger_target_dag to None
[2021-12-02 14:59:54,496] {scheduler_job.py:190} INFO - Processing /home/agalli/sandbox/lib/python3.6/site-packages/airflow/example_dags/example_trigger_target_dag.py took 0.154 seconds
[2021-12-02 15:00:34,672] {scheduler_job.py:182} INFO - Started process (PID=2159) to work on /home/agalli/sandbox/lib/python3.6/site-packages/airflow/example_dags/example_trigger_target_dag.py
[2021-12-02 15:00:34,674] {scheduler_job.py:633} INFO - Processing file /home/agalli/sandbox/lib/python3.6/site-packages/airflow/example_dags/example_trigger_target_dag.py for tasks to queue
[2021-12-02 15:00:34,676] {logging_mixin.py:104} INFO - [2021-12-02 15:00:34,675] {dagbag.py:487} INFO - Filling up the DagBag from /home/agalli/sandbox/lib/python3.6/site-packages/airflow/example_dags/example_trigger_target_dag.py
[2021-12-02 15:00:34,724] {scheduler_job.py:643} INFO - DAG(s) dict_keys(['example_trigger_target_dag']) retrieved from /home/agalli/sandbox/lib/python3.6/site-packages/airflow/example_dags/example_trigger_target_dag.py
[2021-12-02 15:00:34,794] {logging_mixin.py:104} INFO - [2021-12-02 15:00:34,794] {dag.py:1832} INFO - Sync 1 DAGs
[2021-12-02 15:00:34,834] {logging_mixin.py:104} INFO - [2021-12-02 15:00:34,833] {dag.py:2305} INFO - Setting next_dagrun for example_trigger_target_dag to None
[2021-12-02 15:00:34,882] {scheduler_job.py:190} INFO - Processing /home/agalli/sandbox/lib/python3.6/site-packages/airflow/example_dags/example_trigger_target_dag.py took 0.217 seconds
[2021-12-02 15:01:17,631] {scheduler_job.py:182} INFO - Started process (PID=2191) to work on /home/agalli/sandbox/lib/python3.6/site-packages/airflow/example_dags/example_trigger_target_dag.py
[2021-12-02 15:01:17,633] {scheduler_job.py:633} INFO - Processing file /home/agalli/sandbox/lib/python3.6/site-packages/airflow/example_dags/example_trigger_target_dag.py for tasks to queue
[2021-12-02 15:01:17,634] {logging_mixin.py:104} INFO - [2021-12-02 15:01:17,634] {dagbag.py:487} INFO - Filling up the DagBag from /home/agalli/sandbox/lib/python3.6/site-packages/airflow/example_dags/example_trigger_target_dag.py
[2021-12-02 15:01:17,664] {scheduler_job.py:643} INFO - DAG(s) dict_keys(['example_trigger_target_dag']) retrieved from /home/agalli/sandbox/lib/python3.6/site-packages/airflow/example_dags/example_trigger_target_dag.py
[2021-12-02 15:01:17,700] {logging_mixin.py:104} INFO - [2021-12-02 15:01:17,700] {dag.py:1832} INFO - Sync 1 DAGs
[2021-12-02 15:01:17,732] {logging_mixin.py:104} INFO - [2021-12-02 15:01:17,731] {dag.py:2305} INFO - Setting next_dagrun for example_trigger_target_dag to None
[2021-12-02 15:01:17,773] {scheduler_job.py:190} INFO - Processing /home/agalli/sandbox/lib/python3.6/site-packages/airflow/example_dags/example_trigger_target_dag.py took 0.151 seconds
[2021-12-02 15:04:01,434] {scheduler_job.py:182} INFO - Started process (PID=2295) to work on /home/agalli/sandbox/lib/python3.6/site-packages/airflow/example_dags/example_trigger_target_dag.py
[2021-12-02 15:04:01,436] {scheduler_job.py:633} INFO - Processing file /home/agalli/sandbox/lib/python3.6/site-packages/airflow/example_dags/example_trigger_target_dag.py for tasks to queue
[2021-12-02 15:04:01,437] {logging_mixin.py:104} INFO - [2021-12-02 15:04:01,437] {dagbag.py:487} INFO - Filling up the DagBag from /home/agalli/sandbox/lib/python3.6/site-packages/airflow/example_dags/example_trigger_target_dag.py
[2021-12-02 15:04:01,465] {scheduler_job.py:643} INFO - DAG(s) dict_keys(['example_trigger_target_dag']) retrieved from /home/agalli/sandbox/lib/python3.6/site-packages/airflow/example_dags/example_trigger_target_dag.py
[2021-12-02 15:04:01,502] {logging_mixin.py:104} INFO - [2021-12-02 15:04:01,502] {dag.py:1832} INFO - Sync 1 DAGs
[2021-12-02 15:04:01,519] {logging_mixin.py:104} INFO - [2021-12-02 15:04:01,519] {dag.py:2305} INFO - Setting next_dagrun for example_trigger_target_dag to None
[2021-12-02 15:04:01,864] {scheduler_job.py:190} INFO - Processing /home/agalli/sandbox/lib/python3.6/site-packages/airflow/example_dags/example_trigger_target_dag.py took 0.437 seconds
[2021-12-02 15:04:53,087] {scheduler_job.py:182} INFO - Started process (PID=2326) to work on /home/agalli/sandbox/lib/python3.6/site-packages/airflow/example_dags/example_trigger_target_dag.py
[2021-12-02 15:04:53,089] {scheduler_job.py:633} INFO - Processing file /home/agalli/sandbox/lib/python3.6/site-packages/airflow/example_dags/example_trigger_target_dag.py for tasks to queue
[2021-12-02 15:04:53,090] {logging_mixin.py:104} INFO - [2021-12-02 15:04:53,090] {dagbag.py:487} INFO - Filling up the DagBag from /home/agalli/sandbox/lib/python3.6/site-packages/airflow/example_dags/example_trigger_target_dag.py
[2021-12-02 15:04:53,103] {scheduler_job.py:643} INFO - DAG(s) dict_keys(['example_trigger_target_dag']) retrieved from /home/agalli/sandbox/lib/python3.6/site-packages/airflow/example_dags/example_trigger_target_dag.py
[2021-12-02 15:04:53,165] {logging_mixin.py:104} INFO - [2021-12-02 15:04:53,165] {dag.py:1832} INFO - Sync 1 DAGs
[2021-12-02 15:04:53,205] {logging_mixin.py:104} INFO - [2021-12-02 15:04:53,205] {dag.py:2305} INFO - Setting next_dagrun for example_trigger_target_dag to None
[2021-12-02 15:04:53,259] {scheduler_job.py:190} INFO - Processing /home/agalli/sandbox/lib/python3.6/site-packages/airflow/example_dags/example_trigger_target_dag.py took 0.175 seconds
[2021-12-02 15:05:37,889] {scheduler_job.py:182} INFO - Started process (PID=2357) to work on /home/agalli/sandbox/lib/python3.6/site-packages/airflow/example_dags/example_trigger_target_dag.py
[2021-12-02 15:05:37,891] {scheduler_job.py:633} INFO - Processing file /home/agalli/sandbox/lib/python3.6/site-packages/airflow/example_dags/example_trigger_target_dag.py for tasks to queue
[2021-12-02 15:05:37,892] {logging_mixin.py:104} INFO - [2021-12-02 15:05:37,892] {dagbag.py:487} INFO - Filling up the DagBag from /home/agalli/sandbox/lib/python3.6/site-packages/airflow/example_dags/example_trigger_target_dag.py
[2021-12-02 15:05:37,935] {scheduler_job.py:643} INFO - DAG(s) dict_keys(['example_trigger_target_dag']) retrieved from /home/agalli/sandbox/lib/python3.6/site-packages/airflow/example_dags/example_trigger_target_dag.py
[2021-12-02 15:05:37,977] {logging_mixin.py:104} INFO - [2021-12-02 15:05:37,977] {dag.py:1832} INFO - Sync 1 DAGs
[2021-12-02 15:05:38,008] {logging_mixin.py:104} INFO - [2021-12-02 15:05:38,008] {dag.py:2305} INFO - Setting next_dagrun for example_trigger_target_dag to None
[2021-12-02 15:05:38,030] {scheduler_job.py:190} INFO - Processing /home/agalli/sandbox/lib/python3.6/site-packages/airflow/example_dags/example_trigger_target_dag.py took 0.149 seconds
[2021-12-02 15:06:26,980] {scheduler_job.py:182} INFO - Started process (PID=2389) to work on /home/agalli/sandbox/lib/python3.6/site-packages/airflow/example_dags/example_trigger_target_dag.py
[2021-12-02 15:06:26,983] {scheduler_job.py:633} INFO - Processing file /home/agalli/sandbox/lib/python3.6/site-packages/airflow/example_dags/example_trigger_target_dag.py for tasks to queue
[2021-12-02 15:06:26,984] {logging_mixin.py:104} INFO - [2021-12-02 15:06:26,984] {dagbag.py:487} INFO - Filling up the DagBag from /home/agalli/sandbox/lib/python3.6/site-packages/airflow/example_dags/example_trigger_target_dag.py
[2021-12-02 15:06:27,013] {scheduler_job.py:643} INFO - DAG(s) dict_keys(['example_trigger_target_dag']) retrieved from /home/agalli/sandbox/lib/python3.6/site-packages/airflow/example_dags/example_trigger_target_dag.py
[2021-12-02 15:06:27,055] {logging_mixin.py:104} INFO - [2021-12-02 15:06:27,055] {dag.py:1832} INFO - Sync 1 DAGs
[2021-12-02 15:06:27,080] {logging_mixin.py:104} INFO - [2021-12-02 15:06:27,080] {dag.py:2305} INFO - Setting next_dagrun for example_trigger_target_dag to None
[2021-12-02 15:06:27,104] {scheduler_job.py:190} INFO - Processing /home/agalli/sandbox/lib/python3.6/site-packages/airflow/example_dags/example_trigger_target_dag.py took 0.129 seconds
[2021-12-02 15:07:13,799] {scheduler_job.py:182} INFO - Started process (PID=2421) to work on /home/agalli/sandbox/lib/python3.6/site-packages/airflow/example_dags/example_trigger_target_dag.py
[2021-12-02 15:07:13,802] {scheduler_job.py:633} INFO - Processing file /home/agalli/sandbox/lib/python3.6/site-packages/airflow/example_dags/example_trigger_target_dag.py for tasks to queue
[2021-12-02 15:07:13,803] {logging_mixin.py:104} INFO - [2021-12-02 15:07:13,803] {dagbag.py:487} INFO - Filling up the DagBag from /home/agalli/sandbox/lib/python3.6/site-packages/airflow/example_dags/example_trigger_target_dag.py
[2021-12-02 15:07:13,887] {scheduler_job.py:643} INFO - DAG(s) dict_keys(['example_trigger_target_dag']) retrieved from /home/agalli/sandbox/lib/python3.6/site-packages/airflow/example_dags/example_trigger_target_dag.py
[2021-12-02 15:07:14,003] {logging_mixin.py:104} INFO - [2021-12-02 15:07:14,003] {dag.py:1832} INFO - Sync 1 DAGs
[2021-12-02 15:07:14,089] {logging_mixin.py:104} INFO - [2021-12-02 15:07:14,089] {dag.py:2305} INFO - Setting next_dagrun for example_trigger_target_dag to None
[2021-12-02 15:07:14,114] {scheduler_job.py:190} INFO - Processing /home/agalli/sandbox/lib/python3.6/site-packages/airflow/example_dags/example_trigger_target_dag.py took 0.324 seconds
[2021-12-02 15:07:55,849] {scheduler_job.py:182} INFO - Started process (PID=2452) to work on /home/agalli/sandbox/lib/python3.6/site-packages/airflow/example_dags/example_trigger_target_dag.py
[2021-12-02 15:07:55,853] {scheduler_job.py:633} INFO - Processing file /home/agalli/sandbox/lib/python3.6/site-packages/airflow/example_dags/example_trigger_target_dag.py for tasks to queue
[2021-12-02 15:07:55,855] {logging_mixin.py:104} INFO - [2021-12-02 15:07:55,854] {dagbag.py:487} INFO - Filling up the DagBag from /home/agalli/sandbox/lib/python3.6/site-packages/airflow/example_dags/example_trigger_target_dag.py
[2021-12-02 15:07:55,945] {scheduler_job.py:643} INFO - DAG(s) dict_keys(['example_trigger_target_dag']) retrieved from /home/agalli/sandbox/lib/python3.6/site-packages/airflow/example_dags/example_trigger_target_dag.py
[2021-12-02 15:07:56,077] {logging_mixin.py:104} INFO - [2021-12-02 15:07:56,077] {dag.py:1832} INFO - Sync 1 DAGs
[2021-12-02 15:07:56,135] {logging_mixin.py:104} INFO - [2021-12-02 15:07:56,135] {dag.py:2305} INFO - Setting next_dagrun for example_trigger_target_dag to None
[2021-12-02 15:07:56,508] {scheduler_job.py:190} INFO - Processing /home/agalli/sandbox/lib/python3.6/site-packages/airflow/example_dags/example_trigger_target_dag.py took 0.691 seconds
[2021-12-02 15:08:50,712] {scheduler_job.py:182} INFO - Started process (PID=2486) to work on /home/agalli/sandbox/lib/python3.6/site-packages/airflow/example_dags/example_trigger_target_dag.py
[2021-12-02 15:08:50,714] {scheduler_job.py:633} INFO - Processing file /home/agalli/sandbox/lib/python3.6/site-packages/airflow/example_dags/example_trigger_target_dag.py for tasks to queue
[2021-12-02 15:08:50,715] {logging_mixin.py:104} INFO - [2021-12-02 15:08:50,715] {dagbag.py:487} INFO - Filling up the DagBag from /home/agalli/sandbox/lib/python3.6/site-packages/airflow/example_dags/example_trigger_target_dag.py
[2021-12-02 15:08:50,740] {scheduler_job.py:643} INFO - DAG(s) dict_keys(['example_trigger_target_dag']) retrieved from /home/agalli/sandbox/lib/python3.6/site-packages/airflow/example_dags/example_trigger_target_dag.py
[2021-12-02 15:08:50,779] {logging_mixin.py:104} INFO - [2021-12-02 15:08:50,778] {dag.py:1832} INFO - Sync 1 DAGs
[2021-12-02 15:08:50,802] {logging_mixin.py:104} INFO - [2021-12-02 15:08:50,802] {dag.py:2305} INFO - Setting next_dagrun for example_trigger_target_dag to None
[2021-12-02 15:08:50,832] {scheduler_job.py:190} INFO - Processing /home/agalli/sandbox/lib/python3.6/site-packages/airflow/example_dags/example_trigger_target_dag.py took 0.124 seconds
[2021-12-02 15:09:34,734] {scheduler_job.py:182} INFO - Started process (PID=2517) to work on /home/agalli/sandbox/lib/python3.6/site-packages/airflow/example_dags/example_trigger_target_dag.py
[2021-12-02 15:09:34,736] {scheduler_job.py:633} INFO - Processing file /home/agalli/sandbox/lib/python3.6/site-packages/airflow/example_dags/example_trigger_target_dag.py for tasks to queue
[2021-12-02 15:09:34,736] {logging_mixin.py:104} INFO - [2021-12-02 15:09:34,736] {dagbag.py:487} INFO - Filling up the DagBag from /home/agalli/sandbox/lib/python3.6/site-packages/airflow/example_dags/example_trigger_target_dag.py
[2021-12-02 15:09:34,752] {scheduler_job.py:643} INFO - DAG(s) dict_keys(['example_trigger_target_dag']) retrieved from /home/agalli/sandbox/lib/python3.6/site-packages/airflow/example_dags/example_trigger_target_dag.py
[2021-12-02 15:09:34,771] {logging_mixin.py:104} INFO - [2021-12-02 15:09:34,771] {dag.py:1832} INFO - Sync 1 DAGs
[2021-12-02 15:09:34,785] {logging_mixin.py:104} INFO - [2021-12-02 15:09:34,785] {dag.py:2305} INFO - Setting next_dagrun for example_trigger_target_dag to None
[2021-12-02 15:09:34,807] {scheduler_job.py:190} INFO - Processing /home/agalli/sandbox/lib/python3.6/site-packages/airflow/example_dags/example_trigger_target_dag.py took 0.078 seconds
[2021-12-02 15:10:08,167] {scheduler_job.py:182} INFO - Started process (PID=2545) to work on /home/agalli/sandbox/lib/python3.6/site-packages/airflow/example_dags/example_trigger_target_dag.py
[2021-12-02 15:10:08,169] {scheduler_job.py:633} INFO - Processing file /home/agalli/sandbox/lib/python3.6/site-packages/airflow/example_dags/example_trigger_target_dag.py for tasks to queue
[2021-12-02 15:10:08,170] {logging_mixin.py:104} INFO - [2021-12-02 15:10:08,169] {dagbag.py:487} INFO - Filling up the DagBag from /home/agalli/sandbox/lib/python3.6/site-packages/airflow/example_dags/example_trigger_target_dag.py
[2021-12-02 15:10:08,186] {scheduler_job.py:643} INFO - DAG(s) dict_keys(['example_trigger_target_dag']) retrieved from /home/agalli/sandbox/lib/python3.6/site-packages/airflow/example_dags/example_trigger_target_dag.py
[2021-12-02 15:10:08,208] {logging_mixin.py:104} INFO - [2021-12-02 15:10:08,208] {dag.py:1832} INFO - Sync 1 DAGs
[2021-12-02 15:10:08,226] {logging_mixin.py:104} INFO - [2021-12-02 15:10:08,226] {dag.py:2305} INFO - Setting next_dagrun for example_trigger_target_dag to None
[2021-12-02 15:10:08,261] {scheduler_job.py:190} INFO - Processing /home/agalli/sandbox/lib/python3.6/site-packages/airflow/example_dags/example_trigger_target_dag.py took 0.098 seconds
[2021-12-02 15:10:40,169] {scheduler_job.py:182} INFO - Started process (PID=2572) to work on /home/agalli/sandbox/lib/python3.6/site-packages/airflow/example_dags/example_trigger_target_dag.py
[2021-12-02 15:10:40,171] {scheduler_job.py:633} INFO - Processing file /home/agalli/sandbox/lib/python3.6/site-packages/airflow/example_dags/example_trigger_target_dag.py for tasks to queue
[2021-12-02 15:10:40,172] {logging_mixin.py:104} INFO - [2021-12-02 15:10:40,172] {dagbag.py:487} INFO - Filling up the DagBag from /home/agalli/sandbox/lib/python3.6/site-packages/airflow/example_dags/example_trigger_target_dag.py
[2021-12-02 15:10:40,185] {scheduler_job.py:643} INFO - DAG(s) dict_keys(['example_trigger_target_dag']) retrieved from /home/agalli/sandbox/lib/python3.6/site-packages/airflow/example_dags/example_trigger_target_dag.py
[2021-12-02 15:10:40,206] {logging_mixin.py:104} INFO - [2021-12-02 15:10:40,206] {dag.py:1832} INFO - Sync 1 DAGs
[2021-12-02 15:10:40,224] {logging_mixin.py:104} INFO - [2021-12-02 15:10:40,224] {dag.py:2305} INFO - Setting next_dagrun for example_trigger_target_dag to None
[2021-12-02 15:10:40,248] {scheduler_job.py:190} INFO - Processing /home/agalli/sandbox/lib/python3.6/site-packages/airflow/example_dags/example_trigger_target_dag.py took 0.083 seconds
[2021-12-02 15:11:14,596] {scheduler_job.py:182} INFO - Started process (PID=2602) to work on /home/agalli/sandbox/lib/python3.6/site-packages/airflow/example_dags/example_trigger_target_dag.py
[2021-12-02 15:11:14,598] {scheduler_job.py:633} INFO - Processing file /home/agalli/sandbox/lib/python3.6/site-packages/airflow/example_dags/example_trigger_target_dag.py for tasks to queue
[2021-12-02 15:11:14,599] {logging_mixin.py:104} INFO - [2021-12-02 15:11:14,599] {dagbag.py:487} INFO - Filling up the DagBag from /home/agalli/sandbox/lib/python3.6/site-packages/airflow/example_dags/example_trigger_target_dag.py
[2021-12-02 15:11:14,615] {scheduler_job.py:643} INFO - DAG(s) dict_keys(['example_trigger_target_dag']) retrieved from /home/agalli/sandbox/lib/python3.6/site-packages/airflow/example_dags/example_trigger_target_dag.py
[2021-12-02 15:11:14,638] {logging_mixin.py:104} INFO - [2021-12-02 15:11:14,638] {dag.py:1832} INFO - Sync 1 DAGs
[2021-12-02 15:11:14,654] {logging_mixin.py:104} INFO - [2021-12-02 15:11:14,654] {dag.py:2305} INFO - Setting next_dagrun for example_trigger_target_dag to None
[2021-12-02 15:11:14,674] {scheduler_job.py:190} INFO - Processing /home/agalli/sandbox/lib/python3.6/site-packages/airflow/example_dags/example_trigger_target_dag.py took 0.082 seconds
[2021-12-02 15:11:48,852] {scheduler_job.py:182} INFO - Started process (PID=2633) to work on /home/agalli/sandbox/lib/python3.6/site-packages/airflow/example_dags/example_trigger_target_dag.py
[2021-12-02 15:11:48,854] {scheduler_job.py:633} INFO - Processing file /home/agalli/sandbox/lib/python3.6/site-packages/airflow/example_dags/example_trigger_target_dag.py for tasks to queue
[2021-12-02 15:11:48,855] {logging_mixin.py:104} INFO - [2021-12-02 15:11:48,855] {dagbag.py:487} INFO - Filling up the DagBag from /home/agalli/sandbox/lib/python3.6/site-packages/airflow/example_dags/example_trigger_target_dag.py
[2021-12-02 15:11:48,869] {scheduler_job.py:643} INFO - DAG(s) dict_keys(['example_trigger_target_dag']) retrieved from /home/agalli/sandbox/lib/python3.6/site-packages/airflow/example_dags/example_trigger_target_dag.py
[2021-12-02 15:11:48,890] {logging_mixin.py:104} INFO - [2021-12-02 15:11:48,890] {dag.py:1832} INFO - Sync 1 DAGs
[2021-12-02 15:11:48,904] {logging_mixin.py:104} INFO - [2021-12-02 15:11:48,904] {dag.py:2305} INFO - Setting next_dagrun for example_trigger_target_dag to None
[2021-12-02 15:11:48,938] {scheduler_job.py:190} INFO - Processing /home/agalli/sandbox/lib/python3.6/site-packages/airflow/example_dags/example_trigger_target_dag.py took 0.091 seconds
[2021-12-02 15:12:20,868] {scheduler_job.py:182} INFO - Started process (PID=2661) to work on /home/agalli/sandbox/lib/python3.6/site-packages/airflow/example_dags/example_trigger_target_dag.py
[2021-12-02 15:12:20,869] {scheduler_job.py:633} INFO - Processing file /home/agalli/sandbox/lib/python3.6/site-packages/airflow/example_dags/example_trigger_target_dag.py for tasks to queue
[2021-12-02 15:12:20,870] {logging_mixin.py:104} INFO - [2021-12-02 15:12:20,870] {dagbag.py:487} INFO - Filling up the DagBag from /home/agalli/sandbox/lib/python3.6/site-packages/airflow/example_dags/example_trigger_target_dag.py
[2021-12-02 15:12:20,881] {scheduler_job.py:643} INFO - DAG(s) dict_keys(['example_trigger_target_dag']) retrieved from /home/agalli/sandbox/lib/python3.6/site-packages/airflow/example_dags/example_trigger_target_dag.py
[2021-12-02 15:12:20,899] {logging_mixin.py:104} INFO - [2021-12-02 15:12:20,899] {dag.py:1832} INFO - Sync 1 DAGs
[2021-12-02 15:12:20,921] {logging_mixin.py:104} INFO - [2021-12-02 15:12:20,920] {dag.py:2305} INFO - Setting next_dagrun for example_trigger_target_dag to None
[2021-12-02 15:12:20,944] {scheduler_job.py:190} INFO - Processing /home/agalli/sandbox/lib/python3.6/site-packages/airflow/example_dags/example_trigger_target_dag.py took 0.079 seconds
[2021-12-02 15:12:54,723] {scheduler_job.py:182} INFO - Started process (PID=2691) to work on /home/agalli/sandbox/lib/python3.6/site-packages/airflow/example_dags/example_trigger_target_dag.py
[2021-12-02 15:12:54,725] {scheduler_job.py:633} INFO - Processing file /home/agalli/sandbox/lib/python3.6/site-packages/airflow/example_dags/example_trigger_target_dag.py for tasks to queue
[2021-12-02 15:12:54,725] {logging_mixin.py:104} INFO - [2021-12-02 15:12:54,725] {dagbag.py:487} INFO - Filling up the DagBag from /home/agalli/sandbox/lib/python3.6/site-packages/airflow/example_dags/example_trigger_target_dag.py
[2021-12-02 15:12:54,736] {scheduler_job.py:643} INFO - DAG(s) dict_keys(['example_trigger_target_dag']) retrieved from /home/agalli/sandbox/lib/python3.6/site-packages/airflow/example_dags/example_trigger_target_dag.py
[2021-12-02 15:12:54,757] {logging_mixin.py:104} INFO - [2021-12-02 15:12:54,756] {dag.py:1832} INFO - Sync 1 DAGs
[2021-12-02 15:12:54,769] {logging_mixin.py:104} INFO - [2021-12-02 15:12:54,769] {dag.py:2305} INFO - Setting next_dagrun for example_trigger_target_dag to None
[2021-12-02 15:12:54,803] {scheduler_job.py:190} INFO - Processing /home/agalli/sandbox/lib/python3.6/site-packages/airflow/example_dags/example_trigger_target_dag.py took 0.082 seconds
[2021-12-02 15:13:26,533] {scheduler_job.py:182} INFO - Started process (PID=2719) to work on /home/agalli/sandbox/lib/python3.6/site-packages/airflow/example_dags/example_trigger_target_dag.py
[2021-12-02 15:13:26,534] {scheduler_job.py:633} INFO - Processing file /home/agalli/sandbox/lib/python3.6/site-packages/airflow/example_dags/example_trigger_target_dag.py for tasks to queue
[2021-12-02 15:13:26,535] {logging_mixin.py:104} INFO - [2021-12-02 15:13:26,535] {dagbag.py:487} INFO - Filling up the DagBag from /home/agalli/sandbox/lib/python3.6/site-packages/airflow/example_dags/example_trigger_target_dag.py
[2021-12-02 15:13:26,546] {scheduler_job.py:643} INFO - DAG(s) dict_keys(['example_trigger_target_dag']) retrieved from /home/agalli/sandbox/lib/python3.6/site-packages/airflow/example_dags/example_trigger_target_dag.py
[2021-12-02 15:13:26,564] {logging_mixin.py:104} INFO - [2021-12-02 15:13:26,564] {dag.py:1832} INFO - Sync 1 DAGs
[2021-12-02 15:13:26,577] {logging_mixin.py:104} INFO - [2021-12-02 15:13:26,577] {dag.py:2305} INFO - Setting next_dagrun for example_trigger_target_dag to None
[2021-12-02 15:13:26,598] {scheduler_job.py:190} INFO - Processing /home/agalli/sandbox/lib/python3.6/site-packages/airflow/example_dags/example_trigger_target_dag.py took 0.068 seconds
[2021-12-02 15:13:59,895] {scheduler_job.py:182} INFO - Started process (PID=2750) to work on /home/agalli/sandbox/lib/python3.6/site-packages/airflow/example_dags/example_trigger_target_dag.py
[2021-12-02 15:13:59,897] {scheduler_job.py:633} INFO - Processing file /home/agalli/sandbox/lib/python3.6/site-packages/airflow/example_dags/example_trigger_target_dag.py for tasks to queue
[2021-12-02 15:13:59,898] {logging_mixin.py:104} INFO - [2021-12-02 15:13:59,898] {dagbag.py:487} INFO - Filling up the DagBag from /home/agalli/sandbox/lib/python3.6/site-packages/airflow/example_dags/example_trigger_target_dag.py
[2021-12-02 15:13:59,913] {scheduler_job.py:643} INFO - DAG(s) dict_keys(['example_trigger_target_dag']) retrieved from /home/agalli/sandbox/lib/python3.6/site-packages/airflow/example_dags/example_trigger_target_dag.py
[2021-12-02 15:13:59,934] {logging_mixin.py:104} INFO - [2021-12-02 15:13:59,934] {dag.py:1832} INFO - Sync 1 DAGs
[2021-12-02 15:13:59,946] {logging_mixin.py:104} INFO - [2021-12-02 15:13:59,946] {dag.py:2305} INFO - Setting next_dagrun for example_trigger_target_dag to None
[2021-12-02 15:13:59,965] {scheduler_job.py:190} INFO - Processing /home/agalli/sandbox/lib/python3.6/site-packages/airflow/example_dags/example_trigger_target_dag.py took 0.075 seconds
[2021-12-02 15:14:34,584] {scheduler_job.py:182} INFO - Started process (PID=2781) to work on /home/agalli/sandbox/lib/python3.6/site-packages/airflow/example_dags/example_trigger_target_dag.py
[2021-12-02 15:14:34,586] {scheduler_job.py:633} INFO - Processing file /home/agalli/sandbox/lib/python3.6/site-packages/airflow/example_dags/example_trigger_target_dag.py for tasks to queue
[2021-12-02 15:14:34,587] {logging_mixin.py:104} INFO - [2021-12-02 15:14:34,587] {dagbag.py:487} INFO - Filling up the DagBag from /home/agalli/sandbox/lib/python3.6/site-packages/airflow/example_dags/example_trigger_target_dag.py
[2021-12-02 15:14:34,603] {scheduler_job.py:643} INFO - DAG(s) dict_keys(['example_trigger_target_dag']) retrieved from /home/agalli/sandbox/lib/python3.6/site-packages/airflow/example_dags/example_trigger_target_dag.py
[2021-12-02 15:14:34,622] {logging_mixin.py:104} INFO - [2021-12-02 15:14:34,622] {dag.py:1832} INFO - Sync 1 DAGs
[2021-12-02 15:14:34,632] {logging_mixin.py:104} INFO - [2021-12-02 15:14:34,632] {dag.py:2305} INFO - Setting next_dagrun for example_trigger_target_dag to None
[2021-12-02 15:14:34,651] {scheduler_job.py:190} INFO - Processing /home/agalli/sandbox/lib/python3.6/site-packages/airflow/example_dags/example_trigger_target_dag.py took 0.072 seconds
[2021-12-02 15:15:09,714] {scheduler_job.py:182} INFO - Started process (PID=2809) to work on /home/agalli/sandbox/lib/python3.6/site-packages/airflow/example_dags/example_trigger_target_dag.py
[2021-12-02 15:15:09,716] {scheduler_job.py:633} INFO - Processing file /home/agalli/sandbox/lib/python3.6/site-packages/airflow/example_dags/example_trigger_target_dag.py for tasks to queue
[2021-12-02 15:15:09,717] {logging_mixin.py:104} INFO - [2021-12-02 15:15:09,717] {dagbag.py:487} INFO - Filling up the DagBag from /home/agalli/sandbox/lib/python3.6/site-packages/airflow/example_dags/example_trigger_target_dag.py
[2021-12-02 15:15:09,734] {scheduler_job.py:643} INFO - DAG(s) dict_keys(['example_trigger_target_dag']) retrieved from /home/agalli/sandbox/lib/python3.6/site-packages/airflow/example_dags/example_trigger_target_dag.py
[2021-12-02 15:15:09,763] {logging_mixin.py:104} INFO - [2021-12-02 15:15:09,762] {dag.py:1832} INFO - Sync 1 DAGs
[2021-12-02 15:15:09,783] {logging_mixin.py:104} INFO - [2021-12-02 15:15:09,783] {dag.py:2305} INFO - Setting next_dagrun for example_trigger_target_dag to None
[2021-12-02 15:15:09,820] {scheduler_job.py:190} INFO - Processing /home/agalli/sandbox/lib/python3.6/site-packages/airflow/example_dags/example_trigger_target_dag.py took 0.111 seconds
[2021-12-02 15:15:43,695] {scheduler_job.py:182} INFO - Started process (PID=2837) to work on /home/agalli/sandbox/lib/python3.6/site-packages/airflow/example_dags/example_trigger_target_dag.py
[2021-12-02 15:15:43,696] {scheduler_job.py:633} INFO - Processing file /home/agalli/sandbox/lib/python3.6/site-packages/airflow/example_dags/example_trigger_target_dag.py for tasks to queue
[2021-12-02 15:15:43,696] {logging_mixin.py:104} INFO - [2021-12-02 15:15:43,696] {dagbag.py:487} INFO - Filling up the DagBag from /home/agalli/sandbox/lib/python3.6/site-packages/airflow/example_dags/example_trigger_target_dag.py
[2021-12-02 15:15:43,709] {scheduler_job.py:643} INFO - DAG(s) dict_keys(['example_trigger_target_dag']) retrieved from /home/agalli/sandbox/lib/python3.6/site-packages/airflow/example_dags/example_trigger_target_dag.py
[2021-12-02 15:15:43,727] {logging_mixin.py:104} INFO - [2021-12-02 15:15:43,727] {dag.py:1832} INFO - Sync 1 DAGs
[2021-12-02 15:15:43,737] {logging_mixin.py:104} INFO - [2021-12-02 15:15:43,737] {dag.py:2305} INFO - Setting next_dagrun for example_trigger_target_dag to None
[2021-12-02 15:15:43,755] {scheduler_job.py:190} INFO - Processing /home/agalli/sandbox/lib/python3.6/site-packages/airflow/example_dags/example_trigger_target_dag.py took 0.064 seconds
[2021-12-02 15:16:19,237] {scheduler_job.py:182} INFO - Started process (PID=2867) to work on /home/agalli/sandbox/lib/python3.6/site-packages/airflow/example_dags/example_trigger_target_dag.py
[2021-12-02 15:16:19,238] {scheduler_job.py:633} INFO - Processing file /home/agalli/sandbox/lib/python3.6/site-packages/airflow/example_dags/example_trigger_target_dag.py for tasks to queue
[2021-12-02 15:16:19,239] {logging_mixin.py:104} INFO - [2021-12-02 15:16:19,239] {dagbag.py:487} INFO - Filling up the DagBag from /home/agalli/sandbox/lib/python3.6/site-packages/airflow/example_dags/example_trigger_target_dag.py
[2021-12-02 15:16:19,250] {scheduler_job.py:643} INFO - DAG(s) dict_keys(['example_trigger_target_dag']) retrieved from /home/agalli/sandbox/lib/python3.6/site-packages/airflow/example_dags/example_trigger_target_dag.py
[2021-12-02 15:16:19,267] {logging_mixin.py:104} INFO - [2021-12-02 15:16:19,267] {dag.py:1832} INFO - Sync 1 DAGs
[2021-12-02 15:16:19,276] {logging_mixin.py:104} INFO - [2021-12-02 15:16:19,276] {dag.py:2305} INFO - Setting next_dagrun for example_trigger_target_dag to None
[2021-12-02 15:16:19,293] {scheduler_job.py:190} INFO - Processing /home/agalli/sandbox/lib/python3.6/site-packages/airflow/example_dags/example_trigger_target_dag.py took 0.060 seconds
[2021-12-02 15:16:53,540] {scheduler_job.py:182} INFO - Started process (PID=2898) to work on /home/agalli/sandbox/lib/python3.6/site-packages/airflow/example_dags/example_trigger_target_dag.py
[2021-12-02 15:16:53,541] {scheduler_job.py:633} INFO - Processing file /home/agalli/sandbox/lib/python3.6/site-packages/airflow/example_dags/example_trigger_target_dag.py for tasks to queue
[2021-12-02 15:16:53,541] {logging_mixin.py:104} INFO - [2021-12-02 15:16:53,541] {dagbag.py:487} INFO - Filling up the DagBag from /home/agalli/sandbox/lib/python3.6/site-packages/airflow/example_dags/example_trigger_target_dag.py
[2021-12-02 15:16:53,553] {scheduler_job.py:643} INFO - DAG(s) dict_keys(['example_trigger_target_dag']) retrieved from /home/agalli/sandbox/lib/python3.6/site-packages/airflow/example_dags/example_trigger_target_dag.py
[2021-12-02 15:16:53,572] {logging_mixin.py:104} INFO - [2021-12-02 15:16:53,571] {dag.py:1832} INFO - Sync 1 DAGs
[2021-12-02 15:16:53,589] {logging_mixin.py:104} INFO - [2021-12-02 15:16:53,589] {dag.py:2305} INFO - Setting next_dagrun for example_trigger_target_dag to None
[2021-12-02 15:16:53,615] {scheduler_job.py:190} INFO - Processing /home/agalli/sandbox/lib/python3.6/site-packages/airflow/example_dags/example_trigger_target_dag.py took 0.078 seconds
[2021-12-02 15:17:26,261] {scheduler_job.py:182} INFO - Started process (PID=2928) to work on /home/agalli/sandbox/lib/python3.6/site-packages/airflow/example_dags/example_trigger_target_dag.py
[2021-12-02 15:17:26,262] {scheduler_job.py:633} INFO - Processing file /home/agalli/sandbox/lib/python3.6/site-packages/airflow/example_dags/example_trigger_target_dag.py for tasks to queue
[2021-12-02 15:17:26,263] {logging_mixin.py:104} INFO - [2021-12-02 15:17:26,263] {dagbag.py:487} INFO - Filling up the DagBag from /home/agalli/sandbox/lib/python3.6/site-packages/airflow/example_dags/example_trigger_target_dag.py
[2021-12-02 15:17:26,274] {scheduler_job.py:643} INFO - DAG(s) dict_keys(['example_trigger_target_dag']) retrieved from /home/agalli/sandbox/lib/python3.6/site-packages/airflow/example_dags/example_trigger_target_dag.py
[2021-12-02 15:17:26,290] {logging_mixin.py:104} INFO - [2021-12-02 15:17:26,290] {dag.py:1832} INFO - Sync 1 DAGs
[2021-12-02 15:17:26,300] {logging_mixin.py:104} INFO - [2021-12-02 15:17:26,300] {dag.py:2305} INFO - Setting next_dagrun for example_trigger_target_dag to None
[2021-12-02 15:17:26,337] {scheduler_job.py:190} INFO - Processing /home/agalli/sandbox/lib/python3.6/site-packages/airflow/example_dags/example_trigger_target_dag.py took 0.080 seconds
[2021-12-02 15:17:57,633] {scheduler_job.py:182} INFO - Started process (PID=2958) to work on /home/agalli/sandbox/lib/python3.6/site-packages/airflow/example_dags/example_trigger_target_dag.py
[2021-12-02 15:17:57,635] {scheduler_job.py:633} INFO - Processing file /home/agalli/sandbox/lib/python3.6/site-packages/airflow/example_dags/example_trigger_target_dag.py for tasks to queue
[2021-12-02 15:17:57,636] {logging_mixin.py:104} INFO - [2021-12-02 15:17:57,635] {dagbag.py:487} INFO - Filling up the DagBag from /home/agalli/sandbox/lib/python3.6/site-packages/airflow/example_dags/example_trigger_target_dag.py
[2021-12-02 15:17:57,655] {scheduler_job.py:643} INFO - DAG(s) dict_keys(['example_trigger_target_dag']) retrieved from /home/agalli/sandbox/lib/python3.6/site-packages/airflow/example_dags/example_trigger_target_dag.py
[2021-12-02 15:17:57,680] {logging_mixin.py:104} INFO - [2021-12-02 15:17:57,679] {dag.py:1832} INFO - Sync 1 DAGs
[2021-12-02 15:17:57,696] {logging_mixin.py:104} INFO - [2021-12-02 15:17:57,696] {dag.py:2305} INFO - Setting next_dagrun for example_trigger_target_dag to None
[2021-12-02 15:17:57,717] {scheduler_job.py:190} INFO - Processing /home/agalli/sandbox/lib/python3.6/site-packages/airflow/example_dags/example_trigger_target_dag.py took 0.090 seconds
[2021-12-02 15:18:31,862] {scheduler_job.py:182} INFO - Started process (PID=2988) to work on /home/agalli/sandbox/lib/python3.6/site-packages/airflow/example_dags/example_trigger_target_dag.py
[2021-12-02 15:18:31,864] {scheduler_job.py:633} INFO - Processing file /home/agalli/sandbox/lib/python3.6/site-packages/airflow/example_dags/example_trigger_target_dag.py for tasks to queue
[2021-12-02 15:18:31,864] {logging_mixin.py:104} INFO - [2021-12-02 15:18:31,864] {dagbag.py:487} INFO - Filling up the DagBag from /home/agalli/sandbox/lib/python3.6/site-packages/airflow/example_dags/example_trigger_target_dag.py
[2021-12-02 15:18:31,877] {scheduler_job.py:643} INFO - DAG(s) dict_keys(['example_trigger_target_dag']) retrieved from /home/agalli/sandbox/lib/python3.6/site-packages/airflow/example_dags/example_trigger_target_dag.py
[2021-12-02 15:18:31,897] {logging_mixin.py:104} INFO - [2021-12-02 15:18:31,897] {dag.py:1832} INFO - Sync 1 DAGs
[2021-12-02 15:18:31,911] {logging_mixin.py:104} INFO - [2021-12-02 15:18:31,910] {dag.py:2305} INFO - Setting next_dagrun for example_trigger_target_dag to None
[2021-12-02 15:18:31,935] {scheduler_job.py:190} INFO - Processing /home/agalli/sandbox/lib/python3.6/site-packages/airflow/example_dags/example_trigger_target_dag.py took 0.076 seconds
[2021-12-02 15:19:03,054] {scheduler_job.py:182} INFO - Started process (PID=3017) to work on /home/agalli/sandbox/lib/python3.6/site-packages/airflow/example_dags/example_trigger_target_dag.py
[2021-12-02 15:19:03,056] {scheduler_job.py:633} INFO - Processing file /home/agalli/sandbox/lib/python3.6/site-packages/airflow/example_dags/example_trigger_target_dag.py for tasks to queue
[2021-12-02 15:19:03,057] {logging_mixin.py:104} INFO - [2021-12-02 15:19:03,057] {dagbag.py:487} INFO - Filling up the DagBag from /home/agalli/sandbox/lib/python3.6/site-packages/airflow/example_dags/example_trigger_target_dag.py
[2021-12-02 15:19:03,072] {scheduler_job.py:643} INFO - DAG(s) dict_keys(['example_trigger_target_dag']) retrieved from /home/agalli/sandbox/lib/python3.6/site-packages/airflow/example_dags/example_trigger_target_dag.py
[2021-12-02 15:19:03,093] {logging_mixin.py:104} INFO - [2021-12-02 15:19:03,093] {dag.py:1832} INFO - Sync 1 DAGs
[2021-12-02 15:19:03,107] {logging_mixin.py:104} INFO - [2021-12-02 15:19:03,106] {dag.py:2305} INFO - Setting next_dagrun for example_trigger_target_dag to None
[2021-12-02 15:19:03,127] {scheduler_job.py:190} INFO - Processing /home/agalli/sandbox/lib/python3.6/site-packages/airflow/example_dags/example_trigger_target_dag.py took 0.077 seconds
[2021-12-02 15:19:34,383] {scheduler_job.py:182} INFO - Started process (PID=3045) to work on /home/agalli/sandbox/lib/python3.6/site-packages/airflow/example_dags/example_trigger_target_dag.py
[2021-12-02 15:19:34,385] {scheduler_job.py:633} INFO - Processing file /home/agalli/sandbox/lib/python3.6/site-packages/airflow/example_dags/example_trigger_target_dag.py for tasks to queue
[2021-12-02 15:19:34,386] {logging_mixin.py:104} INFO - [2021-12-02 15:19:34,386] {dagbag.py:487} INFO - Filling up the DagBag from /home/agalli/sandbox/lib/python3.6/site-packages/airflow/example_dags/example_trigger_target_dag.py
[2021-12-02 15:19:34,401] {scheduler_job.py:643} INFO - DAG(s) dict_keys(['example_trigger_target_dag']) retrieved from /home/agalli/sandbox/lib/python3.6/site-packages/airflow/example_dags/example_trigger_target_dag.py
[2021-12-02 15:19:34,422] {logging_mixin.py:104} INFO - [2021-12-02 15:19:34,422] {dag.py:1832} INFO - Sync 1 DAGs
[2021-12-02 15:19:34,437] {logging_mixin.py:104} INFO - [2021-12-02 15:19:34,437] {dag.py:2305} INFO - Setting next_dagrun for example_trigger_target_dag to None
[2021-12-02 15:19:34,459] {scheduler_job.py:190} INFO - Processing /home/agalli/sandbox/lib/python3.6/site-packages/airflow/example_dags/example_trigger_target_dag.py took 0.080 seconds
[2021-12-02 15:20:09,359] {scheduler_job.py:182} INFO - Started process (PID=3071) to work on /home/agalli/sandbox/lib/python3.6/site-packages/airflow/example_dags/example_trigger_target_dag.py
[2021-12-02 15:20:09,361] {scheduler_job.py:633} INFO - Processing file /home/agalli/sandbox/lib/python3.6/site-packages/airflow/example_dags/example_trigger_target_dag.py for tasks to queue
[2021-12-02 15:20:09,362] {logging_mixin.py:104} INFO - [2021-12-02 15:20:09,362] {dagbag.py:487} INFO - Filling up the DagBag from /home/agalli/sandbox/lib/python3.6/site-packages/airflow/example_dags/example_trigger_target_dag.py
[2021-12-02 15:20:09,379] {scheduler_job.py:643} INFO - DAG(s) dict_keys(['example_trigger_target_dag']) retrieved from /home/agalli/sandbox/lib/python3.6/site-packages/airflow/example_dags/example_trigger_target_dag.py
[2021-12-02 15:20:09,406] {logging_mixin.py:104} INFO - [2021-12-02 15:20:09,406] {dag.py:1832} INFO - Sync 1 DAGs
[2021-12-02 15:20:09,423] {logging_mixin.py:104} INFO - [2021-12-02 15:20:09,422] {dag.py:2305} INFO - Setting next_dagrun for example_trigger_target_dag to None
[2021-12-02 15:20:09,453] {scheduler_job.py:190} INFO - Processing /home/agalli/sandbox/lib/python3.6/site-packages/airflow/example_dags/example_trigger_target_dag.py took 0.099 seconds
[2021-12-02 15:20:46,013] {scheduler_job.py:182} INFO - Started process (PID=3097) to work on /home/agalli/sandbox/lib/python3.6/site-packages/airflow/example_dags/example_trigger_target_dag.py
[2021-12-02 15:20:46,023] {scheduler_job.py:633} INFO - Processing file /home/agalli/sandbox/lib/python3.6/site-packages/airflow/example_dags/example_trigger_target_dag.py for tasks to queue
[2021-12-02 15:20:46,024] {logging_mixin.py:104} INFO - [2021-12-02 15:20:46,024] {dagbag.py:487} INFO - Filling up the DagBag from /home/agalli/sandbox/lib/python3.6/site-packages/airflow/example_dags/example_trigger_target_dag.py
[2021-12-02 15:20:46,047] {scheduler_job.py:643} INFO - DAG(s) dict_keys(['example_trigger_target_dag']) retrieved from /home/agalli/sandbox/lib/python3.6/site-packages/airflow/example_dags/example_trigger_target_dag.py
[2021-12-02 15:20:46,086] {logging_mixin.py:104} INFO - [2021-12-02 15:20:46,086] {dag.py:1832} INFO - Sync 1 DAGs
[2021-12-02 15:20:46,107] {logging_mixin.py:104} INFO - [2021-12-02 15:20:46,107] {dag.py:2305} INFO - Setting next_dagrun for example_trigger_target_dag to None
[2021-12-02 15:20:46,154] {scheduler_job.py:190} INFO - Processing /home/agalli/sandbox/lib/python3.6/site-packages/airflow/example_dags/example_trigger_target_dag.py took 0.157 seconds
