[2021-12-02 14:51:28,144] {scheduler_job.py:182} INFO - Started process (PID=1582) to work on /home/agalli/sandbox/lib/python3.6/site-packages/airflow/example_dags/example_python_operator.py
[2021-12-02 14:51:28,148] {scheduler_job.py:633} INFO - Processing file /home/agalli/sandbox/lib/python3.6/site-packages/airflow/example_dags/example_python_operator.py for tasks to queue
[2021-12-02 14:51:28,153] {logging_mixin.py:104} INFO - [2021-12-02 14:51:28,149] {dagbag.py:487} INFO - Filling up the DagBag from /home/agalli/sandbox/lib/python3.6/site-packages/airflow/example_dags/example_python_operator.py
[2021-12-02 14:51:28,366] {scheduler_job.py:643} INFO - DAG(s) dict_keys(['example_python_operator']) retrieved from /home/agalli/sandbox/lib/python3.6/site-packages/airflow/example_dags/example_python_operator.py
[2021-12-02 14:51:28,455] {logging_mixin.py:104} INFO - [2021-12-02 14:51:28,455] {dag.py:1832} INFO - Sync 1 DAGs
[2021-12-02 14:51:28,513] {logging_mixin.py:104} INFO - [2021-12-02 14:51:28,513] {dag.py:2305} INFO - Setting next_dagrun for example_python_operator to None
[2021-12-02 14:51:28,549] {scheduler_job.py:190} INFO - Processing /home/agalli/sandbox/lib/python3.6/site-packages/airflow/example_dags/example_python_operator.py took 0.414 seconds
[2021-12-02 14:52:07,651] {scheduler_job.py:182} INFO - Started process (PID=1687) to work on /home/agalli/sandbox/lib/python3.6/site-packages/airflow/example_dags/example_python_operator.py
[2021-12-02 14:52:07,653] {scheduler_job.py:633} INFO - Processing file /home/agalli/sandbox/lib/python3.6/site-packages/airflow/example_dags/example_python_operator.py for tasks to queue
[2021-12-02 14:52:07,654] {logging_mixin.py:104} INFO - [2021-12-02 14:52:07,654] {dagbag.py:487} INFO - Filling up the DagBag from /home/agalli/sandbox/lib/python3.6/site-packages/airflow/example_dags/example_python_operator.py
[2021-12-02 14:52:07,677] {scheduler_job.py:643} INFO - DAG(s) dict_keys(['example_python_operator']) retrieved from /home/agalli/sandbox/lib/python3.6/site-packages/airflow/example_dags/example_python_operator.py
[2021-12-02 14:52:07,705] {logging_mixin.py:104} INFO - [2021-12-02 14:52:07,705] {dag.py:1832} INFO - Sync 1 DAGs
[2021-12-02 14:52:07,736] {logging_mixin.py:104} INFO - [2021-12-02 14:52:07,736] {dag.py:2305} INFO - Setting next_dagrun for example_python_operator to None
[2021-12-02 14:52:07,770] {scheduler_job.py:190} INFO - Processing /home/agalli/sandbox/lib/python3.6/site-packages/airflow/example_dags/example_python_operator.py took 0.123 seconds
[2021-12-02 14:52:40,072] {scheduler_job.py:182} INFO - Started process (PID=1718) to work on /home/agalli/sandbox/lib/python3.6/site-packages/airflow/example_dags/example_python_operator.py
[2021-12-02 14:52:40,073] {scheduler_job.py:633} INFO - Processing file /home/agalli/sandbox/lib/python3.6/site-packages/airflow/example_dags/example_python_operator.py for tasks to queue
[2021-12-02 14:52:40,074] {logging_mixin.py:104} INFO - [2021-12-02 14:52:40,074] {dagbag.py:487} INFO - Filling up the DagBag from /home/agalli/sandbox/lib/python3.6/site-packages/airflow/example_dags/example_python_operator.py
[2021-12-02 14:52:40,092] {scheduler_job.py:643} INFO - DAG(s) dict_keys(['example_python_operator']) retrieved from /home/agalli/sandbox/lib/python3.6/site-packages/airflow/example_dags/example_python_operator.py
[2021-12-02 14:52:40,115] {logging_mixin.py:104} INFO - [2021-12-02 14:52:40,115] {dag.py:1832} INFO - Sync 1 DAGs
[2021-12-02 14:52:40,133] {logging_mixin.py:104} INFO - [2021-12-02 14:52:40,132] {dag.py:2305} INFO - Setting next_dagrun for example_python_operator to None
[2021-12-02 14:52:40,153] {scheduler_job.py:190} INFO - Processing /home/agalli/sandbox/lib/python3.6/site-packages/airflow/example_dags/example_python_operator.py took 0.084 seconds
[2021-12-02 14:53:18,452] {scheduler_job.py:182} INFO - Started process (PID=1749) to work on /home/agalli/sandbox/lib/python3.6/site-packages/airflow/example_dags/example_python_operator.py
[2021-12-02 14:53:18,454] {scheduler_job.py:633} INFO - Processing file /home/agalli/sandbox/lib/python3.6/site-packages/airflow/example_dags/example_python_operator.py for tasks to queue
[2021-12-02 14:53:18,456] {logging_mixin.py:104} INFO - [2021-12-02 14:53:18,456] {dagbag.py:487} INFO - Filling up the DagBag from /home/agalli/sandbox/lib/python3.6/site-packages/airflow/example_dags/example_python_operator.py
[2021-12-02 14:53:18,483] {scheduler_job.py:643} INFO - DAG(s) dict_keys(['example_python_operator']) retrieved from /home/agalli/sandbox/lib/python3.6/site-packages/airflow/example_dags/example_python_operator.py
[2021-12-02 14:53:18,520] {logging_mixin.py:104} INFO - [2021-12-02 14:53:18,520] {dag.py:1832} INFO - Sync 1 DAGs
[2021-12-02 14:53:18,545] {logging_mixin.py:104} INFO - [2021-12-02 14:53:18,544] {dag.py:2305} INFO - Setting next_dagrun for example_python_operator to None
[2021-12-02 14:53:18,566] {scheduler_job.py:190} INFO - Processing /home/agalli/sandbox/lib/python3.6/site-packages/airflow/example_dags/example_python_operator.py took 0.120 seconds
[2021-12-02 14:53:52,794] {scheduler_job.py:182} INFO - Started process (PID=1780) to work on /home/agalli/sandbox/lib/python3.6/site-packages/airflow/example_dags/example_python_operator.py
[2021-12-02 14:53:52,796] {scheduler_job.py:633} INFO - Processing file /home/agalli/sandbox/lib/python3.6/site-packages/airflow/example_dags/example_python_operator.py for tasks to queue
[2021-12-02 14:53:52,796] {logging_mixin.py:104} INFO - [2021-12-02 14:53:52,796] {dagbag.py:487} INFO - Filling up the DagBag from /home/agalli/sandbox/lib/python3.6/site-packages/airflow/example_dags/example_python_operator.py
[2021-12-02 14:53:52,814] {scheduler_job.py:643} INFO - DAG(s) dict_keys(['example_python_operator']) retrieved from /home/agalli/sandbox/lib/python3.6/site-packages/airflow/example_dags/example_python_operator.py
[2021-12-02 14:53:52,838] {logging_mixin.py:104} INFO - [2021-12-02 14:53:52,838] {dag.py:1832} INFO - Sync 1 DAGs
[2021-12-02 14:53:52,855] {logging_mixin.py:104} INFO - [2021-12-02 14:53:52,855] {dag.py:2305} INFO - Setting next_dagrun for example_python_operator to None
[2021-12-02 14:53:52,888] {scheduler_job.py:190} INFO - Processing /home/agalli/sandbox/lib/python3.6/site-packages/airflow/example_dags/example_python_operator.py took 0.098 seconds
[2021-12-02 14:54:28,103] {scheduler_job.py:182} INFO - Started process (PID=1811) to work on /home/agalli/sandbox/lib/python3.6/site-packages/airflow/example_dags/example_python_operator.py
[2021-12-02 14:54:28,105] {scheduler_job.py:633} INFO - Processing file /home/agalli/sandbox/lib/python3.6/site-packages/airflow/example_dags/example_python_operator.py for tasks to queue
[2021-12-02 14:54:28,106] {logging_mixin.py:104} INFO - [2021-12-02 14:54:28,105] {dagbag.py:487} INFO - Filling up the DagBag from /home/agalli/sandbox/lib/python3.6/site-packages/airflow/example_dags/example_python_operator.py
[2021-12-02 14:54:28,130] {scheduler_job.py:643} INFO - DAG(s) dict_keys(['example_python_operator']) retrieved from /home/agalli/sandbox/lib/python3.6/site-packages/airflow/example_dags/example_python_operator.py
[2021-12-02 14:54:28,150] {logging_mixin.py:104} INFO - [2021-12-02 14:54:28,150] {dag.py:1832} INFO - Sync 1 DAGs
[2021-12-02 14:54:28,169] {logging_mixin.py:104} INFO - [2021-12-02 14:54:28,168] {dag.py:2305} INFO - Setting next_dagrun for example_python_operator to None
[2021-12-02 14:54:28,188] {scheduler_job.py:190} INFO - Processing /home/agalli/sandbox/lib/python3.6/site-packages/airflow/example_dags/example_python_operator.py took 0.089 seconds
[2021-12-02 14:55:08,894] {scheduler_job.py:182} INFO - Started process (PID=1854) to work on /home/agalli/sandbox/lib/python3.6/site-packages/airflow/example_dags/example_python_operator.py
[2021-12-02 14:55:08,895] {scheduler_job.py:633} INFO - Processing file /home/agalli/sandbox/lib/python3.6/site-packages/airflow/example_dags/example_python_operator.py for tasks to queue
[2021-12-02 14:55:08,896] {logging_mixin.py:104} INFO - [2021-12-02 14:55:08,896] {dagbag.py:487} INFO - Filling up the DagBag from /home/agalli/sandbox/lib/python3.6/site-packages/airflow/example_dags/example_python_operator.py
[2021-12-02 14:55:08,914] {scheduler_job.py:643} INFO - DAG(s) dict_keys(['example_python_operator']) retrieved from /home/agalli/sandbox/lib/python3.6/site-packages/airflow/example_dags/example_python_operator.py
[2021-12-02 14:55:08,936] {logging_mixin.py:104} INFO - [2021-12-02 14:55:08,935] {dag.py:1832} INFO - Sync 1 DAGs
[2021-12-02 14:55:08,965] {logging_mixin.py:104} INFO - [2021-12-02 14:55:08,965] {dag.py:2305} INFO - Setting next_dagrun for example_python_operator to None
[2021-12-02 14:55:08,999] {scheduler_job.py:190} INFO - Processing /home/agalli/sandbox/lib/python3.6/site-packages/airflow/example_dags/example_python_operator.py took 0.109 seconds
[2021-12-02 14:55:54,268] {scheduler_job.py:182} INFO - Started process (PID=1967) to work on /home/agalli/sandbox/lib/python3.6/site-packages/airflow/example_dags/example_python_operator.py
[2021-12-02 14:55:54,278] {scheduler_job.py:633} INFO - Processing file /home/agalli/sandbox/lib/python3.6/site-packages/airflow/example_dags/example_python_operator.py for tasks to queue
[2021-12-02 14:55:54,279] {logging_mixin.py:104} INFO - [2021-12-02 14:55:54,279] {dagbag.py:487} INFO - Filling up the DagBag from /home/agalli/sandbox/lib/python3.6/site-packages/airflow/example_dags/example_python_operator.py
[2021-12-02 14:55:54,307] {scheduler_job.py:643} INFO - DAG(s) dict_keys(['example_python_operator']) retrieved from /home/agalli/sandbox/lib/python3.6/site-packages/airflow/example_dags/example_python_operator.py
[2021-12-02 14:55:54,331] {logging_mixin.py:104} INFO - [2021-12-02 14:55:54,331] {dag.py:1832} INFO - Sync 1 DAGs
[2021-12-02 14:55:54,383] {logging_mixin.py:104} INFO - [2021-12-02 14:55:54,383] {dag.py:2305} INFO - Setting next_dagrun for example_python_operator to None
[2021-12-02 14:55:54,430] {scheduler_job.py:190} INFO - Processing /home/agalli/sandbox/lib/python3.6/site-packages/airflow/example_dags/example_python_operator.py took 0.168 seconds
[2021-12-02 14:56:33,671] {scheduler_job.py:182} INFO - Started process (PID=1998) to work on /home/agalli/sandbox/lib/python3.6/site-packages/airflow/example_dags/example_python_operator.py
[2021-12-02 14:56:33,677] {scheduler_job.py:633} INFO - Processing file /home/agalli/sandbox/lib/python3.6/site-packages/airflow/example_dags/example_python_operator.py for tasks to queue
[2021-12-02 14:56:33,685] {logging_mixin.py:104} INFO - [2021-12-02 14:56:33,685] {dagbag.py:487} INFO - Filling up the DagBag from /home/agalli/sandbox/lib/python3.6/site-packages/airflow/example_dags/example_python_operator.py
[2021-12-02 14:56:33,758] {scheduler_job.py:643} INFO - DAG(s) dict_keys(['example_python_operator']) retrieved from /home/agalli/sandbox/lib/python3.6/site-packages/airflow/example_dags/example_python_operator.py
[2021-12-02 14:56:33,828] {logging_mixin.py:104} INFO - [2021-12-02 14:56:33,828] {dag.py:1832} INFO - Sync 1 DAGs
[2021-12-02 14:56:33,877] {logging_mixin.py:104} INFO - [2021-12-02 14:56:33,876] {dag.py:2305} INFO - Setting next_dagrun for example_python_operator to None
[2021-12-02 14:56:33,941] {scheduler_job.py:190} INFO - Processing /home/agalli/sandbox/lib/python3.6/site-packages/airflow/example_dags/example_python_operator.py took 0.278 seconds
[2021-12-02 14:57:16,999] {scheduler_job.py:182} INFO - Started process (PID=2032) to work on /home/agalli/sandbox/lib/python3.6/site-packages/airflow/example_dags/example_python_operator.py
[2021-12-02 14:57:17,001] {scheduler_job.py:633} INFO - Processing file /home/agalli/sandbox/lib/python3.6/site-packages/airflow/example_dags/example_python_operator.py for tasks to queue
[2021-12-02 14:57:17,002] {logging_mixin.py:104} INFO - [2021-12-02 14:57:17,002] {dagbag.py:487} INFO - Filling up the DagBag from /home/agalli/sandbox/lib/python3.6/site-packages/airflow/example_dags/example_python_operator.py
[2021-12-02 14:57:17,032] {scheduler_job.py:643} INFO - DAG(s) dict_keys(['example_python_operator']) retrieved from /home/agalli/sandbox/lib/python3.6/site-packages/airflow/example_dags/example_python_operator.py
[2021-12-02 14:57:17,066] {logging_mixin.py:104} INFO - [2021-12-02 14:57:17,066] {dag.py:1832} INFO - Sync 1 DAGs
[2021-12-02 14:57:17,099] {logging_mixin.py:104} INFO - [2021-12-02 14:57:17,099] {dag.py:2305} INFO - Setting next_dagrun for example_python_operator to None
[2021-12-02 14:57:17,153] {scheduler_job.py:190} INFO - Processing /home/agalli/sandbox/lib/python3.6/site-packages/airflow/example_dags/example_python_operator.py took 0.158 seconds
[2021-12-02 14:58:01,395] {scheduler_job.py:182} INFO - Started process (PID=2066) to work on /home/agalli/sandbox/lib/python3.6/site-packages/airflow/example_dags/example_python_operator.py
[2021-12-02 14:58:01,397] {scheduler_job.py:633} INFO - Processing file /home/agalli/sandbox/lib/python3.6/site-packages/airflow/example_dags/example_python_operator.py for tasks to queue
[2021-12-02 14:58:01,399] {logging_mixin.py:104} INFO - [2021-12-02 14:58:01,398] {dagbag.py:487} INFO - Filling up the DagBag from /home/agalli/sandbox/lib/python3.6/site-packages/airflow/example_dags/example_python_operator.py
[2021-12-02 14:58:01,425] {scheduler_job.py:643} INFO - DAG(s) dict_keys(['example_python_operator']) retrieved from /home/agalli/sandbox/lib/python3.6/site-packages/airflow/example_dags/example_python_operator.py
[2021-12-02 14:58:01,455] {logging_mixin.py:104} INFO - [2021-12-02 14:58:01,455] {dag.py:1832} INFO - Sync 1 DAGs
[2021-12-02 14:58:01,483] {logging_mixin.py:104} INFO - [2021-12-02 14:58:01,483] {dag.py:2305} INFO - Setting next_dagrun for example_python_operator to None
[2021-12-02 14:58:01,522] {scheduler_job.py:190} INFO - Processing /home/agalli/sandbox/lib/python3.6/site-packages/airflow/example_dags/example_python_operator.py took 0.133 seconds
[2021-12-02 14:58:55,252] {scheduler_job.py:182} INFO - Started process (PID=2096) to work on /home/agalli/sandbox/lib/python3.6/site-packages/airflow/example_dags/example_python_operator.py
[2021-12-02 14:58:55,266] {scheduler_job.py:633} INFO - Processing file /home/agalli/sandbox/lib/python3.6/site-packages/airflow/example_dags/example_python_operator.py for tasks to queue
[2021-12-02 14:58:55,269] {logging_mixin.py:104} INFO - [2021-12-02 14:58:55,268] {dagbag.py:487} INFO - Filling up the DagBag from /home/agalli/sandbox/lib/python3.6/site-packages/airflow/example_dags/example_python_operator.py
[2021-12-02 14:58:55,397] {scheduler_job.py:643} INFO - DAG(s) dict_keys(['example_python_operator']) retrieved from /home/agalli/sandbox/lib/python3.6/site-packages/airflow/example_dags/example_python_operator.py
[2021-12-02 14:58:55,559] {logging_mixin.py:104} INFO - [2021-12-02 14:58:55,558] {dag.py:1832} INFO - Sync 1 DAGs
[2021-12-02 14:58:55,767] {logging_mixin.py:104} INFO - [2021-12-02 14:58:55,767] {dag.py:2305} INFO - Setting next_dagrun for example_python_operator to None
[2021-12-02 14:58:56,184] {scheduler_job.py:190} INFO - Processing /home/agalli/sandbox/lib/python3.6/site-packages/airflow/example_dags/example_python_operator.py took 0.965 seconds
[2021-12-02 14:59:55,384] {scheduler_job.py:182} INFO - Started process (PID=2129) to work on /home/agalli/sandbox/lib/python3.6/site-packages/airflow/example_dags/example_python_operator.py
[2021-12-02 14:59:55,386] {scheduler_job.py:633} INFO - Processing file /home/agalli/sandbox/lib/python3.6/site-packages/airflow/example_dags/example_python_operator.py for tasks to queue
[2021-12-02 14:59:55,388] {logging_mixin.py:104} INFO - [2021-12-02 14:59:55,388] {dagbag.py:487} INFO - Filling up the DagBag from /home/agalli/sandbox/lib/python3.6/site-packages/airflow/example_dags/example_python_operator.py
[2021-12-02 14:59:55,427] {scheduler_job.py:643} INFO - DAG(s) dict_keys(['example_python_operator']) retrieved from /home/agalli/sandbox/lib/python3.6/site-packages/airflow/example_dags/example_python_operator.py
[2021-12-02 14:59:55,469] {logging_mixin.py:104} INFO - [2021-12-02 14:59:55,469] {dag.py:1832} INFO - Sync 1 DAGs
[2021-12-02 14:59:55,490] {logging_mixin.py:104} INFO - [2021-12-02 14:59:55,489] {dag.py:2305} INFO - Setting next_dagrun for example_python_operator to None
[2021-12-02 14:59:55,520] {scheduler_job.py:190} INFO - Processing /home/agalli/sandbox/lib/python3.6/site-packages/airflow/example_dags/example_python_operator.py took 0.142 seconds
[2021-12-02 15:00:36,116] {scheduler_job.py:182} INFO - Started process (PID=2160) to work on /home/agalli/sandbox/lib/python3.6/site-packages/airflow/example_dags/example_python_operator.py
[2021-12-02 15:00:36,120] {scheduler_job.py:633} INFO - Processing file /home/agalli/sandbox/lib/python3.6/site-packages/airflow/example_dags/example_python_operator.py for tasks to queue
[2021-12-02 15:00:36,122] {logging_mixin.py:104} INFO - [2021-12-02 15:00:36,122] {dagbag.py:487} INFO - Filling up the DagBag from /home/agalli/sandbox/lib/python3.6/site-packages/airflow/example_dags/example_python_operator.py
[2021-12-02 15:00:36,162] {scheduler_job.py:643} INFO - DAG(s) dict_keys(['example_python_operator']) retrieved from /home/agalli/sandbox/lib/python3.6/site-packages/airflow/example_dags/example_python_operator.py
[2021-12-02 15:00:36,192] {logging_mixin.py:104} INFO - [2021-12-02 15:00:36,192] {dag.py:1832} INFO - Sync 1 DAGs
[2021-12-02 15:00:36,212] {logging_mixin.py:104} INFO - [2021-12-02 15:00:36,212] {dag.py:2305} INFO - Setting next_dagrun for example_python_operator to None
[2021-12-02 15:00:36,256] {scheduler_job.py:190} INFO - Processing /home/agalli/sandbox/lib/python3.6/site-packages/airflow/example_dags/example_python_operator.py took 0.149 seconds
[2021-12-02 15:01:22,944] {scheduler_job.py:182} INFO - Started process (PID=2194) to work on /home/agalli/sandbox/lib/python3.6/site-packages/airflow/example_dags/example_python_operator.py
[2021-12-02 15:01:22,947] {scheduler_job.py:633} INFO - Processing file /home/agalli/sandbox/lib/python3.6/site-packages/airflow/example_dags/example_python_operator.py for tasks to queue
[2021-12-02 15:01:22,948] {logging_mixin.py:104} INFO - [2021-12-02 15:01:22,947] {dagbag.py:487} INFO - Filling up the DagBag from /home/agalli/sandbox/lib/python3.6/site-packages/airflow/example_dags/example_python_operator.py
[2021-12-02 15:01:22,975] {scheduler_job.py:643} INFO - DAG(s) dict_keys(['example_python_operator']) retrieved from /home/agalli/sandbox/lib/python3.6/site-packages/airflow/example_dags/example_python_operator.py
[2021-12-02 15:01:23,008] {logging_mixin.py:104} INFO - [2021-12-02 15:01:23,007] {dag.py:1832} INFO - Sync 1 DAGs
[2021-12-02 15:01:23,039] {logging_mixin.py:104} INFO - [2021-12-02 15:01:23,039] {dag.py:2305} INFO - Setting next_dagrun for example_python_operator to None
[2021-12-02 15:01:23,080] {scheduler_job.py:190} INFO - Processing /home/agalli/sandbox/lib/python3.6/site-packages/airflow/example_dags/example_python_operator.py took 0.142 seconds
[2021-12-02 15:04:18,048] {scheduler_job.py:182} INFO - Started process (PID=2304) to work on /home/agalli/sandbox/lib/python3.6/site-packages/airflow/example_dags/example_python_operator.py
[2021-12-02 15:04:18,050] {scheduler_job.py:633} INFO - Processing file /home/agalli/sandbox/lib/python3.6/site-packages/airflow/example_dags/example_python_operator.py for tasks to queue
[2021-12-02 15:04:18,052] {logging_mixin.py:104} INFO - [2021-12-02 15:04:18,052] {dagbag.py:487} INFO - Filling up the DagBag from /home/agalli/sandbox/lib/python3.6/site-packages/airflow/example_dags/example_python_operator.py
[2021-12-02 15:04:18,085] {scheduler_job.py:643} INFO - DAG(s) dict_keys(['example_python_operator']) retrieved from /home/agalli/sandbox/lib/python3.6/site-packages/airflow/example_dags/example_python_operator.py
[2021-12-02 15:04:18,130] {logging_mixin.py:104} INFO - [2021-12-02 15:04:18,130] {dag.py:1832} INFO - Sync 1 DAGs
[2021-12-02 15:04:18,197] {logging_mixin.py:104} INFO - [2021-12-02 15:04:18,197] {dag.py:2305} INFO - Setting next_dagrun for example_python_operator to None
[2021-12-02 15:04:18,256] {scheduler_job.py:190} INFO - Processing /home/agalli/sandbox/lib/python3.6/site-packages/airflow/example_dags/example_python_operator.py took 0.222 seconds
[2021-12-02 15:05:07,614] {scheduler_job.py:182} INFO - Started process (PID=2335) to work on /home/agalli/sandbox/lib/python3.6/site-packages/airflow/example_dags/example_python_operator.py
[2021-12-02 15:05:07,616] {scheduler_job.py:633} INFO - Processing file /home/agalli/sandbox/lib/python3.6/site-packages/airflow/example_dags/example_python_operator.py for tasks to queue
[2021-12-02 15:05:07,617] {logging_mixin.py:104} INFO - [2021-12-02 15:05:07,617] {dagbag.py:487} INFO - Filling up the DagBag from /home/agalli/sandbox/lib/python3.6/site-packages/airflow/example_dags/example_python_operator.py
[2021-12-02 15:05:07,634] {scheduler_job.py:643} INFO - DAG(s) dict_keys(['example_python_operator']) retrieved from /home/agalli/sandbox/lib/python3.6/site-packages/airflow/example_dags/example_python_operator.py
[2021-12-02 15:05:07,660] {logging_mixin.py:104} INFO - [2021-12-02 15:05:07,660] {dag.py:1832} INFO - Sync 1 DAGs
[2021-12-02 15:05:07,686] {logging_mixin.py:104} INFO - [2021-12-02 15:05:07,685] {dag.py:2305} INFO - Setting next_dagrun for example_python_operator to None
[2021-12-02 15:05:07,764] {scheduler_job.py:190} INFO - Processing /home/agalli/sandbox/lib/python3.6/site-packages/airflow/example_dags/example_python_operator.py took 0.164 seconds
[2021-12-02 15:05:55,145] {scheduler_job.py:182} INFO - Started process (PID=2367) to work on /home/agalli/sandbox/lib/python3.6/site-packages/airflow/example_dags/example_python_operator.py
[2021-12-02 15:05:55,148] {scheduler_job.py:633} INFO - Processing file /home/agalli/sandbox/lib/python3.6/site-packages/airflow/example_dags/example_python_operator.py for tasks to queue
[2021-12-02 15:05:55,150] {logging_mixin.py:104} INFO - [2021-12-02 15:05:55,150] {dagbag.py:487} INFO - Filling up the DagBag from /home/agalli/sandbox/lib/python3.6/site-packages/airflow/example_dags/example_python_operator.py
[2021-12-02 15:05:55,184] {scheduler_job.py:643} INFO - DAG(s) dict_keys(['example_python_operator']) retrieved from /home/agalli/sandbox/lib/python3.6/site-packages/airflow/example_dags/example_python_operator.py
[2021-12-02 15:05:55,234] {logging_mixin.py:104} INFO - [2021-12-02 15:05:55,234] {dag.py:1832} INFO - Sync 1 DAGs
[2021-12-02 15:05:55,366] {logging_mixin.py:104} INFO - [2021-12-02 15:05:55,366] {dag.py:2305} INFO - Setting next_dagrun for example_python_operator to None
[2021-12-02 15:05:55,413] {scheduler_job.py:190} INFO - Processing /home/agalli/sandbox/lib/python3.6/site-packages/airflow/example_dags/example_python_operator.py took 0.275 seconds
[2021-12-02 15:06:40,544] {scheduler_job.py:182} INFO - Started process (PID=2399) to work on /home/agalli/sandbox/lib/python3.6/site-packages/airflow/example_dags/example_python_operator.py
[2021-12-02 15:06:40,546] {scheduler_job.py:633} INFO - Processing file /home/agalli/sandbox/lib/python3.6/site-packages/airflow/example_dags/example_python_operator.py for tasks to queue
[2021-12-02 15:06:40,547] {logging_mixin.py:104} INFO - [2021-12-02 15:06:40,547] {dagbag.py:487} INFO - Filling up the DagBag from /home/agalli/sandbox/lib/python3.6/site-packages/airflow/example_dags/example_python_operator.py
[2021-12-02 15:06:40,579] {scheduler_job.py:643} INFO - DAG(s) dict_keys(['example_python_operator']) retrieved from /home/agalli/sandbox/lib/python3.6/site-packages/airflow/example_dags/example_python_operator.py
[2021-12-02 15:06:40,617] {logging_mixin.py:104} INFO - [2021-12-02 15:06:40,617] {dag.py:1832} INFO - Sync 1 DAGs
[2021-12-02 15:06:40,644] {logging_mixin.py:104} INFO - [2021-12-02 15:06:40,644] {dag.py:2305} INFO - Setting next_dagrun for example_python_operator to None
[2021-12-02 15:06:40,685] {scheduler_job.py:190} INFO - Processing /home/agalli/sandbox/lib/python3.6/site-packages/airflow/example_dags/example_python_operator.py took 0.149 seconds
[2021-12-02 15:07:29,888] {scheduler_job.py:182} INFO - Started process (PID=2433) to work on /home/agalli/sandbox/lib/python3.6/site-packages/airflow/example_dags/example_python_operator.py
[2021-12-02 15:07:29,890] {scheduler_job.py:633} INFO - Processing file /home/agalli/sandbox/lib/python3.6/site-packages/airflow/example_dags/example_python_operator.py for tasks to queue
[2021-12-02 15:07:29,891] {logging_mixin.py:104} INFO - [2021-12-02 15:07:29,891] {dagbag.py:487} INFO - Filling up the DagBag from /home/agalli/sandbox/lib/python3.6/site-packages/airflow/example_dags/example_python_operator.py
[2021-12-02 15:07:29,912] {scheduler_job.py:643} INFO - DAG(s) dict_keys(['example_python_operator']) retrieved from /home/agalli/sandbox/lib/python3.6/site-packages/airflow/example_dags/example_python_operator.py
[2021-12-02 15:07:29,949] {logging_mixin.py:104} INFO - [2021-12-02 15:07:29,949] {dag.py:1832} INFO - Sync 1 DAGs
[2021-12-02 15:07:29,971] {logging_mixin.py:104} INFO - [2021-12-02 15:07:29,971] {dag.py:2305} INFO - Setting next_dagrun for example_python_operator to None
[2021-12-02 15:07:29,996] {scheduler_job.py:190} INFO - Processing /home/agalli/sandbox/lib/python3.6/site-packages/airflow/example_dags/example_python_operator.py took 0.117 seconds
[2021-12-02 15:08:16,621] {scheduler_job.py:182} INFO - Started process (PID=2464) to work on /home/agalli/sandbox/lib/python3.6/site-packages/airflow/example_dags/example_python_operator.py
[2021-12-02 15:08:16,625] {scheduler_job.py:633} INFO - Processing file /home/agalli/sandbox/lib/python3.6/site-packages/airflow/example_dags/example_python_operator.py for tasks to queue
[2021-12-02 15:08:16,627] {logging_mixin.py:104} INFO - [2021-12-02 15:08:16,627] {dagbag.py:487} INFO - Filling up the DagBag from /home/agalli/sandbox/lib/python3.6/site-packages/airflow/example_dags/example_python_operator.py
[2021-12-02 15:08:16,681] {scheduler_job.py:643} INFO - DAG(s) dict_keys(['example_python_operator']) retrieved from /home/agalli/sandbox/lib/python3.6/site-packages/airflow/example_dags/example_python_operator.py
[2021-12-02 15:08:16,713] {logging_mixin.py:104} INFO - [2021-12-02 15:08:16,713] {dag.py:1832} INFO - Sync 1 DAGs
[2021-12-02 15:08:16,734] {logging_mixin.py:104} INFO - [2021-12-02 15:08:16,733] {dag.py:2305} INFO - Setting next_dagrun for example_python_operator to None
[2021-12-02 15:08:16,878] {scheduler_job.py:190} INFO - Processing /home/agalli/sandbox/lib/python3.6/site-packages/airflow/example_dags/example_python_operator.py took 0.268 seconds
[2021-12-02 15:09:08,465] {scheduler_job.py:182} INFO - Started process (PID=2499) to work on /home/agalli/sandbox/lib/python3.6/site-packages/airflow/example_dags/example_python_operator.py
[2021-12-02 15:09:08,467] {scheduler_job.py:633} INFO - Processing file /home/agalli/sandbox/lib/python3.6/site-packages/airflow/example_dags/example_python_operator.py for tasks to queue
[2021-12-02 15:09:08,468] {logging_mixin.py:104} INFO - [2021-12-02 15:09:08,468] {dagbag.py:487} INFO - Filling up the DagBag from /home/agalli/sandbox/lib/python3.6/site-packages/airflow/example_dags/example_python_operator.py
[2021-12-02 15:09:08,482] {scheduler_job.py:643} INFO - DAG(s) dict_keys(['example_python_operator']) retrieved from /home/agalli/sandbox/lib/python3.6/site-packages/airflow/example_dags/example_python_operator.py
[2021-12-02 15:09:08,513] {logging_mixin.py:104} INFO - [2021-12-02 15:09:08,513] {dag.py:1832} INFO - Sync 1 DAGs
[2021-12-02 15:09:08,539] {logging_mixin.py:104} INFO - [2021-12-02 15:09:08,539] {dag.py:2305} INFO - Setting next_dagrun for example_python_operator to None
[2021-12-02 15:09:08,578] {scheduler_job.py:190} INFO - Processing /home/agalli/sandbox/lib/python3.6/site-packages/airflow/example_dags/example_python_operator.py took 0.118 seconds
[2021-12-02 15:09:51,249] {scheduler_job.py:182} INFO - Started process (PID=2530) to work on /home/agalli/sandbox/lib/python3.6/site-packages/airflow/example_dags/example_python_operator.py
[2021-12-02 15:09:51,251] {scheduler_job.py:633} INFO - Processing file /home/agalli/sandbox/lib/python3.6/site-packages/airflow/example_dags/example_python_operator.py for tasks to queue
[2021-12-02 15:09:51,252] {logging_mixin.py:104} INFO - [2021-12-02 15:09:51,252] {dagbag.py:487} INFO - Filling up the DagBag from /home/agalli/sandbox/lib/python3.6/site-packages/airflow/example_dags/example_python_operator.py
[2021-12-02 15:09:51,269] {scheduler_job.py:643} INFO - DAG(s) dict_keys(['example_python_operator']) retrieved from /home/agalli/sandbox/lib/python3.6/site-packages/airflow/example_dags/example_python_operator.py
[2021-12-02 15:09:51,292] {logging_mixin.py:104} INFO - [2021-12-02 15:09:51,292] {dag.py:1832} INFO - Sync 1 DAGs
[2021-12-02 15:09:51,307] {logging_mixin.py:104} INFO - [2021-12-02 15:09:51,307] {dag.py:2305} INFO - Setting next_dagrun for example_python_operator to None
[2021-12-02 15:09:51,335] {scheduler_job.py:190} INFO - Processing /home/agalli/sandbox/lib/python3.6/site-packages/airflow/example_dags/example_python_operator.py took 0.091 seconds
[2021-12-02 15:10:28,568] {scheduler_job.py:182} INFO - Started process (PID=2561) to work on /home/agalli/sandbox/lib/python3.6/site-packages/airflow/example_dags/example_python_operator.py
[2021-12-02 15:10:28,570] {scheduler_job.py:633} INFO - Processing file /home/agalli/sandbox/lib/python3.6/site-packages/airflow/example_dags/example_python_operator.py for tasks to queue
[2021-12-02 15:10:28,571] {logging_mixin.py:104} INFO - [2021-12-02 15:10:28,571] {dagbag.py:487} INFO - Filling up the DagBag from /home/agalli/sandbox/lib/python3.6/site-packages/airflow/example_dags/example_python_operator.py
[2021-12-02 15:10:28,585] {scheduler_job.py:643} INFO - DAG(s) dict_keys(['example_python_operator']) retrieved from /home/agalli/sandbox/lib/python3.6/site-packages/airflow/example_dags/example_python_operator.py
[2021-12-02 15:10:28,609] {logging_mixin.py:104} INFO - [2021-12-02 15:10:28,609] {dag.py:1832} INFO - Sync 1 DAGs
[2021-12-02 15:10:28,624] {logging_mixin.py:104} INFO - [2021-12-02 15:10:28,624] {dag.py:2305} INFO - Setting next_dagrun for example_python_operator to None
[2021-12-02 15:10:28,648] {scheduler_job.py:190} INFO - Processing /home/agalli/sandbox/lib/python3.6/site-packages/airflow/example_dags/example_python_operator.py took 0.085 seconds
[2021-12-02 15:11:04,831] {scheduler_job.py:182} INFO - Started process (PID=2592) to work on /home/agalli/sandbox/lib/python3.6/site-packages/airflow/example_dags/example_python_operator.py
[2021-12-02 15:11:04,833] {scheduler_job.py:633} INFO - Processing file /home/agalli/sandbox/lib/python3.6/site-packages/airflow/example_dags/example_python_operator.py for tasks to queue
[2021-12-02 15:11:04,834] {logging_mixin.py:104} INFO - [2021-12-02 15:11:04,833] {dagbag.py:487} INFO - Filling up the DagBag from /home/agalli/sandbox/lib/python3.6/site-packages/airflow/example_dags/example_python_operator.py
[2021-12-02 15:11:04,844] {scheduler_job.py:643} INFO - DAG(s) dict_keys(['example_python_operator']) retrieved from /home/agalli/sandbox/lib/python3.6/site-packages/airflow/example_dags/example_python_operator.py
[2021-12-02 15:11:04,862] {logging_mixin.py:104} INFO - [2021-12-02 15:11:04,862] {dag.py:1832} INFO - Sync 1 DAGs
[2021-12-02 15:11:04,876] {logging_mixin.py:104} INFO - [2021-12-02 15:11:04,876] {dag.py:2305} INFO - Setting next_dagrun for example_python_operator to None
[2021-12-02 15:11:04,895] {scheduler_job.py:190} INFO - Processing /home/agalli/sandbox/lib/python3.6/site-packages/airflow/example_dags/example_python_operator.py took 0.068 seconds
[2021-12-02 15:11:38,651] {scheduler_job.py:182} INFO - Started process (PID=2623) to work on /home/agalli/sandbox/lib/python3.6/site-packages/airflow/example_dags/example_python_operator.py
[2021-12-02 15:11:38,653] {scheduler_job.py:633} INFO - Processing file /home/agalli/sandbox/lib/python3.6/site-packages/airflow/example_dags/example_python_operator.py for tasks to queue
[2021-12-02 15:11:38,653] {logging_mixin.py:104} INFO - [2021-12-02 15:11:38,653] {dagbag.py:487} INFO - Filling up the DagBag from /home/agalli/sandbox/lib/python3.6/site-packages/airflow/example_dags/example_python_operator.py
[2021-12-02 15:11:38,663] {scheduler_job.py:643} INFO - DAG(s) dict_keys(['example_python_operator']) retrieved from /home/agalli/sandbox/lib/python3.6/site-packages/airflow/example_dags/example_python_operator.py
[2021-12-02 15:11:38,682] {logging_mixin.py:104} INFO - [2021-12-02 15:11:38,682] {dag.py:1832} INFO - Sync 1 DAGs
[2021-12-02 15:11:38,698] {logging_mixin.py:104} INFO - [2021-12-02 15:11:38,698] {dag.py:2305} INFO - Setting next_dagrun for example_python_operator to None
[2021-12-02 15:11:38,719] {scheduler_job.py:190} INFO - Processing /home/agalli/sandbox/lib/python3.6/site-packages/airflow/example_dags/example_python_operator.py took 0.071 seconds
[2021-12-02 15:12:13,321] {scheduler_job.py:182} INFO - Started process (PID=2654) to work on /home/agalli/sandbox/lib/python3.6/site-packages/airflow/example_dags/example_python_operator.py
[2021-12-02 15:12:13,322] {scheduler_job.py:633} INFO - Processing file /home/agalli/sandbox/lib/python3.6/site-packages/airflow/example_dags/example_python_operator.py for tasks to queue
[2021-12-02 15:12:13,323] {logging_mixin.py:104} INFO - [2021-12-02 15:12:13,322] {dagbag.py:487} INFO - Filling up the DagBag from /home/agalli/sandbox/lib/python3.6/site-packages/airflow/example_dags/example_python_operator.py
[2021-12-02 15:12:13,334] {scheduler_job.py:643} INFO - DAG(s) dict_keys(['example_python_operator']) retrieved from /home/agalli/sandbox/lib/python3.6/site-packages/airflow/example_dags/example_python_operator.py
[2021-12-02 15:12:13,353] {logging_mixin.py:104} INFO - [2021-12-02 15:12:13,353] {dag.py:1832} INFO - Sync 1 DAGs
[2021-12-02 15:12:13,368] {logging_mixin.py:104} INFO - [2021-12-02 15:12:13,368] {dag.py:2305} INFO - Setting next_dagrun for example_python_operator to None
[2021-12-02 15:12:13,390] {scheduler_job.py:190} INFO - Processing /home/agalli/sandbox/lib/python3.6/site-packages/airflow/example_dags/example_python_operator.py took 0.072 seconds
[2021-12-02 15:12:50,718] {scheduler_job.py:182} INFO - Started process (PID=2687) to work on /home/agalli/sandbox/lib/python3.6/site-packages/airflow/example_dags/example_python_operator.py
[2021-12-02 15:12:50,720] {scheduler_job.py:633} INFO - Processing file /home/agalli/sandbox/lib/python3.6/site-packages/airflow/example_dags/example_python_operator.py for tasks to queue
[2021-12-02 15:12:50,721] {logging_mixin.py:104} INFO - [2021-12-02 15:12:50,721] {dagbag.py:487} INFO - Filling up the DagBag from /home/agalli/sandbox/lib/python3.6/site-packages/airflow/example_dags/example_python_operator.py
[2021-12-02 15:12:50,737] {scheduler_job.py:643} INFO - DAG(s) dict_keys(['example_python_operator']) retrieved from /home/agalli/sandbox/lib/python3.6/site-packages/airflow/example_dags/example_python_operator.py
[2021-12-02 15:12:50,764] {logging_mixin.py:104} INFO - [2021-12-02 15:12:50,764] {dag.py:1832} INFO - Sync 1 DAGs
[2021-12-02 15:12:50,776] {logging_mixin.py:104} INFO - [2021-12-02 15:12:50,776] {dag.py:2305} INFO - Setting next_dagrun for example_python_operator to None
[2021-12-02 15:12:50,818] {scheduler_job.py:190} INFO - Processing /home/agalli/sandbox/lib/python3.6/site-packages/airflow/example_dags/example_python_operator.py took 0.105 seconds
[2021-12-02 15:13:26,773] {scheduler_job.py:182} INFO - Started process (PID=2720) to work on /home/agalli/sandbox/lib/python3.6/site-packages/airflow/example_dags/example_python_operator.py
[2021-12-02 15:13:26,774] {scheduler_job.py:633} INFO - Processing file /home/agalli/sandbox/lib/python3.6/site-packages/airflow/example_dags/example_python_operator.py for tasks to queue
[2021-12-02 15:13:26,774] {logging_mixin.py:104} INFO - [2021-12-02 15:13:26,774] {dagbag.py:487} INFO - Filling up the DagBag from /home/agalli/sandbox/lib/python3.6/site-packages/airflow/example_dags/example_python_operator.py
[2021-12-02 15:13:26,786] {scheduler_job.py:643} INFO - DAG(s) dict_keys(['example_python_operator']) retrieved from /home/agalli/sandbox/lib/python3.6/site-packages/airflow/example_dags/example_python_operator.py
[2021-12-02 15:13:26,805] {logging_mixin.py:104} INFO - [2021-12-02 15:13:26,805] {dag.py:1832} INFO - Sync 1 DAGs
[2021-12-02 15:13:26,824] {logging_mixin.py:104} INFO - [2021-12-02 15:13:26,824] {dag.py:2305} INFO - Setting next_dagrun for example_python_operator to None
[2021-12-02 15:13:26,850] {scheduler_job.py:190} INFO - Processing /home/agalli/sandbox/lib/python3.6/site-packages/airflow/example_dags/example_python_operator.py took 0.081 seconds
[2021-12-02 15:14:01,086] {scheduler_job.py:182} INFO - Started process (PID=2751) to work on /home/agalli/sandbox/lib/python3.6/site-packages/airflow/example_dags/example_python_operator.py
[2021-12-02 15:14:01,090] {scheduler_job.py:633} INFO - Processing file /home/agalli/sandbox/lib/python3.6/site-packages/airflow/example_dags/example_python_operator.py for tasks to queue
[2021-12-02 15:14:01,091] {logging_mixin.py:104} INFO - [2021-12-02 15:14:01,091] {dagbag.py:487} INFO - Filling up the DagBag from /home/agalli/sandbox/lib/python3.6/site-packages/airflow/example_dags/example_python_operator.py
[2021-12-02 15:14:01,114] {scheduler_job.py:643} INFO - DAG(s) dict_keys(['example_python_operator']) retrieved from /home/agalli/sandbox/lib/python3.6/site-packages/airflow/example_dags/example_python_operator.py
[2021-12-02 15:14:01,145] {logging_mixin.py:104} INFO - [2021-12-02 15:14:01,144] {dag.py:1832} INFO - Sync 1 DAGs
[2021-12-02 15:14:01,159] {logging_mixin.py:104} INFO - [2021-12-02 15:14:01,159] {dag.py:2305} INFO - Setting next_dagrun for example_python_operator to None
[2021-12-02 15:14:01,179] {scheduler_job.py:190} INFO - Processing /home/agalli/sandbox/lib/python3.6/site-packages/airflow/example_dags/example_python_operator.py took 0.104 seconds
[2021-12-02 15:14:37,382] {scheduler_job.py:182} INFO - Started process (PID=2783) to work on /home/agalli/sandbox/lib/python3.6/site-packages/airflow/example_dags/example_python_operator.py
[2021-12-02 15:14:37,383] {scheduler_job.py:633} INFO - Processing file /home/agalli/sandbox/lib/python3.6/site-packages/airflow/example_dags/example_python_operator.py for tasks to queue
[2021-12-02 15:14:37,384] {logging_mixin.py:104} INFO - [2021-12-02 15:14:37,384] {dagbag.py:487} INFO - Filling up the DagBag from /home/agalli/sandbox/lib/python3.6/site-packages/airflow/example_dags/example_python_operator.py
[2021-12-02 15:14:37,395] {scheduler_job.py:643} INFO - DAG(s) dict_keys(['example_python_operator']) retrieved from /home/agalli/sandbox/lib/python3.6/site-packages/airflow/example_dags/example_python_operator.py
[2021-12-02 15:14:37,420] {logging_mixin.py:104} INFO - [2021-12-02 15:14:37,420] {dag.py:1832} INFO - Sync 1 DAGs
[2021-12-02 15:14:37,433] {logging_mixin.py:104} INFO - [2021-12-02 15:14:37,433] {dag.py:2305} INFO - Setting next_dagrun for example_python_operator to None
[2021-12-02 15:14:37,453] {scheduler_job.py:190} INFO - Processing /home/agalli/sandbox/lib/python3.6/site-packages/airflow/example_dags/example_python_operator.py took 0.076 seconds
[2021-12-02 15:15:13,372] {scheduler_job.py:182} INFO - Started process (PID=2812) to work on /home/agalli/sandbox/lib/python3.6/site-packages/airflow/example_dags/example_python_operator.py
[2021-12-02 15:15:13,374] {scheduler_job.py:633} INFO - Processing file /home/agalli/sandbox/lib/python3.6/site-packages/airflow/example_dags/example_python_operator.py for tasks to queue
[2021-12-02 15:15:13,376] {logging_mixin.py:104} INFO - [2021-12-02 15:15:13,376] {dagbag.py:487} INFO - Filling up the DagBag from /home/agalli/sandbox/lib/python3.6/site-packages/airflow/example_dags/example_python_operator.py
[2021-12-02 15:15:13,394] {scheduler_job.py:643} INFO - DAG(s) dict_keys(['example_python_operator']) retrieved from /home/agalli/sandbox/lib/python3.6/site-packages/airflow/example_dags/example_python_operator.py
[2021-12-02 15:15:13,427] {logging_mixin.py:104} INFO - [2021-12-02 15:15:13,426] {dag.py:1832} INFO - Sync 1 DAGs
[2021-12-02 15:15:13,453] {logging_mixin.py:104} INFO - [2021-12-02 15:15:13,453] {dag.py:2305} INFO - Setting next_dagrun for example_python_operator to None
[2021-12-02 15:15:13,484] {scheduler_job.py:190} INFO - Processing /home/agalli/sandbox/lib/python3.6/site-packages/airflow/example_dags/example_python_operator.py took 0.120 seconds
[2021-12-02 15:15:52,494] {scheduler_job.py:182} INFO - Started process (PID=2844) to work on /home/agalli/sandbox/lib/python3.6/site-packages/airflow/example_dags/example_python_operator.py
[2021-12-02 15:15:52,496] {scheduler_job.py:633} INFO - Processing file /home/agalli/sandbox/lib/python3.6/site-packages/airflow/example_dags/example_python_operator.py for tasks to queue
[2021-12-02 15:15:52,497] {logging_mixin.py:104} INFO - [2021-12-02 15:15:52,497] {dagbag.py:487} INFO - Filling up the DagBag from /home/agalli/sandbox/lib/python3.6/site-packages/airflow/example_dags/example_python_operator.py
[2021-12-02 15:15:52,513] {scheduler_job.py:643} INFO - DAG(s) dict_keys(['example_python_operator']) retrieved from /home/agalli/sandbox/lib/python3.6/site-packages/airflow/example_dags/example_python_operator.py
[2021-12-02 15:15:52,531] {logging_mixin.py:104} INFO - [2021-12-02 15:15:52,531] {dag.py:1832} INFO - Sync 1 DAGs
[2021-12-02 15:15:52,543] {logging_mixin.py:104} INFO - [2021-12-02 15:15:52,543] {dag.py:2305} INFO - Setting next_dagrun for example_python_operator to None
[2021-12-02 15:15:52,579] {scheduler_job.py:190} INFO - Processing /home/agalli/sandbox/lib/python3.6/site-packages/airflow/example_dags/example_python_operator.py took 0.089 seconds
[2021-12-02 15:16:27,393] {scheduler_job.py:182} INFO - Started process (PID=2874) to work on /home/agalli/sandbox/lib/python3.6/site-packages/airflow/example_dags/example_python_operator.py
[2021-12-02 15:16:27,394] {scheduler_job.py:633} INFO - Processing file /home/agalli/sandbox/lib/python3.6/site-packages/airflow/example_dags/example_python_operator.py for tasks to queue
[2021-12-02 15:16:27,395] {logging_mixin.py:104} INFO - [2021-12-02 15:16:27,395] {dagbag.py:487} INFO - Filling up the DagBag from /home/agalli/sandbox/lib/python3.6/site-packages/airflow/example_dags/example_python_operator.py
[2021-12-02 15:16:27,408] {scheduler_job.py:643} INFO - DAG(s) dict_keys(['example_python_operator']) retrieved from /home/agalli/sandbox/lib/python3.6/site-packages/airflow/example_dags/example_python_operator.py
[2021-12-02 15:16:27,430] {logging_mixin.py:104} INFO - [2021-12-02 15:16:27,430] {dag.py:1832} INFO - Sync 1 DAGs
[2021-12-02 15:16:27,445] {logging_mixin.py:104} INFO - [2021-12-02 15:16:27,445] {dag.py:2305} INFO - Setting next_dagrun for example_python_operator to None
[2021-12-02 15:16:27,462] {scheduler_job.py:190} INFO - Processing /home/agalli/sandbox/lib/python3.6/site-packages/airflow/example_dags/example_python_operator.py took 0.074 seconds
[2021-12-02 15:17:00,337] {scheduler_job.py:182} INFO - Started process (PID=2904) to work on /home/agalli/sandbox/lib/python3.6/site-packages/airflow/example_dags/example_python_operator.py
[2021-12-02 15:17:00,339] {scheduler_job.py:633} INFO - Processing file /home/agalli/sandbox/lib/python3.6/site-packages/airflow/example_dags/example_python_operator.py for tasks to queue
[2021-12-02 15:17:00,340] {logging_mixin.py:104} INFO - [2021-12-02 15:17:00,339] {dagbag.py:487} INFO - Filling up the DagBag from /home/agalli/sandbox/lib/python3.6/site-packages/airflow/example_dags/example_python_operator.py
[2021-12-02 15:17:00,352] {scheduler_job.py:643} INFO - DAG(s) dict_keys(['example_python_operator']) retrieved from /home/agalli/sandbox/lib/python3.6/site-packages/airflow/example_dags/example_python_operator.py
[2021-12-02 15:17:00,376] {logging_mixin.py:104} INFO - [2021-12-02 15:17:00,376] {dag.py:1832} INFO - Sync 1 DAGs
[2021-12-02 15:17:00,397] {logging_mixin.py:104} INFO - [2021-12-02 15:17:00,397] {dag.py:2305} INFO - Setting next_dagrun for example_python_operator to None
[2021-12-02 15:17:00,420] {scheduler_job.py:190} INFO - Processing /home/agalli/sandbox/lib/python3.6/site-packages/airflow/example_dags/example_python_operator.py took 0.088 seconds
[2021-12-02 15:17:33,540] {scheduler_job.py:182} INFO - Started process (PID=2935) to work on /home/agalli/sandbox/lib/python3.6/site-packages/airflow/example_dags/example_python_operator.py
[2021-12-02 15:17:33,542] {scheduler_job.py:633} INFO - Processing file /home/agalli/sandbox/lib/python3.6/site-packages/airflow/example_dags/example_python_operator.py for tasks to queue
[2021-12-02 15:17:33,544] {logging_mixin.py:104} INFO - [2021-12-02 15:17:33,543] {dagbag.py:487} INFO - Filling up the DagBag from /home/agalli/sandbox/lib/python3.6/site-packages/airflow/example_dags/example_python_operator.py
[2021-12-02 15:17:33,561] {scheduler_job.py:643} INFO - DAG(s) dict_keys(['example_python_operator']) retrieved from /home/agalli/sandbox/lib/python3.6/site-packages/airflow/example_dags/example_python_operator.py
[2021-12-02 15:17:33,583] {logging_mixin.py:104} INFO - [2021-12-02 15:17:33,583] {dag.py:1832} INFO - Sync 1 DAGs
[2021-12-02 15:17:33,597] {logging_mixin.py:104} INFO - [2021-12-02 15:17:33,597] {dag.py:2305} INFO - Setting next_dagrun for example_python_operator to None
[2021-12-02 15:17:33,616] {scheduler_job.py:190} INFO - Processing /home/agalli/sandbox/lib/python3.6/site-packages/airflow/example_dags/example_python_operator.py took 0.081 seconds
[2021-12-02 15:18:06,220] {scheduler_job.py:182} INFO - Started process (PID=2966) to work on /home/agalli/sandbox/lib/python3.6/site-packages/airflow/example_dags/example_python_operator.py
[2021-12-02 15:18:06,221] {scheduler_job.py:633} INFO - Processing file /home/agalli/sandbox/lib/python3.6/site-packages/airflow/example_dags/example_python_operator.py for tasks to queue
[2021-12-02 15:18:06,222] {logging_mixin.py:104} INFO - [2021-12-02 15:18:06,222] {dagbag.py:487} INFO - Filling up the DagBag from /home/agalli/sandbox/lib/python3.6/site-packages/airflow/example_dags/example_python_operator.py
[2021-12-02 15:18:06,235] {scheduler_job.py:643} INFO - DAG(s) dict_keys(['example_python_operator']) retrieved from /home/agalli/sandbox/lib/python3.6/site-packages/airflow/example_dags/example_python_operator.py
[2021-12-02 15:18:06,255] {logging_mixin.py:104} INFO - [2021-12-02 15:18:06,255] {dag.py:1832} INFO - Sync 1 DAGs
[2021-12-02 15:18:06,266] {logging_mixin.py:104} INFO - [2021-12-02 15:18:06,266] {dag.py:2305} INFO - Setting next_dagrun for example_python_operator to None
[2021-12-02 15:18:06,305] {scheduler_job.py:190} INFO - Processing /home/agalli/sandbox/lib/python3.6/site-packages/airflow/example_dags/example_python_operator.py took 0.090 seconds
[2021-12-02 15:18:44,212] {scheduler_job.py:182} INFO - Started process (PID=2999) to work on /home/agalli/sandbox/lib/python3.6/site-packages/airflow/example_dags/example_python_operator.py
[2021-12-02 15:18:44,213] {scheduler_job.py:633} INFO - Processing file /home/agalli/sandbox/lib/python3.6/site-packages/airflow/example_dags/example_python_operator.py for tasks to queue
[2021-12-02 15:18:44,214] {logging_mixin.py:104} INFO - [2021-12-02 15:18:44,214] {dagbag.py:487} INFO - Filling up the DagBag from /home/agalli/sandbox/lib/python3.6/site-packages/airflow/example_dags/example_python_operator.py
[2021-12-02 15:18:44,227] {scheduler_job.py:643} INFO - DAG(s) dict_keys(['example_python_operator']) retrieved from /home/agalli/sandbox/lib/python3.6/site-packages/airflow/example_dags/example_python_operator.py
[2021-12-02 15:18:44,246] {logging_mixin.py:104} INFO - [2021-12-02 15:18:44,246] {dag.py:1832} INFO - Sync 1 DAGs
[2021-12-02 15:18:44,258] {logging_mixin.py:104} INFO - [2021-12-02 15:18:44,258] {dag.py:2305} INFO - Setting next_dagrun for example_python_operator to None
[2021-12-02 15:18:44,283] {scheduler_job.py:190} INFO - Processing /home/agalli/sandbox/lib/python3.6/site-packages/airflow/example_dags/example_python_operator.py took 0.076 seconds
[2021-12-02 15:19:20,044] {scheduler_job.py:182} INFO - Started process (PID=3032) to work on /home/agalli/sandbox/lib/python3.6/site-packages/airflow/example_dags/example_python_operator.py
[2021-12-02 15:19:20,045] {scheduler_job.py:633} INFO - Processing file /home/agalli/sandbox/lib/python3.6/site-packages/airflow/example_dags/example_python_operator.py for tasks to queue
[2021-12-02 15:19:20,046] {logging_mixin.py:104} INFO - [2021-12-02 15:19:20,046] {dagbag.py:487} INFO - Filling up the DagBag from /home/agalli/sandbox/lib/python3.6/site-packages/airflow/example_dags/example_python_operator.py
[2021-12-02 15:19:20,058] {scheduler_job.py:643} INFO - DAG(s) dict_keys(['example_python_operator']) retrieved from /home/agalli/sandbox/lib/python3.6/site-packages/airflow/example_dags/example_python_operator.py
[2021-12-02 15:19:20,081] {logging_mixin.py:104} INFO - [2021-12-02 15:19:20,081] {dag.py:1832} INFO - Sync 1 DAGs
[2021-12-02 15:19:20,098] {logging_mixin.py:104} INFO - [2021-12-02 15:19:20,098] {dag.py:2305} INFO - Setting next_dagrun for example_python_operator to None
[2021-12-02 15:19:20,125] {scheduler_job.py:190} INFO - Processing /home/agalli/sandbox/lib/python3.6/site-packages/airflow/example_dags/example_python_operator.py took 0.085 seconds
[2021-12-02 15:20:00,287] {scheduler_job.py:182} INFO - Started process (PID=3065) to work on /home/agalli/sandbox/lib/python3.6/site-packages/airflow/example_dags/example_python_operator.py
[2021-12-02 15:20:00,298] {scheduler_job.py:633} INFO - Processing file /home/agalli/sandbox/lib/python3.6/site-packages/airflow/example_dags/example_python_operator.py for tasks to queue
[2021-12-02 15:20:00,299] {logging_mixin.py:104} INFO - [2021-12-02 15:20:00,299] {dagbag.py:487} INFO - Filling up the DagBag from /home/agalli/sandbox/lib/python3.6/site-packages/airflow/example_dags/example_python_operator.py
[2021-12-02 15:20:00,324] {scheduler_job.py:643} INFO - DAG(s) dict_keys(['example_python_operator']) retrieved from /home/agalli/sandbox/lib/python3.6/site-packages/airflow/example_dags/example_python_operator.py
[2021-12-02 15:20:00,353] {logging_mixin.py:104} INFO - [2021-12-02 15:20:00,353] {dag.py:1832} INFO - Sync 1 DAGs
[2021-12-02 15:20:00,379] {logging_mixin.py:104} INFO - [2021-12-02 15:20:00,379] {dag.py:2305} INFO - Setting next_dagrun for example_python_operator to None
[2021-12-02 15:20:00,411] {scheduler_job.py:190} INFO - Processing /home/agalli/sandbox/lib/python3.6/site-packages/airflow/example_dags/example_python_operator.py took 0.130 seconds
[2021-12-02 15:20:48,858] {scheduler_job.py:182} INFO - Started process (PID=3099) to work on /home/agalli/sandbox/lib/python3.6/site-packages/airflow/example_dags/example_python_operator.py
[2021-12-02 15:20:48,872] {scheduler_job.py:633} INFO - Processing file /home/agalli/sandbox/lib/python3.6/site-packages/airflow/example_dags/example_python_operator.py for tasks to queue
[2021-12-02 15:20:48,874] {logging_mixin.py:104} INFO - [2021-12-02 15:20:48,873] {dagbag.py:487} INFO - Filling up the DagBag from /home/agalli/sandbox/lib/python3.6/site-packages/airflow/example_dags/example_python_operator.py
[2021-12-02 15:20:48,955] {scheduler_job.py:643} INFO - DAG(s) dict_keys(['example_python_operator']) retrieved from /home/agalli/sandbox/lib/python3.6/site-packages/airflow/example_dags/example_python_operator.py
[2021-12-02 15:20:49,014] {logging_mixin.py:104} INFO - [2021-12-02 15:20:49,014] {dag.py:1832} INFO - Sync 1 DAGs
[2021-12-02 15:20:49,059] {logging_mixin.py:104} INFO - [2021-12-02 15:20:49,058] {dag.py:2305} INFO - Setting next_dagrun for example_python_operator to None
[2021-12-02 15:20:49,146] {scheduler_job.py:190} INFO - Processing /home/agalli/sandbox/lib/python3.6/site-packages/airflow/example_dags/example_python_operator.py took 0.305 seconds
