[2021-12-02 14:51:34,050] {scheduler_job.py:182} INFO - Started process (PID=1587) to work on /home/agalli/sandbox/lib/python3.6/site-packages/airflow/example_dags/example_kubernetes_executor_config.py
[2021-12-02 14:51:34,052] {scheduler_job.py:633} INFO - Processing file /home/agalli/sandbox/lib/python3.6/site-packages/airflow/example_dags/example_kubernetes_executor_config.py for tasks to queue
[2021-12-02 14:51:34,053] {logging_mixin.py:104} INFO - [2021-12-02 14:51:34,053] {dagbag.py:487} INFO - Filling up the DagBag from /home/agalli/sandbox/lib/python3.6/site-packages/airflow/example_dags/example_kubernetes_executor_config.py
[2021-12-02 14:51:34,063] {logging_mixin.py:104} INFO - [2021-12-02 14:51:34,063] {example_kubernetes_executor_config.py:175} WARNING - Could not import DAGs in example_kubernetes_executor_config.py: No module named 'kubernetes'
[2021-12-02 14:51:34,063] {logging_mixin.py:104} INFO - [2021-12-02 14:51:34,063] {example_kubernetes_executor_config.py:176} WARNING - Install kubernetes dependencies with: pip install apache-airflow['cncf.kubernetes']
[2021-12-02 14:51:34,064] {scheduler_job.py:645} WARNING - No viable dags retrieved from /home/agalli/sandbox/lib/python3.6/site-packages/airflow/example_dags/example_kubernetes_executor_config.py
[2021-12-02 14:51:34,080] {scheduler_job.py:190} INFO - Processing /home/agalli/sandbox/lib/python3.6/site-packages/airflow/example_dags/example_kubernetes_executor_config.py took 0.034 seconds
[2021-12-02 14:52:12,915] {scheduler_job.py:182} INFO - Started process (PID=1692) to work on /home/agalli/sandbox/lib/python3.6/site-packages/airflow/example_dags/example_kubernetes_executor_config.py
[2021-12-02 14:52:12,916] {scheduler_job.py:633} INFO - Processing file /home/agalli/sandbox/lib/python3.6/site-packages/airflow/example_dags/example_kubernetes_executor_config.py for tasks to queue
[2021-12-02 14:52:12,917] {logging_mixin.py:104} INFO - [2021-12-02 14:52:12,916] {dagbag.py:487} INFO - Filling up the DagBag from /home/agalli/sandbox/lib/python3.6/site-packages/airflow/example_dags/example_kubernetes_executor_config.py
[2021-12-02 14:52:12,925] {logging_mixin.py:104} INFO - [2021-12-02 14:52:12,925] {example_kubernetes_executor_config.py:175} WARNING - Could not import DAGs in example_kubernetes_executor_config.py: No module named 'kubernetes'
[2021-12-02 14:52:12,925] {logging_mixin.py:104} INFO - [2021-12-02 14:52:12,925] {example_kubernetes_executor_config.py:176} WARNING - Install kubernetes dependencies with: pip install apache-airflow['cncf.kubernetes']
[2021-12-02 14:52:12,925] {scheduler_job.py:645} WARNING - No viable dags retrieved from /home/agalli/sandbox/lib/python3.6/site-packages/airflow/example_dags/example_kubernetes_executor_config.py
[2021-12-02 14:52:12,934] {scheduler_job.py:190} INFO - Processing /home/agalli/sandbox/lib/python3.6/site-packages/airflow/example_dags/example_kubernetes_executor_config.py took 0.023 seconds
[2021-12-02 14:52:45,239] {scheduler_job.py:182} INFO - Started process (PID=1723) to work on /home/agalli/sandbox/lib/python3.6/site-packages/airflow/example_dags/example_kubernetes_executor_config.py
[2021-12-02 14:52:45,240] {scheduler_job.py:633} INFO - Processing file /home/agalli/sandbox/lib/python3.6/site-packages/airflow/example_dags/example_kubernetes_executor_config.py for tasks to queue
[2021-12-02 14:52:45,241] {logging_mixin.py:104} INFO - [2021-12-02 14:52:45,241] {dagbag.py:487} INFO - Filling up the DagBag from /home/agalli/sandbox/lib/python3.6/site-packages/airflow/example_dags/example_kubernetes_executor_config.py
[2021-12-02 14:52:45,249] {logging_mixin.py:104} INFO - [2021-12-02 14:52:45,249] {example_kubernetes_executor_config.py:175} WARNING - Could not import DAGs in example_kubernetes_executor_config.py: No module named 'kubernetes'
[2021-12-02 14:52:45,249] {logging_mixin.py:104} INFO - [2021-12-02 14:52:45,249] {example_kubernetes_executor_config.py:176} WARNING - Install kubernetes dependencies with: pip install apache-airflow['cncf.kubernetes']
[2021-12-02 14:52:45,249] {scheduler_job.py:645} WARNING - No viable dags retrieved from /home/agalli/sandbox/lib/python3.6/site-packages/airflow/example_dags/example_kubernetes_executor_config.py
[2021-12-02 14:52:45,257] {scheduler_job.py:190} INFO - Processing /home/agalli/sandbox/lib/python3.6/site-packages/airflow/example_dags/example_kubernetes_executor_config.py took 0.022 seconds
[2021-12-02 14:53:23,851] {scheduler_job.py:182} INFO - Started process (PID=1754) to work on /home/agalli/sandbox/lib/python3.6/site-packages/airflow/example_dags/example_kubernetes_executor_config.py
[2021-12-02 14:53:23,853] {scheduler_job.py:633} INFO - Processing file /home/agalli/sandbox/lib/python3.6/site-packages/airflow/example_dags/example_kubernetes_executor_config.py for tasks to queue
[2021-12-02 14:53:23,855] {logging_mixin.py:104} INFO - [2021-12-02 14:53:23,855] {dagbag.py:487} INFO - Filling up the DagBag from /home/agalli/sandbox/lib/python3.6/site-packages/airflow/example_dags/example_kubernetes_executor_config.py
[2021-12-02 14:53:23,864] {logging_mixin.py:104} INFO - [2021-12-02 14:53:23,864] {example_kubernetes_executor_config.py:175} WARNING - Could not import DAGs in example_kubernetes_executor_config.py: No module named 'kubernetes'
[2021-12-02 14:53:23,864] {logging_mixin.py:104} INFO - [2021-12-02 14:53:23,864] {example_kubernetes_executor_config.py:176} WARNING - Install kubernetes dependencies with: pip install apache-airflow['cncf.kubernetes']
[2021-12-02 14:53:23,864] {scheduler_job.py:645} WARNING - No viable dags retrieved from /home/agalli/sandbox/lib/python3.6/site-packages/airflow/example_dags/example_kubernetes_executor_config.py
[2021-12-02 14:53:23,883] {scheduler_job.py:190} INFO - Processing /home/agalli/sandbox/lib/python3.6/site-packages/airflow/example_dags/example_kubernetes_executor_config.py took 0.036 seconds
[2021-12-02 14:53:58,053] {scheduler_job.py:182} INFO - Started process (PID=1785) to work on /home/agalli/sandbox/lib/python3.6/site-packages/airflow/example_dags/example_kubernetes_executor_config.py
[2021-12-02 14:53:58,055] {scheduler_job.py:633} INFO - Processing file /home/agalli/sandbox/lib/python3.6/site-packages/airflow/example_dags/example_kubernetes_executor_config.py for tasks to queue
[2021-12-02 14:53:58,055] {logging_mixin.py:104} INFO - [2021-12-02 14:53:58,055] {dagbag.py:487} INFO - Filling up the DagBag from /home/agalli/sandbox/lib/python3.6/site-packages/airflow/example_dags/example_kubernetes_executor_config.py
[2021-12-02 14:53:58,064] {logging_mixin.py:104} INFO - [2021-12-02 14:53:58,064] {example_kubernetes_executor_config.py:175} WARNING - Could not import DAGs in example_kubernetes_executor_config.py: No module named 'kubernetes'
[2021-12-02 14:53:58,064] {logging_mixin.py:104} INFO - [2021-12-02 14:53:58,064] {example_kubernetes_executor_config.py:176} WARNING - Install kubernetes dependencies with: pip install apache-airflow['cncf.kubernetes']
[2021-12-02 14:53:58,065] {scheduler_job.py:645} WARNING - No viable dags retrieved from /home/agalli/sandbox/lib/python3.6/site-packages/airflow/example_dags/example_kubernetes_executor_config.py
[2021-12-02 14:53:58,073] {scheduler_job.py:190} INFO - Processing /home/agalli/sandbox/lib/python3.6/site-packages/airflow/example_dags/example_kubernetes_executor_config.py took 0.024 seconds
[2021-12-02 14:54:33,561] {scheduler_job.py:182} INFO - Started process (PID=1816) to work on /home/agalli/sandbox/lib/python3.6/site-packages/airflow/example_dags/example_kubernetes_executor_config.py
[2021-12-02 14:54:33,569] {scheduler_job.py:633} INFO - Processing file /home/agalli/sandbox/lib/python3.6/site-packages/airflow/example_dags/example_kubernetes_executor_config.py for tasks to queue
[2021-12-02 14:54:33,571] {logging_mixin.py:104} INFO - [2021-12-02 14:54:33,571] {dagbag.py:487} INFO - Filling up the DagBag from /home/agalli/sandbox/lib/python3.6/site-packages/airflow/example_dags/example_kubernetes_executor_config.py
[2021-12-02 14:54:33,590] {logging_mixin.py:104} INFO - [2021-12-02 14:54:33,589] {example_kubernetes_executor_config.py:175} WARNING - Could not import DAGs in example_kubernetes_executor_config.py: No module named 'kubernetes'
[2021-12-02 14:54:33,590] {logging_mixin.py:104} INFO - [2021-12-02 14:54:33,590] {example_kubernetes_executor_config.py:176} WARNING - Install kubernetes dependencies with: pip install apache-airflow['cncf.kubernetes']
[2021-12-02 14:54:33,591] {scheduler_job.py:645} WARNING - No viable dags retrieved from /home/agalli/sandbox/lib/python3.6/site-packages/airflow/example_dags/example_kubernetes_executor_config.py
[2021-12-02 14:54:33,615] {scheduler_job.py:190} INFO - Processing /home/agalli/sandbox/lib/python3.6/site-packages/airflow/example_dags/example_kubernetes_executor_config.py took 0.061 seconds
[2021-12-02 14:55:18,473] {scheduler_job.py:182} INFO - Started process (PID=1898) to work on /home/agalli/sandbox/lib/python3.6/site-packages/airflow/example_dags/example_kubernetes_executor_config.py
[2021-12-02 14:55:18,474] {scheduler_job.py:633} INFO - Processing file /home/agalli/sandbox/lib/python3.6/site-packages/airflow/example_dags/example_kubernetes_executor_config.py for tasks to queue
[2021-12-02 14:55:18,475] {logging_mixin.py:104} INFO - [2021-12-02 14:55:18,475] {dagbag.py:487} INFO - Filling up the DagBag from /home/agalli/sandbox/lib/python3.6/site-packages/airflow/example_dags/example_kubernetes_executor_config.py
[2021-12-02 14:55:18,486] {logging_mixin.py:104} INFO - [2021-12-02 14:55:18,486] {example_kubernetes_executor_config.py:175} WARNING - Could not import DAGs in example_kubernetes_executor_config.py: No module named 'kubernetes'
[2021-12-02 14:55:18,486] {logging_mixin.py:104} INFO - [2021-12-02 14:55:18,486] {example_kubernetes_executor_config.py:176} WARNING - Install kubernetes dependencies with: pip install apache-airflow['cncf.kubernetes']
[2021-12-02 14:55:18,486] {scheduler_job.py:645} WARNING - No viable dags retrieved from /home/agalli/sandbox/lib/python3.6/site-packages/airflow/example_dags/example_kubernetes_executor_config.py
[2021-12-02 14:55:18,501] {scheduler_job.py:190} INFO - Processing /home/agalli/sandbox/lib/python3.6/site-packages/airflow/example_dags/example_kubernetes_executor_config.py took 0.033 seconds
[2021-12-02 14:56:00,397] {scheduler_job.py:182} INFO - Started process (PID=1972) to work on /home/agalli/sandbox/lib/python3.6/site-packages/airflow/example_dags/example_kubernetes_executor_config.py
[2021-12-02 14:56:00,399] {scheduler_job.py:633} INFO - Processing file /home/agalli/sandbox/lib/python3.6/site-packages/airflow/example_dags/example_kubernetes_executor_config.py for tasks to queue
[2021-12-02 14:56:00,401] {logging_mixin.py:104} INFO - [2021-12-02 14:56:00,400] {dagbag.py:487} INFO - Filling up the DagBag from /home/agalli/sandbox/lib/python3.6/site-packages/airflow/example_dags/example_kubernetes_executor_config.py
[2021-12-02 14:56:00,421] {logging_mixin.py:104} INFO - [2021-12-02 14:56:00,421] {example_kubernetes_executor_config.py:175} WARNING - Could not import DAGs in example_kubernetes_executor_config.py: No module named 'kubernetes'
[2021-12-02 14:56:00,422] {logging_mixin.py:104} INFO - [2021-12-02 14:56:00,422] {example_kubernetes_executor_config.py:176} WARNING - Install kubernetes dependencies with: pip install apache-airflow['cncf.kubernetes']
[2021-12-02 14:56:00,422] {scheduler_job.py:645} WARNING - No viable dags retrieved from /home/agalli/sandbox/lib/python3.6/site-packages/airflow/example_dags/example_kubernetes_executor_config.py
[2021-12-02 14:56:00,439] {scheduler_job.py:190} INFO - Processing /home/agalli/sandbox/lib/python3.6/site-packages/airflow/example_dags/example_kubernetes_executor_config.py took 0.049 seconds
[2021-12-02 14:56:46,093] {scheduler_job.py:182} INFO - Started process (PID=2007) to work on /home/agalli/sandbox/lib/python3.6/site-packages/airflow/example_dags/example_kubernetes_executor_config.py
[2021-12-02 14:56:46,096] {scheduler_job.py:633} INFO - Processing file /home/agalli/sandbox/lib/python3.6/site-packages/airflow/example_dags/example_kubernetes_executor_config.py for tasks to queue
[2021-12-02 14:56:46,097] {logging_mixin.py:104} INFO - [2021-12-02 14:56:46,097] {dagbag.py:487} INFO - Filling up the DagBag from /home/agalli/sandbox/lib/python3.6/site-packages/airflow/example_dags/example_kubernetes_executor_config.py
[2021-12-02 14:56:46,121] {logging_mixin.py:104} INFO - [2021-12-02 14:56:46,120] {example_kubernetes_executor_config.py:175} WARNING - Could not import DAGs in example_kubernetes_executor_config.py: No module named 'kubernetes'
[2021-12-02 14:56:46,121] {logging_mixin.py:104} INFO - [2021-12-02 14:56:46,121] {example_kubernetes_executor_config.py:176} WARNING - Install kubernetes dependencies with: pip install apache-airflow['cncf.kubernetes']
[2021-12-02 14:56:46,121] {scheduler_job.py:645} WARNING - No viable dags retrieved from /home/agalli/sandbox/lib/python3.6/site-packages/airflow/example_dags/example_kubernetes_executor_config.py
[2021-12-02 14:56:46,174] {scheduler_job.py:190} INFO - Processing /home/agalli/sandbox/lib/python3.6/site-packages/airflow/example_dags/example_kubernetes_executor_config.py took 0.091 seconds
[2021-12-02 14:57:26,722] {scheduler_job.py:182} INFO - Started process (PID=2040) to work on /home/agalli/sandbox/lib/python3.6/site-packages/airflow/example_dags/example_kubernetes_executor_config.py
[2021-12-02 14:57:26,724] {scheduler_job.py:633} INFO - Processing file /home/agalli/sandbox/lib/python3.6/site-packages/airflow/example_dags/example_kubernetes_executor_config.py for tasks to queue
[2021-12-02 14:57:26,726] {logging_mixin.py:104} INFO - [2021-12-02 14:57:26,725] {dagbag.py:487} INFO - Filling up the DagBag from /home/agalli/sandbox/lib/python3.6/site-packages/airflow/example_dags/example_kubernetes_executor_config.py
[2021-12-02 14:57:26,761] {logging_mixin.py:104} INFO - [2021-12-02 14:57:26,761] {example_kubernetes_executor_config.py:175} WARNING - Could not import DAGs in example_kubernetes_executor_config.py: No module named 'kubernetes'
[2021-12-02 14:57:26,761] {logging_mixin.py:104} INFO - [2021-12-02 14:57:26,761] {example_kubernetes_executor_config.py:176} WARNING - Install kubernetes dependencies with: pip install apache-airflow['cncf.kubernetes']
[2021-12-02 14:57:26,761] {scheduler_job.py:645} WARNING - No viable dags retrieved from /home/agalli/sandbox/lib/python3.6/site-packages/airflow/example_dags/example_kubernetes_executor_config.py
[2021-12-02 14:57:26,774] {scheduler_job.py:190} INFO - Processing /home/agalli/sandbox/lib/python3.6/site-packages/airflow/example_dags/example_kubernetes_executor_config.py took 0.057 seconds
[2021-12-02 14:58:07,968] {scheduler_job.py:182} INFO - Started process (PID=2071) to work on /home/agalli/sandbox/lib/python3.6/site-packages/airflow/example_dags/example_kubernetes_executor_config.py
[2021-12-02 14:58:07,973] {scheduler_job.py:633} INFO - Processing file /home/agalli/sandbox/lib/python3.6/site-packages/airflow/example_dags/example_kubernetes_executor_config.py for tasks to queue
[2021-12-02 14:58:07,976] {logging_mixin.py:104} INFO - [2021-12-02 14:58:07,975] {dagbag.py:487} INFO - Filling up the DagBag from /home/agalli/sandbox/lib/python3.6/site-packages/airflow/example_dags/example_kubernetes_executor_config.py
[2021-12-02 14:58:07,998] {logging_mixin.py:104} INFO - [2021-12-02 14:58:07,998] {example_kubernetes_executor_config.py:175} WARNING - Could not import DAGs in example_kubernetes_executor_config.py: No module named 'kubernetes'
[2021-12-02 14:58:07,999] {logging_mixin.py:104} INFO - [2021-12-02 14:58:07,998] {example_kubernetes_executor_config.py:176} WARNING - Install kubernetes dependencies with: pip install apache-airflow['cncf.kubernetes']
[2021-12-02 14:58:07,999] {scheduler_job.py:645} WARNING - No viable dags retrieved from /home/agalli/sandbox/lib/python3.6/site-packages/airflow/example_dags/example_kubernetes_executor_config.py
[2021-12-02 14:58:08,015] {scheduler_job.py:190} INFO - Processing /home/agalli/sandbox/lib/python3.6/site-packages/airflow/example_dags/example_kubernetes_executor_config.py took 0.057 seconds
[2021-12-02 14:59:05,101] {scheduler_job.py:182} INFO - Started process (PID=2101) to work on /home/agalli/sandbox/lib/python3.6/site-packages/airflow/example_dags/example_kubernetes_executor_config.py
[2021-12-02 14:59:05,115] {scheduler_job.py:633} INFO - Processing file /home/agalli/sandbox/lib/python3.6/site-packages/airflow/example_dags/example_kubernetes_executor_config.py for tasks to queue
[2021-12-02 14:59:05,118] {logging_mixin.py:104} INFO - [2021-12-02 14:59:05,117] {dagbag.py:487} INFO - Filling up the DagBag from /home/agalli/sandbox/lib/python3.6/site-packages/airflow/example_dags/example_kubernetes_executor_config.py
[2021-12-02 14:59:05,180] {logging_mixin.py:104} INFO - [2021-12-02 14:59:05,180] {example_kubernetes_executor_config.py:175} WARNING - Could not import DAGs in example_kubernetes_executor_config.py: No module named 'kubernetes'
[2021-12-02 14:59:05,181] {logging_mixin.py:104} INFO - [2021-12-02 14:59:05,180] {example_kubernetes_executor_config.py:176} WARNING - Install kubernetes dependencies with: pip install apache-airflow['cncf.kubernetes']
[2021-12-02 14:59:05,182] {scheduler_job.py:645} WARNING - No viable dags retrieved from /home/agalli/sandbox/lib/python3.6/site-packages/airflow/example_dags/example_kubernetes_executor_config.py
[2021-12-02 14:59:05,245] {scheduler_job.py:190} INFO - Processing /home/agalli/sandbox/lib/python3.6/site-packages/airflow/example_dags/example_kubernetes_executor_config.py took 0.153 seconds
[2021-12-02 15:00:00,999] {scheduler_job.py:182} INFO - Started process (PID=2134) to work on /home/agalli/sandbox/lib/python3.6/site-packages/airflow/example_dags/example_kubernetes_executor_config.py
[2021-12-02 15:00:01,001] {scheduler_job.py:633} INFO - Processing file /home/agalli/sandbox/lib/python3.6/site-packages/airflow/example_dags/example_kubernetes_executor_config.py for tasks to queue
[2021-12-02 15:00:01,002] {logging_mixin.py:104} INFO - [2021-12-02 15:00:01,002] {dagbag.py:487} INFO - Filling up the DagBag from /home/agalli/sandbox/lib/python3.6/site-packages/airflow/example_dags/example_kubernetes_executor_config.py
[2021-12-02 15:00:01,016] {logging_mixin.py:104} INFO - [2021-12-02 15:00:01,016] {example_kubernetes_executor_config.py:175} WARNING - Could not import DAGs in example_kubernetes_executor_config.py: No module named 'kubernetes'
[2021-12-02 15:00:01,017] {logging_mixin.py:104} INFO - [2021-12-02 15:00:01,017] {example_kubernetes_executor_config.py:176} WARNING - Install kubernetes dependencies with: pip install apache-airflow['cncf.kubernetes']
[2021-12-02 15:00:01,017] {scheduler_job.py:645} WARNING - No viable dags retrieved from /home/agalli/sandbox/lib/python3.6/site-packages/airflow/example_dags/example_kubernetes_executor_config.py
[2021-12-02 15:00:01,033] {scheduler_job.py:190} INFO - Processing /home/agalli/sandbox/lib/python3.6/site-packages/airflow/example_dags/example_kubernetes_executor_config.py took 0.045 seconds
[2021-12-02 15:00:47,874] {scheduler_job.py:182} INFO - Started process (PID=2169) to work on /home/agalli/sandbox/lib/python3.6/site-packages/airflow/example_dags/example_kubernetes_executor_config.py
[2021-12-02 15:00:47,875] {scheduler_job.py:633} INFO - Processing file /home/agalli/sandbox/lib/python3.6/site-packages/airflow/example_dags/example_kubernetes_executor_config.py for tasks to queue
[2021-12-02 15:00:47,877] {logging_mixin.py:104} INFO - [2021-12-02 15:00:47,877] {dagbag.py:487} INFO - Filling up the DagBag from /home/agalli/sandbox/lib/python3.6/site-packages/airflow/example_dags/example_kubernetes_executor_config.py
[2021-12-02 15:00:47,892] {logging_mixin.py:104} INFO - [2021-12-02 15:00:47,892] {example_kubernetes_executor_config.py:175} WARNING - Could not import DAGs in example_kubernetes_executor_config.py: No module named 'kubernetes'
[2021-12-02 15:00:47,893] {logging_mixin.py:104} INFO - [2021-12-02 15:00:47,893] {example_kubernetes_executor_config.py:176} WARNING - Install kubernetes dependencies with: pip install apache-airflow['cncf.kubernetes']
[2021-12-02 15:00:47,893] {scheduler_job.py:645} WARNING - No viable dags retrieved from /home/agalli/sandbox/lib/python3.6/site-packages/airflow/example_dags/example_kubernetes_executor_config.py
[2021-12-02 15:00:47,912] {scheduler_job.py:190} INFO - Processing /home/agalli/sandbox/lib/python3.6/site-packages/airflow/example_dags/example_kubernetes_executor_config.py took 0.044 seconds
[2021-12-02 15:01:39,161] {scheduler_job.py:182} INFO - Started process (PID=2205) to work on /home/agalli/sandbox/lib/python3.6/site-packages/airflow/example_dags/example_kubernetes_executor_config.py
[2021-12-02 15:01:39,164] {scheduler_job.py:633} INFO - Processing file /home/agalli/sandbox/lib/python3.6/site-packages/airflow/example_dags/example_kubernetes_executor_config.py for tasks to queue
[2021-12-02 15:01:39,176] {logging_mixin.py:104} INFO - [2021-12-02 15:01:39,176] {dagbag.py:487} INFO - Filling up the DagBag from /home/agalli/sandbox/lib/python3.6/site-packages/airflow/example_dags/example_kubernetes_executor_config.py
[2021-12-02 15:01:39,213] {logging_mixin.py:104} INFO - [2021-12-02 15:01:39,213] {example_kubernetes_executor_config.py:175} WARNING - Could not import DAGs in example_kubernetes_executor_config.py: No module named 'kubernetes'
[2021-12-02 15:01:39,213] {logging_mixin.py:104} INFO - [2021-12-02 15:01:39,213] {example_kubernetes_executor_config.py:176} WARNING - Install kubernetes dependencies with: pip install apache-airflow['cncf.kubernetes']
[2021-12-02 15:01:39,213] {scheduler_job.py:645} WARNING - No viable dags retrieved from /home/agalli/sandbox/lib/python3.6/site-packages/airflow/example_dags/example_kubernetes_executor_config.py
[2021-12-02 15:01:39,258] {scheduler_job.py:190} INFO - Processing /home/agalli/sandbox/lib/python3.6/site-packages/airflow/example_dags/example_kubernetes_executor_config.py took 0.129 seconds
[2021-12-02 15:04:24,795] {scheduler_job.py:182} INFO - Started process (PID=2309) to work on /home/agalli/sandbox/lib/python3.6/site-packages/airflow/example_dags/example_kubernetes_executor_config.py
[2021-12-02 15:04:24,797] {scheduler_job.py:633} INFO - Processing file /home/agalli/sandbox/lib/python3.6/site-packages/airflow/example_dags/example_kubernetes_executor_config.py for tasks to queue
[2021-12-02 15:04:24,799] {logging_mixin.py:104} INFO - [2021-12-02 15:04:24,799] {dagbag.py:487} INFO - Filling up the DagBag from /home/agalli/sandbox/lib/python3.6/site-packages/airflow/example_dags/example_kubernetes_executor_config.py
[2021-12-02 15:04:24,827] {logging_mixin.py:104} INFO - [2021-12-02 15:04:24,826] {example_kubernetes_executor_config.py:175} WARNING - Could not import DAGs in example_kubernetes_executor_config.py: No module named 'kubernetes'
[2021-12-02 15:04:24,827] {logging_mixin.py:104} INFO - [2021-12-02 15:04:24,827] {example_kubernetes_executor_config.py:176} WARNING - Install kubernetes dependencies with: pip install apache-airflow['cncf.kubernetes']
[2021-12-02 15:04:24,827] {scheduler_job.py:645} WARNING - No viable dags retrieved from /home/agalli/sandbox/lib/python3.6/site-packages/airflow/example_dags/example_kubernetes_executor_config.py
[2021-12-02 15:04:24,842] {scheduler_job.py:190} INFO - Processing /home/agalli/sandbox/lib/python3.6/site-packages/airflow/example_dags/example_kubernetes_executor_config.py took 0.065 seconds
[2021-12-02 15:05:13,898] {scheduler_job.py:182} INFO - Started process (PID=2340) to work on /home/agalli/sandbox/lib/python3.6/site-packages/airflow/example_dags/example_kubernetes_executor_config.py
[2021-12-02 15:05:13,902] {scheduler_job.py:633} INFO - Processing file /home/agalli/sandbox/lib/python3.6/site-packages/airflow/example_dags/example_kubernetes_executor_config.py for tasks to queue
[2021-12-02 15:05:13,903] {logging_mixin.py:104} INFO - [2021-12-02 15:05:13,902] {dagbag.py:487} INFO - Filling up the DagBag from /home/agalli/sandbox/lib/python3.6/site-packages/airflow/example_dags/example_kubernetes_executor_config.py
[2021-12-02 15:05:13,911] {logging_mixin.py:104} INFO - [2021-12-02 15:05:13,911] {example_kubernetes_executor_config.py:175} WARNING - Could not import DAGs in example_kubernetes_executor_config.py: No module named 'kubernetes'
[2021-12-02 15:05:13,911] {logging_mixin.py:104} INFO - [2021-12-02 15:05:13,911] {example_kubernetes_executor_config.py:176} WARNING - Install kubernetes dependencies with: pip install apache-airflow['cncf.kubernetes']
[2021-12-02 15:05:13,912] {scheduler_job.py:645} WARNING - No viable dags retrieved from /home/agalli/sandbox/lib/python3.6/site-packages/airflow/example_dags/example_kubernetes_executor_config.py
[2021-12-02 15:05:13,923] {scheduler_job.py:190} INFO - Processing /home/agalli/sandbox/lib/python3.6/site-packages/airflow/example_dags/example_kubernetes_executor_config.py took 0.029 seconds
[2021-12-02 15:06:01,918] {scheduler_job.py:182} INFO - Started process (PID=2372) to work on /home/agalli/sandbox/lib/python3.6/site-packages/airflow/example_dags/example_kubernetes_executor_config.py
[2021-12-02 15:06:01,921] {scheduler_job.py:633} INFO - Processing file /home/agalli/sandbox/lib/python3.6/site-packages/airflow/example_dags/example_kubernetes_executor_config.py for tasks to queue
[2021-12-02 15:06:01,922] {logging_mixin.py:104} INFO - [2021-12-02 15:06:01,922] {dagbag.py:487} INFO - Filling up the DagBag from /home/agalli/sandbox/lib/python3.6/site-packages/airflow/example_dags/example_kubernetes_executor_config.py
[2021-12-02 15:06:01,934] {logging_mixin.py:104} INFO - [2021-12-02 15:06:01,934] {example_kubernetes_executor_config.py:175} WARNING - Could not import DAGs in example_kubernetes_executor_config.py: No module named 'kubernetes'
[2021-12-02 15:06:01,934] {logging_mixin.py:104} INFO - [2021-12-02 15:06:01,934] {example_kubernetes_executor_config.py:176} WARNING - Install kubernetes dependencies with: pip install apache-airflow['cncf.kubernetes']
[2021-12-02 15:06:01,935] {scheduler_job.py:645} WARNING - No viable dags retrieved from /home/agalli/sandbox/lib/python3.6/site-packages/airflow/example_dags/example_kubernetes_executor_config.py
[2021-12-02 15:06:01,953] {scheduler_job.py:190} INFO - Processing /home/agalli/sandbox/lib/python3.6/site-packages/airflow/example_dags/example_kubernetes_executor_config.py took 0.040 seconds
[2021-12-02 15:06:47,150] {scheduler_job.py:182} INFO - Started process (PID=2404) to work on /home/agalli/sandbox/lib/python3.6/site-packages/airflow/example_dags/example_kubernetes_executor_config.py
[2021-12-02 15:06:47,152] {scheduler_job.py:633} INFO - Processing file /home/agalli/sandbox/lib/python3.6/site-packages/airflow/example_dags/example_kubernetes_executor_config.py for tasks to queue
[2021-12-02 15:06:47,154] {logging_mixin.py:104} INFO - [2021-12-02 15:06:47,154] {dagbag.py:487} INFO - Filling up the DagBag from /home/agalli/sandbox/lib/python3.6/site-packages/airflow/example_dags/example_kubernetes_executor_config.py
[2021-12-02 15:06:47,175] {logging_mixin.py:104} INFO - [2021-12-02 15:06:47,175] {example_kubernetes_executor_config.py:175} WARNING - Could not import DAGs in example_kubernetes_executor_config.py: No module named 'kubernetes'
[2021-12-02 15:06:47,175] {logging_mixin.py:104} INFO - [2021-12-02 15:06:47,175] {example_kubernetes_executor_config.py:176} WARNING - Install kubernetes dependencies with: pip install apache-airflow['cncf.kubernetes']
[2021-12-02 15:06:47,175] {scheduler_job.py:645} WARNING - No viable dags retrieved from /home/agalli/sandbox/lib/python3.6/site-packages/airflow/example_dags/example_kubernetes_executor_config.py
[2021-12-02 15:06:47,194] {scheduler_job.py:190} INFO - Processing /home/agalli/sandbox/lib/python3.6/site-packages/airflow/example_dags/example_kubernetes_executor_config.py took 0.053 seconds
[2021-12-02 15:07:35,188] {scheduler_job.py:182} INFO - Started process (PID=2438) to work on /home/agalli/sandbox/lib/python3.6/site-packages/airflow/example_dags/example_kubernetes_executor_config.py
[2021-12-02 15:07:35,191] {scheduler_job.py:633} INFO - Processing file /home/agalli/sandbox/lib/python3.6/site-packages/airflow/example_dags/example_kubernetes_executor_config.py for tasks to queue
[2021-12-02 15:07:35,192] {logging_mixin.py:104} INFO - [2021-12-02 15:07:35,192] {dagbag.py:487} INFO - Filling up the DagBag from /home/agalli/sandbox/lib/python3.6/site-packages/airflow/example_dags/example_kubernetes_executor_config.py
[2021-12-02 15:07:35,211] {logging_mixin.py:104} INFO - [2021-12-02 15:07:35,210] {example_kubernetes_executor_config.py:175} WARNING - Could not import DAGs in example_kubernetes_executor_config.py: No module named 'kubernetes'
[2021-12-02 15:07:35,211] {logging_mixin.py:104} INFO - [2021-12-02 15:07:35,211] {example_kubernetes_executor_config.py:176} WARNING - Install kubernetes dependencies with: pip install apache-airflow['cncf.kubernetes']
[2021-12-02 15:07:35,211] {scheduler_job.py:645} WARNING - No viable dags retrieved from /home/agalli/sandbox/lib/python3.6/site-packages/airflow/example_dags/example_kubernetes_executor_config.py
[2021-12-02 15:07:35,224] {scheduler_job.py:190} INFO - Processing /home/agalli/sandbox/lib/python3.6/site-packages/airflow/example_dags/example_kubernetes_executor_config.py took 0.045 seconds
[2021-12-02 15:08:23,583] {scheduler_job.py:182} INFO - Started process (PID=2469) to work on /home/agalli/sandbox/lib/python3.6/site-packages/airflow/example_dags/example_kubernetes_executor_config.py
[2021-12-02 15:08:23,585] {scheduler_job.py:633} INFO - Processing file /home/agalli/sandbox/lib/python3.6/site-packages/airflow/example_dags/example_kubernetes_executor_config.py for tasks to queue
[2021-12-02 15:08:23,586] {logging_mixin.py:104} INFO - [2021-12-02 15:08:23,586] {dagbag.py:487} INFO - Filling up the DagBag from /home/agalli/sandbox/lib/python3.6/site-packages/airflow/example_dags/example_kubernetes_executor_config.py
[2021-12-02 15:08:23,598] {logging_mixin.py:104} INFO - [2021-12-02 15:08:23,598] {example_kubernetes_executor_config.py:175} WARNING - Could not import DAGs in example_kubernetes_executor_config.py: No module named 'kubernetes'
[2021-12-02 15:08:23,598] {logging_mixin.py:104} INFO - [2021-12-02 15:08:23,598] {example_kubernetes_executor_config.py:176} WARNING - Install kubernetes dependencies with: pip install apache-airflow['cncf.kubernetes']
[2021-12-02 15:08:23,599] {scheduler_job.py:645} WARNING - No viable dags retrieved from /home/agalli/sandbox/lib/python3.6/site-packages/airflow/example_dags/example_kubernetes_executor_config.py
[2021-12-02 15:08:23,613] {scheduler_job.py:190} INFO - Processing /home/agalli/sandbox/lib/python3.6/site-packages/airflow/example_dags/example_kubernetes_executor_config.py took 0.036 seconds
[2021-12-02 15:09:15,092] {scheduler_job.py:182} INFO - Started process (PID=2504) to work on /home/agalli/sandbox/lib/python3.6/site-packages/airflow/example_dags/example_kubernetes_executor_config.py
[2021-12-02 15:09:15,094] {scheduler_job.py:633} INFO - Processing file /home/agalli/sandbox/lib/python3.6/site-packages/airflow/example_dags/example_kubernetes_executor_config.py for tasks to queue
[2021-12-02 15:09:15,096] {logging_mixin.py:104} INFO - [2021-12-02 15:09:15,095] {dagbag.py:487} INFO - Filling up the DagBag from /home/agalli/sandbox/lib/python3.6/site-packages/airflow/example_dags/example_kubernetes_executor_config.py
[2021-12-02 15:09:15,118] {logging_mixin.py:104} INFO - [2021-12-02 15:09:15,117] {example_kubernetes_executor_config.py:175} WARNING - Could not import DAGs in example_kubernetes_executor_config.py: No module named 'kubernetes'
[2021-12-02 15:09:15,118] {logging_mixin.py:104} INFO - [2021-12-02 15:09:15,118] {example_kubernetes_executor_config.py:176} WARNING - Install kubernetes dependencies with: pip install apache-airflow['cncf.kubernetes']
[2021-12-02 15:09:15,119] {scheduler_job.py:645} WARNING - No viable dags retrieved from /home/agalli/sandbox/lib/python3.6/site-packages/airflow/example_dags/example_kubernetes_executor_config.py
[2021-12-02 15:09:15,152] {scheduler_job.py:190} INFO - Processing /home/agalli/sandbox/lib/python3.6/site-packages/airflow/example_dags/example_kubernetes_executor_config.py took 0.072 seconds
[2021-12-02 15:09:56,419] {scheduler_job.py:182} INFO - Started process (PID=2535) to work on /home/agalli/sandbox/lib/python3.6/site-packages/airflow/example_dags/example_kubernetes_executor_config.py
[2021-12-02 15:09:56,421] {scheduler_job.py:633} INFO - Processing file /home/agalli/sandbox/lib/python3.6/site-packages/airflow/example_dags/example_kubernetes_executor_config.py for tasks to queue
[2021-12-02 15:09:56,422] {logging_mixin.py:104} INFO - [2021-12-02 15:09:56,422] {dagbag.py:487} INFO - Filling up the DagBag from /home/agalli/sandbox/lib/python3.6/site-packages/airflow/example_dags/example_kubernetes_executor_config.py
[2021-12-02 15:09:56,432] {logging_mixin.py:104} INFO - [2021-12-02 15:09:56,431] {example_kubernetes_executor_config.py:175} WARNING - Could not import DAGs in example_kubernetes_executor_config.py: No module named 'kubernetes'
[2021-12-02 15:09:56,432] {logging_mixin.py:104} INFO - [2021-12-02 15:09:56,432] {example_kubernetes_executor_config.py:176} WARNING - Install kubernetes dependencies with: pip install apache-airflow['cncf.kubernetes']
[2021-12-02 15:09:56,432] {scheduler_job.py:645} WARNING - No viable dags retrieved from /home/agalli/sandbox/lib/python3.6/site-packages/airflow/example_dags/example_kubernetes_executor_config.py
[2021-12-02 15:09:56,443] {scheduler_job.py:190} INFO - Processing /home/agalli/sandbox/lib/python3.6/site-packages/airflow/example_dags/example_kubernetes_executor_config.py took 0.027 seconds
[2021-12-02 15:10:34,920] {scheduler_job.py:182} INFO - Started process (PID=2567) to work on /home/agalli/sandbox/lib/python3.6/site-packages/airflow/example_dags/example_kubernetes_executor_config.py
[2021-12-02 15:10:34,921] {scheduler_job.py:633} INFO - Processing file /home/agalli/sandbox/lib/python3.6/site-packages/airflow/example_dags/example_kubernetes_executor_config.py for tasks to queue
[2021-12-02 15:10:34,922] {logging_mixin.py:104} INFO - [2021-12-02 15:10:34,922] {dagbag.py:487} INFO - Filling up the DagBag from /home/agalli/sandbox/lib/python3.6/site-packages/airflow/example_dags/example_kubernetes_executor_config.py
[2021-12-02 15:10:34,930] {logging_mixin.py:104} INFO - [2021-12-02 15:10:34,930] {example_kubernetes_executor_config.py:175} WARNING - Could not import DAGs in example_kubernetes_executor_config.py: No module named 'kubernetes'
[2021-12-02 15:10:34,930] {logging_mixin.py:104} INFO - [2021-12-02 15:10:34,930] {example_kubernetes_executor_config.py:176} WARNING - Install kubernetes dependencies with: pip install apache-airflow['cncf.kubernetes']
[2021-12-02 15:10:34,930] {scheduler_job.py:645} WARNING - No viable dags retrieved from /home/agalli/sandbox/lib/python3.6/site-packages/airflow/example_dags/example_kubernetes_executor_config.py
[2021-12-02 15:10:34,938] {scheduler_job.py:190} INFO - Processing /home/agalli/sandbox/lib/python3.6/site-packages/airflow/example_dags/example_kubernetes_executor_config.py took 0.022 seconds
[2021-12-02 15:11:10,012] {scheduler_job.py:182} INFO - Started process (PID=2598) to work on /home/agalli/sandbox/lib/python3.6/site-packages/airflow/example_dags/example_kubernetes_executor_config.py
[2021-12-02 15:11:10,013] {scheduler_job.py:633} INFO - Processing file /home/agalli/sandbox/lib/python3.6/site-packages/airflow/example_dags/example_kubernetes_executor_config.py for tasks to queue
[2021-12-02 15:11:10,014] {logging_mixin.py:104} INFO - [2021-12-02 15:11:10,014] {dagbag.py:487} INFO - Filling up the DagBag from /home/agalli/sandbox/lib/python3.6/site-packages/airflow/example_dags/example_kubernetes_executor_config.py
[2021-12-02 15:11:10,021] {logging_mixin.py:104} INFO - [2021-12-02 15:11:10,021] {example_kubernetes_executor_config.py:175} WARNING - Could not import DAGs in example_kubernetes_executor_config.py: No module named 'kubernetes'
[2021-12-02 15:11:10,022] {logging_mixin.py:104} INFO - [2021-12-02 15:11:10,021] {example_kubernetes_executor_config.py:176} WARNING - Install kubernetes dependencies with: pip install apache-airflow['cncf.kubernetes']
[2021-12-02 15:11:10,022] {scheduler_job.py:645} WARNING - No viable dags retrieved from /home/agalli/sandbox/lib/python3.6/site-packages/airflow/example_dags/example_kubernetes_executor_config.py
[2021-12-02 15:11:10,031] {scheduler_job.py:190} INFO - Processing /home/agalli/sandbox/lib/python3.6/site-packages/airflow/example_dags/example_kubernetes_executor_config.py took 0.023 seconds
[2021-12-02 15:11:46,541] {scheduler_job.py:182} INFO - Started process (PID=2631) to work on /home/agalli/sandbox/lib/python3.6/site-packages/airflow/example_dags/example_kubernetes_executor_config.py
[2021-12-02 15:11:46,543] {scheduler_job.py:633} INFO - Processing file /home/agalli/sandbox/lib/python3.6/site-packages/airflow/example_dags/example_kubernetes_executor_config.py for tasks to queue
[2021-12-02 15:11:46,544] {logging_mixin.py:104} INFO - [2021-12-02 15:11:46,544] {dagbag.py:487} INFO - Filling up the DagBag from /home/agalli/sandbox/lib/python3.6/site-packages/airflow/example_dags/example_kubernetes_executor_config.py
[2021-12-02 15:11:46,553] {logging_mixin.py:104} INFO - [2021-12-02 15:11:46,553] {example_kubernetes_executor_config.py:175} WARNING - Could not import DAGs in example_kubernetes_executor_config.py: No module named 'kubernetes'
[2021-12-02 15:11:46,553] {logging_mixin.py:104} INFO - [2021-12-02 15:11:46,553] {example_kubernetes_executor_config.py:176} WARNING - Install kubernetes dependencies with: pip install apache-airflow['cncf.kubernetes']
[2021-12-02 15:11:46,553] {scheduler_job.py:645} WARNING - No viable dags retrieved from /home/agalli/sandbox/lib/python3.6/site-packages/airflow/example_dags/example_kubernetes_executor_config.py
[2021-12-02 15:11:46,563] {scheduler_job.py:190} INFO - Processing /home/agalli/sandbox/lib/python3.6/site-packages/airflow/example_dags/example_kubernetes_executor_config.py took 0.026 seconds
[2021-12-02 15:12:22,479] {scheduler_job.py:182} INFO - Started process (PID=2663) to work on /home/agalli/sandbox/lib/python3.6/site-packages/airflow/example_dags/example_kubernetes_executor_config.py
[2021-12-02 15:12:22,480] {scheduler_job.py:633} INFO - Processing file /home/agalli/sandbox/lib/python3.6/site-packages/airflow/example_dags/example_kubernetes_executor_config.py for tasks to queue
[2021-12-02 15:12:22,481] {logging_mixin.py:104} INFO - [2021-12-02 15:12:22,481] {dagbag.py:487} INFO - Filling up the DagBag from /home/agalli/sandbox/lib/python3.6/site-packages/airflow/example_dags/example_kubernetes_executor_config.py
[2021-12-02 15:12:22,491] {logging_mixin.py:104} INFO - [2021-12-02 15:12:22,491] {example_kubernetes_executor_config.py:175} WARNING - Could not import DAGs in example_kubernetes_executor_config.py: No module named 'kubernetes'
[2021-12-02 15:12:22,491] {logging_mixin.py:104} INFO - [2021-12-02 15:12:22,491] {example_kubernetes_executor_config.py:176} WARNING - Install kubernetes dependencies with: pip install apache-airflow['cncf.kubernetes']
[2021-12-02 15:12:22,492] {scheduler_job.py:645} WARNING - No viable dags retrieved from /home/agalli/sandbox/lib/python3.6/site-packages/airflow/example_dags/example_kubernetes_executor_config.py
[2021-12-02 15:12:22,501] {scheduler_job.py:190} INFO - Processing /home/agalli/sandbox/lib/python3.6/site-packages/airflow/example_dags/example_kubernetes_executor_config.py took 0.026 seconds
[2021-12-02 15:12:57,608] {scheduler_job.py:182} INFO - Started process (PID=2694) to work on /home/agalli/sandbox/lib/python3.6/site-packages/airflow/example_dags/example_kubernetes_executor_config.py
[2021-12-02 15:12:57,609] {scheduler_job.py:633} INFO - Processing file /home/agalli/sandbox/lib/python3.6/site-packages/airflow/example_dags/example_kubernetes_executor_config.py for tasks to queue
[2021-12-02 15:12:57,610] {logging_mixin.py:104} INFO - [2021-12-02 15:12:57,610] {dagbag.py:487} INFO - Filling up the DagBag from /home/agalli/sandbox/lib/python3.6/site-packages/airflow/example_dags/example_kubernetes_executor_config.py
[2021-12-02 15:12:57,617] {logging_mixin.py:104} INFO - [2021-12-02 15:12:57,617] {example_kubernetes_executor_config.py:175} WARNING - Could not import DAGs in example_kubernetes_executor_config.py: No module named 'kubernetes'
[2021-12-02 15:12:57,618] {logging_mixin.py:104} INFO - [2021-12-02 15:12:57,618] {example_kubernetes_executor_config.py:176} WARNING - Install kubernetes dependencies with: pip install apache-airflow['cncf.kubernetes']
[2021-12-02 15:12:57,618] {scheduler_job.py:645} WARNING - No viable dags retrieved from /home/agalli/sandbox/lib/python3.6/site-packages/airflow/example_dags/example_kubernetes_executor_config.py
[2021-12-02 15:12:57,626] {scheduler_job.py:190} INFO - Processing /home/agalli/sandbox/lib/python3.6/site-packages/airflow/example_dags/example_kubernetes_executor_config.py took 0.021 seconds
[2021-12-02 15:13:34,216] {scheduler_job.py:182} INFO - Started process (PID=2726) to work on /home/agalli/sandbox/lib/python3.6/site-packages/airflow/example_dags/example_kubernetes_executor_config.py
[2021-12-02 15:13:34,218] {scheduler_job.py:633} INFO - Processing file /home/agalli/sandbox/lib/python3.6/site-packages/airflow/example_dags/example_kubernetes_executor_config.py for tasks to queue
[2021-12-02 15:13:34,219] {logging_mixin.py:104} INFO - [2021-12-02 15:13:34,219] {dagbag.py:487} INFO - Filling up the DagBag from /home/agalli/sandbox/lib/python3.6/site-packages/airflow/example_dags/example_kubernetes_executor_config.py
[2021-12-02 15:13:34,230] {logging_mixin.py:104} INFO - [2021-12-02 15:13:34,230] {example_kubernetes_executor_config.py:175} WARNING - Could not import DAGs in example_kubernetes_executor_config.py: No module named 'kubernetes'
[2021-12-02 15:13:34,230] {logging_mixin.py:104} INFO - [2021-12-02 15:13:34,230] {example_kubernetes_executor_config.py:176} WARNING - Install kubernetes dependencies with: pip install apache-airflow['cncf.kubernetes']
[2021-12-02 15:13:34,231] {scheduler_job.py:645} WARNING - No viable dags retrieved from /home/agalli/sandbox/lib/python3.6/site-packages/airflow/example_dags/example_kubernetes_executor_config.py
[2021-12-02 15:13:34,244] {scheduler_job.py:190} INFO - Processing /home/agalli/sandbox/lib/python3.6/site-packages/airflow/example_dags/example_kubernetes_executor_config.py took 0.032 seconds
[2021-12-02 15:14:09,525] {scheduler_job.py:182} INFO - Started process (PID=2758) to work on /home/agalli/sandbox/lib/python3.6/site-packages/airflow/example_dags/example_kubernetes_executor_config.py
[2021-12-02 15:14:09,526] {scheduler_job.py:633} INFO - Processing file /home/agalli/sandbox/lib/python3.6/site-packages/airflow/example_dags/example_kubernetes_executor_config.py for tasks to queue
[2021-12-02 15:14:09,527] {logging_mixin.py:104} INFO - [2021-12-02 15:14:09,527] {dagbag.py:487} INFO - Filling up the DagBag from /home/agalli/sandbox/lib/python3.6/site-packages/airflow/example_dags/example_kubernetes_executor_config.py
[2021-12-02 15:14:09,539] {logging_mixin.py:104} INFO - [2021-12-02 15:14:09,538] {example_kubernetes_executor_config.py:175} WARNING - Could not import DAGs in example_kubernetes_executor_config.py: No module named 'kubernetes'
[2021-12-02 15:14:09,539] {logging_mixin.py:104} INFO - [2021-12-02 15:14:09,539] {example_kubernetes_executor_config.py:176} WARNING - Install kubernetes dependencies with: pip install apache-airflow['cncf.kubernetes']
[2021-12-02 15:14:09,539] {scheduler_job.py:645} WARNING - No viable dags retrieved from /home/agalli/sandbox/lib/python3.6/site-packages/airflow/example_dags/example_kubernetes_executor_config.py
[2021-12-02 15:14:09,549] {scheduler_job.py:190} INFO - Processing /home/agalli/sandbox/lib/python3.6/site-packages/airflow/example_dags/example_kubernetes_executor_config.py took 0.029 seconds
[2021-12-02 15:14:44,956] {scheduler_job.py:182} INFO - Started process (PID=2789) to work on /home/agalli/sandbox/lib/python3.6/site-packages/airflow/example_dags/example_kubernetes_executor_config.py
[2021-12-02 15:14:44,958] {scheduler_job.py:633} INFO - Processing file /home/agalli/sandbox/lib/python3.6/site-packages/airflow/example_dags/example_kubernetes_executor_config.py for tasks to queue
[2021-12-02 15:14:44,959] {logging_mixin.py:104} INFO - [2021-12-02 15:14:44,959] {dagbag.py:487} INFO - Filling up the DagBag from /home/agalli/sandbox/lib/python3.6/site-packages/airflow/example_dags/example_kubernetes_executor_config.py
[2021-12-02 15:14:44,968] {logging_mixin.py:104} INFO - [2021-12-02 15:14:44,968] {example_kubernetes_executor_config.py:175} WARNING - Could not import DAGs in example_kubernetes_executor_config.py: No module named 'kubernetes'
[2021-12-02 15:14:44,968] {logging_mixin.py:104} INFO - [2021-12-02 15:14:44,968] {example_kubernetes_executor_config.py:176} WARNING - Install kubernetes dependencies with: pip install apache-airflow['cncf.kubernetes']
[2021-12-02 15:14:44,969] {scheduler_job.py:645} WARNING - No viable dags retrieved from /home/agalli/sandbox/lib/python3.6/site-packages/airflow/example_dags/example_kubernetes_executor_config.py
[2021-12-02 15:14:44,976] {scheduler_job.py:190} INFO - Processing /home/agalli/sandbox/lib/python3.6/site-packages/airflow/example_dags/example_kubernetes_executor_config.py took 0.024 seconds
[2021-12-02 15:15:23,267] {scheduler_job.py:182} INFO - Started process (PID=2820) to work on /home/agalli/sandbox/lib/python3.6/site-packages/airflow/example_dags/example_kubernetes_executor_config.py
[2021-12-02 15:15:23,271] {scheduler_job.py:633} INFO - Processing file /home/agalli/sandbox/lib/python3.6/site-packages/airflow/example_dags/example_kubernetes_executor_config.py for tasks to queue
[2021-12-02 15:15:23,273] {logging_mixin.py:104} INFO - [2021-12-02 15:15:23,273] {dagbag.py:487} INFO - Filling up the DagBag from /home/agalli/sandbox/lib/python3.6/site-packages/airflow/example_dags/example_kubernetes_executor_config.py
[2021-12-02 15:15:23,285] {logging_mixin.py:104} INFO - [2021-12-02 15:15:23,284] {example_kubernetes_executor_config.py:175} WARNING - Could not import DAGs in example_kubernetes_executor_config.py: No module named 'kubernetes'
[2021-12-02 15:15:23,285] {logging_mixin.py:104} INFO - [2021-12-02 15:15:23,285] {example_kubernetes_executor_config.py:176} WARNING - Install kubernetes dependencies with: pip install apache-airflow['cncf.kubernetes']
[2021-12-02 15:15:23,285] {scheduler_job.py:645} WARNING - No viable dags retrieved from /home/agalli/sandbox/lib/python3.6/site-packages/airflow/example_dags/example_kubernetes_executor_config.py
[2021-12-02 15:15:23,298] {scheduler_job.py:190} INFO - Processing /home/agalli/sandbox/lib/python3.6/site-packages/airflow/example_dags/example_kubernetes_executor_config.py took 0.037 seconds
[2021-12-02 15:16:03,844] {scheduler_job.py:182} INFO - Started process (PID=2854) to work on /home/agalli/sandbox/lib/python3.6/site-packages/airflow/example_dags/example_kubernetes_executor_config.py
[2021-12-02 15:16:03,845] {scheduler_job.py:633} INFO - Processing file /home/agalli/sandbox/lib/python3.6/site-packages/airflow/example_dags/example_kubernetes_executor_config.py for tasks to queue
[2021-12-02 15:16:03,846] {logging_mixin.py:104} INFO - [2021-12-02 15:16:03,846] {dagbag.py:487} INFO - Filling up the DagBag from /home/agalli/sandbox/lib/python3.6/site-packages/airflow/example_dags/example_kubernetes_executor_config.py
[2021-12-02 15:16:03,854] {logging_mixin.py:104} INFO - [2021-12-02 15:16:03,854] {example_kubernetes_executor_config.py:175} WARNING - Could not import DAGs in example_kubernetes_executor_config.py: No module named 'kubernetes'
[2021-12-02 15:16:03,854] {logging_mixin.py:104} INFO - [2021-12-02 15:16:03,854] {example_kubernetes_executor_config.py:176} WARNING - Install kubernetes dependencies with: pip install apache-airflow['cncf.kubernetes']
[2021-12-02 15:16:03,854] {scheduler_job.py:645} WARNING - No viable dags retrieved from /home/agalli/sandbox/lib/python3.6/site-packages/airflow/example_dags/example_kubernetes_executor_config.py
[2021-12-02 15:16:03,862] {scheduler_job.py:190} INFO - Processing /home/agalli/sandbox/lib/python3.6/site-packages/airflow/example_dags/example_kubernetes_executor_config.py took 0.022 seconds
[2021-12-02 15:16:40,507] {scheduler_job.py:182} INFO - Started process (PID=2886) to work on /home/agalli/sandbox/lib/python3.6/site-packages/airflow/example_dags/example_kubernetes_executor_config.py
[2021-12-02 15:16:40,509] {scheduler_job.py:633} INFO - Processing file /home/agalli/sandbox/lib/python3.6/site-packages/airflow/example_dags/example_kubernetes_executor_config.py for tasks to queue
[2021-12-02 15:16:40,510] {logging_mixin.py:104} INFO - [2021-12-02 15:16:40,510] {dagbag.py:487} INFO - Filling up the DagBag from /home/agalli/sandbox/lib/python3.6/site-packages/airflow/example_dags/example_kubernetes_executor_config.py
[2021-12-02 15:16:40,518] {logging_mixin.py:104} INFO - [2021-12-02 15:16:40,517] {example_kubernetes_executor_config.py:175} WARNING - Could not import DAGs in example_kubernetes_executor_config.py: No module named 'kubernetes'
[2021-12-02 15:16:40,518] {logging_mixin.py:104} INFO - [2021-12-02 15:16:40,518] {example_kubernetes_executor_config.py:176} WARNING - Install kubernetes dependencies with: pip install apache-airflow['cncf.kubernetes']
[2021-12-02 15:16:40,518] {scheduler_job.py:645} WARNING - No viable dags retrieved from /home/agalli/sandbox/lib/python3.6/site-packages/airflow/example_dags/example_kubernetes_executor_config.py
[2021-12-02 15:16:40,529] {scheduler_job.py:190} INFO - Processing /home/agalli/sandbox/lib/python3.6/site-packages/airflow/example_dags/example_kubernetes_executor_config.py took 0.025 seconds
[2021-12-02 15:17:13,483] {scheduler_job.py:182} INFO - Started process (PID=2917) to work on /home/agalli/sandbox/lib/python3.6/site-packages/airflow/example_dags/example_kubernetes_executor_config.py
[2021-12-02 15:17:13,485] {scheduler_job.py:633} INFO - Processing file /home/agalli/sandbox/lib/python3.6/site-packages/airflow/example_dags/example_kubernetes_executor_config.py for tasks to queue
[2021-12-02 15:17:13,487] {logging_mixin.py:104} INFO - [2021-12-02 15:17:13,486] {dagbag.py:487} INFO - Filling up the DagBag from /home/agalli/sandbox/lib/python3.6/site-packages/airflow/example_dags/example_kubernetes_executor_config.py
[2021-12-02 15:17:13,497] {logging_mixin.py:104} INFO - [2021-12-02 15:17:13,497] {example_kubernetes_executor_config.py:175} WARNING - Could not import DAGs in example_kubernetes_executor_config.py: No module named 'kubernetes'
[2021-12-02 15:17:13,497] {logging_mixin.py:104} INFO - [2021-12-02 15:17:13,497] {example_kubernetes_executor_config.py:176} WARNING - Install kubernetes dependencies with: pip install apache-airflow['cncf.kubernetes']
[2021-12-02 15:17:13,497] {scheduler_job.py:645} WARNING - No viable dags retrieved from /home/agalli/sandbox/lib/python3.6/site-packages/airflow/example_dags/example_kubernetes_executor_config.py
[2021-12-02 15:17:13,507] {scheduler_job.py:190} INFO - Processing /home/agalli/sandbox/lib/python3.6/site-packages/airflow/example_dags/example_kubernetes_executor_config.py took 0.028 seconds
[2021-12-02 15:17:46,161] {scheduler_job.py:182} INFO - Started process (PID=2947) to work on /home/agalli/sandbox/lib/python3.6/site-packages/airflow/example_dags/example_kubernetes_executor_config.py
[2021-12-02 15:17:46,162] {scheduler_job.py:633} INFO - Processing file /home/agalli/sandbox/lib/python3.6/site-packages/airflow/example_dags/example_kubernetes_executor_config.py for tasks to queue
[2021-12-02 15:17:46,163] {logging_mixin.py:104} INFO - [2021-12-02 15:17:46,163] {dagbag.py:487} INFO - Filling up the DagBag from /home/agalli/sandbox/lib/python3.6/site-packages/airflow/example_dags/example_kubernetes_executor_config.py
[2021-12-02 15:17:46,173] {logging_mixin.py:104} INFO - [2021-12-02 15:17:46,173] {example_kubernetes_executor_config.py:175} WARNING - Could not import DAGs in example_kubernetes_executor_config.py: No module named 'kubernetes'
[2021-12-02 15:17:46,173] {logging_mixin.py:104} INFO - [2021-12-02 15:17:46,173] {example_kubernetes_executor_config.py:176} WARNING - Install kubernetes dependencies with: pip install apache-airflow['cncf.kubernetes']
[2021-12-02 15:17:46,174] {scheduler_job.py:645} WARNING - No viable dags retrieved from /home/agalli/sandbox/lib/python3.6/site-packages/airflow/example_dags/example_kubernetes_executor_config.py
[2021-12-02 15:17:46,184] {scheduler_job.py:190} INFO - Processing /home/agalli/sandbox/lib/python3.6/site-packages/airflow/example_dags/example_kubernetes_executor_config.py took 0.027 seconds
[2021-12-02 15:18:21,574] {scheduler_job.py:182} INFO - Started process (PID=2980) to work on /home/agalli/sandbox/lib/python3.6/site-packages/airflow/example_dags/example_kubernetes_executor_config.py
[2021-12-02 15:18:21,576] {scheduler_job.py:633} INFO - Processing file /home/agalli/sandbox/lib/python3.6/site-packages/airflow/example_dags/example_kubernetes_executor_config.py for tasks to queue
[2021-12-02 15:18:21,577] {logging_mixin.py:104} INFO - [2021-12-02 15:18:21,577] {dagbag.py:487} INFO - Filling up the DagBag from /home/agalli/sandbox/lib/python3.6/site-packages/airflow/example_dags/example_kubernetes_executor_config.py
[2021-12-02 15:18:21,586] {logging_mixin.py:104} INFO - [2021-12-02 15:18:21,586] {example_kubernetes_executor_config.py:175} WARNING - Could not import DAGs in example_kubernetes_executor_config.py: No module named 'kubernetes'
[2021-12-02 15:18:21,586] {logging_mixin.py:104} INFO - [2021-12-02 15:18:21,586] {example_kubernetes_executor_config.py:176} WARNING - Install kubernetes dependencies with: pip install apache-airflow['cncf.kubernetes']
[2021-12-02 15:18:21,587] {scheduler_job.py:645} WARNING - No viable dags retrieved from /home/agalli/sandbox/lib/python3.6/site-packages/airflow/example_dags/example_kubernetes_executor_config.py
[2021-12-02 15:18:21,597] {scheduler_job.py:190} INFO - Processing /home/agalli/sandbox/lib/python3.6/site-packages/airflow/example_dags/example_kubernetes_executor_config.py took 0.027 seconds
[2021-12-02 15:18:55,675] {scheduler_job.py:182} INFO - Started process (PID=3010) to work on /home/agalli/sandbox/lib/python3.6/site-packages/airflow/example_dags/example_kubernetes_executor_config.py
[2021-12-02 15:18:55,676] {scheduler_job.py:633} INFO - Processing file /home/agalli/sandbox/lib/python3.6/site-packages/airflow/example_dags/example_kubernetes_executor_config.py for tasks to queue
[2021-12-02 15:18:55,677] {logging_mixin.py:104} INFO - [2021-12-02 15:18:55,677] {dagbag.py:487} INFO - Filling up the DagBag from /home/agalli/sandbox/lib/python3.6/site-packages/airflow/example_dags/example_kubernetes_executor_config.py
[2021-12-02 15:18:55,685] {logging_mixin.py:104} INFO - [2021-12-02 15:18:55,685] {example_kubernetes_executor_config.py:175} WARNING - Could not import DAGs in example_kubernetes_executor_config.py: No module named 'kubernetes'
[2021-12-02 15:18:55,685] {logging_mixin.py:104} INFO - [2021-12-02 15:18:55,685] {example_kubernetes_executor_config.py:176} WARNING - Install kubernetes dependencies with: pip install apache-airflow['cncf.kubernetes']
[2021-12-02 15:18:55,686] {scheduler_job.py:645} WARNING - No viable dags retrieved from /home/agalli/sandbox/lib/python3.6/site-packages/airflow/example_dags/example_kubernetes_executor_config.py
[2021-12-02 15:18:55,695] {scheduler_job.py:190} INFO - Processing /home/agalli/sandbox/lib/python3.6/site-packages/airflow/example_dags/example_kubernetes_executor_config.py took 0.023 seconds
[2021-12-02 15:19:31,529] {scheduler_job.py:182} INFO - Started process (PID=3042) to work on /home/agalli/sandbox/lib/python3.6/site-packages/airflow/example_dags/example_kubernetes_executor_config.py
[2021-12-02 15:19:31,530] {scheduler_job.py:633} INFO - Processing file /home/agalli/sandbox/lib/python3.6/site-packages/airflow/example_dags/example_kubernetes_executor_config.py for tasks to queue
[2021-12-02 15:19:31,531] {logging_mixin.py:104} INFO - [2021-12-02 15:19:31,531] {dagbag.py:487} INFO - Filling up the DagBag from /home/agalli/sandbox/lib/python3.6/site-packages/airflow/example_dags/example_kubernetes_executor_config.py
[2021-12-02 15:19:31,541] {logging_mixin.py:104} INFO - [2021-12-02 15:19:31,540] {example_kubernetes_executor_config.py:175} WARNING - Could not import DAGs in example_kubernetes_executor_config.py: No module named 'kubernetes'
[2021-12-02 15:19:31,541] {logging_mixin.py:104} INFO - [2021-12-02 15:19:31,541] {example_kubernetes_executor_config.py:176} WARNING - Install kubernetes dependencies with: pip install apache-airflow['cncf.kubernetes']
[2021-12-02 15:19:31,541] {scheduler_job.py:645} WARNING - No viable dags retrieved from /home/agalli/sandbox/lib/python3.6/site-packages/airflow/example_dags/example_kubernetes_executor_config.py
[2021-12-02 15:19:31,552] {scheduler_job.py:190} INFO - Processing /home/agalli/sandbox/lib/python3.6/site-packages/airflow/example_dags/example_kubernetes_executor_config.py took 0.028 seconds
[2021-12-02 15:20:13,053] {scheduler_job.py:182} INFO - Started process (PID=3074) to work on /home/agalli/sandbox/lib/python3.6/site-packages/airflow/example_dags/example_kubernetes_executor_config.py
[2021-12-02 15:20:13,056] {scheduler_job.py:633} INFO - Processing file /home/agalli/sandbox/lib/python3.6/site-packages/airflow/example_dags/example_kubernetes_executor_config.py for tasks to queue
[2021-12-02 15:20:13,057] {logging_mixin.py:104} INFO - [2021-12-02 15:20:13,057] {dagbag.py:487} INFO - Filling up the DagBag from /home/agalli/sandbox/lib/python3.6/site-packages/airflow/example_dags/example_kubernetes_executor_config.py
[2021-12-02 15:20:13,066] {logging_mixin.py:104} INFO - [2021-12-02 15:20:13,066] {example_kubernetes_executor_config.py:175} WARNING - Could not import DAGs in example_kubernetes_executor_config.py: No module named 'kubernetes'
[2021-12-02 15:20:13,066] {logging_mixin.py:104} INFO - [2021-12-02 15:20:13,066] {example_kubernetes_executor_config.py:176} WARNING - Install kubernetes dependencies with: pip install apache-airflow['cncf.kubernetes']
[2021-12-02 15:20:13,067] {scheduler_job.py:645} WARNING - No viable dags retrieved from /home/agalli/sandbox/lib/python3.6/site-packages/airflow/example_dags/example_kubernetes_executor_config.py
[2021-12-02 15:20:13,079] {scheduler_job.py:190} INFO - Processing /home/agalli/sandbox/lib/python3.6/site-packages/airflow/example_dags/example_kubernetes_executor_config.py took 0.032 seconds
