[2021-12-02 14:51:44,085] {scheduler_job.py:182} INFO - Started process (PID=1621) to work on /home/agalli/sandbox/lib/python3.6/site-packages/airflow/example_dags/example_branch_operator.py
[2021-12-02 14:51:44,097] {scheduler_job.py:633} INFO - Processing file /home/agalli/sandbox/lib/python3.6/site-packages/airflow/example_dags/example_branch_operator.py for tasks to queue
[2021-12-02 14:51:44,099] {logging_mixin.py:104} INFO - [2021-12-02 14:51:44,099] {dagbag.py:487} INFO - Filling up the DagBag from /home/agalli/sandbox/lib/python3.6/site-packages/airflow/example_dags/example_branch_operator.py
[2021-12-02 14:51:44,193] {scheduler_job.py:643} INFO - DAG(s) dict_keys(['example_branch_operator']) retrieved from /home/agalli/sandbox/lib/python3.6/site-packages/airflow/example_dags/example_branch_operator.py
[2021-12-02 14:51:44,248] {logging_mixin.py:104} INFO - [2021-12-02 14:51:44,248] {dag.py:1832} INFO - Sync 1 DAGs
[2021-12-02 14:51:44,287] {logging_mixin.py:104} INFO - [2021-12-02 14:51:44,286] {dag.py:2305} INFO - Setting next_dagrun for example_branch_operator to 2021-11-30 00:00:00+00:00
[2021-12-02 14:51:44,319] {scheduler_job.py:190} INFO - Processing /home/agalli/sandbox/lib/python3.6/site-packages/airflow/example_dags/example_branch_operator.py took 0.251 seconds
[2021-12-02 14:52:19,246] {scheduler_job.py:182} INFO - Started process (PID=1698) to work on /home/agalli/sandbox/lib/python3.6/site-packages/airflow/example_dags/example_branch_operator.py
[2021-12-02 14:52:19,247] {scheduler_job.py:633} INFO - Processing file /home/agalli/sandbox/lib/python3.6/site-packages/airflow/example_dags/example_branch_operator.py for tasks to queue
[2021-12-02 14:52:19,248] {logging_mixin.py:104} INFO - [2021-12-02 14:52:19,248] {dagbag.py:487} INFO - Filling up the DagBag from /home/agalli/sandbox/lib/python3.6/site-packages/airflow/example_dags/example_branch_operator.py
[2021-12-02 14:52:19,274] {scheduler_job.py:643} INFO - DAG(s) dict_keys(['example_branch_operator']) retrieved from /home/agalli/sandbox/lib/python3.6/site-packages/airflow/example_dags/example_branch_operator.py
[2021-12-02 14:52:19,301] {logging_mixin.py:104} INFO - [2021-12-02 14:52:19,301] {dag.py:1832} INFO - Sync 1 DAGs
[2021-12-02 14:52:19,329] {logging_mixin.py:104} INFO - [2021-12-02 14:52:19,329] {dag.py:2305} INFO - Setting next_dagrun for example_branch_operator to 2021-11-30 00:00:00+00:00
[2021-12-02 14:52:19,355] {scheduler_job.py:190} INFO - Processing /home/agalli/sandbox/lib/python3.6/site-packages/airflow/example_dags/example_branch_operator.py took 0.114 seconds
[2021-12-02 14:52:54,655] {scheduler_job.py:182} INFO - Started process (PID=1730) to work on /home/agalli/sandbox/lib/python3.6/site-packages/airflow/example_dags/example_branch_operator.py
[2021-12-02 14:52:54,657] {scheduler_job.py:633} INFO - Processing file /home/agalli/sandbox/lib/python3.6/site-packages/airflow/example_dags/example_branch_operator.py for tasks to queue
[2021-12-02 14:52:54,659] {logging_mixin.py:104} INFO - [2021-12-02 14:52:54,659] {dagbag.py:487} INFO - Filling up the DagBag from /home/agalli/sandbox/lib/python3.6/site-packages/airflow/example_dags/example_branch_operator.py
[2021-12-02 14:52:54,742] {scheduler_job.py:643} INFO - DAG(s) dict_keys(['example_branch_operator']) retrieved from /home/agalli/sandbox/lib/python3.6/site-packages/airflow/example_dags/example_branch_operator.py
[2021-12-02 14:52:54,800] {logging_mixin.py:104} INFO - [2021-12-02 14:52:54,800] {dag.py:1832} INFO - Sync 1 DAGs
[2021-12-02 14:52:54,838] {logging_mixin.py:104} INFO - [2021-12-02 14:52:54,838] {dag.py:2305} INFO - Setting next_dagrun for example_branch_operator to 2021-11-30 00:00:00+00:00
[2021-12-02 14:52:54,878] {scheduler_job.py:190} INFO - Processing /home/agalli/sandbox/lib/python3.6/site-packages/airflow/example_dags/example_branch_operator.py took 0.238 seconds
[2021-12-02 14:53:33,186] {scheduler_job.py:182} INFO - Started process (PID=1762) to work on /home/agalli/sandbox/lib/python3.6/site-packages/airflow/example_dags/example_branch_operator.py
[2021-12-02 14:53:33,187] {scheduler_job.py:633} INFO - Processing file /home/agalli/sandbox/lib/python3.6/site-packages/airflow/example_dags/example_branch_operator.py for tasks to queue
[2021-12-02 14:53:33,189] {logging_mixin.py:104} INFO - [2021-12-02 14:53:33,188] {dagbag.py:487} INFO - Filling up the DagBag from /home/agalli/sandbox/lib/python3.6/site-packages/airflow/example_dags/example_branch_operator.py
[2021-12-02 14:53:33,215] {scheduler_job.py:643} INFO - DAG(s) dict_keys(['example_branch_operator']) retrieved from /home/agalli/sandbox/lib/python3.6/site-packages/airflow/example_dags/example_branch_operator.py
[2021-12-02 14:53:33,239] {logging_mixin.py:104} INFO - [2021-12-02 14:53:33,239] {dag.py:1832} INFO - Sync 1 DAGs
[2021-12-02 14:53:33,263] {logging_mixin.py:104} INFO - [2021-12-02 14:53:33,263] {dag.py:2305} INFO - Setting next_dagrun for example_branch_operator to 2021-11-30 00:00:00+00:00
[2021-12-02 14:53:33,292] {scheduler_job.py:190} INFO - Processing /home/agalli/sandbox/lib/python3.6/site-packages/airflow/example_dags/example_branch_operator.py took 0.111 seconds
[2021-12-02 14:54:09,892] {scheduler_job.py:182} INFO - Started process (PID=1795) to work on /home/agalli/sandbox/lib/python3.6/site-packages/airflow/example_dags/example_branch_operator.py
[2021-12-02 14:54:09,893] {scheduler_job.py:633} INFO - Processing file /home/agalli/sandbox/lib/python3.6/site-packages/airflow/example_dags/example_branch_operator.py for tasks to queue
[2021-12-02 14:54:09,894] {logging_mixin.py:104} INFO - [2021-12-02 14:54:09,894] {dagbag.py:487} INFO - Filling up the DagBag from /home/agalli/sandbox/lib/python3.6/site-packages/airflow/example_dags/example_branch_operator.py
[2021-12-02 14:54:09,917] {scheduler_job.py:643} INFO - DAG(s) dict_keys(['example_branch_operator']) retrieved from /home/agalli/sandbox/lib/python3.6/site-packages/airflow/example_dags/example_branch_operator.py
[2021-12-02 14:54:09,943] {logging_mixin.py:104} INFO - [2021-12-02 14:54:09,942] {dag.py:1832} INFO - Sync 1 DAGs
[2021-12-02 14:54:09,965] {logging_mixin.py:104} INFO - [2021-12-02 14:54:09,964] {dag.py:2305} INFO - Setting next_dagrun for example_branch_operator to 2021-11-30 00:00:00+00:00
[2021-12-02 14:54:09,986] {scheduler_job.py:190} INFO - Processing /home/agalli/sandbox/lib/python3.6/site-packages/airflow/example_dags/example_branch_operator.py took 0.098 seconds
[2021-12-02 14:54:46,993] {scheduler_job.py:182} INFO - Started process (PID=1826) to work on /home/agalli/sandbox/lib/python3.6/site-packages/airflow/example_dags/example_branch_operator.py
[2021-12-02 14:54:46,996] {scheduler_job.py:633} INFO - Processing file /home/agalli/sandbox/lib/python3.6/site-packages/airflow/example_dags/example_branch_operator.py for tasks to queue
[2021-12-02 14:54:46,997] {logging_mixin.py:104} INFO - [2021-12-02 14:54:46,997] {dagbag.py:487} INFO - Filling up the DagBag from /home/agalli/sandbox/lib/python3.6/site-packages/airflow/example_dags/example_branch_operator.py
[2021-12-02 14:54:47,021] {scheduler_job.py:643} INFO - DAG(s) dict_keys(['example_branch_operator']) retrieved from /home/agalli/sandbox/lib/python3.6/site-packages/airflow/example_dags/example_branch_operator.py
[2021-12-02 14:54:47,051] {logging_mixin.py:104} INFO - [2021-12-02 14:54:47,050] {dag.py:1832} INFO - Sync 1 DAGs
[2021-12-02 14:54:47,096] {logging_mixin.py:104} INFO - [2021-12-02 14:54:47,096] {dag.py:2305} INFO - Setting next_dagrun for example_branch_operator to 2021-11-30 00:00:00+00:00
[2021-12-02 14:54:47,125] {scheduler_job.py:190} INFO - Processing /home/agalli/sandbox/lib/python3.6/site-packages/airflow/example_dags/example_branch_operator.py took 0.138 seconds
[2021-12-02 14:55:33,180] {scheduler_job.py:182} INFO - Started process (PID=1939) to work on /home/agalli/sandbox/lib/python3.6/site-packages/airflow/example_dags/example_branch_operator.py
[2021-12-02 14:55:33,182] {scheduler_job.py:633} INFO - Processing file /home/agalli/sandbox/lib/python3.6/site-packages/airflow/example_dags/example_branch_operator.py for tasks to queue
[2021-12-02 14:55:33,183] {logging_mixin.py:104} INFO - [2021-12-02 14:55:33,183] {dagbag.py:487} INFO - Filling up the DagBag from /home/agalli/sandbox/lib/python3.6/site-packages/airflow/example_dags/example_branch_operator.py
[2021-12-02 14:55:33,216] {scheduler_job.py:643} INFO - DAG(s) dict_keys(['example_branch_operator']) retrieved from /home/agalli/sandbox/lib/python3.6/site-packages/airflow/example_dags/example_branch_operator.py
[2021-12-02 14:55:33,262] {logging_mixin.py:104} INFO - [2021-12-02 14:55:33,262] {dag.py:1832} INFO - Sync 1 DAGs
[2021-12-02 14:55:33,321] {logging_mixin.py:104} INFO - [2021-12-02 14:55:33,321] {dag.py:2305} INFO - Setting next_dagrun for example_branch_operator to 2021-11-30 00:00:00+00:00
[2021-12-02 14:55:33,361] {scheduler_job.py:190} INFO - Processing /home/agalli/sandbox/lib/python3.6/site-packages/airflow/example_dags/example_branch_operator.py took 0.192 seconds
[2021-12-02 14:56:15,720] {scheduler_job.py:182} INFO - Started process (PID=1985) to work on /home/agalli/sandbox/lib/python3.6/site-packages/airflow/example_dags/example_branch_operator.py
[2021-12-02 14:56:15,722] {scheduler_job.py:633} INFO - Processing file /home/agalli/sandbox/lib/python3.6/site-packages/airflow/example_dags/example_branch_operator.py for tasks to queue
[2021-12-02 14:56:15,723] {logging_mixin.py:104} INFO - [2021-12-02 14:56:15,722] {dagbag.py:487} INFO - Filling up the DagBag from /home/agalli/sandbox/lib/python3.6/site-packages/airflow/example_dags/example_branch_operator.py
[2021-12-02 14:56:15,759] {scheduler_job.py:643} INFO - DAG(s) dict_keys(['example_branch_operator']) retrieved from /home/agalli/sandbox/lib/python3.6/site-packages/airflow/example_dags/example_branch_operator.py
[2021-12-02 14:56:15,793] {logging_mixin.py:104} INFO - [2021-12-02 14:56:15,793] {dag.py:1832} INFO - Sync 1 DAGs
[2021-12-02 14:56:15,823] {logging_mixin.py:104} INFO - [2021-12-02 14:56:15,823] {dag.py:2305} INFO - Setting next_dagrun for example_branch_operator to 2021-11-30 00:00:00+00:00
[2021-12-02 14:56:15,856] {scheduler_job.py:190} INFO - Processing /home/agalli/sandbox/lib/python3.6/site-packages/airflow/example_dags/example_branch_operator.py took 0.142 seconds
[2021-12-02 14:56:56,558] {scheduler_job.py:182} INFO - Started process (PID=2016) to work on /home/agalli/sandbox/lib/python3.6/site-packages/airflow/example_dags/example_branch_operator.py
[2021-12-02 14:56:56,566] {scheduler_job.py:633} INFO - Processing file /home/agalli/sandbox/lib/python3.6/site-packages/airflow/example_dags/example_branch_operator.py for tasks to queue
[2021-12-02 14:56:56,567] {logging_mixin.py:104} INFO - [2021-12-02 14:56:56,567] {dagbag.py:487} INFO - Filling up the DagBag from /home/agalli/sandbox/lib/python3.6/site-packages/airflow/example_dags/example_branch_operator.py
[2021-12-02 14:56:56,600] {scheduler_job.py:643} INFO - DAG(s) dict_keys(['example_branch_operator']) retrieved from /home/agalli/sandbox/lib/python3.6/site-packages/airflow/example_dags/example_branch_operator.py
[2021-12-02 14:56:56,623] {logging_mixin.py:104} INFO - [2021-12-02 14:56:56,623] {dag.py:1832} INFO - Sync 1 DAGs
[2021-12-02 14:56:56,656] {logging_mixin.py:104} INFO - [2021-12-02 14:56:56,656] {dag.py:2305} INFO - Setting next_dagrun for example_branch_operator to 2021-11-30 00:00:00+00:00
[2021-12-02 14:56:56,706] {scheduler_job.py:190} INFO - Processing /home/agalli/sandbox/lib/python3.6/site-packages/airflow/example_dags/example_branch_operator.py took 0.153 seconds
[2021-12-02 14:57:36,424] {scheduler_job.py:182} INFO - Started process (PID=2047) to work on /home/agalli/sandbox/lib/python3.6/site-packages/airflow/example_dags/example_branch_operator.py
[2021-12-02 14:57:36,427] {scheduler_job.py:633} INFO - Processing file /home/agalli/sandbox/lib/python3.6/site-packages/airflow/example_dags/example_branch_operator.py for tasks to queue
[2021-12-02 14:57:36,428] {logging_mixin.py:104} INFO - [2021-12-02 14:57:36,428] {dagbag.py:487} INFO - Filling up the DagBag from /home/agalli/sandbox/lib/python3.6/site-packages/airflow/example_dags/example_branch_operator.py
[2021-12-02 14:57:36,468] {scheduler_job.py:643} INFO - DAG(s) dict_keys(['example_branch_operator']) retrieved from /home/agalli/sandbox/lib/python3.6/site-packages/airflow/example_dags/example_branch_operator.py
[2021-12-02 14:57:36,517] {logging_mixin.py:104} INFO - [2021-12-02 14:57:36,516] {dag.py:1832} INFO - Sync 1 DAGs
[2021-12-02 14:57:36,565] {logging_mixin.py:104} INFO - [2021-12-02 14:57:36,565] {dag.py:2305} INFO - Setting next_dagrun for example_branch_operator to 2021-11-30 00:00:00+00:00
[2021-12-02 14:57:36,606] {scheduler_job.py:190} INFO - Processing /home/agalli/sandbox/lib/python3.6/site-packages/airflow/example_dags/example_branch_operator.py took 0.200 seconds
[2021-12-02 14:58:22,350] {scheduler_job.py:182} INFO - Started process (PID=2079) to work on /home/agalli/sandbox/lib/python3.6/site-packages/airflow/example_dags/example_branch_operator.py
[2021-12-02 14:58:22,353] {scheduler_job.py:633} INFO - Processing file /home/agalli/sandbox/lib/python3.6/site-packages/airflow/example_dags/example_branch_operator.py for tasks to queue
[2021-12-02 14:58:22,354] {logging_mixin.py:104} INFO - [2021-12-02 14:58:22,354] {dagbag.py:487} INFO - Filling up the DagBag from /home/agalli/sandbox/lib/python3.6/site-packages/airflow/example_dags/example_branch_operator.py
[2021-12-02 14:58:22,383] {scheduler_job.py:643} INFO - DAG(s) dict_keys(['example_branch_operator']) retrieved from /home/agalli/sandbox/lib/python3.6/site-packages/airflow/example_dags/example_branch_operator.py
[2021-12-02 14:58:22,439] {logging_mixin.py:104} INFO - [2021-12-02 14:58:22,439] {dag.py:1832} INFO - Sync 1 DAGs
[2021-12-02 14:58:22,544] {logging_mixin.py:104} INFO - [2021-12-02 14:58:22,544] {dag.py:2305} INFO - Setting next_dagrun for example_branch_operator to 2021-11-30 00:00:00+00:00
[2021-12-02 14:58:22,600] {scheduler_job.py:190} INFO - Processing /home/agalli/sandbox/lib/python3.6/site-packages/airflow/example_dags/example_branch_operator.py took 0.256 seconds
[2021-12-02 14:59:44,167] {scheduler_job.py:182} INFO - Started process (PID=2121) to work on /home/agalli/sandbox/lib/python3.6/site-packages/airflow/example_dags/example_branch_operator.py
[2021-12-02 14:59:44,169] {scheduler_job.py:633} INFO - Processing file /home/agalli/sandbox/lib/python3.6/site-packages/airflow/example_dags/example_branch_operator.py for tasks to queue
[2021-12-02 14:59:44,170] {logging_mixin.py:104} INFO - [2021-12-02 14:59:44,170] {dagbag.py:487} INFO - Filling up the DagBag from /home/agalli/sandbox/lib/python3.6/site-packages/airflow/example_dags/example_branch_operator.py
[2021-12-02 14:59:44,209] {scheduler_job.py:643} INFO - DAG(s) dict_keys(['example_branch_operator']) retrieved from /home/agalli/sandbox/lib/python3.6/site-packages/airflow/example_dags/example_branch_operator.py
[2021-12-02 14:59:44,265] {logging_mixin.py:104} INFO - [2021-12-02 14:59:44,264] {dag.py:1832} INFO - Sync 1 DAGs
[2021-12-02 14:59:44,303] {logging_mixin.py:104} INFO - [2021-12-02 14:59:44,302] {dag.py:2305} INFO - Setting next_dagrun for example_branch_operator to 2021-11-30 00:00:00+00:00
[2021-12-02 14:59:44,347] {scheduler_job.py:190} INFO - Processing /home/agalli/sandbox/lib/python3.6/site-packages/airflow/example_dags/example_branch_operator.py took 0.186 seconds
[2021-12-02 15:00:28,110] {scheduler_job.py:182} INFO - Started process (PID=2154) to work on /home/agalli/sandbox/lib/python3.6/site-packages/airflow/example_dags/example_branch_operator.py
[2021-12-02 15:00:28,111] {scheduler_job.py:633} INFO - Processing file /home/agalli/sandbox/lib/python3.6/site-packages/airflow/example_dags/example_branch_operator.py for tasks to queue
[2021-12-02 15:00:28,112] {logging_mixin.py:104} INFO - [2021-12-02 15:00:28,112] {dagbag.py:487} INFO - Filling up the DagBag from /home/agalli/sandbox/lib/python3.6/site-packages/airflow/example_dags/example_branch_operator.py
[2021-12-02 15:00:28,140] {scheduler_job.py:643} INFO - DAG(s) dict_keys(['example_branch_operator']) retrieved from /home/agalli/sandbox/lib/python3.6/site-packages/airflow/example_dags/example_branch_operator.py
[2021-12-02 15:00:28,170] {logging_mixin.py:104} INFO - [2021-12-02 15:00:28,170] {dag.py:1832} INFO - Sync 1 DAGs
[2021-12-02 15:00:28,202] {logging_mixin.py:104} INFO - [2021-12-02 15:00:28,202] {dag.py:2305} INFO - Setting next_dagrun for example_branch_operator to 2021-11-30 00:00:00+00:00
[2021-12-02 15:00:28,256] {scheduler_job.py:190} INFO - Processing /home/agalli/sandbox/lib/python3.6/site-packages/airflow/example_dags/example_branch_operator.py took 0.151 seconds
[2021-12-02 15:01:13,704] {scheduler_job.py:182} INFO - Started process (PID=2188) to work on /home/agalli/sandbox/lib/python3.6/site-packages/airflow/example_dags/example_branch_operator.py
[2021-12-02 15:01:13,706] {scheduler_job.py:633} INFO - Processing file /home/agalli/sandbox/lib/python3.6/site-packages/airflow/example_dags/example_branch_operator.py for tasks to queue
[2021-12-02 15:01:13,708] {logging_mixin.py:104} INFO - [2021-12-02 15:01:13,707] {dagbag.py:487} INFO - Filling up the DagBag from /home/agalli/sandbox/lib/python3.6/site-packages/airflow/example_dags/example_branch_operator.py
[2021-12-02 15:01:13,740] {scheduler_job.py:643} INFO - DAG(s) dict_keys(['example_branch_operator']) retrieved from /home/agalli/sandbox/lib/python3.6/site-packages/airflow/example_dags/example_branch_operator.py
[2021-12-02 15:01:13,780] {logging_mixin.py:104} INFO - [2021-12-02 15:01:13,780] {dag.py:1832} INFO - Sync 1 DAGs
[2021-12-02 15:01:13,839] {logging_mixin.py:104} INFO - [2021-12-02 15:01:13,839] {dag.py:2305} INFO - Setting next_dagrun for example_branch_operator to 2021-11-30 00:00:00+00:00
[2021-12-02 15:01:13,876] {scheduler_job.py:190} INFO - Processing /home/agalli/sandbox/lib/python3.6/site-packages/airflow/example_dags/example_branch_operator.py took 0.182 seconds
[2021-12-02 15:04:35,170] {scheduler_job.py:182} INFO - Started process (PID=2315) to work on /home/agalli/sandbox/lib/python3.6/site-packages/airflow/example_dags/example_branch_operator.py
[2021-12-02 15:04:35,173] {scheduler_job.py:633} INFO - Processing file /home/agalli/sandbox/lib/python3.6/site-packages/airflow/example_dags/example_branch_operator.py for tasks to queue
[2021-12-02 15:04:35,174] {logging_mixin.py:104} INFO - [2021-12-02 15:04:35,174] {dagbag.py:487} INFO - Filling up the DagBag from /home/agalli/sandbox/lib/python3.6/site-packages/airflow/example_dags/example_branch_operator.py
[2021-12-02 15:04:35,200] {scheduler_job.py:643} INFO - DAG(s) dict_keys(['example_branch_operator']) retrieved from /home/agalli/sandbox/lib/python3.6/site-packages/airflow/example_dags/example_branch_operator.py
[2021-12-02 15:04:35,232] {logging_mixin.py:104} INFO - [2021-12-02 15:04:35,231] {dag.py:1832} INFO - Sync 1 DAGs
[2021-12-02 15:04:35,267] {logging_mixin.py:104} INFO - [2021-12-02 15:04:35,267] {dag.py:2305} INFO - Setting next_dagrun for example_branch_operator to 2021-11-30 00:00:00+00:00
[2021-12-02 15:04:35,573] {scheduler_job.py:190} INFO - Processing /home/agalli/sandbox/lib/python3.6/site-packages/airflow/example_dags/example_branch_operator.py took 0.417 seconds
[2021-12-02 15:05:26,428] {scheduler_job.py:182} INFO - Started process (PID=2349) to work on /home/agalli/sandbox/lib/python3.6/site-packages/airflow/example_dags/example_branch_operator.py
[2021-12-02 15:05:26,430] {scheduler_job.py:633} INFO - Processing file /home/agalli/sandbox/lib/python3.6/site-packages/airflow/example_dags/example_branch_operator.py for tasks to queue
[2021-12-02 15:05:26,431] {logging_mixin.py:104} INFO - [2021-12-02 15:05:26,431] {dagbag.py:487} INFO - Filling up the DagBag from /home/agalli/sandbox/lib/python3.6/site-packages/airflow/example_dags/example_branch_operator.py
[2021-12-02 15:05:26,457] {scheduler_job.py:643} INFO - DAG(s) dict_keys(['example_branch_operator']) retrieved from /home/agalli/sandbox/lib/python3.6/site-packages/airflow/example_dags/example_branch_operator.py
[2021-12-02 15:05:26,530] {logging_mixin.py:104} INFO - [2021-12-02 15:05:26,530] {dag.py:1832} INFO - Sync 1 DAGs
[2021-12-02 15:05:26,662] {logging_mixin.py:104} INFO - [2021-12-02 15:05:26,662] {dag.py:2305} INFO - Setting next_dagrun for example_branch_operator to 2021-11-30 00:00:00+00:00
[2021-12-02 15:05:26,935] {scheduler_job.py:190} INFO - Processing /home/agalli/sandbox/lib/python3.6/site-packages/airflow/example_dags/example_branch_operator.py took 0.512 seconds
[2021-12-02 15:06:16,392] {scheduler_job.py:182} INFO - Started process (PID=2382) to work on /home/agalli/sandbox/lib/python3.6/site-packages/airflow/example_dags/example_branch_operator.py
[2021-12-02 15:06:16,406] {scheduler_job.py:633} INFO - Processing file /home/agalli/sandbox/lib/python3.6/site-packages/airflow/example_dags/example_branch_operator.py for tasks to queue
[2021-12-02 15:06:16,409] {logging_mixin.py:104} INFO - [2021-12-02 15:06:16,408] {dagbag.py:487} INFO - Filling up the DagBag from /home/agalli/sandbox/lib/python3.6/site-packages/airflow/example_dags/example_branch_operator.py
[2021-12-02 15:06:16,522] {scheduler_job.py:643} INFO - DAG(s) dict_keys(['example_branch_operator']) retrieved from /home/agalli/sandbox/lib/python3.6/site-packages/airflow/example_dags/example_branch_operator.py
[2021-12-02 15:06:16,584] {logging_mixin.py:104} INFO - [2021-12-02 15:06:16,584] {dag.py:1832} INFO - Sync 1 DAGs
[2021-12-02 15:06:16,602] {logging_mixin.py:104} INFO - [2021-12-02 15:06:16,601] {dag.py:2305} INFO - Setting next_dagrun for example_branch_operator to 2021-11-30 00:00:00+00:00
[2021-12-02 15:06:16,627] {scheduler_job.py:190} INFO - Processing /home/agalli/sandbox/lib/python3.6/site-packages/airflow/example_dags/example_branch_operator.py took 0.252 seconds
[2021-12-02 15:07:00,455] {scheduler_job.py:182} INFO - Started process (PID=2413) to work on /home/agalli/sandbox/lib/python3.6/site-packages/airflow/example_dags/example_branch_operator.py
[2021-12-02 15:07:00,459] {scheduler_job.py:633} INFO - Processing file /home/agalli/sandbox/lib/python3.6/site-packages/airflow/example_dags/example_branch_operator.py for tasks to queue
[2021-12-02 15:07:00,472] {logging_mixin.py:104} INFO - [2021-12-02 15:07:00,462] {dagbag.py:487} INFO - Filling up the DagBag from /home/agalli/sandbox/lib/python3.6/site-packages/airflow/example_dags/example_branch_operator.py
[2021-12-02 15:07:00,554] {scheduler_job.py:643} INFO - DAG(s) dict_keys(['example_branch_operator']) retrieved from /home/agalli/sandbox/lib/python3.6/site-packages/airflow/example_dags/example_branch_operator.py
[2021-12-02 15:07:00,701] {logging_mixin.py:104} INFO - [2021-12-02 15:07:00,700] {dag.py:1832} INFO - Sync 1 DAGs
[2021-12-02 15:07:00,863] {logging_mixin.py:104} INFO - [2021-12-02 15:07:00,861] {dag.py:2305} INFO - Setting next_dagrun for example_branch_operator to 2021-11-30 00:00:00+00:00
[2021-12-02 15:07:01,330] {scheduler_job.py:190} INFO - Processing /home/agalli/sandbox/lib/python3.6/site-packages/airflow/example_dags/example_branch_operator.py took 0.890 seconds
[2021-12-02 15:07:45,139] {scheduler_job.py:182} INFO - Started process (PID=2445) to work on /home/agalli/sandbox/lib/python3.6/site-packages/airflow/example_dags/example_branch_operator.py
[2021-12-02 15:07:45,140] {scheduler_job.py:633} INFO - Processing file /home/agalli/sandbox/lib/python3.6/site-packages/airflow/example_dags/example_branch_operator.py for tasks to queue
[2021-12-02 15:07:45,141] {logging_mixin.py:104} INFO - [2021-12-02 15:07:45,141] {dagbag.py:487} INFO - Filling up the DagBag from /home/agalli/sandbox/lib/python3.6/site-packages/airflow/example_dags/example_branch_operator.py
[2021-12-02 15:07:45,167] {scheduler_job.py:643} INFO - DAG(s) dict_keys(['example_branch_operator']) retrieved from /home/agalli/sandbox/lib/python3.6/site-packages/airflow/example_dags/example_branch_operator.py
[2021-12-02 15:07:45,211] {logging_mixin.py:104} INFO - [2021-12-02 15:07:45,210] {dag.py:1832} INFO - Sync 1 DAGs
[2021-12-02 15:07:45,254] {logging_mixin.py:104} INFO - [2021-12-02 15:07:45,254] {dag.py:2305} INFO - Setting next_dagrun for example_branch_operator to 2021-11-30 00:00:00+00:00
[2021-12-02 15:07:45,276] {scheduler_job.py:190} INFO - Processing /home/agalli/sandbox/lib/python3.6/site-packages/airflow/example_dags/example_branch_operator.py took 0.141 seconds
[2021-12-02 15:08:41,142] {scheduler_job.py:182} INFO - Started process (PID=2479) to work on /home/agalli/sandbox/lib/python3.6/site-packages/airflow/example_dags/example_branch_operator.py
[2021-12-02 15:08:41,156] {scheduler_job.py:633} INFO - Processing file /home/agalli/sandbox/lib/python3.6/site-packages/airflow/example_dags/example_branch_operator.py for tasks to queue
[2021-12-02 15:08:41,159] {logging_mixin.py:104} INFO - [2021-12-02 15:08:41,158] {dagbag.py:487} INFO - Filling up the DagBag from /home/agalli/sandbox/lib/python3.6/site-packages/airflow/example_dags/example_branch_operator.py
[2021-12-02 15:08:41,246] {scheduler_job.py:643} INFO - DAG(s) dict_keys(['example_branch_operator']) retrieved from /home/agalli/sandbox/lib/python3.6/site-packages/airflow/example_dags/example_branch_operator.py
[2021-12-02 15:08:41,425] {logging_mixin.py:104} INFO - [2021-12-02 15:08:41,425] {dag.py:1832} INFO - Sync 1 DAGs
[2021-12-02 15:08:41,533] {logging_mixin.py:104} INFO - [2021-12-02 15:08:41,533] {dag.py:2305} INFO - Setting next_dagrun for example_branch_operator to 2021-11-30 00:00:00+00:00
[2021-12-02 15:08:41,574] {scheduler_job.py:190} INFO - Processing /home/agalli/sandbox/lib/python3.6/site-packages/airflow/example_dags/example_branch_operator.py took 0.462 seconds
[2021-12-02 15:09:27,322] {scheduler_job.py:182} INFO - Started process (PID=2511) to work on /home/agalli/sandbox/lib/python3.6/site-packages/airflow/example_dags/example_branch_operator.py
[2021-12-02 15:09:27,324] {scheduler_job.py:633} INFO - Processing file /home/agalli/sandbox/lib/python3.6/site-packages/airflow/example_dags/example_branch_operator.py for tasks to queue
[2021-12-02 15:09:27,325] {logging_mixin.py:104} INFO - [2021-12-02 15:09:27,325] {dagbag.py:487} INFO - Filling up the DagBag from /home/agalli/sandbox/lib/python3.6/site-packages/airflow/example_dags/example_branch_operator.py
[2021-12-02 15:09:27,350] {scheduler_job.py:643} INFO - DAG(s) dict_keys(['example_branch_operator']) retrieved from /home/agalli/sandbox/lib/python3.6/site-packages/airflow/example_dags/example_branch_operator.py
[2021-12-02 15:09:27,407] {logging_mixin.py:104} INFO - [2021-12-02 15:09:27,406] {dag.py:1832} INFO - Sync 1 DAGs
[2021-12-02 15:09:27,437] {logging_mixin.py:104} INFO - [2021-12-02 15:09:27,436] {dag.py:2305} INFO - Setting next_dagrun for example_branch_operator to 2021-11-30 00:00:00+00:00
[2021-12-02 15:09:27,474] {scheduler_job.py:190} INFO - Processing /home/agalli/sandbox/lib/python3.6/site-packages/airflow/example_dags/example_branch_operator.py took 0.156 seconds
[2021-12-02 15:10:05,405] {scheduler_job.py:182} INFO - Started process (PID=2542) to work on /home/agalli/sandbox/lib/python3.6/site-packages/airflow/example_dags/example_branch_operator.py
[2021-12-02 15:10:05,407] {scheduler_job.py:633} INFO - Processing file /home/agalli/sandbox/lib/python3.6/site-packages/airflow/example_dags/example_branch_operator.py for tasks to queue
[2021-12-02 15:10:05,408] {logging_mixin.py:104} INFO - [2021-12-02 15:10:05,407] {dagbag.py:487} INFO - Filling up the DagBag from /home/agalli/sandbox/lib/python3.6/site-packages/airflow/example_dags/example_branch_operator.py
[2021-12-02 15:10:05,430] {scheduler_job.py:643} INFO - DAG(s) dict_keys(['example_branch_operator']) retrieved from /home/agalli/sandbox/lib/python3.6/site-packages/airflow/example_dags/example_branch_operator.py
[2021-12-02 15:10:05,455] {logging_mixin.py:104} INFO - [2021-12-02 15:10:05,454] {dag.py:1832} INFO - Sync 1 DAGs
[2021-12-02 15:10:05,472] {logging_mixin.py:104} INFO - [2021-12-02 15:10:05,472] {dag.py:2305} INFO - Setting next_dagrun for example_branch_operator to 2021-11-30 00:00:00+00:00
[2021-12-02 15:10:05,500] {scheduler_job.py:190} INFO - Processing /home/agalli/sandbox/lib/python3.6/site-packages/airflow/example_dags/example_branch_operator.py took 0.099 seconds
[2021-12-02 15:10:45,347] {scheduler_job.py:182} INFO - Started process (PID=2576) to work on /home/agalli/sandbox/lib/python3.6/site-packages/airflow/example_dags/example_branch_operator.py
[2021-12-02 15:10:45,349] {scheduler_job.py:633} INFO - Processing file /home/agalli/sandbox/lib/python3.6/site-packages/airflow/example_dags/example_branch_operator.py for tasks to queue
[2021-12-02 15:10:45,350] {logging_mixin.py:104} INFO - [2021-12-02 15:10:45,349] {dagbag.py:487} INFO - Filling up the DagBag from /home/agalli/sandbox/lib/python3.6/site-packages/airflow/example_dags/example_branch_operator.py
[2021-12-02 15:10:45,369] {scheduler_job.py:643} INFO - DAG(s) dict_keys(['example_branch_operator']) retrieved from /home/agalli/sandbox/lib/python3.6/site-packages/airflow/example_dags/example_branch_operator.py
[2021-12-02 15:10:45,397] {logging_mixin.py:104} INFO - [2021-12-02 15:10:45,397] {dag.py:1832} INFO - Sync 1 DAGs
[2021-12-02 15:10:45,425] {logging_mixin.py:104} INFO - [2021-12-02 15:10:45,425] {dag.py:2305} INFO - Setting next_dagrun for example_branch_operator to 2021-11-30 00:00:00+00:00
[2021-12-02 15:10:45,472] {scheduler_job.py:190} INFO - Processing /home/agalli/sandbox/lib/python3.6/site-packages/airflow/example_dags/example_branch_operator.py took 0.129 seconds
[2021-12-02 15:11:21,490] {scheduler_job.py:182} INFO - Started process (PID=2608) to work on /home/agalli/sandbox/lib/python3.6/site-packages/airflow/example_dags/example_branch_operator.py
[2021-12-02 15:11:21,492] {scheduler_job.py:633} INFO - Processing file /home/agalli/sandbox/lib/python3.6/site-packages/airflow/example_dags/example_branch_operator.py for tasks to queue
[2021-12-02 15:11:21,493] {logging_mixin.py:104} INFO - [2021-12-02 15:11:21,492] {dagbag.py:487} INFO - Filling up the DagBag from /home/agalli/sandbox/lib/python3.6/site-packages/airflow/example_dags/example_branch_operator.py
[2021-12-02 15:11:21,507] {scheduler_job.py:643} INFO - DAG(s) dict_keys(['example_branch_operator']) retrieved from /home/agalli/sandbox/lib/python3.6/site-packages/airflow/example_dags/example_branch_operator.py
[2021-12-02 15:11:21,528] {logging_mixin.py:104} INFO - [2021-12-02 15:11:21,528] {dag.py:1832} INFO - Sync 1 DAGs
[2021-12-02 15:11:21,543] {logging_mixin.py:104} INFO - [2021-12-02 15:11:21,543] {dag.py:2305} INFO - Setting next_dagrun for example_branch_operator to 2021-11-30 00:00:00+00:00
[2021-12-02 15:11:21,564] {scheduler_job.py:190} INFO - Processing /home/agalli/sandbox/lib/python3.6/site-packages/airflow/example_dags/example_branch_operator.py took 0.078 seconds
[2021-12-02 15:11:57,983] {scheduler_job.py:182} INFO - Started process (PID=2641) to work on /home/agalli/sandbox/lib/python3.6/site-packages/airflow/example_dags/example_branch_operator.py
[2021-12-02 15:11:57,985] {scheduler_job.py:633} INFO - Processing file /home/agalli/sandbox/lib/python3.6/site-packages/airflow/example_dags/example_branch_operator.py for tasks to queue
[2021-12-02 15:11:57,985] {logging_mixin.py:104} INFO - [2021-12-02 15:11:57,985] {dagbag.py:487} INFO - Filling up the DagBag from /home/agalli/sandbox/lib/python3.6/site-packages/airflow/example_dags/example_branch_operator.py
[2021-12-02 15:11:57,999] {scheduler_job.py:643} INFO - DAG(s) dict_keys(['example_branch_operator']) retrieved from /home/agalli/sandbox/lib/python3.6/site-packages/airflow/example_dags/example_branch_operator.py
[2021-12-02 15:11:58,020] {logging_mixin.py:104} INFO - [2021-12-02 15:11:58,020] {dag.py:1832} INFO - Sync 1 DAGs
[2021-12-02 15:11:58,035] {logging_mixin.py:104} INFO - [2021-12-02 15:11:58,035] {dag.py:2305} INFO - Setting next_dagrun for example_branch_operator to 2021-11-30 00:00:00+00:00
[2021-12-02 15:11:58,056] {scheduler_job.py:190} INFO - Processing /home/agalli/sandbox/lib/python3.6/site-packages/airflow/example_dags/example_branch_operator.py took 0.077 seconds
[2021-12-02 15:12:34,064] {scheduler_job.py:182} INFO - Started process (PID=2672) to work on /home/agalli/sandbox/lib/python3.6/site-packages/airflow/example_dags/example_branch_operator.py
[2021-12-02 15:12:34,065] {scheduler_job.py:633} INFO - Processing file /home/agalli/sandbox/lib/python3.6/site-packages/airflow/example_dags/example_branch_operator.py for tasks to queue
[2021-12-02 15:12:34,066] {logging_mixin.py:104} INFO - [2021-12-02 15:12:34,066] {dagbag.py:487} INFO - Filling up the DagBag from /home/agalli/sandbox/lib/python3.6/site-packages/airflow/example_dags/example_branch_operator.py
[2021-12-02 15:12:34,080] {scheduler_job.py:643} INFO - DAG(s) dict_keys(['example_branch_operator']) retrieved from /home/agalli/sandbox/lib/python3.6/site-packages/airflow/example_dags/example_branch_operator.py
[2021-12-02 15:12:34,101] {logging_mixin.py:104} INFO - [2021-12-02 15:12:34,101] {dag.py:1832} INFO - Sync 1 DAGs
[2021-12-02 15:12:34,123] {logging_mixin.py:104} INFO - [2021-12-02 15:12:34,123] {dag.py:2305} INFO - Setting next_dagrun for example_branch_operator to 2021-11-30 00:00:00+00:00
[2021-12-02 15:12:34,149] {scheduler_job.py:190} INFO - Processing /home/agalli/sandbox/lib/python3.6/site-packages/airflow/example_dags/example_branch_operator.py took 0.089 seconds
[2021-12-02 15:13:09,531] {scheduler_job.py:182} INFO - Started process (PID=2703) to work on /home/agalli/sandbox/lib/python3.6/site-packages/airflow/example_dags/example_branch_operator.py
[2021-12-02 15:13:09,540] {scheduler_job.py:633} INFO - Processing file /home/agalli/sandbox/lib/python3.6/site-packages/airflow/example_dags/example_branch_operator.py for tasks to queue
[2021-12-02 15:13:09,547] {logging_mixin.py:104} INFO - [2021-12-02 15:13:09,546] {dagbag.py:487} INFO - Filling up the DagBag from /home/agalli/sandbox/lib/python3.6/site-packages/airflow/example_dags/example_branch_operator.py
[2021-12-02 15:13:09,594] {scheduler_job.py:643} INFO - DAG(s) dict_keys(['example_branch_operator']) retrieved from /home/agalli/sandbox/lib/python3.6/site-packages/airflow/example_dags/example_branch_operator.py
[2021-12-02 15:13:09,633] {logging_mixin.py:104} INFO - [2021-12-02 15:13:09,633] {dag.py:1832} INFO - Sync 1 DAGs
[2021-12-02 15:13:09,653] {logging_mixin.py:104} INFO - [2021-12-02 15:13:09,653] {dag.py:2305} INFO - Setting next_dagrun for example_branch_operator to 2021-11-30 00:00:00+00:00
[2021-12-02 15:13:09,674] {scheduler_job.py:190} INFO - Processing /home/agalli/sandbox/lib/python3.6/site-packages/airflow/example_dags/example_branch_operator.py took 0.147 seconds
[2021-12-02 15:13:44,431] {scheduler_job.py:182} INFO - Started process (PID=2735) to work on /home/agalli/sandbox/lib/python3.6/site-packages/airflow/example_dags/example_branch_operator.py
[2021-12-02 15:13:44,433] {scheduler_job.py:633} INFO - Processing file /home/agalli/sandbox/lib/python3.6/site-packages/airflow/example_dags/example_branch_operator.py for tasks to queue
[2021-12-02 15:13:44,434] {logging_mixin.py:104} INFO - [2021-12-02 15:13:44,434] {dagbag.py:487} INFO - Filling up the DagBag from /home/agalli/sandbox/lib/python3.6/site-packages/airflow/example_dags/example_branch_operator.py
[2021-12-02 15:13:44,449] {scheduler_job.py:643} INFO - DAG(s) dict_keys(['example_branch_operator']) retrieved from /home/agalli/sandbox/lib/python3.6/site-packages/airflow/example_dags/example_branch_operator.py
[2021-12-02 15:13:44,472] {logging_mixin.py:104} INFO - [2021-12-02 15:13:44,472] {dag.py:1832} INFO - Sync 1 DAGs
[2021-12-02 15:13:44,493] {logging_mixin.py:104} INFO - [2021-12-02 15:13:44,492] {dag.py:2305} INFO - Setting next_dagrun for example_branch_operator to 2021-11-30 00:00:00+00:00
[2021-12-02 15:13:44,513] {scheduler_job.py:190} INFO - Processing /home/agalli/sandbox/lib/python3.6/site-packages/airflow/example_dags/example_branch_operator.py took 0.086 seconds
[2021-12-02 15:14:21,484] {scheduler_job.py:182} INFO - Started process (PID=2769) to work on /home/agalli/sandbox/lib/python3.6/site-packages/airflow/example_dags/example_branch_operator.py
[2021-12-02 15:14:21,485] {scheduler_job.py:633} INFO - Processing file /home/agalli/sandbox/lib/python3.6/site-packages/airflow/example_dags/example_branch_operator.py for tasks to queue
[2021-12-02 15:14:21,486] {logging_mixin.py:104} INFO - [2021-12-02 15:14:21,486] {dagbag.py:487} INFO - Filling up the DagBag from /home/agalli/sandbox/lib/python3.6/site-packages/airflow/example_dags/example_branch_operator.py
[2021-12-02 15:14:21,499] {scheduler_job.py:643} INFO - DAG(s) dict_keys(['example_branch_operator']) retrieved from /home/agalli/sandbox/lib/python3.6/site-packages/airflow/example_dags/example_branch_operator.py
[2021-12-02 15:14:21,517] {logging_mixin.py:104} INFO - [2021-12-02 15:14:21,517] {dag.py:1832} INFO - Sync 1 DAGs
[2021-12-02 15:14:21,532] {logging_mixin.py:104} INFO - [2021-12-02 15:14:21,532] {dag.py:2305} INFO - Setting next_dagrun for example_branch_operator to 2021-11-30 00:00:00+00:00
[2021-12-02 15:14:21,547] {scheduler_job.py:190} INFO - Processing /home/agalli/sandbox/lib/python3.6/site-packages/airflow/example_dags/example_branch_operator.py took 0.067 seconds
[2021-12-02 15:14:59,365] {scheduler_job.py:182} INFO - Started process (PID=2801) to work on /home/agalli/sandbox/lib/python3.6/site-packages/airflow/example_dags/example_branch_operator.py
[2021-12-02 15:14:59,367] {scheduler_job.py:633} INFO - Processing file /home/agalli/sandbox/lib/python3.6/site-packages/airflow/example_dags/example_branch_operator.py for tasks to queue
[2021-12-02 15:14:59,368] {logging_mixin.py:104} INFO - [2021-12-02 15:14:59,368] {dagbag.py:487} INFO - Filling up the DagBag from /home/agalli/sandbox/lib/python3.6/site-packages/airflow/example_dags/example_branch_operator.py
[2021-12-02 15:14:59,383] {scheduler_job.py:643} INFO - DAG(s) dict_keys(['example_branch_operator']) retrieved from /home/agalli/sandbox/lib/python3.6/site-packages/airflow/example_dags/example_branch_operator.py
[2021-12-02 15:14:59,405] {logging_mixin.py:104} INFO - [2021-12-02 15:14:59,405] {dag.py:1832} INFO - Sync 1 DAGs
[2021-12-02 15:14:59,429] {logging_mixin.py:104} INFO - [2021-12-02 15:14:59,429] {dag.py:2305} INFO - Setting next_dagrun for example_branch_operator to 2021-11-30 00:00:00+00:00
[2021-12-02 15:14:59,453] {scheduler_job.py:190} INFO - Processing /home/agalli/sandbox/lib/python3.6/site-packages/airflow/example_dags/example_branch_operator.py took 0.091 seconds
[2021-12-02 15:15:43,018] {scheduler_job.py:182} INFO - Started process (PID=2835) to work on /home/agalli/sandbox/lib/python3.6/site-packages/airflow/example_dags/example_branch_operator.py
[2021-12-02 15:15:43,019] {scheduler_job.py:633} INFO - Processing file /home/agalli/sandbox/lib/python3.6/site-packages/airflow/example_dags/example_branch_operator.py for tasks to queue
[2021-12-02 15:15:43,020] {logging_mixin.py:104} INFO - [2021-12-02 15:15:43,020] {dagbag.py:487} INFO - Filling up the DagBag from /home/agalli/sandbox/lib/python3.6/site-packages/airflow/example_dags/example_branch_operator.py
[2021-12-02 15:15:43,031] {scheduler_job.py:643} INFO - DAG(s) dict_keys(['example_branch_operator']) retrieved from /home/agalli/sandbox/lib/python3.6/site-packages/airflow/example_dags/example_branch_operator.py
[2021-12-02 15:15:43,050] {logging_mixin.py:104} INFO - [2021-12-02 15:15:43,050] {dag.py:1832} INFO - Sync 1 DAGs
[2021-12-02 15:15:43,068] {logging_mixin.py:104} INFO - [2021-12-02 15:15:43,068] {dag.py:2305} INFO - Setting next_dagrun for example_branch_operator to 2021-11-30 00:00:00+00:00
[2021-12-02 15:15:43,090] {scheduler_job.py:190} INFO - Processing /home/agalli/sandbox/lib/python3.6/site-packages/airflow/example_dags/example_branch_operator.py took 0.076 seconds
[2021-12-02 15:16:23,355] {scheduler_job.py:182} INFO - Started process (PID=2871) to work on /home/agalli/sandbox/lib/python3.6/site-packages/airflow/example_dags/example_branch_operator.py
[2021-12-02 15:16:23,357] {scheduler_job.py:633} INFO - Processing file /home/agalli/sandbox/lib/python3.6/site-packages/airflow/example_dags/example_branch_operator.py for tasks to queue
[2021-12-02 15:16:23,357] {logging_mixin.py:104} INFO - [2021-12-02 15:16:23,357] {dagbag.py:487} INFO - Filling up the DagBag from /home/agalli/sandbox/lib/python3.6/site-packages/airflow/example_dags/example_branch_operator.py
[2021-12-02 15:16:23,378] {scheduler_job.py:643} INFO - DAG(s) dict_keys(['example_branch_operator']) retrieved from /home/agalli/sandbox/lib/python3.6/site-packages/airflow/example_dags/example_branch_operator.py
[2021-12-02 15:16:23,396] {logging_mixin.py:104} INFO - [2021-12-02 15:16:23,396] {dag.py:1832} INFO - Sync 1 DAGs
[2021-12-02 15:16:23,414] {logging_mixin.py:104} INFO - [2021-12-02 15:16:23,413] {dag.py:2305} INFO - Setting next_dagrun for example_branch_operator to 2021-11-30 00:00:00+00:00
[2021-12-02 15:16:23,454] {scheduler_job.py:190} INFO - Processing /home/agalli/sandbox/lib/python3.6/site-packages/airflow/example_dags/example_branch_operator.py took 0.102 seconds
[2021-12-02 15:17:00,556] {scheduler_job.py:182} INFO - Started process (PID=2905) to work on /home/agalli/sandbox/lib/python3.6/site-packages/airflow/example_dags/example_branch_operator.py
[2021-12-02 15:17:00,558] {scheduler_job.py:633} INFO - Processing file /home/agalli/sandbox/lib/python3.6/site-packages/airflow/example_dags/example_branch_operator.py for tasks to queue
[2021-12-02 15:17:00,559] {logging_mixin.py:104} INFO - [2021-12-02 15:17:00,559] {dagbag.py:487} INFO - Filling up the DagBag from /home/agalli/sandbox/lib/python3.6/site-packages/airflow/example_dags/example_branch_operator.py
[2021-12-02 15:17:00,575] {scheduler_job.py:643} INFO - DAG(s) dict_keys(['example_branch_operator']) retrieved from /home/agalli/sandbox/lib/python3.6/site-packages/airflow/example_dags/example_branch_operator.py
[2021-12-02 15:17:00,600] {logging_mixin.py:104} INFO - [2021-12-02 15:17:00,600] {dag.py:1832} INFO - Sync 1 DAGs
[2021-12-02 15:17:00,617] {logging_mixin.py:104} INFO - [2021-12-02 15:17:00,616] {dag.py:2305} INFO - Setting next_dagrun for example_branch_operator to 2021-11-30 00:00:00+00:00
[2021-12-02 15:17:00,639] {scheduler_job.py:190} INFO - Processing /home/agalli/sandbox/lib/python3.6/site-packages/airflow/example_dags/example_branch_operator.py took 0.087 seconds
[2021-12-02 15:17:34,722] {scheduler_job.py:182} INFO - Started process (PID=2936) to work on /home/agalli/sandbox/lib/python3.6/site-packages/airflow/example_dags/example_branch_operator.py
[2021-12-02 15:17:34,724] {scheduler_job.py:633} INFO - Processing file /home/agalli/sandbox/lib/python3.6/site-packages/airflow/example_dags/example_branch_operator.py for tasks to queue
[2021-12-02 15:17:34,725] {logging_mixin.py:104} INFO - [2021-12-02 15:17:34,725] {dagbag.py:487} INFO - Filling up the DagBag from /home/agalli/sandbox/lib/python3.6/site-packages/airflow/example_dags/example_branch_operator.py
[2021-12-02 15:17:34,739] {scheduler_job.py:643} INFO - DAG(s) dict_keys(['example_branch_operator']) retrieved from /home/agalli/sandbox/lib/python3.6/site-packages/airflow/example_dags/example_branch_operator.py
[2021-12-02 15:17:34,756] {logging_mixin.py:104} INFO - [2021-12-02 15:17:34,755] {dag.py:1832} INFO - Sync 1 DAGs
[2021-12-02 15:17:34,773] {logging_mixin.py:104} INFO - [2021-12-02 15:17:34,773] {dag.py:2305} INFO - Setting next_dagrun for example_branch_operator to 2021-11-30 00:00:00+00:00
[2021-12-02 15:17:34,793] {scheduler_job.py:190} INFO - Processing /home/agalli/sandbox/lib/python3.6/site-packages/airflow/example_dags/example_branch_operator.py took 0.076 seconds
[2021-12-02 15:18:07,358] {scheduler_job.py:182} INFO - Started process (PID=2967) to work on /home/agalli/sandbox/lib/python3.6/site-packages/airflow/example_dags/example_branch_operator.py
[2021-12-02 15:18:07,359] {scheduler_job.py:633} INFO - Processing file /home/agalli/sandbox/lib/python3.6/site-packages/airflow/example_dags/example_branch_operator.py for tasks to queue
[2021-12-02 15:18:07,360] {logging_mixin.py:104} INFO - [2021-12-02 15:18:07,360] {dagbag.py:487} INFO - Filling up the DagBag from /home/agalli/sandbox/lib/python3.6/site-packages/airflow/example_dags/example_branch_operator.py
[2021-12-02 15:18:07,370] {scheduler_job.py:643} INFO - DAG(s) dict_keys(['example_branch_operator']) retrieved from /home/agalli/sandbox/lib/python3.6/site-packages/airflow/example_dags/example_branch_operator.py
[2021-12-02 15:18:07,388] {logging_mixin.py:104} INFO - [2021-12-02 15:18:07,387] {dag.py:1832} INFO - Sync 1 DAGs
[2021-12-02 15:18:07,400] {logging_mixin.py:104} INFO - [2021-12-02 15:18:07,400] {dag.py:2305} INFO - Setting next_dagrun for example_branch_operator to 2021-11-30 00:00:00+00:00
[2021-12-02 15:18:07,423] {scheduler_job.py:190} INFO - Processing /home/agalli/sandbox/lib/python3.6/site-packages/airflow/example_dags/example_branch_operator.py took 0.068 seconds
[2021-12-02 15:18:46,489] {scheduler_job.py:182} INFO - Started process (PID=3001) to work on /home/agalli/sandbox/lib/python3.6/site-packages/airflow/example_dags/example_branch_operator.py
[2021-12-02 15:18:46,491] {scheduler_job.py:633} INFO - Processing file /home/agalli/sandbox/lib/python3.6/site-packages/airflow/example_dags/example_branch_operator.py for tasks to queue
[2021-12-02 15:18:46,492] {logging_mixin.py:104} INFO - [2021-12-02 15:18:46,492] {dagbag.py:487} INFO - Filling up the DagBag from /home/agalli/sandbox/lib/python3.6/site-packages/airflow/example_dags/example_branch_operator.py
[2021-12-02 15:18:46,505] {scheduler_job.py:643} INFO - DAG(s) dict_keys(['example_branch_operator']) retrieved from /home/agalli/sandbox/lib/python3.6/site-packages/airflow/example_dags/example_branch_operator.py
[2021-12-02 15:18:46,526] {logging_mixin.py:104} INFO - [2021-12-02 15:18:46,526] {dag.py:1832} INFO - Sync 1 DAGs
[2021-12-02 15:18:46,547] {logging_mixin.py:104} INFO - [2021-12-02 15:18:46,547] {dag.py:2305} INFO - Setting next_dagrun for example_branch_operator to 2021-11-30 00:00:00+00:00
[2021-12-02 15:18:46,567] {scheduler_job.py:190} INFO - Processing /home/agalli/sandbox/lib/python3.6/site-packages/airflow/example_dags/example_branch_operator.py took 0.082 seconds
[2021-12-02 15:19:22,329] {scheduler_job.py:182} INFO - Started process (PID=3034) to work on /home/agalli/sandbox/lib/python3.6/site-packages/airflow/example_dags/example_branch_operator.py
[2021-12-02 15:19:22,331] {scheduler_job.py:633} INFO - Processing file /home/agalli/sandbox/lib/python3.6/site-packages/airflow/example_dags/example_branch_operator.py for tasks to queue
[2021-12-02 15:19:22,331] {logging_mixin.py:104} INFO - [2021-12-02 15:19:22,331] {dagbag.py:487} INFO - Filling up the DagBag from /home/agalli/sandbox/lib/python3.6/site-packages/airflow/example_dags/example_branch_operator.py
[2021-12-02 15:19:22,351] {scheduler_job.py:643} INFO - DAG(s) dict_keys(['example_branch_operator']) retrieved from /home/agalli/sandbox/lib/python3.6/site-packages/airflow/example_dags/example_branch_operator.py
[2021-12-02 15:19:22,388] {logging_mixin.py:104} INFO - [2021-12-02 15:19:22,388] {dag.py:1832} INFO - Sync 1 DAGs
[2021-12-02 15:19:22,412] {logging_mixin.py:104} INFO - [2021-12-02 15:19:22,412] {dag.py:2305} INFO - Setting next_dagrun for example_branch_operator to 2021-11-30 00:00:00+00:00
[2021-12-02 15:19:22,436] {scheduler_job.py:190} INFO - Processing /home/agalli/sandbox/lib/python3.6/site-packages/airflow/example_dags/example_branch_operator.py took 0.110 seconds
[2021-12-02 15:20:04,167] {scheduler_job.py:182} INFO - Started process (PID=3068) to work on /home/agalli/sandbox/lib/python3.6/site-packages/airflow/example_dags/example_branch_operator.py
[2021-12-02 15:20:04,180] {scheduler_job.py:633} INFO - Processing file /home/agalli/sandbox/lib/python3.6/site-packages/airflow/example_dags/example_branch_operator.py for tasks to queue
[2021-12-02 15:20:04,182] {logging_mixin.py:104} INFO - [2021-12-02 15:20:04,181] {dagbag.py:487} INFO - Filling up the DagBag from /home/agalli/sandbox/lib/python3.6/site-packages/airflow/example_dags/example_branch_operator.py
[2021-12-02 15:20:04,251] {scheduler_job.py:643} INFO - DAG(s) dict_keys(['example_branch_operator']) retrieved from /home/agalli/sandbox/lib/python3.6/site-packages/airflow/example_dags/example_branch_operator.py
[2021-12-02 15:20:04,416] {logging_mixin.py:104} INFO - [2021-12-02 15:20:04,415] {dag.py:1832} INFO - Sync 1 DAGs
[2021-12-02 15:20:04,459] {logging_mixin.py:104} INFO - [2021-12-02 15:20:04,459] {dag.py:2305} INFO - Setting next_dagrun for example_branch_operator to 2021-11-30 00:00:00+00:00
[2021-12-02 15:20:04,568] {scheduler_job.py:190} INFO - Processing /home/agalli/sandbox/lib/python3.6/site-packages/airflow/example_dags/example_branch_operator.py took 0.418 seconds
