[2021-12-02 14:51:42,571] {scheduler_job.py:182} INFO - Started process (PID=1617) to work on /home/agalli/sandbox/lib/python3.6/site-packages/airflow/example_dags/example_branch_day_of_week_operator.py
[2021-12-02 14:51:42,573] {scheduler_job.py:633} INFO - Processing file /home/agalli/sandbox/lib/python3.6/site-packages/airflow/example_dags/example_branch_day_of_week_operator.py for tasks to queue
[2021-12-02 14:51:42,575] {logging_mixin.py:104} INFO - [2021-12-02 14:51:42,574] {dagbag.py:487} INFO - Filling up the DagBag from /home/agalli/sandbox/lib/python3.6/site-packages/airflow/example_dags/example_branch_day_of_week_operator.py
[2021-12-02 14:51:42,639] {scheduler_job.py:643} INFO - DAG(s) dict_keys(['example_weekday_branch_operator']) retrieved from /home/agalli/sandbox/lib/python3.6/site-packages/airflow/example_dags/example_branch_day_of_week_operator.py
[2021-12-02 14:51:42,696] {logging_mixin.py:104} INFO - [2021-12-02 14:51:42,696] {dag.py:1832} INFO - Sync 1 DAGs
[2021-12-02 14:51:42,728] {logging_mixin.py:104} INFO - [2021-12-02 14:51:42,727] {dag.py:2305} INFO - Setting next_dagrun for example_weekday_branch_operator to 2021-11-30 00:00:00+00:00
[2021-12-02 14:51:42,770] {scheduler_job.py:190} INFO - Processing /home/agalli/sandbox/lib/python3.6/site-packages/airflow/example_dags/example_branch_day_of_week_operator.py took 0.203 seconds
[2021-12-02 14:52:18,078] {scheduler_job.py:182} INFO - Started process (PID=1697) to work on /home/agalli/sandbox/lib/python3.6/site-packages/airflow/example_dags/example_branch_day_of_week_operator.py
[2021-12-02 14:52:18,080] {scheduler_job.py:633} INFO - Processing file /home/agalli/sandbox/lib/python3.6/site-packages/airflow/example_dags/example_branch_day_of_week_operator.py for tasks to queue
[2021-12-02 14:52:18,080] {logging_mixin.py:104} INFO - [2021-12-02 14:52:18,080] {dagbag.py:487} INFO - Filling up the DagBag from /home/agalli/sandbox/lib/python3.6/site-packages/airflow/example_dags/example_branch_day_of_week_operator.py
[2021-12-02 14:52:18,094] {scheduler_job.py:643} INFO - DAG(s) dict_keys(['example_weekday_branch_operator']) retrieved from /home/agalli/sandbox/lib/python3.6/site-packages/airflow/example_dags/example_branch_day_of_week_operator.py
[2021-12-02 14:52:18,112] {logging_mixin.py:104} INFO - [2021-12-02 14:52:18,111] {dag.py:1832} INFO - Sync 1 DAGs
[2021-12-02 14:52:18,131] {logging_mixin.py:104} INFO - [2021-12-02 14:52:18,131] {dag.py:2305} INFO - Setting next_dagrun for example_weekday_branch_operator to 2021-11-30 00:00:00+00:00
[2021-12-02 14:52:18,151] {scheduler_job.py:190} INFO - Processing /home/agalli/sandbox/lib/python3.6/site-packages/airflow/example_dags/example_branch_day_of_week_operator.py took 0.076 seconds
[2021-12-02 14:52:51,862] {scheduler_job.py:182} INFO - Started process (PID=1728) to work on /home/agalli/sandbox/lib/python3.6/site-packages/airflow/example_dags/example_branch_day_of_week_operator.py
[2021-12-02 14:52:51,863] {scheduler_job.py:633} INFO - Processing file /home/agalli/sandbox/lib/python3.6/site-packages/airflow/example_dags/example_branch_day_of_week_operator.py for tasks to queue
[2021-12-02 14:52:51,864] {logging_mixin.py:104} INFO - [2021-12-02 14:52:51,864] {dagbag.py:487} INFO - Filling up the DagBag from /home/agalli/sandbox/lib/python3.6/site-packages/airflow/example_dags/example_branch_day_of_week_operator.py
[2021-12-02 14:52:51,879] {scheduler_job.py:643} INFO - DAG(s) dict_keys(['example_weekday_branch_operator']) retrieved from /home/agalli/sandbox/lib/python3.6/site-packages/airflow/example_dags/example_branch_day_of_week_operator.py
[2021-12-02 14:52:51,896] {logging_mixin.py:104} INFO - [2021-12-02 14:52:51,896] {dag.py:1832} INFO - Sync 1 DAGs
[2021-12-02 14:52:51,924] {logging_mixin.py:104} INFO - [2021-12-02 14:52:51,924] {dag.py:2305} INFO - Setting next_dagrun for example_weekday_branch_operator to 2021-11-30 00:00:00+00:00
[2021-12-02 14:52:51,958] {scheduler_job.py:190} INFO - Processing /home/agalli/sandbox/lib/python3.6/site-packages/airflow/example_dags/example_branch_day_of_week_operator.py took 0.099 seconds
[2021-12-02 14:53:31,898] {scheduler_job.py:182} INFO - Started process (PID=1761) to work on /home/agalli/sandbox/lib/python3.6/site-packages/airflow/example_dags/example_branch_day_of_week_operator.py
[2021-12-02 14:53:31,900] {scheduler_job.py:633} INFO - Processing file /home/agalli/sandbox/lib/python3.6/site-packages/airflow/example_dags/example_branch_day_of_week_operator.py for tasks to queue
[2021-12-02 14:53:31,902] {logging_mixin.py:104} INFO - [2021-12-02 14:53:31,901] {dagbag.py:487} INFO - Filling up the DagBag from /home/agalli/sandbox/lib/python3.6/site-packages/airflow/example_dags/example_branch_day_of_week_operator.py
[2021-12-02 14:53:31,928] {scheduler_job.py:643} INFO - DAG(s) dict_keys(['example_weekday_branch_operator']) retrieved from /home/agalli/sandbox/lib/python3.6/site-packages/airflow/example_dags/example_branch_day_of_week_operator.py
[2021-12-02 14:53:31,955] {logging_mixin.py:104} INFO - [2021-12-02 14:53:31,954] {dag.py:1832} INFO - Sync 1 DAGs
[2021-12-02 14:53:31,992] {logging_mixin.py:104} INFO - [2021-12-02 14:53:31,991] {dag.py:2305} INFO - Setting next_dagrun for example_weekday_branch_operator to 2021-11-30 00:00:00+00:00
[2021-12-02 14:53:32,020] {scheduler_job.py:190} INFO - Processing /home/agalli/sandbox/lib/python3.6/site-packages/airflow/example_dags/example_branch_day_of_week_operator.py took 0.126 seconds
[2021-12-02 14:54:07,075] {scheduler_job.py:182} INFO - Started process (PID=1792) to work on /home/agalli/sandbox/lib/python3.6/site-packages/airflow/example_dags/example_branch_day_of_week_operator.py
[2021-12-02 14:54:07,077] {scheduler_job.py:633} INFO - Processing file /home/agalli/sandbox/lib/python3.6/site-packages/airflow/example_dags/example_branch_day_of_week_operator.py for tasks to queue
[2021-12-02 14:54:07,078] {logging_mixin.py:104} INFO - [2021-12-02 14:54:07,077] {dagbag.py:487} INFO - Filling up the DagBag from /home/agalli/sandbox/lib/python3.6/site-packages/airflow/example_dags/example_branch_day_of_week_operator.py
[2021-12-02 14:54:07,095] {scheduler_job.py:643} INFO - DAG(s) dict_keys(['example_weekday_branch_operator']) retrieved from /home/agalli/sandbox/lib/python3.6/site-packages/airflow/example_dags/example_branch_day_of_week_operator.py
[2021-12-02 14:54:07,117] {logging_mixin.py:104} INFO - [2021-12-02 14:54:07,117] {dag.py:1832} INFO - Sync 1 DAGs
[2021-12-02 14:54:07,153] {logging_mixin.py:104} INFO - [2021-12-02 14:54:07,153] {dag.py:2305} INFO - Setting next_dagrun for example_weekday_branch_operator to 2021-11-30 00:00:00+00:00
[2021-12-02 14:54:07,176] {scheduler_job.py:190} INFO - Processing /home/agalli/sandbox/lib/python3.6/site-packages/airflow/example_dags/example_branch_day_of_week_operator.py took 0.104 seconds
[2021-12-02 14:54:45,823] {scheduler_job.py:182} INFO - Started process (PID=1825) to work on /home/agalli/sandbox/lib/python3.6/site-packages/airflow/example_dags/example_branch_day_of_week_operator.py
[2021-12-02 14:54:45,825] {scheduler_job.py:633} INFO - Processing file /home/agalli/sandbox/lib/python3.6/site-packages/airflow/example_dags/example_branch_day_of_week_operator.py for tasks to queue
[2021-12-02 14:54:45,826] {logging_mixin.py:104} INFO - [2021-12-02 14:54:45,826] {dagbag.py:487} INFO - Filling up the DagBag from /home/agalli/sandbox/lib/python3.6/site-packages/airflow/example_dags/example_branch_day_of_week_operator.py
[2021-12-02 14:54:45,841] {scheduler_job.py:643} INFO - DAG(s) dict_keys(['example_weekday_branch_operator']) retrieved from /home/agalli/sandbox/lib/python3.6/site-packages/airflow/example_dags/example_branch_day_of_week_operator.py
[2021-12-02 14:54:45,862] {logging_mixin.py:104} INFO - [2021-12-02 14:54:45,862] {dag.py:1832} INFO - Sync 1 DAGs
[2021-12-02 14:54:45,888] {logging_mixin.py:104} INFO - [2021-12-02 14:54:45,888] {dag.py:2305} INFO - Setting next_dagrun for example_weekday_branch_operator to 2021-11-30 00:00:00+00:00
[2021-12-02 14:54:45,913] {scheduler_job.py:190} INFO - Processing /home/agalli/sandbox/lib/python3.6/site-packages/airflow/example_dags/example_branch_day_of_week_operator.py took 0.094 seconds
[2021-12-02 14:55:31,433] {scheduler_job.py:182} INFO - Started process (PID=1938) to work on /home/agalli/sandbox/lib/python3.6/site-packages/airflow/example_dags/example_branch_day_of_week_operator.py
[2021-12-02 14:55:31,445] {scheduler_job.py:633} INFO - Processing file /home/agalli/sandbox/lib/python3.6/site-packages/airflow/example_dags/example_branch_day_of_week_operator.py for tasks to queue
[2021-12-02 14:55:31,447] {logging_mixin.py:104} INFO - [2021-12-02 14:55:31,447] {dagbag.py:487} INFO - Filling up the DagBag from /home/agalli/sandbox/lib/python3.6/site-packages/airflow/example_dags/example_branch_day_of_week_operator.py
[2021-12-02 14:55:31,526] {scheduler_job.py:643} INFO - DAG(s) dict_keys(['example_weekday_branch_operator']) retrieved from /home/agalli/sandbox/lib/python3.6/site-packages/airflow/example_dags/example_branch_day_of_week_operator.py
[2021-12-02 14:55:31,655] {logging_mixin.py:104} INFO - [2021-12-02 14:55:31,654] {dag.py:1832} INFO - Sync 1 DAGs
[2021-12-02 14:55:31,849] {logging_mixin.py:104} INFO - [2021-12-02 14:55:31,849] {dag.py:2305} INFO - Setting next_dagrun for example_weekday_branch_operator to 2021-11-30 00:00:00+00:00
[2021-12-02 14:55:32,001] {scheduler_job.py:190} INFO - Processing /home/agalli/sandbox/lib/python3.6/site-packages/airflow/example_dags/example_branch_day_of_week_operator.py took 0.586 seconds
[2021-12-02 14:56:14,447] {scheduler_job.py:182} INFO - Started process (PID=1984) to work on /home/agalli/sandbox/lib/python3.6/site-packages/airflow/example_dags/example_branch_day_of_week_operator.py
[2021-12-02 14:56:14,450] {scheduler_job.py:633} INFO - Processing file /home/agalli/sandbox/lib/python3.6/site-packages/airflow/example_dags/example_branch_day_of_week_operator.py for tasks to queue
[2021-12-02 14:56:14,452] {logging_mixin.py:104} INFO - [2021-12-02 14:56:14,452] {dagbag.py:487} INFO - Filling up the DagBag from /home/agalli/sandbox/lib/python3.6/site-packages/airflow/example_dags/example_branch_day_of_week_operator.py
[2021-12-02 14:56:14,476] {scheduler_job.py:643} INFO - DAG(s) dict_keys(['example_weekday_branch_operator']) retrieved from /home/agalli/sandbox/lib/python3.6/site-packages/airflow/example_dags/example_branch_day_of_week_operator.py
[2021-12-02 14:56:14,515] {logging_mixin.py:104} INFO - [2021-12-02 14:56:14,515] {dag.py:1832} INFO - Sync 1 DAGs
[2021-12-02 14:56:14,557] {logging_mixin.py:104} INFO - [2021-12-02 14:56:14,557] {dag.py:2305} INFO - Setting next_dagrun for example_weekday_branch_operator to 2021-11-30 00:00:00+00:00
[2021-12-02 14:56:14,590] {scheduler_job.py:190} INFO - Processing /home/agalli/sandbox/lib/python3.6/site-packages/airflow/example_dags/example_branch_day_of_week_operator.py took 0.148 seconds
[2021-12-02 14:56:56,188] {scheduler_job.py:182} INFO - Started process (PID=2015) to work on /home/agalli/sandbox/lib/python3.6/site-packages/airflow/example_dags/example_branch_day_of_week_operator.py
[2021-12-02 14:56:56,190] {scheduler_job.py:633} INFO - Processing file /home/agalli/sandbox/lib/python3.6/site-packages/airflow/example_dags/example_branch_day_of_week_operator.py for tasks to queue
[2021-12-02 14:56:56,191] {logging_mixin.py:104} INFO - [2021-12-02 14:56:56,190] {dagbag.py:487} INFO - Filling up the DagBag from /home/agalli/sandbox/lib/python3.6/site-packages/airflow/example_dags/example_branch_day_of_week_operator.py
[2021-12-02 14:56:56,224] {scheduler_job.py:643} INFO - DAG(s) dict_keys(['example_weekday_branch_operator']) retrieved from /home/agalli/sandbox/lib/python3.6/site-packages/airflow/example_dags/example_branch_day_of_week_operator.py
[2021-12-02 14:56:56,261] {logging_mixin.py:104} INFO - [2021-12-02 14:56:56,261] {dag.py:1832} INFO - Sync 1 DAGs
[2021-12-02 14:56:56,296] {logging_mixin.py:104} INFO - [2021-12-02 14:56:56,296] {dag.py:2305} INFO - Setting next_dagrun for example_weekday_branch_operator to 2021-11-30 00:00:00+00:00
[2021-12-02 14:56:56,342] {scheduler_job.py:190} INFO - Processing /home/agalli/sandbox/lib/python3.6/site-packages/airflow/example_dags/example_branch_day_of_week_operator.py took 0.161 seconds
[2021-12-02 14:57:35,123] {scheduler_job.py:182} INFO - Started process (PID=2046) to work on /home/agalli/sandbox/lib/python3.6/site-packages/airflow/example_dags/example_branch_day_of_week_operator.py
[2021-12-02 14:57:35,125] {scheduler_job.py:633} INFO - Processing file /home/agalli/sandbox/lib/python3.6/site-packages/airflow/example_dags/example_branch_day_of_week_operator.py for tasks to queue
[2021-12-02 14:57:35,126] {logging_mixin.py:104} INFO - [2021-12-02 14:57:35,126] {dagbag.py:487} INFO - Filling up the DagBag from /home/agalli/sandbox/lib/python3.6/site-packages/airflow/example_dags/example_branch_day_of_week_operator.py
[2021-12-02 14:57:35,148] {scheduler_job.py:643} INFO - DAG(s) dict_keys(['example_weekday_branch_operator']) retrieved from /home/agalli/sandbox/lib/python3.6/site-packages/airflow/example_dags/example_branch_day_of_week_operator.py
[2021-12-02 14:57:35,182] {logging_mixin.py:104} INFO - [2021-12-02 14:57:35,182] {dag.py:1832} INFO - Sync 1 DAGs
[2021-12-02 14:57:35,243] {logging_mixin.py:104} INFO - [2021-12-02 14:57:35,243] {dag.py:2305} INFO - Setting next_dagrun for example_weekday_branch_operator to 2021-11-30 00:00:00+00:00
[2021-12-02 14:57:35,297] {scheduler_job.py:190} INFO - Processing /home/agalli/sandbox/lib/python3.6/site-packages/airflow/example_dags/example_branch_day_of_week_operator.py took 0.180 seconds
[2021-12-02 14:58:21,081] {scheduler_job.py:182} INFO - Started process (PID=2078) to work on /home/agalli/sandbox/lib/python3.6/site-packages/airflow/example_dags/example_branch_day_of_week_operator.py
[2021-12-02 14:58:21,092] {scheduler_job.py:633} INFO - Processing file /home/agalli/sandbox/lib/python3.6/site-packages/airflow/example_dags/example_branch_day_of_week_operator.py for tasks to queue
[2021-12-02 14:58:21,094] {logging_mixin.py:104} INFO - [2021-12-02 14:58:21,094] {dagbag.py:487} INFO - Filling up the DagBag from /home/agalli/sandbox/lib/python3.6/site-packages/airflow/example_dags/example_branch_day_of_week_operator.py
[2021-12-02 14:58:21,114] {scheduler_job.py:643} INFO - DAG(s) dict_keys(['example_weekday_branch_operator']) retrieved from /home/agalli/sandbox/lib/python3.6/site-packages/airflow/example_dags/example_branch_day_of_week_operator.py
[2021-12-02 14:58:21,144] {logging_mixin.py:104} INFO - [2021-12-02 14:58:21,143] {dag.py:1832} INFO - Sync 1 DAGs
[2021-12-02 14:58:21,210] {logging_mixin.py:104} INFO - [2021-12-02 14:58:21,210] {dag.py:2305} INFO - Setting next_dagrun for example_weekday_branch_operator to 2021-11-30 00:00:00+00:00
[2021-12-02 14:58:21,251] {scheduler_job.py:190} INFO - Processing /home/agalli/sandbox/lib/python3.6/site-packages/airflow/example_dags/example_branch_day_of_week_operator.py took 0.176 seconds
[2021-12-02 14:59:42,809] {scheduler_job.py:182} INFO - Started process (PID=2120) to work on /home/agalli/sandbox/lib/python3.6/site-packages/airflow/example_dags/example_branch_day_of_week_operator.py
[2021-12-02 14:59:42,811] {scheduler_job.py:633} INFO - Processing file /home/agalli/sandbox/lib/python3.6/site-packages/airflow/example_dags/example_branch_day_of_week_operator.py for tasks to queue
[2021-12-02 14:59:42,812] {logging_mixin.py:104} INFO - [2021-12-02 14:59:42,812] {dagbag.py:487} INFO - Filling up the DagBag from /home/agalli/sandbox/lib/python3.6/site-packages/airflow/example_dags/example_branch_day_of_week_operator.py
[2021-12-02 14:59:42,842] {scheduler_job.py:643} INFO - DAG(s) dict_keys(['example_weekday_branch_operator']) retrieved from /home/agalli/sandbox/lib/python3.6/site-packages/airflow/example_dags/example_branch_day_of_week_operator.py
[2021-12-02 14:59:42,878] {logging_mixin.py:104} INFO - [2021-12-02 14:59:42,877] {dag.py:1832} INFO - Sync 1 DAGs
[2021-12-02 14:59:42,924] {logging_mixin.py:104} INFO - [2021-12-02 14:59:42,923] {dag.py:2305} INFO - Setting next_dagrun for example_weekday_branch_operator to 2021-11-30 00:00:00+00:00
[2021-12-02 14:59:43,011] {scheduler_job.py:190} INFO - Processing /home/agalli/sandbox/lib/python3.6/site-packages/airflow/example_dags/example_branch_day_of_week_operator.py took 0.210 seconds
[2021-12-02 15:00:26,812] {scheduler_job.py:182} INFO - Started process (PID=2153) to work on /home/agalli/sandbox/lib/python3.6/site-packages/airflow/example_dags/example_branch_day_of_week_operator.py
[2021-12-02 15:00:26,814] {scheduler_job.py:633} INFO - Processing file /home/agalli/sandbox/lib/python3.6/site-packages/airflow/example_dags/example_branch_day_of_week_operator.py for tasks to queue
[2021-12-02 15:00:26,816] {logging_mixin.py:104} INFO - [2021-12-02 15:00:26,815] {dagbag.py:487} INFO - Filling up the DagBag from /home/agalli/sandbox/lib/python3.6/site-packages/airflow/example_dags/example_branch_day_of_week_operator.py
[2021-12-02 15:00:26,855] {scheduler_job.py:643} INFO - DAG(s) dict_keys(['example_weekday_branch_operator']) retrieved from /home/agalli/sandbox/lib/python3.6/site-packages/airflow/example_dags/example_branch_day_of_week_operator.py
[2021-12-02 15:00:26,902] {logging_mixin.py:104} INFO - [2021-12-02 15:00:26,901] {dag.py:1832} INFO - Sync 1 DAGs
[2021-12-02 15:00:26,933] {logging_mixin.py:104} INFO - [2021-12-02 15:00:26,933] {dag.py:2305} INFO - Setting next_dagrun for example_weekday_branch_operator to 2021-11-30 00:00:00+00:00
[2021-12-02 15:00:26,973] {scheduler_job.py:190} INFO - Processing /home/agalli/sandbox/lib/python3.6/site-packages/airflow/example_dags/example_branch_day_of_week_operator.py took 0.168 seconds
[2021-12-02 15:01:12,374] {scheduler_job.py:182} INFO - Started process (PID=2187) to work on /home/agalli/sandbox/lib/python3.6/site-packages/airflow/example_dags/example_branch_day_of_week_operator.py
[2021-12-02 15:01:12,376] {scheduler_job.py:633} INFO - Processing file /home/agalli/sandbox/lib/python3.6/site-packages/airflow/example_dags/example_branch_day_of_week_operator.py for tasks to queue
[2021-12-02 15:01:12,379] {logging_mixin.py:104} INFO - [2021-12-02 15:01:12,378] {dagbag.py:487} INFO - Filling up the DagBag from /home/agalli/sandbox/lib/python3.6/site-packages/airflow/example_dags/example_branch_day_of_week_operator.py
[2021-12-02 15:01:12,409] {scheduler_job.py:643} INFO - DAG(s) dict_keys(['example_weekday_branch_operator']) retrieved from /home/agalli/sandbox/lib/python3.6/site-packages/airflow/example_dags/example_branch_day_of_week_operator.py
[2021-12-02 15:01:12,443] {logging_mixin.py:104} INFO - [2021-12-02 15:01:12,443] {dag.py:1832} INFO - Sync 1 DAGs
[2021-12-02 15:01:12,486] {logging_mixin.py:104} INFO - [2021-12-02 15:01:12,485] {dag.py:2305} INFO - Setting next_dagrun for example_weekday_branch_operator to 2021-11-30 00:00:00+00:00
[2021-12-02 15:01:12,516] {scheduler_job.py:190} INFO - Processing /home/agalli/sandbox/lib/python3.6/site-packages/airflow/example_dags/example_branch_day_of_week_operator.py took 0.152 seconds
[2021-12-02 15:04:33,590] {scheduler_job.py:182} INFO - Started process (PID=2314) to work on /home/agalli/sandbox/lib/python3.6/site-packages/airflow/example_dags/example_branch_day_of_week_operator.py
[2021-12-02 15:04:33,595] {scheduler_job.py:633} INFO - Processing file /home/agalli/sandbox/lib/python3.6/site-packages/airflow/example_dags/example_branch_day_of_week_operator.py for tasks to queue
[2021-12-02 15:04:33,601] {logging_mixin.py:104} INFO - [2021-12-02 15:04:33,601] {dagbag.py:487} INFO - Filling up the DagBag from /home/agalli/sandbox/lib/python3.6/site-packages/airflow/example_dags/example_branch_day_of_week_operator.py
[2021-12-02 15:04:33,622] {scheduler_job.py:643} INFO - DAG(s) dict_keys(['example_weekday_branch_operator']) retrieved from /home/agalli/sandbox/lib/python3.6/site-packages/airflow/example_dags/example_branch_day_of_week_operator.py
[2021-12-02 15:04:33,705] {logging_mixin.py:104} INFO - [2021-12-02 15:04:33,705] {dag.py:1832} INFO - Sync 1 DAGs
[2021-12-02 15:04:33,780] {logging_mixin.py:104} INFO - [2021-12-02 15:04:33,780] {dag.py:2305} INFO - Setting next_dagrun for example_weekday_branch_operator to 2021-11-30 00:00:00+00:00
[2021-12-02 15:04:33,851] {scheduler_job.py:190} INFO - Processing /home/agalli/sandbox/lib/python3.6/site-packages/airflow/example_dags/example_branch_day_of_week_operator.py took 0.274 seconds
[2021-12-02 15:05:25,187] {scheduler_job.py:182} INFO - Started process (PID=2348) to work on /home/agalli/sandbox/lib/python3.6/site-packages/airflow/example_dags/example_branch_day_of_week_operator.py
[2021-12-02 15:05:25,190] {scheduler_job.py:633} INFO - Processing file /home/agalli/sandbox/lib/python3.6/site-packages/airflow/example_dags/example_branch_day_of_week_operator.py for tasks to queue
[2021-12-02 15:05:25,193] {logging_mixin.py:104} INFO - [2021-12-02 15:05:25,192] {dagbag.py:487} INFO - Filling up the DagBag from /home/agalli/sandbox/lib/python3.6/site-packages/airflow/example_dags/example_branch_day_of_week_operator.py
[2021-12-02 15:05:25,229] {scheduler_job.py:643} INFO - DAG(s) dict_keys(['example_weekday_branch_operator']) retrieved from /home/agalli/sandbox/lib/python3.6/site-packages/airflow/example_dags/example_branch_day_of_week_operator.py
[2021-12-02 15:05:25,265] {logging_mixin.py:104} INFO - [2021-12-02 15:05:25,264] {dag.py:1832} INFO - Sync 1 DAGs
[2021-12-02 15:05:25,304] {logging_mixin.py:104} INFO - [2021-12-02 15:05:25,304] {dag.py:2305} INFO - Setting next_dagrun for example_weekday_branch_operator to 2021-11-30 00:00:00+00:00
[2021-12-02 15:05:25,342] {scheduler_job.py:190} INFO - Processing /home/agalli/sandbox/lib/python3.6/site-packages/airflow/example_dags/example_branch_day_of_week_operator.py took 0.173 seconds
[2021-12-02 15:06:14,461] {scheduler_job.py:182} INFO - Started process (PID=2381) to work on /home/agalli/sandbox/lib/python3.6/site-packages/airflow/example_dags/example_branch_day_of_week_operator.py
[2021-12-02 15:06:14,463] {scheduler_job.py:633} INFO - Processing file /home/agalli/sandbox/lib/python3.6/site-packages/airflow/example_dags/example_branch_day_of_week_operator.py for tasks to queue
[2021-12-02 15:06:14,475] {logging_mixin.py:104} INFO - [2021-12-02 15:06:14,475] {dagbag.py:487} INFO - Filling up the DagBag from /home/agalli/sandbox/lib/python3.6/site-packages/airflow/example_dags/example_branch_day_of_week_operator.py
[2021-12-02 15:06:14,529] {scheduler_job.py:643} INFO - DAG(s) dict_keys(['example_weekday_branch_operator']) retrieved from /home/agalli/sandbox/lib/python3.6/site-packages/airflow/example_dags/example_branch_day_of_week_operator.py
[2021-12-02 15:06:14,663] {logging_mixin.py:104} INFO - [2021-12-02 15:06:14,662] {dag.py:1832} INFO - Sync 1 DAGs
[2021-12-02 15:06:14,809] {logging_mixin.py:104} INFO - [2021-12-02 15:06:14,809] {dag.py:2305} INFO - Setting next_dagrun for example_weekday_branch_operator to 2021-11-30 00:00:00+00:00
[2021-12-02 15:06:14,925] {scheduler_job.py:190} INFO - Processing /home/agalli/sandbox/lib/python3.6/site-packages/airflow/example_dags/example_branch_day_of_week_operator.py took 0.494 seconds
[2021-12-02 15:06:58,804] {scheduler_job.py:182} INFO - Started process (PID=2412) to work on /home/agalli/sandbox/lib/python3.6/site-packages/airflow/example_dags/example_branch_day_of_week_operator.py
[2021-12-02 15:06:58,807] {scheduler_job.py:633} INFO - Processing file /home/agalli/sandbox/lib/python3.6/site-packages/airflow/example_dags/example_branch_day_of_week_operator.py for tasks to queue
[2021-12-02 15:06:58,809] {logging_mixin.py:104} INFO - [2021-12-02 15:06:58,809] {dagbag.py:487} INFO - Filling up the DagBag from /home/agalli/sandbox/lib/python3.6/site-packages/airflow/example_dags/example_branch_day_of_week_operator.py
[2021-12-02 15:06:58,884] {scheduler_job.py:643} INFO - DAG(s) dict_keys(['example_weekday_branch_operator']) retrieved from /home/agalli/sandbox/lib/python3.6/site-packages/airflow/example_dags/example_branch_day_of_week_operator.py
[2021-12-02 15:06:59,059] {logging_mixin.py:104} INFO - [2021-12-02 15:06:59,059] {dag.py:1832} INFO - Sync 1 DAGs
[2021-12-02 15:06:59,199] {logging_mixin.py:104} INFO - [2021-12-02 15:06:59,199] {dag.py:2305} INFO - Setting next_dagrun for example_weekday_branch_operator to 2021-11-30 00:00:00+00:00
[2021-12-02 15:06:59,276] {scheduler_job.py:190} INFO - Processing /home/agalli/sandbox/lib/python3.6/site-packages/airflow/example_dags/example_branch_day_of_week_operator.py took 0.485 seconds
[2021-12-02 15:07:43,880] {scheduler_job.py:182} INFO - Started process (PID=2444) to work on /home/agalli/sandbox/lib/python3.6/site-packages/airflow/example_dags/example_branch_day_of_week_operator.py
[2021-12-02 15:07:43,885] {scheduler_job.py:633} INFO - Processing file /home/agalli/sandbox/lib/python3.6/site-packages/airflow/example_dags/example_branch_day_of_week_operator.py for tasks to queue
[2021-12-02 15:07:43,887] {logging_mixin.py:104} INFO - [2021-12-02 15:07:43,886] {dagbag.py:487} INFO - Filling up the DagBag from /home/agalli/sandbox/lib/python3.6/site-packages/airflow/example_dags/example_branch_day_of_week_operator.py
[2021-12-02 15:07:43,903] {scheduler_job.py:643} INFO - DAG(s) dict_keys(['example_weekday_branch_operator']) retrieved from /home/agalli/sandbox/lib/python3.6/site-packages/airflow/example_dags/example_branch_day_of_week_operator.py
[2021-12-02 15:07:43,933] {logging_mixin.py:104} INFO - [2021-12-02 15:07:43,933] {dag.py:1832} INFO - Sync 1 DAGs
[2021-12-02 15:07:43,959] {logging_mixin.py:104} INFO - [2021-12-02 15:07:43,959] {dag.py:2305} INFO - Setting next_dagrun for example_weekday_branch_operator to 2021-11-30 00:00:00+00:00
[2021-12-02 15:07:44,003] {scheduler_job.py:190} INFO - Processing /home/agalli/sandbox/lib/python3.6/site-packages/airflow/example_dags/example_branch_day_of_week_operator.py took 0.128 seconds
[2021-12-02 15:08:39,185] {scheduler_job.py:182} INFO - Started process (PID=2478) to work on /home/agalli/sandbox/lib/python3.6/site-packages/airflow/example_dags/example_branch_day_of_week_operator.py
[2021-12-02 15:08:39,200] {scheduler_job.py:633} INFO - Processing file /home/agalli/sandbox/lib/python3.6/site-packages/airflow/example_dags/example_branch_day_of_week_operator.py for tasks to queue
[2021-12-02 15:08:39,213] {logging_mixin.py:104} INFO - [2021-12-02 15:08:39,212] {dagbag.py:487} INFO - Filling up the DagBag from /home/agalli/sandbox/lib/python3.6/site-packages/airflow/example_dags/example_branch_day_of_week_operator.py
[2021-12-02 15:08:39,277] {scheduler_job.py:643} INFO - DAG(s) dict_keys(['example_weekday_branch_operator']) retrieved from /home/agalli/sandbox/lib/python3.6/site-packages/airflow/example_dags/example_branch_day_of_week_operator.py
[2021-12-02 15:08:39,410] {logging_mixin.py:104} INFO - [2021-12-02 15:08:39,410] {dag.py:1832} INFO - Sync 1 DAGs
[2021-12-02 15:08:39,473] {logging_mixin.py:104} INFO - [2021-12-02 15:08:39,472] {dag.py:2305} INFO - Setting next_dagrun for example_weekday_branch_operator to 2021-11-30 00:00:00+00:00
[2021-12-02 15:08:39,833] {scheduler_job.py:190} INFO - Processing /home/agalli/sandbox/lib/python3.6/site-packages/airflow/example_dags/example_branch_day_of_week_operator.py took 0.680 seconds
[2021-12-02 15:09:26,092] {scheduler_job.py:182} INFO - Started process (PID=2510) to work on /home/agalli/sandbox/lib/python3.6/site-packages/airflow/example_dags/example_branch_day_of_week_operator.py
[2021-12-02 15:09:26,094] {scheduler_job.py:633} INFO - Processing file /home/agalli/sandbox/lib/python3.6/site-packages/airflow/example_dags/example_branch_day_of_week_operator.py for tasks to queue
[2021-12-02 15:09:26,096] {logging_mixin.py:104} INFO - [2021-12-02 15:09:26,096] {dagbag.py:487} INFO - Filling up the DagBag from /home/agalli/sandbox/lib/python3.6/site-packages/airflow/example_dags/example_branch_day_of_week_operator.py
[2021-12-02 15:09:26,114] {scheduler_job.py:643} INFO - DAG(s) dict_keys(['example_weekday_branch_operator']) retrieved from /home/agalli/sandbox/lib/python3.6/site-packages/airflow/example_dags/example_branch_day_of_week_operator.py
[2021-12-02 15:09:26,143] {logging_mixin.py:104} INFO - [2021-12-02 15:09:26,143] {dag.py:1832} INFO - Sync 1 DAGs
[2021-12-02 15:09:26,179] {logging_mixin.py:104} INFO - [2021-12-02 15:09:26,178] {dag.py:2305} INFO - Setting next_dagrun for example_weekday_branch_operator to 2021-11-30 00:00:00+00:00
[2021-12-02 15:09:26,212] {scheduler_job.py:190} INFO - Processing /home/agalli/sandbox/lib/python3.6/site-packages/airflow/example_dags/example_branch_day_of_week_operator.py took 0.133 seconds
[2021-12-02 15:10:04,264] {scheduler_job.py:182} INFO - Started process (PID=2541) to work on /home/agalli/sandbox/lib/python3.6/site-packages/airflow/example_dags/example_branch_day_of_week_operator.py
[2021-12-02 15:10:04,266] {scheduler_job.py:633} INFO - Processing file /home/agalli/sandbox/lib/python3.6/site-packages/airflow/example_dags/example_branch_day_of_week_operator.py for tasks to queue
[2021-12-02 15:10:04,266] {logging_mixin.py:104} INFO - [2021-12-02 15:10:04,266] {dagbag.py:487} INFO - Filling up the DagBag from /home/agalli/sandbox/lib/python3.6/site-packages/airflow/example_dags/example_branch_day_of_week_operator.py
[2021-12-02 15:10:04,274] {scheduler_job.py:643} INFO - DAG(s) dict_keys(['example_weekday_branch_operator']) retrieved from /home/agalli/sandbox/lib/python3.6/site-packages/airflow/example_dags/example_branch_day_of_week_operator.py
[2021-12-02 15:10:04,291] {logging_mixin.py:104} INFO - [2021-12-02 15:10:04,290] {dag.py:1832} INFO - Sync 1 DAGs
[2021-12-02 15:10:04,309] {logging_mixin.py:104} INFO - [2021-12-02 15:10:04,309] {dag.py:2305} INFO - Setting next_dagrun for example_weekday_branch_operator to 2021-11-30 00:00:00+00:00
[2021-12-02 15:10:04,330] {scheduler_job.py:190} INFO - Processing /home/agalli/sandbox/lib/python3.6/site-packages/airflow/example_dags/example_branch_day_of_week_operator.py took 0.069 seconds
[2021-12-02 15:10:44,167] {scheduler_job.py:182} INFO - Started process (PID=2575) to work on /home/agalli/sandbox/lib/python3.6/site-packages/airflow/example_dags/example_branch_day_of_week_operator.py
[2021-12-02 15:10:44,168] {scheduler_job.py:633} INFO - Processing file /home/agalli/sandbox/lib/python3.6/site-packages/airflow/example_dags/example_branch_day_of_week_operator.py for tasks to queue
[2021-12-02 15:10:44,169] {logging_mixin.py:104} INFO - [2021-12-02 15:10:44,169] {dagbag.py:487} INFO - Filling up the DagBag from /home/agalli/sandbox/lib/python3.6/site-packages/airflow/example_dags/example_branch_day_of_week_operator.py
[2021-12-02 15:10:44,176] {scheduler_job.py:643} INFO - DAG(s) dict_keys(['example_weekday_branch_operator']) retrieved from /home/agalli/sandbox/lib/python3.6/site-packages/airflow/example_dags/example_branch_day_of_week_operator.py
[2021-12-02 15:10:44,197] {logging_mixin.py:104} INFO - [2021-12-02 15:10:44,197] {dag.py:1832} INFO - Sync 1 DAGs
[2021-12-02 15:10:44,215] {logging_mixin.py:104} INFO - [2021-12-02 15:10:44,214] {dag.py:2305} INFO - Setting next_dagrun for example_weekday_branch_operator to 2021-11-30 00:00:00+00:00
[2021-12-02 15:10:44,237] {scheduler_job.py:190} INFO - Processing /home/agalli/sandbox/lib/python3.6/site-packages/airflow/example_dags/example_branch_day_of_week_operator.py took 0.074 seconds
[2021-12-02 15:11:20,338] {scheduler_job.py:182} INFO - Started process (PID=2607) to work on /home/agalli/sandbox/lib/python3.6/site-packages/airflow/example_dags/example_branch_day_of_week_operator.py
[2021-12-02 15:11:20,340] {scheduler_job.py:633} INFO - Processing file /home/agalli/sandbox/lib/python3.6/site-packages/airflow/example_dags/example_branch_day_of_week_operator.py for tasks to queue
[2021-12-02 15:11:20,341] {logging_mixin.py:104} INFO - [2021-12-02 15:11:20,341] {dagbag.py:487} INFO - Filling up the DagBag from /home/agalli/sandbox/lib/python3.6/site-packages/airflow/example_dags/example_branch_day_of_week_operator.py
[2021-12-02 15:11:20,351] {scheduler_job.py:643} INFO - DAG(s) dict_keys(['example_weekday_branch_operator']) retrieved from /home/agalli/sandbox/lib/python3.6/site-packages/airflow/example_dags/example_branch_day_of_week_operator.py
[2021-12-02 15:11:20,369] {logging_mixin.py:104} INFO - [2021-12-02 15:11:20,369] {dag.py:1832} INFO - Sync 1 DAGs
[2021-12-02 15:11:20,384] {logging_mixin.py:104} INFO - [2021-12-02 15:11:20,383] {dag.py:2305} INFO - Setting next_dagrun for example_weekday_branch_operator to 2021-11-30 00:00:00+00:00
[2021-12-02 15:11:20,405] {scheduler_job.py:190} INFO - Processing /home/agalli/sandbox/lib/python3.6/site-packages/airflow/example_dags/example_branch_day_of_week_operator.py took 0.072 seconds
[2021-12-02 15:11:56,816] {scheduler_job.py:182} INFO - Started process (PID=2640) to work on /home/agalli/sandbox/lib/python3.6/site-packages/airflow/example_dags/example_branch_day_of_week_operator.py
[2021-12-02 15:11:56,818] {scheduler_job.py:633} INFO - Processing file /home/agalli/sandbox/lib/python3.6/site-packages/airflow/example_dags/example_branch_day_of_week_operator.py for tasks to queue
[2021-12-02 15:11:56,819] {logging_mixin.py:104} INFO - [2021-12-02 15:11:56,818] {dagbag.py:487} INFO - Filling up the DagBag from /home/agalli/sandbox/lib/python3.6/site-packages/airflow/example_dags/example_branch_day_of_week_operator.py
[2021-12-02 15:11:56,828] {scheduler_job.py:643} INFO - DAG(s) dict_keys(['example_weekday_branch_operator']) retrieved from /home/agalli/sandbox/lib/python3.6/site-packages/airflow/example_dags/example_branch_day_of_week_operator.py
[2021-12-02 15:11:56,852] {logging_mixin.py:104} INFO - [2021-12-02 15:11:56,852] {dag.py:1832} INFO - Sync 1 DAGs
[2021-12-02 15:11:56,874] {logging_mixin.py:104} INFO - [2021-12-02 15:11:56,874] {dag.py:2305} INFO - Setting next_dagrun for example_weekday_branch_operator to 2021-11-30 00:00:00+00:00
[2021-12-02 15:11:56,896] {scheduler_job.py:190} INFO - Processing /home/agalli/sandbox/lib/python3.6/site-packages/airflow/example_dags/example_branch_day_of_week_operator.py took 0.083 seconds
[2021-12-02 15:12:32,909] {scheduler_job.py:182} INFO - Started process (PID=2671) to work on /home/agalli/sandbox/lib/python3.6/site-packages/airflow/example_dags/example_branch_day_of_week_operator.py
[2021-12-02 15:12:32,910] {scheduler_job.py:633} INFO - Processing file /home/agalli/sandbox/lib/python3.6/site-packages/airflow/example_dags/example_branch_day_of_week_operator.py for tasks to queue
[2021-12-02 15:12:32,911] {logging_mixin.py:104} INFO - [2021-12-02 15:12:32,911] {dagbag.py:487} INFO - Filling up the DagBag from /home/agalli/sandbox/lib/python3.6/site-packages/airflow/example_dags/example_branch_day_of_week_operator.py
[2021-12-02 15:12:32,919] {scheduler_job.py:643} INFO - DAG(s) dict_keys(['example_weekday_branch_operator']) retrieved from /home/agalli/sandbox/lib/python3.6/site-packages/airflow/example_dags/example_branch_day_of_week_operator.py
[2021-12-02 15:12:32,942] {logging_mixin.py:104} INFO - [2021-12-02 15:12:32,941] {dag.py:1832} INFO - Sync 1 DAGs
[2021-12-02 15:12:32,956] {logging_mixin.py:104} INFO - [2021-12-02 15:12:32,956] {dag.py:2305} INFO - Setting next_dagrun for example_weekday_branch_operator to 2021-11-30 00:00:00+00:00
[2021-12-02 15:12:32,978] {scheduler_job.py:190} INFO - Processing /home/agalli/sandbox/lib/python3.6/site-packages/airflow/example_dags/example_branch_day_of_week_operator.py took 0.072 seconds
[2021-12-02 15:13:08,393] {scheduler_job.py:182} INFO - Started process (PID=2702) to work on /home/agalli/sandbox/lib/python3.6/site-packages/airflow/example_dags/example_branch_day_of_week_operator.py
[2021-12-02 15:13:08,395] {scheduler_job.py:633} INFO - Processing file /home/agalli/sandbox/lib/python3.6/site-packages/airflow/example_dags/example_branch_day_of_week_operator.py for tasks to queue
[2021-12-02 15:13:08,396] {logging_mixin.py:104} INFO - [2021-12-02 15:13:08,396] {dagbag.py:487} INFO - Filling up the DagBag from /home/agalli/sandbox/lib/python3.6/site-packages/airflow/example_dags/example_branch_day_of_week_operator.py
[2021-12-02 15:13:08,406] {scheduler_job.py:643} INFO - DAG(s) dict_keys(['example_weekday_branch_operator']) retrieved from /home/agalli/sandbox/lib/python3.6/site-packages/airflow/example_dags/example_branch_day_of_week_operator.py
[2021-12-02 15:13:08,430] {logging_mixin.py:104} INFO - [2021-12-02 15:13:08,430] {dag.py:1832} INFO - Sync 1 DAGs
[2021-12-02 15:13:08,451] {logging_mixin.py:104} INFO - [2021-12-02 15:13:08,450] {dag.py:2305} INFO - Setting next_dagrun for example_weekday_branch_operator to 2021-11-30 00:00:00+00:00
[2021-12-02 15:13:08,474] {scheduler_job.py:190} INFO - Processing /home/agalli/sandbox/lib/python3.6/site-packages/airflow/example_dags/example_branch_day_of_week_operator.py took 0.086 seconds
[2021-12-02 15:13:43,291] {scheduler_job.py:182} INFO - Started process (PID=2734) to work on /home/agalli/sandbox/lib/python3.6/site-packages/airflow/example_dags/example_branch_day_of_week_operator.py
[2021-12-02 15:13:43,292] {scheduler_job.py:633} INFO - Processing file /home/agalli/sandbox/lib/python3.6/site-packages/airflow/example_dags/example_branch_day_of_week_operator.py for tasks to queue
[2021-12-02 15:13:43,293] {logging_mixin.py:104} INFO - [2021-12-02 15:13:43,293] {dagbag.py:487} INFO - Filling up the DagBag from /home/agalli/sandbox/lib/python3.6/site-packages/airflow/example_dags/example_branch_day_of_week_operator.py
[2021-12-02 15:13:43,304] {scheduler_job.py:643} INFO - DAG(s) dict_keys(['example_weekday_branch_operator']) retrieved from /home/agalli/sandbox/lib/python3.6/site-packages/airflow/example_dags/example_branch_day_of_week_operator.py
[2021-12-02 15:13:43,325] {logging_mixin.py:104} INFO - [2021-12-02 15:13:43,325] {dag.py:1832} INFO - Sync 1 DAGs
[2021-12-02 15:13:43,348] {logging_mixin.py:104} INFO - [2021-12-02 15:13:43,347] {dag.py:2305} INFO - Setting next_dagrun for example_weekday_branch_operator to 2021-11-30 00:00:00+00:00
[2021-12-02 15:13:43,369] {scheduler_job.py:190} INFO - Processing /home/agalli/sandbox/lib/python3.6/site-packages/airflow/example_dags/example_branch_day_of_week_operator.py took 0.082 seconds
[2021-12-02 15:14:17,381] {scheduler_job.py:182} INFO - Started process (PID=2765) to work on /home/agalli/sandbox/lib/python3.6/site-packages/airflow/example_dags/example_branch_day_of_week_operator.py
[2021-12-02 15:14:17,383] {scheduler_job.py:633} INFO - Processing file /home/agalli/sandbox/lib/python3.6/site-packages/airflow/example_dags/example_branch_day_of_week_operator.py for tasks to queue
[2021-12-02 15:14:17,383] {logging_mixin.py:104} INFO - [2021-12-02 15:14:17,383] {dagbag.py:487} INFO - Filling up the DagBag from /home/agalli/sandbox/lib/python3.6/site-packages/airflow/example_dags/example_branch_day_of_week_operator.py
[2021-12-02 15:14:17,392] {scheduler_job.py:643} INFO - DAG(s) dict_keys(['example_weekday_branch_operator']) retrieved from /home/agalli/sandbox/lib/python3.6/site-packages/airflow/example_dags/example_branch_day_of_week_operator.py
[2021-12-02 15:14:17,409] {logging_mixin.py:104} INFO - [2021-12-02 15:14:17,409] {dag.py:1832} INFO - Sync 1 DAGs
[2021-12-02 15:14:17,427] {logging_mixin.py:104} INFO - [2021-12-02 15:14:17,427] {dag.py:2305} INFO - Setting next_dagrun for example_weekday_branch_operator to 2021-11-30 00:00:00+00:00
[2021-12-02 15:14:17,452] {scheduler_job.py:190} INFO - Processing /home/agalli/sandbox/lib/python3.6/site-packages/airflow/example_dags/example_branch_day_of_week_operator.py took 0.074 seconds
[2021-12-02 15:14:58,110] {scheduler_job.py:182} INFO - Started process (PID=2800) to work on /home/agalli/sandbox/lib/python3.6/site-packages/airflow/example_dags/example_branch_day_of_week_operator.py
[2021-12-02 15:14:58,112] {scheduler_job.py:633} INFO - Processing file /home/agalli/sandbox/lib/python3.6/site-packages/airflow/example_dags/example_branch_day_of_week_operator.py for tasks to queue
[2021-12-02 15:14:58,113] {logging_mixin.py:104} INFO - [2021-12-02 15:14:58,113] {dagbag.py:487} INFO - Filling up the DagBag from /home/agalli/sandbox/lib/python3.6/site-packages/airflow/example_dags/example_branch_day_of_week_operator.py
[2021-12-02 15:14:58,122] {scheduler_job.py:643} INFO - DAG(s) dict_keys(['example_weekday_branch_operator']) retrieved from /home/agalli/sandbox/lib/python3.6/site-packages/airflow/example_dags/example_branch_day_of_week_operator.py
[2021-12-02 15:14:58,140] {logging_mixin.py:104} INFO - [2021-12-02 15:14:58,140] {dag.py:1832} INFO - Sync 1 DAGs
[2021-12-02 15:14:58,155] {logging_mixin.py:104} INFO - [2021-12-02 15:14:58,154] {dag.py:2305} INFO - Setting next_dagrun for example_weekday_branch_operator to 2021-11-30 00:00:00+00:00
[2021-12-02 15:14:58,209] {scheduler_job.py:190} INFO - Processing /home/agalli/sandbox/lib/python3.6/site-packages/airflow/example_dags/example_branch_day_of_week_operator.py took 0.105 seconds
[2021-12-02 15:15:41,886] {scheduler_job.py:182} INFO - Started process (PID=2834) to work on /home/agalli/sandbox/lib/python3.6/site-packages/airflow/example_dags/example_branch_day_of_week_operator.py
[2021-12-02 15:15:41,888] {scheduler_job.py:633} INFO - Processing file /home/agalli/sandbox/lib/python3.6/site-packages/airflow/example_dags/example_branch_day_of_week_operator.py for tasks to queue
[2021-12-02 15:15:41,889] {logging_mixin.py:104} INFO - [2021-12-02 15:15:41,888] {dagbag.py:487} INFO - Filling up the DagBag from /home/agalli/sandbox/lib/python3.6/site-packages/airflow/example_dags/example_branch_day_of_week_operator.py
[2021-12-02 15:15:41,897] {scheduler_job.py:643} INFO - DAG(s) dict_keys(['example_weekday_branch_operator']) retrieved from /home/agalli/sandbox/lib/python3.6/site-packages/airflow/example_dags/example_branch_day_of_week_operator.py
[2021-12-02 15:15:41,919] {logging_mixin.py:104} INFO - [2021-12-02 15:15:41,919] {dag.py:1832} INFO - Sync 1 DAGs
[2021-12-02 15:15:41,939] {logging_mixin.py:104} INFO - [2021-12-02 15:15:41,939] {dag.py:2305} INFO - Setting next_dagrun for example_weekday_branch_operator to 2021-11-30 00:00:00+00:00
[2021-12-02 15:15:41,959] {scheduler_job.py:190} INFO - Processing /home/agalli/sandbox/lib/python3.6/site-packages/airflow/example_dags/example_branch_day_of_week_operator.py took 0.077 seconds
[2021-12-02 15:16:16,949] {scheduler_job.py:182} INFO - Started process (PID=2865) to work on /home/agalli/sandbox/lib/python3.6/site-packages/airflow/example_dags/example_branch_day_of_week_operator.py
[2021-12-02 15:16:16,951] {scheduler_job.py:633} INFO - Processing file /home/agalli/sandbox/lib/python3.6/site-packages/airflow/example_dags/example_branch_day_of_week_operator.py for tasks to queue
[2021-12-02 15:16:16,951] {logging_mixin.py:104} INFO - [2021-12-02 15:16:16,951] {dagbag.py:487} INFO - Filling up the DagBag from /home/agalli/sandbox/lib/python3.6/site-packages/airflow/example_dags/example_branch_day_of_week_operator.py
[2021-12-02 15:16:16,960] {scheduler_job.py:643} INFO - DAG(s) dict_keys(['example_weekday_branch_operator']) retrieved from /home/agalli/sandbox/lib/python3.6/site-packages/airflow/example_dags/example_branch_day_of_week_operator.py
[2021-12-02 15:16:16,978] {logging_mixin.py:104} INFO - [2021-12-02 15:16:16,978] {dag.py:1832} INFO - Sync 1 DAGs
[2021-12-02 15:16:16,993] {logging_mixin.py:104} INFO - [2021-12-02 15:16:16,993] {dag.py:2305} INFO - Setting next_dagrun for example_weekday_branch_operator to 2021-11-30 00:00:00+00:00
[2021-12-02 15:16:17,021] {scheduler_job.py:190} INFO - Processing /home/agalli/sandbox/lib/python3.6/site-packages/airflow/example_dags/example_branch_day_of_week_operator.py took 0.075 seconds
[2021-12-02 15:16:51,241] {scheduler_job.py:182} INFO - Started process (PID=2896) to work on /home/agalli/sandbox/lib/python3.6/site-packages/airflow/example_dags/example_branch_day_of_week_operator.py
[2021-12-02 15:16:51,243] {scheduler_job.py:633} INFO - Processing file /home/agalli/sandbox/lib/python3.6/site-packages/airflow/example_dags/example_branch_day_of_week_operator.py for tasks to queue
[2021-12-02 15:16:51,244] {logging_mixin.py:104} INFO - [2021-12-02 15:16:51,244] {dagbag.py:487} INFO - Filling up the DagBag from /home/agalli/sandbox/lib/python3.6/site-packages/airflow/example_dags/example_branch_day_of_week_operator.py
[2021-12-02 15:16:51,252] {scheduler_job.py:643} INFO - DAG(s) dict_keys(['example_weekday_branch_operator']) retrieved from /home/agalli/sandbox/lib/python3.6/site-packages/airflow/example_dags/example_branch_day_of_week_operator.py
[2021-12-02 15:16:51,268] {logging_mixin.py:104} INFO - [2021-12-02 15:16:51,268] {dag.py:1832} INFO - Sync 1 DAGs
[2021-12-02 15:16:51,283] {logging_mixin.py:104} INFO - [2021-12-02 15:16:51,283] {dag.py:2305} INFO - Setting next_dagrun for example_weekday_branch_operator to 2021-11-30 00:00:00+00:00
[2021-12-02 15:16:51,303] {scheduler_job.py:190} INFO - Processing /home/agalli/sandbox/lib/python3.6/site-packages/airflow/example_dags/example_branch_day_of_week_operator.py took 0.065 seconds
[2021-12-02 15:17:27,404] {scheduler_job.py:182} INFO - Started process (PID=2929) to work on /home/agalli/sandbox/lib/python3.6/site-packages/airflow/example_dags/example_branch_day_of_week_operator.py
[2021-12-02 15:17:27,406] {scheduler_job.py:633} INFO - Processing file /home/agalli/sandbox/lib/python3.6/site-packages/airflow/example_dags/example_branch_day_of_week_operator.py for tasks to queue
[2021-12-02 15:17:27,407] {logging_mixin.py:104} INFO - [2021-12-02 15:17:27,407] {dagbag.py:487} INFO - Filling up the DagBag from /home/agalli/sandbox/lib/python3.6/site-packages/airflow/example_dags/example_branch_day_of_week_operator.py
[2021-12-02 15:17:27,416] {scheduler_job.py:643} INFO - DAG(s) dict_keys(['example_weekday_branch_operator']) retrieved from /home/agalli/sandbox/lib/python3.6/site-packages/airflow/example_dags/example_branch_day_of_week_operator.py
[2021-12-02 15:17:27,434] {logging_mixin.py:104} INFO - [2021-12-02 15:17:27,434] {dag.py:1832} INFO - Sync 1 DAGs
[2021-12-02 15:17:27,449] {logging_mixin.py:104} INFO - [2021-12-02 15:17:27,449] {dag.py:2305} INFO - Setting next_dagrun for example_weekday_branch_operator to 2021-11-30 00:00:00+00:00
[2021-12-02 15:17:27,467] {scheduler_job.py:190} INFO - Processing /home/agalli/sandbox/lib/python3.6/site-packages/airflow/example_dags/example_branch_day_of_week_operator.py took 0.068 seconds
[2021-12-02 15:18:01,037] {scheduler_job.py:182} INFO - Started process (PID=2961) to work on /home/agalli/sandbox/lib/python3.6/site-packages/airflow/example_dags/example_branch_day_of_week_operator.py
[2021-12-02 15:18:01,038] {scheduler_job.py:633} INFO - Processing file /home/agalli/sandbox/lib/python3.6/site-packages/airflow/example_dags/example_branch_day_of_week_operator.py for tasks to queue
[2021-12-02 15:18:01,039] {logging_mixin.py:104} INFO - [2021-12-02 15:18:01,039] {dagbag.py:487} INFO - Filling up the DagBag from /home/agalli/sandbox/lib/python3.6/site-packages/airflow/example_dags/example_branch_day_of_week_operator.py
[2021-12-02 15:18:01,050] {scheduler_job.py:643} INFO - DAG(s) dict_keys(['example_weekday_branch_operator']) retrieved from /home/agalli/sandbox/lib/python3.6/site-packages/airflow/example_dags/example_branch_day_of_week_operator.py
[2021-12-02 15:18:01,075] {logging_mixin.py:104} INFO - [2021-12-02 15:18:01,075] {dag.py:1832} INFO - Sync 1 DAGs
[2021-12-02 15:18:01,093] {logging_mixin.py:104} INFO - [2021-12-02 15:18:01,093] {dag.py:2305} INFO - Setting next_dagrun for example_weekday_branch_operator to 2021-11-30 00:00:00+00:00
[2021-12-02 15:18:01,116] {scheduler_job.py:190} INFO - Processing /home/agalli/sandbox/lib/python3.6/site-packages/airflow/example_dags/example_branch_day_of_week_operator.py took 0.084 seconds
[2021-12-02 15:18:40,940] {scheduler_job.py:182} INFO - Started process (PID=2996) to work on /home/agalli/sandbox/lib/python3.6/site-packages/airflow/example_dags/example_branch_day_of_week_operator.py
[2021-12-02 15:18:40,942] {scheduler_job.py:633} INFO - Processing file /home/agalli/sandbox/lib/python3.6/site-packages/airflow/example_dags/example_branch_day_of_week_operator.py for tasks to queue
[2021-12-02 15:18:40,943] {logging_mixin.py:104} INFO - [2021-12-02 15:18:40,943] {dagbag.py:487} INFO - Filling up the DagBag from /home/agalli/sandbox/lib/python3.6/site-packages/airflow/example_dags/example_branch_day_of_week_operator.py
[2021-12-02 15:18:40,952] {scheduler_job.py:643} INFO - DAG(s) dict_keys(['example_weekday_branch_operator']) retrieved from /home/agalli/sandbox/lib/python3.6/site-packages/airflow/example_dags/example_branch_day_of_week_operator.py
[2021-12-02 15:18:40,972] {logging_mixin.py:104} INFO - [2021-12-02 15:18:40,972] {dag.py:1832} INFO - Sync 1 DAGs
[2021-12-02 15:18:40,992] {logging_mixin.py:104} INFO - [2021-12-02 15:18:40,992] {dag.py:2305} INFO - Setting next_dagrun for example_weekday_branch_operator to 2021-11-30 00:00:00+00:00
[2021-12-02 15:18:41,015] {scheduler_job.py:190} INFO - Processing /home/agalli/sandbox/lib/python3.6/site-packages/airflow/example_dags/example_branch_day_of_week_operator.py took 0.080 seconds
[2021-12-02 15:19:17,141] {scheduler_job.py:182} INFO - Started process (PID=3029) to work on /home/agalli/sandbox/lib/python3.6/site-packages/airflow/example_dags/example_branch_day_of_week_operator.py
[2021-12-02 15:19:17,143] {scheduler_job.py:633} INFO - Processing file /home/agalli/sandbox/lib/python3.6/site-packages/airflow/example_dags/example_branch_day_of_week_operator.py for tasks to queue
[2021-12-02 15:19:17,144] {logging_mixin.py:104} INFO - [2021-12-02 15:19:17,143] {dagbag.py:487} INFO - Filling up the DagBag from /home/agalli/sandbox/lib/python3.6/site-packages/airflow/example_dags/example_branch_day_of_week_operator.py
[2021-12-02 15:19:17,153] {scheduler_job.py:643} INFO - DAG(s) dict_keys(['example_weekday_branch_operator']) retrieved from /home/agalli/sandbox/lib/python3.6/site-packages/airflow/example_dags/example_branch_day_of_week_operator.py
[2021-12-02 15:19:17,173] {logging_mixin.py:104} INFO - [2021-12-02 15:19:17,173] {dag.py:1832} INFO - Sync 1 DAGs
[2021-12-02 15:19:17,192] {logging_mixin.py:104} INFO - [2021-12-02 15:19:17,192] {dag.py:2305} INFO - Setting next_dagrun for example_weekday_branch_operator to 2021-11-30 00:00:00+00:00
[2021-12-02 15:19:17,213] {scheduler_job.py:190} INFO - Processing /home/agalli/sandbox/lib/python3.6/site-packages/airflow/example_dags/example_branch_day_of_week_operator.py took 0.075 seconds
[2021-12-02 15:19:55,203] {scheduler_job.py:182} INFO - Started process (PID=3061) to work on /home/agalli/sandbox/lib/python3.6/site-packages/airflow/example_dags/example_branch_day_of_week_operator.py
[2021-12-02 15:19:55,206] {scheduler_job.py:633} INFO - Processing file /home/agalli/sandbox/lib/python3.6/site-packages/airflow/example_dags/example_branch_day_of_week_operator.py for tasks to queue
[2021-12-02 15:19:55,208] {logging_mixin.py:104} INFO - [2021-12-02 15:19:55,208] {dagbag.py:487} INFO - Filling up the DagBag from /home/agalli/sandbox/lib/python3.6/site-packages/airflow/example_dags/example_branch_day_of_week_operator.py
[2021-12-02 15:19:55,232] {scheduler_job.py:643} INFO - DAG(s) dict_keys(['example_weekday_branch_operator']) retrieved from /home/agalli/sandbox/lib/python3.6/site-packages/airflow/example_dags/example_branch_day_of_week_operator.py
[2021-12-02 15:19:55,272] {logging_mixin.py:104} INFO - [2021-12-02 15:19:55,272] {dag.py:1832} INFO - Sync 1 DAGs
[2021-12-02 15:19:55,295] {logging_mixin.py:104} INFO - [2021-12-02 15:19:55,295] {dag.py:2305} INFO - Setting next_dagrun for example_weekday_branch_operator to 2021-11-30 00:00:00+00:00
[2021-12-02 15:19:55,318] {scheduler_job.py:190} INFO - Processing /home/agalli/sandbox/lib/python3.6/site-packages/airflow/example_dags/example_branch_day_of_week_operator.py took 0.124 seconds
[2021-12-02 15:20:38,923] {scheduler_job.py:182} INFO - Started process (PID=3093) to work on /home/agalli/sandbox/lib/python3.6/site-packages/airflow/example_dags/example_branch_day_of_week_operator.py
[2021-12-02 15:20:38,935] {scheduler_job.py:633} INFO - Processing file /home/agalli/sandbox/lib/python3.6/site-packages/airflow/example_dags/example_branch_day_of_week_operator.py for tasks to queue
[2021-12-02 15:20:38,937] {logging_mixin.py:104} INFO - [2021-12-02 15:20:38,936] {dagbag.py:487} INFO - Filling up the DagBag from /home/agalli/sandbox/lib/python3.6/site-packages/airflow/example_dags/example_branch_day_of_week_operator.py
[2021-12-02 15:20:38,983] {scheduler_job.py:643} INFO - DAG(s) dict_keys(['example_weekday_branch_operator']) retrieved from /home/agalli/sandbox/lib/python3.6/site-packages/airflow/example_dags/example_branch_day_of_week_operator.py
[2021-12-02 15:20:39,109] {logging_mixin.py:104} INFO - [2021-12-02 15:20:39,099] {dag.py:1832} INFO - Sync 1 DAGs
[2021-12-02 15:20:39,194] {logging_mixin.py:104} INFO - [2021-12-02 15:20:39,194] {dag.py:2305} INFO - Setting next_dagrun for example_weekday_branch_operator to 2021-11-30 00:00:00+00:00
[2021-12-02 15:20:39,317] {scheduler_job.py:190} INFO - Processing /home/agalli/sandbox/lib/python3.6/site-packages/airflow/example_dags/example_branch_day_of_week_operator.py took 0.409 seconds
