[2021-12-02 14:51:28,932] {scheduler_job.py:182} INFO - Started process (PID=1583) to work on /home/agalli/sandbox/lib/python3.6/site-packages/airflow/example_dags/example_nested_branch_dag.py
[2021-12-02 14:51:28,944] {scheduler_job.py:633} INFO - Processing file /home/agalli/sandbox/lib/python3.6/site-packages/airflow/example_dags/example_nested_branch_dag.py for tasks to queue
[2021-12-02 14:51:28,947] {logging_mixin.py:104} INFO - [2021-12-02 14:51:28,946] {dagbag.py:487} INFO - Filling up the DagBag from /home/agalli/sandbox/lib/python3.6/site-packages/airflow/example_dags/example_nested_branch_dag.py
[2021-12-02 14:51:29,172] {scheduler_job.py:643} INFO - DAG(s) dict_keys(['example_nested_branch_dag']) retrieved from /home/agalli/sandbox/lib/python3.6/site-packages/airflow/example_dags/example_nested_branch_dag.py
[2021-12-02 14:51:29,335] {logging_mixin.py:104} INFO - [2021-12-02 14:51:29,334] {dag.py:1832} INFO - Sync 1 DAGs
[2021-12-02 14:51:29,558] {logging_mixin.py:104} INFO - [2021-12-02 14:51:29,557] {dag.py:2305} INFO - Setting next_dagrun for example_nested_branch_dag to 2021-11-30 00:00:00+00:00
[2021-12-02 14:51:29,785] {scheduler_job.py:190} INFO - Processing /home/agalli/sandbox/lib/python3.6/site-packages/airflow/example_dags/example_nested_branch_dag.py took 0.884 seconds
[2021-12-02 14:52:08,919] {scheduler_job.py:182} INFO - Started process (PID=1688) to work on /home/agalli/sandbox/lib/python3.6/site-packages/airflow/example_dags/example_nested_branch_dag.py
[2021-12-02 14:52:08,920] {scheduler_job.py:633} INFO - Processing file /home/agalli/sandbox/lib/python3.6/site-packages/airflow/example_dags/example_nested_branch_dag.py for tasks to queue
[2021-12-02 14:52:08,921] {logging_mixin.py:104} INFO - [2021-12-02 14:52:08,921] {dagbag.py:487} INFO - Filling up the DagBag from /home/agalli/sandbox/lib/python3.6/site-packages/airflow/example_dags/example_nested_branch_dag.py
[2021-12-02 14:52:08,941] {scheduler_job.py:643} INFO - DAG(s) dict_keys(['example_nested_branch_dag']) retrieved from /home/agalli/sandbox/lib/python3.6/site-packages/airflow/example_dags/example_nested_branch_dag.py
[2021-12-02 14:52:08,964] {logging_mixin.py:104} INFO - [2021-12-02 14:52:08,964] {dag.py:1832} INFO - Sync 1 DAGs
[2021-12-02 14:52:08,983] {logging_mixin.py:104} INFO - [2021-12-02 14:52:08,983] {dag.py:2305} INFO - Setting next_dagrun for example_nested_branch_dag to 2021-11-30 00:00:00+00:00
[2021-12-02 14:52:09,015] {scheduler_job.py:190} INFO - Processing /home/agalli/sandbox/lib/python3.6/site-packages/airflow/example_dags/example_nested_branch_dag.py took 0.102 seconds
[2021-12-02 14:52:41,212] {scheduler_job.py:182} INFO - Started process (PID=1719) to work on /home/agalli/sandbox/lib/python3.6/site-packages/airflow/example_dags/example_nested_branch_dag.py
[2021-12-02 14:52:41,214] {scheduler_job.py:633} INFO - Processing file /home/agalli/sandbox/lib/python3.6/site-packages/airflow/example_dags/example_nested_branch_dag.py for tasks to queue
[2021-12-02 14:52:41,216] {logging_mixin.py:104} INFO - [2021-12-02 14:52:41,216] {dagbag.py:487} INFO - Filling up the DagBag from /home/agalli/sandbox/lib/python3.6/site-packages/airflow/example_dags/example_nested_branch_dag.py
[2021-12-02 14:52:41,244] {scheduler_job.py:643} INFO - DAG(s) dict_keys(['example_nested_branch_dag']) retrieved from /home/agalli/sandbox/lib/python3.6/site-packages/airflow/example_dags/example_nested_branch_dag.py
[2021-12-02 14:52:41,270] {logging_mixin.py:104} INFO - [2021-12-02 14:52:41,270] {dag.py:1832} INFO - Sync 1 DAGs
[2021-12-02 14:52:41,296] {logging_mixin.py:104} INFO - [2021-12-02 14:52:41,296] {dag.py:2305} INFO - Setting next_dagrun for example_nested_branch_dag to 2021-11-30 00:00:00+00:00
[2021-12-02 14:52:41,312] {scheduler_job.py:190} INFO - Processing /home/agalli/sandbox/lib/python3.6/site-packages/airflow/example_dags/example_nested_branch_dag.py took 0.107 seconds
[2021-12-02 14:53:19,050] {scheduler_job.py:182} INFO - Started process (PID=1750) to work on /home/agalli/sandbox/lib/python3.6/site-packages/airflow/example_dags/example_nested_branch_dag.py
[2021-12-02 14:53:19,052] {scheduler_job.py:633} INFO - Processing file /home/agalli/sandbox/lib/python3.6/site-packages/airflow/example_dags/example_nested_branch_dag.py for tasks to queue
[2021-12-02 14:53:19,054] {logging_mixin.py:104} INFO - [2021-12-02 14:53:19,053] {dagbag.py:487} INFO - Filling up the DagBag from /home/agalli/sandbox/lib/python3.6/site-packages/airflow/example_dags/example_nested_branch_dag.py
[2021-12-02 14:53:19,087] {scheduler_job.py:643} INFO - DAG(s) dict_keys(['example_nested_branch_dag']) retrieved from /home/agalli/sandbox/lib/python3.6/site-packages/airflow/example_dags/example_nested_branch_dag.py
[2021-12-02 14:53:19,118] {logging_mixin.py:104} INFO - [2021-12-02 14:53:19,118] {dag.py:1832} INFO - Sync 1 DAGs
[2021-12-02 14:53:19,163] {logging_mixin.py:104} INFO - [2021-12-02 14:53:19,163] {dag.py:2305} INFO - Setting next_dagrun for example_nested_branch_dag to 2021-11-30 00:00:00+00:00
[2021-12-02 14:53:19,195] {scheduler_job.py:190} INFO - Processing /home/agalli/sandbox/lib/python3.6/site-packages/airflow/example_dags/example_nested_branch_dag.py took 0.151 seconds
[2021-12-02 14:53:54,055] {scheduler_job.py:182} INFO - Started process (PID=1781) to work on /home/agalli/sandbox/lib/python3.6/site-packages/airflow/example_dags/example_nested_branch_dag.py
[2021-12-02 14:53:54,057] {scheduler_job.py:633} INFO - Processing file /home/agalli/sandbox/lib/python3.6/site-packages/airflow/example_dags/example_nested_branch_dag.py for tasks to queue
[2021-12-02 14:53:54,058] {logging_mixin.py:104} INFO - [2021-12-02 14:53:54,058] {dagbag.py:487} INFO - Filling up the DagBag from /home/agalli/sandbox/lib/python3.6/site-packages/airflow/example_dags/example_nested_branch_dag.py
[2021-12-02 14:53:54,076] {scheduler_job.py:643} INFO - DAG(s) dict_keys(['example_nested_branch_dag']) retrieved from /home/agalli/sandbox/lib/python3.6/site-packages/airflow/example_dags/example_nested_branch_dag.py
[2021-12-02 14:53:54,099] {logging_mixin.py:104} INFO - [2021-12-02 14:53:54,099] {dag.py:1832} INFO - Sync 1 DAGs
[2021-12-02 14:53:54,126] {logging_mixin.py:104} INFO - [2021-12-02 14:53:54,126] {dag.py:2305} INFO - Setting next_dagrun for example_nested_branch_dag to 2021-11-30 00:00:00+00:00
[2021-12-02 14:53:54,159] {scheduler_job.py:190} INFO - Processing /home/agalli/sandbox/lib/python3.6/site-packages/airflow/example_dags/example_nested_branch_dag.py took 0.107 seconds
[2021-12-02 14:54:29,251] {scheduler_job.py:182} INFO - Started process (PID=1812) to work on /home/agalli/sandbox/lib/python3.6/site-packages/airflow/example_dags/example_nested_branch_dag.py
[2021-12-02 14:54:29,253] {scheduler_job.py:633} INFO - Processing file /home/agalli/sandbox/lib/python3.6/site-packages/airflow/example_dags/example_nested_branch_dag.py for tasks to queue
[2021-12-02 14:54:29,254] {logging_mixin.py:104} INFO - [2021-12-02 14:54:29,254] {dagbag.py:487} INFO - Filling up the DagBag from /home/agalli/sandbox/lib/python3.6/site-packages/airflow/example_dags/example_nested_branch_dag.py
[2021-12-02 14:54:29,274] {scheduler_job.py:643} INFO - DAG(s) dict_keys(['example_nested_branch_dag']) retrieved from /home/agalli/sandbox/lib/python3.6/site-packages/airflow/example_dags/example_nested_branch_dag.py
[2021-12-02 14:54:29,304] {logging_mixin.py:104} INFO - [2021-12-02 14:54:29,304] {dag.py:1832} INFO - Sync 1 DAGs
[2021-12-02 14:54:29,335] {logging_mixin.py:104} INFO - [2021-12-02 14:54:29,335] {dag.py:2305} INFO - Setting next_dagrun for example_nested_branch_dag to 2021-11-30 00:00:00+00:00
[2021-12-02 14:54:29,362] {scheduler_job.py:190} INFO - Processing /home/agalli/sandbox/lib/python3.6/site-packages/airflow/example_dags/example_nested_branch_dag.py took 0.115 seconds
[2021-12-02 14:55:10,162] {scheduler_job.py:182} INFO - Started process (PID=1855) to work on /home/agalli/sandbox/lib/python3.6/site-packages/airflow/example_dags/example_nested_branch_dag.py
[2021-12-02 14:55:10,164] {scheduler_job.py:633} INFO - Processing file /home/agalli/sandbox/lib/python3.6/site-packages/airflow/example_dags/example_nested_branch_dag.py for tasks to queue
[2021-12-02 14:55:10,165] {logging_mixin.py:104} INFO - [2021-12-02 14:55:10,164] {dagbag.py:487} INFO - Filling up the DagBag from /home/agalli/sandbox/lib/python3.6/site-packages/airflow/example_dags/example_nested_branch_dag.py
[2021-12-02 14:55:10,217] {scheduler_job.py:643} INFO - DAG(s) dict_keys(['example_nested_branch_dag']) retrieved from /home/agalli/sandbox/lib/python3.6/site-packages/airflow/example_dags/example_nested_branch_dag.py
[2021-12-02 14:55:10,249] {logging_mixin.py:104} INFO - [2021-12-02 14:55:10,249] {dag.py:1832} INFO - Sync 1 DAGs
[2021-12-02 14:55:10,286] {logging_mixin.py:104} INFO - [2021-12-02 14:55:10,285] {dag.py:2305} INFO - Setting next_dagrun for example_nested_branch_dag to 2021-11-30 00:00:00+00:00
[2021-12-02 14:55:10,330] {scheduler_job.py:190} INFO - Processing /home/agalli/sandbox/lib/python3.6/site-packages/airflow/example_dags/example_nested_branch_dag.py took 0.175 seconds
[2021-12-02 14:55:55,526] {scheduler_job.py:182} INFO - Started process (PID=1968) to work on /home/agalli/sandbox/lib/python3.6/site-packages/airflow/example_dags/example_nested_branch_dag.py
[2021-12-02 14:55:55,528] {scheduler_job.py:633} INFO - Processing file /home/agalli/sandbox/lib/python3.6/site-packages/airflow/example_dags/example_nested_branch_dag.py for tasks to queue
[2021-12-02 14:55:55,529] {logging_mixin.py:104} INFO - [2021-12-02 14:55:55,529] {dagbag.py:487} INFO - Filling up the DagBag from /home/agalli/sandbox/lib/python3.6/site-packages/airflow/example_dags/example_nested_branch_dag.py
[2021-12-02 14:55:55,562] {scheduler_job.py:643} INFO - DAG(s) dict_keys(['example_nested_branch_dag']) retrieved from /home/agalli/sandbox/lib/python3.6/site-packages/airflow/example_dags/example_nested_branch_dag.py
[2021-12-02 14:55:55,614] {logging_mixin.py:104} INFO - [2021-12-02 14:55:55,614] {dag.py:1832} INFO - Sync 1 DAGs
[2021-12-02 14:55:55,653] {logging_mixin.py:104} INFO - [2021-12-02 14:55:55,653] {dag.py:2305} INFO - Setting next_dagrun for example_nested_branch_dag to 2021-11-30 00:00:00+00:00
[2021-12-02 14:55:55,680] {scheduler_job.py:190} INFO - Processing /home/agalli/sandbox/lib/python3.6/site-packages/airflow/example_dags/example_nested_branch_dag.py took 0.159 seconds
[2021-12-02 14:56:35,004] {scheduler_job.py:182} INFO - Started process (PID=1999) to work on /home/agalli/sandbox/lib/python3.6/site-packages/airflow/example_dags/example_nested_branch_dag.py
[2021-12-02 14:56:35,006] {scheduler_job.py:633} INFO - Processing file /home/agalli/sandbox/lib/python3.6/site-packages/airflow/example_dags/example_nested_branch_dag.py for tasks to queue
[2021-12-02 14:56:35,007] {logging_mixin.py:104} INFO - [2021-12-02 14:56:35,007] {dagbag.py:487} INFO - Filling up the DagBag from /home/agalli/sandbox/lib/python3.6/site-packages/airflow/example_dags/example_nested_branch_dag.py
[2021-12-02 14:56:35,042] {scheduler_job.py:643} INFO - DAG(s) dict_keys(['example_nested_branch_dag']) retrieved from /home/agalli/sandbox/lib/python3.6/site-packages/airflow/example_dags/example_nested_branch_dag.py
[2021-12-02 14:56:35,093] {logging_mixin.py:104} INFO - [2021-12-02 14:56:35,093] {dag.py:1832} INFO - Sync 1 DAGs
[2021-12-02 14:56:35,142] {logging_mixin.py:104} INFO - [2021-12-02 14:56:35,141] {dag.py:2305} INFO - Setting next_dagrun for example_nested_branch_dag to 2021-11-30 00:00:00+00:00
[2021-12-02 14:56:35,180] {scheduler_job.py:190} INFO - Processing /home/agalli/sandbox/lib/python3.6/site-packages/airflow/example_dags/example_nested_branch_dag.py took 0.186 seconds
[2021-12-02 14:57:18,256] {scheduler_job.py:182} INFO - Started process (PID=2033) to work on /home/agalli/sandbox/lib/python3.6/site-packages/airflow/example_dags/example_nested_branch_dag.py
[2021-12-02 14:57:18,259] {scheduler_job.py:633} INFO - Processing file /home/agalli/sandbox/lib/python3.6/site-packages/airflow/example_dags/example_nested_branch_dag.py for tasks to queue
[2021-12-02 14:57:18,260] {logging_mixin.py:104} INFO - [2021-12-02 14:57:18,260] {dagbag.py:487} INFO - Filling up the DagBag from /home/agalli/sandbox/lib/python3.6/site-packages/airflow/example_dags/example_nested_branch_dag.py
[2021-12-02 14:57:18,286] {scheduler_job.py:643} INFO - DAG(s) dict_keys(['example_nested_branch_dag']) retrieved from /home/agalli/sandbox/lib/python3.6/site-packages/airflow/example_dags/example_nested_branch_dag.py
[2021-12-02 14:57:18,317] {logging_mixin.py:104} INFO - [2021-12-02 14:57:18,317] {dag.py:1832} INFO - Sync 1 DAGs
[2021-12-02 14:57:18,362] {logging_mixin.py:104} INFO - [2021-12-02 14:57:18,362] {dag.py:2305} INFO - Setting next_dagrun for example_nested_branch_dag to 2021-11-30 00:00:00+00:00
[2021-12-02 14:57:18,431] {scheduler_job.py:190} INFO - Processing /home/agalli/sandbox/lib/python3.6/site-packages/airflow/example_dags/example_nested_branch_dag.py took 0.179 seconds
[2021-12-02 14:58:02,652] {scheduler_job.py:182} INFO - Started process (PID=2067) to work on /home/agalli/sandbox/lib/python3.6/site-packages/airflow/example_dags/example_nested_branch_dag.py
[2021-12-02 14:58:02,655] {scheduler_job.py:633} INFO - Processing file /home/agalli/sandbox/lib/python3.6/site-packages/airflow/example_dags/example_nested_branch_dag.py for tasks to queue
[2021-12-02 14:58:02,657] {logging_mixin.py:104} INFO - [2021-12-02 14:58:02,656] {dagbag.py:487} INFO - Filling up the DagBag from /home/agalli/sandbox/lib/python3.6/site-packages/airflow/example_dags/example_nested_branch_dag.py
[2021-12-02 14:58:02,702] {scheduler_job.py:643} INFO - DAG(s) dict_keys(['example_nested_branch_dag']) retrieved from /home/agalli/sandbox/lib/python3.6/site-packages/airflow/example_dags/example_nested_branch_dag.py
[2021-12-02 14:58:02,754] {logging_mixin.py:104} INFO - [2021-12-02 14:58:02,753] {dag.py:1832} INFO - Sync 1 DAGs
[2021-12-02 14:58:02,793] {logging_mixin.py:104} INFO - [2021-12-02 14:58:02,793] {dag.py:2305} INFO - Setting next_dagrun for example_nested_branch_dag to 2021-11-30 00:00:00+00:00
[2021-12-02 14:58:02,819] {scheduler_job.py:190} INFO - Processing /home/agalli/sandbox/lib/python3.6/site-packages/airflow/example_dags/example_nested_branch_dag.py took 0.175 seconds
[2021-12-02 14:58:58,045] {scheduler_job.py:182} INFO - Started process (PID=2097) to work on /home/agalli/sandbox/lib/python3.6/site-packages/airflow/example_dags/example_nested_branch_dag.py
[2021-12-02 14:58:58,061] {scheduler_job.py:633} INFO - Processing file /home/agalli/sandbox/lib/python3.6/site-packages/airflow/example_dags/example_nested_branch_dag.py for tasks to queue
[2021-12-02 14:58:58,064] {logging_mixin.py:104} INFO - [2021-12-02 14:58:58,063] {dagbag.py:487} INFO - Filling up the DagBag from /home/agalli/sandbox/lib/python3.6/site-packages/airflow/example_dags/example_nested_branch_dag.py
[2021-12-02 14:58:58,226] {scheduler_job.py:643} INFO - DAG(s) dict_keys(['example_nested_branch_dag']) retrieved from /home/agalli/sandbox/lib/python3.6/site-packages/airflow/example_dags/example_nested_branch_dag.py
[2021-12-02 14:58:58,385] {logging_mixin.py:104} INFO - [2021-12-02 14:58:58,385] {dag.py:1832} INFO - Sync 1 DAGs
[2021-12-02 14:58:58,611] {logging_mixin.py:104} INFO - [2021-12-02 14:58:58,611] {dag.py:2305} INFO - Setting next_dagrun for example_nested_branch_dag to 2021-11-30 00:00:00+00:00
[2021-12-02 14:58:58,940] {scheduler_job.py:190} INFO - Processing /home/agalli/sandbox/lib/python3.6/site-packages/airflow/example_dags/example_nested_branch_dag.py took 0.926 seconds
[2021-12-02 14:59:56,683] {scheduler_job.py:182} INFO - Started process (PID=2130) to work on /home/agalli/sandbox/lib/python3.6/site-packages/airflow/example_dags/example_nested_branch_dag.py
[2021-12-02 14:59:56,685] {scheduler_job.py:633} INFO - Processing file /home/agalli/sandbox/lib/python3.6/site-packages/airflow/example_dags/example_nested_branch_dag.py for tasks to queue
[2021-12-02 14:59:56,686] {logging_mixin.py:104} INFO - [2021-12-02 14:59:56,685] {dagbag.py:487} INFO - Filling up the DagBag from /home/agalli/sandbox/lib/python3.6/site-packages/airflow/example_dags/example_nested_branch_dag.py
[2021-12-02 14:59:56,719] {scheduler_job.py:643} INFO - DAG(s) dict_keys(['example_nested_branch_dag']) retrieved from /home/agalli/sandbox/lib/python3.6/site-packages/airflow/example_dags/example_nested_branch_dag.py
[2021-12-02 14:59:56,753] {logging_mixin.py:104} INFO - [2021-12-02 14:59:56,753] {dag.py:1832} INFO - Sync 1 DAGs
[2021-12-02 14:59:56,788] {logging_mixin.py:104} INFO - [2021-12-02 14:59:56,787] {dag.py:2305} INFO - Setting next_dagrun for example_nested_branch_dag to 2021-11-30 00:00:00+00:00
[2021-12-02 14:59:56,818] {scheduler_job.py:190} INFO - Processing /home/agalli/sandbox/lib/python3.6/site-packages/airflow/example_dags/example_nested_branch_dag.py took 0.140 seconds
[2021-12-02 15:00:37,369] {scheduler_job.py:182} INFO - Started process (PID=2161) to work on /home/agalli/sandbox/lib/python3.6/site-packages/airflow/example_dags/example_nested_branch_dag.py
[2021-12-02 15:00:37,370] {scheduler_job.py:633} INFO - Processing file /home/agalli/sandbox/lib/python3.6/site-packages/airflow/example_dags/example_nested_branch_dag.py for tasks to queue
[2021-12-02 15:00:37,371] {logging_mixin.py:104} INFO - [2021-12-02 15:00:37,371] {dagbag.py:487} INFO - Filling up the DagBag from /home/agalli/sandbox/lib/python3.6/site-packages/airflow/example_dags/example_nested_branch_dag.py
[2021-12-02 15:00:37,402] {scheduler_job.py:643} INFO - DAG(s) dict_keys(['example_nested_branch_dag']) retrieved from /home/agalli/sandbox/lib/python3.6/site-packages/airflow/example_dags/example_nested_branch_dag.py
[2021-12-02 15:00:37,441] {logging_mixin.py:104} INFO - [2021-12-02 15:00:37,441] {dag.py:1832} INFO - Sync 1 DAGs
[2021-12-02 15:00:37,478] {logging_mixin.py:104} INFO - [2021-12-02 15:00:37,478] {dag.py:2305} INFO - Setting next_dagrun for example_nested_branch_dag to 2021-11-30 00:00:00+00:00
[2021-12-02 15:00:37,512] {scheduler_job.py:190} INFO - Processing /home/agalli/sandbox/lib/python3.6/site-packages/airflow/example_dags/example_nested_branch_dag.py took 0.149 seconds
[2021-12-02 15:01:24,228] {scheduler_job.py:182} INFO - Started process (PID=2195) to work on /home/agalli/sandbox/lib/python3.6/site-packages/airflow/example_dags/example_nested_branch_dag.py
[2021-12-02 15:01:24,230] {scheduler_job.py:633} INFO - Processing file /home/agalli/sandbox/lib/python3.6/site-packages/airflow/example_dags/example_nested_branch_dag.py for tasks to queue
[2021-12-02 15:01:24,232] {logging_mixin.py:104} INFO - [2021-12-02 15:01:24,231] {dagbag.py:487} INFO - Filling up the DagBag from /home/agalli/sandbox/lib/python3.6/site-packages/airflow/example_dags/example_nested_branch_dag.py
[2021-12-02 15:01:24,265] {scheduler_job.py:643} INFO - DAG(s) dict_keys(['example_nested_branch_dag']) retrieved from /home/agalli/sandbox/lib/python3.6/site-packages/airflow/example_dags/example_nested_branch_dag.py
[2021-12-02 15:01:24,304] {logging_mixin.py:104} INFO - [2021-12-02 15:01:24,304] {dag.py:1832} INFO - Sync 1 DAGs
[2021-12-02 15:01:24,336] {logging_mixin.py:104} INFO - [2021-12-02 15:01:24,336] {dag.py:2305} INFO - Setting next_dagrun for example_nested_branch_dag to 2021-11-30 00:00:00+00:00
[2021-12-02 15:01:24,359] {scheduler_job.py:190} INFO - Processing /home/agalli/sandbox/lib/python3.6/site-packages/airflow/example_dags/example_nested_branch_dag.py took 0.144 seconds
[2021-12-02 15:04:19,455] {scheduler_job.py:182} INFO - Started process (PID=2305) to work on /home/agalli/sandbox/lib/python3.6/site-packages/airflow/example_dags/example_nested_branch_dag.py
[2021-12-02 15:04:19,458] {scheduler_job.py:633} INFO - Processing file /home/agalli/sandbox/lib/python3.6/site-packages/airflow/example_dags/example_nested_branch_dag.py for tasks to queue
[2021-12-02 15:04:19,460] {logging_mixin.py:104} INFO - [2021-12-02 15:04:19,459] {dagbag.py:487} INFO - Filling up the DagBag from /home/agalli/sandbox/lib/python3.6/site-packages/airflow/example_dags/example_nested_branch_dag.py
[2021-12-02 15:04:19,485] {scheduler_job.py:643} INFO - DAG(s) dict_keys(['example_nested_branch_dag']) retrieved from /home/agalli/sandbox/lib/python3.6/site-packages/airflow/example_dags/example_nested_branch_dag.py
[2021-12-02 15:04:19,565] {logging_mixin.py:104} INFO - [2021-12-02 15:04:19,564] {dag.py:1832} INFO - Sync 1 DAGs
[2021-12-02 15:04:19,605] {logging_mixin.py:104} INFO - [2021-12-02 15:04:19,604] {dag.py:2305} INFO - Setting next_dagrun for example_nested_branch_dag to 2021-11-30 00:00:00+00:00
[2021-12-02 15:04:19,631] {scheduler_job.py:190} INFO - Processing /home/agalli/sandbox/lib/python3.6/site-packages/airflow/example_dags/example_nested_branch_dag.py took 0.187 seconds
[2021-12-02 15:05:08,869] {scheduler_job.py:182} INFO - Started process (PID=2336) to work on /home/agalli/sandbox/lib/python3.6/site-packages/airflow/example_dags/example_nested_branch_dag.py
[2021-12-02 15:05:08,873] {scheduler_job.py:633} INFO - Processing file /home/agalli/sandbox/lib/python3.6/site-packages/airflow/example_dags/example_nested_branch_dag.py for tasks to queue
[2021-12-02 15:05:08,886] {logging_mixin.py:104} INFO - [2021-12-02 15:05:08,875] {dagbag.py:487} INFO - Filling up the DagBag from /home/agalli/sandbox/lib/python3.6/site-packages/airflow/example_dags/example_nested_branch_dag.py
[2021-12-02 15:05:08,945] {scheduler_job.py:643} INFO - DAG(s) dict_keys(['example_nested_branch_dag']) retrieved from /home/agalli/sandbox/lib/python3.6/site-packages/airflow/example_dags/example_nested_branch_dag.py
[2021-12-02 15:05:08,984] {logging_mixin.py:104} INFO - [2021-12-02 15:05:08,984] {dag.py:1832} INFO - Sync 1 DAGs
[2021-12-02 15:05:09,010] {logging_mixin.py:104} INFO - [2021-12-02 15:05:09,010] {dag.py:2305} INFO - Setting next_dagrun for example_nested_branch_dag to 2021-11-30 00:00:00+00:00
[2021-12-02 15:05:09,038] {scheduler_job.py:190} INFO - Processing /home/agalli/sandbox/lib/python3.6/site-packages/airflow/example_dags/example_nested_branch_dag.py took 0.184 seconds
[2021-12-02 15:05:56,544] {scheduler_job.py:182} INFO - Started process (PID=2368) to work on /home/agalli/sandbox/lib/python3.6/site-packages/airflow/example_dags/example_nested_branch_dag.py
[2021-12-02 15:05:56,547] {scheduler_job.py:633} INFO - Processing file /home/agalli/sandbox/lib/python3.6/site-packages/airflow/example_dags/example_nested_branch_dag.py for tasks to queue
[2021-12-02 15:05:56,550] {logging_mixin.py:104} INFO - [2021-12-02 15:05:56,549] {dagbag.py:487} INFO - Filling up the DagBag from /home/agalli/sandbox/lib/python3.6/site-packages/airflow/example_dags/example_nested_branch_dag.py
[2021-12-02 15:05:56,627] {scheduler_job.py:643} INFO - DAG(s) dict_keys(['example_nested_branch_dag']) retrieved from /home/agalli/sandbox/lib/python3.6/site-packages/airflow/example_dags/example_nested_branch_dag.py
[2021-12-02 15:05:56,861] {logging_mixin.py:104} INFO - [2021-12-02 15:05:56,860] {dag.py:1832} INFO - Sync 1 DAGs
[2021-12-02 15:05:56,978] {logging_mixin.py:104} INFO - [2021-12-02 15:05:56,977] {dag.py:2305} INFO - Setting next_dagrun for example_nested_branch_dag to 2021-11-30 00:00:00+00:00
[2021-12-02 15:05:57,064] {scheduler_job.py:190} INFO - Processing /home/agalli/sandbox/lib/python3.6/site-packages/airflow/example_dags/example_nested_branch_dag.py took 0.550 seconds
[2021-12-02 15:06:41,818] {scheduler_job.py:182} INFO - Started process (PID=2400) to work on /home/agalli/sandbox/lib/python3.6/site-packages/airflow/example_dags/example_nested_branch_dag.py
[2021-12-02 15:06:41,819] {scheduler_job.py:633} INFO - Processing file /home/agalli/sandbox/lib/python3.6/site-packages/airflow/example_dags/example_nested_branch_dag.py for tasks to queue
[2021-12-02 15:06:41,822] {logging_mixin.py:104} INFO - [2021-12-02 15:06:41,821] {dagbag.py:487} INFO - Filling up the DagBag from /home/agalli/sandbox/lib/python3.6/site-packages/airflow/example_dags/example_nested_branch_dag.py
[2021-12-02 15:06:41,847] {scheduler_job.py:643} INFO - DAG(s) dict_keys(['example_nested_branch_dag']) retrieved from /home/agalli/sandbox/lib/python3.6/site-packages/airflow/example_dags/example_nested_branch_dag.py
[2021-12-02 15:06:41,894] {logging_mixin.py:104} INFO - [2021-12-02 15:06:41,893] {dag.py:1832} INFO - Sync 1 DAGs
[2021-12-02 15:06:41,926] {logging_mixin.py:104} INFO - [2021-12-02 15:06:41,926] {dag.py:2305} INFO - Setting next_dagrun for example_nested_branch_dag to 2021-11-30 00:00:00+00:00
[2021-12-02 15:06:41,960] {scheduler_job.py:190} INFO - Processing /home/agalli/sandbox/lib/python3.6/site-packages/airflow/example_dags/example_nested_branch_dag.py took 0.146 seconds
[2021-12-02 15:07:31,196] {scheduler_job.py:182} INFO - Started process (PID=2434) to work on /home/agalli/sandbox/lib/python3.6/site-packages/airflow/example_dags/example_nested_branch_dag.py
[2021-12-02 15:07:31,199] {scheduler_job.py:633} INFO - Processing file /home/agalli/sandbox/lib/python3.6/site-packages/airflow/example_dags/example_nested_branch_dag.py for tasks to queue
[2021-12-02 15:07:31,200] {logging_mixin.py:104} INFO - [2021-12-02 15:07:31,200] {dagbag.py:487} INFO - Filling up the DagBag from /home/agalli/sandbox/lib/python3.6/site-packages/airflow/example_dags/example_nested_branch_dag.py
[2021-12-02 15:07:31,225] {scheduler_job.py:643} INFO - DAG(s) dict_keys(['example_nested_branch_dag']) retrieved from /home/agalli/sandbox/lib/python3.6/site-packages/airflow/example_dags/example_nested_branch_dag.py
[2021-12-02 15:07:31,259] {logging_mixin.py:104} INFO - [2021-12-02 15:07:31,258] {dag.py:1832} INFO - Sync 1 DAGs
[2021-12-02 15:07:31,278] {logging_mixin.py:104} INFO - [2021-12-02 15:07:31,278] {dag.py:2305} INFO - Setting next_dagrun for example_nested_branch_dag to 2021-11-30 00:00:00+00:00
[2021-12-02 15:07:31,297] {scheduler_job.py:190} INFO - Processing /home/agalli/sandbox/lib/python3.6/site-packages/airflow/example_dags/example_nested_branch_dag.py took 0.115 seconds
[2021-12-02 15:08:17,935] {scheduler_job.py:182} INFO - Started process (PID=2465) to work on /home/agalli/sandbox/lib/python3.6/site-packages/airflow/example_dags/example_nested_branch_dag.py
[2021-12-02 15:08:17,938] {scheduler_job.py:633} INFO - Processing file /home/agalli/sandbox/lib/python3.6/site-packages/airflow/example_dags/example_nested_branch_dag.py for tasks to queue
[2021-12-02 15:08:17,942] {logging_mixin.py:104} INFO - [2021-12-02 15:08:17,942] {dagbag.py:487} INFO - Filling up the DagBag from /home/agalli/sandbox/lib/python3.6/site-packages/airflow/example_dags/example_nested_branch_dag.py
[2021-12-02 15:08:17,999] {scheduler_job.py:643} INFO - DAG(s) dict_keys(['example_nested_branch_dag']) retrieved from /home/agalli/sandbox/lib/python3.6/site-packages/airflow/example_dags/example_nested_branch_dag.py
[2021-12-02 15:08:18,063] {logging_mixin.py:104} INFO - [2021-12-02 15:08:18,063] {dag.py:1832} INFO - Sync 1 DAGs
[2021-12-02 15:08:18,100] {logging_mixin.py:104} INFO - [2021-12-02 15:08:18,100] {dag.py:2305} INFO - Setting next_dagrun for example_nested_branch_dag to 2021-11-30 00:00:00+00:00
[2021-12-02 15:08:18,142] {scheduler_job.py:190} INFO - Processing /home/agalli/sandbox/lib/python3.6/site-packages/airflow/example_dags/example_nested_branch_dag.py took 0.217 seconds
[2021-12-02 15:09:09,781] {scheduler_job.py:182} INFO - Started process (PID=2500) to work on /home/agalli/sandbox/lib/python3.6/site-packages/airflow/example_dags/example_nested_branch_dag.py
[2021-12-02 15:09:09,783] {scheduler_job.py:633} INFO - Processing file /home/agalli/sandbox/lib/python3.6/site-packages/airflow/example_dags/example_nested_branch_dag.py for tasks to queue
[2021-12-02 15:09:09,784] {logging_mixin.py:104} INFO - [2021-12-02 15:09:09,784] {dagbag.py:487} INFO - Filling up the DagBag from /home/agalli/sandbox/lib/python3.6/site-packages/airflow/example_dags/example_nested_branch_dag.py
[2021-12-02 15:09:09,798] {scheduler_job.py:643} INFO - DAG(s) dict_keys(['example_nested_branch_dag']) retrieved from /home/agalli/sandbox/lib/python3.6/site-packages/airflow/example_dags/example_nested_branch_dag.py
[2021-12-02 15:09:09,830] {logging_mixin.py:104} INFO - [2021-12-02 15:09:09,830] {dag.py:1832} INFO - Sync 1 DAGs
[2021-12-02 15:09:09,874] {logging_mixin.py:104} INFO - [2021-12-02 15:09:09,874] {dag.py:2305} INFO - Setting next_dagrun for example_nested_branch_dag to 2021-11-30 00:00:00+00:00
[2021-12-02 15:09:09,907] {scheduler_job.py:190} INFO - Processing /home/agalli/sandbox/lib/python3.6/site-packages/airflow/example_dags/example_nested_branch_dag.py took 0.133 seconds
[2021-12-02 15:09:52,440] {scheduler_job.py:182} INFO - Started process (PID=2531) to work on /home/agalli/sandbox/lib/python3.6/site-packages/airflow/example_dags/example_nested_branch_dag.py
[2021-12-02 15:09:52,442] {scheduler_job.py:633} INFO - Processing file /home/agalli/sandbox/lib/python3.6/site-packages/airflow/example_dags/example_nested_branch_dag.py for tasks to queue
[2021-12-02 15:09:52,443] {logging_mixin.py:104} INFO - [2021-12-02 15:09:52,443] {dagbag.py:487} INFO - Filling up the DagBag from /home/agalli/sandbox/lib/python3.6/site-packages/airflow/example_dags/example_nested_branch_dag.py
[2021-12-02 15:09:52,459] {scheduler_job.py:643} INFO - DAG(s) dict_keys(['example_nested_branch_dag']) retrieved from /home/agalli/sandbox/lib/python3.6/site-packages/airflow/example_dags/example_nested_branch_dag.py
[2021-12-02 15:09:52,482] {logging_mixin.py:104} INFO - [2021-12-02 15:09:52,482] {dag.py:1832} INFO - Sync 1 DAGs
[2021-12-02 15:09:52,507] {logging_mixin.py:104} INFO - [2021-12-02 15:09:52,507] {dag.py:2305} INFO - Setting next_dagrun for example_nested_branch_dag to 2021-11-30 00:00:00+00:00
[2021-12-02 15:09:52,539] {scheduler_job.py:190} INFO - Processing /home/agalli/sandbox/lib/python3.6/site-packages/airflow/example_dags/example_nested_branch_dag.py took 0.105 seconds
[2021-12-02 15:10:29,746] {scheduler_job.py:182} INFO - Started process (PID=2562) to work on /home/agalli/sandbox/lib/python3.6/site-packages/airflow/example_dags/example_nested_branch_dag.py
[2021-12-02 15:10:29,747] {scheduler_job.py:633} INFO - Processing file /home/agalli/sandbox/lib/python3.6/site-packages/airflow/example_dags/example_nested_branch_dag.py for tasks to queue
[2021-12-02 15:10:29,748] {logging_mixin.py:104} INFO - [2021-12-02 15:10:29,748] {dagbag.py:487} INFO - Filling up the DagBag from /home/agalli/sandbox/lib/python3.6/site-packages/airflow/example_dags/example_nested_branch_dag.py
[2021-12-02 15:10:29,758] {scheduler_job.py:643} INFO - DAG(s) dict_keys(['example_nested_branch_dag']) retrieved from /home/agalli/sandbox/lib/python3.6/site-packages/airflow/example_dags/example_nested_branch_dag.py
[2021-12-02 15:10:29,780] {logging_mixin.py:104} INFO - [2021-12-02 15:10:29,779] {dag.py:1832} INFO - Sync 1 DAGs
[2021-12-02 15:10:29,804] {logging_mixin.py:104} INFO - [2021-12-02 15:10:29,804] {dag.py:2305} INFO - Setting next_dagrun for example_nested_branch_dag to 2021-11-30 00:00:00+00:00
[2021-12-02 15:10:29,826] {scheduler_job.py:190} INFO - Processing /home/agalli/sandbox/lib/python3.6/site-packages/airflow/example_dags/example_nested_branch_dag.py took 0.083 seconds
[2021-12-02 15:11:06,023] {scheduler_job.py:182} INFO - Started process (PID=2593) to work on /home/agalli/sandbox/lib/python3.6/site-packages/airflow/example_dags/example_nested_branch_dag.py
[2021-12-02 15:11:06,024] {scheduler_job.py:633} INFO - Processing file /home/agalli/sandbox/lib/python3.6/site-packages/airflow/example_dags/example_nested_branch_dag.py for tasks to queue
[2021-12-02 15:11:06,025] {logging_mixin.py:104} INFO - [2021-12-02 15:11:06,025] {dagbag.py:487} INFO - Filling up the DagBag from /home/agalli/sandbox/lib/python3.6/site-packages/airflow/example_dags/example_nested_branch_dag.py
[2021-12-02 15:11:06,039] {scheduler_job.py:643} INFO - DAG(s) dict_keys(['example_nested_branch_dag']) retrieved from /home/agalli/sandbox/lib/python3.6/site-packages/airflow/example_dags/example_nested_branch_dag.py
[2021-12-02 15:11:06,056] {logging_mixin.py:104} INFO - [2021-12-02 15:11:06,056] {dag.py:1832} INFO - Sync 1 DAGs
[2021-12-02 15:11:06,075] {logging_mixin.py:104} INFO - [2021-12-02 15:11:06,075] {dag.py:2305} INFO - Setting next_dagrun for example_nested_branch_dag to 2021-11-30 00:00:00+00:00
[2021-12-02 15:11:06,095] {scheduler_job.py:190} INFO - Processing /home/agalli/sandbox/lib/python3.6/site-packages/airflow/example_dags/example_nested_branch_dag.py took 0.077 seconds
[2021-12-02 15:11:40,224] {scheduler_job.py:182} INFO - Started process (PID=2625) to work on /home/agalli/sandbox/lib/python3.6/site-packages/airflow/example_dags/example_nested_branch_dag.py
[2021-12-02 15:11:40,226] {scheduler_job.py:633} INFO - Processing file /home/agalli/sandbox/lib/python3.6/site-packages/airflow/example_dags/example_nested_branch_dag.py for tasks to queue
[2021-12-02 15:11:40,226] {logging_mixin.py:104} INFO - [2021-12-02 15:11:40,226] {dagbag.py:487} INFO - Filling up the DagBag from /home/agalli/sandbox/lib/python3.6/site-packages/airflow/example_dags/example_nested_branch_dag.py
[2021-12-02 15:11:40,241] {scheduler_job.py:643} INFO - DAG(s) dict_keys(['example_nested_branch_dag']) retrieved from /home/agalli/sandbox/lib/python3.6/site-packages/airflow/example_dags/example_nested_branch_dag.py
[2021-12-02 15:11:40,261] {logging_mixin.py:104} INFO - [2021-12-02 15:11:40,261] {dag.py:1832} INFO - Sync 1 DAGs
[2021-12-02 15:11:40,281] {logging_mixin.py:104} INFO - [2021-12-02 15:11:40,281] {dag.py:2305} INFO - Setting next_dagrun for example_nested_branch_dag to 2021-11-30 00:00:00+00:00
[2021-12-02 15:11:40,304] {scheduler_job.py:190} INFO - Processing /home/agalli/sandbox/lib/python3.6/site-packages/airflow/example_dags/example_nested_branch_dag.py took 0.084 seconds
[2021-12-02 15:12:16,745] {scheduler_job.py:182} INFO - Started process (PID=2657) to work on /home/agalli/sandbox/lib/python3.6/site-packages/airflow/example_dags/example_nested_branch_dag.py
[2021-12-02 15:12:16,747] {scheduler_job.py:633} INFO - Processing file /home/agalli/sandbox/lib/python3.6/site-packages/airflow/example_dags/example_nested_branch_dag.py for tasks to queue
[2021-12-02 15:12:16,748] {logging_mixin.py:104} INFO - [2021-12-02 15:12:16,748] {dagbag.py:487} INFO - Filling up the DagBag from /home/agalli/sandbox/lib/python3.6/site-packages/airflow/example_dags/example_nested_branch_dag.py
[2021-12-02 15:12:16,763] {scheduler_job.py:643} INFO - DAG(s) dict_keys(['example_nested_branch_dag']) retrieved from /home/agalli/sandbox/lib/python3.6/site-packages/airflow/example_dags/example_nested_branch_dag.py
[2021-12-02 15:12:16,782] {logging_mixin.py:104} INFO - [2021-12-02 15:12:16,782] {dag.py:1832} INFO - Sync 1 DAGs
[2021-12-02 15:12:16,797] {logging_mixin.py:104} INFO - [2021-12-02 15:12:16,797] {dag.py:2305} INFO - Setting next_dagrun for example_nested_branch_dag to 2021-11-30 00:00:00+00:00
[2021-12-02 15:12:16,813] {scheduler_job.py:190} INFO - Processing /home/agalli/sandbox/lib/python3.6/site-packages/airflow/example_dags/example_nested_branch_dag.py took 0.072 seconds
[2021-12-02 15:12:51,953] {scheduler_job.py:182} INFO - Started process (PID=2688) to work on /home/agalli/sandbox/lib/python3.6/site-packages/airflow/example_dags/example_nested_branch_dag.py
[2021-12-02 15:12:51,954] {scheduler_job.py:633} INFO - Processing file /home/agalli/sandbox/lib/python3.6/site-packages/airflow/example_dags/example_nested_branch_dag.py for tasks to queue
[2021-12-02 15:12:51,955] {logging_mixin.py:104} INFO - [2021-12-02 15:12:51,955] {dagbag.py:487} INFO - Filling up the DagBag from /home/agalli/sandbox/lib/python3.6/site-packages/airflow/example_dags/example_nested_branch_dag.py
[2021-12-02 15:12:51,969] {scheduler_job.py:643} INFO - DAG(s) dict_keys(['example_nested_branch_dag']) retrieved from /home/agalli/sandbox/lib/python3.6/site-packages/airflow/example_dags/example_nested_branch_dag.py
[2021-12-02 15:12:51,997] {logging_mixin.py:104} INFO - [2021-12-02 15:12:51,997] {dag.py:1832} INFO - Sync 1 DAGs
[2021-12-02 15:12:52,020] {logging_mixin.py:104} INFO - [2021-12-02 15:12:52,019] {dag.py:2305} INFO - Setting next_dagrun for example_nested_branch_dag to 2021-11-30 00:00:00+00:00
[2021-12-02 15:12:52,041] {scheduler_job.py:190} INFO - Processing /home/agalli/sandbox/lib/python3.6/site-packages/airflow/example_dags/example_nested_branch_dag.py took 0.091 seconds
[2021-12-02 15:13:27,920] {scheduler_job.py:182} INFO - Started process (PID=2721) to work on /home/agalli/sandbox/lib/python3.6/site-packages/airflow/example_dags/example_nested_branch_dag.py
[2021-12-02 15:13:27,922] {scheduler_job.py:633} INFO - Processing file /home/agalli/sandbox/lib/python3.6/site-packages/airflow/example_dags/example_nested_branch_dag.py for tasks to queue
[2021-12-02 15:13:27,923] {logging_mixin.py:104} INFO - [2021-12-02 15:13:27,922] {dagbag.py:487} INFO - Filling up the DagBag from /home/agalli/sandbox/lib/python3.6/site-packages/airflow/example_dags/example_nested_branch_dag.py
[2021-12-02 15:13:27,937] {scheduler_job.py:643} INFO - DAG(s) dict_keys(['example_nested_branch_dag']) retrieved from /home/agalli/sandbox/lib/python3.6/site-packages/airflow/example_dags/example_nested_branch_dag.py
[2021-12-02 15:13:27,961] {logging_mixin.py:104} INFO - [2021-12-02 15:13:27,961] {dag.py:1832} INFO - Sync 1 DAGs
[2021-12-02 15:13:27,983] {logging_mixin.py:104} INFO - [2021-12-02 15:13:27,983] {dag.py:2305} INFO - Setting next_dagrun for example_nested_branch_dag to 2021-11-30 00:00:00+00:00
[2021-12-02 15:13:28,005] {scheduler_job.py:190} INFO - Processing /home/agalli/sandbox/lib/python3.6/site-packages/airflow/example_dags/example_nested_branch_dag.py took 0.090 seconds
[2021-12-02 15:14:02,303] {scheduler_job.py:182} INFO - Started process (PID=2752) to work on /home/agalli/sandbox/lib/python3.6/site-packages/airflow/example_dags/example_nested_branch_dag.py
[2021-12-02 15:14:02,305] {scheduler_job.py:633} INFO - Processing file /home/agalli/sandbox/lib/python3.6/site-packages/airflow/example_dags/example_nested_branch_dag.py for tasks to queue
[2021-12-02 15:14:02,306] {logging_mixin.py:104} INFO - [2021-12-02 15:14:02,305] {dagbag.py:487} INFO - Filling up the DagBag from /home/agalli/sandbox/lib/python3.6/site-packages/airflow/example_dags/example_nested_branch_dag.py
[2021-12-02 15:14:02,316] {scheduler_job.py:643} INFO - DAG(s) dict_keys(['example_nested_branch_dag']) retrieved from /home/agalli/sandbox/lib/python3.6/site-packages/airflow/example_dags/example_nested_branch_dag.py
[2021-12-02 15:14:02,333] {logging_mixin.py:104} INFO - [2021-12-02 15:14:02,332] {dag.py:1832} INFO - Sync 1 DAGs
[2021-12-02 15:14:02,350] {logging_mixin.py:104} INFO - [2021-12-02 15:14:02,350] {dag.py:2305} INFO - Setting next_dagrun for example_nested_branch_dag to 2021-11-30 00:00:00+00:00
[2021-12-02 15:14:02,368] {scheduler_job.py:190} INFO - Processing /home/agalli/sandbox/lib/python3.6/site-packages/airflow/example_dags/example_nested_branch_dag.py took 0.069 seconds
[2021-12-02 15:14:38,515] {scheduler_job.py:182} INFO - Started process (PID=2784) to work on /home/agalli/sandbox/lib/python3.6/site-packages/airflow/example_dags/example_nested_branch_dag.py
[2021-12-02 15:14:38,517] {scheduler_job.py:633} INFO - Processing file /home/agalli/sandbox/lib/python3.6/site-packages/airflow/example_dags/example_nested_branch_dag.py for tasks to queue
[2021-12-02 15:14:38,518] {logging_mixin.py:104} INFO - [2021-12-02 15:14:38,518] {dagbag.py:487} INFO - Filling up the DagBag from /home/agalli/sandbox/lib/python3.6/site-packages/airflow/example_dags/example_nested_branch_dag.py
[2021-12-02 15:14:38,534] {scheduler_job.py:643} INFO - DAG(s) dict_keys(['example_nested_branch_dag']) retrieved from /home/agalli/sandbox/lib/python3.6/site-packages/airflow/example_dags/example_nested_branch_dag.py
[2021-12-02 15:14:38,560] {logging_mixin.py:104} INFO - [2021-12-02 15:14:38,560] {dag.py:1832} INFO - Sync 1 DAGs
[2021-12-02 15:14:38,582] {logging_mixin.py:104} INFO - [2021-12-02 15:14:38,581] {dag.py:2305} INFO - Setting next_dagrun for example_nested_branch_dag to 2021-11-30 00:00:00+00:00
[2021-12-02 15:14:38,603] {scheduler_job.py:190} INFO - Processing /home/agalli/sandbox/lib/python3.6/site-packages/airflow/example_dags/example_nested_branch_dag.py took 0.092 seconds
[2021-12-02 15:15:18,139] {scheduler_job.py:182} INFO - Started process (PID=2816) to work on /home/agalli/sandbox/lib/python3.6/site-packages/airflow/example_dags/example_nested_branch_dag.py
[2021-12-02 15:15:18,144] {scheduler_job.py:633} INFO - Processing file /home/agalli/sandbox/lib/python3.6/site-packages/airflow/example_dags/example_nested_branch_dag.py for tasks to queue
[2021-12-02 15:15:18,145] {logging_mixin.py:104} INFO - [2021-12-02 15:15:18,145] {dagbag.py:487} INFO - Filling up the DagBag from /home/agalli/sandbox/lib/python3.6/site-packages/airflow/example_dags/example_nested_branch_dag.py
[2021-12-02 15:15:18,164] {scheduler_job.py:643} INFO - DAG(s) dict_keys(['example_nested_branch_dag']) retrieved from /home/agalli/sandbox/lib/python3.6/site-packages/airflow/example_dags/example_nested_branch_dag.py
[2021-12-02 15:15:18,194] {logging_mixin.py:104} INFO - [2021-12-02 15:15:18,194] {dag.py:1832} INFO - Sync 1 DAGs
[2021-12-02 15:15:18,228] {logging_mixin.py:104} INFO - [2021-12-02 15:15:18,228] {dag.py:2305} INFO - Setting next_dagrun for example_nested_branch_dag to 2021-11-30 00:00:00+00:00
[2021-12-02 15:15:18,282] {scheduler_job.py:190} INFO - Processing /home/agalli/sandbox/lib/python3.6/site-packages/airflow/example_dags/example_nested_branch_dag.py took 0.149 seconds
[2021-12-02 15:15:53,637] {scheduler_job.py:182} INFO - Started process (PID=2845) to work on /home/agalli/sandbox/lib/python3.6/site-packages/airflow/example_dags/example_nested_branch_dag.py
[2021-12-02 15:15:53,638] {scheduler_job.py:633} INFO - Processing file /home/agalli/sandbox/lib/python3.6/site-packages/airflow/example_dags/example_nested_branch_dag.py for tasks to queue
[2021-12-02 15:15:53,639] {logging_mixin.py:104} INFO - [2021-12-02 15:15:53,639] {dagbag.py:487} INFO - Filling up the DagBag from /home/agalli/sandbox/lib/python3.6/site-packages/airflow/example_dags/example_nested_branch_dag.py
[2021-12-02 15:15:53,651] {scheduler_job.py:643} INFO - DAG(s) dict_keys(['example_nested_branch_dag']) retrieved from /home/agalli/sandbox/lib/python3.6/site-packages/airflow/example_dags/example_nested_branch_dag.py
[2021-12-02 15:15:53,668] {logging_mixin.py:104} INFO - [2021-12-02 15:15:53,668] {dag.py:1832} INFO - Sync 1 DAGs
[2021-12-02 15:15:53,684] {logging_mixin.py:104} INFO - [2021-12-02 15:15:53,684] {dag.py:2305} INFO - Setting next_dagrun for example_nested_branch_dag to 2021-11-30 00:00:00+00:00
[2021-12-02 15:15:53,711] {scheduler_job.py:190} INFO - Processing /home/agalli/sandbox/lib/python3.6/site-packages/airflow/example_dags/example_nested_branch_dag.py took 0.078 seconds
[2021-12-02 15:16:28,529] {scheduler_job.py:182} INFO - Started process (PID=2875) to work on /home/agalli/sandbox/lib/python3.6/site-packages/airflow/example_dags/example_nested_branch_dag.py
[2021-12-02 15:16:28,531] {scheduler_job.py:633} INFO - Processing file /home/agalli/sandbox/lib/python3.6/site-packages/airflow/example_dags/example_nested_branch_dag.py for tasks to queue
[2021-12-02 15:16:28,532] {logging_mixin.py:104} INFO - [2021-12-02 15:16:28,531] {dagbag.py:487} INFO - Filling up the DagBag from /home/agalli/sandbox/lib/python3.6/site-packages/airflow/example_dags/example_nested_branch_dag.py
[2021-12-02 15:16:28,543] {scheduler_job.py:643} INFO - DAG(s) dict_keys(['example_nested_branch_dag']) retrieved from /home/agalli/sandbox/lib/python3.6/site-packages/airflow/example_dags/example_nested_branch_dag.py
[2021-12-02 15:16:28,561] {logging_mixin.py:104} INFO - [2021-12-02 15:16:28,561] {dag.py:1832} INFO - Sync 1 DAGs
[2021-12-02 15:16:28,577] {logging_mixin.py:104} INFO - [2021-12-02 15:16:28,577] {dag.py:2305} INFO - Setting next_dagrun for example_nested_branch_dag to 2021-11-30 00:00:00+00:00
[2021-12-02 15:16:28,599] {scheduler_job.py:190} INFO - Processing /home/agalli/sandbox/lib/python3.6/site-packages/airflow/example_dags/example_nested_branch_dag.py took 0.073 seconds
[2021-12-02 15:17:03,145] {scheduler_job.py:182} INFO - Started process (PID=2907) to work on /home/agalli/sandbox/lib/python3.6/site-packages/airflow/example_dags/example_nested_branch_dag.py
[2021-12-02 15:17:03,146] {scheduler_job.py:633} INFO - Processing file /home/agalli/sandbox/lib/python3.6/site-packages/airflow/example_dags/example_nested_branch_dag.py for tasks to queue
[2021-12-02 15:17:03,147] {logging_mixin.py:104} INFO - [2021-12-02 15:17:03,147] {dagbag.py:487} INFO - Filling up the DagBag from /home/agalli/sandbox/lib/python3.6/site-packages/airflow/example_dags/example_nested_branch_dag.py
[2021-12-02 15:17:03,162] {scheduler_job.py:643} INFO - DAG(s) dict_keys(['example_nested_branch_dag']) retrieved from /home/agalli/sandbox/lib/python3.6/site-packages/airflow/example_dags/example_nested_branch_dag.py
[2021-12-02 15:17:03,183] {logging_mixin.py:104} INFO - [2021-12-02 15:17:03,183] {dag.py:1832} INFO - Sync 1 DAGs
[2021-12-02 15:17:03,201] {logging_mixin.py:104} INFO - [2021-12-02 15:17:03,200] {dag.py:2305} INFO - Setting next_dagrun for example_nested_branch_dag to 2021-11-30 00:00:00+00:00
[2021-12-02 15:17:03,220] {scheduler_job.py:190} INFO - Processing /home/agalli/sandbox/lib/python3.6/site-packages/airflow/example_dags/example_nested_branch_dag.py took 0.079 seconds
[2021-12-02 15:17:37,401] {scheduler_job.py:182} INFO - Started process (PID=2938) to work on /home/agalli/sandbox/lib/python3.6/site-packages/airflow/example_dags/example_nested_branch_dag.py
[2021-12-02 15:17:37,402] {scheduler_job.py:633} INFO - Processing file /home/agalli/sandbox/lib/python3.6/site-packages/airflow/example_dags/example_nested_branch_dag.py for tasks to queue
[2021-12-02 15:17:37,403] {logging_mixin.py:104} INFO - [2021-12-02 15:17:37,403] {dagbag.py:487} INFO - Filling up the DagBag from /home/agalli/sandbox/lib/python3.6/site-packages/airflow/example_dags/example_nested_branch_dag.py
[2021-12-02 15:17:37,414] {scheduler_job.py:643} INFO - DAG(s) dict_keys(['example_nested_branch_dag']) retrieved from /home/agalli/sandbox/lib/python3.6/site-packages/airflow/example_dags/example_nested_branch_dag.py
[2021-12-02 15:17:37,430] {logging_mixin.py:104} INFO - [2021-12-02 15:17:37,429] {dag.py:1832} INFO - Sync 1 DAGs
[2021-12-02 15:17:37,442] {logging_mixin.py:104} INFO - [2021-12-02 15:17:37,442] {dag.py:2305} INFO - Setting next_dagrun for example_nested_branch_dag to 2021-11-30 00:00:00+00:00
[2021-12-02 15:17:37,470] {scheduler_job.py:190} INFO - Processing /home/agalli/sandbox/lib/python3.6/site-packages/airflow/example_dags/example_nested_branch_dag.py took 0.072 seconds
[2021-12-02 15:18:10,052] {scheduler_job.py:182} INFO - Started process (PID=2969) to work on /home/agalli/sandbox/lib/python3.6/site-packages/airflow/example_dags/example_nested_branch_dag.py
[2021-12-02 15:18:10,054] {scheduler_job.py:633} INFO - Processing file /home/agalli/sandbox/lib/python3.6/site-packages/airflow/example_dags/example_nested_branch_dag.py for tasks to queue
[2021-12-02 15:18:10,055] {logging_mixin.py:104} INFO - [2021-12-02 15:18:10,055] {dagbag.py:487} INFO - Filling up the DagBag from /home/agalli/sandbox/lib/python3.6/site-packages/airflow/example_dags/example_nested_branch_dag.py
[2021-12-02 15:18:10,072] {scheduler_job.py:643} INFO - DAG(s) dict_keys(['example_nested_branch_dag']) retrieved from /home/agalli/sandbox/lib/python3.6/site-packages/airflow/example_dags/example_nested_branch_dag.py
[2021-12-02 15:18:10,093] {logging_mixin.py:104} INFO - [2021-12-02 15:18:10,093] {dag.py:1832} INFO - Sync 1 DAGs
[2021-12-02 15:18:10,109] {logging_mixin.py:104} INFO - [2021-12-02 15:18:10,109] {dag.py:2305} INFO - Setting next_dagrun for example_nested_branch_dag to 2021-11-30 00:00:00+00:00
[2021-12-02 15:18:10,129] {scheduler_job.py:190} INFO - Processing /home/agalli/sandbox/lib/python3.6/site-packages/airflow/example_dags/example_nested_branch_dag.py took 0.081 seconds
[2021-12-02 15:18:45,346] {scheduler_job.py:182} INFO - Started process (PID=3000) to work on /home/agalli/sandbox/lib/python3.6/site-packages/airflow/example_dags/example_nested_branch_dag.py
[2021-12-02 15:18:45,347] {scheduler_job.py:633} INFO - Processing file /home/agalli/sandbox/lib/python3.6/site-packages/airflow/example_dags/example_nested_branch_dag.py for tasks to queue
[2021-12-02 15:18:45,348] {logging_mixin.py:104} INFO - [2021-12-02 15:18:45,348] {dagbag.py:487} INFO - Filling up the DagBag from /home/agalli/sandbox/lib/python3.6/site-packages/airflow/example_dags/example_nested_branch_dag.py
[2021-12-02 15:18:45,359] {scheduler_job.py:643} INFO - DAG(s) dict_keys(['example_nested_branch_dag']) retrieved from /home/agalli/sandbox/lib/python3.6/site-packages/airflow/example_dags/example_nested_branch_dag.py
[2021-12-02 15:18:45,376] {logging_mixin.py:104} INFO - [2021-12-02 15:18:45,376] {dag.py:1832} INFO - Sync 1 DAGs
[2021-12-02 15:18:45,391] {logging_mixin.py:104} INFO - [2021-12-02 15:18:45,391] {dag.py:2305} INFO - Setting next_dagrun for example_nested_branch_dag to 2021-11-30 00:00:00+00:00
[2021-12-02 15:18:45,416] {scheduler_job.py:190} INFO - Processing /home/agalli/sandbox/lib/python3.6/site-packages/airflow/example_dags/example_nested_branch_dag.py took 0.074 seconds
[2021-12-02 15:19:21,193] {scheduler_job.py:182} INFO - Started process (PID=3033) to work on /home/agalli/sandbox/lib/python3.6/site-packages/airflow/example_dags/example_nested_branch_dag.py
[2021-12-02 15:19:21,194] {scheduler_job.py:633} INFO - Processing file /home/agalli/sandbox/lib/python3.6/site-packages/airflow/example_dags/example_nested_branch_dag.py for tasks to queue
[2021-12-02 15:19:21,195] {logging_mixin.py:104} INFO - [2021-12-02 15:19:21,195] {dagbag.py:487} INFO - Filling up the DagBag from /home/agalli/sandbox/lib/python3.6/site-packages/airflow/example_dags/example_nested_branch_dag.py
[2021-12-02 15:19:21,206] {scheduler_job.py:643} INFO - DAG(s) dict_keys(['example_nested_branch_dag']) retrieved from /home/agalli/sandbox/lib/python3.6/site-packages/airflow/example_dags/example_nested_branch_dag.py
[2021-12-02 15:19:21,229] {logging_mixin.py:104} INFO - [2021-12-02 15:19:21,228] {dag.py:1832} INFO - Sync 1 DAGs
[2021-12-02 15:19:21,248] {logging_mixin.py:104} INFO - [2021-12-02 15:19:21,248] {dag.py:2305} INFO - Setting next_dagrun for example_nested_branch_dag to 2021-11-30 00:00:00+00:00
[2021-12-02 15:19:21,269] {scheduler_job.py:190} INFO - Processing /home/agalli/sandbox/lib/python3.6/site-packages/airflow/example_dags/example_nested_branch_dag.py took 0.080 seconds
[2021-12-02 15:20:01,569] {scheduler_job.py:182} INFO - Started process (PID=3066) to work on /home/agalli/sandbox/lib/python3.6/site-packages/airflow/example_dags/example_nested_branch_dag.py
[2021-12-02 15:20:01,572] {scheduler_job.py:633} INFO - Processing file /home/agalli/sandbox/lib/python3.6/site-packages/airflow/example_dags/example_nested_branch_dag.py for tasks to queue
[2021-12-02 15:20:01,574] {logging_mixin.py:104} INFO - [2021-12-02 15:20:01,574] {dagbag.py:487} INFO - Filling up the DagBag from /home/agalli/sandbox/lib/python3.6/site-packages/airflow/example_dags/example_nested_branch_dag.py
[2021-12-02 15:20:01,591] {scheduler_job.py:643} INFO - DAG(s) dict_keys(['example_nested_branch_dag']) retrieved from /home/agalli/sandbox/lib/python3.6/site-packages/airflow/example_dags/example_nested_branch_dag.py
[2021-12-02 15:20:01,617] {logging_mixin.py:104} INFO - [2021-12-02 15:20:01,617] {dag.py:1832} INFO - Sync 1 DAGs
[2021-12-02 15:20:01,651] {logging_mixin.py:104} INFO - [2021-12-02 15:20:01,651] {dag.py:2305} INFO - Setting next_dagrun for example_nested_branch_dag to 2021-11-30 00:00:00+00:00
[2021-12-02 15:20:01,679] {scheduler_job.py:190} INFO - Processing /home/agalli/sandbox/lib/python3.6/site-packages/airflow/example_dags/example_nested_branch_dag.py took 0.115 seconds
[2021-12-02 15:20:50,102] {scheduler_job.py:182} INFO - Started process (PID=3100) to work on /home/agalli/sandbox/lib/python3.6/site-packages/airflow/example_dags/example_nested_branch_dag.py
[2021-12-02 15:20:50,106] {scheduler_job.py:633} INFO - Processing file /home/agalli/sandbox/lib/python3.6/site-packages/airflow/example_dags/example_nested_branch_dag.py for tasks to queue
[2021-12-02 15:20:50,110] {logging_mixin.py:104} INFO - [2021-12-02 15:20:50,110] {dagbag.py:487} INFO - Filling up the DagBag from /home/agalli/sandbox/lib/python3.6/site-packages/airflow/example_dags/example_nested_branch_dag.py
[2021-12-02 15:20:50,156] {scheduler_job.py:643} INFO - DAG(s) dict_keys(['example_nested_branch_dag']) retrieved from /home/agalli/sandbox/lib/python3.6/site-packages/airflow/example_dags/example_nested_branch_dag.py
[2021-12-02 15:20:50,231] {logging_mixin.py:104} INFO - [2021-12-02 15:20:50,230] {dag.py:1832} INFO - Sync 1 DAGs
[2021-12-02 15:20:50,322] {logging_mixin.py:104} INFO - [2021-12-02 15:20:50,321] {dag.py:2305} INFO - Setting next_dagrun for example_nested_branch_dag to 2021-11-30 00:00:00+00:00
[2021-12-02 15:20:50,512] {scheduler_job.py:190} INFO - Processing /home/agalli/sandbox/lib/python3.6/site-packages/airflow/example_dags/example_nested_branch_dag.py took 0.431 seconds
