[2021-12-02 14:51:47,950] {scheduler_job.py:182} INFO - Started process (PID=1624) to work on /home/agalli/sandbox/lib/python3.6/site-packages/airflow/example_dags/example_branch_python_dop_operator_3.py
[2021-12-02 14:51:47,953] {scheduler_job.py:633} INFO - Processing file /home/agalli/sandbox/lib/python3.6/site-packages/airflow/example_dags/example_branch_python_dop_operator_3.py for tasks to queue
[2021-12-02 14:51:47,954] {logging_mixin.py:104} INFO - [2021-12-02 14:51:47,954] {dagbag.py:487} INFO - Filling up the DagBag from /home/agalli/sandbox/lib/python3.6/site-packages/airflow/example_dags/example_branch_python_dop_operator_3.py
[2021-12-02 14:51:48,066] {scheduler_job.py:643} INFO - DAG(s) dict_keys(['example_branch_dop_operator_v3']) retrieved from /home/agalli/sandbox/lib/python3.6/site-packages/airflow/example_dags/example_branch_python_dop_operator_3.py
[2021-12-02 14:51:48,162] {logging_mixin.py:104} INFO - [2021-12-02 14:51:48,162] {dag.py:1832} INFO - Sync 1 DAGs
[2021-12-02 14:51:48,305] {logging_mixin.py:104} INFO - [2021-12-02 14:51:48,305] {dag.py:2305} INFO - Setting next_dagrun for example_branch_dop_operator_v3 to 2021-11-30 00:00:00+00:00
[2021-12-02 14:51:48,330] {scheduler_job.py:190} INFO - Processing /home/agalli/sandbox/lib/python3.6/site-packages/airflow/example_dags/example_branch_python_dop_operator_3.py took 0.395 seconds
[2021-12-02 14:52:25,547] {scheduler_job.py:182} INFO - Started process (PID=1704) to work on /home/agalli/sandbox/lib/python3.6/site-packages/airflow/example_dags/example_branch_python_dop_operator_3.py
[2021-12-02 14:52:25,548] {scheduler_job.py:633} INFO - Processing file /home/agalli/sandbox/lib/python3.6/site-packages/airflow/example_dags/example_branch_python_dop_operator_3.py for tasks to queue
[2021-12-02 14:52:25,549] {logging_mixin.py:104} INFO - [2021-12-02 14:52:25,549] {dagbag.py:487} INFO - Filling up the DagBag from /home/agalli/sandbox/lib/python3.6/site-packages/airflow/example_dags/example_branch_python_dop_operator_3.py
[2021-12-02 14:52:25,565] {scheduler_job.py:643} INFO - DAG(s) dict_keys(['example_branch_dop_operator_v3']) retrieved from /home/agalli/sandbox/lib/python3.6/site-packages/airflow/example_dags/example_branch_python_dop_operator_3.py
[2021-12-02 14:52:25,583] {logging_mixin.py:104} INFO - [2021-12-02 14:52:25,583] {dag.py:1832} INFO - Sync 1 DAGs
[2021-12-02 14:52:25,616] {logging_mixin.py:104} INFO - [2021-12-02 14:52:25,615] {dag.py:2305} INFO - Setting next_dagrun for example_branch_dop_operator_v3 to 2021-11-30 00:00:00+00:00
[2021-12-02 14:52:25,639] {scheduler_job.py:190} INFO - Processing /home/agalli/sandbox/lib/python3.6/site-packages/airflow/example_dags/example_branch_python_dop_operator_3.py took 0.096 seconds
[2021-12-02 14:53:05,046] {scheduler_job.py:182} INFO - Started process (PID=1738) to work on /home/agalli/sandbox/lib/python3.6/site-packages/airflow/example_dags/example_branch_python_dop_operator_3.py
[2021-12-02 14:53:05,047] {scheduler_job.py:633} INFO - Processing file /home/agalli/sandbox/lib/python3.6/site-packages/airflow/example_dags/example_branch_python_dop_operator_3.py for tasks to queue
[2021-12-02 14:53:05,049] {logging_mixin.py:104} INFO - [2021-12-02 14:53:05,049] {dagbag.py:487} INFO - Filling up the DagBag from /home/agalli/sandbox/lib/python3.6/site-packages/airflow/example_dags/example_branch_python_dop_operator_3.py
[2021-12-02 14:53:05,076] {scheduler_job.py:643} INFO - DAG(s) dict_keys(['example_branch_dop_operator_v3']) retrieved from /home/agalli/sandbox/lib/python3.6/site-packages/airflow/example_dags/example_branch_python_dop_operator_3.py
[2021-12-02 14:53:05,102] {logging_mixin.py:104} INFO - [2021-12-02 14:53:05,102] {dag.py:1832} INFO - Sync 1 DAGs
[2021-12-02 14:53:05,161] {logging_mixin.py:104} INFO - [2021-12-02 14:53:05,161] {dag.py:2305} INFO - Setting next_dagrun for example_branch_dop_operator_v3 to 2021-11-30 00:00:00+00:00
[2021-12-02 14:53:05,196] {scheduler_job.py:190} INFO - Processing /home/agalli/sandbox/lib/python3.6/site-packages/airflow/example_dags/example_branch_python_dop_operator_3.py took 0.160 seconds
[2021-12-02 14:53:41,998] {scheduler_job.py:182} INFO - Started process (PID=1770) to work on /home/agalli/sandbox/lib/python3.6/site-packages/airflow/example_dags/example_branch_python_dop_operator_3.py
[2021-12-02 14:53:42,000] {scheduler_job.py:633} INFO - Processing file /home/agalli/sandbox/lib/python3.6/site-packages/airflow/example_dags/example_branch_python_dop_operator_3.py for tasks to queue
[2021-12-02 14:53:42,001] {logging_mixin.py:104} INFO - [2021-12-02 14:53:42,001] {dagbag.py:487} INFO - Filling up the DagBag from /home/agalli/sandbox/lib/python3.6/site-packages/airflow/example_dags/example_branch_python_dop_operator_3.py
[2021-12-02 14:53:42,019] {scheduler_job.py:643} INFO - DAG(s) dict_keys(['example_branch_dop_operator_v3']) retrieved from /home/agalli/sandbox/lib/python3.6/site-packages/airflow/example_dags/example_branch_python_dop_operator_3.py
[2021-12-02 14:53:42,039] {logging_mixin.py:104} INFO - [2021-12-02 14:53:42,039] {dag.py:1832} INFO - Sync 1 DAGs
[2021-12-02 14:53:42,084] {logging_mixin.py:104} INFO - [2021-12-02 14:53:42,083] {dag.py:2305} INFO - Setting next_dagrun for example_branch_dop_operator_v3 to 2021-11-30 00:00:00+00:00
[2021-12-02 14:53:42,107] {scheduler_job.py:190} INFO - Processing /home/agalli/sandbox/lib/python3.6/site-packages/airflow/example_dags/example_branch_python_dop_operator_3.py took 0.112 seconds
[2021-12-02 14:54:17,840] {scheduler_job.py:182} INFO - Started process (PID=1802) to work on /home/agalli/sandbox/lib/python3.6/site-packages/airflow/example_dags/example_branch_python_dop_operator_3.py
[2021-12-02 14:54:17,841] {scheduler_job.py:633} INFO - Processing file /home/agalli/sandbox/lib/python3.6/site-packages/airflow/example_dags/example_branch_python_dop_operator_3.py for tasks to queue
[2021-12-02 14:54:17,841] {logging_mixin.py:104} INFO - [2021-12-02 14:54:17,841] {dagbag.py:487} INFO - Filling up the DagBag from /home/agalli/sandbox/lib/python3.6/site-packages/airflow/example_dags/example_branch_python_dop_operator_3.py
[2021-12-02 14:54:17,857] {scheduler_job.py:643} INFO - DAG(s) dict_keys(['example_branch_dop_operator_v3']) retrieved from /home/agalli/sandbox/lib/python3.6/site-packages/airflow/example_dags/example_branch_python_dop_operator_3.py
[2021-12-02 14:54:17,875] {logging_mixin.py:104} INFO - [2021-12-02 14:54:17,875] {dag.py:1832} INFO - Sync 1 DAGs
[2021-12-02 14:54:17,905] {logging_mixin.py:104} INFO - [2021-12-02 14:54:17,904] {dag.py:2305} INFO - Setting next_dagrun for example_branch_dop_operator_v3 to 2021-11-30 00:00:00+00:00
[2021-12-02 14:54:17,925] {scheduler_job.py:190} INFO - Processing /home/agalli/sandbox/lib/python3.6/site-packages/airflow/example_dags/example_branch_python_dop_operator_3.py took 0.089 seconds
[2021-12-02 14:54:58,362] {scheduler_job.py:182} INFO - Started process (PID=1833) to work on /home/agalli/sandbox/lib/python3.6/site-packages/airflow/example_dags/example_branch_python_dop_operator_3.py
[2021-12-02 14:54:58,363] {scheduler_job.py:633} INFO - Processing file /home/agalli/sandbox/lib/python3.6/site-packages/airflow/example_dags/example_branch_python_dop_operator_3.py for tasks to queue
[2021-12-02 14:54:58,364] {logging_mixin.py:104} INFO - [2021-12-02 14:54:58,364] {dagbag.py:487} INFO - Filling up the DagBag from /home/agalli/sandbox/lib/python3.6/site-packages/airflow/example_dags/example_branch_python_dop_operator_3.py
[2021-12-02 14:54:58,383] {scheduler_job.py:643} INFO - DAG(s) dict_keys(['example_branch_dop_operator_v3']) retrieved from /home/agalli/sandbox/lib/python3.6/site-packages/airflow/example_dags/example_branch_python_dop_operator_3.py
[2021-12-02 14:54:58,416] {logging_mixin.py:104} INFO - [2021-12-02 14:54:58,416] {dag.py:1832} INFO - Sync 1 DAGs
[2021-12-02 14:54:58,462] {logging_mixin.py:104} INFO - [2021-12-02 14:54:58,462] {dag.py:2305} INFO - Setting next_dagrun for example_branch_dop_operator_v3 to 2021-11-30 00:00:00+00:00
[2021-12-02 14:54:58,501] {scheduler_job.py:190} INFO - Processing /home/agalli/sandbox/lib/python3.6/site-packages/airflow/example_dags/example_branch_python_dop_operator_3.py took 0.142 seconds
[2021-12-02 14:55:47,276] {scheduler_job.py:182} INFO - Started process (PID=1961) to work on /home/agalli/sandbox/lib/python3.6/site-packages/airflow/example_dags/example_branch_python_dop_operator_3.py
[2021-12-02 14:55:47,279] {scheduler_job.py:633} INFO - Processing file /home/agalli/sandbox/lib/python3.6/site-packages/airflow/example_dags/example_branch_python_dop_operator_3.py for tasks to queue
[2021-12-02 14:55:47,280] {logging_mixin.py:104} INFO - [2021-12-02 14:55:47,280] {dagbag.py:487} INFO - Filling up the DagBag from /home/agalli/sandbox/lib/python3.6/site-packages/airflow/example_dags/example_branch_python_dop_operator_3.py
[2021-12-02 14:55:47,315] {scheduler_job.py:643} INFO - DAG(s) dict_keys(['example_branch_dop_operator_v3']) retrieved from /home/agalli/sandbox/lib/python3.6/site-packages/airflow/example_dags/example_branch_python_dop_operator_3.py
[2021-12-02 14:55:47,357] {logging_mixin.py:104} INFO - [2021-12-02 14:55:47,356] {dag.py:1832} INFO - Sync 1 DAGs
[2021-12-02 14:55:47,437] {logging_mixin.py:104} INFO - [2021-12-02 14:55:47,437] {dag.py:2305} INFO - Setting next_dagrun for example_branch_dop_operator_v3 to 2021-11-30 00:00:00+00:00
[2021-12-02 14:55:47,479] {scheduler_job.py:190} INFO - Processing /home/agalli/sandbox/lib/python3.6/site-packages/airflow/example_dags/example_branch_python_dop_operator_3.py took 0.214 seconds
[2021-12-02 14:56:24,834] {scheduler_job.py:182} INFO - Started process (PID=1992) to work on /home/agalli/sandbox/lib/python3.6/site-packages/airflow/example_dags/example_branch_python_dop_operator_3.py
[2021-12-02 14:56:24,837] {scheduler_job.py:633} INFO - Processing file /home/agalli/sandbox/lib/python3.6/site-packages/airflow/example_dags/example_branch_python_dop_operator_3.py for tasks to queue
[2021-12-02 14:56:24,838] {logging_mixin.py:104} INFO - [2021-12-02 14:56:24,838] {dagbag.py:487} INFO - Filling up the DagBag from /home/agalli/sandbox/lib/python3.6/site-packages/airflow/example_dags/example_branch_python_dop_operator_3.py
[2021-12-02 14:56:24,865] {scheduler_job.py:643} INFO - DAG(s) dict_keys(['example_branch_dop_operator_v3']) retrieved from /home/agalli/sandbox/lib/python3.6/site-packages/airflow/example_dags/example_branch_python_dop_operator_3.py
[2021-12-02 14:56:24,900] {logging_mixin.py:104} INFO - [2021-12-02 14:56:24,900] {dag.py:1832} INFO - Sync 1 DAGs
[2021-12-02 14:56:24,934] {logging_mixin.py:104} INFO - [2021-12-02 14:56:24,933] {dag.py:2305} INFO - Setting next_dagrun for example_branch_dop_operator_v3 to 2021-11-30 00:00:00+00:00
[2021-12-02 14:56:24,972] {scheduler_job.py:190} INFO - Processing /home/agalli/sandbox/lib/python3.6/site-packages/airflow/example_dags/example_branch_python_dop_operator_3.py took 0.147 seconds
[2021-12-02 14:57:09,116] {scheduler_job.py:182} INFO - Started process (PID=2025) to work on /home/agalli/sandbox/lib/python3.6/site-packages/airflow/example_dags/example_branch_python_dop_operator_3.py
[2021-12-02 14:57:09,121] {scheduler_job.py:633} INFO - Processing file /home/agalli/sandbox/lib/python3.6/site-packages/airflow/example_dags/example_branch_python_dop_operator_3.py for tasks to queue
[2021-12-02 14:57:09,123] {logging_mixin.py:104} INFO - [2021-12-02 14:57:09,122] {dagbag.py:487} INFO - Filling up the DagBag from /home/agalli/sandbox/lib/python3.6/site-packages/airflow/example_dags/example_branch_python_dop_operator_3.py
[2021-12-02 14:57:09,170] {scheduler_job.py:643} INFO - DAG(s) dict_keys(['example_branch_dop_operator_v3']) retrieved from /home/agalli/sandbox/lib/python3.6/site-packages/airflow/example_dags/example_branch_python_dop_operator_3.py
[2021-12-02 14:57:09,203] {logging_mixin.py:104} INFO - [2021-12-02 14:57:09,203] {dag.py:1832} INFO - Sync 1 DAGs
[2021-12-02 14:57:09,243] {logging_mixin.py:104} INFO - [2021-12-02 14:57:09,243] {dag.py:2305} INFO - Setting next_dagrun for example_branch_dop_operator_v3 to 2021-11-30 00:00:00+00:00
[2021-12-02 14:57:09,270] {scheduler_job.py:190} INFO - Processing /home/agalli/sandbox/lib/python3.6/site-packages/airflow/example_dags/example_branch_python_dop_operator_3.py took 0.165 seconds
[2021-12-02 14:57:55,466] {scheduler_job.py:182} INFO - Started process (PID=2062) to work on /home/agalli/sandbox/lib/python3.6/site-packages/airflow/example_dags/example_branch_python_dop_operator_3.py
[2021-12-02 14:57:55,468] {scheduler_job.py:633} INFO - Processing file /home/agalli/sandbox/lib/python3.6/site-packages/airflow/example_dags/example_branch_python_dop_operator_3.py for tasks to queue
[2021-12-02 14:57:55,469] {logging_mixin.py:104} INFO - [2021-12-02 14:57:55,469] {dagbag.py:487} INFO - Filling up the DagBag from /home/agalli/sandbox/lib/python3.6/site-packages/airflow/example_dags/example_branch_python_dop_operator_3.py
[2021-12-02 14:57:55,494] {scheduler_job.py:643} INFO - DAG(s) dict_keys(['example_branch_dop_operator_v3']) retrieved from /home/agalli/sandbox/lib/python3.6/site-packages/airflow/example_dags/example_branch_python_dop_operator_3.py
[2021-12-02 14:57:55,528] {logging_mixin.py:104} INFO - [2021-12-02 14:57:55,528] {dag.py:1832} INFO - Sync 1 DAGs
[2021-12-02 14:57:55,598] {logging_mixin.py:104} INFO - [2021-12-02 14:57:55,598] {dag.py:2305} INFO - Setting next_dagrun for example_branch_dop_operator_v3 to 2021-11-30 00:00:00+00:00
[2021-12-02 14:57:55,678] {scheduler_job.py:190} INFO - Processing /home/agalli/sandbox/lib/python3.6/site-packages/airflow/example_dags/example_branch_python_dop_operator_3.py took 0.217 seconds
[2021-12-02 14:59:07,504] {scheduler_job.py:182} INFO - Started process (PID=2103) to work on /home/agalli/sandbox/lib/python3.6/site-packages/airflow/example_dags/example_branch_python_dop_operator_3.py
[2021-12-02 14:59:07,517] {scheduler_job.py:633} INFO - Processing file /home/agalli/sandbox/lib/python3.6/site-packages/airflow/example_dags/example_branch_python_dop_operator_3.py for tasks to queue
[2021-12-02 14:59:07,519] {logging_mixin.py:104} INFO - [2021-12-02 14:59:07,519] {dagbag.py:487} INFO - Filling up the DagBag from /home/agalli/sandbox/lib/python3.6/site-packages/airflow/example_dags/example_branch_python_dop_operator_3.py
[2021-12-02 14:59:07,631] {scheduler_job.py:643} INFO - DAG(s) dict_keys(['example_branch_dop_operator_v3']) retrieved from /home/agalli/sandbox/lib/python3.6/site-packages/airflow/example_dags/example_branch_python_dop_operator_3.py
[2021-12-02 14:59:07,839] {logging_mixin.py:104} INFO - [2021-12-02 14:59:07,839] {dag.py:1832} INFO - Sync 1 DAGs
[2021-12-02 14:59:08,033] {logging_mixin.py:104} INFO - [2021-12-02 14:59:08,033] {dag.py:2305} INFO - Setting next_dagrun for example_branch_dop_operator_v3 to 2021-11-30 00:00:00+00:00
[2021-12-02 14:59:08,571] {scheduler_job.py:190} INFO - Processing /home/agalli/sandbox/lib/python3.6/site-packages/airflow/example_dags/example_branch_python_dop_operator_3.py took 1.088 seconds
[2021-12-02 15:00:04,715] {scheduler_job.py:182} INFO - Started process (PID=2137) to work on /home/agalli/sandbox/lib/python3.6/site-packages/airflow/example_dags/example_branch_python_dop_operator_3.py
[2021-12-02 15:00:04,717] {scheduler_job.py:633} INFO - Processing file /home/agalli/sandbox/lib/python3.6/site-packages/airflow/example_dags/example_branch_python_dop_operator_3.py for tasks to queue
[2021-12-02 15:00:04,718] {logging_mixin.py:104} INFO - [2021-12-02 15:00:04,718] {dagbag.py:487} INFO - Filling up the DagBag from /home/agalli/sandbox/lib/python3.6/site-packages/airflow/example_dags/example_branch_python_dop_operator_3.py
[2021-12-02 15:00:04,744] {scheduler_job.py:643} INFO - DAG(s) dict_keys(['example_branch_dop_operator_v3']) retrieved from /home/agalli/sandbox/lib/python3.6/site-packages/airflow/example_dags/example_branch_python_dop_operator_3.py
[2021-12-02 15:00:04,775] {logging_mixin.py:104} INFO - [2021-12-02 15:00:04,775] {dag.py:1832} INFO - Sync 1 DAGs
[2021-12-02 15:00:04,837] {logging_mixin.py:104} INFO - [2021-12-02 15:00:04,836] {dag.py:2305} INFO - Setting next_dagrun for example_branch_dop_operator_v3 to 2021-11-30 00:00:00+00:00
[2021-12-02 15:00:04,869] {scheduler_job.py:190} INFO - Processing /home/agalli/sandbox/lib/python3.6/site-packages/airflow/example_dags/example_branch_python_dop_operator_3.py took 0.161 seconds
[2021-12-02 15:00:50,600] {scheduler_job.py:182} INFO - Started process (PID=2172) to work on /home/agalli/sandbox/lib/python3.6/site-packages/airflow/example_dags/example_branch_python_dop_operator_3.py
[2021-12-02 15:00:50,602] {scheduler_job.py:633} INFO - Processing file /home/agalli/sandbox/lib/python3.6/site-packages/airflow/example_dags/example_branch_python_dop_operator_3.py for tasks to queue
[2021-12-02 15:00:50,603] {logging_mixin.py:104} INFO - [2021-12-02 15:00:50,603] {dagbag.py:487} INFO - Filling up the DagBag from /home/agalli/sandbox/lib/python3.6/site-packages/airflow/example_dags/example_branch_python_dop_operator_3.py
[2021-12-02 15:00:50,632] {scheduler_job.py:643} INFO - DAG(s) dict_keys(['example_branch_dop_operator_v3']) retrieved from /home/agalli/sandbox/lib/python3.6/site-packages/airflow/example_dags/example_branch_python_dop_operator_3.py
[2021-12-02 15:00:50,657] {logging_mixin.py:104} INFO - [2021-12-02 15:00:50,657] {dag.py:1832} INFO - Sync 1 DAGs
[2021-12-02 15:00:50,700] {logging_mixin.py:104} INFO - [2021-12-02 15:00:50,700] {dag.py:2305} INFO - Setting next_dagrun for example_branch_dop_operator_v3 to 2021-11-30 00:00:00+00:00
[2021-12-02 15:00:50,729] {scheduler_job.py:190} INFO - Processing /home/agalli/sandbox/lib/python3.6/site-packages/airflow/example_dags/example_branch_python_dop_operator_3.py took 0.139 seconds
[2021-12-02 15:01:44,175] {scheduler_job.py:182} INFO - Started process (PID=2208) to work on /home/agalli/sandbox/lib/python3.6/site-packages/airflow/example_dags/example_branch_python_dop_operator_3.py
[2021-12-02 15:01:44,188] {scheduler_job.py:633} INFO - Processing file /home/agalli/sandbox/lib/python3.6/site-packages/airflow/example_dags/example_branch_python_dop_operator_3.py for tasks to queue
[2021-12-02 15:01:44,190] {logging_mixin.py:104} INFO - [2021-12-02 15:01:44,190] {dagbag.py:487} INFO - Filling up the DagBag from /home/agalli/sandbox/lib/python3.6/site-packages/airflow/example_dags/example_branch_python_dop_operator_3.py
[2021-12-02 15:01:44,350] {scheduler_job.py:643} INFO - DAG(s) dict_keys(['example_branch_dop_operator_v3']) retrieved from /home/agalli/sandbox/lib/python3.6/site-packages/airflow/example_dags/example_branch_python_dop_operator_3.py
[2021-12-02 15:01:44,477] {logging_mixin.py:104} INFO - [2021-12-02 15:01:44,477] {dag.py:1832} INFO - Sync 1 DAGs
[2021-12-02 15:01:44,611] {logging_mixin.py:104} INFO - [2021-12-02 15:01:44,610] {dag.py:2305} INFO - Setting next_dagrun for example_branch_dop_operator_v3 to 2021-11-30 00:00:00+00:00
[2021-12-02 15:01:44,673] {scheduler_job.py:190} INFO - Processing /home/agalli/sandbox/lib/python3.6/site-packages/airflow/example_dags/example_branch_python_dop_operator_3.py took 0.531 seconds
[2021-12-02 15:04:39,517] {scheduler_job.py:182} INFO - Started process (PID=2318) to work on /home/agalli/sandbox/lib/python3.6/site-packages/airflow/example_dags/example_branch_python_dop_operator_3.py
[2021-12-02 15:04:39,522] {scheduler_job.py:633} INFO - Processing file /home/agalli/sandbox/lib/python3.6/site-packages/airflow/example_dags/example_branch_python_dop_operator_3.py for tasks to queue
[2021-12-02 15:04:39,524] {logging_mixin.py:104} INFO - [2021-12-02 15:04:39,523] {dagbag.py:487} INFO - Filling up the DagBag from /home/agalli/sandbox/lib/python3.6/site-packages/airflow/example_dags/example_branch_python_dop_operator_3.py
[2021-12-02 15:04:39,596] {scheduler_job.py:643} INFO - DAG(s) dict_keys(['example_branch_dop_operator_v3']) retrieved from /home/agalli/sandbox/lib/python3.6/site-packages/airflow/example_dags/example_branch_python_dop_operator_3.py
[2021-12-02 15:04:39,674] {logging_mixin.py:104} INFO - [2021-12-02 15:04:39,673] {dag.py:1832} INFO - Sync 1 DAGs
[2021-12-02 15:04:39,763] {logging_mixin.py:104} INFO - [2021-12-02 15:04:39,763] {dag.py:2305} INFO - Setting next_dagrun for example_branch_dop_operator_v3 to 2021-11-30 00:00:00+00:00
[2021-12-02 15:04:39,799] {scheduler_job.py:190} INFO - Processing /home/agalli/sandbox/lib/python3.6/site-packages/airflow/example_dags/example_branch_python_dop_operator_3.py took 0.300 seconds
[2021-12-02 15:05:30,638] {scheduler_job.py:182} INFO - Started process (PID=2352) to work on /home/agalli/sandbox/lib/python3.6/site-packages/airflow/example_dags/example_branch_python_dop_operator_3.py
[2021-12-02 15:05:30,650] {scheduler_job.py:633} INFO - Processing file /home/agalli/sandbox/lib/python3.6/site-packages/airflow/example_dags/example_branch_python_dop_operator_3.py for tasks to queue
[2021-12-02 15:05:30,653] {logging_mixin.py:104} INFO - [2021-12-02 15:05:30,652] {dagbag.py:487} INFO - Filling up the DagBag from /home/agalli/sandbox/lib/python3.6/site-packages/airflow/example_dags/example_branch_python_dop_operator_3.py
[2021-12-02 15:05:30,705] {scheduler_job.py:643} INFO - DAG(s) dict_keys(['example_branch_dop_operator_v3']) retrieved from /home/agalli/sandbox/lib/python3.6/site-packages/airflow/example_dags/example_branch_python_dop_operator_3.py
[2021-12-02 15:05:30,852] {logging_mixin.py:104} INFO - [2021-12-02 15:05:30,852] {dag.py:1832} INFO - Sync 1 DAGs
[2021-12-02 15:05:30,967] {logging_mixin.py:104} INFO - [2021-12-02 15:05:30,966] {dag.py:2305} INFO - Setting next_dagrun for example_branch_dop_operator_v3 to 2021-11-30 00:00:00+00:00
[2021-12-02 15:05:31,008] {scheduler_job.py:190} INFO - Processing /home/agalli/sandbox/lib/python3.6/site-packages/airflow/example_dags/example_branch_python_dop_operator_3.py took 0.386 seconds
[2021-12-02 15:06:20,365] {scheduler_job.py:182} INFO - Started process (PID=2385) to work on /home/agalli/sandbox/lib/python3.6/site-packages/airflow/example_dags/example_branch_python_dop_operator_3.py
[2021-12-02 15:06:20,366] {scheduler_job.py:633} INFO - Processing file /home/agalli/sandbox/lib/python3.6/site-packages/airflow/example_dags/example_branch_python_dop_operator_3.py for tasks to queue
[2021-12-02 15:06:20,367] {logging_mixin.py:104} INFO - [2021-12-02 15:06:20,366] {dagbag.py:487} INFO - Filling up the DagBag from /home/agalli/sandbox/lib/python3.6/site-packages/airflow/example_dags/example_branch_python_dop_operator_3.py
[2021-12-02 15:06:20,381] {scheduler_job.py:643} INFO - DAG(s) dict_keys(['example_branch_dop_operator_v3']) retrieved from /home/agalli/sandbox/lib/python3.6/site-packages/airflow/example_dags/example_branch_python_dop_operator_3.py
[2021-12-02 15:06:20,423] {logging_mixin.py:104} INFO - [2021-12-02 15:06:20,423] {dag.py:1832} INFO - Sync 1 DAGs
[2021-12-02 15:06:20,475] {logging_mixin.py:104} INFO - [2021-12-02 15:06:20,474] {dag.py:2305} INFO - Setting next_dagrun for example_branch_dop_operator_v3 to 2021-11-30 00:00:00+00:00
[2021-12-02 15:06:20,508] {scheduler_job.py:190} INFO - Processing /home/agalli/sandbox/lib/python3.6/site-packages/airflow/example_dags/example_branch_python_dop_operator_3.py took 0.147 seconds
[2021-12-02 15:07:06,403] {scheduler_job.py:182} INFO - Started process (PID=2416) to work on /home/agalli/sandbox/lib/python3.6/site-packages/airflow/example_dags/example_branch_python_dop_operator_3.py
[2021-12-02 15:07:06,405] {scheduler_job.py:633} INFO - Processing file /home/agalli/sandbox/lib/python3.6/site-packages/airflow/example_dags/example_branch_python_dop_operator_3.py for tasks to queue
[2021-12-02 15:07:06,406] {logging_mixin.py:104} INFO - [2021-12-02 15:07:06,406] {dagbag.py:487} INFO - Filling up the DagBag from /home/agalli/sandbox/lib/python3.6/site-packages/airflow/example_dags/example_branch_python_dop_operator_3.py
[2021-12-02 15:07:06,432] {scheduler_job.py:643} INFO - DAG(s) dict_keys(['example_branch_dop_operator_v3']) retrieved from /home/agalli/sandbox/lib/python3.6/site-packages/airflow/example_dags/example_branch_python_dop_operator_3.py
[2021-12-02 15:07:06,531] {logging_mixin.py:104} INFO - [2021-12-02 15:07:06,531] {dag.py:1832} INFO - Sync 1 DAGs
[2021-12-02 15:07:06,564] {logging_mixin.py:104} INFO - [2021-12-02 15:07:06,564] {dag.py:2305} INFO - Setting next_dagrun for example_branch_dop_operator_v3 to 2021-11-30 00:00:00+00:00
[2021-12-02 15:07:06,592] {scheduler_job.py:190} INFO - Processing /home/agalli/sandbox/lib/python3.6/site-packages/airflow/example_dags/example_branch_python_dop_operator_3.py took 0.203 seconds
[2021-12-02 15:07:48,982] {scheduler_job.py:182} INFO - Started process (PID=2448) to work on /home/agalli/sandbox/lib/python3.6/site-packages/airflow/example_dags/example_branch_python_dop_operator_3.py
[2021-12-02 15:07:48,984] {scheduler_job.py:633} INFO - Processing file /home/agalli/sandbox/lib/python3.6/site-packages/airflow/example_dags/example_branch_python_dop_operator_3.py for tasks to queue
[2021-12-02 15:07:48,985] {logging_mixin.py:104} INFO - [2021-12-02 15:07:48,985] {dagbag.py:487} INFO - Filling up the DagBag from /home/agalli/sandbox/lib/python3.6/site-packages/airflow/example_dags/example_branch_python_dop_operator_3.py
[2021-12-02 15:07:49,005] {scheduler_job.py:643} INFO - DAG(s) dict_keys(['example_branch_dop_operator_v3']) retrieved from /home/agalli/sandbox/lib/python3.6/site-packages/airflow/example_dags/example_branch_python_dop_operator_3.py
[2021-12-02 15:07:49,035] {logging_mixin.py:104} INFO - [2021-12-02 15:07:49,035] {dag.py:1832} INFO - Sync 1 DAGs
[2021-12-02 15:07:49,078] {logging_mixin.py:104} INFO - [2021-12-02 15:07:49,077] {dag.py:2305} INFO - Setting next_dagrun for example_branch_dop_operator_v3 to 2021-11-30 00:00:00+00:00
[2021-12-02 15:07:49,124] {scheduler_job.py:190} INFO - Processing /home/agalli/sandbox/lib/python3.6/site-packages/airflow/example_dags/example_branch_python_dop_operator_3.py took 0.150 seconds
[2021-12-02 15:08:45,644] {scheduler_job.py:182} INFO - Started process (PID=2482) to work on /home/agalli/sandbox/lib/python3.6/site-packages/airflow/example_dags/example_branch_python_dop_operator_3.py
[2021-12-02 15:08:45,646] {scheduler_job.py:633} INFO - Processing file /home/agalli/sandbox/lib/python3.6/site-packages/airflow/example_dags/example_branch_python_dop_operator_3.py for tasks to queue
[2021-12-02 15:08:45,648] {logging_mixin.py:104} INFO - [2021-12-02 15:08:45,647] {dagbag.py:487} INFO - Filling up the DagBag from /home/agalli/sandbox/lib/python3.6/site-packages/airflow/example_dags/example_branch_python_dop_operator_3.py
[2021-12-02 15:08:45,686] {scheduler_job.py:643} INFO - DAG(s) dict_keys(['example_branch_dop_operator_v3']) retrieved from /home/agalli/sandbox/lib/python3.6/site-packages/airflow/example_dags/example_branch_python_dop_operator_3.py
[2021-12-02 15:08:45,767] {logging_mixin.py:104} INFO - [2021-12-02 15:08:45,767] {dag.py:1832} INFO - Sync 1 DAGs
[2021-12-02 15:08:45,847] {logging_mixin.py:104} INFO - [2021-12-02 15:08:45,847] {dag.py:2305} INFO - Setting next_dagrun for example_branch_dop_operator_v3 to 2021-11-30 00:00:00+00:00
[2021-12-02 15:08:45,912] {scheduler_job.py:190} INFO - Processing /home/agalli/sandbox/lib/python3.6/site-packages/airflow/example_dags/example_branch_python_dop_operator_3.py took 0.278 seconds
[2021-12-02 15:09:31,101] {scheduler_job.py:182} INFO - Started process (PID=2514) to work on /home/agalli/sandbox/lib/python3.6/site-packages/airflow/example_dags/example_branch_python_dop_operator_3.py
[2021-12-02 15:09:31,102] {scheduler_job.py:633} INFO - Processing file /home/agalli/sandbox/lib/python3.6/site-packages/airflow/example_dags/example_branch_python_dop_operator_3.py for tasks to queue
[2021-12-02 15:09:31,103] {logging_mixin.py:104} INFO - [2021-12-02 15:09:31,103] {dagbag.py:487} INFO - Filling up the DagBag from /home/agalli/sandbox/lib/python3.6/site-packages/airflow/example_dags/example_branch_python_dop_operator_3.py
[2021-12-02 15:09:31,117] {scheduler_job.py:643} INFO - DAG(s) dict_keys(['example_branch_dop_operator_v3']) retrieved from /home/agalli/sandbox/lib/python3.6/site-packages/airflow/example_dags/example_branch_python_dop_operator_3.py
[2021-12-02 15:09:31,141] {logging_mixin.py:104} INFO - [2021-12-02 15:09:31,141] {dag.py:1832} INFO - Sync 1 DAGs
[2021-12-02 15:09:31,171] {logging_mixin.py:104} INFO - [2021-12-02 15:09:31,170] {dag.py:2305} INFO - Setting next_dagrun for example_branch_dop_operator_v3 to 2021-11-30 00:00:00+00:00
[2021-12-02 15:09:31,196] {scheduler_job.py:190} INFO - Processing /home/agalli/sandbox/lib/python3.6/site-packages/airflow/example_dags/example_branch_python_dop_operator_3.py took 0.100 seconds
[2021-12-02 15:10:13,438] {scheduler_job.py:182} INFO - Started process (PID=2549) to work on /home/agalli/sandbox/lib/python3.6/site-packages/airflow/example_dags/example_branch_python_dop_operator_3.py
[2021-12-02 15:10:13,442] {scheduler_job.py:633} INFO - Processing file /home/agalli/sandbox/lib/python3.6/site-packages/airflow/example_dags/example_branch_python_dop_operator_3.py for tasks to queue
[2021-12-02 15:10:13,444] {logging_mixin.py:104} INFO - [2021-12-02 15:10:13,443] {dagbag.py:487} INFO - Filling up the DagBag from /home/agalli/sandbox/lib/python3.6/site-packages/airflow/example_dags/example_branch_python_dop_operator_3.py
[2021-12-02 15:10:13,460] {scheduler_job.py:643} INFO - DAG(s) dict_keys(['example_branch_dop_operator_v3']) retrieved from /home/agalli/sandbox/lib/python3.6/site-packages/airflow/example_dags/example_branch_python_dop_operator_3.py
[2021-12-02 15:10:13,494] {logging_mixin.py:104} INFO - [2021-12-02 15:10:13,494] {dag.py:1832} INFO - Sync 1 DAGs
[2021-12-02 15:10:13,534] {logging_mixin.py:104} INFO - [2021-12-02 15:10:13,534] {dag.py:2305} INFO - Setting next_dagrun for example_branch_dop_operator_v3 to 2021-11-30 00:00:00+00:00
[2021-12-02 15:10:13,559] {scheduler_job.py:190} INFO - Processing /home/agalli/sandbox/lib/python3.6/site-packages/airflow/example_dags/example_branch_python_dop_operator_3.py took 0.126 seconds
[2021-12-02 15:10:52,996] {scheduler_job.py:182} INFO - Started process (PID=2582) to work on /home/agalli/sandbox/lib/python3.6/site-packages/airflow/example_dags/example_branch_python_dop_operator_3.py
[2021-12-02 15:10:52,998] {scheduler_job.py:633} INFO - Processing file /home/agalli/sandbox/lib/python3.6/site-packages/airflow/example_dags/example_branch_python_dop_operator_3.py for tasks to queue
[2021-12-02 15:10:53,000] {logging_mixin.py:104} INFO - [2021-12-02 15:10:53,000] {dagbag.py:487} INFO - Filling up the DagBag from /home/agalli/sandbox/lib/python3.6/site-packages/airflow/example_dags/example_branch_python_dop_operator_3.py
[2021-12-02 15:10:53,017] {scheduler_job.py:643} INFO - DAG(s) dict_keys(['example_branch_dop_operator_v3']) retrieved from /home/agalli/sandbox/lib/python3.6/site-packages/airflow/example_dags/example_branch_python_dop_operator_3.py
[2021-12-02 15:10:53,043] {logging_mixin.py:104} INFO - [2021-12-02 15:10:53,043] {dag.py:1832} INFO - Sync 1 DAGs
[2021-12-02 15:10:53,075] {logging_mixin.py:104} INFO - [2021-12-02 15:10:53,075] {dag.py:2305} INFO - Setting next_dagrun for example_branch_dop_operator_v3 to 2021-11-30 00:00:00+00:00
[2021-12-02 15:10:53,095] {scheduler_job.py:190} INFO - Processing /home/agalli/sandbox/lib/python3.6/site-packages/airflow/example_dags/example_branch_python_dop_operator_3.py took 0.108 seconds
[2021-12-02 15:11:29,463] {scheduler_job.py:182} INFO - Started process (PID=2615) to work on /home/agalli/sandbox/lib/python3.6/site-packages/airflow/example_dags/example_branch_python_dop_operator_3.py
[2021-12-02 15:11:29,465] {scheduler_job.py:633} INFO - Processing file /home/agalli/sandbox/lib/python3.6/site-packages/airflow/example_dags/example_branch_python_dop_operator_3.py for tasks to queue
[2021-12-02 15:11:29,465] {logging_mixin.py:104} INFO - [2021-12-02 15:11:29,465] {dagbag.py:487} INFO - Filling up the DagBag from /home/agalli/sandbox/lib/python3.6/site-packages/airflow/example_dags/example_branch_python_dop_operator_3.py
[2021-12-02 15:11:29,477] {scheduler_job.py:643} INFO - DAG(s) dict_keys(['example_branch_dop_operator_v3']) retrieved from /home/agalli/sandbox/lib/python3.6/site-packages/airflow/example_dags/example_branch_python_dop_operator_3.py
[2021-12-02 15:11:29,493] {logging_mixin.py:104} INFO - [2021-12-02 15:11:29,493] {dag.py:1832} INFO - Sync 1 DAGs
[2021-12-02 15:11:29,511] {logging_mixin.py:104} INFO - [2021-12-02 15:11:29,510] {dag.py:2305} INFO - Setting next_dagrun for example_branch_dop_operator_v3 to 2021-11-30 00:00:00+00:00
[2021-12-02 15:11:29,528] {scheduler_job.py:190} INFO - Processing /home/agalli/sandbox/lib/python3.6/site-packages/airflow/example_dags/example_branch_python_dop_operator_3.py took 0.068 seconds
[2021-12-02 15:12:08,239] {scheduler_job.py:182} INFO - Started process (PID=2650) to work on /home/agalli/sandbox/lib/python3.6/site-packages/airflow/example_dags/example_branch_python_dop_operator_3.py
[2021-12-02 15:12:08,240] {scheduler_job.py:633} INFO - Processing file /home/agalli/sandbox/lib/python3.6/site-packages/airflow/example_dags/example_branch_python_dop_operator_3.py for tasks to queue
[2021-12-02 15:12:08,241] {logging_mixin.py:104} INFO - [2021-12-02 15:12:08,241] {dagbag.py:487} INFO - Filling up the DagBag from /home/agalli/sandbox/lib/python3.6/site-packages/airflow/example_dags/example_branch_python_dop_operator_3.py
[2021-12-02 15:12:08,253] {scheduler_job.py:643} INFO - DAG(s) dict_keys(['example_branch_dop_operator_v3']) retrieved from /home/agalli/sandbox/lib/python3.6/site-packages/airflow/example_dags/example_branch_python_dop_operator_3.py
[2021-12-02 15:12:08,271] {logging_mixin.py:104} INFO - [2021-12-02 15:12:08,271] {dag.py:1832} INFO - Sync 1 DAGs
[2021-12-02 15:12:08,291] {logging_mixin.py:104} INFO - [2021-12-02 15:12:08,291] {dag.py:2305} INFO - Setting next_dagrun for example_branch_dop_operator_v3 to 2021-11-30 00:00:00+00:00
[2021-12-02 15:12:08,310] {scheduler_job.py:190} INFO - Processing /home/agalli/sandbox/lib/python3.6/site-packages/airflow/example_dags/example_branch_python_dop_operator_3.py took 0.075 seconds
[2021-12-02 15:12:46,687] {scheduler_job.py:182} INFO - Started process (PID=2683) to work on /home/agalli/sandbox/lib/python3.6/site-packages/airflow/example_dags/example_branch_python_dop_operator_3.py
[2021-12-02 15:12:46,689] {scheduler_job.py:633} INFO - Processing file /home/agalli/sandbox/lib/python3.6/site-packages/airflow/example_dags/example_branch_python_dop_operator_3.py for tasks to queue
[2021-12-02 15:12:46,689] {logging_mixin.py:104} INFO - [2021-12-02 15:12:46,689] {dagbag.py:487} INFO - Filling up the DagBag from /home/agalli/sandbox/lib/python3.6/site-packages/airflow/example_dags/example_branch_python_dop_operator_3.py
[2021-12-02 15:12:46,701] {scheduler_job.py:643} INFO - DAG(s) dict_keys(['example_branch_dop_operator_v3']) retrieved from /home/agalli/sandbox/lib/python3.6/site-packages/airflow/example_dags/example_branch_python_dop_operator_3.py
[2021-12-02 15:12:46,716] {logging_mixin.py:104} INFO - [2021-12-02 15:12:46,716] {dag.py:1832} INFO - Sync 1 DAGs
[2021-12-02 15:12:46,739] {logging_mixin.py:104} INFO - [2021-12-02 15:12:46,739] {dag.py:2305} INFO - Setting next_dagrun for example_branch_dop_operator_v3 to 2021-11-30 00:00:00+00:00
[2021-12-02 15:12:46,765] {scheduler_job.py:190} INFO - Processing /home/agalli/sandbox/lib/python3.6/site-packages/airflow/example_dags/example_branch_python_dop_operator_3.py took 0.081 seconds
[2021-12-02 15:13:24,814] {scheduler_job.py:182} INFO - Started process (PID=2717) to work on /home/agalli/sandbox/lib/python3.6/site-packages/airflow/example_dags/example_branch_python_dop_operator_3.py
[2021-12-02 15:13:24,815] {scheduler_job.py:633} INFO - Processing file /home/agalli/sandbox/lib/python3.6/site-packages/airflow/example_dags/example_branch_python_dop_operator_3.py for tasks to queue
[2021-12-02 15:13:24,816] {logging_mixin.py:104} INFO - [2021-12-02 15:13:24,816] {dagbag.py:487} INFO - Filling up the DagBag from /home/agalli/sandbox/lib/python3.6/site-packages/airflow/example_dags/example_branch_python_dop_operator_3.py
[2021-12-02 15:13:24,826] {scheduler_job.py:643} INFO - DAG(s) dict_keys(['example_branch_dop_operator_v3']) retrieved from /home/agalli/sandbox/lib/python3.6/site-packages/airflow/example_dags/example_branch_python_dop_operator_3.py
[2021-12-02 15:13:24,843] {logging_mixin.py:104} INFO - [2021-12-02 15:13:24,843] {dag.py:1832} INFO - Sync 1 DAGs
[2021-12-02 15:13:24,879] {logging_mixin.py:104} INFO - [2021-12-02 15:13:24,879] {dag.py:2305} INFO - Setting next_dagrun for example_branch_dop_operator_v3 to 2021-11-30 00:00:00+00:00
[2021-12-02 15:13:24,904] {scheduler_job.py:190} INFO - Processing /home/agalli/sandbox/lib/python3.6/site-packages/airflow/example_dags/example_branch_python_dop_operator_3.py took 0.093 seconds
[2021-12-02 15:13:57,593] {scheduler_job.py:182} INFO - Started process (PID=2748) to work on /home/agalli/sandbox/lib/python3.6/site-packages/airflow/example_dags/example_branch_python_dop_operator_3.py
[2021-12-02 15:13:57,594] {scheduler_job.py:633} INFO - Processing file /home/agalli/sandbox/lib/python3.6/site-packages/airflow/example_dags/example_branch_python_dop_operator_3.py for tasks to queue
[2021-12-02 15:13:57,595] {logging_mixin.py:104} INFO - [2021-12-02 15:13:57,595] {dagbag.py:487} INFO - Filling up the DagBag from /home/agalli/sandbox/lib/python3.6/site-packages/airflow/example_dags/example_branch_python_dop_operator_3.py
[2021-12-02 15:13:57,605] {scheduler_job.py:643} INFO - DAG(s) dict_keys(['example_branch_dop_operator_v3']) retrieved from /home/agalli/sandbox/lib/python3.6/site-packages/airflow/example_dags/example_branch_python_dop_operator_3.py
[2021-12-02 15:13:57,625] {logging_mixin.py:104} INFO - [2021-12-02 15:13:57,625] {dag.py:1832} INFO - Sync 1 DAGs
[2021-12-02 15:13:57,653] {logging_mixin.py:104} INFO - [2021-12-02 15:13:57,652] {dag.py:2305} INFO - Setting next_dagrun for example_branch_dop_operator_v3 to 2021-11-30 00:00:00+00:00
[2021-12-02 15:13:57,674] {scheduler_job.py:190} INFO - Processing /home/agalli/sandbox/lib/python3.6/site-packages/airflow/example_dags/example_branch_python_dop_operator_3.py took 0.084 seconds
[2021-12-02 15:14:34,000] {scheduler_job.py:182} INFO - Started process (PID=2780) to work on /home/agalli/sandbox/lib/python3.6/site-packages/airflow/example_dags/example_branch_python_dop_operator_3.py
[2021-12-02 15:14:34,001] {scheduler_job.py:633} INFO - Processing file /home/agalli/sandbox/lib/python3.6/site-packages/airflow/example_dags/example_branch_python_dop_operator_3.py for tasks to queue
[2021-12-02 15:14:34,002] {logging_mixin.py:104} INFO - [2021-12-02 15:14:34,002] {dagbag.py:487} INFO - Filling up the DagBag from /home/agalli/sandbox/lib/python3.6/site-packages/airflow/example_dags/example_branch_python_dop_operator_3.py
[2021-12-02 15:14:34,015] {scheduler_job.py:643} INFO - DAG(s) dict_keys(['example_branch_dop_operator_v3']) retrieved from /home/agalli/sandbox/lib/python3.6/site-packages/airflow/example_dags/example_branch_python_dop_operator_3.py
[2021-12-02 15:14:34,033] {logging_mixin.py:104} INFO - [2021-12-02 15:14:34,033] {dag.py:1832} INFO - Sync 1 DAGs
[2021-12-02 15:14:34,057] {logging_mixin.py:104} INFO - [2021-12-02 15:14:34,057] {dag.py:2305} INFO - Setting next_dagrun for example_branch_dop_operator_v3 to 2021-11-30 00:00:00+00:00
[2021-12-02 15:14:34,078] {scheduler_job.py:190} INFO - Processing /home/agalli/sandbox/lib/python3.6/site-packages/airflow/example_dags/example_branch_python_dop_operator_3.py took 0.083 seconds
[2021-12-02 15:15:15,889] {scheduler_job.py:182} INFO - Started process (PID=2814) to work on /home/agalli/sandbox/lib/python3.6/site-packages/airflow/example_dags/example_branch_python_dop_operator_3.py
[2021-12-02 15:15:15,892] {scheduler_job.py:633} INFO - Processing file /home/agalli/sandbox/lib/python3.6/site-packages/airflow/example_dags/example_branch_python_dop_operator_3.py for tasks to queue
[2021-12-02 15:15:15,894] {logging_mixin.py:104} INFO - [2021-12-02 15:15:15,893] {dagbag.py:487} INFO - Filling up the DagBag from /home/agalli/sandbox/lib/python3.6/site-packages/airflow/example_dags/example_branch_python_dop_operator_3.py
[2021-12-02 15:15:15,915] {scheduler_job.py:643} INFO - DAG(s) dict_keys(['example_branch_dop_operator_v3']) retrieved from /home/agalli/sandbox/lib/python3.6/site-packages/airflow/example_dags/example_branch_python_dop_operator_3.py
[2021-12-02 15:15:15,949] {logging_mixin.py:104} INFO - [2021-12-02 15:15:15,949] {dag.py:1832} INFO - Sync 1 DAGs
[2021-12-02 15:15:15,989] {logging_mixin.py:104} INFO - [2021-12-02 15:15:15,989] {dag.py:2305} INFO - Setting next_dagrun for example_branch_dop_operator_v3 to 2021-11-30 00:00:00+00:00
[2021-12-02 15:15:16,037] {scheduler_job.py:190} INFO - Processing /home/agalli/sandbox/lib/python3.6/site-packages/airflow/example_dags/example_branch_python_dop_operator_3.py took 0.153 seconds
[2021-12-02 15:15:58,268] {scheduler_job.py:182} INFO - Started process (PID=2849) to work on /home/agalli/sandbox/lib/python3.6/site-packages/airflow/example_dags/example_branch_python_dop_operator_3.py
[2021-12-02 15:15:58,269] {scheduler_job.py:633} INFO - Processing file /home/agalli/sandbox/lib/python3.6/site-packages/airflow/example_dags/example_branch_python_dop_operator_3.py for tasks to queue
[2021-12-02 15:15:58,270] {logging_mixin.py:104} INFO - [2021-12-02 15:15:58,270] {dagbag.py:487} INFO - Filling up the DagBag from /home/agalli/sandbox/lib/python3.6/site-packages/airflow/example_dags/example_branch_python_dop_operator_3.py
[2021-12-02 15:15:58,279] {scheduler_job.py:643} INFO - DAG(s) dict_keys(['example_branch_dop_operator_v3']) retrieved from /home/agalli/sandbox/lib/python3.6/site-packages/airflow/example_dags/example_branch_python_dop_operator_3.py
[2021-12-02 15:15:58,295] {logging_mixin.py:104} INFO - [2021-12-02 15:15:58,295] {dag.py:1832} INFO - Sync 1 DAGs
[2021-12-02 15:15:58,326] {logging_mixin.py:104} INFO - [2021-12-02 15:15:58,326] {dag.py:2305} INFO - Setting next_dagrun for example_branch_dop_operator_v3 to 2021-11-30 00:00:00+00:00
[2021-12-02 15:15:58,346] {scheduler_job.py:190} INFO - Processing /home/agalli/sandbox/lib/python3.6/site-packages/airflow/example_dags/example_branch_python_dop_operator_3.py took 0.081 seconds
[2021-12-02 15:16:35,364] {scheduler_job.py:182} INFO - Started process (PID=2881) to work on /home/agalli/sandbox/lib/python3.6/site-packages/airflow/example_dags/example_branch_python_dop_operator_3.py
[2021-12-02 15:16:35,365] {scheduler_job.py:633} INFO - Processing file /home/agalli/sandbox/lib/python3.6/site-packages/airflow/example_dags/example_branch_python_dop_operator_3.py for tasks to queue
[2021-12-02 15:16:35,365] {logging_mixin.py:104} INFO - [2021-12-02 15:16:35,365] {dagbag.py:487} INFO - Filling up the DagBag from /home/agalli/sandbox/lib/python3.6/site-packages/airflow/example_dags/example_branch_python_dop_operator_3.py
[2021-12-02 15:16:35,375] {scheduler_job.py:643} INFO - DAG(s) dict_keys(['example_branch_dop_operator_v3']) retrieved from /home/agalli/sandbox/lib/python3.6/site-packages/airflow/example_dags/example_branch_python_dop_operator_3.py
[2021-12-02 15:16:35,394] {logging_mixin.py:104} INFO - [2021-12-02 15:16:35,394] {dag.py:1832} INFO - Sync 1 DAGs
[2021-12-02 15:16:35,420] {logging_mixin.py:104} INFO - [2021-12-02 15:16:35,420] {dag.py:2305} INFO - Setting next_dagrun for example_branch_dop_operator_v3 to 2021-11-30 00:00:00+00:00
[2021-12-02 15:16:35,441] {scheduler_job.py:190} INFO - Processing /home/agalli/sandbox/lib/python3.6/site-packages/airflow/example_dags/example_branch_python_dop_operator_3.py took 0.081 seconds
[2021-12-02 15:17:10,583] {scheduler_job.py:182} INFO - Started process (PID=2914) to work on /home/agalli/sandbox/lib/python3.6/site-packages/airflow/example_dags/example_branch_python_dop_operator_3.py
[2021-12-02 15:17:10,585] {scheduler_job.py:633} INFO - Processing file /home/agalli/sandbox/lib/python3.6/site-packages/airflow/example_dags/example_branch_python_dop_operator_3.py for tasks to queue
[2021-12-02 15:17:10,585] {logging_mixin.py:104} INFO - [2021-12-02 15:17:10,585] {dagbag.py:487} INFO - Filling up the DagBag from /home/agalli/sandbox/lib/python3.6/site-packages/airflow/example_dags/example_branch_python_dop_operator_3.py
[2021-12-02 15:17:10,597] {scheduler_job.py:643} INFO - DAG(s) dict_keys(['example_branch_dop_operator_v3']) retrieved from /home/agalli/sandbox/lib/python3.6/site-packages/airflow/example_dags/example_branch_python_dop_operator_3.py
[2021-12-02 15:17:10,615] {logging_mixin.py:104} INFO - [2021-12-02 15:17:10,615] {dag.py:1832} INFO - Sync 1 DAGs
[2021-12-02 15:17:10,641] {logging_mixin.py:104} INFO - [2021-12-02 15:17:10,641] {dag.py:2305} INFO - Setting next_dagrun for example_branch_dop_operator_v3 to 2021-11-30 00:00:00+00:00
[2021-12-02 15:17:10,663] {scheduler_job.py:190} INFO - Processing /home/agalli/sandbox/lib/python3.6/site-packages/airflow/example_dags/example_branch_python_dop_operator_3.py took 0.084 seconds
[2021-12-02 15:17:46,479] {scheduler_job.py:182} INFO - Started process (PID=2948) to work on /home/agalli/sandbox/lib/python3.6/site-packages/airflow/example_dags/example_branch_python_dop_operator_3.py
[2021-12-02 15:17:46,480] {scheduler_job.py:633} INFO - Processing file /home/agalli/sandbox/lib/python3.6/site-packages/airflow/example_dags/example_branch_python_dop_operator_3.py for tasks to queue
[2021-12-02 15:17:46,481] {logging_mixin.py:104} INFO - [2021-12-02 15:17:46,481] {dagbag.py:487} INFO - Filling up the DagBag from /home/agalli/sandbox/lib/python3.6/site-packages/airflow/example_dags/example_branch_python_dop_operator_3.py
[2021-12-02 15:17:46,494] {scheduler_job.py:643} INFO - DAG(s) dict_keys(['example_branch_dop_operator_v3']) retrieved from /home/agalli/sandbox/lib/python3.6/site-packages/airflow/example_dags/example_branch_python_dop_operator_3.py
[2021-12-02 15:17:46,518] {logging_mixin.py:104} INFO - [2021-12-02 15:17:46,517] {dag.py:1832} INFO - Sync 1 DAGs
[2021-12-02 15:17:46,546] {logging_mixin.py:104} INFO - [2021-12-02 15:17:46,545] {dag.py:2305} INFO - Setting next_dagrun for example_branch_dop_operator_v3 to 2021-11-30 00:00:00+00:00
[2021-12-02 15:17:46,567] {scheduler_job.py:190} INFO - Processing /home/agalli/sandbox/lib/python3.6/site-packages/airflow/example_dags/example_branch_python_dop_operator_3.py took 0.091 seconds
[2021-12-02 15:18:23,881] {scheduler_job.py:182} INFO - Started process (PID=2982) to work on /home/agalli/sandbox/lib/python3.6/site-packages/airflow/example_dags/example_branch_python_dop_operator_3.py
[2021-12-02 15:18:23,884] {scheduler_job.py:633} INFO - Processing file /home/agalli/sandbox/lib/python3.6/site-packages/airflow/example_dags/example_branch_python_dop_operator_3.py for tasks to queue
[2021-12-02 15:18:23,885] {logging_mixin.py:104} INFO - [2021-12-02 15:18:23,885] {dagbag.py:487} INFO - Filling up the DagBag from /home/agalli/sandbox/lib/python3.6/site-packages/airflow/example_dags/example_branch_python_dop_operator_3.py
[2021-12-02 15:18:23,905] {scheduler_job.py:643} INFO - DAG(s) dict_keys(['example_branch_dop_operator_v3']) retrieved from /home/agalli/sandbox/lib/python3.6/site-packages/airflow/example_dags/example_branch_python_dop_operator_3.py
[2021-12-02 15:18:23,928] {logging_mixin.py:104} INFO - [2021-12-02 15:18:23,928] {dag.py:1832} INFO - Sync 1 DAGs
[2021-12-02 15:18:23,957] {logging_mixin.py:104} INFO - [2021-12-02 15:18:23,957] {dag.py:2305} INFO - Setting next_dagrun for example_branch_dop_operator_v3 to 2021-11-30 00:00:00+00:00
[2021-12-02 15:18:23,975] {scheduler_job.py:190} INFO - Processing /home/agalli/sandbox/lib/python3.6/site-packages/airflow/example_dags/example_branch_python_dop_operator_3.py took 0.103 seconds
[2021-12-02 15:19:01,437] {scheduler_job.py:182} INFO - Started process (PID=3015) to work on /home/agalli/sandbox/lib/python3.6/site-packages/airflow/example_dags/example_branch_python_dop_operator_3.py
[2021-12-02 15:19:01,438] {scheduler_job.py:633} INFO - Processing file /home/agalli/sandbox/lib/python3.6/site-packages/airflow/example_dags/example_branch_python_dop_operator_3.py for tasks to queue
[2021-12-02 15:19:01,439] {logging_mixin.py:104} INFO - [2021-12-02 15:19:01,438] {dagbag.py:487} INFO - Filling up the DagBag from /home/agalli/sandbox/lib/python3.6/site-packages/airflow/example_dags/example_branch_python_dop_operator_3.py
[2021-12-02 15:19:01,450] {scheduler_job.py:643} INFO - DAG(s) dict_keys(['example_branch_dop_operator_v3']) retrieved from /home/agalli/sandbox/lib/python3.6/site-packages/airflow/example_dags/example_branch_python_dop_operator_3.py
[2021-12-02 15:19:01,466] {logging_mixin.py:104} INFO - [2021-12-02 15:19:01,466] {dag.py:1832} INFO - Sync 1 DAGs
[2021-12-02 15:19:01,485] {logging_mixin.py:104} INFO - [2021-12-02 15:19:01,485] {dag.py:2305} INFO - Setting next_dagrun for example_branch_dop_operator_v3 to 2021-11-30 00:00:00+00:00
[2021-12-02 15:19:01,504] {scheduler_job.py:190} INFO - Processing /home/agalli/sandbox/lib/python3.6/site-packages/airflow/example_dags/example_branch_python_dop_operator_3.py took 0.071 seconds
[2021-12-02 15:19:39,459] {scheduler_job.py:182} INFO - Started process (PID=3049) to work on /home/agalli/sandbox/lib/python3.6/site-packages/airflow/example_dags/example_branch_python_dop_operator_3.py
[2021-12-02 15:19:39,461] {scheduler_job.py:633} INFO - Processing file /home/agalli/sandbox/lib/python3.6/site-packages/airflow/example_dags/example_branch_python_dop_operator_3.py for tasks to queue
[2021-12-02 15:19:39,462] {logging_mixin.py:104} INFO - [2021-12-02 15:19:39,461] {dagbag.py:487} INFO - Filling up the DagBag from /home/agalli/sandbox/lib/python3.6/site-packages/airflow/example_dags/example_branch_python_dop_operator_3.py
[2021-12-02 15:19:39,472] {scheduler_job.py:643} INFO - DAG(s) dict_keys(['example_branch_dop_operator_v3']) retrieved from /home/agalli/sandbox/lib/python3.6/site-packages/airflow/example_dags/example_branch_python_dop_operator_3.py
[2021-12-02 15:19:39,495] {logging_mixin.py:104} INFO - [2021-12-02 15:19:39,495] {dag.py:1832} INFO - Sync 1 DAGs
[2021-12-02 15:19:39,526] {logging_mixin.py:104} INFO - [2021-12-02 15:19:39,526] {dag.py:2305} INFO - Setting next_dagrun for example_branch_dop_operator_v3 to 2021-11-30 00:00:00+00:00
[2021-12-02 15:19:39,551] {scheduler_job.py:190} INFO - Processing /home/agalli/sandbox/lib/python3.6/site-packages/airflow/example_dags/example_branch_python_dop_operator_3.py took 0.096 seconds
[2021-12-02 15:20:26,272] {scheduler_job.py:182} INFO - Started process (PID=3084) to work on /home/agalli/sandbox/lib/python3.6/site-packages/airflow/example_dags/example_branch_python_dop_operator_3.py
[2021-12-02 15:20:26,288] {scheduler_job.py:633} INFO - Processing file /home/agalli/sandbox/lib/python3.6/site-packages/airflow/example_dags/example_branch_python_dop_operator_3.py for tasks to queue
[2021-12-02 15:20:26,290] {logging_mixin.py:104} INFO - [2021-12-02 15:20:26,289] {dagbag.py:487} INFO - Filling up the DagBag from /home/agalli/sandbox/lib/python3.6/site-packages/airflow/example_dags/example_branch_python_dop_operator_3.py
[2021-12-02 15:20:26,339] {scheduler_job.py:643} INFO - DAG(s) dict_keys(['example_branch_dop_operator_v3']) retrieved from /home/agalli/sandbox/lib/python3.6/site-packages/airflow/example_dags/example_branch_python_dop_operator_3.py
[2021-12-02 15:20:26,435] {logging_mixin.py:104} INFO - [2021-12-02 15:20:26,435] {dag.py:1832} INFO - Sync 1 DAGs
[2021-12-02 15:20:26,563] {logging_mixin.py:104} INFO - [2021-12-02 15:20:26,562] {dag.py:2305} INFO - Setting next_dagrun for example_branch_dop_operator_v3 to 2021-11-30 00:00:00+00:00
[2021-12-02 15:20:26,622] {scheduler_job.py:190} INFO - Processing /home/agalli/sandbox/lib/python3.6/site-packages/airflow/example_dags/example_branch_python_dop_operator_3.py took 0.378 seconds
