[2021-12-02 14:51:38,239] {scheduler_job.py:182} INFO - Started process (PID=1603) to work on /home/agalli/sandbox/lib/python3.6/site-packages/airflow/example_dags/example_dag_decorator.py
[2021-12-02 14:51:38,248] {scheduler_job.py:633} INFO - Processing file /home/agalli/sandbox/lib/python3.6/site-packages/airflow/example_dags/example_dag_decorator.py for tasks to queue
[2021-12-02 14:51:38,251] {logging_mixin.py:104} INFO - [2021-12-02 14:51:38,250] {dagbag.py:487} INFO - Filling up the DagBag from /home/agalli/sandbox/lib/python3.6/site-packages/airflow/example_dags/example_dag_decorator.py
[2021-12-02 14:51:38,344] {scheduler_job.py:643} INFO - DAG(s) dict_keys(['example_dag_decorator']) retrieved from /home/agalli/sandbox/lib/python3.6/site-packages/airflow/example_dags/example_dag_decorator.py
[2021-12-02 14:51:39,231] {logging_mixin.py:104} INFO - [2021-12-02 14:51:39,231] {dag.py:1832} INFO - Sync 1 DAGs
[2021-12-02 14:51:39,273] {logging_mixin.py:104} INFO - [2021-12-02 14:51:39,273] {dag.py:2305} INFO - Setting next_dagrun for example_dag_decorator to None
[2021-12-02 14:51:39,304] {scheduler_job.py:190} INFO - Processing /home/agalli/sandbox/lib/python3.6/site-packages/airflow/example_dags/example_dag_decorator.py took 1.081 seconds
[2021-12-02 14:52:16,865] {scheduler_job.py:182} INFO - Started process (PID=1695) to work on /home/agalli/sandbox/lib/python3.6/site-packages/airflow/example_dags/example_dag_decorator.py
[2021-12-02 14:52:16,866] {scheduler_job.py:633} INFO - Processing file /home/agalli/sandbox/lib/python3.6/site-packages/airflow/example_dags/example_dag_decorator.py for tasks to queue
[2021-12-02 14:52:16,867] {logging_mixin.py:104} INFO - [2021-12-02 14:52:16,867] {dagbag.py:487} INFO - Filling up the DagBag from /home/agalli/sandbox/lib/python3.6/site-packages/airflow/example_dags/example_dag_decorator.py
[2021-12-02 14:52:16,895] {scheduler_job.py:643} INFO - DAG(s) dict_keys(['example_dag_decorator']) retrieved from /home/agalli/sandbox/lib/python3.6/site-packages/airflow/example_dags/example_dag_decorator.py
[2021-12-02 14:52:16,913] {logging_mixin.py:104} INFO - [2021-12-02 14:52:16,912] {dag.py:1832} INFO - Sync 1 DAGs
[2021-12-02 14:52:16,927] {logging_mixin.py:104} INFO - [2021-12-02 14:52:16,927] {dag.py:2305} INFO - Setting next_dagrun for example_dag_decorator to None
[2021-12-02 14:52:16,949] {scheduler_job.py:190} INFO - Processing /home/agalli/sandbox/lib/python3.6/site-packages/airflow/example_dags/example_dag_decorator.py took 0.088 seconds
[2021-12-02 14:52:49,165] {scheduler_job.py:182} INFO - Started process (PID=1726) to work on /home/agalli/sandbox/lib/python3.6/site-packages/airflow/example_dags/example_dag_decorator.py
[2021-12-02 14:52:49,166] {scheduler_job.py:633} INFO - Processing file /home/agalli/sandbox/lib/python3.6/site-packages/airflow/example_dags/example_dag_decorator.py for tasks to queue
[2021-12-02 14:52:49,167] {logging_mixin.py:104} INFO - [2021-12-02 14:52:49,167] {dagbag.py:487} INFO - Filling up the DagBag from /home/agalli/sandbox/lib/python3.6/site-packages/airflow/example_dags/example_dag_decorator.py
[2021-12-02 14:52:49,191] {scheduler_job.py:643} INFO - DAG(s) dict_keys(['example_dag_decorator']) retrieved from /home/agalli/sandbox/lib/python3.6/site-packages/airflow/example_dags/example_dag_decorator.py
[2021-12-02 14:52:49,562] {logging_mixin.py:104} INFO - [2021-12-02 14:52:49,562] {dag.py:1832} INFO - Sync 1 DAGs
[2021-12-02 14:52:49,584] {logging_mixin.py:104} INFO - [2021-12-02 14:52:49,584] {dag.py:2305} INFO - Setting next_dagrun for example_dag_decorator to None
[2021-12-02 14:52:49,615] {scheduler_job.py:190} INFO - Processing /home/agalli/sandbox/lib/python3.6/site-packages/airflow/example_dags/example_dag_decorator.py took 0.454 seconds
[2021-12-02 14:53:27,896] {scheduler_job.py:182} INFO - Started process (PID=1757) to work on /home/agalli/sandbox/lib/python3.6/site-packages/airflow/example_dags/example_dag_decorator.py
[2021-12-02 14:53:27,897] {scheduler_job.py:633} INFO - Processing file /home/agalli/sandbox/lib/python3.6/site-packages/airflow/example_dags/example_dag_decorator.py for tasks to queue
[2021-12-02 14:53:27,898] {logging_mixin.py:104} INFO - [2021-12-02 14:53:27,898] {dagbag.py:487} INFO - Filling up the DagBag from /home/agalli/sandbox/lib/python3.6/site-packages/airflow/example_dags/example_dag_decorator.py
[2021-12-02 14:53:27,937] {scheduler_job.py:643} INFO - DAG(s) dict_keys(['example_dag_decorator']) retrieved from /home/agalli/sandbox/lib/python3.6/site-packages/airflow/example_dags/example_dag_decorator.py
[2021-12-02 14:53:27,963] {logging_mixin.py:104} INFO - [2021-12-02 14:53:27,962] {dag.py:1832} INFO - Sync 1 DAGs
[2021-12-02 14:53:27,989] {logging_mixin.py:104} INFO - [2021-12-02 14:53:27,989] {dag.py:2305} INFO - Setting next_dagrun for example_dag_decorator to None
[2021-12-02 14:53:28,024] {scheduler_job.py:190} INFO - Processing /home/agalli/sandbox/lib/python3.6/site-packages/airflow/example_dags/example_dag_decorator.py took 0.131 seconds
[2021-12-02 14:54:01,601] {scheduler_job.py:182} INFO - Started process (PID=1788) to work on /home/agalli/sandbox/lib/python3.6/site-packages/airflow/example_dags/example_dag_decorator.py
[2021-12-02 14:54:01,604] {scheduler_job.py:633} INFO - Processing file /home/agalli/sandbox/lib/python3.6/site-packages/airflow/example_dags/example_dag_decorator.py for tasks to queue
[2021-12-02 14:54:01,605] {logging_mixin.py:104} INFO - [2021-12-02 14:54:01,604] {dagbag.py:487} INFO - Filling up the DagBag from /home/agalli/sandbox/lib/python3.6/site-packages/airflow/example_dags/example_dag_decorator.py
[2021-12-02 14:54:01,631] {scheduler_job.py:643} INFO - DAG(s) dict_keys(['example_dag_decorator']) retrieved from /home/agalli/sandbox/lib/python3.6/site-packages/airflow/example_dags/example_dag_decorator.py
[2021-12-02 14:54:02,008] {logging_mixin.py:104} INFO - [2021-12-02 14:54:02,008] {dag.py:1832} INFO - Sync 1 DAGs
[2021-12-02 14:54:02,026] {logging_mixin.py:104} INFO - [2021-12-02 14:54:02,026] {dag.py:2305} INFO - Setting next_dagrun for example_dag_decorator to None
[2021-12-02 14:54:02,060] {scheduler_job.py:190} INFO - Processing /home/agalli/sandbox/lib/python3.6/site-packages/airflow/example_dags/example_dag_decorator.py took 0.462 seconds
[2021-12-02 14:54:40,246] {scheduler_job.py:182} INFO - Started process (PID=1821) to work on /home/agalli/sandbox/lib/python3.6/site-packages/airflow/example_dags/example_dag_decorator.py
[2021-12-02 14:54:40,248] {scheduler_job.py:633} INFO - Processing file /home/agalli/sandbox/lib/python3.6/site-packages/airflow/example_dags/example_dag_decorator.py for tasks to queue
[2021-12-02 14:54:40,249] {logging_mixin.py:104} INFO - [2021-12-02 14:54:40,249] {dagbag.py:487} INFO - Filling up the DagBag from /home/agalli/sandbox/lib/python3.6/site-packages/airflow/example_dags/example_dag_decorator.py
[2021-12-02 14:54:40,281] {scheduler_job.py:643} INFO - DAG(s) dict_keys(['example_dag_decorator']) retrieved from /home/agalli/sandbox/lib/python3.6/site-packages/airflow/example_dags/example_dag_decorator.py
[2021-12-02 14:54:40,763] {logging_mixin.py:104} INFO - [2021-12-02 14:54:40,763] {dag.py:1832} INFO - Sync 1 DAGs
[2021-12-02 14:54:40,791] {logging_mixin.py:104} INFO - [2021-12-02 14:54:40,791] {dag.py:2305} INFO - Setting next_dagrun for example_dag_decorator to None
[2021-12-02 14:54:40,814] {scheduler_job.py:190} INFO - Processing /home/agalli/sandbox/lib/python3.6/site-packages/airflow/example_dags/example_dag_decorator.py took 0.574 seconds
[2021-12-02 14:55:21,974] {scheduler_job.py:182} INFO - Started process (PID=1904) to work on /home/agalli/sandbox/lib/python3.6/site-packages/airflow/example_dags/example_dag_decorator.py
[2021-12-02 14:55:21,988] {scheduler_job.py:633} INFO - Processing file /home/agalli/sandbox/lib/python3.6/site-packages/airflow/example_dags/example_dag_decorator.py for tasks to queue
[2021-12-02 14:55:21,990] {logging_mixin.py:104} INFO - [2021-12-02 14:55:21,990] {dagbag.py:487} INFO - Filling up the DagBag from /home/agalli/sandbox/lib/python3.6/site-packages/airflow/example_dags/example_dag_decorator.py
[2021-12-02 14:55:22,131] {scheduler_job.py:643} INFO - DAG(s) dict_keys(['example_dag_decorator']) retrieved from /home/agalli/sandbox/lib/python3.6/site-packages/airflow/example_dags/example_dag_decorator.py
[2021-12-02 14:55:23,199] {logging_mixin.py:104} INFO - [2021-12-02 14:55:23,199] {dag.py:1832} INFO - Sync 1 DAGs
[2021-12-02 14:55:23,218] {logging_mixin.py:104} INFO - [2021-12-02 14:55:23,218] {dag.py:2305} INFO - Setting next_dagrun for example_dag_decorator to None
[2021-12-02 14:55:23,246] {scheduler_job.py:190} INFO - Processing /home/agalli/sandbox/lib/python3.6/site-packages/airflow/example_dags/example_dag_decorator.py took 1.301 seconds
[2021-12-02 14:56:08,436] {scheduler_job.py:182} INFO - Started process (PID=1979) to work on /home/agalli/sandbox/lib/python3.6/site-packages/airflow/example_dags/example_dag_decorator.py
[2021-12-02 14:56:08,438] {scheduler_job.py:633} INFO - Processing file /home/agalli/sandbox/lib/python3.6/site-packages/airflow/example_dags/example_dag_decorator.py for tasks to queue
[2021-12-02 14:56:08,439] {logging_mixin.py:104} INFO - [2021-12-02 14:56:08,439] {dagbag.py:487} INFO - Filling up the DagBag from /home/agalli/sandbox/lib/python3.6/site-packages/airflow/example_dags/example_dag_decorator.py
[2021-12-02 14:56:08,480] {scheduler_job.py:643} INFO - DAG(s) dict_keys(['example_dag_decorator']) retrieved from /home/agalli/sandbox/lib/python3.6/site-packages/airflow/example_dags/example_dag_decorator.py
[2021-12-02 14:56:09,164] {logging_mixin.py:104} INFO - [2021-12-02 14:56:09,164] {dag.py:1832} INFO - Sync 1 DAGs
[2021-12-02 14:56:09,195] {logging_mixin.py:104} INFO - [2021-12-02 14:56:09,195] {dag.py:2305} INFO - Setting next_dagrun for example_dag_decorator to None
[2021-12-02 14:56:09,248] {scheduler_job.py:190} INFO - Processing /home/agalli/sandbox/lib/python3.6/site-packages/airflow/example_dags/example_dag_decorator.py took 0.819 seconds
[2021-12-02 14:56:53,838] {scheduler_job.py:182} INFO - Started process (PID=2013) to work on /home/agalli/sandbox/lib/python3.6/site-packages/airflow/example_dags/example_dag_decorator.py
[2021-12-02 14:56:53,840] {scheduler_job.py:633} INFO - Processing file /home/agalli/sandbox/lib/python3.6/site-packages/airflow/example_dags/example_dag_decorator.py for tasks to queue
[2021-12-02 14:56:53,841] {logging_mixin.py:104} INFO - [2021-12-02 14:56:53,841] {dagbag.py:487} INFO - Filling up the DagBag from /home/agalli/sandbox/lib/python3.6/site-packages/airflow/example_dags/example_dag_decorator.py
[2021-12-02 14:56:53,899] {scheduler_job.py:643} INFO - DAG(s) dict_keys(['example_dag_decorator']) retrieved from /home/agalli/sandbox/lib/python3.6/site-packages/airflow/example_dags/example_dag_decorator.py
[2021-12-02 14:56:54,593] {logging_mixin.py:104} INFO - [2021-12-02 14:56:54,593] {dag.py:1832} INFO - Sync 1 DAGs
[2021-12-02 14:56:54,622] {logging_mixin.py:104} INFO - [2021-12-02 14:56:54,622] {dag.py:2305} INFO - Setting next_dagrun for example_dag_decorator to None
[2021-12-02 14:56:54,657] {scheduler_job.py:190} INFO - Processing /home/agalli/sandbox/lib/python3.6/site-packages/airflow/example_dags/example_dag_decorator.py took 0.824 seconds
[2021-12-02 14:57:32,396] {scheduler_job.py:182} INFO - Started process (PID=2044) to work on /home/agalli/sandbox/lib/python3.6/site-packages/airflow/example_dags/example_dag_decorator.py
[2021-12-02 14:57:32,398] {scheduler_job.py:633} INFO - Processing file /home/agalli/sandbox/lib/python3.6/site-packages/airflow/example_dags/example_dag_decorator.py for tasks to queue
[2021-12-02 14:57:32,399] {logging_mixin.py:104} INFO - [2021-12-02 14:57:32,399] {dagbag.py:487} INFO - Filling up the DagBag from /home/agalli/sandbox/lib/python3.6/site-packages/airflow/example_dags/example_dag_decorator.py
[2021-12-02 14:57:32,431] {scheduler_job.py:643} INFO - DAG(s) dict_keys(['example_dag_decorator']) retrieved from /home/agalli/sandbox/lib/python3.6/site-packages/airflow/example_dags/example_dag_decorator.py
[2021-12-02 14:57:33,092] {logging_mixin.py:104} INFO - [2021-12-02 14:57:33,092] {dag.py:1832} INFO - Sync 1 DAGs
[2021-12-02 14:57:33,124] {logging_mixin.py:104} INFO - [2021-12-02 14:57:33,124] {dag.py:2305} INFO - Setting next_dagrun for example_dag_decorator to None
[2021-12-02 14:57:33,160] {scheduler_job.py:190} INFO - Processing /home/agalli/sandbox/lib/python3.6/site-packages/airflow/example_dags/example_dag_decorator.py took 0.768 seconds
[2021-12-02 14:58:16,862] {scheduler_job.py:182} INFO - Started process (PID=2076) to work on /home/agalli/sandbox/lib/python3.6/site-packages/airflow/example_dags/example_dag_decorator.py
[2021-12-02 14:58:16,865] {scheduler_job.py:633} INFO - Processing file /home/agalli/sandbox/lib/python3.6/site-packages/airflow/example_dags/example_dag_decorator.py for tasks to queue
[2021-12-02 14:58:16,870] {logging_mixin.py:104} INFO - [2021-12-02 14:58:16,869] {dagbag.py:487} INFO - Filling up the DagBag from /home/agalli/sandbox/lib/python3.6/site-packages/airflow/example_dags/example_dag_decorator.py
[2021-12-02 14:58:16,963] {scheduler_job.py:643} INFO - DAG(s) dict_keys(['example_dag_decorator']) retrieved from /home/agalli/sandbox/lib/python3.6/site-packages/airflow/example_dags/example_dag_decorator.py
[2021-12-02 14:58:18,240] {logging_mixin.py:104} INFO - [2021-12-02 14:58:18,240] {dag.py:1832} INFO - Sync 1 DAGs
[2021-12-02 14:58:18,310] {logging_mixin.py:104} INFO - [2021-12-02 14:58:18,310] {dag.py:2305} INFO - Setting next_dagrun for example_dag_decorator to None
[2021-12-02 14:58:18,440] {scheduler_job.py:190} INFO - Processing /home/agalli/sandbox/lib/python3.6/site-packages/airflow/example_dags/example_dag_decorator.py took 1.584 seconds
[2021-12-02 14:59:38,582] {scheduler_job.py:182} INFO - Started process (PID=2118) to work on /home/agalli/sandbox/lib/python3.6/site-packages/airflow/example_dags/example_dag_decorator.py
[2021-12-02 14:59:38,585] {scheduler_job.py:633} INFO - Processing file /home/agalli/sandbox/lib/python3.6/site-packages/airflow/example_dags/example_dag_decorator.py for tasks to queue
[2021-12-02 14:59:38,587] {logging_mixin.py:104} INFO - [2021-12-02 14:59:38,586] {dagbag.py:487} INFO - Filling up the DagBag from /home/agalli/sandbox/lib/python3.6/site-packages/airflow/example_dags/example_dag_decorator.py
[2021-12-02 14:59:38,666] {scheduler_job.py:643} INFO - DAG(s) dict_keys(['example_dag_decorator']) retrieved from /home/agalli/sandbox/lib/python3.6/site-packages/airflow/example_dags/example_dag_decorator.py
[2021-12-02 14:59:39,979] {logging_mixin.py:104} INFO - [2021-12-02 14:59:39,979] {dag.py:1832} INFO - Sync 1 DAGs
[2021-12-02 14:59:40,037] {logging_mixin.py:104} INFO - [2021-12-02 14:59:40,037] {dag.py:2305} INFO - Setting next_dagrun for example_dag_decorator to None
[2021-12-02 14:59:40,127] {scheduler_job.py:190} INFO - Processing /home/agalli/sandbox/lib/python3.6/site-packages/airflow/example_dags/example_dag_decorator.py took 1.552 seconds
[2021-12-02 15:00:23,662] {scheduler_job.py:182} INFO - Started process (PID=2151) to work on /home/agalli/sandbox/lib/python3.6/site-packages/airflow/example_dags/example_dag_decorator.py
[2021-12-02 15:00:23,664] {scheduler_job.py:633} INFO - Processing file /home/agalli/sandbox/lib/python3.6/site-packages/airflow/example_dags/example_dag_decorator.py for tasks to queue
[2021-12-02 15:00:23,664] {logging_mixin.py:104} INFO - [2021-12-02 15:00:23,664] {dagbag.py:487} INFO - Filling up the DagBag from /home/agalli/sandbox/lib/python3.6/site-packages/airflow/example_dags/example_dag_decorator.py
[2021-12-02 15:00:23,702] {scheduler_job.py:643} INFO - DAG(s) dict_keys(['example_dag_decorator']) retrieved from /home/agalli/sandbox/lib/python3.6/site-packages/airflow/example_dags/example_dag_decorator.py
[2021-12-02 15:00:24,317] {logging_mixin.py:104} INFO - [2021-12-02 15:00:24,317] {dag.py:1832} INFO - Sync 1 DAGs
[2021-12-02 15:00:24,357] {logging_mixin.py:104} INFO - [2021-12-02 15:00:24,356] {dag.py:2305} INFO - Setting next_dagrun for example_dag_decorator to None
[2021-12-02 15:00:24,402] {scheduler_job.py:190} INFO - Processing /home/agalli/sandbox/lib/python3.6/site-packages/airflow/example_dags/example_dag_decorator.py took 0.744 seconds
[2021-12-02 15:01:09,749] {scheduler_job.py:182} INFO - Started process (PID=2185) to work on /home/agalli/sandbox/lib/python3.6/site-packages/airflow/example_dags/example_dag_decorator.py
[2021-12-02 15:01:09,752] {scheduler_job.py:633} INFO - Processing file /home/agalli/sandbox/lib/python3.6/site-packages/airflow/example_dags/example_dag_decorator.py for tasks to queue
[2021-12-02 15:01:09,754] {logging_mixin.py:104} INFO - [2021-12-02 15:01:09,754] {dagbag.py:487} INFO - Filling up the DagBag from /home/agalli/sandbox/lib/python3.6/site-packages/airflow/example_dags/example_dag_decorator.py
[2021-12-02 15:01:09,823] {scheduler_job.py:643} INFO - DAG(s) dict_keys(['example_dag_decorator']) retrieved from /home/agalli/sandbox/lib/python3.6/site-packages/airflow/example_dags/example_dag_decorator.py
[2021-12-02 15:01:10,818] {logging_mixin.py:104} INFO - [2021-12-02 15:01:10,817] {dag.py:1832} INFO - Sync 1 DAGs
[2021-12-02 15:01:10,852] {logging_mixin.py:104} INFO - [2021-12-02 15:01:10,852] {dag.py:2305} INFO - Setting next_dagrun for example_dag_decorator to None
[2021-12-02 15:01:10,921] {scheduler_job.py:190} INFO - Processing /home/agalli/sandbox/lib/python3.6/site-packages/airflow/example_dags/example_dag_decorator.py took 1.181 seconds
[2021-12-02 15:04:28,636] {scheduler_job.py:182} INFO - Started process (PID=2312) to work on /home/agalli/sandbox/lib/python3.6/site-packages/airflow/example_dags/example_dag_decorator.py
[2021-12-02 15:04:28,639] {scheduler_job.py:633} INFO - Processing file /home/agalli/sandbox/lib/python3.6/site-packages/airflow/example_dags/example_dag_decorator.py for tasks to queue
[2021-12-02 15:04:28,640] {logging_mixin.py:104} INFO - [2021-12-02 15:04:28,640] {dagbag.py:487} INFO - Filling up the DagBag from /home/agalli/sandbox/lib/python3.6/site-packages/airflow/example_dags/example_dag_decorator.py
[2021-12-02 15:04:28,669] {scheduler_job.py:643} INFO - DAG(s) dict_keys(['example_dag_decorator']) retrieved from /home/agalli/sandbox/lib/python3.6/site-packages/airflow/example_dags/example_dag_decorator.py
[2021-12-02 15:04:30,713] {logging_mixin.py:104} INFO - [2021-12-02 15:04:30,712] {dag.py:1832} INFO - Sync 1 DAGs
[2021-12-02 15:04:30,937] {logging_mixin.py:104} INFO - [2021-12-02 15:04:30,936] {dag.py:2305} INFO - Setting next_dagrun for example_dag_decorator to None
[2021-12-02 15:04:30,999] {scheduler_job.py:190} INFO - Processing /home/agalli/sandbox/lib/python3.6/site-packages/airflow/example_dags/example_dag_decorator.py took 2.372 seconds
[2021-12-02 15:05:21,576] {scheduler_job.py:182} INFO - Started process (PID=2346) to work on /home/agalli/sandbox/lib/python3.6/site-packages/airflow/example_dags/example_dag_decorator.py
[2021-12-02 15:05:21,578] {scheduler_job.py:633} INFO - Processing file /home/agalli/sandbox/lib/python3.6/site-packages/airflow/example_dags/example_dag_decorator.py for tasks to queue
[2021-12-02 15:05:21,579] {logging_mixin.py:104} INFO - [2021-12-02 15:05:21,579] {dagbag.py:487} INFO - Filling up the DagBag from /home/agalli/sandbox/lib/python3.6/site-packages/airflow/example_dags/example_dag_decorator.py
[2021-12-02 15:05:21,616] {scheduler_job.py:643} INFO - DAG(s) dict_keys(['example_dag_decorator']) retrieved from /home/agalli/sandbox/lib/python3.6/site-packages/airflow/example_dags/example_dag_decorator.py
[2021-12-02 15:05:22,558] {logging_mixin.py:104} INFO - [2021-12-02 15:05:22,558] {dag.py:1832} INFO - Sync 1 DAGs
[2021-12-02 15:05:22,577] {logging_mixin.py:104} INFO - [2021-12-02 15:05:22,576] {dag.py:2305} INFO - Setting next_dagrun for example_dag_decorator to None
[2021-12-02 15:05:22,623] {scheduler_job.py:190} INFO - Processing /home/agalli/sandbox/lib/python3.6/site-packages/airflow/example_dags/example_dag_decorator.py took 1.054 seconds
[2021-12-02 15:06:10,414] {scheduler_job.py:182} INFO - Started process (PID=2379) to work on /home/agalli/sandbox/lib/python3.6/site-packages/airflow/example_dags/example_dag_decorator.py
[2021-12-02 15:06:10,416] {scheduler_job.py:633} INFO - Processing file /home/agalli/sandbox/lib/python3.6/site-packages/airflow/example_dags/example_dag_decorator.py for tasks to queue
[2021-12-02 15:06:10,417] {logging_mixin.py:104} INFO - [2021-12-02 15:06:10,417] {dagbag.py:487} INFO - Filling up the DagBag from /home/agalli/sandbox/lib/python3.6/site-packages/airflow/example_dags/example_dag_decorator.py
[2021-12-02 15:06:10,464] {scheduler_job.py:643} INFO - DAG(s) dict_keys(['example_dag_decorator']) retrieved from /home/agalli/sandbox/lib/python3.6/site-packages/airflow/example_dags/example_dag_decorator.py
[2021-12-02 15:06:11,832] {logging_mixin.py:104} INFO - [2021-12-02 15:06:11,832] {dag.py:1832} INFO - Sync 1 DAGs
[2021-12-02 15:06:11,899] {logging_mixin.py:104} INFO - [2021-12-02 15:06:11,899] {dag.py:2305} INFO - Setting next_dagrun for example_dag_decorator to None
[2021-12-02 15:06:11,975] {scheduler_job.py:190} INFO - Processing /home/agalli/sandbox/lib/python3.6/site-packages/airflow/example_dags/example_dag_decorator.py took 1.569 seconds
[2021-12-02 15:06:54,839] {scheduler_job.py:182} INFO - Started process (PID=2410) to work on /home/agalli/sandbox/lib/python3.6/site-packages/airflow/example_dags/example_dag_decorator.py
[2021-12-02 15:06:54,842] {scheduler_job.py:633} INFO - Processing file /home/agalli/sandbox/lib/python3.6/site-packages/airflow/example_dags/example_dag_decorator.py for tasks to queue
[2021-12-02 15:06:54,854] {logging_mixin.py:104} INFO - [2021-12-02 15:06:54,853] {dagbag.py:487} INFO - Filling up the DagBag from /home/agalli/sandbox/lib/python3.6/site-packages/airflow/example_dags/example_dag_decorator.py
[2021-12-02 15:06:54,949] {scheduler_job.py:643} INFO - DAG(s) dict_keys(['example_dag_decorator']) retrieved from /home/agalli/sandbox/lib/python3.6/site-packages/airflow/example_dags/example_dag_decorator.py
[2021-12-02 15:06:55,867] {logging_mixin.py:104} INFO - [2021-12-02 15:06:55,867] {dag.py:1832} INFO - Sync 1 DAGs
[2021-12-02 15:06:55,894] {logging_mixin.py:104} INFO - [2021-12-02 15:06:55,893] {dag.py:2305} INFO - Setting next_dagrun for example_dag_decorator to None
[2021-12-02 15:06:55,926] {scheduler_job.py:190} INFO - Processing /home/agalli/sandbox/lib/python3.6/site-packages/airflow/example_dags/example_dag_decorator.py took 1.114 seconds
[2021-12-02 15:07:40,368] {scheduler_job.py:182} INFO - Started process (PID=2442) to work on /home/agalli/sandbox/lib/python3.6/site-packages/airflow/example_dags/example_dag_decorator.py
[2021-12-02 15:07:40,369] {scheduler_job.py:633} INFO - Processing file /home/agalli/sandbox/lib/python3.6/site-packages/airflow/example_dags/example_dag_decorator.py for tasks to queue
[2021-12-02 15:07:40,370] {logging_mixin.py:104} INFO - [2021-12-02 15:07:40,370] {dagbag.py:487} INFO - Filling up the DagBag from /home/agalli/sandbox/lib/python3.6/site-packages/airflow/example_dags/example_dag_decorator.py
[2021-12-02 15:07:40,403] {scheduler_job.py:643} INFO - DAG(s) dict_keys(['example_dag_decorator']) retrieved from /home/agalli/sandbox/lib/python3.6/site-packages/airflow/example_dags/example_dag_decorator.py
[2021-12-02 15:07:41,330] {logging_mixin.py:104} INFO - [2021-12-02 15:07:41,329] {dag.py:1832} INFO - Sync 1 DAGs
[2021-12-02 15:07:41,365] {logging_mixin.py:104} INFO - [2021-12-02 15:07:41,364] {dag.py:2305} INFO - Setting next_dagrun for example_dag_decorator to None
[2021-12-02 15:07:41,401] {scheduler_job.py:190} INFO - Processing /home/agalli/sandbox/lib/python3.6/site-packages/airflow/example_dags/example_dag_decorator.py took 1.039 seconds
[2021-12-02 15:08:34,362] {scheduler_job.py:182} INFO - Started process (PID=2476) to work on /home/agalli/sandbox/lib/python3.6/site-packages/airflow/example_dags/example_dag_decorator.py
[2021-12-02 15:08:34,365] {scheduler_job.py:633} INFO - Processing file /home/agalli/sandbox/lib/python3.6/site-packages/airflow/example_dags/example_dag_decorator.py for tasks to queue
[2021-12-02 15:08:34,376] {logging_mixin.py:104} INFO - [2021-12-02 15:08:34,376] {dagbag.py:487} INFO - Filling up the DagBag from /home/agalli/sandbox/lib/python3.6/site-packages/airflow/example_dags/example_dag_decorator.py
[2021-12-02 15:08:34,519] {scheduler_job.py:643} INFO - DAG(s) dict_keys(['example_dag_decorator']) retrieved from /home/agalli/sandbox/lib/python3.6/site-packages/airflow/example_dags/example_dag_decorator.py
[2021-12-02 15:08:36,036] {logging_mixin.py:104} INFO - [2021-12-02 15:08:36,035] {dag.py:1832} INFO - Sync 1 DAGs
[2021-12-02 15:08:36,057] {logging_mixin.py:104} INFO - [2021-12-02 15:08:36,057] {dag.py:2305} INFO - Setting next_dagrun for example_dag_decorator to None
[2021-12-02 15:08:36,112] {scheduler_job.py:190} INFO - Processing /home/agalli/sandbox/lib/python3.6/site-packages/airflow/example_dags/example_dag_decorator.py took 1.767 seconds
[2021-12-02 15:09:20,871] {scheduler_job.py:182} INFO - Started process (PID=2508) to work on /home/agalli/sandbox/lib/python3.6/site-packages/airflow/example_dags/example_dag_decorator.py
[2021-12-02 15:09:20,875] {scheduler_job.py:633} INFO - Processing file /home/agalli/sandbox/lib/python3.6/site-packages/airflow/example_dags/example_dag_decorator.py for tasks to queue
[2021-12-02 15:09:20,877] {logging_mixin.py:104} INFO - [2021-12-02 15:09:20,877] {dagbag.py:487} INFO - Filling up the DagBag from /home/agalli/sandbox/lib/python3.6/site-packages/airflow/example_dags/example_dag_decorator.py
[2021-12-02 15:09:20,930] {scheduler_job.py:643} INFO - DAG(s) dict_keys(['example_dag_decorator']) retrieved from /home/agalli/sandbox/lib/python3.6/site-packages/airflow/example_dags/example_dag_decorator.py
[2021-12-02 15:09:22,476] {logging_mixin.py:104} INFO - [2021-12-02 15:09:22,475] {dag.py:1832} INFO - Sync 1 DAGs
[2021-12-02 15:09:22,603] {logging_mixin.py:104} INFO - [2021-12-02 15:09:22,603] {dag.py:2305} INFO - Setting next_dagrun for example_dag_decorator to None
[2021-12-02 15:09:22,700] {scheduler_job.py:190} INFO - Processing /home/agalli/sandbox/lib/python3.6/site-packages/airflow/example_dags/example_dag_decorator.py took 1.840 seconds
[2021-12-02 15:10:01,336] {scheduler_job.py:182} INFO - Started process (PID=2539) to work on /home/agalli/sandbox/lib/python3.6/site-packages/airflow/example_dags/example_dag_decorator.py
[2021-12-02 15:10:01,337] {scheduler_job.py:633} INFO - Processing file /home/agalli/sandbox/lib/python3.6/site-packages/airflow/example_dags/example_dag_decorator.py for tasks to queue
[2021-12-02 15:10:01,338] {logging_mixin.py:104} INFO - [2021-12-02 15:10:01,338] {dagbag.py:487} INFO - Filling up the DagBag from /home/agalli/sandbox/lib/python3.6/site-packages/airflow/example_dags/example_dag_decorator.py
[2021-12-02 15:10:01,364] {scheduler_job.py:643} INFO - DAG(s) dict_keys(['example_dag_decorator']) retrieved from /home/agalli/sandbox/lib/python3.6/site-packages/airflow/example_dags/example_dag_decorator.py
[2021-12-02 15:10:01,858] {logging_mixin.py:104} INFO - [2021-12-02 15:10:01,857] {dag.py:1832} INFO - Sync 1 DAGs
[2021-12-02 15:10:01,874] {logging_mixin.py:104} INFO - [2021-12-02 15:10:01,874] {dag.py:2305} INFO - Setting next_dagrun for example_dag_decorator to None
[2021-12-02 15:10:01,909] {scheduler_job.py:190} INFO - Processing /home/agalli/sandbox/lib/python3.6/site-packages/airflow/example_dags/example_dag_decorator.py took 0.578 seconds
[2021-12-02 15:10:41,311] {scheduler_job.py:182} INFO - Started process (PID=2573) to work on /home/agalli/sandbox/lib/python3.6/site-packages/airflow/example_dags/example_dag_decorator.py
[2021-12-02 15:10:41,312] {scheduler_job.py:633} INFO - Processing file /home/agalli/sandbox/lib/python3.6/site-packages/airflow/example_dags/example_dag_decorator.py for tasks to queue
[2021-12-02 15:10:41,313] {logging_mixin.py:104} INFO - [2021-12-02 15:10:41,312] {dagbag.py:487} INFO - Filling up the DagBag from /home/agalli/sandbox/lib/python3.6/site-packages/airflow/example_dags/example_dag_decorator.py
[2021-12-02 15:10:41,334] {scheduler_job.py:643} INFO - DAG(s) dict_keys(['example_dag_decorator']) retrieved from /home/agalli/sandbox/lib/python3.6/site-packages/airflow/example_dags/example_dag_decorator.py
[2021-12-02 15:10:41,800] {logging_mixin.py:104} INFO - [2021-12-02 15:10:41,799] {dag.py:1832} INFO - Sync 1 DAGs
[2021-12-02 15:10:41,820] {logging_mixin.py:104} INFO - [2021-12-02 15:10:41,820] {dag.py:2305} INFO - Setting next_dagrun for example_dag_decorator to None
[2021-12-02 15:10:41,885] {scheduler_job.py:190} INFO - Processing /home/agalli/sandbox/lib/python3.6/site-packages/airflow/example_dags/example_dag_decorator.py took 0.578 seconds
[2021-12-02 15:11:16,347] {scheduler_job.py:182} INFO - Started process (PID=2604) to work on /home/agalli/sandbox/lib/python3.6/site-packages/airflow/example_dags/example_dag_decorator.py
[2021-12-02 15:11:16,349] {scheduler_job.py:633} INFO - Processing file /home/agalli/sandbox/lib/python3.6/site-packages/airflow/example_dags/example_dag_decorator.py for tasks to queue
[2021-12-02 15:11:16,349] {logging_mixin.py:104} INFO - [2021-12-02 15:11:16,349] {dagbag.py:487} INFO - Filling up the DagBag from /home/agalli/sandbox/lib/python3.6/site-packages/airflow/example_dags/example_dag_decorator.py
[2021-12-02 15:11:16,367] {scheduler_job.py:643} INFO - DAG(s) dict_keys(['example_dag_decorator']) retrieved from /home/agalli/sandbox/lib/python3.6/site-packages/airflow/example_dags/example_dag_decorator.py
[2021-12-02 15:11:16,878] {logging_mixin.py:104} INFO - [2021-12-02 15:11:16,878] {dag.py:1832} INFO - Sync 1 DAGs
[2021-12-02 15:11:16,889] {logging_mixin.py:104} INFO - [2021-12-02 15:11:16,889] {dag.py:2305} INFO - Setting next_dagrun for example_dag_decorator to None
[2021-12-02 15:11:16,911] {scheduler_job.py:190} INFO - Processing /home/agalli/sandbox/lib/python3.6/site-packages/airflow/example_dags/example_dag_decorator.py took 0.567 seconds
[2021-12-02 15:11:52,821] {scheduler_job.py:182} INFO - Started process (PID=2636) to work on /home/agalli/sandbox/lib/python3.6/site-packages/airflow/example_dags/example_dag_decorator.py
[2021-12-02 15:11:52,823] {scheduler_job.py:633} INFO - Processing file /home/agalli/sandbox/lib/python3.6/site-packages/airflow/example_dags/example_dag_decorator.py for tasks to queue
[2021-12-02 15:11:52,824] {logging_mixin.py:104} INFO - [2021-12-02 15:11:52,824] {dagbag.py:487} INFO - Filling up the DagBag from /home/agalli/sandbox/lib/python3.6/site-packages/airflow/example_dags/example_dag_decorator.py
[2021-12-02 15:11:52,861] {scheduler_job.py:643} INFO - DAG(s) dict_keys(['example_dag_decorator']) retrieved from /home/agalli/sandbox/lib/python3.6/site-packages/airflow/example_dags/example_dag_decorator.py
[2021-12-02 15:11:53,405] {logging_mixin.py:104} INFO - [2021-12-02 15:11:53,405] {dag.py:1832} INFO - Sync 1 DAGs
[2021-12-02 15:11:53,434] {logging_mixin.py:104} INFO - [2021-12-02 15:11:53,434] {dag.py:2305} INFO - Setting next_dagrun for example_dag_decorator to None
[2021-12-02 15:11:53,466] {scheduler_job.py:190} INFO - Processing /home/agalli/sandbox/lib/python3.6/site-packages/airflow/example_dags/example_dag_decorator.py took 0.650 seconds
[2021-12-02 15:12:27,321] {scheduler_job.py:182} INFO - Started process (PID=2667) to work on /home/agalli/sandbox/lib/python3.6/site-packages/airflow/example_dags/example_dag_decorator.py
[2021-12-02 15:12:27,322] {scheduler_job.py:633} INFO - Processing file /home/agalli/sandbox/lib/python3.6/site-packages/airflow/example_dags/example_dag_decorator.py for tasks to queue
[2021-12-02 15:12:27,323] {logging_mixin.py:104} INFO - [2021-12-02 15:12:27,323] {dagbag.py:487} INFO - Filling up the DagBag from /home/agalli/sandbox/lib/python3.6/site-packages/airflow/example_dags/example_dag_decorator.py
[2021-12-02 15:12:27,341] {scheduler_job.py:643} INFO - DAG(s) dict_keys(['example_dag_decorator']) retrieved from /home/agalli/sandbox/lib/python3.6/site-packages/airflow/example_dags/example_dag_decorator.py
[2021-12-02 15:12:27,801] {logging_mixin.py:104} INFO - [2021-12-02 15:12:27,801] {dag.py:1832} INFO - Sync 1 DAGs
[2021-12-02 15:12:27,814] {logging_mixin.py:104} INFO - [2021-12-02 15:12:27,813] {dag.py:2305} INFO - Setting next_dagrun for example_dag_decorator to None
[2021-12-02 15:12:27,832] {scheduler_job.py:190} INFO - Processing /home/agalli/sandbox/lib/python3.6/site-packages/airflow/example_dags/example_dag_decorator.py took 0.515 seconds
[2021-12-02 15:13:02,675] {scheduler_job.py:182} INFO - Started process (PID=2698) to work on /home/agalli/sandbox/lib/python3.6/site-packages/airflow/example_dags/example_dag_decorator.py
[2021-12-02 15:13:02,676] {scheduler_job.py:633} INFO - Processing file /home/agalli/sandbox/lib/python3.6/site-packages/airflow/example_dags/example_dag_decorator.py for tasks to queue
[2021-12-02 15:13:02,677] {logging_mixin.py:104} INFO - [2021-12-02 15:13:02,677] {dagbag.py:487} INFO - Filling up the DagBag from /home/agalli/sandbox/lib/python3.6/site-packages/airflow/example_dags/example_dag_decorator.py
[2021-12-02 15:13:02,697] {scheduler_job.py:643} INFO - DAG(s) dict_keys(['example_dag_decorator']) retrieved from /home/agalli/sandbox/lib/python3.6/site-packages/airflow/example_dags/example_dag_decorator.py
[2021-12-02 15:13:03,154] {logging_mixin.py:104} INFO - [2021-12-02 15:13:03,154] {dag.py:1832} INFO - Sync 1 DAGs
[2021-12-02 15:13:03,169] {logging_mixin.py:104} INFO - [2021-12-02 15:13:03,168] {dag.py:2305} INFO - Setting next_dagrun for example_dag_decorator to None
[2021-12-02 15:13:03,190] {scheduler_job.py:190} INFO - Processing /home/agalli/sandbox/lib/python3.6/site-packages/airflow/example_dags/example_dag_decorator.py took 0.518 seconds
[2021-12-02 15:13:39,249] {scheduler_job.py:182} INFO - Started process (PID=2730) to work on /home/agalli/sandbox/lib/python3.6/site-packages/airflow/example_dags/example_dag_decorator.py
[2021-12-02 15:13:39,251] {scheduler_job.py:633} INFO - Processing file /home/agalli/sandbox/lib/python3.6/site-packages/airflow/example_dags/example_dag_decorator.py for tasks to queue
[2021-12-02 15:13:39,252] {logging_mixin.py:104} INFO - [2021-12-02 15:13:39,251] {dagbag.py:487} INFO - Filling up the DagBag from /home/agalli/sandbox/lib/python3.6/site-packages/airflow/example_dags/example_dag_decorator.py
[2021-12-02 15:13:39,270] {scheduler_job.py:643} INFO - DAG(s) dict_keys(['example_dag_decorator']) retrieved from /home/agalli/sandbox/lib/python3.6/site-packages/airflow/example_dags/example_dag_decorator.py
[2021-12-02 15:13:39,684] {logging_mixin.py:104} INFO - [2021-12-02 15:13:39,684] {dag.py:1832} INFO - Sync 1 DAGs
[2021-12-02 15:13:39,696] {logging_mixin.py:104} INFO - [2021-12-02 15:13:39,696] {dag.py:2305} INFO - Setting next_dagrun for example_dag_decorator to None
[2021-12-02 15:13:39,714] {scheduler_job.py:190} INFO - Processing /home/agalli/sandbox/lib/python3.6/site-packages/airflow/example_dags/example_dag_decorator.py took 0.469 seconds
[2021-12-02 15:14:12,159] {scheduler_job.py:182} INFO - Started process (PID=2761) to work on /home/agalli/sandbox/lib/python3.6/site-packages/airflow/example_dags/example_dag_decorator.py
[2021-12-02 15:14:12,160] {scheduler_job.py:633} INFO - Processing file /home/agalli/sandbox/lib/python3.6/site-packages/airflow/example_dags/example_dag_decorator.py for tasks to queue
[2021-12-02 15:14:12,161] {logging_mixin.py:104} INFO - [2021-12-02 15:14:12,161] {dagbag.py:487} INFO - Filling up the DagBag from /home/agalli/sandbox/lib/python3.6/site-packages/airflow/example_dags/example_dag_decorator.py
[2021-12-02 15:14:12,179] {scheduler_job.py:643} INFO - DAG(s) dict_keys(['example_dag_decorator']) retrieved from /home/agalli/sandbox/lib/python3.6/site-packages/airflow/example_dags/example_dag_decorator.py
[2021-12-02 15:14:12,655] {logging_mixin.py:104} INFO - [2021-12-02 15:14:12,655] {dag.py:1832} INFO - Sync 1 DAGs
[2021-12-02 15:14:12,664] {logging_mixin.py:104} INFO - [2021-12-02 15:14:12,664] {dag.py:2305} INFO - Setting next_dagrun for example_dag_decorator to None
[2021-12-02 15:14:12,684] {scheduler_job.py:190} INFO - Processing /home/agalli/sandbox/lib/python3.6/site-packages/airflow/example_dags/example_dag_decorator.py took 0.528 seconds
[2021-12-02 15:14:51,191] {scheduler_job.py:182} INFO - Started process (PID=2794) to work on /home/agalli/sandbox/lib/python3.6/site-packages/airflow/example_dags/example_dag_decorator.py
[2021-12-02 15:14:51,192] {scheduler_job.py:633} INFO - Processing file /home/agalli/sandbox/lib/python3.6/site-packages/airflow/example_dags/example_dag_decorator.py for tasks to queue
[2021-12-02 15:14:51,193] {logging_mixin.py:104} INFO - [2021-12-02 15:14:51,193] {dagbag.py:487} INFO - Filling up the DagBag from /home/agalli/sandbox/lib/python3.6/site-packages/airflow/example_dags/example_dag_decorator.py
[2021-12-02 15:14:51,214] {scheduler_job.py:643} INFO - DAG(s) dict_keys(['example_dag_decorator']) retrieved from /home/agalli/sandbox/lib/python3.6/site-packages/airflow/example_dags/example_dag_decorator.py
[2021-12-02 15:14:51,681] {logging_mixin.py:104} INFO - [2021-12-02 15:14:51,681] {dag.py:1832} INFO - Sync 1 DAGs
[2021-12-02 15:14:51,691] {logging_mixin.py:104} INFO - [2021-12-02 15:14:51,690] {dag.py:2305} INFO - Setting next_dagrun for example_dag_decorator to None
[2021-12-02 15:14:51,711] {scheduler_job.py:190} INFO - Processing /home/agalli/sandbox/lib/python3.6/site-packages/airflow/example_dags/example_dag_decorator.py took 0.524 seconds
[2021-12-02 15:15:30,859] {scheduler_job.py:182} INFO - Started process (PID=2826) to work on /home/agalli/sandbox/lib/python3.6/site-packages/airflow/example_dags/example_dag_decorator.py
[2021-12-02 15:15:30,863] {scheduler_job.py:633} INFO - Processing file /home/agalli/sandbox/lib/python3.6/site-packages/airflow/example_dags/example_dag_decorator.py for tasks to queue
[2021-12-02 15:15:30,865] {logging_mixin.py:104} INFO - [2021-12-02 15:15:30,865] {dagbag.py:487} INFO - Filling up the DagBag from /home/agalli/sandbox/lib/python3.6/site-packages/airflow/example_dags/example_dag_decorator.py
[2021-12-02 15:15:30,897] {scheduler_job.py:643} INFO - DAG(s) dict_keys(['example_dag_decorator']) retrieved from /home/agalli/sandbox/lib/python3.6/site-packages/airflow/example_dags/example_dag_decorator.py
[2021-12-02 15:15:31,557] {logging_mixin.py:104} INFO - [2021-12-02 15:15:31,557] {dag.py:1832} INFO - Sync 1 DAGs
[2021-12-02 15:15:31,576] {logging_mixin.py:104} INFO - [2021-12-02 15:15:31,576] {dag.py:2305} INFO - Setting next_dagrun for example_dag_decorator to None
[2021-12-02 15:15:31,607] {scheduler_job.py:190} INFO - Processing /home/agalli/sandbox/lib/python3.6/site-packages/airflow/example_dags/example_dag_decorator.py took 0.755 seconds
[2021-12-02 15:16:09,090] {scheduler_job.py:182} INFO - Started process (PID=2859) to work on /home/agalli/sandbox/lib/python3.6/site-packages/airflow/example_dags/example_dag_decorator.py
[2021-12-02 15:16:09,092] {scheduler_job.py:633} INFO - Processing file /home/agalli/sandbox/lib/python3.6/site-packages/airflow/example_dags/example_dag_decorator.py for tasks to queue
[2021-12-02 15:16:09,093] {logging_mixin.py:104} INFO - [2021-12-02 15:16:09,092] {dagbag.py:487} INFO - Filling up the DagBag from /home/agalli/sandbox/lib/python3.6/site-packages/airflow/example_dags/example_dag_decorator.py
[2021-12-02 15:16:09,115] {scheduler_job.py:643} INFO - DAG(s) dict_keys(['example_dag_decorator']) retrieved from /home/agalli/sandbox/lib/python3.6/site-packages/airflow/example_dags/example_dag_decorator.py
[2021-12-02 15:16:09,573] {logging_mixin.py:104} INFO - [2021-12-02 15:16:09,573] {dag.py:1832} INFO - Sync 1 DAGs
[2021-12-02 15:16:09,585] {logging_mixin.py:104} INFO - [2021-12-02 15:16:09,584] {dag.py:2305} INFO - Setting next_dagrun for example_dag_decorator to None
[2021-12-02 15:16:09,610] {scheduler_job.py:190} INFO - Processing /home/agalli/sandbox/lib/python3.6/site-packages/airflow/example_dags/example_dag_decorator.py took 0.523 seconds
[2021-12-02 15:16:44,913] {scheduler_job.py:182} INFO - Started process (PID=2891) to work on /home/agalli/sandbox/lib/python3.6/site-packages/airflow/example_dags/example_dag_decorator.py
[2021-12-02 15:16:44,914] {scheduler_job.py:633} INFO - Processing file /home/agalli/sandbox/lib/python3.6/site-packages/airflow/example_dags/example_dag_decorator.py for tasks to queue
[2021-12-02 15:16:44,914] {logging_mixin.py:104} INFO - [2021-12-02 15:16:44,914] {dagbag.py:487} INFO - Filling up the DagBag from /home/agalli/sandbox/lib/python3.6/site-packages/airflow/example_dags/example_dag_decorator.py
[2021-12-02 15:16:44,930] {scheduler_job.py:643} INFO - DAG(s) dict_keys(['example_dag_decorator']) retrieved from /home/agalli/sandbox/lib/python3.6/site-packages/airflow/example_dags/example_dag_decorator.py
[2021-12-02 15:16:45,380] {logging_mixin.py:104} INFO - [2021-12-02 15:16:45,380] {dag.py:1832} INFO - Sync 1 DAGs
[2021-12-02 15:16:45,393] {logging_mixin.py:104} INFO - [2021-12-02 15:16:45,393] {dag.py:2305} INFO - Setting next_dagrun for example_dag_decorator to None
[2021-12-02 15:16:45,421] {scheduler_job.py:190} INFO - Processing /home/agalli/sandbox/lib/python3.6/site-packages/airflow/example_dags/example_dag_decorator.py took 0.511 seconds
[2021-12-02 15:17:18,707] {scheduler_job.py:182} INFO - Started process (PID=2922) to work on /home/agalli/sandbox/lib/python3.6/site-packages/airflow/example_dags/example_dag_decorator.py
[2021-12-02 15:17:18,708] {scheduler_job.py:633} INFO - Processing file /home/agalli/sandbox/lib/python3.6/site-packages/airflow/example_dags/example_dag_decorator.py for tasks to queue
[2021-12-02 15:17:18,709] {logging_mixin.py:104} INFO - [2021-12-02 15:17:18,709] {dagbag.py:487} INFO - Filling up the DagBag from /home/agalli/sandbox/lib/python3.6/site-packages/airflow/example_dags/example_dag_decorator.py
[2021-12-02 15:17:18,727] {scheduler_job.py:643} INFO - DAG(s) dict_keys(['example_dag_decorator']) retrieved from /home/agalli/sandbox/lib/python3.6/site-packages/airflow/example_dags/example_dag_decorator.py
[2021-12-02 15:17:19,181] {logging_mixin.py:104} INFO - [2021-12-02 15:17:19,181] {dag.py:1832} INFO - Sync 1 DAGs
[2021-12-02 15:17:19,193] {logging_mixin.py:104} INFO - [2021-12-02 15:17:19,193] {dag.py:2305} INFO - Setting next_dagrun for example_dag_decorator to None
[2021-12-02 15:17:19,216] {scheduler_job.py:190} INFO - Processing /home/agalli/sandbox/lib/python3.6/site-packages/airflow/example_dags/example_dag_decorator.py took 0.513 seconds
[2021-12-02 15:17:51,314] {scheduler_job.py:182} INFO - Started process (PID=2953) to work on /home/agalli/sandbox/lib/python3.6/site-packages/airflow/example_dags/example_dag_decorator.py
[2021-12-02 15:17:51,315] {scheduler_job.py:633} INFO - Processing file /home/agalli/sandbox/lib/python3.6/site-packages/airflow/example_dags/example_dag_decorator.py for tasks to queue
[2021-12-02 15:17:51,316] {logging_mixin.py:104} INFO - [2021-12-02 15:17:51,316] {dagbag.py:487} INFO - Filling up the DagBag from /home/agalli/sandbox/lib/python3.6/site-packages/airflow/example_dags/example_dag_decorator.py
[2021-12-02 15:17:51,332] {scheduler_job.py:643} INFO - DAG(s) dict_keys(['example_dag_decorator']) retrieved from /home/agalli/sandbox/lib/python3.6/site-packages/airflow/example_dags/example_dag_decorator.py
[2021-12-02 15:17:51,826] {logging_mixin.py:104} INFO - [2021-12-02 15:17:51,825] {dag.py:1832} INFO - Sync 1 DAGs
[2021-12-02 15:17:51,836] {logging_mixin.py:104} INFO - [2021-12-02 15:17:51,836] {dag.py:2305} INFO - Setting next_dagrun for example_dag_decorator to None
[2021-12-02 15:17:51,878] {scheduler_job.py:190} INFO - Processing /home/agalli/sandbox/lib/python3.6/site-packages/airflow/example_dags/example_dag_decorator.py took 0.567 seconds
[2021-12-02 15:18:29,072] {scheduler_job.py:182} INFO - Started process (PID=2986) to work on /home/agalli/sandbox/lib/python3.6/site-packages/airflow/example_dags/example_dag_decorator.py
[2021-12-02 15:18:29,073] {scheduler_job.py:633} INFO - Processing file /home/agalli/sandbox/lib/python3.6/site-packages/airflow/example_dags/example_dag_decorator.py for tasks to queue
[2021-12-02 15:18:29,074] {logging_mixin.py:104} INFO - [2021-12-02 15:18:29,073] {dagbag.py:487} INFO - Filling up the DagBag from /home/agalli/sandbox/lib/python3.6/site-packages/airflow/example_dags/example_dag_decorator.py
[2021-12-02 15:18:29,092] {scheduler_job.py:643} INFO - DAG(s) dict_keys(['example_dag_decorator']) retrieved from /home/agalli/sandbox/lib/python3.6/site-packages/airflow/example_dags/example_dag_decorator.py
[2021-12-02 15:18:29,535] {logging_mixin.py:104} INFO - [2021-12-02 15:18:29,535] {dag.py:1832} INFO - Sync 1 DAGs
[2021-12-02 15:18:29,549] {logging_mixin.py:104} INFO - [2021-12-02 15:18:29,549] {dag.py:2305} INFO - Setting next_dagrun for example_dag_decorator to None
[2021-12-02 15:18:29,579] {scheduler_job.py:190} INFO - Processing /home/agalli/sandbox/lib/python3.6/site-packages/airflow/example_dags/example_dag_decorator.py took 0.511 seconds
[2021-12-02 15:19:04,361] {scheduler_job.py:182} INFO - Started process (PID=3019) to work on /home/agalli/sandbox/lib/python3.6/site-packages/airflow/example_dags/example_dag_decorator.py
[2021-12-02 15:19:04,362] {scheduler_job.py:633} INFO - Processing file /home/agalli/sandbox/lib/python3.6/site-packages/airflow/example_dags/example_dag_decorator.py for tasks to queue
[2021-12-02 15:19:04,363] {logging_mixin.py:104} INFO - [2021-12-02 15:19:04,363] {dagbag.py:487} INFO - Filling up the DagBag from /home/agalli/sandbox/lib/python3.6/site-packages/airflow/example_dags/example_dag_decorator.py
[2021-12-02 15:19:04,384] {scheduler_job.py:643} INFO - DAG(s) dict_keys(['example_dag_decorator']) retrieved from /home/agalli/sandbox/lib/python3.6/site-packages/airflow/example_dags/example_dag_decorator.py
[2021-12-02 15:19:04,845] {logging_mixin.py:104} INFO - [2021-12-02 15:19:04,845] {dag.py:1832} INFO - Sync 1 DAGs
[2021-12-02 15:19:04,853] {logging_mixin.py:104} INFO - [2021-12-02 15:19:04,852] {dag.py:2305} INFO - Setting next_dagrun for example_dag_decorator to None
[2021-12-02 15:19:04,871] {scheduler_job.py:190} INFO - Processing /home/agalli/sandbox/lib/python3.6/site-packages/airflow/example_dags/example_dag_decorator.py took 0.516 seconds
[2021-12-02 15:19:45,912] {scheduler_job.py:182} INFO - Started process (PID=3053) to work on /home/agalli/sandbox/lib/python3.6/site-packages/airflow/example_dags/example_dag_decorator.py
[2021-12-02 15:19:45,913] {scheduler_job.py:633} INFO - Processing file /home/agalli/sandbox/lib/python3.6/site-packages/airflow/example_dags/example_dag_decorator.py for tasks to queue
[2021-12-02 15:19:45,914] {logging_mixin.py:104} INFO - [2021-12-02 15:19:45,914] {dagbag.py:487} INFO - Filling up the DagBag from /home/agalli/sandbox/lib/python3.6/site-packages/airflow/example_dags/example_dag_decorator.py
[2021-12-02 15:19:45,933] {scheduler_job.py:643} INFO - DAG(s) dict_keys(['example_dag_decorator']) retrieved from /home/agalli/sandbox/lib/python3.6/site-packages/airflow/example_dags/example_dag_decorator.py
[2021-12-02 15:19:46,395] {logging_mixin.py:104} INFO - [2021-12-02 15:19:46,395] {dag.py:1832} INFO - Sync 1 DAGs
[2021-12-02 15:19:46,404] {logging_mixin.py:104} INFO - [2021-12-02 15:19:46,404] {dag.py:2305} INFO - Setting next_dagrun for example_dag_decorator to None
[2021-12-02 15:19:46,421] {scheduler_job.py:190} INFO - Processing /home/agalli/sandbox/lib/python3.6/site-packages/airflow/example_dags/example_dag_decorator.py took 0.512 seconds
[2021-12-02 15:20:23,965] {scheduler_job.py:182} INFO - Started process (PID=3083) to work on /home/agalli/sandbox/lib/python3.6/site-packages/airflow/example_dags/example_dag_decorator.py
[2021-12-02 15:20:23,975] {scheduler_job.py:633} INFO - Processing file /home/agalli/sandbox/lib/python3.6/site-packages/airflow/example_dags/example_dag_decorator.py for tasks to queue
[2021-12-02 15:20:23,977] {logging_mixin.py:104} INFO - [2021-12-02 15:20:23,977] {dagbag.py:487} INFO - Filling up the DagBag from /home/agalli/sandbox/lib/python3.6/site-packages/airflow/example_dags/example_dag_decorator.py
[2021-12-02 15:20:24,014] {scheduler_job.py:643} INFO - DAG(s) dict_keys(['example_dag_decorator']) retrieved from /home/agalli/sandbox/lib/python3.6/site-packages/airflow/example_dags/example_dag_decorator.py
[2021-12-02 15:20:25,030] {logging_mixin.py:104} INFO - [2021-12-02 15:20:25,030] {dag.py:1832} INFO - Sync 1 DAGs
[2021-12-02 15:20:25,083] {logging_mixin.py:104} INFO - [2021-12-02 15:20:25,083] {dag.py:2305} INFO - Setting next_dagrun for example_dag_decorator to None
[2021-12-02 15:20:25,146] {scheduler_job.py:190} INFO - Processing /home/agalli/sandbox/lib/python3.6/site-packages/airflow/example_dags/example_dag_decorator.py took 1.187 seconds
