[2021-12-02 14:51:45,413] {scheduler_job.py:182} INFO - Started process (PID=1622) to work on /home/agalli/sandbox/lib/python3.6/site-packages/airflow/example_dags/example_bash_operator.py
[2021-12-02 14:51:45,414] {scheduler_job.py:633} INFO - Processing file /home/agalli/sandbox/lib/python3.6/site-packages/airflow/example_dags/example_bash_operator.py for tasks to queue
[2021-12-02 14:51:45,416] {logging_mixin.py:104} INFO - [2021-12-02 14:51:45,415] {dagbag.py:487} INFO - Filling up the DagBag from /home/agalli/sandbox/lib/python3.6/site-packages/airflow/example_dags/example_bash_operator.py
[2021-12-02 14:51:45,457] {scheduler_job.py:643} INFO - DAG(s) dict_keys(['example_bash_operator']) retrieved from /home/agalli/sandbox/lib/python3.6/site-packages/airflow/example_dags/example_bash_operator.py
[2021-12-02 14:51:45,514] {logging_mixin.py:104} INFO - [2021-12-02 14:51:45,514] {dag.py:1832} INFO - Sync 1 DAGs
[2021-12-02 14:51:45,562] {logging_mixin.py:104} INFO - [2021-12-02 14:51:45,562] {dag.py:2305} INFO - Setting next_dagrun for example_bash_operator to 2021-11-30 00:00:00+00:00
[2021-12-02 14:51:45,670] {scheduler_job.py:190} INFO - Processing /home/agalli/sandbox/lib/python3.6/site-packages/airflow/example_dags/example_bash_operator.py took 0.261 seconds
[2021-12-02 14:52:20,483] {scheduler_job.py:182} INFO - Started process (PID=1699) to work on /home/agalli/sandbox/lib/python3.6/site-packages/airflow/example_dags/example_bash_operator.py
[2021-12-02 14:52:20,485] {scheduler_job.py:633} INFO - Processing file /home/agalli/sandbox/lib/python3.6/site-packages/airflow/example_dags/example_bash_operator.py for tasks to queue
[2021-12-02 14:52:20,485] {logging_mixin.py:104} INFO - [2021-12-02 14:52:20,485] {dagbag.py:487} INFO - Filling up the DagBag from /home/agalli/sandbox/lib/python3.6/site-packages/airflow/example_dags/example_bash_operator.py
[2021-12-02 14:52:20,504] {scheduler_job.py:643} INFO - DAG(s) dict_keys(['example_bash_operator']) retrieved from /home/agalli/sandbox/lib/python3.6/site-packages/airflow/example_dags/example_bash_operator.py
[2021-12-02 14:52:20,521] {logging_mixin.py:104} INFO - [2021-12-02 14:52:20,521] {dag.py:1832} INFO - Sync 1 DAGs
[2021-12-02 14:52:20,550] {logging_mixin.py:104} INFO - [2021-12-02 14:52:20,550] {dag.py:2305} INFO - Setting next_dagrun for example_bash_operator to 2021-11-30 00:00:00+00:00
[2021-12-02 14:52:20,574] {scheduler_job.py:190} INFO - Processing /home/agalli/sandbox/lib/python3.6/site-packages/airflow/example_dags/example_bash_operator.py took 0.093 seconds
[2021-12-02 14:52:56,077] {scheduler_job.py:182} INFO - Started process (PID=1731) to work on /home/agalli/sandbox/lib/python3.6/site-packages/airflow/example_dags/example_bash_operator.py
[2021-12-02 14:52:56,080] {scheduler_job.py:633} INFO - Processing file /home/agalli/sandbox/lib/python3.6/site-packages/airflow/example_dags/example_bash_operator.py for tasks to queue
[2021-12-02 14:52:56,082] {logging_mixin.py:104} INFO - [2021-12-02 14:52:56,081] {dagbag.py:487} INFO - Filling up the DagBag from /home/agalli/sandbox/lib/python3.6/site-packages/airflow/example_dags/example_bash_operator.py
[2021-12-02 14:52:56,194] {scheduler_job.py:643} INFO - DAG(s) dict_keys(['example_bash_operator']) retrieved from /home/agalli/sandbox/lib/python3.6/site-packages/airflow/example_dags/example_bash_operator.py
[2021-12-02 14:52:56,439] {logging_mixin.py:104} INFO - [2021-12-02 14:52:56,429] {dag.py:1832} INFO - Sync 1 DAGs
[2021-12-02 14:52:56,620] {logging_mixin.py:104} INFO - [2021-12-02 14:52:56,619] {dag.py:2305} INFO - Setting next_dagrun for example_bash_operator to 2021-11-30 00:00:00+00:00
[2021-12-02 14:52:56,676] {scheduler_job.py:190} INFO - Processing /home/agalli/sandbox/lib/python3.6/site-packages/airflow/example_dags/example_bash_operator.py took 0.615 seconds
[2021-12-02 14:53:34,306] {scheduler_job.py:182} INFO - Started process (PID=1763) to work on /home/agalli/sandbox/lib/python3.6/site-packages/airflow/example_dags/example_bash_operator.py
[2021-12-02 14:53:34,308] {scheduler_job.py:633} INFO - Processing file /home/agalli/sandbox/lib/python3.6/site-packages/airflow/example_dags/example_bash_operator.py for tasks to queue
[2021-12-02 14:53:34,308] {logging_mixin.py:104} INFO - [2021-12-02 14:53:34,308] {dagbag.py:487} INFO - Filling up the DagBag from /home/agalli/sandbox/lib/python3.6/site-packages/airflow/example_dags/example_bash_operator.py
[2021-12-02 14:53:34,326] {scheduler_job.py:643} INFO - DAG(s) dict_keys(['example_bash_operator']) retrieved from /home/agalli/sandbox/lib/python3.6/site-packages/airflow/example_dags/example_bash_operator.py
[2021-12-02 14:53:34,356] {logging_mixin.py:104} INFO - [2021-12-02 14:53:34,356] {dag.py:1832} INFO - Sync 1 DAGs
[2021-12-02 14:53:34,384] {logging_mixin.py:104} INFO - [2021-12-02 14:53:34,383] {dag.py:2305} INFO - Setting next_dagrun for example_bash_operator to 2021-11-30 00:00:00+00:00
[2021-12-02 14:53:34,405] {scheduler_job.py:190} INFO - Processing /home/agalli/sandbox/lib/python3.6/site-packages/airflow/example_dags/example_bash_operator.py took 0.103 seconds
[2021-12-02 14:54:11,136] {scheduler_job.py:182} INFO - Started process (PID=1796) to work on /home/agalli/sandbox/lib/python3.6/site-packages/airflow/example_dags/example_bash_operator.py
[2021-12-02 14:54:11,137] {scheduler_job.py:633} INFO - Processing file /home/agalli/sandbox/lib/python3.6/site-packages/airflow/example_dags/example_bash_operator.py for tasks to queue
[2021-12-02 14:54:11,137] {logging_mixin.py:104} INFO - [2021-12-02 14:54:11,137] {dagbag.py:487} INFO - Filling up the DagBag from /home/agalli/sandbox/lib/python3.6/site-packages/airflow/example_dags/example_bash_operator.py
[2021-12-02 14:54:11,162] {scheduler_job.py:643} INFO - DAG(s) dict_keys(['example_bash_operator']) retrieved from /home/agalli/sandbox/lib/python3.6/site-packages/airflow/example_dags/example_bash_operator.py
[2021-12-02 14:54:11,190] {logging_mixin.py:104} INFO - [2021-12-02 14:54:11,190] {dag.py:1832} INFO - Sync 1 DAGs
[2021-12-02 14:54:11,223] {logging_mixin.py:104} INFO - [2021-12-02 14:54:11,223] {dag.py:2305} INFO - Setting next_dagrun for example_bash_operator to 2021-11-30 00:00:00+00:00
[2021-12-02 14:54:11,264] {scheduler_job.py:190} INFO - Processing /home/agalli/sandbox/lib/python3.6/site-packages/airflow/example_dags/example_bash_operator.py took 0.131 seconds
[2021-12-02 14:54:48,253] {scheduler_job.py:182} INFO - Started process (PID=1827) to work on /home/agalli/sandbox/lib/python3.6/site-packages/airflow/example_dags/example_bash_operator.py
[2021-12-02 14:54:48,255] {scheduler_job.py:633} INFO - Processing file /home/agalli/sandbox/lib/python3.6/site-packages/airflow/example_dags/example_bash_operator.py for tasks to queue
[2021-12-02 14:54:48,256] {logging_mixin.py:104} INFO - [2021-12-02 14:54:48,256] {dagbag.py:487} INFO - Filling up the DagBag from /home/agalli/sandbox/lib/python3.6/site-packages/airflow/example_dags/example_bash_operator.py
[2021-12-02 14:54:48,283] {scheduler_job.py:643} INFO - DAG(s) dict_keys(['example_bash_operator']) retrieved from /home/agalli/sandbox/lib/python3.6/site-packages/airflow/example_dags/example_bash_operator.py
[2021-12-02 14:54:48,307] {logging_mixin.py:104} INFO - [2021-12-02 14:54:48,307] {dag.py:1832} INFO - Sync 1 DAGs
[2021-12-02 14:54:48,331] {logging_mixin.py:104} INFO - [2021-12-02 14:54:48,331] {dag.py:2305} INFO - Setting next_dagrun for example_bash_operator to 2021-11-30 00:00:00+00:00
[2021-12-02 14:54:48,354] {scheduler_job.py:190} INFO - Processing /home/agalli/sandbox/lib/python3.6/site-packages/airflow/example_dags/example_bash_operator.py took 0.105 seconds
[2021-12-02 14:55:34,466] {scheduler_job.py:182} INFO - Started process (PID=1952) to work on /home/agalli/sandbox/lib/python3.6/site-packages/airflow/example_dags/example_bash_operator.py
[2021-12-02 14:55:34,469] {scheduler_job.py:633} INFO - Processing file /home/agalli/sandbox/lib/python3.6/site-packages/airflow/example_dags/example_bash_operator.py for tasks to queue
[2021-12-02 14:55:34,471] {logging_mixin.py:104} INFO - [2021-12-02 14:55:34,470] {dagbag.py:487} INFO - Filling up the DagBag from /home/agalli/sandbox/lib/python3.6/site-packages/airflow/example_dags/example_bash_operator.py
[2021-12-02 14:55:34,523] {scheduler_job.py:643} INFO - DAG(s) dict_keys(['example_bash_operator']) retrieved from /home/agalli/sandbox/lib/python3.6/site-packages/airflow/example_dags/example_bash_operator.py
[2021-12-02 14:55:34,554] {logging_mixin.py:104} INFO - [2021-12-02 14:55:34,554] {dag.py:1832} INFO - Sync 1 DAGs
[2021-12-02 14:55:34,591] {logging_mixin.py:104} INFO - [2021-12-02 14:55:34,590] {dag.py:2305} INFO - Setting next_dagrun for example_bash_operator to 2021-11-30 00:00:00+00:00
[2021-12-02 14:55:34,637] {scheduler_job.py:190} INFO - Processing /home/agalli/sandbox/lib/python3.6/site-packages/airflow/example_dags/example_bash_operator.py took 0.183 seconds
[2021-12-02 14:56:16,973] {scheduler_job.py:182} INFO - Started process (PID=1986) to work on /home/agalli/sandbox/lib/python3.6/site-packages/airflow/example_dags/example_bash_operator.py
[2021-12-02 14:56:16,976] {scheduler_job.py:633} INFO - Processing file /home/agalli/sandbox/lib/python3.6/site-packages/airflow/example_dags/example_bash_operator.py for tasks to queue
[2021-12-02 14:56:16,977] {logging_mixin.py:104} INFO - [2021-12-02 14:56:16,976] {dagbag.py:487} INFO - Filling up the DagBag from /home/agalli/sandbox/lib/python3.6/site-packages/airflow/example_dags/example_bash_operator.py
[2021-12-02 14:56:16,999] {scheduler_job.py:643} INFO - DAG(s) dict_keys(['example_bash_operator']) retrieved from /home/agalli/sandbox/lib/python3.6/site-packages/airflow/example_dags/example_bash_operator.py
[2021-12-02 14:56:17,038] {logging_mixin.py:104} INFO - [2021-12-02 14:56:17,037] {dag.py:1832} INFO - Sync 1 DAGs
[2021-12-02 14:56:17,089] {logging_mixin.py:104} INFO - [2021-12-02 14:56:17,089] {dag.py:2305} INFO - Setting next_dagrun for example_bash_operator to 2021-11-30 00:00:00+00:00
[2021-12-02 14:56:17,127] {scheduler_job.py:190} INFO - Processing /home/agalli/sandbox/lib/python3.6/site-packages/airflow/example_dags/example_bash_operator.py took 0.164 seconds
[2021-12-02 14:56:57,862] {scheduler_job.py:182} INFO - Started process (PID=2017) to work on /home/agalli/sandbox/lib/python3.6/site-packages/airflow/example_dags/example_bash_operator.py
[2021-12-02 14:56:57,864] {scheduler_job.py:633} INFO - Processing file /home/agalli/sandbox/lib/python3.6/site-packages/airflow/example_dags/example_bash_operator.py for tasks to queue
[2021-12-02 14:56:57,864] {logging_mixin.py:104} INFO - [2021-12-02 14:56:57,864] {dagbag.py:487} INFO - Filling up the DagBag from /home/agalli/sandbox/lib/python3.6/site-packages/airflow/example_dags/example_bash_operator.py
[2021-12-02 14:56:57,893] {scheduler_job.py:643} INFO - DAG(s) dict_keys(['example_bash_operator']) retrieved from /home/agalli/sandbox/lib/python3.6/site-packages/airflow/example_dags/example_bash_operator.py
[2021-12-02 14:56:57,915] {logging_mixin.py:104} INFO - [2021-12-02 14:56:57,915] {dag.py:1832} INFO - Sync 1 DAGs
[2021-12-02 14:56:57,947] {logging_mixin.py:104} INFO - [2021-12-02 14:56:57,947] {dag.py:2305} INFO - Setting next_dagrun for example_bash_operator to 2021-11-30 00:00:00+00:00
[2021-12-02 14:56:57,997] {scheduler_job.py:190} INFO - Processing /home/agalli/sandbox/lib/python3.6/site-packages/airflow/example_dags/example_bash_operator.py took 0.143 seconds
[2021-12-02 14:57:45,789] {scheduler_job.py:182} INFO - Started process (PID=2054) to work on /home/agalli/sandbox/lib/python3.6/site-packages/airflow/example_dags/example_bash_operator.py
[2021-12-02 14:57:45,792] {scheduler_job.py:633} INFO - Processing file /home/agalli/sandbox/lib/python3.6/site-packages/airflow/example_dags/example_bash_operator.py for tasks to queue
[2021-12-02 14:57:45,793] {logging_mixin.py:104} INFO - [2021-12-02 14:57:45,792] {dagbag.py:487} INFO - Filling up the DagBag from /home/agalli/sandbox/lib/python3.6/site-packages/airflow/example_dags/example_bash_operator.py
[2021-12-02 14:57:45,826] {scheduler_job.py:643} INFO - DAG(s) dict_keys(['example_bash_operator']) retrieved from /home/agalli/sandbox/lib/python3.6/site-packages/airflow/example_dags/example_bash_operator.py
[2021-12-02 14:57:45,859] {logging_mixin.py:104} INFO - [2021-12-02 14:57:45,858] {dag.py:1832} INFO - Sync 1 DAGs
[2021-12-02 14:57:45,898] {logging_mixin.py:104} INFO - [2021-12-02 14:57:45,898] {dag.py:2305} INFO - Setting next_dagrun for example_bash_operator to 2021-11-30 00:00:00+00:00
[2021-12-02 14:57:45,946] {scheduler_job.py:190} INFO - Processing /home/agalli/sandbox/lib/python3.6/site-packages/airflow/example_dags/example_bash_operator.py took 0.165 seconds
[2021-12-02 14:58:40,053] {scheduler_job.py:182} INFO - Started process (PID=2091) to work on /home/agalli/sandbox/lib/python3.6/site-packages/airflow/example_dags/example_bash_operator.py
[2021-12-02 14:58:40,070] {scheduler_job.py:633} INFO - Processing file /home/agalli/sandbox/lib/python3.6/site-packages/airflow/example_dags/example_bash_operator.py for tasks to queue
[2021-12-02 14:58:40,072] {logging_mixin.py:104} INFO - [2021-12-02 14:58:40,071] {dagbag.py:487} INFO - Filling up the DagBag from /home/agalli/sandbox/lib/python3.6/site-packages/airflow/example_dags/example_bash_operator.py
[2021-12-02 14:58:40,181] {scheduler_job.py:643} INFO - DAG(s) dict_keys(['example_bash_operator']) retrieved from /home/agalli/sandbox/lib/python3.6/site-packages/airflow/example_dags/example_bash_operator.py
[2021-12-02 14:58:40,325] {logging_mixin.py:104} INFO - [2021-12-02 14:58:40,324] {dag.py:1832} INFO - Sync 1 DAGs
[2021-12-02 14:58:40,488] {logging_mixin.py:104} INFO - [2021-12-02 14:58:40,488] {dag.py:2305} INFO - Setting next_dagrun for example_bash_operator to 2021-11-30 00:00:00+00:00
[2021-12-02 14:58:40,695] {scheduler_job.py:190} INFO - Processing /home/agalli/sandbox/lib/python3.6/site-packages/airflow/example_dags/example_bash_operator.py took 0.670 seconds
[2021-12-02 15:00:02,159] {scheduler_job.py:182} INFO - Started process (PID=2135) to work on /home/agalli/sandbox/lib/python3.6/site-packages/airflow/example_dags/example_bash_operator.py
[2021-12-02 15:00:02,161] {scheduler_job.py:633} INFO - Processing file /home/agalli/sandbox/lib/python3.6/site-packages/airflow/example_dags/example_bash_operator.py for tasks to queue
[2021-12-02 15:00:02,162] {logging_mixin.py:104} INFO - [2021-12-02 15:00:02,161] {dagbag.py:487} INFO - Filling up the DagBag from /home/agalli/sandbox/lib/python3.6/site-packages/airflow/example_dags/example_bash_operator.py
[2021-12-02 15:00:02,198] {scheduler_job.py:643} INFO - DAG(s) dict_keys(['example_bash_operator']) retrieved from /home/agalli/sandbox/lib/python3.6/site-packages/airflow/example_dags/example_bash_operator.py
[2021-12-02 15:00:02,234] {logging_mixin.py:104} INFO - [2021-12-02 15:00:02,234] {dag.py:1832} INFO - Sync 1 DAGs
[2021-12-02 15:00:02,270] {logging_mixin.py:104} INFO - [2021-12-02 15:00:02,270] {dag.py:2305} INFO - Setting next_dagrun for example_bash_operator to 2021-11-30 00:00:00+00:00
[2021-12-02 15:00:02,334] {scheduler_job.py:190} INFO - Processing /home/agalli/sandbox/lib/python3.6/site-packages/airflow/example_dags/example_bash_operator.py took 0.182 seconds
[2021-12-02 15:00:49,056] {scheduler_job.py:182} INFO - Started process (PID=2170) to work on /home/agalli/sandbox/lib/python3.6/site-packages/airflow/example_dags/example_bash_operator.py
[2021-12-02 15:00:49,058] {scheduler_job.py:633} INFO - Processing file /home/agalli/sandbox/lib/python3.6/site-packages/airflow/example_dags/example_bash_operator.py for tasks to queue
[2021-12-02 15:00:49,059] {logging_mixin.py:104} INFO - [2021-12-02 15:00:49,059] {dagbag.py:487} INFO - Filling up the DagBag from /home/agalli/sandbox/lib/python3.6/site-packages/airflow/example_dags/example_bash_operator.py
[2021-12-02 15:00:49,093] {scheduler_job.py:643} INFO - DAG(s) dict_keys(['example_bash_operator']) retrieved from /home/agalli/sandbox/lib/python3.6/site-packages/airflow/example_dags/example_bash_operator.py
[2021-12-02 15:00:49,128] {logging_mixin.py:104} INFO - [2021-12-02 15:00:49,127] {dag.py:1832} INFO - Sync 1 DAGs
[2021-12-02 15:00:49,173] {logging_mixin.py:104} INFO - [2021-12-02 15:00:49,172] {dag.py:2305} INFO - Setting next_dagrun for example_bash_operator to 2021-11-30 00:00:00+00:00
[2021-12-02 15:00:49,210] {scheduler_job.py:190} INFO - Processing /home/agalli/sandbox/lib/python3.6/site-packages/airflow/example_dags/example_bash_operator.py took 0.163 seconds
[2021-12-02 15:01:41,043] {scheduler_job.py:182} INFO - Started process (PID=2206) to work on /home/agalli/sandbox/lib/python3.6/site-packages/airflow/example_dags/example_bash_operator.py
[2021-12-02 15:01:41,058] {scheduler_job.py:633} INFO - Processing file /home/agalli/sandbox/lib/python3.6/site-packages/airflow/example_dags/example_bash_operator.py for tasks to queue
[2021-12-02 15:01:41,071] {logging_mixin.py:104} INFO - [2021-12-02 15:01:41,070] {dagbag.py:487} INFO - Filling up the DagBag from /home/agalli/sandbox/lib/python3.6/site-packages/airflow/example_dags/example_bash_operator.py
[2021-12-02 15:01:41,299] {scheduler_job.py:643} INFO - DAG(s) dict_keys(['example_bash_operator']) retrieved from /home/agalli/sandbox/lib/python3.6/site-packages/airflow/example_dags/example_bash_operator.py
[2021-12-02 15:01:41,426] {logging_mixin.py:104} INFO - [2021-12-02 15:01:41,417] {dag.py:1832} INFO - Sync 1 DAGs
[2021-12-02 15:01:41,592] {logging_mixin.py:104} INFO - [2021-12-02 15:01:41,591] {dag.py:2305} INFO - Setting next_dagrun for example_bash_operator to 2021-11-30 00:00:00+00:00
[2021-12-02 15:01:41,771] {scheduler_job.py:190} INFO - Processing /home/agalli/sandbox/lib/python3.6/site-packages/airflow/example_dags/example_bash_operator.py took 0.742 seconds
[2021-12-02 15:04:36,165] {scheduler_job.py:182} INFO - Started process (PID=2316) to work on /home/agalli/sandbox/lib/python3.6/site-packages/airflow/example_dags/example_bash_operator.py
[2021-12-02 15:04:36,167] {scheduler_job.py:633} INFO - Processing file /home/agalli/sandbox/lib/python3.6/site-packages/airflow/example_dags/example_bash_operator.py for tasks to queue
[2021-12-02 15:04:36,169] {logging_mixin.py:104} INFO - [2021-12-02 15:04:36,168] {dagbag.py:487} INFO - Filling up the DagBag from /home/agalli/sandbox/lib/python3.6/site-packages/airflow/example_dags/example_bash_operator.py
[2021-12-02 15:04:36,216] {scheduler_job.py:643} INFO - DAG(s) dict_keys(['example_bash_operator']) retrieved from /home/agalli/sandbox/lib/python3.6/site-packages/airflow/example_dags/example_bash_operator.py
[2021-12-02 15:04:36,264] {logging_mixin.py:104} INFO - [2021-12-02 15:04:36,264] {dag.py:1832} INFO - Sync 1 DAGs
[2021-12-02 15:04:36,357] {logging_mixin.py:104} INFO - [2021-12-02 15:04:36,355] {dag.py:2305} INFO - Setting next_dagrun for example_bash_operator to 2021-12-02 00:00:00+00:00
[2021-12-02 15:04:36,435] {scheduler_job.py:190} INFO - Processing /home/agalli/sandbox/lib/python3.6/site-packages/airflow/example_dags/example_bash_operator.py took 0.276 seconds
[2021-12-02 15:05:28,082] {scheduler_job.py:182} INFO - Started process (PID=2350) to work on /home/agalli/sandbox/lib/python3.6/site-packages/airflow/example_dags/example_bash_operator.py
[2021-12-02 15:05:28,083] {scheduler_job.py:633} INFO - Processing file /home/agalli/sandbox/lib/python3.6/site-packages/airflow/example_dags/example_bash_operator.py for tasks to queue
[2021-12-02 15:05:28,084] {logging_mixin.py:104} INFO - [2021-12-02 15:05:28,084] {dagbag.py:487} INFO - Filling up the DagBag from /home/agalli/sandbox/lib/python3.6/site-packages/airflow/example_dags/example_bash_operator.py
[2021-12-02 15:05:28,102] {scheduler_job.py:643} INFO - DAG(s) dict_keys(['example_bash_operator']) retrieved from /home/agalli/sandbox/lib/python3.6/site-packages/airflow/example_dags/example_bash_operator.py
[2021-12-02 15:05:28,161] {logging_mixin.py:104} INFO - [2021-12-02 15:05:28,160] {dag.py:1832} INFO - Sync 1 DAGs
[2021-12-02 15:05:28,212] {logging_mixin.py:104} INFO - [2021-12-02 15:05:28,211] {dag.py:2305} INFO - Setting next_dagrun for example_bash_operator to 2021-12-02 00:00:00+00:00
[2021-12-02 15:05:28,265] {scheduler_job.py:190} INFO - Processing /home/agalli/sandbox/lib/python3.6/site-packages/airflow/example_dags/example_bash_operator.py took 0.188 seconds
[2021-12-02 15:06:17,736] {scheduler_job.py:182} INFO - Started process (PID=2383) to work on /home/agalli/sandbox/lib/python3.6/site-packages/airflow/example_dags/example_bash_operator.py
[2021-12-02 15:06:17,739] {scheduler_job.py:633} INFO - Processing file /home/agalli/sandbox/lib/python3.6/site-packages/airflow/example_dags/example_bash_operator.py for tasks to queue
[2021-12-02 15:06:17,742] {logging_mixin.py:104} INFO - [2021-12-02 15:06:17,741] {dagbag.py:487} INFO - Filling up the DagBag from /home/agalli/sandbox/lib/python3.6/site-packages/airflow/example_dags/example_bash_operator.py
[2021-12-02 15:06:17,774] {scheduler_job.py:643} INFO - DAG(s) dict_keys(['example_bash_operator']) retrieved from /home/agalli/sandbox/lib/python3.6/site-packages/airflow/example_dags/example_bash_operator.py
[2021-12-02 15:06:17,812] {logging_mixin.py:104} INFO - [2021-12-02 15:06:17,811] {dag.py:1832} INFO - Sync 1 DAGs
[2021-12-02 15:06:17,839] {logging_mixin.py:104} INFO - [2021-12-02 15:06:17,839] {dag.py:2305} INFO - Setting next_dagrun for example_bash_operator to 2021-12-02 00:00:00+00:00
[2021-12-02 15:06:17,864] {scheduler_job.py:190} INFO - Processing /home/agalli/sandbox/lib/python3.6/site-packages/airflow/example_dags/example_bash_operator.py took 0.140 seconds
[2021-12-02 15:07:02,609] {scheduler_job.py:182} INFO - Started process (PID=2414) to work on /home/agalli/sandbox/lib/python3.6/site-packages/airflow/example_dags/example_bash_operator.py
[2021-12-02 15:07:02,612] {scheduler_job.py:633} INFO - Processing file /home/agalli/sandbox/lib/python3.6/site-packages/airflow/example_dags/example_bash_operator.py for tasks to queue
[2021-12-02 15:07:02,613] {logging_mixin.py:104} INFO - [2021-12-02 15:07:02,613] {dagbag.py:487} INFO - Filling up the DagBag from /home/agalli/sandbox/lib/python3.6/site-packages/airflow/example_dags/example_bash_operator.py
[2021-12-02 15:07:02,708] {scheduler_job.py:643} INFO - DAG(s) dict_keys(['example_bash_operator']) retrieved from /home/agalli/sandbox/lib/python3.6/site-packages/airflow/example_dags/example_bash_operator.py
[2021-12-02 15:07:02,866] {logging_mixin.py:104} INFO - [2021-12-02 15:07:02,865] {dag.py:1832} INFO - Sync 1 DAGs
[2021-12-02 15:07:02,954] {logging_mixin.py:104} INFO - [2021-12-02 15:07:02,954] {dag.py:2305} INFO - Setting next_dagrun for example_bash_operator to 2021-12-02 00:00:00+00:00
[2021-12-02 15:07:03,226] {scheduler_job.py:190} INFO - Processing /home/agalli/sandbox/lib/python3.6/site-packages/airflow/example_dags/example_bash_operator.py took 0.645 seconds
[2021-12-02 15:07:46,421] {scheduler_job.py:182} INFO - Started process (PID=2446) to work on /home/agalli/sandbox/lib/python3.6/site-packages/airflow/example_dags/example_bash_operator.py
[2021-12-02 15:07:46,423] {scheduler_job.py:633} INFO - Processing file /home/agalli/sandbox/lib/python3.6/site-packages/airflow/example_dags/example_bash_operator.py for tasks to queue
[2021-12-02 15:07:46,424] {logging_mixin.py:104} INFO - [2021-12-02 15:07:46,424] {dagbag.py:487} INFO - Filling up the DagBag from /home/agalli/sandbox/lib/python3.6/site-packages/airflow/example_dags/example_bash_operator.py
[2021-12-02 15:07:46,451] {scheduler_job.py:643} INFO - DAG(s) dict_keys(['example_bash_operator']) retrieved from /home/agalli/sandbox/lib/python3.6/site-packages/airflow/example_dags/example_bash_operator.py
[2021-12-02 15:07:46,492] {logging_mixin.py:104} INFO - [2021-12-02 15:07:46,491] {dag.py:1832} INFO - Sync 1 DAGs
[2021-12-02 15:07:46,525] {logging_mixin.py:104} INFO - [2021-12-02 15:07:46,525] {dag.py:2305} INFO - Setting next_dagrun for example_bash_operator to 2021-12-02 00:00:00+00:00
[2021-12-02 15:07:46,583] {scheduler_job.py:190} INFO - Processing /home/agalli/sandbox/lib/python3.6/site-packages/airflow/example_dags/example_bash_operator.py took 0.167 seconds
[2021-12-02 15:08:42,886] {scheduler_job.py:182} INFO - Started process (PID=2480) to work on /home/agalli/sandbox/lib/python3.6/site-packages/airflow/example_dags/example_bash_operator.py
[2021-12-02 15:08:42,892] {scheduler_job.py:633} INFO - Processing file /home/agalli/sandbox/lib/python3.6/site-packages/airflow/example_dags/example_bash_operator.py for tasks to queue
[2021-12-02 15:08:42,903] {logging_mixin.py:104} INFO - [2021-12-02 15:08:42,901] {dagbag.py:487} INFO - Filling up the DagBag from /home/agalli/sandbox/lib/python3.6/site-packages/airflow/example_dags/example_bash_operator.py
[2021-12-02 15:08:42,969] {scheduler_job.py:643} INFO - DAG(s) dict_keys(['example_bash_operator']) retrieved from /home/agalli/sandbox/lib/python3.6/site-packages/airflow/example_dags/example_bash_operator.py
[2021-12-02 15:08:43,038] {logging_mixin.py:104} INFO - [2021-12-02 15:08:43,038] {dag.py:1832} INFO - Sync 1 DAGs
[2021-12-02 15:08:43,109] {logging_mixin.py:104} INFO - [2021-12-02 15:08:43,109] {dag.py:2305} INFO - Setting next_dagrun for example_bash_operator to 2021-12-02 00:00:00+00:00
[2021-12-02 15:08:43,159] {scheduler_job.py:190} INFO - Processing /home/agalli/sandbox/lib/python3.6/site-packages/airflow/example_dags/example_bash_operator.py took 0.290 seconds
[2021-12-02 15:09:28,570] {scheduler_job.py:182} INFO - Started process (PID=2512) to work on /home/agalli/sandbox/lib/python3.6/site-packages/airflow/example_dags/example_bash_operator.py
[2021-12-02 15:09:28,572] {scheduler_job.py:633} INFO - Processing file /home/agalli/sandbox/lib/python3.6/site-packages/airflow/example_dags/example_bash_operator.py for tasks to queue
[2021-12-02 15:09:28,573] {logging_mixin.py:104} INFO - [2021-12-02 15:09:28,573] {dagbag.py:487} INFO - Filling up the DagBag from /home/agalli/sandbox/lib/python3.6/site-packages/airflow/example_dags/example_bash_operator.py
[2021-12-02 15:09:28,589] {scheduler_job.py:643} INFO - DAG(s) dict_keys(['example_bash_operator']) retrieved from /home/agalli/sandbox/lib/python3.6/site-packages/airflow/example_dags/example_bash_operator.py
[2021-12-02 15:09:28,611] {logging_mixin.py:104} INFO - [2021-12-02 15:09:28,611] {dag.py:1832} INFO - Sync 1 DAGs
[2021-12-02 15:09:28,627] {logging_mixin.py:104} INFO - [2021-12-02 15:09:28,627] {dag.py:2305} INFO - Setting next_dagrun for example_bash_operator to 2021-12-02 00:00:00+00:00
[2021-12-02 15:09:28,660] {scheduler_job.py:190} INFO - Processing /home/agalli/sandbox/lib/python3.6/site-packages/airflow/example_dags/example_bash_operator.py took 0.096 seconds
[2021-12-02 15:10:11,158] {scheduler_job.py:182} INFO - Started process (PID=2547) to work on /home/agalli/sandbox/lib/python3.6/site-packages/airflow/example_dags/example_bash_operator.py
[2021-12-02 15:10:11,159] {scheduler_job.py:633} INFO - Processing file /home/agalli/sandbox/lib/python3.6/site-packages/airflow/example_dags/example_bash_operator.py for tasks to queue
[2021-12-02 15:10:11,160] {logging_mixin.py:104} INFO - [2021-12-02 15:10:11,160] {dagbag.py:487} INFO - Filling up the DagBag from /home/agalli/sandbox/lib/python3.6/site-packages/airflow/example_dags/example_bash_operator.py
[2021-12-02 15:10:11,174] {scheduler_job.py:643} INFO - DAG(s) dict_keys(['example_bash_operator']) retrieved from /home/agalli/sandbox/lib/python3.6/site-packages/airflow/example_dags/example_bash_operator.py
[2021-12-02 15:10:11,193] {logging_mixin.py:104} INFO - [2021-12-02 15:10:11,193] {dag.py:1832} INFO - Sync 1 DAGs
[2021-12-02 15:10:11,207] {logging_mixin.py:104} INFO - [2021-12-02 15:10:11,207] {dag.py:2305} INFO - Setting next_dagrun for example_bash_operator to 2021-12-02 00:00:00+00:00
[2021-12-02 15:10:11,231] {scheduler_job.py:190} INFO - Processing /home/agalli/sandbox/lib/python3.6/site-packages/airflow/example_dags/example_bash_operator.py took 0.077 seconds
[2021-12-02 15:10:50,500] {scheduler_job.py:182} INFO - Started process (PID=2580) to work on /home/agalli/sandbox/lib/python3.6/site-packages/airflow/example_dags/example_bash_operator.py
[2021-12-02 15:10:50,502] {scheduler_job.py:633} INFO - Processing file /home/agalli/sandbox/lib/python3.6/site-packages/airflow/example_dags/example_bash_operator.py for tasks to queue
[2021-12-02 15:10:50,503] {logging_mixin.py:104} INFO - [2021-12-02 15:10:50,502] {dagbag.py:487} INFO - Filling up the DagBag from /home/agalli/sandbox/lib/python3.6/site-packages/airflow/example_dags/example_bash_operator.py
[2021-12-02 15:10:50,518] {scheduler_job.py:643} INFO - DAG(s) dict_keys(['example_bash_operator']) retrieved from /home/agalli/sandbox/lib/python3.6/site-packages/airflow/example_dags/example_bash_operator.py
[2021-12-02 15:10:50,543] {logging_mixin.py:104} INFO - [2021-12-02 15:10:50,543] {dag.py:1832} INFO - Sync 1 DAGs
[2021-12-02 15:10:50,569] {logging_mixin.py:104} INFO - [2021-12-02 15:10:50,569] {dag.py:2305} INFO - Setting next_dagrun for example_bash_operator to 2021-12-02 00:00:00+00:00
[2021-12-02 15:10:50,599] {scheduler_job.py:190} INFO - Processing /home/agalli/sandbox/lib/python3.6/site-packages/airflow/example_dags/example_bash_operator.py took 0.103 seconds
[2021-12-02 15:11:24,980] {scheduler_job.py:182} INFO - Started process (PID=2611) to work on /home/agalli/sandbox/lib/python3.6/site-packages/airflow/example_dags/example_bash_operator.py
[2021-12-02 15:11:24,981] {scheduler_job.py:633} INFO - Processing file /home/agalli/sandbox/lib/python3.6/site-packages/airflow/example_dags/example_bash_operator.py for tasks to queue
[2021-12-02 15:11:24,981] {logging_mixin.py:104} INFO - [2021-12-02 15:11:24,981] {dagbag.py:487} INFO - Filling up the DagBag from /home/agalli/sandbox/lib/python3.6/site-packages/airflow/example_dags/example_bash_operator.py
[2021-12-02 15:11:24,996] {scheduler_job.py:643} INFO - DAG(s) dict_keys(['example_bash_operator']) retrieved from /home/agalli/sandbox/lib/python3.6/site-packages/airflow/example_dags/example_bash_operator.py
[2021-12-02 15:11:25,013] {logging_mixin.py:104} INFO - [2021-12-02 15:11:25,013] {dag.py:1832} INFO - Sync 1 DAGs
[2021-12-02 15:11:25,034] {logging_mixin.py:104} INFO - [2021-12-02 15:11:25,034] {dag.py:2305} INFO - Setting next_dagrun for example_bash_operator to 2021-12-02 00:00:00+00:00
[2021-12-02 15:11:25,088] {scheduler_job.py:190} INFO - Processing /home/agalli/sandbox/lib/python3.6/site-packages/airflow/example_dags/example_bash_operator.py took 0.112 seconds
[2021-12-02 15:12:01,906] {scheduler_job.py:182} INFO - Started process (PID=2644) to work on /home/agalli/sandbox/lib/python3.6/site-packages/airflow/example_dags/example_bash_operator.py
[2021-12-02 15:12:01,908] {scheduler_job.py:633} INFO - Processing file /home/agalli/sandbox/lib/python3.6/site-packages/airflow/example_dags/example_bash_operator.py for tasks to queue
[2021-12-02 15:12:01,908] {logging_mixin.py:104} INFO - [2021-12-02 15:12:01,908] {dagbag.py:487} INFO - Filling up the DagBag from /home/agalli/sandbox/lib/python3.6/site-packages/airflow/example_dags/example_bash_operator.py
[2021-12-02 15:12:01,921] {scheduler_job.py:643} INFO - DAG(s) dict_keys(['example_bash_operator']) retrieved from /home/agalli/sandbox/lib/python3.6/site-packages/airflow/example_dags/example_bash_operator.py
[2021-12-02 15:12:01,939] {logging_mixin.py:104} INFO - [2021-12-02 15:12:01,939] {dag.py:1832} INFO - Sync 1 DAGs
[2021-12-02 15:12:01,954] {logging_mixin.py:104} INFO - [2021-12-02 15:12:01,954] {dag.py:2305} INFO - Setting next_dagrun for example_bash_operator to 2021-12-02 00:00:00+00:00
[2021-12-02 15:12:01,973] {scheduler_job.py:190} INFO - Processing /home/agalli/sandbox/lib/python3.6/site-packages/airflow/example_dags/example_bash_operator.py took 0.070 seconds
[2021-12-02 15:12:39,172] {scheduler_job.py:182} INFO - Started process (PID=2676) to work on /home/agalli/sandbox/lib/python3.6/site-packages/airflow/example_dags/example_bash_operator.py
[2021-12-02 15:12:39,173] {scheduler_job.py:633} INFO - Processing file /home/agalli/sandbox/lib/python3.6/site-packages/airflow/example_dags/example_bash_operator.py for tasks to queue
[2021-12-02 15:12:39,174] {logging_mixin.py:104} INFO - [2021-12-02 15:12:39,174] {dagbag.py:487} INFO - Filling up the DagBag from /home/agalli/sandbox/lib/python3.6/site-packages/airflow/example_dags/example_bash_operator.py
[2021-12-02 15:12:39,186] {scheduler_job.py:643} INFO - DAG(s) dict_keys(['example_bash_operator']) retrieved from /home/agalli/sandbox/lib/python3.6/site-packages/airflow/example_dags/example_bash_operator.py
[2021-12-02 15:12:39,206] {logging_mixin.py:104} INFO - [2021-12-02 15:12:39,206] {dag.py:1832} INFO - Sync 1 DAGs
[2021-12-02 15:12:39,219] {logging_mixin.py:104} INFO - [2021-12-02 15:12:39,219] {dag.py:2305} INFO - Setting next_dagrun for example_bash_operator to 2021-12-02 00:00:00+00:00
[2021-12-02 15:12:39,240] {scheduler_job.py:190} INFO - Processing /home/agalli/sandbox/lib/python3.6/site-packages/airflow/example_dags/example_bash_operator.py took 0.072 seconds
[2021-12-02 15:13:13,912] {scheduler_job.py:182} INFO - Started process (PID=2707) to work on /home/agalli/sandbox/lib/python3.6/site-packages/airflow/example_dags/example_bash_operator.py
[2021-12-02 15:13:13,913] {scheduler_job.py:633} INFO - Processing file /home/agalli/sandbox/lib/python3.6/site-packages/airflow/example_dags/example_bash_operator.py for tasks to queue
[2021-12-02 15:13:13,914] {logging_mixin.py:104} INFO - [2021-12-02 15:13:13,914] {dagbag.py:487} INFO - Filling up the DagBag from /home/agalli/sandbox/lib/python3.6/site-packages/airflow/example_dags/example_bash_operator.py
[2021-12-02 15:13:13,927] {scheduler_job.py:643} INFO - DAG(s) dict_keys(['example_bash_operator']) retrieved from /home/agalli/sandbox/lib/python3.6/site-packages/airflow/example_dags/example_bash_operator.py
[2021-12-02 15:13:13,948] {logging_mixin.py:104} INFO - [2021-12-02 15:13:13,948] {dag.py:1832} INFO - Sync 1 DAGs
[2021-12-02 15:13:13,966] {logging_mixin.py:104} INFO - [2021-12-02 15:13:13,966] {dag.py:2305} INFO - Setting next_dagrun for example_bash_operator to 2021-12-02 00:00:00+00:00
[2021-12-02 15:13:14,034] {scheduler_job.py:190} INFO - Processing /home/agalli/sandbox/lib/python3.6/site-packages/airflow/example_dags/example_bash_operator.py took 0.126 seconds
[2021-12-02 15:13:48,432] {scheduler_job.py:182} INFO - Started process (PID=2739) to work on /home/agalli/sandbox/lib/python3.6/site-packages/airflow/example_dags/example_bash_operator.py
[2021-12-02 15:13:48,433] {scheduler_job.py:633} INFO - Processing file /home/agalli/sandbox/lib/python3.6/site-packages/airflow/example_dags/example_bash_operator.py for tasks to queue
[2021-12-02 15:13:48,434] {logging_mixin.py:104} INFO - [2021-12-02 15:13:48,434] {dagbag.py:487} INFO - Filling up the DagBag from /home/agalli/sandbox/lib/python3.6/site-packages/airflow/example_dags/example_bash_operator.py
[2021-12-02 15:13:48,447] {scheduler_job.py:643} INFO - DAG(s) dict_keys(['example_bash_operator']) retrieved from /home/agalli/sandbox/lib/python3.6/site-packages/airflow/example_dags/example_bash_operator.py
[2021-12-02 15:13:48,465] {logging_mixin.py:104} INFO - [2021-12-02 15:13:48,465] {dag.py:1832} INFO - Sync 1 DAGs
[2021-12-02 15:13:48,486] {logging_mixin.py:104} INFO - [2021-12-02 15:13:48,485] {dag.py:2305} INFO - Setting next_dagrun for example_bash_operator to 2021-12-02 00:00:00+00:00
[2021-12-02 15:13:48,507] {scheduler_job.py:190} INFO - Processing /home/agalli/sandbox/lib/python3.6/site-packages/airflow/example_dags/example_bash_operator.py took 0.078 seconds
[2021-12-02 15:14:27,694] {scheduler_job.py:182} INFO - Started process (PID=2774) to work on /home/agalli/sandbox/lib/python3.6/site-packages/airflow/example_dags/example_bash_operator.py
[2021-12-02 15:14:27,695] {scheduler_job.py:633} INFO - Processing file /home/agalli/sandbox/lib/python3.6/site-packages/airflow/example_dags/example_bash_operator.py for tasks to queue
[2021-12-02 15:14:27,696] {logging_mixin.py:104} INFO - [2021-12-02 15:14:27,696] {dagbag.py:487} INFO - Filling up the DagBag from /home/agalli/sandbox/lib/python3.6/site-packages/airflow/example_dags/example_bash_operator.py
[2021-12-02 15:14:27,710] {scheduler_job.py:643} INFO - DAG(s) dict_keys(['example_bash_operator']) retrieved from /home/agalli/sandbox/lib/python3.6/site-packages/airflow/example_dags/example_bash_operator.py
[2021-12-02 15:14:27,732] {logging_mixin.py:104} INFO - [2021-12-02 15:14:27,731] {dag.py:1832} INFO - Sync 1 DAGs
[2021-12-02 15:14:27,750] {logging_mixin.py:104} INFO - [2021-12-02 15:14:27,749] {dag.py:2305} INFO - Setting next_dagrun for example_bash_operator to 2021-12-02 00:00:00+00:00
[2021-12-02 15:14:27,769] {scheduler_job.py:190} INFO - Processing /home/agalli/sandbox/lib/python3.6/site-packages/airflow/example_dags/example_bash_operator.py took 0.079 seconds
[2021-12-02 15:15:06,962] {scheduler_job.py:182} INFO - Started process (PID=2807) to work on /home/agalli/sandbox/lib/python3.6/site-packages/airflow/example_dags/example_bash_operator.py
[2021-12-02 15:15:06,964] {scheduler_job.py:633} INFO - Processing file /home/agalli/sandbox/lib/python3.6/site-packages/airflow/example_dags/example_bash_operator.py for tasks to queue
[2021-12-02 15:15:06,966] {logging_mixin.py:104} INFO - [2021-12-02 15:15:06,966] {dagbag.py:487} INFO - Filling up the DagBag from /home/agalli/sandbox/lib/python3.6/site-packages/airflow/example_dags/example_bash_operator.py
[2021-12-02 15:15:07,041] {scheduler_job.py:643} INFO - DAG(s) dict_keys(['example_bash_operator']) retrieved from /home/agalli/sandbox/lib/python3.6/site-packages/airflow/example_dags/example_bash_operator.py
[2021-12-02 15:15:07,140] {logging_mixin.py:104} INFO - [2021-12-02 15:15:07,139] {dag.py:1832} INFO - Sync 1 DAGs
[2021-12-02 15:15:07,203] {logging_mixin.py:104} INFO - [2021-12-02 15:15:07,203] {dag.py:2305} INFO - Setting next_dagrun for example_bash_operator to 2021-12-02 00:00:00+00:00
[2021-12-02 15:15:07,246] {scheduler_job.py:190} INFO - Processing /home/agalli/sandbox/lib/python3.6/site-packages/airflow/example_dags/example_bash_operator.py took 0.301 seconds
[2021-12-02 15:15:49,706] {scheduler_job.py:182} INFO - Started process (PID=2842) to work on /home/agalli/sandbox/lib/python3.6/site-packages/airflow/example_dags/example_bash_operator.py
[2021-12-02 15:15:49,707] {scheduler_job.py:633} INFO - Processing file /home/agalli/sandbox/lib/python3.6/site-packages/airflow/example_dags/example_bash_operator.py for tasks to queue
[2021-12-02 15:15:49,708] {logging_mixin.py:104} INFO - [2021-12-02 15:15:49,707] {dagbag.py:487} INFO - Filling up the DagBag from /home/agalli/sandbox/lib/python3.6/site-packages/airflow/example_dags/example_bash_operator.py
[2021-12-02 15:15:49,720] {scheduler_job.py:643} INFO - DAG(s) dict_keys(['example_bash_operator']) retrieved from /home/agalli/sandbox/lib/python3.6/site-packages/airflow/example_dags/example_bash_operator.py
[2021-12-02 15:15:49,735] {logging_mixin.py:104} INFO - [2021-12-02 15:15:49,734] {dag.py:1832} INFO - Sync 1 DAGs
[2021-12-02 15:15:49,746] {logging_mixin.py:104} INFO - [2021-12-02 15:15:49,746] {dag.py:2305} INFO - Setting next_dagrun for example_bash_operator to 2021-12-02 00:00:00+00:00
[2021-12-02 15:15:49,782] {scheduler_job.py:190} INFO - Processing /home/agalli/sandbox/lib/python3.6/site-packages/airflow/example_dags/example_bash_operator.py took 0.080 seconds
[2021-12-02 15:16:29,671] {scheduler_job.py:182} INFO - Started process (PID=2876) to work on /home/agalli/sandbox/lib/python3.6/site-packages/airflow/example_dags/example_bash_operator.py
[2021-12-02 15:16:29,673] {scheduler_job.py:633} INFO - Processing file /home/agalli/sandbox/lib/python3.6/site-packages/airflow/example_dags/example_bash_operator.py for tasks to queue
[2021-12-02 15:16:29,675] {logging_mixin.py:104} INFO - [2021-12-02 15:16:29,675] {dagbag.py:487} INFO - Filling up the DagBag from /home/agalli/sandbox/lib/python3.6/site-packages/airflow/example_dags/example_bash_operator.py
[2021-12-02 15:16:29,696] {scheduler_job.py:643} INFO - DAG(s) dict_keys(['example_bash_operator']) retrieved from /home/agalli/sandbox/lib/python3.6/site-packages/airflow/example_dags/example_bash_operator.py
[2021-12-02 15:16:29,719] {logging_mixin.py:104} INFO - [2021-12-02 15:16:29,719] {dag.py:1832} INFO - Sync 1 DAGs
[2021-12-02 15:16:29,735] {logging_mixin.py:104} INFO - [2021-12-02 15:16:29,735] {dag.py:2305} INFO - Setting next_dagrun for example_bash_operator to 2021-12-02 00:00:00+00:00
[2021-12-02 15:16:29,790] {scheduler_job.py:190} INFO - Processing /home/agalli/sandbox/lib/python3.6/site-packages/airflow/example_dags/example_bash_operator.py took 0.124 seconds
[2021-12-02 15:17:04,279] {scheduler_job.py:182} INFO - Started process (PID=2908) to work on /home/agalli/sandbox/lib/python3.6/site-packages/airflow/example_dags/example_bash_operator.py
[2021-12-02 15:17:04,280] {scheduler_job.py:633} INFO - Processing file /home/agalli/sandbox/lib/python3.6/site-packages/airflow/example_dags/example_bash_operator.py for tasks to queue
[2021-12-02 15:17:04,281] {logging_mixin.py:104} INFO - [2021-12-02 15:17:04,281] {dagbag.py:487} INFO - Filling up the DagBag from /home/agalli/sandbox/lib/python3.6/site-packages/airflow/example_dags/example_bash_operator.py
[2021-12-02 15:17:04,294] {scheduler_job.py:643} INFO - DAG(s) dict_keys(['example_bash_operator']) retrieved from /home/agalli/sandbox/lib/python3.6/site-packages/airflow/example_dags/example_bash_operator.py
[2021-12-02 15:17:04,310] {logging_mixin.py:104} INFO - [2021-12-02 15:17:04,310] {dag.py:1832} INFO - Sync 1 DAGs
[2021-12-02 15:17:04,325] {logging_mixin.py:104} INFO - [2021-12-02 15:17:04,325] {dag.py:2305} INFO - Setting next_dagrun for example_bash_operator to 2021-12-02 00:00:00+00:00
[2021-12-02 15:17:04,339] {scheduler_job.py:190} INFO - Processing /home/agalli/sandbox/lib/python3.6/site-packages/airflow/example_dags/example_bash_operator.py took 0.065 seconds
[2021-12-02 15:17:38,702] {scheduler_job.py:182} INFO - Started process (PID=2940) to work on /home/agalli/sandbox/lib/python3.6/site-packages/airflow/example_dags/example_bash_operator.py
[2021-12-02 15:17:38,703] {scheduler_job.py:633} INFO - Processing file /home/agalli/sandbox/lib/python3.6/site-packages/airflow/example_dags/example_bash_operator.py for tasks to queue
[2021-12-02 15:17:38,704] {logging_mixin.py:104} INFO - [2021-12-02 15:17:38,704] {dagbag.py:487} INFO - Filling up the DagBag from /home/agalli/sandbox/lib/python3.6/site-packages/airflow/example_dags/example_bash_operator.py
[2021-12-02 15:17:38,719] {scheduler_job.py:643} INFO - DAG(s) dict_keys(['example_bash_operator']) retrieved from /home/agalli/sandbox/lib/python3.6/site-packages/airflow/example_dags/example_bash_operator.py
[2021-12-02 15:17:38,745] {logging_mixin.py:104} INFO - [2021-12-02 15:17:38,745] {dag.py:1832} INFO - Sync 1 DAGs
[2021-12-02 15:17:38,763] {logging_mixin.py:104} INFO - [2021-12-02 15:17:38,763] {dag.py:2305} INFO - Setting next_dagrun for example_bash_operator to 2021-12-02 00:00:00+00:00
[2021-12-02 15:17:38,789] {scheduler_job.py:190} INFO - Processing /home/agalli/sandbox/lib/python3.6/site-packages/airflow/example_dags/example_bash_operator.py took 0.090 seconds
[2021-12-02 15:18:14,621] {scheduler_job.py:182} INFO - Started process (PID=2973) to work on /home/agalli/sandbox/lib/python3.6/site-packages/airflow/example_dags/example_bash_operator.py
[2021-12-02 15:18:14,623] {scheduler_job.py:633} INFO - Processing file /home/agalli/sandbox/lib/python3.6/site-packages/airflow/example_dags/example_bash_operator.py for tasks to queue
[2021-12-02 15:18:14,623] {logging_mixin.py:104} INFO - [2021-12-02 15:18:14,623] {dagbag.py:487} INFO - Filling up the DagBag from /home/agalli/sandbox/lib/python3.6/site-packages/airflow/example_dags/example_bash_operator.py
[2021-12-02 15:18:14,633] {scheduler_job.py:643} INFO - DAG(s) dict_keys(['example_bash_operator']) retrieved from /home/agalli/sandbox/lib/python3.6/site-packages/airflow/example_dags/example_bash_operator.py
[2021-12-02 15:18:14,651] {logging_mixin.py:104} INFO - [2021-12-02 15:18:14,651] {dag.py:1832} INFO - Sync 1 DAGs
[2021-12-02 15:18:14,667] {logging_mixin.py:104} INFO - [2021-12-02 15:18:14,667] {dag.py:2305} INFO - Setting next_dagrun for example_bash_operator to 2021-12-02 00:00:00+00:00
[2021-12-02 15:18:14,688] {scheduler_job.py:190} INFO - Processing /home/agalli/sandbox/lib/python3.6/site-packages/airflow/example_dags/example_bash_operator.py took 0.069 seconds
[2021-12-02 15:18:51,583] {scheduler_job.py:182} INFO - Started process (PID=3006) to work on /home/agalli/sandbox/lib/python3.6/site-packages/airflow/example_dags/example_bash_operator.py
[2021-12-02 15:18:51,584] {scheduler_job.py:633} INFO - Processing file /home/agalli/sandbox/lib/python3.6/site-packages/airflow/example_dags/example_bash_operator.py for tasks to queue
[2021-12-02 15:18:51,585] {logging_mixin.py:104} INFO - [2021-12-02 15:18:51,585] {dagbag.py:487} INFO - Filling up the DagBag from /home/agalli/sandbox/lib/python3.6/site-packages/airflow/example_dags/example_bash_operator.py
[2021-12-02 15:18:51,599] {scheduler_job.py:643} INFO - DAG(s) dict_keys(['example_bash_operator']) retrieved from /home/agalli/sandbox/lib/python3.6/site-packages/airflow/example_dags/example_bash_operator.py
[2021-12-02 15:18:51,617] {logging_mixin.py:104} INFO - [2021-12-02 15:18:51,617] {dag.py:1832} INFO - Sync 1 DAGs
[2021-12-02 15:18:51,636] {logging_mixin.py:104} INFO - [2021-12-02 15:18:51,636] {dag.py:2305} INFO - Setting next_dagrun for example_bash_operator to 2021-12-02 00:00:00+00:00
[2021-12-02 15:18:51,664] {scheduler_job.py:190} INFO - Processing /home/agalli/sandbox/lib/python3.6/site-packages/airflow/example_dags/example_bash_operator.py took 0.085 seconds
[2021-12-02 15:19:27,671] {scheduler_job.py:182} INFO - Started process (PID=3039) to work on /home/agalli/sandbox/lib/python3.6/site-packages/airflow/example_dags/example_bash_operator.py
[2021-12-02 15:19:27,672] {scheduler_job.py:633} INFO - Processing file /home/agalli/sandbox/lib/python3.6/site-packages/airflow/example_dags/example_bash_operator.py for tasks to queue
[2021-12-02 15:19:27,673] {logging_mixin.py:104} INFO - [2021-12-02 15:19:27,673] {dagbag.py:487} INFO - Filling up the DagBag from /home/agalli/sandbox/lib/python3.6/site-packages/airflow/example_dags/example_bash_operator.py
[2021-12-02 15:19:27,685] {scheduler_job.py:643} INFO - DAG(s) dict_keys(['example_bash_operator']) retrieved from /home/agalli/sandbox/lib/python3.6/site-packages/airflow/example_dags/example_bash_operator.py
[2021-12-02 15:19:27,702] {logging_mixin.py:104} INFO - [2021-12-02 15:19:27,702] {dag.py:1832} INFO - Sync 1 DAGs
[2021-12-02 15:19:27,716] {logging_mixin.py:104} INFO - [2021-12-02 15:19:27,716] {dag.py:2305} INFO - Setting next_dagrun for example_bash_operator to 2021-12-02 00:00:00+00:00
[2021-12-02 15:19:27,740] {scheduler_job.py:190} INFO - Processing /home/agalli/sandbox/lib/python3.6/site-packages/airflow/example_dags/example_bash_operator.py took 0.073 seconds
[2021-12-02 15:20:14,224] {scheduler_job.py:182} INFO - Started process (PID=3075) to work on /home/agalli/sandbox/lib/python3.6/site-packages/airflow/example_dags/example_bash_operator.py
[2021-12-02 15:20:14,239] {scheduler_job.py:633} INFO - Processing file /home/agalli/sandbox/lib/python3.6/site-packages/airflow/example_dags/example_bash_operator.py for tasks to queue
[2021-12-02 15:20:14,241] {logging_mixin.py:104} INFO - [2021-12-02 15:20:14,241] {dagbag.py:487} INFO - Filling up the DagBag from /home/agalli/sandbox/lib/python3.6/site-packages/airflow/example_dags/example_bash_operator.py
[2021-12-02 15:20:14,291] {scheduler_job.py:643} INFO - DAG(s) dict_keys(['example_bash_operator']) retrieved from /home/agalli/sandbox/lib/python3.6/site-packages/airflow/example_dags/example_bash_operator.py
[2021-12-02 15:20:14,360] {logging_mixin.py:104} INFO - [2021-12-02 15:20:14,359] {dag.py:1832} INFO - Sync 1 DAGs
[2021-12-02 15:20:14,401] {logging_mixin.py:104} INFO - [2021-12-02 15:20:14,400] {dag.py:2305} INFO - Setting next_dagrun for example_bash_operator to 2021-12-02 00:00:00+00:00
[2021-12-02 15:20:14,490] {scheduler_job.py:190} INFO - Processing /home/agalli/sandbox/lib/python3.6/site-packages/airflow/example_dags/example_bash_operator.py took 0.284 seconds
