[2021-12-02 14:51:23,538] {scheduler_job.py:182} INFO - Started process (PID=1579) to work on /home/agalli/sandbox/lib/python3.6/site-packages/airflow/example_dags/example_task_group.py
[2021-12-02 14:51:23,541] {scheduler_job.py:633} INFO - Processing file /home/agalli/sandbox/lib/python3.6/site-packages/airflow/example_dags/example_task_group.py for tasks to queue
[2021-12-02 14:51:23,542] {logging_mixin.py:104} INFO - [2021-12-02 14:51:23,542] {dagbag.py:487} INFO - Filling up the DagBag from /home/agalli/sandbox/lib/python3.6/site-packages/airflow/example_dags/example_task_group.py
[2021-12-02 14:51:23,585] {scheduler_job.py:643} INFO - DAG(s) dict_keys(['example_task_group']) retrieved from /home/agalli/sandbox/lib/python3.6/site-packages/airflow/example_dags/example_task_group.py
[2021-12-02 14:51:23,621] {logging_mixin.py:104} INFO - [2021-12-02 14:51:23,621] {dag.py:1832} INFO - Sync 1 DAGs
[2021-12-02 14:51:23,660] {logging_mixin.py:104} INFO - [2021-12-02 14:51:23,660] {dag.py:2305} INFO - Setting next_dagrun for example_task_group to 2021-11-30 00:00:00+00:00
[2021-12-02 14:51:23,709] {scheduler_job.py:190} INFO - Processing /home/agalli/sandbox/lib/python3.6/site-packages/airflow/example_dags/example_task_group.py took 0.186 seconds
[2021-12-02 14:52:04,804] {scheduler_job.py:182} INFO - Started process (PID=1684) to work on /home/agalli/sandbox/lib/python3.6/site-packages/airflow/example_dags/example_task_group.py
[2021-12-02 14:52:04,805] {scheduler_job.py:633} INFO - Processing file /home/agalli/sandbox/lib/python3.6/site-packages/airflow/example_dags/example_task_group.py for tasks to queue
[2021-12-02 14:52:04,806] {logging_mixin.py:104} INFO - [2021-12-02 14:52:04,806] {dagbag.py:487} INFO - Filling up the DagBag from /home/agalli/sandbox/lib/python3.6/site-packages/airflow/example_dags/example_task_group.py
[2021-12-02 14:52:04,827] {scheduler_job.py:643} INFO - DAG(s) dict_keys(['example_task_group']) retrieved from /home/agalli/sandbox/lib/python3.6/site-packages/airflow/example_dags/example_task_group.py
[2021-12-02 14:52:04,848] {logging_mixin.py:104} INFO - [2021-12-02 14:52:04,848] {dag.py:1832} INFO - Sync 1 DAGs
[2021-12-02 14:52:04,870] {logging_mixin.py:104} INFO - [2021-12-02 14:52:04,870] {dag.py:2305} INFO - Setting next_dagrun for example_task_group to 2021-11-30 00:00:00+00:00
[2021-12-02 14:52:04,893] {scheduler_job.py:190} INFO - Processing /home/agalli/sandbox/lib/python3.6/site-packages/airflow/example_dags/example_task_group.py took 0.094 seconds
[2021-12-02 14:52:37,299] {scheduler_job.py:182} INFO - Started process (PID=1715) to work on /home/agalli/sandbox/lib/python3.6/site-packages/airflow/example_dags/example_task_group.py
[2021-12-02 14:52:37,301] {scheduler_job.py:633} INFO - Processing file /home/agalli/sandbox/lib/python3.6/site-packages/airflow/example_dags/example_task_group.py for tasks to queue
[2021-12-02 14:52:37,301] {logging_mixin.py:104} INFO - [2021-12-02 14:52:37,301] {dagbag.py:487} INFO - Filling up the DagBag from /home/agalli/sandbox/lib/python3.6/site-packages/airflow/example_dags/example_task_group.py
[2021-12-02 14:52:37,330] {scheduler_job.py:643} INFO - DAG(s) dict_keys(['example_task_group']) retrieved from /home/agalli/sandbox/lib/python3.6/site-packages/airflow/example_dags/example_task_group.py
[2021-12-02 14:52:37,354] {logging_mixin.py:104} INFO - [2021-12-02 14:52:37,354] {dag.py:1832} INFO - Sync 1 DAGs
[2021-12-02 14:52:37,375] {logging_mixin.py:104} INFO - [2021-12-02 14:52:37,374] {dag.py:2305} INFO - Setting next_dagrun for example_task_group to 2021-11-30 00:00:00+00:00
[2021-12-02 14:52:37,413] {scheduler_job.py:190} INFO - Processing /home/agalli/sandbox/lib/python3.6/site-packages/airflow/example_dags/example_task_group.py took 0.118 seconds
[2021-12-02 14:53:14,663] {scheduler_job.py:182} INFO - Started process (PID=1746) to work on /home/agalli/sandbox/lib/python3.6/site-packages/airflow/example_dags/example_task_group.py
[2021-12-02 14:53:14,666] {scheduler_job.py:633} INFO - Processing file /home/agalli/sandbox/lib/python3.6/site-packages/airflow/example_dags/example_task_group.py for tasks to queue
[2021-12-02 14:53:14,667] {logging_mixin.py:104} INFO - [2021-12-02 14:53:14,667] {dagbag.py:487} INFO - Filling up the DagBag from /home/agalli/sandbox/lib/python3.6/site-packages/airflow/example_dags/example_task_group.py
[2021-12-02 14:53:14,700] {scheduler_job.py:643} INFO - DAG(s) dict_keys(['example_task_group']) retrieved from /home/agalli/sandbox/lib/python3.6/site-packages/airflow/example_dags/example_task_group.py
[2021-12-02 14:53:14,753] {logging_mixin.py:104} INFO - [2021-12-02 14:53:14,753] {dag.py:1832} INFO - Sync 1 DAGs
[2021-12-02 14:53:14,796] {logging_mixin.py:104} INFO - [2021-12-02 14:53:14,796] {dag.py:2305} INFO - Setting next_dagrun for example_task_group to 2021-11-30 00:00:00+00:00
[2021-12-02 14:53:14,828] {scheduler_job.py:190} INFO - Processing /home/agalli/sandbox/lib/python3.6/site-packages/airflow/example_dags/example_task_group.py took 0.171 seconds
[2021-12-02 14:53:49,550] {scheduler_job.py:182} INFO - Started process (PID=1777) to work on /home/agalli/sandbox/lib/python3.6/site-packages/airflow/example_dags/example_task_group.py
[2021-12-02 14:53:49,552] {scheduler_job.py:633} INFO - Processing file /home/agalli/sandbox/lib/python3.6/site-packages/airflow/example_dags/example_task_group.py for tasks to queue
[2021-12-02 14:53:49,553] {logging_mixin.py:104} INFO - [2021-12-02 14:53:49,552] {dagbag.py:487} INFO - Filling up the DagBag from /home/agalli/sandbox/lib/python3.6/site-packages/airflow/example_dags/example_task_group.py
[2021-12-02 14:53:49,570] {scheduler_job.py:643} INFO - DAG(s) dict_keys(['example_task_group']) retrieved from /home/agalli/sandbox/lib/python3.6/site-packages/airflow/example_dags/example_task_group.py
[2021-12-02 14:53:49,587] {logging_mixin.py:104} INFO - [2021-12-02 14:53:49,587] {dag.py:1832} INFO - Sync 1 DAGs
[2021-12-02 14:53:49,604] {logging_mixin.py:104} INFO - [2021-12-02 14:53:49,604] {dag.py:2305} INFO - Setting next_dagrun for example_task_group to 2021-11-30 00:00:00+00:00
[2021-12-02 14:53:49,626] {scheduler_job.py:190} INFO - Processing /home/agalli/sandbox/lib/python3.6/site-packages/airflow/example_dags/example_task_group.py took 0.079 seconds
[2021-12-02 14:54:24,665] {scheduler_job.py:182} INFO - Started process (PID=1808) to work on /home/agalli/sandbox/lib/python3.6/site-packages/airflow/example_dags/example_task_group.py
[2021-12-02 14:54:24,666] {scheduler_job.py:633} INFO - Processing file /home/agalli/sandbox/lib/python3.6/site-packages/airflow/example_dags/example_task_group.py for tasks to queue
[2021-12-02 14:54:24,667] {logging_mixin.py:104} INFO - [2021-12-02 14:54:24,667] {dagbag.py:487} INFO - Filling up the DagBag from /home/agalli/sandbox/lib/python3.6/site-packages/airflow/example_dags/example_task_group.py
[2021-12-02 14:54:24,684] {scheduler_job.py:643} INFO - DAG(s) dict_keys(['example_task_group']) retrieved from /home/agalli/sandbox/lib/python3.6/site-packages/airflow/example_dags/example_task_group.py
[2021-12-02 14:54:24,705] {logging_mixin.py:104} INFO - [2021-12-02 14:54:24,704] {dag.py:1832} INFO - Sync 1 DAGs
[2021-12-02 14:54:24,720] {logging_mixin.py:104} INFO - [2021-12-02 14:54:24,720] {dag.py:2305} INFO - Setting next_dagrun for example_task_group to 2021-11-30 00:00:00+00:00
[2021-12-02 14:54:24,740] {scheduler_job.py:190} INFO - Processing /home/agalli/sandbox/lib/python3.6/site-packages/airflow/example_dags/example_task_group.py took 0.078 seconds
[2021-12-02 14:55:06,064] {scheduler_job.py:182} INFO - Started process (PID=1839) to work on /home/agalli/sandbox/lib/python3.6/site-packages/airflow/example_dags/example_task_group.py
[2021-12-02 14:55:06,065] {scheduler_job.py:633} INFO - Processing file /home/agalli/sandbox/lib/python3.6/site-packages/airflow/example_dags/example_task_group.py for tasks to queue
[2021-12-02 14:55:06,066] {logging_mixin.py:104} INFO - [2021-12-02 14:55:06,066] {dagbag.py:487} INFO - Filling up the DagBag from /home/agalli/sandbox/lib/python3.6/site-packages/airflow/example_dags/example_task_group.py
[2021-12-02 14:55:06,087] {scheduler_job.py:643} INFO - DAG(s) dict_keys(['example_task_group']) retrieved from /home/agalli/sandbox/lib/python3.6/site-packages/airflow/example_dags/example_task_group.py
[2021-12-02 14:55:06,107] {logging_mixin.py:104} INFO - [2021-12-02 14:55:06,107] {dag.py:1832} INFO - Sync 1 DAGs
[2021-12-02 14:55:06,127] {logging_mixin.py:104} INFO - [2021-12-02 14:55:06,127] {dag.py:2305} INFO - Setting next_dagrun for example_task_group to 2021-11-30 00:00:00+00:00
[2021-12-02 14:55:06,148] {scheduler_job.py:190} INFO - Processing /home/agalli/sandbox/lib/python3.6/site-packages/airflow/example_dags/example_task_group.py took 0.089 seconds
[2021-12-02 14:55:51,275] {scheduler_job.py:182} INFO - Started process (PID=1964) to work on /home/agalli/sandbox/lib/python3.6/site-packages/airflow/example_dags/example_task_group.py
[2021-12-02 14:55:51,278] {scheduler_job.py:633} INFO - Processing file /home/agalli/sandbox/lib/python3.6/site-packages/airflow/example_dags/example_task_group.py for tasks to queue
[2021-12-02 14:55:51,279] {logging_mixin.py:104} INFO - [2021-12-02 14:55:51,279] {dagbag.py:487} INFO - Filling up the DagBag from /home/agalli/sandbox/lib/python3.6/site-packages/airflow/example_dags/example_task_group.py
[2021-12-02 14:55:51,327] {scheduler_job.py:643} INFO - DAG(s) dict_keys(['example_task_group']) retrieved from /home/agalli/sandbox/lib/python3.6/site-packages/airflow/example_dags/example_task_group.py
[2021-12-02 14:55:51,359] {logging_mixin.py:104} INFO - [2021-12-02 14:55:51,359] {dag.py:1832} INFO - Sync 1 DAGs
[2021-12-02 14:55:51,406] {logging_mixin.py:104} INFO - [2021-12-02 14:55:51,406] {dag.py:2305} INFO - Setting next_dagrun for example_task_group to 2021-11-30 00:00:00+00:00
[2021-12-02 14:55:51,440] {scheduler_job.py:190} INFO - Processing /home/agalli/sandbox/lib/python3.6/site-packages/airflow/example_dags/example_task_group.py took 0.174 seconds
[2021-12-02 14:56:29,333] {scheduler_job.py:182} INFO - Started process (PID=1995) to work on /home/agalli/sandbox/lib/python3.6/site-packages/airflow/example_dags/example_task_group.py
[2021-12-02 14:56:29,335] {scheduler_job.py:633} INFO - Processing file /home/agalli/sandbox/lib/python3.6/site-packages/airflow/example_dags/example_task_group.py for tasks to queue
[2021-12-02 14:56:29,337] {logging_mixin.py:104} INFO - [2021-12-02 14:56:29,337] {dagbag.py:487} INFO - Filling up the DagBag from /home/agalli/sandbox/lib/python3.6/site-packages/airflow/example_dags/example_task_group.py
[2021-12-02 14:56:29,396] {scheduler_job.py:643} INFO - DAG(s) dict_keys(['example_task_group']) retrieved from /home/agalli/sandbox/lib/python3.6/site-packages/airflow/example_dags/example_task_group.py
[2021-12-02 14:56:29,598] {logging_mixin.py:104} INFO - [2021-12-02 14:56:29,597] {dag.py:1832} INFO - Sync 1 DAGs
[2021-12-02 14:56:29,697] {logging_mixin.py:104} INFO - [2021-12-02 14:56:29,696] {dag.py:2305} INFO - Setting next_dagrun for example_task_group to 2021-11-30 00:00:00+00:00
[2021-12-02 14:56:29,736] {scheduler_job.py:190} INFO - Processing /home/agalli/sandbox/lib/python3.6/site-packages/airflow/example_dags/example_task_group.py took 0.415 seconds
[2021-12-02 14:57:13,111] {scheduler_job.py:182} INFO - Started process (PID=2029) to work on /home/agalli/sandbox/lib/python3.6/site-packages/airflow/example_dags/example_task_group.py
[2021-12-02 14:57:13,113] {scheduler_job.py:633} INFO - Processing file /home/agalli/sandbox/lib/python3.6/site-packages/airflow/example_dags/example_task_group.py for tasks to queue
[2021-12-02 14:57:13,114] {logging_mixin.py:104} INFO - [2021-12-02 14:57:13,114] {dagbag.py:487} INFO - Filling up the DagBag from /home/agalli/sandbox/lib/python3.6/site-packages/airflow/example_dags/example_task_group.py
[2021-12-02 14:57:13,146] {scheduler_job.py:643} INFO - DAG(s) dict_keys(['example_task_group']) retrieved from /home/agalli/sandbox/lib/python3.6/site-packages/airflow/example_dags/example_task_group.py
[2021-12-02 14:57:13,174] {logging_mixin.py:104} INFO - [2021-12-02 14:57:13,173] {dag.py:1832} INFO - Sync 1 DAGs
[2021-12-02 14:57:13,200] {logging_mixin.py:104} INFO - [2021-12-02 14:57:13,200] {dag.py:2305} INFO - Setting next_dagrun for example_task_group to 2021-11-30 00:00:00+00:00
[2021-12-02 14:57:13,229] {scheduler_job.py:190} INFO - Processing /home/agalli/sandbox/lib/python3.6/site-packages/airflow/example_dags/example_task_group.py took 0.125 seconds
[2021-12-02 14:57:50,403] {scheduler_job.py:182} INFO - Started process (PID=2058) to work on /home/agalli/sandbox/lib/python3.6/site-packages/airflow/example_dags/example_task_group.py
[2021-12-02 14:57:50,409] {scheduler_job.py:633} INFO - Processing file /home/agalli/sandbox/lib/python3.6/site-packages/airflow/example_dags/example_task_group.py for tasks to queue
[2021-12-02 14:57:50,411] {logging_mixin.py:104} INFO - [2021-12-02 14:57:50,411] {dagbag.py:487} INFO - Filling up the DagBag from /home/agalli/sandbox/lib/python3.6/site-packages/airflow/example_dags/example_task_group.py
[2021-12-02 14:57:50,461] {scheduler_job.py:643} INFO - DAG(s) dict_keys(['example_task_group']) retrieved from /home/agalli/sandbox/lib/python3.6/site-packages/airflow/example_dags/example_task_group.py
[2021-12-02 14:57:50,493] {logging_mixin.py:104} INFO - [2021-12-02 14:57:50,493] {dag.py:1832} INFO - Sync 1 DAGs
[2021-12-02 14:57:50,521] {logging_mixin.py:104} INFO - [2021-12-02 14:57:50,521] {dag.py:2305} INFO - Setting next_dagrun for example_task_group to 2021-11-30 00:00:00+00:00
[2021-12-02 14:57:50,556] {scheduler_job.py:190} INFO - Processing /home/agalli/sandbox/lib/python3.6/site-packages/airflow/example_dags/example_task_group.py took 0.158 seconds
[2021-12-02 14:58:36,087] {scheduler_job.py:182} INFO - Started process (PID=2088) to work on /home/agalli/sandbox/lib/python3.6/site-packages/airflow/example_dags/example_task_group.py
[2021-12-02 14:58:36,091] {scheduler_job.py:633} INFO - Processing file /home/agalli/sandbox/lib/python3.6/site-packages/airflow/example_dags/example_task_group.py for tasks to queue
[2021-12-02 14:58:36,092] {logging_mixin.py:104} INFO - [2021-12-02 14:58:36,092] {dagbag.py:487} INFO - Filling up the DagBag from /home/agalli/sandbox/lib/python3.6/site-packages/airflow/example_dags/example_task_group.py
[2021-12-02 14:58:36,122] {scheduler_job.py:643} INFO - DAG(s) dict_keys(['example_task_group']) retrieved from /home/agalli/sandbox/lib/python3.6/site-packages/airflow/example_dags/example_task_group.py
[2021-12-02 14:58:36,160] {logging_mixin.py:104} INFO - [2021-12-02 14:58:36,160] {dag.py:1832} INFO - Sync 1 DAGs
[2021-12-02 14:58:36,201] {logging_mixin.py:104} INFO - [2021-12-02 14:58:36,201] {dag.py:2305} INFO - Setting next_dagrun for example_task_group to 2021-11-30 00:00:00+00:00
[2021-12-02 14:58:36,231] {scheduler_job.py:190} INFO - Processing /home/agalli/sandbox/lib/python3.6/site-packages/airflow/example_dags/example_task_group.py took 0.152 seconds
[2021-12-02 14:59:31,149] {scheduler_job.py:182} INFO - Started process (PID=2113) to work on /home/agalli/sandbox/lib/python3.6/site-packages/airflow/example_dags/example_task_group.py
[2021-12-02 14:59:31,153] {scheduler_job.py:633} INFO - Processing file /home/agalli/sandbox/lib/python3.6/site-packages/airflow/example_dags/example_task_group.py for tasks to queue
[2021-12-02 14:59:31,155] {logging_mixin.py:104} INFO - [2021-12-02 14:59:31,155] {dagbag.py:487} INFO - Filling up the DagBag from /home/agalli/sandbox/lib/python3.6/site-packages/airflow/example_dags/example_task_group.py
[2021-12-02 14:59:31,233] {scheduler_job.py:643} INFO - DAG(s) dict_keys(['example_task_group']) retrieved from /home/agalli/sandbox/lib/python3.6/site-packages/airflow/example_dags/example_task_group.py
[2021-12-02 14:59:31,290] {logging_mixin.py:104} INFO - [2021-12-02 14:59:31,289] {dag.py:1832} INFO - Sync 1 DAGs
[2021-12-02 14:59:31,329] {logging_mixin.py:104} INFO - [2021-12-02 14:59:31,329] {dag.py:2305} INFO - Setting next_dagrun for example_task_group to 2021-11-30 00:00:00+00:00
[2021-12-02 14:59:31,373] {scheduler_job.py:190} INFO - Processing /home/agalli/sandbox/lib/python3.6/site-packages/airflow/example_dags/example_task_group.py took 0.261 seconds
[2021-12-02 15:00:13,864] {scheduler_job.py:182} INFO - Started process (PID=2144) to work on /home/agalli/sandbox/lib/python3.6/site-packages/airflow/example_dags/example_task_group.py
[2021-12-02 15:00:13,866] {scheduler_job.py:633} INFO - Processing file /home/agalli/sandbox/lib/python3.6/site-packages/airflow/example_dags/example_task_group.py for tasks to queue
[2021-12-02 15:00:13,867] {logging_mixin.py:104} INFO - [2021-12-02 15:00:13,867] {dagbag.py:487} INFO - Filling up the DagBag from /home/agalli/sandbox/lib/python3.6/site-packages/airflow/example_dags/example_task_group.py
[2021-12-02 15:00:13,915] {scheduler_job.py:643} INFO - DAG(s) dict_keys(['example_task_group']) retrieved from /home/agalli/sandbox/lib/python3.6/site-packages/airflow/example_dags/example_task_group.py
[2021-12-02 15:00:13,950] {logging_mixin.py:104} INFO - [2021-12-02 15:00:13,949] {dag.py:1832} INFO - Sync 1 DAGs
[2021-12-02 15:00:13,982] {logging_mixin.py:104} INFO - [2021-12-02 15:00:13,982] {dag.py:2305} INFO - Setting next_dagrun for example_task_group to 2021-11-30 00:00:00+00:00
[2021-12-02 15:00:14,025] {scheduler_job.py:190} INFO - Processing /home/agalli/sandbox/lib/python3.6/site-packages/airflow/example_dags/example_task_group.py took 0.167 seconds
[2021-12-02 15:00:57,174] {scheduler_job.py:182} INFO - Started process (PID=2177) to work on /home/agalli/sandbox/lib/python3.6/site-packages/airflow/example_dags/example_task_group.py
[2021-12-02 15:00:57,177] {scheduler_job.py:633} INFO - Processing file /home/agalli/sandbox/lib/python3.6/site-packages/airflow/example_dags/example_task_group.py for tasks to queue
[2021-12-02 15:00:57,178] {logging_mixin.py:104} INFO - [2021-12-02 15:00:57,178] {dagbag.py:487} INFO - Filling up the DagBag from /home/agalli/sandbox/lib/python3.6/site-packages/airflow/example_dags/example_task_group.py
[2021-12-02 15:00:57,244] {scheduler_job.py:643} INFO - DAG(s) dict_keys(['example_task_group']) retrieved from /home/agalli/sandbox/lib/python3.6/site-packages/airflow/example_dags/example_task_group.py
[2021-12-02 15:00:57,282] {logging_mixin.py:104} INFO - [2021-12-02 15:00:57,282] {dag.py:1832} INFO - Sync 1 DAGs
[2021-12-02 15:00:57,316] {logging_mixin.py:104} INFO - [2021-12-02 15:00:57,315] {dag.py:2305} INFO - Setting next_dagrun for example_task_group to 2021-11-30 00:00:00+00:00
[2021-12-02 15:00:57,354] {scheduler_job.py:190} INFO - Processing /home/agalli/sandbox/lib/python3.6/site-packages/airflow/example_dags/example_task_group.py took 0.186 seconds
[2021-12-02 15:01:35,548] {scheduler_job.py:182} INFO - Started process (PID=2203) to work on /home/agalli/sandbox/lib/python3.6/site-packages/airflow/example_dags/example_task_group.py
[2021-12-02 15:01:35,561] {scheduler_job.py:633} INFO - Processing file /home/agalli/sandbox/lib/python3.6/site-packages/airflow/example_dags/example_task_group.py for tasks to queue
[2021-12-02 15:01:35,562] {logging_mixin.py:104} INFO - [2021-12-02 15:01:35,562] {dagbag.py:487} INFO - Filling up the DagBag from /home/agalli/sandbox/lib/python3.6/site-packages/airflow/example_dags/example_task_group.py
[2021-12-02 15:01:35,709] {scheduler_job.py:643} INFO - DAG(s) dict_keys(['example_task_group']) retrieved from /home/agalli/sandbox/lib/python3.6/site-packages/airflow/example_dags/example_task_group.py
[2021-12-02 15:01:35,809] {logging_mixin.py:104} INFO - [2021-12-02 15:01:35,808] {dag.py:1832} INFO - Sync 1 DAGs
[2021-12-02 15:01:35,926] {logging_mixin.py:104} INFO - [2021-12-02 15:01:35,924] {dag.py:2305} INFO - Setting next_dagrun for example_task_group to 2021-11-30 00:00:00+00:00
[2021-12-02 15:01:36,007] {scheduler_job.py:190} INFO - Processing /home/agalli/sandbox/lib/python3.6/site-packages/airflow/example_dags/example_task_group.py took 0.491 seconds
[2021-12-02 15:04:14,021] {scheduler_job.py:182} INFO - Started process (PID=2301) to work on /home/agalli/sandbox/lib/python3.6/site-packages/airflow/example_dags/example_task_group.py
[2021-12-02 15:04:14,023] {scheduler_job.py:633} INFO - Processing file /home/agalli/sandbox/lib/python3.6/site-packages/airflow/example_dags/example_task_group.py for tasks to queue
[2021-12-02 15:04:14,024] {logging_mixin.py:104} INFO - [2021-12-02 15:04:14,024] {dagbag.py:487} INFO - Filling up the DagBag from /home/agalli/sandbox/lib/python3.6/site-packages/airflow/example_dags/example_task_group.py
[2021-12-02 15:04:14,044] {scheduler_job.py:643} INFO - DAG(s) dict_keys(['example_task_group']) retrieved from /home/agalli/sandbox/lib/python3.6/site-packages/airflow/example_dags/example_task_group.py
[2021-12-02 15:04:14,085] {logging_mixin.py:104} INFO - [2021-12-02 15:04:14,085] {dag.py:1832} INFO - Sync 1 DAGs
[2021-12-02 15:04:14,110] {logging_mixin.py:104} INFO - [2021-12-02 15:04:14,110] {dag.py:2305} INFO - Setting next_dagrun for example_task_group to 2021-11-30 00:00:00+00:00
[2021-12-02 15:04:14,153] {scheduler_job.py:190} INFO - Processing /home/agalli/sandbox/lib/python3.6/site-packages/airflow/example_dags/example_task_group.py took 0.138 seconds
[2021-12-02 15:05:03,723] {scheduler_job.py:182} INFO - Started process (PID=2332) to work on /home/agalli/sandbox/lib/python3.6/site-packages/airflow/example_dags/example_task_group.py
[2021-12-02 15:05:03,725] {scheduler_job.py:633} INFO - Processing file /home/agalli/sandbox/lib/python3.6/site-packages/airflow/example_dags/example_task_group.py for tasks to queue
[2021-12-02 15:05:03,726] {logging_mixin.py:104} INFO - [2021-12-02 15:05:03,725] {dagbag.py:487} INFO - Filling up the DagBag from /home/agalli/sandbox/lib/python3.6/site-packages/airflow/example_dags/example_task_group.py
[2021-12-02 15:05:03,740] {scheduler_job.py:643} INFO - DAG(s) dict_keys(['example_task_group']) retrieved from /home/agalli/sandbox/lib/python3.6/site-packages/airflow/example_dags/example_task_group.py
[2021-12-02 15:05:03,767] {logging_mixin.py:104} INFO - [2021-12-02 15:05:03,767] {dag.py:1832} INFO - Sync 1 DAGs
[2021-12-02 15:05:03,787] {logging_mixin.py:104} INFO - [2021-12-02 15:05:03,786] {dag.py:2305} INFO - Setting next_dagrun for example_task_group to 2021-11-30 00:00:00+00:00
[2021-12-02 15:05:03,918] {scheduler_job.py:190} INFO - Processing /home/agalli/sandbox/lib/python3.6/site-packages/airflow/example_dags/example_task_group.py took 0.199 seconds
[2021-12-02 15:05:51,899] {scheduler_job.py:182} INFO - Started process (PID=2364) to work on /home/agalli/sandbox/lib/python3.6/site-packages/airflow/example_dags/example_task_group.py
[2021-12-02 15:05:51,901] {scheduler_job.py:633} INFO - Processing file /home/agalli/sandbox/lib/python3.6/site-packages/airflow/example_dags/example_task_group.py for tasks to queue
[2021-12-02 15:05:51,902] {logging_mixin.py:104} INFO - [2021-12-02 15:05:51,902] {dagbag.py:487} INFO - Filling up the DagBag from /home/agalli/sandbox/lib/python3.6/site-packages/airflow/example_dags/example_task_group.py
[2021-12-02 15:05:51,925] {scheduler_job.py:643} INFO - DAG(s) dict_keys(['example_task_group']) retrieved from /home/agalli/sandbox/lib/python3.6/site-packages/airflow/example_dags/example_task_group.py
[2021-12-02 15:05:51,949] {logging_mixin.py:104} INFO - [2021-12-02 15:05:51,949] {dag.py:1832} INFO - Sync 1 DAGs
[2021-12-02 15:05:51,964] {logging_mixin.py:104} INFO - [2021-12-02 15:05:51,964] {dag.py:2305} INFO - Setting next_dagrun for example_task_group to 2021-11-30 00:00:00+00:00
[2021-12-02 15:05:51,995] {scheduler_job.py:190} INFO - Processing /home/agalli/sandbox/lib/python3.6/site-packages/airflow/example_dags/example_task_group.py took 0.101 seconds
[2021-12-02 15:06:36,695] {scheduler_job.py:182} INFO - Started process (PID=2396) to work on /home/agalli/sandbox/lib/python3.6/site-packages/airflow/example_dags/example_task_group.py
[2021-12-02 15:06:36,699] {scheduler_job.py:633} INFO - Processing file /home/agalli/sandbox/lib/python3.6/site-packages/airflow/example_dags/example_task_group.py for tasks to queue
[2021-12-02 15:06:36,700] {logging_mixin.py:104} INFO - [2021-12-02 15:06:36,700] {dagbag.py:487} INFO - Filling up the DagBag from /home/agalli/sandbox/lib/python3.6/site-packages/airflow/example_dags/example_task_group.py
[2021-12-02 15:06:36,732] {scheduler_job.py:643} INFO - DAG(s) dict_keys(['example_task_group']) retrieved from /home/agalli/sandbox/lib/python3.6/site-packages/airflow/example_dags/example_task_group.py
[2021-12-02 15:06:36,763] {logging_mixin.py:104} INFO - [2021-12-02 15:06:36,763] {dag.py:1832} INFO - Sync 1 DAGs
[2021-12-02 15:06:36,791] {logging_mixin.py:104} INFO - [2021-12-02 15:06:36,791] {dag.py:2305} INFO - Setting next_dagrun for example_task_group to 2021-11-30 00:00:00+00:00
[2021-12-02 15:06:36,820] {scheduler_job.py:190} INFO - Processing /home/agalli/sandbox/lib/python3.6/site-packages/airflow/example_dags/example_task_group.py took 0.140 seconds
[2021-12-02 15:07:23,312] {scheduler_job.py:182} INFO - Started process (PID=2427) to work on /home/agalli/sandbox/lib/python3.6/site-packages/airflow/example_dags/example_task_group.py
[2021-12-02 15:07:23,314] {scheduler_job.py:633} INFO - Processing file /home/agalli/sandbox/lib/python3.6/site-packages/airflow/example_dags/example_task_group.py for tasks to queue
[2021-12-02 15:07:23,316] {logging_mixin.py:104} INFO - [2021-12-02 15:07:23,315] {dagbag.py:487} INFO - Filling up the DagBag from /home/agalli/sandbox/lib/python3.6/site-packages/airflow/example_dags/example_task_group.py
[2021-12-02 15:07:23,337] {scheduler_job.py:643} INFO - DAG(s) dict_keys(['example_task_group']) retrieved from /home/agalli/sandbox/lib/python3.6/site-packages/airflow/example_dags/example_task_group.py
[2021-12-02 15:07:23,362] {logging_mixin.py:104} INFO - [2021-12-02 15:07:23,361] {dag.py:1832} INFO - Sync 1 DAGs
[2021-12-02 15:07:23,384] {logging_mixin.py:104} INFO - [2021-12-02 15:07:23,383] {dag.py:2305} INFO - Setting next_dagrun for example_task_group to 2021-11-30 00:00:00+00:00
[2021-12-02 15:07:23,417] {scheduler_job.py:190} INFO - Processing /home/agalli/sandbox/lib/python3.6/site-packages/airflow/example_dags/example_task_group.py took 0.110 seconds
[2021-12-02 15:08:12,526] {scheduler_job.py:182} INFO - Started process (PID=2461) to work on /home/agalli/sandbox/lib/python3.6/site-packages/airflow/example_dags/example_task_group.py
[2021-12-02 15:08:12,530] {scheduler_job.py:633} INFO - Processing file /home/agalli/sandbox/lib/python3.6/site-packages/airflow/example_dags/example_task_group.py for tasks to queue
[2021-12-02 15:08:12,532] {logging_mixin.py:104} INFO - [2021-12-02 15:08:12,532] {dagbag.py:487} INFO - Filling up the DagBag from /home/agalli/sandbox/lib/python3.6/site-packages/airflow/example_dags/example_task_group.py
[2021-12-02 15:08:12,572] {scheduler_job.py:643} INFO - DAG(s) dict_keys(['example_task_group']) retrieved from /home/agalli/sandbox/lib/python3.6/site-packages/airflow/example_dags/example_task_group.py
[2021-12-02 15:08:12,621] {logging_mixin.py:104} INFO - [2021-12-02 15:08:12,621] {dag.py:1832} INFO - Sync 1 DAGs
[2021-12-02 15:08:12,673] {logging_mixin.py:104} INFO - [2021-12-02 15:08:12,673] {dag.py:2305} INFO - Setting next_dagrun for example_task_group to 2021-11-30 00:00:00+00:00
[2021-12-02 15:08:12,734] {scheduler_job.py:190} INFO - Processing /home/agalli/sandbox/lib/python3.6/site-packages/airflow/example_dags/example_task_group.py took 0.217 seconds
[2021-12-02 15:08:58,668] {scheduler_job.py:182} INFO - Started process (PID=2492) to work on /home/agalli/sandbox/lib/python3.6/site-packages/airflow/example_dags/example_task_group.py
[2021-12-02 15:08:58,671] {scheduler_job.py:633} INFO - Processing file /home/agalli/sandbox/lib/python3.6/site-packages/airflow/example_dags/example_task_group.py for tasks to queue
[2021-12-02 15:08:58,673] {logging_mixin.py:104} INFO - [2021-12-02 15:08:58,673] {dagbag.py:487} INFO - Filling up the DagBag from /home/agalli/sandbox/lib/python3.6/site-packages/airflow/example_dags/example_task_group.py
[2021-12-02 15:08:58,696] {scheduler_job.py:643} INFO - DAG(s) dict_keys(['example_task_group']) retrieved from /home/agalli/sandbox/lib/python3.6/site-packages/airflow/example_dags/example_task_group.py
[2021-12-02 15:08:58,747] {logging_mixin.py:104} INFO - [2021-12-02 15:08:58,747] {dag.py:1832} INFO - Sync 1 DAGs
[2021-12-02 15:08:58,774] {logging_mixin.py:104} INFO - [2021-12-02 15:08:58,774] {dag.py:2305} INFO - Setting next_dagrun for example_task_group to 2021-11-30 00:00:00+00:00
[2021-12-02 15:08:58,802] {scheduler_job.py:190} INFO - Processing /home/agalli/sandbox/lib/python3.6/site-packages/airflow/example_dags/example_task_group.py took 0.138 seconds
[2021-12-02 15:09:41,940] {scheduler_job.py:182} INFO - Started process (PID=2523) to work on /home/agalli/sandbox/lib/python3.6/site-packages/airflow/example_dags/example_task_group.py
[2021-12-02 15:09:41,941] {scheduler_job.py:633} INFO - Processing file /home/agalli/sandbox/lib/python3.6/site-packages/airflow/example_dags/example_task_group.py for tasks to queue
[2021-12-02 15:09:41,942] {logging_mixin.py:104} INFO - [2021-12-02 15:09:41,942] {dagbag.py:487} INFO - Filling up the DagBag from /home/agalli/sandbox/lib/python3.6/site-packages/airflow/example_dags/example_task_group.py
[2021-12-02 15:09:41,956] {scheduler_job.py:643} INFO - DAG(s) dict_keys(['example_task_group']) retrieved from /home/agalli/sandbox/lib/python3.6/site-packages/airflow/example_dags/example_task_group.py
[2021-12-02 15:09:41,983] {logging_mixin.py:104} INFO - [2021-12-02 15:09:41,983] {dag.py:1832} INFO - Sync 1 DAGs
[2021-12-02 15:09:42,004] {logging_mixin.py:104} INFO - [2021-12-02 15:09:42,004] {dag.py:2305} INFO - Setting next_dagrun for example_task_group to 2021-11-30 00:00:00+00:00
[2021-12-02 15:09:42,035] {scheduler_job.py:190} INFO - Processing /home/agalli/sandbox/lib/python3.6/site-packages/airflow/example_dags/example_task_group.py took 0.099 seconds
[2021-12-02 15:10:19,965] {scheduler_job.py:182} INFO - Started process (PID=2554) to work on /home/agalli/sandbox/lib/python3.6/site-packages/airflow/example_dags/example_task_group.py
[2021-12-02 15:10:19,969] {scheduler_job.py:633} INFO - Processing file /home/agalli/sandbox/lib/python3.6/site-packages/airflow/example_dags/example_task_group.py for tasks to queue
[2021-12-02 15:10:19,970] {logging_mixin.py:104} INFO - [2021-12-02 15:10:19,970] {dagbag.py:487} INFO - Filling up the DagBag from /home/agalli/sandbox/lib/python3.6/site-packages/airflow/example_dags/example_task_group.py
[2021-12-02 15:10:19,986] {scheduler_job.py:643} INFO - DAG(s) dict_keys(['example_task_group']) retrieved from /home/agalli/sandbox/lib/python3.6/site-packages/airflow/example_dags/example_task_group.py
[2021-12-02 15:10:20,010] {logging_mixin.py:104} INFO - [2021-12-02 15:10:20,010] {dag.py:1832} INFO - Sync 1 DAGs
[2021-12-02 15:10:20,021] {logging_mixin.py:104} INFO - [2021-12-02 15:10:20,021] {dag.py:2305} INFO - Setting next_dagrun for example_task_group to 2021-11-30 00:00:00+00:00
[2021-12-02 15:10:20,043] {scheduler_job.py:190} INFO - Processing /home/agalli/sandbox/lib/python3.6/site-packages/airflow/example_dags/example_task_group.py took 0.085 seconds
[2021-12-02 15:10:58,270] {scheduler_job.py:182} INFO - Started process (PID=2586) to work on /home/agalli/sandbox/lib/python3.6/site-packages/airflow/example_dags/example_task_group.py
[2021-12-02 15:10:58,274] {scheduler_job.py:633} INFO - Processing file /home/agalli/sandbox/lib/python3.6/site-packages/airflow/example_dags/example_task_group.py for tasks to queue
[2021-12-02 15:10:58,277] {logging_mixin.py:104} INFO - [2021-12-02 15:10:58,276] {dagbag.py:487} INFO - Filling up the DagBag from /home/agalli/sandbox/lib/python3.6/site-packages/airflow/example_dags/example_task_group.py
[2021-12-02 15:10:58,300] {scheduler_job.py:643} INFO - DAG(s) dict_keys(['example_task_group']) retrieved from /home/agalli/sandbox/lib/python3.6/site-packages/airflow/example_dags/example_task_group.py
[2021-12-02 15:10:58,331] {logging_mixin.py:104} INFO - [2021-12-02 15:10:58,330] {dag.py:1832} INFO - Sync 1 DAGs
[2021-12-02 15:10:58,355] {logging_mixin.py:104} INFO - [2021-12-02 15:10:58,354] {dag.py:2305} INFO - Setting next_dagrun for example_task_group to 2021-11-30 00:00:00+00:00
[2021-12-02 15:10:58,384] {scheduler_job.py:190} INFO - Processing /home/agalli/sandbox/lib/python3.6/site-packages/airflow/example_dags/example_task_group.py took 0.121 seconds
[2021-12-02 15:11:31,758] {scheduler_job.py:182} INFO - Started process (PID=2617) to work on /home/agalli/sandbox/lib/python3.6/site-packages/airflow/example_dags/example_task_group.py
[2021-12-02 15:11:31,760] {scheduler_job.py:633} INFO - Processing file /home/agalli/sandbox/lib/python3.6/site-packages/airflow/example_dags/example_task_group.py for tasks to queue
[2021-12-02 15:11:31,761] {logging_mixin.py:104} INFO - [2021-12-02 15:11:31,760] {dagbag.py:487} INFO - Filling up the DagBag from /home/agalli/sandbox/lib/python3.6/site-packages/airflow/example_dags/example_task_group.py
[2021-12-02 15:11:31,777] {scheduler_job.py:643} INFO - DAG(s) dict_keys(['example_task_group']) retrieved from /home/agalli/sandbox/lib/python3.6/site-packages/airflow/example_dags/example_task_group.py
[2021-12-02 15:11:31,802] {logging_mixin.py:104} INFO - [2021-12-02 15:11:31,802] {dag.py:1832} INFO - Sync 1 DAGs
[2021-12-02 15:11:31,815] {logging_mixin.py:104} INFO - [2021-12-02 15:11:31,815] {dag.py:2305} INFO - Setting next_dagrun for example_task_group to 2021-11-30 00:00:00+00:00
[2021-12-02 15:11:31,839] {scheduler_job.py:190} INFO - Processing /home/agalli/sandbox/lib/python3.6/site-packages/airflow/example_dags/example_task_group.py took 0.085 seconds
[2021-12-02 15:12:05,335] {scheduler_job.py:182} INFO - Started process (PID=2647) to work on /home/agalli/sandbox/lib/python3.6/site-packages/airflow/example_dags/example_task_group.py
[2021-12-02 15:12:05,336] {scheduler_job.py:633} INFO - Processing file /home/agalli/sandbox/lib/python3.6/site-packages/airflow/example_dags/example_task_group.py for tasks to queue
[2021-12-02 15:12:05,337] {logging_mixin.py:104} INFO - [2021-12-02 15:12:05,337] {dagbag.py:487} INFO - Filling up the DagBag from /home/agalli/sandbox/lib/python3.6/site-packages/airflow/example_dags/example_task_group.py
[2021-12-02 15:12:05,351] {scheduler_job.py:643} INFO - DAG(s) dict_keys(['example_task_group']) retrieved from /home/agalli/sandbox/lib/python3.6/site-packages/airflow/example_dags/example_task_group.py
[2021-12-02 15:12:05,371] {logging_mixin.py:104} INFO - [2021-12-02 15:12:05,371] {dag.py:1832} INFO - Sync 1 DAGs
[2021-12-02 15:12:05,385] {logging_mixin.py:104} INFO - [2021-12-02 15:12:05,385] {dag.py:2305} INFO - Setting next_dagrun for example_task_group to 2021-11-30 00:00:00+00:00
[2021-12-02 15:12:05,404] {scheduler_job.py:190} INFO - Processing /home/agalli/sandbox/lib/python3.6/site-packages/airflow/example_dags/example_task_group.py took 0.072 seconds
[2021-12-02 15:12:43,163] {scheduler_job.py:182} INFO - Started process (PID=2680) to work on /home/agalli/sandbox/lib/python3.6/site-packages/airflow/example_dags/example_task_group.py
[2021-12-02 15:12:43,165] {scheduler_job.py:633} INFO - Processing file /home/agalli/sandbox/lib/python3.6/site-packages/airflow/example_dags/example_task_group.py for tasks to queue
[2021-12-02 15:12:43,165] {logging_mixin.py:104} INFO - [2021-12-02 15:12:43,165] {dagbag.py:487} INFO - Filling up the DagBag from /home/agalli/sandbox/lib/python3.6/site-packages/airflow/example_dags/example_task_group.py
[2021-12-02 15:12:43,182] {scheduler_job.py:643} INFO - DAG(s) dict_keys(['example_task_group']) retrieved from /home/agalli/sandbox/lib/python3.6/site-packages/airflow/example_dags/example_task_group.py
[2021-12-02 15:12:43,213] {logging_mixin.py:104} INFO - [2021-12-02 15:12:43,213] {dag.py:1832} INFO - Sync 1 DAGs
[2021-12-02 15:12:43,234] {logging_mixin.py:104} INFO - [2021-12-02 15:12:43,234] {dag.py:2305} INFO - Setting next_dagrun for example_task_group to 2021-11-30 00:00:00+00:00
[2021-12-02 15:12:43,258] {scheduler_job.py:190} INFO - Processing /home/agalli/sandbox/lib/python3.6/site-packages/airflow/example_dags/example_task_group.py took 0.099 seconds
[2021-12-02 15:13:17,364] {scheduler_job.py:182} INFO - Started process (PID=2710) to work on /home/agalli/sandbox/lib/python3.6/site-packages/airflow/example_dags/example_task_group.py
[2021-12-02 15:13:17,366] {scheduler_job.py:633} INFO - Processing file /home/agalli/sandbox/lib/python3.6/site-packages/airflow/example_dags/example_task_group.py for tasks to queue
[2021-12-02 15:13:17,366] {logging_mixin.py:104} INFO - [2021-12-02 15:13:17,366] {dagbag.py:487} INFO - Filling up the DagBag from /home/agalli/sandbox/lib/python3.6/site-packages/airflow/example_dags/example_task_group.py
[2021-12-02 15:13:17,379] {scheduler_job.py:643} INFO - DAG(s) dict_keys(['example_task_group']) retrieved from /home/agalli/sandbox/lib/python3.6/site-packages/airflow/example_dags/example_task_group.py
[2021-12-02 15:13:17,397] {logging_mixin.py:104} INFO - [2021-12-02 15:13:17,397] {dag.py:1832} INFO - Sync 1 DAGs
[2021-12-02 15:13:17,410] {logging_mixin.py:104} INFO - [2021-12-02 15:13:17,410] {dag.py:2305} INFO - Setting next_dagrun for example_task_group to 2021-11-30 00:00:00+00:00
[2021-12-02 15:13:17,431] {scheduler_job.py:190} INFO - Processing /home/agalli/sandbox/lib/python3.6/site-packages/airflow/example_dags/example_task_group.py took 0.071 seconds
[2021-12-02 15:13:51,125] {scheduler_job.py:182} INFO - Started process (PID=2741) to work on /home/agalli/sandbox/lib/python3.6/site-packages/airflow/example_dags/example_task_group.py
[2021-12-02 15:13:51,127] {scheduler_job.py:633} INFO - Processing file /home/agalli/sandbox/lib/python3.6/site-packages/airflow/example_dags/example_task_group.py for tasks to queue
[2021-12-02 15:13:51,128] {logging_mixin.py:104} INFO - [2021-12-02 15:13:51,128] {dagbag.py:487} INFO - Filling up the DagBag from /home/agalli/sandbox/lib/python3.6/site-packages/airflow/example_dags/example_task_group.py
[2021-12-02 15:13:51,146] {scheduler_job.py:643} INFO - DAG(s) dict_keys(['example_task_group']) retrieved from /home/agalli/sandbox/lib/python3.6/site-packages/airflow/example_dags/example_task_group.py
[2021-12-02 15:13:51,175] {logging_mixin.py:104} INFO - [2021-12-02 15:13:51,175] {dag.py:1832} INFO - Sync 1 DAGs
[2021-12-02 15:13:51,194] {logging_mixin.py:104} INFO - [2021-12-02 15:13:51,193] {dag.py:2305} INFO - Setting next_dagrun for example_task_group to 2021-11-30 00:00:00+00:00
[2021-12-02 15:13:51,215] {scheduler_job.py:190} INFO - Processing /home/agalli/sandbox/lib/python3.6/site-packages/airflow/example_dags/example_task_group.py took 0.094 seconds
[2021-12-02 15:14:25,433] {scheduler_job.py:182} INFO - Started process (PID=2772) to work on /home/agalli/sandbox/lib/python3.6/site-packages/airflow/example_dags/example_task_group.py
[2021-12-02 15:14:25,435] {scheduler_job.py:633} INFO - Processing file /home/agalli/sandbox/lib/python3.6/site-packages/airflow/example_dags/example_task_group.py for tasks to queue
[2021-12-02 15:14:25,436] {logging_mixin.py:104} INFO - [2021-12-02 15:14:25,436] {dagbag.py:487} INFO - Filling up the DagBag from /home/agalli/sandbox/lib/python3.6/site-packages/airflow/example_dags/example_task_group.py
[2021-12-02 15:14:25,452] {scheduler_job.py:643} INFO - DAG(s) dict_keys(['example_task_group']) retrieved from /home/agalli/sandbox/lib/python3.6/site-packages/airflow/example_dags/example_task_group.py
[2021-12-02 15:14:25,470] {logging_mixin.py:104} INFO - [2021-12-02 15:14:25,470] {dag.py:1832} INFO - Sync 1 DAGs
[2021-12-02 15:14:25,484] {logging_mixin.py:104} INFO - [2021-12-02 15:14:25,483] {dag.py:2305} INFO - Setting next_dagrun for example_task_group to 2021-11-30 00:00:00+00:00
[2021-12-02 15:14:25,503] {scheduler_job.py:190} INFO - Processing /home/agalli/sandbox/lib/python3.6/site-packages/airflow/example_dags/example_task_group.py took 0.076 seconds
[2021-12-02 15:15:04,573] {scheduler_job.py:182} INFO - Started process (PID=2805) to work on /home/agalli/sandbox/lib/python3.6/site-packages/airflow/example_dags/example_task_group.py
[2021-12-02 15:15:04,575] {scheduler_job.py:633} INFO - Processing file /home/agalli/sandbox/lib/python3.6/site-packages/airflow/example_dags/example_task_group.py for tasks to queue
[2021-12-02 15:15:04,578] {logging_mixin.py:104} INFO - [2021-12-02 15:15:04,577] {dagbag.py:487} INFO - Filling up the DagBag from /home/agalli/sandbox/lib/python3.6/site-packages/airflow/example_dags/example_task_group.py
[2021-12-02 15:15:04,609] {scheduler_job.py:643} INFO - DAG(s) dict_keys(['example_task_group']) retrieved from /home/agalli/sandbox/lib/python3.6/site-packages/airflow/example_dags/example_task_group.py
[2021-12-02 15:15:04,651] {logging_mixin.py:104} INFO - [2021-12-02 15:15:04,651] {dag.py:1832} INFO - Sync 1 DAGs
[2021-12-02 15:15:04,672] {logging_mixin.py:104} INFO - [2021-12-02 15:15:04,671] {dag.py:2305} INFO - Setting next_dagrun for example_task_group to 2021-11-30 00:00:00+00:00
[2021-12-02 15:15:04,700] {scheduler_job.py:190} INFO - Processing /home/agalli/sandbox/lib/python3.6/site-packages/airflow/example_dags/example_task_group.py took 0.134 seconds
[2021-12-02 15:15:46,474] {scheduler_job.py:182} INFO - Started process (PID=2839) to work on /home/agalli/sandbox/lib/python3.6/site-packages/airflow/example_dags/example_task_group.py
[2021-12-02 15:15:46,476] {scheduler_job.py:633} INFO - Processing file /home/agalli/sandbox/lib/python3.6/site-packages/airflow/example_dags/example_task_group.py for tasks to queue
[2021-12-02 15:15:46,476] {logging_mixin.py:104} INFO - [2021-12-02 15:15:46,476] {dagbag.py:487} INFO - Filling up the DagBag from /home/agalli/sandbox/lib/python3.6/site-packages/airflow/example_dags/example_task_group.py
[2021-12-02 15:15:46,490] {scheduler_job.py:643} INFO - DAG(s) dict_keys(['example_task_group']) retrieved from /home/agalli/sandbox/lib/python3.6/site-packages/airflow/example_dags/example_task_group.py
[2021-12-02 15:15:46,511] {logging_mixin.py:104} INFO - [2021-12-02 15:15:46,511] {dag.py:1832} INFO - Sync 1 DAGs
[2021-12-02 15:15:46,525] {logging_mixin.py:104} INFO - [2021-12-02 15:15:46,525] {dag.py:2305} INFO - Setting next_dagrun for example_task_group to 2021-11-30 00:00:00+00:00
[2021-12-02 15:15:46,560] {scheduler_job.py:190} INFO - Processing /home/agalli/sandbox/lib/python3.6/site-packages/airflow/example_dags/example_task_group.py took 0.089 seconds
[2021-12-02 15:16:20,981] {scheduler_job.py:182} INFO - Started process (PID=2869) to work on /home/agalli/sandbox/lib/python3.6/site-packages/airflow/example_dags/example_task_group.py
[2021-12-02 15:16:20,984] {scheduler_job.py:633} INFO - Processing file /home/agalli/sandbox/lib/python3.6/site-packages/airflow/example_dags/example_task_group.py for tasks to queue
[2021-12-02 15:16:20,986] {logging_mixin.py:104} INFO - [2021-12-02 15:16:20,986] {dagbag.py:487} INFO - Filling up the DagBag from /home/agalli/sandbox/lib/python3.6/site-packages/airflow/example_dags/example_task_group.py
[2021-12-02 15:16:21,015] {scheduler_job.py:643} INFO - DAG(s) dict_keys(['example_task_group']) retrieved from /home/agalli/sandbox/lib/python3.6/site-packages/airflow/example_dags/example_task_group.py
[2021-12-02 15:16:21,043] {logging_mixin.py:104} INFO - [2021-12-02 15:16:21,043] {dag.py:1832} INFO - Sync 1 DAGs
[2021-12-02 15:16:21,066] {logging_mixin.py:104} INFO - [2021-12-02 15:16:21,066] {dag.py:2305} INFO - Setting next_dagrun for example_task_group to 2021-11-30 00:00:00+00:00
[2021-12-02 15:16:21,106] {scheduler_job.py:190} INFO - Processing /home/agalli/sandbox/lib/python3.6/site-packages/airflow/example_dags/example_task_group.py took 0.131 seconds
[2021-12-02 15:16:56,221] {scheduler_job.py:182} INFO - Started process (PID=2900) to work on /home/agalli/sandbox/lib/python3.6/site-packages/airflow/example_dags/example_task_group.py
[2021-12-02 15:16:56,222] {scheduler_job.py:633} INFO - Processing file /home/agalli/sandbox/lib/python3.6/site-packages/airflow/example_dags/example_task_group.py for tasks to queue
[2021-12-02 15:16:56,222] {logging_mixin.py:104} INFO - [2021-12-02 15:16:56,222] {dagbag.py:487} INFO - Filling up the DagBag from /home/agalli/sandbox/lib/python3.6/site-packages/airflow/example_dags/example_task_group.py
[2021-12-02 15:16:56,233] {scheduler_job.py:643} INFO - DAG(s) dict_keys(['example_task_group']) retrieved from /home/agalli/sandbox/lib/python3.6/site-packages/airflow/example_dags/example_task_group.py
[2021-12-02 15:16:56,251] {logging_mixin.py:104} INFO - [2021-12-02 15:16:56,251] {dag.py:1832} INFO - Sync 1 DAGs
[2021-12-02 15:16:56,263] {logging_mixin.py:104} INFO - [2021-12-02 15:16:56,262] {dag.py:2305} INFO - Setting next_dagrun for example_task_group to 2021-11-30 00:00:00+00:00
[2021-12-02 15:16:56,297] {scheduler_job.py:190} INFO - Processing /home/agalli/sandbox/lib/python3.6/site-packages/airflow/example_dags/example_task_group.py took 0.080 seconds
[2021-12-02 15:17:29,532] {scheduler_job.py:182} INFO - Started process (PID=2931) to work on /home/agalli/sandbox/lib/python3.6/site-packages/airflow/example_dags/example_task_group.py
[2021-12-02 15:17:29,534] {scheduler_job.py:633} INFO - Processing file /home/agalli/sandbox/lib/python3.6/site-packages/airflow/example_dags/example_task_group.py for tasks to queue
[2021-12-02 15:17:29,535] {logging_mixin.py:104} INFO - [2021-12-02 15:17:29,534] {dagbag.py:487} INFO - Filling up the DagBag from /home/agalli/sandbox/lib/python3.6/site-packages/airflow/example_dags/example_task_group.py
[2021-12-02 15:17:29,550] {scheduler_job.py:643} INFO - DAG(s) dict_keys(['example_task_group']) retrieved from /home/agalli/sandbox/lib/python3.6/site-packages/airflow/example_dags/example_task_group.py
[2021-12-02 15:17:29,575] {logging_mixin.py:104} INFO - [2021-12-02 15:17:29,574] {dag.py:1832} INFO - Sync 1 DAGs
[2021-12-02 15:17:29,587] {logging_mixin.py:104} INFO - [2021-12-02 15:17:29,586] {dag.py:2305} INFO - Setting next_dagrun for example_task_group to 2021-11-30 00:00:00+00:00
[2021-12-02 15:17:29,606] {scheduler_job.py:190} INFO - Processing /home/agalli/sandbox/lib/python3.6/site-packages/airflow/example_dags/example_task_group.py took 0.077 seconds
[2021-12-02 15:18:03,268] {scheduler_job.py:182} INFO - Started process (PID=2963) to work on /home/agalli/sandbox/lib/python3.6/site-packages/airflow/example_dags/example_task_group.py
[2021-12-02 15:18:03,269] {scheduler_job.py:633} INFO - Processing file /home/agalli/sandbox/lib/python3.6/site-packages/airflow/example_dags/example_task_group.py for tasks to queue
[2021-12-02 15:18:03,270] {logging_mixin.py:104} INFO - [2021-12-02 15:18:03,270] {dagbag.py:487} INFO - Filling up the DagBag from /home/agalli/sandbox/lib/python3.6/site-packages/airflow/example_dags/example_task_group.py
[2021-12-02 15:18:03,280] {scheduler_job.py:643} INFO - DAG(s) dict_keys(['example_task_group']) retrieved from /home/agalli/sandbox/lib/python3.6/site-packages/airflow/example_dags/example_task_group.py
[2021-12-02 15:18:03,299] {logging_mixin.py:104} INFO - [2021-12-02 15:18:03,299] {dag.py:1832} INFO - Sync 1 DAGs
[2021-12-02 15:18:03,313] {logging_mixin.py:104} INFO - [2021-12-02 15:18:03,312] {dag.py:2305} INFO - Setting next_dagrun for example_task_group to 2021-11-30 00:00:00+00:00
[2021-12-02 15:18:03,332] {scheduler_job.py:190} INFO - Processing /home/agalli/sandbox/lib/python3.6/site-packages/airflow/example_dags/example_task_group.py took 0.067 seconds
[2021-12-02 15:18:37,527] {scheduler_job.py:182} INFO - Started process (PID=2993) to work on /home/agalli/sandbox/lib/python3.6/site-packages/airflow/example_dags/example_task_group.py
[2021-12-02 15:18:37,529] {scheduler_job.py:633} INFO - Processing file /home/agalli/sandbox/lib/python3.6/site-packages/airflow/example_dags/example_task_group.py for tasks to queue
[2021-12-02 15:18:37,530] {logging_mixin.py:104} INFO - [2021-12-02 15:18:37,530] {dagbag.py:487} INFO - Filling up the DagBag from /home/agalli/sandbox/lib/python3.6/site-packages/airflow/example_dags/example_task_group.py
[2021-12-02 15:18:37,546] {scheduler_job.py:643} INFO - DAG(s) dict_keys(['example_task_group']) retrieved from /home/agalli/sandbox/lib/python3.6/site-packages/airflow/example_dags/example_task_group.py
[2021-12-02 15:18:37,566] {logging_mixin.py:104} INFO - [2021-12-02 15:18:37,566] {dag.py:1832} INFO - Sync 1 DAGs
[2021-12-02 15:18:37,578] {logging_mixin.py:104} INFO - [2021-12-02 15:18:37,578] {dag.py:2305} INFO - Setting next_dagrun for example_task_group to 2021-11-30 00:00:00+00:00
[2021-12-02 15:18:37,611] {scheduler_job.py:190} INFO - Processing /home/agalli/sandbox/lib/python3.6/site-packages/airflow/example_dags/example_task_group.py took 0.088 seconds
[2021-12-02 15:19:10,920] {scheduler_job.py:182} INFO - Started process (PID=3024) to work on /home/agalli/sandbox/lib/python3.6/site-packages/airflow/example_dags/example_task_group.py
[2021-12-02 15:19:10,922] {scheduler_job.py:633} INFO - Processing file /home/agalli/sandbox/lib/python3.6/site-packages/airflow/example_dags/example_task_group.py for tasks to queue
[2021-12-02 15:19:10,924] {logging_mixin.py:104} INFO - [2021-12-02 15:19:10,923] {dagbag.py:487} INFO - Filling up the DagBag from /home/agalli/sandbox/lib/python3.6/site-packages/airflow/example_dags/example_task_group.py
[2021-12-02 15:19:10,942] {scheduler_job.py:643} INFO - DAG(s) dict_keys(['example_task_group']) retrieved from /home/agalli/sandbox/lib/python3.6/site-packages/airflow/example_dags/example_task_group.py
[2021-12-02 15:19:10,967] {logging_mixin.py:104} INFO - [2021-12-02 15:19:10,966] {dag.py:1832} INFO - Sync 1 DAGs
[2021-12-02 15:19:10,980] {logging_mixin.py:104} INFO - [2021-12-02 15:19:10,980] {dag.py:2305} INFO - Setting next_dagrun for example_task_group to 2021-11-30 00:00:00+00:00
[2021-12-02 15:19:11,002] {scheduler_job.py:190} INFO - Processing /home/agalli/sandbox/lib/python3.6/site-packages/airflow/example_dags/example_task_group.py took 0.087 seconds
[2021-12-02 15:19:52,454] {scheduler_job.py:182} INFO - Started process (PID=3058) to work on /home/agalli/sandbox/lib/python3.6/site-packages/airflow/example_dags/example_task_group.py
[2021-12-02 15:19:52,456] {scheduler_job.py:633} INFO - Processing file /home/agalli/sandbox/lib/python3.6/site-packages/airflow/example_dags/example_task_group.py for tasks to queue
[2021-12-02 15:19:52,457] {logging_mixin.py:104} INFO - [2021-12-02 15:19:52,457] {dagbag.py:487} INFO - Filling up the DagBag from /home/agalli/sandbox/lib/python3.6/site-packages/airflow/example_dags/example_task_group.py
[2021-12-02 15:19:52,469] {scheduler_job.py:643} INFO - DAG(s) dict_keys(['example_task_group']) retrieved from /home/agalli/sandbox/lib/python3.6/site-packages/airflow/example_dags/example_task_group.py
[2021-12-02 15:19:52,487] {logging_mixin.py:104} INFO - [2021-12-02 15:19:52,487] {dag.py:1832} INFO - Sync 1 DAGs
[2021-12-02 15:19:52,499] {logging_mixin.py:104} INFO - [2021-12-02 15:19:52,499] {dag.py:2305} INFO - Setting next_dagrun for example_task_group to 2021-11-30 00:00:00+00:00
[2021-12-02 15:19:52,520] {scheduler_job.py:190} INFO - Processing /home/agalli/sandbox/lib/python3.6/site-packages/airflow/example_dags/example_task_group.py took 0.071 seconds
[2021-12-02 15:20:33,553] {scheduler_job.py:182} INFO - Started process (PID=3089) to work on /home/agalli/sandbox/lib/python3.6/site-packages/airflow/example_dags/example_task_group.py
[2021-12-02 15:20:33,554] {scheduler_job.py:633} INFO - Processing file /home/agalli/sandbox/lib/python3.6/site-packages/airflow/example_dags/example_task_group.py for tasks to queue
[2021-12-02 15:20:33,555] {logging_mixin.py:104} INFO - [2021-12-02 15:20:33,555] {dagbag.py:487} INFO - Filling up the DagBag from /home/agalli/sandbox/lib/python3.6/site-packages/airflow/example_dags/example_task_group.py
[2021-12-02 15:20:33,575] {scheduler_job.py:643} INFO - DAG(s) dict_keys(['example_task_group']) retrieved from /home/agalli/sandbox/lib/python3.6/site-packages/airflow/example_dags/example_task_group.py
[2021-12-02 15:20:33,603] {logging_mixin.py:104} INFO - [2021-12-02 15:20:33,603] {dag.py:1832} INFO - Sync 1 DAGs
[2021-12-02 15:20:33,625] {logging_mixin.py:104} INFO - [2021-12-02 15:20:33,624] {dag.py:2305} INFO - Setting next_dagrun for example_task_group to 2021-11-30 00:00:00+00:00
[2021-12-02 15:20:33,646] {scheduler_job.py:190} INFO - Processing /home/agalli/sandbox/lib/python3.6/site-packages/airflow/example_dags/example_task_group.py took 0.101 seconds
