[2021-12-02 14:51:22,327] {scheduler_job.py:182} INFO - Started process (PID=1578) to work on /home/agalli/sandbox/lib/python3.6/site-packages/airflow/example_dags/example_short_circuit_operator.py
[2021-12-02 14:51:22,330] {scheduler_job.py:633} INFO - Processing file /home/agalli/sandbox/lib/python3.6/site-packages/airflow/example_dags/example_short_circuit_operator.py for tasks to queue
[2021-12-02 14:51:22,341] {logging_mixin.py:104} INFO - [2021-12-02 14:51:22,341] {dagbag.py:487} INFO - Filling up the DagBag from /home/agalli/sandbox/lib/python3.6/site-packages/airflow/example_dags/example_short_circuit_operator.py
[2021-12-02 14:51:22,442] {scheduler_job.py:643} INFO - DAG(s) dict_keys(['example_short_circuit_operator']) retrieved from /home/agalli/sandbox/lib/python3.6/site-packages/airflow/example_dags/example_short_circuit_operator.py
[2021-12-02 14:51:22,566] {logging_mixin.py:104} INFO - [2021-12-02 14:51:22,566] {dag.py:1832} INFO - Sync 1 DAGs
[2021-12-02 14:51:22,653] {logging_mixin.py:104} INFO - [2021-12-02 14:51:22,653] {dag.py:2305} INFO - Setting next_dagrun for example_short_circuit_operator to 2021-11-30 00:00:00+00:00
[2021-12-02 14:51:22,754] {scheduler_job.py:190} INFO - Processing /home/agalli/sandbox/lib/python3.6/site-packages/airflow/example_dags/example_short_circuit_operator.py took 0.455 seconds
[2021-12-02 14:52:03,658] {scheduler_job.py:182} INFO - Started process (PID=1683) to work on /home/agalli/sandbox/lib/python3.6/site-packages/airflow/example_dags/example_short_circuit_operator.py
[2021-12-02 14:52:03,660] {scheduler_job.py:633} INFO - Processing file /home/agalli/sandbox/lib/python3.6/site-packages/airflow/example_dags/example_short_circuit_operator.py for tasks to queue
[2021-12-02 14:52:03,662] {logging_mixin.py:104} INFO - [2021-12-02 14:52:03,661] {dagbag.py:487} INFO - Filling up the DagBag from /home/agalli/sandbox/lib/python3.6/site-packages/airflow/example_dags/example_short_circuit_operator.py
[2021-12-02 14:52:03,686] {scheduler_job.py:643} INFO - DAG(s) dict_keys(['example_short_circuit_operator']) retrieved from /home/agalli/sandbox/lib/python3.6/site-packages/airflow/example_dags/example_short_circuit_operator.py
[2021-12-02 14:52:03,708] {logging_mixin.py:104} INFO - [2021-12-02 14:52:03,708] {dag.py:1832} INFO - Sync 1 DAGs
[2021-12-02 14:52:03,727] {logging_mixin.py:104} INFO - [2021-12-02 14:52:03,726] {dag.py:2305} INFO - Setting next_dagrun for example_short_circuit_operator to 2021-11-30 00:00:00+00:00
[2021-12-02 14:52:03,745] {scheduler_job.py:190} INFO - Processing /home/agalli/sandbox/lib/python3.6/site-packages/airflow/example_dags/example_short_circuit_operator.py took 0.092 seconds
[2021-12-02 14:52:36,049] {scheduler_job.py:182} INFO - Started process (PID=1714) to work on /home/agalli/sandbox/lib/python3.6/site-packages/airflow/example_dags/example_short_circuit_operator.py
[2021-12-02 14:52:36,050] {scheduler_job.py:633} INFO - Processing file /home/agalli/sandbox/lib/python3.6/site-packages/airflow/example_dags/example_short_circuit_operator.py for tasks to queue
[2021-12-02 14:52:36,051] {logging_mixin.py:104} INFO - [2021-12-02 14:52:36,051] {dagbag.py:487} INFO - Filling up the DagBag from /home/agalli/sandbox/lib/python3.6/site-packages/airflow/example_dags/example_short_circuit_operator.py
[2021-12-02 14:52:36,072] {scheduler_job.py:643} INFO - DAG(s) dict_keys(['example_short_circuit_operator']) retrieved from /home/agalli/sandbox/lib/python3.6/site-packages/airflow/example_dags/example_short_circuit_operator.py
[2021-12-02 14:52:36,089] {logging_mixin.py:104} INFO - [2021-12-02 14:52:36,089] {dag.py:1832} INFO - Sync 1 DAGs
[2021-12-02 14:52:36,112] {logging_mixin.py:104} INFO - [2021-12-02 14:52:36,111] {dag.py:2305} INFO - Setting next_dagrun for example_short_circuit_operator to 2021-11-30 00:00:00+00:00
[2021-12-02 14:52:36,141] {scheduler_job.py:190} INFO - Processing /home/agalli/sandbox/lib/python3.6/site-packages/airflow/example_dags/example_short_circuit_operator.py took 0.097 seconds
[2021-12-02 14:53:13,384] {scheduler_job.py:182} INFO - Started process (PID=1745) to work on /home/agalli/sandbox/lib/python3.6/site-packages/airflow/example_dags/example_short_circuit_operator.py
[2021-12-02 14:53:13,385] {scheduler_job.py:633} INFO - Processing file /home/agalli/sandbox/lib/python3.6/site-packages/airflow/example_dags/example_short_circuit_operator.py for tasks to queue
[2021-12-02 14:53:13,392] {logging_mixin.py:104} INFO - [2021-12-02 14:53:13,392] {dagbag.py:487} INFO - Filling up the DagBag from /home/agalli/sandbox/lib/python3.6/site-packages/airflow/example_dags/example_short_circuit_operator.py
[2021-12-02 14:53:13,421] {scheduler_job.py:643} INFO - DAG(s) dict_keys(['example_short_circuit_operator']) retrieved from /home/agalli/sandbox/lib/python3.6/site-packages/airflow/example_dags/example_short_circuit_operator.py
[2021-12-02 14:53:13,453] {logging_mixin.py:104} INFO - [2021-12-02 14:53:13,452] {dag.py:1832} INFO - Sync 1 DAGs
[2021-12-02 14:53:13,515] {logging_mixin.py:104} INFO - [2021-12-02 14:53:13,514] {dag.py:2305} INFO - Setting next_dagrun for example_short_circuit_operator to 2021-11-30 00:00:00+00:00
[2021-12-02 14:53:13,560] {scheduler_job.py:190} INFO - Processing /home/agalli/sandbox/lib/python3.6/site-packages/airflow/example_dags/example_short_circuit_operator.py took 0.181 seconds
[2021-12-02 14:53:48,796] {scheduler_job.py:182} INFO - Started process (PID=1776) to work on /home/agalli/sandbox/lib/python3.6/site-packages/airflow/example_dags/example_short_circuit_operator.py
[2021-12-02 14:53:48,797] {scheduler_job.py:633} INFO - Processing file /home/agalli/sandbox/lib/python3.6/site-packages/airflow/example_dags/example_short_circuit_operator.py for tasks to queue
[2021-12-02 14:53:48,798] {logging_mixin.py:104} INFO - [2021-12-02 14:53:48,798] {dagbag.py:487} INFO - Filling up the DagBag from /home/agalli/sandbox/lib/python3.6/site-packages/airflow/example_dags/example_short_circuit_operator.py
[2021-12-02 14:53:48,815] {scheduler_job.py:643} INFO - DAG(s) dict_keys(['example_short_circuit_operator']) retrieved from /home/agalli/sandbox/lib/python3.6/site-packages/airflow/example_dags/example_short_circuit_operator.py
[2021-12-02 14:53:48,837] {logging_mixin.py:104} INFO - [2021-12-02 14:53:48,837] {dag.py:1832} INFO - Sync 1 DAGs
[2021-12-02 14:53:48,852] {logging_mixin.py:104} INFO - [2021-12-02 14:53:48,852] {dag.py:2305} INFO - Setting next_dagrun for example_short_circuit_operator to 2021-11-30 00:00:00+00:00
[2021-12-02 14:53:48,870] {scheduler_job.py:190} INFO - Processing /home/agalli/sandbox/lib/python3.6/site-packages/airflow/example_dags/example_short_circuit_operator.py took 0.077 seconds
[2021-12-02 14:54:23,772] {scheduler_job.py:182} INFO - Started process (PID=1807) to work on /home/agalli/sandbox/lib/python3.6/site-packages/airflow/example_dags/example_short_circuit_operator.py
[2021-12-02 14:54:23,773] {scheduler_job.py:633} INFO - Processing file /home/agalli/sandbox/lib/python3.6/site-packages/airflow/example_dags/example_short_circuit_operator.py for tasks to queue
[2021-12-02 14:54:23,774] {logging_mixin.py:104} INFO - [2021-12-02 14:54:23,773] {dagbag.py:487} INFO - Filling up the DagBag from /home/agalli/sandbox/lib/python3.6/site-packages/airflow/example_dags/example_short_circuit_operator.py
[2021-12-02 14:54:23,792] {scheduler_job.py:643} INFO - DAG(s) dict_keys(['example_short_circuit_operator']) retrieved from /home/agalli/sandbox/lib/python3.6/site-packages/airflow/example_dags/example_short_circuit_operator.py
[2021-12-02 14:54:23,810] {logging_mixin.py:104} INFO - [2021-12-02 14:54:23,810] {dag.py:1832} INFO - Sync 1 DAGs
[2021-12-02 14:54:23,831] {logging_mixin.py:104} INFO - [2021-12-02 14:54:23,830] {dag.py:2305} INFO - Setting next_dagrun for example_short_circuit_operator to 2021-11-30 00:00:00+00:00
[2021-12-02 14:54:23,852] {scheduler_job.py:190} INFO - Processing /home/agalli/sandbox/lib/python3.6/site-packages/airflow/example_dags/example_short_circuit_operator.py took 0.084 seconds
[2021-12-02 14:55:04,897] {scheduler_job.py:182} INFO - Started process (PID=1838) to work on /home/agalli/sandbox/lib/python3.6/site-packages/airflow/example_dags/example_short_circuit_operator.py
[2021-12-02 14:55:04,899] {scheduler_job.py:633} INFO - Processing file /home/agalli/sandbox/lib/python3.6/site-packages/airflow/example_dags/example_short_circuit_operator.py for tasks to queue
[2021-12-02 14:55:04,899] {logging_mixin.py:104} INFO - [2021-12-02 14:55:04,899] {dagbag.py:487} INFO - Filling up the DagBag from /home/agalli/sandbox/lib/python3.6/site-packages/airflow/example_dags/example_short_circuit_operator.py
[2021-12-02 14:55:04,919] {scheduler_job.py:643} INFO - DAG(s) dict_keys(['example_short_circuit_operator']) retrieved from /home/agalli/sandbox/lib/python3.6/site-packages/airflow/example_dags/example_short_circuit_operator.py
[2021-12-02 14:55:04,946] {logging_mixin.py:104} INFO - [2021-12-02 14:55:04,946] {dag.py:1832} INFO - Sync 1 DAGs
[2021-12-02 14:55:04,965] {logging_mixin.py:104} INFO - [2021-12-02 14:55:04,965] {dag.py:2305} INFO - Setting next_dagrun for example_short_circuit_operator to 2021-11-30 00:00:00+00:00
[2021-12-02 14:55:04,984] {scheduler_job.py:190} INFO - Processing /home/agalli/sandbox/lib/python3.6/site-packages/airflow/example_dags/example_short_circuit_operator.py took 0.091 seconds
[2021-12-02 14:55:44,717] {scheduler_job.py:182} INFO - Started process (PID=1959) to work on /home/agalli/sandbox/lib/python3.6/site-packages/airflow/example_dags/example_short_circuit_operator.py
[2021-12-02 14:55:44,719] {scheduler_job.py:633} INFO - Processing file /home/agalli/sandbox/lib/python3.6/site-packages/airflow/example_dags/example_short_circuit_operator.py for tasks to queue
[2021-12-02 14:55:44,721] {logging_mixin.py:104} INFO - [2021-12-02 14:55:44,721] {dagbag.py:487} INFO - Filling up the DagBag from /home/agalli/sandbox/lib/python3.6/site-packages/airflow/example_dags/example_short_circuit_operator.py
[2021-12-02 14:55:44,749] {scheduler_job.py:643} INFO - DAG(s) dict_keys(['example_short_circuit_operator']) retrieved from /home/agalli/sandbox/lib/python3.6/site-packages/airflow/example_dags/example_short_circuit_operator.py
[2021-12-02 14:55:44,786] {logging_mixin.py:104} INFO - [2021-12-02 14:55:44,785] {dag.py:1832} INFO - Sync 1 DAGs
[2021-12-02 14:55:44,811] {logging_mixin.py:104} INFO - [2021-12-02 14:55:44,811] {dag.py:2305} INFO - Setting next_dagrun for example_short_circuit_operator to 2021-11-30 00:00:00+00:00
[2021-12-02 14:55:44,840] {scheduler_job.py:190} INFO - Processing /home/agalli/sandbox/lib/python3.6/site-packages/airflow/example_dags/example_short_circuit_operator.py took 0.129 seconds
[2021-12-02 14:56:22,771] {scheduler_job.py:182} INFO - Started process (PID=1990) to work on /home/agalli/sandbox/lib/python3.6/site-packages/airflow/example_dags/example_short_circuit_operator.py
[2021-12-02 14:56:22,773] {scheduler_job.py:633} INFO - Processing file /home/agalli/sandbox/lib/python3.6/site-packages/airflow/example_dags/example_short_circuit_operator.py for tasks to queue
[2021-12-02 14:56:22,775] {logging_mixin.py:104} INFO - [2021-12-02 14:56:22,775] {dagbag.py:487} INFO - Filling up the DagBag from /home/agalli/sandbox/lib/python3.6/site-packages/airflow/example_dags/example_short_circuit_operator.py
[2021-12-02 14:56:22,796] {scheduler_job.py:643} INFO - DAG(s) dict_keys(['example_short_circuit_operator']) retrieved from /home/agalli/sandbox/lib/python3.6/site-packages/airflow/example_dags/example_short_circuit_operator.py
[2021-12-02 14:56:22,821] {logging_mixin.py:104} INFO - [2021-12-02 14:56:22,821] {dag.py:1832} INFO - Sync 1 DAGs
[2021-12-02 14:56:22,851] {logging_mixin.py:104} INFO - [2021-12-02 14:56:22,850] {dag.py:2305} INFO - Setting next_dagrun for example_short_circuit_operator to 2021-11-30 00:00:00+00:00
[2021-12-02 14:56:22,880] {scheduler_job.py:190} INFO - Processing /home/agalli/sandbox/lib/python3.6/site-packages/airflow/example_dags/example_short_circuit_operator.py took 0.121 seconds
[2021-12-02 14:57:06,551] {scheduler_job.py:182} INFO - Started process (PID=2023) to work on /home/agalli/sandbox/lib/python3.6/site-packages/airflow/example_dags/example_short_circuit_operator.py
[2021-12-02 14:57:06,553] {scheduler_job.py:633} INFO - Processing file /home/agalli/sandbox/lib/python3.6/site-packages/airflow/example_dags/example_short_circuit_operator.py for tasks to queue
[2021-12-02 14:57:06,554] {logging_mixin.py:104} INFO - [2021-12-02 14:57:06,554] {dagbag.py:487} INFO - Filling up the DagBag from /home/agalli/sandbox/lib/python3.6/site-packages/airflow/example_dags/example_short_circuit_operator.py
[2021-12-02 14:57:06,590] {scheduler_job.py:643} INFO - DAG(s) dict_keys(['example_short_circuit_operator']) retrieved from /home/agalli/sandbox/lib/python3.6/site-packages/airflow/example_dags/example_short_circuit_operator.py
[2021-12-02 14:57:06,623] {logging_mixin.py:104} INFO - [2021-12-02 14:57:06,623] {dag.py:1832} INFO - Sync 1 DAGs
[2021-12-02 14:57:06,654] {logging_mixin.py:104} INFO - [2021-12-02 14:57:06,654] {dag.py:2305} INFO - Setting next_dagrun for example_short_circuit_operator to 2021-11-30 00:00:00+00:00
[2021-12-02 14:57:06,684] {scheduler_job.py:190} INFO - Processing /home/agalli/sandbox/lib/python3.6/site-packages/airflow/example_dags/example_short_circuit_operator.py took 0.138 seconds
[2021-12-02 14:57:44,509] {scheduler_job.py:182} INFO - Started process (PID=2053) to work on /home/agalli/sandbox/lib/python3.6/site-packages/airflow/example_dags/example_short_circuit_operator.py
[2021-12-02 14:57:44,511] {scheduler_job.py:633} INFO - Processing file /home/agalli/sandbox/lib/python3.6/site-packages/airflow/example_dags/example_short_circuit_operator.py for tasks to queue
[2021-12-02 14:57:44,512] {logging_mixin.py:104} INFO - [2021-12-02 14:57:44,512] {dagbag.py:487} INFO - Filling up the DagBag from /home/agalli/sandbox/lib/python3.6/site-packages/airflow/example_dags/example_short_circuit_operator.py
[2021-12-02 14:57:44,542] {scheduler_job.py:643} INFO - DAG(s) dict_keys(['example_short_circuit_operator']) retrieved from /home/agalli/sandbox/lib/python3.6/site-packages/airflow/example_dags/example_short_circuit_operator.py
[2021-12-02 14:57:44,581] {logging_mixin.py:104} INFO - [2021-12-02 14:57:44,580] {dag.py:1832} INFO - Sync 1 DAGs
[2021-12-02 14:57:44,603] {logging_mixin.py:104} INFO - [2021-12-02 14:57:44,603] {dag.py:2305} INFO - Setting next_dagrun for example_short_circuit_operator to 2021-11-30 00:00:00+00:00
[2021-12-02 14:57:44,659] {scheduler_job.py:190} INFO - Processing /home/agalli/sandbox/lib/python3.6/site-packages/airflow/example_dags/example_short_circuit_operator.py took 0.160 seconds
[2021-12-02 14:58:34,833] {scheduler_job.py:182} INFO - Started process (PID=2087) to work on /home/agalli/sandbox/lib/python3.6/site-packages/airflow/example_dags/example_short_circuit_operator.py
[2021-12-02 14:58:34,836] {scheduler_job.py:633} INFO - Processing file /home/agalli/sandbox/lib/python3.6/site-packages/airflow/example_dags/example_short_circuit_operator.py for tasks to queue
[2021-12-02 14:58:34,837] {logging_mixin.py:104} INFO - [2021-12-02 14:58:34,837] {dagbag.py:487} INFO - Filling up the DagBag from /home/agalli/sandbox/lib/python3.6/site-packages/airflow/example_dags/example_short_circuit_operator.py
[2021-12-02 14:58:34,876] {scheduler_job.py:643} INFO - DAG(s) dict_keys(['example_short_circuit_operator']) retrieved from /home/agalli/sandbox/lib/python3.6/site-packages/airflow/example_dags/example_short_circuit_operator.py
[2021-12-02 14:58:34,921] {logging_mixin.py:104} INFO - [2021-12-02 14:58:34,920] {dag.py:1832} INFO - Sync 1 DAGs
[2021-12-02 14:58:34,954] {logging_mixin.py:104} INFO - [2021-12-02 14:58:34,954] {dag.py:2305} INFO - Setting next_dagrun for example_short_circuit_operator to 2021-11-30 00:00:00+00:00
[2021-12-02 14:58:35,010] {scheduler_job.py:190} INFO - Processing /home/agalli/sandbox/lib/python3.6/site-packages/airflow/example_dags/example_short_circuit_operator.py took 0.183 seconds
[2021-12-02 14:59:29,733] {scheduler_job.py:182} INFO - Started process (PID=2112) to work on /home/agalli/sandbox/lib/python3.6/site-packages/airflow/example_dags/example_short_circuit_operator.py
[2021-12-02 14:59:29,747] {scheduler_job.py:633} INFO - Processing file /home/agalli/sandbox/lib/python3.6/site-packages/airflow/example_dags/example_short_circuit_operator.py for tasks to queue
[2021-12-02 14:59:29,749] {logging_mixin.py:104} INFO - [2021-12-02 14:59:29,749] {dagbag.py:487} INFO - Filling up the DagBag from /home/agalli/sandbox/lib/python3.6/site-packages/airflow/example_dags/example_short_circuit_operator.py
[2021-12-02 14:59:29,803] {scheduler_job.py:643} INFO - DAG(s) dict_keys(['example_short_circuit_operator']) retrieved from /home/agalli/sandbox/lib/python3.6/site-packages/airflow/example_dags/example_short_circuit_operator.py
[2021-12-02 14:59:29,845] {logging_mixin.py:104} INFO - [2021-12-02 14:59:29,845] {dag.py:1832} INFO - Sync 1 DAGs
[2021-12-02 14:59:29,878] {logging_mixin.py:104} INFO - [2021-12-02 14:59:29,877] {dag.py:2305} INFO - Setting next_dagrun for example_short_circuit_operator to 2021-11-30 00:00:00+00:00
[2021-12-02 14:59:29,912] {scheduler_job.py:190} INFO - Processing /home/agalli/sandbox/lib/python3.6/site-packages/airflow/example_dags/example_short_circuit_operator.py took 0.222 seconds
[2021-12-02 15:00:12,561] {scheduler_job.py:182} INFO - Started process (PID=2143) to work on /home/agalli/sandbox/lib/python3.6/site-packages/airflow/example_dags/example_short_circuit_operator.py
[2021-12-02 15:00:12,563] {scheduler_job.py:633} INFO - Processing file /home/agalli/sandbox/lib/python3.6/site-packages/airflow/example_dags/example_short_circuit_operator.py for tasks to queue
[2021-12-02 15:00:12,564] {logging_mixin.py:104} INFO - [2021-12-02 15:00:12,564] {dagbag.py:487} INFO - Filling up the DagBag from /home/agalli/sandbox/lib/python3.6/site-packages/airflow/example_dags/example_short_circuit_operator.py
[2021-12-02 15:00:12,590] {scheduler_job.py:643} INFO - DAG(s) dict_keys(['example_short_circuit_operator']) retrieved from /home/agalli/sandbox/lib/python3.6/site-packages/airflow/example_dags/example_short_circuit_operator.py
[2021-12-02 15:00:12,630] {logging_mixin.py:104} INFO - [2021-12-02 15:00:12,630] {dag.py:1832} INFO - Sync 1 DAGs
[2021-12-02 15:00:12,682] {logging_mixin.py:104} INFO - [2021-12-02 15:00:12,682] {dag.py:2305} INFO - Setting next_dagrun for example_short_circuit_operator to 2021-11-30 00:00:00+00:00
[2021-12-02 15:00:12,745] {scheduler_job.py:190} INFO - Processing /home/agalli/sandbox/lib/python3.6/site-packages/airflow/example_dags/example_short_circuit_operator.py took 0.193 seconds
[2021-12-02 15:00:55,871] {scheduler_job.py:182} INFO - Started process (PID=2176) to work on /home/agalli/sandbox/lib/python3.6/site-packages/airflow/example_dags/example_short_circuit_operator.py
[2021-12-02 15:00:55,872] {scheduler_job.py:633} INFO - Processing file /home/agalli/sandbox/lib/python3.6/site-packages/airflow/example_dags/example_short_circuit_operator.py for tasks to queue
[2021-12-02 15:00:55,873] {logging_mixin.py:104} INFO - [2021-12-02 15:00:55,873] {dagbag.py:487} INFO - Filling up the DagBag from /home/agalli/sandbox/lib/python3.6/site-packages/airflow/example_dags/example_short_circuit_operator.py
[2021-12-02 15:00:55,902] {scheduler_job.py:643} INFO - DAG(s) dict_keys(['example_short_circuit_operator']) retrieved from /home/agalli/sandbox/lib/python3.6/site-packages/airflow/example_dags/example_short_circuit_operator.py
[2021-12-02 15:00:55,942] {logging_mixin.py:104} INFO - [2021-12-02 15:00:55,942] {dag.py:1832} INFO - Sync 1 DAGs
[2021-12-02 15:00:55,973] {logging_mixin.py:104} INFO - [2021-12-02 15:00:55,973] {dag.py:2305} INFO - Setting next_dagrun for example_short_circuit_operator to 2021-11-30 00:00:00+00:00
[2021-12-02 15:00:56,001] {scheduler_job.py:190} INFO - Processing /home/agalli/sandbox/lib/python3.6/site-packages/airflow/example_dags/example_short_circuit_operator.py took 0.135 seconds
[2021-12-02 15:01:34,091] {scheduler_job.py:182} INFO - Started process (PID=2202) to work on /home/agalli/sandbox/lib/python3.6/site-packages/airflow/example_dags/example_short_circuit_operator.py
[2021-12-02 15:01:34,094] {scheduler_job.py:633} INFO - Processing file /home/agalli/sandbox/lib/python3.6/site-packages/airflow/example_dags/example_short_circuit_operator.py for tasks to queue
[2021-12-02 15:01:34,095] {logging_mixin.py:104} INFO - [2021-12-02 15:01:34,095] {dagbag.py:487} INFO - Filling up the DagBag from /home/agalli/sandbox/lib/python3.6/site-packages/airflow/example_dags/example_short_circuit_operator.py
[2021-12-02 15:01:34,124] {scheduler_job.py:643} INFO - DAG(s) dict_keys(['example_short_circuit_operator']) retrieved from /home/agalli/sandbox/lib/python3.6/site-packages/airflow/example_dags/example_short_circuit_operator.py
[2021-12-02 15:01:34,166] {logging_mixin.py:104} INFO - [2021-12-02 15:01:34,165] {dag.py:1832} INFO - Sync 1 DAGs
[2021-12-02 15:01:34,212] {logging_mixin.py:104} INFO - [2021-12-02 15:01:34,212] {dag.py:2305} INFO - Setting next_dagrun for example_short_circuit_operator to 2021-11-30 00:00:00+00:00
[2021-12-02 15:01:34,238] {scheduler_job.py:190} INFO - Processing /home/agalli/sandbox/lib/python3.6/site-packages/airflow/example_dags/example_short_circuit_operator.py took 0.162 seconds
[2021-12-02 15:04:11,953] {scheduler_job.py:182} INFO - Started process (PID=2300) to work on /home/agalli/sandbox/lib/python3.6/site-packages/airflow/example_dags/example_short_circuit_operator.py
[2021-12-02 15:04:11,955] {scheduler_job.py:633} INFO - Processing file /home/agalli/sandbox/lib/python3.6/site-packages/airflow/example_dags/example_short_circuit_operator.py for tasks to queue
[2021-12-02 15:04:11,958] {logging_mixin.py:104} INFO - [2021-12-02 15:04:11,958] {dagbag.py:487} INFO - Filling up the DagBag from /home/agalli/sandbox/lib/python3.6/site-packages/airflow/example_dags/example_short_circuit_operator.py
[2021-12-02 15:04:11,973] {scheduler_job.py:643} INFO - DAG(s) dict_keys(['example_short_circuit_operator']) retrieved from /home/agalli/sandbox/lib/python3.6/site-packages/airflow/example_dags/example_short_circuit_operator.py
[2021-12-02 15:04:12,004] {logging_mixin.py:104} INFO - [2021-12-02 15:04:12,004] {dag.py:1832} INFO - Sync 1 DAGs
[2021-12-02 15:04:12,045] {logging_mixin.py:104} INFO - [2021-12-02 15:04:12,045] {dag.py:2305} INFO - Setting next_dagrun for example_short_circuit_operator to 2021-11-30 00:00:00+00:00
[2021-12-02 15:04:12,471] {scheduler_job.py:190} INFO - Processing /home/agalli/sandbox/lib/python3.6/site-packages/airflow/example_dags/example_short_circuit_operator.py took 0.521 seconds
[2021-12-02 15:05:02,461] {scheduler_job.py:182} INFO - Started process (PID=2331) to work on /home/agalli/sandbox/lib/python3.6/site-packages/airflow/example_dags/example_short_circuit_operator.py
[2021-12-02 15:05:02,462] {scheduler_job.py:633} INFO - Processing file /home/agalli/sandbox/lib/python3.6/site-packages/airflow/example_dags/example_short_circuit_operator.py for tasks to queue
[2021-12-02 15:05:02,463] {logging_mixin.py:104} INFO - [2021-12-02 15:05:02,463] {dagbag.py:487} INFO - Filling up the DagBag from /home/agalli/sandbox/lib/python3.6/site-packages/airflow/example_dags/example_short_circuit_operator.py
[2021-12-02 15:05:02,476] {scheduler_job.py:643} INFO - DAG(s) dict_keys(['example_short_circuit_operator']) retrieved from /home/agalli/sandbox/lib/python3.6/site-packages/airflow/example_dags/example_short_circuit_operator.py
[2021-12-02 15:05:02,509] {logging_mixin.py:104} INFO - [2021-12-02 15:05:02,509] {dag.py:1832} INFO - Sync 1 DAGs
[2021-12-02 15:05:02,532] {logging_mixin.py:104} INFO - [2021-12-02 15:05:02,532] {dag.py:2305} INFO - Setting next_dagrun for example_short_circuit_operator to 2021-11-30 00:00:00+00:00
[2021-12-02 15:05:02,612] {scheduler_job.py:190} INFO - Processing /home/agalli/sandbox/lib/python3.6/site-packages/airflow/example_dags/example_short_circuit_operator.py took 0.155 seconds
[2021-12-02 15:05:50,590] {scheduler_job.py:182} INFO - Started process (PID=2363) to work on /home/agalli/sandbox/lib/python3.6/site-packages/airflow/example_dags/example_short_circuit_operator.py
[2021-12-02 15:05:50,592] {scheduler_job.py:633} INFO - Processing file /home/agalli/sandbox/lib/python3.6/site-packages/airflow/example_dags/example_short_circuit_operator.py for tasks to queue
[2021-12-02 15:05:50,594] {logging_mixin.py:104} INFO - [2021-12-02 15:05:50,593] {dagbag.py:487} INFO - Filling up the DagBag from /home/agalli/sandbox/lib/python3.6/site-packages/airflow/example_dags/example_short_circuit_operator.py
[2021-12-02 15:05:50,612] {scheduler_job.py:643} INFO - DAG(s) dict_keys(['example_short_circuit_operator']) retrieved from /home/agalli/sandbox/lib/python3.6/site-packages/airflow/example_dags/example_short_circuit_operator.py
[2021-12-02 15:05:50,646] {logging_mixin.py:104} INFO - [2021-12-02 15:05:50,646] {dag.py:1832} INFO - Sync 1 DAGs
[2021-12-02 15:05:50,672] {logging_mixin.py:104} INFO - [2021-12-02 15:05:50,671] {dag.py:2305} INFO - Setting next_dagrun for example_short_circuit_operator to 2021-11-30 00:00:00+00:00
[2021-12-02 15:05:50,704] {scheduler_job.py:190} INFO - Processing /home/agalli/sandbox/lib/python3.6/site-packages/airflow/example_dags/example_short_circuit_operator.py took 0.118 seconds
[2021-12-02 15:06:34,274] {scheduler_job.py:182} INFO - Started process (PID=2394) to work on /home/agalli/sandbox/lib/python3.6/site-packages/airflow/example_dags/example_short_circuit_operator.py
[2021-12-02 15:06:34,276] {scheduler_job.py:633} INFO - Processing file /home/agalli/sandbox/lib/python3.6/site-packages/airflow/example_dags/example_short_circuit_operator.py for tasks to queue
[2021-12-02 15:06:34,277] {logging_mixin.py:104} INFO - [2021-12-02 15:06:34,277] {dagbag.py:487} INFO - Filling up the DagBag from /home/agalli/sandbox/lib/python3.6/site-packages/airflow/example_dags/example_short_circuit_operator.py
[2021-12-02 15:06:34,304] {scheduler_job.py:643} INFO - DAG(s) dict_keys(['example_short_circuit_operator']) retrieved from /home/agalli/sandbox/lib/python3.6/site-packages/airflow/example_dags/example_short_circuit_operator.py
[2021-12-02 15:06:34,347] {logging_mixin.py:104} INFO - [2021-12-02 15:06:34,347] {dag.py:1832} INFO - Sync 1 DAGs
[2021-12-02 15:06:34,385] {logging_mixin.py:104} INFO - [2021-12-02 15:06:34,385] {dag.py:2305} INFO - Setting next_dagrun for example_short_circuit_operator to 2021-11-30 00:00:00+00:00
[2021-12-02 15:06:34,422] {scheduler_job.py:190} INFO - Processing /home/agalli/sandbox/lib/python3.6/site-packages/airflow/example_dags/example_short_circuit_operator.py took 0.154 seconds
[2021-12-02 15:07:22,053] {scheduler_job.py:182} INFO - Started process (PID=2426) to work on /home/agalli/sandbox/lib/python3.6/site-packages/airflow/example_dags/example_short_circuit_operator.py
[2021-12-02 15:07:22,054] {scheduler_job.py:633} INFO - Processing file /home/agalli/sandbox/lib/python3.6/site-packages/airflow/example_dags/example_short_circuit_operator.py for tasks to queue
[2021-12-02 15:07:22,055] {logging_mixin.py:104} INFO - [2021-12-02 15:07:22,055] {dagbag.py:487} INFO - Filling up the DagBag from /home/agalli/sandbox/lib/python3.6/site-packages/airflow/example_dags/example_short_circuit_operator.py
[2021-12-02 15:07:22,072] {scheduler_job.py:643} INFO - DAG(s) dict_keys(['example_short_circuit_operator']) retrieved from /home/agalli/sandbox/lib/python3.6/site-packages/airflow/example_dags/example_short_circuit_operator.py
[2021-12-02 15:07:22,096] {logging_mixin.py:104} INFO - [2021-12-02 15:07:22,095] {dag.py:1832} INFO - Sync 1 DAGs
[2021-12-02 15:07:22,118] {logging_mixin.py:104} INFO - [2021-12-02 15:07:22,117] {dag.py:2305} INFO - Setting next_dagrun for example_short_circuit_operator to 2021-11-30 00:00:00+00:00
[2021-12-02 15:07:22,203] {scheduler_job.py:190} INFO - Processing /home/agalli/sandbox/lib/python3.6/site-packages/airflow/example_dags/example_short_circuit_operator.py took 0.154 seconds
[2021-12-02 15:08:11,448] {scheduler_job.py:182} INFO - Started process (PID=2460) to work on /home/agalli/sandbox/lib/python3.6/site-packages/airflow/example_dags/example_short_circuit_operator.py
[2021-12-02 15:08:11,450] {scheduler_job.py:633} INFO - Processing file /home/agalli/sandbox/lib/python3.6/site-packages/airflow/example_dags/example_short_circuit_operator.py for tasks to queue
[2021-12-02 15:08:11,463] {logging_mixin.py:104} INFO - [2021-12-02 15:08:11,453] {dagbag.py:487} INFO - Filling up the DagBag from /home/agalli/sandbox/lib/python3.6/site-packages/airflow/example_dags/example_short_circuit_operator.py
[2021-12-02 15:08:11,490] {scheduler_job.py:643} INFO - DAG(s) dict_keys(['example_short_circuit_operator']) retrieved from /home/agalli/sandbox/lib/python3.6/site-packages/airflow/example_dags/example_short_circuit_operator.py
[2021-12-02 15:08:11,554] {logging_mixin.py:104} INFO - [2021-12-02 15:08:11,553] {dag.py:1832} INFO - Sync 1 DAGs
[2021-12-02 15:08:11,633] {logging_mixin.py:104} INFO - [2021-12-02 15:08:11,633] {dag.py:2305} INFO - Setting next_dagrun for example_short_circuit_operator to 2021-11-30 00:00:00+00:00
[2021-12-02 15:08:11,746] {scheduler_job.py:190} INFO - Processing /home/agalli/sandbox/lib/python3.6/site-packages/airflow/example_dags/example_short_circuit_operator.py took 0.323 seconds
[2021-12-02 15:08:57,350] {scheduler_job.py:182} INFO - Started process (PID=2491) to work on /home/agalli/sandbox/lib/python3.6/site-packages/airflow/example_dags/example_short_circuit_operator.py
[2021-12-02 15:08:57,351] {scheduler_job.py:633} INFO - Processing file /home/agalli/sandbox/lib/python3.6/site-packages/airflow/example_dags/example_short_circuit_operator.py for tasks to queue
[2021-12-02 15:08:57,352] {logging_mixin.py:104} INFO - [2021-12-02 15:08:57,352] {dagbag.py:487} INFO - Filling up the DagBag from /home/agalli/sandbox/lib/python3.6/site-packages/airflow/example_dags/example_short_circuit_operator.py
[2021-12-02 15:08:57,376] {scheduler_job.py:643} INFO - DAG(s) dict_keys(['example_short_circuit_operator']) retrieved from /home/agalli/sandbox/lib/python3.6/site-packages/airflow/example_dags/example_short_circuit_operator.py
[2021-12-02 15:08:57,414] {logging_mixin.py:104} INFO - [2021-12-02 15:08:57,413] {dag.py:1832} INFO - Sync 1 DAGs
[2021-12-02 15:08:57,448] {logging_mixin.py:104} INFO - [2021-12-02 15:08:57,447] {dag.py:2305} INFO - Setting next_dagrun for example_short_circuit_operator to 2021-11-30 00:00:00+00:00
[2021-12-02 15:08:57,484] {scheduler_job.py:190} INFO - Processing /home/agalli/sandbox/lib/python3.6/site-packages/airflow/example_dags/example_short_circuit_operator.py took 0.139 seconds
[2021-12-02 15:09:40,578] {scheduler_job.py:182} INFO - Started process (PID=2522) to work on /home/agalli/sandbox/lib/python3.6/site-packages/airflow/example_dags/example_short_circuit_operator.py
[2021-12-02 15:09:40,581] {scheduler_job.py:633} INFO - Processing file /home/agalli/sandbox/lib/python3.6/site-packages/airflow/example_dags/example_short_circuit_operator.py for tasks to queue
[2021-12-02 15:09:40,584] {logging_mixin.py:104} INFO - [2021-12-02 15:09:40,584] {dagbag.py:487} INFO - Filling up the DagBag from /home/agalli/sandbox/lib/python3.6/site-packages/airflow/example_dags/example_short_circuit_operator.py
[2021-12-02 15:09:40,612] {scheduler_job.py:643} INFO - DAG(s) dict_keys(['example_short_circuit_operator']) retrieved from /home/agalli/sandbox/lib/python3.6/site-packages/airflow/example_dags/example_short_circuit_operator.py
[2021-12-02 15:09:40,683] {logging_mixin.py:104} INFO - [2021-12-02 15:09:40,682] {dag.py:1832} INFO - Sync 1 DAGs
[2021-12-02 15:09:40,709] {logging_mixin.py:104} INFO - [2021-12-02 15:09:40,709] {dag.py:2305} INFO - Setting next_dagrun for example_short_circuit_operator to 2021-11-30 00:00:00+00:00
[2021-12-02 15:09:40,766] {scheduler_job.py:190} INFO - Processing /home/agalli/sandbox/lib/python3.6/site-packages/airflow/example_dags/example_short_circuit_operator.py took 0.195 seconds
[2021-12-02 15:10:18,725] {scheduler_job.py:182} INFO - Started process (PID=2553) to work on /home/agalli/sandbox/lib/python3.6/site-packages/airflow/example_dags/example_short_circuit_operator.py
[2021-12-02 15:10:18,730] {scheduler_job.py:633} INFO - Processing file /home/agalli/sandbox/lib/python3.6/site-packages/airflow/example_dags/example_short_circuit_operator.py for tasks to queue
[2021-12-02 15:10:18,732] {logging_mixin.py:104} INFO - [2021-12-02 15:10:18,732] {dagbag.py:487} INFO - Filling up the DagBag from /home/agalli/sandbox/lib/python3.6/site-packages/airflow/example_dags/example_short_circuit_operator.py
[2021-12-02 15:10:18,750] {scheduler_job.py:643} INFO - DAG(s) dict_keys(['example_short_circuit_operator']) retrieved from /home/agalli/sandbox/lib/python3.6/site-packages/airflow/example_dags/example_short_circuit_operator.py
[2021-12-02 15:10:18,781] {logging_mixin.py:104} INFO - [2021-12-02 15:10:18,781] {dag.py:1832} INFO - Sync 1 DAGs
[2021-12-02 15:10:18,795] {logging_mixin.py:104} INFO - [2021-12-02 15:10:18,795] {dag.py:2305} INFO - Setting next_dagrun for example_short_circuit_operator to 2021-11-30 00:00:00+00:00
[2021-12-02 15:10:18,817] {scheduler_job.py:190} INFO - Processing /home/agalli/sandbox/lib/python3.6/site-packages/airflow/example_dags/example_short_circuit_operator.py took 0.099 seconds
[2021-12-02 15:10:56,996] {scheduler_job.py:182} INFO - Started process (PID=2585) to work on /home/agalli/sandbox/lib/python3.6/site-packages/airflow/example_dags/example_short_circuit_operator.py
[2021-12-02 15:10:56,998] {scheduler_job.py:633} INFO - Processing file /home/agalli/sandbox/lib/python3.6/site-packages/airflow/example_dags/example_short_circuit_operator.py for tasks to queue
[2021-12-02 15:10:57,000] {logging_mixin.py:104} INFO - [2021-12-02 15:10:57,000] {dagbag.py:487} INFO - Filling up the DagBag from /home/agalli/sandbox/lib/python3.6/site-packages/airflow/example_dags/example_short_circuit_operator.py
[2021-12-02 15:10:57,016] {scheduler_job.py:643} INFO - DAG(s) dict_keys(['example_short_circuit_operator']) retrieved from /home/agalli/sandbox/lib/python3.6/site-packages/airflow/example_dags/example_short_circuit_operator.py
[2021-12-02 15:10:57,049] {logging_mixin.py:104} INFO - [2021-12-02 15:10:57,049] {dag.py:1832} INFO - Sync 1 DAGs
[2021-12-02 15:10:57,073] {logging_mixin.py:104} INFO - [2021-12-02 15:10:57,073] {dag.py:2305} INFO - Setting next_dagrun for example_short_circuit_operator to 2021-11-30 00:00:00+00:00
[2021-12-02 15:10:57,098] {scheduler_job.py:190} INFO - Processing /home/agalli/sandbox/lib/python3.6/site-packages/airflow/example_dags/example_short_circuit_operator.py took 0.105 seconds
[2021-12-02 15:11:30,608] {scheduler_job.py:182} INFO - Started process (PID=2616) to work on /home/agalli/sandbox/lib/python3.6/site-packages/airflow/example_dags/example_short_circuit_operator.py
[2021-12-02 15:11:30,610] {scheduler_job.py:633} INFO - Processing file /home/agalli/sandbox/lib/python3.6/site-packages/airflow/example_dags/example_short_circuit_operator.py for tasks to queue
[2021-12-02 15:11:30,610] {logging_mixin.py:104} INFO - [2021-12-02 15:11:30,610] {dagbag.py:487} INFO - Filling up the DagBag from /home/agalli/sandbox/lib/python3.6/site-packages/airflow/example_dags/example_short_circuit_operator.py
[2021-12-02 15:11:30,623] {scheduler_job.py:643} INFO - DAG(s) dict_keys(['example_short_circuit_operator']) retrieved from /home/agalli/sandbox/lib/python3.6/site-packages/airflow/example_dags/example_short_circuit_operator.py
[2021-12-02 15:11:30,644] {logging_mixin.py:104} INFO - [2021-12-02 15:11:30,644] {dag.py:1832} INFO - Sync 1 DAGs
[2021-12-02 15:11:30,658] {logging_mixin.py:104} INFO - [2021-12-02 15:11:30,658] {dag.py:2305} INFO - Setting next_dagrun for example_short_circuit_operator to 2021-11-30 00:00:00+00:00
[2021-12-02 15:11:30,677] {scheduler_job.py:190} INFO - Processing /home/agalli/sandbox/lib/python3.6/site-packages/airflow/example_dags/example_short_circuit_operator.py took 0.073 seconds
[2021-12-02 15:12:04,204] {scheduler_job.py:182} INFO - Started process (PID=2646) to work on /home/agalli/sandbox/lib/python3.6/site-packages/airflow/example_dags/example_short_circuit_operator.py
[2021-12-02 15:12:04,205] {scheduler_job.py:633} INFO - Processing file /home/agalli/sandbox/lib/python3.6/site-packages/airflow/example_dags/example_short_circuit_operator.py for tasks to queue
[2021-12-02 15:12:04,206] {logging_mixin.py:104} INFO - [2021-12-02 15:12:04,206] {dagbag.py:487} INFO - Filling up the DagBag from /home/agalli/sandbox/lib/python3.6/site-packages/airflow/example_dags/example_short_circuit_operator.py
[2021-12-02 15:12:04,217] {scheduler_job.py:643} INFO - DAG(s) dict_keys(['example_short_circuit_operator']) retrieved from /home/agalli/sandbox/lib/python3.6/site-packages/airflow/example_dags/example_short_circuit_operator.py
[2021-12-02 15:12:04,232] {logging_mixin.py:104} INFO - [2021-12-02 15:12:04,232] {dag.py:1832} INFO - Sync 1 DAGs
[2021-12-02 15:12:04,242] {logging_mixin.py:104} INFO - [2021-12-02 15:12:04,242] {dag.py:2305} INFO - Setting next_dagrun for example_short_circuit_operator to 2021-11-30 00:00:00+00:00
[2021-12-02 15:12:04,257] {scheduler_job.py:190} INFO - Processing /home/agalli/sandbox/lib/python3.6/site-packages/airflow/example_dags/example_short_circuit_operator.py took 0.057 seconds
[2021-12-02 15:12:37,996] {scheduler_job.py:182} INFO - Started process (PID=2675) to work on /home/agalli/sandbox/lib/python3.6/site-packages/airflow/example_dags/example_short_circuit_operator.py
[2021-12-02 15:12:37,997] {scheduler_job.py:633} INFO - Processing file /home/agalli/sandbox/lib/python3.6/site-packages/airflow/example_dags/example_short_circuit_operator.py for tasks to queue
[2021-12-02 15:12:37,998] {logging_mixin.py:104} INFO - [2021-12-02 15:12:37,998] {dagbag.py:487} INFO - Filling up the DagBag from /home/agalli/sandbox/lib/python3.6/site-packages/airflow/example_dags/example_short_circuit_operator.py
[2021-12-02 15:12:38,009] {scheduler_job.py:643} INFO - DAG(s) dict_keys(['example_short_circuit_operator']) retrieved from /home/agalli/sandbox/lib/python3.6/site-packages/airflow/example_dags/example_short_circuit_operator.py
[2021-12-02 15:12:38,025] {logging_mixin.py:104} INFO - [2021-12-02 15:12:38,025] {dag.py:1832} INFO - Sync 1 DAGs
[2021-12-02 15:12:38,037] {logging_mixin.py:104} INFO - [2021-12-02 15:12:38,037] {dag.py:2305} INFO - Setting next_dagrun for example_short_circuit_operator to 2021-11-30 00:00:00+00:00
[2021-12-02 15:12:38,057] {scheduler_job.py:190} INFO - Processing /home/agalli/sandbox/lib/python3.6/site-packages/airflow/example_dags/example_short_circuit_operator.py took 0.064 seconds
[2021-12-02 15:13:12,777] {scheduler_job.py:182} INFO - Started process (PID=2706) to work on /home/agalli/sandbox/lib/python3.6/site-packages/airflow/example_dags/example_short_circuit_operator.py
[2021-12-02 15:13:12,779] {scheduler_job.py:633} INFO - Processing file /home/agalli/sandbox/lib/python3.6/site-packages/airflow/example_dags/example_short_circuit_operator.py for tasks to queue
[2021-12-02 15:13:12,780] {logging_mixin.py:104} INFO - [2021-12-02 15:13:12,780] {dagbag.py:487} INFO - Filling up the DagBag from /home/agalli/sandbox/lib/python3.6/site-packages/airflow/example_dags/example_short_circuit_operator.py
[2021-12-02 15:13:12,792] {scheduler_job.py:643} INFO - DAG(s) dict_keys(['example_short_circuit_operator']) retrieved from /home/agalli/sandbox/lib/python3.6/site-packages/airflow/example_dags/example_short_circuit_operator.py
[2021-12-02 15:13:12,816] {logging_mixin.py:104} INFO - [2021-12-02 15:13:12,816] {dag.py:1832} INFO - Sync 1 DAGs
[2021-12-02 15:13:12,833] {logging_mixin.py:104} INFO - [2021-12-02 15:13:12,833] {dag.py:2305} INFO - Setting next_dagrun for example_short_circuit_operator to 2021-11-30 00:00:00+00:00
[2021-12-02 15:13:12,860] {scheduler_job.py:190} INFO - Processing /home/agalli/sandbox/lib/python3.6/site-packages/airflow/example_dags/example_short_circuit_operator.py took 0.087 seconds
[2021-12-02 15:13:47,278] {scheduler_job.py:182} INFO - Started process (PID=2738) to work on /home/agalli/sandbox/lib/python3.6/site-packages/airflow/example_dags/example_short_circuit_operator.py
[2021-12-02 15:13:47,279] {scheduler_job.py:633} INFO - Processing file /home/agalli/sandbox/lib/python3.6/site-packages/airflow/example_dags/example_short_circuit_operator.py for tasks to queue
[2021-12-02 15:13:47,280] {logging_mixin.py:104} INFO - [2021-12-02 15:13:47,280] {dagbag.py:487} INFO - Filling up the DagBag from /home/agalli/sandbox/lib/python3.6/site-packages/airflow/example_dags/example_short_circuit_operator.py
[2021-12-02 15:13:47,291] {scheduler_job.py:643} INFO - DAG(s) dict_keys(['example_short_circuit_operator']) retrieved from /home/agalli/sandbox/lib/python3.6/site-packages/airflow/example_dags/example_short_circuit_operator.py
[2021-12-02 15:13:47,315] {logging_mixin.py:104} INFO - [2021-12-02 15:13:47,315] {dag.py:1832} INFO - Sync 1 DAGs
[2021-12-02 15:13:47,331] {logging_mixin.py:104} INFO - [2021-12-02 15:13:47,331] {dag.py:2305} INFO - Setting next_dagrun for example_short_circuit_operator to 2021-11-30 00:00:00+00:00
[2021-12-02 15:13:47,353] {scheduler_job.py:190} INFO - Processing /home/agalli/sandbox/lib/python3.6/site-packages/airflow/example_dags/example_short_circuit_operator.py took 0.080 seconds
[2021-12-02 15:14:20,338] {scheduler_job.py:182} INFO - Started process (PID=2768) to work on /home/agalli/sandbox/lib/python3.6/site-packages/airflow/example_dags/example_short_circuit_operator.py
[2021-12-02 15:14:20,340] {scheduler_job.py:633} INFO - Processing file /home/agalli/sandbox/lib/python3.6/site-packages/airflow/example_dags/example_short_circuit_operator.py for tasks to queue
[2021-12-02 15:14:20,341] {logging_mixin.py:104} INFO - [2021-12-02 15:14:20,341] {dagbag.py:487} INFO - Filling up the DagBag from /home/agalli/sandbox/lib/python3.6/site-packages/airflow/example_dags/example_short_circuit_operator.py
[2021-12-02 15:14:20,357] {scheduler_job.py:643} INFO - DAG(s) dict_keys(['example_short_circuit_operator']) retrieved from /home/agalli/sandbox/lib/python3.6/site-packages/airflow/example_dags/example_short_circuit_operator.py
[2021-12-02 15:14:20,386] {logging_mixin.py:104} INFO - [2021-12-02 15:14:20,386] {dag.py:1832} INFO - Sync 1 DAGs
[2021-12-02 15:14:20,403] {logging_mixin.py:104} INFO - [2021-12-02 15:14:20,402] {dag.py:2305} INFO - Setting next_dagrun for example_short_circuit_operator to 2021-11-30 00:00:00+00:00
[2021-12-02 15:14:20,424] {scheduler_job.py:190} INFO - Processing /home/agalli/sandbox/lib/python3.6/site-packages/airflow/example_dags/example_short_circuit_operator.py took 0.091 seconds
[2021-12-02 15:14:57,530] {scheduler_job.py:182} INFO - Started process (PID=2799) to work on /home/agalli/sandbox/lib/python3.6/site-packages/airflow/example_dags/example_short_circuit_operator.py
[2021-12-02 15:14:57,532] {scheduler_job.py:633} INFO - Processing file /home/agalli/sandbox/lib/python3.6/site-packages/airflow/example_dags/example_short_circuit_operator.py for tasks to queue
[2021-12-02 15:14:57,533] {logging_mixin.py:104} INFO - [2021-12-02 15:14:57,533] {dagbag.py:487} INFO - Filling up the DagBag from /home/agalli/sandbox/lib/python3.6/site-packages/airflow/example_dags/example_short_circuit_operator.py
[2021-12-02 15:14:57,548] {scheduler_job.py:643} INFO - DAG(s) dict_keys(['example_short_circuit_operator']) retrieved from /home/agalli/sandbox/lib/python3.6/site-packages/airflow/example_dags/example_short_circuit_operator.py
[2021-12-02 15:14:57,572] {logging_mixin.py:104} INFO - [2021-12-02 15:14:57,572] {dag.py:1832} INFO - Sync 1 DAGs
[2021-12-02 15:14:57,585] {logging_mixin.py:104} INFO - [2021-12-02 15:14:57,585] {dag.py:2305} INFO - Setting next_dagrun for example_short_circuit_operator to 2021-11-30 00:00:00+00:00
[2021-12-02 15:14:57,602] {scheduler_job.py:190} INFO - Processing /home/agalli/sandbox/lib/python3.6/site-packages/airflow/example_dags/example_short_circuit_operator.py took 0.078 seconds
[2021-12-02 15:15:40,637] {scheduler_job.py:182} INFO - Started process (PID=2833) to work on /home/agalli/sandbox/lib/python3.6/site-packages/airflow/example_dags/example_short_circuit_operator.py
[2021-12-02 15:15:40,641] {scheduler_job.py:633} INFO - Processing file /home/agalli/sandbox/lib/python3.6/site-packages/airflow/example_dags/example_short_circuit_operator.py for tasks to queue
[2021-12-02 15:15:40,643] {logging_mixin.py:104} INFO - [2021-12-02 15:15:40,643] {dagbag.py:487} INFO - Filling up the DagBag from /home/agalli/sandbox/lib/python3.6/site-packages/airflow/example_dags/example_short_circuit_operator.py
[2021-12-02 15:15:40,669] {scheduler_job.py:643} INFO - DAG(s) dict_keys(['example_short_circuit_operator']) retrieved from /home/agalli/sandbox/lib/python3.6/site-packages/airflow/example_dags/example_short_circuit_operator.py
[2021-12-02 15:15:40,700] {logging_mixin.py:104} INFO - [2021-12-02 15:15:40,700] {dag.py:1832} INFO - Sync 1 DAGs
[2021-12-02 15:15:40,719] {logging_mixin.py:104} INFO - [2021-12-02 15:15:40,718] {dag.py:2305} INFO - Setting next_dagrun for example_short_circuit_operator to 2021-11-30 00:00:00+00:00
[2021-12-02 15:15:40,739] {scheduler_job.py:190} INFO - Processing /home/agalli/sandbox/lib/python3.6/site-packages/airflow/example_dags/example_short_circuit_operator.py took 0.109 seconds
[2021-12-02 15:16:15,814] {scheduler_job.py:182} INFO - Started process (PID=2864) to work on /home/agalli/sandbox/lib/python3.6/site-packages/airflow/example_dags/example_short_circuit_operator.py
[2021-12-02 15:16:15,816] {scheduler_job.py:633} INFO - Processing file /home/agalli/sandbox/lib/python3.6/site-packages/airflow/example_dags/example_short_circuit_operator.py for tasks to queue
[2021-12-02 15:16:15,817] {logging_mixin.py:104} INFO - [2021-12-02 15:16:15,816] {dagbag.py:487} INFO - Filling up the DagBag from /home/agalli/sandbox/lib/python3.6/site-packages/airflow/example_dags/example_short_circuit_operator.py
[2021-12-02 15:16:15,828] {scheduler_job.py:643} INFO - DAG(s) dict_keys(['example_short_circuit_operator']) retrieved from /home/agalli/sandbox/lib/python3.6/site-packages/airflow/example_dags/example_short_circuit_operator.py
[2021-12-02 15:16:15,847] {logging_mixin.py:104} INFO - [2021-12-02 15:16:15,847] {dag.py:1832} INFO - Sync 1 DAGs
[2021-12-02 15:16:15,858] {logging_mixin.py:104} INFO - [2021-12-02 15:16:15,858] {dag.py:2305} INFO - Setting next_dagrun for example_short_circuit_operator to 2021-11-30 00:00:00+00:00
[2021-12-02 15:16:15,887] {scheduler_job.py:190} INFO - Processing /home/agalli/sandbox/lib/python3.6/site-packages/airflow/example_dags/example_short_circuit_operator.py took 0.077 seconds
[2021-12-02 15:16:50,100] {scheduler_job.py:182} INFO - Started process (PID=2895) to work on /home/agalli/sandbox/lib/python3.6/site-packages/airflow/example_dags/example_short_circuit_operator.py
[2021-12-02 15:16:50,102] {scheduler_job.py:633} INFO - Processing file /home/agalli/sandbox/lib/python3.6/site-packages/airflow/example_dags/example_short_circuit_operator.py for tasks to queue
[2021-12-02 15:16:50,102] {logging_mixin.py:104} INFO - [2021-12-02 15:16:50,102] {dagbag.py:487} INFO - Filling up the DagBag from /home/agalli/sandbox/lib/python3.6/site-packages/airflow/example_dags/example_short_circuit_operator.py
[2021-12-02 15:16:50,118] {scheduler_job.py:643} INFO - DAG(s) dict_keys(['example_short_circuit_operator']) retrieved from /home/agalli/sandbox/lib/python3.6/site-packages/airflow/example_dags/example_short_circuit_operator.py
[2021-12-02 15:16:50,146] {logging_mixin.py:104} INFO - [2021-12-02 15:16:50,145] {dag.py:1832} INFO - Sync 1 DAGs
[2021-12-02 15:16:50,161] {logging_mixin.py:104} INFO - [2021-12-02 15:16:50,160] {dag.py:2305} INFO - Setting next_dagrun for example_short_circuit_operator to 2021-11-30 00:00:00+00:00
[2021-12-02 15:16:50,182] {scheduler_job.py:190} INFO - Processing /home/agalli/sandbox/lib/python3.6/site-packages/airflow/example_dags/example_short_circuit_operator.py took 0.086 seconds
[2021-12-02 15:17:22,706] {scheduler_job.py:182} INFO - Started process (PID=2925) to work on /home/agalli/sandbox/lib/python3.6/site-packages/airflow/example_dags/example_short_circuit_operator.py
[2021-12-02 15:17:22,708] {scheduler_job.py:633} INFO - Processing file /home/agalli/sandbox/lib/python3.6/site-packages/airflow/example_dags/example_short_circuit_operator.py for tasks to queue
[2021-12-02 15:17:22,709] {logging_mixin.py:104} INFO - [2021-12-02 15:17:22,708] {dagbag.py:487} INFO - Filling up the DagBag from /home/agalli/sandbox/lib/python3.6/site-packages/airflow/example_dags/example_short_circuit_operator.py
[2021-12-02 15:17:22,718] {scheduler_job.py:643} INFO - DAG(s) dict_keys(['example_short_circuit_operator']) retrieved from /home/agalli/sandbox/lib/python3.6/site-packages/airflow/example_dags/example_short_circuit_operator.py
[2021-12-02 15:17:22,736] {logging_mixin.py:104} INFO - [2021-12-02 15:17:22,736] {dag.py:1832} INFO - Sync 1 DAGs
[2021-12-02 15:17:22,752] {logging_mixin.py:104} INFO - [2021-12-02 15:17:22,752] {dag.py:2305} INFO - Setting next_dagrun for example_short_circuit_operator to 2021-11-30 00:00:00+00:00
[2021-12-02 15:17:22,777] {scheduler_job.py:190} INFO - Processing /home/agalli/sandbox/lib/python3.6/site-packages/airflow/example_dags/example_short_circuit_operator.py took 0.074 seconds
[2021-12-02 15:17:55,344] {scheduler_job.py:182} INFO - Started process (PID=2956) to work on /home/agalli/sandbox/lib/python3.6/site-packages/airflow/example_dags/example_short_circuit_operator.py
[2021-12-02 15:17:55,345] {scheduler_job.py:633} INFO - Processing file /home/agalli/sandbox/lib/python3.6/site-packages/airflow/example_dags/example_short_circuit_operator.py for tasks to queue
[2021-12-02 15:17:55,346] {logging_mixin.py:104} INFO - [2021-12-02 15:17:55,346] {dagbag.py:487} INFO - Filling up the DagBag from /home/agalli/sandbox/lib/python3.6/site-packages/airflow/example_dags/example_short_circuit_operator.py
[2021-12-02 15:17:55,356] {scheduler_job.py:643} INFO - DAG(s) dict_keys(['example_short_circuit_operator']) retrieved from /home/agalli/sandbox/lib/python3.6/site-packages/airflow/example_dags/example_short_circuit_operator.py
[2021-12-02 15:17:55,371] {logging_mixin.py:104} INFO - [2021-12-02 15:17:55,371] {dag.py:1832} INFO - Sync 1 DAGs
[2021-12-02 15:17:55,386] {logging_mixin.py:104} INFO - [2021-12-02 15:17:55,386] {dag.py:2305} INFO - Setting next_dagrun for example_short_circuit_operator to 2021-11-30 00:00:00+00:00
[2021-12-02 15:17:55,406] {scheduler_job.py:190} INFO - Processing /home/agalli/sandbox/lib/python3.6/site-packages/airflow/example_dags/example_short_circuit_operator.py took 0.065 seconds
[2021-12-02 15:18:34,054] {scheduler_job.py:182} INFO - Started process (PID=2990) to work on /home/agalli/sandbox/lib/python3.6/site-packages/airflow/example_dags/example_short_circuit_operator.py
[2021-12-02 15:18:34,055] {scheduler_job.py:633} INFO - Processing file /home/agalli/sandbox/lib/python3.6/site-packages/airflow/example_dags/example_short_circuit_operator.py for tasks to queue
[2021-12-02 15:18:34,056] {logging_mixin.py:104} INFO - [2021-12-02 15:18:34,056] {dagbag.py:487} INFO - Filling up the DagBag from /home/agalli/sandbox/lib/python3.6/site-packages/airflow/example_dags/example_short_circuit_operator.py
[2021-12-02 15:18:34,067] {scheduler_job.py:643} INFO - DAG(s) dict_keys(['example_short_circuit_operator']) retrieved from /home/agalli/sandbox/lib/python3.6/site-packages/airflow/example_dags/example_short_circuit_operator.py
[2021-12-02 15:18:34,084] {logging_mixin.py:104} INFO - [2021-12-02 15:18:34,084] {dag.py:1832} INFO - Sync 1 DAGs
[2021-12-02 15:18:34,097] {logging_mixin.py:104} INFO - [2021-12-02 15:18:34,097] {dag.py:2305} INFO - Setting next_dagrun for example_short_circuit_operator to 2021-11-30 00:00:00+00:00
[2021-12-02 15:18:34,122] {scheduler_job.py:190} INFO - Processing /home/agalli/sandbox/lib/python3.6/site-packages/airflow/example_dags/example_short_circuit_operator.py took 0.072 seconds
[2021-12-02 15:19:07,636] {scheduler_job.py:182} INFO - Started process (PID=3021) to work on /home/agalli/sandbox/lib/python3.6/site-packages/airflow/example_dags/example_short_circuit_operator.py
[2021-12-02 15:19:07,637] {scheduler_job.py:633} INFO - Processing file /home/agalli/sandbox/lib/python3.6/site-packages/airflow/example_dags/example_short_circuit_operator.py for tasks to queue
[2021-12-02 15:19:07,638] {logging_mixin.py:104} INFO - [2021-12-02 15:19:07,638] {dagbag.py:487} INFO - Filling up the DagBag from /home/agalli/sandbox/lib/python3.6/site-packages/airflow/example_dags/example_short_circuit_operator.py
[2021-12-02 15:19:07,651] {scheduler_job.py:643} INFO - DAG(s) dict_keys(['example_short_circuit_operator']) retrieved from /home/agalli/sandbox/lib/python3.6/site-packages/airflow/example_dags/example_short_circuit_operator.py
[2021-12-02 15:19:07,675] {logging_mixin.py:104} INFO - [2021-12-02 15:19:07,675] {dag.py:1832} INFO - Sync 1 DAGs
[2021-12-02 15:19:07,688] {logging_mixin.py:104} INFO - [2021-12-02 15:19:07,688] {dag.py:2305} INFO - Setting next_dagrun for example_short_circuit_operator to 2021-11-30 00:00:00+00:00
[2021-12-02 15:19:07,711] {scheduler_job.py:190} INFO - Processing /home/agalli/sandbox/lib/python3.6/site-packages/airflow/example_dags/example_short_circuit_operator.py took 0.080 seconds
[2021-12-02 15:19:44,631] {scheduler_job.py:182} INFO - Started process (PID=3052) to work on /home/agalli/sandbox/lib/python3.6/site-packages/airflow/example_dags/example_short_circuit_operator.py
[2021-12-02 15:19:44,633] {scheduler_job.py:633} INFO - Processing file /home/agalli/sandbox/lib/python3.6/site-packages/airflow/example_dags/example_short_circuit_operator.py for tasks to queue
[2021-12-02 15:19:44,634] {logging_mixin.py:104} INFO - [2021-12-02 15:19:44,634] {dagbag.py:487} INFO - Filling up the DagBag from /home/agalli/sandbox/lib/python3.6/site-packages/airflow/example_dags/example_short_circuit_operator.py
[2021-12-02 15:19:44,655] {scheduler_job.py:643} INFO - DAG(s) dict_keys(['example_short_circuit_operator']) retrieved from /home/agalli/sandbox/lib/python3.6/site-packages/airflow/example_dags/example_short_circuit_operator.py
[2021-12-02 15:19:44,692] {logging_mixin.py:104} INFO - [2021-12-02 15:19:44,691] {dag.py:1832} INFO - Sync 1 DAGs
[2021-12-02 15:19:44,719] {logging_mixin.py:104} INFO - [2021-12-02 15:19:44,719] {dag.py:2305} INFO - Setting next_dagrun for example_short_circuit_operator to 2021-11-30 00:00:00+00:00
[2021-12-02 15:19:44,764] {scheduler_job.py:190} INFO - Processing /home/agalli/sandbox/lib/python3.6/site-packages/airflow/example_dags/example_short_circuit_operator.py took 0.142 seconds
[2021-12-02 15:20:20,893] {scheduler_job.py:182} INFO - Started process (PID=3080) to work on /home/agalli/sandbox/lib/python3.6/site-packages/airflow/example_dags/example_short_circuit_operator.py
[2021-12-02 15:20:20,896] {scheduler_job.py:633} INFO - Processing file /home/agalli/sandbox/lib/python3.6/site-packages/airflow/example_dags/example_short_circuit_operator.py for tasks to queue
[2021-12-02 15:20:20,897] {logging_mixin.py:104} INFO - [2021-12-02 15:20:20,897] {dagbag.py:487} INFO - Filling up the DagBag from /home/agalli/sandbox/lib/python3.6/site-packages/airflow/example_dags/example_short_circuit_operator.py
[2021-12-02 15:20:20,908] {scheduler_job.py:643} INFO - DAG(s) dict_keys(['example_short_circuit_operator']) retrieved from /home/agalli/sandbox/lib/python3.6/site-packages/airflow/example_dags/example_short_circuit_operator.py
[2021-12-02 15:20:20,931] {logging_mixin.py:104} INFO - [2021-12-02 15:20:20,931] {dag.py:1832} INFO - Sync 1 DAGs
[2021-12-02 15:20:20,944] {logging_mixin.py:104} INFO - [2021-12-02 15:20:20,944] {dag.py:2305} INFO - Setting next_dagrun for example_short_circuit_operator to 2021-11-30 00:00:00+00:00
[2021-12-02 15:20:20,964] {scheduler_job.py:190} INFO - Processing /home/agalli/sandbox/lib/python3.6/site-packages/airflow/example_dags/example_short_circuit_operator.py took 0.075 seconds
