[2021-12-02 14:51:04,809] {scheduler_job.py:182} INFO - Started process (PID=1569) to work on /home/agalli/sandbox/lib/python3.6/site-packages/airflow/example_dags/tutorial_etl_dag.py
[2021-12-02 14:51:04,813] {scheduler_job.py:633} INFO - Processing file /home/agalli/sandbox/lib/python3.6/site-packages/airflow/example_dags/tutorial_etl_dag.py for tasks to queue
[2021-12-02 14:51:04,814] {logging_mixin.py:104} INFO - [2021-12-02 14:51:04,814] {dagbag.py:487} INFO - Filling up the DagBag from /home/agalli/sandbox/lib/python3.6/site-packages/airflow/example_dags/tutorial_etl_dag.py
[2021-12-02 14:51:04,827] {scheduler_job.py:643} INFO - DAG(s) dict_keys(['tutorial_etl_dag']) retrieved from /home/agalli/sandbox/lib/python3.6/site-packages/airflow/example_dags/tutorial_etl_dag.py
[2021-12-02 14:51:04,845] {logging_mixin.py:104} INFO - [2021-12-02 14:51:04,845] {dag.py:1832} INFO - Sync 1 DAGs
[2021-12-02 14:51:04,867] {logging_mixin.py:104} INFO - [2021-12-02 14:51:04,866] {dag.py:2305} INFO - Setting next_dagrun for tutorial_etl_dag to None
[2021-12-02 14:51:04,888] {scheduler_job.py:190} INFO - Processing /home/agalli/sandbox/lib/python3.6/site-packages/airflow/example_dags/tutorial_etl_dag.py took 0.082 seconds
[2021-12-02 14:51:53,282] {scheduler_job.py:182} INFO - Started process (PID=1650) to work on /home/agalli/sandbox/lib/python3.6/site-packages/airflow/example_dags/tutorial_etl_dag.py
[2021-12-02 14:51:53,285] {scheduler_job.py:633} INFO - Processing file /home/agalli/sandbox/lib/python3.6/site-packages/airflow/example_dags/tutorial_etl_dag.py for tasks to queue
[2021-12-02 14:51:53,285] {logging_mixin.py:104} INFO - [2021-12-02 14:51:53,285] {dagbag.py:487} INFO - Filling up the DagBag from /home/agalli/sandbox/lib/python3.6/site-packages/airflow/example_dags/tutorial_etl_dag.py
[2021-12-02 14:51:53,315] {scheduler_job.py:643} INFO - DAG(s) dict_keys(['tutorial_etl_dag']) retrieved from /home/agalli/sandbox/lib/python3.6/site-packages/airflow/example_dags/tutorial_etl_dag.py
[2021-12-02 14:51:53,366] {logging_mixin.py:104} INFO - [2021-12-02 14:51:53,366] {dag.py:1832} INFO - Sync 1 DAGs
[2021-12-02 14:51:53,395] {logging_mixin.py:104} INFO - [2021-12-02 14:51:53,395] {dag.py:2305} INFO - Setting next_dagrun for tutorial_etl_dag to None
[2021-12-02 14:51:53,424] {scheduler_job.py:190} INFO - Processing /home/agalli/sandbox/lib/python3.6/site-packages/airflow/example_dags/tutorial_etl_dag.py took 0.147 seconds
[2021-12-02 14:52:26,701] {scheduler_job.py:182} INFO - Started process (PID=1705) to work on /home/agalli/sandbox/lib/python3.6/site-packages/airflow/example_dags/tutorial_etl_dag.py
[2021-12-02 14:52:26,703] {scheduler_job.py:633} INFO - Processing file /home/agalli/sandbox/lib/python3.6/site-packages/airflow/example_dags/tutorial_etl_dag.py for tasks to queue
[2021-12-02 14:52:26,703] {logging_mixin.py:104} INFO - [2021-12-02 14:52:26,703] {dagbag.py:487} INFO - Filling up the DagBag from /home/agalli/sandbox/lib/python3.6/site-packages/airflow/example_dags/tutorial_etl_dag.py
[2021-12-02 14:52:26,719] {scheduler_job.py:643} INFO - DAG(s) dict_keys(['tutorial_etl_dag']) retrieved from /home/agalli/sandbox/lib/python3.6/site-packages/airflow/example_dags/tutorial_etl_dag.py
[2021-12-02 14:52:26,736] {logging_mixin.py:104} INFO - [2021-12-02 14:52:26,736] {dag.py:1832} INFO - Sync 1 DAGs
[2021-12-02 14:52:26,756] {logging_mixin.py:104} INFO - [2021-12-02 14:52:26,756] {dag.py:2305} INFO - Setting next_dagrun for tutorial_etl_dag to None
[2021-12-02 14:52:26,777] {scheduler_job.py:190} INFO - Processing /home/agalli/sandbox/lib/python3.6/site-packages/airflow/example_dags/tutorial_etl_dag.py took 0.079 seconds
[2021-12-02 14:53:01,633] {scheduler_job.py:182} INFO - Started process (PID=1735) to work on /home/agalli/sandbox/lib/python3.6/site-packages/airflow/example_dags/tutorial_etl_dag.py
[2021-12-02 14:53:01,635] {scheduler_job.py:633} INFO - Processing file /home/agalli/sandbox/lib/python3.6/site-packages/airflow/example_dags/tutorial_etl_dag.py for tasks to queue
[2021-12-02 14:53:01,636] {logging_mixin.py:104} INFO - [2021-12-02 14:53:01,636] {dagbag.py:487} INFO - Filling up the DagBag from /home/agalli/sandbox/lib/python3.6/site-packages/airflow/example_dags/tutorial_etl_dag.py
[2021-12-02 14:53:01,660] {scheduler_job.py:643} INFO - DAG(s) dict_keys(['tutorial_etl_dag']) retrieved from /home/agalli/sandbox/lib/python3.6/site-packages/airflow/example_dags/tutorial_etl_dag.py
[2021-12-02 14:53:01,686] {logging_mixin.py:104} INFO - [2021-12-02 14:53:01,686] {dag.py:1832} INFO - Sync 1 DAGs
[2021-12-02 14:53:01,712] {logging_mixin.py:104} INFO - [2021-12-02 14:53:01,711] {dag.py:2305} INFO - Setting next_dagrun for tutorial_etl_dag to None
[2021-12-02 14:53:01,750] {scheduler_job.py:190} INFO - Processing /home/agalli/sandbox/lib/python3.6/site-packages/airflow/example_dags/tutorial_etl_dag.py took 0.121 seconds
[2021-12-02 14:53:37,186] {scheduler_job.py:182} INFO - Started process (PID=1766) to work on /home/agalli/sandbox/lib/python3.6/site-packages/airflow/example_dags/tutorial_etl_dag.py
[2021-12-02 14:53:37,188] {scheduler_job.py:633} INFO - Processing file /home/agalli/sandbox/lib/python3.6/site-packages/airflow/example_dags/tutorial_etl_dag.py for tasks to queue
[2021-12-02 14:53:37,189] {logging_mixin.py:104} INFO - [2021-12-02 14:53:37,189] {dagbag.py:487} INFO - Filling up the DagBag from /home/agalli/sandbox/lib/python3.6/site-packages/airflow/example_dags/tutorial_etl_dag.py
[2021-12-02 14:53:37,209] {scheduler_job.py:643} INFO - DAG(s) dict_keys(['tutorial_etl_dag']) retrieved from /home/agalli/sandbox/lib/python3.6/site-packages/airflow/example_dags/tutorial_etl_dag.py
[2021-12-02 14:53:37,231] {logging_mixin.py:104} INFO - [2021-12-02 14:53:37,231] {dag.py:1832} INFO - Sync 1 DAGs
[2021-12-02 14:53:37,263] {logging_mixin.py:104} INFO - [2021-12-02 14:53:37,263] {dag.py:2305} INFO - Setting next_dagrun for tutorial_etl_dag to None
[2021-12-02 14:53:37,292] {scheduler_job.py:190} INFO - Processing /home/agalli/sandbox/lib/python3.6/site-packages/airflow/example_dags/tutorial_etl_dag.py took 0.110 seconds
[2021-12-02 14:54:08,727] {scheduler_job.py:182} INFO - Started process (PID=1794) to work on /home/agalli/sandbox/lib/python3.6/site-packages/airflow/example_dags/tutorial_etl_dag.py
[2021-12-02 14:54:08,729] {scheduler_job.py:633} INFO - Processing file /home/agalli/sandbox/lib/python3.6/site-packages/airflow/example_dags/tutorial_etl_dag.py for tasks to queue
[2021-12-02 14:54:08,730] {logging_mixin.py:104} INFO - [2021-12-02 14:54:08,730] {dagbag.py:487} INFO - Filling up the DagBag from /home/agalli/sandbox/lib/python3.6/site-packages/airflow/example_dags/tutorial_etl_dag.py
[2021-12-02 14:54:08,747] {scheduler_job.py:643} INFO - DAG(s) dict_keys(['tutorial_etl_dag']) retrieved from /home/agalli/sandbox/lib/python3.6/site-packages/airflow/example_dags/tutorial_etl_dag.py
[2021-12-02 14:54:08,773] {logging_mixin.py:104} INFO - [2021-12-02 14:54:08,772] {dag.py:1832} INFO - Sync 1 DAGs
[2021-12-02 14:54:08,793] {logging_mixin.py:104} INFO - [2021-12-02 14:54:08,793] {dag.py:2305} INFO - Setting next_dagrun for tutorial_etl_dag to None
[2021-12-02 14:54:08,817] {scheduler_job.py:190} INFO - Processing /home/agalli/sandbox/lib/python3.6/site-packages/airflow/example_dags/tutorial_etl_dag.py took 0.094 seconds
[2021-12-02 14:54:43,333] {scheduler_job.py:182} INFO - Started process (PID=1823) to work on /home/agalli/sandbox/lib/python3.6/site-packages/airflow/example_dags/tutorial_etl_dag.py
[2021-12-02 14:54:43,334] {scheduler_job.py:633} INFO - Processing file /home/agalli/sandbox/lib/python3.6/site-packages/airflow/example_dags/tutorial_etl_dag.py for tasks to queue
[2021-12-02 14:54:43,335] {logging_mixin.py:104} INFO - [2021-12-02 14:54:43,335] {dagbag.py:487} INFO - Filling up the DagBag from /home/agalli/sandbox/lib/python3.6/site-packages/airflow/example_dags/tutorial_etl_dag.py
[2021-12-02 14:54:43,355] {scheduler_job.py:643} INFO - DAG(s) dict_keys(['tutorial_etl_dag']) retrieved from /home/agalli/sandbox/lib/python3.6/site-packages/airflow/example_dags/tutorial_etl_dag.py
[2021-12-02 14:54:43,379] {logging_mixin.py:104} INFO - [2021-12-02 14:54:43,379] {dag.py:1832} INFO - Sync 1 DAGs
[2021-12-02 14:54:43,403] {logging_mixin.py:104} INFO - [2021-12-02 14:54:43,402] {dag.py:2305} INFO - Setting next_dagrun for tutorial_etl_dag to None
[2021-12-02 14:54:43,428] {scheduler_job.py:190} INFO - Processing /home/agalli/sandbox/lib/python3.6/site-packages/airflow/example_dags/tutorial_etl_dag.py took 0.101 seconds
[2021-12-02 14:55:24,681] {scheduler_job.py:182} INFO - Started process (PID=1906) to work on /home/agalli/sandbox/lib/python3.6/site-packages/airflow/example_dags/tutorial_etl_dag.py
[2021-12-02 14:55:24,683] {scheduler_job.py:633} INFO - Processing file /home/agalli/sandbox/lib/python3.6/site-packages/airflow/example_dags/tutorial_etl_dag.py for tasks to queue
[2021-12-02 14:55:24,685] {logging_mixin.py:104} INFO - [2021-12-02 14:55:24,685] {dagbag.py:487} INFO - Filling up the DagBag from /home/agalli/sandbox/lib/python3.6/site-packages/airflow/example_dags/tutorial_etl_dag.py
[2021-12-02 14:55:24,707] {scheduler_job.py:643} INFO - DAG(s) dict_keys(['tutorial_etl_dag']) retrieved from /home/agalli/sandbox/lib/python3.6/site-packages/airflow/example_dags/tutorial_etl_dag.py
[2021-12-02 14:55:24,751] {logging_mixin.py:104} INFO - [2021-12-02 14:55:24,751] {dag.py:1832} INFO - Sync 1 DAGs
[2021-12-02 14:55:24,844] {logging_mixin.py:104} INFO - [2021-12-02 14:55:24,844] {dag.py:2305} INFO - Setting next_dagrun for tutorial_etl_dag to None
[2021-12-02 14:55:24,887] {scheduler_job.py:190} INFO - Processing /home/agalli/sandbox/lib/python3.6/site-packages/airflow/example_dags/tutorial_etl_dag.py took 0.212 seconds
[2021-12-02 14:56:01,854] {scheduler_job.py:182} INFO - Started process (PID=1974) to work on /home/agalli/sandbox/lib/python3.6/site-packages/airflow/example_dags/tutorial_etl_dag.py
[2021-12-02 14:56:01,856] {scheduler_job.py:633} INFO - Processing file /home/agalli/sandbox/lib/python3.6/site-packages/airflow/example_dags/tutorial_etl_dag.py for tasks to queue
[2021-12-02 14:56:01,857] {logging_mixin.py:104} INFO - [2021-12-02 14:56:01,857] {dagbag.py:487} INFO - Filling up the DagBag from /home/agalli/sandbox/lib/python3.6/site-packages/airflow/example_dags/tutorial_etl_dag.py
[2021-12-02 14:56:01,882] {scheduler_job.py:643} INFO - DAG(s) dict_keys(['tutorial_etl_dag']) retrieved from /home/agalli/sandbox/lib/python3.6/site-packages/airflow/example_dags/tutorial_etl_dag.py
[2021-12-02 14:56:01,910] {logging_mixin.py:104} INFO - [2021-12-02 14:56:01,910] {dag.py:1832} INFO - Sync 1 DAGs
[2021-12-02 14:56:01,931] {logging_mixin.py:104} INFO - [2021-12-02 14:56:01,931] {dag.py:2305} INFO - Setting next_dagrun for tutorial_etl_dag to None
[2021-12-02 14:56:01,994] {scheduler_job.py:190} INFO - Processing /home/agalli/sandbox/lib/python3.6/site-packages/airflow/example_dags/tutorial_etl_dag.py took 0.147 seconds
[2021-12-02 14:56:37,553] {scheduler_job.py:182} INFO - Started process (PID=2001) to work on /home/agalli/sandbox/lib/python3.6/site-packages/airflow/example_dags/tutorial_etl_dag.py
[2021-12-02 14:56:37,555] {scheduler_job.py:633} INFO - Processing file /home/agalli/sandbox/lib/python3.6/site-packages/airflow/example_dags/tutorial_etl_dag.py for tasks to queue
[2021-12-02 14:56:37,557] {logging_mixin.py:104} INFO - [2021-12-02 14:56:37,556] {dagbag.py:487} INFO - Filling up the DagBag from /home/agalli/sandbox/lib/python3.6/site-packages/airflow/example_dags/tutorial_etl_dag.py
[2021-12-02 14:56:37,648] {scheduler_job.py:643} INFO - DAG(s) dict_keys(['tutorial_etl_dag']) retrieved from /home/agalli/sandbox/lib/python3.6/site-packages/airflow/example_dags/tutorial_etl_dag.py
[2021-12-02 14:56:37,782] {logging_mixin.py:104} INFO - [2021-12-02 14:56:37,782] {dag.py:1832} INFO - Sync 1 DAGs
[2021-12-02 14:56:37,854] {logging_mixin.py:104} INFO - [2021-12-02 14:56:37,854] {dag.py:2305} INFO - Setting next_dagrun for tutorial_etl_dag to None
[2021-12-02 14:56:37,899] {scheduler_job.py:190} INFO - Processing /home/agalli/sandbox/lib/python3.6/site-packages/airflow/example_dags/tutorial_etl_dag.py took 0.353 seconds
[2021-12-02 14:57:11,456] {scheduler_job.py:182} INFO - Started process (PID=2027) to work on /home/agalli/sandbox/lib/python3.6/site-packages/airflow/example_dags/tutorial_etl_dag.py
[2021-12-02 14:57:11,464] {scheduler_job.py:633} INFO - Processing file /home/agalli/sandbox/lib/python3.6/site-packages/airflow/example_dags/tutorial_etl_dag.py for tasks to queue
[2021-12-02 14:57:11,465] {logging_mixin.py:104} INFO - [2021-12-02 14:57:11,465] {dagbag.py:487} INFO - Filling up the DagBag from /home/agalli/sandbox/lib/python3.6/site-packages/airflow/example_dags/tutorial_etl_dag.py
[2021-12-02 14:57:11,487] {scheduler_job.py:643} INFO - DAG(s) dict_keys(['tutorial_etl_dag']) retrieved from /home/agalli/sandbox/lib/python3.6/site-packages/airflow/example_dags/tutorial_etl_dag.py
[2021-12-02 14:57:11,518] {logging_mixin.py:104} INFO - [2021-12-02 14:57:11,518] {dag.py:1832} INFO - Sync 1 DAGs
[2021-12-02 14:57:11,553] {logging_mixin.py:104} INFO - [2021-12-02 14:57:11,553] {dag.py:2305} INFO - Setting next_dagrun for tutorial_etl_dag to None
[2021-12-02 14:57:11,600] {scheduler_job.py:190} INFO - Processing /home/agalli/sandbox/lib/python3.6/site-packages/airflow/example_dags/tutorial_etl_dag.py took 0.148 seconds
[2021-12-02 14:57:47,903] {scheduler_job.py:182} INFO - Started process (PID=2056) to work on /home/agalli/sandbox/lib/python3.6/site-packages/airflow/example_dags/tutorial_etl_dag.py
[2021-12-02 14:57:47,905] {scheduler_job.py:633} INFO - Processing file /home/agalli/sandbox/lib/python3.6/site-packages/airflow/example_dags/tutorial_etl_dag.py for tasks to queue
[2021-12-02 14:57:47,907] {logging_mixin.py:104} INFO - [2021-12-02 14:57:47,906] {dagbag.py:487} INFO - Filling up the DagBag from /home/agalli/sandbox/lib/python3.6/site-packages/airflow/example_dags/tutorial_etl_dag.py
[2021-12-02 14:57:47,927] {scheduler_job.py:643} INFO - DAG(s) dict_keys(['tutorial_etl_dag']) retrieved from /home/agalli/sandbox/lib/python3.6/site-packages/airflow/example_dags/tutorial_etl_dag.py
[2021-12-02 14:57:47,965] {logging_mixin.py:104} INFO - [2021-12-02 14:57:47,964] {dag.py:1832} INFO - Sync 1 DAGs
[2021-12-02 14:57:48,002] {logging_mixin.py:104} INFO - [2021-12-02 14:57:48,001] {dag.py:2305} INFO - Setting next_dagrun for tutorial_etl_dag to None
[2021-12-02 14:57:48,030] {scheduler_job.py:190} INFO - Processing /home/agalli/sandbox/lib/python3.6/site-packages/airflow/example_dags/tutorial_etl_dag.py took 0.133 seconds
[2021-12-02 14:58:26,308] {scheduler_job.py:182} INFO - Started process (PID=2082) to work on /home/agalli/sandbox/lib/python3.6/site-packages/airflow/example_dags/tutorial_etl_dag.py
[2021-12-02 14:58:26,315] {scheduler_job.py:633} INFO - Processing file /home/agalli/sandbox/lib/python3.6/site-packages/airflow/example_dags/tutorial_etl_dag.py for tasks to queue
[2021-12-02 14:58:26,325] {logging_mixin.py:104} INFO - [2021-12-02 14:58:26,316] {dagbag.py:487} INFO - Filling up the DagBag from /home/agalli/sandbox/lib/python3.6/site-packages/airflow/example_dags/tutorial_etl_dag.py
[2021-12-02 14:58:26,431] {scheduler_job.py:643} INFO - DAG(s) dict_keys(['tutorial_etl_dag']) retrieved from /home/agalli/sandbox/lib/python3.6/site-packages/airflow/example_dags/tutorial_etl_dag.py
[2021-12-02 14:58:26,528] {logging_mixin.py:104} INFO - [2021-12-02 14:58:26,528] {dag.py:1832} INFO - Sync 1 DAGs
[2021-12-02 14:58:26,620] {logging_mixin.py:104} INFO - [2021-12-02 14:58:26,620] {dag.py:2305} INFO - Setting next_dagrun for tutorial_etl_dag to None
[2021-12-02 14:58:26,696] {scheduler_job.py:190} INFO - Processing /home/agalli/sandbox/lib/python3.6/site-packages/airflow/example_dags/tutorial_etl_dag.py took 0.407 seconds
[2021-12-02 14:59:13,792] {scheduler_job.py:182} INFO - Started process (PID=2106) to work on /home/agalli/sandbox/lib/python3.6/site-packages/airflow/example_dags/tutorial_etl_dag.py
[2021-12-02 14:59:13,805] {scheduler_job.py:633} INFO - Processing file /home/agalli/sandbox/lib/python3.6/site-packages/airflow/example_dags/tutorial_etl_dag.py for tasks to queue
[2021-12-02 14:59:13,806] {logging_mixin.py:104} INFO - [2021-12-02 14:59:13,806] {dagbag.py:487} INFO - Filling up the DagBag from /home/agalli/sandbox/lib/python3.6/site-packages/airflow/example_dags/tutorial_etl_dag.py
[2021-12-02 14:59:13,934] {scheduler_job.py:643} INFO - DAG(s) dict_keys(['tutorial_etl_dag']) retrieved from /home/agalli/sandbox/lib/python3.6/site-packages/airflow/example_dags/tutorial_etl_dag.py
[2021-12-02 14:59:14,045] {logging_mixin.py:104} INFO - [2021-12-02 14:59:14,045] {dag.py:1832} INFO - Sync 1 DAGs
[2021-12-02 14:59:14,158] {logging_mixin.py:104} INFO - [2021-12-02 14:59:14,157] {dag.py:2305} INFO - Setting next_dagrun for tutorial_etl_dag to None
[2021-12-02 14:59:14,286] {scheduler_job.py:190} INFO - Processing /home/agalli/sandbox/lib/python3.6/site-packages/airflow/example_dags/tutorial_etl_dag.py took 0.514 seconds
[2021-12-02 14:59:49,837] {scheduler_job.py:182} INFO - Started process (PID=2125) to work on /home/agalli/sandbox/lib/python3.6/site-packages/airflow/example_dags/tutorial_etl_dag.py
[2021-12-02 14:59:49,840] {scheduler_job.py:633} INFO - Processing file /home/agalli/sandbox/lib/python3.6/site-packages/airflow/example_dags/tutorial_etl_dag.py for tasks to queue
[2021-12-02 14:59:49,841] {logging_mixin.py:104} INFO - [2021-12-02 14:59:49,841] {dagbag.py:487} INFO - Filling up the DagBag from /home/agalli/sandbox/lib/python3.6/site-packages/airflow/example_dags/tutorial_etl_dag.py
[2021-12-02 14:59:49,868] {scheduler_job.py:643} INFO - DAG(s) dict_keys(['tutorial_etl_dag']) retrieved from /home/agalli/sandbox/lib/python3.6/site-packages/airflow/example_dags/tutorial_etl_dag.py
[2021-12-02 14:59:49,923] {logging_mixin.py:104} INFO - [2021-12-02 14:59:49,922] {dag.py:1832} INFO - Sync 1 DAGs
[2021-12-02 14:59:49,978] {logging_mixin.py:104} INFO - [2021-12-02 14:59:49,978] {dag.py:2305} INFO - Setting next_dagrun for tutorial_etl_dag to None
[2021-12-02 14:59:50,022] {scheduler_job.py:190} INFO - Processing /home/agalli/sandbox/lib/python3.6/site-packages/airflow/example_dags/tutorial_etl_dag.py took 0.190 seconds
[2021-12-02 15:00:30,677] {scheduler_job.py:182} INFO - Started process (PID=2156) to work on /home/agalli/sandbox/lib/python3.6/site-packages/airflow/example_dags/tutorial_etl_dag.py
[2021-12-02 15:00:30,679] {scheduler_job.py:633} INFO - Processing file /home/agalli/sandbox/lib/python3.6/site-packages/airflow/example_dags/tutorial_etl_dag.py for tasks to queue
[2021-12-02 15:00:30,680] {logging_mixin.py:104} INFO - [2021-12-02 15:00:30,680] {dagbag.py:487} INFO - Filling up the DagBag from /home/agalli/sandbox/lib/python3.6/site-packages/airflow/example_dags/tutorial_etl_dag.py
[2021-12-02 15:00:30,708] {scheduler_job.py:643} INFO - DAG(s) dict_keys(['tutorial_etl_dag']) retrieved from /home/agalli/sandbox/lib/python3.6/site-packages/airflow/example_dags/tutorial_etl_dag.py
[2021-12-02 15:00:30,732] {logging_mixin.py:104} INFO - [2021-12-02 15:00:30,732] {dag.py:1832} INFO - Sync 1 DAGs
[2021-12-02 15:00:30,763] {logging_mixin.py:104} INFO - [2021-12-02 15:00:30,762] {dag.py:2305} INFO - Setting next_dagrun for tutorial_etl_dag to None
[2021-12-02 15:00:30,798] {scheduler_job.py:190} INFO - Processing /home/agalli/sandbox/lib/python3.6/site-packages/airflow/example_dags/tutorial_etl_dag.py took 0.128 seconds
[2021-12-02 15:01:04,201] {scheduler_job.py:182} INFO - Started process (PID=2182) to work on /home/agalli/sandbox/lib/python3.6/site-packages/airflow/example_dags/tutorial_etl_dag.py
[2021-12-02 15:01:04,203] {scheduler_job.py:633} INFO - Processing file /home/agalli/sandbox/lib/python3.6/site-packages/airflow/example_dags/tutorial_etl_dag.py for tasks to queue
[2021-12-02 15:01:04,204] {logging_mixin.py:104} INFO - [2021-12-02 15:01:04,204] {dagbag.py:487} INFO - Filling up the DagBag from /home/agalli/sandbox/lib/python3.6/site-packages/airflow/example_dags/tutorial_etl_dag.py
[2021-12-02 15:01:04,239] {scheduler_job.py:643} INFO - DAG(s) dict_keys(['tutorial_etl_dag']) retrieved from /home/agalli/sandbox/lib/python3.6/site-packages/airflow/example_dags/tutorial_etl_dag.py
[2021-12-02 15:01:04,305] {logging_mixin.py:104} INFO - [2021-12-02 15:01:04,305] {dag.py:1832} INFO - Sync 1 DAGs
[2021-12-02 15:01:04,334] {logging_mixin.py:104} INFO - [2021-12-02 15:01:04,334] {dag.py:2305} INFO - Setting next_dagrun for tutorial_etl_dag to None
[2021-12-02 15:01:04,394] {scheduler_job.py:190} INFO - Processing /home/agalli/sandbox/lib/python3.6/site-packages/airflow/example_dags/tutorial_etl_dag.py took 0.199 seconds
[2021-12-02 15:01:46,586] {scheduler_job.py:182} INFO - Started process (PID=2210) to work on /home/agalli/sandbox/lib/python3.6/site-packages/airflow/example_dags/tutorial_etl_dag.py
[2021-12-02 15:01:46,589] {scheduler_job.py:633} INFO - Processing file /home/agalli/sandbox/lib/python3.6/site-packages/airflow/example_dags/tutorial_etl_dag.py for tasks to queue
[2021-12-02 15:01:46,591] {logging_mixin.py:104} INFO - [2021-12-02 15:01:46,591] {dagbag.py:487} INFO - Filling up the DagBag from /home/agalli/sandbox/lib/python3.6/site-packages/airflow/example_dags/tutorial_etl_dag.py
[2021-12-02 15:01:46,644] {scheduler_job.py:643} INFO - DAG(s) dict_keys(['tutorial_etl_dag']) retrieved from /home/agalli/sandbox/lib/python3.6/site-packages/airflow/example_dags/tutorial_etl_dag.py
[2021-12-02 15:01:46,696] {logging_mixin.py:104} INFO - [2021-12-02 15:01:46,696] {dag.py:1832} INFO - Sync 1 DAGs
[2021-12-02 15:01:46,743] {logging_mixin.py:104} INFO - [2021-12-02 15:01:46,743] {dag.py:2305} INFO - Setting next_dagrun for tutorial_etl_dag to None
[2021-12-02 15:01:46,800] {scheduler_job.py:190} INFO - Processing /home/agalli/sandbox/lib/python3.6/site-packages/airflow/example_dags/tutorial_etl_dag.py took 0.226 seconds
[2021-12-02 15:03:54,819] {scheduler_job.py:182} INFO - Started process (PID=2291) to work on /home/agalli/sandbox/lib/python3.6/site-packages/airflow/example_dags/tutorial_etl_dag.py
[2021-12-02 15:03:54,820] {scheduler_job.py:633} INFO - Processing file /home/agalli/sandbox/lib/python3.6/site-packages/airflow/example_dags/tutorial_etl_dag.py for tasks to queue
[2021-12-02 15:03:54,821] {logging_mixin.py:104} INFO - [2021-12-02 15:03:54,821] {dagbag.py:487} INFO - Filling up the DagBag from /home/agalli/sandbox/lib/python3.6/site-packages/airflow/example_dags/tutorial_etl_dag.py
[2021-12-02 15:03:54,839] {scheduler_job.py:643} INFO - DAG(s) dict_keys(['tutorial_etl_dag']) retrieved from /home/agalli/sandbox/lib/python3.6/site-packages/airflow/example_dags/tutorial_etl_dag.py
[2021-12-02 15:03:54,872] {logging_mixin.py:104} INFO - [2021-12-02 15:03:54,872] {dag.py:1832} INFO - Sync 1 DAGs
[2021-12-02 15:03:54,902] {logging_mixin.py:104} INFO - [2021-12-02 15:03:54,902] {dag.py:2305} INFO - Setting next_dagrun for tutorial_etl_dag to None
[2021-12-02 15:03:55,219] {scheduler_job.py:190} INFO - Processing /home/agalli/sandbox/lib/python3.6/site-packages/airflow/example_dags/tutorial_etl_dag.py took 0.411 seconds
[2021-12-02 15:04:47,297] {scheduler_job.py:182} INFO - Started process (PID=2322) to work on /home/agalli/sandbox/lib/python3.6/site-packages/airflow/example_dags/tutorial_etl_dag.py
[2021-12-02 15:04:47,310] {scheduler_job.py:633} INFO - Processing file /home/agalli/sandbox/lib/python3.6/site-packages/airflow/example_dags/tutorial_etl_dag.py for tasks to queue
[2021-12-02 15:04:47,312] {logging_mixin.py:104} INFO - [2021-12-02 15:04:47,312] {dagbag.py:487} INFO - Filling up the DagBag from /home/agalli/sandbox/lib/python3.6/site-packages/airflow/example_dags/tutorial_etl_dag.py
[2021-12-02 15:04:47,377] {scheduler_job.py:643} INFO - DAG(s) dict_keys(['tutorial_etl_dag']) retrieved from /home/agalli/sandbox/lib/python3.6/site-packages/airflow/example_dags/tutorial_etl_dag.py
[2021-12-02 15:04:47,501] {logging_mixin.py:104} INFO - [2021-12-02 15:04:47,501] {dag.py:1832} INFO - Sync 1 DAGs
[2021-12-02 15:04:47,580] {logging_mixin.py:104} INFO - [2021-12-02 15:04:47,580] {dag.py:2305} INFO - Setting next_dagrun for tutorial_etl_dag to None
[2021-12-02 15:04:47,665] {scheduler_job.py:190} INFO - Processing /home/agalli/sandbox/lib/python3.6/site-packages/airflow/example_dags/tutorial_etl_dag.py took 0.387 seconds
[2021-12-02 15:05:31,625] {scheduler_job.py:182} INFO - Started process (PID=2353) to work on /home/agalli/sandbox/lib/python3.6/site-packages/airflow/example_dags/tutorial_etl_dag.py
[2021-12-02 15:05:31,628] {scheduler_job.py:633} INFO - Processing file /home/agalli/sandbox/lib/python3.6/site-packages/airflow/example_dags/tutorial_etl_dag.py for tasks to queue
[2021-12-02 15:05:31,631] {logging_mixin.py:104} INFO - [2021-12-02 15:05:31,631] {dagbag.py:487} INFO - Filling up the DagBag from /home/agalli/sandbox/lib/python3.6/site-packages/airflow/example_dags/tutorial_etl_dag.py
[2021-12-02 15:05:31,653] {scheduler_job.py:643} INFO - DAG(s) dict_keys(['tutorial_etl_dag']) retrieved from /home/agalli/sandbox/lib/python3.6/site-packages/airflow/example_dags/tutorial_etl_dag.py
[2021-12-02 15:05:31,697] {logging_mixin.py:104} INFO - [2021-12-02 15:05:31,696] {dag.py:1832} INFO - Sync 1 DAGs
[2021-12-02 15:05:31,749] {logging_mixin.py:104} INFO - [2021-12-02 15:05:31,748] {dag.py:2305} INFO - Setting next_dagrun for tutorial_etl_dag to None
[2021-12-02 15:05:31,961] {scheduler_job.py:190} INFO - Processing /home/agalli/sandbox/lib/python3.6/site-packages/airflow/example_dags/tutorial_etl_dag.py took 0.342 seconds
[2021-12-02 15:06:07,457] {scheduler_job.py:182} INFO - Started process (PID=2377) to work on /home/agalli/sandbox/lib/python3.6/site-packages/airflow/example_dags/tutorial_etl_dag.py
[2021-12-02 15:06:07,461] {scheduler_job.py:633} INFO - Processing file /home/agalli/sandbox/lib/python3.6/site-packages/airflow/example_dags/tutorial_etl_dag.py for tasks to queue
[2021-12-02 15:06:07,462] {logging_mixin.py:104} INFO - [2021-12-02 15:06:07,462] {dagbag.py:487} INFO - Filling up the DagBag from /home/agalli/sandbox/lib/python3.6/site-packages/airflow/example_dags/tutorial_etl_dag.py
[2021-12-02 15:06:07,519] {scheduler_job.py:643} INFO - DAG(s) dict_keys(['tutorial_etl_dag']) retrieved from /home/agalli/sandbox/lib/python3.6/site-packages/airflow/example_dags/tutorial_etl_dag.py
[2021-12-02 15:06:07,568] {logging_mixin.py:104} INFO - [2021-12-02 15:06:07,568] {dag.py:1832} INFO - Sync 1 DAGs
[2021-12-02 15:06:07,588] {logging_mixin.py:104} INFO - [2021-12-02 15:06:07,587] {dag.py:2305} INFO - Setting next_dagrun for tutorial_etl_dag to None
[2021-12-02 15:06:07,625] {scheduler_job.py:190} INFO - Processing /home/agalli/sandbox/lib/python3.6/site-packages/airflow/example_dags/tutorial_etl_dag.py took 0.184 seconds
[2021-12-02 15:06:51,941] {scheduler_job.py:182} INFO - Started process (PID=2408) to work on /home/agalli/sandbox/lib/python3.6/site-packages/airflow/example_dags/tutorial_etl_dag.py
[2021-12-02 15:06:51,943] {scheduler_job.py:633} INFO - Processing file /home/agalli/sandbox/lib/python3.6/site-packages/airflow/example_dags/tutorial_etl_dag.py for tasks to queue
[2021-12-02 15:06:51,944] {logging_mixin.py:104} INFO - [2021-12-02 15:06:51,944] {dagbag.py:487} INFO - Filling up the DagBag from /home/agalli/sandbox/lib/python3.6/site-packages/airflow/example_dags/tutorial_etl_dag.py
[2021-12-02 15:06:51,962] {scheduler_job.py:643} INFO - DAG(s) dict_keys(['tutorial_etl_dag']) retrieved from /home/agalli/sandbox/lib/python3.6/site-packages/airflow/example_dags/tutorial_etl_dag.py
[2021-12-02 15:06:51,986] {logging_mixin.py:104} INFO - [2021-12-02 15:06:51,985] {dag.py:1832} INFO - Sync 1 DAGs
[2021-12-02 15:06:52,016] {logging_mixin.py:104} INFO - [2021-12-02 15:06:52,015] {dag.py:2305} INFO - Setting next_dagrun for tutorial_etl_dag to None
[2021-12-02 15:06:52,131] {scheduler_job.py:190} INFO - Processing /home/agalli/sandbox/lib/python3.6/site-packages/airflow/example_dags/tutorial_etl_dag.py took 0.196 seconds
[2021-12-02 15:07:25,893] {scheduler_job.py:182} INFO - Started process (PID=2429) to work on /home/agalli/sandbox/lib/python3.6/site-packages/airflow/example_dags/tutorial_etl_dag.py
[2021-12-02 15:07:25,895] {scheduler_job.py:633} INFO - Processing file /home/agalli/sandbox/lib/python3.6/site-packages/airflow/example_dags/tutorial_etl_dag.py for tasks to queue
[2021-12-02 15:07:25,896] {logging_mixin.py:104} INFO - [2021-12-02 15:07:25,896] {dagbag.py:487} INFO - Filling up the DagBag from /home/agalli/sandbox/lib/python3.6/site-packages/airflow/example_dags/tutorial_etl_dag.py
[2021-12-02 15:07:25,912] {scheduler_job.py:643} INFO - DAG(s) dict_keys(['tutorial_etl_dag']) retrieved from /home/agalli/sandbox/lib/python3.6/site-packages/airflow/example_dags/tutorial_etl_dag.py
[2021-12-02 15:07:25,932] {logging_mixin.py:104} INFO - [2021-12-02 15:07:25,932] {dag.py:1832} INFO - Sync 1 DAGs
[2021-12-02 15:07:25,944] {logging_mixin.py:104} INFO - [2021-12-02 15:07:25,944] {dag.py:2305} INFO - Setting next_dagrun for tutorial_etl_dag to None
[2021-12-02 15:07:25,964] {scheduler_job.py:190} INFO - Processing /home/agalli/sandbox/lib/python3.6/site-packages/airflow/example_dags/tutorial_etl_dag.py took 0.081 seconds
[2021-12-02 15:08:07,234] {scheduler_job.py:182} INFO - Started process (PID=2457) to work on /home/agalli/sandbox/lib/python3.6/site-packages/airflow/example_dags/tutorial_etl_dag.py
[2021-12-02 15:08:07,236] {scheduler_job.py:633} INFO - Processing file /home/agalli/sandbox/lib/python3.6/site-packages/airflow/example_dags/tutorial_etl_dag.py for tasks to queue
[2021-12-02 15:08:07,237] {logging_mixin.py:104} INFO - [2021-12-02 15:08:07,237] {dagbag.py:487} INFO - Filling up the DagBag from /home/agalli/sandbox/lib/python3.6/site-packages/airflow/example_dags/tutorial_etl_dag.py
[2021-12-02 15:08:07,255] {scheduler_job.py:643} INFO - DAG(s) dict_keys(['tutorial_etl_dag']) retrieved from /home/agalli/sandbox/lib/python3.6/site-packages/airflow/example_dags/tutorial_etl_dag.py
[2021-12-02 15:08:07,284] {logging_mixin.py:104} INFO - [2021-12-02 15:08:07,283] {dag.py:1832} INFO - Sync 1 DAGs
[2021-12-02 15:08:07,302] {logging_mixin.py:104} INFO - [2021-12-02 15:08:07,302] {dag.py:2305} INFO - Setting next_dagrun for tutorial_etl_dag to None
[2021-12-02 15:08:07,327] {scheduler_job.py:190} INFO - Processing /home/agalli/sandbox/lib/python3.6/site-packages/airflow/example_dags/tutorial_etl_dag.py took 0.099 seconds
[2021-12-02 15:08:48,205] {scheduler_job.py:182} INFO - Started process (PID=2484) to work on /home/agalli/sandbox/lib/python3.6/site-packages/airflow/example_dags/tutorial_etl_dag.py
[2021-12-02 15:08:48,208] {scheduler_job.py:633} INFO - Processing file /home/agalli/sandbox/lib/python3.6/site-packages/airflow/example_dags/tutorial_etl_dag.py for tasks to queue
[2021-12-02 15:08:48,209] {logging_mixin.py:104} INFO - [2021-12-02 15:08:48,209] {dagbag.py:487} INFO - Filling up the DagBag from /home/agalli/sandbox/lib/python3.6/site-packages/airflow/example_dags/tutorial_etl_dag.py
[2021-12-02 15:08:48,231] {scheduler_job.py:643} INFO - DAG(s) dict_keys(['tutorial_etl_dag']) retrieved from /home/agalli/sandbox/lib/python3.6/site-packages/airflow/example_dags/tutorial_etl_dag.py
[2021-12-02 15:08:48,265] {logging_mixin.py:104} INFO - [2021-12-02 15:08:48,265] {dag.py:1832} INFO - Sync 1 DAGs
[2021-12-02 15:08:48,285] {logging_mixin.py:104} INFO - [2021-12-02 15:08:48,285] {dag.py:2305} INFO - Setting next_dagrun for tutorial_etl_dag to None
[2021-12-02 15:08:48,352] {scheduler_job.py:190} INFO - Processing /home/agalli/sandbox/lib/python3.6/site-packages/airflow/example_dags/tutorial_etl_dag.py took 0.153 seconds
[2021-12-02 15:09:32,346] {scheduler_job.py:182} INFO - Started process (PID=2515) to work on /home/agalli/sandbox/lib/python3.6/site-packages/airflow/example_dags/tutorial_etl_dag.py
[2021-12-02 15:09:32,348] {scheduler_job.py:633} INFO - Processing file /home/agalli/sandbox/lib/python3.6/site-packages/airflow/example_dags/tutorial_etl_dag.py for tasks to queue
[2021-12-02 15:09:32,349] {logging_mixin.py:104} INFO - [2021-12-02 15:09:32,349] {dagbag.py:487} INFO - Filling up the DagBag from /home/agalli/sandbox/lib/python3.6/site-packages/airflow/example_dags/tutorial_etl_dag.py
[2021-12-02 15:09:32,360] {scheduler_job.py:643} INFO - DAG(s) dict_keys(['tutorial_etl_dag']) retrieved from /home/agalli/sandbox/lib/python3.6/site-packages/airflow/example_dags/tutorial_etl_dag.py
[2021-12-02 15:09:32,377] {logging_mixin.py:104} INFO - [2021-12-02 15:09:32,377] {dag.py:1832} INFO - Sync 1 DAGs
[2021-12-02 15:09:32,387] {logging_mixin.py:104} INFO - [2021-12-02 15:09:32,387] {dag.py:2305} INFO - Setting next_dagrun for tutorial_etl_dag to None
[2021-12-02 15:09:32,403] {scheduler_job.py:190} INFO - Processing /home/agalli/sandbox/lib/python3.6/site-packages/airflow/example_dags/tutorial_etl_dag.py took 0.061 seconds
[2021-12-02 15:10:06,647] {scheduler_job.py:182} INFO - Started process (PID=2543) to work on /home/agalli/sandbox/lib/python3.6/site-packages/airflow/example_dags/tutorial_etl_dag.py
[2021-12-02 15:10:06,649] {scheduler_job.py:633} INFO - Processing file /home/agalli/sandbox/lib/python3.6/site-packages/airflow/example_dags/tutorial_etl_dag.py for tasks to queue
[2021-12-02 15:10:06,650] {logging_mixin.py:104} INFO - [2021-12-02 15:10:06,650] {dagbag.py:487} INFO - Filling up the DagBag from /home/agalli/sandbox/lib/python3.6/site-packages/airflow/example_dags/tutorial_etl_dag.py
[2021-12-02 15:10:06,666] {scheduler_job.py:643} INFO - DAG(s) dict_keys(['tutorial_etl_dag']) retrieved from /home/agalli/sandbox/lib/python3.6/site-packages/airflow/example_dags/tutorial_etl_dag.py
[2021-12-02 15:10:06,683] {logging_mixin.py:104} INFO - [2021-12-02 15:10:06,683] {dag.py:1832} INFO - Sync 1 DAGs
[2021-12-02 15:10:06,696] {logging_mixin.py:104} INFO - [2021-12-02 15:10:06,696] {dag.py:2305} INFO - Setting next_dagrun for tutorial_etl_dag to None
[2021-12-02 15:10:06,727] {scheduler_job.py:190} INFO - Processing /home/agalli/sandbox/lib/python3.6/site-packages/airflow/example_dags/tutorial_etl_dag.py took 0.087 seconds
[2021-12-02 15:10:38,476] {scheduler_job.py:182} INFO - Started process (PID=2570) to work on /home/agalli/sandbox/lib/python3.6/site-packages/airflow/example_dags/tutorial_etl_dag.py
[2021-12-02 15:10:38,481] {scheduler_job.py:633} INFO - Processing file /home/agalli/sandbox/lib/python3.6/site-packages/airflow/example_dags/tutorial_etl_dag.py for tasks to queue
[2021-12-02 15:10:38,483] {logging_mixin.py:104} INFO - [2021-12-02 15:10:38,482] {dagbag.py:487} INFO - Filling up the DagBag from /home/agalli/sandbox/lib/python3.6/site-packages/airflow/example_dags/tutorial_etl_dag.py
[2021-12-02 15:10:38,498] {scheduler_job.py:643} INFO - DAG(s) dict_keys(['tutorial_etl_dag']) retrieved from /home/agalli/sandbox/lib/python3.6/site-packages/airflow/example_dags/tutorial_etl_dag.py
[2021-12-02 15:10:38,522] {logging_mixin.py:104} INFO - [2021-12-02 15:10:38,522] {dag.py:1832} INFO - Sync 1 DAGs
[2021-12-02 15:10:38,540] {logging_mixin.py:104} INFO - [2021-12-02 15:10:38,539] {dag.py:2305} INFO - Setting next_dagrun for tutorial_etl_dag to None
[2021-12-02 15:10:38,567] {scheduler_job.py:190} INFO - Processing /home/agalli/sandbox/lib/python3.6/site-packages/airflow/example_dags/tutorial_etl_dag.py took 0.097 seconds
[2021-12-02 15:11:12,313] {scheduler_job.py:182} INFO - Started process (PID=2600) to work on /home/agalli/sandbox/lib/python3.6/site-packages/airflow/example_dags/tutorial_etl_dag.py
[2021-12-02 15:11:12,315] {scheduler_job.py:633} INFO - Processing file /home/agalli/sandbox/lib/python3.6/site-packages/airflow/example_dags/tutorial_etl_dag.py for tasks to queue
[2021-12-02 15:11:12,315] {logging_mixin.py:104} INFO - [2021-12-02 15:11:12,315] {dagbag.py:487} INFO - Filling up the DagBag from /home/agalli/sandbox/lib/python3.6/site-packages/airflow/example_dags/tutorial_etl_dag.py
[2021-12-02 15:11:12,326] {scheduler_job.py:643} INFO - DAG(s) dict_keys(['tutorial_etl_dag']) retrieved from /home/agalli/sandbox/lib/python3.6/site-packages/airflow/example_dags/tutorial_etl_dag.py
[2021-12-02 15:11:12,343] {logging_mixin.py:104} INFO - [2021-12-02 15:11:12,343] {dag.py:1832} INFO - Sync 1 DAGs
[2021-12-02 15:11:12,361] {logging_mixin.py:104} INFO - [2021-12-02 15:11:12,361] {dag.py:2305} INFO - Setting next_dagrun for tutorial_etl_dag to None
[2021-12-02 15:11:12,387] {scheduler_job.py:190} INFO - Processing /home/agalli/sandbox/lib/python3.6/site-packages/airflow/example_dags/tutorial_etl_dag.py took 0.077 seconds
[2021-12-02 15:11:43,778] {scheduler_job.py:182} INFO - Started process (PID=2628) to work on /home/agalli/sandbox/lib/python3.6/site-packages/airflow/example_dags/tutorial_etl_dag.py
[2021-12-02 15:11:43,780] {scheduler_job.py:633} INFO - Processing file /home/agalli/sandbox/lib/python3.6/site-packages/airflow/example_dags/tutorial_etl_dag.py for tasks to queue
[2021-12-02 15:11:43,780] {logging_mixin.py:104} INFO - [2021-12-02 15:11:43,780] {dagbag.py:487} INFO - Filling up the DagBag from /home/agalli/sandbox/lib/python3.6/site-packages/airflow/example_dags/tutorial_etl_dag.py
[2021-12-02 15:11:43,790] {scheduler_job.py:643} INFO - DAG(s) dict_keys(['tutorial_etl_dag']) retrieved from /home/agalli/sandbox/lib/python3.6/site-packages/airflow/example_dags/tutorial_etl_dag.py
[2021-12-02 15:11:43,806] {logging_mixin.py:104} INFO - [2021-12-02 15:11:43,806] {dag.py:1832} INFO - Sync 1 DAGs
[2021-12-02 15:11:43,817] {logging_mixin.py:104} INFO - [2021-12-02 15:11:43,817] {dag.py:2305} INFO - Setting next_dagrun for tutorial_etl_dag to None
[2021-12-02 15:11:43,837] {scheduler_job.py:190} INFO - Processing /home/agalli/sandbox/lib/python3.6/site-packages/airflow/example_dags/tutorial_etl_dag.py took 0.063 seconds
[2021-12-02 15:12:15,607] {scheduler_job.py:182} INFO - Started process (PID=2656) to work on /home/agalli/sandbox/lib/python3.6/site-packages/airflow/example_dags/tutorial_etl_dag.py
[2021-12-02 15:12:15,608] {scheduler_job.py:633} INFO - Processing file /home/agalli/sandbox/lib/python3.6/site-packages/airflow/example_dags/tutorial_etl_dag.py for tasks to queue
[2021-12-02 15:12:15,609] {logging_mixin.py:104} INFO - [2021-12-02 15:12:15,609] {dagbag.py:487} INFO - Filling up the DagBag from /home/agalli/sandbox/lib/python3.6/site-packages/airflow/example_dags/tutorial_etl_dag.py
[2021-12-02 15:12:15,620] {scheduler_job.py:643} INFO - DAG(s) dict_keys(['tutorial_etl_dag']) retrieved from /home/agalli/sandbox/lib/python3.6/site-packages/airflow/example_dags/tutorial_etl_dag.py
[2021-12-02 15:12:15,635] {logging_mixin.py:104} INFO - [2021-12-02 15:12:15,635] {dag.py:1832} INFO - Sync 1 DAGs
[2021-12-02 15:12:15,647] {logging_mixin.py:104} INFO - [2021-12-02 15:12:15,647] {dag.py:2305} INFO - Setting next_dagrun for tutorial_etl_dag to None
[2021-12-02 15:12:15,667] {scheduler_job.py:190} INFO - Processing /home/agalli/sandbox/lib/python3.6/site-packages/airflow/example_dags/tutorial_etl_dag.py took 0.064 seconds
[2021-12-02 15:12:48,411] {scheduler_job.py:182} INFO - Started process (PID=2685) to work on /home/agalli/sandbox/lib/python3.6/site-packages/airflow/example_dags/tutorial_etl_dag.py
[2021-12-02 15:12:48,413] {scheduler_job.py:633} INFO - Processing file /home/agalli/sandbox/lib/python3.6/site-packages/airflow/example_dags/tutorial_etl_dag.py for tasks to queue
[2021-12-02 15:12:48,414] {logging_mixin.py:104} INFO - [2021-12-02 15:12:48,414] {dagbag.py:487} INFO - Filling up the DagBag from /home/agalli/sandbox/lib/python3.6/site-packages/airflow/example_dags/tutorial_etl_dag.py
[2021-12-02 15:12:48,425] {scheduler_job.py:643} INFO - DAG(s) dict_keys(['tutorial_etl_dag']) retrieved from /home/agalli/sandbox/lib/python3.6/site-packages/airflow/example_dags/tutorial_etl_dag.py
[2021-12-02 15:12:48,447] {logging_mixin.py:104} INFO - [2021-12-02 15:12:48,447] {dag.py:1832} INFO - Sync 1 DAGs
[2021-12-02 15:12:48,466] {logging_mixin.py:104} INFO - [2021-12-02 15:12:48,465] {dag.py:2305} INFO - Setting next_dagrun for tutorial_etl_dag to None
[2021-12-02 15:12:48,488] {scheduler_job.py:190} INFO - Processing /home/agalli/sandbox/lib/python3.6/site-packages/airflow/example_dags/tutorial_etl_dag.py took 0.080 seconds
[2021-12-02 15:13:21,365] {scheduler_job.py:182} INFO - Started process (PID=2714) to work on /home/agalli/sandbox/lib/python3.6/site-packages/airflow/example_dags/tutorial_etl_dag.py
[2021-12-02 15:13:21,366] {scheduler_job.py:633} INFO - Processing file /home/agalli/sandbox/lib/python3.6/site-packages/airflow/example_dags/tutorial_etl_dag.py for tasks to queue
[2021-12-02 15:13:21,367] {logging_mixin.py:104} INFO - [2021-12-02 15:13:21,367] {dagbag.py:487} INFO - Filling up the DagBag from /home/agalli/sandbox/lib/python3.6/site-packages/airflow/example_dags/tutorial_etl_dag.py
[2021-12-02 15:13:21,379] {scheduler_job.py:643} INFO - DAG(s) dict_keys(['tutorial_etl_dag']) retrieved from /home/agalli/sandbox/lib/python3.6/site-packages/airflow/example_dags/tutorial_etl_dag.py
[2021-12-02 15:13:21,397] {logging_mixin.py:104} INFO - [2021-12-02 15:13:21,397] {dag.py:1832} INFO - Sync 1 DAGs
[2021-12-02 15:13:21,409] {logging_mixin.py:104} INFO - [2021-12-02 15:13:21,408] {dag.py:2305} INFO - Setting next_dagrun for tutorial_etl_dag to None
[2021-12-02 15:13:21,433] {scheduler_job.py:190} INFO - Processing /home/agalli/sandbox/lib/python3.6/site-packages/airflow/example_dags/tutorial_etl_dag.py took 0.073 seconds
[2021-12-02 15:13:53,608] {scheduler_job.py:182} INFO - Started process (PID=2744) to work on /home/agalli/sandbox/lib/python3.6/site-packages/airflow/example_dags/tutorial_etl_dag.py
[2021-12-02 15:13:53,610] {scheduler_job.py:633} INFO - Processing file /home/agalli/sandbox/lib/python3.6/site-packages/airflow/example_dags/tutorial_etl_dag.py for tasks to queue
[2021-12-02 15:13:53,611] {logging_mixin.py:104} INFO - [2021-12-02 15:13:53,611] {dagbag.py:487} INFO - Filling up the DagBag from /home/agalli/sandbox/lib/python3.6/site-packages/airflow/example_dags/tutorial_etl_dag.py
[2021-12-02 15:13:53,623] {scheduler_job.py:643} INFO - DAG(s) dict_keys(['tutorial_etl_dag']) retrieved from /home/agalli/sandbox/lib/python3.6/site-packages/airflow/example_dags/tutorial_etl_dag.py
[2021-12-02 15:13:53,640] {logging_mixin.py:104} INFO - [2021-12-02 15:13:53,640] {dag.py:1832} INFO - Sync 1 DAGs
[2021-12-02 15:13:53,652] {logging_mixin.py:104} INFO - [2021-12-02 15:13:53,652] {dag.py:2305} INFO - Setting next_dagrun for tutorial_etl_dag to None
[2021-12-02 15:13:53,668] {scheduler_job.py:190} INFO - Processing /home/agalli/sandbox/lib/python3.6/site-packages/airflow/example_dags/tutorial_etl_dag.py took 0.065 seconds
[2021-12-02 15:14:28,859] {scheduler_job.py:182} INFO - Started process (PID=2775) to work on /home/agalli/sandbox/lib/python3.6/site-packages/airflow/example_dags/tutorial_etl_dag.py
[2021-12-02 15:14:28,861] {scheduler_job.py:633} INFO - Processing file /home/agalli/sandbox/lib/python3.6/site-packages/airflow/example_dags/tutorial_etl_dag.py for tasks to queue
[2021-12-02 15:14:28,862] {logging_mixin.py:104} INFO - [2021-12-02 15:14:28,862] {dagbag.py:487} INFO - Filling up the DagBag from /home/agalli/sandbox/lib/python3.6/site-packages/airflow/example_dags/tutorial_etl_dag.py
[2021-12-02 15:14:28,874] {scheduler_job.py:643} INFO - DAG(s) dict_keys(['tutorial_etl_dag']) retrieved from /home/agalli/sandbox/lib/python3.6/site-packages/airflow/example_dags/tutorial_etl_dag.py
[2021-12-02 15:14:28,894] {logging_mixin.py:104} INFO - [2021-12-02 15:14:28,894] {dag.py:1832} INFO - Sync 1 DAGs
[2021-12-02 15:14:28,908] {logging_mixin.py:104} INFO - [2021-12-02 15:14:28,908] {dag.py:2305} INFO - Setting next_dagrun for tutorial_etl_dag to None
[2021-12-02 15:14:28,928] {scheduler_job.py:190} INFO - Processing /home/agalli/sandbox/lib/python3.6/site-packages/airflow/example_dags/tutorial_etl_dag.py took 0.073 seconds
[2021-12-02 15:15:00,277] {scheduler_job.py:182} INFO - Started process (PID=2802) to work on /home/agalli/sandbox/lib/python3.6/site-packages/airflow/example_dags/tutorial_etl_dag.py
[2021-12-02 15:15:00,278] {scheduler_job.py:633} INFO - Processing file /home/agalli/sandbox/lib/python3.6/site-packages/airflow/example_dags/tutorial_etl_dag.py for tasks to queue
[2021-12-02 15:15:00,279] {logging_mixin.py:104} INFO - [2021-12-02 15:15:00,279] {dagbag.py:487} INFO - Filling up the DagBag from /home/agalli/sandbox/lib/python3.6/site-packages/airflow/example_dags/tutorial_etl_dag.py
[2021-12-02 15:15:00,291] {scheduler_job.py:643} INFO - DAG(s) dict_keys(['tutorial_etl_dag']) retrieved from /home/agalli/sandbox/lib/python3.6/site-packages/airflow/example_dags/tutorial_etl_dag.py
[2021-12-02 15:15:00,312] {logging_mixin.py:104} INFO - [2021-12-02 15:15:00,312] {dag.py:1832} INFO - Sync 1 DAGs
[2021-12-02 15:15:00,326] {logging_mixin.py:104} INFO - [2021-12-02 15:15:00,326] {dag.py:2305} INFO - Setting next_dagrun for tutorial_etl_dag to None
[2021-12-02 15:15:00,359] {scheduler_job.py:190} INFO - Processing /home/agalli/sandbox/lib/python3.6/site-packages/airflow/example_dags/tutorial_etl_dag.py took 0.087 seconds
[2021-12-02 15:15:34,963] {scheduler_job.py:182} INFO - Started process (PID=2829) to work on /home/agalli/sandbox/lib/python3.6/site-packages/airflow/example_dags/tutorial_etl_dag.py
[2021-12-02 15:15:34,966] {scheduler_job.py:633} INFO - Processing file /home/agalli/sandbox/lib/python3.6/site-packages/airflow/example_dags/tutorial_etl_dag.py for tasks to queue
[2021-12-02 15:15:34,967] {logging_mixin.py:104} INFO - [2021-12-02 15:15:34,967] {dagbag.py:487} INFO - Filling up the DagBag from /home/agalli/sandbox/lib/python3.6/site-packages/airflow/example_dags/tutorial_etl_dag.py
[2021-12-02 15:15:34,982] {scheduler_job.py:643} INFO - DAG(s) dict_keys(['tutorial_etl_dag']) retrieved from /home/agalli/sandbox/lib/python3.6/site-packages/airflow/example_dags/tutorial_etl_dag.py
[2021-12-02 15:15:35,011] {logging_mixin.py:104} INFO - [2021-12-02 15:15:35,011] {dag.py:1832} INFO - Sync 1 DAGs
[2021-12-02 15:15:35,025] {logging_mixin.py:104} INFO - [2021-12-02 15:15:35,025] {dag.py:2305} INFO - Setting next_dagrun for tutorial_etl_dag to None
[2021-12-02 15:15:35,079] {scheduler_job.py:190} INFO - Processing /home/agalli/sandbox/lib/python3.6/site-packages/airflow/example_dags/tutorial_etl_dag.py took 0.121 seconds
[2021-12-02 15:16:06,802] {scheduler_job.py:182} INFO - Started process (PID=2857) to work on /home/agalli/sandbox/lib/python3.6/site-packages/airflow/example_dags/tutorial_etl_dag.py
[2021-12-02 15:16:06,803] {scheduler_job.py:633} INFO - Processing file /home/agalli/sandbox/lib/python3.6/site-packages/airflow/example_dags/tutorial_etl_dag.py for tasks to queue
[2021-12-02 15:16:06,804] {logging_mixin.py:104} INFO - [2021-12-02 15:16:06,804] {dagbag.py:487} INFO - Filling up the DagBag from /home/agalli/sandbox/lib/python3.6/site-packages/airflow/example_dags/tutorial_etl_dag.py
[2021-12-02 15:16:06,815] {scheduler_job.py:643} INFO - DAG(s) dict_keys(['tutorial_etl_dag']) retrieved from /home/agalli/sandbox/lib/python3.6/site-packages/airflow/example_dags/tutorial_etl_dag.py
[2021-12-02 15:16:06,839] {logging_mixin.py:104} INFO - [2021-12-02 15:16:06,839] {dag.py:1832} INFO - Sync 1 DAGs
[2021-12-02 15:16:06,857] {logging_mixin.py:104} INFO - [2021-12-02 15:16:06,857] {dag.py:2305} INFO - Setting next_dagrun for tutorial_etl_dag to None
[2021-12-02 15:16:06,881] {scheduler_job.py:190} INFO - Processing /home/agalli/sandbox/lib/python3.6/site-packages/airflow/example_dags/tutorial_etl_dag.py took 0.083 seconds
[2021-12-02 15:16:42,181] {scheduler_job.py:182} INFO - Started process (PID=2888) to work on /home/agalli/sandbox/lib/python3.6/site-packages/airflow/example_dags/tutorial_etl_dag.py
[2021-12-02 15:16:42,183] {scheduler_job.py:633} INFO - Processing file /home/agalli/sandbox/lib/python3.6/site-packages/airflow/example_dags/tutorial_etl_dag.py for tasks to queue
[2021-12-02 15:16:42,184] {logging_mixin.py:104} INFO - [2021-12-02 15:16:42,184] {dagbag.py:487} INFO - Filling up the DagBag from /home/agalli/sandbox/lib/python3.6/site-packages/airflow/example_dags/tutorial_etl_dag.py
[2021-12-02 15:16:42,204] {scheduler_job.py:643} INFO - DAG(s) dict_keys(['tutorial_etl_dag']) retrieved from /home/agalli/sandbox/lib/python3.6/site-packages/airflow/example_dags/tutorial_etl_dag.py
[2021-12-02 15:16:42,234] {logging_mixin.py:104} INFO - [2021-12-02 15:16:42,234] {dag.py:1832} INFO - Sync 1 DAGs
[2021-12-02 15:16:42,251] {logging_mixin.py:104} INFO - [2021-12-02 15:16:42,251] {dag.py:2305} INFO - Setting next_dagrun for tutorial_etl_dag to None
[2021-12-02 15:16:42,285] {scheduler_job.py:190} INFO - Processing /home/agalli/sandbox/lib/python3.6/site-packages/airflow/example_dags/tutorial_etl_dag.py took 0.108 seconds
[2021-12-02 15:17:15,699] {scheduler_job.py:182} INFO - Started process (PID=2919) to work on /home/agalli/sandbox/lib/python3.6/site-packages/airflow/example_dags/tutorial_etl_dag.py
[2021-12-02 15:17:15,700] {scheduler_job.py:633} INFO - Processing file /home/agalli/sandbox/lib/python3.6/site-packages/airflow/example_dags/tutorial_etl_dag.py for tasks to queue
[2021-12-02 15:17:15,700] {logging_mixin.py:104} INFO - [2021-12-02 15:17:15,700] {dagbag.py:487} INFO - Filling up the DagBag from /home/agalli/sandbox/lib/python3.6/site-packages/airflow/example_dags/tutorial_etl_dag.py
[2021-12-02 15:17:15,710] {scheduler_job.py:643} INFO - DAG(s) dict_keys(['tutorial_etl_dag']) retrieved from /home/agalli/sandbox/lib/python3.6/site-packages/airflow/example_dags/tutorial_etl_dag.py
[2021-12-02 15:17:15,727] {logging_mixin.py:104} INFO - [2021-12-02 15:17:15,727] {dag.py:1832} INFO - Sync 1 DAGs
[2021-12-02 15:17:15,737] {logging_mixin.py:104} INFO - [2021-12-02 15:17:15,737] {dag.py:2305} INFO - Setting next_dagrun for tutorial_etl_dag to None
[2021-12-02 15:17:15,770] {scheduler_job.py:190} INFO - Processing /home/agalli/sandbox/lib/python3.6/site-packages/airflow/example_dags/tutorial_etl_dag.py took 0.075 seconds
[2021-12-02 15:17:47,627] {scheduler_job.py:182} INFO - Started process (PID=2949) to work on /home/agalli/sandbox/lib/python3.6/site-packages/airflow/example_dags/tutorial_etl_dag.py
[2021-12-02 15:17:47,629] {scheduler_job.py:633} INFO - Processing file /home/agalli/sandbox/lib/python3.6/site-packages/airflow/example_dags/tutorial_etl_dag.py for tasks to queue
[2021-12-02 15:17:47,631] {logging_mixin.py:104} INFO - [2021-12-02 15:17:47,630] {dagbag.py:487} INFO - Filling up the DagBag from /home/agalli/sandbox/lib/python3.6/site-packages/airflow/example_dags/tutorial_etl_dag.py
[2021-12-02 15:17:47,644] {scheduler_job.py:643} INFO - DAG(s) dict_keys(['tutorial_etl_dag']) retrieved from /home/agalli/sandbox/lib/python3.6/site-packages/airflow/example_dags/tutorial_etl_dag.py
[2021-12-02 15:17:47,665] {logging_mixin.py:104} INFO - [2021-12-02 15:17:47,665] {dag.py:1832} INFO - Sync 1 DAGs
[2021-12-02 15:17:47,678] {logging_mixin.py:104} INFO - [2021-12-02 15:17:47,677] {dag.py:2305} INFO - Setting next_dagrun for tutorial_etl_dag to None
[2021-12-02 15:17:47,698] {scheduler_job.py:190} INFO - Processing /home/agalli/sandbox/lib/python3.6/site-packages/airflow/example_dags/tutorial_etl_dag.py took 0.074 seconds
[2021-12-02 15:18:19,556] {scheduler_job.py:182} INFO - Started process (PID=2978) to work on /home/agalli/sandbox/lib/python3.6/site-packages/airflow/example_dags/tutorial_etl_dag.py
[2021-12-02 15:18:19,558] {scheduler_job.py:633} INFO - Processing file /home/agalli/sandbox/lib/python3.6/site-packages/airflow/example_dags/tutorial_etl_dag.py for tasks to queue
[2021-12-02 15:18:19,558] {logging_mixin.py:104} INFO - [2021-12-02 15:18:19,558] {dagbag.py:487} INFO - Filling up the DagBag from /home/agalli/sandbox/lib/python3.6/site-packages/airflow/example_dags/tutorial_etl_dag.py
[2021-12-02 15:18:19,567] {scheduler_job.py:643} INFO - DAG(s) dict_keys(['tutorial_etl_dag']) retrieved from /home/agalli/sandbox/lib/python3.6/site-packages/airflow/example_dags/tutorial_etl_dag.py
[2021-12-02 15:18:19,580] {logging_mixin.py:104} INFO - [2021-12-02 15:18:19,580] {dag.py:1832} INFO - Sync 1 DAGs
[2021-12-02 15:18:19,590] {logging_mixin.py:104} INFO - [2021-12-02 15:18:19,590] {dag.py:2305} INFO - Setting next_dagrun for tutorial_etl_dag to None
[2021-12-02 15:18:19,607] {scheduler_job.py:190} INFO - Processing /home/agalli/sandbox/lib/python3.6/site-packages/airflow/example_dags/tutorial_etl_dag.py took 0.054 seconds
[2021-12-02 15:18:52,242] {scheduler_job.py:182} INFO - Started process (PID=3007) to work on /home/agalli/sandbox/lib/python3.6/site-packages/airflow/example_dags/tutorial_etl_dag.py
[2021-12-02 15:18:52,244] {scheduler_job.py:633} INFO - Processing file /home/agalli/sandbox/lib/python3.6/site-packages/airflow/example_dags/tutorial_etl_dag.py for tasks to queue
[2021-12-02 15:18:52,244] {logging_mixin.py:104} INFO - [2021-12-02 15:18:52,244] {dagbag.py:487} INFO - Filling up the DagBag from /home/agalli/sandbox/lib/python3.6/site-packages/airflow/example_dags/tutorial_etl_dag.py
[2021-12-02 15:18:52,253] {scheduler_job.py:643} INFO - DAG(s) dict_keys(['tutorial_etl_dag']) retrieved from /home/agalli/sandbox/lib/python3.6/site-packages/airflow/example_dags/tutorial_etl_dag.py
[2021-12-02 15:18:52,269] {logging_mixin.py:104} INFO - [2021-12-02 15:18:52,269] {dag.py:1832} INFO - Sync 1 DAGs
[2021-12-02 15:18:52,288] {logging_mixin.py:104} INFO - [2021-12-02 15:18:52,288] {dag.py:2305} INFO - Setting next_dagrun for tutorial_etl_dag to None
[2021-12-02 15:18:52,311] {scheduler_job.py:190} INFO - Processing /home/agalli/sandbox/lib/python3.6/site-packages/airflow/example_dags/tutorial_etl_dag.py took 0.072 seconds
[2021-12-02 15:19:23,567] {scheduler_job.py:182} INFO - Started process (PID=3035) to work on /home/agalli/sandbox/lib/python3.6/site-packages/airflow/example_dags/tutorial_etl_dag.py
[2021-12-02 15:19:23,569] {scheduler_job.py:633} INFO - Processing file /home/agalli/sandbox/lib/python3.6/site-packages/airflow/example_dags/tutorial_etl_dag.py for tasks to queue
[2021-12-02 15:19:23,570] {logging_mixin.py:104} INFO - [2021-12-02 15:19:23,570] {dagbag.py:487} INFO - Filling up the DagBag from /home/agalli/sandbox/lib/python3.6/site-packages/airflow/example_dags/tutorial_etl_dag.py
[2021-12-02 15:19:23,582] {scheduler_job.py:643} INFO - DAG(s) dict_keys(['tutorial_etl_dag']) retrieved from /home/agalli/sandbox/lib/python3.6/site-packages/airflow/example_dags/tutorial_etl_dag.py
[2021-12-02 15:19:23,602] {logging_mixin.py:104} INFO - [2021-12-02 15:19:23,601] {dag.py:1832} INFO - Sync 1 DAGs
[2021-12-02 15:19:23,616] {logging_mixin.py:104} INFO - [2021-12-02 15:19:23,616] {dag.py:2305} INFO - Setting next_dagrun for tutorial_etl_dag to None
[2021-12-02 15:19:23,641] {scheduler_job.py:190} INFO - Processing /home/agalli/sandbox/lib/python3.6/site-packages/airflow/example_dags/tutorial_etl_dag.py took 0.079 seconds
[2021-12-02 15:19:56,512] {scheduler_job.py:182} INFO - Started process (PID=3062) to work on /home/agalli/sandbox/lib/python3.6/site-packages/airflow/example_dags/tutorial_etl_dag.py
[2021-12-02 15:19:56,516] {scheduler_job.py:633} INFO - Processing file /home/agalli/sandbox/lib/python3.6/site-packages/airflow/example_dags/tutorial_etl_dag.py for tasks to queue
[2021-12-02 15:19:56,519] {logging_mixin.py:104} INFO - [2021-12-02 15:19:56,518] {dagbag.py:487} INFO - Filling up the DagBag from /home/agalli/sandbox/lib/python3.6/site-packages/airflow/example_dags/tutorial_etl_dag.py
[2021-12-02 15:19:56,549] {scheduler_job.py:643} INFO - DAG(s) dict_keys(['tutorial_etl_dag']) retrieved from /home/agalli/sandbox/lib/python3.6/site-packages/airflow/example_dags/tutorial_etl_dag.py
[2021-12-02 15:19:56,578] {logging_mixin.py:104} INFO - [2021-12-02 15:19:56,578] {dag.py:1832} INFO - Sync 1 DAGs
[2021-12-02 15:19:56,594] {logging_mixin.py:104} INFO - [2021-12-02 15:19:56,594] {dag.py:2305} INFO - Setting next_dagrun for tutorial_etl_dag to None
[2021-12-02 15:19:56,626] {scheduler_job.py:190} INFO - Processing /home/agalli/sandbox/lib/python3.6/site-packages/airflow/example_dags/tutorial_etl_dag.py took 0.130 seconds
[2021-12-02 15:20:32,294] {scheduler_job.py:182} INFO - Started process (PID=3088) to work on /home/agalli/sandbox/lib/python3.6/site-packages/airflow/example_dags/tutorial_etl_dag.py
[2021-12-02 15:20:32,296] {scheduler_job.py:633} INFO - Processing file /home/agalli/sandbox/lib/python3.6/site-packages/airflow/example_dags/tutorial_etl_dag.py for tasks to queue
[2021-12-02 15:20:32,299] {logging_mixin.py:104} INFO - [2021-12-02 15:20:32,299] {dagbag.py:487} INFO - Filling up the DagBag from /home/agalli/sandbox/lib/python3.6/site-packages/airflow/example_dags/tutorial_etl_dag.py
[2021-12-02 15:20:32,318] {scheduler_job.py:643} INFO - DAG(s) dict_keys(['tutorial_etl_dag']) retrieved from /home/agalli/sandbox/lib/python3.6/site-packages/airflow/example_dags/tutorial_etl_dag.py
[2021-12-02 15:20:32,373] {logging_mixin.py:104} INFO - [2021-12-02 15:20:32,373] {dag.py:1832} INFO - Sync 1 DAGs
[2021-12-02 15:20:32,406] {logging_mixin.py:104} INFO - [2021-12-02 15:20:32,406] {dag.py:2305} INFO - Setting next_dagrun for tutorial_etl_dag to None
[2021-12-02 15:20:32,448] {scheduler_job.py:190} INFO - Processing /home/agalli/sandbox/lib/python3.6/site-packages/airflow/example_dags/tutorial_etl_dag.py took 0.158 seconds
