[2021-12-02 14:51:08,483] {scheduler_job.py:182} INFO - Started process (PID=1572) to work on /home/agalli/sandbox/lib/python3.6/site-packages/airflow/example_dags/tutorial.py
[2021-12-02 14:51:08,488] {scheduler_job.py:633} INFO - Processing file /home/agalli/sandbox/lib/python3.6/site-packages/airflow/example_dags/tutorial.py for tasks to queue
[2021-12-02 14:51:08,489] {logging_mixin.py:104} INFO - [2021-12-02 14:51:08,488] {dagbag.py:487} INFO - Filling up the DagBag from /home/agalli/sandbox/lib/python3.6/site-packages/airflow/example_dags/tutorial.py
[2021-12-02 14:51:08,503] {scheduler_job.py:643} INFO - DAG(s) dict_keys(['tutorial']) retrieved from /home/agalli/sandbox/lib/python3.6/site-packages/airflow/example_dags/tutorial.py
[2021-12-02 14:51:08,533] {logging_mixin.py:104} INFO - [2021-12-02 14:51:08,532] {dag.py:1832} INFO - Sync 1 DAGs
[2021-12-02 14:51:08,568] {logging_mixin.py:104} INFO - [2021-12-02 14:51:08,567] {dag.py:2305} INFO - Setting next_dagrun for tutorial to 2021-11-30 00:00:00+00:00
[2021-12-02 14:51:08,594] {scheduler_job.py:190} INFO - Processing /home/agalli/sandbox/lib/python3.6/site-packages/airflow/example_dags/tutorial.py took 0.114 seconds
[2021-12-02 14:51:57,229] {scheduler_job.py:182} INFO - Started process (PID=1665) to work on /home/agalli/sandbox/lib/python3.6/site-packages/airflow/example_dags/tutorial.py
[2021-12-02 14:51:57,231] {scheduler_job.py:633} INFO - Processing file /home/agalli/sandbox/lib/python3.6/site-packages/airflow/example_dags/tutorial.py for tasks to queue
[2021-12-02 14:51:57,231] {logging_mixin.py:104} INFO - [2021-12-02 14:51:57,231] {dagbag.py:487} INFO - Filling up the DagBag from /home/agalli/sandbox/lib/python3.6/site-packages/airflow/example_dags/tutorial.py
[2021-12-02 14:51:57,249] {scheduler_job.py:643} INFO - DAG(s) dict_keys(['tutorial']) retrieved from /home/agalli/sandbox/lib/python3.6/site-packages/airflow/example_dags/tutorial.py
[2021-12-02 14:51:57,272] {logging_mixin.py:104} INFO - [2021-12-02 14:51:57,272] {dag.py:1832} INFO - Sync 1 DAGs
[2021-12-02 14:51:57,294] {logging_mixin.py:104} INFO - [2021-12-02 14:51:57,294] {dag.py:2305} INFO - Setting next_dagrun for tutorial to 2021-11-30 00:00:00+00:00
[2021-12-02 14:51:57,317] {scheduler_job.py:190} INFO - Processing /home/agalli/sandbox/lib/python3.6/site-packages/airflow/example_dags/tutorial.py took 0.092 seconds
[2021-12-02 14:52:29,663] {scheduler_job.py:182} INFO - Started process (PID=1708) to work on /home/agalli/sandbox/lib/python3.6/site-packages/airflow/example_dags/tutorial.py
[2021-12-02 14:52:29,664] {scheduler_job.py:633} INFO - Processing file /home/agalli/sandbox/lib/python3.6/site-packages/airflow/example_dags/tutorial.py for tasks to queue
[2021-12-02 14:52:29,665] {logging_mixin.py:104} INFO - [2021-12-02 14:52:29,665] {dagbag.py:487} INFO - Filling up the DagBag from /home/agalli/sandbox/lib/python3.6/site-packages/airflow/example_dags/tutorial.py
[2021-12-02 14:52:29,681] {scheduler_job.py:643} INFO - DAG(s) dict_keys(['tutorial']) retrieved from /home/agalli/sandbox/lib/python3.6/site-packages/airflow/example_dags/tutorial.py
[2021-12-02 14:52:29,698] {logging_mixin.py:104} INFO - [2021-12-02 14:52:29,698] {dag.py:1832} INFO - Sync 1 DAGs
[2021-12-02 14:52:29,716] {logging_mixin.py:104} INFO - [2021-12-02 14:52:29,716] {dag.py:2305} INFO - Setting next_dagrun for tutorial to 2021-11-30 00:00:00+00:00
[2021-12-02 14:52:29,756] {scheduler_job.py:190} INFO - Processing /home/agalli/sandbox/lib/python3.6/site-packages/airflow/example_dags/tutorial.py took 0.097 seconds
[2021-12-02 14:53:05,630] {scheduler_job.py:182} INFO - Started process (PID=1739) to work on /home/agalli/sandbox/lib/python3.6/site-packages/airflow/example_dags/tutorial.py
[2021-12-02 14:53:05,631] {scheduler_job.py:633} INFO - Processing file /home/agalli/sandbox/lib/python3.6/site-packages/airflow/example_dags/tutorial.py for tasks to queue
[2021-12-02 14:53:05,632] {logging_mixin.py:104} INFO - [2021-12-02 14:53:05,632] {dagbag.py:487} INFO - Filling up the DagBag from /home/agalli/sandbox/lib/python3.6/site-packages/airflow/example_dags/tutorial.py
[2021-12-02 14:53:05,653] {scheduler_job.py:643} INFO - DAG(s) dict_keys(['tutorial']) retrieved from /home/agalli/sandbox/lib/python3.6/site-packages/airflow/example_dags/tutorial.py
[2021-12-02 14:53:05,675] {logging_mixin.py:104} INFO - [2021-12-02 14:53:05,675] {dag.py:1832} INFO - Sync 1 DAGs
[2021-12-02 14:53:05,696] {logging_mixin.py:104} INFO - [2021-12-02 14:53:05,696] {dag.py:2305} INFO - Setting next_dagrun for tutorial to 2021-11-30 00:00:00+00:00
[2021-12-02 14:53:05,720] {scheduler_job.py:190} INFO - Processing /home/agalli/sandbox/lib/python3.6/site-packages/airflow/example_dags/tutorial.py took 0.095 seconds
[2021-12-02 14:53:40,824] {scheduler_job.py:182} INFO - Started process (PID=1769) to work on /home/agalli/sandbox/lib/python3.6/site-packages/airflow/example_dags/tutorial.py
[2021-12-02 14:53:40,825] {scheduler_job.py:633} INFO - Processing file /home/agalli/sandbox/lib/python3.6/site-packages/airflow/example_dags/tutorial.py for tasks to queue
[2021-12-02 14:53:40,826] {logging_mixin.py:104} INFO - [2021-12-02 14:53:40,826] {dagbag.py:487} INFO - Filling up the DagBag from /home/agalli/sandbox/lib/python3.6/site-packages/airflow/example_dags/tutorial.py
[2021-12-02 14:53:40,842] {scheduler_job.py:643} INFO - DAG(s) dict_keys(['tutorial']) retrieved from /home/agalli/sandbox/lib/python3.6/site-packages/airflow/example_dags/tutorial.py
[2021-12-02 14:53:40,860] {logging_mixin.py:104} INFO - [2021-12-02 14:53:40,860] {dag.py:1832} INFO - Sync 1 DAGs
[2021-12-02 14:53:40,884] {logging_mixin.py:104} INFO - [2021-12-02 14:53:40,884] {dag.py:2305} INFO - Setting next_dagrun for tutorial to 2021-11-30 00:00:00+00:00
[2021-12-02 14:53:40,910] {scheduler_job.py:190} INFO - Processing /home/agalli/sandbox/lib/python3.6/site-packages/airflow/example_dags/tutorial.py took 0.090 seconds
[2021-12-02 14:54:15,459] {scheduler_job.py:182} INFO - Started process (PID=1800) to work on /home/agalli/sandbox/lib/python3.6/site-packages/airflow/example_dags/tutorial.py
[2021-12-02 14:54:15,460] {scheduler_job.py:633} INFO - Processing file /home/agalli/sandbox/lib/python3.6/site-packages/airflow/example_dags/tutorial.py for tasks to queue
[2021-12-02 14:54:15,461] {logging_mixin.py:104} INFO - [2021-12-02 14:54:15,461] {dagbag.py:487} INFO - Filling up the DagBag from /home/agalli/sandbox/lib/python3.6/site-packages/airflow/example_dags/tutorial.py
[2021-12-02 14:54:15,474] {scheduler_job.py:643} INFO - DAG(s) dict_keys(['tutorial']) retrieved from /home/agalli/sandbox/lib/python3.6/site-packages/airflow/example_dags/tutorial.py
[2021-12-02 14:54:15,495] {logging_mixin.py:104} INFO - [2021-12-02 14:54:15,495] {dag.py:1832} INFO - Sync 1 DAGs
[2021-12-02 14:54:15,529] {logging_mixin.py:104} INFO - [2021-12-02 14:54:15,529] {dag.py:2305} INFO - Setting next_dagrun for tutorial to 2021-11-30 00:00:00+00:00
[2021-12-02 14:54:15,554] {scheduler_job.py:190} INFO - Processing /home/agalli/sandbox/lib/python3.6/site-packages/airflow/example_dags/tutorial.py took 0.098 seconds
[2021-12-02 14:54:54,422] {scheduler_job.py:182} INFO - Started process (PID=1830) to work on /home/agalli/sandbox/lib/python3.6/site-packages/airflow/example_dags/tutorial.py
[2021-12-02 14:54:54,426] {scheduler_job.py:633} INFO - Processing file /home/agalli/sandbox/lib/python3.6/site-packages/airflow/example_dags/tutorial.py for tasks to queue
[2021-12-02 14:54:54,437] {logging_mixin.py:104} INFO - [2021-12-02 14:54:54,437] {dagbag.py:487} INFO - Filling up the DagBag from /home/agalli/sandbox/lib/python3.6/site-packages/airflow/example_dags/tutorial.py
[2021-12-02 14:54:54,533] {scheduler_job.py:643} INFO - DAG(s) dict_keys(['tutorial']) retrieved from /home/agalli/sandbox/lib/python3.6/site-packages/airflow/example_dags/tutorial.py
[2021-12-02 14:54:54,635] {logging_mixin.py:104} INFO - [2021-12-02 14:54:54,635] {dag.py:1832} INFO - Sync 1 DAGs
[2021-12-02 14:54:54,759] {logging_mixin.py:104} INFO - [2021-12-02 14:54:54,758] {dag.py:2305} INFO - Setting next_dagrun for tutorial to 2021-11-30 00:00:00+00:00
[2021-12-02 14:54:54,862] {scheduler_job.py:190} INFO - Processing /home/agalli/sandbox/lib/python3.6/site-packages/airflow/example_dags/tutorial.py took 0.457 seconds
[2021-12-02 14:55:35,480] {scheduler_job.py:182} INFO - Started process (PID=1953) to work on /home/agalli/sandbox/lib/python3.6/site-packages/airflow/example_dags/tutorial.py
[2021-12-02 14:55:35,487] {scheduler_job.py:633} INFO - Processing file /home/agalli/sandbox/lib/python3.6/site-packages/airflow/example_dags/tutorial.py for tasks to queue
[2021-12-02 14:55:35,490] {logging_mixin.py:104} INFO - [2021-12-02 14:55:35,490] {dagbag.py:487} INFO - Filling up the DagBag from /home/agalli/sandbox/lib/python3.6/site-packages/airflow/example_dags/tutorial.py
[2021-12-02 14:55:35,551] {scheduler_job.py:643} INFO - DAG(s) dict_keys(['tutorial']) retrieved from /home/agalli/sandbox/lib/python3.6/site-packages/airflow/example_dags/tutorial.py
[2021-12-02 14:55:35,612] {logging_mixin.py:104} INFO - [2021-12-02 14:55:35,611] {dag.py:1832} INFO - Sync 1 DAGs
[2021-12-02 14:55:35,693] {logging_mixin.py:104} INFO - [2021-12-02 14:55:35,693] {dag.py:2305} INFO - Setting next_dagrun for tutorial to 2021-11-30 00:00:00+00:00
[2021-12-02 14:55:35,763] {scheduler_job.py:190} INFO - Processing /home/agalli/sandbox/lib/python3.6/site-packages/airflow/example_dags/tutorial.py took 0.306 seconds
[2021-12-02 14:56:10,825] {scheduler_job.py:182} INFO - Started process (PID=1981) to work on /home/agalli/sandbox/lib/python3.6/site-packages/airflow/example_dags/tutorial.py
[2021-12-02 14:56:10,826] {scheduler_job.py:633} INFO - Processing file /home/agalli/sandbox/lib/python3.6/site-packages/airflow/example_dags/tutorial.py for tasks to queue
[2021-12-02 14:56:10,827] {logging_mixin.py:104} INFO - [2021-12-02 14:56:10,827] {dagbag.py:487} INFO - Filling up the DagBag from /home/agalli/sandbox/lib/python3.6/site-packages/airflow/example_dags/tutorial.py
[2021-12-02 14:56:10,852] {scheduler_job.py:643} INFO - DAG(s) dict_keys(['tutorial']) retrieved from /home/agalli/sandbox/lib/python3.6/site-packages/airflow/example_dags/tutorial.py
[2021-12-02 14:56:10,880] {logging_mixin.py:104} INFO - [2021-12-02 14:56:10,880] {dag.py:1832} INFO - Sync 1 DAGs
[2021-12-02 14:56:10,899] {logging_mixin.py:104} INFO - [2021-12-02 14:56:10,899] {dag.py:2305} INFO - Setting next_dagrun for tutorial to 2021-11-30 00:00:00+00:00
[2021-12-02 14:56:10,929] {scheduler_job.py:190} INFO - Processing /home/agalli/sandbox/lib/python3.6/site-packages/airflow/example_dags/tutorial.py took 0.109 seconds
[2021-12-02 14:56:47,448] {scheduler_job.py:182} INFO - Started process (PID=2008) to work on /home/agalli/sandbox/lib/python3.6/site-packages/airflow/example_dags/tutorial.py
[2021-12-02 14:56:47,450] {scheduler_job.py:633} INFO - Processing file /home/agalli/sandbox/lib/python3.6/site-packages/airflow/example_dags/tutorial.py for tasks to queue
[2021-12-02 14:56:47,451] {logging_mixin.py:104} INFO - [2021-12-02 14:56:47,451] {dagbag.py:487} INFO - Filling up the DagBag from /home/agalli/sandbox/lib/python3.6/site-packages/airflow/example_dags/tutorial.py
[2021-12-02 14:56:47,481] {scheduler_job.py:643} INFO - DAG(s) dict_keys(['tutorial']) retrieved from /home/agalli/sandbox/lib/python3.6/site-packages/airflow/example_dags/tutorial.py
[2021-12-02 14:56:47,516] {logging_mixin.py:104} INFO - [2021-12-02 14:56:47,515] {dag.py:1832} INFO - Sync 1 DAGs
[2021-12-02 14:56:47,547] {logging_mixin.py:104} INFO - [2021-12-02 14:56:47,546] {dag.py:2305} INFO - Setting next_dagrun for tutorial to 2021-11-30 00:00:00+00:00
[2021-12-02 14:56:47,586] {scheduler_job.py:190} INFO - Processing /home/agalli/sandbox/lib/python3.6/site-packages/airflow/example_dags/tutorial.py took 0.149 seconds
[2021-12-02 14:57:21,396] {scheduler_job.py:182} INFO - Started process (PID=2035) to work on /home/agalli/sandbox/lib/python3.6/site-packages/airflow/example_dags/tutorial.py
[2021-12-02 14:57:21,398] {scheduler_job.py:633} INFO - Processing file /home/agalli/sandbox/lib/python3.6/site-packages/airflow/example_dags/tutorial.py for tasks to queue
[2021-12-02 14:57:21,399] {logging_mixin.py:104} INFO - [2021-12-02 14:57:21,399] {dagbag.py:487} INFO - Filling up the DagBag from /home/agalli/sandbox/lib/python3.6/site-packages/airflow/example_dags/tutorial.py
[2021-12-02 14:57:21,420] {scheduler_job.py:643} INFO - DAG(s) dict_keys(['tutorial']) retrieved from /home/agalli/sandbox/lib/python3.6/site-packages/airflow/example_dags/tutorial.py
[2021-12-02 14:57:21,462] {logging_mixin.py:104} INFO - [2021-12-02 14:57:21,462] {dag.py:1832} INFO - Sync 1 DAGs
[2021-12-02 14:57:21,494] {logging_mixin.py:104} INFO - [2021-12-02 14:57:21,494] {dag.py:2305} INFO - Setting next_dagrun for tutorial to 2021-11-30 00:00:00+00:00
[2021-12-02 14:57:21,531] {scheduler_job.py:190} INFO - Processing /home/agalli/sandbox/lib/python3.6/site-packages/airflow/example_dags/tutorial.py took 0.139 seconds
[2021-12-02 14:57:58,758] {scheduler_job.py:182} INFO - Started process (PID=2064) to work on /home/agalli/sandbox/lib/python3.6/site-packages/airflow/example_dags/tutorial.py
[2021-12-02 14:57:58,764] {scheduler_job.py:633} INFO - Processing file /home/agalli/sandbox/lib/python3.6/site-packages/airflow/example_dags/tutorial.py for tasks to queue
[2021-12-02 14:57:58,766] {logging_mixin.py:104} INFO - [2021-12-02 14:57:58,766] {dagbag.py:487} INFO - Filling up the DagBag from /home/agalli/sandbox/lib/python3.6/site-packages/airflow/example_dags/tutorial.py
[2021-12-02 14:57:58,825] {scheduler_job.py:643} INFO - DAG(s) dict_keys(['tutorial']) retrieved from /home/agalli/sandbox/lib/python3.6/site-packages/airflow/example_dags/tutorial.py
[2021-12-02 14:57:58,863] {logging_mixin.py:104} INFO - [2021-12-02 14:57:58,863] {dag.py:1832} INFO - Sync 1 DAGs
[2021-12-02 14:57:58,917] {logging_mixin.py:104} INFO - [2021-12-02 14:57:58,917] {dag.py:2305} INFO - Setting next_dagrun for tutorial to 2021-11-30 00:00:00+00:00
[2021-12-02 14:57:58,964] {scheduler_job.py:190} INFO - Processing /home/agalli/sandbox/lib/python3.6/site-packages/airflow/example_dags/tutorial.py took 0.214 seconds
[2021-12-02 14:58:51,551] {scheduler_job.py:182} INFO - Started process (PID=2094) to work on /home/agalli/sandbox/lib/python3.6/site-packages/airflow/example_dags/tutorial.py
[2021-12-02 14:58:51,555] {scheduler_job.py:633} INFO - Processing file /home/agalli/sandbox/lib/python3.6/site-packages/airflow/example_dags/tutorial.py for tasks to queue
[2021-12-02 14:58:51,568] {logging_mixin.py:104} INFO - [2021-12-02 14:58:51,568] {dagbag.py:487} INFO - Filling up the DagBag from /home/agalli/sandbox/lib/python3.6/site-packages/airflow/example_dags/tutorial.py
[2021-12-02 14:58:51,680] {scheduler_job.py:643} INFO - DAG(s) dict_keys(['tutorial']) retrieved from /home/agalli/sandbox/lib/python3.6/site-packages/airflow/example_dags/tutorial.py
[2021-12-02 14:58:51,794] {logging_mixin.py:104} INFO - [2021-12-02 14:58:51,793] {dag.py:1832} INFO - Sync 1 DAGs
[2021-12-02 14:58:51,956] {logging_mixin.py:104} INFO - [2021-12-02 14:58:51,955] {dag.py:2305} INFO - Setting next_dagrun for tutorial to 2021-11-30 00:00:00+00:00
[2021-12-02 14:58:52,098] {scheduler_job.py:190} INFO - Processing /home/agalli/sandbox/lib/python3.6/site-packages/airflow/example_dags/tutorial.py took 0.577 seconds
[2021-12-02 14:59:53,070] {scheduler_job.py:182} INFO - Started process (PID=2127) to work on /home/agalli/sandbox/lib/python3.6/site-packages/airflow/example_dags/tutorial.py
[2021-12-02 14:59:53,079] {scheduler_job.py:633} INFO - Processing file /home/agalli/sandbox/lib/python3.6/site-packages/airflow/example_dags/tutorial.py for tasks to queue
[2021-12-02 14:59:53,082] {logging_mixin.py:104} INFO - [2021-12-02 14:59:53,081] {dagbag.py:487} INFO - Filling up the DagBag from /home/agalli/sandbox/lib/python3.6/site-packages/airflow/example_dags/tutorial.py
[2021-12-02 14:59:53,102] {scheduler_job.py:643} INFO - DAG(s) dict_keys(['tutorial']) retrieved from /home/agalli/sandbox/lib/python3.6/site-packages/airflow/example_dags/tutorial.py
[2021-12-02 14:59:53,135] {logging_mixin.py:104} INFO - [2021-12-02 14:59:53,135] {dag.py:1832} INFO - Sync 1 DAGs
[2021-12-02 14:59:53,169] {logging_mixin.py:104} INFO - [2021-12-02 14:59:53,169] {dag.py:2305} INFO - Setting next_dagrun for tutorial to 2021-11-30 00:00:00+00:00
[2021-12-02 14:59:53,213] {scheduler_job.py:190} INFO - Processing /home/agalli/sandbox/lib/python3.6/site-packages/airflow/example_dags/tutorial.py took 0.148 seconds
[2021-12-02 15:00:33,793] {scheduler_job.py:182} INFO - Started process (PID=2158) to work on /home/agalli/sandbox/lib/python3.6/site-packages/airflow/example_dags/tutorial.py
[2021-12-02 15:00:33,794] {scheduler_job.py:633} INFO - Processing file /home/agalli/sandbox/lib/python3.6/site-packages/airflow/example_dags/tutorial.py for tasks to queue
[2021-12-02 15:00:33,795] {logging_mixin.py:104} INFO - [2021-12-02 15:00:33,795] {dagbag.py:487} INFO - Filling up the DagBag from /home/agalli/sandbox/lib/python3.6/site-packages/airflow/example_dags/tutorial.py
[2021-12-02 15:00:33,825] {scheduler_job.py:643} INFO - DAG(s) dict_keys(['tutorial']) retrieved from /home/agalli/sandbox/lib/python3.6/site-packages/airflow/example_dags/tutorial.py
[2021-12-02 15:00:33,869] {logging_mixin.py:104} INFO - [2021-12-02 15:00:33,869] {dag.py:1832} INFO - Sync 1 DAGs
[2021-12-02 15:00:33,921] {logging_mixin.py:104} INFO - [2021-12-02 15:00:33,921] {dag.py:2305} INFO - Setting next_dagrun for tutorial to 2021-11-30 00:00:00+00:00
[2021-12-02 15:00:33,965] {scheduler_job.py:190} INFO - Processing /home/agalli/sandbox/lib/python3.6/site-packages/airflow/example_dags/tutorial.py took 0.179 seconds
[2021-12-02 15:01:16,256] {scheduler_job.py:182} INFO - Started process (PID=2190) to work on /home/agalli/sandbox/lib/python3.6/site-packages/airflow/example_dags/tutorial.py
[2021-12-02 15:01:16,259] {scheduler_job.py:633} INFO - Processing file /home/agalli/sandbox/lib/python3.6/site-packages/airflow/example_dags/tutorial.py for tasks to queue
[2021-12-02 15:01:16,260] {logging_mixin.py:104} INFO - [2021-12-02 15:01:16,260] {dagbag.py:487} INFO - Filling up the DagBag from /home/agalli/sandbox/lib/python3.6/site-packages/airflow/example_dags/tutorial.py
[2021-12-02 15:01:16,306] {scheduler_job.py:643} INFO - DAG(s) dict_keys(['tutorial']) retrieved from /home/agalli/sandbox/lib/python3.6/site-packages/airflow/example_dags/tutorial.py
[2021-12-02 15:01:16,345] {logging_mixin.py:104} INFO - [2021-12-02 15:01:16,345] {dag.py:1832} INFO - Sync 1 DAGs
[2021-12-02 15:01:16,382] {logging_mixin.py:104} INFO - [2021-12-02 15:01:16,382] {dag.py:2305} INFO - Setting next_dagrun for tutorial to 2021-11-30 00:00:00+00:00
[2021-12-02 15:01:16,483] {scheduler_job.py:190} INFO - Processing /home/agalli/sandbox/lib/python3.6/site-packages/airflow/example_dags/tutorial.py took 0.235 seconds
[2021-12-02 15:03:59,743] {scheduler_job.py:182} INFO - Started process (PID=2294) to work on /home/agalli/sandbox/lib/python3.6/site-packages/airflow/example_dags/tutorial.py
[2021-12-02 15:03:59,750] {scheduler_job.py:633} INFO - Processing file /home/agalli/sandbox/lib/python3.6/site-packages/airflow/example_dags/tutorial.py for tasks to queue
[2021-12-02 15:03:59,753] {logging_mixin.py:104} INFO - [2021-12-02 15:03:59,752] {dagbag.py:487} INFO - Filling up the DagBag from /home/agalli/sandbox/lib/python3.6/site-packages/airflow/example_dags/tutorial.py
[2021-12-02 15:03:59,772] {scheduler_job.py:643} INFO - DAG(s) dict_keys(['tutorial']) retrieved from /home/agalli/sandbox/lib/python3.6/site-packages/airflow/example_dags/tutorial.py
[2021-12-02 15:03:59,818] {logging_mixin.py:104} INFO - [2021-12-02 15:03:59,818] {dag.py:1832} INFO - Sync 1 DAGs
[2021-12-02 15:03:59,837] {logging_mixin.py:104} INFO - [2021-12-02 15:03:59,836] {dag.py:2305} INFO - Setting next_dagrun for tutorial to 2021-11-30 00:00:00+00:00
[2021-12-02 15:04:00,253] {scheduler_job.py:190} INFO - Processing /home/agalli/sandbox/lib/python3.6/site-packages/airflow/example_dags/tutorial.py took 0.518 seconds
[2021-12-02 15:04:51,943] {scheduler_job.py:182} INFO - Started process (PID=2325) to work on /home/agalli/sandbox/lib/python3.6/site-packages/airflow/example_dags/tutorial.py
[2021-12-02 15:04:51,945] {scheduler_job.py:633} INFO - Processing file /home/agalli/sandbox/lib/python3.6/site-packages/airflow/example_dags/tutorial.py for tasks to queue
[2021-12-02 15:04:51,946] {logging_mixin.py:104} INFO - [2021-12-02 15:04:51,946] {dagbag.py:487} INFO - Filling up the DagBag from /home/agalli/sandbox/lib/python3.6/site-packages/airflow/example_dags/tutorial.py
[2021-12-02 15:04:51,960] {scheduler_job.py:643} INFO - DAG(s) dict_keys(['tutorial']) retrieved from /home/agalli/sandbox/lib/python3.6/site-packages/airflow/example_dags/tutorial.py
[2021-12-02 15:04:51,983] {logging_mixin.py:104} INFO - [2021-12-02 15:04:51,983] {dag.py:1832} INFO - Sync 1 DAGs
[2021-12-02 15:04:52,003] {logging_mixin.py:104} INFO - [2021-12-02 15:04:52,002] {dag.py:2305} INFO - Setting next_dagrun for tutorial to 2021-11-30 00:00:00+00:00
[2021-12-02 15:04:52,028] {scheduler_job.py:190} INFO - Processing /home/agalli/sandbox/lib/python3.6/site-packages/airflow/example_dags/tutorial.py took 0.090 seconds
[2021-12-02 15:05:36,633] {scheduler_job.py:182} INFO - Started process (PID=2356) to work on /home/agalli/sandbox/lib/python3.6/site-packages/airflow/example_dags/tutorial.py
[2021-12-02 15:05:36,635] {scheduler_job.py:633} INFO - Processing file /home/agalli/sandbox/lib/python3.6/site-packages/airflow/example_dags/tutorial.py for tasks to queue
[2021-12-02 15:05:36,636] {logging_mixin.py:104} INFO - [2021-12-02 15:05:36,636] {dagbag.py:487} INFO - Filling up the DagBag from /home/agalli/sandbox/lib/python3.6/site-packages/airflow/example_dags/tutorial.py
[2021-12-02 15:05:36,662] {scheduler_job.py:643} INFO - DAG(s) dict_keys(['tutorial']) retrieved from /home/agalli/sandbox/lib/python3.6/site-packages/airflow/example_dags/tutorial.py
[2021-12-02 15:05:36,707] {logging_mixin.py:104} INFO - [2021-12-02 15:05:36,707] {dag.py:1832} INFO - Sync 1 DAGs
[2021-12-02 15:05:36,727] {logging_mixin.py:104} INFO - [2021-12-02 15:05:36,727] {dag.py:2305} INFO - Setting next_dagrun for tutorial to 2021-11-30 00:00:00+00:00
[2021-12-02 15:05:36,783] {scheduler_job.py:190} INFO - Processing /home/agalli/sandbox/lib/python3.6/site-packages/airflow/example_dags/tutorial.py took 0.162 seconds
[2021-12-02 15:06:25,646] {scheduler_job.py:182} INFO - Started process (PID=2388) to work on /home/agalli/sandbox/lib/python3.6/site-packages/airflow/example_dags/tutorial.py
[2021-12-02 15:06:25,650] {scheduler_job.py:633} INFO - Processing file /home/agalli/sandbox/lib/python3.6/site-packages/airflow/example_dags/tutorial.py for tasks to queue
[2021-12-02 15:06:25,653] {logging_mixin.py:104} INFO - [2021-12-02 15:06:25,652] {dagbag.py:487} INFO - Filling up the DagBag from /home/agalli/sandbox/lib/python3.6/site-packages/airflow/example_dags/tutorial.py
[2021-12-02 15:06:25,683] {scheduler_job.py:643} INFO - DAG(s) dict_keys(['tutorial']) retrieved from /home/agalli/sandbox/lib/python3.6/site-packages/airflow/example_dags/tutorial.py
[2021-12-02 15:06:25,721] {logging_mixin.py:104} INFO - [2021-12-02 15:06:25,720] {dag.py:1832} INFO - Sync 1 DAGs
[2021-12-02 15:06:25,745] {logging_mixin.py:104} INFO - [2021-12-02 15:06:25,745] {dag.py:2305} INFO - Setting next_dagrun for tutorial to 2021-11-30 00:00:00+00:00
[2021-12-02 15:06:25,779] {scheduler_job.py:190} INFO - Processing /home/agalli/sandbox/lib/python3.6/site-packages/airflow/example_dags/tutorial.py took 0.145 seconds
[2021-12-02 15:07:13,047] {scheduler_job.py:182} INFO - Started process (PID=2420) to work on /home/agalli/sandbox/lib/python3.6/site-packages/airflow/example_dags/tutorial.py
[2021-12-02 15:07:13,049] {scheduler_job.py:633} INFO - Processing file /home/agalli/sandbox/lib/python3.6/site-packages/airflow/example_dags/tutorial.py for tasks to queue
[2021-12-02 15:07:13,050] {logging_mixin.py:104} INFO - [2021-12-02 15:07:13,050] {dagbag.py:487} INFO - Filling up the DagBag from /home/agalli/sandbox/lib/python3.6/site-packages/airflow/example_dags/tutorial.py
[2021-12-02 15:07:13,068] {scheduler_job.py:643} INFO - DAG(s) dict_keys(['tutorial']) retrieved from /home/agalli/sandbox/lib/python3.6/site-packages/airflow/example_dags/tutorial.py
[2021-12-02 15:07:13,090] {logging_mixin.py:104} INFO - [2021-12-02 15:07:13,089] {dag.py:1832} INFO - Sync 1 DAGs
[2021-12-02 15:07:13,121] {logging_mixin.py:104} INFO - [2021-12-02 15:07:13,121] {dag.py:2305} INFO - Setting next_dagrun for tutorial to 2021-11-30 00:00:00+00:00
[2021-12-02 15:07:13,218] {scheduler_job.py:190} INFO - Processing /home/agalli/sandbox/lib/python3.6/site-packages/airflow/example_dags/tutorial.py took 0.176 seconds
[2021-12-02 15:07:54,321] {scheduler_job.py:182} INFO - Started process (PID=2451) to work on /home/agalli/sandbox/lib/python3.6/site-packages/airflow/example_dags/tutorial.py
[2021-12-02 15:07:54,325] {scheduler_job.py:633} INFO - Processing file /home/agalli/sandbox/lib/python3.6/site-packages/airflow/example_dags/tutorial.py for tasks to queue
[2021-12-02 15:07:54,327] {logging_mixin.py:104} INFO - [2021-12-02 15:07:54,327] {dagbag.py:487} INFO - Filling up the DagBag from /home/agalli/sandbox/lib/python3.6/site-packages/airflow/example_dags/tutorial.py
[2021-12-02 15:07:54,364] {scheduler_job.py:643} INFO - DAG(s) dict_keys(['tutorial']) retrieved from /home/agalli/sandbox/lib/python3.6/site-packages/airflow/example_dags/tutorial.py
[2021-12-02 15:07:54,472] {logging_mixin.py:104} INFO - [2021-12-02 15:07:54,471] {dag.py:1832} INFO - Sync 1 DAGs
[2021-12-02 15:07:54,541] {logging_mixin.py:104} INFO - [2021-12-02 15:07:54,540] {dag.py:2305} INFO - Setting next_dagrun for tutorial to 2021-11-30 00:00:00+00:00
[2021-12-02 15:07:54,597] {scheduler_job.py:190} INFO - Processing /home/agalli/sandbox/lib/python3.6/site-packages/airflow/example_dags/tutorial.py took 0.290 seconds
[2021-12-02 15:08:30,333] {scheduler_job.py:182} INFO - Started process (PID=2473) to work on /home/agalli/sandbox/lib/python3.6/site-packages/airflow/example_dags/tutorial.py
[2021-12-02 15:08:30,335] {scheduler_job.py:633} INFO - Processing file /home/agalli/sandbox/lib/python3.6/site-packages/airflow/example_dags/tutorial.py for tasks to queue
[2021-12-02 15:08:30,336] {logging_mixin.py:104} INFO - [2021-12-02 15:08:30,336] {dagbag.py:487} INFO - Filling up the DagBag from /home/agalli/sandbox/lib/python3.6/site-packages/airflow/example_dags/tutorial.py
[2021-12-02 15:08:30,359] {scheduler_job.py:643} INFO - DAG(s) dict_keys(['tutorial']) retrieved from /home/agalli/sandbox/lib/python3.6/site-packages/airflow/example_dags/tutorial.py
[2021-12-02 15:08:30,419] {logging_mixin.py:104} INFO - [2021-12-02 15:08:30,416] {dag.py:1832} INFO - Sync 1 DAGs
[2021-12-02 15:08:30,466] {logging_mixin.py:104} INFO - [2021-12-02 15:08:30,466] {dag.py:2305} INFO - Setting next_dagrun for tutorial to 2021-11-30 00:00:00+00:00
[2021-12-02 15:08:30,634] {scheduler_job.py:190} INFO - Processing /home/agalli/sandbox/lib/python3.6/site-packages/airflow/example_dags/tutorial.py took 0.305 seconds
[2021-12-02 15:09:07,346] {scheduler_job.py:182} INFO - Started process (PID=2498) to work on /home/agalli/sandbox/lib/python3.6/site-packages/airflow/example_dags/tutorial.py
[2021-12-02 15:09:07,347] {scheduler_job.py:633} INFO - Processing file /home/agalli/sandbox/lib/python3.6/site-packages/airflow/example_dags/tutorial.py for tasks to queue
[2021-12-02 15:09:07,349] {logging_mixin.py:104} INFO - [2021-12-02 15:09:07,349] {dagbag.py:487} INFO - Filling up the DagBag from /home/agalli/sandbox/lib/python3.6/site-packages/airflow/example_dags/tutorial.py
[2021-12-02 15:09:07,368] {scheduler_job.py:643} INFO - DAG(s) dict_keys(['tutorial']) retrieved from /home/agalli/sandbox/lib/python3.6/site-packages/airflow/example_dags/tutorial.py
[2021-12-02 15:09:07,400] {logging_mixin.py:104} INFO - [2021-12-02 15:09:07,400] {dag.py:1832} INFO - Sync 1 DAGs
[2021-12-02 15:09:07,427] {logging_mixin.py:104} INFO - [2021-12-02 15:09:07,426] {dag.py:2305} INFO - Setting next_dagrun for tutorial to 2021-11-30 00:00:00+00:00
[2021-12-02 15:09:07,457] {scheduler_job.py:190} INFO - Processing /home/agalli/sandbox/lib/python3.6/site-packages/airflow/example_dags/tutorial.py took 0.117 seconds
[2021-12-02 15:09:50,143] {scheduler_job.py:182} INFO - Started process (PID=2529) to work on /home/agalli/sandbox/lib/python3.6/site-packages/airflow/example_dags/tutorial.py
[2021-12-02 15:09:50,145] {scheduler_job.py:633} INFO - Processing file /home/agalli/sandbox/lib/python3.6/site-packages/airflow/example_dags/tutorial.py for tasks to queue
[2021-12-02 15:09:50,146] {logging_mixin.py:104} INFO - [2021-12-02 15:09:50,146] {dagbag.py:487} INFO - Filling up the DagBag from /home/agalli/sandbox/lib/python3.6/site-packages/airflow/example_dags/tutorial.py
[2021-12-02 15:09:50,160] {scheduler_job.py:643} INFO - DAG(s) dict_keys(['tutorial']) retrieved from /home/agalli/sandbox/lib/python3.6/site-packages/airflow/example_dags/tutorial.py
[2021-12-02 15:09:50,187] {logging_mixin.py:104} INFO - [2021-12-02 15:09:50,187] {dag.py:1832} INFO - Sync 1 DAGs
[2021-12-02 15:09:50,203] {logging_mixin.py:104} INFO - [2021-12-02 15:09:50,202] {dag.py:2305} INFO - Setting next_dagrun for tutorial to 2021-11-30 00:00:00+00:00
[2021-12-02 15:09:50,242] {scheduler_job.py:190} INFO - Processing /home/agalli/sandbox/lib/python3.6/site-packages/airflow/example_dags/tutorial.py took 0.103 seconds
[2021-12-02 15:10:27,402] {scheduler_job.py:182} INFO - Started process (PID=2560) to work on /home/agalli/sandbox/lib/python3.6/site-packages/airflow/example_dags/tutorial.py
[2021-12-02 15:10:27,404] {scheduler_job.py:633} INFO - Processing file /home/agalli/sandbox/lib/python3.6/site-packages/airflow/example_dags/tutorial.py for tasks to queue
[2021-12-02 15:10:27,404] {logging_mixin.py:104} INFO - [2021-12-02 15:10:27,404] {dagbag.py:487} INFO - Filling up the DagBag from /home/agalli/sandbox/lib/python3.6/site-packages/airflow/example_dags/tutorial.py
[2021-12-02 15:10:27,414] {scheduler_job.py:643} INFO - DAG(s) dict_keys(['tutorial']) retrieved from /home/agalli/sandbox/lib/python3.6/site-packages/airflow/example_dags/tutorial.py
[2021-12-02 15:10:27,435] {logging_mixin.py:104} INFO - [2021-12-02 15:10:27,435] {dag.py:1832} INFO - Sync 1 DAGs
[2021-12-02 15:10:27,448] {logging_mixin.py:104} INFO - [2021-12-02 15:10:27,448] {dag.py:2305} INFO - Setting next_dagrun for tutorial to 2021-11-30 00:00:00+00:00
[2021-12-02 15:10:27,471] {scheduler_job.py:190} INFO - Processing /home/agalli/sandbox/lib/python3.6/site-packages/airflow/example_dags/tutorial.py took 0.073 seconds
[2021-12-02 15:11:03,691] {scheduler_job.py:182} INFO - Started process (PID=2591) to work on /home/agalli/sandbox/lib/python3.6/site-packages/airflow/example_dags/tutorial.py
[2021-12-02 15:11:03,692] {scheduler_job.py:633} INFO - Processing file /home/agalli/sandbox/lib/python3.6/site-packages/airflow/example_dags/tutorial.py for tasks to queue
[2021-12-02 15:11:03,693] {logging_mixin.py:104} INFO - [2021-12-02 15:11:03,693] {dagbag.py:487} INFO - Filling up the DagBag from /home/agalli/sandbox/lib/python3.6/site-packages/airflow/example_dags/tutorial.py
[2021-12-02 15:11:03,701] {scheduler_job.py:643} INFO - DAG(s) dict_keys(['tutorial']) retrieved from /home/agalli/sandbox/lib/python3.6/site-packages/airflow/example_dags/tutorial.py
[2021-12-02 15:11:03,725] {logging_mixin.py:104} INFO - [2021-12-02 15:11:03,724] {dag.py:1832} INFO - Sync 1 DAGs
[2021-12-02 15:11:03,744] {logging_mixin.py:104} INFO - [2021-12-02 15:11:03,744] {dag.py:2305} INFO - Setting next_dagrun for tutorial to 2021-11-30 00:00:00+00:00
[2021-12-02 15:11:03,768] {scheduler_job.py:190} INFO - Processing /home/agalli/sandbox/lib/python3.6/site-packages/airflow/example_dags/tutorial.py took 0.080 seconds
[2021-12-02 15:11:37,419] {scheduler_job.py:182} INFO - Started process (PID=2622) to work on /home/agalli/sandbox/lib/python3.6/site-packages/airflow/example_dags/tutorial.py
[2021-12-02 15:11:37,421] {scheduler_job.py:633} INFO - Processing file /home/agalli/sandbox/lib/python3.6/site-packages/airflow/example_dags/tutorial.py for tasks to queue
[2021-12-02 15:11:37,422] {logging_mixin.py:104} INFO - [2021-12-02 15:11:37,422] {dagbag.py:487} INFO - Filling up the DagBag from /home/agalli/sandbox/lib/python3.6/site-packages/airflow/example_dags/tutorial.py
[2021-12-02 15:11:37,437] {scheduler_job.py:643} INFO - DAG(s) dict_keys(['tutorial']) retrieved from /home/agalli/sandbox/lib/python3.6/site-packages/airflow/example_dags/tutorial.py
[2021-12-02 15:11:37,470] {logging_mixin.py:104} INFO - [2021-12-02 15:11:37,470] {dag.py:1832} INFO - Sync 1 DAGs
[2021-12-02 15:11:37,490] {logging_mixin.py:104} INFO - [2021-12-02 15:11:37,490] {dag.py:2305} INFO - Setting next_dagrun for tutorial to 2021-11-30 00:00:00+00:00
[2021-12-02 15:11:37,519] {scheduler_job.py:190} INFO - Processing /home/agalli/sandbox/lib/python3.6/site-packages/airflow/example_dags/tutorial.py took 0.104 seconds
[2021-12-02 15:12:12,165] {scheduler_job.py:182} INFO - Started process (PID=2653) to work on /home/agalli/sandbox/lib/python3.6/site-packages/airflow/example_dags/tutorial.py
[2021-12-02 15:12:12,166] {scheduler_job.py:633} INFO - Processing file /home/agalli/sandbox/lib/python3.6/site-packages/airflow/example_dags/tutorial.py for tasks to queue
[2021-12-02 15:12:12,167] {logging_mixin.py:104} INFO - [2021-12-02 15:12:12,167] {dagbag.py:487} INFO - Filling up the DagBag from /home/agalli/sandbox/lib/python3.6/site-packages/airflow/example_dags/tutorial.py
[2021-12-02 15:12:12,176] {scheduler_job.py:643} INFO - DAG(s) dict_keys(['tutorial']) retrieved from /home/agalli/sandbox/lib/python3.6/site-packages/airflow/example_dags/tutorial.py
[2021-12-02 15:12:12,193] {logging_mixin.py:104} INFO - [2021-12-02 15:12:12,193] {dag.py:1832} INFO - Sync 1 DAGs
[2021-12-02 15:12:12,204] {logging_mixin.py:104} INFO - [2021-12-02 15:12:12,204] {dag.py:2305} INFO - Setting next_dagrun for tutorial to 2021-11-30 00:00:00+00:00
[2021-12-02 15:12:12,236] {scheduler_job.py:190} INFO - Processing /home/agalli/sandbox/lib/python3.6/site-packages/airflow/example_dags/tutorial.py took 0.074 seconds
[2021-12-02 15:12:49,576] {scheduler_job.py:182} INFO - Started process (PID=2686) to work on /home/agalli/sandbox/lib/python3.6/site-packages/airflow/example_dags/tutorial.py
[2021-12-02 15:12:49,578] {scheduler_job.py:633} INFO - Processing file /home/agalli/sandbox/lib/python3.6/site-packages/airflow/example_dags/tutorial.py for tasks to queue
[2021-12-02 15:12:49,578] {logging_mixin.py:104} INFO - [2021-12-02 15:12:49,578] {dagbag.py:487} INFO - Filling up the DagBag from /home/agalli/sandbox/lib/python3.6/site-packages/airflow/example_dags/tutorial.py
[2021-12-02 15:12:49,590] {scheduler_job.py:643} INFO - DAG(s) dict_keys(['tutorial']) retrieved from /home/agalli/sandbox/lib/python3.6/site-packages/airflow/example_dags/tutorial.py
[2021-12-02 15:12:49,612] {logging_mixin.py:104} INFO - [2021-12-02 15:12:49,612] {dag.py:1832} INFO - Sync 1 DAGs
[2021-12-02 15:12:49,637] {logging_mixin.py:104} INFO - [2021-12-02 15:12:49,636] {dag.py:2305} INFO - Setting next_dagrun for tutorial to 2021-11-30 00:00:00+00:00
[2021-12-02 15:12:49,661] {scheduler_job.py:190} INFO - Processing /home/agalli/sandbox/lib/python3.6/site-packages/airflow/example_dags/tutorial.py took 0.089 seconds
[2021-12-02 15:13:22,543] {scheduler_job.py:182} INFO - Started process (PID=2715) to work on /home/agalli/sandbox/lib/python3.6/site-packages/airflow/example_dags/tutorial.py
[2021-12-02 15:13:22,544] {scheduler_job.py:633} INFO - Processing file /home/agalli/sandbox/lib/python3.6/site-packages/airflow/example_dags/tutorial.py for tasks to queue
[2021-12-02 15:13:22,545] {logging_mixin.py:104} INFO - [2021-12-02 15:13:22,545] {dagbag.py:487} INFO - Filling up the DagBag from /home/agalli/sandbox/lib/python3.6/site-packages/airflow/example_dags/tutorial.py
[2021-12-02 15:13:22,554] {scheduler_job.py:643} INFO - DAG(s) dict_keys(['tutorial']) retrieved from /home/agalli/sandbox/lib/python3.6/site-packages/airflow/example_dags/tutorial.py
[2021-12-02 15:13:22,568] {logging_mixin.py:104} INFO - [2021-12-02 15:13:22,568] {dag.py:1832} INFO - Sync 1 DAGs
[2021-12-02 15:13:22,581] {logging_mixin.py:104} INFO - [2021-12-02 15:13:22,581] {dag.py:2305} INFO - Setting next_dagrun for tutorial to 2021-11-30 00:00:00+00:00
[2021-12-02 15:13:22,599] {scheduler_job.py:190} INFO - Processing /home/agalli/sandbox/lib/python3.6/site-packages/airflow/example_dags/tutorial.py took 0.059 seconds
[2021-12-02 15:13:55,882] {scheduler_job.py:182} INFO - Started process (PID=2746) to work on /home/agalli/sandbox/lib/python3.6/site-packages/airflow/example_dags/tutorial.py
[2021-12-02 15:13:55,884] {scheduler_job.py:633} INFO - Processing file /home/agalli/sandbox/lib/python3.6/site-packages/airflow/example_dags/tutorial.py for tasks to queue
[2021-12-02 15:13:55,884] {logging_mixin.py:104} INFO - [2021-12-02 15:13:55,884] {dagbag.py:487} INFO - Filling up the DagBag from /home/agalli/sandbox/lib/python3.6/site-packages/airflow/example_dags/tutorial.py
[2021-12-02 15:13:55,893] {scheduler_job.py:643} INFO - DAG(s) dict_keys(['tutorial']) retrieved from /home/agalli/sandbox/lib/python3.6/site-packages/airflow/example_dags/tutorial.py
[2021-12-02 15:13:55,910] {logging_mixin.py:104} INFO - [2021-12-02 15:13:55,910] {dag.py:1832} INFO - Sync 1 DAGs
[2021-12-02 15:13:55,922] {logging_mixin.py:104} INFO - [2021-12-02 15:13:55,922] {dag.py:2305} INFO - Setting next_dagrun for tutorial to 2021-11-30 00:00:00+00:00
[2021-12-02 15:13:55,941] {scheduler_job.py:190} INFO - Processing /home/agalli/sandbox/lib/python3.6/site-packages/airflow/example_dags/tutorial.py took 0.063 seconds
[2021-12-02 15:14:30,580] {scheduler_job.py:182} INFO - Started process (PID=2777) to work on /home/agalli/sandbox/lib/python3.6/site-packages/airflow/example_dags/tutorial.py
[2021-12-02 15:14:30,581] {scheduler_job.py:633} INFO - Processing file /home/agalli/sandbox/lib/python3.6/site-packages/airflow/example_dags/tutorial.py for tasks to queue
[2021-12-02 15:14:30,582] {logging_mixin.py:104} INFO - [2021-12-02 15:14:30,582] {dagbag.py:487} INFO - Filling up the DagBag from /home/agalli/sandbox/lib/python3.6/site-packages/airflow/example_dags/tutorial.py
[2021-12-02 15:14:30,592] {scheduler_job.py:643} INFO - DAG(s) dict_keys(['tutorial']) retrieved from /home/agalli/sandbox/lib/python3.6/site-packages/airflow/example_dags/tutorial.py
[2021-12-02 15:14:30,608] {logging_mixin.py:104} INFO - [2021-12-02 15:14:30,608] {dag.py:1832} INFO - Sync 1 DAGs
[2021-12-02 15:14:30,622] {logging_mixin.py:104} INFO - [2021-12-02 15:14:30,622] {dag.py:2305} INFO - Setting next_dagrun for tutorial to 2021-11-30 00:00:00+00:00
[2021-12-02 15:14:30,641] {scheduler_job.py:190} INFO - Processing /home/agalli/sandbox/lib/python3.6/site-packages/airflow/example_dags/tutorial.py took 0.065 seconds
[2021-12-02 15:15:08,447] {scheduler_job.py:182} INFO - Started process (PID=2808) to work on /home/agalli/sandbox/lib/python3.6/site-packages/airflow/example_dags/tutorial.py
[2021-12-02 15:15:08,449] {scheduler_job.py:633} INFO - Processing file /home/agalli/sandbox/lib/python3.6/site-packages/airflow/example_dags/tutorial.py for tasks to queue
[2021-12-02 15:15:08,450] {logging_mixin.py:104} INFO - [2021-12-02 15:15:08,450] {dagbag.py:487} INFO - Filling up the DagBag from /home/agalli/sandbox/lib/python3.6/site-packages/airflow/example_dags/tutorial.py
[2021-12-02 15:15:08,467] {scheduler_job.py:643} INFO - DAG(s) dict_keys(['tutorial']) retrieved from /home/agalli/sandbox/lib/python3.6/site-packages/airflow/example_dags/tutorial.py
[2021-12-02 15:15:08,492] {logging_mixin.py:104} INFO - [2021-12-02 15:15:08,492] {dag.py:1832} INFO - Sync 1 DAGs
[2021-12-02 15:15:08,505] {logging_mixin.py:104} INFO - [2021-12-02 15:15:08,505] {dag.py:2305} INFO - Setting next_dagrun for tutorial to 2021-11-30 00:00:00+00:00
[2021-12-02 15:15:08,546] {scheduler_job.py:190} INFO - Processing /home/agalli/sandbox/lib/python3.6/site-packages/airflow/example_dags/tutorial.py took 0.104 seconds
[2021-12-02 15:15:43,369] {scheduler_job.py:182} INFO - Started process (PID=2836) to work on /home/agalli/sandbox/lib/python3.6/site-packages/airflow/example_dags/tutorial.py
[2021-12-02 15:15:43,371] {scheduler_job.py:633} INFO - Processing file /home/agalli/sandbox/lib/python3.6/site-packages/airflow/example_dags/tutorial.py for tasks to queue
[2021-12-02 15:15:43,372] {logging_mixin.py:104} INFO - [2021-12-02 15:15:43,372] {dagbag.py:487} INFO - Filling up the DagBag from /home/agalli/sandbox/lib/python3.6/site-packages/airflow/example_dags/tutorial.py
[2021-12-02 15:15:43,383] {scheduler_job.py:643} INFO - DAG(s) dict_keys(['tutorial']) retrieved from /home/agalli/sandbox/lib/python3.6/site-packages/airflow/example_dags/tutorial.py
[2021-12-02 15:15:43,403] {logging_mixin.py:104} INFO - [2021-12-02 15:15:43,403] {dag.py:1832} INFO - Sync 1 DAGs
[2021-12-02 15:15:43,418] {logging_mixin.py:104} INFO - [2021-12-02 15:15:43,418] {dag.py:2305} INFO - Setting next_dagrun for tutorial to 2021-11-30 00:00:00+00:00
[2021-12-02 15:15:43,442] {scheduler_job.py:190} INFO - Processing /home/agalli/sandbox/lib/python3.6/site-packages/airflow/example_dags/tutorial.py took 0.079 seconds
[2021-12-02 15:16:18,100] {scheduler_job.py:182} INFO - Started process (PID=2866) to work on /home/agalli/sandbox/lib/python3.6/site-packages/airflow/example_dags/tutorial.py
[2021-12-02 15:16:18,101] {scheduler_job.py:633} INFO - Processing file /home/agalli/sandbox/lib/python3.6/site-packages/airflow/example_dags/tutorial.py for tasks to queue
[2021-12-02 15:16:18,102] {logging_mixin.py:104} INFO - [2021-12-02 15:16:18,102] {dagbag.py:487} INFO - Filling up the DagBag from /home/agalli/sandbox/lib/python3.6/site-packages/airflow/example_dags/tutorial.py
[2021-12-02 15:16:18,111] {scheduler_job.py:643} INFO - DAG(s) dict_keys(['tutorial']) retrieved from /home/agalli/sandbox/lib/python3.6/site-packages/airflow/example_dags/tutorial.py
[2021-12-02 15:16:18,128] {logging_mixin.py:104} INFO - [2021-12-02 15:16:18,128] {dag.py:1832} INFO - Sync 1 DAGs
[2021-12-02 15:16:18,142] {logging_mixin.py:104} INFO - [2021-12-02 15:16:18,142] {dag.py:2305} INFO - Setting next_dagrun for tutorial to 2021-11-30 00:00:00+00:00
[2021-12-02 15:16:18,168] {scheduler_job.py:190} INFO - Processing /home/agalli/sandbox/lib/python3.6/site-packages/airflow/example_dags/tutorial.py took 0.072 seconds
[2021-12-02 15:16:52,404] {scheduler_job.py:182} INFO - Started process (PID=2897) to work on /home/agalli/sandbox/lib/python3.6/site-packages/airflow/example_dags/tutorial.py
[2021-12-02 15:16:52,406] {scheduler_job.py:633} INFO - Processing file /home/agalli/sandbox/lib/python3.6/site-packages/airflow/example_dags/tutorial.py for tasks to queue
[2021-12-02 15:16:52,406] {logging_mixin.py:104} INFO - [2021-12-02 15:16:52,406] {dagbag.py:487} INFO - Filling up the DagBag from /home/agalli/sandbox/lib/python3.6/site-packages/airflow/example_dags/tutorial.py
[2021-12-02 15:16:52,419] {scheduler_job.py:643} INFO - DAG(s) dict_keys(['tutorial']) retrieved from /home/agalli/sandbox/lib/python3.6/site-packages/airflow/example_dags/tutorial.py
[2021-12-02 15:16:52,438] {logging_mixin.py:104} INFO - [2021-12-02 15:16:52,437] {dag.py:1832} INFO - Sync 1 DAGs
[2021-12-02 15:16:52,449] {logging_mixin.py:104} INFO - [2021-12-02 15:16:52,449] {dag.py:2305} INFO - Setting next_dagrun for tutorial to 2021-11-30 00:00:00+00:00
[2021-12-02 15:16:52,468] {scheduler_job.py:190} INFO - Processing /home/agalli/sandbox/lib/python3.6/site-packages/airflow/example_dags/tutorial.py took 0.069 seconds
[2021-12-02 15:17:25,123] {scheduler_job.py:182} INFO - Started process (PID=2927) to work on /home/agalli/sandbox/lib/python3.6/site-packages/airflow/example_dags/tutorial.py
[2021-12-02 15:17:25,124] {scheduler_job.py:633} INFO - Processing file /home/agalli/sandbox/lib/python3.6/site-packages/airflow/example_dags/tutorial.py for tasks to queue
[2021-12-02 15:17:25,125] {logging_mixin.py:104} INFO - [2021-12-02 15:17:25,125] {dagbag.py:487} INFO - Filling up the DagBag from /home/agalli/sandbox/lib/python3.6/site-packages/airflow/example_dags/tutorial.py
[2021-12-02 15:17:25,135] {scheduler_job.py:643} INFO - DAG(s) dict_keys(['tutorial']) retrieved from /home/agalli/sandbox/lib/python3.6/site-packages/airflow/example_dags/tutorial.py
[2021-12-02 15:17:25,157] {logging_mixin.py:104} INFO - [2021-12-02 15:17:25,157] {dag.py:1832} INFO - Sync 1 DAGs
[2021-12-02 15:17:25,170] {logging_mixin.py:104} INFO - [2021-12-02 15:17:25,170] {dag.py:2305} INFO - Setting next_dagrun for tutorial to 2021-11-30 00:00:00+00:00
[2021-12-02 15:17:25,191] {scheduler_job.py:190} INFO - Processing /home/agalli/sandbox/lib/python3.6/site-packages/airflow/example_dags/tutorial.py took 0.073 seconds
[2021-12-02 15:17:56,485] {scheduler_job.py:182} INFO - Started process (PID=2957) to work on /home/agalli/sandbox/lib/python3.6/site-packages/airflow/example_dags/tutorial.py
[2021-12-02 15:17:56,486] {scheduler_job.py:633} INFO - Processing file /home/agalli/sandbox/lib/python3.6/site-packages/airflow/example_dags/tutorial.py for tasks to queue
[2021-12-02 15:17:56,487] {logging_mixin.py:104} INFO - [2021-12-02 15:17:56,487] {dagbag.py:487} INFO - Filling up the DagBag from /home/agalli/sandbox/lib/python3.6/site-packages/airflow/example_dags/tutorial.py
[2021-12-02 15:17:56,500] {scheduler_job.py:643} INFO - DAG(s) dict_keys(['tutorial']) retrieved from /home/agalli/sandbox/lib/python3.6/site-packages/airflow/example_dags/tutorial.py
[2021-12-02 15:17:56,523] {logging_mixin.py:104} INFO - [2021-12-02 15:17:56,522] {dag.py:1832} INFO - Sync 1 DAGs
[2021-12-02 15:17:56,542] {logging_mixin.py:104} INFO - [2021-12-02 15:17:56,541] {dag.py:2305} INFO - Setting next_dagrun for tutorial to 2021-11-30 00:00:00+00:00
[2021-12-02 15:17:56,562] {scheduler_job.py:190} INFO - Processing /home/agalli/sandbox/lib/python3.6/site-packages/airflow/example_dags/tutorial.py took 0.081 seconds
[2021-12-02 15:18:30,714] {scheduler_job.py:182} INFO - Started process (PID=2987) to work on /home/agalli/sandbox/lib/python3.6/site-packages/airflow/example_dags/tutorial.py
[2021-12-02 15:18:30,715] {scheduler_job.py:633} INFO - Processing file /home/agalli/sandbox/lib/python3.6/site-packages/airflow/example_dags/tutorial.py for tasks to queue
[2021-12-02 15:18:30,716] {logging_mixin.py:104} INFO - [2021-12-02 15:18:30,716] {dagbag.py:487} INFO - Filling up the DagBag from /home/agalli/sandbox/lib/python3.6/site-packages/airflow/example_dags/tutorial.py
[2021-12-02 15:18:30,730] {scheduler_job.py:643} INFO - DAG(s) dict_keys(['tutorial']) retrieved from /home/agalli/sandbox/lib/python3.6/site-packages/airflow/example_dags/tutorial.py
[2021-12-02 15:18:30,747] {logging_mixin.py:104} INFO - [2021-12-02 15:18:30,747] {dag.py:1832} INFO - Sync 1 DAGs
[2021-12-02 15:18:30,757] {logging_mixin.py:104} INFO - [2021-12-02 15:18:30,757] {dag.py:2305} INFO - Setting next_dagrun for tutorial to 2021-11-30 00:00:00+00:00
[2021-12-02 15:18:30,775] {scheduler_job.py:190} INFO - Processing /home/agalli/sandbox/lib/python3.6/site-packages/airflow/example_dags/tutorial.py took 0.067 seconds
[2021-12-02 15:19:02,573] {scheduler_job.py:182} INFO - Started process (PID=3016) to work on /home/agalli/sandbox/lib/python3.6/site-packages/airflow/example_dags/tutorial.py
[2021-12-02 15:19:02,574] {scheduler_job.py:633} INFO - Processing file /home/agalli/sandbox/lib/python3.6/site-packages/airflow/example_dags/tutorial.py for tasks to queue
[2021-12-02 15:19:02,574] {logging_mixin.py:104} INFO - [2021-12-02 15:19:02,574] {dagbag.py:487} INFO - Filling up the DagBag from /home/agalli/sandbox/lib/python3.6/site-packages/airflow/example_dags/tutorial.py
[2021-12-02 15:19:02,582] {scheduler_job.py:643} INFO - DAG(s) dict_keys(['tutorial']) retrieved from /home/agalli/sandbox/lib/python3.6/site-packages/airflow/example_dags/tutorial.py
[2021-12-02 15:19:02,600] {logging_mixin.py:104} INFO - [2021-12-02 15:19:02,600] {dag.py:1832} INFO - Sync 1 DAGs
[2021-12-02 15:19:02,615] {logging_mixin.py:104} INFO - [2021-12-02 15:19:02,615] {dag.py:2305} INFO - Setting next_dagrun for tutorial to 2021-11-30 00:00:00+00:00
[2021-12-02 15:19:02,639] {scheduler_job.py:190} INFO - Processing /home/agalli/sandbox/lib/python3.6/site-packages/airflow/example_dags/tutorial.py took 0.070 seconds
[2021-12-02 15:19:33,535] {scheduler_job.py:182} INFO - Started process (PID=3044) to work on /home/agalli/sandbox/lib/python3.6/site-packages/airflow/example_dags/tutorial.py
[2021-12-02 15:19:33,536] {scheduler_job.py:633} INFO - Processing file /home/agalli/sandbox/lib/python3.6/site-packages/airflow/example_dags/tutorial.py for tasks to queue
[2021-12-02 15:19:33,537] {logging_mixin.py:104} INFO - [2021-12-02 15:19:33,537] {dagbag.py:487} INFO - Filling up the DagBag from /home/agalli/sandbox/lib/python3.6/site-packages/airflow/example_dags/tutorial.py
[2021-12-02 15:19:33,547] {scheduler_job.py:643} INFO - DAG(s) dict_keys(['tutorial']) retrieved from /home/agalli/sandbox/lib/python3.6/site-packages/airflow/example_dags/tutorial.py
[2021-12-02 15:19:33,586] {logging_mixin.py:104} INFO - [2021-12-02 15:19:33,585] {dag.py:1832} INFO - Sync 1 DAGs
[2021-12-02 15:19:33,630] {logging_mixin.py:104} INFO - [2021-12-02 15:19:33,630] {dag.py:2305} INFO - Setting next_dagrun for tutorial to 2021-11-30 00:00:00+00:00
[2021-12-02 15:19:33,659] {scheduler_job.py:190} INFO - Processing /home/agalli/sandbox/lib/python3.6/site-packages/airflow/example_dags/tutorial.py took 0.128 seconds
[2021-12-02 15:20:08,094] {scheduler_job.py:182} INFO - Started process (PID=3070) to work on /home/agalli/sandbox/lib/python3.6/site-packages/airflow/example_dags/tutorial.py
[2021-12-02 15:20:08,100] {scheduler_job.py:633} INFO - Processing file /home/agalli/sandbox/lib/python3.6/site-packages/airflow/example_dags/tutorial.py for tasks to queue
[2021-12-02 15:20:08,108] {logging_mixin.py:104} INFO - [2021-12-02 15:20:08,103] {dagbag.py:487} INFO - Filling up the DagBag from /home/agalli/sandbox/lib/python3.6/site-packages/airflow/example_dags/tutorial.py
[2021-12-02 15:20:08,133] {scheduler_job.py:643} INFO - DAG(s) dict_keys(['tutorial']) retrieved from /home/agalli/sandbox/lib/python3.6/site-packages/airflow/example_dags/tutorial.py
[2021-12-02 15:20:08,180] {logging_mixin.py:104} INFO - [2021-12-02 15:20:08,180] {dag.py:1832} INFO - Sync 1 DAGs
[2021-12-02 15:20:08,215] {logging_mixin.py:104} INFO - [2021-12-02 15:20:08,215] {dag.py:2305} INFO - Setting next_dagrun for tutorial to 2021-11-30 00:00:00+00:00
[2021-12-02 15:20:08,246] {scheduler_job.py:190} INFO - Processing /home/agalli/sandbox/lib/python3.6/site-packages/airflow/example_dags/tutorial.py took 0.185 seconds
[2021-12-02 15:20:44,611] {scheduler_job.py:182} INFO - Started process (PID=3096) to work on /home/agalli/sandbox/lib/python3.6/site-packages/airflow/example_dags/tutorial.py
[2021-12-02 15:20:44,613] {scheduler_job.py:633} INFO - Processing file /home/agalli/sandbox/lib/python3.6/site-packages/airflow/example_dags/tutorial.py for tasks to queue
[2021-12-02 15:20:44,614] {logging_mixin.py:104} INFO - [2021-12-02 15:20:44,614] {dagbag.py:487} INFO - Filling up the DagBag from /home/agalli/sandbox/lib/python3.6/site-packages/airflow/example_dags/tutorial.py
[2021-12-02 15:20:44,638] {scheduler_job.py:643} INFO - DAG(s) dict_keys(['tutorial']) retrieved from /home/agalli/sandbox/lib/python3.6/site-packages/airflow/example_dags/tutorial.py
[2021-12-02 15:20:44,690] {logging_mixin.py:104} INFO - [2021-12-02 15:20:44,689] {dag.py:1832} INFO - Sync 1 DAGs
[2021-12-02 15:20:44,726] {logging_mixin.py:104} INFO - [2021-12-02 15:20:44,726] {dag.py:2305} INFO - Setting next_dagrun for tutorial to 2021-11-30 00:00:00+00:00
[2021-12-02 15:20:44,755] {scheduler_job.py:190} INFO - Processing /home/agalli/sandbox/lib/python3.6/site-packages/airflow/example_dags/tutorial.py took 0.151 seconds
