[2021-12-02 14:51:00,757] {scheduler_job.py:182} INFO - Started process (PID=1566) to work on /home/agalli/sandbox/lib/python3.6/site-packages/airflow/example_dags/tutorial_taskflow_api_etl_virtualenv.py
[2021-12-02 14:51:00,759] {scheduler_job.py:633} INFO - Processing file /home/agalli/sandbox/lib/python3.6/site-packages/airflow/example_dags/tutorial_taskflow_api_etl_virtualenv.py for tasks to queue
[2021-12-02 14:51:00,761] {logging_mixin.py:104} INFO - [2021-12-02 14:51:00,761] {dagbag.py:487} INFO - Filling up the DagBag from /home/agalli/sandbox/lib/python3.6/site-packages/airflow/example_dags/tutorial_taskflow_api_etl_virtualenv.py
[2021-12-02 14:51:00,789] {scheduler_job.py:643} INFO - DAG(s) dict_keys(['tutorial_taskflow_api_etl_virtualenv']) retrieved from /home/agalli/sandbox/lib/python3.6/site-packages/airflow/example_dags/tutorial_taskflow_api_etl_virtualenv.py
[2021-12-02 14:51:01,292] {logging_mixin.py:104} INFO - [2021-12-02 14:51:01,291] {dag.py:1832} INFO - Sync 1 DAGs
[2021-12-02 14:51:01,318] {logging_mixin.py:104} INFO - [2021-12-02 14:51:01,317] {dag.py:2305} INFO - Setting next_dagrun for tutorial_taskflow_api_etl_virtualenv to None
[2021-12-02 14:51:01,342] {scheduler_job.py:190} INFO - Processing /home/agalli/sandbox/lib/python3.6/site-packages/airflow/example_dags/tutorial_taskflow_api_etl_virtualenv.py took 0.589 seconds
[2021-12-02 14:51:49,411] {scheduler_job.py:182} INFO - Started process (PID=1625) to work on /home/agalli/sandbox/lib/python3.6/site-packages/airflow/example_dags/tutorial_taskflow_api_etl_virtualenv.py
[2021-12-02 14:51:49,422] {scheduler_job.py:633} INFO - Processing file /home/agalli/sandbox/lib/python3.6/site-packages/airflow/example_dags/tutorial_taskflow_api_etl_virtualenv.py for tasks to queue
[2021-12-02 14:51:49,426] {logging_mixin.py:104} INFO - [2021-12-02 14:51:49,425] {dagbag.py:487} INFO - Filling up the DagBag from /home/agalli/sandbox/lib/python3.6/site-packages/airflow/example_dags/tutorial_taskflow_api_etl_virtualenv.py
[2021-12-02 14:51:49,476] {scheduler_job.py:643} INFO - DAG(s) dict_keys(['tutorial_taskflow_api_etl_virtualenv']) retrieved from /home/agalli/sandbox/lib/python3.6/site-packages/airflow/example_dags/tutorial_taskflow_api_etl_virtualenv.py
[2021-12-02 14:51:50,030] {logging_mixin.py:104} INFO - [2021-12-02 14:51:50,030] {dag.py:1832} INFO - Sync 1 DAGs
[2021-12-02 14:51:50,054] {logging_mixin.py:104} INFO - [2021-12-02 14:51:50,054] {dag.py:2305} INFO - Setting next_dagrun for tutorial_taskflow_api_etl_virtualenv to None
[2021-12-02 14:51:50,081] {scheduler_job.py:190} INFO - Processing /home/agalli/sandbox/lib/python3.6/site-packages/airflow/example_dags/tutorial_taskflow_api_etl_virtualenv.py took 0.679 seconds
[2021-12-02 14:52:22,757] {scheduler_job.py:182} INFO - Started process (PID=1701) to work on /home/agalli/sandbox/lib/python3.6/site-packages/airflow/example_dags/tutorial_taskflow_api_etl_virtualenv.py
[2021-12-02 14:52:22,758] {scheduler_job.py:633} INFO - Processing file /home/agalli/sandbox/lib/python3.6/site-packages/airflow/example_dags/tutorial_taskflow_api_etl_virtualenv.py for tasks to queue
[2021-12-02 14:52:22,759] {logging_mixin.py:104} INFO - [2021-12-02 14:52:22,759] {dagbag.py:487} INFO - Filling up the DagBag from /home/agalli/sandbox/lib/python3.6/site-packages/airflow/example_dags/tutorial_taskflow_api_etl_virtualenv.py
[2021-12-02 14:52:22,777] {scheduler_job.py:643} INFO - DAG(s) dict_keys(['tutorial_taskflow_api_etl_virtualenv']) retrieved from /home/agalli/sandbox/lib/python3.6/site-packages/airflow/example_dags/tutorial_taskflow_api_etl_virtualenv.py
[2021-12-02 14:52:22,796] {logging_mixin.py:104} INFO - [2021-12-02 14:52:22,796] {dag.py:1832} INFO - Sync 1 DAGs
[2021-12-02 14:52:22,814] {logging_mixin.py:104} INFO - [2021-12-02 14:52:22,813] {dag.py:2305} INFO - Setting next_dagrun for tutorial_taskflow_api_etl_virtualenv to None
[2021-12-02 14:52:22,835] {scheduler_job.py:190} INFO - Processing /home/agalli/sandbox/lib/python3.6/site-packages/airflow/example_dags/tutorial_taskflow_api_etl_virtualenv.py took 0.081 seconds
[2021-12-02 14:52:53,101] {scheduler_job.py:182} INFO - Started process (PID=1729) to work on /home/agalli/sandbox/lib/python3.6/site-packages/airflow/example_dags/tutorial_taskflow_api_etl_virtualenv.py
[2021-12-02 14:52:53,103] {scheduler_job.py:633} INFO - Processing file /home/agalli/sandbox/lib/python3.6/site-packages/airflow/example_dags/tutorial_taskflow_api_etl_virtualenv.py for tasks to queue
[2021-12-02 14:52:53,104] {logging_mixin.py:104} INFO - [2021-12-02 14:52:53,104] {dagbag.py:487} INFO - Filling up the DagBag from /home/agalli/sandbox/lib/python3.6/site-packages/airflow/example_dags/tutorial_taskflow_api_etl_virtualenv.py
[2021-12-02 14:52:53,131] {scheduler_job.py:643} INFO - DAG(s) dict_keys(['tutorial_taskflow_api_etl_virtualenv']) retrieved from /home/agalli/sandbox/lib/python3.6/site-packages/airflow/example_dags/tutorial_taskflow_api_etl_virtualenv.py
[2021-12-02 14:52:53,517] {logging_mixin.py:104} INFO - [2021-12-02 14:52:53,517] {dag.py:1832} INFO - Sync 1 DAGs
[2021-12-02 14:52:53,534] {logging_mixin.py:104} INFO - [2021-12-02 14:52:53,534] {dag.py:2305} INFO - Setting next_dagrun for tutorial_taskflow_api_etl_virtualenv to None
[2021-12-02 14:52:53,554] {scheduler_job.py:190} INFO - Processing /home/agalli/sandbox/lib/python3.6/site-packages/airflow/example_dags/tutorial_taskflow_api_etl_virtualenv.py took 0.459 seconds
[2021-12-02 14:53:30,416] {scheduler_job.py:182} INFO - Started process (PID=1759) to work on /home/agalli/sandbox/lib/python3.6/site-packages/airflow/example_dags/tutorial_taskflow_api_etl_virtualenv.py
[2021-12-02 14:53:30,418] {scheduler_job.py:633} INFO - Processing file /home/agalli/sandbox/lib/python3.6/site-packages/airflow/example_dags/tutorial_taskflow_api_etl_virtualenv.py for tasks to queue
[2021-12-02 14:53:30,419] {logging_mixin.py:104} INFO - [2021-12-02 14:53:30,419] {dagbag.py:487} INFO - Filling up the DagBag from /home/agalli/sandbox/lib/python3.6/site-packages/airflow/example_dags/tutorial_taskflow_api_etl_virtualenv.py
[2021-12-02 14:53:30,450] {scheduler_job.py:643} INFO - DAG(s) dict_keys(['tutorial_taskflow_api_etl_virtualenv']) retrieved from /home/agalli/sandbox/lib/python3.6/site-packages/airflow/example_dags/tutorial_taskflow_api_etl_virtualenv.py
[2021-12-02 14:53:30,478] {logging_mixin.py:104} INFO - [2021-12-02 14:53:30,478] {dag.py:1832} INFO - Sync 1 DAGs
[2021-12-02 14:53:30,499] {logging_mixin.py:104} INFO - [2021-12-02 14:53:30,499] {dag.py:2305} INFO - Setting next_dagrun for tutorial_taskflow_api_etl_virtualenv to None
[2021-12-02 14:53:30,523] {scheduler_job.py:190} INFO - Processing /home/agalli/sandbox/lib/python3.6/site-packages/airflow/example_dags/tutorial_taskflow_api_etl_virtualenv.py took 0.112 seconds
[2021-12-02 14:54:03,159] {scheduler_job.py:182} INFO - Started process (PID=1789) to work on /home/agalli/sandbox/lib/python3.6/site-packages/airflow/example_dags/tutorial_taskflow_api_etl_virtualenv.py
[2021-12-02 14:54:03,161] {scheduler_job.py:633} INFO - Processing file /home/agalli/sandbox/lib/python3.6/site-packages/airflow/example_dags/tutorial_taskflow_api_etl_virtualenv.py for tasks to queue
[2021-12-02 14:54:03,162] {logging_mixin.py:104} INFO - [2021-12-02 14:54:03,162] {dagbag.py:487} INFO - Filling up the DagBag from /home/agalli/sandbox/lib/python3.6/site-packages/airflow/example_dags/tutorial_taskflow_api_etl_virtualenv.py
[2021-12-02 14:54:03,188] {scheduler_job.py:643} INFO - DAG(s) dict_keys(['tutorial_taskflow_api_etl_virtualenv']) retrieved from /home/agalli/sandbox/lib/python3.6/site-packages/airflow/example_dags/tutorial_taskflow_api_etl_virtualenv.py
[2021-12-02 14:54:03,587] {logging_mixin.py:104} INFO - [2021-12-02 14:54:03,587] {dag.py:1832} INFO - Sync 1 DAGs
[2021-12-02 14:54:03,605] {logging_mixin.py:104} INFO - [2021-12-02 14:54:03,605] {dag.py:2305} INFO - Setting next_dagrun for tutorial_taskflow_api_etl_virtualenv to None
[2021-12-02 14:54:03,645] {scheduler_job.py:190} INFO - Processing /home/agalli/sandbox/lib/python3.6/site-packages/airflow/example_dags/tutorial_taskflow_api_etl_virtualenv.py took 0.492 seconds
[2021-12-02 14:54:35,444] {scheduler_job.py:182} INFO - Started process (PID=1818) to work on /home/agalli/sandbox/lib/python3.6/site-packages/airflow/example_dags/tutorial_taskflow_api_etl_virtualenv.py
[2021-12-02 14:54:35,457] {scheduler_job.py:633} INFO - Processing file /home/agalli/sandbox/lib/python3.6/site-packages/airflow/example_dags/tutorial_taskflow_api_etl_virtualenv.py for tasks to queue
[2021-12-02 14:54:35,459] {logging_mixin.py:104} INFO - [2021-12-02 14:54:35,458] {dagbag.py:487} INFO - Filling up the DagBag from /home/agalli/sandbox/lib/python3.6/site-packages/airflow/example_dags/tutorial_taskflow_api_etl_virtualenv.py
[2021-12-02 14:54:35,556] {scheduler_job.py:643} INFO - DAG(s) dict_keys(['tutorial_taskflow_api_etl_virtualenv']) retrieved from /home/agalli/sandbox/lib/python3.6/site-packages/airflow/example_dags/tutorial_taskflow_api_etl_virtualenv.py
[2021-12-02 14:54:36,672] {logging_mixin.py:104} INFO - [2021-12-02 14:54:36,672] {dag.py:1832} INFO - Sync 1 DAGs
[2021-12-02 14:54:36,701] {logging_mixin.py:104} INFO - [2021-12-02 14:54:36,701] {dag.py:2305} INFO - Setting next_dagrun for tutorial_taskflow_api_etl_virtualenv to None
[2021-12-02 14:54:36,738] {scheduler_job.py:190} INFO - Processing /home/agalli/sandbox/lib/python3.6/site-packages/airflow/example_dags/tutorial_taskflow_api_etl_virtualenv.py took 1.329 seconds
[2021-12-02 14:55:11,419] {scheduler_job.py:182} INFO - Started process (PID=1856) to work on /home/agalli/sandbox/lib/python3.6/site-packages/airflow/example_dags/tutorial_taskflow_api_etl_virtualenv.py
[2021-12-02 14:55:11,420] {scheduler_job.py:633} INFO - Processing file /home/agalli/sandbox/lib/python3.6/site-packages/airflow/example_dags/tutorial_taskflow_api_etl_virtualenv.py for tasks to queue
[2021-12-02 14:55:11,421] {logging_mixin.py:104} INFO - [2021-12-02 14:55:11,421] {dagbag.py:487} INFO - Filling up the DagBag from /home/agalli/sandbox/lib/python3.6/site-packages/airflow/example_dags/tutorial_taskflow_api_etl_virtualenv.py
[2021-12-02 14:55:11,443] {scheduler_job.py:643} INFO - DAG(s) dict_keys(['tutorial_taskflow_api_etl_virtualenv']) retrieved from /home/agalli/sandbox/lib/python3.6/site-packages/airflow/example_dags/tutorial_taskflow_api_etl_virtualenv.py
[2021-12-02 14:55:11,881] {logging_mixin.py:104} INFO - [2021-12-02 14:55:11,881] {dag.py:1832} INFO - Sync 1 DAGs
[2021-12-02 14:55:11,900] {logging_mixin.py:104} INFO - [2021-12-02 14:55:11,900] {dag.py:2305} INFO - Setting next_dagrun for tutorial_taskflow_api_etl_virtualenv to None
[2021-12-02 14:55:11,924] {scheduler_job.py:190} INFO - Processing /home/agalli/sandbox/lib/python3.6/site-packages/airflow/example_dags/tutorial_taskflow_api_etl_virtualenv.py took 0.510 seconds
[2021-12-02 14:55:48,630] {scheduler_job.py:182} INFO - Started process (PID=1962) to work on /home/agalli/sandbox/lib/python3.6/site-packages/airflow/example_dags/tutorial_taskflow_api_etl_virtualenv.py
[2021-12-02 14:55:48,632] {scheduler_job.py:633} INFO - Processing file /home/agalli/sandbox/lib/python3.6/site-packages/airflow/example_dags/tutorial_taskflow_api_etl_virtualenv.py for tasks to queue
[2021-12-02 14:55:48,634] {logging_mixin.py:104} INFO - [2021-12-02 14:55:48,633] {dagbag.py:487} INFO - Filling up the DagBag from /home/agalli/sandbox/lib/python3.6/site-packages/airflow/example_dags/tutorial_taskflow_api_etl_virtualenv.py
[2021-12-02 14:55:48,680] {scheduler_job.py:643} INFO - DAG(s) dict_keys(['tutorial_taskflow_api_etl_virtualenv']) retrieved from /home/agalli/sandbox/lib/python3.6/site-packages/airflow/example_dags/tutorial_taskflow_api_etl_virtualenv.py
[2021-12-02 14:55:49,379] {logging_mixin.py:104} INFO - [2021-12-02 14:55:49,379] {dag.py:1832} INFO - Sync 1 DAGs
[2021-12-02 14:55:49,411] {logging_mixin.py:104} INFO - [2021-12-02 14:55:49,411] {dag.py:2305} INFO - Setting next_dagrun for tutorial_taskflow_api_etl_virtualenv to None
[2021-12-02 14:55:49,442] {scheduler_job.py:190} INFO - Processing /home/agalli/sandbox/lib/python3.6/site-packages/airflow/example_dags/tutorial_taskflow_api_etl_virtualenv.py took 0.817 seconds
[2021-12-02 14:56:26,111] {scheduler_job.py:182} INFO - Started process (PID=1993) to work on /home/agalli/sandbox/lib/python3.6/site-packages/airflow/example_dags/tutorial_taskflow_api_etl_virtualenv.py
[2021-12-02 14:56:26,112] {scheduler_job.py:633} INFO - Processing file /home/agalli/sandbox/lib/python3.6/site-packages/airflow/example_dags/tutorial_taskflow_api_etl_virtualenv.py for tasks to queue
[2021-12-02 14:56:26,114] {logging_mixin.py:104} INFO - [2021-12-02 14:56:26,113] {dagbag.py:487} INFO - Filling up the DagBag from /home/agalli/sandbox/lib/python3.6/site-packages/airflow/example_dags/tutorial_taskflow_api_etl_virtualenv.py
[2021-12-02 14:56:26,156] {scheduler_job.py:643} INFO - DAG(s) dict_keys(['tutorial_taskflow_api_etl_virtualenv']) retrieved from /home/agalli/sandbox/lib/python3.6/site-packages/airflow/example_dags/tutorial_taskflow_api_etl_virtualenv.py
[2021-12-02 14:56:27,303] {logging_mixin.py:104} INFO - [2021-12-02 14:56:27,303] {dag.py:1832} INFO - Sync 1 DAGs
[2021-12-02 14:56:27,362] {logging_mixin.py:104} INFO - [2021-12-02 14:56:27,362] {dag.py:2305} INFO - Setting next_dagrun for tutorial_taskflow_api_etl_virtualenv to None
[2021-12-02 14:56:27,423] {scheduler_job.py:190} INFO - Processing /home/agalli/sandbox/lib/python3.6/site-packages/airflow/example_dags/tutorial_taskflow_api_etl_virtualenv.py took 1.322 seconds
[2021-12-02 14:56:59,124] {scheduler_job.py:182} INFO - Started process (PID=2018) to work on /home/agalli/sandbox/lib/python3.6/site-packages/airflow/example_dags/tutorial_taskflow_api_etl_virtualenv.py
[2021-12-02 14:56:59,126] {scheduler_job.py:633} INFO - Processing file /home/agalli/sandbox/lib/python3.6/site-packages/airflow/example_dags/tutorial_taskflow_api_etl_virtualenv.py for tasks to queue
[2021-12-02 14:56:59,128] {logging_mixin.py:104} INFO - [2021-12-02 14:56:59,128] {dagbag.py:487} INFO - Filling up the DagBag from /home/agalli/sandbox/lib/python3.6/site-packages/airflow/example_dags/tutorial_taskflow_api_etl_virtualenv.py
[2021-12-02 14:56:59,160] {scheduler_job.py:643} INFO - DAG(s) dict_keys(['tutorial_taskflow_api_etl_virtualenv']) retrieved from /home/agalli/sandbox/lib/python3.6/site-packages/airflow/example_dags/tutorial_taskflow_api_etl_virtualenv.py
[2021-12-02 14:56:59,773] {logging_mixin.py:104} INFO - [2021-12-02 14:56:59,772] {dag.py:1832} INFO - Sync 1 DAGs
[2021-12-02 14:56:59,821] {logging_mixin.py:104} INFO - [2021-12-02 14:56:59,821] {dag.py:2305} INFO - Setting next_dagrun for tutorial_taskflow_api_etl_virtualenv to None
[2021-12-02 14:56:59,857] {scheduler_job.py:190} INFO - Processing /home/agalli/sandbox/lib/python3.6/site-packages/airflow/example_dags/tutorial_taskflow_api_etl_virtualenv.py took 0.741 seconds
[2021-12-02 14:57:37,765] {scheduler_job.py:182} INFO - Started process (PID=2048) to work on /home/agalli/sandbox/lib/python3.6/site-packages/airflow/example_dags/tutorial_taskflow_api_etl_virtualenv.py
[2021-12-02 14:57:37,767] {scheduler_job.py:633} INFO - Processing file /home/agalli/sandbox/lib/python3.6/site-packages/airflow/example_dags/tutorial_taskflow_api_etl_virtualenv.py for tasks to queue
[2021-12-02 14:57:37,768] {logging_mixin.py:104} INFO - [2021-12-02 14:57:37,768] {dagbag.py:487} INFO - Filling up the DagBag from /home/agalli/sandbox/lib/python3.6/site-packages/airflow/example_dags/tutorial_taskflow_api_etl_virtualenv.py
[2021-12-02 14:57:37,819] {scheduler_job.py:643} INFO - DAG(s) dict_keys(['tutorial_taskflow_api_etl_virtualenv']) retrieved from /home/agalli/sandbox/lib/python3.6/site-packages/airflow/example_dags/tutorial_taskflow_api_etl_virtualenv.py
[2021-12-02 14:57:38,459] {logging_mixin.py:104} INFO - [2021-12-02 14:57:38,459] {dag.py:1832} INFO - Sync 1 DAGs
[2021-12-02 14:57:38,481] {logging_mixin.py:104} INFO - [2021-12-02 14:57:38,481] {dag.py:2305} INFO - Setting next_dagrun for tutorial_taskflow_api_etl_virtualenv to None
[2021-12-02 14:57:38,502] {scheduler_job.py:190} INFO - Processing /home/agalli/sandbox/lib/python3.6/site-packages/airflow/example_dags/tutorial_taskflow_api_etl_virtualenv.py took 0.743 seconds
[2021-12-02 14:58:09,231] {scheduler_job.py:182} INFO - Started process (PID=2072) to work on /home/agalli/sandbox/lib/python3.6/site-packages/airflow/example_dags/tutorial_taskflow_api_etl_virtualenv.py
[2021-12-02 14:58:09,244] {scheduler_job.py:633} INFO - Processing file /home/agalli/sandbox/lib/python3.6/site-packages/airflow/example_dags/tutorial_taskflow_api_etl_virtualenv.py for tasks to queue
[2021-12-02 14:58:09,247] {logging_mixin.py:104} INFO - [2021-12-02 14:58:09,247] {dagbag.py:487} INFO - Filling up the DagBag from /home/agalli/sandbox/lib/python3.6/site-packages/airflow/example_dags/tutorial_taskflow_api_etl_virtualenv.py
[2021-12-02 14:58:09,389] {scheduler_job.py:643} INFO - DAG(s) dict_keys(['tutorial_taskflow_api_etl_virtualenv']) retrieved from /home/agalli/sandbox/lib/python3.6/site-packages/airflow/example_dags/tutorial_taskflow_api_etl_virtualenv.py
[2021-12-02 14:58:10,117] {logging_mixin.py:104} INFO - [2021-12-02 14:58:10,117] {dag.py:1832} INFO - Sync 1 DAGs
[2021-12-02 14:58:10,181] {logging_mixin.py:104} INFO - [2021-12-02 14:58:10,177] {dag.py:2305} INFO - Setting next_dagrun for tutorial_taskflow_api_etl_virtualenv to None
[2021-12-02 14:58:10,276] {scheduler_job.py:190} INFO - Processing /home/agalli/sandbox/lib/python3.6/site-packages/airflow/example_dags/tutorial_taskflow_api_etl_virtualenv.py took 1.076 seconds
[2021-12-02 14:58:41,400] {scheduler_job.py:182} INFO - Started process (PID=2092) to work on /home/agalli/sandbox/lib/python3.6/site-packages/airflow/example_dags/tutorial_taskflow_api_etl_virtualenv.py
[2021-12-02 14:58:41,415] {scheduler_job.py:633} INFO - Processing file /home/agalli/sandbox/lib/python3.6/site-packages/airflow/example_dags/tutorial_taskflow_api_etl_virtualenv.py for tasks to queue
[2021-12-02 14:58:41,417] {logging_mixin.py:104} INFO - [2021-12-02 14:58:41,417] {dagbag.py:487} INFO - Filling up the DagBag from /home/agalli/sandbox/lib/python3.6/site-packages/airflow/example_dags/tutorial_taskflow_api_etl_virtualenv.py
[2021-12-02 14:58:41,530] {scheduler_job.py:643} INFO - DAG(s) dict_keys(['tutorial_taskflow_api_etl_virtualenv']) retrieved from /home/agalli/sandbox/lib/python3.6/site-packages/airflow/example_dags/tutorial_taskflow_api_etl_virtualenv.py
[2021-12-02 14:58:44,337] {logging_mixin.py:104} INFO - [2021-12-02 14:58:44,336] {dag.py:1832} INFO - Sync 1 DAGs
[2021-12-02 14:58:44,454] {logging_mixin.py:104} INFO - [2021-12-02 14:58:44,453] {dag.py:2305} INFO - Setting next_dagrun for tutorial_taskflow_api_etl_virtualenv to None
[2021-12-02 14:58:44,699] {scheduler_job.py:190} INFO - Processing /home/agalli/sandbox/lib/python3.6/site-packages/airflow/example_dags/tutorial_taskflow_api_etl_virtualenv.py took 3.316 seconds
[2021-12-02 14:59:45,434] {scheduler_job.py:182} INFO - Started process (PID=2122) to work on /home/agalli/sandbox/lib/python3.6/site-packages/airflow/example_dags/tutorial_taskflow_api_etl_virtualenv.py
[2021-12-02 14:59:45,438] {scheduler_job.py:633} INFO - Processing file /home/agalli/sandbox/lib/python3.6/site-packages/airflow/example_dags/tutorial_taskflow_api_etl_virtualenv.py for tasks to queue
[2021-12-02 14:59:45,441] {logging_mixin.py:104} INFO - [2021-12-02 14:59:45,440] {dagbag.py:487} INFO - Filling up the DagBag from /home/agalli/sandbox/lib/python3.6/site-packages/airflow/example_dags/tutorial_taskflow_api_etl_virtualenv.py
[2021-12-02 14:59:45,487] {scheduler_job.py:643} INFO - DAG(s) dict_keys(['tutorial_taskflow_api_etl_virtualenv']) retrieved from /home/agalli/sandbox/lib/python3.6/site-packages/airflow/example_dags/tutorial_taskflow_api_etl_virtualenv.py
[2021-12-02 14:59:46,165] {logging_mixin.py:104} INFO - [2021-12-02 14:59:46,165] {dag.py:1832} INFO - Sync 1 DAGs
[2021-12-02 14:59:46,215] {logging_mixin.py:104} INFO - [2021-12-02 14:59:46,215] {dag.py:2305} INFO - Setting next_dagrun for tutorial_taskflow_api_etl_virtualenv to None
[2021-12-02 14:59:46,259] {scheduler_job.py:190} INFO - Processing /home/agalli/sandbox/lib/python3.6/site-packages/airflow/example_dags/tutorial_taskflow_api_etl_virtualenv.py took 0.839 seconds
[2021-12-02 15:00:17,666] {scheduler_job.py:182} INFO - Started process (PID=2147) to work on /home/agalli/sandbox/lib/python3.6/site-packages/airflow/example_dags/tutorial_taskflow_api_etl_virtualenv.py
[2021-12-02 15:00:17,671] {scheduler_job.py:633} INFO - Processing file /home/agalli/sandbox/lib/python3.6/site-packages/airflow/example_dags/tutorial_taskflow_api_etl_virtualenv.py for tasks to queue
[2021-12-02 15:00:17,673] {logging_mixin.py:104} INFO - [2021-12-02 15:00:17,673] {dagbag.py:487} INFO - Filling up the DagBag from /home/agalli/sandbox/lib/python3.6/site-packages/airflow/example_dags/tutorial_taskflow_api_etl_virtualenv.py
[2021-12-02 15:00:17,721] {scheduler_job.py:643} INFO - DAG(s) dict_keys(['tutorial_taskflow_api_etl_virtualenv']) retrieved from /home/agalli/sandbox/lib/python3.6/site-packages/airflow/example_dags/tutorial_taskflow_api_etl_virtualenv.py
[2021-12-02 15:00:18,407] {logging_mixin.py:104} INFO - [2021-12-02 15:00:18,407] {dag.py:1832} INFO - Sync 1 DAGs
[2021-12-02 15:00:18,442] {logging_mixin.py:104} INFO - [2021-12-02 15:00:18,441] {dag.py:2305} INFO - Setting next_dagrun for tutorial_taskflow_api_etl_virtualenv to None
[2021-12-02 15:00:18,480] {scheduler_job.py:190} INFO - Processing /home/agalli/sandbox/lib/python3.6/site-packages/airflow/example_dags/tutorial_taskflow_api_etl_virtualenv.py took 0.826 seconds
[2021-12-02 15:00:51,870] {scheduler_job.py:182} INFO - Started process (PID=2173) to work on /home/agalli/sandbox/lib/python3.6/site-packages/airflow/example_dags/tutorial_taskflow_api_etl_virtualenv.py
[2021-12-02 15:00:51,871] {scheduler_job.py:633} INFO - Processing file /home/agalli/sandbox/lib/python3.6/site-packages/airflow/example_dags/tutorial_taskflow_api_etl_virtualenv.py for tasks to queue
[2021-12-02 15:00:51,872] {logging_mixin.py:104} INFO - [2021-12-02 15:00:51,872] {dagbag.py:487} INFO - Filling up the DagBag from /home/agalli/sandbox/lib/python3.6/site-packages/airflow/example_dags/tutorial_taskflow_api_etl_virtualenv.py
[2021-12-02 15:00:51,909] {scheduler_job.py:643} INFO - DAG(s) dict_keys(['tutorial_taskflow_api_etl_virtualenv']) retrieved from /home/agalli/sandbox/lib/python3.6/site-packages/airflow/example_dags/tutorial_taskflow_api_etl_virtualenv.py
[2021-12-02 15:00:52,577] {logging_mixin.py:104} INFO - [2021-12-02 15:00:52,577] {dag.py:1832} INFO - Sync 1 DAGs
[2021-12-02 15:00:52,628] {logging_mixin.py:104} INFO - [2021-12-02 15:00:52,628] {dag.py:2305} INFO - Setting next_dagrun for tutorial_taskflow_api_etl_virtualenv to None
[2021-12-02 15:00:52,666] {scheduler_job.py:190} INFO - Processing /home/agalli/sandbox/lib/python3.6/site-packages/airflow/example_dags/tutorial_taskflow_api_etl_virtualenv.py took 0.801 seconds
[2021-12-02 15:01:28,122] {scheduler_job.py:182} INFO - Started process (PID=2198) to work on /home/agalli/sandbox/lib/python3.6/site-packages/airflow/example_dags/tutorial_taskflow_api_etl_virtualenv.py
[2021-12-02 15:01:28,124] {scheduler_job.py:633} INFO - Processing file /home/agalli/sandbox/lib/python3.6/site-packages/airflow/example_dags/tutorial_taskflow_api_etl_virtualenv.py for tasks to queue
[2021-12-02 15:01:28,125] {logging_mixin.py:104} INFO - [2021-12-02 15:01:28,125] {dagbag.py:487} INFO - Filling up the DagBag from /home/agalli/sandbox/lib/python3.6/site-packages/airflow/example_dags/tutorial_taskflow_api_etl_virtualenv.py
[2021-12-02 15:01:28,158] {scheduler_job.py:643} INFO - DAG(s) dict_keys(['tutorial_taskflow_api_etl_virtualenv']) retrieved from /home/agalli/sandbox/lib/python3.6/site-packages/airflow/example_dags/tutorial_taskflow_api_etl_virtualenv.py
[2021-12-02 15:01:28,881] {logging_mixin.py:104} INFO - [2021-12-02 15:01:28,880] {dag.py:1832} INFO - Sync 1 DAGs
[2021-12-02 15:01:28,907] {logging_mixin.py:104} INFO - [2021-12-02 15:01:28,906] {dag.py:2305} INFO - Setting next_dagrun for tutorial_taskflow_api_etl_virtualenv to None
[2021-12-02 15:01:28,952] {scheduler_job.py:190} INFO - Processing /home/agalli/sandbox/lib/python3.6/site-packages/airflow/example_dags/tutorial_taskflow_api_etl_virtualenv.py took 0.835 seconds
[2021-12-02 15:02:58,466] {scheduler_job.py:182} INFO - Started process (PID=2246) to work on /home/agalli/sandbox/lib/python3.6/site-packages/airflow/example_dags/tutorial_taskflow_api_etl_virtualenv.py
[2021-12-02 15:02:58,467] {scheduler_job.py:633} INFO - Processing file /home/agalli/sandbox/lib/python3.6/site-packages/airflow/example_dags/tutorial_taskflow_api_etl_virtualenv.py for tasks to queue
[2021-12-02 15:02:58,469] {logging_mixin.py:104} INFO - [2021-12-02 15:02:58,469] {dagbag.py:487} INFO - Filling up the DagBag from /home/agalli/sandbox/lib/python3.6/site-packages/airflow/example_dags/tutorial_taskflow_api_etl_virtualenv.py
[2021-12-02 15:02:58,493] {scheduler_job.py:643} INFO - DAG(s) dict_keys(['tutorial_taskflow_api_etl_virtualenv']) retrieved from /home/agalli/sandbox/lib/python3.6/site-packages/airflow/example_dags/tutorial_taskflow_api_etl_virtualenv.py
[2021-12-02 15:02:59,051] {logging_mixin.py:104} INFO - [2021-12-02 15:02:59,050] {dag.py:1832} INFO - Sync 1 DAGs
[2021-12-02 15:02:59,062] {logging_mixin.py:104} INFO - [2021-12-02 15:02:59,062] {dag.py:2305} INFO - Setting next_dagrun for tutorial_taskflow_api_etl_virtualenv to None
[2021-12-02 15:02:59,130] {scheduler_job.py:190} INFO - Processing /home/agalli/sandbox/lib/python3.6/site-packages/airflow/example_dags/tutorial_taskflow_api_etl_virtualenv.py took 0.669 seconds
[2021-12-02 15:04:40,980] {scheduler_job.py:182} INFO - Started process (PID=2319) to work on /home/agalli/sandbox/lib/python3.6/site-packages/airflow/example_dags/tutorial_taskflow_api_etl_virtualenv.py
[2021-12-02 15:04:40,993] {scheduler_job.py:633} INFO - Processing file /home/agalli/sandbox/lib/python3.6/site-packages/airflow/example_dags/tutorial_taskflow_api_etl_virtualenv.py for tasks to queue
[2021-12-02 15:04:40,995] {logging_mixin.py:104} INFO - [2021-12-02 15:04:40,994] {dagbag.py:487} INFO - Filling up the DagBag from /home/agalli/sandbox/lib/python3.6/site-packages/airflow/example_dags/tutorial_taskflow_api_etl_virtualenv.py
[2021-12-02 15:04:41,202] {scheduler_job.py:643} INFO - DAG(s) dict_keys(['tutorial_taskflow_api_etl_virtualenv']) retrieved from /home/agalli/sandbox/lib/python3.6/site-packages/airflow/example_dags/tutorial_taskflow_api_etl_virtualenv.py
[2021-12-02 15:04:43,366] {logging_mixin.py:104} INFO - [2021-12-02 15:04:43,366] {dag.py:1832} INFO - Sync 1 DAGs
[2021-12-02 15:04:43,390] {logging_mixin.py:104} INFO - [2021-12-02 15:04:43,390] {dag.py:2305} INFO - Setting next_dagrun for tutorial_taskflow_api_etl_virtualenv to None
[2021-12-02 15:04:43,422] {scheduler_job.py:190} INFO - Processing /home/agalli/sandbox/lib/python3.6/site-packages/airflow/example_dags/tutorial_taskflow_api_etl_virtualenv.py took 2.462 seconds
[2021-12-02 15:05:16,674] {scheduler_job.py:182} INFO - Started process (PID=2343) to work on /home/agalli/sandbox/lib/python3.6/site-packages/airflow/example_dags/tutorial_taskflow_api_etl_virtualenv.py
[2021-12-02 15:05:16,679] {scheduler_job.py:633} INFO - Processing file /home/agalli/sandbox/lib/python3.6/site-packages/airflow/example_dags/tutorial_taskflow_api_etl_virtualenv.py for tasks to queue
[2021-12-02 15:05:16,682] {logging_mixin.py:104} INFO - [2021-12-02 15:05:16,681] {dagbag.py:487} INFO - Filling up the DagBag from /home/agalli/sandbox/lib/python3.6/site-packages/airflow/example_dags/tutorial_taskflow_api_etl_virtualenv.py
[2021-12-02 15:05:16,741] {scheduler_job.py:643} INFO - DAG(s) dict_keys(['tutorial_taskflow_api_etl_virtualenv']) retrieved from /home/agalli/sandbox/lib/python3.6/site-packages/airflow/example_dags/tutorial_taskflow_api_etl_virtualenv.py
[2021-12-02 15:05:17,800] {logging_mixin.py:104} INFO - [2021-12-02 15:05:17,796] {dag.py:1832} INFO - Sync 1 DAGs
[2021-12-02 15:05:17,829] {logging_mixin.py:104} INFO - [2021-12-02 15:05:17,828] {dag.py:2305} INFO - Setting next_dagrun for tutorial_taskflow_api_etl_virtualenv to None
[2021-12-02 15:05:17,879] {scheduler_job.py:190} INFO - Processing /home/agalli/sandbox/lib/python3.6/site-packages/airflow/example_dags/tutorial_taskflow_api_etl_virtualenv.py took 1.227 seconds
[2021-12-02 15:05:48,522] {scheduler_job.py:182} INFO - Started process (PID=2362) to work on /home/agalli/sandbox/lib/python3.6/site-packages/airflow/example_dags/tutorial_taskflow_api_etl_virtualenv.py
[2021-12-02 15:05:48,523] {scheduler_job.py:633} INFO - Processing file /home/agalli/sandbox/lib/python3.6/site-packages/airflow/example_dags/tutorial_taskflow_api_etl_virtualenv.py for tasks to queue
[2021-12-02 15:05:48,524] {logging_mixin.py:104} INFO - [2021-12-02 15:05:48,524] {dagbag.py:487} INFO - Filling up the DagBag from /home/agalli/sandbox/lib/python3.6/site-packages/airflow/example_dags/tutorial_taskflow_api_etl_virtualenv.py
[2021-12-02 15:05:48,546] {scheduler_job.py:643} INFO - DAG(s) dict_keys(['tutorial_taskflow_api_etl_virtualenv']) retrieved from /home/agalli/sandbox/lib/python3.6/site-packages/airflow/example_dags/tutorial_taskflow_api_etl_virtualenv.py
[2021-12-02 15:05:49,358] {logging_mixin.py:104} INFO - [2021-12-02 15:05:49,358] {dag.py:1832} INFO - Sync 1 DAGs
[2021-12-02 15:05:49,371] {logging_mixin.py:104} INFO - [2021-12-02 15:05:49,371] {dag.py:2305} INFO - Setting next_dagrun for tutorial_taskflow_api_etl_virtualenv to None
[2021-12-02 15:05:49,450] {scheduler_job.py:190} INFO - Processing /home/agalli/sandbox/lib/python3.6/site-packages/airflow/example_dags/tutorial_taskflow_api_etl_virtualenv.py took 0.933 seconds
[2021-12-02 15:06:21,629] {scheduler_job.py:182} INFO - Started process (PID=2386) to work on /home/agalli/sandbox/lib/python3.6/site-packages/airflow/example_dags/tutorial_taskflow_api_etl_virtualenv.py
[2021-12-02 15:06:21,630] {scheduler_job.py:633} INFO - Processing file /home/agalli/sandbox/lib/python3.6/site-packages/airflow/example_dags/tutorial_taskflow_api_etl_virtualenv.py for tasks to queue
[2021-12-02 15:06:21,631] {logging_mixin.py:104} INFO - [2021-12-02 15:06:21,631] {dagbag.py:487} INFO - Filling up the DagBag from /home/agalli/sandbox/lib/python3.6/site-packages/airflow/example_dags/tutorial_taskflow_api_etl_virtualenv.py
[2021-12-02 15:06:21,653] {scheduler_job.py:643} INFO - DAG(s) dict_keys(['tutorial_taskflow_api_etl_virtualenv']) retrieved from /home/agalli/sandbox/lib/python3.6/site-packages/airflow/example_dags/tutorial_taskflow_api_etl_virtualenv.py
[2021-12-02 15:06:23,155] {logging_mixin.py:104} INFO - [2021-12-02 15:06:23,154] {dag.py:1832} INFO - Sync 1 DAGs
[2021-12-02 15:06:23,231] {logging_mixin.py:104} INFO - [2021-12-02 15:06:23,221] {dag.py:2305} INFO - Setting next_dagrun for tutorial_taskflow_api_etl_virtualenv to None
[2021-12-02 15:06:23,329] {scheduler_job.py:190} INFO - Processing /home/agalli/sandbox/lib/python3.6/site-packages/airflow/example_dags/tutorial_taskflow_api_etl_virtualenv.py took 1.704 seconds
[2021-12-02 15:07:07,752] {scheduler_job.py:182} INFO - Started process (PID=2417) to work on /home/agalli/sandbox/lib/python3.6/site-packages/airflow/example_dags/tutorial_taskflow_api_etl_virtualenv.py
[2021-12-02 15:07:07,754] {scheduler_job.py:633} INFO - Processing file /home/agalli/sandbox/lib/python3.6/site-packages/airflow/example_dags/tutorial_taskflow_api_etl_virtualenv.py for tasks to queue
[2021-12-02 15:07:07,755] {logging_mixin.py:104} INFO - [2021-12-02 15:07:07,754] {dagbag.py:487} INFO - Filling up the DagBag from /home/agalli/sandbox/lib/python3.6/site-packages/airflow/example_dags/tutorial_taskflow_api_etl_virtualenv.py
[2021-12-02 15:07:07,780] {scheduler_job.py:643} INFO - DAG(s) dict_keys(['tutorial_taskflow_api_etl_virtualenv']) retrieved from /home/agalli/sandbox/lib/python3.6/site-packages/airflow/example_dags/tutorial_taskflow_api_etl_virtualenv.py
[2021-12-02 15:07:08,544] {logging_mixin.py:104} INFO - [2021-12-02 15:07:08,544] {dag.py:1832} INFO - Sync 1 DAGs
[2021-12-02 15:07:08,560] {logging_mixin.py:104} INFO - [2021-12-02 15:07:08,560] {dag.py:2305} INFO - Setting next_dagrun for tutorial_taskflow_api_etl_virtualenv to None
[2021-12-02 15:07:08,590] {scheduler_job.py:190} INFO - Processing /home/agalli/sandbox/lib/python3.6/site-packages/airflow/example_dags/tutorial_taskflow_api_etl_virtualenv.py took 0.844 seconds
[2021-12-02 15:07:38,892] {scheduler_job.py:182} INFO - Started process (PID=2441) to work on /home/agalli/sandbox/lib/python3.6/site-packages/airflow/example_dags/tutorial_taskflow_api_etl_virtualenv.py
[2021-12-02 15:07:38,893] {scheduler_job.py:633} INFO - Processing file /home/agalli/sandbox/lib/python3.6/site-packages/airflow/example_dags/tutorial_taskflow_api_etl_virtualenv.py for tasks to queue
[2021-12-02 15:07:38,894] {logging_mixin.py:104} INFO - [2021-12-02 15:07:38,894] {dagbag.py:487} INFO - Filling up the DagBag from /home/agalli/sandbox/lib/python3.6/site-packages/airflow/example_dags/tutorial_taskflow_api_etl_virtualenv.py
[2021-12-02 15:07:38,959] {scheduler_job.py:643} INFO - DAG(s) dict_keys(['tutorial_taskflow_api_etl_virtualenv']) retrieved from /home/agalli/sandbox/lib/python3.6/site-packages/airflow/example_dags/tutorial_taskflow_api_etl_virtualenv.py
[2021-12-02 15:07:39,725] {logging_mixin.py:104} INFO - [2021-12-02 15:07:39,725] {dag.py:1832} INFO - Sync 1 DAGs
[2021-12-02 15:07:39,742] {logging_mixin.py:104} INFO - [2021-12-02 15:07:39,742] {dag.py:2305} INFO - Setting next_dagrun for tutorial_taskflow_api_etl_virtualenv to None
[2021-12-02 15:07:39,824] {scheduler_job.py:190} INFO - Processing /home/agalli/sandbox/lib/python3.6/site-packages/airflow/example_dags/tutorial_taskflow_api_etl_virtualenv.py took 0.936 seconds
[2021-12-02 15:08:24,801] {scheduler_job.py:182} INFO - Started process (PID=2470) to work on /home/agalli/sandbox/lib/python3.6/site-packages/airflow/example_dags/tutorial_taskflow_api_etl_virtualenv.py
[2021-12-02 15:08:24,803] {scheduler_job.py:633} INFO - Processing file /home/agalli/sandbox/lib/python3.6/site-packages/airflow/example_dags/tutorial_taskflow_api_etl_virtualenv.py for tasks to queue
[2021-12-02 15:08:24,804] {logging_mixin.py:104} INFO - [2021-12-02 15:08:24,804] {dagbag.py:487} INFO - Filling up the DagBag from /home/agalli/sandbox/lib/python3.6/site-packages/airflow/example_dags/tutorial_taskflow_api_etl_virtualenv.py
[2021-12-02 15:08:24,834] {scheduler_job.py:643} INFO - DAG(s) dict_keys(['tutorial_taskflow_api_etl_virtualenv']) retrieved from /home/agalli/sandbox/lib/python3.6/site-packages/airflow/example_dags/tutorial_taskflow_api_etl_virtualenv.py
[2021-12-02 15:08:25,948] {logging_mixin.py:104} INFO - [2021-12-02 15:08:25,946] {dag.py:1832} INFO - Sync 1 DAGs
[2021-12-02 15:08:26,010] {logging_mixin.py:104} INFO - [2021-12-02 15:08:26,009] {dag.py:2305} INFO - Setting next_dagrun for tutorial_taskflow_api_etl_virtualenv to None
[2021-12-02 15:08:26,041] {scheduler_job.py:190} INFO - Processing /home/agalli/sandbox/lib/python3.6/site-packages/airflow/example_dags/tutorial_taskflow_api_etl_virtualenv.py took 1.247 seconds
[2021-12-02 15:09:02,440] {scheduler_job.py:182} INFO - Started process (PID=2495) to work on /home/agalli/sandbox/lib/python3.6/site-packages/airflow/example_dags/tutorial_taskflow_api_etl_virtualenv.py
[2021-12-02 15:09:02,443] {scheduler_job.py:633} INFO - Processing file /home/agalli/sandbox/lib/python3.6/site-packages/airflow/example_dags/tutorial_taskflow_api_etl_virtualenv.py for tasks to queue
[2021-12-02 15:09:02,444] {logging_mixin.py:104} INFO - [2021-12-02 15:09:02,444] {dagbag.py:487} INFO - Filling up the DagBag from /home/agalli/sandbox/lib/python3.6/site-packages/airflow/example_dags/tutorial_taskflow_api_etl_virtualenv.py
[2021-12-02 15:09:02,477] {scheduler_job.py:643} INFO - DAG(s) dict_keys(['tutorial_taskflow_api_etl_virtualenv']) retrieved from /home/agalli/sandbox/lib/python3.6/site-packages/airflow/example_dags/tutorial_taskflow_api_etl_virtualenv.py
[2021-12-02 15:09:03,218] {logging_mixin.py:104} INFO - [2021-12-02 15:09:03,218] {dag.py:1832} INFO - Sync 1 DAGs
[2021-12-02 15:09:03,241] {logging_mixin.py:104} INFO - [2021-12-02 15:09:03,241] {dag.py:2305} INFO - Setting next_dagrun for tutorial_taskflow_api_etl_virtualenv to None
[2021-12-02 15:09:03,279] {scheduler_job.py:190} INFO - Processing /home/agalli/sandbox/lib/python3.6/site-packages/airflow/example_dags/tutorial_taskflow_api_etl_virtualenv.py took 0.844 seconds
[2021-12-02 15:09:45,471] {scheduler_job.py:182} INFO - Started process (PID=2526) to work on /home/agalli/sandbox/lib/python3.6/site-packages/airflow/example_dags/tutorial_taskflow_api_etl_virtualenv.py
[2021-12-02 15:09:45,473] {scheduler_job.py:633} INFO - Processing file /home/agalli/sandbox/lib/python3.6/site-packages/airflow/example_dags/tutorial_taskflow_api_etl_virtualenv.py for tasks to queue
[2021-12-02 15:09:45,475] {logging_mixin.py:104} INFO - [2021-12-02 15:09:45,474] {dagbag.py:487} INFO - Filling up the DagBag from /home/agalli/sandbox/lib/python3.6/site-packages/airflow/example_dags/tutorial_taskflow_api_etl_virtualenv.py
[2021-12-02 15:09:45,506] {scheduler_job.py:643} INFO - DAG(s) dict_keys(['tutorial_taskflow_api_etl_virtualenv']) retrieved from /home/agalli/sandbox/lib/python3.6/site-packages/airflow/example_dags/tutorial_taskflow_api_etl_virtualenv.py
[2021-12-02 15:09:46,100] {logging_mixin.py:104} INFO - [2021-12-02 15:09:46,100] {dag.py:1832} INFO - Sync 1 DAGs
[2021-12-02 15:09:46,112] {logging_mixin.py:104} INFO - [2021-12-02 15:09:46,112] {dag.py:2305} INFO - Setting next_dagrun for tutorial_taskflow_api_etl_virtualenv to None
[2021-12-02 15:09:46,142] {scheduler_job.py:190} INFO - Processing /home/agalli/sandbox/lib/python3.6/site-packages/airflow/example_dags/tutorial_taskflow_api_etl_virtualenv.py took 0.677 seconds
[2021-12-02 15:10:22,722] {scheduler_job.py:182} INFO - Started process (PID=2557) to work on /home/agalli/sandbox/lib/python3.6/site-packages/airflow/example_dags/tutorial_taskflow_api_etl_virtualenv.py
[2021-12-02 15:10:22,725] {scheduler_job.py:633} INFO - Processing file /home/agalli/sandbox/lib/python3.6/site-packages/airflow/example_dags/tutorial_taskflow_api_etl_virtualenv.py for tasks to queue
[2021-12-02 15:10:22,728] {logging_mixin.py:104} INFO - [2021-12-02 15:10:22,728] {dagbag.py:487} INFO - Filling up the DagBag from /home/agalli/sandbox/lib/python3.6/site-packages/airflow/example_dags/tutorial_taskflow_api_etl_virtualenv.py
[2021-12-02 15:10:22,750] {scheduler_job.py:643} INFO - DAG(s) dict_keys(['tutorial_taskflow_api_etl_virtualenv']) retrieved from /home/agalli/sandbox/lib/python3.6/site-packages/airflow/example_dags/tutorial_taskflow_api_etl_virtualenv.py
[2021-12-02 15:10:23,385] {logging_mixin.py:104} INFO - [2021-12-02 15:10:23,385] {dag.py:1832} INFO - Sync 1 DAGs
[2021-12-02 15:10:23,402] {logging_mixin.py:104} INFO - [2021-12-02 15:10:23,402] {dag.py:2305} INFO - Setting next_dagrun for tutorial_taskflow_api_etl_virtualenv to None
[2021-12-02 15:10:23,425] {scheduler_job.py:190} INFO - Processing /home/agalli/sandbox/lib/python3.6/site-packages/airflow/example_dags/tutorial_taskflow_api_etl_virtualenv.py took 0.709 seconds
[2021-12-02 15:10:53,731] {scheduler_job.py:182} INFO - Started process (PID=2583) to work on /home/agalli/sandbox/lib/python3.6/site-packages/airflow/example_dags/tutorial_taskflow_api_etl_virtualenv.py
[2021-12-02 15:10:53,732] {scheduler_job.py:633} INFO - Processing file /home/agalli/sandbox/lib/python3.6/site-packages/airflow/example_dags/tutorial_taskflow_api_etl_virtualenv.py for tasks to queue
[2021-12-02 15:10:53,733] {logging_mixin.py:104} INFO - [2021-12-02 15:10:53,733] {dagbag.py:487} INFO - Filling up the DagBag from /home/agalli/sandbox/lib/python3.6/site-packages/airflow/example_dags/tutorial_taskflow_api_etl_virtualenv.py
[2021-12-02 15:10:53,755] {scheduler_job.py:643} INFO - DAG(s) dict_keys(['tutorial_taskflow_api_etl_virtualenv']) retrieved from /home/agalli/sandbox/lib/python3.6/site-packages/airflow/example_dags/tutorial_taskflow_api_etl_virtualenv.py
[2021-12-02 15:10:54,464] {logging_mixin.py:104} INFO - [2021-12-02 15:10:54,464] {dag.py:1832} INFO - Sync 1 DAGs
[2021-12-02 15:10:54,484] {logging_mixin.py:104} INFO - [2021-12-02 15:10:54,484] {dag.py:2305} INFO - Setting next_dagrun for tutorial_taskflow_api_etl_virtualenv to None
[2021-12-02 15:10:54,533] {scheduler_job.py:190} INFO - Processing /home/agalli/sandbox/lib/python3.6/site-packages/airflow/example_dags/tutorial_taskflow_api_etl_virtualenv.py took 0.806 seconds
[2021-12-02 15:11:26,675] {scheduler_job.py:182} INFO - Started process (PID=2613) to work on /home/agalli/sandbox/lib/python3.6/site-packages/airflow/example_dags/tutorial_taskflow_api_etl_virtualenv.py
[2021-12-02 15:11:26,676] {scheduler_job.py:633} INFO - Processing file /home/agalli/sandbox/lib/python3.6/site-packages/airflow/example_dags/tutorial_taskflow_api_etl_virtualenv.py for tasks to queue
[2021-12-02 15:11:26,677] {logging_mixin.py:104} INFO - [2021-12-02 15:11:26,677] {dagbag.py:487} INFO - Filling up the DagBag from /home/agalli/sandbox/lib/python3.6/site-packages/airflow/example_dags/tutorial_taskflow_api_etl_virtualenv.py
[2021-12-02 15:11:26,695] {scheduler_job.py:643} INFO - DAG(s) dict_keys(['tutorial_taskflow_api_etl_virtualenv']) retrieved from /home/agalli/sandbox/lib/python3.6/site-packages/airflow/example_dags/tutorial_taskflow_api_etl_virtualenv.py
[2021-12-02 15:11:27,142] {logging_mixin.py:104} INFO - [2021-12-02 15:11:27,142] {dag.py:1832} INFO - Sync 1 DAGs
[2021-12-02 15:11:27,157] {logging_mixin.py:104} INFO - [2021-12-02 15:11:27,156] {dag.py:2305} INFO - Setting next_dagrun for tutorial_taskflow_api_etl_virtualenv to None
[2021-12-02 15:11:27,178] {scheduler_job.py:190} INFO - Processing /home/agalli/sandbox/lib/python3.6/site-packages/airflow/example_dags/tutorial_taskflow_api_etl_virtualenv.py took 0.507 seconds
[2021-12-02 15:11:59,122] {scheduler_job.py:182} INFO - Started process (PID=2642) to work on /home/agalli/sandbox/lib/python3.6/site-packages/airflow/example_dags/tutorial_taskflow_api_etl_virtualenv.py
[2021-12-02 15:11:59,124] {scheduler_job.py:633} INFO - Processing file /home/agalli/sandbox/lib/python3.6/site-packages/airflow/example_dags/tutorial_taskflow_api_etl_virtualenv.py for tasks to queue
[2021-12-02 15:11:59,124] {logging_mixin.py:104} INFO - [2021-12-02 15:11:59,124] {dagbag.py:487} INFO - Filling up the DagBag from /home/agalli/sandbox/lib/python3.6/site-packages/airflow/example_dags/tutorial_taskflow_api_etl_virtualenv.py
[2021-12-02 15:11:59,144] {scheduler_job.py:643} INFO - DAG(s) dict_keys(['tutorial_taskflow_api_etl_virtualenv']) retrieved from /home/agalli/sandbox/lib/python3.6/site-packages/airflow/example_dags/tutorial_taskflow_api_etl_virtualenv.py
[2021-12-02 15:11:59,597] {logging_mixin.py:104} INFO - [2021-12-02 15:11:59,597] {dag.py:1832} INFO - Sync 1 DAGs
[2021-12-02 15:11:59,607] {logging_mixin.py:104} INFO - [2021-12-02 15:11:59,607] {dag.py:2305} INFO - Setting next_dagrun for tutorial_taskflow_api_etl_virtualenv to None
[2021-12-02 15:11:59,625] {scheduler_job.py:190} INFO - Processing /home/agalli/sandbox/lib/python3.6/site-packages/airflow/example_dags/tutorial_taskflow_api_etl_virtualenv.py took 0.507 seconds
[2021-12-02 15:12:35,209] {scheduler_job.py:182} INFO - Started process (PID=2673) to work on /home/agalli/sandbox/lib/python3.6/site-packages/airflow/example_dags/tutorial_taskflow_api_etl_virtualenv.py
[2021-12-02 15:12:35,211] {scheduler_job.py:633} INFO - Processing file /home/agalli/sandbox/lib/python3.6/site-packages/airflow/example_dags/tutorial_taskflow_api_etl_virtualenv.py for tasks to queue
[2021-12-02 15:12:35,212] {logging_mixin.py:104} INFO - [2021-12-02 15:12:35,212] {dagbag.py:487} INFO - Filling up the DagBag from /home/agalli/sandbox/lib/python3.6/site-packages/airflow/example_dags/tutorial_taskflow_api_etl_virtualenv.py
[2021-12-02 15:12:35,231] {scheduler_job.py:643} INFO - DAG(s) dict_keys(['tutorial_taskflow_api_etl_virtualenv']) retrieved from /home/agalli/sandbox/lib/python3.6/site-packages/airflow/example_dags/tutorial_taskflow_api_etl_virtualenv.py
[2021-12-02 15:12:35,729] {logging_mixin.py:104} INFO - [2021-12-02 15:12:35,729] {dag.py:1832} INFO - Sync 1 DAGs
[2021-12-02 15:12:35,739] {logging_mixin.py:104} INFO - [2021-12-02 15:12:35,739] {dag.py:2305} INFO - Setting next_dagrun for tutorial_taskflow_api_etl_virtualenv to None
[2021-12-02 15:12:35,769] {scheduler_job.py:190} INFO - Processing /home/agalli/sandbox/lib/python3.6/site-packages/airflow/example_dags/tutorial_taskflow_api_etl_virtualenv.py took 0.566 seconds
[2021-12-02 15:13:10,017] {scheduler_job.py:182} INFO - Started process (PID=2704) to work on /home/agalli/sandbox/lib/python3.6/site-packages/airflow/example_dags/tutorial_taskflow_api_etl_virtualenv.py
[2021-12-02 15:13:10,020] {scheduler_job.py:633} INFO - Processing file /home/agalli/sandbox/lib/python3.6/site-packages/airflow/example_dags/tutorial_taskflow_api_etl_virtualenv.py for tasks to queue
[2021-12-02 15:13:10,021] {logging_mixin.py:104} INFO - [2021-12-02 15:13:10,021] {dagbag.py:487} INFO - Filling up the DagBag from /home/agalli/sandbox/lib/python3.6/site-packages/airflow/example_dags/tutorial_taskflow_api_etl_virtualenv.py
[2021-12-02 15:13:10,044] {scheduler_job.py:643} INFO - DAG(s) dict_keys(['tutorial_taskflow_api_etl_virtualenv']) retrieved from /home/agalli/sandbox/lib/python3.6/site-packages/airflow/example_dags/tutorial_taskflow_api_etl_virtualenv.py
[2021-12-02 15:13:10,494] {logging_mixin.py:104} INFO - [2021-12-02 15:13:10,494] {dag.py:1832} INFO - Sync 1 DAGs
[2021-12-02 15:13:10,509] {logging_mixin.py:104} INFO - [2021-12-02 15:13:10,508] {dag.py:2305} INFO - Setting next_dagrun for tutorial_taskflow_api_etl_virtualenv to None
[2021-12-02 15:13:10,541] {scheduler_job.py:190} INFO - Processing /home/agalli/sandbox/lib/python3.6/site-packages/airflow/example_dags/tutorial_taskflow_api_etl_virtualenv.py took 0.530 seconds
[2021-12-02 15:13:40,788] {scheduler_job.py:182} INFO - Started process (PID=2731) to work on /home/agalli/sandbox/lib/python3.6/site-packages/airflow/example_dags/tutorial_taskflow_api_etl_virtualenv.py
[2021-12-02 15:13:40,789] {scheduler_job.py:633} INFO - Processing file /home/agalli/sandbox/lib/python3.6/site-packages/airflow/example_dags/tutorial_taskflow_api_etl_virtualenv.py for tasks to queue
[2021-12-02 15:13:40,789] {logging_mixin.py:104} INFO - [2021-12-02 15:13:40,789] {dagbag.py:487} INFO - Filling up the DagBag from /home/agalli/sandbox/lib/python3.6/site-packages/airflow/example_dags/tutorial_taskflow_api_etl_virtualenv.py
[2021-12-02 15:13:40,804] {scheduler_job.py:643} INFO - DAG(s) dict_keys(['tutorial_taskflow_api_etl_virtualenv']) retrieved from /home/agalli/sandbox/lib/python3.6/site-packages/airflow/example_dags/tutorial_taskflow_api_etl_virtualenv.py
[2021-12-02 15:13:41,252] {logging_mixin.py:104} INFO - [2021-12-02 15:13:41,252] {dag.py:1832} INFO - Sync 1 DAGs
[2021-12-02 15:13:41,264] {logging_mixin.py:104} INFO - [2021-12-02 15:13:41,264] {dag.py:2305} INFO - Setting next_dagrun for tutorial_taskflow_api_etl_virtualenv to None
[2021-12-02 15:13:41,288] {scheduler_job.py:190} INFO - Processing /home/agalli/sandbox/lib/python3.6/site-packages/airflow/example_dags/tutorial_taskflow_api_etl_virtualenv.py took 0.503 seconds
[2021-12-02 15:14:13,525] {scheduler_job.py:182} INFO - Started process (PID=2762) to work on /home/agalli/sandbox/lib/python3.6/site-packages/airflow/example_dags/tutorial_taskflow_api_etl_virtualenv.py
[2021-12-02 15:14:13,527] {scheduler_job.py:633} INFO - Processing file /home/agalli/sandbox/lib/python3.6/site-packages/airflow/example_dags/tutorial_taskflow_api_etl_virtualenv.py for tasks to queue
[2021-12-02 15:14:13,528] {logging_mixin.py:104} INFO - [2021-12-02 15:14:13,528] {dagbag.py:487} INFO - Filling up the DagBag from /home/agalli/sandbox/lib/python3.6/site-packages/airflow/example_dags/tutorial_taskflow_api_etl_virtualenv.py
[2021-12-02 15:14:13,546] {scheduler_job.py:643} INFO - DAG(s) dict_keys(['tutorial_taskflow_api_etl_virtualenv']) retrieved from /home/agalli/sandbox/lib/python3.6/site-packages/airflow/example_dags/tutorial_taskflow_api_etl_virtualenv.py
[2021-12-02 15:14:13,981] {logging_mixin.py:104} INFO - [2021-12-02 15:14:13,981] {dag.py:1832} INFO - Sync 1 DAGs
[2021-12-02 15:14:13,993] {logging_mixin.py:104} INFO - [2021-12-02 15:14:13,993] {dag.py:2305} INFO - Setting next_dagrun for tutorial_taskflow_api_etl_virtualenv to None
[2021-12-02 15:14:14,014] {scheduler_job.py:190} INFO - Processing /home/agalli/sandbox/lib/python3.6/site-packages/airflow/example_dags/tutorial_taskflow_api_etl_virtualenv.py took 0.494 seconds
[2021-12-02 15:14:47,263] {scheduler_job.py:182} INFO - Started process (PID=2791) to work on /home/agalli/sandbox/lib/python3.6/site-packages/airflow/example_dags/tutorial_taskflow_api_etl_virtualenv.py
[2021-12-02 15:14:47,264] {scheduler_job.py:633} INFO - Processing file /home/agalli/sandbox/lib/python3.6/site-packages/airflow/example_dags/tutorial_taskflow_api_etl_virtualenv.py for tasks to queue
[2021-12-02 15:14:47,265] {logging_mixin.py:104} INFO - [2021-12-02 15:14:47,264] {dagbag.py:487} INFO - Filling up the DagBag from /home/agalli/sandbox/lib/python3.6/site-packages/airflow/example_dags/tutorial_taskflow_api_etl_virtualenv.py
[2021-12-02 15:14:47,280] {scheduler_job.py:643} INFO - DAG(s) dict_keys(['tutorial_taskflow_api_etl_virtualenv']) retrieved from /home/agalli/sandbox/lib/python3.6/site-packages/airflow/example_dags/tutorial_taskflow_api_etl_virtualenv.py
[2021-12-02 15:14:47,758] {logging_mixin.py:104} INFO - [2021-12-02 15:14:47,758] {dag.py:1832} INFO - Sync 1 DAGs
[2021-12-02 15:14:47,773] {logging_mixin.py:104} INFO - [2021-12-02 15:14:47,773] {dag.py:2305} INFO - Setting next_dagrun for tutorial_taskflow_api_etl_virtualenv to None
[2021-12-02 15:14:47,790] {scheduler_job.py:190} INFO - Processing /home/agalli/sandbox/lib/python3.6/site-packages/airflow/example_dags/tutorial_taskflow_api_etl_virtualenv.py took 0.531 seconds
[2021-12-02 15:15:24,417] {scheduler_job.py:182} INFO - Started process (PID=2821) to work on /home/agalli/sandbox/lib/python3.6/site-packages/airflow/example_dags/tutorial_taskflow_api_etl_virtualenv.py
[2021-12-02 15:15:24,421] {scheduler_job.py:633} INFO - Processing file /home/agalli/sandbox/lib/python3.6/site-packages/airflow/example_dags/tutorial_taskflow_api_etl_virtualenv.py for tasks to queue
[2021-12-02 15:15:24,422] {logging_mixin.py:104} INFO - [2021-12-02 15:15:24,422] {dagbag.py:487} INFO - Filling up the DagBag from /home/agalli/sandbox/lib/python3.6/site-packages/airflow/example_dags/tutorial_taskflow_api_etl_virtualenv.py
[2021-12-02 15:15:24,450] {scheduler_job.py:643} INFO - DAG(s) dict_keys(['tutorial_taskflow_api_etl_virtualenv']) retrieved from /home/agalli/sandbox/lib/python3.6/site-packages/airflow/example_dags/tutorial_taskflow_api_etl_virtualenv.py
[2021-12-02 15:15:25,135] {logging_mixin.py:104} INFO - [2021-12-02 15:15:25,135] {dag.py:1832} INFO - Sync 1 DAGs
[2021-12-02 15:15:25,154] {logging_mixin.py:104} INFO - [2021-12-02 15:15:25,154] {dag.py:2305} INFO - Setting next_dagrun for tutorial_taskflow_api_etl_virtualenv to None
[2021-12-02 15:15:25,184] {scheduler_job.py:190} INFO - Processing /home/agalli/sandbox/lib/python3.6/site-packages/airflow/example_dags/tutorial_taskflow_api_etl_virtualenv.py took 0.774 seconds
[2021-12-02 15:15:58,832] {scheduler_job.py:182} INFO - Started process (PID=2850) to work on /home/agalli/sandbox/lib/python3.6/site-packages/airflow/example_dags/tutorial_taskflow_api_etl_virtualenv.py
[2021-12-02 15:15:58,834] {scheduler_job.py:633} INFO - Processing file /home/agalli/sandbox/lib/python3.6/site-packages/airflow/example_dags/tutorial_taskflow_api_etl_virtualenv.py for tasks to queue
[2021-12-02 15:15:58,835] {logging_mixin.py:104} INFO - [2021-12-02 15:15:58,834] {dagbag.py:487} INFO - Filling up the DagBag from /home/agalli/sandbox/lib/python3.6/site-packages/airflow/example_dags/tutorial_taskflow_api_etl_virtualenv.py
[2021-12-02 15:15:58,847] {scheduler_job.py:643} INFO - DAG(s) dict_keys(['tutorial_taskflow_api_etl_virtualenv']) retrieved from /home/agalli/sandbox/lib/python3.6/site-packages/airflow/example_dags/tutorial_taskflow_api_etl_virtualenv.py
[2021-12-02 15:15:59,323] {logging_mixin.py:104} INFO - [2021-12-02 15:15:59,323] {dag.py:1832} INFO - Sync 1 DAGs
[2021-12-02 15:15:59,335] {logging_mixin.py:104} INFO - [2021-12-02 15:15:59,335] {dag.py:2305} INFO - Setting next_dagrun for tutorial_taskflow_api_etl_virtualenv to None
[2021-12-02 15:15:59,356] {scheduler_job.py:190} INFO - Processing /home/agalli/sandbox/lib/python3.6/site-packages/airflow/example_dags/tutorial_taskflow_api_etl_virtualenv.py took 0.527 seconds
[2021-12-02 15:16:30,257] {scheduler_job.py:182} INFO - Started process (PID=2877) to work on /home/agalli/sandbox/lib/python3.6/site-packages/airflow/example_dags/tutorial_taskflow_api_etl_virtualenv.py
[2021-12-02 15:16:30,258] {scheduler_job.py:633} INFO - Processing file /home/agalli/sandbox/lib/python3.6/site-packages/airflow/example_dags/tutorial_taskflow_api_etl_virtualenv.py for tasks to queue
[2021-12-02 15:16:30,259] {logging_mixin.py:104} INFO - [2021-12-02 15:16:30,259] {dagbag.py:487} INFO - Filling up the DagBag from /home/agalli/sandbox/lib/python3.6/site-packages/airflow/example_dags/tutorial_taskflow_api_etl_virtualenv.py
[2021-12-02 15:16:30,274] {scheduler_job.py:643} INFO - DAG(s) dict_keys(['tutorial_taskflow_api_etl_virtualenv']) retrieved from /home/agalli/sandbox/lib/python3.6/site-packages/airflow/example_dags/tutorial_taskflow_api_etl_virtualenv.py
[2021-12-02 15:16:30,710] {logging_mixin.py:104} INFO - [2021-12-02 15:16:30,710] {dag.py:1832} INFO - Sync 1 DAGs
[2021-12-02 15:16:30,720] {logging_mixin.py:104} INFO - [2021-12-02 15:16:30,720] {dag.py:2305} INFO - Setting next_dagrun for tutorial_taskflow_api_etl_virtualenv to None
[2021-12-02 15:16:30,743] {scheduler_job.py:190} INFO - Processing /home/agalli/sandbox/lib/python3.6/site-packages/airflow/example_dags/tutorial_taskflow_api_etl_virtualenv.py took 0.490 seconds
[2021-12-02 15:17:01,568] {scheduler_job.py:182} INFO - Started process (PID=2906) to work on /home/agalli/sandbox/lib/python3.6/site-packages/airflow/example_dags/tutorial_taskflow_api_etl_virtualenv.py
[2021-12-02 15:17:01,570] {scheduler_job.py:633} INFO - Processing file /home/agalli/sandbox/lib/python3.6/site-packages/airflow/example_dags/tutorial_taskflow_api_etl_virtualenv.py for tasks to queue
[2021-12-02 15:17:01,570] {logging_mixin.py:104} INFO - [2021-12-02 15:17:01,570] {dagbag.py:487} INFO - Filling up the DagBag from /home/agalli/sandbox/lib/python3.6/site-packages/airflow/example_dags/tutorial_taskflow_api_etl_virtualenv.py
[2021-12-02 15:17:01,584] {scheduler_job.py:643} INFO - DAG(s) dict_keys(['tutorial_taskflow_api_etl_virtualenv']) retrieved from /home/agalli/sandbox/lib/python3.6/site-packages/airflow/example_dags/tutorial_taskflow_api_etl_virtualenv.py
[2021-12-02 15:17:01,995] {logging_mixin.py:104} INFO - [2021-12-02 15:17:01,995] {dag.py:1832} INFO - Sync 1 DAGs
[2021-12-02 15:17:02,008] {logging_mixin.py:104} INFO - [2021-12-02 15:17:02,008] {dag.py:2305} INFO - Setting next_dagrun for tutorial_taskflow_api_etl_virtualenv to None
[2021-12-02 15:17:02,030] {scheduler_job.py:190} INFO - Processing /home/agalli/sandbox/lib/python3.6/site-packages/airflow/example_dags/tutorial_taskflow_api_etl_virtualenv.py took 0.465 seconds
[2021-12-02 15:17:35,860] {scheduler_job.py:182} INFO - Started process (PID=2937) to work on /home/agalli/sandbox/lib/python3.6/site-packages/airflow/example_dags/tutorial_taskflow_api_etl_virtualenv.py
[2021-12-02 15:17:35,861] {scheduler_job.py:633} INFO - Processing file /home/agalli/sandbox/lib/python3.6/site-packages/airflow/example_dags/tutorial_taskflow_api_etl_virtualenv.py for tasks to queue
[2021-12-02 15:17:35,862] {logging_mixin.py:104} INFO - [2021-12-02 15:17:35,862] {dagbag.py:487} INFO - Filling up the DagBag from /home/agalli/sandbox/lib/python3.6/site-packages/airflow/example_dags/tutorial_taskflow_api_etl_virtualenv.py
[2021-12-02 15:17:35,880] {scheduler_job.py:643} INFO - DAG(s) dict_keys(['tutorial_taskflow_api_etl_virtualenv']) retrieved from /home/agalli/sandbox/lib/python3.6/site-packages/airflow/example_dags/tutorial_taskflow_api_etl_virtualenv.py
[2021-12-02 15:17:36,316] {logging_mixin.py:104} INFO - [2021-12-02 15:17:36,316] {dag.py:1832} INFO - Sync 1 DAGs
[2021-12-02 15:17:36,326] {logging_mixin.py:104} INFO - [2021-12-02 15:17:36,326] {dag.py:2305} INFO - Setting next_dagrun for tutorial_taskflow_api_etl_virtualenv to None
[2021-12-02 15:17:36,349] {scheduler_job.py:190} INFO - Processing /home/agalli/sandbox/lib/python3.6/site-packages/airflow/example_dags/tutorial_taskflow_api_etl_virtualenv.py took 0.493 seconds
[2021-12-02 15:18:08,502] {scheduler_job.py:182} INFO - Started process (PID=2968) to work on /home/agalli/sandbox/lib/python3.6/site-packages/airflow/example_dags/tutorial_taskflow_api_etl_virtualenv.py
[2021-12-02 15:18:08,504] {scheduler_job.py:633} INFO - Processing file /home/agalli/sandbox/lib/python3.6/site-packages/airflow/example_dags/tutorial_taskflow_api_etl_virtualenv.py for tasks to queue
[2021-12-02 15:18:08,504] {logging_mixin.py:104} INFO - [2021-12-02 15:18:08,504] {dagbag.py:487} INFO - Filling up the DagBag from /home/agalli/sandbox/lib/python3.6/site-packages/airflow/example_dags/tutorial_taskflow_api_etl_virtualenv.py
[2021-12-02 15:18:08,516] {scheduler_job.py:643} INFO - DAG(s) dict_keys(['tutorial_taskflow_api_etl_virtualenv']) retrieved from /home/agalli/sandbox/lib/python3.6/site-packages/airflow/example_dags/tutorial_taskflow_api_etl_virtualenv.py
[2021-12-02 15:18:08,952] {logging_mixin.py:104} INFO - [2021-12-02 15:18:08,952] {dag.py:1832} INFO - Sync 1 DAGs
[2021-12-02 15:18:08,961] {logging_mixin.py:104} INFO - [2021-12-02 15:18:08,960] {dag.py:2305} INFO - Setting next_dagrun for tutorial_taskflow_api_etl_virtualenv to None
[2021-12-02 15:18:08,980] {scheduler_job.py:190} INFO - Processing /home/agalli/sandbox/lib/python3.6/site-packages/airflow/example_dags/tutorial_taskflow_api_etl_virtualenv.py took 0.481 seconds
[2021-12-02 15:18:41,514] {scheduler_job.py:182} INFO - Started process (PID=2997) to work on /home/agalli/sandbox/lib/python3.6/site-packages/airflow/example_dags/tutorial_taskflow_api_etl_virtualenv.py
[2021-12-02 15:18:41,515] {scheduler_job.py:633} INFO - Processing file /home/agalli/sandbox/lib/python3.6/site-packages/airflow/example_dags/tutorial_taskflow_api_etl_virtualenv.py for tasks to queue
[2021-12-02 15:18:41,516] {logging_mixin.py:104} INFO - [2021-12-02 15:18:41,516] {dagbag.py:487} INFO - Filling up the DagBag from /home/agalli/sandbox/lib/python3.6/site-packages/airflow/example_dags/tutorial_taskflow_api_etl_virtualenv.py
[2021-12-02 15:18:41,529] {scheduler_job.py:643} INFO - DAG(s) dict_keys(['tutorial_taskflow_api_etl_virtualenv']) retrieved from /home/agalli/sandbox/lib/python3.6/site-packages/airflow/example_dags/tutorial_taskflow_api_etl_virtualenv.py
[2021-12-02 15:18:41,946] {logging_mixin.py:104} INFO - [2021-12-02 15:18:41,946] {dag.py:1832} INFO - Sync 1 DAGs
[2021-12-02 15:18:41,958] {logging_mixin.py:104} INFO - [2021-12-02 15:18:41,958] {dag.py:2305} INFO - Setting next_dagrun for tutorial_taskflow_api_etl_virtualenv to None
[2021-12-02 15:18:41,985] {scheduler_job.py:190} INFO - Processing /home/agalli/sandbox/lib/python3.6/site-packages/airflow/example_dags/tutorial_taskflow_api_etl_virtualenv.py took 0.475 seconds
[2021-12-02 15:19:13,188] {scheduler_job.py:182} INFO - Started process (PID=3026) to work on /home/agalli/sandbox/lib/python3.6/site-packages/airflow/example_dags/tutorial_taskflow_api_etl_virtualenv.py
[2021-12-02 15:19:13,189] {scheduler_job.py:633} INFO - Processing file /home/agalli/sandbox/lib/python3.6/site-packages/airflow/example_dags/tutorial_taskflow_api_etl_virtualenv.py for tasks to queue
[2021-12-02 15:19:13,190] {logging_mixin.py:104} INFO - [2021-12-02 15:19:13,190] {dagbag.py:487} INFO - Filling up the DagBag from /home/agalli/sandbox/lib/python3.6/site-packages/airflow/example_dags/tutorial_taskflow_api_etl_virtualenv.py
[2021-12-02 15:19:13,207] {scheduler_job.py:643} INFO - DAG(s) dict_keys(['tutorial_taskflow_api_etl_virtualenv']) retrieved from /home/agalli/sandbox/lib/python3.6/site-packages/airflow/example_dags/tutorial_taskflow_api_etl_virtualenv.py
[2021-12-02 15:19:13,662] {logging_mixin.py:104} INFO - [2021-12-02 15:19:13,662] {dag.py:1832} INFO - Sync 1 DAGs
[2021-12-02 15:19:13,671] {logging_mixin.py:104} INFO - [2021-12-02 15:19:13,671] {dag.py:2305} INFO - Setting next_dagrun for tutorial_taskflow_api_etl_virtualenv to None
[2021-12-02 15:19:13,700] {scheduler_job.py:190} INFO - Processing /home/agalli/sandbox/lib/python3.6/site-packages/airflow/example_dags/tutorial_taskflow_api_etl_virtualenv.py took 0.516 seconds
[2021-12-02 15:19:48,783] {scheduler_job.py:182} INFO - Started process (PID=3055) to work on /home/agalli/sandbox/lib/python3.6/site-packages/airflow/example_dags/tutorial_taskflow_api_etl_virtualenv.py
[2021-12-02 15:19:48,784] {scheduler_job.py:633} INFO - Processing file /home/agalli/sandbox/lib/python3.6/site-packages/airflow/example_dags/tutorial_taskflow_api_etl_virtualenv.py for tasks to queue
[2021-12-02 15:19:48,785] {logging_mixin.py:104} INFO - [2021-12-02 15:19:48,785] {dagbag.py:487} INFO - Filling up the DagBag from /home/agalli/sandbox/lib/python3.6/site-packages/airflow/example_dags/tutorial_taskflow_api_etl_virtualenv.py
[2021-12-02 15:19:48,801] {scheduler_job.py:643} INFO - DAG(s) dict_keys(['tutorial_taskflow_api_etl_virtualenv']) retrieved from /home/agalli/sandbox/lib/python3.6/site-packages/airflow/example_dags/tutorial_taskflow_api_etl_virtualenv.py
[2021-12-02 15:19:49,223] {logging_mixin.py:104} INFO - [2021-12-02 15:19:49,223] {dag.py:1832} INFO - Sync 1 DAGs
[2021-12-02 15:19:49,232] {logging_mixin.py:104} INFO - [2021-12-02 15:19:49,232] {dag.py:2305} INFO - Setting next_dagrun for tutorial_taskflow_api_etl_virtualenv to None
[2021-12-02 15:19:49,253] {scheduler_job.py:190} INFO - Processing /home/agalli/sandbox/lib/python3.6/site-packages/airflow/example_dags/tutorial_taskflow_api_etl_virtualenv.py took 0.475 seconds
[2021-12-02 15:20:27,728] {scheduler_job.py:182} INFO - Started process (PID=3085) to work on /home/agalli/sandbox/lib/python3.6/site-packages/airflow/example_dags/tutorial_taskflow_api_etl_virtualenv.py
[2021-12-02 15:20:27,731] {scheduler_job.py:633} INFO - Processing file /home/agalli/sandbox/lib/python3.6/site-packages/airflow/example_dags/tutorial_taskflow_api_etl_virtualenv.py for tasks to queue
[2021-12-02 15:20:27,732] {logging_mixin.py:104} INFO - [2021-12-02 15:20:27,732] {dagbag.py:487} INFO - Filling up the DagBag from /home/agalli/sandbox/lib/python3.6/site-packages/airflow/example_dags/tutorial_taskflow_api_etl_virtualenv.py
[2021-12-02 15:20:27,754] {scheduler_job.py:643} INFO - DAG(s) dict_keys(['tutorial_taskflow_api_etl_virtualenv']) retrieved from /home/agalli/sandbox/lib/python3.6/site-packages/airflow/example_dags/tutorial_taskflow_api_etl_virtualenv.py
[2021-12-02 15:20:28,587] {logging_mixin.py:104} INFO - [2021-12-02 15:20:28,586] {dag.py:1832} INFO - Sync 1 DAGs
[2021-12-02 15:20:28,615] {logging_mixin.py:104} INFO - [2021-12-02 15:20:28,615] {dag.py:2305} INFO - Setting next_dagrun for tutorial_taskflow_api_etl_virtualenv to None
[2021-12-02 15:20:28,644] {scheduler_job.py:190} INFO - Processing /home/agalli/sandbox/lib/python3.6/site-packages/airflow/example_dags/tutorial_taskflow_api_etl_virtualenv.py took 0.922 seconds
