[2021-12-02 14:51:06,841] {scheduler_job.py:182} INFO - Started process (PID=1571) to work on /home/agalli/sandbox/lib/python3.6/site-packages/airflow/example_dags/tutorial_taskflow_api_etl.py
[2021-12-02 14:51:06,846] {scheduler_job.py:633} INFO - Processing file /home/agalli/sandbox/lib/python3.6/site-packages/airflow/example_dags/tutorial_taskflow_api_etl.py for tasks to queue
[2021-12-02 14:51:06,847] {logging_mixin.py:104} INFO - [2021-12-02 14:51:06,847] {dagbag.py:487} INFO - Filling up the DagBag from /home/agalli/sandbox/lib/python3.6/site-packages/airflow/example_dags/tutorial_taskflow_api_etl.py
[2021-12-02 14:51:06,873] {scheduler_job.py:643} INFO - DAG(s) dict_keys(['tutorial_taskflow_api_etl']) retrieved from /home/agalli/sandbox/lib/python3.6/site-packages/airflow/example_dags/tutorial_taskflow_api_etl.py
[2021-12-02 14:51:07,306] {logging_mixin.py:104} INFO - [2021-12-02 14:51:07,306] {dag.py:1832} INFO - Sync 1 DAGs
[2021-12-02 14:51:07,333] {logging_mixin.py:104} INFO - [2021-12-02 14:51:07,333] {dag.py:2305} INFO - Setting next_dagrun for tutorial_taskflow_api_etl to None
[2021-12-02 14:51:07,365] {scheduler_job.py:190} INFO - Processing /home/agalli/sandbox/lib/python3.6/site-packages/airflow/example_dags/tutorial_taskflow_api_etl.py took 0.529 seconds
[2021-12-02 14:51:55,831] {scheduler_job.py:182} INFO - Started process (PID=1664) to work on /home/agalli/sandbox/lib/python3.6/site-packages/airflow/example_dags/tutorial_taskflow_api_etl.py
[2021-12-02 14:51:55,832] {scheduler_job.py:633} INFO - Processing file /home/agalli/sandbox/lib/python3.6/site-packages/airflow/example_dags/tutorial_taskflow_api_etl.py for tasks to queue
[2021-12-02 14:51:55,833] {logging_mixin.py:104} INFO - [2021-12-02 14:51:55,832] {dagbag.py:487} INFO - Filling up the DagBag from /home/agalli/sandbox/lib/python3.6/site-packages/airflow/example_dags/tutorial_taskflow_api_etl.py
[2021-12-02 14:51:55,852] {scheduler_job.py:643} INFO - DAG(s) dict_keys(['tutorial_taskflow_api_etl']) retrieved from /home/agalli/sandbox/lib/python3.6/site-packages/airflow/example_dags/tutorial_taskflow_api_etl.py
[2021-12-02 14:51:56,264] {logging_mixin.py:104} INFO - [2021-12-02 14:51:56,264] {dag.py:1832} INFO - Sync 1 DAGs
[2021-12-02 14:51:56,282] {logging_mixin.py:104} INFO - [2021-12-02 14:51:56,282] {dag.py:2305} INFO - Setting next_dagrun for tutorial_taskflow_api_etl to None
[2021-12-02 14:51:56,312] {scheduler_job.py:190} INFO - Processing /home/agalli/sandbox/lib/python3.6/site-packages/airflow/example_dags/tutorial_taskflow_api_etl.py took 0.485 seconds
[2021-12-02 14:52:28,408] {scheduler_job.py:182} INFO - Started process (PID=1707) to work on /home/agalli/sandbox/lib/python3.6/site-packages/airflow/example_dags/tutorial_taskflow_api_etl.py
[2021-12-02 14:52:28,409] {scheduler_job.py:633} INFO - Processing file /home/agalli/sandbox/lib/python3.6/site-packages/airflow/example_dags/tutorial_taskflow_api_etl.py for tasks to queue
[2021-12-02 14:52:28,410] {logging_mixin.py:104} INFO - [2021-12-02 14:52:28,410] {dagbag.py:487} INFO - Filling up the DagBag from /home/agalli/sandbox/lib/python3.6/site-packages/airflow/example_dags/tutorial_taskflow_api_etl.py
[2021-12-02 14:52:28,431] {scheduler_job.py:643} INFO - DAG(s) dict_keys(['tutorial_taskflow_api_etl']) retrieved from /home/agalli/sandbox/lib/python3.6/site-packages/airflow/example_dags/tutorial_taskflow_api_etl.py
[2021-12-02 14:52:28,448] {logging_mixin.py:104} INFO - [2021-12-02 14:52:28,448] {dag.py:1832} INFO - Sync 1 DAGs
[2021-12-02 14:52:28,467] {logging_mixin.py:104} INFO - [2021-12-02 14:52:28,466] {dag.py:2305} INFO - Setting next_dagrun for tutorial_taskflow_api_etl to None
[2021-12-02 14:52:28,500] {scheduler_job.py:190} INFO - Processing /home/agalli/sandbox/lib/python3.6/site-packages/airflow/example_dags/tutorial_taskflow_api_etl.py took 0.097 seconds
[2021-12-02 14:53:03,169] {scheduler_job.py:182} INFO - Started process (PID=1737) to work on /home/agalli/sandbox/lib/python3.6/site-packages/airflow/example_dags/tutorial_taskflow_api_etl.py
[2021-12-02 14:53:03,178] {scheduler_job.py:633} INFO - Processing file /home/agalli/sandbox/lib/python3.6/site-packages/airflow/example_dags/tutorial_taskflow_api_etl.py for tasks to queue
[2021-12-02 14:53:03,180] {logging_mixin.py:104} INFO - [2021-12-02 14:53:03,179] {dagbag.py:487} INFO - Filling up the DagBag from /home/agalli/sandbox/lib/python3.6/site-packages/airflow/example_dags/tutorial_taskflow_api_etl.py
[2021-12-02 14:53:03,205] {scheduler_job.py:643} INFO - DAG(s) dict_keys(['tutorial_taskflow_api_etl']) retrieved from /home/agalli/sandbox/lib/python3.6/site-packages/airflow/example_dags/tutorial_taskflow_api_etl.py
[2021-12-02 14:53:03,818] {logging_mixin.py:104} INFO - [2021-12-02 14:53:03,817] {dag.py:1832} INFO - Sync 1 DAGs
[2021-12-02 14:53:03,851] {logging_mixin.py:104} INFO - [2021-12-02 14:53:03,851] {dag.py:2305} INFO - Setting next_dagrun for tutorial_taskflow_api_etl to None
[2021-12-02 14:53:03,879] {scheduler_job.py:190} INFO - Processing /home/agalli/sandbox/lib/python3.6/site-packages/airflow/example_dags/tutorial_taskflow_api_etl.py took 0.717 seconds
[2021-12-02 14:53:39,580] {scheduler_job.py:182} INFO - Started process (PID=1768) to work on /home/agalli/sandbox/lib/python3.6/site-packages/airflow/example_dags/tutorial_taskflow_api_etl.py
[2021-12-02 14:53:39,582] {scheduler_job.py:633} INFO - Processing file /home/agalli/sandbox/lib/python3.6/site-packages/airflow/example_dags/tutorial_taskflow_api_etl.py for tasks to queue
[2021-12-02 14:53:39,584] {logging_mixin.py:104} INFO - [2021-12-02 14:53:39,584] {dagbag.py:487} INFO - Filling up the DagBag from /home/agalli/sandbox/lib/python3.6/site-packages/airflow/example_dags/tutorial_taskflow_api_etl.py
[2021-12-02 14:53:39,631] {scheduler_job.py:643} INFO - DAG(s) dict_keys(['tutorial_taskflow_api_etl']) retrieved from /home/agalli/sandbox/lib/python3.6/site-packages/airflow/example_dags/tutorial_taskflow_api_etl.py
[2021-12-02 14:53:39,658] {logging_mixin.py:104} INFO - [2021-12-02 14:53:39,658] {dag.py:1832} INFO - Sync 1 DAGs
[2021-12-02 14:53:39,681] {logging_mixin.py:104} INFO - [2021-12-02 14:53:39,681] {dag.py:2305} INFO - Setting next_dagrun for tutorial_taskflow_api_etl to None
[2021-12-02 14:53:39,703] {scheduler_job.py:190} INFO - Processing /home/agalli/sandbox/lib/python3.6/site-packages/airflow/example_dags/tutorial_taskflow_api_etl.py took 0.129 seconds
[2021-12-02 14:54:13,891] {scheduler_job.py:182} INFO - Started process (PID=1799) to work on /home/agalli/sandbox/lib/python3.6/site-packages/airflow/example_dags/tutorial_taskflow_api_etl.py
[2021-12-02 14:54:13,892] {scheduler_job.py:633} INFO - Processing file /home/agalli/sandbox/lib/python3.6/site-packages/airflow/example_dags/tutorial_taskflow_api_etl.py for tasks to queue
[2021-12-02 14:54:13,893] {logging_mixin.py:104} INFO - [2021-12-02 14:54:13,893] {dagbag.py:487} INFO - Filling up the DagBag from /home/agalli/sandbox/lib/python3.6/site-packages/airflow/example_dags/tutorial_taskflow_api_etl.py
[2021-12-02 14:54:13,919] {scheduler_job.py:643} INFO - DAG(s) dict_keys(['tutorial_taskflow_api_etl']) retrieved from /home/agalli/sandbox/lib/python3.6/site-packages/airflow/example_dags/tutorial_taskflow_api_etl.py
[2021-12-02 14:54:14,340] {logging_mixin.py:104} INFO - [2021-12-02 14:54:14,339] {dag.py:1832} INFO - Sync 1 DAGs
[2021-12-02 14:54:14,353] {logging_mixin.py:104} INFO - [2021-12-02 14:54:14,353] {dag.py:2305} INFO - Setting next_dagrun for tutorial_taskflow_api_etl to None
[2021-12-02 14:54:14,379] {scheduler_job.py:190} INFO - Processing /home/agalli/sandbox/lib/python3.6/site-packages/airflow/example_dags/tutorial_taskflow_api_etl.py took 0.491 seconds
[2021-12-02 14:54:51,062] {scheduler_job.py:182} INFO - Started process (PID=1829) to work on /home/agalli/sandbox/lib/python3.6/site-packages/airflow/example_dags/tutorial_taskflow_api_etl.py
[2021-12-02 14:54:51,073] {scheduler_job.py:633} INFO - Processing file /home/agalli/sandbox/lib/python3.6/site-packages/airflow/example_dags/tutorial_taskflow_api_etl.py for tasks to queue
[2021-12-02 14:54:51,075] {logging_mixin.py:104} INFO - [2021-12-02 14:54:51,075] {dagbag.py:487} INFO - Filling up the DagBag from /home/agalli/sandbox/lib/python3.6/site-packages/airflow/example_dags/tutorial_taskflow_api_etl.py
[2021-12-02 14:54:51,236] {scheduler_job.py:643} INFO - DAG(s) dict_keys(['tutorial_taskflow_api_etl']) retrieved from /home/agalli/sandbox/lib/python3.6/site-packages/airflow/example_dags/tutorial_taskflow_api_etl.py
[2021-12-02 14:54:53,023] {logging_mixin.py:104} INFO - [2021-12-02 14:54:53,023] {dag.py:1832} INFO - Sync 1 DAGs
[2021-12-02 14:54:53,052] {logging_mixin.py:104} INFO - [2021-12-02 14:54:53,051] {dag.py:2305} INFO - Setting next_dagrun for tutorial_taskflow_api_etl to None
[2021-12-02 14:54:53,092] {scheduler_job.py:190} INFO - Processing /home/agalli/sandbox/lib/python3.6/site-packages/airflow/example_dags/tutorial_taskflow_api_etl.py took 2.060 seconds
[2021-12-02 14:55:27,401] {scheduler_job.py:182} INFO - Started process (PID=1924) to work on /home/agalli/sandbox/lib/python3.6/site-packages/airflow/example_dags/tutorial_taskflow_api_etl.py
[2021-12-02 14:55:27,402] {scheduler_job.py:633} INFO - Processing file /home/agalli/sandbox/lib/python3.6/site-packages/airflow/example_dags/tutorial_taskflow_api_etl.py for tasks to queue
[2021-12-02 14:55:27,404] {logging_mixin.py:104} INFO - [2021-12-02 14:55:27,404] {dagbag.py:487} INFO - Filling up the DagBag from /home/agalli/sandbox/lib/python3.6/site-packages/airflow/example_dags/tutorial_taskflow_api_etl.py
[2021-12-02 14:55:27,443] {scheduler_job.py:643} INFO - DAG(s) dict_keys(['tutorial_taskflow_api_etl']) retrieved from /home/agalli/sandbox/lib/python3.6/site-packages/airflow/example_dags/tutorial_taskflow_api_etl.py
[2021-12-02 14:55:28,579] {logging_mixin.py:104} INFO - [2021-12-02 14:55:28,578] {dag.py:1832} INFO - Sync 1 DAGs
[2021-12-02 14:55:28,676] {logging_mixin.py:104} INFO - [2021-12-02 14:55:28,675] {dag.py:2305} INFO - Setting next_dagrun for tutorial_taskflow_api_etl to None
[2021-12-02 14:55:28,930] {scheduler_job.py:190} INFO - Processing /home/agalli/sandbox/lib/python3.6/site-packages/airflow/example_dags/tutorial_taskflow_api_etl.py took 1.526 seconds
[2021-12-02 14:56:04,396] {scheduler_job.py:182} INFO - Started process (PID=1976) to work on /home/agalli/sandbox/lib/python3.6/site-packages/airflow/example_dags/tutorial_taskflow_api_etl.py
[2021-12-02 14:56:04,400] {scheduler_job.py:633} INFO - Processing file /home/agalli/sandbox/lib/python3.6/site-packages/airflow/example_dags/tutorial_taskflow_api_etl.py for tasks to queue
[2021-12-02 14:56:04,401] {logging_mixin.py:104} INFO - [2021-12-02 14:56:04,401] {dagbag.py:487} INFO - Filling up the DagBag from /home/agalli/sandbox/lib/python3.6/site-packages/airflow/example_dags/tutorial_taskflow_api_etl.py
[2021-12-02 14:56:04,446] {scheduler_job.py:643} INFO - DAG(s) dict_keys(['tutorial_taskflow_api_etl']) retrieved from /home/agalli/sandbox/lib/python3.6/site-packages/airflow/example_dags/tutorial_taskflow_api_etl.py
[2021-12-02 14:56:05,152] {logging_mixin.py:104} INFO - [2021-12-02 14:56:05,152] {dag.py:1832} INFO - Sync 1 DAGs
[2021-12-02 14:56:05,201] {logging_mixin.py:104} INFO - [2021-12-02 14:56:05,201] {dag.py:2305} INFO - Setting next_dagrun for tutorial_taskflow_api_etl to None
[2021-12-02 14:56:05,242] {scheduler_job.py:190} INFO - Processing /home/agalli/sandbox/lib/python3.6/site-packages/airflow/example_dags/tutorial_taskflow_api_etl.py took 0.859 seconds
[2021-12-02 14:56:40,093] {scheduler_job.py:182} INFO - Started process (PID=2003) to work on /home/agalli/sandbox/lib/python3.6/site-packages/airflow/example_dags/tutorial_taskflow_api_etl.py
[2021-12-02 14:56:40,101] {scheduler_job.py:633} INFO - Processing file /home/agalli/sandbox/lib/python3.6/site-packages/airflow/example_dags/tutorial_taskflow_api_etl.py for tasks to queue
[2021-12-02 14:56:40,102] {logging_mixin.py:104} INFO - [2021-12-02 14:56:40,102] {dagbag.py:487} INFO - Filling up the DagBag from /home/agalli/sandbox/lib/python3.6/site-packages/airflow/example_dags/tutorial_taskflow_api_etl.py
[2021-12-02 14:56:40,132] {scheduler_job.py:643} INFO - DAG(s) dict_keys(['tutorial_taskflow_api_etl']) retrieved from /home/agalli/sandbox/lib/python3.6/site-packages/airflow/example_dags/tutorial_taskflow_api_etl.py
[2021-12-02 14:56:40,950] {logging_mixin.py:104} INFO - [2021-12-02 14:56:40,950] {dag.py:1832} INFO - Sync 1 DAGs
[2021-12-02 14:56:40,977] {logging_mixin.py:104} INFO - [2021-12-02 14:56:40,977] {dag.py:2305} INFO - Setting next_dagrun for tutorial_taskflow_api_etl to None
[2021-12-02 14:56:41,016] {scheduler_job.py:190} INFO - Processing /home/agalli/sandbox/lib/python3.6/site-packages/airflow/example_dags/tutorial_taskflow_api_etl.py took 0.927 seconds
[2021-12-02 14:57:19,554] {scheduler_job.py:182} INFO - Started process (PID=2034) to work on /home/agalli/sandbox/lib/python3.6/site-packages/airflow/example_dags/tutorial_taskflow_api_etl.py
[2021-12-02 14:57:19,556] {scheduler_job.py:633} INFO - Processing file /home/agalli/sandbox/lib/python3.6/site-packages/airflow/example_dags/tutorial_taskflow_api_etl.py for tasks to queue
[2021-12-02 14:57:19,558] {logging_mixin.py:104} INFO - [2021-12-02 14:57:19,558] {dagbag.py:487} INFO - Filling up the DagBag from /home/agalli/sandbox/lib/python3.6/site-packages/airflow/example_dags/tutorial_taskflow_api_etl.py
[2021-12-02 14:57:19,587] {scheduler_job.py:643} INFO - DAG(s) dict_keys(['tutorial_taskflow_api_etl']) retrieved from /home/agalli/sandbox/lib/python3.6/site-packages/airflow/example_dags/tutorial_taskflow_api_etl.py
[2021-12-02 14:57:20,235] {logging_mixin.py:104} INFO - [2021-12-02 14:57:20,235] {dag.py:1832} INFO - Sync 1 DAGs
[2021-12-02 14:57:20,262] {logging_mixin.py:104} INFO - [2021-12-02 14:57:20,262] {dag.py:2305} INFO - Setting next_dagrun for tutorial_taskflow_api_etl to None
[2021-12-02 14:57:20,299] {scheduler_job.py:190} INFO - Processing /home/agalli/sandbox/lib/python3.6/site-packages/airflow/example_dags/tutorial_taskflow_api_etl.py took 0.755 seconds
[2021-12-02 14:57:56,846] {scheduler_job.py:182} INFO - Started process (PID=2063) to work on /home/agalli/sandbox/lib/python3.6/site-packages/airflow/example_dags/tutorial_taskflow_api_etl.py
[2021-12-02 14:57:56,847] {scheduler_job.py:633} INFO - Processing file /home/agalli/sandbox/lib/python3.6/site-packages/airflow/example_dags/tutorial_taskflow_api_etl.py for tasks to queue
[2021-12-02 14:57:56,848] {logging_mixin.py:104} INFO - [2021-12-02 14:57:56,848] {dagbag.py:487} INFO - Filling up the DagBag from /home/agalli/sandbox/lib/python3.6/site-packages/airflow/example_dags/tutorial_taskflow_api_etl.py
[2021-12-02 14:57:56,891] {scheduler_job.py:643} INFO - DAG(s) dict_keys(['tutorial_taskflow_api_etl']) retrieved from /home/agalli/sandbox/lib/python3.6/site-packages/airflow/example_dags/tutorial_taskflow_api_etl.py
[2021-12-02 14:57:57,512] {logging_mixin.py:104} INFO - [2021-12-02 14:57:57,511] {dag.py:1832} INFO - Sync 1 DAGs
[2021-12-02 14:57:57,545] {logging_mixin.py:104} INFO - [2021-12-02 14:57:57,545] {dag.py:2305} INFO - Setting next_dagrun for tutorial_taskflow_api_etl to None
[2021-12-02 14:57:57,580] {scheduler_job.py:190} INFO - Processing /home/agalli/sandbox/lib/python3.6/site-packages/airflow/example_dags/tutorial_taskflow_api_etl.py took 0.738 seconds
[2021-12-02 14:58:46,269] {scheduler_job.py:182} INFO - Started process (PID=2093) to work on /home/agalli/sandbox/lib/python3.6/site-packages/airflow/example_dags/tutorial_taskflow_api_etl.py
[2021-12-02 14:58:46,273] {scheduler_job.py:633} INFO - Processing file /home/agalli/sandbox/lib/python3.6/site-packages/airflow/example_dags/tutorial_taskflow_api_etl.py for tasks to queue
[2021-12-02 14:58:46,284] {logging_mixin.py:104} INFO - [2021-12-02 14:58:46,283] {dagbag.py:487} INFO - Filling up the DagBag from /home/agalli/sandbox/lib/python3.6/site-packages/airflow/example_dags/tutorial_taskflow_api_etl.py
[2021-12-02 14:58:46,496] {scheduler_job.py:643} INFO - DAG(s) dict_keys(['tutorial_taskflow_api_etl']) retrieved from /home/agalli/sandbox/lib/python3.6/site-packages/airflow/example_dags/tutorial_taskflow_api_etl.py
[2021-12-02 14:58:49,664] {logging_mixin.py:104} INFO - [2021-12-02 14:58:49,663] {dag.py:1832} INFO - Sync 1 DAGs
[2021-12-02 14:58:49,815] {logging_mixin.py:104} INFO - [2021-12-02 14:58:49,815] {dag.py:2305} INFO - Setting next_dagrun for tutorial_taskflow_api_etl to None
[2021-12-02 14:58:49,902] {scheduler_job.py:190} INFO - Processing /home/agalli/sandbox/lib/python3.6/site-packages/airflow/example_dags/tutorial_taskflow_api_etl.py took 3.648 seconds
[2021-12-02 14:59:51,097] {scheduler_job.py:182} INFO - Started process (PID=2126) to work on /home/agalli/sandbox/lib/python3.6/site-packages/airflow/example_dags/tutorial_taskflow_api_etl.py
[2021-12-02 14:59:51,099] {scheduler_job.py:633} INFO - Processing file /home/agalli/sandbox/lib/python3.6/site-packages/airflow/example_dags/tutorial_taskflow_api_etl.py for tasks to queue
[2021-12-02 14:59:51,100] {logging_mixin.py:104} INFO - [2021-12-02 14:59:51,100] {dagbag.py:487} INFO - Filling up the DagBag from /home/agalli/sandbox/lib/python3.6/site-packages/airflow/example_dags/tutorial_taskflow_api_etl.py
[2021-12-02 14:59:51,143] {scheduler_job.py:643} INFO - DAG(s) dict_keys(['tutorial_taskflow_api_etl']) retrieved from /home/agalli/sandbox/lib/python3.6/site-packages/airflow/example_dags/tutorial_taskflow_api_etl.py
[2021-12-02 14:59:51,849] {logging_mixin.py:104} INFO - [2021-12-02 14:59:51,849] {dag.py:1832} INFO - Sync 1 DAGs
[2021-12-02 14:59:51,876] {logging_mixin.py:104} INFO - [2021-12-02 14:59:51,876] {dag.py:2305} INFO - Setting next_dagrun for tutorial_taskflow_api_etl to None
[2021-12-02 14:59:51,910] {scheduler_job.py:190} INFO - Processing /home/agalli/sandbox/lib/python3.6/site-packages/airflow/example_dags/tutorial_taskflow_api_etl.py took 0.820 seconds
[2021-12-02 15:00:31,940] {scheduler_job.py:182} INFO - Started process (PID=2157) to work on /home/agalli/sandbox/lib/python3.6/site-packages/airflow/example_dags/tutorial_taskflow_api_etl.py
[2021-12-02 15:00:31,942] {scheduler_job.py:633} INFO - Processing file /home/agalli/sandbox/lib/python3.6/site-packages/airflow/example_dags/tutorial_taskflow_api_etl.py for tasks to queue
[2021-12-02 15:00:31,943] {logging_mixin.py:104} INFO - [2021-12-02 15:00:31,943] {dagbag.py:487} INFO - Filling up the DagBag from /home/agalli/sandbox/lib/python3.6/site-packages/airflow/example_dags/tutorial_taskflow_api_etl.py
[2021-12-02 15:00:32,002] {scheduler_job.py:643} INFO - DAG(s) dict_keys(['tutorial_taskflow_api_etl']) retrieved from /home/agalli/sandbox/lib/python3.6/site-packages/airflow/example_dags/tutorial_taskflow_api_etl.py
[2021-12-02 15:00:32,629] {logging_mixin.py:104} INFO - [2021-12-02 15:00:32,629] {dag.py:1832} INFO - Sync 1 DAGs
[2021-12-02 15:00:32,646] {logging_mixin.py:104} INFO - [2021-12-02 15:00:32,646] {dag.py:2305} INFO - Setting next_dagrun for tutorial_taskflow_api_etl to None
[2021-12-02 15:00:32,674] {scheduler_job.py:190} INFO - Processing /home/agalli/sandbox/lib/python3.6/site-packages/airflow/example_dags/tutorial_taskflow_api_etl.py took 0.742 seconds
[2021-12-02 15:01:05,657] {scheduler_job.py:182} INFO - Started process (PID=2183) to work on /home/agalli/sandbox/lib/python3.6/site-packages/airflow/example_dags/tutorial_taskflow_api_etl.py
[2021-12-02 15:01:05,659] {scheduler_job.py:633} INFO - Processing file /home/agalli/sandbox/lib/python3.6/site-packages/airflow/example_dags/tutorial_taskflow_api_etl.py for tasks to queue
[2021-12-02 15:01:05,660] {logging_mixin.py:104} INFO - [2021-12-02 15:01:05,660] {dagbag.py:487} INFO - Filling up the DagBag from /home/agalli/sandbox/lib/python3.6/site-packages/airflow/example_dags/tutorial_taskflow_api_etl.py
[2021-12-02 15:01:05,722] {scheduler_job.py:643} INFO - DAG(s) dict_keys(['tutorial_taskflow_api_etl']) retrieved from /home/agalli/sandbox/lib/python3.6/site-packages/airflow/example_dags/tutorial_taskflow_api_etl.py
[2021-12-02 15:01:06,725] {logging_mixin.py:104} INFO - [2021-12-02 15:01:06,725] {dag.py:1832} INFO - Sync 1 DAGs
[2021-12-02 15:01:06,802] {logging_mixin.py:104} INFO - [2021-12-02 15:01:06,802] {dag.py:2305} INFO - Setting next_dagrun for tutorial_taskflow_api_etl to None
[2021-12-02 15:01:07,099] {scheduler_job.py:190} INFO - Processing /home/agalli/sandbox/lib/python3.6/site-packages/airflow/example_dags/tutorial_taskflow_api_etl.py took 1.455 seconds
[2021-12-02 15:01:47,982] {scheduler_job.py:182} INFO - Started process (PID=2211) to work on /home/agalli/sandbox/lib/python3.6/site-packages/airflow/example_dags/tutorial_taskflow_api_etl.py
[2021-12-02 15:01:47,986] {scheduler_job.py:633} INFO - Processing file /home/agalli/sandbox/lib/python3.6/site-packages/airflow/example_dags/tutorial_taskflow_api_etl.py for tasks to queue
[2021-12-02 15:01:47,989] {logging_mixin.py:104} INFO - [2021-12-02 15:01:47,988] {dagbag.py:487} INFO - Filling up the DagBag from /home/agalli/sandbox/lib/python3.6/site-packages/airflow/example_dags/tutorial_taskflow_api_etl.py
[2021-12-02 15:01:48,055] {scheduler_job.py:643} INFO - DAG(s) dict_keys(['tutorial_taskflow_api_etl']) retrieved from /home/agalli/sandbox/lib/python3.6/site-packages/airflow/example_dags/tutorial_taskflow_api_etl.py
[2021-12-02 15:01:48,784] {logging_mixin.py:104} INFO - [2021-12-02 15:01:48,784] {dag.py:1832} INFO - Sync 1 DAGs
[2021-12-02 15:01:48,819] {logging_mixin.py:104} INFO - [2021-12-02 15:01:48,819] {dag.py:2305} INFO - Setting next_dagrun for tutorial_taskflow_api_etl to None
[2021-12-02 15:01:48,859] {scheduler_job.py:190} INFO - Processing /home/agalli/sandbox/lib/python3.6/site-packages/airflow/example_dags/tutorial_taskflow_api_etl.py took 0.887 seconds
[2021-12-02 15:03:57,858] {scheduler_job.py:182} INFO - Started process (PID=2293) to work on /home/agalli/sandbox/lib/python3.6/site-packages/airflow/example_dags/tutorial_taskflow_api_etl.py
[2021-12-02 15:03:57,861] {scheduler_job.py:633} INFO - Processing file /home/agalli/sandbox/lib/python3.6/site-packages/airflow/example_dags/tutorial_taskflow_api_etl.py for tasks to queue
[2021-12-02 15:03:57,862] {logging_mixin.py:104} INFO - [2021-12-02 15:03:57,862] {dagbag.py:487} INFO - Filling up the DagBag from /home/agalli/sandbox/lib/python3.6/site-packages/airflow/example_dags/tutorial_taskflow_api_etl.py
[2021-12-02 15:03:57,899] {scheduler_job.py:643} INFO - DAG(s) dict_keys(['tutorial_taskflow_api_etl']) retrieved from /home/agalli/sandbox/lib/python3.6/site-packages/airflow/example_dags/tutorial_taskflow_api_etl.py
[2021-12-02 15:03:58,649] {logging_mixin.py:104} INFO - [2021-12-02 15:03:58,649] {dag.py:1832} INFO - Sync 1 DAGs
[2021-12-02 15:03:58,665] {logging_mixin.py:104} INFO - [2021-12-02 15:03:58,665] {dag.py:2305} INFO - Setting next_dagrun for tutorial_taskflow_api_etl to None
[2021-12-02 15:03:59,040] {scheduler_job.py:190} INFO - Processing /home/agalli/sandbox/lib/python3.6/site-packages/airflow/example_dags/tutorial_taskflow_api_etl.py took 1.193 seconds
[2021-12-02 15:04:49,890] {scheduler_job.py:182} INFO - Started process (PID=2324) to work on /home/agalli/sandbox/lib/python3.6/site-packages/airflow/example_dags/tutorial_taskflow_api_etl.py
[2021-12-02 15:04:49,892] {scheduler_job.py:633} INFO - Processing file /home/agalli/sandbox/lib/python3.6/site-packages/airflow/example_dags/tutorial_taskflow_api_etl.py for tasks to queue
[2021-12-02 15:04:49,893] {logging_mixin.py:104} INFO - [2021-12-02 15:04:49,892] {dagbag.py:487} INFO - Filling up the DagBag from /home/agalli/sandbox/lib/python3.6/site-packages/airflow/example_dags/tutorial_taskflow_api_etl.py
[2021-12-02 15:04:49,929] {scheduler_job.py:643} INFO - DAG(s) dict_keys(['tutorial_taskflow_api_etl']) retrieved from /home/agalli/sandbox/lib/python3.6/site-packages/airflow/example_dags/tutorial_taskflow_api_etl.py
[2021-12-02 15:04:50,803] {logging_mixin.py:104} INFO - [2021-12-02 15:04:50,803] {dag.py:1832} INFO - Sync 1 DAGs
[2021-12-02 15:04:50,861] {logging_mixin.py:104} INFO - [2021-12-02 15:04:50,861] {dag.py:2305} INFO - Setting next_dagrun for tutorial_taskflow_api_etl to None
[2021-12-02 15:04:50,883] {scheduler_job.py:190} INFO - Processing /home/agalli/sandbox/lib/python3.6/site-packages/airflow/example_dags/tutorial_taskflow_api_etl.py took 0.998 seconds
[2021-12-02 15:05:34,483] {scheduler_job.py:182} INFO - Started process (PID=2355) to work on /home/agalli/sandbox/lib/python3.6/site-packages/airflow/example_dags/tutorial_taskflow_api_etl.py
[2021-12-02 15:05:34,485] {scheduler_job.py:633} INFO - Processing file /home/agalli/sandbox/lib/python3.6/site-packages/airflow/example_dags/tutorial_taskflow_api_etl.py for tasks to queue
[2021-12-02 15:05:34,486] {logging_mixin.py:104} INFO - [2021-12-02 15:05:34,486] {dagbag.py:487} INFO - Filling up the DagBag from /home/agalli/sandbox/lib/python3.6/site-packages/airflow/example_dags/tutorial_taskflow_api_etl.py
[2021-12-02 15:05:34,517] {scheduler_job.py:643} INFO - DAG(s) dict_keys(['tutorial_taskflow_api_etl']) retrieved from /home/agalli/sandbox/lib/python3.6/site-packages/airflow/example_dags/tutorial_taskflow_api_etl.py
[2021-12-02 15:05:35,327] {logging_mixin.py:104} INFO - [2021-12-02 15:05:35,327] {dag.py:1832} INFO - Sync 1 DAGs
[2021-12-02 15:05:35,359] {logging_mixin.py:104} INFO - [2021-12-02 15:05:35,359] {dag.py:2305} INFO - Setting next_dagrun for tutorial_taskflow_api_etl to None
[2021-12-02 15:05:35,394] {scheduler_job.py:190} INFO - Processing /home/agalli/sandbox/lib/python3.6/site-packages/airflow/example_dags/tutorial_taskflow_api_etl.py took 0.917 seconds
[2021-12-02 15:06:24,471] {scheduler_job.py:182} INFO - Started process (PID=2387) to work on /home/agalli/sandbox/lib/python3.6/site-packages/airflow/example_dags/tutorial_taskflow_api_etl.py
[2021-12-02 15:06:24,475] {scheduler_job.py:633} INFO - Processing file /home/agalli/sandbox/lib/python3.6/site-packages/airflow/example_dags/tutorial_taskflow_api_etl.py for tasks to queue
[2021-12-02 15:06:24,478] {logging_mixin.py:104} INFO - [2021-12-02 15:06:24,477] {dagbag.py:487} INFO - Filling up the DagBag from /home/agalli/sandbox/lib/python3.6/site-packages/airflow/example_dags/tutorial_taskflow_api_etl.py
[2021-12-02 15:06:24,551] {scheduler_job.py:643} INFO - DAG(s) dict_keys(['tutorial_taskflow_api_etl']) retrieved from /home/agalli/sandbox/lib/python3.6/site-packages/airflow/example_dags/tutorial_taskflow_api_etl.py
[2021-12-02 15:06:25,484] {logging_mixin.py:104} INFO - [2021-12-02 15:06:25,484] {dag.py:1832} INFO - Sync 1 DAGs
[2021-12-02 15:06:25,503] {logging_mixin.py:104} INFO - [2021-12-02 15:06:25,503] {dag.py:2305} INFO - Setting next_dagrun for tutorial_taskflow_api_etl to None
[2021-12-02 15:06:25,534] {scheduler_job.py:190} INFO - Processing /home/agalli/sandbox/lib/python3.6/site-packages/airflow/example_dags/tutorial_taskflow_api_etl.py took 1.082 seconds
[2021-12-02 15:07:10,970] {scheduler_job.py:182} INFO - Started process (PID=2419) to work on /home/agalli/sandbox/lib/python3.6/site-packages/airflow/example_dags/tutorial_taskflow_api_etl.py
[2021-12-02 15:07:10,972] {scheduler_job.py:633} INFO - Processing file /home/agalli/sandbox/lib/python3.6/site-packages/airflow/example_dags/tutorial_taskflow_api_etl.py for tasks to queue
[2021-12-02 15:07:10,973] {logging_mixin.py:104} INFO - [2021-12-02 15:07:10,973] {dagbag.py:487} INFO - Filling up the DagBag from /home/agalli/sandbox/lib/python3.6/site-packages/airflow/example_dags/tutorial_taskflow_api_etl.py
[2021-12-02 15:07:11,014] {scheduler_job.py:643} INFO - DAG(s) dict_keys(['tutorial_taskflow_api_etl']) retrieved from /home/agalli/sandbox/lib/python3.6/site-packages/airflow/example_dags/tutorial_taskflow_api_etl.py
[2021-12-02 15:07:11,779] {logging_mixin.py:104} INFO - [2021-12-02 15:07:11,779] {dag.py:1832} INFO - Sync 1 DAGs
[2021-12-02 15:07:11,798] {logging_mixin.py:104} INFO - [2021-12-02 15:07:11,798] {dag.py:2305} INFO - Setting next_dagrun for tutorial_taskflow_api_etl to None
[2021-12-02 15:07:11,899] {scheduler_job.py:190} INFO - Processing /home/agalli/sandbox/lib/python3.6/site-packages/airflow/example_dags/tutorial_taskflow_api_etl.py took 0.934 seconds
[2021-12-02 15:07:50,851] {scheduler_job.py:182} INFO - Started process (PID=2450) to work on /home/agalli/sandbox/lib/python3.6/site-packages/airflow/example_dags/tutorial_taskflow_api_etl.py
[2021-12-02 15:07:50,852] {scheduler_job.py:633} INFO - Processing file /home/agalli/sandbox/lib/python3.6/site-packages/airflow/example_dags/tutorial_taskflow_api_etl.py for tasks to queue
[2021-12-02 15:07:50,854] {logging_mixin.py:104} INFO - [2021-12-02 15:07:50,853] {dagbag.py:487} INFO - Filling up the DagBag from /home/agalli/sandbox/lib/python3.6/site-packages/airflow/example_dags/tutorial_taskflow_api_etl.py
[2021-12-02 15:07:50,886] {scheduler_job.py:643} INFO - DAG(s) dict_keys(['tutorial_taskflow_api_etl']) retrieved from /home/agalli/sandbox/lib/python3.6/site-packages/airflow/example_dags/tutorial_taskflow_api_etl.py
[2021-12-02 15:07:52,482] {logging_mixin.py:104} INFO - [2021-12-02 15:07:52,482] {dag.py:1832} INFO - Sync 1 DAGs
[2021-12-02 15:07:52,536] {logging_mixin.py:104} INFO - [2021-12-02 15:07:52,536] {dag.py:2305} INFO - Setting next_dagrun for tutorial_taskflow_api_etl to None
[2021-12-02 15:07:52,870] {scheduler_job.py:190} INFO - Processing /home/agalli/sandbox/lib/python3.6/site-packages/airflow/example_dags/tutorial_taskflow_api_etl.py took 2.026 seconds
[2021-12-02 15:08:28,313] {scheduler_job.py:182} INFO - Started process (PID=2472) to work on /home/agalli/sandbox/lib/python3.6/site-packages/airflow/example_dags/tutorial_taskflow_api_etl.py
[2021-12-02 15:08:28,315] {scheduler_job.py:633} INFO - Processing file /home/agalli/sandbox/lib/python3.6/site-packages/airflow/example_dags/tutorial_taskflow_api_etl.py for tasks to queue
[2021-12-02 15:08:28,316] {logging_mixin.py:104} INFO - [2021-12-02 15:08:28,316] {dagbag.py:487} INFO - Filling up the DagBag from /home/agalli/sandbox/lib/python3.6/site-packages/airflow/example_dags/tutorial_taskflow_api_etl.py
[2021-12-02 15:08:28,339] {scheduler_job.py:643} INFO - DAG(s) dict_keys(['tutorial_taskflow_api_etl']) retrieved from /home/agalli/sandbox/lib/python3.6/site-packages/airflow/example_dags/tutorial_taskflow_api_etl.py
[2021-12-02 15:08:29,075] {logging_mixin.py:104} INFO - [2021-12-02 15:08:29,075] {dag.py:1832} INFO - Sync 1 DAGs
[2021-12-02 15:08:29,093] {logging_mixin.py:104} INFO - [2021-12-02 15:08:29,092] {dag.py:2305} INFO - Setting next_dagrun for tutorial_taskflow_api_etl to None
[2021-12-02 15:08:29,124] {scheduler_job.py:190} INFO - Processing /home/agalli/sandbox/lib/python3.6/site-packages/airflow/example_dags/tutorial_taskflow_api_etl.py took 0.817 seconds
[2021-12-02 15:09:05,639] {scheduler_job.py:182} INFO - Started process (PID=2497) to work on /home/agalli/sandbox/lib/python3.6/site-packages/airflow/example_dags/tutorial_taskflow_api_etl.py
[2021-12-02 15:09:05,641] {scheduler_job.py:633} INFO - Processing file /home/agalli/sandbox/lib/python3.6/site-packages/airflow/example_dags/tutorial_taskflow_api_etl.py for tasks to queue
[2021-12-02 15:09:05,643] {logging_mixin.py:104} INFO - [2021-12-02 15:09:05,642] {dagbag.py:487} INFO - Filling up the DagBag from /home/agalli/sandbox/lib/python3.6/site-packages/airflow/example_dags/tutorial_taskflow_api_etl.py
[2021-12-02 15:09:05,675] {scheduler_job.py:643} INFO - DAG(s) dict_keys(['tutorial_taskflow_api_etl']) retrieved from /home/agalli/sandbox/lib/python3.6/site-packages/airflow/example_dags/tutorial_taskflow_api_etl.py
[2021-12-02 15:09:06,476] {logging_mixin.py:104} INFO - [2021-12-02 15:09:06,476] {dag.py:1832} INFO - Sync 1 DAGs
[2021-12-02 15:09:06,505] {logging_mixin.py:104} INFO - [2021-12-02 15:09:06,505] {dag.py:2305} INFO - Setting next_dagrun for tutorial_taskflow_api_etl to None
[2021-12-02 15:09:06,548] {scheduler_job.py:190} INFO - Processing /home/agalli/sandbox/lib/python3.6/site-packages/airflow/example_dags/tutorial_taskflow_api_etl.py took 0.918 seconds
[2021-12-02 15:09:48,397] {scheduler_job.py:182} INFO - Started process (PID=2528) to work on /home/agalli/sandbox/lib/python3.6/site-packages/airflow/example_dags/tutorial_taskflow_api_etl.py
[2021-12-02 15:09:48,399] {scheduler_job.py:633} INFO - Processing file /home/agalli/sandbox/lib/python3.6/site-packages/airflow/example_dags/tutorial_taskflow_api_etl.py for tasks to queue
[2021-12-02 15:09:48,399] {logging_mixin.py:104} INFO - [2021-12-02 15:09:48,399] {dagbag.py:487} INFO - Filling up the DagBag from /home/agalli/sandbox/lib/python3.6/site-packages/airflow/example_dags/tutorial_taskflow_api_etl.py
[2021-12-02 15:09:48,415] {scheduler_job.py:643} INFO - DAG(s) dict_keys(['tutorial_taskflow_api_etl']) retrieved from /home/agalli/sandbox/lib/python3.6/site-packages/airflow/example_dags/tutorial_taskflow_api_etl.py
[2021-12-02 15:09:48,990] {logging_mixin.py:104} INFO - [2021-12-02 15:09:48,990] {dag.py:1832} INFO - Sync 1 DAGs
[2021-12-02 15:09:49,004] {logging_mixin.py:104} INFO - [2021-12-02 15:09:49,003] {dag.py:2305} INFO - Setting next_dagrun for tutorial_taskflow_api_etl to None
[2021-12-02 15:09:49,022] {scheduler_job.py:190} INFO - Processing /home/agalli/sandbox/lib/python3.6/site-packages/airflow/example_dags/tutorial_taskflow_api_etl.py took 0.629 seconds
[2021-12-02 15:10:25,761] {scheduler_job.py:182} INFO - Started process (PID=2559) to work on /home/agalli/sandbox/lib/python3.6/site-packages/airflow/example_dags/tutorial_taskflow_api_etl.py
[2021-12-02 15:10:25,763] {scheduler_job.py:633} INFO - Processing file /home/agalli/sandbox/lib/python3.6/site-packages/airflow/example_dags/tutorial_taskflow_api_etl.py for tasks to queue
[2021-12-02 15:10:25,764] {logging_mixin.py:104} INFO - [2021-12-02 15:10:25,764] {dagbag.py:487} INFO - Filling up the DagBag from /home/agalli/sandbox/lib/python3.6/site-packages/airflow/example_dags/tutorial_taskflow_api_etl.py
[2021-12-02 15:10:25,784] {scheduler_job.py:643} INFO - DAG(s) dict_keys(['tutorial_taskflow_api_etl']) retrieved from /home/agalli/sandbox/lib/python3.6/site-packages/airflow/example_dags/tutorial_taskflow_api_etl.py
[2021-12-02 15:10:26,270] {logging_mixin.py:104} INFO - [2021-12-02 15:10:26,270] {dag.py:1832} INFO - Sync 1 DAGs
[2021-12-02 15:10:26,283] {logging_mixin.py:104} INFO - [2021-12-02 15:10:26,283] {dag.py:2305} INFO - Setting next_dagrun for tutorial_taskflow_api_etl to None
[2021-12-02 15:10:26,308] {scheduler_job.py:190} INFO - Processing /home/agalli/sandbox/lib/python3.6/site-packages/airflow/example_dags/tutorial_taskflow_api_etl.py took 0.550 seconds
[2021-12-02 15:11:02,049] {scheduler_job.py:182} INFO - Started process (PID=2590) to work on /home/agalli/sandbox/lib/python3.6/site-packages/airflow/example_dags/tutorial_taskflow_api_etl.py
[2021-12-02 15:11:02,051] {scheduler_job.py:633} INFO - Processing file /home/agalli/sandbox/lib/python3.6/site-packages/airflow/example_dags/tutorial_taskflow_api_etl.py for tasks to queue
[2021-12-02 15:11:02,052] {logging_mixin.py:104} INFO - [2021-12-02 15:11:02,051] {dagbag.py:487} INFO - Filling up the DagBag from /home/agalli/sandbox/lib/python3.6/site-packages/airflow/example_dags/tutorial_taskflow_api_etl.py
[2021-12-02 15:11:02,071] {scheduler_job.py:643} INFO - DAG(s) dict_keys(['tutorial_taskflow_api_etl']) retrieved from /home/agalli/sandbox/lib/python3.6/site-packages/airflow/example_dags/tutorial_taskflow_api_etl.py
[2021-12-02 15:11:02,541] {logging_mixin.py:104} INFO - [2021-12-02 15:11:02,541] {dag.py:1832} INFO - Sync 1 DAGs
[2021-12-02 15:11:02,553] {logging_mixin.py:104} INFO - [2021-12-02 15:11:02,552] {dag.py:2305} INFO - Setting next_dagrun for tutorial_taskflow_api_etl to None
[2021-12-02 15:11:02,583] {scheduler_job.py:190} INFO - Processing /home/agalli/sandbox/lib/python3.6/site-packages/airflow/example_dags/tutorial_taskflow_api_etl.py took 0.538 seconds
[2021-12-02 15:11:35,756] {scheduler_job.py:182} INFO - Started process (PID=2621) to work on /home/agalli/sandbox/lib/python3.6/site-packages/airflow/example_dags/tutorial_taskflow_api_etl.py
[2021-12-02 15:11:35,757] {scheduler_job.py:633} INFO - Processing file /home/agalli/sandbox/lib/python3.6/site-packages/airflow/example_dags/tutorial_taskflow_api_etl.py for tasks to queue
[2021-12-02 15:11:35,758] {logging_mixin.py:104} INFO - [2021-12-02 15:11:35,757] {dagbag.py:487} INFO - Filling up the DagBag from /home/agalli/sandbox/lib/python3.6/site-packages/airflow/example_dags/tutorial_taskflow_api_etl.py
[2021-12-02 15:11:35,771] {scheduler_job.py:643} INFO - DAG(s) dict_keys(['tutorial_taskflow_api_etl']) retrieved from /home/agalli/sandbox/lib/python3.6/site-packages/airflow/example_dags/tutorial_taskflow_api_etl.py
[2021-12-02 15:11:36,225] {logging_mixin.py:104} INFO - [2021-12-02 15:11:36,224] {dag.py:1832} INFO - Sync 1 DAGs
[2021-12-02 15:11:36,234] {logging_mixin.py:104} INFO - [2021-12-02 15:11:36,234] {dag.py:2305} INFO - Setting next_dagrun for tutorial_taskflow_api_etl to None
[2021-12-02 15:11:36,262] {scheduler_job.py:190} INFO - Processing /home/agalli/sandbox/lib/python3.6/site-packages/airflow/example_dags/tutorial_taskflow_api_etl.py took 0.509 seconds
[2021-12-02 15:12:10,525] {scheduler_job.py:182} INFO - Started process (PID=2652) to work on /home/agalli/sandbox/lib/python3.6/site-packages/airflow/example_dags/tutorial_taskflow_api_etl.py
[2021-12-02 15:12:10,527] {scheduler_job.py:633} INFO - Processing file /home/agalli/sandbox/lib/python3.6/site-packages/airflow/example_dags/tutorial_taskflow_api_etl.py for tasks to queue
[2021-12-02 15:12:10,527] {logging_mixin.py:104} INFO - [2021-12-02 15:12:10,527] {dagbag.py:487} INFO - Filling up the DagBag from /home/agalli/sandbox/lib/python3.6/site-packages/airflow/example_dags/tutorial_taskflow_api_etl.py
[2021-12-02 15:12:10,548] {scheduler_job.py:643} INFO - DAG(s) dict_keys(['tutorial_taskflow_api_etl']) retrieved from /home/agalli/sandbox/lib/python3.6/site-packages/airflow/example_dags/tutorial_taskflow_api_etl.py
[2021-12-02 15:12:11,013] {logging_mixin.py:104} INFO - [2021-12-02 15:12:11,013] {dag.py:1832} INFO - Sync 1 DAGs
[2021-12-02 15:12:11,024] {logging_mixin.py:104} INFO - [2021-12-02 15:12:11,023] {dag.py:2305} INFO - Setting next_dagrun for tutorial_taskflow_api_etl to None
[2021-12-02 15:12:11,053] {scheduler_job.py:190} INFO - Processing /home/agalli/sandbox/lib/python3.6/site-packages/airflow/example_dags/tutorial_taskflow_api_etl.py took 0.533 seconds
[2021-12-02 15:12:42,459] {scheduler_job.py:182} INFO - Started process (PID=2679) to work on /home/agalli/sandbox/lib/python3.6/site-packages/airflow/example_dags/tutorial_taskflow_api_etl.py
[2021-12-02 15:12:42,461] {scheduler_job.py:633} INFO - Processing file /home/agalli/sandbox/lib/python3.6/site-packages/airflow/example_dags/tutorial_taskflow_api_etl.py for tasks to queue
[2021-12-02 15:12:42,461] {logging_mixin.py:104} INFO - [2021-12-02 15:12:42,461] {dagbag.py:487} INFO - Filling up the DagBag from /home/agalli/sandbox/lib/python3.6/site-packages/airflow/example_dags/tutorial_taskflow_api_etl.py
[2021-12-02 15:12:42,477] {scheduler_job.py:643} INFO - DAG(s) dict_keys(['tutorial_taskflow_api_etl']) retrieved from /home/agalli/sandbox/lib/python3.6/site-packages/airflow/example_dags/tutorial_taskflow_api_etl.py
[2021-12-02 15:12:42,993] {logging_mixin.py:104} INFO - [2021-12-02 15:12:42,993] {dag.py:1832} INFO - Sync 1 DAGs
[2021-12-02 15:12:43,003] {logging_mixin.py:104} INFO - [2021-12-02 15:12:43,003] {dag.py:2305} INFO - Setting next_dagrun for tutorial_taskflow_api_etl to None
[2021-12-02 15:12:43,037] {scheduler_job.py:190} INFO - Processing /home/agalli/sandbox/lib/python3.6/site-packages/airflow/example_dags/tutorial_taskflow_api_etl.py took 0.582 seconds
[2021-12-02 15:13:15,682] {scheduler_job.py:182} INFO - Started process (PID=2709) to work on /home/agalli/sandbox/lib/python3.6/site-packages/airflow/example_dags/tutorial_taskflow_api_etl.py
[2021-12-02 15:13:15,683] {scheduler_job.py:633} INFO - Processing file /home/agalli/sandbox/lib/python3.6/site-packages/airflow/example_dags/tutorial_taskflow_api_etl.py for tasks to queue
[2021-12-02 15:13:15,684] {logging_mixin.py:104} INFO - [2021-12-02 15:13:15,684] {dagbag.py:487} INFO - Filling up the DagBag from /home/agalli/sandbox/lib/python3.6/site-packages/airflow/example_dags/tutorial_taskflow_api_etl.py
[2021-12-02 15:13:15,697] {scheduler_job.py:643} INFO - DAG(s) dict_keys(['tutorial_taskflow_api_etl']) retrieved from /home/agalli/sandbox/lib/python3.6/site-packages/airflow/example_dags/tutorial_taskflow_api_etl.py
[2021-12-02 15:13:16,149] {logging_mixin.py:104} INFO - [2021-12-02 15:13:16,148] {dag.py:1832} INFO - Sync 1 DAGs
[2021-12-02 15:13:16,159] {logging_mixin.py:104} INFO - [2021-12-02 15:13:16,159] {dag.py:2305} INFO - Setting next_dagrun for tutorial_taskflow_api_etl to None
[2021-12-02 15:13:16,179] {scheduler_job.py:190} INFO - Processing /home/agalli/sandbox/lib/python3.6/site-packages/airflow/example_dags/tutorial_taskflow_api_etl.py took 0.501 seconds
[2021-12-02 15:13:49,576] {scheduler_job.py:182} INFO - Started process (PID=2740) to work on /home/agalli/sandbox/lib/python3.6/site-packages/airflow/example_dags/tutorial_taskflow_api_etl.py
[2021-12-02 15:13:49,577] {scheduler_job.py:633} INFO - Processing file /home/agalli/sandbox/lib/python3.6/site-packages/airflow/example_dags/tutorial_taskflow_api_etl.py for tasks to queue
[2021-12-02 15:13:49,578] {logging_mixin.py:104} INFO - [2021-12-02 15:13:49,578] {dagbag.py:487} INFO - Filling up the DagBag from /home/agalli/sandbox/lib/python3.6/site-packages/airflow/example_dags/tutorial_taskflow_api_etl.py
[2021-12-02 15:13:49,595] {scheduler_job.py:643} INFO - DAG(s) dict_keys(['tutorial_taskflow_api_etl']) retrieved from /home/agalli/sandbox/lib/python3.6/site-packages/airflow/example_dags/tutorial_taskflow_api_etl.py
[2021-12-02 15:13:50,024] {logging_mixin.py:104} INFO - [2021-12-02 15:13:50,023] {dag.py:1832} INFO - Sync 1 DAGs
[2021-12-02 15:13:50,035] {logging_mixin.py:104} INFO - [2021-12-02 15:13:50,035] {dag.py:2305} INFO - Setting next_dagrun for tutorial_taskflow_api_etl to None
[2021-12-02 15:13:50,058] {scheduler_job.py:190} INFO - Processing /home/agalli/sandbox/lib/python3.6/site-packages/airflow/example_dags/tutorial_taskflow_api_etl.py took 0.486 seconds
[2021-12-02 15:14:23,762] {scheduler_job.py:182} INFO - Started process (PID=2771) to work on /home/agalli/sandbox/lib/python3.6/site-packages/airflow/example_dags/tutorial_taskflow_api_etl.py
[2021-12-02 15:14:23,763] {scheduler_job.py:633} INFO - Processing file /home/agalli/sandbox/lib/python3.6/site-packages/airflow/example_dags/tutorial_taskflow_api_etl.py for tasks to queue
[2021-12-02 15:14:23,764] {logging_mixin.py:104} INFO - [2021-12-02 15:14:23,763] {dagbag.py:487} INFO - Filling up the DagBag from /home/agalli/sandbox/lib/python3.6/site-packages/airflow/example_dags/tutorial_taskflow_api_etl.py
[2021-12-02 15:14:23,778] {scheduler_job.py:643} INFO - DAG(s) dict_keys(['tutorial_taskflow_api_etl']) retrieved from /home/agalli/sandbox/lib/python3.6/site-packages/airflow/example_dags/tutorial_taskflow_api_etl.py
[2021-12-02 15:14:24,279] {logging_mixin.py:104} INFO - [2021-12-02 15:14:24,278] {dag.py:1832} INFO - Sync 1 DAGs
[2021-12-02 15:14:24,296] {logging_mixin.py:104} INFO - [2021-12-02 15:14:24,295] {dag.py:2305} INFO - Setting next_dagrun for tutorial_taskflow_api_etl to None
[2021-12-02 15:14:24,352] {scheduler_job.py:190} INFO - Processing /home/agalli/sandbox/lib/python3.6/site-packages/airflow/example_dags/tutorial_taskflow_api_etl.py took 0.594 seconds
[2021-12-02 15:15:02,731] {scheduler_job.py:182} INFO - Started process (PID=2804) to work on /home/agalli/sandbox/lib/python3.6/site-packages/airflow/example_dags/tutorial_taskflow_api_etl.py
[2021-12-02 15:15:02,734] {scheduler_job.py:633} INFO - Processing file /home/agalli/sandbox/lib/python3.6/site-packages/airflow/example_dags/tutorial_taskflow_api_etl.py for tasks to queue
[2021-12-02 15:15:02,736] {logging_mixin.py:104} INFO - [2021-12-02 15:15:02,736] {dagbag.py:487} INFO - Filling up the DagBag from /home/agalli/sandbox/lib/python3.6/site-packages/airflow/example_dags/tutorial_taskflow_api_etl.py
[2021-12-02 15:15:02,764] {scheduler_job.py:643} INFO - DAG(s) dict_keys(['tutorial_taskflow_api_etl']) retrieved from /home/agalli/sandbox/lib/python3.6/site-packages/airflow/example_dags/tutorial_taskflow_api_etl.py
[2021-12-02 15:15:03,405] {logging_mixin.py:104} INFO - [2021-12-02 15:15:03,405] {dag.py:1832} INFO - Sync 1 DAGs
[2021-12-02 15:15:03,425] {logging_mixin.py:104} INFO - [2021-12-02 15:15:03,424] {dag.py:2305} INFO - Setting next_dagrun for tutorial_taskflow_api_etl to None
[2021-12-02 15:15:03,448] {scheduler_job.py:190} INFO - Processing /home/agalli/sandbox/lib/python3.6/site-packages/airflow/example_dags/tutorial_taskflow_api_etl.py took 0.727 seconds
[2021-12-02 15:15:37,479] {scheduler_job.py:182} INFO - Started process (PID=2831) to work on /home/agalli/sandbox/lib/python3.6/site-packages/airflow/example_dags/tutorial_taskflow_api_etl.py
[2021-12-02 15:15:37,482] {scheduler_job.py:633} INFO - Processing file /home/agalli/sandbox/lib/python3.6/site-packages/airflow/example_dags/tutorial_taskflow_api_etl.py for tasks to queue
[2021-12-02 15:15:37,483] {logging_mixin.py:104} INFO - [2021-12-02 15:15:37,483] {dagbag.py:487} INFO - Filling up the DagBag from /home/agalli/sandbox/lib/python3.6/site-packages/airflow/example_dags/tutorial_taskflow_api_etl.py
[2021-12-02 15:15:37,500] {scheduler_job.py:643} INFO - DAG(s) dict_keys(['tutorial_taskflow_api_etl']) retrieved from /home/agalli/sandbox/lib/python3.6/site-packages/airflow/example_dags/tutorial_taskflow_api_etl.py
[2021-12-02 15:15:38,122] {logging_mixin.py:104} INFO - [2021-12-02 15:15:38,122] {dag.py:1832} INFO - Sync 1 DAGs
[2021-12-02 15:15:38,145] {logging_mixin.py:104} INFO - [2021-12-02 15:15:38,144] {dag.py:2305} INFO - Setting next_dagrun for tutorial_taskflow_api_etl to None
[2021-12-02 15:15:38,180] {scheduler_job.py:190} INFO - Processing /home/agalli/sandbox/lib/python3.6/site-packages/airflow/example_dags/tutorial_taskflow_api_etl.py took 0.706 seconds
[2021-12-02 15:16:13,139] {scheduler_job.py:182} INFO - Started process (PID=2862) to work on /home/agalli/sandbox/lib/python3.6/site-packages/airflow/example_dags/tutorial_taskflow_api_etl.py
[2021-12-02 15:16:13,140] {scheduler_job.py:633} INFO - Processing file /home/agalli/sandbox/lib/python3.6/site-packages/airflow/example_dags/tutorial_taskflow_api_etl.py for tasks to queue
[2021-12-02 15:16:13,141] {logging_mixin.py:104} INFO - [2021-12-02 15:16:13,141] {dagbag.py:487} INFO - Filling up the DagBag from /home/agalli/sandbox/lib/python3.6/site-packages/airflow/example_dags/tutorial_taskflow_api_etl.py
[2021-12-02 15:16:13,156] {scheduler_job.py:643} INFO - DAG(s) dict_keys(['tutorial_taskflow_api_etl']) retrieved from /home/agalli/sandbox/lib/python3.6/site-packages/airflow/example_dags/tutorial_taskflow_api_etl.py
[2021-12-02 15:16:13,620] {logging_mixin.py:104} INFO - [2021-12-02 15:16:13,619] {dag.py:1832} INFO - Sync 1 DAGs
[2021-12-02 15:16:13,630] {logging_mixin.py:104} INFO - [2021-12-02 15:16:13,630] {dag.py:2305} INFO - Setting next_dagrun for tutorial_taskflow_api_etl to None
[2021-12-02 15:16:13,652] {scheduler_job.py:190} INFO - Processing /home/agalli/sandbox/lib/python3.6/site-packages/airflow/example_dags/tutorial_taskflow_api_etl.py took 0.516 seconds
[2021-12-02 15:16:47,329] {scheduler_job.py:182} INFO - Started process (PID=2893) to work on /home/agalli/sandbox/lib/python3.6/site-packages/airflow/example_dags/tutorial_taskflow_api_etl.py
[2021-12-02 15:16:47,331] {scheduler_job.py:633} INFO - Processing file /home/agalli/sandbox/lib/python3.6/site-packages/airflow/example_dags/tutorial_taskflow_api_etl.py for tasks to queue
[2021-12-02 15:16:47,332] {logging_mixin.py:104} INFO - [2021-12-02 15:16:47,332] {dagbag.py:487} INFO - Filling up the DagBag from /home/agalli/sandbox/lib/python3.6/site-packages/airflow/example_dags/tutorial_taskflow_api_etl.py
[2021-12-02 15:16:47,347] {scheduler_job.py:643} INFO - DAG(s) dict_keys(['tutorial_taskflow_api_etl']) retrieved from /home/agalli/sandbox/lib/python3.6/site-packages/airflow/example_dags/tutorial_taskflow_api_etl.py
[2021-12-02 15:16:47,802] {logging_mixin.py:104} INFO - [2021-12-02 15:16:47,802] {dag.py:1832} INFO - Sync 1 DAGs
[2021-12-02 15:16:47,813] {logging_mixin.py:104} INFO - [2021-12-02 15:16:47,812] {dag.py:2305} INFO - Setting next_dagrun for tutorial_taskflow_api_etl to None
[2021-12-02 15:16:47,840] {scheduler_job.py:190} INFO - Processing /home/agalli/sandbox/lib/python3.6/site-packages/airflow/example_dags/tutorial_taskflow_api_etl.py took 0.515 seconds
[2021-12-02 15:17:20,347] {scheduler_job.py:182} INFO - Started process (PID=2923) to work on /home/agalli/sandbox/lib/python3.6/site-packages/airflow/example_dags/tutorial_taskflow_api_etl.py
[2021-12-02 15:17:20,348] {scheduler_job.py:633} INFO - Processing file /home/agalli/sandbox/lib/python3.6/site-packages/airflow/example_dags/tutorial_taskflow_api_etl.py for tasks to queue
[2021-12-02 15:17:20,349] {logging_mixin.py:104} INFO - [2021-12-02 15:17:20,349] {dagbag.py:487} INFO - Filling up the DagBag from /home/agalli/sandbox/lib/python3.6/site-packages/airflow/example_dags/tutorial_taskflow_api_etl.py
[2021-12-02 15:17:20,364] {scheduler_job.py:643} INFO - DAG(s) dict_keys(['tutorial_taskflow_api_etl']) retrieved from /home/agalli/sandbox/lib/python3.6/site-packages/airflow/example_dags/tutorial_taskflow_api_etl.py
[2021-12-02 15:17:20,826] {logging_mixin.py:104} INFO - [2021-12-02 15:17:20,825] {dag.py:1832} INFO - Sync 1 DAGs
[2021-12-02 15:17:20,836] {logging_mixin.py:104} INFO - [2021-12-02 15:17:20,836] {dag.py:2305} INFO - Setting next_dagrun for tutorial_taskflow_api_etl to None
[2021-12-02 15:17:20,860] {scheduler_job.py:190} INFO - Processing /home/agalli/sandbox/lib/python3.6/site-packages/airflow/example_dags/tutorial_taskflow_api_etl.py took 0.517 seconds
[2021-12-02 15:17:52,959] {scheduler_job.py:182} INFO - Started process (PID=2954) to work on /home/agalli/sandbox/lib/python3.6/site-packages/airflow/example_dags/tutorial_taskflow_api_etl.py
[2021-12-02 15:17:52,960] {scheduler_job.py:633} INFO - Processing file /home/agalli/sandbox/lib/python3.6/site-packages/airflow/example_dags/tutorial_taskflow_api_etl.py for tasks to queue
[2021-12-02 15:17:52,961] {logging_mixin.py:104} INFO - [2021-12-02 15:17:52,961] {dagbag.py:487} INFO - Filling up the DagBag from /home/agalli/sandbox/lib/python3.6/site-packages/airflow/example_dags/tutorial_taskflow_api_etl.py
[2021-12-02 15:17:52,978] {scheduler_job.py:643} INFO - DAG(s) dict_keys(['tutorial_taskflow_api_etl']) retrieved from /home/agalli/sandbox/lib/python3.6/site-packages/airflow/example_dags/tutorial_taskflow_api_etl.py
[2021-12-02 15:17:53,428] {logging_mixin.py:104} INFO - [2021-12-02 15:17:53,428] {dag.py:1832} INFO - Sync 1 DAGs
[2021-12-02 15:17:53,438] {logging_mixin.py:104} INFO - [2021-12-02 15:17:53,438] {dag.py:2305} INFO - Setting next_dagrun for tutorial_taskflow_api_etl to None
[2021-12-02 15:17:53,462] {scheduler_job.py:190} INFO - Processing /home/agalli/sandbox/lib/python3.6/site-packages/airflow/example_dags/tutorial_taskflow_api_etl.py took 0.508 seconds
[2021-12-02 15:18:25,102] {scheduler_job.py:182} INFO - Started process (PID=2983) to work on /home/agalli/sandbox/lib/python3.6/site-packages/airflow/example_dags/tutorial_taskflow_api_etl.py
[2021-12-02 15:18:25,103] {scheduler_job.py:633} INFO - Processing file /home/agalli/sandbox/lib/python3.6/site-packages/airflow/example_dags/tutorial_taskflow_api_etl.py for tasks to queue
[2021-12-02 15:18:25,104] {logging_mixin.py:104} INFO - [2021-12-02 15:18:25,104] {dagbag.py:487} INFO - Filling up the DagBag from /home/agalli/sandbox/lib/python3.6/site-packages/airflow/example_dags/tutorial_taskflow_api_etl.py
[2021-12-02 15:18:25,118] {scheduler_job.py:643} INFO - DAG(s) dict_keys(['tutorial_taskflow_api_etl']) retrieved from /home/agalli/sandbox/lib/python3.6/site-packages/airflow/example_dags/tutorial_taskflow_api_etl.py
[2021-12-02 15:18:25,579] {logging_mixin.py:104} INFO - [2021-12-02 15:18:25,579] {dag.py:1832} INFO - Sync 1 DAGs
[2021-12-02 15:18:25,592] {logging_mixin.py:104} INFO - [2021-12-02 15:18:25,592] {dag.py:2305} INFO - Setting next_dagrun for tutorial_taskflow_api_etl to None
[2021-12-02 15:18:25,616] {scheduler_job.py:190} INFO - Processing /home/agalli/sandbox/lib/python3.6/site-packages/airflow/example_dags/tutorial_taskflow_api_etl.py took 0.517 seconds
[2021-12-02 15:18:57,396] {scheduler_job.py:182} INFO - Started process (PID=3012) to work on /home/agalli/sandbox/lib/python3.6/site-packages/airflow/example_dags/tutorial_taskflow_api_etl.py
[2021-12-02 15:18:57,397] {scheduler_job.py:633} INFO - Processing file /home/agalli/sandbox/lib/python3.6/site-packages/airflow/example_dags/tutorial_taskflow_api_etl.py for tasks to queue
[2021-12-02 15:18:57,398] {logging_mixin.py:104} INFO - [2021-12-02 15:18:57,398] {dagbag.py:487} INFO - Filling up the DagBag from /home/agalli/sandbox/lib/python3.6/site-packages/airflow/example_dags/tutorial_taskflow_api_etl.py
[2021-12-02 15:18:57,413] {scheduler_job.py:643} INFO - DAG(s) dict_keys(['tutorial_taskflow_api_etl']) retrieved from /home/agalli/sandbox/lib/python3.6/site-packages/airflow/example_dags/tutorial_taskflow_api_etl.py
[2021-12-02 15:18:57,864] {logging_mixin.py:104} INFO - [2021-12-02 15:18:57,864] {dag.py:1832} INFO - Sync 1 DAGs
[2021-12-02 15:18:57,874] {logging_mixin.py:104} INFO - [2021-12-02 15:18:57,874] {dag.py:2305} INFO - Setting next_dagrun for tutorial_taskflow_api_etl to None
[2021-12-02 15:18:57,898] {scheduler_job.py:190} INFO - Processing /home/agalli/sandbox/lib/python3.6/site-packages/airflow/example_dags/tutorial_taskflow_api_etl.py took 0.506 seconds
[2021-12-02 15:19:28,809] {scheduler_job.py:182} INFO - Started process (PID=3040) to work on /home/agalli/sandbox/lib/python3.6/site-packages/airflow/example_dags/tutorial_taskflow_api_etl.py
[2021-12-02 15:19:28,811] {scheduler_job.py:633} INFO - Processing file /home/agalli/sandbox/lib/python3.6/site-packages/airflow/example_dags/tutorial_taskflow_api_etl.py for tasks to queue
[2021-12-02 15:19:28,811] {logging_mixin.py:104} INFO - [2021-12-02 15:19:28,811] {dagbag.py:487} INFO - Filling up the DagBag from /home/agalli/sandbox/lib/python3.6/site-packages/airflow/example_dags/tutorial_taskflow_api_etl.py
[2021-12-02 15:19:28,825] {scheduler_job.py:643} INFO - DAG(s) dict_keys(['tutorial_taskflow_api_etl']) retrieved from /home/agalli/sandbox/lib/python3.6/site-packages/airflow/example_dags/tutorial_taskflow_api_etl.py
[2021-12-02 15:19:29,267] {logging_mixin.py:104} INFO - [2021-12-02 15:19:29,267] {dag.py:1832} INFO - Sync 1 DAGs
[2021-12-02 15:19:29,279] {logging_mixin.py:104} INFO - [2021-12-02 15:19:29,279] {dag.py:2305} INFO - Setting next_dagrun for tutorial_taskflow_api_etl to None
[2021-12-02 15:19:29,301] {scheduler_job.py:190} INFO - Processing /home/agalli/sandbox/lib/python3.6/site-packages/airflow/example_dags/tutorial_taskflow_api_etl.py took 0.496 seconds
[2021-12-02 15:20:05,579] {scheduler_job.py:182} INFO - Started process (PID=3069) to work on /home/agalli/sandbox/lib/python3.6/site-packages/airflow/example_dags/tutorial_taskflow_api_etl.py
[2021-12-02 15:20:05,581] {scheduler_job.py:633} INFO - Processing file /home/agalli/sandbox/lib/python3.6/site-packages/airflow/example_dags/tutorial_taskflow_api_etl.py for tasks to queue
[2021-12-02 15:20:05,582] {logging_mixin.py:104} INFO - [2021-12-02 15:20:05,582] {dagbag.py:487} INFO - Filling up the DagBag from /home/agalli/sandbox/lib/python3.6/site-packages/airflow/example_dags/tutorial_taskflow_api_etl.py
[2021-12-02 15:20:05,646] {scheduler_job.py:643} INFO - DAG(s) dict_keys(['tutorial_taskflow_api_etl']) retrieved from /home/agalli/sandbox/lib/python3.6/site-packages/airflow/example_dags/tutorial_taskflow_api_etl.py
[2021-12-02 15:20:06,729] {logging_mixin.py:104} INFO - [2021-12-02 15:20:06,729] {dag.py:1832} INFO - Sync 1 DAGs
[2021-12-02 15:20:06,744] {logging_mixin.py:104} INFO - [2021-12-02 15:20:06,744] {dag.py:2305} INFO - Setting next_dagrun for tutorial_taskflow_api_etl to None
[2021-12-02 15:20:06,774] {scheduler_job.py:190} INFO - Processing /home/agalli/sandbox/lib/python3.6/site-packages/airflow/example_dags/tutorial_taskflow_api_etl.py took 1.212 seconds
[2021-12-02 15:20:42,142] {scheduler_job.py:182} INFO - Started process (PID=3095) to work on /home/agalli/sandbox/lib/python3.6/site-packages/airflow/example_dags/tutorial_taskflow_api_etl.py
[2021-12-02 15:20:42,145] {scheduler_job.py:633} INFO - Processing file /home/agalli/sandbox/lib/python3.6/site-packages/airflow/example_dags/tutorial_taskflow_api_etl.py for tasks to queue
[2021-12-02 15:20:42,146] {logging_mixin.py:104} INFO - [2021-12-02 15:20:42,146] {dagbag.py:487} INFO - Filling up the DagBag from /home/agalli/sandbox/lib/python3.6/site-packages/airflow/example_dags/tutorial_taskflow_api_etl.py
[2021-12-02 15:20:42,188] {scheduler_job.py:643} INFO - DAG(s) dict_keys(['tutorial_taskflow_api_etl']) retrieved from /home/agalli/sandbox/lib/python3.6/site-packages/airflow/example_dags/tutorial_taskflow_api_etl.py
[2021-12-02 15:20:43,347] {logging_mixin.py:104} INFO - [2021-12-02 15:20:43,346] {dag.py:1832} INFO - Sync 1 DAGs
[2021-12-02 15:20:43,374] {logging_mixin.py:104} INFO - [2021-12-02 15:20:43,374] {dag.py:2305} INFO - Setting next_dagrun for tutorial_taskflow_api_etl to None
[2021-12-02 15:20:43,463] {scheduler_job.py:190} INFO - Processing /home/agalli/sandbox/lib/python3.6/site-packages/airflow/example_dags/tutorial_taskflow_api_etl.py took 1.325 seconds
