[2021-12-02 15:03:13,320] {taskinstance.py:876} INFO - Dependencies all met for <TaskInstance: example_bash_operator.runme_2 2021-12-01T00:00:00+00:00 [queued]>
[2021-12-02 15:03:13,332] {taskinstance.py:876} INFO - Dependencies all met for <TaskInstance: example_bash_operator.runme_2 2021-12-01T00:00:00+00:00 [queued]>
[2021-12-02 15:03:13,332] {taskinstance.py:1067} INFO - 
--------------------------------------------------------------------------------
[2021-12-02 15:03:13,332] {taskinstance.py:1068} INFO - Starting attempt 1 of 1
[2021-12-02 15:03:13,332] {taskinstance.py:1069} INFO - 
--------------------------------------------------------------------------------
[2021-12-02 15:03:13,389] {taskinstance.py:1087} INFO - Executing <Task(BashOperator): runme_2> on 2021-12-01T00:00:00+00:00
[2021-12-02 15:03:13,393] {standard_task_runner.py:52} INFO - Started process 2263 to run task
[2021-12-02 15:03:13,404] {standard_task_runner.py:76} INFO - Running: ['airflow', 'tasks', 'run', 'example_bash_operator', 'runme_2', '2021-12-01T00:00:00+00:00', '--job-id', '9', '--pool', 'default_pool', '--raw', '--subdir', '/home/agalli/sandbox/lib/python3.6/site-packages/airflow/example_dags/example_bash_operator.py', '--cfg-path', '/tmp/tmpw5yjsy7z', '--error-file', '/tmp/tmp4tf9e4xv']
[2021-12-02 15:03:13,407] {standard_task_runner.py:77} INFO - Job 9: Subtask runme_2
[2021-12-02 15:03:13,477] {logging_mixin.py:104} INFO - Running <TaskInstance: example_bash_operator.runme_2 2021-12-01T00:00:00+00:00 [running]> on host ALE-LAPTOP.localdomain
[2021-12-02 15:03:13,578] {taskinstance.py:1282} INFO - Exporting the following env vars:
AIRFLOW_CTX_DAG_OWNER=airflow
AIRFLOW_CTX_DAG_ID=example_bash_operator
AIRFLOW_CTX_TASK_ID=runme_2
AIRFLOW_CTX_EXECUTION_DATE=2021-12-01T00:00:00+00:00
AIRFLOW_CTX_DAG_RUN_ID=scheduled__2021-12-01T00:00:00+00:00
[2021-12-02 15:03:13,579] {subprocess.py:52} INFO - Tmp dir root location: 
 /tmp
[2021-12-02 15:03:13,580] {subprocess.py:63} INFO - Running command: ['bash', '-c', 'echo "example_bash_operator__runme_2__20211201" && sleep 1']
[2021-12-02 15:03:13,588] {subprocess.py:75} INFO - Output:
[2021-12-02 15:03:13,590] {subprocess.py:79} INFO - example_bash_operator__runme_2__20211201
[2021-12-02 15:03:14,592] {subprocess.py:83} INFO - Command exited with return code 0
[2021-12-02 15:03:14,860] {taskinstance.py:1191} INFO - Marking task as SUCCESS. dag_id=example_bash_operator, task_id=runme_2, execution_date=20211201T000000, start_date=20211202T180313, end_date=20211202T180314
[2021-12-02 15:03:15,393] {taskinstance.py:1245} INFO - 1 downstream tasks scheduled from follow-on schedule check
[2021-12-02 15:03:15,430] {local_task_job.py:151} INFO - Task exited with return code 0
