[2021-12-02 15:02:57,485] {taskinstance.py:876} INFO - Dependencies all met for <TaskInstance: example_bash_operator.this_will_skip 2021-11-30T00:00:00+00:00 [queued]>
[2021-12-02 15:02:57,508] {taskinstance.py:876} INFO - Dependencies all met for <TaskInstance: example_bash_operator.this_will_skip 2021-11-30T00:00:00+00:00 [queued]>
[2021-12-02 15:02:57,509] {taskinstance.py:1067} INFO - 
--------------------------------------------------------------------------------
[2021-12-02 15:02:57,509] {taskinstance.py:1068} INFO - Starting attempt 1 of 1
[2021-12-02 15:02:57,509] {taskinstance.py:1069} INFO - 
--------------------------------------------------------------------------------
[2021-12-02 15:02:57,539] {taskinstance.py:1087} INFO - Executing <Task(BashOperator): this_will_skip> on 2021-11-30T00:00:00+00:00
[2021-12-02 15:02:57,542] {standard_task_runner.py:52} INFO - Started process 2243 to run task
[2021-12-02 15:02:57,555] {standard_task_runner.py:76} INFO - Running: ['airflow', 'tasks', 'run', 'example_bash_operator', 'this_will_skip', '2021-11-30T00:00:00+00:00', '--job-id', '6', '--pool', 'default_pool', '--raw', '--subdir', '/home/agalli/sandbox/lib/python3.6/site-packages/airflow/example_dags/example_bash_operator.py', '--cfg-path', '/tmp/tmpox976g6k', '--error-file', '/tmp/tmpyxgi9hb0']
[2021-12-02 15:02:57,558] {standard_task_runner.py:77} INFO - Job 6: Subtask this_will_skip
[2021-12-02 15:02:57,603] {logging_mixin.py:104} INFO - Running <TaskInstance: example_bash_operator.this_will_skip 2021-11-30T00:00:00+00:00 [running]> on host ALE-LAPTOP.localdomain
[2021-12-02 15:02:57,673] {taskinstance.py:1282} INFO - Exporting the following env vars:
AIRFLOW_CTX_DAG_OWNER=airflow
AIRFLOW_CTX_DAG_ID=example_bash_operator
AIRFLOW_CTX_TASK_ID=this_will_skip
AIRFLOW_CTX_EXECUTION_DATE=2021-11-30T00:00:00+00:00
AIRFLOW_CTX_DAG_RUN_ID=scheduled__2021-11-30T00:00:00+00:00
[2021-12-02 15:02:57,675] {subprocess.py:52} INFO - Tmp dir root location: 
 /tmp
[2021-12-02 15:02:57,676] {subprocess.py:63} INFO - Running command: ['bash', '-c', 'echo "hello world"; exit 99;']
[2021-12-02 15:02:57,683] {subprocess.py:75} INFO - Output:
[2021-12-02 15:02:57,686] {subprocess.py:79} INFO - hello world
[2021-12-02 15:02:57,686] {subprocess.py:83} INFO - Command exited with return code 99
[2021-12-02 15:02:57,689] {taskinstance.py:1147} INFO - Bash command returned exit code 99. Skipping.
[2021-12-02 15:02:57,697] {taskinstance.py:1157} INFO - Marking task as SKIPPED. dag_id=example_bash_operator, task_id=this_will_skip, execution_date=20211130T000000, start_date=20211202T180257, end_date=
[2021-12-02 15:02:57,698] {taskinstance.py:1191} INFO - Marking task as SUCCESS. dag_id=example_bash_operator, task_id=this_will_skip, execution_date=20211130T000000, start_date=20211202T180257, end_date=20211202T180257
[2021-12-02 15:02:57,757] {taskinstance.py:1245} INFO - 0 downstream tasks scheduled from follow-on schedule check
[2021-12-02 15:02:57,765] {local_task_job.py:151} INFO - Task exited with return code 0
