[2021-12-02 15:03:49,979] {taskinstance.py:876} INFO - Dependencies all met for <TaskInstance: example_bash_operator.run_after_loop 2021-12-01T00:00:00+00:00 [queued]>
[2021-12-02 15:03:50,003] {taskinstance.py:876} INFO - Dependencies all met for <TaskInstance: example_bash_operator.run_after_loop 2021-12-01T00:00:00+00:00 [queued]>
[2021-12-02 15:03:50,004] {taskinstance.py:1067} INFO - 
--------------------------------------------------------------------------------
[2021-12-02 15:03:50,005] {taskinstance.py:1068} INFO - Starting attempt 1 of 1
[2021-12-02 15:03:50,005] {taskinstance.py:1069} INFO - 
--------------------------------------------------------------------------------
[2021-12-02 15:03:50,272] {taskinstance.py:1087} INFO - Executing <Task(BashOperator): run_after_loop> on 2021-12-01T00:00:00+00:00
[2021-12-02 15:03:50,276] {standard_task_runner.py:52} INFO - Started process 2288 to run task
[2021-12-02 15:03:50,299] {standard_task_runner.py:76} INFO - Running: ['airflow', 'tasks', 'run', 'example_bash_operator', 'run_after_loop', '2021-12-01T00:00:00+00:00', '--job-id', '13', '--pool', 'default_pool', '--raw', '--subdir', '/home/agalli/sandbox/lib/python3.6/site-packages/airflow/example_dags/example_bash_operator.py', '--cfg-path', '/tmp/tmp7ub33h0j', '--error-file', '/tmp/tmp9uwr6jpb']
[2021-12-02 15:03:50,302] {standard_task_runner.py:77} INFO - Job 13: Subtask run_after_loop
[2021-12-02 15:03:50,605] {logging_mixin.py:104} INFO - Running <TaskInstance: example_bash_operator.run_after_loop 2021-12-01T00:00:00+00:00 [running]> on host ALE-LAPTOP.localdomain
[2021-12-02 15:03:51,196] {taskinstance.py:1282} INFO - Exporting the following env vars:
AIRFLOW_CTX_DAG_OWNER=airflow
AIRFLOW_CTX_DAG_ID=example_bash_operator
AIRFLOW_CTX_TASK_ID=run_after_loop
AIRFLOW_CTX_EXECUTION_DATE=2021-12-01T00:00:00+00:00
AIRFLOW_CTX_DAG_RUN_ID=scheduled__2021-12-01T00:00:00+00:00
[2021-12-02 15:03:51,197] {subprocess.py:52} INFO - Tmp dir root location: 
 /tmp
[2021-12-02 15:03:51,198] {subprocess.py:63} INFO - Running command: ['bash', '-c', 'echo 1']
[2021-12-02 15:03:51,210] {subprocess.py:75} INFO - Output:
[2021-12-02 15:03:51,216] {subprocess.py:79} INFO - 1
[2021-12-02 15:03:51,217] {subprocess.py:83} INFO - Command exited with return code 0
[2021-12-02 15:03:51,513] {taskinstance.py:1191} INFO - Marking task as SUCCESS. dag_id=example_bash_operator, task_id=run_after_loop, execution_date=20211201T000000, start_date=20211202T180349, end_date=20211202T180351
[2021-12-02 15:03:51,888] {taskinstance.py:1245} INFO - 0 downstream tasks scheduled from follow-on schedule check
[2021-12-02 15:03:51,920] {local_task_job.py:151} INFO - Task exited with return code 0
