[2021-12-10 16:23:00,565] {scheduler_job.py:182} INFO - Started process (PID=1555) to work on /home/agalli/airflow/dags/user_processing.py
[2021-12-10 16:23:00,566] {scheduler_job.py:633} INFO - Processing file /home/agalli/airflow/dags/user_processing.py for tasks to queue
[2021-12-10 16:23:00,567] {logging_mixin.py:104} INFO - [2021-12-10 16:23:00,567] {dagbag.py:487} INFO - Filling up the DagBag from /home/agalli/airflow/dags/user_processing.py
[2021-12-10 16:23:01,049] {logging_mixin.py:104} WARNING - /home/agalli/sandbox/lib/python3.6/site-packages/airflow/providers/sqlite/operators/sqlite.py:25 DeprecationWarning: This decorator is deprecated. 

In previous versions, all subclasses of BaseOperator must use apply_default decorator for the`default_args` feature to work properly.

In current version, it is optional. The decorator is applied automatically using the metaclass.
[2021-12-10 16:23:01,112] {scheduler_job.py:643} INFO - DAG(s) dict_keys(['user_processing']) retrieved from /home/agalli/airflow/dags/user_processing.py
[2021-12-10 16:23:01,364] {logging_mixin.py:104} INFO - [2021-12-10 16:23:01,364] {dag.py:1832} INFO - Sync 1 DAGs
[2021-12-10 16:23:01,382] {logging_mixin.py:104} INFO - [2021-12-10 16:23:01,382] {dag.py:2305} INFO - Setting next_dagrun for user_processing to 2021-12-09 00:00:00+00:00
[2021-12-10 16:23:01,410] {scheduler_job.py:190} INFO - Processing /home/agalli/airflow/dags/user_processing.py took 0.848 seconds
[2021-12-10 16:23:57,166] {scheduler_job.py:182} INFO - Started process (PID=1680) to work on /home/agalli/airflow/dags/user_processing.py
[2021-12-10 16:23:57,171] {scheduler_job.py:633} INFO - Processing file /home/agalli/airflow/dags/user_processing.py for tasks to queue
[2021-12-10 16:23:57,173] {logging_mixin.py:104} INFO - [2021-12-10 16:23:57,172] {dagbag.py:487} INFO - Filling up the DagBag from /home/agalli/airflow/dags/user_processing.py
[2021-12-10 16:23:59,607] {logging_mixin.py:104} WARNING - /home/agalli/sandbox/lib/python3.6/site-packages/airflow/providers/sqlite/operators/sqlite.py:25 DeprecationWarning: This decorator is deprecated. 

In previous versions, all subclasses of BaseOperator must use apply_default decorator for the`default_args` feature to work properly.

In current version, it is optional. The decorator is applied automatically using the metaclass.
[2021-12-10 16:24:00,002] {scheduler_job.py:643} INFO - DAG(s) dict_keys(['user_processing']) retrieved from /home/agalli/airflow/dags/user_processing.py
[2021-12-10 16:24:00,074] {logging_mixin.py:104} INFO - [2021-12-10 16:24:00,073] {dag.py:1832} INFO - Sync 1 DAGs
[2021-12-10 16:24:00,392] {logging_mixin.py:104} INFO - [2021-12-10 16:24:00,392] {dag.py:2305} INFO - Setting next_dagrun for user_processing to 2021-12-09 00:00:00+00:00
[2021-12-10 16:24:00,576] {scheduler_job.py:190} INFO - Processing /home/agalli/airflow/dags/user_processing.py took 3.421 seconds
[2021-12-10 16:24:53,768] {scheduler_job.py:182} INFO - Started process (PID=1715) to work on /home/agalli/airflow/dags/user_processing.py
[2021-12-10 16:24:53,781] {scheduler_job.py:633} INFO - Processing file /home/agalli/airflow/dags/user_processing.py for tasks to queue
[2021-12-10 16:24:53,787] {logging_mixin.py:104} INFO - [2021-12-10 16:24:53,787] {dagbag.py:487} INFO - Filling up the DagBag from /home/agalli/airflow/dags/user_processing.py
[2021-12-10 16:24:55,680] {logging_mixin.py:104} WARNING - /home/agalli/sandbox/lib/python3.6/site-packages/airflow/providers/sqlite/operators/sqlite.py:25 DeprecationWarning: This decorator is deprecated. 

In previous versions, all subclasses of BaseOperator must use apply_default decorator for the`default_args` feature to work properly.

In current version, it is optional. The decorator is applied automatically using the metaclass.
[2021-12-10 16:24:55,993] {scheduler_job.py:643} INFO - DAG(s) dict_keys(['user_processing']) retrieved from /home/agalli/airflow/dags/user_processing.py
[2021-12-10 16:24:56,028] {logging_mixin.py:104} INFO - [2021-12-10 16:24:56,028] {dag.py:1832} INFO - Sync 1 DAGs
[2021-12-10 16:24:56,102] {logging_mixin.py:104} INFO - [2021-12-10 16:24:56,102] {dag.py:2305} INFO - Setting next_dagrun for user_processing to 2021-12-09 00:00:00+00:00
[2021-12-10 16:24:56,134] {scheduler_job.py:190} INFO - Processing /home/agalli/airflow/dags/user_processing.py took 2.384 seconds
[2021-12-10 16:25:40,315] {scheduler_job.py:182} INFO - Started process (PID=1778) to work on /home/agalli/airflow/dags/user_processing.py
[2021-12-10 16:25:40,319] {scheduler_job.py:633} INFO - Processing file /home/agalli/airflow/dags/user_processing.py for tasks to queue
[2021-12-10 16:25:40,322] {logging_mixin.py:104} INFO - [2021-12-10 16:25:40,321] {dagbag.py:487} INFO - Filling up the DagBag from /home/agalli/airflow/dags/user_processing.py
[2021-12-10 16:25:41,390] {logging_mixin.py:104} WARNING - /home/agalli/sandbox/lib/python3.6/site-packages/airflow/providers/sqlite/operators/sqlite.py:25 DeprecationWarning: This decorator is deprecated. 

In previous versions, all subclasses of BaseOperator must use apply_default decorator for the`default_args` feature to work properly.

In current version, it is optional. The decorator is applied automatically using the metaclass.
[2021-12-10 16:25:41,459] {scheduler_job.py:643} INFO - DAG(s) dict_keys(['user_processing']) retrieved from /home/agalli/airflow/dags/user_processing.py
[2021-12-10 16:25:42,074] {logging_mixin.py:104} INFO - [2021-12-10 16:25:42,074] {dag.py:1832} INFO - Sync 1 DAGs
[2021-12-10 16:25:42,104] {logging_mixin.py:104} INFO - [2021-12-10 16:25:42,104] {dag.py:2305} INFO - Setting next_dagrun for user_processing to 2021-12-09 00:00:00+00:00
[2021-12-10 16:25:42,133] {scheduler_job.py:190} INFO - Processing /home/agalli/airflow/dags/user_processing.py took 1.828 seconds
[2021-12-10 16:26:21,860] {scheduler_job.py:182} INFO - Started process (PID=2016) to work on /home/agalli/airflow/dags/user_processing.py
[2021-12-10 16:26:21,866] {scheduler_job.py:633} INFO - Processing file /home/agalli/airflow/dags/user_processing.py for tasks to queue
[2021-12-10 16:26:21,868] {logging_mixin.py:104} INFO - [2021-12-10 16:26:21,867] {dagbag.py:487} INFO - Filling up the DagBag from /home/agalli/airflow/dags/user_processing.py
[2021-12-10 16:26:23,487] {logging_mixin.py:104} WARNING - /home/agalli/sandbox/lib/python3.6/site-packages/airflow/providers/sqlite/operators/sqlite.py:25 DeprecationWarning: This decorator is deprecated. 

In previous versions, all subclasses of BaseOperator must use apply_default decorator for the`default_args` feature to work properly.

In current version, it is optional. The decorator is applied automatically using the metaclass.
[2021-12-10 16:26:23,589] {scheduler_job.py:643} INFO - DAG(s) dict_keys(['user_processing']) retrieved from /home/agalli/airflow/dags/user_processing.py
[2021-12-10 16:26:23,606] {logging_mixin.py:104} INFO - [2021-12-10 16:26:23,605] {dag.py:1832} INFO - Sync 1 DAGs
[2021-12-10 16:26:23,632] {logging_mixin.py:104} INFO - [2021-12-10 16:26:23,631] {dag.py:2305} INFO - Setting next_dagrun for user_processing to 2021-12-09 00:00:00+00:00
[2021-12-10 16:26:23,663] {scheduler_job.py:190} INFO - Processing /home/agalli/airflow/dags/user_processing.py took 1.812 seconds
[2021-12-10 16:27:01,816] {scheduler_job.py:182} INFO - Started process (PID=2193) to work on /home/agalli/airflow/dags/user_processing.py
[2021-12-10 16:27:01,819] {scheduler_job.py:633} INFO - Processing file /home/agalli/airflow/dags/user_processing.py for tasks to queue
[2021-12-10 16:27:01,820] {logging_mixin.py:104} INFO - [2021-12-10 16:27:01,820] {dagbag.py:487} INFO - Filling up the DagBag from /home/agalli/airflow/dags/user_processing.py
[2021-12-10 16:27:02,810] {logging_mixin.py:104} WARNING - /home/agalli/sandbox/lib/python3.6/site-packages/airflow/providers/sqlite/operators/sqlite.py:25 DeprecationWarning: This decorator is deprecated. 

In previous versions, all subclasses of BaseOperator must use apply_default decorator for the`default_args` feature to work properly.

In current version, it is optional. The decorator is applied automatically using the metaclass.
[2021-12-10 16:27:02,879] {scheduler_job.py:643} INFO - DAG(s) dict_keys(['user_processing']) retrieved from /home/agalli/airflow/dags/user_processing.py
[2021-12-10 16:27:02,899] {logging_mixin.py:104} INFO - [2021-12-10 16:27:02,899] {dag.py:1832} INFO - Sync 1 DAGs
[2021-12-10 16:27:02,921] {logging_mixin.py:104} INFO - [2021-12-10 16:27:02,920] {dag.py:2305} INFO - Setting next_dagrun for user_processing to 2021-12-09 00:00:00+00:00
[2021-12-10 16:27:02,944] {scheduler_job.py:190} INFO - Processing /home/agalli/airflow/dags/user_processing.py took 1.133 seconds
[2021-12-10 16:27:37,898] {scheduler_job.py:182} INFO - Started process (PID=2281) to work on /home/agalli/airflow/dags/user_processing.py
[2021-12-10 16:27:37,931] {scheduler_job.py:633} INFO - Processing file /home/agalli/airflow/dags/user_processing.py for tasks to queue
[2021-12-10 16:27:37,945] {logging_mixin.py:104} INFO - [2021-12-10 16:27:37,945] {dagbag.py:487} INFO - Filling up the DagBag from /home/agalli/airflow/dags/user_processing.py
[2021-12-10 16:27:39,141] {logging_mixin.py:104} WARNING - /home/agalli/sandbox/lib/python3.6/site-packages/airflow/providers/sqlite/operators/sqlite.py:25 DeprecationWarning: This decorator is deprecated. 

In previous versions, all subclasses of BaseOperator must use apply_default decorator for the`default_args` feature to work properly.

In current version, it is optional. The decorator is applied automatically using the metaclass.
[2021-12-10 16:27:39,240] {scheduler_job.py:643} INFO - DAG(s) dict_keys(['user_processing']) retrieved from /home/agalli/airflow/dags/user_processing.py
[2021-12-10 16:27:39,258] {logging_mixin.py:104} INFO - [2021-12-10 16:27:39,258] {dag.py:1832} INFO - Sync 1 DAGs
[2021-12-10 16:27:39,283] {logging_mixin.py:104} INFO - [2021-12-10 16:27:39,282] {dag.py:2305} INFO - Setting next_dagrun for user_processing to 2021-12-09 00:00:00+00:00
[2021-12-10 16:27:39,316] {scheduler_job.py:190} INFO - Processing /home/agalli/airflow/dags/user_processing.py took 1.429 seconds
[2021-12-10 16:28:21,461] {scheduler_job.py:182} INFO - Started process (PID=2496) to work on /home/agalli/airflow/dags/user_processing.py
[2021-12-10 16:28:21,466] {scheduler_job.py:633} INFO - Processing file /home/agalli/airflow/dags/user_processing.py for tasks to queue
[2021-12-10 16:28:21,469] {logging_mixin.py:104} INFO - [2021-12-10 16:28:21,469] {dagbag.py:487} INFO - Filling up the DagBag from /home/agalli/airflow/dags/user_processing.py
[2021-12-10 16:28:24,855] {logging_mixin.py:104} WARNING - /home/agalli/sandbox/lib/python3.6/site-packages/airflow/providers/sqlite/operators/sqlite.py:25 DeprecationWarning: This decorator is deprecated. 

In previous versions, all subclasses of BaseOperator must use apply_default decorator for the`default_args` feature to work properly.

In current version, it is optional. The decorator is applied automatically using the metaclass.
[2021-12-10 16:28:25,307] {scheduler_job.py:643} INFO - DAG(s) dict_keys(['user_processing']) retrieved from /home/agalli/airflow/dags/user_processing.py
[2021-12-10 16:28:26,440] {logging_mixin.py:104} INFO - [2021-12-10 16:28:26,439] {dag.py:1832} INFO - Sync 1 DAGs
[2021-12-10 16:28:26,462] {logging_mixin.py:104} INFO - [2021-12-10 16:28:26,461] {dag.py:2305} INFO - Setting next_dagrun for user_processing to 2021-12-09 00:00:00+00:00
[2021-12-10 16:28:26,495] {scheduler_job.py:190} INFO - Processing /home/agalli/airflow/dags/user_processing.py took 5.062 seconds
[2021-12-10 16:29:17,290] {scheduler_job.py:182} INFO - Started process (PID=2635) to work on /home/agalli/airflow/dags/user_processing.py
[2021-12-10 16:29:17,304] {scheduler_job.py:633} INFO - Processing file /home/agalli/airflow/dags/user_processing.py for tasks to queue
[2021-12-10 16:29:17,318] {logging_mixin.py:104} INFO - [2021-12-10 16:29:17,317] {dagbag.py:487} INFO - Filling up the DagBag from /home/agalli/airflow/dags/user_processing.py
[2021-12-10 16:29:19,506] {logging_mixin.py:104} WARNING - /home/agalli/sandbox/lib/python3.6/site-packages/airflow/providers/sqlite/operators/sqlite.py:25 DeprecationWarning: This decorator is deprecated. 

In previous versions, all subclasses of BaseOperator must use apply_default decorator for the`default_args` feature to work properly.

In current version, it is optional. The decorator is applied automatically using the metaclass.
[2021-12-10 16:29:19,737] {scheduler_job.py:643} INFO - DAG(s) dict_keys(['user_processing']) retrieved from /home/agalli/airflow/dags/user_processing.py
[2021-12-10 16:29:19,814] {logging_mixin.py:104} INFO - [2021-12-10 16:29:19,806] {dag.py:1832} INFO - Sync 1 DAGs
[2021-12-10 16:29:19,903] {logging_mixin.py:104} INFO - [2021-12-10 16:29:19,903] {dag.py:2305} INFO - Setting next_dagrun for user_processing to 2021-12-09 00:00:00+00:00
[2021-12-10 16:29:20,024] {scheduler_job.py:190} INFO - Processing /home/agalli/airflow/dags/user_processing.py took 2.758 seconds
[2021-12-10 16:30:03,847] {scheduler_job.py:182} INFO - Started process (PID=2667) to work on /home/agalli/airflow/dags/user_processing.py
[2021-12-10 16:30:03,848] {scheduler_job.py:633} INFO - Processing file /home/agalli/airflow/dags/user_processing.py for tasks to queue
[2021-12-10 16:30:03,849] {logging_mixin.py:104} INFO - [2021-12-10 16:30:03,849] {dagbag.py:487} INFO - Filling up the DagBag from /home/agalli/airflow/dags/user_processing.py
[2021-12-10 16:30:05,208] {logging_mixin.py:104} WARNING - /home/agalli/sandbox/lib/python3.6/site-packages/airflow/providers/sqlite/operators/sqlite.py:25 DeprecationWarning: This decorator is deprecated. 

In previous versions, all subclasses of BaseOperator must use apply_default decorator for the`default_args` feature to work properly.

In current version, it is optional. The decorator is applied automatically using the metaclass.
[2021-12-10 16:30:05,307] {scheduler_job.py:643} INFO - DAG(s) dict_keys(['user_processing']) retrieved from /home/agalli/airflow/dags/user_processing.py
[2021-12-10 16:30:05,326] {logging_mixin.py:104} INFO - [2021-12-10 16:30:05,325] {dag.py:1832} INFO - Sync 1 DAGs
[2021-12-10 16:30:05,352] {logging_mixin.py:104} INFO - [2021-12-10 16:30:05,351] {dag.py:2305} INFO - Setting next_dagrun for user_processing to 2021-12-09 00:00:00+00:00
[2021-12-10 16:30:05,385] {scheduler_job.py:190} INFO - Processing /home/agalli/airflow/dags/user_processing.py took 1.545 seconds
[2021-12-10 16:30:35,830] {scheduler_job.py:182} INFO - Started process (PID=2694) to work on /home/agalli/airflow/dags/user_processing.py
[2021-12-10 16:30:35,837] {scheduler_job.py:633} INFO - Processing file /home/agalli/airflow/dags/user_processing.py for tasks to queue
[2021-12-10 16:30:35,838] {logging_mixin.py:104} INFO - [2021-12-10 16:30:35,838] {dagbag.py:487} INFO - Filling up the DagBag from /home/agalli/airflow/dags/user_processing.py
[2021-12-10 16:30:37,201] {logging_mixin.py:104} WARNING - /home/agalli/sandbox/lib/python3.6/site-packages/airflow/providers/sqlite/operators/sqlite.py:25 DeprecationWarning: This decorator is deprecated. 

In previous versions, all subclasses of BaseOperator must use apply_default decorator for the`default_args` feature to work properly.

In current version, it is optional. The decorator is applied automatically using the metaclass.
[2021-12-10 16:30:37,368] {scheduler_job.py:643} INFO - DAG(s) dict_keys(['user_processing']) retrieved from /home/agalli/airflow/dags/user_processing.py
[2021-12-10 16:30:37,402] {logging_mixin.py:104} INFO - [2021-12-10 16:30:37,402] {dag.py:1832} INFO - Sync 1 DAGs
[2021-12-10 16:30:37,434] {logging_mixin.py:104} INFO - [2021-12-10 16:30:37,434] {dag.py:2305} INFO - Setting next_dagrun for user_processing to 2021-12-09 00:00:00+00:00
[2021-12-10 16:30:37,461] {scheduler_job.py:190} INFO - Processing /home/agalli/airflow/dags/user_processing.py took 1.637 seconds
[2021-12-10 16:31:15,145] {scheduler_job.py:182} INFO - Started process (PID=2953) to work on /home/agalli/airflow/dags/user_processing.py
[2021-12-10 16:31:15,147] {scheduler_job.py:633} INFO - Processing file /home/agalli/airflow/dags/user_processing.py for tasks to queue
[2021-12-10 16:31:15,148] {logging_mixin.py:104} INFO - [2021-12-10 16:31:15,148] {dagbag.py:487} INFO - Filling up the DagBag from /home/agalli/airflow/dags/user_processing.py
[2021-12-10 16:31:16,184] {logging_mixin.py:104} WARNING - /home/agalli/sandbox/lib/python3.6/site-packages/airflow/providers/sqlite/operators/sqlite.py:25 DeprecationWarning: This decorator is deprecated. 

In previous versions, all subclasses of BaseOperator must use apply_default decorator for the`default_args` feature to work properly.

In current version, it is optional. The decorator is applied automatically using the metaclass.
[2021-12-10 16:31:16,258] {scheduler_job.py:643} INFO - DAG(s) dict_keys(['user_processing']) retrieved from /home/agalli/airflow/dags/user_processing.py
[2021-12-10 16:31:16,274] {logging_mixin.py:104} INFO - [2021-12-10 16:31:16,274] {dag.py:1832} INFO - Sync 1 DAGs
[2021-12-10 16:31:16,290] {logging_mixin.py:104} INFO - [2021-12-10 16:31:16,290] {dag.py:2305} INFO - Setting next_dagrun for user_processing to 2021-12-10 00:00:00+00:00
[2021-12-10 16:31:16,308] {scheduler_job.py:190} INFO - Processing /home/agalli/airflow/dags/user_processing.py took 1.168 seconds
[2021-12-10 16:32:03,258] {scheduler_job.py:182} INFO - Started process (PID=3018) to work on /home/agalli/airflow/dags/user_processing.py
[2021-12-10 16:32:03,259] {scheduler_job.py:633} INFO - Processing file /home/agalli/airflow/dags/user_processing.py for tasks to queue
[2021-12-10 16:32:03,260] {logging_mixin.py:104} INFO - [2021-12-10 16:32:03,260] {dagbag.py:487} INFO - Filling up the DagBag from /home/agalli/airflow/dags/user_processing.py
[2021-12-10 16:32:04,558] {logging_mixin.py:104} WARNING - /home/agalli/sandbox/lib/python3.6/site-packages/airflow/providers/sqlite/operators/sqlite.py:25 DeprecationWarning: This decorator is deprecated. 

In previous versions, all subclasses of BaseOperator must use apply_default decorator for the`default_args` feature to work properly.

In current version, it is optional. The decorator is applied automatically using the metaclass.
[2021-12-10 16:32:04,698] {scheduler_job.py:643} INFO - DAG(s) dict_keys(['user_processing']) retrieved from /home/agalli/airflow/dags/user_processing.py
[2021-12-10 16:32:04,723] {logging_mixin.py:104} INFO - [2021-12-10 16:32:04,723] {dag.py:1832} INFO - Sync 1 DAGs
[2021-12-10 16:32:04,814] {logging_mixin.py:104} INFO - [2021-12-10 16:32:04,803] {dag.py:2305} INFO - Setting next_dagrun for user_processing to 2021-12-10 00:00:00+00:00
[2021-12-10 16:32:04,851] {scheduler_job.py:190} INFO - Processing /home/agalli/airflow/dags/user_processing.py took 1.598 seconds
[2021-12-10 16:32:42,077] {scheduler_job.py:182} INFO - Started process (PID=3152) to work on /home/agalli/airflow/dags/user_processing.py
[2021-12-10 16:32:42,080] {scheduler_job.py:633} INFO - Processing file /home/agalli/airflow/dags/user_processing.py for tasks to queue
[2021-12-10 16:32:42,081] {logging_mixin.py:104} INFO - [2021-12-10 16:32:42,081] {dagbag.py:487} INFO - Filling up the DagBag from /home/agalli/airflow/dags/user_processing.py
[2021-12-10 16:32:43,185] {logging_mixin.py:104} WARNING - /home/agalli/sandbox/lib/python3.6/site-packages/airflow/providers/sqlite/operators/sqlite.py:25 DeprecationWarning: This decorator is deprecated. 

In previous versions, all subclasses of BaseOperator must use apply_default decorator for the`default_args` feature to work properly.

In current version, it is optional. The decorator is applied automatically using the metaclass.
[2021-12-10 16:32:43,268] {scheduler_job.py:643} INFO - DAG(s) dict_keys(['user_processing']) retrieved from /home/agalli/airflow/dags/user_processing.py
[2021-12-10 16:32:43,765] {logging_mixin.py:104} INFO - [2021-12-10 16:32:43,765] {dag.py:1832} INFO - Sync 1 DAGs
[2021-12-10 16:32:43,804] {logging_mixin.py:104} INFO - [2021-12-10 16:32:43,803] {dag.py:2305} INFO - Setting next_dagrun for user_processing to 2021-12-10 00:00:00+00:00
[2021-12-10 16:32:44,178] {scheduler_job.py:190} INFO - Processing /home/agalli/airflow/dags/user_processing.py took 2.114 seconds
[2021-12-10 16:33:45,694] {scheduler_job.py:182} INFO - Started process (PID=3737) to work on /home/agalli/airflow/dags/user_processing.py
[2021-12-10 16:33:45,706] {scheduler_job.py:633} INFO - Processing file /home/agalli/airflow/dags/user_processing.py for tasks to queue
[2021-12-10 16:33:45,708] {logging_mixin.py:104} INFO - [2021-12-10 16:33:45,708] {dagbag.py:487} INFO - Filling up the DagBag from /home/agalli/airflow/dags/user_processing.py
[2021-12-10 16:33:47,236] {logging_mixin.py:104} WARNING - /home/agalli/sandbox/lib/python3.6/site-packages/airflow/providers/sqlite/operators/sqlite.py:25 DeprecationWarning: This decorator is deprecated. 

In previous versions, all subclasses of BaseOperator must use apply_default decorator for the`default_args` feature to work properly.

In current version, it is optional. The decorator is applied automatically using the metaclass.
[2021-12-10 16:33:47,316] {scheduler_job.py:643} INFO - DAG(s) dict_keys(['user_processing']) retrieved from /home/agalli/airflow/dags/user_processing.py
[2021-12-10 16:33:47,336] {logging_mixin.py:104} INFO - [2021-12-10 16:33:47,336] {dag.py:1832} INFO - Sync 1 DAGs
[2021-12-10 16:33:47,366] {logging_mixin.py:104} INFO - [2021-12-10 16:33:47,365] {dag.py:2305} INFO - Setting next_dagrun for user_processing to 2021-12-10 00:00:00+00:00
[2021-12-10 16:33:47,410] {scheduler_job.py:190} INFO - Processing /home/agalli/airflow/dags/user_processing.py took 1.723 seconds
[2021-12-10 16:34:23,697] {scheduler_job.py:182} INFO - Started process (PID=3794) to work on /home/agalli/airflow/dags/user_processing.py
[2021-12-10 16:34:23,701] {scheduler_job.py:633} INFO - Processing file /home/agalli/airflow/dags/user_processing.py for tasks to queue
[2021-12-10 16:34:23,703] {logging_mixin.py:104} INFO - [2021-12-10 16:34:23,702] {dagbag.py:487} INFO - Filling up the DagBag from /home/agalli/airflow/dags/user_processing.py
[2021-12-10 16:34:24,565] {logging_mixin.py:104} WARNING - /home/agalli/sandbox/lib/python3.6/site-packages/airflow/providers/sqlite/operators/sqlite.py:25 DeprecationWarning: This decorator is deprecated. 

In previous versions, all subclasses of BaseOperator must use apply_default decorator for the`default_args` feature to work properly.

In current version, it is optional. The decorator is applied automatically using the metaclass.
[2021-12-10 16:34:24,645] {scheduler_job.py:643} INFO - DAG(s) dict_keys(['user_processing']) retrieved from /home/agalli/airflow/dags/user_processing.py
[2021-12-10 16:34:24,664] {logging_mixin.py:104} INFO - [2021-12-10 16:34:24,664] {dag.py:1832} INFO - Sync 1 DAGs
[2021-12-10 16:34:24,686] {logging_mixin.py:104} INFO - [2021-12-10 16:34:24,686] {dag.py:2305} INFO - Setting next_dagrun for user_processing to 2021-12-10 00:00:00+00:00
[2021-12-10 16:34:24,706] {scheduler_job.py:190} INFO - Processing /home/agalli/airflow/dags/user_processing.py took 1.015 seconds
[2021-12-10 16:35:02,396] {scheduler_job.py:182} INFO - Started process (PID=3829) to work on /home/agalli/airflow/dags/user_processing.py
[2021-12-10 16:35:02,399] {scheduler_job.py:633} INFO - Processing file /home/agalli/airflow/dags/user_processing.py for tasks to queue
[2021-12-10 16:35:02,401] {logging_mixin.py:104} INFO - [2021-12-10 16:35:02,400] {dagbag.py:487} INFO - Filling up the DagBag from /home/agalli/airflow/dags/user_processing.py
[2021-12-10 16:35:02,945] {logging_mixin.py:104} WARNING - /home/agalli/sandbox/lib/python3.6/site-packages/airflow/providers/sqlite/operators/sqlite.py:25 DeprecationWarning: This decorator is deprecated. 

In previous versions, all subclasses of BaseOperator must use apply_default decorator for the`default_args` feature to work properly.

In current version, it is optional. The decorator is applied automatically using the metaclass.
[2021-12-10 16:35:03,013] {scheduler_job.py:643} INFO - DAG(s) dict_keys(['user_processing']) retrieved from /home/agalli/airflow/dags/user_processing.py
[2021-12-10 16:35:03,028] {logging_mixin.py:104} INFO - [2021-12-10 16:35:03,028] {dag.py:1832} INFO - Sync 1 DAGs
[2021-12-10 16:35:03,044] {logging_mixin.py:104} INFO - [2021-12-10 16:35:03,044] {dag.py:2305} INFO - Setting next_dagrun for user_processing to 2021-12-10 00:00:00+00:00
[2021-12-10 16:35:03,066] {scheduler_job.py:190} INFO - Processing /home/agalli/airflow/dags/user_processing.py took 0.674 seconds
[2021-12-10 16:35:45,025] {scheduler_job.py:182} INFO - Started process (PID=3862) to work on /home/agalli/airflow/dags/user_processing.py
[2021-12-10 16:35:45,028] {scheduler_job.py:633} INFO - Processing file /home/agalli/airflow/dags/user_processing.py for tasks to queue
[2021-12-10 16:35:45,056] {logging_mixin.py:104} INFO - [2021-12-10 16:35:45,054] {dagbag.py:487} INFO - Filling up the DagBag from /home/agalli/airflow/dags/user_processing.py
[2021-12-10 16:35:48,889] {logging_mixin.py:104} WARNING - /home/agalli/sandbox/lib/python3.6/site-packages/airflow/providers/sqlite/operators/sqlite.py:25 DeprecationWarning: This decorator is deprecated. 

In previous versions, all subclasses of BaseOperator must use apply_default decorator for the`default_args` feature to work properly.

In current version, it is optional. The decorator is applied automatically using the metaclass.
[2021-12-10 16:35:49,040] {scheduler_job.py:643} INFO - DAG(s) dict_keys(['user_processing']) retrieved from /home/agalli/airflow/dags/user_processing.py
[2021-12-10 16:35:49,069] {logging_mixin.py:104} INFO - [2021-12-10 16:35:49,069] {dag.py:1832} INFO - Sync 1 DAGs
[2021-12-10 16:35:49,232] {logging_mixin.py:104} INFO - [2021-12-10 16:35:49,232] {dag.py:2305} INFO - Setting next_dagrun for user_processing to 2021-12-10 00:00:00+00:00
[2021-12-10 16:35:49,268] {scheduler_job.py:190} INFO - Processing /home/agalli/airflow/dags/user_processing.py took 4.275 seconds
