[2022-02-12 13:57:19,259] {scheduler_job.py:182} INFO - Started process (PID=1477) to work on /home/agalli/sandbox/lib/python3.6/site-packages/airflow/example_dags/subdags/subdag.py
[2022-02-12 13:57:19,262] {scheduler_job.py:633} INFO - Processing file /home/agalli/sandbox/lib/python3.6/site-packages/airflow/example_dags/subdags/subdag.py for tasks to queue
[2022-02-12 13:57:19,264] {logging_mixin.py:104} INFO - [2022-02-12 13:57:19,264] {dagbag.py:487} INFO - Filling up the DagBag from /home/agalli/sandbox/lib/python3.6/site-packages/airflow/example_dags/subdags/subdag.py
[2022-02-12 13:57:19,272] {scheduler_job.py:645} WARNING - No viable dags retrieved from /home/agalli/sandbox/lib/python3.6/site-packages/airflow/example_dags/subdags/subdag.py
[2022-02-12 13:57:19,442] {scheduler_job.py:190} INFO - Processing /home/agalli/sandbox/lib/python3.6/site-packages/airflow/example_dags/subdags/subdag.py took 0.197 seconds
[2022-02-12 13:57:50,236] {scheduler_job.py:182} INFO - Started process (PID=2102) to work on /home/agalli/sandbox/lib/python3.6/site-packages/airflow/example_dags/subdags/subdag.py
[2022-02-12 13:57:50,245] {scheduler_job.py:633} INFO - Processing file /home/agalli/sandbox/lib/python3.6/site-packages/airflow/example_dags/subdags/subdag.py for tasks to queue
[2022-02-12 13:57:50,246] {logging_mixin.py:104} INFO - [2022-02-12 13:57:50,246] {dagbag.py:487} INFO - Filling up the DagBag from /home/agalli/sandbox/lib/python3.6/site-packages/airflow/example_dags/subdags/subdag.py
[2022-02-12 13:57:50,262] {scheduler_job.py:645} WARNING - No viable dags retrieved from /home/agalli/sandbox/lib/python3.6/site-packages/airflow/example_dags/subdags/subdag.py
[2022-02-12 13:57:50,336] {scheduler_job.py:190} INFO - Processing /home/agalli/sandbox/lib/python3.6/site-packages/airflow/example_dags/subdags/subdag.py took 0.119 seconds
[2022-02-12 13:58:20,664] {scheduler_job.py:182} INFO - Started process (PID=2330) to work on /home/agalli/sandbox/lib/python3.6/site-packages/airflow/example_dags/subdags/subdag.py
[2022-02-12 13:58:20,675] {scheduler_job.py:633} INFO - Processing file /home/agalli/sandbox/lib/python3.6/site-packages/airflow/example_dags/subdags/subdag.py for tasks to queue
[2022-02-12 13:58:20,677] {logging_mixin.py:104} INFO - [2022-02-12 13:58:20,677] {dagbag.py:487} INFO - Filling up the DagBag from /home/agalli/sandbox/lib/python3.6/site-packages/airflow/example_dags/subdags/subdag.py
[2022-02-12 13:58:20,692] {scheduler_job.py:645} WARNING - No viable dags retrieved from /home/agalli/sandbox/lib/python3.6/site-packages/airflow/example_dags/subdags/subdag.py
[2022-02-12 13:58:20,766] {scheduler_job.py:190} INFO - Processing /home/agalli/sandbox/lib/python3.6/site-packages/airflow/example_dags/subdags/subdag.py took 0.110 seconds
[2022-02-12 13:58:51,004] {scheduler_job.py:182} INFO - Started process (PID=2532) to work on /home/agalli/sandbox/lib/python3.6/site-packages/airflow/example_dags/subdags/subdag.py
[2022-02-12 13:58:51,006] {scheduler_job.py:633} INFO - Processing file /home/agalli/sandbox/lib/python3.6/site-packages/airflow/example_dags/subdags/subdag.py for tasks to queue
[2022-02-12 13:58:51,009] {logging_mixin.py:104} INFO - [2022-02-12 13:58:51,008] {dagbag.py:487} INFO - Filling up the DagBag from /home/agalli/sandbox/lib/python3.6/site-packages/airflow/example_dags/subdags/subdag.py
[2022-02-12 13:58:51,012] {scheduler_job.py:645} WARNING - No viable dags retrieved from /home/agalli/sandbox/lib/python3.6/site-packages/airflow/example_dags/subdags/subdag.py
[2022-02-12 13:58:51,032] {scheduler_job.py:190} INFO - Processing /home/agalli/sandbox/lib/python3.6/site-packages/airflow/example_dags/subdags/subdag.py took 0.031 seconds
[2022-02-12 13:59:21,383] {scheduler_job.py:182} INFO - Started process (PID=2736) to work on /home/agalli/sandbox/lib/python3.6/site-packages/airflow/example_dags/subdags/subdag.py
[2022-02-12 13:59:21,384] {scheduler_job.py:633} INFO - Processing file /home/agalli/sandbox/lib/python3.6/site-packages/airflow/example_dags/subdags/subdag.py for tasks to queue
[2022-02-12 13:59:21,384] {logging_mixin.py:104} INFO - [2022-02-12 13:59:21,384] {dagbag.py:487} INFO - Filling up the DagBag from /home/agalli/sandbox/lib/python3.6/site-packages/airflow/example_dags/subdags/subdag.py
[2022-02-12 13:59:21,388] {scheduler_job.py:645} WARNING - No viable dags retrieved from /home/agalli/sandbox/lib/python3.6/site-packages/airflow/example_dags/subdags/subdag.py
[2022-02-12 13:59:21,406] {scheduler_job.py:190} INFO - Processing /home/agalli/sandbox/lib/python3.6/site-packages/airflow/example_dags/subdags/subdag.py took 0.027 seconds
[2022-02-12 13:59:51,863] {scheduler_job.py:182} INFO - Started process (PID=3001) to work on /home/agalli/sandbox/lib/python3.6/site-packages/airflow/example_dags/subdags/subdag.py
[2022-02-12 13:59:51,864] {scheduler_job.py:633} INFO - Processing file /home/agalli/sandbox/lib/python3.6/site-packages/airflow/example_dags/subdags/subdag.py for tasks to queue
[2022-02-12 13:59:51,865] {logging_mixin.py:104} INFO - [2022-02-12 13:59:51,865] {dagbag.py:487} INFO - Filling up the DagBag from /home/agalli/sandbox/lib/python3.6/site-packages/airflow/example_dags/subdags/subdag.py
[2022-02-12 13:59:51,870] {scheduler_job.py:645} WARNING - No viable dags retrieved from /home/agalli/sandbox/lib/python3.6/site-packages/airflow/example_dags/subdags/subdag.py
[2022-02-12 13:59:51,892] {scheduler_job.py:190} INFO - Processing /home/agalli/sandbox/lib/python3.6/site-packages/airflow/example_dags/subdags/subdag.py took 0.032 seconds
[2022-02-12 14:00:22,704] {scheduler_job.py:182} INFO - Started process (PID=3293) to work on /home/agalli/sandbox/lib/python3.6/site-packages/airflow/example_dags/subdags/subdag.py
[2022-02-12 14:00:22,705] {scheduler_job.py:633} INFO - Processing file /home/agalli/sandbox/lib/python3.6/site-packages/airflow/example_dags/subdags/subdag.py for tasks to queue
[2022-02-12 14:00:22,706] {logging_mixin.py:104} INFO - [2022-02-12 14:00:22,706] {dagbag.py:487} INFO - Filling up the DagBag from /home/agalli/sandbox/lib/python3.6/site-packages/airflow/example_dags/subdags/subdag.py
[2022-02-12 14:00:22,708] {scheduler_job.py:645} WARNING - No viable dags retrieved from /home/agalli/sandbox/lib/python3.6/site-packages/airflow/example_dags/subdags/subdag.py
[2022-02-12 14:00:22,728] {scheduler_job.py:190} INFO - Processing /home/agalli/sandbox/lib/python3.6/site-packages/airflow/example_dags/subdags/subdag.py took 0.028 seconds
[2022-02-12 14:00:53,249] {scheduler_job.py:182} INFO - Started process (PID=3645) to work on /home/agalli/sandbox/lib/python3.6/site-packages/airflow/example_dags/subdags/subdag.py
[2022-02-12 14:00:53,250] {scheduler_job.py:633} INFO - Processing file /home/agalli/sandbox/lib/python3.6/site-packages/airflow/example_dags/subdags/subdag.py for tasks to queue
[2022-02-12 14:00:53,251] {logging_mixin.py:104} INFO - [2022-02-12 14:00:53,251] {dagbag.py:487} INFO - Filling up the DagBag from /home/agalli/sandbox/lib/python3.6/site-packages/airflow/example_dags/subdags/subdag.py
[2022-02-12 14:00:53,255] {scheduler_job.py:645} WARNING - No viable dags retrieved from /home/agalli/sandbox/lib/python3.6/site-packages/airflow/example_dags/subdags/subdag.py
[2022-02-12 14:00:53,283] {scheduler_job.py:190} INFO - Processing /home/agalli/sandbox/lib/python3.6/site-packages/airflow/example_dags/subdags/subdag.py took 0.039 seconds
[2022-02-12 14:01:23,522] {scheduler_job.py:182} INFO - Started process (PID=4896) to work on /home/agalli/sandbox/lib/python3.6/site-packages/airflow/example_dags/subdags/subdag.py
[2022-02-12 14:01:23,528] {scheduler_job.py:633} INFO - Processing file /home/agalli/sandbox/lib/python3.6/site-packages/airflow/example_dags/subdags/subdag.py for tasks to queue
[2022-02-12 14:01:23,529] {logging_mixin.py:104} INFO - [2022-02-12 14:01:23,529] {dagbag.py:487} INFO - Filling up the DagBag from /home/agalli/sandbox/lib/python3.6/site-packages/airflow/example_dags/subdags/subdag.py
[2022-02-12 14:01:23,534] {scheduler_job.py:645} WARNING - No viable dags retrieved from /home/agalli/sandbox/lib/python3.6/site-packages/airflow/example_dags/subdags/subdag.py
[2022-02-12 14:01:23,580] {scheduler_job.py:190} INFO - Processing /home/agalli/sandbox/lib/python3.6/site-packages/airflow/example_dags/subdags/subdag.py took 0.066 seconds
[2022-02-12 14:01:54,245] {scheduler_job.py:182} INFO - Started process (PID=5473) to work on /home/agalli/sandbox/lib/python3.6/site-packages/airflow/example_dags/subdags/subdag.py
[2022-02-12 14:01:54,248] {scheduler_job.py:633} INFO - Processing file /home/agalli/sandbox/lib/python3.6/site-packages/airflow/example_dags/subdags/subdag.py for tasks to queue
[2022-02-12 14:01:54,249] {logging_mixin.py:104} INFO - [2022-02-12 14:01:54,249] {dagbag.py:487} INFO - Filling up the DagBag from /home/agalli/sandbox/lib/python3.6/site-packages/airflow/example_dags/subdags/subdag.py
[2022-02-12 14:01:54,256] {scheduler_job.py:645} WARNING - No viable dags retrieved from /home/agalli/sandbox/lib/python3.6/site-packages/airflow/example_dags/subdags/subdag.py
[2022-02-12 14:01:54,290] {scheduler_job.py:190} INFO - Processing /home/agalli/sandbox/lib/python3.6/site-packages/airflow/example_dags/subdags/subdag.py took 0.050 seconds
[2022-02-12 14:02:25,208] {scheduler_job.py:182} INFO - Started process (PID=5795) to work on /home/agalli/sandbox/lib/python3.6/site-packages/airflow/example_dags/subdags/subdag.py
[2022-02-12 14:02:25,209] {scheduler_job.py:633} INFO - Processing file /home/agalli/sandbox/lib/python3.6/site-packages/airflow/example_dags/subdags/subdag.py for tasks to queue
[2022-02-12 14:02:25,209] {logging_mixin.py:104} INFO - [2022-02-12 14:02:25,209] {dagbag.py:487} INFO - Filling up the DagBag from /home/agalli/sandbox/lib/python3.6/site-packages/airflow/example_dags/subdags/subdag.py
[2022-02-12 14:02:25,212] {scheduler_job.py:645} WARNING - No viable dags retrieved from /home/agalli/sandbox/lib/python3.6/site-packages/airflow/example_dags/subdags/subdag.py
[2022-02-12 14:02:25,237] {scheduler_job.py:190} INFO - Processing /home/agalli/sandbox/lib/python3.6/site-packages/airflow/example_dags/subdags/subdag.py took 0.032 seconds
[2022-02-12 14:02:55,943] {scheduler_job.py:182} INFO - Started process (PID=5997) to work on /home/agalli/sandbox/lib/python3.6/site-packages/airflow/example_dags/subdags/subdag.py
[2022-02-12 14:02:55,949] {scheduler_job.py:633} INFO - Processing file /home/agalli/sandbox/lib/python3.6/site-packages/airflow/example_dags/subdags/subdag.py for tasks to queue
[2022-02-12 14:02:55,951] {logging_mixin.py:104} INFO - [2022-02-12 14:02:55,951] {dagbag.py:487} INFO - Filling up the DagBag from /home/agalli/sandbox/lib/python3.6/site-packages/airflow/example_dags/subdags/subdag.py
[2022-02-12 14:02:55,977] {scheduler_job.py:645} WARNING - No viable dags retrieved from /home/agalli/sandbox/lib/python3.6/site-packages/airflow/example_dags/subdags/subdag.py
[2022-02-12 14:02:56,018] {scheduler_job.py:190} INFO - Processing /home/agalli/sandbox/lib/python3.6/site-packages/airflow/example_dags/subdags/subdag.py took 0.085 seconds
[2022-02-12 14:20:15,855] {scheduler_job.py:182} INFO - Started process (PID=6908) to work on /home/agalli/sandbox/lib/python3.6/site-packages/airflow/example_dags/subdags/subdag.py
[2022-02-12 14:20:15,857] {scheduler_job.py:633} INFO - Processing file /home/agalli/sandbox/lib/python3.6/site-packages/airflow/example_dags/subdags/subdag.py for tasks to queue
[2022-02-12 14:20:15,859] {logging_mixin.py:104} INFO - [2022-02-12 14:20:15,858] {dagbag.py:487} INFO - Filling up the DagBag from /home/agalli/sandbox/lib/python3.6/site-packages/airflow/example_dags/subdags/subdag.py
[2022-02-12 14:20:15,886] {scheduler_job.py:645} WARNING - No viable dags retrieved from /home/agalli/sandbox/lib/python3.6/site-packages/airflow/example_dags/subdags/subdag.py
[2022-02-12 14:20:15,980] {scheduler_job.py:190} INFO - Processing /home/agalli/sandbox/lib/python3.6/site-packages/airflow/example_dags/subdags/subdag.py took 0.181 seconds
[2022-02-12 14:20:46,283] {scheduler_job.py:182} INFO - Started process (PID=7181) to work on /home/agalli/sandbox/lib/python3.6/site-packages/airflow/example_dags/subdags/subdag.py
[2022-02-12 14:20:46,284] {scheduler_job.py:633} INFO - Processing file /home/agalli/sandbox/lib/python3.6/site-packages/airflow/example_dags/subdags/subdag.py for tasks to queue
[2022-02-12 14:20:46,285] {logging_mixin.py:104} INFO - [2022-02-12 14:20:46,285] {dagbag.py:487} INFO - Filling up the DagBag from /home/agalli/sandbox/lib/python3.6/site-packages/airflow/example_dags/subdags/subdag.py
[2022-02-12 14:20:46,290] {scheduler_job.py:645} WARNING - No viable dags retrieved from /home/agalli/sandbox/lib/python3.6/site-packages/airflow/example_dags/subdags/subdag.py
[2022-02-12 14:20:46,312] {scheduler_job.py:190} INFO - Processing /home/agalli/sandbox/lib/python3.6/site-packages/airflow/example_dags/subdags/subdag.py took 0.032 seconds
[2022-02-12 14:21:16,449] {scheduler_job.py:182} INFO - Started process (PID=7380) to work on /home/agalli/sandbox/lib/python3.6/site-packages/airflow/example_dags/subdags/subdag.py
[2022-02-12 14:21:16,453] {scheduler_job.py:633} INFO - Processing file /home/agalli/sandbox/lib/python3.6/site-packages/airflow/example_dags/subdags/subdag.py for tasks to queue
[2022-02-12 14:21:16,454] {logging_mixin.py:104} INFO - [2022-02-12 14:21:16,454] {dagbag.py:487} INFO - Filling up the DagBag from /home/agalli/sandbox/lib/python3.6/site-packages/airflow/example_dags/subdags/subdag.py
[2022-02-12 14:21:16,457] {scheduler_job.py:645} WARNING - No viable dags retrieved from /home/agalli/sandbox/lib/python3.6/site-packages/airflow/example_dags/subdags/subdag.py
[2022-02-12 14:21:16,478] {scheduler_job.py:190} INFO - Processing /home/agalli/sandbox/lib/python3.6/site-packages/airflow/example_dags/subdags/subdag.py took 0.034 seconds
[2022-02-12 14:21:46,603] {scheduler_job.py:182} INFO - Started process (PID=7579) to work on /home/agalli/sandbox/lib/python3.6/site-packages/airflow/example_dags/subdags/subdag.py
[2022-02-12 14:21:46,604] {scheduler_job.py:633} INFO - Processing file /home/agalli/sandbox/lib/python3.6/site-packages/airflow/example_dags/subdags/subdag.py for tasks to queue
[2022-02-12 14:21:46,605] {logging_mixin.py:104} INFO - [2022-02-12 14:21:46,605] {dagbag.py:487} INFO - Filling up the DagBag from /home/agalli/sandbox/lib/python3.6/site-packages/airflow/example_dags/subdags/subdag.py
[2022-02-12 14:21:46,609] {scheduler_job.py:645} WARNING - No viable dags retrieved from /home/agalli/sandbox/lib/python3.6/site-packages/airflow/example_dags/subdags/subdag.py
[2022-02-12 14:21:46,629] {scheduler_job.py:190} INFO - Processing /home/agalli/sandbox/lib/python3.6/site-packages/airflow/example_dags/subdags/subdag.py took 0.031 seconds
[2022-02-12 14:22:17,058] {scheduler_job.py:182} INFO - Started process (PID=7781) to work on /home/agalli/sandbox/lib/python3.6/site-packages/airflow/example_dags/subdags/subdag.py
[2022-02-12 14:22:17,062] {scheduler_job.py:633} INFO - Processing file /home/agalli/sandbox/lib/python3.6/site-packages/airflow/example_dags/subdags/subdag.py for tasks to queue
[2022-02-12 14:22:17,063] {logging_mixin.py:104} INFO - [2022-02-12 14:22:17,063] {dagbag.py:487} INFO - Filling up the DagBag from /home/agalli/sandbox/lib/python3.6/site-packages/airflow/example_dags/subdags/subdag.py
[2022-02-12 14:22:17,067] {scheduler_job.py:645} WARNING - No viable dags retrieved from /home/agalli/sandbox/lib/python3.6/site-packages/airflow/example_dags/subdags/subdag.py
[2022-02-12 14:22:17,089] {scheduler_job.py:190} INFO - Processing /home/agalli/sandbox/lib/python3.6/site-packages/airflow/example_dags/subdags/subdag.py took 0.034 seconds
[2022-02-12 14:22:47,729] {scheduler_job.py:182} INFO - Started process (PID=7983) to work on /home/agalli/sandbox/lib/python3.6/site-packages/airflow/example_dags/subdags/subdag.py
[2022-02-12 14:22:47,731] {scheduler_job.py:633} INFO - Processing file /home/agalli/sandbox/lib/python3.6/site-packages/airflow/example_dags/subdags/subdag.py for tasks to queue
[2022-02-12 14:22:47,732] {logging_mixin.py:104} INFO - [2022-02-12 14:22:47,732] {dagbag.py:487} INFO - Filling up the DagBag from /home/agalli/sandbox/lib/python3.6/site-packages/airflow/example_dags/subdags/subdag.py
[2022-02-12 14:22:47,737] {scheduler_job.py:645} WARNING - No viable dags retrieved from /home/agalli/sandbox/lib/python3.6/site-packages/airflow/example_dags/subdags/subdag.py
[2022-02-12 14:22:47,760] {scheduler_job.py:190} INFO - Processing /home/agalli/sandbox/lib/python3.6/site-packages/airflow/example_dags/subdags/subdag.py took 0.036 seconds
[2022-02-12 14:23:18,041] {scheduler_job.py:182} INFO - Started process (PID=8185) to work on /home/agalli/sandbox/lib/python3.6/site-packages/airflow/example_dags/subdags/subdag.py
[2022-02-12 14:23:18,042] {scheduler_job.py:633} INFO - Processing file /home/agalli/sandbox/lib/python3.6/site-packages/airflow/example_dags/subdags/subdag.py for tasks to queue
[2022-02-12 14:23:18,043] {logging_mixin.py:104} INFO - [2022-02-12 14:23:18,043] {dagbag.py:487} INFO - Filling up the DagBag from /home/agalli/sandbox/lib/python3.6/site-packages/airflow/example_dags/subdags/subdag.py
[2022-02-12 14:23:18,046] {scheduler_job.py:645} WARNING - No viable dags retrieved from /home/agalli/sandbox/lib/python3.6/site-packages/airflow/example_dags/subdags/subdag.py
[2022-02-12 14:23:18,084] {scheduler_job.py:190} INFO - Processing /home/agalli/sandbox/lib/python3.6/site-packages/airflow/example_dags/subdags/subdag.py took 0.048 seconds
[2022-02-12 14:23:48,859] {scheduler_job.py:182} INFO - Started process (PID=8387) to work on /home/agalli/sandbox/lib/python3.6/site-packages/airflow/example_dags/subdags/subdag.py
[2022-02-12 14:23:48,860] {scheduler_job.py:633} INFO - Processing file /home/agalli/sandbox/lib/python3.6/site-packages/airflow/example_dags/subdags/subdag.py for tasks to queue
[2022-02-12 14:23:48,861] {logging_mixin.py:104} INFO - [2022-02-12 14:23:48,861] {dagbag.py:487} INFO - Filling up the DagBag from /home/agalli/sandbox/lib/python3.6/site-packages/airflow/example_dags/subdags/subdag.py
[2022-02-12 14:23:48,866] {scheduler_job.py:645} WARNING - No viable dags retrieved from /home/agalli/sandbox/lib/python3.6/site-packages/airflow/example_dags/subdags/subdag.py
[2022-02-12 14:23:48,888] {scheduler_job.py:190} INFO - Processing /home/agalli/sandbox/lib/python3.6/site-packages/airflow/example_dags/subdags/subdag.py took 0.033 seconds
[2022-02-12 14:24:18,926] {scheduler_job.py:182} INFO - Started process (PID=8589) to work on /home/agalli/sandbox/lib/python3.6/site-packages/airflow/example_dags/subdags/subdag.py
[2022-02-12 14:24:18,929] {scheduler_job.py:633} INFO - Processing file /home/agalli/sandbox/lib/python3.6/site-packages/airflow/example_dags/subdags/subdag.py for tasks to queue
[2022-02-12 14:24:18,930] {logging_mixin.py:104} INFO - [2022-02-12 14:24:18,930] {dagbag.py:487} INFO - Filling up the DagBag from /home/agalli/sandbox/lib/python3.6/site-packages/airflow/example_dags/subdags/subdag.py
[2022-02-12 14:24:18,934] {scheduler_job.py:645} WARNING - No viable dags retrieved from /home/agalli/sandbox/lib/python3.6/site-packages/airflow/example_dags/subdags/subdag.py
[2022-02-12 14:24:18,975] {scheduler_job.py:190} INFO - Processing /home/agalli/sandbox/lib/python3.6/site-packages/airflow/example_dags/subdags/subdag.py took 0.053 seconds
[2022-02-12 14:24:49,163] {scheduler_job.py:182} INFO - Started process (PID=8788) to work on /home/agalli/sandbox/lib/python3.6/site-packages/airflow/example_dags/subdags/subdag.py
[2022-02-12 14:24:49,165] {scheduler_job.py:633} INFO - Processing file /home/agalli/sandbox/lib/python3.6/site-packages/airflow/example_dags/subdags/subdag.py for tasks to queue
[2022-02-12 14:24:49,167] {logging_mixin.py:104} INFO - [2022-02-12 14:24:49,167] {dagbag.py:487} INFO - Filling up the DagBag from /home/agalli/sandbox/lib/python3.6/site-packages/airflow/example_dags/subdags/subdag.py
[2022-02-12 14:24:49,183] {scheduler_job.py:645} WARNING - No viable dags retrieved from /home/agalli/sandbox/lib/python3.6/site-packages/airflow/example_dags/subdags/subdag.py
[2022-02-12 14:24:49,236] {scheduler_job.py:190} INFO - Processing /home/agalli/sandbox/lib/python3.6/site-packages/airflow/example_dags/subdags/subdag.py took 0.086 seconds
[2022-02-12 14:25:19,999] {scheduler_job.py:182} INFO - Started process (PID=9109) to work on /home/agalli/sandbox/lib/python3.6/site-packages/airflow/example_dags/subdags/subdag.py
[2022-02-12 14:25:20,000] {scheduler_job.py:633} INFO - Processing file /home/agalli/sandbox/lib/python3.6/site-packages/airflow/example_dags/subdags/subdag.py for tasks to queue
[2022-02-12 14:25:20,001] {logging_mixin.py:104} INFO - [2022-02-12 14:25:20,001] {dagbag.py:487} INFO - Filling up the DagBag from /home/agalli/sandbox/lib/python3.6/site-packages/airflow/example_dags/subdags/subdag.py
[2022-02-12 14:25:20,006] {scheduler_job.py:645} WARNING - No viable dags retrieved from /home/agalli/sandbox/lib/python3.6/site-packages/airflow/example_dags/subdags/subdag.py
[2022-02-12 14:25:20,033] {scheduler_job.py:190} INFO - Processing /home/agalli/sandbox/lib/python3.6/site-packages/airflow/example_dags/subdags/subdag.py took 0.038 seconds
[2022-02-12 14:25:50,838] {scheduler_job.py:182} INFO - Started process (PID=9311) to work on /home/agalli/sandbox/lib/python3.6/site-packages/airflow/example_dags/subdags/subdag.py
[2022-02-12 14:25:50,839] {scheduler_job.py:633} INFO - Processing file /home/agalli/sandbox/lib/python3.6/site-packages/airflow/example_dags/subdags/subdag.py for tasks to queue
[2022-02-12 14:25:50,841] {logging_mixin.py:104} INFO - [2022-02-12 14:25:50,840] {dagbag.py:487} INFO - Filling up the DagBag from /home/agalli/sandbox/lib/python3.6/site-packages/airflow/example_dags/subdags/subdag.py
[2022-02-12 14:25:50,847] {scheduler_job.py:645} WARNING - No viable dags retrieved from /home/agalli/sandbox/lib/python3.6/site-packages/airflow/example_dags/subdags/subdag.py
[2022-02-12 14:25:50,872] {scheduler_job.py:190} INFO - Processing /home/agalli/sandbox/lib/python3.6/site-packages/airflow/example_dags/subdags/subdag.py took 0.041 seconds
[2022-02-12 14:26:21,767] {scheduler_job.py:182} INFO - Started process (PID=9513) to work on /home/agalli/sandbox/lib/python3.6/site-packages/airflow/example_dags/subdags/subdag.py
[2022-02-12 14:26:21,771] {scheduler_job.py:633} INFO - Processing file /home/agalli/sandbox/lib/python3.6/site-packages/airflow/example_dags/subdags/subdag.py for tasks to queue
[2022-02-12 14:26:21,772] {logging_mixin.py:104} INFO - [2022-02-12 14:26:21,772] {dagbag.py:487} INFO - Filling up the DagBag from /home/agalli/sandbox/lib/python3.6/site-packages/airflow/example_dags/subdags/subdag.py
[2022-02-12 14:26:21,774] {scheduler_job.py:645} WARNING - No viable dags retrieved from /home/agalli/sandbox/lib/python3.6/site-packages/airflow/example_dags/subdags/subdag.py
[2022-02-12 14:26:21,793] {scheduler_job.py:190} INFO - Processing /home/agalli/sandbox/lib/python3.6/site-packages/airflow/example_dags/subdags/subdag.py took 0.031 seconds
[2022-02-12 14:26:51,918] {scheduler_job.py:182} INFO - Started process (PID=9715) to work on /home/agalli/sandbox/lib/python3.6/site-packages/airflow/example_dags/subdags/subdag.py
[2022-02-12 14:26:51,919] {scheduler_job.py:633} INFO - Processing file /home/agalli/sandbox/lib/python3.6/site-packages/airflow/example_dags/subdags/subdag.py for tasks to queue
[2022-02-12 14:26:51,920] {logging_mixin.py:104} INFO - [2022-02-12 14:26:51,920] {dagbag.py:487} INFO - Filling up the DagBag from /home/agalli/sandbox/lib/python3.6/site-packages/airflow/example_dags/subdags/subdag.py
[2022-02-12 14:26:51,923] {scheduler_job.py:645} WARNING - No viable dags retrieved from /home/agalli/sandbox/lib/python3.6/site-packages/airflow/example_dags/subdags/subdag.py
[2022-02-12 14:26:51,942] {scheduler_job.py:190} INFO - Processing /home/agalli/sandbox/lib/python3.6/site-packages/airflow/example_dags/subdags/subdag.py took 0.028 seconds
[2022-02-12 14:27:22,860] {scheduler_job.py:182} INFO - Started process (PID=9917) to work on /home/agalli/sandbox/lib/python3.6/site-packages/airflow/example_dags/subdags/subdag.py
[2022-02-12 14:27:22,861] {scheduler_job.py:633} INFO - Processing file /home/agalli/sandbox/lib/python3.6/site-packages/airflow/example_dags/subdags/subdag.py for tasks to queue
[2022-02-12 14:27:22,862] {logging_mixin.py:104} INFO - [2022-02-12 14:27:22,862] {dagbag.py:487} INFO - Filling up the DagBag from /home/agalli/sandbox/lib/python3.6/site-packages/airflow/example_dags/subdags/subdag.py
[2022-02-12 14:27:22,865] {scheduler_job.py:645} WARNING - No viable dags retrieved from /home/agalli/sandbox/lib/python3.6/site-packages/airflow/example_dags/subdags/subdag.py
[2022-02-12 14:27:22,885] {scheduler_job.py:190} INFO - Processing /home/agalli/sandbox/lib/python3.6/site-packages/airflow/example_dags/subdags/subdag.py took 0.028 seconds
[2022-02-12 14:27:53,262] {scheduler_job.py:182} INFO - Started process (PID=10120) to work on /home/agalli/sandbox/lib/python3.6/site-packages/airflow/example_dags/subdags/subdag.py
[2022-02-12 14:27:53,263] {scheduler_job.py:633} INFO - Processing file /home/agalli/sandbox/lib/python3.6/site-packages/airflow/example_dags/subdags/subdag.py for tasks to queue
[2022-02-12 14:27:53,264] {logging_mixin.py:104} INFO - [2022-02-12 14:27:53,264] {dagbag.py:487} INFO - Filling up the DagBag from /home/agalli/sandbox/lib/python3.6/site-packages/airflow/example_dags/subdags/subdag.py
[2022-02-12 14:27:53,267] {scheduler_job.py:645} WARNING - No viable dags retrieved from /home/agalli/sandbox/lib/python3.6/site-packages/airflow/example_dags/subdags/subdag.py
[2022-02-12 14:27:53,291] {scheduler_job.py:190} INFO - Processing /home/agalli/sandbox/lib/python3.6/site-packages/airflow/example_dags/subdags/subdag.py took 0.033 seconds
[2022-02-12 14:28:23,370] {scheduler_job.py:182} INFO - Started process (PID=10322) to work on /home/agalli/sandbox/lib/python3.6/site-packages/airflow/example_dags/subdags/subdag.py
[2022-02-12 14:28:23,371] {scheduler_job.py:633} INFO - Processing file /home/agalli/sandbox/lib/python3.6/site-packages/airflow/example_dags/subdags/subdag.py for tasks to queue
[2022-02-12 14:28:23,372] {logging_mixin.py:104} INFO - [2022-02-12 14:28:23,372] {dagbag.py:487} INFO - Filling up the DagBag from /home/agalli/sandbox/lib/python3.6/site-packages/airflow/example_dags/subdags/subdag.py
[2022-02-12 14:28:23,375] {scheduler_job.py:645} WARNING - No viable dags retrieved from /home/agalli/sandbox/lib/python3.6/site-packages/airflow/example_dags/subdags/subdag.py
[2022-02-12 14:28:23,398] {scheduler_job.py:190} INFO - Processing /home/agalli/sandbox/lib/python3.6/site-packages/airflow/example_dags/subdags/subdag.py took 0.032 seconds
[2022-02-12 14:28:54,170] {scheduler_job.py:182} INFO - Started process (PID=10524) to work on /home/agalli/sandbox/lib/python3.6/site-packages/airflow/example_dags/subdags/subdag.py
[2022-02-12 14:28:54,171] {scheduler_job.py:633} INFO - Processing file /home/agalli/sandbox/lib/python3.6/site-packages/airflow/example_dags/subdags/subdag.py for tasks to queue
[2022-02-12 14:28:54,172] {logging_mixin.py:104} INFO - [2022-02-12 14:28:54,171] {dagbag.py:487} INFO - Filling up the DagBag from /home/agalli/sandbox/lib/python3.6/site-packages/airflow/example_dags/subdags/subdag.py
[2022-02-12 14:28:54,175] {scheduler_job.py:645} WARNING - No viable dags retrieved from /home/agalli/sandbox/lib/python3.6/site-packages/airflow/example_dags/subdags/subdag.py
[2022-02-12 14:28:54,194] {scheduler_job.py:190} INFO - Processing /home/agalli/sandbox/lib/python3.6/site-packages/airflow/example_dags/subdags/subdag.py took 0.028 seconds
[2022-02-12 14:29:24,834] {scheduler_job.py:182} INFO - Started process (PID=10726) to work on /home/agalli/sandbox/lib/python3.6/site-packages/airflow/example_dags/subdags/subdag.py
[2022-02-12 14:29:24,837] {scheduler_job.py:633} INFO - Processing file /home/agalli/sandbox/lib/python3.6/site-packages/airflow/example_dags/subdags/subdag.py for tasks to queue
[2022-02-12 14:29:24,837] {logging_mixin.py:104} INFO - [2022-02-12 14:29:24,837] {dagbag.py:487} INFO - Filling up the DagBag from /home/agalli/sandbox/lib/python3.6/site-packages/airflow/example_dags/subdags/subdag.py
[2022-02-12 14:29:24,842] {scheduler_job.py:645} WARNING - No viable dags retrieved from /home/agalli/sandbox/lib/python3.6/site-packages/airflow/example_dags/subdags/subdag.py
[2022-02-12 14:29:24,870] {scheduler_job.py:190} INFO - Processing /home/agalli/sandbox/lib/python3.6/site-packages/airflow/example_dags/subdags/subdag.py took 0.041 seconds
[2022-02-12 14:29:55,491] {scheduler_job.py:182} INFO - Started process (PID=10929) to work on /home/agalli/sandbox/lib/python3.6/site-packages/airflow/example_dags/subdags/subdag.py
[2022-02-12 14:29:55,492] {scheduler_job.py:633} INFO - Processing file /home/agalli/sandbox/lib/python3.6/site-packages/airflow/example_dags/subdags/subdag.py for tasks to queue
[2022-02-12 14:29:55,494] {logging_mixin.py:104} INFO - [2022-02-12 14:29:55,494] {dagbag.py:487} INFO - Filling up the DagBag from /home/agalli/sandbox/lib/python3.6/site-packages/airflow/example_dags/subdags/subdag.py
[2022-02-12 14:29:55,497] {scheduler_job.py:645} WARNING - No viable dags retrieved from /home/agalli/sandbox/lib/python3.6/site-packages/airflow/example_dags/subdags/subdag.py
[2022-02-12 14:29:55,527] {scheduler_job.py:190} INFO - Processing /home/agalli/sandbox/lib/python3.6/site-packages/airflow/example_dags/subdags/subdag.py took 0.040 seconds
[2022-02-12 14:30:26,158] {scheduler_job.py:182} INFO - Started process (PID=11252) to work on /home/agalli/sandbox/lib/python3.6/site-packages/airflow/example_dags/subdags/subdag.py
[2022-02-12 14:30:26,160] {scheduler_job.py:633} INFO - Processing file /home/agalli/sandbox/lib/python3.6/site-packages/airflow/example_dags/subdags/subdag.py for tasks to queue
[2022-02-12 14:30:26,161] {logging_mixin.py:104} INFO - [2022-02-12 14:30:26,161] {dagbag.py:487} INFO - Filling up the DagBag from /home/agalli/sandbox/lib/python3.6/site-packages/airflow/example_dags/subdags/subdag.py
[2022-02-12 14:30:26,177] {scheduler_job.py:645} WARNING - No viable dags retrieved from /home/agalli/sandbox/lib/python3.6/site-packages/airflow/example_dags/subdags/subdag.py
[2022-02-12 14:30:26,256] {scheduler_job.py:190} INFO - Processing /home/agalli/sandbox/lib/python3.6/site-packages/airflow/example_dags/subdags/subdag.py took 0.115 seconds
[2022-02-12 14:52:00,830] {scheduler_job.py:182} INFO - Started process (PID=14425) to work on /home/agalli/sandbox/lib/python3.6/site-packages/airflow/example_dags/subdags/subdag.py
[2022-02-12 14:52:00,859] {scheduler_job.py:633} INFO - Processing file /home/agalli/sandbox/lib/python3.6/site-packages/airflow/example_dags/subdags/subdag.py for tasks to queue
[2022-02-12 14:52:00,862] {logging_mixin.py:104} INFO - [2022-02-12 14:52:00,862] {dagbag.py:487} INFO - Filling up the DagBag from /home/agalli/sandbox/lib/python3.6/site-packages/airflow/example_dags/subdags/subdag.py
[2022-02-12 14:52:00,915] {scheduler_job.py:645} WARNING - No viable dags retrieved from /home/agalli/sandbox/lib/python3.6/site-packages/airflow/example_dags/subdags/subdag.py
[2022-02-12 14:52:01,152] {scheduler_job.py:190} INFO - Processing /home/agalli/sandbox/lib/python3.6/site-packages/airflow/example_dags/subdags/subdag.py took 0.361 seconds
[2022-02-12 14:52:31,480] {scheduler_job.py:182} INFO - Started process (PID=14500) to work on /home/agalli/sandbox/lib/python3.6/site-packages/airflow/example_dags/subdags/subdag.py
[2022-02-12 14:52:31,487] {scheduler_job.py:633} INFO - Processing file /home/agalli/sandbox/lib/python3.6/site-packages/airflow/example_dags/subdags/subdag.py for tasks to queue
[2022-02-12 14:52:31,490] {logging_mixin.py:104} INFO - [2022-02-12 14:52:31,489] {dagbag.py:487} INFO - Filling up the DagBag from /home/agalli/sandbox/lib/python3.6/site-packages/airflow/example_dags/subdags/subdag.py
[2022-02-12 14:52:31,538] {scheduler_job.py:645} WARNING - No viable dags retrieved from /home/agalli/sandbox/lib/python3.6/site-packages/airflow/example_dags/subdags/subdag.py
[2022-02-12 14:52:31,638] {scheduler_job.py:190} INFO - Processing /home/agalli/sandbox/lib/python3.6/site-packages/airflow/example_dags/subdags/subdag.py took 0.193 seconds
[2022-02-12 14:53:02,058] {scheduler_job.py:182} INFO - Started process (PID=14745) to work on /home/agalli/sandbox/lib/python3.6/site-packages/airflow/example_dags/subdags/subdag.py
[2022-02-12 14:53:02,071] {scheduler_job.py:633} INFO - Processing file /home/agalli/sandbox/lib/python3.6/site-packages/airflow/example_dags/subdags/subdag.py for tasks to queue
[2022-02-12 14:53:02,074] {logging_mixin.py:104} INFO - [2022-02-12 14:53:02,073] {dagbag.py:487} INFO - Filling up the DagBag from /home/agalli/sandbox/lib/python3.6/site-packages/airflow/example_dags/subdags/subdag.py
[2022-02-12 14:53:02,080] {scheduler_job.py:645} WARNING - No viable dags retrieved from /home/agalli/sandbox/lib/python3.6/site-packages/airflow/example_dags/subdags/subdag.py
[2022-02-12 14:53:02,178] {scheduler_job.py:190} INFO - Processing /home/agalli/sandbox/lib/python3.6/site-packages/airflow/example_dags/subdags/subdag.py took 0.136 seconds
[2022-02-12 14:53:32,749] {scheduler_job.py:182} INFO - Started process (PID=15332) to work on /home/agalli/sandbox/lib/python3.6/site-packages/airflow/example_dags/subdags/subdag.py
[2022-02-12 14:53:32,752] {scheduler_job.py:633} INFO - Processing file /home/agalli/sandbox/lib/python3.6/site-packages/airflow/example_dags/subdags/subdag.py for tasks to queue
[2022-02-12 14:53:32,757] {logging_mixin.py:104} INFO - [2022-02-12 14:53:32,757] {dagbag.py:487} INFO - Filling up the DagBag from /home/agalli/sandbox/lib/python3.6/site-packages/airflow/example_dags/subdags/subdag.py
[2022-02-12 14:53:32,767] {scheduler_job.py:645} WARNING - No viable dags retrieved from /home/agalli/sandbox/lib/python3.6/site-packages/airflow/example_dags/subdags/subdag.py
[2022-02-12 14:53:32,818] {scheduler_job.py:190} INFO - Processing /home/agalli/sandbox/lib/python3.6/site-packages/airflow/example_dags/subdags/subdag.py took 0.080 seconds
[2022-02-12 14:54:02,890] {scheduler_job.py:182} INFO - Started process (PID=15727) to work on /home/agalli/sandbox/lib/python3.6/site-packages/airflow/example_dags/subdags/subdag.py
[2022-02-12 14:54:02,893] {scheduler_job.py:633} INFO - Processing file /home/agalli/sandbox/lib/python3.6/site-packages/airflow/example_dags/subdags/subdag.py for tasks to queue
[2022-02-12 14:54:02,895] {logging_mixin.py:104} INFO - [2022-02-12 14:54:02,895] {dagbag.py:487} INFO - Filling up the DagBag from /home/agalli/sandbox/lib/python3.6/site-packages/airflow/example_dags/subdags/subdag.py
[2022-02-12 14:54:02,906] {scheduler_job.py:645} WARNING - No viable dags retrieved from /home/agalli/sandbox/lib/python3.6/site-packages/airflow/example_dags/subdags/subdag.py
[2022-02-12 14:54:02,970] {scheduler_job.py:190} INFO - Processing /home/agalli/sandbox/lib/python3.6/site-packages/airflow/example_dags/subdags/subdag.py took 0.092 seconds
[2022-02-12 14:54:33,063] {scheduler_job.py:182} INFO - Started process (PID=15842) to work on /home/agalli/sandbox/lib/python3.6/site-packages/airflow/example_dags/subdags/subdag.py
[2022-02-12 14:54:33,064] {scheduler_job.py:633} INFO - Processing file /home/agalli/sandbox/lib/python3.6/site-packages/airflow/example_dags/subdags/subdag.py for tasks to queue
[2022-02-12 14:54:33,064] {logging_mixin.py:104} INFO - [2022-02-12 14:54:33,064] {dagbag.py:487} INFO - Filling up the DagBag from /home/agalli/sandbox/lib/python3.6/site-packages/airflow/example_dags/subdags/subdag.py
[2022-02-12 14:54:33,067] {scheduler_job.py:645} WARNING - No viable dags retrieved from /home/agalli/sandbox/lib/python3.6/site-packages/airflow/example_dags/subdags/subdag.py
[2022-02-12 14:54:33,088] {scheduler_job.py:190} INFO - Processing /home/agalli/sandbox/lib/python3.6/site-packages/airflow/example_dags/subdags/subdag.py took 0.028 seconds
[2022-02-12 14:55:03,133] {scheduler_job.py:182} INFO - Started process (PID=15980) to work on /home/agalli/sandbox/lib/python3.6/site-packages/airflow/example_dags/subdags/subdag.py
[2022-02-12 14:55:03,134] {scheduler_job.py:633} INFO - Processing file /home/agalli/sandbox/lib/python3.6/site-packages/airflow/example_dags/subdags/subdag.py for tasks to queue
[2022-02-12 14:55:03,135] {logging_mixin.py:104} INFO - [2022-02-12 14:55:03,135] {dagbag.py:487} INFO - Filling up the DagBag from /home/agalli/sandbox/lib/python3.6/site-packages/airflow/example_dags/subdags/subdag.py
[2022-02-12 14:55:03,138] {scheduler_job.py:645} WARNING - No viable dags retrieved from /home/agalli/sandbox/lib/python3.6/site-packages/airflow/example_dags/subdags/subdag.py
[2022-02-12 14:55:03,157] {scheduler_job.py:190} INFO - Processing /home/agalli/sandbox/lib/python3.6/site-packages/airflow/example_dags/subdags/subdag.py took 0.028 seconds
[2022-02-12 14:56:34,711] {scheduler_job.py:182} INFO - Started process (PID=16343) to work on /home/agalli/sandbox/lib/python3.6/site-packages/airflow/example_dags/subdags/subdag.py
[2022-02-12 14:56:34,724] {scheduler_job.py:633} INFO - Processing file /home/agalli/sandbox/lib/python3.6/site-packages/airflow/example_dags/subdags/subdag.py for tasks to queue
[2022-02-12 14:56:34,726] {logging_mixin.py:104} INFO - [2022-02-12 14:56:34,726] {dagbag.py:487} INFO - Filling up the DagBag from /home/agalli/sandbox/lib/python3.6/site-packages/airflow/example_dags/subdags/subdag.py
[2022-02-12 14:56:34,734] {scheduler_job.py:645} WARNING - No viable dags retrieved from /home/agalli/sandbox/lib/python3.6/site-packages/airflow/example_dags/subdags/subdag.py
[2022-02-12 14:56:34,824] {scheduler_job.py:190} INFO - Processing /home/agalli/sandbox/lib/python3.6/site-packages/airflow/example_dags/subdags/subdag.py took 0.122 seconds
[2022-02-12 14:57:05,287] {scheduler_job.py:182} INFO - Started process (PID=16432) to work on /home/agalli/sandbox/lib/python3.6/site-packages/airflow/example_dags/subdags/subdag.py
[2022-02-12 14:57:05,290] {scheduler_job.py:633} INFO - Processing file /home/agalli/sandbox/lib/python3.6/site-packages/airflow/example_dags/subdags/subdag.py for tasks to queue
[2022-02-12 14:57:05,291] {logging_mixin.py:104} INFO - [2022-02-12 14:57:05,290] {dagbag.py:487} INFO - Filling up the DagBag from /home/agalli/sandbox/lib/python3.6/site-packages/airflow/example_dags/subdags/subdag.py
[2022-02-12 14:57:05,293] {scheduler_job.py:645} WARNING - No viable dags retrieved from /home/agalli/sandbox/lib/python3.6/site-packages/airflow/example_dags/subdags/subdag.py
[2022-02-12 14:57:05,321] {scheduler_job.py:190} INFO - Processing /home/agalli/sandbox/lib/python3.6/site-packages/airflow/example_dags/subdags/subdag.py took 0.042 seconds
[2022-02-12 14:57:35,537] {scheduler_job.py:182} INFO - Started process (PID=16651) to work on /home/agalli/sandbox/lib/python3.6/site-packages/airflow/example_dags/subdags/subdag.py
[2022-02-12 14:57:35,539] {scheduler_job.py:633} INFO - Processing file /home/agalli/sandbox/lib/python3.6/site-packages/airflow/example_dags/subdags/subdag.py for tasks to queue
[2022-02-12 14:57:35,540] {logging_mixin.py:104} INFO - [2022-02-12 14:57:35,540] {dagbag.py:487} INFO - Filling up the DagBag from /home/agalli/sandbox/lib/python3.6/site-packages/airflow/example_dags/subdags/subdag.py
[2022-02-12 14:57:35,543] {scheduler_job.py:645} WARNING - No viable dags retrieved from /home/agalli/sandbox/lib/python3.6/site-packages/airflow/example_dags/subdags/subdag.py
[2022-02-12 14:57:35,562] {scheduler_job.py:190} INFO - Processing /home/agalli/sandbox/lib/python3.6/site-packages/airflow/example_dags/subdags/subdag.py took 0.030 seconds
[2022-02-12 14:58:05,955] {scheduler_job.py:182} INFO - Started process (PID=16721) to work on /home/agalli/sandbox/lib/python3.6/site-packages/airflow/example_dags/subdags/subdag.py
[2022-02-12 14:58:05,956] {scheduler_job.py:633} INFO - Processing file /home/agalli/sandbox/lib/python3.6/site-packages/airflow/example_dags/subdags/subdag.py for tasks to queue
[2022-02-12 14:58:05,957] {logging_mixin.py:104} INFO - [2022-02-12 14:58:05,956] {dagbag.py:487} INFO - Filling up the DagBag from /home/agalli/sandbox/lib/python3.6/site-packages/airflow/example_dags/subdags/subdag.py
[2022-02-12 14:58:05,960] {scheduler_job.py:645} WARNING - No viable dags retrieved from /home/agalli/sandbox/lib/python3.6/site-packages/airflow/example_dags/subdags/subdag.py
[2022-02-12 14:58:05,980] {scheduler_job.py:190} INFO - Processing /home/agalli/sandbox/lib/python3.6/site-packages/airflow/example_dags/subdags/subdag.py took 0.029 seconds
[2022-02-12 14:58:36,456] {scheduler_job.py:182} INFO - Started process (PID=16791) to work on /home/agalli/sandbox/lib/python3.6/site-packages/airflow/example_dags/subdags/subdag.py
[2022-02-12 14:58:36,458] {scheduler_job.py:633} INFO - Processing file /home/agalli/sandbox/lib/python3.6/site-packages/airflow/example_dags/subdags/subdag.py for tasks to queue
[2022-02-12 14:58:36,458] {logging_mixin.py:104} INFO - [2022-02-12 14:58:36,458] {dagbag.py:487} INFO - Filling up the DagBag from /home/agalli/sandbox/lib/python3.6/site-packages/airflow/example_dags/subdags/subdag.py
[2022-02-12 14:58:36,462] {scheduler_job.py:645} WARNING - No viable dags retrieved from /home/agalli/sandbox/lib/python3.6/site-packages/airflow/example_dags/subdags/subdag.py
[2022-02-12 14:58:36,490] {scheduler_job.py:190} INFO - Processing /home/agalli/sandbox/lib/python3.6/site-packages/airflow/example_dags/subdags/subdag.py took 0.038 seconds
[2022-02-12 14:59:07,062] {scheduler_job.py:182} INFO - Started process (PID=16861) to work on /home/agalli/sandbox/lib/python3.6/site-packages/airflow/example_dags/subdags/subdag.py
[2022-02-12 14:59:07,063] {scheduler_job.py:633} INFO - Processing file /home/agalli/sandbox/lib/python3.6/site-packages/airflow/example_dags/subdags/subdag.py for tasks to queue
[2022-02-12 14:59:07,064] {logging_mixin.py:104} INFO - [2022-02-12 14:59:07,064] {dagbag.py:487} INFO - Filling up the DagBag from /home/agalli/sandbox/lib/python3.6/site-packages/airflow/example_dags/subdags/subdag.py
[2022-02-12 14:59:07,069] {scheduler_job.py:645} WARNING - No viable dags retrieved from /home/agalli/sandbox/lib/python3.6/site-packages/airflow/example_dags/subdags/subdag.py
[2022-02-12 14:59:07,096] {scheduler_job.py:190} INFO - Processing /home/agalli/sandbox/lib/python3.6/site-packages/airflow/example_dags/subdags/subdag.py took 0.037 seconds
[2022-02-12 14:59:37,347] {scheduler_job.py:182} INFO - Started process (PID=16931) to work on /home/agalli/sandbox/lib/python3.6/site-packages/airflow/example_dags/subdags/subdag.py
[2022-02-12 14:59:37,349] {scheduler_job.py:633} INFO - Processing file /home/agalli/sandbox/lib/python3.6/site-packages/airflow/example_dags/subdags/subdag.py for tasks to queue
[2022-02-12 14:59:37,351] {logging_mixin.py:104} INFO - [2022-02-12 14:59:37,350] {dagbag.py:487} INFO - Filling up the DagBag from /home/agalli/sandbox/lib/python3.6/site-packages/airflow/example_dags/subdags/subdag.py
[2022-02-12 14:59:37,355] {scheduler_job.py:645} WARNING - No viable dags retrieved from /home/agalli/sandbox/lib/python3.6/site-packages/airflow/example_dags/subdags/subdag.py
[2022-02-12 14:59:37,382] {scheduler_job.py:190} INFO - Processing /home/agalli/sandbox/lib/python3.6/site-packages/airflow/example_dags/subdags/subdag.py took 0.039 seconds
[2022-02-12 15:00:07,906] {scheduler_job.py:182} INFO - Started process (PID=17001) to work on /home/agalli/sandbox/lib/python3.6/site-packages/airflow/example_dags/subdags/subdag.py
[2022-02-12 15:00:07,908] {scheduler_job.py:633} INFO - Processing file /home/agalli/sandbox/lib/python3.6/site-packages/airflow/example_dags/subdags/subdag.py for tasks to queue
[2022-02-12 15:00:07,909] {logging_mixin.py:104} INFO - [2022-02-12 15:00:07,909] {dagbag.py:487} INFO - Filling up the DagBag from /home/agalli/sandbox/lib/python3.6/site-packages/airflow/example_dags/subdags/subdag.py
[2022-02-12 15:00:07,912] {scheduler_job.py:645} WARNING - No viable dags retrieved from /home/agalli/sandbox/lib/python3.6/site-packages/airflow/example_dags/subdags/subdag.py
[2022-02-12 15:00:07,934] {scheduler_job.py:190} INFO - Processing /home/agalli/sandbox/lib/python3.6/site-packages/airflow/example_dags/subdags/subdag.py took 0.033 seconds
[2022-02-12 15:00:35,679] {scheduler_job.py:182} INFO - Started process (PID=17410) to work on /home/agalli/sandbox/lib/python3.6/site-packages/airflow/example_dags/subdags/subdag.py
[2022-02-12 15:00:35,683] {scheduler_job.py:633} INFO - Processing file /home/agalli/sandbox/lib/python3.6/site-packages/airflow/example_dags/subdags/subdag.py for tasks to queue
[2022-02-12 15:00:35,686] {logging_mixin.py:104} INFO - [2022-02-12 15:00:35,686] {dagbag.py:487} INFO - Filling up the DagBag from /home/agalli/sandbox/lib/python3.6/site-packages/airflow/example_dags/subdags/subdag.py
[2022-02-12 15:00:35,696] {scheduler_job.py:645} WARNING - No viable dags retrieved from /home/agalli/sandbox/lib/python3.6/site-packages/airflow/example_dags/subdags/subdag.py
[2022-02-12 15:00:35,754] {scheduler_job.py:190} INFO - Processing /home/agalli/sandbox/lib/python3.6/site-packages/airflow/example_dags/subdags/subdag.py took 0.094 seconds
[2022-02-12 15:01:06,488] {scheduler_job.py:182} INFO - Started process (PID=17813) to work on /home/agalli/sandbox/lib/python3.6/site-packages/airflow/example_dags/subdags/subdag.py
[2022-02-12 15:01:06,491] {scheduler_job.py:633} INFO - Processing file /home/agalli/sandbox/lib/python3.6/site-packages/airflow/example_dags/subdags/subdag.py for tasks to queue
[2022-02-12 15:01:06,493] {logging_mixin.py:104} INFO - [2022-02-12 15:01:06,492] {dagbag.py:487} INFO - Filling up the DagBag from /home/agalli/sandbox/lib/python3.6/site-packages/airflow/example_dags/subdags/subdag.py
[2022-02-12 15:01:06,506] {scheduler_job.py:645} WARNING - No viable dags retrieved from /home/agalli/sandbox/lib/python3.6/site-packages/airflow/example_dags/subdags/subdag.py
[2022-02-12 15:01:06,595] {scheduler_job.py:190} INFO - Processing /home/agalli/sandbox/lib/python3.6/site-packages/airflow/example_dags/subdags/subdag.py took 0.120 seconds
[2022-02-12 15:01:37,418] {scheduler_job.py:182} INFO - Started process (PID=18043) to work on /home/agalli/sandbox/lib/python3.6/site-packages/airflow/example_dags/subdags/subdag.py
[2022-02-12 15:01:37,419] {scheduler_job.py:633} INFO - Processing file /home/agalli/sandbox/lib/python3.6/site-packages/airflow/example_dags/subdags/subdag.py for tasks to queue
[2022-02-12 15:01:37,420] {logging_mixin.py:104} INFO - [2022-02-12 15:01:37,420] {dagbag.py:487} INFO - Filling up the DagBag from /home/agalli/sandbox/lib/python3.6/site-packages/airflow/example_dags/subdags/subdag.py
[2022-02-12 15:01:37,425] {scheduler_job.py:645} WARNING - No viable dags retrieved from /home/agalli/sandbox/lib/python3.6/site-packages/airflow/example_dags/subdags/subdag.py
[2022-02-12 15:01:37,450] {scheduler_job.py:190} INFO - Processing /home/agalli/sandbox/lib/python3.6/site-packages/airflow/example_dags/subdags/subdag.py took 0.037 seconds
[2022-02-12 15:02:08,232] {scheduler_job.py:182} INFO - Started process (PID=18305) to work on /home/agalli/sandbox/lib/python3.6/site-packages/airflow/example_dags/subdags/subdag.py
[2022-02-12 15:02:08,233] {scheduler_job.py:633} INFO - Processing file /home/agalli/sandbox/lib/python3.6/site-packages/airflow/example_dags/subdags/subdag.py for tasks to queue
[2022-02-12 15:02:08,234] {logging_mixin.py:104} INFO - [2022-02-12 15:02:08,234] {dagbag.py:487} INFO - Filling up the DagBag from /home/agalli/sandbox/lib/python3.6/site-packages/airflow/example_dags/subdags/subdag.py
[2022-02-12 15:02:08,236] {scheduler_job.py:645} WARNING - No viable dags retrieved from /home/agalli/sandbox/lib/python3.6/site-packages/airflow/example_dags/subdags/subdag.py
[2022-02-12 15:02:08,258] {scheduler_job.py:190} INFO - Processing /home/agalli/sandbox/lib/python3.6/site-packages/airflow/example_dags/subdags/subdag.py took 0.033 seconds
[2022-02-12 15:02:38,838] {scheduler_job.py:182} INFO - Started process (PID=18777) to work on /home/agalli/sandbox/lib/python3.6/site-packages/airflow/example_dags/subdags/subdag.py
[2022-02-12 15:02:38,843] {scheduler_job.py:633} INFO - Processing file /home/agalli/sandbox/lib/python3.6/site-packages/airflow/example_dags/subdags/subdag.py for tasks to queue
[2022-02-12 15:02:38,844] {logging_mixin.py:104} INFO - [2022-02-12 15:02:38,843] {dagbag.py:487} INFO - Filling up the DagBag from /home/agalli/sandbox/lib/python3.6/site-packages/airflow/example_dags/subdags/subdag.py
[2022-02-12 15:02:38,849] {scheduler_job.py:645} WARNING - No viable dags retrieved from /home/agalli/sandbox/lib/python3.6/site-packages/airflow/example_dags/subdags/subdag.py
[2022-02-12 15:02:38,886] {scheduler_job.py:190} INFO - Processing /home/agalli/sandbox/lib/python3.6/site-packages/airflow/example_dags/subdags/subdag.py took 0.054 seconds
[2022-02-12 15:03:09,661] {scheduler_job.py:182} INFO - Started process (PID=19159) to work on /home/agalli/sandbox/lib/python3.6/site-packages/airflow/example_dags/subdags/subdag.py
[2022-02-12 15:03:09,664] {scheduler_job.py:633} INFO - Processing file /home/agalli/sandbox/lib/python3.6/site-packages/airflow/example_dags/subdags/subdag.py for tasks to queue
[2022-02-12 15:03:09,664] {logging_mixin.py:104} INFO - [2022-02-12 15:03:09,664] {dagbag.py:487} INFO - Filling up the DagBag from /home/agalli/sandbox/lib/python3.6/site-packages/airflow/example_dags/subdags/subdag.py
[2022-02-12 15:03:09,668] {scheduler_job.py:645} WARNING - No viable dags retrieved from /home/agalli/sandbox/lib/python3.6/site-packages/airflow/example_dags/subdags/subdag.py
[2022-02-12 15:03:09,697] {scheduler_job.py:190} INFO - Processing /home/agalli/sandbox/lib/python3.6/site-packages/airflow/example_dags/subdags/subdag.py took 0.042 seconds
[2022-02-12 15:03:39,855] {scheduler_job.py:182} INFO - Started process (PID=19391) to work on /home/agalli/sandbox/lib/python3.6/site-packages/airflow/example_dags/subdags/subdag.py
[2022-02-12 15:03:39,856] {scheduler_job.py:633} INFO - Processing file /home/agalli/sandbox/lib/python3.6/site-packages/airflow/example_dags/subdags/subdag.py for tasks to queue
[2022-02-12 15:03:39,856] {logging_mixin.py:104} INFO - [2022-02-12 15:03:39,856] {dagbag.py:487} INFO - Filling up the DagBag from /home/agalli/sandbox/lib/python3.6/site-packages/airflow/example_dags/subdags/subdag.py
[2022-02-12 15:03:39,860] {scheduler_job.py:645} WARNING - No viable dags retrieved from /home/agalli/sandbox/lib/python3.6/site-packages/airflow/example_dags/subdags/subdag.py
[2022-02-12 15:03:39,895] {scheduler_job.py:190} INFO - Processing /home/agalli/sandbox/lib/python3.6/site-packages/airflow/example_dags/subdags/subdag.py took 0.046 seconds
[2022-02-12 15:04:10,493] {scheduler_job.py:182} INFO - Started process (PID=19591) to work on /home/agalli/sandbox/lib/python3.6/site-packages/airflow/example_dags/subdags/subdag.py
[2022-02-12 15:04:10,495] {scheduler_job.py:633} INFO - Processing file /home/agalli/sandbox/lib/python3.6/site-packages/airflow/example_dags/subdags/subdag.py for tasks to queue
[2022-02-12 15:04:10,500] {logging_mixin.py:104} INFO - [2022-02-12 15:04:10,499] {dagbag.py:487} INFO - Filling up the DagBag from /home/agalli/sandbox/lib/python3.6/site-packages/airflow/example_dags/subdags/subdag.py
[2022-02-12 15:04:10,504] {scheduler_job.py:645} WARNING - No viable dags retrieved from /home/agalli/sandbox/lib/python3.6/site-packages/airflow/example_dags/subdags/subdag.py
[2022-02-12 15:04:10,535] {scheduler_job.py:190} INFO - Processing /home/agalli/sandbox/lib/python3.6/site-packages/airflow/example_dags/subdags/subdag.py took 0.048 seconds
[2022-02-12 15:04:40,734] {scheduler_job.py:182} INFO - Started process (PID=19793) to work on /home/agalli/sandbox/lib/python3.6/site-packages/airflow/example_dags/subdags/subdag.py
[2022-02-12 15:04:40,736] {scheduler_job.py:633} INFO - Processing file /home/agalli/sandbox/lib/python3.6/site-packages/airflow/example_dags/subdags/subdag.py for tasks to queue
[2022-02-12 15:04:40,737] {logging_mixin.py:104} INFO - [2022-02-12 15:04:40,737] {dagbag.py:487} INFO - Filling up the DagBag from /home/agalli/sandbox/lib/python3.6/site-packages/airflow/example_dags/subdags/subdag.py
[2022-02-12 15:04:40,742] {scheduler_job.py:645} WARNING - No viable dags retrieved from /home/agalli/sandbox/lib/python3.6/site-packages/airflow/example_dags/subdags/subdag.py
[2022-02-12 15:04:40,768] {scheduler_job.py:190} INFO - Processing /home/agalli/sandbox/lib/python3.6/site-packages/airflow/example_dags/subdags/subdag.py took 0.039 seconds
[2022-02-12 15:05:11,046] {scheduler_job.py:182} INFO - Started process (PID=19995) to work on /home/agalli/sandbox/lib/python3.6/site-packages/airflow/example_dags/subdags/subdag.py
[2022-02-12 15:05:11,048] {scheduler_job.py:633} INFO - Processing file /home/agalli/sandbox/lib/python3.6/site-packages/airflow/example_dags/subdags/subdag.py for tasks to queue
[2022-02-12 15:05:11,049] {logging_mixin.py:104} INFO - [2022-02-12 15:05:11,049] {dagbag.py:487} INFO - Filling up the DagBag from /home/agalli/sandbox/lib/python3.6/site-packages/airflow/example_dags/subdags/subdag.py
[2022-02-12 15:05:11,053] {scheduler_job.py:645} WARNING - No viable dags retrieved from /home/agalli/sandbox/lib/python3.6/site-packages/airflow/example_dags/subdags/subdag.py
[2022-02-12 15:05:11,082] {scheduler_job.py:190} INFO - Processing /home/agalli/sandbox/lib/python3.6/site-packages/airflow/example_dags/subdags/subdag.py took 0.040 seconds
[2022-02-12 15:05:41,243] {scheduler_job.py:182} INFO - Started process (PID=20317) to work on /home/agalli/sandbox/lib/python3.6/site-packages/airflow/example_dags/subdags/subdag.py
[2022-02-12 15:05:41,244] {scheduler_job.py:633} INFO - Processing file /home/agalli/sandbox/lib/python3.6/site-packages/airflow/example_dags/subdags/subdag.py for tasks to queue
[2022-02-12 15:05:41,245] {logging_mixin.py:104} INFO - [2022-02-12 15:05:41,245] {dagbag.py:487} INFO - Filling up the DagBag from /home/agalli/sandbox/lib/python3.6/site-packages/airflow/example_dags/subdags/subdag.py
[2022-02-12 15:05:41,249] {scheduler_job.py:645} WARNING - No viable dags retrieved from /home/agalli/sandbox/lib/python3.6/site-packages/airflow/example_dags/subdags/subdag.py
[2022-02-12 15:05:41,274] {scheduler_job.py:190} INFO - Processing /home/agalli/sandbox/lib/python3.6/site-packages/airflow/example_dags/subdags/subdag.py took 0.037 seconds
[2022-02-12 15:06:11,357] {scheduler_job.py:182} INFO - Started process (PID=20519) to work on /home/agalli/sandbox/lib/python3.6/site-packages/airflow/example_dags/subdags/subdag.py
[2022-02-12 15:06:11,358] {scheduler_job.py:633} INFO - Processing file /home/agalli/sandbox/lib/python3.6/site-packages/airflow/example_dags/subdags/subdag.py for tasks to queue
[2022-02-12 15:06:11,359] {logging_mixin.py:104} INFO - [2022-02-12 15:06:11,359] {dagbag.py:487} INFO - Filling up the DagBag from /home/agalli/sandbox/lib/python3.6/site-packages/airflow/example_dags/subdags/subdag.py
[2022-02-12 15:06:11,362] {scheduler_job.py:645} WARNING - No viable dags retrieved from /home/agalli/sandbox/lib/python3.6/site-packages/airflow/example_dags/subdags/subdag.py
[2022-02-12 15:06:11,382] {scheduler_job.py:190} INFO - Processing /home/agalli/sandbox/lib/python3.6/site-packages/airflow/example_dags/subdags/subdag.py took 0.028 seconds
[2022-02-12 15:06:42,297] {scheduler_job.py:182} INFO - Started process (PID=20721) to work on /home/agalli/sandbox/lib/python3.6/site-packages/airflow/example_dags/subdags/subdag.py
[2022-02-12 15:06:42,299] {scheduler_job.py:633} INFO - Processing file /home/agalli/sandbox/lib/python3.6/site-packages/airflow/example_dags/subdags/subdag.py for tasks to queue
[2022-02-12 15:06:42,313] {logging_mixin.py:104} INFO - [2022-02-12 15:06:42,301] {dagbag.py:487} INFO - Filling up the DagBag from /home/agalli/sandbox/lib/python3.6/site-packages/airflow/example_dags/subdags/subdag.py
[2022-02-12 15:06:42,318] {scheduler_job.py:645} WARNING - No viable dags retrieved from /home/agalli/sandbox/lib/python3.6/site-packages/airflow/example_dags/subdags/subdag.py
[2022-02-12 15:06:42,391] {scheduler_job.py:190} INFO - Processing /home/agalli/sandbox/lib/python3.6/site-packages/airflow/example_dags/subdags/subdag.py took 0.110 seconds
[2022-02-12 15:07:12,693] {scheduler_job.py:182} INFO - Started process (PID=20923) to work on /home/agalli/sandbox/lib/python3.6/site-packages/airflow/example_dags/subdags/subdag.py
[2022-02-12 15:07:12,696] {scheduler_job.py:633} INFO - Processing file /home/agalli/sandbox/lib/python3.6/site-packages/airflow/example_dags/subdags/subdag.py for tasks to queue
[2022-02-12 15:07:12,697] {logging_mixin.py:104} INFO - [2022-02-12 15:07:12,697] {dagbag.py:487} INFO - Filling up the DagBag from /home/agalli/sandbox/lib/python3.6/site-packages/airflow/example_dags/subdags/subdag.py
[2022-02-12 15:07:12,702] {scheduler_job.py:645} WARNING - No viable dags retrieved from /home/agalli/sandbox/lib/python3.6/site-packages/airflow/example_dags/subdags/subdag.py
[2022-02-12 15:07:12,752] {scheduler_job.py:190} INFO - Processing /home/agalli/sandbox/lib/python3.6/site-packages/airflow/example_dags/subdags/subdag.py took 0.066 seconds
[2022-02-12 15:07:43,163] {scheduler_job.py:182} INFO - Started process (PID=21125) to work on /home/agalli/sandbox/lib/python3.6/site-packages/airflow/example_dags/subdags/subdag.py
[2022-02-12 15:07:43,164] {scheduler_job.py:633} INFO - Processing file /home/agalli/sandbox/lib/python3.6/site-packages/airflow/example_dags/subdags/subdag.py for tasks to queue
[2022-02-12 15:07:43,165] {logging_mixin.py:104} INFO - [2022-02-12 15:07:43,165] {dagbag.py:487} INFO - Filling up the DagBag from /home/agalli/sandbox/lib/python3.6/site-packages/airflow/example_dags/subdags/subdag.py
[2022-02-12 15:07:43,169] {scheduler_job.py:645} WARNING - No viable dags retrieved from /home/agalli/sandbox/lib/python3.6/site-packages/airflow/example_dags/subdags/subdag.py
[2022-02-12 15:07:43,192] {scheduler_job.py:190} INFO - Processing /home/agalli/sandbox/lib/python3.6/site-packages/airflow/example_dags/subdags/subdag.py took 0.035 seconds
[2022-02-12 15:08:13,412] {scheduler_job.py:182} INFO - Started process (PID=21330) to work on /home/agalli/sandbox/lib/python3.6/site-packages/airflow/example_dags/subdags/subdag.py
[2022-02-12 15:08:13,414] {scheduler_job.py:633} INFO - Processing file /home/agalli/sandbox/lib/python3.6/site-packages/airflow/example_dags/subdags/subdag.py for tasks to queue
[2022-02-12 15:08:13,417] {logging_mixin.py:104} INFO - [2022-02-12 15:08:13,416] {dagbag.py:487} INFO - Filling up the DagBag from /home/agalli/sandbox/lib/python3.6/site-packages/airflow/example_dags/subdags/subdag.py
[2022-02-12 15:08:13,423] {scheduler_job.py:645} WARNING - No viable dags retrieved from /home/agalli/sandbox/lib/python3.6/site-packages/airflow/example_dags/subdags/subdag.py
[2022-02-12 15:08:13,458] {scheduler_job.py:190} INFO - Processing /home/agalli/sandbox/lib/python3.6/site-packages/airflow/example_dags/subdags/subdag.py took 0.053 seconds
[2022-02-12 15:08:43,812] {scheduler_job.py:182} INFO - Started process (PID=21532) to work on /home/agalli/sandbox/lib/python3.6/site-packages/airflow/example_dags/subdags/subdag.py
[2022-02-12 15:08:43,823] {scheduler_job.py:633} INFO - Processing file /home/agalli/sandbox/lib/python3.6/site-packages/airflow/example_dags/subdags/subdag.py for tasks to queue
[2022-02-12 15:08:43,825] {logging_mixin.py:104} INFO - [2022-02-12 15:08:43,824] {dagbag.py:487} INFO - Filling up the DagBag from /home/agalli/sandbox/lib/python3.6/site-packages/airflow/example_dags/subdags/subdag.py
[2022-02-12 15:08:43,829] {scheduler_job.py:645} WARNING - No viable dags retrieved from /home/agalli/sandbox/lib/python3.6/site-packages/airflow/example_dags/subdags/subdag.py
[2022-02-12 15:08:43,855] {scheduler_job.py:190} INFO - Processing /home/agalli/sandbox/lib/python3.6/site-packages/airflow/example_dags/subdags/subdag.py took 0.061 seconds
