[2021-12-10 16:33:37,769] {taskinstance.py:876} INFO - Dependencies all met for <TaskInstance: user_processing.storing_user 2021-12-09T00:00:00+00:00 [queued]>
[2021-12-10 16:33:37,785] {taskinstance.py:876} INFO - Dependencies all met for <TaskInstance: user_processing.storing_user 2021-12-09T00:00:00+00:00 [queued]>
[2021-12-10 16:33:37,786] {taskinstance.py:1067} INFO - 
--------------------------------------------------------------------------------
[2021-12-10 16:33:37,786] {taskinstance.py:1068} INFO - Starting attempt 1 of 1
[2021-12-10 16:33:37,786] {taskinstance.py:1069} INFO - 
--------------------------------------------------------------------------------
[2021-12-10 16:33:37,828] {taskinstance.py:1087} INFO - Executing <Task(BashOperator): storing_user> on 2021-12-09T00:00:00+00:00
[2021-12-10 16:33:37,835] {standard_task_runner.py:52} INFO - Started process 3662 to run task
[2021-12-10 16:33:37,851] {standard_task_runner.py:76} INFO - Running: ['airflow', 'tasks', 'run', 'user_processing', 'storing_user', '2021-12-09T00:00:00+00:00', '--job-id', '23', '--pool', 'default_pool', '--raw', '--subdir', 'DAGS_FOLDER/user_processing.py', '--cfg-path', '/tmp/tmptlshmar0', '--error-file', '/tmp/tmpn3y50nvg']
[2021-12-10 16:33:37,857] {standard_task_runner.py:77} INFO - Job 23: Subtask storing_user
[2021-12-10 16:33:38,087] {logging_mixin.py:104} INFO - Running <TaskInstance: user_processing.storing_user 2021-12-09T00:00:00+00:00 [running]> on host ALE-LAPTOP.localdomain
[2021-12-10 16:33:38,195] {taskinstance.py:1282} INFO - Exporting the following env vars:
AIRFLOW_CTX_DAG_OWNER=airflow
AIRFLOW_CTX_DAG_ID=user_processing
AIRFLOW_CTX_TASK_ID=storing_user
AIRFLOW_CTX_EXECUTION_DATE=2021-12-09T00:00:00+00:00
AIRFLOW_CTX_DAG_RUN_ID=scheduled__2021-12-09T00:00:00+00:00
[2021-12-10 16:33:38,198] {subprocess.py:52} INFO - Tmp dir root location: 
 /tmp
[2021-12-10 16:33:38,199] {subprocess.py:63} INFO - Running command: ['bash', '-c', 'echo -e ".separator ","\n.import /tmp/processed_user.csv users" | sqlite3 /home/agalli/airflow/airflow.db']
[2021-12-10 16:33:38,223] {subprocess.py:75} INFO - Output:
[2021-12-10 16:33:38,253] {subprocess.py:83} INFO - Command exited with return code 0
[2021-12-10 16:33:38,323] {taskinstance.py:1191} INFO - Marking task as SUCCESS. dag_id=user_processing, task_id=storing_user, execution_date=20211209T000000, start_date=20211210T193337, end_date=20211210T193338
[2021-12-10 16:33:38,387] {taskinstance.py:1245} INFO - 0 downstream tasks scheduled from follow-on schedule check
[2021-12-10 16:33:38,432] {local_task_job.py:151} INFO - Task exited with return code 0
