[2022-02-12 13:57:27,545] {scheduler_job.py:182} INFO - Started process (PID=1840) to work on /home/agalli/sandbox/lib/python3.6/site-packages/airflow/example_dags/example_kubernetes_executor.py
[2022-02-12 13:57:27,547] {scheduler_job.py:633} INFO - Processing file /home/agalli/sandbox/lib/python3.6/site-packages/airflow/example_dags/example_kubernetes_executor.py for tasks to queue
[2022-02-12 13:57:27,549] {logging_mixin.py:104} INFO - [2022-02-12 13:57:27,548] {dagbag.py:487} INFO - Filling up the DagBag from /home/agalli/sandbox/lib/python3.6/site-packages/airflow/example_dags/example_kubernetes_executor.py
[2022-02-12 13:57:27,573] {scheduler_job.py:643} INFO - DAG(s) dict_keys(['example_kubernetes_executor']) retrieved from /home/agalli/sandbox/lib/python3.6/site-packages/airflow/example_dags/example_kubernetes_executor.py
[2022-02-12 13:57:27,623] {logging_mixin.py:104} INFO - [2022-02-12 13:57:27,623] {dag.py:1832} INFO - Sync 1 DAGs
[2022-02-12 13:57:27,674] {logging_mixin.py:104} INFO - [2022-02-12 13:57:27,674] {dag.py:2305} INFO - Setting next_dagrun for example_kubernetes_executor to None
[2022-02-12 13:57:27,767] {scheduler_job.py:190} INFO - Processing /home/agalli/sandbox/lib/python3.6/site-packages/airflow/example_dags/example_kubernetes_executor.py took 0.228 seconds
[2022-02-12 13:57:58,813] {scheduler_job.py:182} INFO - Started process (PID=2249) to work on /home/agalli/sandbox/lib/python3.6/site-packages/airflow/example_dags/example_kubernetes_executor.py
[2022-02-12 13:57:58,818] {scheduler_job.py:633} INFO - Processing file /home/agalli/sandbox/lib/python3.6/site-packages/airflow/example_dags/example_kubernetes_executor.py for tasks to queue
[2022-02-12 13:57:58,820] {logging_mixin.py:104} INFO - [2022-02-12 13:57:58,820] {dagbag.py:487} INFO - Filling up the DagBag from /home/agalli/sandbox/lib/python3.6/site-packages/airflow/example_dags/example_kubernetes_executor.py
[2022-02-12 13:57:58,858] {scheduler_job.py:643} INFO - DAG(s) dict_keys(['example_kubernetes_executor']) retrieved from /home/agalli/sandbox/lib/python3.6/site-packages/airflow/example_dags/example_kubernetes_executor.py
[2022-02-12 13:57:58,930] {logging_mixin.py:104} INFO - [2022-02-12 13:57:58,929] {dag.py:1832} INFO - Sync 1 DAGs
[2022-02-12 13:57:58,967] {logging_mixin.py:104} INFO - [2022-02-12 13:57:58,967] {dag.py:2305} INFO - Setting next_dagrun for example_kubernetes_executor to None
[2022-02-12 13:57:58,985] {scheduler_job.py:190} INFO - Processing /home/agalli/sandbox/lib/python3.6/site-packages/airflow/example_dags/example_kubernetes_executor.py took 0.182 seconds
[2022-02-12 13:58:30,147] {scheduler_job.py:182} INFO - Started process (PID=2451) to work on /home/agalli/sandbox/lib/python3.6/site-packages/airflow/example_dags/example_kubernetes_executor.py
[2022-02-12 13:58:30,149] {scheduler_job.py:633} INFO - Processing file /home/agalli/sandbox/lib/python3.6/site-packages/airflow/example_dags/example_kubernetes_executor.py for tasks to queue
[2022-02-12 13:58:30,150] {logging_mixin.py:104} INFO - [2022-02-12 13:58:30,150] {dagbag.py:487} INFO - Filling up the DagBag from /home/agalli/sandbox/lib/python3.6/site-packages/airflow/example_dags/example_kubernetes_executor.py
[2022-02-12 13:58:30,176] {scheduler_job.py:643} INFO - DAG(s) dict_keys(['example_kubernetes_executor']) retrieved from /home/agalli/sandbox/lib/python3.6/site-packages/airflow/example_dags/example_kubernetes_executor.py
[2022-02-12 13:58:30,301] {logging_mixin.py:104} INFO - [2022-02-12 13:58:30,301] {dag.py:1832} INFO - Sync 1 DAGs
[2022-02-12 13:58:30,392] {logging_mixin.py:104} INFO - [2022-02-12 13:58:30,392] {dag.py:2305} INFO - Setting next_dagrun for example_kubernetes_executor to None
[2022-02-12 13:58:30,454] {scheduler_job.py:190} INFO - Processing /home/agalli/sandbox/lib/python3.6/site-packages/airflow/example_dags/example_kubernetes_executor.py took 0.314 seconds
[2022-02-12 13:59:00,822] {scheduler_job.py:182} INFO - Started process (PID=2654) to work on /home/agalli/sandbox/lib/python3.6/site-packages/airflow/example_dags/example_kubernetes_executor.py
[2022-02-12 13:59:00,825] {scheduler_job.py:633} INFO - Processing file /home/agalli/sandbox/lib/python3.6/site-packages/airflow/example_dags/example_kubernetes_executor.py for tasks to queue
[2022-02-12 13:59:00,827] {logging_mixin.py:104} INFO - [2022-02-12 13:59:00,826] {dagbag.py:487} INFO - Filling up the DagBag from /home/agalli/sandbox/lib/python3.6/site-packages/airflow/example_dags/example_kubernetes_executor.py
[2022-02-12 13:59:00,853] {scheduler_job.py:643} INFO - DAG(s) dict_keys(['example_kubernetes_executor']) retrieved from /home/agalli/sandbox/lib/python3.6/site-packages/airflow/example_dags/example_kubernetes_executor.py
[2022-02-12 13:59:00,907] {logging_mixin.py:104} INFO - [2022-02-12 13:59:00,906] {dag.py:1832} INFO - Sync 1 DAGs
[2022-02-12 13:59:00,934] {logging_mixin.py:104} INFO - [2022-02-12 13:59:00,934] {dag.py:2305} INFO - Setting next_dagrun for example_kubernetes_executor to None
[2022-02-12 13:59:00,953] {scheduler_job.py:190} INFO - Processing /home/agalli/sandbox/lib/python3.6/site-packages/airflow/example_dags/example_kubernetes_executor.py took 0.141 seconds
[2022-02-12 13:59:31,575] {scheduler_job.py:182} INFO - Started process (PID=2863) to work on /home/agalli/sandbox/lib/python3.6/site-packages/airflow/example_dags/example_kubernetes_executor.py
[2022-02-12 13:59:31,577] {scheduler_job.py:633} INFO - Processing file /home/agalli/sandbox/lib/python3.6/site-packages/airflow/example_dags/example_kubernetes_executor.py for tasks to queue
[2022-02-12 13:59:31,578] {logging_mixin.py:104} INFO - [2022-02-12 13:59:31,578] {dagbag.py:487} INFO - Filling up the DagBag from /home/agalli/sandbox/lib/python3.6/site-packages/airflow/example_dags/example_kubernetes_executor.py
[2022-02-12 13:59:31,592] {scheduler_job.py:643} INFO - DAG(s) dict_keys(['example_kubernetes_executor']) retrieved from /home/agalli/sandbox/lib/python3.6/site-packages/airflow/example_dags/example_kubernetes_executor.py
[2022-02-12 13:59:31,630] {logging_mixin.py:104} INFO - [2022-02-12 13:59:31,630] {dag.py:1832} INFO - Sync 1 DAGs
[2022-02-12 13:59:31,654] {logging_mixin.py:104} INFO - [2022-02-12 13:59:31,654] {dag.py:2305} INFO - Setting next_dagrun for example_kubernetes_executor to None
[2022-02-12 13:59:31,671] {scheduler_job.py:190} INFO - Processing /home/agalli/sandbox/lib/python3.6/site-packages/airflow/example_dags/example_kubernetes_executor.py took 0.101 seconds
[2022-02-12 14:00:04,092] {scheduler_job.py:182} INFO - Started process (PID=3128) to work on /home/agalli/sandbox/lib/python3.6/site-packages/airflow/example_dags/example_kubernetes_executor.py
[2022-02-12 14:00:04,094] {scheduler_job.py:633} INFO - Processing file /home/agalli/sandbox/lib/python3.6/site-packages/airflow/example_dags/example_kubernetes_executor.py for tasks to queue
[2022-02-12 14:00:04,094] {logging_mixin.py:104} INFO - [2022-02-12 14:00:04,094] {dagbag.py:487} INFO - Filling up the DagBag from /home/agalli/sandbox/lib/python3.6/site-packages/airflow/example_dags/example_kubernetes_executor.py
[2022-02-12 14:00:04,128] {scheduler_job.py:643} INFO - DAG(s) dict_keys(['example_kubernetes_executor']) retrieved from /home/agalli/sandbox/lib/python3.6/site-packages/airflow/example_dags/example_kubernetes_executor.py
[2022-02-12 14:00:04,185] {logging_mixin.py:104} INFO - [2022-02-12 14:00:04,184] {dag.py:1832} INFO - Sync 1 DAGs
[2022-02-12 14:00:04,246] {logging_mixin.py:104} INFO - [2022-02-12 14:00:04,246] {dag.py:2305} INFO - Setting next_dagrun for example_kubernetes_executor to None
[2022-02-12 14:00:04,276] {scheduler_job.py:190} INFO - Processing /home/agalli/sandbox/lib/python3.6/site-packages/airflow/example_dags/example_kubernetes_executor.py took 0.191 seconds
[2022-02-12 14:00:34,712] {scheduler_job.py:182} INFO - Started process (PID=3510) to work on /home/agalli/sandbox/lib/python3.6/site-packages/airflow/example_dags/example_kubernetes_executor.py
[2022-02-12 14:00:34,715] {scheduler_job.py:633} INFO - Processing file /home/agalli/sandbox/lib/python3.6/site-packages/airflow/example_dags/example_kubernetes_executor.py for tasks to queue
[2022-02-12 14:00:34,716] {logging_mixin.py:104} INFO - [2022-02-12 14:00:34,716] {dagbag.py:487} INFO - Filling up the DagBag from /home/agalli/sandbox/lib/python3.6/site-packages/airflow/example_dags/example_kubernetes_executor.py
[2022-02-12 14:00:34,750] {scheduler_job.py:643} INFO - DAG(s) dict_keys(['example_kubernetes_executor']) retrieved from /home/agalli/sandbox/lib/python3.6/site-packages/airflow/example_dags/example_kubernetes_executor.py
[2022-02-12 14:00:34,799] {logging_mixin.py:104} INFO - [2022-02-12 14:00:34,799] {dag.py:1832} INFO - Sync 1 DAGs
[2022-02-12 14:00:34,837] {logging_mixin.py:104} INFO - [2022-02-12 14:00:34,837] {dag.py:2305} INFO - Setting next_dagrun for example_kubernetes_executor to None
[2022-02-12 14:00:34,858] {scheduler_job.py:190} INFO - Processing /home/agalli/sandbox/lib/python3.6/site-packages/airflow/example_dags/example_kubernetes_executor.py took 0.152 seconds
[2022-02-12 14:01:07,955] {scheduler_job.py:182} INFO - Started process (PID=4180) to work on /home/agalli/sandbox/lib/python3.6/site-packages/airflow/example_dags/example_kubernetes_executor.py
[2022-02-12 14:01:07,959] {scheduler_job.py:633} INFO - Processing file /home/agalli/sandbox/lib/python3.6/site-packages/airflow/example_dags/example_kubernetes_executor.py for tasks to queue
[2022-02-12 14:01:07,961] {logging_mixin.py:104} INFO - [2022-02-12 14:01:07,961] {dagbag.py:487} INFO - Filling up the DagBag from /home/agalli/sandbox/lib/python3.6/site-packages/airflow/example_dags/example_kubernetes_executor.py
[2022-02-12 14:01:07,997] {scheduler_job.py:643} INFO - DAG(s) dict_keys(['example_kubernetes_executor']) retrieved from /home/agalli/sandbox/lib/python3.6/site-packages/airflow/example_dags/example_kubernetes_executor.py
[2022-02-12 14:01:08,061] {logging_mixin.py:104} INFO - [2022-02-12 14:01:08,060] {dag.py:1832} INFO - Sync 1 DAGs
[2022-02-12 14:01:08,106] {logging_mixin.py:104} INFO - [2022-02-12 14:01:08,105] {dag.py:2305} INFO - Setting next_dagrun for example_kubernetes_executor to None
[2022-02-12 14:01:08,154] {scheduler_job.py:190} INFO - Processing /home/agalli/sandbox/lib/python3.6/site-packages/airflow/example_dags/example_kubernetes_executor.py took 0.207 seconds
[2022-02-12 14:01:38,966] {scheduler_job.py:182} INFO - Started process (PID=5370) to work on /home/agalli/sandbox/lib/python3.6/site-packages/airflow/example_dags/example_kubernetes_executor.py
[2022-02-12 14:01:38,969] {scheduler_job.py:633} INFO - Processing file /home/agalli/sandbox/lib/python3.6/site-packages/airflow/example_dags/example_kubernetes_executor.py for tasks to queue
[2022-02-12 14:01:38,971] {logging_mixin.py:104} INFO - [2022-02-12 14:01:38,971] {dagbag.py:487} INFO - Filling up the DagBag from /home/agalli/sandbox/lib/python3.6/site-packages/airflow/example_dags/example_kubernetes_executor.py
[2022-02-12 14:01:39,008] {scheduler_job.py:643} INFO - DAG(s) dict_keys(['example_kubernetes_executor']) retrieved from /home/agalli/sandbox/lib/python3.6/site-packages/airflow/example_dags/example_kubernetes_executor.py
[2022-02-12 14:01:39,064] {logging_mixin.py:104} INFO - [2022-02-12 14:01:39,063] {dag.py:1832} INFO - Sync 1 DAGs
[2022-02-12 14:01:39,093] {logging_mixin.py:104} INFO - [2022-02-12 14:01:39,093] {dag.py:2305} INFO - Setting next_dagrun for example_kubernetes_executor to None
[2022-02-12 14:01:39,113] {scheduler_job.py:190} INFO - Processing /home/agalli/sandbox/lib/python3.6/site-packages/airflow/example_dags/example_kubernetes_executor.py took 0.152 seconds
[2022-02-12 14:02:09,743] {scheduler_job.py:182} INFO - Started process (PID=5602) to work on /home/agalli/sandbox/lib/python3.6/site-packages/airflow/example_dags/example_kubernetes_executor.py
[2022-02-12 14:02:09,745] {scheduler_job.py:633} INFO - Processing file /home/agalli/sandbox/lib/python3.6/site-packages/airflow/example_dags/example_kubernetes_executor.py for tasks to queue
[2022-02-12 14:02:09,746] {logging_mixin.py:104} INFO - [2022-02-12 14:02:09,746] {dagbag.py:487} INFO - Filling up the DagBag from /home/agalli/sandbox/lib/python3.6/site-packages/airflow/example_dags/example_kubernetes_executor.py
[2022-02-12 14:02:09,777] {scheduler_job.py:643} INFO - DAG(s) dict_keys(['example_kubernetes_executor']) retrieved from /home/agalli/sandbox/lib/python3.6/site-packages/airflow/example_dags/example_kubernetes_executor.py
[2022-02-12 14:02:09,827] {logging_mixin.py:104} INFO - [2022-02-12 14:02:09,827] {dag.py:1832} INFO - Sync 1 DAGs
[2022-02-12 14:02:09,865] {logging_mixin.py:104} INFO - [2022-02-12 14:02:09,865] {dag.py:2305} INFO - Setting next_dagrun for example_kubernetes_executor to None
[2022-02-12 14:02:09,897] {scheduler_job.py:190} INFO - Processing /home/agalli/sandbox/lib/python3.6/site-packages/airflow/example_dags/example_kubernetes_executor.py took 0.173 seconds
[2022-02-12 14:02:40,086] {scheduler_job.py:182} INFO - Started process (PID=5924) to work on /home/agalli/sandbox/lib/python3.6/site-packages/airflow/example_dags/example_kubernetes_executor.py
[2022-02-12 14:02:40,088] {scheduler_job.py:633} INFO - Processing file /home/agalli/sandbox/lib/python3.6/site-packages/airflow/example_dags/example_kubernetes_executor.py for tasks to queue
[2022-02-12 14:02:40,089] {logging_mixin.py:104} INFO - [2022-02-12 14:02:40,089] {dagbag.py:487} INFO - Filling up the DagBag from /home/agalli/sandbox/lib/python3.6/site-packages/airflow/example_dags/example_kubernetes_executor.py
[2022-02-12 14:02:40,118] {scheduler_job.py:643} INFO - DAG(s) dict_keys(['example_kubernetes_executor']) retrieved from /home/agalli/sandbox/lib/python3.6/site-packages/airflow/example_dags/example_kubernetes_executor.py
[2022-02-12 14:02:40,170] {logging_mixin.py:104} INFO - [2022-02-12 14:02:40,170] {dag.py:1832} INFO - Sync 1 DAGs
[2022-02-12 14:02:40,199] {logging_mixin.py:104} INFO - [2022-02-12 14:02:40,199] {dag.py:2305} INFO - Setting next_dagrun for example_kubernetes_executor to None
[2022-02-12 14:02:40,217] {scheduler_job.py:190} INFO - Processing /home/agalli/sandbox/lib/python3.6/site-packages/airflow/example_dags/example_kubernetes_executor.py took 0.141 seconds
[2022-02-12 14:03:10,310] {scheduler_job.py:182} INFO - Started process (PID=6123) to work on /home/agalli/sandbox/lib/python3.6/site-packages/airflow/example_dags/example_kubernetes_executor.py
[2022-02-12 14:03:10,318] {scheduler_job.py:633} INFO - Processing file /home/agalli/sandbox/lib/python3.6/site-packages/airflow/example_dags/example_kubernetes_executor.py for tasks to queue
[2022-02-12 14:03:10,320] {logging_mixin.py:104} INFO - [2022-02-12 14:03:10,319] {dagbag.py:487} INFO - Filling up the DagBag from /home/agalli/sandbox/lib/python3.6/site-packages/airflow/example_dags/example_kubernetes_executor.py
[2022-02-12 14:03:10,343] {scheduler_job.py:643} INFO - DAG(s) dict_keys(['example_kubernetes_executor']) retrieved from /home/agalli/sandbox/lib/python3.6/site-packages/airflow/example_dags/example_kubernetes_executor.py
[2022-02-12 14:03:10,415] {logging_mixin.py:104} INFO - [2022-02-12 14:03:10,415] {dag.py:1832} INFO - Sync 1 DAGs
[2022-02-12 14:03:10,460] {logging_mixin.py:104} INFO - [2022-02-12 14:03:10,458] {dag.py:2305} INFO - Setting next_dagrun for example_kubernetes_executor to None
[2022-02-12 14:03:10,482] {scheduler_job.py:190} INFO - Processing /home/agalli/sandbox/lib/python3.6/site-packages/airflow/example_dags/example_kubernetes_executor.py took 0.178 seconds
[2022-02-12 14:20:19,606] {scheduler_job.py:182} INFO - Started process (PID=7100) to work on /home/agalli/sandbox/lib/python3.6/site-packages/airflow/example_dags/example_kubernetes_executor.py
[2022-02-12 14:20:19,608] {scheduler_job.py:633} INFO - Processing file /home/agalli/sandbox/lib/python3.6/site-packages/airflow/example_dags/example_kubernetes_executor.py for tasks to queue
[2022-02-12 14:20:19,608] {logging_mixin.py:104} INFO - [2022-02-12 14:20:19,608] {dagbag.py:487} INFO - Filling up the DagBag from /home/agalli/sandbox/lib/python3.6/site-packages/airflow/example_dags/example_kubernetes_executor.py
[2022-02-12 14:20:19,625] {scheduler_job.py:643} INFO - DAG(s) dict_keys(['example_kubernetes_executor']) retrieved from /home/agalli/sandbox/lib/python3.6/site-packages/airflow/example_dags/example_kubernetes_executor.py
[2022-02-12 14:20:19,693] {logging_mixin.py:104} INFO - [2022-02-12 14:20:19,693] {dag.py:1832} INFO - Sync 1 DAGs
[2022-02-12 14:20:19,715] {logging_mixin.py:104} INFO - [2022-02-12 14:20:19,715] {dag.py:2305} INFO - Setting next_dagrun for example_kubernetes_executor to None
[2022-02-12 14:20:19,728] {scheduler_job.py:190} INFO - Processing /home/agalli/sandbox/lib/python3.6/site-packages/airflow/example_dags/example_kubernetes_executor.py took 0.126 seconds
[2022-02-12 14:20:50,146] {scheduler_job.py:182} INFO - Started process (PID=7302) to work on /home/agalli/sandbox/lib/python3.6/site-packages/airflow/example_dags/example_kubernetes_executor.py
[2022-02-12 14:20:50,147] {scheduler_job.py:633} INFO - Processing file /home/agalli/sandbox/lib/python3.6/site-packages/airflow/example_dags/example_kubernetes_executor.py for tasks to queue
[2022-02-12 14:20:50,147] {logging_mixin.py:104} INFO - [2022-02-12 14:20:50,147] {dagbag.py:487} INFO - Filling up the DagBag from /home/agalli/sandbox/lib/python3.6/site-packages/airflow/example_dags/example_kubernetes_executor.py
[2022-02-12 14:20:50,166] {scheduler_job.py:643} INFO - DAG(s) dict_keys(['example_kubernetes_executor']) retrieved from /home/agalli/sandbox/lib/python3.6/site-packages/airflow/example_dags/example_kubernetes_executor.py
[2022-02-12 14:20:50,213] {logging_mixin.py:104} INFO - [2022-02-12 14:20:50,213] {dag.py:1832} INFO - Sync 1 DAGs
[2022-02-12 14:20:50,240] {logging_mixin.py:104} INFO - [2022-02-12 14:20:50,240] {dag.py:2305} INFO - Setting next_dagrun for example_kubernetes_executor to None
[2022-02-12 14:20:50,253] {scheduler_job.py:190} INFO - Processing /home/agalli/sandbox/lib/python3.6/site-packages/airflow/example_dags/example_kubernetes_executor.py took 0.111 seconds
[2022-02-12 14:21:21,496] {scheduler_job.py:182} INFO - Started process (PID=7504) to work on /home/agalli/sandbox/lib/python3.6/site-packages/airflow/example_dags/example_kubernetes_executor.py
[2022-02-12 14:21:21,498] {scheduler_job.py:633} INFO - Processing file /home/agalli/sandbox/lib/python3.6/site-packages/airflow/example_dags/example_kubernetes_executor.py for tasks to queue
[2022-02-12 14:21:21,499] {logging_mixin.py:104} INFO - [2022-02-12 14:21:21,499] {dagbag.py:487} INFO - Filling up the DagBag from /home/agalli/sandbox/lib/python3.6/site-packages/airflow/example_dags/example_kubernetes_executor.py
[2022-02-12 14:21:21,515] {scheduler_job.py:643} INFO - DAG(s) dict_keys(['example_kubernetes_executor']) retrieved from /home/agalli/sandbox/lib/python3.6/site-packages/airflow/example_dags/example_kubernetes_executor.py
[2022-02-12 14:21:21,577] {logging_mixin.py:104} INFO - [2022-02-12 14:21:21,577] {dag.py:1832} INFO - Sync 1 DAGs
[2022-02-12 14:21:21,601] {logging_mixin.py:104} INFO - [2022-02-12 14:21:21,601] {dag.py:2305} INFO - Setting next_dagrun for example_kubernetes_executor to None
[2022-02-12 14:21:21,617] {scheduler_job.py:190} INFO - Processing /home/agalli/sandbox/lib/python3.6/site-packages/airflow/example_dags/example_kubernetes_executor.py took 0.125 seconds
[2022-02-12 14:21:51,923] {scheduler_job.py:182} INFO - Started process (PID=7708) to work on /home/agalli/sandbox/lib/python3.6/site-packages/airflow/example_dags/example_kubernetes_executor.py
[2022-02-12 14:21:51,926] {scheduler_job.py:633} INFO - Processing file /home/agalli/sandbox/lib/python3.6/site-packages/airflow/example_dags/example_kubernetes_executor.py for tasks to queue
[2022-02-12 14:21:51,930] {logging_mixin.py:104} INFO - [2022-02-12 14:21:51,930] {dagbag.py:487} INFO - Filling up the DagBag from /home/agalli/sandbox/lib/python3.6/site-packages/airflow/example_dags/example_kubernetes_executor.py
[2022-02-12 14:21:51,957] {scheduler_job.py:643} INFO - DAG(s) dict_keys(['example_kubernetes_executor']) retrieved from /home/agalli/sandbox/lib/python3.6/site-packages/airflow/example_dags/example_kubernetes_executor.py
[2022-02-12 14:21:52,011] {logging_mixin.py:104} INFO - [2022-02-12 14:21:52,011] {dag.py:1832} INFO - Sync 1 DAGs
[2022-02-12 14:21:52,044] {logging_mixin.py:104} INFO - [2022-02-12 14:21:52,044] {dag.py:2305} INFO - Setting next_dagrun for example_kubernetes_executor to None
[2022-02-12 14:21:52,085] {scheduler_job.py:190} INFO - Processing /home/agalli/sandbox/lib/python3.6/site-packages/airflow/example_dags/example_kubernetes_executor.py took 0.167 seconds
[2022-02-12 14:22:22,927] {scheduler_job.py:182} INFO - Started process (PID=7908) to work on /home/agalli/sandbox/lib/python3.6/site-packages/airflow/example_dags/example_kubernetes_executor.py
[2022-02-12 14:22:22,928] {scheduler_job.py:633} INFO - Processing file /home/agalli/sandbox/lib/python3.6/site-packages/airflow/example_dags/example_kubernetes_executor.py for tasks to queue
[2022-02-12 14:22:22,929] {logging_mixin.py:104} INFO - [2022-02-12 14:22:22,929] {dagbag.py:487} INFO - Filling up the DagBag from /home/agalli/sandbox/lib/python3.6/site-packages/airflow/example_dags/example_kubernetes_executor.py
[2022-02-12 14:22:22,941] {scheduler_job.py:643} INFO - DAG(s) dict_keys(['example_kubernetes_executor']) retrieved from /home/agalli/sandbox/lib/python3.6/site-packages/airflow/example_dags/example_kubernetes_executor.py
[2022-02-12 14:22:22,971] {logging_mixin.py:104} INFO - [2022-02-12 14:22:22,971] {dag.py:1832} INFO - Sync 1 DAGs
[2022-02-12 14:22:22,992] {logging_mixin.py:104} INFO - [2022-02-12 14:22:22,992] {dag.py:2305} INFO - Setting next_dagrun for example_kubernetes_executor to None
[2022-02-12 14:22:23,007] {scheduler_job.py:190} INFO - Processing /home/agalli/sandbox/lib/python3.6/site-packages/airflow/example_dags/example_kubernetes_executor.py took 0.083 seconds
[2022-02-12 14:22:53,839] {scheduler_job.py:182} INFO - Started process (PID=8109) to work on /home/agalli/sandbox/lib/python3.6/site-packages/airflow/example_dags/example_kubernetes_executor.py
[2022-02-12 14:22:53,840] {scheduler_job.py:633} INFO - Processing file /home/agalli/sandbox/lib/python3.6/site-packages/airflow/example_dags/example_kubernetes_executor.py for tasks to queue
[2022-02-12 14:22:53,841] {logging_mixin.py:104} INFO - [2022-02-12 14:22:53,841] {dagbag.py:487} INFO - Filling up the DagBag from /home/agalli/sandbox/lib/python3.6/site-packages/airflow/example_dags/example_kubernetes_executor.py
[2022-02-12 14:22:53,864] {scheduler_job.py:643} INFO - DAG(s) dict_keys(['example_kubernetes_executor']) retrieved from /home/agalli/sandbox/lib/python3.6/site-packages/airflow/example_dags/example_kubernetes_executor.py
[2022-02-12 14:22:53,896] {logging_mixin.py:104} INFO - [2022-02-12 14:22:53,896] {dag.py:1832} INFO - Sync 1 DAGs
[2022-02-12 14:22:53,937] {logging_mixin.py:104} INFO - [2022-02-12 14:22:53,937] {dag.py:2305} INFO - Setting next_dagrun for example_kubernetes_executor to None
[2022-02-12 14:22:53,952] {scheduler_job.py:190} INFO - Processing /home/agalli/sandbox/lib/python3.6/site-packages/airflow/example_dags/example_kubernetes_executor.py took 0.119 seconds
[2022-02-12 14:23:25,432] {scheduler_job.py:182} INFO - Started process (PID=8313) to work on /home/agalli/sandbox/lib/python3.6/site-packages/airflow/example_dags/example_kubernetes_executor.py
[2022-02-12 14:23:25,436] {scheduler_job.py:633} INFO - Processing file /home/agalli/sandbox/lib/python3.6/site-packages/airflow/example_dags/example_kubernetes_executor.py for tasks to queue
[2022-02-12 14:23:25,438] {logging_mixin.py:104} INFO - [2022-02-12 14:23:25,437] {dagbag.py:487} INFO - Filling up the DagBag from /home/agalli/sandbox/lib/python3.6/site-packages/airflow/example_dags/example_kubernetes_executor.py
[2022-02-12 14:23:25,461] {scheduler_job.py:643} INFO - DAG(s) dict_keys(['example_kubernetes_executor']) retrieved from /home/agalli/sandbox/lib/python3.6/site-packages/airflow/example_dags/example_kubernetes_executor.py
[2022-02-12 14:23:25,526] {logging_mixin.py:104} INFO - [2022-02-12 14:23:25,526] {dag.py:1832} INFO - Sync 1 DAGs
[2022-02-12 14:23:25,566] {logging_mixin.py:104} INFO - [2022-02-12 14:23:25,566] {dag.py:2305} INFO - Setting next_dagrun for example_kubernetes_executor to None
[2022-02-12 14:23:25,590] {scheduler_job.py:190} INFO - Processing /home/agalli/sandbox/lib/python3.6/site-packages/airflow/example_dags/example_kubernetes_executor.py took 0.164 seconds
[2022-02-12 14:23:55,649] {scheduler_job.py:182} INFO - Started process (PID=8517) to work on /home/agalli/sandbox/lib/python3.6/site-packages/airflow/example_dags/example_kubernetes_executor.py
[2022-02-12 14:23:55,650] {scheduler_job.py:633} INFO - Processing file /home/agalli/sandbox/lib/python3.6/site-packages/airflow/example_dags/example_kubernetes_executor.py for tasks to queue
[2022-02-12 14:23:55,651] {logging_mixin.py:104} INFO - [2022-02-12 14:23:55,651] {dagbag.py:487} INFO - Filling up the DagBag from /home/agalli/sandbox/lib/python3.6/site-packages/airflow/example_dags/example_kubernetes_executor.py
[2022-02-12 14:23:55,667] {scheduler_job.py:643} INFO - DAG(s) dict_keys(['example_kubernetes_executor']) retrieved from /home/agalli/sandbox/lib/python3.6/site-packages/airflow/example_dags/example_kubernetes_executor.py
[2022-02-12 14:23:55,698] {logging_mixin.py:104} INFO - [2022-02-12 14:23:55,698] {dag.py:1832} INFO - Sync 1 DAGs
[2022-02-12 14:23:55,714] {logging_mixin.py:104} INFO - [2022-02-12 14:23:55,714] {dag.py:2305} INFO - Setting next_dagrun for example_kubernetes_executor to None
[2022-02-12 14:23:55,726] {scheduler_job.py:190} INFO - Processing /home/agalli/sandbox/lib/python3.6/site-packages/airflow/example_dags/example_kubernetes_executor.py took 0.080 seconds
[2022-02-12 14:24:28,512] {scheduler_job.py:182} INFO - Started process (PID=8717) to work on /home/agalli/sandbox/lib/python3.6/site-packages/airflow/example_dags/example_kubernetes_executor.py
[2022-02-12 14:24:28,514] {scheduler_job.py:633} INFO - Processing file /home/agalli/sandbox/lib/python3.6/site-packages/airflow/example_dags/example_kubernetes_executor.py for tasks to queue
[2022-02-12 14:24:28,515] {logging_mixin.py:104} INFO - [2022-02-12 14:24:28,515] {dagbag.py:487} INFO - Filling up the DagBag from /home/agalli/sandbox/lib/python3.6/site-packages/airflow/example_dags/example_kubernetes_executor.py
[2022-02-12 14:24:28,547] {scheduler_job.py:643} INFO - DAG(s) dict_keys(['example_kubernetes_executor']) retrieved from /home/agalli/sandbox/lib/python3.6/site-packages/airflow/example_dags/example_kubernetes_executor.py
[2022-02-12 14:24:28,603] {logging_mixin.py:104} INFO - [2022-02-12 14:24:28,603] {dag.py:1832} INFO - Sync 1 DAGs
[2022-02-12 14:24:28,635] {logging_mixin.py:104} INFO - [2022-02-12 14:24:28,635] {dag.py:2305} INFO - Setting next_dagrun for example_kubernetes_executor to None
[2022-02-12 14:24:28,653] {scheduler_job.py:190} INFO - Processing /home/agalli/sandbox/lib/python3.6/site-packages/airflow/example_dags/example_kubernetes_executor.py took 0.147 seconds
[2022-02-12 14:24:59,967] {scheduler_job.py:182} INFO - Started process (PID=8919) to work on /home/agalli/sandbox/lib/python3.6/site-packages/airflow/example_dags/example_kubernetes_executor.py
[2022-02-12 14:24:59,968] {scheduler_job.py:633} INFO - Processing file /home/agalli/sandbox/lib/python3.6/site-packages/airflow/example_dags/example_kubernetes_executor.py for tasks to queue
[2022-02-12 14:24:59,968] {logging_mixin.py:104} INFO - [2022-02-12 14:24:59,968] {dagbag.py:487} INFO - Filling up the DagBag from /home/agalli/sandbox/lib/python3.6/site-packages/airflow/example_dags/example_kubernetes_executor.py
[2022-02-12 14:24:59,986] {scheduler_job.py:643} INFO - DAG(s) dict_keys(['example_kubernetes_executor']) retrieved from /home/agalli/sandbox/lib/python3.6/site-packages/airflow/example_dags/example_kubernetes_executor.py
[2022-02-12 14:25:00,034] {logging_mixin.py:104} INFO - [2022-02-12 14:25:00,034] {dag.py:1832} INFO - Sync 1 DAGs
[2022-02-12 14:25:00,068] {logging_mixin.py:104} INFO - [2022-02-12 14:25:00,067] {dag.py:2305} INFO - Setting next_dagrun for example_kubernetes_executor to None
[2022-02-12 14:25:00,324] {scheduler_job.py:190} INFO - Processing /home/agalli/sandbox/lib/python3.6/site-packages/airflow/example_dags/example_kubernetes_executor.py took 0.361 seconds
[2022-02-12 14:25:30,519] {scheduler_job.py:182} INFO - Started process (PID=9240) to work on /home/agalli/sandbox/lib/python3.6/site-packages/airflow/example_dags/example_kubernetes_executor.py
[2022-02-12 14:25:30,521] {scheduler_job.py:633} INFO - Processing file /home/agalli/sandbox/lib/python3.6/site-packages/airflow/example_dags/example_kubernetes_executor.py for tasks to queue
[2022-02-12 14:25:30,522] {logging_mixin.py:104} INFO - [2022-02-12 14:25:30,522] {dagbag.py:487} INFO - Filling up the DagBag from /home/agalli/sandbox/lib/python3.6/site-packages/airflow/example_dags/example_kubernetes_executor.py
[2022-02-12 14:25:30,553] {scheduler_job.py:643} INFO - DAG(s) dict_keys(['example_kubernetes_executor']) retrieved from /home/agalli/sandbox/lib/python3.6/site-packages/airflow/example_dags/example_kubernetes_executor.py
[2022-02-12 14:25:30,609] {logging_mixin.py:104} INFO - [2022-02-12 14:25:30,609] {dag.py:1832} INFO - Sync 1 DAGs
[2022-02-12 14:25:30,634] {logging_mixin.py:104} INFO - [2022-02-12 14:25:30,634] {dag.py:2305} INFO - Setting next_dagrun for example_kubernetes_executor to None
[2022-02-12 14:25:30,656] {scheduler_job.py:190} INFO - Processing /home/agalli/sandbox/lib/python3.6/site-packages/airflow/example_dags/example_kubernetes_executor.py took 0.143 seconds
[2022-02-12 14:26:01,429] {scheduler_job.py:182} INFO - Started process (PID=9445) to work on /home/agalli/sandbox/lib/python3.6/site-packages/airflow/example_dags/example_kubernetes_executor.py
[2022-02-12 14:26:01,435] {scheduler_job.py:633} INFO - Processing file /home/agalli/sandbox/lib/python3.6/site-packages/airflow/example_dags/example_kubernetes_executor.py for tasks to queue
[2022-02-12 14:26:01,436] {logging_mixin.py:104} INFO - [2022-02-12 14:26:01,436] {dagbag.py:487} INFO - Filling up the DagBag from /home/agalli/sandbox/lib/python3.6/site-packages/airflow/example_dags/example_kubernetes_executor.py
[2022-02-12 14:26:01,454] {scheduler_job.py:643} INFO - DAG(s) dict_keys(['example_kubernetes_executor']) retrieved from /home/agalli/sandbox/lib/python3.6/site-packages/airflow/example_dags/example_kubernetes_executor.py
[2022-02-12 14:26:01,495] {logging_mixin.py:104} INFO - [2022-02-12 14:26:01,495] {dag.py:1832} INFO - Sync 1 DAGs
[2022-02-12 14:26:01,521] {logging_mixin.py:104} INFO - [2022-02-12 14:26:01,521] {dag.py:2305} INFO - Setting next_dagrun for example_kubernetes_executor to None
[2022-02-12 14:26:01,537] {scheduler_job.py:190} INFO - Processing /home/agalli/sandbox/lib/python3.6/site-packages/airflow/example_dags/example_kubernetes_executor.py took 0.113 seconds
[2022-02-12 14:26:32,706] {scheduler_job.py:182} INFO - Started process (PID=9645) to work on /home/agalli/sandbox/lib/python3.6/site-packages/airflow/example_dags/example_kubernetes_executor.py
[2022-02-12 14:26:32,708] {scheduler_job.py:633} INFO - Processing file /home/agalli/sandbox/lib/python3.6/site-packages/airflow/example_dags/example_kubernetes_executor.py for tasks to queue
[2022-02-12 14:26:32,708] {logging_mixin.py:104} INFO - [2022-02-12 14:26:32,708] {dagbag.py:487} INFO - Filling up the DagBag from /home/agalli/sandbox/lib/python3.6/site-packages/airflow/example_dags/example_kubernetes_executor.py
[2022-02-12 14:26:32,725] {scheduler_job.py:643} INFO - DAG(s) dict_keys(['example_kubernetes_executor']) retrieved from /home/agalli/sandbox/lib/python3.6/site-packages/airflow/example_dags/example_kubernetes_executor.py
[2022-02-12 14:26:32,781] {logging_mixin.py:104} INFO - [2022-02-12 14:26:32,781] {dag.py:1832} INFO - Sync 1 DAGs
[2022-02-12 14:26:32,817] {logging_mixin.py:104} INFO - [2022-02-12 14:26:32,817] {dag.py:2305} INFO - Setting next_dagrun for example_kubernetes_executor to None
[2022-02-12 14:26:32,834] {scheduler_job.py:190} INFO - Processing /home/agalli/sandbox/lib/python3.6/site-packages/airflow/example_dags/example_kubernetes_executor.py took 0.133 seconds
[2022-02-12 14:27:03,848] {scheduler_job.py:182} INFO - Started process (PID=9846) to work on /home/agalli/sandbox/lib/python3.6/site-packages/airflow/example_dags/example_kubernetes_executor.py
[2022-02-12 14:27:03,849] {scheduler_job.py:633} INFO - Processing file /home/agalli/sandbox/lib/python3.6/site-packages/airflow/example_dags/example_kubernetes_executor.py for tasks to queue
[2022-02-12 14:27:03,850] {logging_mixin.py:104} INFO - [2022-02-12 14:27:03,850] {dagbag.py:487} INFO - Filling up the DagBag from /home/agalli/sandbox/lib/python3.6/site-packages/airflow/example_dags/example_kubernetes_executor.py
[2022-02-12 14:27:03,867] {scheduler_job.py:643} INFO - DAG(s) dict_keys(['example_kubernetes_executor']) retrieved from /home/agalli/sandbox/lib/python3.6/site-packages/airflow/example_dags/example_kubernetes_executor.py
[2022-02-12 14:27:03,899] {logging_mixin.py:104} INFO - [2022-02-12 14:27:03,899] {dag.py:1832} INFO - Sync 1 DAGs
[2022-02-12 14:27:03,920] {logging_mixin.py:104} INFO - [2022-02-12 14:27:03,920] {dag.py:2305} INFO - Setting next_dagrun for example_kubernetes_executor to None
[2022-02-12 14:27:03,934] {scheduler_job.py:190} INFO - Processing /home/agalli/sandbox/lib/python3.6/site-packages/airflow/example_dags/example_kubernetes_executor.py took 0.091 seconds
[2022-02-12 14:27:35,043] {scheduler_job.py:182} INFO - Started process (PID=10049) to work on /home/agalli/sandbox/lib/python3.6/site-packages/airflow/example_dags/example_kubernetes_executor.py
[2022-02-12 14:27:35,044] {scheduler_job.py:633} INFO - Processing file /home/agalli/sandbox/lib/python3.6/site-packages/airflow/example_dags/example_kubernetes_executor.py for tasks to queue
[2022-02-12 14:27:35,045] {logging_mixin.py:104} INFO - [2022-02-12 14:27:35,045] {dagbag.py:487} INFO - Filling up the DagBag from /home/agalli/sandbox/lib/python3.6/site-packages/airflow/example_dags/example_kubernetes_executor.py
[2022-02-12 14:27:35,065] {scheduler_job.py:643} INFO - DAG(s) dict_keys(['example_kubernetes_executor']) retrieved from /home/agalli/sandbox/lib/python3.6/site-packages/airflow/example_dags/example_kubernetes_executor.py
[2022-02-12 14:27:35,112] {logging_mixin.py:104} INFO - [2022-02-12 14:27:35,111] {dag.py:1832} INFO - Sync 1 DAGs
[2022-02-12 14:27:35,140] {logging_mixin.py:104} INFO - [2022-02-12 14:27:35,140] {dag.py:2305} INFO - Setting next_dagrun for example_kubernetes_executor to None
[2022-02-12 14:27:35,161] {scheduler_job.py:190} INFO - Processing /home/agalli/sandbox/lib/python3.6/site-packages/airflow/example_dags/example_kubernetes_executor.py took 0.123 seconds
[2022-02-12 14:28:05,923] {scheduler_job.py:182} INFO - Started process (PID=10251) to work on /home/agalli/sandbox/lib/python3.6/site-packages/airflow/example_dags/example_kubernetes_executor.py
[2022-02-12 14:28:05,924] {scheduler_job.py:633} INFO - Processing file /home/agalli/sandbox/lib/python3.6/site-packages/airflow/example_dags/example_kubernetes_executor.py for tasks to queue
[2022-02-12 14:28:05,925] {logging_mixin.py:104} INFO - [2022-02-12 14:28:05,925] {dagbag.py:487} INFO - Filling up the DagBag from /home/agalli/sandbox/lib/python3.6/site-packages/airflow/example_dags/example_kubernetes_executor.py
[2022-02-12 14:28:05,937] {scheduler_job.py:643} INFO - DAG(s) dict_keys(['example_kubernetes_executor']) retrieved from /home/agalli/sandbox/lib/python3.6/site-packages/airflow/example_dags/example_kubernetes_executor.py
[2022-02-12 14:28:05,963] {logging_mixin.py:104} INFO - [2022-02-12 14:28:05,963] {dag.py:1832} INFO - Sync 1 DAGs
[2022-02-12 14:28:05,980] {logging_mixin.py:104} INFO - [2022-02-12 14:28:05,980] {dag.py:2305} INFO - Setting next_dagrun for example_kubernetes_executor to None
[2022-02-12 14:28:05,992] {scheduler_job.py:190} INFO - Processing /home/agalli/sandbox/lib/python3.6/site-packages/airflow/example_dags/example_kubernetes_executor.py took 0.074 seconds
[2022-02-12 14:28:36,154] {scheduler_job.py:182} INFO - Started process (PID=10453) to work on /home/agalli/sandbox/lib/python3.6/site-packages/airflow/example_dags/example_kubernetes_executor.py
[2022-02-12 14:28:36,156] {scheduler_job.py:633} INFO - Processing file /home/agalli/sandbox/lib/python3.6/site-packages/airflow/example_dags/example_kubernetes_executor.py for tasks to queue
[2022-02-12 14:28:36,157] {logging_mixin.py:104} INFO - [2022-02-12 14:28:36,157] {dagbag.py:487} INFO - Filling up the DagBag from /home/agalli/sandbox/lib/python3.6/site-packages/airflow/example_dags/example_kubernetes_executor.py
[2022-02-12 14:28:36,187] {scheduler_job.py:643} INFO - DAG(s) dict_keys(['example_kubernetes_executor']) retrieved from /home/agalli/sandbox/lib/python3.6/site-packages/airflow/example_dags/example_kubernetes_executor.py
[2022-02-12 14:28:36,232] {logging_mixin.py:104} INFO - [2022-02-12 14:28:36,232] {dag.py:1832} INFO - Sync 1 DAGs
[2022-02-12 14:28:36,253] {logging_mixin.py:104} INFO - [2022-02-12 14:28:36,253] {dag.py:2305} INFO - Setting next_dagrun for example_kubernetes_executor to None
[2022-02-12 14:28:36,267] {scheduler_job.py:190} INFO - Processing /home/agalli/sandbox/lib/python3.6/site-packages/airflow/example_dags/example_kubernetes_executor.py took 0.121 seconds
[2022-02-12 14:29:06,810] {scheduler_job.py:182} INFO - Started process (PID=10649) to work on /home/agalli/sandbox/lib/python3.6/site-packages/airflow/example_dags/example_kubernetes_executor.py
[2022-02-12 14:29:06,813] {scheduler_job.py:633} INFO - Processing file /home/agalli/sandbox/lib/python3.6/site-packages/airflow/example_dags/example_kubernetes_executor.py for tasks to queue
[2022-02-12 14:29:06,814] {logging_mixin.py:104} INFO - [2022-02-12 14:29:06,814] {dagbag.py:487} INFO - Filling up the DagBag from /home/agalli/sandbox/lib/python3.6/site-packages/airflow/example_dags/example_kubernetes_executor.py
[2022-02-12 14:29:06,832] {scheduler_job.py:643} INFO - DAG(s) dict_keys(['example_kubernetes_executor']) retrieved from /home/agalli/sandbox/lib/python3.6/site-packages/airflow/example_dags/example_kubernetes_executor.py
[2022-02-12 14:29:06,868] {logging_mixin.py:104} INFO - [2022-02-12 14:29:06,868] {dag.py:1832} INFO - Sync 1 DAGs
[2022-02-12 14:29:06,896] {logging_mixin.py:104} INFO - [2022-02-12 14:29:06,896] {dag.py:2305} INFO - Setting next_dagrun for example_kubernetes_executor to None
[2022-02-12 14:29:06,920] {scheduler_job.py:190} INFO - Processing /home/agalli/sandbox/lib/python3.6/site-packages/airflow/example_dags/example_kubernetes_executor.py took 0.116 seconds
[2022-02-12 14:29:37,200] {scheduler_job.py:182} INFO - Started process (PID=10855) to work on /home/agalli/sandbox/lib/python3.6/site-packages/airflow/example_dags/example_kubernetes_executor.py
[2022-02-12 14:29:37,202] {scheduler_job.py:633} INFO - Processing file /home/agalli/sandbox/lib/python3.6/site-packages/airflow/example_dags/example_kubernetes_executor.py for tasks to queue
[2022-02-12 14:29:37,203] {logging_mixin.py:104} INFO - [2022-02-12 14:29:37,202] {dagbag.py:487} INFO - Filling up the DagBag from /home/agalli/sandbox/lib/python3.6/site-packages/airflow/example_dags/example_kubernetes_executor.py
[2022-02-12 14:29:37,217] {scheduler_job.py:643} INFO - DAG(s) dict_keys(['example_kubernetes_executor']) retrieved from /home/agalli/sandbox/lib/python3.6/site-packages/airflow/example_dags/example_kubernetes_executor.py
[2022-02-12 14:29:37,247] {logging_mixin.py:104} INFO - [2022-02-12 14:29:37,247] {dag.py:1832} INFO - Sync 1 DAGs
[2022-02-12 14:29:37,265] {logging_mixin.py:104} INFO - [2022-02-12 14:29:37,264] {dag.py:2305} INFO - Setting next_dagrun for example_kubernetes_executor to None
[2022-02-12 14:29:37,277] {scheduler_job.py:190} INFO - Processing /home/agalli/sandbox/lib/python3.6/site-packages/airflow/example_dags/example_kubernetes_executor.py took 0.081 seconds
[2022-02-12 14:30:07,986] {scheduler_job.py:182} INFO - Started process (PID=11051) to work on /home/agalli/sandbox/lib/python3.6/site-packages/airflow/example_dags/example_kubernetes_executor.py
[2022-02-12 14:30:07,998] {scheduler_job.py:633} INFO - Processing file /home/agalli/sandbox/lib/python3.6/site-packages/airflow/example_dags/example_kubernetes_executor.py for tasks to queue
[2022-02-12 14:30:08,000] {logging_mixin.py:104} INFO - [2022-02-12 14:30:07,999] {dagbag.py:487} INFO - Filling up the DagBag from /home/agalli/sandbox/lib/python3.6/site-packages/airflow/example_dags/example_kubernetes_executor.py
[2022-02-12 14:30:08,096] {scheduler_job.py:643} INFO - DAG(s) dict_keys(['example_kubernetes_executor']) retrieved from /home/agalli/sandbox/lib/python3.6/site-packages/airflow/example_dags/example_kubernetes_executor.py
[2022-02-12 14:30:08,202] {logging_mixin.py:104} INFO - [2022-02-12 14:30:08,202] {dag.py:1832} INFO - Sync 1 DAGs
[2022-02-12 14:30:08,254] {logging_mixin.py:104} INFO - [2022-02-12 14:30:08,253] {dag.py:2305} INFO - Setting next_dagrun for example_kubernetes_executor to None
[2022-02-12 14:30:08,284] {scheduler_job.py:190} INFO - Processing /home/agalli/sandbox/lib/python3.6/site-packages/airflow/example_dags/example_kubernetes_executor.py took 0.318 seconds
[2022-02-12 14:52:17,182] {scheduler_job.py:182} INFO - Started process (PID=14468) to work on /home/agalli/sandbox/lib/python3.6/site-packages/airflow/example_dags/example_kubernetes_executor.py
[2022-02-12 14:52:17,192] {scheduler_job.py:633} INFO - Processing file /home/agalli/sandbox/lib/python3.6/site-packages/airflow/example_dags/example_kubernetes_executor.py for tasks to queue
[2022-02-12 14:52:17,197] {logging_mixin.py:104} INFO - [2022-02-12 14:52:17,196] {dagbag.py:487} INFO - Filling up the DagBag from /home/agalli/sandbox/lib/python3.6/site-packages/airflow/example_dags/example_kubernetes_executor.py
[2022-02-12 14:52:17,283] {scheduler_job.py:643} INFO - DAG(s) dict_keys(['example_kubernetes_executor']) retrieved from /home/agalli/sandbox/lib/python3.6/site-packages/airflow/example_dags/example_kubernetes_executor.py
[2022-02-12 14:52:17,387] {logging_mixin.py:104} INFO - [2022-02-12 14:52:17,387] {dag.py:1832} INFO - Sync 1 DAGs
[2022-02-12 14:52:17,480] {logging_mixin.py:104} INFO - [2022-02-12 14:52:17,480] {dag.py:2305} INFO - Setting next_dagrun for example_kubernetes_executor to None
[2022-02-12 14:52:17,563] {scheduler_job.py:190} INFO - Processing /home/agalli/sandbox/lib/python3.6/site-packages/airflow/example_dags/example_kubernetes_executor.py took 0.406 seconds
[2022-02-12 14:52:48,220] {scheduler_job.py:182} INFO - Started process (PID=14658) to work on /home/agalli/sandbox/lib/python3.6/site-packages/airflow/example_dags/example_kubernetes_executor.py
[2022-02-12 14:52:48,223] {scheduler_job.py:633} INFO - Processing file /home/agalli/sandbox/lib/python3.6/site-packages/airflow/example_dags/example_kubernetes_executor.py for tasks to queue
[2022-02-12 14:52:48,235] {logging_mixin.py:104} INFO - [2022-02-12 14:52:48,235] {dagbag.py:487} INFO - Filling up the DagBag from /home/agalli/sandbox/lib/python3.6/site-packages/airflow/example_dags/example_kubernetes_executor.py
[2022-02-12 14:52:48,325] {scheduler_job.py:643} INFO - DAG(s) dict_keys(['example_kubernetes_executor']) retrieved from /home/agalli/sandbox/lib/python3.6/site-packages/airflow/example_dags/example_kubernetes_executor.py
[2022-02-12 14:52:48,433] {logging_mixin.py:104} INFO - [2022-02-12 14:52:48,433] {dag.py:1832} INFO - Sync 1 DAGs
[2022-02-12 14:52:48,468] {logging_mixin.py:104} INFO - [2022-02-12 14:52:48,468] {dag.py:2305} INFO - Setting next_dagrun for example_kubernetes_executor to None
[2022-02-12 14:52:48,493] {scheduler_job.py:190} INFO - Processing /home/agalli/sandbox/lib/python3.6/site-packages/airflow/example_dags/example_kubernetes_executor.py took 0.306 seconds
[2022-02-12 14:53:18,594] {scheduler_job.py:182} INFO - Started process (PID=14847) to work on /home/agalli/sandbox/lib/python3.6/site-packages/airflow/example_dags/example_kubernetes_executor.py
[2022-02-12 14:53:18,596] {scheduler_job.py:633} INFO - Processing file /home/agalli/sandbox/lib/python3.6/site-packages/airflow/example_dags/example_kubernetes_executor.py for tasks to queue
[2022-02-12 14:53:18,597] {logging_mixin.py:104} INFO - [2022-02-12 14:53:18,597] {dagbag.py:487} INFO - Filling up the DagBag from /home/agalli/sandbox/lib/python3.6/site-packages/airflow/example_dags/example_kubernetes_executor.py
[2022-02-12 14:53:18,614] {scheduler_job.py:643} INFO - DAG(s) dict_keys(['example_kubernetes_executor']) retrieved from /home/agalli/sandbox/lib/python3.6/site-packages/airflow/example_dags/example_kubernetes_executor.py
[2022-02-12 14:53:18,644] {logging_mixin.py:104} INFO - [2022-02-12 14:53:18,644] {dag.py:1832} INFO - Sync 1 DAGs
[2022-02-12 14:53:18,659] {logging_mixin.py:104} INFO - [2022-02-12 14:53:18,659] {dag.py:2305} INFO - Setting next_dagrun for example_kubernetes_executor to None
[2022-02-12 14:53:18,675] {scheduler_job.py:190} INFO - Processing /home/agalli/sandbox/lib/python3.6/site-packages/airflow/example_dags/example_kubernetes_executor.py took 0.085 seconds
[2022-02-12 14:53:49,023] {scheduler_job.py:182} INFO - Started process (PID=15685) to work on /home/agalli/sandbox/lib/python3.6/site-packages/airflow/example_dags/example_kubernetes_executor.py
[2022-02-12 14:53:49,025] {scheduler_job.py:633} INFO - Processing file /home/agalli/sandbox/lib/python3.6/site-packages/airflow/example_dags/example_kubernetes_executor.py for tasks to queue
[2022-02-12 14:53:49,026] {logging_mixin.py:104} INFO - [2022-02-12 14:53:49,025] {dagbag.py:487} INFO - Filling up the DagBag from /home/agalli/sandbox/lib/python3.6/site-packages/airflow/example_dags/example_kubernetes_executor.py
[2022-02-12 14:53:49,039] {scheduler_job.py:643} INFO - DAG(s) dict_keys(['example_kubernetes_executor']) retrieved from /home/agalli/sandbox/lib/python3.6/site-packages/airflow/example_dags/example_kubernetes_executor.py
[2022-02-12 14:53:49,071] {logging_mixin.py:104} INFO - [2022-02-12 14:53:49,070] {dag.py:1832} INFO - Sync 1 DAGs
[2022-02-12 14:53:49,090] {logging_mixin.py:104} INFO - [2022-02-12 14:53:49,090] {dag.py:2305} INFO - Setting next_dagrun for example_kubernetes_executor to None
[2022-02-12 14:53:49,106] {scheduler_job.py:190} INFO - Processing /home/agalli/sandbox/lib/python3.6/site-packages/airflow/example_dags/example_kubernetes_executor.py took 0.087 seconds
[2022-02-12 14:54:19,450] {scheduler_job.py:182} INFO - Started process (PID=15815) to work on /home/agalli/sandbox/lib/python3.6/site-packages/airflow/example_dags/example_kubernetes_executor.py
[2022-02-12 14:54:19,452] {scheduler_job.py:633} INFO - Processing file /home/agalli/sandbox/lib/python3.6/site-packages/airflow/example_dags/example_kubernetes_executor.py for tasks to queue
[2022-02-12 14:54:19,454] {logging_mixin.py:104} INFO - [2022-02-12 14:54:19,453] {dagbag.py:487} INFO - Filling up the DagBag from /home/agalli/sandbox/lib/python3.6/site-packages/airflow/example_dags/example_kubernetes_executor.py
[2022-02-12 14:54:19,489] {scheduler_job.py:643} INFO - DAG(s) dict_keys(['example_kubernetes_executor']) retrieved from /home/agalli/sandbox/lib/python3.6/site-packages/airflow/example_dags/example_kubernetes_executor.py
[2022-02-12 14:54:19,552] {logging_mixin.py:104} INFO - [2022-02-12 14:54:19,552] {dag.py:1832} INFO - Sync 1 DAGs
[2022-02-12 14:54:19,633] {logging_mixin.py:104} INFO - [2022-02-12 14:54:19,633] {dag.py:2305} INFO - Setting next_dagrun for example_kubernetes_executor to None
[2022-02-12 14:54:19,670] {scheduler_job.py:190} INFO - Processing /home/agalli/sandbox/lib/python3.6/site-packages/airflow/example_dags/example_kubernetes_executor.py took 0.233 seconds
[2022-02-12 14:54:50,080] {scheduler_job.py:182} INFO - Started process (PID=15941) to work on /home/agalli/sandbox/lib/python3.6/site-packages/airflow/example_dags/example_kubernetes_executor.py
[2022-02-12 14:54:50,081] {scheduler_job.py:633} INFO - Processing file /home/agalli/sandbox/lib/python3.6/site-packages/airflow/example_dags/example_kubernetes_executor.py for tasks to queue
[2022-02-12 14:54:50,082] {logging_mixin.py:104} INFO - [2022-02-12 14:54:50,081] {dagbag.py:487} INFO - Filling up the DagBag from /home/agalli/sandbox/lib/python3.6/site-packages/airflow/example_dags/example_kubernetes_executor.py
[2022-02-12 14:54:50,095] {scheduler_job.py:643} INFO - DAG(s) dict_keys(['example_kubernetes_executor']) retrieved from /home/agalli/sandbox/lib/python3.6/site-packages/airflow/example_dags/example_kubernetes_executor.py
[2022-02-12 14:54:50,123] {logging_mixin.py:104} INFO - [2022-02-12 14:54:50,123] {dag.py:1832} INFO - Sync 1 DAGs
[2022-02-12 14:54:50,139] {logging_mixin.py:104} INFO - [2022-02-12 14:54:50,138] {dag.py:2305} INFO - Setting next_dagrun for example_kubernetes_executor to None
[2022-02-12 14:54:50,155] {scheduler_job.py:190} INFO - Processing /home/agalli/sandbox/lib/python3.6/site-packages/airflow/example_dags/example_kubernetes_executor.py took 0.078 seconds
[2022-02-12 14:55:21,059] {scheduler_job.py:182} INFO - Started process (PID=16046) to work on /home/agalli/sandbox/lib/python3.6/site-packages/airflow/example_dags/example_kubernetes_executor.py
[2022-02-12 14:55:21,061] {scheduler_job.py:633} INFO - Processing file /home/agalli/sandbox/lib/python3.6/site-packages/airflow/example_dags/example_kubernetes_executor.py for tasks to queue
[2022-02-12 14:55:21,062] {logging_mixin.py:104} INFO - [2022-02-12 14:55:21,062] {dagbag.py:487} INFO - Filling up the DagBag from /home/agalli/sandbox/lib/python3.6/site-packages/airflow/example_dags/example_kubernetes_executor.py
[2022-02-12 14:55:21,074] {scheduler_job.py:643} INFO - DAG(s) dict_keys(['example_kubernetes_executor']) retrieved from /home/agalli/sandbox/lib/python3.6/site-packages/airflow/example_dags/example_kubernetes_executor.py
[2022-02-12 14:55:21,101] {logging_mixin.py:104} INFO - [2022-02-12 14:55:21,101] {dag.py:1832} INFO - Sync 1 DAGs
[2022-02-12 14:55:21,117] {logging_mixin.py:104} INFO - [2022-02-12 14:55:21,117] {dag.py:2305} INFO - Setting next_dagrun for example_kubernetes_executor to None
[2022-02-12 14:55:21,132] {scheduler_job.py:190} INFO - Processing /home/agalli/sandbox/lib/python3.6/site-packages/airflow/example_dags/example_kubernetes_executor.py took 0.076 seconds
[2022-02-12 14:56:39,973] {scheduler_job.py:182} INFO - Started process (PID=16405) to work on /home/agalli/sandbox/lib/python3.6/site-packages/airflow/example_dags/example_kubernetes_executor.py
[2022-02-12 14:56:39,977] {scheduler_job.py:633} INFO - Processing file /home/agalli/sandbox/lib/python3.6/site-packages/airflow/example_dags/example_kubernetes_executor.py for tasks to queue
[2022-02-12 14:56:39,978] {logging_mixin.py:104} INFO - [2022-02-12 14:56:39,978] {dagbag.py:487} INFO - Filling up the DagBag from /home/agalli/sandbox/lib/python3.6/site-packages/airflow/example_dags/example_kubernetes_executor.py
[2022-02-12 14:56:40,043] {scheduler_job.py:643} INFO - DAG(s) dict_keys(['example_kubernetes_executor']) retrieved from /home/agalli/sandbox/lib/python3.6/site-packages/airflow/example_dags/example_kubernetes_executor.py
[2022-02-12 14:56:40,126] {logging_mixin.py:104} INFO - [2022-02-12 14:56:40,126] {dag.py:1832} INFO - Sync 1 DAGs
[2022-02-12 14:56:40,176] {logging_mixin.py:104} INFO - [2022-02-12 14:56:40,175] {dag.py:2305} INFO - Setting next_dagrun for example_kubernetes_executor to None
[2022-02-12 14:56:40,209] {scheduler_job.py:190} INFO - Processing /home/agalli/sandbox/lib/python3.6/site-packages/airflow/example_dags/example_kubernetes_executor.py took 0.253 seconds
[2022-02-12 14:57:10,917] {scheduler_job.py:182} INFO - Started process (PID=16506) to work on /home/agalli/sandbox/lib/python3.6/site-packages/airflow/example_dags/example_kubernetes_executor.py
[2022-02-12 14:57:10,921] {scheduler_job.py:633} INFO - Processing file /home/agalli/sandbox/lib/python3.6/site-packages/airflow/example_dags/example_kubernetes_executor.py for tasks to queue
[2022-02-12 14:57:10,922] {logging_mixin.py:104} INFO - [2022-02-12 14:57:10,922] {dagbag.py:487} INFO - Filling up the DagBag from /home/agalli/sandbox/lib/python3.6/site-packages/airflow/example_dags/example_kubernetes_executor.py
[2022-02-12 14:57:10,959] {scheduler_job.py:643} INFO - DAG(s) dict_keys(['example_kubernetes_executor']) retrieved from /home/agalli/sandbox/lib/python3.6/site-packages/airflow/example_dags/example_kubernetes_executor.py
[2022-02-12 14:57:11,036] {logging_mixin.py:104} INFO - [2022-02-12 14:57:11,035] {dag.py:1832} INFO - Sync 1 DAGs
[2022-02-12 14:57:11,088] {logging_mixin.py:104} INFO - [2022-02-12 14:57:11,087] {dag.py:2305} INFO - Setting next_dagrun for example_kubernetes_executor to None
[2022-02-12 14:57:11,121] {scheduler_job.py:190} INFO - Processing /home/agalli/sandbox/lib/python3.6/site-packages/airflow/example_dags/example_kubernetes_executor.py took 0.213 seconds
[2022-02-12 14:57:41,159] {scheduler_job.py:182} INFO - Started process (PID=16695) to work on /home/agalli/sandbox/lib/python3.6/site-packages/airflow/example_dags/example_kubernetes_executor.py
[2022-02-12 14:57:41,160] {scheduler_job.py:633} INFO - Processing file /home/agalli/sandbox/lib/python3.6/site-packages/airflow/example_dags/example_kubernetes_executor.py for tasks to queue
[2022-02-12 14:57:41,161] {logging_mixin.py:104} INFO - [2022-02-12 14:57:41,160] {dagbag.py:487} INFO - Filling up the DagBag from /home/agalli/sandbox/lib/python3.6/site-packages/airflow/example_dags/example_kubernetes_executor.py
[2022-02-12 14:57:41,176] {scheduler_job.py:643} INFO - DAG(s) dict_keys(['example_kubernetes_executor']) retrieved from /home/agalli/sandbox/lib/python3.6/site-packages/airflow/example_dags/example_kubernetes_executor.py
[2022-02-12 14:57:41,209] {logging_mixin.py:104} INFO - [2022-02-12 14:57:41,209] {dag.py:1832} INFO - Sync 1 DAGs
[2022-02-12 14:57:41,227] {logging_mixin.py:104} INFO - [2022-02-12 14:57:41,227] {dag.py:2305} INFO - Setting next_dagrun for example_kubernetes_executor to None
[2022-02-12 14:57:41,249] {scheduler_job.py:190} INFO - Processing /home/agalli/sandbox/lib/python3.6/site-packages/airflow/example_dags/example_kubernetes_executor.py took 0.094 seconds
[2022-02-12 14:58:12,645] {scheduler_job.py:182} INFO - Started process (PID=16765) to work on /home/agalli/sandbox/lib/python3.6/site-packages/airflow/example_dags/example_kubernetes_executor.py
[2022-02-12 14:58:12,646] {scheduler_job.py:633} INFO - Processing file /home/agalli/sandbox/lib/python3.6/site-packages/airflow/example_dags/example_kubernetes_executor.py for tasks to queue
[2022-02-12 14:58:12,647] {logging_mixin.py:104} INFO - [2022-02-12 14:58:12,647] {dagbag.py:487} INFO - Filling up the DagBag from /home/agalli/sandbox/lib/python3.6/site-packages/airflow/example_dags/example_kubernetes_executor.py
[2022-02-12 14:58:12,664] {scheduler_job.py:643} INFO - DAG(s) dict_keys(['example_kubernetes_executor']) retrieved from /home/agalli/sandbox/lib/python3.6/site-packages/airflow/example_dags/example_kubernetes_executor.py
[2022-02-12 14:58:12,691] {logging_mixin.py:104} INFO - [2022-02-12 14:58:12,691] {dag.py:1832} INFO - Sync 1 DAGs
[2022-02-12 14:58:12,712] {logging_mixin.py:104} INFO - [2022-02-12 14:58:12,712] {dag.py:2305} INFO - Setting next_dagrun for example_kubernetes_executor to None
[2022-02-12 14:58:12,726] {scheduler_job.py:190} INFO - Processing /home/agalli/sandbox/lib/python3.6/site-packages/airflow/example_dags/example_kubernetes_executor.py took 0.086 seconds
[2022-02-12 14:58:43,032] {scheduler_job.py:182} INFO - Started process (PID=16836) to work on /home/agalli/sandbox/lib/python3.6/site-packages/airflow/example_dags/example_kubernetes_executor.py
[2022-02-12 14:58:43,033] {scheduler_job.py:633} INFO - Processing file /home/agalli/sandbox/lib/python3.6/site-packages/airflow/example_dags/example_kubernetes_executor.py for tasks to queue
[2022-02-12 14:58:43,034] {logging_mixin.py:104} INFO - [2022-02-12 14:58:43,034] {dagbag.py:487} INFO - Filling up the DagBag from /home/agalli/sandbox/lib/python3.6/site-packages/airflow/example_dags/example_kubernetes_executor.py
[2022-02-12 14:58:43,052] {scheduler_job.py:643} INFO - DAG(s) dict_keys(['example_kubernetes_executor']) retrieved from /home/agalli/sandbox/lib/python3.6/site-packages/airflow/example_dags/example_kubernetes_executor.py
[2022-02-12 14:58:43,090] {logging_mixin.py:104} INFO - [2022-02-12 14:58:43,090] {dag.py:1832} INFO - Sync 1 DAGs
[2022-02-12 14:58:43,113] {logging_mixin.py:104} INFO - [2022-02-12 14:58:43,113] {dag.py:2305} INFO - Setting next_dagrun for example_kubernetes_executor to None
[2022-02-12 14:58:43,131] {scheduler_job.py:190} INFO - Processing /home/agalli/sandbox/lib/python3.6/site-packages/airflow/example_dags/example_kubernetes_executor.py took 0.104 seconds
[2022-02-12 14:59:14,376] {scheduler_job.py:182} INFO - Started process (PID=16906) to work on /home/agalli/sandbox/lib/python3.6/site-packages/airflow/example_dags/example_kubernetes_executor.py
[2022-02-12 14:59:14,378] {scheduler_job.py:633} INFO - Processing file /home/agalli/sandbox/lib/python3.6/site-packages/airflow/example_dags/example_kubernetes_executor.py for tasks to queue
[2022-02-12 14:59:14,379] {logging_mixin.py:104} INFO - [2022-02-12 14:59:14,379] {dagbag.py:487} INFO - Filling up the DagBag from /home/agalli/sandbox/lib/python3.6/site-packages/airflow/example_dags/example_kubernetes_executor.py
[2022-02-12 14:59:14,401] {scheduler_job.py:643} INFO - DAG(s) dict_keys(['example_kubernetes_executor']) retrieved from /home/agalli/sandbox/lib/python3.6/site-packages/airflow/example_dags/example_kubernetes_executor.py
[2022-02-12 14:59:14,444] {logging_mixin.py:104} INFO - [2022-02-12 14:59:14,443] {dag.py:1832} INFO - Sync 1 DAGs
[2022-02-12 14:59:14,471] {logging_mixin.py:104} INFO - [2022-02-12 14:59:14,470] {dag.py:2305} INFO - Setting next_dagrun for example_kubernetes_executor to None
[2022-02-12 14:59:14,488] {scheduler_job.py:190} INFO - Processing /home/agalli/sandbox/lib/python3.6/site-packages/airflow/example_dags/example_kubernetes_executor.py took 0.118 seconds
[2022-02-12 14:59:44,574] {scheduler_job.py:182} INFO - Started process (PID=16976) to work on /home/agalli/sandbox/lib/python3.6/site-packages/airflow/example_dags/example_kubernetes_executor.py
[2022-02-12 14:59:44,576] {scheduler_job.py:633} INFO - Processing file /home/agalli/sandbox/lib/python3.6/site-packages/airflow/example_dags/example_kubernetes_executor.py for tasks to queue
[2022-02-12 14:59:44,577] {logging_mixin.py:104} INFO - [2022-02-12 14:59:44,577] {dagbag.py:487} INFO - Filling up the DagBag from /home/agalli/sandbox/lib/python3.6/site-packages/airflow/example_dags/example_kubernetes_executor.py
[2022-02-12 14:59:44,612] {scheduler_job.py:643} INFO - DAG(s) dict_keys(['example_kubernetes_executor']) retrieved from /home/agalli/sandbox/lib/python3.6/site-packages/airflow/example_dags/example_kubernetes_executor.py
[2022-02-12 14:59:44,707] {logging_mixin.py:104} INFO - [2022-02-12 14:59:44,707] {dag.py:1832} INFO - Sync 1 DAGs
[2022-02-12 14:59:44,748] {logging_mixin.py:104} INFO - [2022-02-12 14:59:44,748] {dag.py:2305} INFO - Setting next_dagrun for example_kubernetes_executor to None
[2022-02-12 14:59:44,767] {scheduler_job.py:190} INFO - Processing /home/agalli/sandbox/lib/python3.6/site-packages/airflow/example_dags/example_kubernetes_executor.py took 0.199 seconds
[2022-02-12 15:00:16,060] {scheduler_job.py:182} INFO - Started process (PID=17046) to work on /home/agalli/sandbox/lib/python3.6/site-packages/airflow/example_dags/example_kubernetes_executor.py
[2022-02-12 15:00:16,063] {scheduler_job.py:633} INFO - Processing file /home/agalli/sandbox/lib/python3.6/site-packages/airflow/example_dags/example_kubernetes_executor.py for tasks to queue
[2022-02-12 15:00:16,064] {logging_mixin.py:104} INFO - [2022-02-12 15:00:16,064] {dagbag.py:487} INFO - Filling up the DagBag from /home/agalli/sandbox/lib/python3.6/site-packages/airflow/example_dags/example_kubernetes_executor.py
[2022-02-12 15:00:16,083] {scheduler_job.py:643} INFO - DAG(s) dict_keys(['example_kubernetes_executor']) retrieved from /home/agalli/sandbox/lib/python3.6/site-packages/airflow/example_dags/example_kubernetes_executor.py
[2022-02-12 15:00:16,127] {logging_mixin.py:104} INFO - [2022-02-12 15:00:16,127] {dag.py:1832} INFO - Sync 1 DAGs
[2022-02-12 15:00:16,155] {logging_mixin.py:104} INFO - [2022-02-12 15:00:16,154] {dag.py:2305} INFO - Setting next_dagrun for example_kubernetes_executor to None
[2022-02-12 15:00:16,172] {scheduler_job.py:190} INFO - Processing /home/agalli/sandbox/lib/python3.6/site-packages/airflow/example_dags/example_kubernetes_executor.py took 0.116 seconds
[2022-02-12 15:00:44,230] {scheduler_job.py:182} INFO - Started process (PID=17700) to work on /home/agalli/sandbox/lib/python3.6/site-packages/airflow/example_dags/example_kubernetes_executor.py
[2022-02-12 15:00:44,245] {scheduler_job.py:633} INFO - Processing file /home/agalli/sandbox/lib/python3.6/site-packages/airflow/example_dags/example_kubernetes_executor.py for tasks to queue
[2022-02-12 15:00:44,247] {logging_mixin.py:104} INFO - [2022-02-12 15:00:44,246] {dagbag.py:487} INFO - Filling up the DagBag from /home/agalli/sandbox/lib/python3.6/site-packages/airflow/example_dags/example_kubernetes_executor.py
[2022-02-12 15:00:44,419] {scheduler_job.py:643} INFO - DAG(s) dict_keys(['example_kubernetes_executor']) retrieved from /home/agalli/sandbox/lib/python3.6/site-packages/airflow/example_dags/example_kubernetes_executor.py
[2022-02-12 15:00:44,701] {logging_mixin.py:104} INFO - [2022-02-12 15:00:44,700] {dag.py:1832} INFO - Sync 1 DAGs
[2022-02-12 15:00:44,822] {logging_mixin.py:104} INFO - [2022-02-12 15:00:44,821] {dag.py:2305} INFO - Setting next_dagrun for example_kubernetes_executor to None
[2022-02-12 15:00:45,041] {scheduler_job.py:190} INFO - Processing /home/agalli/sandbox/lib/python3.6/site-packages/airflow/example_dags/example_kubernetes_executor.py took 0.860 seconds
[2022-02-12 15:01:15,542] {scheduler_job.py:182} INFO - Started process (PID=17964) to work on /home/agalli/sandbox/lib/python3.6/site-packages/airflow/example_dags/example_kubernetes_executor.py
[2022-02-12 15:01:15,543] {scheduler_job.py:633} INFO - Processing file /home/agalli/sandbox/lib/python3.6/site-packages/airflow/example_dags/example_kubernetes_executor.py for tasks to queue
[2022-02-12 15:01:15,544] {logging_mixin.py:104} INFO - [2022-02-12 15:01:15,544] {dagbag.py:487} INFO - Filling up the DagBag from /home/agalli/sandbox/lib/python3.6/site-packages/airflow/example_dags/example_kubernetes_executor.py
[2022-02-12 15:01:15,562] {scheduler_job.py:643} INFO - DAG(s) dict_keys(['example_kubernetes_executor']) retrieved from /home/agalli/sandbox/lib/python3.6/site-packages/airflow/example_dags/example_kubernetes_executor.py
[2022-02-12 15:01:15,592] {logging_mixin.py:104} INFO - [2022-02-12 15:01:15,592] {dag.py:1832} INFO - Sync 1 DAGs
[2022-02-12 15:01:15,610] {logging_mixin.py:104} INFO - [2022-02-12 15:01:15,610] {dag.py:2305} INFO - Setting next_dagrun for example_kubernetes_executor to None
[2022-02-12 15:01:15,624] {scheduler_job.py:190} INFO - Processing /home/agalli/sandbox/lib/python3.6/site-packages/airflow/example_dags/example_kubernetes_executor.py took 0.086 seconds
[2022-02-12 15:01:46,105] {scheduler_job.py:182} INFO - Started process (PID=18166) to work on /home/agalli/sandbox/lib/python3.6/site-packages/airflow/example_dags/example_kubernetes_executor.py
[2022-02-12 15:01:46,106] {scheduler_job.py:633} INFO - Processing file /home/agalli/sandbox/lib/python3.6/site-packages/airflow/example_dags/example_kubernetes_executor.py for tasks to queue
[2022-02-12 15:01:46,107] {logging_mixin.py:104} INFO - [2022-02-12 15:01:46,107] {dagbag.py:487} INFO - Filling up the DagBag from /home/agalli/sandbox/lib/python3.6/site-packages/airflow/example_dags/example_kubernetes_executor.py
[2022-02-12 15:01:46,125] {scheduler_job.py:643} INFO - DAG(s) dict_keys(['example_kubernetes_executor']) retrieved from /home/agalli/sandbox/lib/python3.6/site-packages/airflow/example_dags/example_kubernetes_executor.py
[2022-02-12 15:01:46,162] {logging_mixin.py:104} INFO - [2022-02-12 15:01:46,162] {dag.py:1832} INFO - Sync 1 DAGs
[2022-02-12 15:01:46,185] {logging_mixin.py:104} INFO - [2022-02-12 15:01:46,185] {dag.py:2305} INFO - Setting next_dagrun for example_kubernetes_executor to None
[2022-02-12 15:01:46,203] {scheduler_job.py:190} INFO - Processing /home/agalli/sandbox/lib/python3.6/site-packages/airflow/example_dags/example_kubernetes_executor.py took 0.102 seconds
[2022-02-12 15:02:16,685] {scheduler_job.py:182} INFO - Started process (PID=18489) to work on /home/agalli/sandbox/lib/python3.6/site-packages/airflow/example_dags/example_kubernetes_executor.py
[2022-02-12 15:02:16,687] {scheduler_job.py:633} INFO - Processing file /home/agalli/sandbox/lib/python3.6/site-packages/airflow/example_dags/example_kubernetes_executor.py for tasks to queue
[2022-02-12 15:02:16,689] {logging_mixin.py:104} INFO - [2022-02-12 15:02:16,689] {dagbag.py:487} INFO - Filling up the DagBag from /home/agalli/sandbox/lib/python3.6/site-packages/airflow/example_dags/example_kubernetes_executor.py
[2022-02-12 15:02:16,778] {scheduler_job.py:643} INFO - DAG(s) dict_keys(['example_kubernetes_executor']) retrieved from /home/agalli/sandbox/lib/python3.6/site-packages/airflow/example_dags/example_kubernetes_executor.py
[2022-02-12 15:02:16,995] {logging_mixin.py:104} INFO - [2022-02-12 15:02:16,994] {dag.py:1832} INFO - Sync 1 DAGs
[2022-02-12 15:02:17,102] {logging_mixin.py:104} INFO - [2022-02-12 15:02:17,102] {dag.py:2305} INFO - Setting next_dagrun for example_kubernetes_executor to None
[2022-02-12 15:02:17,217] {scheduler_job.py:190} INFO - Processing /home/agalli/sandbox/lib/python3.6/site-packages/airflow/example_dags/example_kubernetes_executor.py took 0.552 seconds
[2022-02-12 15:02:48,068] {scheduler_job.py:182} INFO - Started process (PID=18960) to work on /home/agalli/sandbox/lib/python3.6/site-packages/airflow/example_dags/example_kubernetes_executor.py
[2022-02-12 15:02:48,070] {scheduler_job.py:633} INFO - Processing file /home/agalli/sandbox/lib/python3.6/site-packages/airflow/example_dags/example_kubernetes_executor.py for tasks to queue
[2022-02-12 15:02:48,071] {logging_mixin.py:104} INFO - [2022-02-12 15:02:48,071] {dagbag.py:487} INFO - Filling up the DagBag from /home/agalli/sandbox/lib/python3.6/site-packages/airflow/example_dags/example_kubernetes_executor.py
[2022-02-12 15:02:48,096] {scheduler_job.py:643} INFO - DAG(s) dict_keys(['example_kubernetes_executor']) retrieved from /home/agalli/sandbox/lib/python3.6/site-packages/airflow/example_dags/example_kubernetes_executor.py
[2022-02-12 15:02:48,139] {logging_mixin.py:104} INFO - [2022-02-12 15:02:48,139] {dag.py:1832} INFO - Sync 1 DAGs
[2022-02-12 15:02:48,175] {logging_mixin.py:104} INFO - [2022-02-12 15:02:48,175] {dag.py:2305} INFO - Setting next_dagrun for example_kubernetes_executor to None
[2022-02-12 15:02:48,204] {scheduler_job.py:190} INFO - Processing /home/agalli/sandbox/lib/python3.6/site-packages/airflow/example_dags/example_kubernetes_executor.py took 0.145 seconds
[2022-02-12 15:03:18,536] {scheduler_job.py:182} INFO - Started process (PID=19313) to work on /home/agalli/sandbox/lib/python3.6/site-packages/airflow/example_dags/example_kubernetes_executor.py
[2022-02-12 15:03:18,540] {scheduler_job.py:633} INFO - Processing file /home/agalli/sandbox/lib/python3.6/site-packages/airflow/example_dags/example_kubernetes_executor.py for tasks to queue
[2022-02-12 15:03:18,541] {logging_mixin.py:104} INFO - [2022-02-12 15:03:18,541] {dagbag.py:487} INFO - Filling up the DagBag from /home/agalli/sandbox/lib/python3.6/site-packages/airflow/example_dags/example_kubernetes_executor.py
[2022-02-12 15:03:18,582] {scheduler_job.py:643} INFO - DAG(s) dict_keys(['example_kubernetes_executor']) retrieved from /home/agalli/sandbox/lib/python3.6/site-packages/airflow/example_dags/example_kubernetes_executor.py
[2022-02-12 15:03:18,641] {logging_mixin.py:104} INFO - [2022-02-12 15:03:18,641] {dag.py:1832} INFO - Sync 1 DAGs
[2022-02-12 15:03:18,668] {logging_mixin.py:104} INFO - [2022-02-12 15:03:18,668] {dag.py:2305} INFO - Setting next_dagrun for example_kubernetes_executor to None
[2022-02-12 15:03:18,694] {scheduler_job.py:190} INFO - Processing /home/agalli/sandbox/lib/python3.6/site-packages/airflow/example_dags/example_kubernetes_executor.py took 0.168 seconds
[2022-02-12 15:03:49,039] {scheduler_job.py:182} INFO - Started process (PID=19515) to work on /home/agalli/sandbox/lib/python3.6/site-packages/airflow/example_dags/example_kubernetes_executor.py
[2022-02-12 15:03:49,042] {scheduler_job.py:633} INFO - Processing file /home/agalli/sandbox/lib/python3.6/site-packages/airflow/example_dags/example_kubernetes_executor.py for tasks to queue
[2022-02-12 15:03:49,044] {logging_mixin.py:104} INFO - [2022-02-12 15:03:49,044] {dagbag.py:487} INFO - Filling up the DagBag from /home/agalli/sandbox/lib/python3.6/site-packages/airflow/example_dags/example_kubernetes_executor.py
[2022-02-12 15:03:49,086] {scheduler_job.py:643} INFO - DAG(s) dict_keys(['example_kubernetes_executor']) retrieved from /home/agalli/sandbox/lib/python3.6/site-packages/airflow/example_dags/example_kubernetes_executor.py
[2022-02-12 15:03:49,207] {logging_mixin.py:104} INFO - [2022-02-12 15:03:49,206] {dag.py:1832} INFO - Sync 1 DAGs
[2022-02-12 15:03:49,355] {logging_mixin.py:104} INFO - [2022-02-12 15:03:49,354] {dag.py:2305} INFO - Setting next_dagrun for example_kubernetes_executor to None
[2022-02-12 15:03:49,433] {scheduler_job.py:190} INFO - Processing /home/agalli/sandbox/lib/python3.6/site-packages/airflow/example_dags/example_kubernetes_executor.py took 0.404 seconds
[2022-02-12 15:04:19,508] {scheduler_job.py:182} INFO - Started process (PID=19714) to work on /home/agalli/sandbox/lib/python3.6/site-packages/airflow/example_dags/example_kubernetes_executor.py
[2022-02-12 15:04:19,509] {scheduler_job.py:633} INFO - Processing file /home/agalli/sandbox/lib/python3.6/site-packages/airflow/example_dags/example_kubernetes_executor.py for tasks to queue
[2022-02-12 15:04:19,510] {logging_mixin.py:104} INFO - [2022-02-12 15:04:19,510] {dagbag.py:487} INFO - Filling up the DagBag from /home/agalli/sandbox/lib/python3.6/site-packages/airflow/example_dags/example_kubernetes_executor.py
[2022-02-12 15:04:19,524] {scheduler_job.py:643} INFO - DAG(s) dict_keys(['example_kubernetes_executor']) retrieved from /home/agalli/sandbox/lib/python3.6/site-packages/airflow/example_dags/example_kubernetes_executor.py
[2022-02-12 15:04:19,559] {logging_mixin.py:104} INFO - [2022-02-12 15:04:19,559] {dag.py:1832} INFO - Sync 1 DAGs
[2022-02-12 15:04:19,574] {logging_mixin.py:104} INFO - [2022-02-12 15:04:19,574] {dag.py:2305} INFO - Setting next_dagrun for example_kubernetes_executor to None
[2022-02-12 15:04:19,587] {scheduler_job.py:190} INFO - Processing /home/agalli/sandbox/lib/python3.6/site-packages/airflow/example_dags/example_kubernetes_executor.py took 0.083 seconds
[2022-02-12 15:04:50,518] {scheduler_job.py:182} INFO - Started process (PID=19916) to work on /home/agalli/sandbox/lib/python3.6/site-packages/airflow/example_dags/example_kubernetes_executor.py
[2022-02-12 15:04:50,519] {scheduler_job.py:633} INFO - Processing file /home/agalli/sandbox/lib/python3.6/site-packages/airflow/example_dags/example_kubernetes_executor.py for tasks to queue
[2022-02-12 15:04:50,520] {logging_mixin.py:104} INFO - [2022-02-12 15:04:50,520] {dagbag.py:487} INFO - Filling up the DagBag from /home/agalli/sandbox/lib/python3.6/site-packages/airflow/example_dags/example_kubernetes_executor.py
[2022-02-12 15:04:50,535] {scheduler_job.py:643} INFO - DAG(s) dict_keys(['example_kubernetes_executor']) retrieved from /home/agalli/sandbox/lib/python3.6/site-packages/airflow/example_dags/example_kubernetes_executor.py
[2022-02-12 15:04:50,567] {logging_mixin.py:104} INFO - [2022-02-12 15:04:50,567] {dag.py:1832} INFO - Sync 1 DAGs
[2022-02-12 15:04:50,587] {logging_mixin.py:104} INFO - [2022-02-12 15:04:50,587] {dag.py:2305} INFO - Setting next_dagrun for example_kubernetes_executor to None
[2022-02-12 15:04:50,617] {scheduler_job.py:190} INFO - Processing /home/agalli/sandbox/lib/python3.6/site-packages/airflow/example_dags/example_kubernetes_executor.py took 0.103 seconds
[2022-02-12 15:05:21,476] {scheduler_job.py:182} INFO - Started process (PID=20120) to work on /home/agalli/sandbox/lib/python3.6/site-packages/airflow/example_dags/example_kubernetes_executor.py
[2022-02-12 15:05:21,477] {scheduler_job.py:633} INFO - Processing file /home/agalli/sandbox/lib/python3.6/site-packages/airflow/example_dags/example_kubernetes_executor.py for tasks to queue
[2022-02-12 15:05:21,479] {logging_mixin.py:104} INFO - [2022-02-12 15:05:21,478] {dagbag.py:487} INFO - Filling up the DagBag from /home/agalli/sandbox/lib/python3.6/site-packages/airflow/example_dags/example_kubernetes_executor.py
[2022-02-12 15:05:21,505] {scheduler_job.py:643} INFO - DAG(s) dict_keys(['example_kubernetes_executor']) retrieved from /home/agalli/sandbox/lib/python3.6/site-packages/airflow/example_dags/example_kubernetes_executor.py
[2022-02-12 15:05:21,546] {logging_mixin.py:104} INFO - [2022-02-12 15:05:21,546] {dag.py:1832} INFO - Sync 1 DAGs
[2022-02-12 15:05:21,572] {logging_mixin.py:104} INFO - [2022-02-12 15:05:21,572] {dag.py:2305} INFO - Setting next_dagrun for example_kubernetes_executor to None
[2022-02-12 15:05:21,590] {scheduler_job.py:190} INFO - Processing /home/agalli/sandbox/lib/python3.6/site-packages/airflow/example_dags/example_kubernetes_executor.py took 0.118 seconds
[2022-02-12 15:05:52,229] {scheduler_job.py:182} INFO - Started process (PID=20442) to work on /home/agalli/sandbox/lib/python3.6/site-packages/airflow/example_dags/example_kubernetes_executor.py
[2022-02-12 15:05:52,230] {scheduler_job.py:633} INFO - Processing file /home/agalli/sandbox/lib/python3.6/site-packages/airflow/example_dags/example_kubernetes_executor.py for tasks to queue
[2022-02-12 15:05:52,231] {logging_mixin.py:104} INFO - [2022-02-12 15:05:52,231] {dagbag.py:487} INFO - Filling up the DagBag from /home/agalli/sandbox/lib/python3.6/site-packages/airflow/example_dags/example_kubernetes_executor.py
[2022-02-12 15:05:52,247] {scheduler_job.py:643} INFO - DAG(s) dict_keys(['example_kubernetes_executor']) retrieved from /home/agalli/sandbox/lib/python3.6/site-packages/airflow/example_dags/example_kubernetes_executor.py
[2022-02-12 15:05:52,281] {logging_mixin.py:104} INFO - [2022-02-12 15:05:52,280] {dag.py:1832} INFO - Sync 1 DAGs
[2022-02-12 15:05:52,304] {logging_mixin.py:104} INFO - [2022-02-12 15:05:52,304] {dag.py:2305} INFO - Setting next_dagrun for example_kubernetes_executor to None
[2022-02-12 15:05:52,324] {scheduler_job.py:190} INFO - Processing /home/agalli/sandbox/lib/python3.6/site-packages/airflow/example_dags/example_kubernetes_executor.py took 0.099 seconds
[2022-02-12 15:06:22,976] {scheduler_job.py:182} INFO - Started process (PID=20645) to work on /home/agalli/sandbox/lib/python3.6/site-packages/airflow/example_dags/example_kubernetes_executor.py
[2022-02-12 15:06:22,978] {scheduler_job.py:633} INFO - Processing file /home/agalli/sandbox/lib/python3.6/site-packages/airflow/example_dags/example_kubernetes_executor.py for tasks to queue
[2022-02-12 15:06:22,979] {logging_mixin.py:104} INFO - [2022-02-12 15:06:22,979] {dagbag.py:487} INFO - Filling up the DagBag from /home/agalli/sandbox/lib/python3.6/site-packages/airflow/example_dags/example_kubernetes_executor.py
[2022-02-12 15:06:23,006] {scheduler_job.py:643} INFO - DAG(s) dict_keys(['example_kubernetes_executor']) retrieved from /home/agalli/sandbox/lib/python3.6/site-packages/airflow/example_dags/example_kubernetes_executor.py
[2022-02-12 15:06:23,043] {logging_mixin.py:104} INFO - [2022-02-12 15:06:23,043] {dag.py:1832} INFO - Sync 1 DAGs
[2022-02-12 15:06:23,074] {logging_mixin.py:104} INFO - [2022-02-12 15:06:23,073] {dag.py:2305} INFO - Setting next_dagrun for example_kubernetes_executor to None
[2022-02-12 15:06:23,093] {scheduler_job.py:190} INFO - Processing /home/agalli/sandbox/lib/python3.6/site-packages/airflow/example_dags/example_kubernetes_executor.py took 0.125 seconds
[2022-02-12 15:06:53,362] {scheduler_job.py:182} INFO - Started process (PID=20841) to work on /home/agalli/sandbox/lib/python3.6/site-packages/airflow/example_dags/example_kubernetes_executor.py
[2022-02-12 15:06:53,364] {scheduler_job.py:633} INFO - Processing file /home/agalli/sandbox/lib/python3.6/site-packages/airflow/example_dags/example_kubernetes_executor.py for tasks to queue
[2022-02-12 15:06:53,365] {logging_mixin.py:104} INFO - [2022-02-12 15:06:53,365] {dagbag.py:487} INFO - Filling up the DagBag from /home/agalli/sandbox/lib/python3.6/site-packages/airflow/example_dags/example_kubernetes_executor.py
[2022-02-12 15:06:53,387] {scheduler_job.py:643} INFO - DAG(s) dict_keys(['example_kubernetes_executor']) retrieved from /home/agalli/sandbox/lib/python3.6/site-packages/airflow/example_dags/example_kubernetes_executor.py
[2022-02-12 15:06:53,484] {logging_mixin.py:104} INFO - [2022-02-12 15:06:53,484] {dag.py:1832} INFO - Sync 1 DAGs
[2022-02-12 15:06:53,552] {logging_mixin.py:104} INFO - [2022-02-12 15:06:53,549] {dag.py:2305} INFO - Setting next_dagrun for example_kubernetes_executor to None
[2022-02-12 15:06:53,586] {scheduler_job.py:190} INFO - Processing /home/agalli/sandbox/lib/python3.6/site-packages/airflow/example_dags/example_kubernetes_executor.py took 0.232 seconds
[2022-02-12 15:07:24,031] {scheduler_job.py:182} INFO - Started process (PID=21040) to work on /home/agalli/sandbox/lib/python3.6/site-packages/airflow/example_dags/example_kubernetes_executor.py
[2022-02-12 15:07:24,033] {scheduler_job.py:633} INFO - Processing file /home/agalli/sandbox/lib/python3.6/site-packages/airflow/example_dags/example_kubernetes_executor.py for tasks to queue
[2022-02-12 15:07:24,034] {logging_mixin.py:104} INFO - [2022-02-12 15:07:24,033] {dagbag.py:487} INFO - Filling up the DagBag from /home/agalli/sandbox/lib/python3.6/site-packages/airflow/example_dags/example_kubernetes_executor.py
[2022-02-12 15:07:24,057] {scheduler_job.py:643} INFO - DAG(s) dict_keys(['example_kubernetes_executor']) retrieved from /home/agalli/sandbox/lib/python3.6/site-packages/airflow/example_dags/example_kubernetes_executor.py
[2022-02-12 15:07:24,112] {logging_mixin.py:104} INFO - [2022-02-12 15:07:24,112] {dag.py:1832} INFO - Sync 1 DAGs
[2022-02-12 15:07:24,140] {logging_mixin.py:104} INFO - [2022-02-12 15:07:24,140] {dag.py:2305} INFO - Setting next_dagrun for example_kubernetes_executor to None
[2022-02-12 15:07:24,162] {scheduler_job.py:190} INFO - Processing /home/agalli/sandbox/lib/python3.6/site-packages/airflow/example_dags/example_kubernetes_executor.py took 0.137 seconds
[2022-02-12 15:07:54,386] {scheduler_job.py:182} INFO - Started process (PID=21242) to work on /home/agalli/sandbox/lib/python3.6/site-packages/airflow/example_dags/example_kubernetes_executor.py
[2022-02-12 15:07:54,390] {scheduler_job.py:633} INFO - Processing file /home/agalli/sandbox/lib/python3.6/site-packages/airflow/example_dags/example_kubernetes_executor.py for tasks to queue
[2022-02-12 15:07:54,391] {logging_mixin.py:104} INFO - [2022-02-12 15:07:54,391] {dagbag.py:487} INFO - Filling up the DagBag from /home/agalli/sandbox/lib/python3.6/site-packages/airflow/example_dags/example_kubernetes_executor.py
[2022-02-12 15:07:54,410] {scheduler_job.py:643} INFO - DAG(s) dict_keys(['example_kubernetes_executor']) retrieved from /home/agalli/sandbox/lib/python3.6/site-packages/airflow/example_dags/example_kubernetes_executor.py
[2022-02-12 15:07:54,443] {logging_mixin.py:104} INFO - [2022-02-12 15:07:54,443] {dag.py:1832} INFO - Sync 1 DAGs
[2022-02-12 15:07:54,459] {logging_mixin.py:104} INFO - [2022-02-12 15:07:54,459] {dag.py:2305} INFO - Setting next_dagrun for example_kubernetes_executor to None
[2022-02-12 15:07:54,470] {scheduler_job.py:190} INFO - Processing /home/agalli/sandbox/lib/python3.6/site-packages/airflow/example_dags/example_kubernetes_executor.py took 0.092 seconds
[2022-02-12 15:08:25,219] {scheduler_job.py:182} INFO - Started process (PID=21447) to work on /home/agalli/sandbox/lib/python3.6/site-packages/airflow/example_dags/example_kubernetes_executor.py
[2022-02-12 15:08:25,220] {scheduler_job.py:633} INFO - Processing file /home/agalli/sandbox/lib/python3.6/site-packages/airflow/example_dags/example_kubernetes_executor.py for tasks to queue
[2022-02-12 15:08:25,221] {logging_mixin.py:104} INFO - [2022-02-12 15:08:25,221] {dagbag.py:487} INFO - Filling up the DagBag from /home/agalli/sandbox/lib/python3.6/site-packages/airflow/example_dags/example_kubernetes_executor.py
[2022-02-12 15:08:25,245] {scheduler_job.py:643} INFO - DAG(s) dict_keys(['example_kubernetes_executor']) retrieved from /home/agalli/sandbox/lib/python3.6/site-packages/airflow/example_dags/example_kubernetes_executor.py
[2022-02-12 15:08:25,292] {logging_mixin.py:104} INFO - [2022-02-12 15:08:25,291] {dag.py:1832} INFO - Sync 1 DAGs
[2022-02-12 15:08:25,325] {logging_mixin.py:104} INFO - [2022-02-12 15:08:25,324] {dag.py:2305} INFO - Setting next_dagrun for example_kubernetes_executor to None
[2022-02-12 15:08:25,353] {scheduler_job.py:190} INFO - Processing /home/agalli/sandbox/lib/python3.6/site-packages/airflow/example_dags/example_kubernetes_executor.py took 0.140 seconds
