[2022-02-12 13:57:28,027] {scheduler_job.py:182} INFO - Started process (PID=1865) to work on /home/agalli/sandbox/lib/python3.6/site-packages/airflow/example_dags/example_dag_decorator.py
[2022-02-12 13:57:28,029] {scheduler_job.py:633} INFO - Processing file /home/agalli/sandbox/lib/python3.6/site-packages/airflow/example_dags/example_dag_decorator.py for tasks to queue
[2022-02-12 13:57:28,030] {logging_mixin.py:104} INFO - [2022-02-12 13:57:28,030] {dagbag.py:487} INFO - Filling up the DagBag from /home/agalli/sandbox/lib/python3.6/site-packages/airflow/example_dags/example_dag_decorator.py
[2022-02-12 13:57:28,066] {scheduler_job.py:643} INFO - DAG(s) dict_keys(['example_dag_decorator']) retrieved from /home/agalli/sandbox/lib/python3.6/site-packages/airflow/example_dags/example_dag_decorator.py
[2022-02-12 13:57:29,570] {logging_mixin.py:104} INFO - [2022-02-12 13:57:29,569] {dag.py:1832} INFO - Sync 1 DAGs
[2022-02-12 13:57:29,718] {logging_mixin.py:104} INFO - [2022-02-12 13:57:29,717] {dag.py:2305} INFO - Setting next_dagrun for example_dag_decorator to None
[2022-02-12 13:57:29,859] {scheduler_job.py:190} INFO - Processing /home/agalli/sandbox/lib/python3.6/site-packages/airflow/example_dags/example_dag_decorator.py took 1.836 seconds
[2022-02-12 13:58:00,426] {scheduler_job.py:182} INFO - Started process (PID=2282) to work on /home/agalli/sandbox/lib/python3.6/site-packages/airflow/example_dags/example_dag_decorator.py
[2022-02-12 13:58:00,428] {scheduler_job.py:633} INFO - Processing file /home/agalli/sandbox/lib/python3.6/site-packages/airflow/example_dags/example_dag_decorator.py for tasks to queue
[2022-02-12 13:58:00,430] {logging_mixin.py:104} INFO - [2022-02-12 13:58:00,429] {dagbag.py:487} INFO - Filling up the DagBag from /home/agalli/sandbox/lib/python3.6/site-packages/airflow/example_dags/example_dag_decorator.py
[2022-02-12 13:58:00,556] {scheduler_job.py:643} INFO - DAG(s) dict_keys(['example_dag_decorator']) retrieved from /home/agalli/sandbox/lib/python3.6/site-packages/airflow/example_dags/example_dag_decorator.py
[2022-02-12 13:58:01,265] {logging_mixin.py:104} INFO - [2022-02-12 13:58:01,263] {dag.py:1832} INFO - Sync 1 DAGs
[2022-02-12 13:58:01,292] {logging_mixin.py:104} INFO - [2022-02-12 13:58:01,292] {dag.py:2305} INFO - Setting next_dagrun for example_dag_decorator to None
[2022-02-12 13:58:01,312] {scheduler_job.py:190} INFO - Processing /home/agalli/sandbox/lib/python3.6/site-packages/airflow/example_dags/example_dag_decorator.py took 0.900 seconds
[2022-02-12 13:58:31,932] {scheduler_job.py:182} INFO - Started process (PID=2494) to work on /home/agalli/sandbox/lib/python3.6/site-packages/airflow/example_dags/example_dag_decorator.py
[2022-02-12 13:58:31,934] {scheduler_job.py:633} INFO - Processing file /home/agalli/sandbox/lib/python3.6/site-packages/airflow/example_dags/example_dag_decorator.py for tasks to queue
[2022-02-12 13:58:31,936] {logging_mixin.py:104} INFO - [2022-02-12 13:58:31,936] {dagbag.py:487} INFO - Filling up the DagBag from /home/agalli/sandbox/lib/python3.6/site-packages/airflow/example_dags/example_dag_decorator.py
[2022-02-12 13:58:32,015] {scheduler_job.py:643} INFO - DAG(s) dict_keys(['example_dag_decorator']) retrieved from /home/agalli/sandbox/lib/python3.6/site-packages/airflow/example_dags/example_dag_decorator.py
[2022-02-12 13:58:32,782] {logging_mixin.py:104} INFO - [2022-02-12 13:58:32,782] {dag.py:1832} INFO - Sync 1 DAGs
[2022-02-12 13:58:32,810] {logging_mixin.py:104} INFO - [2022-02-12 13:58:32,809] {dag.py:2305} INFO - Setting next_dagrun for example_dag_decorator to None
[2022-02-12 13:58:32,832] {scheduler_job.py:190} INFO - Processing /home/agalli/sandbox/lib/python3.6/site-packages/airflow/example_dags/example_dag_decorator.py took 0.906 seconds
[2022-02-12 13:59:02,930] {scheduler_job.py:182} INFO - Started process (PID=2717) to work on /home/agalli/sandbox/lib/python3.6/site-packages/airflow/example_dags/example_dag_decorator.py
[2022-02-12 13:59:02,931] {scheduler_job.py:633} INFO - Processing file /home/agalli/sandbox/lib/python3.6/site-packages/airflow/example_dags/example_dag_decorator.py for tasks to queue
[2022-02-12 13:59:02,932] {logging_mixin.py:104} INFO - [2022-02-12 13:59:02,932] {dagbag.py:487} INFO - Filling up the DagBag from /home/agalli/sandbox/lib/python3.6/site-packages/airflow/example_dags/example_dag_decorator.py
[2022-02-12 13:59:02,956] {scheduler_job.py:643} INFO - DAG(s) dict_keys(['example_dag_decorator']) retrieved from /home/agalli/sandbox/lib/python3.6/site-packages/airflow/example_dags/example_dag_decorator.py
[2022-02-12 13:59:03,251] {logging_mixin.py:104} INFO - [2022-02-12 13:59:03,251] {dag.py:1832} INFO - Sync 1 DAGs
[2022-02-12 13:59:03,270] {logging_mixin.py:104} INFO - [2022-02-12 13:59:03,270] {dag.py:2305} INFO - Setting next_dagrun for example_dag_decorator to None
[2022-02-12 13:59:03,290] {scheduler_job.py:190} INFO - Processing /home/agalli/sandbox/lib/python3.6/site-packages/airflow/example_dags/example_dag_decorator.py took 0.364 seconds
[2022-02-12 13:59:33,396] {scheduler_job.py:182} INFO - Started process (PID=2916) to work on /home/agalli/sandbox/lib/python3.6/site-packages/airflow/example_dags/example_dag_decorator.py
[2022-02-12 13:59:33,398] {scheduler_job.py:633} INFO - Processing file /home/agalli/sandbox/lib/python3.6/site-packages/airflow/example_dags/example_dag_decorator.py for tasks to queue
[2022-02-12 13:59:33,398] {logging_mixin.py:104} INFO - [2022-02-12 13:59:33,398] {dagbag.py:487} INFO - Filling up the DagBag from /home/agalli/sandbox/lib/python3.6/site-packages/airflow/example_dags/example_dag_decorator.py
[2022-02-12 13:59:33,436] {scheduler_job.py:643} INFO - DAG(s) dict_keys(['example_dag_decorator']) retrieved from /home/agalli/sandbox/lib/python3.6/site-packages/airflow/example_dags/example_dag_decorator.py
[2022-02-12 13:59:33,773] {logging_mixin.py:104} INFO - [2022-02-12 13:59:33,772] {dag.py:1832} INFO - Sync 1 DAGs
[2022-02-12 13:59:33,786] {logging_mixin.py:104} INFO - [2022-02-12 13:59:33,786] {dag.py:2305} INFO - Setting next_dagrun for example_dag_decorator to None
[2022-02-12 13:59:33,801] {scheduler_job.py:190} INFO - Processing /home/agalli/sandbox/lib/python3.6/site-packages/airflow/example_dags/example_dag_decorator.py took 0.410 seconds
[2022-02-12 14:00:04,651] {scheduler_job.py:182} INFO - Started process (PID=3156) to work on /home/agalli/sandbox/lib/python3.6/site-packages/airflow/example_dags/example_dag_decorator.py
[2022-02-12 14:00:04,654] {scheduler_job.py:633} INFO - Processing file /home/agalli/sandbox/lib/python3.6/site-packages/airflow/example_dags/example_dag_decorator.py for tasks to queue
[2022-02-12 14:00:04,656] {logging_mixin.py:104} INFO - [2022-02-12 14:00:04,656] {dagbag.py:487} INFO - Filling up the DagBag from /home/agalli/sandbox/lib/python3.6/site-packages/airflow/example_dags/example_dag_decorator.py
[2022-02-12 14:00:04,703] {scheduler_job.py:643} INFO - DAG(s) dict_keys(['example_dag_decorator']) retrieved from /home/agalli/sandbox/lib/python3.6/site-packages/airflow/example_dags/example_dag_decorator.py
[2022-02-12 14:00:05,353] {logging_mixin.py:104} INFO - [2022-02-12 14:00:05,352] {dag.py:1832} INFO - Sync 1 DAGs
[2022-02-12 14:00:05,386] {logging_mixin.py:104} INFO - [2022-02-12 14:00:05,385] {dag.py:2305} INFO - Setting next_dagrun for example_dag_decorator to None
[2022-02-12 14:00:05,410] {scheduler_job.py:190} INFO - Processing /home/agalli/sandbox/lib/python3.6/site-packages/airflow/example_dags/example_dag_decorator.py took 0.766 seconds
[2022-02-12 14:00:35,586] {scheduler_job.py:182} INFO - Started process (PID=3546) to work on /home/agalli/sandbox/lib/python3.6/site-packages/airflow/example_dags/example_dag_decorator.py
[2022-02-12 14:00:35,589] {scheduler_job.py:633} INFO - Processing file /home/agalli/sandbox/lib/python3.6/site-packages/airflow/example_dags/example_dag_decorator.py for tasks to queue
[2022-02-12 14:00:35,590] {logging_mixin.py:104} INFO - [2022-02-12 14:00:35,590] {dagbag.py:487} INFO - Filling up the DagBag from /home/agalli/sandbox/lib/python3.6/site-packages/airflow/example_dags/example_dag_decorator.py
[2022-02-12 14:00:35,649] {scheduler_job.py:643} INFO - DAG(s) dict_keys(['example_dag_decorator']) retrieved from /home/agalli/sandbox/lib/python3.6/site-packages/airflow/example_dags/example_dag_decorator.py
[2022-02-12 14:00:36,292] {logging_mixin.py:104} INFO - [2022-02-12 14:00:36,292] {dag.py:1832} INFO - Sync 1 DAGs
[2022-02-12 14:00:36,323] {logging_mixin.py:104} INFO - [2022-02-12 14:00:36,323] {dag.py:2305} INFO - Setting next_dagrun for example_dag_decorator to None
[2022-02-12 14:00:36,357] {scheduler_job.py:190} INFO - Processing /home/agalli/sandbox/lib/python3.6/site-packages/airflow/example_dags/example_dag_decorator.py took 0.790 seconds
[2022-02-12 14:01:08,782] {scheduler_job.py:182} INFO - Started process (PID=4205) to work on /home/agalli/sandbox/lib/python3.6/site-packages/airflow/example_dags/example_dag_decorator.py
[2022-02-12 14:01:08,792] {scheduler_job.py:633} INFO - Processing file /home/agalli/sandbox/lib/python3.6/site-packages/airflow/example_dags/example_dag_decorator.py for tasks to queue
[2022-02-12 14:01:08,794] {logging_mixin.py:104} INFO - [2022-02-12 14:01:08,794] {dagbag.py:487} INFO - Filling up the DagBag from /home/agalli/sandbox/lib/python3.6/site-packages/airflow/example_dags/example_dag_decorator.py
[2022-02-12 14:01:08,896] {scheduler_job.py:643} INFO - DAG(s) dict_keys(['example_dag_decorator']) retrieved from /home/agalli/sandbox/lib/python3.6/site-packages/airflow/example_dags/example_dag_decorator.py
[2022-02-12 14:01:11,464] {logging_mixin.py:104} INFO - [2022-02-12 14:01:11,462] {dag.py:1832} INFO - Sync 1 DAGs
[2022-02-12 14:01:11,693] {logging_mixin.py:104} INFO - [2022-02-12 14:01:11,693] {dag.py:2305} INFO - Setting next_dagrun for example_dag_decorator to None
[2022-02-12 14:01:11,884] {scheduler_job.py:190} INFO - Processing /home/agalli/sandbox/lib/python3.6/site-packages/airflow/example_dags/example_dag_decorator.py took 3.111 seconds
[2022-02-12 14:01:42,092] {scheduler_job.py:182} INFO - Started process (PID=5430) to work on /home/agalli/sandbox/lib/python3.6/site-packages/airflow/example_dags/example_dag_decorator.py
[2022-02-12 14:01:42,096] {scheduler_job.py:633} INFO - Processing file /home/agalli/sandbox/lib/python3.6/site-packages/airflow/example_dags/example_dag_decorator.py for tasks to queue
[2022-02-12 14:01:42,099] {logging_mixin.py:104} INFO - [2022-02-12 14:01:42,098] {dagbag.py:487} INFO - Filling up the DagBag from /home/agalli/sandbox/lib/python3.6/site-packages/airflow/example_dags/example_dag_decorator.py
[2022-02-12 14:01:42,149] {scheduler_job.py:643} INFO - DAG(s) dict_keys(['example_dag_decorator']) retrieved from /home/agalli/sandbox/lib/python3.6/site-packages/airflow/example_dags/example_dag_decorator.py
[2022-02-12 14:01:42,575] {logging_mixin.py:104} INFO - [2022-02-12 14:01:42,575] {dag.py:1832} INFO - Sync 1 DAGs
[2022-02-12 14:01:42,595] {logging_mixin.py:104} INFO - [2022-02-12 14:01:42,595] {dag.py:2305} INFO - Setting next_dagrun for example_dag_decorator to None
[2022-02-12 14:01:42,614] {scheduler_job.py:190} INFO - Processing /home/agalli/sandbox/lib/python3.6/site-packages/airflow/example_dags/example_dag_decorator.py took 0.532 seconds
[2022-02-12 14:02:13,396] {scheduler_job.py:182} INFO - Started process (PID=5632) to work on /home/agalli/sandbox/lib/python3.6/site-packages/airflow/example_dags/example_dag_decorator.py
[2022-02-12 14:02:13,397] {scheduler_job.py:633} INFO - Processing file /home/agalli/sandbox/lib/python3.6/site-packages/airflow/example_dags/example_dag_decorator.py for tasks to queue
[2022-02-12 14:02:13,398] {logging_mixin.py:104} INFO - [2022-02-12 14:02:13,398] {dagbag.py:487} INFO - Filling up the DagBag from /home/agalli/sandbox/lib/python3.6/site-packages/airflow/example_dags/example_dag_decorator.py
[2022-02-12 14:02:13,434] {scheduler_job.py:643} INFO - DAG(s) dict_keys(['example_dag_decorator']) retrieved from /home/agalli/sandbox/lib/python3.6/site-packages/airflow/example_dags/example_dag_decorator.py
[2022-02-12 14:02:13,924] {logging_mixin.py:104} INFO - [2022-02-12 14:02:13,924] {dag.py:1832} INFO - Sync 1 DAGs
[2022-02-12 14:02:13,941] {logging_mixin.py:104} INFO - [2022-02-12 14:02:13,941] {dag.py:2305} INFO - Setting next_dagrun for example_dag_decorator to None
[2022-02-12 14:02:13,961] {scheduler_job.py:190} INFO - Processing /home/agalli/sandbox/lib/python3.6/site-packages/airflow/example_dags/example_dag_decorator.py took 0.568 seconds
[2022-02-12 14:02:44,048] {scheduler_job.py:182} INFO - Started process (PID=5964) to work on /home/agalli/sandbox/lib/python3.6/site-packages/airflow/example_dags/example_dag_decorator.py
[2022-02-12 14:02:44,051] {scheduler_job.py:633} INFO - Processing file /home/agalli/sandbox/lib/python3.6/site-packages/airflow/example_dags/example_dag_decorator.py for tasks to queue
[2022-02-12 14:02:44,052] {logging_mixin.py:104} INFO - [2022-02-12 14:02:44,052] {dagbag.py:487} INFO - Filling up the DagBag from /home/agalli/sandbox/lib/python3.6/site-packages/airflow/example_dags/example_dag_decorator.py
[2022-02-12 14:02:44,198] {scheduler_job.py:643} INFO - DAG(s) dict_keys(['example_dag_decorator']) retrieved from /home/agalli/sandbox/lib/python3.6/site-packages/airflow/example_dags/example_dag_decorator.py
[2022-02-12 14:02:45,132] {logging_mixin.py:104} INFO - [2022-02-12 14:02:45,132] {dag.py:1832} INFO - Sync 1 DAGs
[2022-02-12 14:02:45,165] {logging_mixin.py:104} INFO - [2022-02-12 14:02:45,165] {dag.py:2305} INFO - Setting next_dagrun for example_dag_decorator to None
[2022-02-12 14:02:45,200] {scheduler_job.py:190} INFO - Processing /home/agalli/sandbox/lib/python3.6/site-packages/airflow/example_dags/example_dag_decorator.py took 1.162 seconds
[2022-02-12 14:03:16,081] {scheduler_job.py:182} INFO - Started process (PID=6232) to work on /home/agalli/sandbox/lib/python3.6/site-packages/airflow/example_dags/example_dag_decorator.py
[2022-02-12 14:03:16,087] {scheduler_job.py:633} INFO - Processing file /home/agalli/sandbox/lib/python3.6/site-packages/airflow/example_dags/example_dag_decorator.py for tasks to queue
[2022-02-12 14:03:16,088] {logging_mixin.py:104} INFO - [2022-02-12 14:03:16,088] {dagbag.py:487} INFO - Filling up the DagBag from /home/agalli/sandbox/lib/python3.6/site-packages/airflow/example_dags/example_dag_decorator.py
[2022-02-12 14:03:16,111] {scheduler_job.py:643} INFO - DAG(s) dict_keys(['example_dag_decorator']) retrieved from /home/agalli/sandbox/lib/python3.6/site-packages/airflow/example_dags/example_dag_decorator.py
[2022-02-12 14:20:20,070] {scheduler_job.py:182} INFO - Started process (PID=7122) to work on /home/agalli/sandbox/lib/python3.6/site-packages/airflow/example_dags/example_dag_decorator.py
[2022-02-12 14:20:20,072] {scheduler_job.py:633} INFO - Processing file /home/agalli/sandbox/lib/python3.6/site-packages/airflow/example_dags/example_dag_decorator.py for tasks to queue
[2022-02-12 14:20:20,073] {logging_mixin.py:104} INFO - [2022-02-12 14:20:20,073] {dagbag.py:487} INFO - Filling up the DagBag from /home/agalli/sandbox/lib/python3.6/site-packages/airflow/example_dags/example_dag_decorator.py
[2022-02-12 14:20:20,096] {scheduler_job.py:643} INFO - DAG(s) dict_keys(['example_dag_decorator']) retrieved from /home/agalli/sandbox/lib/python3.6/site-packages/airflow/example_dags/example_dag_decorator.py
[2022-02-12 14:20:20,534] {logging_mixin.py:104} INFO - [2022-02-12 14:20:20,534] {dag.py:1832} INFO - Sync 1 DAGs
[2022-02-12 14:20:20,554] {logging_mixin.py:104} INFO - [2022-02-12 14:20:20,554] {dag.py:2305} INFO - Setting next_dagrun for example_dag_decorator to None
[2022-02-12 14:20:20,571] {scheduler_job.py:190} INFO - Processing /home/agalli/sandbox/lib/python3.6/site-packages/airflow/example_dags/example_dag_decorator.py took 0.504 seconds
[2022-02-12 14:20:50,650] {scheduler_job.py:182} INFO - Started process (PID=7340) to work on /home/agalli/sandbox/lib/python3.6/site-packages/airflow/example_dags/example_dag_decorator.py
[2022-02-12 14:20:50,651] {scheduler_job.py:633} INFO - Processing file /home/agalli/sandbox/lib/python3.6/site-packages/airflow/example_dags/example_dag_decorator.py for tasks to queue
[2022-02-12 14:20:50,651] {logging_mixin.py:104} INFO - [2022-02-12 14:20:50,651] {dagbag.py:487} INFO - Filling up the DagBag from /home/agalli/sandbox/lib/python3.6/site-packages/airflow/example_dags/example_dag_decorator.py
[2022-02-12 14:20:50,681] {scheduler_job.py:643} INFO - DAG(s) dict_keys(['example_dag_decorator']) retrieved from /home/agalli/sandbox/lib/python3.6/site-packages/airflow/example_dags/example_dag_decorator.py
[2022-02-12 14:20:50,968] {logging_mixin.py:104} INFO - [2022-02-12 14:20:50,968] {dag.py:1832} INFO - Sync 1 DAGs
[2022-02-12 14:20:50,984] {logging_mixin.py:104} INFO - [2022-02-12 14:20:50,984] {dag.py:2305} INFO - Setting next_dagrun for example_dag_decorator to None
[2022-02-12 14:20:50,999] {scheduler_job.py:190} INFO - Processing /home/agalli/sandbox/lib/python3.6/site-packages/airflow/example_dags/example_dag_decorator.py took 0.352 seconds
[2022-02-12 14:21:21,726] {scheduler_job.py:182} INFO - Started process (PID=7528) to work on /home/agalli/sandbox/lib/python3.6/site-packages/airflow/example_dags/example_dag_decorator.py
[2022-02-12 14:21:21,728] {scheduler_job.py:633} INFO - Processing file /home/agalli/sandbox/lib/python3.6/site-packages/airflow/example_dags/example_dag_decorator.py for tasks to queue
[2022-02-12 14:21:21,729] {logging_mixin.py:104} INFO - [2022-02-12 14:21:21,729] {dagbag.py:487} INFO - Filling up the DagBag from /home/agalli/sandbox/lib/python3.6/site-packages/airflow/example_dags/example_dag_decorator.py
[2022-02-12 14:21:21,762] {scheduler_job.py:643} INFO - DAG(s) dict_keys(['example_dag_decorator']) retrieved from /home/agalli/sandbox/lib/python3.6/site-packages/airflow/example_dags/example_dag_decorator.py
[2022-02-12 14:21:22,191] {logging_mixin.py:104} INFO - [2022-02-12 14:21:22,190] {dag.py:1832} INFO - Sync 1 DAGs
[2022-02-12 14:21:22,220] {logging_mixin.py:104} INFO - [2022-02-12 14:21:22,220] {dag.py:2305} INFO - Setting next_dagrun for example_dag_decorator to None
[2022-02-12 14:21:22,236] {scheduler_job.py:190} INFO - Processing /home/agalli/sandbox/lib/python3.6/site-packages/airflow/example_dags/example_dag_decorator.py took 0.515 seconds
[2022-02-12 14:21:52,379] {scheduler_job.py:182} INFO - Started process (PID=7736) to work on /home/agalli/sandbox/lib/python3.6/site-packages/airflow/example_dags/example_dag_decorator.py
[2022-02-12 14:21:52,380] {scheduler_job.py:633} INFO - Processing file /home/agalli/sandbox/lib/python3.6/site-packages/airflow/example_dags/example_dag_decorator.py for tasks to queue
[2022-02-12 14:21:52,381] {logging_mixin.py:104} INFO - [2022-02-12 14:21:52,381] {dagbag.py:487} INFO - Filling up the DagBag from /home/agalli/sandbox/lib/python3.6/site-packages/airflow/example_dags/example_dag_decorator.py
[2022-02-12 14:21:52,407] {scheduler_job.py:643} INFO - DAG(s) dict_keys(['example_dag_decorator']) retrieved from /home/agalli/sandbox/lib/python3.6/site-packages/airflow/example_dags/example_dag_decorator.py
[2022-02-12 14:21:52,792] {logging_mixin.py:104} INFO - [2022-02-12 14:21:52,792] {dag.py:1832} INFO - Sync 1 DAGs
[2022-02-12 14:21:52,808] {logging_mixin.py:104} INFO - [2022-02-12 14:21:52,808] {dag.py:2305} INFO - Setting next_dagrun for example_dag_decorator to None
[2022-02-12 14:21:52,822] {scheduler_job.py:190} INFO - Processing /home/agalli/sandbox/lib/python3.6/site-packages/airflow/example_dags/example_dag_decorator.py took 0.446 seconds
[2022-02-12 14:22:23,166] {scheduler_job.py:182} INFO - Started process (PID=7937) to work on /home/agalli/sandbox/lib/python3.6/site-packages/airflow/example_dags/example_dag_decorator.py
[2022-02-12 14:22:23,167] {scheduler_job.py:633} INFO - Processing file /home/agalli/sandbox/lib/python3.6/site-packages/airflow/example_dags/example_dag_decorator.py for tasks to queue
[2022-02-12 14:22:23,168] {logging_mixin.py:104} INFO - [2022-02-12 14:22:23,168] {dagbag.py:487} INFO - Filling up the DagBag from /home/agalli/sandbox/lib/python3.6/site-packages/airflow/example_dags/example_dag_decorator.py
[2022-02-12 14:22:23,196] {scheduler_job.py:643} INFO - DAG(s) dict_keys(['example_dag_decorator']) retrieved from /home/agalli/sandbox/lib/python3.6/site-packages/airflow/example_dags/example_dag_decorator.py
[2022-02-12 14:22:23,232] {logging_mixin.py:104} INFO - [2022-02-12 14:22:23,232] {dag.py:1832} INFO - Sync 1 DAGs
[2022-02-12 14:22:23,256] {logging_mixin.py:104} INFO - [2022-02-12 14:22:23,256] {dag.py:2305} INFO - Setting next_dagrun for example_dag_decorator to None
[2022-02-12 14:22:23,269] {scheduler_job.py:190} INFO - Processing /home/agalli/sandbox/lib/python3.6/site-packages/airflow/example_dags/example_dag_decorator.py took 0.107 seconds
[2022-02-12 14:22:54,135] {scheduler_job.py:182} INFO - Started process (PID=8136) to work on /home/agalli/sandbox/lib/python3.6/site-packages/airflow/example_dags/example_dag_decorator.py
[2022-02-12 14:22:54,136] {scheduler_job.py:633} INFO - Processing file /home/agalli/sandbox/lib/python3.6/site-packages/airflow/example_dags/example_dag_decorator.py for tasks to queue
[2022-02-12 14:22:54,137] {logging_mixin.py:104} INFO - [2022-02-12 14:22:54,137] {dagbag.py:487} INFO - Filling up the DagBag from /home/agalli/sandbox/lib/python3.6/site-packages/airflow/example_dags/example_dag_decorator.py
[2022-02-12 14:22:54,159] {scheduler_job.py:643} INFO - DAG(s) dict_keys(['example_dag_decorator']) retrieved from /home/agalli/sandbox/lib/python3.6/site-packages/airflow/example_dags/example_dag_decorator.py
[2022-02-12 14:22:54,433] {logging_mixin.py:104} INFO - [2022-02-12 14:22:54,432] {dag.py:1832} INFO - Sync 1 DAGs
[2022-02-12 14:22:54,447] {logging_mixin.py:104} INFO - [2022-02-12 14:22:54,447] {dag.py:2305} INFO - Setting next_dagrun for example_dag_decorator to None
[2022-02-12 14:22:54,463] {scheduler_job.py:190} INFO - Processing /home/agalli/sandbox/lib/python3.6/site-packages/airflow/example_dags/example_dag_decorator.py took 0.332 seconds
[2022-02-12 14:23:25,767] {scheduler_job.py:182} INFO - Started process (PID=8335) to work on /home/agalli/sandbox/lib/python3.6/site-packages/airflow/example_dags/example_dag_decorator.py
[2022-02-12 14:23:25,768] {scheduler_job.py:633} INFO - Processing file /home/agalli/sandbox/lib/python3.6/site-packages/airflow/example_dags/example_dag_decorator.py for tasks to queue
[2022-02-12 14:23:25,770] {logging_mixin.py:104} INFO - [2022-02-12 14:23:25,769] {dagbag.py:487} INFO - Filling up the DagBag from /home/agalli/sandbox/lib/python3.6/site-packages/airflow/example_dags/example_dag_decorator.py
[2022-02-12 14:23:25,814] {scheduler_job.py:643} INFO - DAG(s) dict_keys(['example_dag_decorator']) retrieved from /home/agalli/sandbox/lib/python3.6/site-packages/airflow/example_dags/example_dag_decorator.py
[2022-02-12 14:23:26,428] {logging_mixin.py:104} INFO - [2022-02-12 14:23:26,427] {dag.py:1832} INFO - Sync 1 DAGs
[2022-02-12 14:23:26,454] {logging_mixin.py:104} INFO - [2022-02-12 14:23:26,454] {dag.py:2305} INFO - Setting next_dagrun for example_dag_decorator to None
[2022-02-12 14:23:26,469] {scheduler_job.py:190} INFO - Processing /home/agalli/sandbox/lib/python3.6/site-packages/airflow/example_dags/example_dag_decorator.py took 0.712 seconds
[2022-02-12 14:23:57,157] {scheduler_job.py:182} INFO - Started process (PID=8547) to work on /home/agalli/sandbox/lib/python3.6/site-packages/airflow/example_dags/example_dag_decorator.py
[2022-02-12 14:23:57,158] {scheduler_job.py:633} INFO - Processing file /home/agalli/sandbox/lib/python3.6/site-packages/airflow/example_dags/example_dag_decorator.py for tasks to queue
[2022-02-12 14:23:57,159] {logging_mixin.py:104} INFO - [2022-02-12 14:23:57,159] {dagbag.py:487} INFO - Filling up the DagBag from /home/agalli/sandbox/lib/python3.6/site-packages/airflow/example_dags/example_dag_decorator.py
[2022-02-12 14:23:57,181] {scheduler_job.py:643} INFO - DAG(s) dict_keys(['example_dag_decorator']) retrieved from /home/agalli/sandbox/lib/python3.6/site-packages/airflow/example_dags/example_dag_decorator.py
[2022-02-12 14:23:57,517] {logging_mixin.py:104} INFO - [2022-02-12 14:23:57,517] {dag.py:1832} INFO - Sync 1 DAGs
[2022-02-12 14:23:57,537] {logging_mixin.py:104} INFO - [2022-02-12 14:23:57,537] {dag.py:2305} INFO - Setting next_dagrun for example_dag_decorator to None
[2022-02-12 14:23:57,559] {scheduler_job.py:190} INFO - Processing /home/agalli/sandbox/lib/python3.6/site-packages/airflow/example_dags/example_dag_decorator.py took 0.405 seconds
[2022-02-12 14:24:28,956] {scheduler_job.py:182} INFO - Started process (PID=8741) to work on /home/agalli/sandbox/lib/python3.6/site-packages/airflow/example_dags/example_dag_decorator.py
[2022-02-12 14:24:28,958] {scheduler_job.py:633} INFO - Processing file /home/agalli/sandbox/lib/python3.6/site-packages/airflow/example_dags/example_dag_decorator.py for tasks to queue
[2022-02-12 14:24:28,960] {logging_mixin.py:104} INFO - [2022-02-12 14:24:28,960] {dagbag.py:487} INFO - Filling up the DagBag from /home/agalli/sandbox/lib/python3.6/site-packages/airflow/example_dags/example_dag_decorator.py
[2022-02-12 14:24:29,004] {scheduler_job.py:643} INFO - DAG(s) dict_keys(['example_dag_decorator']) retrieved from /home/agalli/sandbox/lib/python3.6/site-packages/airflow/example_dags/example_dag_decorator.py
[2022-02-12 14:24:29,592] {logging_mixin.py:104} INFO - [2022-02-12 14:24:29,592] {dag.py:1832} INFO - Sync 1 DAGs
[2022-02-12 14:24:29,626] {logging_mixin.py:104} INFO - [2022-02-12 14:24:29,626] {dag.py:2305} INFO - Setting next_dagrun for example_dag_decorator to None
[2022-02-12 14:24:29,655] {scheduler_job.py:190} INFO - Processing /home/agalli/sandbox/lib/python3.6/site-packages/airflow/example_dags/example_dag_decorator.py took 0.706 seconds
[2022-02-12 14:25:00,565] {scheduler_job.py:182} INFO - Started process (PID=8943) to work on /home/agalli/sandbox/lib/python3.6/site-packages/airflow/example_dags/example_dag_decorator.py
[2022-02-12 14:25:00,566] {scheduler_job.py:633} INFO - Processing file /home/agalli/sandbox/lib/python3.6/site-packages/airflow/example_dags/example_dag_decorator.py for tasks to queue
[2022-02-12 14:25:00,567] {logging_mixin.py:104} INFO - [2022-02-12 14:25:00,567] {dagbag.py:487} INFO - Filling up the DagBag from /home/agalli/sandbox/lib/python3.6/site-packages/airflow/example_dags/example_dag_decorator.py
[2022-02-12 14:25:00,612] {scheduler_job.py:643} INFO - DAG(s) dict_keys(['example_dag_decorator']) retrieved from /home/agalli/sandbox/lib/python3.6/site-packages/airflow/example_dags/example_dag_decorator.py
[2022-02-12 14:25:01,163] {logging_mixin.py:104} INFO - [2022-02-12 14:25:01,163] {dag.py:1832} INFO - Sync 1 DAGs
[2022-02-12 14:25:01,193] {logging_mixin.py:104} INFO - [2022-02-12 14:25:01,192] {dag.py:2305} INFO - Setting next_dagrun for example_dag_decorator to None
[2022-02-12 14:25:01,346] {scheduler_job.py:190} INFO - Processing /home/agalli/sandbox/lib/python3.6/site-packages/airflow/example_dags/example_dag_decorator.py took 0.786 seconds
[2022-02-12 14:25:31,777] {scheduler_job.py:182} INFO - Started process (PID=9263) to work on /home/agalli/sandbox/lib/python3.6/site-packages/airflow/example_dags/example_dag_decorator.py
[2022-02-12 14:25:31,778] {scheduler_job.py:633} INFO - Processing file /home/agalli/sandbox/lib/python3.6/site-packages/airflow/example_dags/example_dag_decorator.py for tasks to queue
[2022-02-12 14:25:31,779] {logging_mixin.py:104} INFO - [2022-02-12 14:25:31,779] {dagbag.py:487} INFO - Filling up the DagBag from /home/agalli/sandbox/lib/python3.6/site-packages/airflow/example_dags/example_dag_decorator.py
[2022-02-12 14:25:31,808] {scheduler_job.py:643} INFO - DAG(s) dict_keys(['example_dag_decorator']) retrieved from /home/agalli/sandbox/lib/python3.6/site-packages/airflow/example_dags/example_dag_decorator.py
[2022-02-12 14:25:32,205] {logging_mixin.py:104} INFO - [2022-02-12 14:25:32,205] {dag.py:1832} INFO - Sync 1 DAGs
[2022-02-12 14:25:32,228] {logging_mixin.py:104} INFO - [2022-02-12 14:25:32,228] {dag.py:2305} INFO - Setting next_dagrun for example_dag_decorator to None
[2022-02-12 14:25:32,253] {scheduler_job.py:190} INFO - Processing /home/agalli/sandbox/lib/python3.6/site-packages/airflow/example_dags/example_dag_decorator.py took 0.479 seconds
[2022-02-12 14:26:02,578] {scheduler_job.py:182} INFO - Started process (PID=9465) to work on /home/agalli/sandbox/lib/python3.6/site-packages/airflow/example_dags/example_dag_decorator.py
[2022-02-12 14:26:02,587] {scheduler_job.py:633} INFO - Processing file /home/agalli/sandbox/lib/python3.6/site-packages/airflow/example_dags/example_dag_decorator.py for tasks to queue
[2022-02-12 14:26:02,587] {logging_mixin.py:104} INFO - [2022-02-12 14:26:02,587] {dagbag.py:487} INFO - Filling up the DagBag from /home/agalli/sandbox/lib/python3.6/site-packages/airflow/example_dags/example_dag_decorator.py
[2022-02-12 14:26:02,621] {scheduler_job.py:643} INFO - DAG(s) dict_keys(['example_dag_decorator']) retrieved from /home/agalli/sandbox/lib/python3.6/site-packages/airflow/example_dags/example_dag_decorator.py
[2022-02-12 14:26:03,034] {logging_mixin.py:104} INFO - [2022-02-12 14:26:03,034] {dag.py:1832} INFO - Sync 1 DAGs
[2022-02-12 14:26:03,058] {logging_mixin.py:104} INFO - [2022-02-12 14:26:03,057] {dag.py:2305} INFO - Setting next_dagrun for example_dag_decorator to None
[2022-02-12 14:26:03,077] {scheduler_job.py:190} INFO - Processing /home/agalli/sandbox/lib/python3.6/site-packages/airflow/example_dags/example_dag_decorator.py took 0.504 seconds
[2022-02-12 14:26:33,916] {scheduler_job.py:182} INFO - Started process (PID=9667) to work on /home/agalli/sandbox/lib/python3.6/site-packages/airflow/example_dags/example_dag_decorator.py
[2022-02-12 14:26:33,917] {scheduler_job.py:633} INFO - Processing file /home/agalli/sandbox/lib/python3.6/site-packages/airflow/example_dags/example_dag_decorator.py for tasks to queue
[2022-02-12 14:26:33,918] {logging_mixin.py:104} INFO - [2022-02-12 14:26:33,918] {dagbag.py:487} INFO - Filling up the DagBag from /home/agalli/sandbox/lib/python3.6/site-packages/airflow/example_dags/example_dag_decorator.py
[2022-02-12 14:26:33,948] {scheduler_job.py:643} INFO - DAG(s) dict_keys(['example_dag_decorator']) retrieved from /home/agalli/sandbox/lib/python3.6/site-packages/airflow/example_dags/example_dag_decorator.py
[2022-02-12 14:26:34,336] {logging_mixin.py:104} INFO - [2022-02-12 14:26:34,336] {dag.py:1832} INFO - Sync 1 DAGs
[2022-02-12 14:26:34,353] {logging_mixin.py:104} INFO - [2022-02-12 14:26:34,353] {dag.py:2305} INFO - Setting next_dagrun for example_dag_decorator to None
[2022-02-12 14:26:34,371] {scheduler_job.py:190} INFO - Processing /home/agalli/sandbox/lib/python3.6/site-packages/airflow/example_dags/example_dag_decorator.py took 0.464 seconds
[2022-02-12 14:27:05,025] {scheduler_job.py:182} INFO - Started process (PID=9869) to work on /home/agalli/sandbox/lib/python3.6/site-packages/airflow/example_dags/example_dag_decorator.py
[2022-02-12 14:27:05,026] {scheduler_job.py:633} INFO - Processing file /home/agalli/sandbox/lib/python3.6/site-packages/airflow/example_dags/example_dag_decorator.py for tasks to queue
[2022-02-12 14:27:05,027] {logging_mixin.py:104} INFO - [2022-02-12 14:27:05,027] {dagbag.py:487} INFO - Filling up the DagBag from /home/agalli/sandbox/lib/python3.6/site-packages/airflow/example_dags/example_dag_decorator.py
[2022-02-12 14:27:05,053] {scheduler_job.py:643} INFO - DAG(s) dict_keys(['example_dag_decorator']) retrieved from /home/agalli/sandbox/lib/python3.6/site-packages/airflow/example_dags/example_dag_decorator.py
[2022-02-12 14:27:05,082] {logging_mixin.py:104} INFO - [2022-02-12 14:27:05,082] {dag.py:1832} INFO - Sync 1 DAGs
[2022-02-12 14:27:05,099] {logging_mixin.py:104} INFO - [2022-02-12 14:27:05,099] {dag.py:2305} INFO - Setting next_dagrun for example_dag_decorator to None
[2022-02-12 14:27:05,115] {scheduler_job.py:190} INFO - Processing /home/agalli/sandbox/lib/python3.6/site-packages/airflow/example_dags/example_dag_decorator.py took 0.094 seconds
[2022-02-12 14:27:35,209] {scheduler_job.py:182} INFO - Started process (PID=10066) to work on /home/agalli/sandbox/lib/python3.6/site-packages/airflow/example_dags/example_dag_decorator.py
[2022-02-12 14:27:35,212] {scheduler_job.py:633} INFO - Processing file /home/agalli/sandbox/lib/python3.6/site-packages/airflow/example_dags/example_dag_decorator.py for tasks to queue
[2022-02-12 14:27:35,213] {logging_mixin.py:104} INFO - [2022-02-12 14:27:35,213] {dagbag.py:487} INFO - Filling up the DagBag from /home/agalli/sandbox/lib/python3.6/site-packages/airflow/example_dags/example_dag_decorator.py
[2022-02-12 14:27:35,249] {scheduler_job.py:643} INFO - DAG(s) dict_keys(['example_dag_decorator']) retrieved from /home/agalli/sandbox/lib/python3.6/site-packages/airflow/example_dags/example_dag_decorator.py
[2022-02-12 14:27:35,313] {logging_mixin.py:104} INFO - [2022-02-12 14:27:35,312] {dag.py:1832} INFO - Sync 1 DAGs
[2022-02-12 14:27:35,341] {logging_mixin.py:104} INFO - [2022-02-12 14:27:35,341] {dag.py:2305} INFO - Setting next_dagrun for example_dag_decorator to None
[2022-02-12 14:27:35,362] {scheduler_job.py:190} INFO - Processing /home/agalli/sandbox/lib/python3.6/site-packages/airflow/example_dags/example_dag_decorator.py took 0.158 seconds
[2022-02-12 14:28:06,304] {scheduler_job.py:182} INFO - Started process (PID=10276) to work on /home/agalli/sandbox/lib/python3.6/site-packages/airflow/example_dags/example_dag_decorator.py
[2022-02-12 14:28:06,305] {scheduler_job.py:633} INFO - Processing file /home/agalli/sandbox/lib/python3.6/site-packages/airflow/example_dags/example_dag_decorator.py for tasks to queue
[2022-02-12 14:28:06,317] {logging_mixin.py:104} INFO - [2022-02-12 14:28:06,317] {dagbag.py:487} INFO - Filling up the DagBag from /home/agalli/sandbox/lib/python3.6/site-packages/airflow/example_dags/example_dag_decorator.py
[2022-02-12 14:28:06,375] {scheduler_job.py:643} INFO - DAG(s) dict_keys(['example_dag_decorator']) retrieved from /home/agalli/sandbox/lib/python3.6/site-packages/airflow/example_dags/example_dag_decorator.py
[2022-02-12 14:28:06,817] {logging_mixin.py:104} INFO - [2022-02-12 14:28:06,817] {dag.py:1832} INFO - Sync 1 DAGs
[2022-02-12 14:28:06,831] {logging_mixin.py:104} INFO - [2022-02-12 14:28:06,831] {dag.py:2305} INFO - Setting next_dagrun for example_dag_decorator to None
[2022-02-12 14:28:06,974] {scheduler_job.py:190} INFO - Processing /home/agalli/sandbox/lib/python3.6/site-packages/airflow/example_dags/example_dag_decorator.py took 0.675 seconds
[2022-02-12 14:28:37,478] {scheduler_job.py:182} INFO - Started process (PID=10476) to work on /home/agalli/sandbox/lib/python3.6/site-packages/airflow/example_dags/example_dag_decorator.py
[2022-02-12 14:28:37,479] {scheduler_job.py:633} INFO - Processing file /home/agalli/sandbox/lib/python3.6/site-packages/airflow/example_dags/example_dag_decorator.py for tasks to queue
[2022-02-12 14:28:37,481] {logging_mixin.py:104} INFO - [2022-02-12 14:28:37,480] {dagbag.py:487} INFO - Filling up the DagBag from /home/agalli/sandbox/lib/python3.6/site-packages/airflow/example_dags/example_dag_decorator.py
[2022-02-12 14:28:37,509] {scheduler_job.py:643} INFO - DAG(s) dict_keys(['example_dag_decorator']) retrieved from /home/agalli/sandbox/lib/python3.6/site-packages/airflow/example_dags/example_dag_decorator.py
[2022-02-12 14:28:37,542] {logging_mixin.py:104} INFO - [2022-02-12 14:28:37,542] {dag.py:1832} INFO - Sync 1 DAGs
[2022-02-12 14:28:37,565] {logging_mixin.py:104} INFO - [2022-02-12 14:28:37,565] {dag.py:2305} INFO - Setting next_dagrun for example_dag_decorator to None
[2022-02-12 14:28:37,578] {scheduler_job.py:190} INFO - Processing /home/agalli/sandbox/lib/python3.6/site-packages/airflow/example_dags/example_dag_decorator.py took 0.106 seconds
[2022-02-12 14:29:07,722] {scheduler_job.py:182} INFO - Started process (PID=10676) to work on /home/agalli/sandbox/lib/python3.6/site-packages/airflow/example_dags/example_dag_decorator.py
[2022-02-12 14:29:07,723] {scheduler_job.py:633} INFO - Processing file /home/agalli/sandbox/lib/python3.6/site-packages/airflow/example_dags/example_dag_decorator.py for tasks to queue
[2022-02-12 14:29:07,726] {logging_mixin.py:104} INFO - [2022-02-12 14:29:07,725] {dagbag.py:487} INFO - Filling up the DagBag from /home/agalli/sandbox/lib/python3.6/site-packages/airflow/example_dags/example_dag_decorator.py
[2022-02-12 14:29:07,748] {scheduler_job.py:643} INFO - DAG(s) dict_keys(['example_dag_decorator']) retrieved from /home/agalli/sandbox/lib/python3.6/site-packages/airflow/example_dags/example_dag_decorator.py
[2022-02-12 14:29:08,063] {logging_mixin.py:104} INFO - [2022-02-12 14:29:08,063] {dag.py:1832} INFO - Sync 1 DAGs
[2022-02-12 14:29:08,087] {logging_mixin.py:104} INFO - [2022-02-12 14:29:08,087] {dag.py:2305} INFO - Setting next_dagrun for example_dag_decorator to None
[2022-02-12 14:29:08,104] {scheduler_job.py:190} INFO - Processing /home/agalli/sandbox/lib/python3.6/site-packages/airflow/example_dags/example_dag_decorator.py took 0.385 seconds
[2022-02-12 14:29:38,309] {scheduler_job.py:182} INFO - Started process (PID=10871) to work on /home/agalli/sandbox/lib/python3.6/site-packages/airflow/example_dags/example_dag_decorator.py
[2022-02-12 14:29:38,310] {scheduler_job.py:633} INFO - Processing file /home/agalli/sandbox/lib/python3.6/site-packages/airflow/example_dags/example_dag_decorator.py for tasks to queue
[2022-02-12 14:29:38,311] {logging_mixin.py:104} INFO - [2022-02-12 14:29:38,311] {dagbag.py:487} INFO - Filling up the DagBag from /home/agalli/sandbox/lib/python3.6/site-packages/airflow/example_dags/example_dag_decorator.py
[2022-02-12 14:29:38,341] {scheduler_job.py:643} INFO - DAG(s) dict_keys(['example_dag_decorator']) retrieved from /home/agalli/sandbox/lib/python3.6/site-packages/airflow/example_dags/example_dag_decorator.py
[2022-02-12 14:29:38,673] {logging_mixin.py:104} INFO - [2022-02-12 14:29:38,673] {dag.py:1832} INFO - Sync 1 DAGs
[2022-02-12 14:29:38,696] {logging_mixin.py:104} INFO - [2022-02-12 14:29:38,695] {dag.py:2305} INFO - Setting next_dagrun for example_dag_decorator to None
[2022-02-12 14:29:38,716] {scheduler_job.py:190} INFO - Processing /home/agalli/sandbox/lib/python3.6/site-packages/airflow/example_dags/example_dag_decorator.py took 0.413 seconds
[2022-02-12 14:30:10,067] {scheduler_job.py:182} INFO - Started process (PID=11083) to work on /home/agalli/sandbox/lib/python3.6/site-packages/airflow/example_dags/example_dag_decorator.py
[2022-02-12 14:30:10,068] {scheduler_job.py:633} INFO - Processing file /home/agalli/sandbox/lib/python3.6/site-packages/airflow/example_dags/example_dag_decorator.py for tasks to queue
[2022-02-12 14:30:10,069] {logging_mixin.py:104} INFO - [2022-02-12 14:30:10,069] {dagbag.py:487} INFO - Filling up the DagBag from /home/agalli/sandbox/lib/python3.6/site-packages/airflow/example_dags/example_dag_decorator.py
[2022-02-12 14:30:10,094] {scheduler_job.py:643} INFO - DAG(s) dict_keys(['example_dag_decorator']) retrieved from /home/agalli/sandbox/lib/python3.6/site-packages/airflow/example_dags/example_dag_decorator.py
[2022-02-12 14:30:10,480] {logging_mixin.py:104} INFO - [2022-02-12 14:30:10,480] {dag.py:1832} INFO - Sync 1 DAGs
[2022-02-12 14:30:10,503] {logging_mixin.py:104} INFO - [2022-02-12 14:30:10,503] {dag.py:2305} INFO - Setting next_dagrun for example_dag_decorator to None
[2022-02-12 14:30:10,525] {scheduler_job.py:190} INFO - Processing /home/agalli/sandbox/lib/python3.6/site-packages/airflow/example_dags/example_dag_decorator.py took 0.466 seconds
[2022-02-12 14:52:18,716] {scheduler_job.py:182} INFO - Started process (PID=14477) to work on /home/agalli/sandbox/lib/python3.6/site-packages/airflow/example_dags/example_dag_decorator.py
[2022-02-12 14:52:18,720] {scheduler_job.py:633} INFO - Processing file /home/agalli/sandbox/lib/python3.6/site-packages/airflow/example_dags/example_dag_decorator.py for tasks to queue
[2022-02-12 14:52:18,728] {logging_mixin.py:104} INFO - [2022-02-12 14:52:18,722] {dagbag.py:487} INFO - Filling up the DagBag from /home/agalli/sandbox/lib/python3.6/site-packages/airflow/example_dags/example_dag_decorator.py
[2022-02-12 14:52:18,884] {scheduler_job.py:643} INFO - DAG(s) dict_keys(['example_dag_decorator']) retrieved from /home/agalli/sandbox/lib/python3.6/site-packages/airflow/example_dags/example_dag_decorator.py
[2022-02-12 14:52:20,416] {logging_mixin.py:104} INFO - [2022-02-12 14:52:20,416] {dag.py:1832} INFO - Sync 1 DAGs
[2022-02-12 14:52:20,497] {logging_mixin.py:104} INFO - [2022-02-12 14:52:20,497] {dag.py:2305} INFO - Setting next_dagrun for example_dag_decorator to None
[2022-02-12 14:52:20,653] {scheduler_job.py:190} INFO - Processing /home/agalli/sandbox/lib/python3.6/site-packages/airflow/example_dags/example_dag_decorator.py took 1.960 seconds
[2022-02-12 14:52:50,841] {scheduler_job.py:182} INFO - Started process (PID=14666) to work on /home/agalli/sandbox/lib/python3.6/site-packages/airflow/example_dags/example_dag_decorator.py
[2022-02-12 14:52:50,844] {scheduler_job.py:633} INFO - Processing file /home/agalli/sandbox/lib/python3.6/site-packages/airflow/example_dags/example_dag_decorator.py for tasks to queue
[2022-02-12 14:52:50,845] {logging_mixin.py:104} INFO - [2022-02-12 14:52:50,845] {dagbag.py:487} INFO - Filling up the DagBag from /home/agalli/sandbox/lib/python3.6/site-packages/airflow/example_dags/example_dag_decorator.py
[2022-02-12 14:52:50,879] {scheduler_job.py:643} INFO - DAG(s) dict_keys(['example_dag_decorator']) retrieved from /home/agalli/sandbox/lib/python3.6/site-packages/airflow/example_dags/example_dag_decorator.py
[2022-02-12 14:52:51,294] {logging_mixin.py:104} INFO - [2022-02-12 14:52:51,293] {dag.py:1832} INFO - Sync 1 DAGs
[2022-02-12 14:52:51,378] {logging_mixin.py:104} INFO - [2022-02-12 14:52:51,377] {dag.py:2305} INFO - Setting next_dagrun for example_dag_decorator to None
[2022-02-12 14:52:51,431] {scheduler_job.py:190} INFO - Processing /home/agalli/sandbox/lib/python3.6/site-packages/airflow/example_dags/example_dag_decorator.py took 0.594 seconds
[2022-02-12 14:53:21,842] {scheduler_job.py:182} INFO - Started process (PID=14950) to work on /home/agalli/sandbox/lib/python3.6/site-packages/airflow/example_dags/example_dag_decorator.py
[2022-02-12 14:53:21,851] {scheduler_job.py:633} INFO - Processing file /home/agalli/sandbox/lib/python3.6/site-packages/airflow/example_dags/example_dag_decorator.py for tasks to queue
[2022-02-12 14:53:21,853] {logging_mixin.py:104} INFO - [2022-02-12 14:53:21,853] {dagbag.py:487} INFO - Filling up the DagBag from /home/agalli/sandbox/lib/python3.6/site-packages/airflow/example_dags/example_dag_decorator.py
[2022-02-12 14:53:22,003] {scheduler_job.py:643} INFO - DAG(s) dict_keys(['example_dag_decorator']) retrieved from /home/agalli/sandbox/lib/python3.6/site-packages/airflow/example_dags/example_dag_decorator.py
[2022-02-12 14:53:23,113] {logging_mixin.py:104} INFO - [2022-02-12 14:53:23,113] {dag.py:1832} INFO - Sync 1 DAGs
[2022-02-12 14:53:23,190] {logging_mixin.py:104} INFO - [2022-02-12 14:53:23,190] {dag.py:2305} INFO - Setting next_dagrun for example_dag_decorator to None
[2022-02-12 14:53:23,298] {scheduler_job.py:190} INFO - Processing /home/agalli/sandbox/lib/python3.6/site-packages/airflow/example_dags/example_dag_decorator.py took 1.467 seconds
[2022-02-12 14:53:53,404] {scheduler_job.py:182} INFO - Started process (PID=15693) to work on /home/agalli/sandbox/lib/python3.6/site-packages/airflow/example_dags/example_dag_decorator.py
[2022-02-12 14:53:53,405] {scheduler_job.py:633} INFO - Processing file /home/agalli/sandbox/lib/python3.6/site-packages/airflow/example_dags/example_dag_decorator.py for tasks to queue
[2022-02-12 14:53:53,406] {logging_mixin.py:104} INFO - [2022-02-12 14:53:53,406] {dagbag.py:487} INFO - Filling up the DagBag from /home/agalli/sandbox/lib/python3.6/site-packages/airflow/example_dags/example_dag_decorator.py
[2022-02-12 14:53:53,435] {scheduler_job.py:643} INFO - DAG(s) dict_keys(['example_dag_decorator']) retrieved from /home/agalli/sandbox/lib/python3.6/site-packages/airflow/example_dags/example_dag_decorator.py
[2022-02-12 14:53:53,767] {logging_mixin.py:104} INFO - [2022-02-12 14:53:53,767] {dag.py:1832} INFO - Sync 1 DAGs
[2022-02-12 14:53:53,791] {logging_mixin.py:104} INFO - [2022-02-12 14:53:53,791] {dag.py:2305} INFO - Setting next_dagrun for example_dag_decorator to None
[2022-02-12 14:53:53,815] {scheduler_job.py:190} INFO - Processing /home/agalli/sandbox/lib/python3.6/site-packages/airflow/example_dags/example_dag_decorator.py took 0.415 seconds
[2022-02-12 14:54:24,155] {scheduler_job.py:182} INFO - Started process (PID=15824) to work on /home/agalli/sandbox/lib/python3.6/site-packages/airflow/example_dags/example_dag_decorator.py
[2022-02-12 14:54:24,156] {scheduler_job.py:633} INFO - Processing file /home/agalli/sandbox/lib/python3.6/site-packages/airflow/example_dags/example_dag_decorator.py for tasks to queue
[2022-02-12 14:54:24,157] {logging_mixin.py:104} INFO - [2022-02-12 14:54:24,156] {dagbag.py:487} INFO - Filling up the DagBag from /home/agalli/sandbox/lib/python3.6/site-packages/airflow/example_dags/example_dag_decorator.py
[2022-02-12 14:54:24,192] {scheduler_job.py:643} INFO - DAG(s) dict_keys(['example_dag_decorator']) retrieved from /home/agalli/sandbox/lib/python3.6/site-packages/airflow/example_dags/example_dag_decorator.py
[2022-02-12 14:54:24,565] {logging_mixin.py:104} INFO - [2022-02-12 14:54:24,565] {dag.py:1832} INFO - Sync 1 DAGs
[2022-02-12 14:54:24,591] {logging_mixin.py:104} INFO - [2022-02-12 14:54:24,591] {dag.py:2305} INFO - Setting next_dagrun for example_dag_decorator to None
[2022-02-12 14:54:24,611] {scheduler_job.py:190} INFO - Processing /home/agalli/sandbox/lib/python3.6/site-packages/airflow/example_dags/example_dag_decorator.py took 0.461 seconds
[2022-02-12 14:54:55,394] {scheduler_job.py:182} INFO - Started process (PID=15962) to work on /home/agalli/sandbox/lib/python3.6/site-packages/airflow/example_dags/example_dag_decorator.py
[2022-02-12 14:54:55,395] {scheduler_job.py:633} INFO - Processing file /home/agalli/sandbox/lib/python3.6/site-packages/airflow/example_dags/example_dag_decorator.py for tasks to queue
[2022-02-12 14:54:55,397] {logging_mixin.py:104} INFO - [2022-02-12 14:54:55,397] {dagbag.py:487} INFO - Filling up the DagBag from /home/agalli/sandbox/lib/python3.6/site-packages/airflow/example_dags/example_dag_decorator.py
[2022-02-12 14:54:55,418] {scheduler_job.py:643} INFO - DAG(s) dict_keys(['example_dag_decorator']) retrieved from /home/agalli/sandbox/lib/python3.6/site-packages/airflow/example_dags/example_dag_decorator.py
[2022-02-12 14:54:55,700] {logging_mixin.py:104} INFO - [2022-02-12 14:54:55,700] {dag.py:1832} INFO - Sync 1 DAGs
[2022-02-12 14:54:55,716] {logging_mixin.py:104} INFO - [2022-02-12 14:54:55,716] {dag.py:2305} INFO - Setting next_dagrun for example_dag_decorator to None
[2022-02-12 14:54:55,733] {scheduler_job.py:190} INFO - Processing /home/agalli/sandbox/lib/python3.6/site-packages/airflow/example_dags/example_dag_decorator.py took 0.342 seconds
[2022-02-12 14:55:26,309] {scheduler_job.py:182} INFO - Started process (PID=16088) to work on /home/agalli/sandbox/lib/python3.6/site-packages/airflow/example_dags/example_dag_decorator.py
[2022-02-12 14:55:26,314] {scheduler_job.py:633} INFO - Processing file /home/agalli/sandbox/lib/python3.6/site-packages/airflow/example_dags/example_dag_decorator.py for tasks to queue
[2022-02-12 14:55:26,316] {logging_mixin.py:104} INFO - [2022-02-12 14:55:26,316] {dagbag.py:487} INFO - Filling up the DagBag from /home/agalli/sandbox/lib/python3.6/site-packages/airflow/example_dags/example_dag_decorator.py
[2022-02-12 14:55:26,357] {scheduler_job.py:643} INFO - DAG(s) dict_keys(['example_dag_decorator']) retrieved from /home/agalli/sandbox/lib/python3.6/site-packages/airflow/example_dags/example_dag_decorator.py
[2022-02-12 14:55:26,787] {logging_mixin.py:104} INFO - [2022-02-12 14:55:26,787] {dag.py:1832} INFO - Sync 1 DAGs
[2022-02-12 14:55:26,806] {logging_mixin.py:104} INFO - [2022-02-12 14:55:26,805] {dag.py:2305} INFO - Setting next_dagrun for example_dag_decorator to None
[2022-02-12 14:55:26,824] {scheduler_job.py:190} INFO - Processing /home/agalli/sandbox/lib/python3.6/site-packages/airflow/example_dags/example_dag_decorator.py took 0.522 seconds
[2022-02-12 14:56:41,292] {scheduler_job.py:182} INFO - Started process (PID=16413) to work on /home/agalli/sandbox/lib/python3.6/site-packages/airflow/example_dags/example_dag_decorator.py
[2022-02-12 14:56:41,295] {scheduler_job.py:633} INFO - Processing file /home/agalli/sandbox/lib/python3.6/site-packages/airflow/example_dags/example_dag_decorator.py for tasks to queue
[2022-02-12 14:56:41,296] {logging_mixin.py:104} INFO - [2022-02-12 14:56:41,296] {dagbag.py:487} INFO - Filling up the DagBag from /home/agalli/sandbox/lib/python3.6/site-packages/airflow/example_dags/example_dag_decorator.py
[2022-02-12 14:56:41,372] {scheduler_job.py:643} INFO - DAG(s) dict_keys(['example_dag_decorator']) retrieved from /home/agalli/sandbox/lib/python3.6/site-packages/airflow/example_dags/example_dag_decorator.py
[2022-02-12 14:56:42,238] {logging_mixin.py:104} INFO - [2022-02-12 14:56:42,238] {dag.py:1832} INFO - Sync 1 DAGs
[2022-02-12 14:56:42,271] {logging_mixin.py:104} INFO - [2022-02-12 14:56:42,270] {dag.py:2305} INFO - Setting next_dagrun for example_dag_decorator to None
[2022-02-12 14:56:42,346] {scheduler_job.py:190} INFO - Processing /home/agalli/sandbox/lib/python3.6/site-packages/airflow/example_dags/example_dag_decorator.py took 1.095 seconds
[2022-02-12 14:57:12,814] {scheduler_job.py:182} INFO - Started process (PID=16514) to work on /home/agalli/sandbox/lib/python3.6/site-packages/airflow/example_dags/example_dag_decorator.py
[2022-02-12 14:57:12,816] {scheduler_job.py:633} INFO - Processing file /home/agalli/sandbox/lib/python3.6/site-packages/airflow/example_dags/example_dag_decorator.py for tasks to queue
[2022-02-12 14:57:12,817] {logging_mixin.py:104} INFO - [2022-02-12 14:57:12,817] {dagbag.py:487} INFO - Filling up the DagBag from /home/agalli/sandbox/lib/python3.6/site-packages/airflow/example_dags/example_dag_decorator.py
[2022-02-12 14:57:12,845] {scheduler_job.py:643} INFO - DAG(s) dict_keys(['example_dag_decorator']) retrieved from /home/agalli/sandbox/lib/python3.6/site-packages/airflow/example_dags/example_dag_decorator.py
[2022-02-12 14:57:13,222] {logging_mixin.py:104} INFO - [2022-02-12 14:57:13,222] {dag.py:1832} INFO - Sync 1 DAGs
[2022-02-12 14:57:13,243] {logging_mixin.py:104} INFO - [2022-02-12 14:57:13,243] {dag.py:2305} INFO - Setting next_dagrun for example_dag_decorator to None
[2022-02-12 14:57:13,272] {scheduler_job.py:190} INFO - Processing /home/agalli/sandbox/lib/python3.6/site-packages/airflow/example_dags/example_dag_decorator.py took 0.463 seconds
[2022-02-12 14:57:43,419] {scheduler_job.py:182} INFO - Started process (PID=16704) to work on /home/agalli/sandbox/lib/python3.6/site-packages/airflow/example_dags/example_dag_decorator.py
[2022-02-12 14:57:43,420] {scheduler_job.py:633} INFO - Processing file /home/agalli/sandbox/lib/python3.6/site-packages/airflow/example_dags/example_dag_decorator.py for tasks to queue
[2022-02-12 14:57:43,421] {logging_mixin.py:104} INFO - [2022-02-12 14:57:43,421] {dagbag.py:487} INFO - Filling up the DagBag from /home/agalli/sandbox/lib/python3.6/site-packages/airflow/example_dags/example_dag_decorator.py
[2022-02-12 14:57:43,441] {scheduler_job.py:643} INFO - DAG(s) dict_keys(['example_dag_decorator']) retrieved from /home/agalli/sandbox/lib/python3.6/site-packages/airflow/example_dags/example_dag_decorator.py
[2022-02-12 14:57:43,678] {logging_mixin.py:104} INFO - [2022-02-12 14:57:43,677] {dag.py:1832} INFO - Sync 1 DAGs
[2022-02-12 14:57:43,696] {logging_mixin.py:104} INFO - [2022-02-12 14:57:43,696] {dag.py:2305} INFO - Setting next_dagrun for example_dag_decorator to None
[2022-02-12 14:57:43,711] {scheduler_job.py:190} INFO - Processing /home/agalli/sandbox/lib/python3.6/site-packages/airflow/example_dags/example_dag_decorator.py took 0.295 seconds
[2022-02-12 14:58:13,911] {scheduler_job.py:182} INFO - Started process (PID=16774) to work on /home/agalli/sandbox/lib/python3.6/site-packages/airflow/example_dags/example_dag_decorator.py
[2022-02-12 14:58:13,912] {scheduler_job.py:633} INFO - Processing file /home/agalli/sandbox/lib/python3.6/site-packages/airflow/example_dags/example_dag_decorator.py for tasks to queue
[2022-02-12 14:58:13,913] {logging_mixin.py:104} INFO - [2022-02-12 14:58:13,913] {dagbag.py:487} INFO - Filling up the DagBag from /home/agalli/sandbox/lib/python3.6/site-packages/airflow/example_dags/example_dag_decorator.py
[2022-02-12 14:58:13,932] {scheduler_job.py:643} INFO - DAG(s) dict_keys(['example_dag_decorator']) retrieved from /home/agalli/sandbox/lib/python3.6/site-packages/airflow/example_dags/example_dag_decorator.py
[2022-02-12 14:58:14,184] {logging_mixin.py:104} INFO - [2022-02-12 14:58:14,184] {dag.py:1832} INFO - Sync 1 DAGs
[2022-02-12 14:58:14,201] {logging_mixin.py:104} INFO - [2022-02-12 14:58:14,201] {dag.py:2305} INFO - Setting next_dagrun for example_dag_decorator to None
[2022-02-12 14:58:14,216] {scheduler_job.py:190} INFO - Processing /home/agalli/sandbox/lib/python3.6/site-packages/airflow/example_dags/example_dag_decorator.py took 0.308 seconds
[2022-02-12 14:58:44,344] {scheduler_job.py:182} INFO - Started process (PID=16848) to work on /home/agalli/sandbox/lib/python3.6/site-packages/airflow/example_dags/example_dag_decorator.py
[2022-02-12 14:58:44,345] {scheduler_job.py:633} INFO - Processing file /home/agalli/sandbox/lib/python3.6/site-packages/airflow/example_dags/example_dag_decorator.py for tasks to queue
[2022-02-12 14:58:44,346] {logging_mixin.py:104} INFO - [2022-02-12 14:58:44,346] {dagbag.py:487} INFO - Filling up the DagBag from /home/agalli/sandbox/lib/python3.6/site-packages/airflow/example_dags/example_dag_decorator.py
[2022-02-12 14:58:44,368] {scheduler_job.py:643} INFO - DAG(s) dict_keys(['example_dag_decorator']) retrieved from /home/agalli/sandbox/lib/python3.6/site-packages/airflow/example_dags/example_dag_decorator.py
[2022-02-12 14:58:44,612] {logging_mixin.py:104} INFO - [2022-02-12 14:58:44,612] {dag.py:1832} INFO - Sync 1 DAGs
[2022-02-12 14:58:44,628] {logging_mixin.py:104} INFO - [2022-02-12 14:58:44,628] {dag.py:2305} INFO - Setting next_dagrun for example_dag_decorator to None
[2022-02-12 14:58:44,644] {scheduler_job.py:190} INFO - Processing /home/agalli/sandbox/lib/python3.6/site-packages/airflow/example_dags/example_dag_decorator.py took 0.306 seconds
[2022-02-12 14:59:14,674] {scheduler_job.py:182} INFO - Started process (PID=16914) to work on /home/agalli/sandbox/lib/python3.6/site-packages/airflow/example_dags/example_dag_decorator.py
[2022-02-12 14:59:14,675] {scheduler_job.py:633} INFO - Processing file /home/agalli/sandbox/lib/python3.6/site-packages/airflow/example_dags/example_dag_decorator.py for tasks to queue
[2022-02-12 14:59:14,676] {logging_mixin.py:104} INFO - [2022-02-12 14:59:14,676] {dagbag.py:487} INFO - Filling up the DagBag from /home/agalli/sandbox/lib/python3.6/site-packages/airflow/example_dags/example_dag_decorator.py
[2022-02-12 14:59:14,731] {scheduler_job.py:643} INFO - DAG(s) dict_keys(['example_dag_decorator']) retrieved from /home/agalli/sandbox/lib/python3.6/site-packages/airflow/example_dags/example_dag_decorator.py
[2022-02-12 14:59:14,797] {logging_mixin.py:104} INFO - [2022-02-12 14:59:14,797] {dag.py:1832} INFO - Sync 1 DAGs
[2022-02-12 14:59:14,884] {logging_mixin.py:104} INFO - [2022-02-12 14:59:14,883] {dag.py:2305} INFO - Setting next_dagrun for example_dag_decorator to None
[2022-02-12 14:59:14,904] {scheduler_job.py:190} INFO - Processing /home/agalli/sandbox/lib/python3.6/site-packages/airflow/example_dags/example_dag_decorator.py took 0.237 seconds
[2022-02-12 14:59:45,025] {scheduler_job.py:182} INFO - Started process (PID=16984) to work on /home/agalli/sandbox/lib/python3.6/site-packages/airflow/example_dags/example_dag_decorator.py
[2022-02-12 14:59:45,027] {scheduler_job.py:633} INFO - Processing file /home/agalli/sandbox/lib/python3.6/site-packages/airflow/example_dags/example_dag_decorator.py for tasks to queue
[2022-02-12 14:59:45,029] {logging_mixin.py:104} INFO - [2022-02-12 14:59:45,029] {dagbag.py:487} INFO - Filling up the DagBag from /home/agalli/sandbox/lib/python3.6/site-packages/airflow/example_dags/example_dag_decorator.py
[2022-02-12 14:59:45,092] {scheduler_job.py:643} INFO - DAG(s) dict_keys(['example_dag_decorator']) retrieved from /home/agalli/sandbox/lib/python3.6/site-packages/airflow/example_dags/example_dag_decorator.py
[2022-02-12 14:59:45,557] {logging_mixin.py:104} INFO - [2022-02-12 14:59:45,557] {dag.py:1832} INFO - Sync 1 DAGs
[2022-02-12 14:59:45,585] {logging_mixin.py:104} INFO - [2022-02-12 14:59:45,585] {dag.py:2305} INFO - Setting next_dagrun for example_dag_decorator to None
[2022-02-12 14:59:45,606] {scheduler_job.py:190} INFO - Processing /home/agalli/sandbox/lib/python3.6/site-packages/airflow/example_dags/example_dag_decorator.py took 0.591 seconds
[2022-02-12 15:00:16,361] {scheduler_job.py:182} INFO - Started process (PID=17054) to work on /home/agalli/sandbox/lib/python3.6/site-packages/airflow/example_dags/example_dag_decorator.py
[2022-02-12 15:00:16,363] {scheduler_job.py:633} INFO - Processing file /home/agalli/sandbox/lib/python3.6/site-packages/airflow/example_dags/example_dag_decorator.py for tasks to queue
[2022-02-12 15:00:16,364] {logging_mixin.py:104} INFO - [2022-02-12 15:00:16,364] {dagbag.py:487} INFO - Filling up the DagBag from /home/agalli/sandbox/lib/python3.6/site-packages/airflow/example_dags/example_dag_decorator.py
[2022-02-12 15:00:16,394] {scheduler_job.py:643} INFO - DAG(s) dict_keys(['example_dag_decorator']) retrieved from /home/agalli/sandbox/lib/python3.6/site-packages/airflow/example_dags/example_dag_decorator.py
[2022-02-12 15:00:16,818] {logging_mixin.py:104} INFO - [2022-02-12 15:00:16,818] {dag.py:1832} INFO - Sync 1 DAGs
[2022-02-12 15:00:16,854] {logging_mixin.py:104} INFO - [2022-02-12 15:00:16,854] {dag.py:2305} INFO - Setting next_dagrun for example_dag_decorator to None
[2022-02-12 15:00:16,896] {scheduler_job.py:190} INFO - Processing /home/agalli/sandbox/lib/python3.6/site-packages/airflow/example_dags/example_dag_decorator.py took 0.540 seconds
[2022-02-12 15:00:46,767] {scheduler_job.py:182} INFO - Started process (PID=17724) to work on /home/agalli/sandbox/lib/python3.6/site-packages/airflow/example_dags/example_dag_decorator.py
[2022-02-12 15:00:46,774] {scheduler_job.py:633} INFO - Processing file /home/agalli/sandbox/lib/python3.6/site-packages/airflow/example_dags/example_dag_decorator.py for tasks to queue
[2022-02-12 15:00:46,794] {logging_mixin.py:104} INFO - [2022-02-12 15:00:46,794] {dagbag.py:487} INFO - Filling up the DagBag from /home/agalli/sandbox/lib/python3.6/site-packages/airflow/example_dags/example_dag_decorator.py
[2022-02-12 15:00:46,950] {scheduler_job.py:643} INFO - DAG(s) dict_keys(['example_dag_decorator']) retrieved from /home/agalli/sandbox/lib/python3.6/site-packages/airflow/example_dags/example_dag_decorator.py
[2022-02-12 15:00:48,842] {logging_mixin.py:104} INFO - [2022-02-12 15:00:48,842] {dag.py:1832} INFO - Sync 1 DAGs
[2022-02-12 15:00:48,979] {logging_mixin.py:104} INFO - [2022-02-12 15:00:48,979] {dag.py:2305} INFO - Setting next_dagrun for example_dag_decorator to None
[2022-02-12 15:00:49,219] {scheduler_job.py:190} INFO - Processing /home/agalli/sandbox/lib/python3.6/site-packages/airflow/example_dags/example_dag_decorator.py took 2.489 seconds
[2022-02-12 15:01:19,803] {scheduler_job.py:182} INFO - Started process (PID=17998) to work on /home/agalli/sandbox/lib/python3.6/site-packages/airflow/example_dags/example_dag_decorator.py
[2022-02-12 15:01:19,804] {scheduler_job.py:633} INFO - Processing file /home/agalli/sandbox/lib/python3.6/site-packages/airflow/example_dags/example_dag_decorator.py for tasks to queue
[2022-02-12 15:01:19,805] {logging_mixin.py:104} INFO - [2022-02-12 15:01:19,805] {dagbag.py:487} INFO - Filling up the DagBag from /home/agalli/sandbox/lib/python3.6/site-packages/airflow/example_dags/example_dag_decorator.py
[2022-02-12 15:01:19,828] {scheduler_job.py:643} INFO - DAG(s) dict_keys(['example_dag_decorator']) retrieved from /home/agalli/sandbox/lib/python3.6/site-packages/airflow/example_dags/example_dag_decorator.py
[2022-02-12 15:01:20,110] {logging_mixin.py:104} INFO - [2022-02-12 15:01:20,110] {dag.py:1832} INFO - Sync 1 DAGs
[2022-02-12 15:01:20,124] {logging_mixin.py:104} INFO - [2022-02-12 15:01:20,124] {dag.py:2305} INFO - Setting next_dagrun for example_dag_decorator to None
[2022-02-12 15:01:20,140] {scheduler_job.py:190} INFO - Processing /home/agalli/sandbox/lib/python3.6/site-packages/airflow/example_dags/example_dag_decorator.py took 0.342 seconds
[2022-02-12 15:01:50,451] {scheduler_job.py:182} INFO - Started process (PID=18200) to work on /home/agalli/sandbox/lib/python3.6/site-packages/airflow/example_dags/example_dag_decorator.py
[2022-02-12 15:01:50,454] {scheduler_job.py:633} INFO - Processing file /home/agalli/sandbox/lib/python3.6/site-packages/airflow/example_dags/example_dag_decorator.py for tasks to queue
[2022-02-12 15:01:50,456] {logging_mixin.py:104} INFO - [2022-02-12 15:01:50,455] {dagbag.py:487} INFO - Filling up the DagBag from /home/agalli/sandbox/lib/python3.6/site-packages/airflow/example_dags/example_dag_decorator.py
[2022-02-12 15:01:50,504] {scheduler_job.py:643} INFO - DAG(s) dict_keys(['example_dag_decorator']) retrieved from /home/agalli/sandbox/lib/python3.6/site-packages/airflow/example_dags/example_dag_decorator.py
[2022-02-12 15:01:51,044] {logging_mixin.py:104} INFO - [2022-02-12 15:01:51,044] {dag.py:1832} INFO - Sync 1 DAGs
[2022-02-12 15:01:51,062] {logging_mixin.py:104} INFO - [2022-02-12 15:01:51,061] {dag.py:2305} INFO - Setting next_dagrun for example_dag_decorator to None
[2022-02-12 15:01:51,085] {scheduler_job.py:190} INFO - Processing /home/agalli/sandbox/lib/python3.6/site-packages/airflow/example_dags/example_dag_decorator.py took 0.650 seconds
[2022-02-12 15:02:21,316] {scheduler_job.py:182} INFO - Started process (PID=18534) to work on /home/agalli/sandbox/lib/python3.6/site-packages/airflow/example_dags/example_dag_decorator.py
[2022-02-12 15:02:21,317] {scheduler_job.py:633} INFO - Processing file /home/agalli/sandbox/lib/python3.6/site-packages/airflow/example_dags/example_dag_decorator.py for tasks to queue
[2022-02-12 15:02:21,318] {logging_mixin.py:104} INFO - [2022-02-12 15:02:21,318] {dagbag.py:487} INFO - Filling up the DagBag from /home/agalli/sandbox/lib/python3.6/site-packages/airflow/example_dags/example_dag_decorator.py
[2022-02-12 15:02:21,355] {scheduler_job.py:643} INFO - DAG(s) dict_keys(['example_dag_decorator']) retrieved from /home/agalli/sandbox/lib/python3.6/site-packages/airflow/example_dags/example_dag_decorator.py
[2022-02-12 15:02:21,970] {logging_mixin.py:104} INFO - [2022-02-12 15:02:21,970] {dag.py:1832} INFO - Sync 1 DAGs
[2022-02-12 15:02:21,996] {logging_mixin.py:104} INFO - [2022-02-12 15:02:21,995] {dag.py:2305} INFO - Setting next_dagrun for example_dag_decorator to None
[2022-02-12 15:02:22,018] {scheduler_job.py:190} INFO - Processing /home/agalli/sandbox/lib/python3.6/site-packages/airflow/example_dags/example_dag_decorator.py took 0.718 seconds
[2022-02-12 15:02:52,902] {scheduler_job.py:182} INFO - Started process (PID=19036) to work on /home/agalli/sandbox/lib/python3.6/site-packages/airflow/example_dags/example_dag_decorator.py
[2022-02-12 15:02:52,904] {scheduler_job.py:633} INFO - Processing file /home/agalli/sandbox/lib/python3.6/site-packages/airflow/example_dags/example_dag_decorator.py for tasks to queue
[2022-02-12 15:02:52,909] {logging_mixin.py:104} INFO - [2022-02-12 15:02:52,908] {dagbag.py:487} INFO - Filling up the DagBag from /home/agalli/sandbox/lib/python3.6/site-packages/airflow/example_dags/example_dag_decorator.py
[2022-02-12 15:02:52,950] {scheduler_job.py:643} INFO - DAG(s) dict_keys(['example_dag_decorator']) retrieved from /home/agalli/sandbox/lib/python3.6/site-packages/airflow/example_dags/example_dag_decorator.py
[2022-02-12 15:02:53,694] {logging_mixin.py:104} INFO - [2022-02-12 15:02:53,694] {dag.py:1832} INFO - Sync 1 DAGs
[2022-02-12 15:02:53,761] {logging_mixin.py:104} INFO - [2022-02-12 15:02:53,760] {dag.py:2305} INFO - Setting next_dagrun for example_dag_decorator to None
[2022-02-12 15:02:53,788] {scheduler_job.py:190} INFO - Processing /home/agalli/sandbox/lib/python3.6/site-packages/airflow/example_dags/example_dag_decorator.py took 0.892 seconds
[2022-02-12 15:03:24,150] {scheduler_job.py:182} INFO - Started process (PID=19364) to work on /home/agalli/sandbox/lib/python3.6/site-packages/airflow/example_dags/example_dag_decorator.py
[2022-02-12 15:03:24,154] {scheduler_job.py:633} INFO - Processing file /home/agalli/sandbox/lib/python3.6/site-packages/airflow/example_dags/example_dag_decorator.py for tasks to queue
[2022-02-12 15:03:24,155] {logging_mixin.py:104} INFO - [2022-02-12 15:03:24,155] {dagbag.py:487} INFO - Filling up the DagBag from /home/agalli/sandbox/lib/python3.6/site-packages/airflow/example_dags/example_dag_decorator.py
[2022-02-12 15:03:24,192] {scheduler_job.py:643} INFO - DAG(s) dict_keys(['example_dag_decorator']) retrieved from /home/agalli/sandbox/lib/python3.6/site-packages/airflow/example_dags/example_dag_decorator.py
[2022-02-12 15:03:25,162] {logging_mixin.py:104} INFO - [2022-02-12 15:03:25,162] {dag.py:1832} INFO - Sync 1 DAGs
[2022-02-12 15:03:25,226] {logging_mixin.py:104} INFO - [2022-02-12 15:03:25,225] {dag.py:2305} INFO - Setting next_dagrun for example_dag_decorator to None
[2022-02-12 15:03:25,271] {scheduler_job.py:190} INFO - Processing /home/agalli/sandbox/lib/python3.6/site-packages/airflow/example_dags/example_dag_decorator.py took 1.127 seconds
[2022-02-12 15:03:55,457] {scheduler_job.py:182} INFO - Started process (PID=19578) to work on /home/agalli/sandbox/lib/python3.6/site-packages/airflow/example_dags/example_dag_decorator.py
[2022-02-12 15:03:55,460] {scheduler_job.py:633} INFO - Processing file /home/agalli/sandbox/lib/python3.6/site-packages/airflow/example_dags/example_dag_decorator.py for tasks to queue
[2022-02-12 15:03:55,467] {logging_mixin.py:104} INFO - [2022-02-12 15:03:55,466] {dagbag.py:487} INFO - Filling up the DagBag from /home/agalli/sandbox/lib/python3.6/site-packages/airflow/example_dags/example_dag_decorator.py
[2022-02-12 15:03:55,562] {scheduler_job.py:643} INFO - DAG(s) dict_keys(['example_dag_decorator']) retrieved from /home/agalli/sandbox/lib/python3.6/site-packages/airflow/example_dags/example_dag_decorator.py
[2022-02-12 15:03:56,651] {logging_mixin.py:104} INFO - [2022-02-12 15:03:56,651] {dag.py:1832} INFO - Sync 1 DAGs
[2022-02-12 15:03:56,712] {logging_mixin.py:104} INFO - [2022-02-12 15:03:56,711] {dag.py:2305} INFO - Setting next_dagrun for example_dag_decorator to None
[2022-02-12 15:03:56,762] {scheduler_job.py:190} INFO - Processing /home/agalli/sandbox/lib/python3.6/site-packages/airflow/example_dags/example_dag_decorator.py took 1.319 seconds
[2022-02-12 15:04:27,248] {scheduler_job.py:182} INFO - Started process (PID=19781) to work on /home/agalli/sandbox/lib/python3.6/site-packages/airflow/example_dags/example_dag_decorator.py
[2022-02-12 15:04:27,249] {scheduler_job.py:633} INFO - Processing file /home/agalli/sandbox/lib/python3.6/site-packages/airflow/example_dags/example_dag_decorator.py for tasks to queue
[2022-02-12 15:04:27,250] {logging_mixin.py:104} INFO - [2022-02-12 15:04:27,249] {dagbag.py:487} INFO - Filling up the DagBag from /home/agalli/sandbox/lib/python3.6/site-packages/airflow/example_dags/example_dag_decorator.py
[2022-02-12 15:04:27,272] {scheduler_job.py:643} INFO - DAG(s) dict_keys(['example_dag_decorator']) retrieved from /home/agalli/sandbox/lib/python3.6/site-packages/airflow/example_dags/example_dag_decorator.py
[2022-02-12 15:04:27,621] {logging_mixin.py:104} INFO - [2022-02-12 15:04:27,621] {dag.py:1832} INFO - Sync 1 DAGs
[2022-02-12 15:04:27,643] {logging_mixin.py:104} INFO - [2022-02-12 15:04:27,643] {dag.py:2305} INFO - Setting next_dagrun for example_dag_decorator to None
[2022-02-12 15:04:27,662] {scheduler_job.py:190} INFO - Processing /home/agalli/sandbox/lib/python3.6/site-packages/airflow/example_dags/example_dag_decorator.py took 0.419 seconds
[2022-02-12 15:04:58,640] {scheduler_job.py:182} INFO - Started process (PID=19983) to work on /home/agalli/sandbox/lib/python3.6/site-packages/airflow/example_dags/example_dag_decorator.py
[2022-02-12 15:04:58,642] {scheduler_job.py:633} INFO - Processing file /home/agalli/sandbox/lib/python3.6/site-packages/airflow/example_dags/example_dag_decorator.py for tasks to queue
[2022-02-12 15:04:58,643] {logging_mixin.py:104} INFO - [2022-02-12 15:04:58,643] {dagbag.py:487} INFO - Filling up the DagBag from /home/agalli/sandbox/lib/python3.6/site-packages/airflow/example_dags/example_dag_decorator.py
[2022-02-12 15:04:58,666] {scheduler_job.py:643} INFO - DAG(s) dict_keys(['example_dag_decorator']) retrieved from /home/agalli/sandbox/lib/python3.6/site-packages/airflow/example_dags/example_dag_decorator.py
[2022-02-12 15:04:58,940] {logging_mixin.py:104} INFO - [2022-02-12 15:04:58,940] {dag.py:1832} INFO - Sync 1 DAGs
[2022-02-12 15:04:58,959] {logging_mixin.py:104} INFO - [2022-02-12 15:04:58,959] {dag.py:2305} INFO - Setting next_dagrun for example_dag_decorator to None
[2022-02-12 15:04:58,978] {scheduler_job.py:190} INFO - Processing /home/agalli/sandbox/lib/python3.6/site-packages/airflow/example_dags/example_dag_decorator.py took 0.341 seconds
[2022-02-12 15:05:29,143] {scheduler_job.py:182} INFO - Started process (PID=20185) to work on /home/agalli/sandbox/lib/python3.6/site-packages/airflow/example_dags/example_dag_decorator.py
[2022-02-12 15:05:29,145] {scheduler_job.py:633} INFO - Processing file /home/agalli/sandbox/lib/python3.6/site-packages/airflow/example_dags/example_dag_decorator.py for tasks to queue
[2022-02-12 15:05:29,146] {logging_mixin.py:104} INFO - [2022-02-12 15:05:29,146] {dagbag.py:487} INFO - Filling up the DagBag from /home/agalli/sandbox/lib/python3.6/site-packages/airflow/example_dags/example_dag_decorator.py
[2022-02-12 15:05:29,169] {scheduler_job.py:643} INFO - DAG(s) dict_keys(['example_dag_decorator']) retrieved from /home/agalli/sandbox/lib/python3.6/site-packages/airflow/example_dags/example_dag_decorator.py
[2022-02-12 15:05:29,458] {logging_mixin.py:104} INFO - [2022-02-12 15:05:29,458] {dag.py:1832} INFO - Sync 1 DAGs
[2022-02-12 15:05:29,476] {logging_mixin.py:104} INFO - [2022-02-12 15:05:29,476] {dag.py:2305} INFO - Setting next_dagrun for example_dag_decorator to None
[2022-02-12 15:05:29,495] {scheduler_job.py:190} INFO - Processing /home/agalli/sandbox/lib/python3.6/site-packages/airflow/example_dags/example_dag_decorator.py took 0.355 seconds
[2022-02-12 15:05:59,659] {scheduler_job.py:182} INFO - Started process (PID=20507) to work on /home/agalli/sandbox/lib/python3.6/site-packages/airflow/example_dags/example_dag_decorator.py
[2022-02-12 15:05:59,660] {scheduler_job.py:633} INFO - Processing file /home/agalli/sandbox/lib/python3.6/site-packages/airflow/example_dags/example_dag_decorator.py for tasks to queue
[2022-02-12 15:05:59,661] {logging_mixin.py:104} INFO - [2022-02-12 15:05:59,661] {dagbag.py:487} INFO - Filling up the DagBag from /home/agalli/sandbox/lib/python3.6/site-packages/airflow/example_dags/example_dag_decorator.py
[2022-02-12 15:05:59,684] {scheduler_job.py:643} INFO - DAG(s) dict_keys(['example_dag_decorator']) retrieved from /home/agalli/sandbox/lib/python3.6/site-packages/airflow/example_dags/example_dag_decorator.py
[2022-02-12 15:06:00,207] {logging_mixin.py:104} INFO - [2022-02-12 15:06:00,207] {dag.py:1832} INFO - Sync 1 DAGs
[2022-02-12 15:06:00,236] {logging_mixin.py:104} INFO - [2022-02-12 15:06:00,236] {dag.py:2305} INFO - Setting next_dagrun for example_dag_decorator to None
[2022-02-12 15:06:00,257] {scheduler_job.py:190} INFO - Processing /home/agalli/sandbox/lib/python3.6/site-packages/airflow/example_dags/example_dag_decorator.py took 0.601 seconds
[2022-02-12 15:06:31,234] {scheduler_job.py:182} INFO - Started process (PID=20709) to work on /home/agalli/sandbox/lib/python3.6/site-packages/airflow/example_dags/example_dag_decorator.py
[2022-02-12 15:06:31,236] {scheduler_job.py:633} INFO - Processing file /home/agalli/sandbox/lib/python3.6/site-packages/airflow/example_dags/example_dag_decorator.py for tasks to queue
[2022-02-12 15:06:31,237] {logging_mixin.py:104} INFO - [2022-02-12 15:06:31,237] {dagbag.py:487} INFO - Filling up the DagBag from /home/agalli/sandbox/lib/python3.6/site-packages/airflow/example_dags/example_dag_decorator.py
[2022-02-12 15:06:31,286] {scheduler_job.py:643} INFO - DAG(s) dict_keys(['example_dag_decorator']) retrieved from /home/agalli/sandbox/lib/python3.6/site-packages/airflow/example_dags/example_dag_decorator.py
[2022-02-12 15:06:31,973] {logging_mixin.py:104} INFO - [2022-02-12 15:06:31,973] {dag.py:1832} INFO - Sync 1 DAGs
[2022-02-12 15:06:32,032] {logging_mixin.py:104} INFO - [2022-02-12 15:06:32,032] {dag.py:2305} INFO - Setting next_dagrun for example_dag_decorator to None
[2022-02-12 15:06:32,105] {scheduler_job.py:190} INFO - Processing /home/agalli/sandbox/lib/python3.6/site-packages/airflow/example_dags/example_dag_decorator.py took 0.876 seconds
[2022-02-12 15:07:02,803] {scheduler_job.py:182} INFO - Started process (PID=20911) to work on /home/agalli/sandbox/lib/python3.6/site-packages/airflow/example_dags/example_dag_decorator.py
[2022-02-12 15:07:02,804] {scheduler_job.py:633} INFO - Processing file /home/agalli/sandbox/lib/python3.6/site-packages/airflow/example_dags/example_dag_decorator.py for tasks to queue
[2022-02-12 15:07:02,806] {logging_mixin.py:104} INFO - [2022-02-12 15:07:02,805] {dagbag.py:487} INFO - Filling up the DagBag from /home/agalli/sandbox/lib/python3.6/site-packages/airflow/example_dags/example_dag_decorator.py
[2022-02-12 15:07:02,853] {scheduler_job.py:643} INFO - DAG(s) dict_keys(['example_dag_decorator']) retrieved from /home/agalli/sandbox/lib/python3.6/site-packages/airflow/example_dags/example_dag_decorator.py
[2022-02-12 15:07:03,512] {logging_mixin.py:104} INFO - [2022-02-12 15:07:03,511] {dag.py:1832} INFO - Sync 1 DAGs
[2022-02-12 15:07:03,557] {logging_mixin.py:104} INFO - [2022-02-12 15:07:03,557] {dag.py:2305} INFO - Setting next_dagrun for example_dag_decorator to None
[2022-02-12 15:07:03,613] {scheduler_job.py:190} INFO - Processing /home/agalli/sandbox/lib/python3.6/site-packages/airflow/example_dags/example_dag_decorator.py took 0.817 seconds
[2022-02-12 15:07:33,903] {scheduler_job.py:182} INFO - Started process (PID=21113) to work on /home/agalli/sandbox/lib/python3.6/site-packages/airflow/example_dags/example_dag_decorator.py
[2022-02-12 15:07:33,904] {scheduler_job.py:633} INFO - Processing file /home/agalli/sandbox/lib/python3.6/site-packages/airflow/example_dags/example_dag_decorator.py for tasks to queue
[2022-02-12 15:07:33,906] {logging_mixin.py:104} INFO - [2022-02-12 15:07:33,906] {dagbag.py:487} INFO - Filling up the DagBag from /home/agalli/sandbox/lib/python3.6/site-packages/airflow/example_dags/example_dag_decorator.py
[2022-02-12 15:07:33,932] {scheduler_job.py:643} INFO - DAG(s) dict_keys(['example_dag_decorator']) retrieved from /home/agalli/sandbox/lib/python3.6/site-packages/airflow/example_dags/example_dag_decorator.py
[2022-02-12 15:07:34,284] {logging_mixin.py:104} INFO - [2022-02-12 15:07:34,284] {dag.py:1832} INFO - Sync 1 DAGs
[2022-02-12 15:07:34,301] {logging_mixin.py:104} INFO - [2022-02-12 15:07:34,301] {dag.py:2305} INFO - Setting next_dagrun for example_dag_decorator to None
[2022-02-12 15:07:34,319] {scheduler_job.py:190} INFO - Processing /home/agalli/sandbox/lib/python3.6/site-packages/airflow/example_dags/example_dag_decorator.py took 0.419 seconds
[2022-02-12 15:08:04,968] {scheduler_job.py:182} INFO - Started process (PID=21318) to work on /home/agalli/sandbox/lib/python3.6/site-packages/airflow/example_dags/example_dag_decorator.py
[2022-02-12 15:08:04,970] {scheduler_job.py:633} INFO - Processing file /home/agalli/sandbox/lib/python3.6/site-packages/airflow/example_dags/example_dag_decorator.py for tasks to queue
[2022-02-12 15:08:04,971] {logging_mixin.py:104} INFO - [2022-02-12 15:08:04,971] {dagbag.py:487} INFO - Filling up the DagBag from /home/agalli/sandbox/lib/python3.6/site-packages/airflow/example_dags/example_dag_decorator.py
[2022-02-12 15:08:04,993] {scheduler_job.py:643} INFO - DAG(s) dict_keys(['example_dag_decorator']) retrieved from /home/agalli/sandbox/lib/python3.6/site-packages/airflow/example_dags/example_dag_decorator.py
[2022-02-12 15:08:05,316] {logging_mixin.py:104} INFO - [2022-02-12 15:08:05,316] {dag.py:1832} INFO - Sync 1 DAGs
[2022-02-12 15:08:05,338] {logging_mixin.py:104} INFO - [2022-02-12 15:08:05,338] {dag.py:2305} INFO - Setting next_dagrun for example_dag_decorator to None
[2022-02-12 15:08:05,355] {scheduler_job.py:190} INFO - Processing /home/agalli/sandbox/lib/python3.6/site-packages/airflow/example_dags/example_dag_decorator.py took 0.392 seconds
[2022-02-12 15:08:35,995] {scheduler_job.py:182} INFO - Started process (PID=21520) to work on /home/agalli/sandbox/lib/python3.6/site-packages/airflow/example_dags/example_dag_decorator.py
[2022-02-12 15:08:35,998] {scheduler_job.py:633} INFO - Processing file /home/agalli/sandbox/lib/python3.6/site-packages/airflow/example_dags/example_dag_decorator.py for tasks to queue
[2022-02-12 15:08:35,999] {logging_mixin.py:104} INFO - [2022-02-12 15:08:35,999] {dagbag.py:487} INFO - Filling up the DagBag from /home/agalli/sandbox/lib/python3.6/site-packages/airflow/example_dags/example_dag_decorator.py
[2022-02-12 15:08:36,021] {scheduler_job.py:643} INFO - DAG(s) dict_keys(['example_dag_decorator']) retrieved from /home/agalli/sandbox/lib/python3.6/site-packages/airflow/example_dags/example_dag_decorator.py
[2022-02-12 15:08:36,336] {logging_mixin.py:104} INFO - [2022-02-12 15:08:36,336] {dag.py:1832} INFO - Sync 1 DAGs
[2022-02-12 15:08:36,351] {logging_mixin.py:104} INFO - [2022-02-12 15:08:36,351] {dag.py:2305} INFO - Setting next_dagrun for example_dag_decorator to None
[2022-02-12 15:08:36,370] {scheduler_job.py:190} INFO - Processing /home/agalli/sandbox/lib/python3.6/site-packages/airflow/example_dags/example_dag_decorator.py took 0.378 seconds
