[2022-02-12 13:57:19,598] {scheduler_job.py:182} INFO - Started process (PID=1483) to work on /home/agalli/sandbox/lib/python3.6/site-packages/airflow/example_dags/example_xcom.py
[2022-02-12 13:57:19,627] {scheduler_job.py:633} INFO - Processing file /home/agalli/sandbox/lib/python3.6/site-packages/airflow/example_dags/example_xcom.py for tasks to queue
[2022-02-12 13:57:19,642] {logging_mixin.py:104} INFO - [2022-02-12 13:57:19,642] {dagbag.py:487} INFO - Filling up the DagBag from /home/agalli/sandbox/lib/python3.6/site-packages/airflow/example_dags/example_xcom.py
[2022-02-12 13:57:19,718] {scheduler_job.py:643} INFO - DAG(s) dict_keys(['example_xcom']) retrieved from /home/agalli/sandbox/lib/python3.6/site-packages/airflow/example_dags/example_xcom.py
[2022-02-12 13:57:19,897] {logging_mixin.py:104} INFO - [2022-02-12 13:57:19,897] {dag.py:1832} INFO - Sync 1 DAGs
[2022-02-12 13:57:20,017] {logging_mixin.py:104} INFO - [2022-02-12 13:57:20,016] {dag.py:2305} INFO - Setting next_dagrun for example_xcom to 2022-02-10 00:00:00+00:00
[2022-02-12 13:57:20,100] {scheduler_job.py:190} INFO - Processing /home/agalli/sandbox/lib/python3.6/site-packages/airflow/example_dags/example_xcom.py took 0.519 seconds
[2022-02-12 13:57:50,403] {scheduler_job.py:182} INFO - Started process (PID=2108) to work on /home/agalli/sandbox/lib/python3.6/site-packages/airflow/example_dags/example_xcom.py
[2022-02-12 13:57:50,405] {scheduler_job.py:633} INFO - Processing file /home/agalli/sandbox/lib/python3.6/site-packages/airflow/example_dags/example_xcom.py for tasks to queue
[2022-02-12 13:57:50,407] {logging_mixin.py:104} INFO - [2022-02-12 13:57:50,406] {dagbag.py:487} INFO - Filling up the DagBag from /home/agalli/sandbox/lib/python3.6/site-packages/airflow/example_dags/example_xcom.py
[2022-02-12 13:57:50,450] {scheduler_job.py:643} INFO - DAG(s) dict_keys(['example_xcom']) retrieved from /home/agalli/sandbox/lib/python3.6/site-packages/airflow/example_dags/example_xcom.py
[2022-02-12 13:57:50,607] {logging_mixin.py:104} INFO - [2022-02-12 13:57:50,607] {dag.py:1832} INFO - Sync 1 DAGs
[2022-02-12 13:57:50,792] {logging_mixin.py:104} INFO - [2022-02-12 13:57:50,791] {dag.py:2305} INFO - Setting next_dagrun for example_xcom to 2022-02-10 00:00:00+00:00
[2022-02-12 13:57:50,845] {scheduler_job.py:190} INFO - Processing /home/agalli/sandbox/lib/python3.6/site-packages/airflow/example_dags/example_xcom.py took 0.457 seconds
[2022-02-12 13:58:21,694] {scheduler_job.py:182} INFO - Started process (PID=2339) to work on /home/agalli/sandbox/lib/python3.6/site-packages/airflow/example_dags/example_xcom.py
[2022-02-12 13:58:21,696] {scheduler_job.py:633} INFO - Processing file /home/agalli/sandbox/lib/python3.6/site-packages/airflow/example_dags/example_xcom.py for tasks to queue
[2022-02-12 13:58:21,697] {logging_mixin.py:104} INFO - [2022-02-12 13:58:21,697] {dagbag.py:487} INFO - Filling up the DagBag from /home/agalli/sandbox/lib/python3.6/site-packages/airflow/example_dags/example_xcom.py
[2022-02-12 13:58:21,712] {scheduler_job.py:643} INFO - DAG(s) dict_keys(['example_xcom']) retrieved from /home/agalli/sandbox/lib/python3.6/site-packages/airflow/example_dags/example_xcom.py
[2022-02-12 13:58:21,748] {logging_mixin.py:104} INFO - [2022-02-12 13:58:21,748] {dag.py:1832} INFO - Sync 1 DAGs
[2022-02-12 13:58:21,766] {logging_mixin.py:104} INFO - [2022-02-12 13:58:21,766] {dag.py:2305} INFO - Setting next_dagrun for example_xcom to 2022-02-10 00:00:00+00:00
[2022-02-12 13:58:21,782] {scheduler_job.py:190} INFO - Processing /home/agalli/sandbox/lib/python3.6/site-packages/airflow/example_dags/example_xcom.py took 0.092 seconds
[2022-02-12 13:58:52,031] {scheduler_job.py:182} INFO - Started process (PID=2541) to work on /home/agalli/sandbox/lib/python3.6/site-packages/airflow/example_dags/example_xcom.py
[2022-02-12 13:58:52,032] {scheduler_job.py:633} INFO - Processing file /home/agalli/sandbox/lib/python3.6/site-packages/airflow/example_dags/example_xcom.py for tasks to queue
[2022-02-12 13:58:52,034] {logging_mixin.py:104} INFO - [2022-02-12 13:58:52,033] {dagbag.py:487} INFO - Filling up the DagBag from /home/agalli/sandbox/lib/python3.6/site-packages/airflow/example_dags/example_xcom.py
[2022-02-12 13:58:52,060] {scheduler_job.py:643} INFO - DAG(s) dict_keys(['example_xcom']) retrieved from /home/agalli/sandbox/lib/python3.6/site-packages/airflow/example_dags/example_xcom.py
[2022-02-12 13:58:52,120] {logging_mixin.py:104} INFO - [2022-02-12 13:58:52,120] {dag.py:1832} INFO - Sync 1 DAGs
[2022-02-12 13:58:52,158] {logging_mixin.py:104} INFO - [2022-02-12 13:58:52,158] {dag.py:2305} INFO - Setting next_dagrun for example_xcom to 2022-02-10 00:00:00+00:00
[2022-02-12 13:58:52,186] {scheduler_job.py:190} INFO - Processing /home/agalli/sandbox/lib/python3.6/site-packages/airflow/example_dags/example_xcom.py took 0.162 seconds
[2022-02-12 13:59:22,420] {scheduler_job.py:182} INFO - Started process (PID=2742) to work on /home/agalli/sandbox/lib/python3.6/site-packages/airflow/example_dags/example_xcom.py
[2022-02-12 13:59:22,422] {scheduler_job.py:633} INFO - Processing file /home/agalli/sandbox/lib/python3.6/site-packages/airflow/example_dags/example_xcom.py for tasks to queue
[2022-02-12 13:59:22,423] {logging_mixin.py:104} INFO - [2022-02-12 13:59:22,423] {dagbag.py:487} INFO - Filling up the DagBag from /home/agalli/sandbox/lib/python3.6/site-packages/airflow/example_dags/example_xcom.py
[2022-02-12 13:59:22,434] {scheduler_job.py:643} INFO - DAG(s) dict_keys(['example_xcom']) retrieved from /home/agalli/sandbox/lib/python3.6/site-packages/airflow/example_dags/example_xcom.py
[2022-02-12 13:59:22,469] {logging_mixin.py:104} INFO - [2022-02-12 13:59:22,469] {dag.py:1832} INFO - Sync 1 DAGs
[2022-02-12 13:59:22,488] {logging_mixin.py:104} INFO - [2022-02-12 13:59:22,488] {dag.py:2305} INFO - Setting next_dagrun for example_xcom to 2022-02-10 00:00:00+00:00
[2022-02-12 13:59:22,508] {scheduler_job.py:190} INFO - Processing /home/agalli/sandbox/lib/python3.6/site-packages/airflow/example_dags/example_xcom.py took 0.092 seconds
[2022-02-12 13:59:52,873] {scheduler_job.py:182} INFO - Started process (PID=3007) to work on /home/agalli/sandbox/lib/python3.6/site-packages/airflow/example_dags/example_xcom.py
[2022-02-12 13:59:52,874] {scheduler_job.py:633} INFO - Processing file /home/agalli/sandbox/lib/python3.6/site-packages/airflow/example_dags/example_xcom.py for tasks to queue
[2022-02-12 13:59:52,875] {logging_mixin.py:104} INFO - [2022-02-12 13:59:52,875] {dagbag.py:487} INFO - Filling up the DagBag from /home/agalli/sandbox/lib/python3.6/site-packages/airflow/example_dags/example_xcom.py
[2022-02-12 13:59:52,893] {scheduler_job.py:643} INFO - DAG(s) dict_keys(['example_xcom']) retrieved from /home/agalli/sandbox/lib/python3.6/site-packages/airflow/example_dags/example_xcom.py
[2022-02-12 13:59:52,938] {logging_mixin.py:104} INFO - [2022-02-12 13:59:52,938] {dag.py:1832} INFO - Sync 1 DAGs
[2022-02-12 13:59:52,964] {logging_mixin.py:104} INFO - [2022-02-12 13:59:52,964] {dag.py:2305} INFO - Setting next_dagrun for example_xcom to 2022-02-10 00:00:00+00:00
[2022-02-12 13:59:52,993] {scheduler_job.py:190} INFO - Processing /home/agalli/sandbox/lib/python3.6/site-packages/airflow/example_dags/example_xcom.py took 0.125 seconds
[2022-02-12 14:00:23,720] {scheduler_job.py:182} INFO - Started process (PID=3314) to work on /home/agalli/sandbox/lib/python3.6/site-packages/airflow/example_dags/example_xcom.py
[2022-02-12 14:00:23,721] {scheduler_job.py:633} INFO - Processing file /home/agalli/sandbox/lib/python3.6/site-packages/airflow/example_dags/example_xcom.py for tasks to queue
[2022-02-12 14:00:23,722] {logging_mixin.py:104} INFO - [2022-02-12 14:00:23,722] {dagbag.py:487} INFO - Filling up the DagBag from /home/agalli/sandbox/lib/python3.6/site-packages/airflow/example_dags/example_xcom.py
[2022-02-12 14:00:23,753] {scheduler_job.py:643} INFO - DAG(s) dict_keys(['example_xcom']) retrieved from /home/agalli/sandbox/lib/python3.6/site-packages/airflow/example_dags/example_xcom.py
[2022-02-12 14:00:23,804] {logging_mixin.py:104} INFO - [2022-02-12 14:00:23,804] {dag.py:1832} INFO - Sync 1 DAGs
[2022-02-12 14:00:23,829] {logging_mixin.py:104} INFO - [2022-02-12 14:00:23,828] {dag.py:2305} INFO - Setting next_dagrun for example_xcom to 2022-02-10 00:00:00+00:00
[2022-02-12 14:00:23,844] {scheduler_job.py:190} INFO - Processing /home/agalli/sandbox/lib/python3.6/site-packages/airflow/example_dags/example_xcom.py took 0.135 seconds
[2022-02-12 14:00:54,303] {scheduler_job.py:182} INFO - Started process (PID=3653) to work on /home/agalli/sandbox/lib/python3.6/site-packages/airflow/example_dags/example_xcom.py
[2022-02-12 14:00:54,306] {scheduler_job.py:633} INFO - Processing file /home/agalli/sandbox/lib/python3.6/site-packages/airflow/example_dags/example_xcom.py for tasks to queue
[2022-02-12 14:00:54,308] {logging_mixin.py:104} INFO - [2022-02-12 14:00:54,308] {dagbag.py:487} INFO - Filling up the DagBag from /home/agalli/sandbox/lib/python3.6/site-packages/airflow/example_dags/example_xcom.py
[2022-02-12 14:00:54,592] {scheduler_job.py:643} INFO - DAG(s) dict_keys(['example_xcom']) retrieved from /home/agalli/sandbox/lib/python3.6/site-packages/airflow/example_dags/example_xcom.py
[2022-02-12 14:00:54,940] {logging_mixin.py:104} INFO - [2022-02-12 14:00:54,940] {dag.py:1832} INFO - Sync 1 DAGs
[2022-02-12 14:00:55,112] {logging_mixin.py:104} INFO - [2022-02-12 14:00:55,111] {dag.py:2305} INFO - Setting next_dagrun for example_xcom to 2022-02-10 00:00:00+00:00
[2022-02-12 14:00:55,320] {scheduler_job.py:190} INFO - Processing /home/agalli/sandbox/lib/python3.6/site-packages/airflow/example_dags/example_xcom.py took 1.048 seconds
[2022-02-12 14:01:25,523] {scheduler_job.py:182} INFO - Started process (PID=4980) to work on /home/agalli/sandbox/lib/python3.6/site-packages/airflow/example_dags/example_xcom.py
[2022-02-12 14:01:25,525] {scheduler_job.py:633} INFO - Processing file /home/agalli/sandbox/lib/python3.6/site-packages/airflow/example_dags/example_xcom.py for tasks to queue
[2022-02-12 14:01:25,525] {logging_mixin.py:104} INFO - [2022-02-12 14:01:25,525] {dagbag.py:487} INFO - Filling up the DagBag from /home/agalli/sandbox/lib/python3.6/site-packages/airflow/example_dags/example_xcom.py
[2022-02-12 14:01:25,543] {scheduler_job.py:643} INFO - DAG(s) dict_keys(['example_xcom']) retrieved from /home/agalli/sandbox/lib/python3.6/site-packages/airflow/example_dags/example_xcom.py
[2022-02-12 14:01:25,573] {logging_mixin.py:104} INFO - [2022-02-12 14:01:25,572] {dag.py:1832} INFO - Sync 1 DAGs
[2022-02-12 14:01:25,596] {logging_mixin.py:104} INFO - [2022-02-12 14:01:25,596] {dag.py:2305} INFO - Setting next_dagrun for example_xcom to 2022-02-10 00:00:00+00:00
[2022-02-12 14:01:25,613] {scheduler_job.py:190} INFO - Processing /home/agalli/sandbox/lib/python3.6/site-packages/airflow/example_dags/example_xcom.py took 0.095 seconds
[2022-02-12 14:01:56,268] {scheduler_job.py:182} INFO - Started process (PID=5479) to work on /home/agalli/sandbox/lib/python3.6/site-packages/airflow/example_dags/example_xcom.py
[2022-02-12 14:01:56,270] {scheduler_job.py:633} INFO - Processing file /home/agalli/sandbox/lib/python3.6/site-packages/airflow/example_dags/example_xcom.py for tasks to queue
[2022-02-12 14:01:56,271] {logging_mixin.py:104} INFO - [2022-02-12 14:01:56,271] {dagbag.py:487} INFO - Filling up the DagBag from /home/agalli/sandbox/lib/python3.6/site-packages/airflow/example_dags/example_xcom.py
[2022-02-12 14:01:56,333] {scheduler_job.py:643} INFO - DAG(s) dict_keys(['example_xcom']) retrieved from /home/agalli/sandbox/lib/python3.6/site-packages/airflow/example_dags/example_xcom.py
[2022-02-12 14:01:56,441] {logging_mixin.py:104} INFO - [2022-02-12 14:01:56,441] {dag.py:1832} INFO - Sync 1 DAGs
[2022-02-12 14:01:56,478] {logging_mixin.py:104} INFO - [2022-02-12 14:01:56,478] {dag.py:2305} INFO - Setting next_dagrun for example_xcom to 2022-02-10 00:00:00+00:00
[2022-02-12 14:01:56,497] {scheduler_job.py:190} INFO - Processing /home/agalli/sandbox/lib/python3.6/site-packages/airflow/example_dags/example_xcom.py took 0.239 seconds
[2022-02-12 14:02:27,219] {scheduler_job.py:182} INFO - Started process (PID=5801) to work on /home/agalli/sandbox/lib/python3.6/site-packages/airflow/example_dags/example_xcom.py
[2022-02-12 14:02:27,220] {scheduler_job.py:633} INFO - Processing file /home/agalli/sandbox/lib/python3.6/site-packages/airflow/example_dags/example_xcom.py for tasks to queue
[2022-02-12 14:02:27,221] {logging_mixin.py:104} INFO - [2022-02-12 14:02:27,221] {dagbag.py:487} INFO - Filling up the DagBag from /home/agalli/sandbox/lib/python3.6/site-packages/airflow/example_dags/example_xcom.py
[2022-02-12 14:02:27,241] {scheduler_job.py:643} INFO - DAG(s) dict_keys(['example_xcom']) retrieved from /home/agalli/sandbox/lib/python3.6/site-packages/airflow/example_dags/example_xcom.py
[2022-02-12 14:02:27,274] {logging_mixin.py:104} INFO - [2022-02-12 14:02:27,274] {dag.py:1832} INFO - Sync 1 DAGs
[2022-02-12 14:02:27,295] {logging_mixin.py:104} INFO - [2022-02-12 14:02:27,295] {dag.py:2305} INFO - Setting next_dagrun for example_xcom to 2022-02-10 00:00:00+00:00
[2022-02-12 14:02:27,329] {scheduler_job.py:190} INFO - Processing /home/agalli/sandbox/lib/python3.6/site-packages/airflow/example_dags/example_xcom.py took 0.116 seconds
[2022-02-12 14:02:57,981] {scheduler_job.py:182} INFO - Started process (PID=6003) to work on /home/agalli/sandbox/lib/python3.6/site-packages/airflow/example_dags/example_xcom.py
[2022-02-12 14:02:57,983] {scheduler_job.py:633} INFO - Processing file /home/agalli/sandbox/lib/python3.6/site-packages/airflow/example_dags/example_xcom.py for tasks to queue
[2022-02-12 14:02:57,985] {logging_mixin.py:104} INFO - [2022-02-12 14:02:57,985] {dagbag.py:487} INFO - Filling up the DagBag from /home/agalli/sandbox/lib/python3.6/site-packages/airflow/example_dags/example_xcom.py
[2022-02-12 14:02:58,024] {scheduler_job.py:643} INFO - DAG(s) dict_keys(['example_xcom']) retrieved from /home/agalli/sandbox/lib/python3.6/site-packages/airflow/example_dags/example_xcom.py
[2022-02-12 14:02:58,083] {logging_mixin.py:104} INFO - [2022-02-12 14:02:58,083] {dag.py:1832} INFO - Sync 1 DAGs
[2022-02-12 14:02:58,136] {logging_mixin.py:104} INFO - [2022-02-12 14:02:58,136] {dag.py:2305} INFO - Setting next_dagrun for example_xcom to 2022-02-10 00:00:00+00:00
[2022-02-12 14:02:58,158] {scheduler_job.py:190} INFO - Processing /home/agalli/sandbox/lib/python3.6/site-packages/airflow/example_dags/example_xcom.py took 0.183 seconds
[2022-02-12 14:20:16,110] {scheduler_job.py:182} INFO - Started process (PID=6916) to work on /home/agalli/sandbox/lib/python3.6/site-packages/airflow/example_dags/example_xcom.py
[2022-02-12 14:20:16,122] {scheduler_job.py:633} INFO - Processing file /home/agalli/sandbox/lib/python3.6/site-packages/airflow/example_dags/example_xcom.py for tasks to queue
[2022-02-12 14:20:16,123] {logging_mixin.py:104} INFO - [2022-02-12 14:20:16,122] {dagbag.py:487} INFO - Filling up the DagBag from /home/agalli/sandbox/lib/python3.6/site-packages/airflow/example_dags/example_xcom.py
[2022-02-12 14:20:16,225] {scheduler_job.py:643} INFO - DAG(s) dict_keys(['example_xcom']) retrieved from /home/agalli/sandbox/lib/python3.6/site-packages/airflow/example_dags/example_xcom.py
[2022-02-12 14:20:16,363] {logging_mixin.py:104} INFO - [2022-02-12 14:20:16,363] {dag.py:1832} INFO - Sync 1 DAGs
[2022-02-12 14:20:16,477] {logging_mixin.py:104} INFO - [2022-02-12 14:20:16,477] {dag.py:2305} INFO - Setting next_dagrun for example_xcom to 2022-02-10 00:00:00+00:00
[2022-02-12 14:20:16,503] {scheduler_job.py:190} INFO - Processing /home/agalli/sandbox/lib/python3.6/site-packages/airflow/example_dags/example_xcom.py took 0.424 seconds
[2022-02-12 14:20:47,299] {scheduler_job.py:182} INFO - Started process (PID=7189) to work on /home/agalli/sandbox/lib/python3.6/site-packages/airflow/example_dags/example_xcom.py
[2022-02-12 14:20:47,300] {scheduler_job.py:633} INFO - Processing file /home/agalli/sandbox/lib/python3.6/site-packages/airflow/example_dags/example_xcom.py for tasks to queue
[2022-02-12 14:20:47,301] {logging_mixin.py:104} INFO - [2022-02-12 14:20:47,301] {dagbag.py:487} INFO - Filling up the DagBag from /home/agalli/sandbox/lib/python3.6/site-packages/airflow/example_dags/example_xcom.py
[2022-02-12 14:20:47,324] {scheduler_job.py:643} INFO - DAG(s) dict_keys(['example_xcom']) retrieved from /home/agalli/sandbox/lib/python3.6/site-packages/airflow/example_dags/example_xcom.py
[2022-02-12 14:20:47,375] {logging_mixin.py:104} INFO - [2022-02-12 14:20:47,374] {dag.py:1832} INFO - Sync 1 DAGs
[2022-02-12 14:20:47,413] {logging_mixin.py:104} INFO - [2022-02-12 14:20:47,413] {dag.py:2305} INFO - Setting next_dagrun for example_xcom to 2022-02-10 00:00:00+00:00
[2022-02-12 14:20:47,435] {scheduler_job.py:190} INFO - Processing /home/agalli/sandbox/lib/python3.6/site-packages/airflow/example_dags/example_xcom.py took 0.141 seconds
[2022-02-12 14:21:17,504] {scheduler_job.py:182} INFO - Started process (PID=7389) to work on /home/agalli/sandbox/lib/python3.6/site-packages/airflow/example_dags/example_xcom.py
[2022-02-12 14:21:17,505] {scheduler_job.py:633} INFO - Processing file /home/agalli/sandbox/lib/python3.6/site-packages/airflow/example_dags/example_xcom.py for tasks to queue
[2022-02-12 14:21:17,506] {logging_mixin.py:104} INFO - [2022-02-12 14:21:17,506] {dagbag.py:487} INFO - Filling up the DagBag from /home/agalli/sandbox/lib/python3.6/site-packages/airflow/example_dags/example_xcom.py
[2022-02-12 14:21:17,520] {scheduler_job.py:643} INFO - DAG(s) dict_keys(['example_xcom']) retrieved from /home/agalli/sandbox/lib/python3.6/site-packages/airflow/example_dags/example_xcom.py
[2022-02-12 14:21:17,555] {logging_mixin.py:104} INFO - [2022-02-12 14:21:17,555] {dag.py:1832} INFO - Sync 1 DAGs
[2022-02-12 14:21:17,573] {logging_mixin.py:104} INFO - [2022-02-12 14:21:17,573] {dag.py:2305} INFO - Setting next_dagrun for example_xcom to 2022-02-10 00:00:00+00:00
[2022-02-12 14:21:17,588] {scheduler_job.py:190} INFO - Processing /home/agalli/sandbox/lib/python3.6/site-packages/airflow/example_dags/example_xcom.py took 0.088 seconds
[2022-02-12 14:21:47,619] {scheduler_job.py:182} INFO - Started process (PID=7587) to work on /home/agalli/sandbox/lib/python3.6/site-packages/airflow/example_dags/example_xcom.py
[2022-02-12 14:21:47,620] {scheduler_job.py:633} INFO - Processing file /home/agalli/sandbox/lib/python3.6/site-packages/airflow/example_dags/example_xcom.py for tasks to queue
[2022-02-12 14:21:47,621] {logging_mixin.py:104} INFO - [2022-02-12 14:21:47,621] {dagbag.py:487} INFO - Filling up the DagBag from /home/agalli/sandbox/lib/python3.6/site-packages/airflow/example_dags/example_xcom.py
[2022-02-12 14:21:47,646] {scheduler_job.py:643} INFO - DAG(s) dict_keys(['example_xcom']) retrieved from /home/agalli/sandbox/lib/python3.6/site-packages/airflow/example_dags/example_xcom.py
[2022-02-12 14:21:47,694] {logging_mixin.py:104} INFO - [2022-02-12 14:21:47,694] {dag.py:1832} INFO - Sync 1 DAGs
[2022-02-12 14:21:47,721] {logging_mixin.py:104} INFO - [2022-02-12 14:21:47,721] {dag.py:2305} INFO - Setting next_dagrun for example_xcom to 2022-02-10 00:00:00+00:00
[2022-02-12 14:21:47,749] {scheduler_job.py:190} INFO - Processing /home/agalli/sandbox/lib/python3.6/site-packages/airflow/example_dags/example_xcom.py took 0.137 seconds
[2022-02-12 14:22:18,065] {scheduler_job.py:182} INFO - Started process (PID=7787) to work on /home/agalli/sandbox/lib/python3.6/site-packages/airflow/example_dags/example_xcom.py
[2022-02-12 14:22:18,066] {scheduler_job.py:633} INFO - Processing file /home/agalli/sandbox/lib/python3.6/site-packages/airflow/example_dags/example_xcom.py for tasks to queue
[2022-02-12 14:22:18,067] {logging_mixin.py:104} INFO - [2022-02-12 14:22:18,067] {dagbag.py:487} INFO - Filling up the DagBag from /home/agalli/sandbox/lib/python3.6/site-packages/airflow/example_dags/example_xcom.py
[2022-02-12 14:22:18,081] {scheduler_job.py:643} INFO - DAG(s) dict_keys(['example_xcom']) retrieved from /home/agalli/sandbox/lib/python3.6/site-packages/airflow/example_dags/example_xcom.py
[2022-02-12 14:22:18,117] {logging_mixin.py:104} INFO - [2022-02-12 14:22:18,117] {dag.py:1832} INFO - Sync 1 DAGs
[2022-02-12 14:22:18,137] {logging_mixin.py:104} INFO - [2022-02-12 14:22:18,137] {dag.py:2305} INFO - Setting next_dagrun for example_xcom to 2022-02-10 00:00:00+00:00
[2022-02-12 14:22:18,148] {scheduler_job.py:190} INFO - Processing /home/agalli/sandbox/lib/python3.6/site-packages/airflow/example_dags/example_xcom.py took 0.087 seconds
[2022-02-12 14:22:48,785] {scheduler_job.py:182} INFO - Started process (PID=7991) to work on /home/agalli/sandbox/lib/python3.6/site-packages/airflow/example_dags/example_xcom.py
[2022-02-12 14:22:48,787] {scheduler_job.py:633} INFO - Processing file /home/agalli/sandbox/lib/python3.6/site-packages/airflow/example_dags/example_xcom.py for tasks to queue
[2022-02-12 14:22:48,790] {logging_mixin.py:104} INFO - [2022-02-12 14:22:48,789] {dagbag.py:487} INFO - Filling up the DagBag from /home/agalli/sandbox/lib/python3.6/site-packages/airflow/example_dags/example_xcom.py
[2022-02-12 14:22:48,810] {scheduler_job.py:643} INFO - DAG(s) dict_keys(['example_xcom']) retrieved from /home/agalli/sandbox/lib/python3.6/site-packages/airflow/example_dags/example_xcom.py
[2022-02-12 14:22:48,847] {logging_mixin.py:104} INFO - [2022-02-12 14:22:48,847] {dag.py:1832} INFO - Sync 1 DAGs
[2022-02-12 14:22:48,866] {logging_mixin.py:104} INFO - [2022-02-12 14:22:48,865] {dag.py:2305} INFO - Setting next_dagrun for example_xcom to 2022-02-10 00:00:00+00:00
[2022-02-12 14:22:48,876] {scheduler_job.py:190} INFO - Processing /home/agalli/sandbox/lib/python3.6/site-packages/airflow/example_dags/example_xcom.py took 0.096 seconds
[2022-02-12 14:23:19,095] {scheduler_job.py:182} INFO - Started process (PID=8191) to work on /home/agalli/sandbox/lib/python3.6/site-packages/airflow/example_dags/example_xcom.py
[2022-02-12 14:23:19,097] {scheduler_job.py:633} INFO - Processing file /home/agalli/sandbox/lib/python3.6/site-packages/airflow/example_dags/example_xcom.py for tasks to queue
[2022-02-12 14:23:19,098] {logging_mixin.py:104} INFO - [2022-02-12 14:23:19,098] {dagbag.py:487} INFO - Filling up the DagBag from /home/agalli/sandbox/lib/python3.6/site-packages/airflow/example_dags/example_xcom.py
[2022-02-12 14:23:19,119] {scheduler_job.py:643} INFO - DAG(s) dict_keys(['example_xcom']) retrieved from /home/agalli/sandbox/lib/python3.6/site-packages/airflow/example_dags/example_xcom.py
[2022-02-12 14:23:19,161] {logging_mixin.py:104} INFO - [2022-02-12 14:23:19,161] {dag.py:1832} INFO - Sync 1 DAGs
[2022-02-12 14:23:19,205] {logging_mixin.py:104} INFO - [2022-02-12 14:23:19,205] {dag.py:2305} INFO - Setting next_dagrun for example_xcom to 2022-02-10 00:00:00+00:00
[2022-02-12 14:23:19,227] {scheduler_job.py:190} INFO - Processing /home/agalli/sandbox/lib/python3.6/site-packages/airflow/example_dags/example_xcom.py took 0.140 seconds
[2022-02-12 14:23:49,863] {scheduler_job.py:182} INFO - Started process (PID=8393) to work on /home/agalli/sandbox/lib/python3.6/site-packages/airflow/example_dags/example_xcom.py
[2022-02-12 14:23:49,864] {scheduler_job.py:633} INFO - Processing file /home/agalli/sandbox/lib/python3.6/site-packages/airflow/example_dags/example_xcom.py for tasks to queue
[2022-02-12 14:23:49,864] {logging_mixin.py:104} INFO - [2022-02-12 14:23:49,864] {dagbag.py:487} INFO - Filling up the DagBag from /home/agalli/sandbox/lib/python3.6/site-packages/airflow/example_dags/example_xcom.py
[2022-02-12 14:23:49,879] {scheduler_job.py:643} INFO - DAG(s) dict_keys(['example_xcom']) retrieved from /home/agalli/sandbox/lib/python3.6/site-packages/airflow/example_dags/example_xcom.py
[2022-02-12 14:23:49,908] {logging_mixin.py:104} INFO - [2022-02-12 14:23:49,908] {dag.py:1832} INFO - Sync 1 DAGs
[2022-02-12 14:23:49,926] {logging_mixin.py:104} INFO - [2022-02-12 14:23:49,926] {dag.py:2305} INFO - Setting next_dagrun for example_xcom to 2022-02-10 00:00:00+00:00
[2022-02-12 14:23:49,944] {scheduler_job.py:190} INFO - Processing /home/agalli/sandbox/lib/python3.6/site-packages/airflow/example_dags/example_xcom.py took 0.085 seconds
[2022-02-12 14:24:20,007] {scheduler_job.py:182} INFO - Started process (PID=8595) to work on /home/agalli/sandbox/lib/python3.6/site-packages/airflow/example_dags/example_xcom.py
[2022-02-12 14:24:20,013] {scheduler_job.py:633} INFO - Processing file /home/agalli/sandbox/lib/python3.6/site-packages/airflow/example_dags/example_xcom.py for tasks to queue
[2022-02-12 14:24:20,014] {logging_mixin.py:104} INFO - [2022-02-12 14:24:20,014] {dagbag.py:487} INFO - Filling up the DagBag from /home/agalli/sandbox/lib/python3.6/site-packages/airflow/example_dags/example_xcom.py
[2022-02-12 14:24:20,033] {scheduler_job.py:643} INFO - DAG(s) dict_keys(['example_xcom']) retrieved from /home/agalli/sandbox/lib/python3.6/site-packages/airflow/example_dags/example_xcom.py
[2022-02-12 14:24:20,068] {logging_mixin.py:104} INFO - [2022-02-12 14:24:20,068] {dag.py:1832} INFO - Sync 1 DAGs
[2022-02-12 14:24:20,089] {logging_mixin.py:104} INFO - [2022-02-12 14:24:20,089] {dag.py:2305} INFO - Setting next_dagrun for example_xcom to 2022-02-10 00:00:00+00:00
[2022-02-12 14:24:20,106] {scheduler_job.py:190} INFO - Processing /home/agalli/sandbox/lib/python3.6/site-packages/airflow/example_dags/example_xcom.py took 0.104 seconds
[2022-02-12 14:24:50,279] {scheduler_job.py:182} INFO - Started process (PID=8797) to work on /home/agalli/sandbox/lib/python3.6/site-packages/airflow/example_dags/example_xcom.py
[2022-02-12 14:24:50,280] {scheduler_job.py:633} INFO - Processing file /home/agalli/sandbox/lib/python3.6/site-packages/airflow/example_dags/example_xcom.py for tasks to queue
[2022-02-12 14:24:50,281] {logging_mixin.py:104} INFO - [2022-02-12 14:24:50,281] {dagbag.py:487} INFO - Filling up the DagBag from /home/agalli/sandbox/lib/python3.6/site-packages/airflow/example_dags/example_xcom.py
[2022-02-12 14:24:50,301] {scheduler_job.py:643} INFO - DAG(s) dict_keys(['example_xcom']) retrieved from /home/agalli/sandbox/lib/python3.6/site-packages/airflow/example_dags/example_xcom.py
[2022-02-12 14:24:50,345] {logging_mixin.py:104} INFO - [2022-02-12 14:24:50,345] {dag.py:1832} INFO - Sync 1 DAGs
[2022-02-12 14:24:50,375] {logging_mixin.py:104} INFO - [2022-02-12 14:24:50,375] {dag.py:2305} INFO - Setting next_dagrun for example_xcom to 2022-02-10 00:00:00+00:00
[2022-02-12 14:24:50,459] {scheduler_job.py:190} INFO - Processing /home/agalli/sandbox/lib/python3.6/site-packages/airflow/example_dags/example_xcom.py took 0.187 seconds
[2022-02-12 14:25:21,064] {scheduler_job.py:182} INFO - Started process (PID=9119) to work on /home/agalli/sandbox/lib/python3.6/site-packages/airflow/example_dags/example_xcom.py
[2022-02-12 14:25:21,066] {scheduler_job.py:633} INFO - Processing file /home/agalli/sandbox/lib/python3.6/site-packages/airflow/example_dags/example_xcom.py for tasks to queue
[2022-02-12 14:25:21,067] {logging_mixin.py:104} INFO - [2022-02-12 14:25:21,067] {dagbag.py:487} INFO - Filling up the DagBag from /home/agalli/sandbox/lib/python3.6/site-packages/airflow/example_dags/example_xcom.py
[2022-02-12 14:25:21,091] {scheduler_job.py:643} INFO - DAG(s) dict_keys(['example_xcom']) retrieved from /home/agalli/sandbox/lib/python3.6/site-packages/airflow/example_dags/example_xcom.py
[2022-02-12 14:25:21,125] {logging_mixin.py:104} INFO - [2022-02-12 14:25:21,125] {dag.py:1832} INFO - Sync 1 DAGs
[2022-02-12 14:25:21,145] {logging_mixin.py:104} INFO - [2022-02-12 14:25:21,145] {dag.py:2305} INFO - Setting next_dagrun for example_xcom to 2022-02-10 00:00:00+00:00
[2022-02-12 14:25:21,163] {scheduler_job.py:190} INFO - Processing /home/agalli/sandbox/lib/python3.6/site-packages/airflow/example_dags/example_xcom.py took 0.104 seconds
[2022-02-12 14:25:51,902] {scheduler_job.py:182} INFO - Started process (PID=9321) to work on /home/agalli/sandbox/lib/python3.6/site-packages/airflow/example_dags/example_xcom.py
[2022-02-12 14:25:51,903] {scheduler_job.py:633} INFO - Processing file /home/agalli/sandbox/lib/python3.6/site-packages/airflow/example_dags/example_xcom.py for tasks to queue
[2022-02-12 14:25:51,904] {logging_mixin.py:104} INFO - [2022-02-12 14:25:51,904] {dagbag.py:487} INFO - Filling up the DagBag from /home/agalli/sandbox/lib/python3.6/site-packages/airflow/example_dags/example_xcom.py
[2022-02-12 14:25:51,925] {scheduler_job.py:643} INFO - DAG(s) dict_keys(['example_xcom']) retrieved from /home/agalli/sandbox/lib/python3.6/site-packages/airflow/example_dags/example_xcom.py
[2022-02-12 14:25:51,961] {logging_mixin.py:104} INFO - [2022-02-12 14:25:51,961] {dag.py:1832} INFO - Sync 1 DAGs
[2022-02-12 14:25:51,981] {logging_mixin.py:104} INFO - [2022-02-12 14:25:51,981] {dag.py:2305} INFO - Setting next_dagrun for example_xcom to 2022-02-10 00:00:00+00:00
[2022-02-12 14:25:52,003] {scheduler_job.py:190} INFO - Processing /home/agalli/sandbox/lib/python3.6/site-packages/airflow/example_dags/example_xcom.py took 0.107 seconds
[2022-02-12 14:26:22,816] {scheduler_job.py:182} INFO - Started process (PID=9523) to work on /home/agalli/sandbox/lib/python3.6/site-packages/airflow/example_dags/example_xcom.py
[2022-02-12 14:26:22,821] {scheduler_job.py:633} INFO - Processing file /home/agalli/sandbox/lib/python3.6/site-packages/airflow/example_dags/example_xcom.py for tasks to queue
[2022-02-12 14:26:22,821] {logging_mixin.py:104} INFO - [2022-02-12 14:26:22,821] {dagbag.py:487} INFO - Filling up the DagBag from /home/agalli/sandbox/lib/python3.6/site-packages/airflow/example_dags/example_xcom.py
[2022-02-12 14:26:22,833] {scheduler_job.py:643} INFO - DAG(s) dict_keys(['example_xcom']) retrieved from /home/agalli/sandbox/lib/python3.6/site-packages/airflow/example_dags/example_xcom.py
[2022-02-12 14:26:22,862] {logging_mixin.py:104} INFO - [2022-02-12 14:26:22,862] {dag.py:1832} INFO - Sync 1 DAGs
[2022-02-12 14:26:22,883] {logging_mixin.py:104} INFO - [2022-02-12 14:26:22,883] {dag.py:2305} INFO - Setting next_dagrun for example_xcom to 2022-02-10 00:00:00+00:00
[2022-02-12 14:26:22,898] {scheduler_job.py:190} INFO - Processing /home/agalli/sandbox/lib/python3.6/site-packages/airflow/example_dags/example_xcom.py took 0.085 seconds
[2022-02-12 14:26:52,965] {scheduler_job.py:182} INFO - Started process (PID=9725) to work on /home/agalli/sandbox/lib/python3.6/site-packages/airflow/example_dags/example_xcom.py
[2022-02-12 14:26:52,967] {scheduler_job.py:633} INFO - Processing file /home/agalli/sandbox/lib/python3.6/site-packages/airflow/example_dags/example_xcom.py for tasks to queue
[2022-02-12 14:26:52,967] {logging_mixin.py:104} INFO - [2022-02-12 14:26:52,967] {dagbag.py:487} INFO - Filling up the DagBag from /home/agalli/sandbox/lib/python3.6/site-packages/airflow/example_dags/example_xcom.py
[2022-02-12 14:26:52,984] {scheduler_job.py:643} INFO - DAG(s) dict_keys(['example_xcom']) retrieved from /home/agalli/sandbox/lib/python3.6/site-packages/airflow/example_dags/example_xcom.py
[2022-02-12 14:26:53,015] {logging_mixin.py:104} INFO - [2022-02-12 14:26:53,015] {dag.py:1832} INFO - Sync 1 DAGs
[2022-02-12 14:26:53,033] {logging_mixin.py:104} INFO - [2022-02-12 14:26:53,032] {dag.py:2305} INFO - Setting next_dagrun for example_xcom to 2022-02-10 00:00:00+00:00
[2022-02-12 14:26:53,046] {scheduler_job.py:190} INFO - Processing /home/agalli/sandbox/lib/python3.6/site-packages/airflow/example_dags/example_xcom.py took 0.084 seconds
[2022-02-12 14:27:23,909] {scheduler_job.py:182} INFO - Started process (PID=9927) to work on /home/agalli/sandbox/lib/python3.6/site-packages/airflow/example_dags/example_xcom.py
[2022-02-12 14:27:23,910] {scheduler_job.py:633} INFO - Processing file /home/agalli/sandbox/lib/python3.6/site-packages/airflow/example_dags/example_xcom.py for tasks to queue
[2022-02-12 14:27:23,911] {logging_mixin.py:104} INFO - [2022-02-12 14:27:23,911] {dagbag.py:487} INFO - Filling up the DagBag from /home/agalli/sandbox/lib/python3.6/site-packages/airflow/example_dags/example_xcom.py
[2022-02-12 14:27:23,924] {scheduler_job.py:643} INFO - DAG(s) dict_keys(['example_xcom']) retrieved from /home/agalli/sandbox/lib/python3.6/site-packages/airflow/example_dags/example_xcom.py
[2022-02-12 14:27:23,955] {logging_mixin.py:104} INFO - [2022-02-12 14:27:23,955] {dag.py:1832} INFO - Sync 1 DAGs
[2022-02-12 14:27:23,972] {logging_mixin.py:104} INFO - [2022-02-12 14:27:23,972] {dag.py:2305} INFO - Setting next_dagrun for example_xcom to 2022-02-10 00:00:00+00:00
[2022-02-12 14:27:23,989] {scheduler_job.py:190} INFO - Processing /home/agalli/sandbox/lib/python3.6/site-packages/airflow/example_dags/example_xcom.py took 0.085 seconds
[2022-02-12 14:27:54,323] {scheduler_job.py:182} INFO - Started process (PID=10130) to work on /home/agalli/sandbox/lib/python3.6/site-packages/airflow/example_dags/example_xcom.py
[2022-02-12 14:27:54,324] {scheduler_job.py:633} INFO - Processing file /home/agalli/sandbox/lib/python3.6/site-packages/airflow/example_dags/example_xcom.py for tasks to queue
[2022-02-12 14:27:54,325] {logging_mixin.py:104} INFO - [2022-02-12 14:27:54,325] {dagbag.py:487} INFO - Filling up the DagBag from /home/agalli/sandbox/lib/python3.6/site-packages/airflow/example_dags/example_xcom.py
[2022-02-12 14:27:54,339] {scheduler_job.py:643} INFO - DAG(s) dict_keys(['example_xcom']) retrieved from /home/agalli/sandbox/lib/python3.6/site-packages/airflow/example_dags/example_xcom.py
[2022-02-12 14:27:54,377] {logging_mixin.py:104} INFO - [2022-02-12 14:27:54,377] {dag.py:1832} INFO - Sync 1 DAGs
[2022-02-12 14:27:54,398] {logging_mixin.py:104} INFO - [2022-02-12 14:27:54,398] {dag.py:2305} INFO - Setting next_dagrun for example_xcom to 2022-02-10 00:00:00+00:00
[2022-02-12 14:27:54,414] {scheduler_job.py:190} INFO - Processing /home/agalli/sandbox/lib/python3.6/site-packages/airflow/example_dags/example_xcom.py took 0.095 seconds
[2022-02-12 14:28:24,512] {scheduler_job.py:182} INFO - Started process (PID=10332) to work on /home/agalli/sandbox/lib/python3.6/site-packages/airflow/example_dags/example_xcom.py
[2022-02-12 14:28:24,514] {scheduler_job.py:633} INFO - Processing file /home/agalli/sandbox/lib/python3.6/site-packages/airflow/example_dags/example_xcom.py for tasks to queue
[2022-02-12 14:28:24,519] {logging_mixin.py:104} INFO - [2022-02-12 14:28:24,518] {dagbag.py:487} INFO - Filling up the DagBag from /home/agalli/sandbox/lib/python3.6/site-packages/airflow/example_dags/example_xcom.py
[2022-02-12 14:28:24,541] {scheduler_job.py:643} INFO - DAG(s) dict_keys(['example_xcom']) retrieved from /home/agalli/sandbox/lib/python3.6/site-packages/airflow/example_dags/example_xcom.py
[2022-02-12 14:28:24,622] {logging_mixin.py:104} INFO - [2022-02-12 14:28:24,622] {dag.py:1832} INFO - Sync 1 DAGs
[2022-02-12 14:28:24,703] {logging_mixin.py:104} INFO - [2022-02-12 14:28:24,702] {dag.py:2305} INFO - Setting next_dagrun for example_xcom to 2022-02-10 00:00:00+00:00
[2022-02-12 14:28:24,756] {scheduler_job.py:190} INFO - Processing /home/agalli/sandbox/lib/python3.6/site-packages/airflow/example_dags/example_xcom.py took 0.249 seconds
[2022-02-12 14:28:55,234] {scheduler_job.py:182} INFO - Started process (PID=10535) to work on /home/agalli/sandbox/lib/python3.6/site-packages/airflow/example_dags/example_xcom.py
[2022-02-12 14:28:55,236] {scheduler_job.py:633} INFO - Processing file /home/agalli/sandbox/lib/python3.6/site-packages/airflow/example_dags/example_xcom.py for tasks to queue
[2022-02-12 14:28:55,237] {logging_mixin.py:104} INFO - [2022-02-12 14:28:55,237] {dagbag.py:487} INFO - Filling up the DagBag from /home/agalli/sandbox/lib/python3.6/site-packages/airflow/example_dags/example_xcom.py
[2022-02-12 14:28:55,255] {scheduler_job.py:643} INFO - DAG(s) dict_keys(['example_xcom']) retrieved from /home/agalli/sandbox/lib/python3.6/site-packages/airflow/example_dags/example_xcom.py
[2022-02-12 14:28:55,296] {logging_mixin.py:104} INFO - [2022-02-12 14:28:55,295] {dag.py:1832} INFO - Sync 1 DAGs
[2022-02-12 14:28:55,316] {logging_mixin.py:104} INFO - [2022-02-12 14:28:55,316] {dag.py:2305} INFO - Setting next_dagrun for example_xcom to 2022-02-10 00:00:00+00:00
[2022-02-12 14:28:55,333] {scheduler_job.py:190} INFO - Processing /home/agalli/sandbox/lib/python3.6/site-packages/airflow/example_dags/example_xcom.py took 0.109 seconds
[2022-02-12 14:29:25,910] {scheduler_job.py:182} INFO - Started process (PID=10737) to work on /home/agalli/sandbox/lib/python3.6/site-packages/airflow/example_dags/example_xcom.py
[2022-02-12 14:29:25,912] {scheduler_job.py:633} INFO - Processing file /home/agalli/sandbox/lib/python3.6/site-packages/airflow/example_dags/example_xcom.py for tasks to queue
[2022-02-12 14:29:25,913] {logging_mixin.py:104} INFO - [2022-02-12 14:29:25,913] {dagbag.py:487} INFO - Filling up the DagBag from /home/agalli/sandbox/lib/python3.6/site-packages/airflow/example_dags/example_xcom.py
[2022-02-12 14:29:25,927] {scheduler_job.py:643} INFO - DAG(s) dict_keys(['example_xcom']) retrieved from /home/agalli/sandbox/lib/python3.6/site-packages/airflow/example_dags/example_xcom.py
[2022-02-12 14:29:25,960] {logging_mixin.py:104} INFO - [2022-02-12 14:29:25,960] {dag.py:1832} INFO - Sync 1 DAGs
[2022-02-12 14:29:25,979] {logging_mixin.py:104} INFO - [2022-02-12 14:29:25,979] {dag.py:2305} INFO - Setting next_dagrun for example_xcom to 2022-02-10 00:00:00+00:00
[2022-02-12 14:29:25,994] {scheduler_job.py:190} INFO - Processing /home/agalli/sandbox/lib/python3.6/site-packages/airflow/example_dags/example_xcom.py took 0.088 seconds
[2022-02-12 14:29:56,594] {scheduler_job.py:182} INFO - Started process (PID=10939) to work on /home/agalli/sandbox/lib/python3.6/site-packages/airflow/example_dags/example_xcom.py
[2022-02-12 14:29:56,597] {scheduler_job.py:633} INFO - Processing file /home/agalli/sandbox/lib/python3.6/site-packages/airflow/example_dags/example_xcom.py for tasks to queue
[2022-02-12 14:29:56,598] {logging_mixin.py:104} INFO - [2022-02-12 14:29:56,598] {dagbag.py:487} INFO - Filling up the DagBag from /home/agalli/sandbox/lib/python3.6/site-packages/airflow/example_dags/example_xcom.py
[2022-02-12 14:29:56,622] {scheduler_job.py:643} INFO - DAG(s) dict_keys(['example_xcom']) retrieved from /home/agalli/sandbox/lib/python3.6/site-packages/airflow/example_dags/example_xcom.py
[2022-02-12 14:29:56,703] {logging_mixin.py:104} INFO - [2022-02-12 14:29:56,701] {dag.py:1832} INFO - Sync 1 DAGs
[2022-02-12 14:29:56,731] {logging_mixin.py:104} INFO - [2022-02-12 14:29:56,731] {dag.py:2305} INFO - Setting next_dagrun for example_xcom to 2022-02-10 00:00:00+00:00
[2022-02-12 14:29:56,755] {scheduler_job.py:190} INFO - Processing /home/agalli/sandbox/lib/python3.6/site-packages/airflow/example_dags/example_xcom.py took 0.173 seconds
[2022-02-12 14:30:27,299] {scheduler_job.py:182} INFO - Started process (PID=11261) to work on /home/agalli/sandbox/lib/python3.6/site-packages/airflow/example_dags/example_xcom.py
[2022-02-12 14:30:27,300] {scheduler_job.py:633} INFO - Processing file /home/agalli/sandbox/lib/python3.6/site-packages/airflow/example_dags/example_xcom.py for tasks to queue
[2022-02-12 14:30:27,300] {logging_mixin.py:104} INFO - [2022-02-12 14:30:27,300] {dagbag.py:487} INFO - Filling up the DagBag from /home/agalli/sandbox/lib/python3.6/site-packages/airflow/example_dags/example_xcom.py
[2022-02-12 14:30:27,313] {scheduler_job.py:643} INFO - DAG(s) dict_keys(['example_xcom']) retrieved from /home/agalli/sandbox/lib/python3.6/site-packages/airflow/example_dags/example_xcom.py
[2022-02-12 14:30:27,340] {logging_mixin.py:104} INFO - [2022-02-12 14:30:27,340] {dag.py:1832} INFO - Sync 1 DAGs
[2022-02-12 14:30:27,362] {logging_mixin.py:104} INFO - [2022-02-12 14:30:27,362] {dag.py:2305} INFO - Setting next_dagrun for example_xcom to 2022-02-10 00:00:00+00:00
[2022-02-12 14:30:27,385] {scheduler_job.py:190} INFO - Processing /home/agalli/sandbox/lib/python3.6/site-packages/airflow/example_dags/example_xcom.py took 0.091 seconds
[2022-02-12 14:52:01,399] {scheduler_job.py:182} INFO - Started process (PID=14427) to work on /home/agalli/sandbox/lib/python3.6/site-packages/airflow/example_dags/example_xcom.py
[2022-02-12 14:52:01,430] {scheduler_job.py:633} INFO - Processing file /home/agalli/sandbox/lib/python3.6/site-packages/airflow/example_dags/example_xcom.py for tasks to queue
[2022-02-12 14:52:01,433] {logging_mixin.py:104} INFO - [2022-02-12 14:52:01,432] {dagbag.py:487} INFO - Filling up the DagBag from /home/agalli/sandbox/lib/python3.6/site-packages/airflow/example_dags/example_xcom.py
[2022-02-12 14:52:01,690] {scheduler_job.py:643} INFO - DAG(s) dict_keys(['example_xcom']) retrieved from /home/agalli/sandbox/lib/python3.6/site-packages/airflow/example_dags/example_xcom.py
[2022-02-12 14:52:02,059] {logging_mixin.py:104} INFO - [2022-02-12 14:52:02,058] {dag.py:1832} INFO - Sync 1 DAGs
[2022-02-12 14:52:02,282] {logging_mixin.py:104} INFO - [2022-02-12 14:52:02,282] {dag.py:2305} INFO - Setting next_dagrun for example_xcom to 2022-02-10 00:00:00+00:00
[2022-02-12 14:52:02,422] {scheduler_job.py:190} INFO - Processing /home/agalli/sandbox/lib/python3.6/site-packages/airflow/example_dags/example_xcom.py took 1.086 seconds
[2022-02-12 14:52:32,679] {scheduler_job.py:182} INFO - Started process (PID=14514) to work on /home/agalli/sandbox/lib/python3.6/site-packages/airflow/example_dags/example_xcom.py
[2022-02-12 14:52:32,681] {scheduler_job.py:633} INFO - Processing file /home/agalli/sandbox/lib/python3.6/site-packages/airflow/example_dags/example_xcom.py for tasks to queue
[2022-02-12 14:52:32,682] {logging_mixin.py:104} INFO - [2022-02-12 14:52:32,682] {dagbag.py:487} INFO - Filling up the DagBag from /home/agalli/sandbox/lib/python3.6/site-packages/airflow/example_dags/example_xcom.py
[2022-02-12 14:52:32,714] {scheduler_job.py:643} INFO - DAG(s) dict_keys(['example_xcom']) retrieved from /home/agalli/sandbox/lib/python3.6/site-packages/airflow/example_dags/example_xcom.py
[2022-02-12 14:52:32,810] {logging_mixin.py:104} INFO - [2022-02-12 14:52:32,810] {dag.py:1832} INFO - Sync 1 DAGs
[2022-02-12 14:52:32,868] {logging_mixin.py:104} INFO - [2022-02-12 14:52:32,867] {dag.py:2305} INFO - Setting next_dagrun for example_xcom to 2022-02-10 00:00:00+00:00
[2022-02-12 14:52:32,907] {scheduler_job.py:190} INFO - Processing /home/agalli/sandbox/lib/python3.6/site-packages/airflow/example_dags/example_xcom.py took 0.235 seconds
[2022-02-12 14:53:03,123] {scheduler_job.py:182} INFO - Started process (PID=14748) to work on /home/agalli/sandbox/lib/python3.6/site-packages/airflow/example_dags/example_xcom.py
[2022-02-12 14:53:03,126] {scheduler_job.py:633} INFO - Processing file /home/agalli/sandbox/lib/python3.6/site-packages/airflow/example_dags/example_xcom.py for tasks to queue
[2022-02-12 14:53:03,138] {logging_mixin.py:104} INFO - [2022-02-12 14:53:03,138] {dagbag.py:487} INFO - Filling up the DagBag from /home/agalli/sandbox/lib/python3.6/site-packages/airflow/example_dags/example_xcom.py
[2022-02-12 14:53:03,201] {scheduler_job.py:643} INFO - DAG(s) dict_keys(['example_xcom']) retrieved from /home/agalli/sandbox/lib/python3.6/site-packages/airflow/example_dags/example_xcom.py
[2022-02-12 14:53:03,258] {logging_mixin.py:104} INFO - [2022-02-12 14:53:03,258] {dag.py:1832} INFO - Sync 1 DAGs
[2022-02-12 14:53:03,286] {logging_mixin.py:104} INFO - [2022-02-12 14:53:03,286] {dag.py:2305} INFO - Setting next_dagrun for example_xcom to 2022-02-10 00:00:00+00:00
[2022-02-12 14:53:03,309] {scheduler_job.py:190} INFO - Processing /home/agalli/sandbox/lib/python3.6/site-packages/airflow/example_dags/example_xcom.py took 0.212 seconds
[2022-02-12 14:53:33,821] {scheduler_job.py:182} INFO - Started process (PID=15365) to work on /home/agalli/sandbox/lib/python3.6/site-packages/airflow/example_dags/example_xcom.py
[2022-02-12 14:53:33,834] {scheduler_job.py:633} INFO - Processing file /home/agalli/sandbox/lib/python3.6/site-packages/airflow/example_dags/example_xcom.py for tasks to queue
[2022-02-12 14:53:33,836] {logging_mixin.py:104} INFO - [2022-02-12 14:53:33,836] {dagbag.py:487} INFO - Filling up the DagBag from /home/agalli/sandbox/lib/python3.6/site-packages/airflow/example_dags/example_xcom.py
[2022-02-12 14:53:33,902] {scheduler_job.py:643} INFO - DAG(s) dict_keys(['example_xcom']) retrieved from /home/agalli/sandbox/lib/python3.6/site-packages/airflow/example_dags/example_xcom.py
[2022-02-12 14:53:33,983] {logging_mixin.py:104} INFO - [2022-02-12 14:53:33,983] {dag.py:1832} INFO - Sync 1 DAGs
[2022-02-12 14:53:34,038] {logging_mixin.py:104} INFO - [2022-02-12 14:53:34,038] {dag.py:2305} INFO - Setting next_dagrun for example_xcom to 2022-02-10 00:00:00+00:00
[2022-02-12 14:53:34,071] {scheduler_job.py:190} INFO - Processing /home/agalli/sandbox/lib/python3.6/site-packages/airflow/example_dags/example_xcom.py took 0.270 seconds
[2022-02-12 14:54:04,887] {scheduler_job.py:182} INFO - Started process (PID=15744) to work on /home/agalli/sandbox/lib/python3.6/site-packages/airflow/example_dags/example_xcom.py
[2022-02-12 14:54:04,889] {scheduler_job.py:633} INFO - Processing file /home/agalli/sandbox/lib/python3.6/site-packages/airflow/example_dags/example_xcom.py for tasks to queue
[2022-02-12 14:54:04,890] {logging_mixin.py:104} INFO - [2022-02-12 14:54:04,890] {dagbag.py:487} INFO - Filling up the DagBag from /home/agalli/sandbox/lib/python3.6/site-packages/airflow/example_dags/example_xcom.py
[2022-02-12 14:54:04,904] {scheduler_job.py:643} INFO - DAG(s) dict_keys(['example_xcom']) retrieved from /home/agalli/sandbox/lib/python3.6/site-packages/airflow/example_dags/example_xcom.py
[2022-02-12 14:54:04,946] {logging_mixin.py:104} INFO - [2022-02-12 14:54:04,945] {dag.py:1832} INFO - Sync 1 DAGs
[2022-02-12 14:54:04,970] {logging_mixin.py:104} INFO - [2022-02-12 14:54:04,970] {dag.py:2305} INFO - Setting next_dagrun for example_xcom to 2022-02-10 00:00:00+00:00
[2022-02-12 14:54:04,987] {scheduler_job.py:190} INFO - Processing /home/agalli/sandbox/lib/python3.6/site-packages/airflow/example_dags/example_xcom.py took 0.103 seconds
[2022-02-12 14:54:35,073] {scheduler_job.py:182} INFO - Started process (PID=15844) to work on /home/agalli/sandbox/lib/python3.6/site-packages/airflow/example_dags/example_xcom.py
[2022-02-12 14:54:35,074] {scheduler_job.py:633} INFO - Processing file /home/agalli/sandbox/lib/python3.6/site-packages/airflow/example_dags/example_xcom.py for tasks to queue
[2022-02-12 14:54:35,075] {logging_mixin.py:104} INFO - [2022-02-12 14:54:35,074] {dagbag.py:487} INFO - Filling up the DagBag from /home/agalli/sandbox/lib/python3.6/site-packages/airflow/example_dags/example_xcom.py
[2022-02-12 14:54:35,086] {scheduler_job.py:643} INFO - DAG(s) dict_keys(['example_xcom']) retrieved from /home/agalli/sandbox/lib/python3.6/site-packages/airflow/example_dags/example_xcom.py
[2022-02-12 14:54:35,113] {logging_mixin.py:104} INFO - [2022-02-12 14:54:35,113] {dag.py:1832} INFO - Sync 1 DAGs
[2022-02-12 14:54:35,130] {logging_mixin.py:104} INFO - [2022-02-12 14:54:35,130] {dag.py:2305} INFO - Setting next_dagrun for example_xcom to 2022-02-10 00:00:00+00:00
[2022-02-12 14:54:35,145] {scheduler_job.py:190} INFO - Processing /home/agalli/sandbox/lib/python3.6/site-packages/airflow/example_dags/example_xcom.py took 0.076 seconds
[2022-02-12 14:55:05,177] {scheduler_job.py:182} INFO - Started process (PID=15982) to work on /home/agalli/sandbox/lib/python3.6/site-packages/airflow/example_dags/example_xcom.py
[2022-02-12 14:55:05,179] {scheduler_job.py:633} INFO - Processing file /home/agalli/sandbox/lib/python3.6/site-packages/airflow/example_dags/example_xcom.py for tasks to queue
[2022-02-12 14:55:05,180] {logging_mixin.py:104} INFO - [2022-02-12 14:55:05,180] {dagbag.py:487} INFO - Filling up the DagBag from /home/agalli/sandbox/lib/python3.6/site-packages/airflow/example_dags/example_xcom.py
[2022-02-12 14:55:05,195] {scheduler_job.py:643} INFO - DAG(s) dict_keys(['example_xcom']) retrieved from /home/agalli/sandbox/lib/python3.6/site-packages/airflow/example_dags/example_xcom.py
[2022-02-12 14:55:05,228] {logging_mixin.py:104} INFO - [2022-02-12 14:55:05,228] {dag.py:1832} INFO - Sync 1 DAGs
[2022-02-12 14:55:05,246] {logging_mixin.py:104} INFO - [2022-02-12 14:55:05,246] {dag.py:2305} INFO - Setting next_dagrun for example_xcom to 2022-02-10 00:00:00+00:00
[2022-02-12 14:55:05,260] {scheduler_job.py:190} INFO - Processing /home/agalli/sandbox/lib/python3.6/site-packages/airflow/example_dags/example_xcom.py took 0.087 seconds
[2022-02-12 14:56:34,922] {scheduler_job.py:182} INFO - Started process (PID=16345) to work on /home/agalli/sandbox/lib/python3.6/site-packages/airflow/example_dags/example_xcom.py
[2022-02-12 14:56:34,924] {scheduler_job.py:633} INFO - Processing file /home/agalli/sandbox/lib/python3.6/site-packages/airflow/example_dags/example_xcom.py for tasks to queue
[2022-02-12 14:56:34,925] {logging_mixin.py:104} INFO - [2022-02-12 14:56:34,925] {dagbag.py:487} INFO - Filling up the DagBag from /home/agalli/sandbox/lib/python3.6/site-packages/airflow/example_dags/example_xcom.py
[2022-02-12 14:56:34,979] {scheduler_job.py:643} INFO - DAG(s) dict_keys(['example_xcom']) retrieved from /home/agalli/sandbox/lib/python3.6/site-packages/airflow/example_dags/example_xcom.py
[2022-02-12 14:56:35,098] {logging_mixin.py:104} INFO - [2022-02-12 14:56:35,097] {dag.py:1832} INFO - Sync 1 DAGs
[2022-02-12 14:56:35,185] {logging_mixin.py:104} INFO - [2022-02-12 14:56:35,185] {dag.py:2305} INFO - Setting next_dagrun for example_xcom to 2022-02-10 00:00:00+00:00
[2022-02-12 14:56:35,223] {scheduler_job.py:190} INFO - Processing /home/agalli/sandbox/lib/python3.6/site-packages/airflow/example_dags/example_xcom.py took 0.319 seconds
[2022-02-12 14:57:05,341] {scheduler_job.py:182} INFO - Started process (PID=16435) to work on /home/agalli/sandbox/lib/python3.6/site-packages/airflow/example_dags/example_xcom.py
[2022-02-12 14:57:05,344] {scheduler_job.py:633} INFO - Processing file /home/agalli/sandbox/lib/python3.6/site-packages/airflow/example_dags/example_xcom.py for tasks to queue
[2022-02-12 14:57:05,345] {logging_mixin.py:104} INFO - [2022-02-12 14:57:05,345] {dagbag.py:487} INFO - Filling up the DagBag from /home/agalli/sandbox/lib/python3.6/site-packages/airflow/example_dags/example_xcom.py
[2022-02-12 14:57:05,362] {scheduler_job.py:643} INFO - DAG(s) dict_keys(['example_xcom']) retrieved from /home/agalli/sandbox/lib/python3.6/site-packages/airflow/example_dags/example_xcom.py
[2022-02-12 14:57:05,394] {logging_mixin.py:104} INFO - [2022-02-12 14:57:05,394] {dag.py:1832} INFO - Sync 1 DAGs
[2022-02-12 14:57:05,421] {logging_mixin.py:104} INFO - [2022-02-12 14:57:05,421] {dag.py:2305} INFO - Setting next_dagrun for example_xcom to 2022-02-10 00:00:00+00:00
[2022-02-12 14:57:05,438] {scheduler_job.py:190} INFO - Processing /home/agalli/sandbox/lib/python3.6/site-packages/airflow/example_dags/example_xcom.py took 0.101 seconds
[2022-02-12 14:57:35,542] {scheduler_job.py:182} INFO - Started process (PID=16652) to work on /home/agalli/sandbox/lib/python3.6/site-packages/airflow/example_dags/example_xcom.py
[2022-02-12 14:57:35,543] {scheduler_job.py:633} INFO - Processing file /home/agalli/sandbox/lib/python3.6/site-packages/airflow/example_dags/example_xcom.py for tasks to queue
[2022-02-12 14:57:35,544] {logging_mixin.py:104} INFO - [2022-02-12 14:57:35,543] {dagbag.py:487} INFO - Filling up the DagBag from /home/agalli/sandbox/lib/python3.6/site-packages/airflow/example_dags/example_xcom.py
[2022-02-12 14:57:35,556] {scheduler_job.py:643} INFO - DAG(s) dict_keys(['example_xcom']) retrieved from /home/agalli/sandbox/lib/python3.6/site-packages/airflow/example_dags/example_xcom.py
[2022-02-12 14:57:35,585] {logging_mixin.py:104} INFO - [2022-02-12 14:57:35,585] {dag.py:1832} INFO - Sync 1 DAGs
[2022-02-12 14:57:35,600] {logging_mixin.py:104} INFO - [2022-02-12 14:57:35,600] {dag.py:2305} INFO - Setting next_dagrun for example_xcom to 2022-02-10 00:00:00+00:00
[2022-02-12 14:57:35,615] {scheduler_job.py:190} INFO - Processing /home/agalli/sandbox/lib/python3.6/site-packages/airflow/example_dags/example_xcom.py took 0.078 seconds
[2022-02-12 14:58:05,959] {scheduler_job.py:182} INFO - Started process (PID=16722) to work on /home/agalli/sandbox/lib/python3.6/site-packages/airflow/example_dags/example_xcom.py
[2022-02-12 14:58:05,960] {scheduler_job.py:633} INFO - Processing file /home/agalli/sandbox/lib/python3.6/site-packages/airflow/example_dags/example_xcom.py for tasks to queue
[2022-02-12 14:58:05,961] {logging_mixin.py:104} INFO - [2022-02-12 14:58:05,961] {dagbag.py:487} INFO - Filling up the DagBag from /home/agalli/sandbox/lib/python3.6/site-packages/airflow/example_dags/example_xcom.py
[2022-02-12 14:58:05,976] {scheduler_job.py:643} INFO - DAG(s) dict_keys(['example_xcom']) retrieved from /home/agalli/sandbox/lib/python3.6/site-packages/airflow/example_dags/example_xcom.py
[2022-02-12 14:58:06,003] {logging_mixin.py:104} INFO - [2022-02-12 14:58:06,003] {dag.py:1832} INFO - Sync 1 DAGs
[2022-02-12 14:58:06,018] {logging_mixin.py:104} INFO - [2022-02-12 14:58:06,018] {dag.py:2305} INFO - Setting next_dagrun for example_xcom to 2022-02-10 00:00:00+00:00
[2022-02-12 14:58:06,030] {scheduler_job.py:190} INFO - Processing /home/agalli/sandbox/lib/python3.6/site-packages/airflow/example_dags/example_xcom.py took 0.076 seconds
[2022-02-12 14:58:36,461] {scheduler_job.py:182} INFO - Started process (PID=16792) to work on /home/agalli/sandbox/lib/python3.6/site-packages/airflow/example_dags/example_xcom.py
[2022-02-12 14:58:36,463] {scheduler_job.py:633} INFO - Processing file /home/agalli/sandbox/lib/python3.6/site-packages/airflow/example_dags/example_xcom.py for tasks to queue
[2022-02-12 14:58:36,464] {logging_mixin.py:104} INFO - [2022-02-12 14:58:36,464] {dagbag.py:487} INFO - Filling up the DagBag from /home/agalli/sandbox/lib/python3.6/site-packages/airflow/example_dags/example_xcom.py
[2022-02-12 14:58:36,481] {scheduler_job.py:643} INFO - DAG(s) dict_keys(['example_xcom']) retrieved from /home/agalli/sandbox/lib/python3.6/site-packages/airflow/example_dags/example_xcom.py
[2022-02-12 14:58:36,516] {logging_mixin.py:104} INFO - [2022-02-12 14:58:36,516] {dag.py:1832} INFO - Sync 1 DAGs
[2022-02-12 14:58:36,535] {logging_mixin.py:104} INFO - [2022-02-12 14:58:36,534] {dag.py:2305} INFO - Setting next_dagrun for example_xcom to 2022-02-10 00:00:00+00:00
[2022-02-12 14:58:36,552] {scheduler_job.py:190} INFO - Processing /home/agalli/sandbox/lib/python3.6/site-packages/airflow/example_dags/example_xcom.py took 0.095 seconds
[2022-02-12 14:59:07,066] {scheduler_job.py:182} INFO - Started process (PID=16862) to work on /home/agalli/sandbox/lib/python3.6/site-packages/airflow/example_dags/example_xcom.py
[2022-02-12 14:59:07,068] {scheduler_job.py:633} INFO - Processing file /home/agalli/sandbox/lib/python3.6/site-packages/airflow/example_dags/example_xcom.py for tasks to queue
[2022-02-12 14:59:07,070] {logging_mixin.py:104} INFO - [2022-02-12 14:59:07,070] {dagbag.py:487} INFO - Filling up the DagBag from /home/agalli/sandbox/lib/python3.6/site-packages/airflow/example_dags/example_xcom.py
[2022-02-12 14:59:07,088] {scheduler_job.py:643} INFO - DAG(s) dict_keys(['example_xcom']) retrieved from /home/agalli/sandbox/lib/python3.6/site-packages/airflow/example_dags/example_xcom.py
[2022-02-12 14:59:07,119] {logging_mixin.py:104} INFO - [2022-02-12 14:59:07,119] {dag.py:1832} INFO - Sync 1 DAGs
[2022-02-12 14:59:07,139] {logging_mixin.py:104} INFO - [2022-02-12 14:59:07,139] {dag.py:2305} INFO - Setting next_dagrun for example_xcom to 2022-02-10 00:00:00+00:00
[2022-02-12 14:59:07,157] {scheduler_job.py:190} INFO - Processing /home/agalli/sandbox/lib/python3.6/site-packages/airflow/example_dags/example_xcom.py took 0.095 seconds
[2022-02-12 14:59:37,353] {scheduler_job.py:182} INFO - Started process (PID=16932) to work on /home/agalli/sandbox/lib/python3.6/site-packages/airflow/example_dags/example_xcom.py
[2022-02-12 14:59:37,355] {scheduler_job.py:633} INFO - Processing file /home/agalli/sandbox/lib/python3.6/site-packages/airflow/example_dags/example_xcom.py for tasks to queue
[2022-02-12 14:59:37,355] {logging_mixin.py:104} INFO - [2022-02-12 14:59:37,355] {dagbag.py:487} INFO - Filling up the DagBag from /home/agalli/sandbox/lib/python3.6/site-packages/airflow/example_dags/example_xcom.py
[2022-02-12 14:59:37,373] {scheduler_job.py:643} INFO - DAG(s) dict_keys(['example_xcom']) retrieved from /home/agalli/sandbox/lib/python3.6/site-packages/airflow/example_dags/example_xcom.py
[2022-02-12 14:59:37,408] {logging_mixin.py:104} INFO - [2022-02-12 14:59:37,408] {dag.py:1832} INFO - Sync 1 DAGs
[2022-02-12 14:59:37,427] {logging_mixin.py:104} INFO - [2022-02-12 14:59:37,427] {dag.py:2305} INFO - Setting next_dagrun for example_xcom to 2022-02-10 00:00:00+00:00
[2022-02-12 14:59:37,443] {scheduler_job.py:190} INFO - Processing /home/agalli/sandbox/lib/python3.6/site-packages/airflow/example_dags/example_xcom.py took 0.095 seconds
[2022-02-12 15:00:07,911] {scheduler_job.py:182} INFO - Started process (PID=17002) to work on /home/agalli/sandbox/lib/python3.6/site-packages/airflow/example_dags/example_xcom.py
[2022-02-12 15:00:07,912] {scheduler_job.py:633} INFO - Processing file /home/agalli/sandbox/lib/python3.6/site-packages/airflow/example_dags/example_xcom.py for tasks to queue
[2022-02-12 15:00:07,913] {logging_mixin.py:104} INFO - [2022-02-12 15:00:07,913] {dagbag.py:487} INFO - Filling up the DagBag from /home/agalli/sandbox/lib/python3.6/site-packages/airflow/example_dags/example_xcom.py
[2022-02-12 15:00:07,927] {scheduler_job.py:643} INFO - DAG(s) dict_keys(['example_xcom']) retrieved from /home/agalli/sandbox/lib/python3.6/site-packages/airflow/example_dags/example_xcom.py
[2022-02-12 15:00:07,955] {logging_mixin.py:104} INFO - [2022-02-12 15:00:07,955] {dag.py:1832} INFO - Sync 1 DAGs
[2022-02-12 15:00:07,971] {logging_mixin.py:104} INFO - [2022-02-12 15:00:07,971] {dag.py:2305} INFO - Setting next_dagrun for example_xcom to 2022-02-10 00:00:00+00:00
[2022-02-12 15:00:07,983] {scheduler_job.py:190} INFO - Processing /home/agalli/sandbox/lib/python3.6/site-packages/airflow/example_dags/example_xcom.py took 0.077 seconds
[2022-02-12 15:00:35,813] {scheduler_job.py:182} INFO - Started process (PID=17416) to work on /home/agalli/sandbox/lib/python3.6/site-packages/airflow/example_dags/example_xcom.py
[2022-02-12 15:00:35,815] {scheduler_job.py:633} INFO - Processing file /home/agalli/sandbox/lib/python3.6/site-packages/airflow/example_dags/example_xcom.py for tasks to queue
[2022-02-12 15:00:35,817] {logging_mixin.py:104} INFO - [2022-02-12 15:00:35,816] {dagbag.py:487} INFO - Filling up the DagBag from /home/agalli/sandbox/lib/python3.6/site-packages/airflow/example_dags/example_xcom.py
[2022-02-12 15:00:35,850] {scheduler_job.py:643} INFO - DAG(s) dict_keys(['example_xcom']) retrieved from /home/agalli/sandbox/lib/python3.6/site-packages/airflow/example_dags/example_xcom.py
[2022-02-12 15:00:35,970] {logging_mixin.py:104} INFO - [2022-02-12 15:00:35,970] {dag.py:1832} INFO - Sync 1 DAGs
[2022-02-12 15:00:36,011] {logging_mixin.py:104} INFO - [2022-02-12 15:00:36,011] {dag.py:2305} INFO - Setting next_dagrun for example_xcom to 2022-02-10 00:00:00+00:00
[2022-02-12 15:00:36,118] {scheduler_job.py:190} INFO - Processing /home/agalli/sandbox/lib/python3.6/site-packages/airflow/example_dags/example_xcom.py took 0.318 seconds
[2022-02-12 15:01:06,653] {scheduler_job.py:182} INFO - Started process (PID=17819) to work on /home/agalli/sandbox/lib/python3.6/site-packages/airflow/example_dags/example_xcom.py
[2022-02-12 15:01:06,657] {scheduler_job.py:633} INFO - Processing file /home/agalli/sandbox/lib/python3.6/site-packages/airflow/example_dags/example_xcom.py for tasks to queue
[2022-02-12 15:01:06,658] {logging_mixin.py:104} INFO - [2022-02-12 15:01:06,658] {dagbag.py:487} INFO - Filling up the DagBag from /home/agalli/sandbox/lib/python3.6/site-packages/airflow/example_dags/example_xcom.py
[2022-02-12 15:01:06,692] {scheduler_job.py:643} INFO - DAG(s) dict_keys(['example_xcom']) retrieved from /home/agalli/sandbox/lib/python3.6/site-packages/airflow/example_dags/example_xcom.py
[2022-02-12 15:01:06,805] {logging_mixin.py:104} INFO - [2022-02-12 15:01:06,805] {dag.py:1832} INFO - Sync 1 DAGs
[2022-02-12 15:01:06,846] {logging_mixin.py:104} INFO - [2022-02-12 15:01:06,845] {dag.py:2305} INFO - Setting next_dagrun for example_xcom to 2022-02-10 00:00:00+00:00
[2022-02-12 15:01:06,884] {scheduler_job.py:190} INFO - Processing /home/agalli/sandbox/lib/python3.6/site-packages/airflow/example_dags/example_xcom.py took 0.239 seconds
[2022-02-12 15:01:37,494] {scheduler_job.py:182} INFO - Started process (PID=18051) to work on /home/agalli/sandbox/lib/python3.6/site-packages/airflow/example_dags/example_xcom.py
[2022-02-12 15:01:37,495] {scheduler_job.py:633} INFO - Processing file /home/agalli/sandbox/lib/python3.6/site-packages/airflow/example_dags/example_xcom.py for tasks to queue
[2022-02-12 15:01:37,496] {logging_mixin.py:104} INFO - [2022-02-12 15:01:37,496] {dagbag.py:487} INFO - Filling up the DagBag from /home/agalli/sandbox/lib/python3.6/site-packages/airflow/example_dags/example_xcom.py
[2022-02-12 15:01:37,516] {scheduler_job.py:643} INFO - DAG(s) dict_keys(['example_xcom']) retrieved from /home/agalli/sandbox/lib/python3.6/site-packages/airflow/example_dags/example_xcom.py
[2022-02-12 15:01:37,554] {logging_mixin.py:104} INFO - [2022-02-12 15:01:37,554] {dag.py:1832} INFO - Sync 1 DAGs
[2022-02-12 15:01:37,578] {logging_mixin.py:104} INFO - [2022-02-12 15:01:37,578] {dag.py:2305} INFO - Setting next_dagrun for example_xcom to 2022-02-10 00:00:00+00:00
[2022-02-12 15:01:37,593] {scheduler_job.py:190} INFO - Processing /home/agalli/sandbox/lib/python3.6/site-packages/airflow/example_dags/example_xcom.py took 0.106 seconds
[2022-02-12 15:02:08,282] {scheduler_job.py:182} INFO - Started process (PID=18313) to work on /home/agalli/sandbox/lib/python3.6/site-packages/airflow/example_dags/example_xcom.py
[2022-02-12 15:02:08,283] {scheduler_job.py:633} INFO - Processing file /home/agalli/sandbox/lib/python3.6/site-packages/airflow/example_dags/example_xcom.py for tasks to queue
[2022-02-12 15:02:08,284] {logging_mixin.py:104} INFO - [2022-02-12 15:02:08,284] {dagbag.py:487} INFO - Filling up the DagBag from /home/agalli/sandbox/lib/python3.6/site-packages/airflow/example_dags/example_xcom.py
[2022-02-12 15:02:08,298] {scheduler_job.py:643} INFO - DAG(s) dict_keys(['example_xcom']) retrieved from /home/agalli/sandbox/lib/python3.6/site-packages/airflow/example_dags/example_xcom.py
[2022-02-12 15:02:08,332] {logging_mixin.py:104} INFO - [2022-02-12 15:02:08,332] {dag.py:1832} INFO - Sync 1 DAGs
[2022-02-12 15:02:08,358] {logging_mixin.py:104} INFO - [2022-02-12 15:02:08,358] {dag.py:2305} INFO - Setting next_dagrun for example_xcom to 2022-02-10 00:00:00+00:00
[2022-02-12 15:02:08,385] {scheduler_job.py:190} INFO - Processing /home/agalli/sandbox/lib/python3.6/site-packages/airflow/example_dags/example_xcom.py took 0.107 seconds
[2022-02-12 15:02:38,914] {scheduler_job.py:182} INFO - Started process (PID=18785) to work on /home/agalli/sandbox/lib/python3.6/site-packages/airflow/example_dags/example_xcom.py
[2022-02-12 15:02:38,916] {scheduler_job.py:633} INFO - Processing file /home/agalli/sandbox/lib/python3.6/site-packages/airflow/example_dags/example_xcom.py for tasks to queue
[2022-02-12 15:02:38,918] {logging_mixin.py:104} INFO - [2022-02-12 15:02:38,917] {dagbag.py:487} INFO - Filling up the DagBag from /home/agalli/sandbox/lib/python3.6/site-packages/airflow/example_dags/example_xcom.py
[2022-02-12 15:02:38,938] {scheduler_job.py:643} INFO - DAG(s) dict_keys(['example_xcom']) retrieved from /home/agalli/sandbox/lib/python3.6/site-packages/airflow/example_dags/example_xcom.py
[2022-02-12 15:02:38,979] {logging_mixin.py:104} INFO - [2022-02-12 15:02:38,978] {dag.py:1832} INFO - Sync 1 DAGs
[2022-02-12 15:02:39,006] {logging_mixin.py:104} INFO - [2022-02-12 15:02:39,006] {dag.py:2305} INFO - Setting next_dagrun for example_xcom to 2022-02-10 00:00:00+00:00
[2022-02-12 15:02:39,031] {scheduler_job.py:190} INFO - Processing /home/agalli/sandbox/lib/python3.6/site-packages/airflow/example_dags/example_xcom.py took 0.123 seconds
[2022-02-12 15:03:09,724] {scheduler_job.py:182} INFO - Started process (PID=19167) to work on /home/agalli/sandbox/lib/python3.6/site-packages/airflow/example_dags/example_xcom.py
[2022-02-12 15:03:09,727] {scheduler_job.py:633} INFO - Processing file /home/agalli/sandbox/lib/python3.6/site-packages/airflow/example_dags/example_xcom.py for tasks to queue
[2022-02-12 15:03:09,728] {logging_mixin.py:104} INFO - [2022-02-12 15:03:09,728] {dagbag.py:487} INFO - Filling up the DagBag from /home/agalli/sandbox/lib/python3.6/site-packages/airflow/example_dags/example_xcom.py
[2022-02-12 15:03:09,742] {scheduler_job.py:643} INFO - DAG(s) dict_keys(['example_xcom']) retrieved from /home/agalli/sandbox/lib/python3.6/site-packages/airflow/example_dags/example_xcom.py
[2022-02-12 15:03:09,772] {logging_mixin.py:104} INFO - [2022-02-12 15:03:09,772] {dag.py:1832} INFO - Sync 1 DAGs
[2022-02-12 15:03:09,793] {logging_mixin.py:104} INFO - [2022-02-12 15:03:09,793] {dag.py:2305} INFO - Setting next_dagrun for example_xcom to 2022-02-10 00:00:00+00:00
[2022-02-12 15:03:09,807] {scheduler_job.py:190} INFO - Processing /home/agalli/sandbox/lib/python3.6/site-packages/airflow/example_dags/example_xcom.py took 0.089 seconds
[2022-02-12 15:03:39,936] {scheduler_job.py:182} INFO - Started process (PID=19399) to work on /home/agalli/sandbox/lib/python3.6/site-packages/airflow/example_dags/example_xcom.py
[2022-02-12 15:03:39,938] {scheduler_job.py:633} INFO - Processing file /home/agalli/sandbox/lib/python3.6/site-packages/airflow/example_dags/example_xcom.py for tasks to queue
[2022-02-12 15:03:39,940] {logging_mixin.py:104} INFO - [2022-02-12 15:03:39,940] {dagbag.py:487} INFO - Filling up the DagBag from /home/agalli/sandbox/lib/python3.6/site-packages/airflow/example_dags/example_xcom.py
[2022-02-12 15:03:39,962] {scheduler_job.py:643} INFO - DAG(s) dict_keys(['example_xcom']) retrieved from /home/agalli/sandbox/lib/python3.6/site-packages/airflow/example_dags/example_xcom.py
[2022-02-12 15:03:40,013] {logging_mixin.py:104} INFO - [2022-02-12 15:03:40,013] {dag.py:1832} INFO - Sync 1 DAGs
[2022-02-12 15:03:40,055] {logging_mixin.py:104} INFO - [2022-02-12 15:03:40,054] {dag.py:2305} INFO - Setting next_dagrun for example_xcom to 2022-02-10 00:00:00+00:00
[2022-02-12 15:03:40,081] {scheduler_job.py:190} INFO - Processing /home/agalli/sandbox/lib/python3.6/site-packages/airflow/example_dags/example_xcom.py took 0.153 seconds
[2022-02-12 15:04:10,500] {scheduler_job.py:182} INFO - Started process (PID=19593) to work on /home/agalli/sandbox/lib/python3.6/site-packages/airflow/example_dags/example_xcom.py
[2022-02-12 15:04:10,501] {scheduler_job.py:633} INFO - Processing file /home/agalli/sandbox/lib/python3.6/site-packages/airflow/example_dags/example_xcom.py for tasks to queue
[2022-02-12 15:04:10,502] {logging_mixin.py:104} INFO - [2022-02-12 15:04:10,502] {dagbag.py:487} INFO - Filling up the DagBag from /home/agalli/sandbox/lib/python3.6/site-packages/airflow/example_dags/example_xcom.py
[2022-02-12 15:04:10,523] {scheduler_job.py:643} INFO - DAG(s) dict_keys(['example_xcom']) retrieved from /home/agalli/sandbox/lib/python3.6/site-packages/airflow/example_dags/example_xcom.py
[2022-02-12 15:04:10,593] {logging_mixin.py:104} INFO - [2022-02-12 15:04:10,593] {dag.py:1832} INFO - Sync 1 DAGs
[2022-02-12 15:04:10,640] {logging_mixin.py:104} INFO - [2022-02-12 15:04:10,640] {dag.py:2305} INFO - Setting next_dagrun for example_xcom to 2022-02-10 00:00:00+00:00
[2022-02-12 15:04:10,675] {scheduler_job.py:190} INFO - Processing /home/agalli/sandbox/lib/python3.6/site-packages/airflow/example_dags/example_xcom.py took 0.183 seconds
[2022-02-12 15:04:40,739] {scheduler_job.py:182} INFO - Started process (PID=19795) to work on /home/agalli/sandbox/lib/python3.6/site-packages/airflow/example_dags/example_xcom.py
[2022-02-12 15:04:40,741] {scheduler_job.py:633} INFO - Processing file /home/agalli/sandbox/lib/python3.6/site-packages/airflow/example_dags/example_xcom.py for tasks to queue
[2022-02-12 15:04:40,742] {logging_mixin.py:104} INFO - [2022-02-12 15:04:40,742] {dagbag.py:487} INFO - Filling up the DagBag from /home/agalli/sandbox/lib/python3.6/site-packages/airflow/example_dags/example_xcom.py
[2022-02-12 15:04:40,757] {scheduler_job.py:643} INFO - DAG(s) dict_keys(['example_xcom']) retrieved from /home/agalli/sandbox/lib/python3.6/site-packages/airflow/example_dags/example_xcom.py
[2022-02-12 15:04:40,792] {logging_mixin.py:104} INFO - [2022-02-12 15:04:40,792] {dag.py:1832} INFO - Sync 1 DAGs
[2022-02-12 15:04:40,813] {logging_mixin.py:104} INFO - [2022-02-12 15:04:40,813] {dag.py:2305} INFO - Setting next_dagrun for example_xcom to 2022-02-10 00:00:00+00:00
[2022-02-12 15:04:40,832] {scheduler_job.py:190} INFO - Processing /home/agalli/sandbox/lib/python3.6/site-packages/airflow/example_dags/example_xcom.py took 0.098 seconds
[2022-02-12 15:05:11,051] {scheduler_job.py:182} INFO - Started process (PID=19997) to work on /home/agalli/sandbox/lib/python3.6/site-packages/airflow/example_dags/example_xcom.py
[2022-02-12 15:05:11,053] {scheduler_job.py:633} INFO - Processing file /home/agalli/sandbox/lib/python3.6/site-packages/airflow/example_dags/example_xcom.py for tasks to queue
[2022-02-12 15:05:11,054] {logging_mixin.py:104} INFO - [2022-02-12 15:05:11,053] {dagbag.py:487} INFO - Filling up the DagBag from /home/agalli/sandbox/lib/python3.6/site-packages/airflow/example_dags/example_xcom.py
[2022-02-12 15:05:11,071] {scheduler_job.py:643} INFO - DAG(s) dict_keys(['example_xcom']) retrieved from /home/agalli/sandbox/lib/python3.6/site-packages/airflow/example_dags/example_xcom.py
[2022-02-12 15:05:11,110] {logging_mixin.py:104} INFO - [2022-02-12 15:05:11,110] {dag.py:1832} INFO - Sync 1 DAGs
[2022-02-12 15:05:11,135] {logging_mixin.py:104} INFO - [2022-02-12 15:05:11,135] {dag.py:2305} INFO - Setting next_dagrun for example_xcom to 2022-02-10 00:00:00+00:00
[2022-02-12 15:05:11,151] {scheduler_job.py:190} INFO - Processing /home/agalli/sandbox/lib/python3.6/site-packages/airflow/example_dags/example_xcom.py took 0.106 seconds
[2022-02-12 15:05:41,246] {scheduler_job.py:182} INFO - Started process (PID=20319) to work on /home/agalli/sandbox/lib/python3.6/site-packages/airflow/example_dags/example_xcom.py
[2022-02-12 15:05:41,247] {scheduler_job.py:633} INFO - Processing file /home/agalli/sandbox/lib/python3.6/site-packages/airflow/example_dags/example_xcom.py for tasks to queue
[2022-02-12 15:05:41,248] {logging_mixin.py:104} INFO - [2022-02-12 15:05:41,248] {dagbag.py:487} INFO - Filling up the DagBag from /home/agalli/sandbox/lib/python3.6/site-packages/airflow/example_dags/example_xcom.py
[2022-02-12 15:05:41,264] {scheduler_job.py:643} INFO - DAG(s) dict_keys(['example_xcom']) retrieved from /home/agalli/sandbox/lib/python3.6/site-packages/airflow/example_dags/example_xcom.py
[2022-02-12 15:05:41,306] {logging_mixin.py:104} INFO - [2022-02-12 15:05:41,306] {dag.py:1832} INFO - Sync 1 DAGs
[2022-02-12 15:05:41,329] {logging_mixin.py:104} INFO - [2022-02-12 15:05:41,329] {dag.py:2305} INFO - Setting next_dagrun for example_xcom to 2022-02-10 00:00:00+00:00
[2022-02-12 15:05:41,341] {scheduler_job.py:190} INFO - Processing /home/agalli/sandbox/lib/python3.6/site-packages/airflow/example_dags/example_xcom.py took 0.100 seconds
[2022-02-12 15:06:11,402] {scheduler_job.py:182} INFO - Started process (PID=20525) to work on /home/agalli/sandbox/lib/python3.6/site-packages/airflow/example_dags/example_xcom.py
[2022-02-12 15:06:11,404] {scheduler_job.py:633} INFO - Processing file /home/agalli/sandbox/lib/python3.6/site-packages/airflow/example_dags/example_xcom.py for tasks to queue
[2022-02-12 15:06:11,404] {logging_mixin.py:104} INFO - [2022-02-12 15:06:11,404] {dagbag.py:487} INFO - Filling up the DagBag from /home/agalli/sandbox/lib/python3.6/site-packages/airflow/example_dags/example_xcom.py
[2022-02-12 15:06:11,419] {scheduler_job.py:643} INFO - DAG(s) dict_keys(['example_xcom']) retrieved from /home/agalli/sandbox/lib/python3.6/site-packages/airflow/example_dags/example_xcom.py
[2022-02-12 15:06:11,452] {logging_mixin.py:104} INFO - [2022-02-12 15:06:11,452] {dag.py:1832} INFO - Sync 1 DAGs
[2022-02-12 15:06:11,474] {logging_mixin.py:104} INFO - [2022-02-12 15:06:11,473] {dag.py:2305} INFO - Setting next_dagrun for example_xcom to 2022-02-10 00:00:00+00:00
[2022-02-12 15:06:11,488] {scheduler_job.py:190} INFO - Processing /home/agalli/sandbox/lib/python3.6/site-packages/airflow/example_dags/example_xcom.py took 0.090 seconds
[2022-02-12 15:06:42,317] {scheduler_job.py:182} INFO - Started process (PID=20724) to work on /home/agalli/sandbox/lib/python3.6/site-packages/airflow/example_dags/example_xcom.py
[2022-02-12 15:06:42,320] {scheduler_job.py:633} INFO - Processing file /home/agalli/sandbox/lib/python3.6/site-packages/airflow/example_dags/example_xcom.py for tasks to queue
[2022-02-12 15:06:42,321] {logging_mixin.py:104} INFO - [2022-02-12 15:06:42,320] {dagbag.py:487} INFO - Filling up the DagBag from /home/agalli/sandbox/lib/python3.6/site-packages/airflow/example_dags/example_xcom.py
[2022-02-12 15:06:42,386] {scheduler_job.py:643} INFO - DAG(s) dict_keys(['example_xcom']) retrieved from /home/agalli/sandbox/lib/python3.6/site-packages/airflow/example_dags/example_xcom.py
[2022-02-12 15:06:42,469] {logging_mixin.py:104} INFO - [2022-02-12 15:06:42,468] {dag.py:1832} INFO - Sync 1 DAGs
[2022-02-12 15:06:42,522] {logging_mixin.py:104} INFO - [2022-02-12 15:06:42,522] {dag.py:2305} INFO - Setting next_dagrun for example_xcom to 2022-02-10 00:00:00+00:00
[2022-02-12 15:06:42,541] {scheduler_job.py:190} INFO - Processing /home/agalli/sandbox/lib/python3.6/site-packages/airflow/example_dags/example_xcom.py took 0.242 seconds
[2022-02-12 15:07:12,699] {scheduler_job.py:182} INFO - Started process (PID=20925) to work on /home/agalli/sandbox/lib/python3.6/site-packages/airflow/example_dags/example_xcom.py
[2022-02-12 15:07:12,701] {scheduler_job.py:633} INFO - Processing file /home/agalli/sandbox/lib/python3.6/site-packages/airflow/example_dags/example_xcom.py for tasks to queue
[2022-02-12 15:07:12,702] {logging_mixin.py:104} INFO - [2022-02-12 15:07:12,702] {dagbag.py:487} INFO - Filling up the DagBag from /home/agalli/sandbox/lib/python3.6/site-packages/airflow/example_dags/example_xcom.py
[2022-02-12 15:07:12,742] {scheduler_job.py:643} INFO - DAG(s) dict_keys(['example_xcom']) retrieved from /home/agalli/sandbox/lib/python3.6/site-packages/airflow/example_dags/example_xcom.py
[2022-02-12 15:07:12,806] {logging_mixin.py:104} INFO - [2022-02-12 15:07:12,806] {dag.py:1832} INFO - Sync 1 DAGs
[2022-02-12 15:07:12,838] {logging_mixin.py:104} INFO - [2022-02-12 15:07:12,837] {dag.py:2305} INFO - Setting next_dagrun for example_xcom to 2022-02-10 00:00:00+00:00
[2022-02-12 15:07:12,856] {scheduler_job.py:190} INFO - Processing /home/agalli/sandbox/lib/python3.6/site-packages/airflow/example_dags/example_xcom.py took 0.164 seconds
[2022-02-12 15:07:43,166] {scheduler_job.py:182} INFO - Started process (PID=21127) to work on /home/agalli/sandbox/lib/python3.6/site-packages/airflow/example_dags/example_xcom.py
[2022-02-12 15:07:43,168] {scheduler_job.py:633} INFO - Processing file /home/agalli/sandbox/lib/python3.6/site-packages/airflow/example_dags/example_xcom.py for tasks to queue
[2022-02-12 15:07:43,169] {logging_mixin.py:104} INFO - [2022-02-12 15:07:43,169] {dagbag.py:487} INFO - Filling up the DagBag from /home/agalli/sandbox/lib/python3.6/site-packages/airflow/example_dags/example_xcom.py
[2022-02-12 15:07:43,185] {scheduler_job.py:643} INFO - DAG(s) dict_keys(['example_xcom']) retrieved from /home/agalli/sandbox/lib/python3.6/site-packages/airflow/example_dags/example_xcom.py
[2022-02-12 15:07:43,227] {logging_mixin.py:104} INFO - [2022-02-12 15:07:43,227] {dag.py:1832} INFO - Sync 1 DAGs
[2022-02-12 15:07:43,252] {logging_mixin.py:104} INFO - [2022-02-12 15:07:43,252] {dag.py:2305} INFO - Setting next_dagrun for example_xcom to 2022-02-10 00:00:00+00:00
[2022-02-12 15:07:43,270] {scheduler_job.py:190} INFO - Processing /home/agalli/sandbox/lib/python3.6/site-packages/airflow/example_dags/example_xcom.py took 0.107 seconds
[2022-02-12 15:08:13,418] {scheduler_job.py:182} INFO - Started process (PID=21332) to work on /home/agalli/sandbox/lib/python3.6/site-packages/airflow/example_dags/example_xcom.py
[2022-02-12 15:08:13,420] {scheduler_job.py:633} INFO - Processing file /home/agalli/sandbox/lib/python3.6/site-packages/airflow/example_dags/example_xcom.py for tasks to queue
[2022-02-12 15:08:13,422] {logging_mixin.py:104} INFO - [2022-02-12 15:08:13,422] {dagbag.py:487} INFO - Filling up the DagBag from /home/agalli/sandbox/lib/python3.6/site-packages/airflow/example_dags/example_xcom.py
[2022-02-12 15:08:13,451] {scheduler_job.py:643} INFO - DAG(s) dict_keys(['example_xcom']) retrieved from /home/agalli/sandbox/lib/python3.6/site-packages/airflow/example_dags/example_xcom.py
[2022-02-12 15:08:13,558] {logging_mixin.py:104} INFO - [2022-02-12 15:08:13,557] {dag.py:1832} INFO - Sync 1 DAGs
[2022-02-12 15:08:13,638] {logging_mixin.py:104} INFO - [2022-02-12 15:08:13,638] {dag.py:2305} INFO - Setting next_dagrun for example_xcom to 2022-02-10 00:00:00+00:00
[2022-02-12 15:08:13,669] {scheduler_job.py:190} INFO - Processing /home/agalli/sandbox/lib/python3.6/site-packages/airflow/example_dags/example_xcom.py took 0.257 seconds
[2022-02-12 15:08:43,831] {scheduler_job.py:182} INFO - Started process (PID=21535) to work on /home/agalli/sandbox/lib/python3.6/site-packages/airflow/example_dags/example_xcom.py
[2022-02-12 15:08:43,833] {scheduler_job.py:633} INFO - Processing file /home/agalli/sandbox/lib/python3.6/site-packages/airflow/example_dags/example_xcom.py for tasks to queue
[2022-02-12 15:08:43,835] {logging_mixin.py:104} INFO - [2022-02-12 15:08:43,834] {dagbag.py:487} INFO - Filling up the DagBag from /home/agalli/sandbox/lib/python3.6/site-packages/airflow/example_dags/example_xcom.py
[2022-02-12 15:08:43,854] {scheduler_job.py:643} INFO - DAG(s) dict_keys(['example_xcom']) retrieved from /home/agalli/sandbox/lib/python3.6/site-packages/airflow/example_dags/example_xcom.py
[2022-02-12 15:08:43,897] {logging_mixin.py:104} INFO - [2022-02-12 15:08:43,897] {dag.py:1832} INFO - Sync 1 DAGs
[2022-02-12 15:08:43,922] {logging_mixin.py:104} INFO - [2022-02-12 15:08:43,922] {dag.py:2305} INFO - Setting next_dagrun for example_xcom to 2022-02-10 00:00:00+00:00
[2022-02-12 15:08:43,943] {scheduler_job.py:190} INFO - Processing /home/agalli/sandbox/lib/python3.6/site-packages/airflow/example_dags/example_xcom.py took 0.117 seconds
