[2022-02-12 13:57:22,950] {scheduler_job.py:182} INFO - Started process (PID=1635) to work on /home/agalli/sandbox/lib/python3.6/site-packages/airflow/example_dags/example_task_group_decorator.py
[2022-02-12 13:57:22,966] {scheduler_job.py:633} INFO - Processing file /home/agalli/sandbox/lib/python3.6/site-packages/airflow/example_dags/example_task_group_decorator.py for tasks to queue
[2022-02-12 13:57:22,982] {logging_mixin.py:104} INFO - [2022-02-12 13:57:22,982] {dagbag.py:487} INFO - Filling up the DagBag from /home/agalli/sandbox/lib/python3.6/site-packages/airflow/example_dags/example_task_group_decorator.py
[2022-02-12 13:57:23,233] {scheduler_job.py:643} INFO - DAG(s) dict_keys(['example_task_group_decorator']) retrieved from /home/agalli/sandbox/lib/python3.6/site-packages/airflow/example_dags/example_task_group_decorator.py
[2022-02-12 13:57:26,038] {logging_mixin.py:104} INFO - [2022-02-12 13:57:26,037] {dag.py:1832} INFO - Sync 1 DAGs
[2022-02-12 13:57:26,076] {logging_mixin.py:104} INFO - [2022-02-12 13:57:26,076] {dag.py:2305} INFO - Setting next_dagrun for example_task_group_decorator to 2022-02-10 00:00:00+00:00
[2022-02-12 13:57:26,105] {scheduler_job.py:190} INFO - Processing /home/agalli/sandbox/lib/python3.6/site-packages/airflow/example_dags/example_task_group_decorator.py took 3.166 seconds
[2022-02-12 13:57:56,435] {scheduler_job.py:182} INFO - Started process (PID=2188) to work on /home/agalli/sandbox/lib/python3.6/site-packages/airflow/example_dags/example_task_group_decorator.py
[2022-02-12 13:57:56,436] {scheduler_job.py:633} INFO - Processing file /home/agalli/sandbox/lib/python3.6/site-packages/airflow/example_dags/example_task_group_decorator.py for tasks to queue
[2022-02-12 13:57:56,437] {logging_mixin.py:104} INFO - [2022-02-12 13:57:56,437] {dagbag.py:487} INFO - Filling up the DagBag from /home/agalli/sandbox/lib/python3.6/site-packages/airflow/example_dags/example_task_group_decorator.py
[2022-02-12 13:57:56,496] {scheduler_job.py:643} INFO - DAG(s) dict_keys(['example_task_group_decorator']) retrieved from /home/agalli/sandbox/lib/python3.6/site-packages/airflow/example_dags/example_task_group_decorator.py
[2022-02-12 13:57:57,352] {logging_mixin.py:104} INFO - [2022-02-12 13:57:57,352] {dag.py:1832} INFO - Sync 1 DAGs
[2022-02-12 13:57:57,414] {logging_mixin.py:104} INFO - [2022-02-12 13:57:57,413] {dag.py:2305} INFO - Setting next_dagrun for example_task_group_decorator to 2022-02-10 00:00:00+00:00
[2022-02-12 13:57:57,476] {scheduler_job.py:190} INFO - Processing /home/agalli/sandbox/lib/python3.6/site-packages/airflow/example_dags/example_task_group_decorator.py took 1.047 seconds
[2022-02-12 13:58:28,141] {scheduler_job.py:182} INFO - Started process (PID=2390) to work on /home/agalli/sandbox/lib/python3.6/site-packages/airflow/example_dags/example_task_group_decorator.py
[2022-02-12 13:58:28,145] {scheduler_job.py:633} INFO - Processing file /home/agalli/sandbox/lib/python3.6/site-packages/airflow/example_dags/example_task_group_decorator.py for tasks to queue
[2022-02-12 13:58:28,146] {logging_mixin.py:104} INFO - [2022-02-12 13:58:28,146] {dagbag.py:487} INFO - Filling up the DagBag from /home/agalli/sandbox/lib/python3.6/site-packages/airflow/example_dags/example_task_group_decorator.py
[2022-02-12 13:58:28,205] {scheduler_job.py:643} INFO - DAG(s) dict_keys(['example_task_group_decorator']) retrieved from /home/agalli/sandbox/lib/python3.6/site-packages/airflow/example_dags/example_task_group_decorator.py
[2022-02-12 13:58:28,825] {logging_mixin.py:104} INFO - [2022-02-12 13:58:28,825] {dag.py:1832} INFO - Sync 1 DAGs
[2022-02-12 13:58:28,854] {logging_mixin.py:104} INFO - [2022-02-12 13:58:28,854] {dag.py:2305} INFO - Setting next_dagrun for example_task_group_decorator to 2022-02-10 00:00:00+00:00
[2022-02-12 13:58:28,872] {scheduler_job.py:190} INFO - Processing /home/agalli/sandbox/lib/python3.6/site-packages/airflow/example_dags/example_task_group_decorator.py took 0.739 seconds
[2022-02-12 13:58:59,285] {scheduler_job.py:182} INFO - Started process (PID=2593) to work on /home/agalli/sandbox/lib/python3.6/site-packages/airflow/example_dags/example_task_group_decorator.py
[2022-02-12 13:58:59,286] {scheduler_job.py:633} INFO - Processing file /home/agalli/sandbox/lib/python3.6/site-packages/airflow/example_dags/example_task_group_decorator.py for tasks to queue
[2022-02-12 13:58:59,287] {logging_mixin.py:104} INFO - [2022-02-12 13:58:59,287] {dagbag.py:487} INFO - Filling up the DagBag from /home/agalli/sandbox/lib/python3.6/site-packages/airflow/example_dags/example_task_group_decorator.py
[2022-02-12 13:58:59,320] {scheduler_job.py:643} INFO - DAG(s) dict_keys(['example_task_group_decorator']) retrieved from /home/agalli/sandbox/lib/python3.6/site-packages/airflow/example_dags/example_task_group_decorator.py
[2022-02-12 13:58:59,918] {logging_mixin.py:104} INFO - [2022-02-12 13:58:59,918] {dag.py:1832} INFO - Sync 1 DAGs
[2022-02-12 13:58:59,946] {logging_mixin.py:104} INFO - [2022-02-12 13:58:59,946] {dag.py:2305} INFO - Setting next_dagrun for example_task_group_decorator to 2022-02-10 00:00:00+00:00
[2022-02-12 13:58:59,964] {scheduler_job.py:190} INFO - Processing /home/agalli/sandbox/lib/python3.6/site-packages/airflow/example_dags/example_task_group_decorator.py took 0.683 seconds
[2022-02-12 13:59:30,596] {scheduler_job.py:182} INFO - Started process (PID=2795) to work on /home/agalli/sandbox/lib/python3.6/site-packages/airflow/example_dags/example_task_group_decorator.py
[2022-02-12 13:59:30,598] {scheduler_job.py:633} INFO - Processing file /home/agalli/sandbox/lib/python3.6/site-packages/airflow/example_dags/example_task_group_decorator.py for tasks to queue
[2022-02-12 13:59:30,599] {logging_mixin.py:104} INFO - [2022-02-12 13:59:30,599] {dagbag.py:487} INFO - Filling up the DagBag from /home/agalli/sandbox/lib/python3.6/site-packages/airflow/example_dags/example_task_group_decorator.py
[2022-02-12 13:59:30,626] {scheduler_job.py:643} INFO - DAG(s) dict_keys(['example_task_group_decorator']) retrieved from /home/agalli/sandbox/lib/python3.6/site-packages/airflow/example_dags/example_task_group_decorator.py
[2022-02-12 13:59:30,930] {logging_mixin.py:104} INFO - [2022-02-12 13:59:30,930] {dag.py:1832} INFO - Sync 1 DAGs
[2022-02-12 13:59:30,950] {logging_mixin.py:104} INFO - [2022-02-12 13:59:30,950] {dag.py:2305} INFO - Setting next_dagrun for example_task_group_decorator to 2022-02-10 00:00:00+00:00
[2022-02-12 13:59:30,966] {scheduler_job.py:190} INFO - Processing /home/agalli/sandbox/lib/python3.6/site-packages/airflow/example_dags/example_task_group_decorator.py took 0.374 seconds
[2022-02-12 14:00:01,046] {scheduler_job.py:182} INFO - Started process (PID=3060) to work on /home/agalli/sandbox/lib/python3.6/site-packages/airflow/example_dags/example_task_group_decorator.py
[2022-02-12 14:00:01,053] {scheduler_job.py:633} INFO - Processing file /home/agalli/sandbox/lib/python3.6/site-packages/airflow/example_dags/example_task_group_decorator.py for tasks to queue
[2022-02-12 14:00:01,058] {logging_mixin.py:104} INFO - [2022-02-12 14:00:01,057] {dagbag.py:487} INFO - Filling up the DagBag from /home/agalli/sandbox/lib/python3.6/site-packages/airflow/example_dags/example_task_group_decorator.py
[2022-02-12 14:00:01,251] {scheduler_job.py:643} INFO - DAG(s) dict_keys(['example_task_group_decorator']) retrieved from /home/agalli/sandbox/lib/python3.6/site-packages/airflow/example_dags/example_task_group_decorator.py
[2022-02-12 14:00:02,816] {logging_mixin.py:104} INFO - [2022-02-12 14:00:02,816] {dag.py:1832} INFO - Sync 1 DAGs
[2022-02-12 14:00:02,857] {logging_mixin.py:104} INFO - [2022-02-12 14:00:02,856] {dag.py:2305} INFO - Setting next_dagrun for example_task_group_decorator to 2022-02-10 00:00:00+00:00
[2022-02-12 14:00:02,894] {scheduler_job.py:190} INFO - Processing /home/agalli/sandbox/lib/python3.6/site-packages/airflow/example_dags/example_task_group_decorator.py took 1.858 seconds
[2022-02-12 14:00:33,137] {scheduler_job.py:182} INFO - Started process (PID=3412) to work on /home/agalli/sandbox/lib/python3.6/site-packages/airflow/example_dags/example_task_group_decorator.py
[2022-02-12 14:00:33,138] {scheduler_job.py:633} INFO - Processing file /home/agalli/sandbox/lib/python3.6/site-packages/airflow/example_dags/example_task_group_decorator.py for tasks to queue
[2022-02-12 14:00:33,139] {logging_mixin.py:104} INFO - [2022-02-12 14:00:33,139] {dagbag.py:487} INFO - Filling up the DagBag from /home/agalli/sandbox/lib/python3.6/site-packages/airflow/example_dags/example_task_group_decorator.py
[2022-02-12 14:00:33,201] {scheduler_job.py:643} INFO - DAG(s) dict_keys(['example_task_group_decorator']) retrieved from /home/agalli/sandbox/lib/python3.6/site-packages/airflow/example_dags/example_task_group_decorator.py
[2022-02-12 14:00:33,824] {logging_mixin.py:104} INFO - [2022-02-12 14:00:33,824] {dag.py:1832} INFO - Sync 1 DAGs
[2022-02-12 14:00:33,860] {logging_mixin.py:104} INFO - [2022-02-12 14:00:33,860] {dag.py:2305} INFO - Setting next_dagrun for example_task_group_decorator to 2022-02-10 00:00:00+00:00
[2022-02-12 14:00:33,901] {scheduler_job.py:190} INFO - Processing /home/agalli/sandbox/lib/python3.6/site-packages/airflow/example_dags/example_task_group_decorator.py took 0.769 seconds
[2022-02-12 14:01:04,482] {scheduler_job.py:182} INFO - Started process (PID=3928) to work on /home/agalli/sandbox/lib/python3.6/site-packages/airflow/example_dags/example_task_group_decorator.py
[2022-02-12 14:01:04,486] {scheduler_job.py:633} INFO - Processing file /home/agalli/sandbox/lib/python3.6/site-packages/airflow/example_dags/example_task_group_decorator.py for tasks to queue
[2022-02-12 14:01:04,488] {logging_mixin.py:104} INFO - [2022-02-12 14:01:04,487] {dagbag.py:487} INFO - Filling up the DagBag from /home/agalli/sandbox/lib/python3.6/site-packages/airflow/example_dags/example_task_group_decorator.py
[2022-02-12 14:01:04,578] {scheduler_job.py:643} INFO - DAG(s) dict_keys(['example_task_group_decorator']) retrieved from /home/agalli/sandbox/lib/python3.6/site-packages/airflow/example_dags/example_task_group_decorator.py
[2022-02-12 14:01:06,713] {logging_mixin.py:104} INFO - [2022-02-12 14:01:06,713] {dag.py:1832} INFO - Sync 1 DAGs
[2022-02-12 14:01:06,747] {logging_mixin.py:104} INFO - [2022-02-12 14:01:06,747] {dag.py:2305} INFO - Setting next_dagrun for example_task_group_decorator to 2022-02-10 00:00:00+00:00
[2022-02-12 14:01:06,800] {scheduler_job.py:190} INFO - Processing /home/agalli/sandbox/lib/python3.6/site-packages/airflow/example_dags/example_task_group_decorator.py took 2.329 seconds
[2022-02-12 14:01:36,847] {scheduler_job.py:182} INFO - Started process (PID=5314) to work on /home/agalli/sandbox/lib/python3.6/site-packages/airflow/example_dags/example_task_group_decorator.py
[2022-02-12 14:01:36,850] {scheduler_job.py:633} INFO - Processing file /home/agalli/sandbox/lib/python3.6/site-packages/airflow/example_dags/example_task_group_decorator.py for tasks to queue
[2022-02-12 14:01:36,851] {logging_mixin.py:104} INFO - [2022-02-12 14:01:36,851] {dagbag.py:487} INFO - Filling up the DagBag from /home/agalli/sandbox/lib/python3.6/site-packages/airflow/example_dags/example_task_group_decorator.py
[2022-02-12 14:01:36,879] {scheduler_job.py:643} INFO - DAG(s) dict_keys(['example_task_group_decorator']) retrieved from /home/agalli/sandbox/lib/python3.6/site-packages/airflow/example_dags/example_task_group_decorator.py
[2022-02-12 14:01:37,276] {logging_mixin.py:104} INFO - [2022-02-12 14:01:37,275] {dag.py:1832} INFO - Sync 1 DAGs
[2022-02-12 14:01:37,295] {logging_mixin.py:104} INFO - [2022-02-12 14:01:37,295] {dag.py:2305} INFO - Setting next_dagrun for example_task_group_decorator to 2022-02-10 00:00:00+00:00
[2022-02-12 14:01:37,312] {scheduler_job.py:190} INFO - Processing /home/agalli/sandbox/lib/python3.6/site-packages/airflow/example_dags/example_task_group_decorator.py took 0.472 seconds
[2022-02-12 14:02:07,596] {scheduler_job.py:182} INFO - Started process (PID=5548) to work on /home/agalli/sandbox/lib/python3.6/site-packages/airflow/example_dags/example_task_group_decorator.py
[2022-02-12 14:02:07,598] {scheduler_job.py:633} INFO - Processing file /home/agalli/sandbox/lib/python3.6/site-packages/airflow/example_dags/example_task_group_decorator.py for tasks to queue
[2022-02-12 14:02:07,602] {logging_mixin.py:104} INFO - [2022-02-12 14:02:07,601] {dagbag.py:487} INFO - Filling up the DagBag from /home/agalli/sandbox/lib/python3.6/site-packages/airflow/example_dags/example_task_group_decorator.py
[2022-02-12 14:02:07,658] {scheduler_job.py:643} INFO - DAG(s) dict_keys(['example_task_group_decorator']) retrieved from /home/agalli/sandbox/lib/python3.6/site-packages/airflow/example_dags/example_task_group_decorator.py
[2022-02-12 14:02:08,269] {logging_mixin.py:104} INFO - [2022-02-12 14:02:08,269] {dag.py:1832} INFO - Sync 1 DAGs
[2022-02-12 14:02:08,295] {logging_mixin.py:104} INFO - [2022-02-12 14:02:08,295] {dag.py:2305} INFO - Setting next_dagrun for example_task_group_decorator to 2022-02-10 00:00:00+00:00
[2022-02-12 14:02:08,324] {scheduler_job.py:190} INFO - Processing /home/agalli/sandbox/lib/python3.6/site-packages/airflow/example_dags/example_task_group_decorator.py took 0.733 seconds
[2022-02-12 14:02:38,456] {scheduler_job.py:182} INFO - Started process (PID=5888) to work on /home/agalli/sandbox/lib/python3.6/site-packages/airflow/example_dags/example_task_group_decorator.py
[2022-02-12 14:02:38,457] {scheduler_job.py:633} INFO - Processing file /home/agalli/sandbox/lib/python3.6/site-packages/airflow/example_dags/example_task_group_decorator.py for tasks to queue
[2022-02-12 14:02:38,458] {logging_mixin.py:104} INFO - [2022-02-12 14:02:38,458] {dagbag.py:487} INFO - Filling up the DagBag from /home/agalli/sandbox/lib/python3.6/site-packages/airflow/example_dags/example_task_group_decorator.py
[2022-02-12 14:02:38,504] {scheduler_job.py:643} INFO - DAG(s) dict_keys(['example_task_group_decorator']) retrieved from /home/agalli/sandbox/lib/python3.6/site-packages/airflow/example_dags/example_task_group_decorator.py
[2022-02-12 14:02:38,935] {logging_mixin.py:104} INFO - [2022-02-12 14:02:38,935] {dag.py:1832} INFO - Sync 1 DAGs
[2022-02-12 14:02:38,964] {logging_mixin.py:104} INFO - [2022-02-12 14:02:38,963] {dag.py:2305} INFO - Setting next_dagrun for example_task_group_decorator to 2022-02-10 00:00:00+00:00
[2022-02-12 14:02:38,987] {scheduler_job.py:190} INFO - Processing /home/agalli/sandbox/lib/python3.6/site-packages/airflow/example_dags/example_task_group_decorator.py took 0.537 seconds
[2022-02-12 14:03:09,439] {scheduler_job.py:182} INFO - Started process (PID=6088) to work on /home/agalli/sandbox/lib/python3.6/site-packages/airflow/example_dags/example_task_group_decorator.py
[2022-02-12 14:03:09,455] {scheduler_job.py:633} INFO - Processing file /home/agalli/sandbox/lib/python3.6/site-packages/airflow/example_dags/example_task_group_decorator.py for tasks to queue
[2022-02-12 14:03:09,457] {logging_mixin.py:104} INFO - [2022-02-12 14:03:09,457] {dagbag.py:487} INFO - Filling up the DagBag from /home/agalli/sandbox/lib/python3.6/site-packages/airflow/example_dags/example_task_group_decorator.py
[2022-02-12 14:03:09,513] {scheduler_job.py:643} INFO - DAG(s) dict_keys(['example_task_group_decorator']) retrieved from /home/agalli/sandbox/lib/python3.6/site-packages/airflow/example_dags/example_task_group_decorator.py
[2022-02-12 14:03:10,162] {logging_mixin.py:104} INFO - [2022-02-12 14:03:10,161] {dag.py:1832} INFO - Sync 1 DAGs
[2022-02-12 14:03:10,194] {logging_mixin.py:104} INFO - [2022-02-12 14:03:10,193] {dag.py:2305} INFO - Setting next_dagrun for example_task_group_decorator to 2022-02-10 00:00:00+00:00
[2022-02-12 14:03:10,220] {scheduler_job.py:190} INFO - Processing /home/agalli/sandbox/lib/python3.6/site-packages/airflow/example_dags/example_task_group_decorator.py took 0.789 seconds
[2022-02-12 14:20:18,050] {scheduler_job.py:182} INFO - Started process (PID=7034) to work on /home/agalli/sandbox/lib/python3.6/site-packages/airflow/example_dags/example_task_group_decorator.py
[2022-02-12 14:20:18,052] {scheduler_job.py:633} INFO - Processing file /home/agalli/sandbox/lib/python3.6/site-packages/airflow/example_dags/example_task_group_decorator.py for tasks to queue
[2022-02-12 14:20:18,053] {logging_mixin.py:104} INFO - [2022-02-12 14:20:18,053] {dagbag.py:487} INFO - Filling up the DagBag from /home/agalli/sandbox/lib/python3.6/site-packages/airflow/example_dags/example_task_group_decorator.py
[2022-02-12 14:20:18,097] {scheduler_job.py:643} INFO - DAG(s) dict_keys(['example_task_group_decorator']) retrieved from /home/agalli/sandbox/lib/python3.6/site-packages/airflow/example_dags/example_task_group_decorator.py
[2022-02-12 14:20:18,746] {logging_mixin.py:104} INFO - [2022-02-12 14:20:18,746] {dag.py:1832} INFO - Sync 1 DAGs
[2022-02-12 14:20:18,764] {logging_mixin.py:104} INFO - [2022-02-12 14:20:18,764] {dag.py:2305} INFO - Setting next_dagrun for example_task_group_decorator to 2022-02-10 00:00:00+00:00
[2022-02-12 14:20:18,781] {scheduler_job.py:190} INFO - Processing /home/agalli/sandbox/lib/python3.6/site-packages/airflow/example_dags/example_task_group_decorator.py took 0.736 seconds
[2022-02-12 14:20:49,111] {scheduler_job.py:182} INFO - Started process (PID=7234) to work on /home/agalli/sandbox/lib/python3.6/site-packages/airflow/example_dags/example_task_group_decorator.py
[2022-02-12 14:20:49,113] {scheduler_job.py:633} INFO - Processing file /home/agalli/sandbox/lib/python3.6/site-packages/airflow/example_dags/example_task_group_decorator.py for tasks to queue
[2022-02-12 14:20:49,113] {logging_mixin.py:104} INFO - [2022-02-12 14:20:49,113] {dagbag.py:487} INFO - Filling up the DagBag from /home/agalli/sandbox/lib/python3.6/site-packages/airflow/example_dags/example_task_group_decorator.py
[2022-02-12 14:20:49,160] {scheduler_job.py:643} INFO - DAG(s) dict_keys(['example_task_group_decorator']) retrieved from /home/agalli/sandbox/lib/python3.6/site-packages/airflow/example_dags/example_task_group_decorator.py
[2022-02-12 14:20:49,501] {logging_mixin.py:104} INFO - [2022-02-12 14:20:49,501] {dag.py:1832} INFO - Sync 1 DAGs
[2022-02-12 14:20:49,525] {logging_mixin.py:104} INFO - [2022-02-12 14:20:49,525] {dag.py:2305} INFO - Setting next_dagrun for example_task_group_decorator to 2022-02-10 00:00:00+00:00
[2022-02-12 14:20:49,542] {scheduler_job.py:190} INFO - Processing /home/agalli/sandbox/lib/python3.6/site-packages/airflow/example_dags/example_task_group_decorator.py took 0.436 seconds
[2022-02-12 14:21:19,738] {scheduler_job.py:182} INFO - Started process (PID=7438) to work on /home/agalli/sandbox/lib/python3.6/site-packages/airflow/example_dags/example_task_group_decorator.py
[2022-02-12 14:21:19,741] {scheduler_job.py:633} INFO - Processing file /home/agalli/sandbox/lib/python3.6/site-packages/airflow/example_dags/example_task_group_decorator.py for tasks to queue
[2022-02-12 14:21:19,746] {logging_mixin.py:104} INFO - [2022-02-12 14:21:19,746] {dagbag.py:487} INFO - Filling up the DagBag from /home/agalli/sandbox/lib/python3.6/site-packages/airflow/example_dags/example_task_group_decorator.py
[2022-02-12 14:21:19,776] {scheduler_job.py:643} INFO - DAG(s) dict_keys(['example_task_group_decorator']) retrieved from /home/agalli/sandbox/lib/python3.6/site-packages/airflow/example_dags/example_task_group_decorator.py
[2022-02-12 14:21:20,250] {logging_mixin.py:104} INFO - [2022-02-12 14:21:20,250] {dag.py:1832} INFO - Sync 1 DAGs
[2022-02-12 14:21:20,324] {logging_mixin.py:104} INFO - [2022-02-12 14:21:20,323] {dag.py:2305} INFO - Setting next_dagrun for example_task_group_decorator to 2022-02-10 00:00:00+00:00
[2022-02-12 14:21:20,399] {scheduler_job.py:190} INFO - Processing /home/agalli/sandbox/lib/python3.6/site-packages/airflow/example_dags/example_task_group_decorator.py took 0.668 seconds
[2022-02-12 14:21:50,841] {scheduler_job.py:182} INFO - Started process (PID=7640) to work on /home/agalli/sandbox/lib/python3.6/site-packages/airflow/example_dags/example_task_group_decorator.py
[2022-02-12 14:21:50,842] {scheduler_job.py:633} INFO - Processing file /home/agalli/sandbox/lib/python3.6/site-packages/airflow/example_dags/example_task_group_decorator.py for tasks to queue
[2022-02-12 14:21:50,843] {logging_mixin.py:104} INFO - [2022-02-12 14:21:50,843] {dagbag.py:487} INFO - Filling up the DagBag from /home/agalli/sandbox/lib/python3.6/site-packages/airflow/example_dags/example_task_group_decorator.py
[2022-02-12 14:21:50,872] {scheduler_job.py:643} INFO - DAG(s) dict_keys(['example_task_group_decorator']) retrieved from /home/agalli/sandbox/lib/python3.6/site-packages/airflow/example_dags/example_task_group_decorator.py
[2022-02-12 14:21:51,193] {logging_mixin.py:104} INFO - [2022-02-12 14:21:51,193] {dag.py:1832} INFO - Sync 1 DAGs
[2022-02-12 14:21:51,211] {logging_mixin.py:104} INFO - [2022-02-12 14:21:51,211] {dag.py:2305} INFO - Setting next_dagrun for example_task_group_decorator to 2022-02-10 00:00:00+00:00
[2022-02-12 14:21:51,224] {scheduler_job.py:190} INFO - Processing /home/agalli/sandbox/lib/python3.6/site-packages/airflow/example_dags/example_task_group_decorator.py took 0.387 seconds
[2022-02-12 14:22:22,018] {scheduler_job.py:182} INFO - Started process (PID=7842) to work on /home/agalli/sandbox/lib/python3.6/site-packages/airflow/example_dags/example_task_group_decorator.py
[2022-02-12 14:22:22,020] {scheduler_job.py:633} INFO - Processing file /home/agalli/sandbox/lib/python3.6/site-packages/airflow/example_dags/example_task_group_decorator.py for tasks to queue
[2022-02-12 14:22:22,021] {logging_mixin.py:104} INFO - [2022-02-12 14:22:22,020] {dagbag.py:487} INFO - Filling up the DagBag from /home/agalli/sandbox/lib/python3.6/site-packages/airflow/example_dags/example_task_group_decorator.py
[2022-02-12 14:22:22,063] {scheduler_job.py:643} INFO - DAG(s) dict_keys(['example_task_group_decorator']) retrieved from /home/agalli/sandbox/lib/python3.6/site-packages/airflow/example_dags/example_task_group_decorator.py
[2022-02-12 14:22:22,421] {logging_mixin.py:104} INFO - [2022-02-12 14:22:22,420] {dag.py:1832} INFO - Sync 1 DAGs
[2022-02-12 14:22:22,464] {logging_mixin.py:104} INFO - [2022-02-12 14:22:22,464] {dag.py:2305} INFO - Setting next_dagrun for example_task_group_decorator to 2022-02-10 00:00:00+00:00
[2022-02-12 14:22:22,495] {scheduler_job.py:190} INFO - Processing /home/agalli/sandbox/lib/python3.6/site-packages/airflow/example_dags/example_task_group_decorator.py took 0.480 seconds
[2022-02-12 14:22:52,922] {scheduler_job.py:182} INFO - Started process (PID=8044) to work on /home/agalli/sandbox/lib/python3.6/site-packages/airflow/example_dags/example_task_group_decorator.py
[2022-02-12 14:22:52,923] {scheduler_job.py:633} INFO - Processing file /home/agalli/sandbox/lib/python3.6/site-packages/airflow/example_dags/example_task_group_decorator.py for tasks to queue
[2022-02-12 14:22:52,924] {logging_mixin.py:104} INFO - [2022-02-12 14:22:52,924] {dagbag.py:487} INFO - Filling up the DagBag from /home/agalli/sandbox/lib/python3.6/site-packages/airflow/example_dags/example_task_group_decorator.py
[2022-02-12 14:22:52,955] {scheduler_job.py:643} INFO - DAG(s) dict_keys(['example_task_group_decorator']) retrieved from /home/agalli/sandbox/lib/python3.6/site-packages/airflow/example_dags/example_task_group_decorator.py
[2022-02-12 14:22:53,311] {logging_mixin.py:104} INFO - [2022-02-12 14:22:53,311] {dag.py:1832} INFO - Sync 1 DAGs
[2022-02-12 14:22:53,330] {logging_mixin.py:104} INFO - [2022-02-12 14:22:53,330] {dag.py:2305} INFO - Setting next_dagrun for example_task_group_decorator to 2022-02-10 00:00:00+00:00
[2022-02-12 14:22:53,346] {scheduler_job.py:190} INFO - Processing /home/agalli/sandbox/lib/python3.6/site-packages/airflow/example_dags/example_task_group_decorator.py took 0.428 seconds
[2022-02-12 14:23:23,790] {scheduler_job.py:182} INFO - Started process (PID=8245) to work on /home/agalli/sandbox/lib/python3.6/site-packages/airflow/example_dags/example_task_group_decorator.py
[2022-02-12 14:23:23,792] {scheduler_job.py:633} INFO - Processing file /home/agalli/sandbox/lib/python3.6/site-packages/airflow/example_dags/example_task_group_decorator.py for tasks to queue
[2022-02-12 14:23:23,793] {logging_mixin.py:104} INFO - [2022-02-12 14:23:23,792] {dagbag.py:487} INFO - Filling up the DagBag from /home/agalli/sandbox/lib/python3.6/site-packages/airflow/example_dags/example_task_group_decorator.py
[2022-02-12 14:23:23,854] {scheduler_job.py:643} INFO - DAG(s) dict_keys(['example_task_group_decorator']) retrieved from /home/agalli/sandbox/lib/python3.6/site-packages/airflow/example_dags/example_task_group_decorator.py
[2022-02-12 14:23:24,338] {logging_mixin.py:104} INFO - [2022-02-12 14:23:24,338] {dag.py:1832} INFO - Sync 1 DAGs
[2022-02-12 14:23:24,358] {logging_mixin.py:104} INFO - [2022-02-12 14:23:24,358] {dag.py:2305} INFO - Setting next_dagrun for example_task_group_decorator to 2022-02-10 00:00:00+00:00
[2022-02-12 14:23:24,375] {scheduler_job.py:190} INFO - Processing /home/agalli/sandbox/lib/python3.6/site-packages/airflow/example_dags/example_task_group_decorator.py took 0.594 seconds
[2022-02-12 14:23:54,777] {scheduler_job.py:182} INFO - Started process (PID=8448) to work on /home/agalli/sandbox/lib/python3.6/site-packages/airflow/example_dags/example_task_group_decorator.py
[2022-02-12 14:23:54,778] {scheduler_job.py:633} INFO - Processing file /home/agalli/sandbox/lib/python3.6/site-packages/airflow/example_dags/example_task_group_decorator.py for tasks to queue
[2022-02-12 14:23:54,779] {logging_mixin.py:104} INFO - [2022-02-12 14:23:54,778] {dagbag.py:487} INFO - Filling up the DagBag from /home/agalli/sandbox/lib/python3.6/site-packages/airflow/example_dags/example_task_group_decorator.py
[2022-02-12 14:23:54,808] {scheduler_job.py:643} INFO - DAG(s) dict_keys(['example_task_group_decorator']) retrieved from /home/agalli/sandbox/lib/python3.6/site-packages/airflow/example_dags/example_task_group_decorator.py
[2022-02-12 14:23:55,131] {logging_mixin.py:104} INFO - [2022-02-12 14:23:55,131] {dag.py:1832} INFO - Sync 1 DAGs
[2022-02-12 14:23:55,148] {logging_mixin.py:104} INFO - [2022-02-12 14:23:55,148] {dag.py:2305} INFO - Setting next_dagrun for example_task_group_decorator to 2022-02-10 00:00:00+00:00
[2022-02-12 14:23:55,164] {scheduler_job.py:190} INFO - Processing /home/agalli/sandbox/lib/python3.6/site-packages/airflow/example_dags/example_task_group_decorator.py took 0.392 seconds
[2022-02-12 14:24:26,632] {scheduler_job.py:182} INFO - Started process (PID=8651) to work on /home/agalli/sandbox/lib/python3.6/site-packages/airflow/example_dags/example_task_group_decorator.py
[2022-02-12 14:24:26,635] {scheduler_job.py:633} INFO - Processing file /home/agalli/sandbox/lib/python3.6/site-packages/airflow/example_dags/example_task_group_decorator.py for tasks to queue
[2022-02-12 14:24:26,636] {logging_mixin.py:104} INFO - [2022-02-12 14:24:26,636] {dagbag.py:487} INFO - Filling up the DagBag from /home/agalli/sandbox/lib/python3.6/site-packages/airflow/example_dags/example_task_group_decorator.py
[2022-02-12 14:24:26,707] {scheduler_job.py:643} INFO - DAG(s) dict_keys(['example_task_group_decorator']) retrieved from /home/agalli/sandbox/lib/python3.6/site-packages/airflow/example_dags/example_task_group_decorator.py
[2022-02-12 14:24:27,899] {logging_mixin.py:104} INFO - [2022-02-12 14:24:27,898] {dag.py:1832} INFO - Sync 1 DAGs
[2022-02-12 14:24:27,932] {logging_mixin.py:104} INFO - [2022-02-12 14:24:27,932] {dag.py:2305} INFO - Setting next_dagrun for example_task_group_decorator to 2022-02-10 00:00:00+00:00
[2022-02-12 14:24:27,956] {scheduler_job.py:190} INFO - Processing /home/agalli/sandbox/lib/python3.6/site-packages/airflow/example_dags/example_task_group_decorator.py took 1.333 seconds
[2022-02-12 14:24:58,197] {scheduler_job.py:182} INFO - Started process (PID=8859) to work on /home/agalli/sandbox/lib/python3.6/site-packages/airflow/example_dags/example_task_group_decorator.py
[2022-02-12 14:24:58,198] {scheduler_job.py:633} INFO - Processing file /home/agalli/sandbox/lib/python3.6/site-packages/airflow/example_dags/example_task_group_decorator.py for tasks to queue
[2022-02-12 14:24:58,199] {logging_mixin.py:104} INFO - [2022-02-12 14:24:58,199] {dagbag.py:487} INFO - Filling up the DagBag from /home/agalli/sandbox/lib/python3.6/site-packages/airflow/example_dags/example_task_group_decorator.py
[2022-02-12 14:24:58,237] {scheduler_job.py:643} INFO - DAG(s) dict_keys(['example_task_group_decorator']) retrieved from /home/agalli/sandbox/lib/python3.6/site-packages/airflow/example_dags/example_task_group_decorator.py
[2022-02-12 14:24:58,746] {logging_mixin.py:104} INFO - [2022-02-12 14:24:58,746] {dag.py:1832} INFO - Sync 1 DAGs
[2022-02-12 14:24:58,775] {logging_mixin.py:104} INFO - [2022-02-12 14:24:58,775] {dag.py:2305} INFO - Setting next_dagrun for example_task_group_decorator to 2022-02-10 00:00:00+00:00
[2022-02-12 14:24:58,877] {scheduler_job.py:190} INFO - Processing /home/agalli/sandbox/lib/python3.6/site-packages/airflow/example_dags/example_task_group_decorator.py took 0.688 seconds
[2022-02-12 14:25:29,624] {scheduler_job.py:182} INFO - Started process (PID=9187) to work on /home/agalli/sandbox/lib/python3.6/site-packages/airflow/example_dags/example_task_group_decorator.py
[2022-02-12 14:25:29,625] {scheduler_job.py:633} INFO - Processing file /home/agalli/sandbox/lib/python3.6/site-packages/airflow/example_dags/example_task_group_decorator.py for tasks to queue
[2022-02-12 14:25:29,626] {logging_mixin.py:104} INFO - [2022-02-12 14:25:29,626] {dagbag.py:487} INFO - Filling up the DagBag from /home/agalli/sandbox/lib/python3.6/site-packages/airflow/example_dags/example_task_group_decorator.py
[2022-02-12 14:25:29,666] {scheduler_job.py:643} INFO - DAG(s) dict_keys(['example_task_group_decorator']) retrieved from /home/agalli/sandbox/lib/python3.6/site-packages/airflow/example_dags/example_task_group_decorator.py
[2022-02-12 14:25:30,108] {logging_mixin.py:104} INFO - [2022-02-12 14:25:30,108] {dag.py:1832} INFO - Sync 1 DAGs
[2022-02-12 14:25:30,131] {logging_mixin.py:104} INFO - [2022-02-12 14:25:30,131] {dag.py:2305} INFO - Setting next_dagrun for example_task_group_decorator to 2022-02-10 00:00:00+00:00
[2022-02-12 14:25:30,154] {scheduler_job.py:190} INFO - Processing /home/agalli/sandbox/lib/python3.6/site-packages/airflow/example_dags/example_task_group_decorator.py took 0.536 seconds
[2022-02-12 14:26:00,403] {scheduler_job.py:182} INFO - Started process (PID=9400) to work on /home/agalli/sandbox/lib/python3.6/site-packages/airflow/example_dags/example_task_group_decorator.py
[2022-02-12 14:26:00,408] {scheduler_job.py:633} INFO - Processing file /home/agalli/sandbox/lib/python3.6/site-packages/airflow/example_dags/example_task_group_decorator.py for tasks to queue
[2022-02-12 14:26:00,409] {logging_mixin.py:104} INFO - [2022-02-12 14:26:00,409] {dagbag.py:487} INFO - Filling up the DagBag from /home/agalli/sandbox/lib/python3.6/site-packages/airflow/example_dags/example_task_group_decorator.py
[2022-02-12 14:26:00,441] {scheduler_job.py:643} INFO - DAG(s) dict_keys(['example_task_group_decorator']) retrieved from /home/agalli/sandbox/lib/python3.6/site-packages/airflow/example_dags/example_task_group_decorator.py
[2022-02-12 14:26:00,892] {logging_mixin.py:104} INFO - [2022-02-12 14:26:00,892] {dag.py:1832} INFO - Sync 1 DAGs
[2022-02-12 14:26:00,916] {logging_mixin.py:104} INFO - [2022-02-12 14:26:00,913] {dag.py:2305} INFO - Setting next_dagrun for example_task_group_decorator to 2022-02-10 00:00:00+00:00
[2022-02-12 14:26:00,935] {scheduler_job.py:190} INFO - Processing /home/agalli/sandbox/lib/python3.6/site-packages/airflow/example_dags/example_task_group_decorator.py took 0.540 seconds
[2022-02-12 14:26:31,581] {scheduler_job.py:182} INFO - Started process (PID=9598) to work on /home/agalli/sandbox/lib/python3.6/site-packages/airflow/example_dags/example_task_group_decorator.py
[2022-02-12 14:26:31,583] {scheduler_job.py:633} INFO - Processing file /home/agalli/sandbox/lib/python3.6/site-packages/airflow/example_dags/example_task_group_decorator.py for tasks to queue
[2022-02-12 14:26:31,584] {logging_mixin.py:104} INFO - [2022-02-12 14:26:31,583] {dagbag.py:487} INFO - Filling up the DagBag from /home/agalli/sandbox/lib/python3.6/site-packages/airflow/example_dags/example_task_group_decorator.py
[2022-02-12 14:26:31,625] {scheduler_job.py:643} INFO - DAG(s) dict_keys(['example_task_group_decorator']) retrieved from /home/agalli/sandbox/lib/python3.6/site-packages/airflow/example_dags/example_task_group_decorator.py
[2022-02-12 14:26:32,066] {logging_mixin.py:104} INFO - [2022-02-12 14:26:32,066] {dag.py:1832} INFO - Sync 1 DAGs
[2022-02-12 14:26:32,087] {logging_mixin.py:104} INFO - [2022-02-12 14:26:32,086] {dag.py:2305} INFO - Setting next_dagrun for example_task_group_decorator to 2022-02-10 00:00:00+00:00
[2022-02-12 14:26:32,108] {scheduler_job.py:190} INFO - Processing /home/agalli/sandbox/lib/python3.6/site-packages/airflow/example_dags/example_task_group_decorator.py took 0.531 seconds
[2022-02-12 14:27:02,913] {scheduler_job.py:182} INFO - Started process (PID=9800) to work on /home/agalli/sandbox/lib/python3.6/site-packages/airflow/example_dags/example_task_group_decorator.py
[2022-02-12 14:27:02,914] {scheduler_job.py:633} INFO - Processing file /home/agalli/sandbox/lib/python3.6/site-packages/airflow/example_dags/example_task_group_decorator.py for tasks to queue
[2022-02-12 14:27:02,915] {logging_mixin.py:104} INFO - [2022-02-12 14:27:02,915] {dagbag.py:487} INFO - Filling up the DagBag from /home/agalli/sandbox/lib/python3.6/site-packages/airflow/example_dags/example_task_group_decorator.py
[2022-02-12 14:27:02,998] {scheduler_job.py:643} INFO - DAG(s) dict_keys(['example_task_group_decorator']) retrieved from /home/agalli/sandbox/lib/python3.6/site-packages/airflow/example_dags/example_task_group_decorator.py
[2022-02-12 14:27:03,338] {logging_mixin.py:104} INFO - [2022-02-12 14:27:03,338] {dag.py:1832} INFO - Sync 1 DAGs
[2022-02-12 14:27:03,360] {logging_mixin.py:104} INFO - [2022-02-12 14:27:03,360] {dag.py:2305} INFO - Setting next_dagrun for example_task_group_decorator to 2022-02-10 00:00:00+00:00
[2022-02-12 14:27:03,383] {scheduler_job.py:190} INFO - Processing /home/agalli/sandbox/lib/python3.6/site-packages/airflow/example_dags/example_task_group_decorator.py took 0.478 seconds
[2022-02-12 14:27:33,811] {scheduler_job.py:182} INFO - Started process (PID=10002) to work on /home/agalli/sandbox/lib/python3.6/site-packages/airflow/example_dags/example_task_group_decorator.py
[2022-02-12 14:27:33,812] {scheduler_job.py:633} INFO - Processing file /home/agalli/sandbox/lib/python3.6/site-packages/airflow/example_dags/example_task_group_decorator.py for tasks to queue
[2022-02-12 14:27:33,813] {logging_mixin.py:104} INFO - [2022-02-12 14:27:33,813] {dagbag.py:487} INFO - Filling up the DagBag from /home/agalli/sandbox/lib/python3.6/site-packages/airflow/example_dags/example_task_group_decorator.py
[2022-02-12 14:27:33,848] {scheduler_job.py:643} INFO - DAG(s) dict_keys(['example_task_group_decorator']) retrieved from /home/agalli/sandbox/lib/python3.6/site-packages/airflow/example_dags/example_task_group_decorator.py
[2022-02-12 14:27:33,931] {logging_mixin.py:104} INFO - [2022-02-12 14:27:33,931] {dag.py:1832} INFO - Sync 1 DAGs
[2022-02-12 14:27:33,950] {logging_mixin.py:104} INFO - [2022-02-12 14:27:33,950] {dag.py:2305} INFO - Setting next_dagrun for example_task_group_decorator to 2022-02-10 00:00:00+00:00
[2022-02-12 14:27:33,966] {scheduler_job.py:190} INFO - Processing /home/agalli/sandbox/lib/python3.6/site-packages/airflow/example_dags/example_task_group_decorator.py took 0.159 seconds
[2022-02-12 14:28:04,090] {scheduler_job.py:182} INFO - Started process (PID=10203) to work on /home/agalli/sandbox/lib/python3.6/site-packages/airflow/example_dags/example_task_group_decorator.py
[2022-02-12 14:28:04,091] {scheduler_job.py:633} INFO - Processing file /home/agalli/sandbox/lib/python3.6/site-packages/airflow/example_dags/example_task_group_decorator.py for tasks to queue
[2022-02-12 14:28:04,092] {logging_mixin.py:104} INFO - [2022-02-12 14:28:04,092] {dagbag.py:487} INFO - Filling up the DagBag from /home/agalli/sandbox/lib/python3.6/site-packages/airflow/example_dags/example_task_group_decorator.py
[2022-02-12 14:28:04,112] {scheduler_job.py:643} INFO - DAG(s) dict_keys(['example_task_group_decorator']) retrieved from /home/agalli/sandbox/lib/python3.6/site-packages/airflow/example_dags/example_task_group_decorator.py
[2022-02-12 14:28:04,368] {logging_mixin.py:104} INFO - [2022-02-12 14:28:04,368] {dag.py:1832} INFO - Sync 1 DAGs
[2022-02-12 14:28:04,382] {logging_mixin.py:104} INFO - [2022-02-12 14:28:04,382] {dag.py:2305} INFO - Setting next_dagrun for example_task_group_decorator to 2022-02-10 00:00:00+00:00
[2022-02-12 14:28:04,397] {scheduler_job.py:190} INFO - Processing /home/agalli/sandbox/lib/python3.6/site-packages/airflow/example_dags/example_task_group_decorator.py took 0.310 seconds
[2022-02-12 14:28:34,671] {scheduler_job.py:182} INFO - Started process (PID=10405) to work on /home/agalli/sandbox/lib/python3.6/site-packages/airflow/example_dags/example_task_group_decorator.py
[2022-02-12 14:28:34,672] {scheduler_job.py:633} INFO - Processing file /home/agalli/sandbox/lib/python3.6/site-packages/airflow/example_dags/example_task_group_decorator.py for tasks to queue
[2022-02-12 14:28:34,673] {logging_mixin.py:104} INFO - [2022-02-12 14:28:34,673] {dagbag.py:487} INFO - Filling up the DagBag from /home/agalli/sandbox/lib/python3.6/site-packages/airflow/example_dags/example_task_group_decorator.py
[2022-02-12 14:28:34,708] {scheduler_job.py:643} INFO - DAG(s) dict_keys(['example_task_group_decorator']) retrieved from /home/agalli/sandbox/lib/python3.6/site-packages/airflow/example_dags/example_task_group_decorator.py
[2022-02-12 14:28:34,975] {logging_mixin.py:104} INFO - [2022-02-12 14:28:34,975] {dag.py:1832} INFO - Sync 1 DAGs
[2022-02-12 14:28:34,992] {logging_mixin.py:104} INFO - [2022-02-12 14:28:34,991] {dag.py:2305} INFO - Setting next_dagrun for example_task_group_decorator to 2022-02-10 00:00:00+00:00
[2022-02-12 14:28:35,012] {scheduler_job.py:190} INFO - Processing /home/agalli/sandbox/lib/python3.6/site-packages/airflow/example_dags/example_task_group_decorator.py took 0.345 seconds
[2022-02-12 14:29:05,115] {scheduler_job.py:182} INFO - Started process (PID=10607) to work on /home/agalli/sandbox/lib/python3.6/site-packages/airflow/example_dags/example_task_group_decorator.py
[2022-02-12 14:29:05,116] {scheduler_job.py:633} INFO - Processing file /home/agalli/sandbox/lib/python3.6/site-packages/airflow/example_dags/example_task_group_decorator.py for tasks to queue
[2022-02-12 14:29:05,116] {logging_mixin.py:104} INFO - [2022-02-12 14:29:05,116] {dagbag.py:487} INFO - Filling up the DagBag from /home/agalli/sandbox/lib/python3.6/site-packages/airflow/example_dags/example_task_group_decorator.py
[2022-02-12 14:29:05,153] {scheduler_job.py:643} INFO - DAG(s) dict_keys(['example_task_group_decorator']) retrieved from /home/agalli/sandbox/lib/python3.6/site-packages/airflow/example_dags/example_task_group_decorator.py
[2022-02-12 14:29:05,195] {logging_mixin.py:104} INFO - [2022-02-12 14:29:05,195] {dag.py:1832} INFO - Sync 1 DAGs
[2022-02-12 14:29:05,218] {logging_mixin.py:104} INFO - [2022-02-12 14:29:05,218] {dag.py:2305} INFO - Setting next_dagrun for example_task_group_decorator to 2022-02-10 00:00:00+00:00
[2022-02-12 14:29:05,232] {scheduler_job.py:190} INFO - Processing /home/agalli/sandbox/lib/python3.6/site-packages/airflow/example_dags/example_task_group_decorator.py took 0.122 seconds
[2022-02-12 14:29:35,770] {scheduler_job.py:182} INFO - Started process (PID=10809) to work on /home/agalli/sandbox/lib/python3.6/site-packages/airflow/example_dags/example_task_group_decorator.py
[2022-02-12 14:29:35,772] {scheduler_job.py:633} INFO - Processing file /home/agalli/sandbox/lib/python3.6/site-packages/airflow/example_dags/example_task_group_decorator.py for tasks to queue
[2022-02-12 14:29:35,773] {logging_mixin.py:104} INFO - [2022-02-12 14:29:35,773] {dagbag.py:487} INFO - Filling up the DagBag from /home/agalli/sandbox/lib/python3.6/site-packages/airflow/example_dags/example_task_group_decorator.py
[2022-02-12 14:29:35,797] {scheduler_job.py:643} INFO - DAG(s) dict_keys(['example_task_group_decorator']) retrieved from /home/agalli/sandbox/lib/python3.6/site-packages/airflow/example_dags/example_task_group_decorator.py
[2022-02-12 14:29:36,049] {logging_mixin.py:104} INFO - [2022-02-12 14:29:36,049] {dag.py:1832} INFO - Sync 1 DAGs
[2022-02-12 14:29:36,064] {logging_mixin.py:104} INFO - [2022-02-12 14:29:36,064] {dag.py:2305} INFO - Setting next_dagrun for example_task_group_decorator to 2022-02-10 00:00:00+00:00
[2022-02-12 14:29:36,082] {scheduler_job.py:190} INFO - Processing /home/agalli/sandbox/lib/python3.6/site-packages/airflow/example_dags/example_task_group_decorator.py took 0.316 seconds
[2022-02-12 14:30:06,887] {scheduler_job.py:182} INFO - Started process (PID=11017) to work on /home/agalli/sandbox/lib/python3.6/site-packages/airflow/example_dags/example_task_group_decorator.py
[2022-02-12 14:30:06,888] {scheduler_job.py:633} INFO - Processing file /home/agalli/sandbox/lib/python3.6/site-packages/airflow/example_dags/example_task_group_decorator.py for tasks to queue
[2022-02-12 14:30:06,889] {logging_mixin.py:104} INFO - [2022-02-12 14:30:06,889] {dagbag.py:487} INFO - Filling up the DagBag from /home/agalli/sandbox/lib/python3.6/site-packages/airflow/example_dags/example_task_group_decorator.py
[2022-02-12 14:30:06,910] {scheduler_job.py:643} INFO - DAG(s) dict_keys(['example_task_group_decorator']) retrieved from /home/agalli/sandbox/lib/python3.6/site-packages/airflow/example_dags/example_task_group_decorator.py
[2022-02-12 14:30:07,428] {logging_mixin.py:104} INFO - [2022-02-12 14:30:07,428] {dag.py:1832} INFO - Sync 1 DAGs
[2022-02-12 14:30:07,447] {logging_mixin.py:104} INFO - [2022-02-12 14:30:07,447] {dag.py:2305} INFO - Setting next_dagrun for example_task_group_decorator to 2022-02-10 00:00:00+00:00
[2022-02-12 14:30:07,473] {scheduler_job.py:190} INFO - Processing /home/agalli/sandbox/lib/python3.6/site-packages/airflow/example_dags/example_task_group_decorator.py took 0.589 seconds
[2022-02-12 14:52:07,734] {scheduler_job.py:182} INFO - Started process (PID=14446) to work on /home/agalli/sandbox/lib/python3.6/site-packages/airflow/example_dags/example_task_group_decorator.py
[2022-02-12 14:52:07,742] {scheduler_job.py:633} INFO - Processing file /home/agalli/sandbox/lib/python3.6/site-packages/airflow/example_dags/example_task_group_decorator.py for tasks to queue
[2022-02-12 14:52:07,746] {logging_mixin.py:104} INFO - [2022-02-12 14:52:07,745] {dagbag.py:487} INFO - Filling up the DagBag from /home/agalli/sandbox/lib/python3.6/site-packages/airflow/example_dags/example_task_group_decorator.py
[2022-02-12 14:52:07,982] {scheduler_job.py:643} INFO - DAG(s) dict_keys(['example_task_group_decorator']) retrieved from /home/agalli/sandbox/lib/python3.6/site-packages/airflow/example_dags/example_task_group_decorator.py
[2022-02-12 14:52:11,245] {logging_mixin.py:104} INFO - [2022-02-12 14:52:11,245] {dag.py:1832} INFO - Sync 1 DAGs
[2022-02-12 14:52:11,427] {logging_mixin.py:104} INFO - [2022-02-12 14:52:11,427] {dag.py:2305} INFO - Setting next_dagrun for example_task_group_decorator to 2022-02-10 00:00:00+00:00
[2022-02-12 14:52:11,609] {scheduler_job.py:190} INFO - Processing /home/agalli/sandbox/lib/python3.6/site-packages/airflow/example_dags/example_task_group_decorator.py took 3.892 seconds
[2022-02-12 14:52:42,290] {scheduler_job.py:182} INFO - Started process (PID=14592) to work on /home/agalli/sandbox/lib/python3.6/site-packages/airflow/example_dags/example_task_group_decorator.py
[2022-02-12 14:52:42,291] {scheduler_job.py:633} INFO - Processing file /home/agalli/sandbox/lib/python3.6/site-packages/airflow/example_dags/example_task_group_decorator.py for tasks to queue
[2022-02-12 14:52:42,292] {logging_mixin.py:104} INFO - [2022-02-12 14:52:42,292] {dagbag.py:487} INFO - Filling up the DagBag from /home/agalli/sandbox/lib/python3.6/site-packages/airflow/example_dags/example_task_group_decorator.py
[2022-02-12 14:52:42,320] {scheduler_job.py:643} INFO - DAG(s) dict_keys(['example_task_group_decorator']) retrieved from /home/agalli/sandbox/lib/python3.6/site-packages/airflow/example_dags/example_task_group_decorator.py
[2022-02-12 14:52:42,680] {logging_mixin.py:104} INFO - [2022-02-12 14:52:42,680] {dag.py:1832} INFO - Sync 1 DAGs
[2022-02-12 14:52:42,701] {logging_mixin.py:104} INFO - [2022-02-12 14:52:42,701] {dag.py:2305} INFO - Setting next_dagrun for example_task_group_decorator to 2022-02-10 00:00:00+00:00
[2022-02-12 14:52:42,718] {scheduler_job.py:190} INFO - Processing /home/agalli/sandbox/lib/python3.6/site-packages/airflow/example_dags/example_task_group_decorator.py took 0.432 seconds
[2022-02-12 14:53:12,822] {scheduler_job.py:182} INFO - Started process (PID=14797) to work on /home/agalli/sandbox/lib/python3.6/site-packages/airflow/example_dags/example_task_group_decorator.py
[2022-02-12 14:53:12,824] {scheduler_job.py:633} INFO - Processing file /home/agalli/sandbox/lib/python3.6/site-packages/airflow/example_dags/example_task_group_decorator.py for tasks to queue
[2022-02-12 14:53:12,825] {logging_mixin.py:104} INFO - [2022-02-12 14:53:12,825] {dagbag.py:487} INFO - Filling up the DagBag from /home/agalli/sandbox/lib/python3.6/site-packages/airflow/example_dags/example_task_group_decorator.py
[2022-02-12 14:53:12,876] {scheduler_job.py:643} INFO - DAG(s) dict_keys(['example_task_group_decorator']) retrieved from /home/agalli/sandbox/lib/python3.6/site-packages/airflow/example_dags/example_task_group_decorator.py
[2022-02-12 14:53:13,202] {logging_mixin.py:104} INFO - [2022-02-12 14:53:13,202] {dag.py:1832} INFO - Sync 1 DAGs
[2022-02-12 14:53:13,224] {logging_mixin.py:104} INFO - [2022-02-12 14:53:13,224] {dag.py:2305} INFO - Setting next_dagrun for example_task_group_decorator to 2022-02-10 00:00:00+00:00
[2022-02-12 14:53:13,244] {scheduler_job.py:190} INFO - Processing /home/agalli/sandbox/lib/python3.6/site-packages/airflow/example_dags/example_task_group_decorator.py took 0.426 seconds
[2022-02-12 14:53:43,452] {scheduler_job.py:182} INFO - Started process (PID=15637) to work on /home/agalli/sandbox/lib/python3.6/site-packages/airflow/example_dags/example_task_group_decorator.py
[2022-02-12 14:53:43,456] {scheduler_job.py:633} INFO - Processing file /home/agalli/sandbox/lib/python3.6/site-packages/airflow/example_dags/example_task_group_decorator.py for tasks to queue
[2022-02-12 14:53:43,466] {logging_mixin.py:104} INFO - [2022-02-12 14:53:43,465] {dagbag.py:487} INFO - Filling up the DagBag from /home/agalli/sandbox/lib/python3.6/site-packages/airflow/example_dags/example_task_group_decorator.py
[2022-02-12 14:53:43,622] {scheduler_job.py:643} INFO - DAG(s) dict_keys(['example_task_group_decorator']) retrieved from /home/agalli/sandbox/lib/python3.6/site-packages/airflow/example_dags/example_task_group_decorator.py
[2022-02-12 14:53:44,745] {logging_mixin.py:104} INFO - [2022-02-12 14:53:44,744] {dag.py:1832} INFO - Sync 1 DAGs
[2022-02-12 14:53:44,796] {logging_mixin.py:104} INFO - [2022-02-12 14:53:44,796] {dag.py:2305} INFO - Setting next_dagrun for example_task_group_decorator to 2022-02-10 00:00:00+00:00
[2022-02-12 14:53:44,851] {scheduler_job.py:190} INFO - Processing /home/agalli/sandbox/lib/python3.6/site-packages/airflow/example_dags/example_task_group_decorator.py took 1.436 seconds
[2022-02-12 14:54:15,068] {scheduler_job.py:182} INFO - Started process (PID=15797) to work on /home/agalli/sandbox/lib/python3.6/site-packages/airflow/example_dags/example_task_group_decorator.py
[2022-02-12 14:54:15,072] {scheduler_job.py:633} INFO - Processing file /home/agalli/sandbox/lib/python3.6/site-packages/airflow/example_dags/example_task_group_decorator.py for tasks to queue
[2022-02-12 14:54:15,075] {logging_mixin.py:104} INFO - [2022-02-12 14:54:15,074] {dagbag.py:487} INFO - Filling up the DagBag from /home/agalli/sandbox/lib/python3.6/site-packages/airflow/example_dags/example_task_group_decorator.py
[2022-02-12 14:54:15,139] {scheduler_job.py:643} INFO - DAG(s) dict_keys(['example_task_group_decorator']) retrieved from /home/agalli/sandbox/lib/python3.6/site-packages/airflow/example_dags/example_task_group_decorator.py
[2022-02-12 14:54:15,617] {logging_mixin.py:104} INFO - [2022-02-12 14:54:15,616] {dag.py:1832} INFO - Sync 1 DAGs
[2022-02-12 14:54:15,644] {logging_mixin.py:104} INFO - [2022-02-12 14:54:15,644] {dag.py:2305} INFO - Setting next_dagrun for example_task_group_decorator to 2022-02-10 00:00:00+00:00
[2022-02-12 14:54:15,665] {scheduler_job.py:190} INFO - Processing /home/agalli/sandbox/lib/python3.6/site-packages/airflow/example_dags/example_task_group_decorator.py took 0.605 seconds
[2022-02-12 14:54:45,716] {scheduler_job.py:182} INFO - Started process (PID=15898) to work on /home/agalli/sandbox/lib/python3.6/site-packages/airflow/example_dags/example_task_group_decorator.py
[2022-02-12 14:54:45,718] {scheduler_job.py:633} INFO - Processing file /home/agalli/sandbox/lib/python3.6/site-packages/airflow/example_dags/example_task_group_decorator.py for tasks to queue
[2022-02-12 14:54:45,719] {logging_mixin.py:104} INFO - [2022-02-12 14:54:45,719] {dagbag.py:487} INFO - Filling up the DagBag from /home/agalli/sandbox/lib/python3.6/site-packages/airflow/example_dags/example_task_group_decorator.py
[2022-02-12 14:54:45,762] {scheduler_job.py:643} INFO - DAG(s) dict_keys(['example_task_group_decorator']) retrieved from /home/agalli/sandbox/lib/python3.6/site-packages/airflow/example_dags/example_task_group_decorator.py
[2022-02-12 14:54:46,120] {logging_mixin.py:104} INFO - [2022-02-12 14:54:46,120] {dag.py:1832} INFO - Sync 1 DAGs
[2022-02-12 14:54:46,141] {logging_mixin.py:104} INFO - [2022-02-12 14:54:46,141] {dag.py:2305} INFO - Setting next_dagrun for example_task_group_decorator to 2022-02-10 00:00:00+00:00
[2022-02-12 14:54:46,163] {scheduler_job.py:190} INFO - Processing /home/agalli/sandbox/lib/python3.6/site-packages/airflow/example_dags/example_task_group_decorator.py took 0.452 seconds
[2022-02-12 14:55:16,325] {scheduler_job.py:182} INFO - Started process (PID=16016) to work on /home/agalli/sandbox/lib/python3.6/site-packages/airflow/example_dags/example_task_group_decorator.py
[2022-02-12 14:55:16,327] {scheduler_job.py:633} INFO - Processing file /home/agalli/sandbox/lib/python3.6/site-packages/airflow/example_dags/example_task_group_decorator.py for tasks to queue
[2022-02-12 14:55:16,328] {logging_mixin.py:104} INFO - [2022-02-12 14:55:16,328] {dagbag.py:487} INFO - Filling up the DagBag from /home/agalli/sandbox/lib/python3.6/site-packages/airflow/example_dags/example_task_group_decorator.py
[2022-02-12 14:55:16,370] {scheduler_job.py:643} INFO - DAG(s) dict_keys(['example_task_group_decorator']) retrieved from /home/agalli/sandbox/lib/python3.6/site-packages/airflow/example_dags/example_task_group_decorator.py
[2022-02-12 14:55:16,653] {logging_mixin.py:104} INFO - [2022-02-12 14:55:16,653] {dag.py:1832} INFO - Sync 1 DAGs
[2022-02-12 14:55:16,670] {logging_mixin.py:104} INFO - [2022-02-12 14:55:16,669] {dag.py:2305} INFO - Setting next_dagrun for example_task_group_decorator to 2022-02-10 00:00:00+00:00
[2022-02-12 14:55:16,688] {scheduler_job.py:190} INFO - Processing /home/agalli/sandbox/lib/python3.6/site-packages/airflow/example_dags/example_task_group_decorator.py took 0.367 seconds
[2022-02-12 14:56:37,263] {scheduler_job.py:182} INFO - Started process (PID=16361) to work on /home/agalli/sandbox/lib/python3.6/site-packages/airflow/example_dags/example_task_group_decorator.py
[2022-02-12 14:56:37,266] {scheduler_job.py:633} INFO - Processing file /home/agalli/sandbox/lib/python3.6/site-packages/airflow/example_dags/example_task_group_decorator.py for tasks to queue
[2022-02-12 14:56:37,268] {logging_mixin.py:104} INFO - [2022-02-12 14:56:37,268] {dagbag.py:487} INFO - Filling up the DagBag from /home/agalli/sandbox/lib/python3.6/site-packages/airflow/example_dags/example_task_group_decorator.py
[2022-02-12 14:56:37,445] {scheduler_job.py:643} INFO - DAG(s) dict_keys(['example_task_group_decorator']) retrieved from /home/agalli/sandbox/lib/python3.6/site-packages/airflow/example_dags/example_task_group_decorator.py
[2022-02-12 14:56:38,521] {logging_mixin.py:104} INFO - [2022-02-12 14:56:38,520] {dag.py:1832} INFO - Sync 1 DAGs
[2022-02-12 14:56:38,560] {logging_mixin.py:104} INFO - [2022-02-12 14:56:38,560] {dag.py:2305} INFO - Setting next_dagrun for example_task_group_decorator to 2022-02-10 00:00:00+00:00
[2022-02-12 14:56:38,621] {scheduler_job.py:190} INFO - Processing /home/agalli/sandbox/lib/python3.6/site-packages/airflow/example_dags/example_task_group_decorator.py took 1.385 seconds
[2022-02-12 14:57:08,793] {scheduler_job.py:182} INFO - Started process (PID=16460) to work on /home/agalli/sandbox/lib/python3.6/site-packages/airflow/example_dags/example_task_group_decorator.py
[2022-02-12 14:57:08,806] {scheduler_job.py:633} INFO - Processing file /home/agalli/sandbox/lib/python3.6/site-packages/airflow/example_dags/example_task_group_decorator.py for tasks to queue
[2022-02-12 14:57:08,807] {logging_mixin.py:104} INFO - [2022-02-12 14:57:08,807] {dagbag.py:487} INFO - Filling up the DagBag from /home/agalli/sandbox/lib/python3.6/site-packages/airflow/example_dags/example_task_group_decorator.py
[2022-02-12 14:57:08,919] {scheduler_job.py:643} INFO - DAG(s) dict_keys(['example_task_group_decorator']) retrieved from /home/agalli/sandbox/lib/python3.6/site-packages/airflow/example_dags/example_task_group_decorator.py
[2022-02-12 14:57:09,897] {logging_mixin.py:104} INFO - [2022-02-12 14:57:09,897] {dag.py:1832} INFO - Sync 1 DAGs
[2022-02-12 14:57:09,945] {logging_mixin.py:104} INFO - [2022-02-12 14:57:09,945] {dag.py:2305} INFO - Setting next_dagrun for example_task_group_decorator to 2022-02-10 00:00:00+00:00
[2022-02-12 14:57:09,994] {scheduler_job.py:190} INFO - Processing /home/agalli/sandbox/lib/python3.6/site-packages/airflow/example_dags/example_task_group_decorator.py took 1.214 seconds
[2022-02-12 14:57:40,304] {scheduler_job.py:182} INFO - Started process (PID=16675) to work on /home/agalli/sandbox/lib/python3.6/site-packages/airflow/example_dags/example_task_group_decorator.py
[2022-02-12 14:57:40,306] {scheduler_job.py:633} INFO - Processing file /home/agalli/sandbox/lib/python3.6/site-packages/airflow/example_dags/example_task_group_decorator.py for tasks to queue
[2022-02-12 14:57:40,306] {logging_mixin.py:104} INFO - [2022-02-12 14:57:40,306] {dagbag.py:487} INFO - Filling up the DagBag from /home/agalli/sandbox/lib/python3.6/site-packages/airflow/example_dags/example_task_group_decorator.py
[2022-02-12 14:57:40,338] {scheduler_job.py:643} INFO - DAG(s) dict_keys(['example_task_group_decorator']) retrieved from /home/agalli/sandbox/lib/python3.6/site-packages/airflow/example_dags/example_task_group_decorator.py
[2022-02-12 14:57:40,584] {logging_mixin.py:104} INFO - [2022-02-12 14:57:40,584] {dag.py:1832} INFO - Sync 1 DAGs
[2022-02-12 14:57:40,600] {logging_mixin.py:104} INFO - [2022-02-12 14:57:40,599] {dag.py:2305} INFO - Setting next_dagrun for example_task_group_decorator to 2022-02-10 00:00:00+00:00
[2022-02-12 14:57:40,615] {scheduler_job.py:190} INFO - Processing /home/agalli/sandbox/lib/python3.6/site-packages/airflow/example_dags/example_task_group_decorator.py took 0.314 seconds
[2022-02-12 14:58:11,514] {scheduler_job.py:182} INFO - Started process (PID=16745) to work on /home/agalli/sandbox/lib/python3.6/site-packages/airflow/example_dags/example_task_group_decorator.py
[2022-02-12 14:58:11,521] {scheduler_job.py:633} INFO - Processing file /home/agalli/sandbox/lib/python3.6/site-packages/airflow/example_dags/example_task_group_decorator.py for tasks to queue
[2022-02-12 14:58:11,522] {logging_mixin.py:104} INFO - [2022-02-12 14:58:11,522] {dagbag.py:487} INFO - Filling up the DagBag from /home/agalli/sandbox/lib/python3.6/site-packages/airflow/example_dags/example_task_group_decorator.py
[2022-02-12 14:58:11,576] {scheduler_job.py:643} INFO - DAG(s) dict_keys(['example_task_group_decorator']) retrieved from /home/agalli/sandbox/lib/python3.6/site-packages/airflow/example_dags/example_task_group_decorator.py
[2022-02-12 14:58:11,943] {logging_mixin.py:104} INFO - [2022-02-12 14:58:11,943] {dag.py:1832} INFO - Sync 1 DAGs
[2022-02-12 14:58:11,962] {logging_mixin.py:104} INFO - [2022-02-12 14:58:11,962] {dag.py:2305} INFO - Setting next_dagrun for example_task_group_decorator to 2022-02-10 00:00:00+00:00
[2022-02-12 14:58:11,977] {scheduler_job.py:190} INFO - Processing /home/agalli/sandbox/lib/python3.6/site-packages/airflow/example_dags/example_task_group_decorator.py took 0.468 seconds
[2022-02-12 14:58:42,003] {scheduler_job.py:182} INFO - Started process (PID=16815) to work on /home/agalli/sandbox/lib/python3.6/site-packages/airflow/example_dags/example_task_group_decorator.py
[2022-02-12 14:58:42,005] {scheduler_job.py:633} INFO - Processing file /home/agalli/sandbox/lib/python3.6/site-packages/airflow/example_dags/example_task_group_decorator.py for tasks to queue
[2022-02-12 14:58:42,006] {logging_mixin.py:104} INFO - [2022-02-12 14:58:42,006] {dagbag.py:487} INFO - Filling up the DagBag from /home/agalli/sandbox/lib/python3.6/site-packages/airflow/example_dags/example_task_group_decorator.py
[2022-02-12 14:58:42,041] {scheduler_job.py:643} INFO - DAG(s) dict_keys(['example_task_group_decorator']) retrieved from /home/agalli/sandbox/lib/python3.6/site-packages/airflow/example_dags/example_task_group_decorator.py
[2022-02-12 14:58:42,347] {logging_mixin.py:104} INFO - [2022-02-12 14:58:42,347] {dag.py:1832} INFO - Sync 1 DAGs
[2022-02-12 14:58:42,367] {logging_mixin.py:104} INFO - [2022-02-12 14:58:42,367] {dag.py:2305} INFO - Setting next_dagrun for example_task_group_decorator to 2022-02-10 00:00:00+00:00
[2022-02-12 14:58:42,387] {scheduler_job.py:190} INFO - Processing /home/agalli/sandbox/lib/python3.6/site-packages/airflow/example_dags/example_task_group_decorator.py took 0.389 seconds
[2022-02-12 14:59:12,615] {scheduler_job.py:182} INFO - Started process (PID=16885) to work on /home/agalli/sandbox/lib/python3.6/site-packages/airflow/example_dags/example_task_group_decorator.py
[2022-02-12 14:59:12,617] {scheduler_job.py:633} INFO - Processing file /home/agalli/sandbox/lib/python3.6/site-packages/airflow/example_dags/example_task_group_decorator.py for tasks to queue
[2022-02-12 14:59:12,619] {logging_mixin.py:104} INFO - [2022-02-12 14:59:12,618] {dagbag.py:487} INFO - Filling up the DagBag from /home/agalli/sandbox/lib/python3.6/site-packages/airflow/example_dags/example_task_group_decorator.py
[2022-02-12 14:59:12,655] {scheduler_job.py:643} INFO - DAG(s) dict_keys(['example_task_group_decorator']) retrieved from /home/agalli/sandbox/lib/python3.6/site-packages/airflow/example_dags/example_task_group_decorator.py
[2022-02-12 14:59:13,181] {logging_mixin.py:104} INFO - [2022-02-12 14:59:13,181] {dag.py:1832} INFO - Sync 1 DAGs
[2022-02-12 14:59:13,209] {logging_mixin.py:104} INFO - [2022-02-12 14:59:13,209] {dag.py:2305} INFO - Setting next_dagrun for example_task_group_decorator to 2022-02-10 00:00:00+00:00
[2022-02-12 14:59:13,230] {scheduler_job.py:190} INFO - Processing /home/agalli/sandbox/lib/python3.6/site-packages/airflow/example_dags/example_task_group_decorator.py took 0.618 seconds
[2022-02-12 14:59:43,358] {scheduler_job.py:182} INFO - Started process (PID=16955) to work on /home/agalli/sandbox/lib/python3.6/site-packages/airflow/example_dags/example_task_group_decorator.py
[2022-02-12 14:59:43,359] {scheduler_job.py:633} INFO - Processing file /home/agalli/sandbox/lib/python3.6/site-packages/airflow/example_dags/example_task_group_decorator.py for tasks to queue
[2022-02-12 14:59:43,361] {logging_mixin.py:104} INFO - [2022-02-12 14:59:43,360] {dagbag.py:487} INFO - Filling up the DagBag from /home/agalli/sandbox/lib/python3.6/site-packages/airflow/example_dags/example_task_group_decorator.py
[2022-02-12 14:59:43,391] {scheduler_job.py:643} INFO - DAG(s) dict_keys(['example_task_group_decorator']) retrieved from /home/agalli/sandbox/lib/python3.6/site-packages/airflow/example_dags/example_task_group_decorator.py
[2022-02-12 14:59:43,757] {logging_mixin.py:104} INFO - [2022-02-12 14:59:43,756] {dag.py:1832} INFO - Sync 1 DAGs
[2022-02-12 14:59:43,787] {logging_mixin.py:104} INFO - [2022-02-12 14:59:43,786] {dag.py:2305} INFO - Setting next_dagrun for example_task_group_decorator to 2022-02-10 00:00:00+00:00
[2022-02-12 14:59:43,805] {scheduler_job.py:190} INFO - Processing /home/agalli/sandbox/lib/python3.6/site-packages/airflow/example_dags/example_task_group_decorator.py took 0.450 seconds
[2022-02-12 15:00:14,008] {scheduler_job.py:182} INFO - Started process (PID=17025) to work on /home/agalli/sandbox/lib/python3.6/site-packages/airflow/example_dags/example_task_group_decorator.py
[2022-02-12 15:00:14,013] {scheduler_job.py:633} INFO - Processing file /home/agalli/sandbox/lib/python3.6/site-packages/airflow/example_dags/example_task_group_decorator.py for tasks to queue
[2022-02-12 15:00:14,015] {logging_mixin.py:104} INFO - [2022-02-12 15:00:14,015] {dagbag.py:487} INFO - Filling up the DagBag from /home/agalli/sandbox/lib/python3.6/site-packages/airflow/example_dags/example_task_group_decorator.py
[2022-02-12 15:00:14,096] {scheduler_job.py:643} INFO - DAG(s) dict_keys(['example_task_group_decorator']) retrieved from /home/agalli/sandbox/lib/python3.6/site-packages/airflow/example_dags/example_task_group_decorator.py
[2022-02-12 15:00:14,851] {logging_mixin.py:104} INFO - [2022-02-12 15:00:14,851] {dag.py:1832} INFO - Sync 1 DAGs
[2022-02-12 15:00:14,888] {logging_mixin.py:104} INFO - [2022-02-12 15:00:14,887] {dag.py:2305} INFO - Setting next_dagrun for example_task_group_decorator to 2022-02-10 00:00:00+00:00
[2022-02-12 15:00:14,913] {scheduler_job.py:190} INFO - Processing /home/agalli/sandbox/lib/python3.6/site-packages/airflow/example_dags/example_task_group_decorator.py took 0.920 seconds
[2022-02-12 15:00:38,586] {scheduler_job.py:182} INFO - Started process (PID=17482) to work on /home/agalli/sandbox/lib/python3.6/site-packages/airflow/example_dags/example_task_group_decorator.py
[2022-02-12 15:00:38,588] {scheduler_job.py:633} INFO - Processing file /home/agalli/sandbox/lib/python3.6/site-packages/airflow/example_dags/example_task_group_decorator.py for tasks to queue
[2022-02-12 15:00:38,595] {logging_mixin.py:104} INFO - [2022-02-12 15:00:38,595] {dagbag.py:487} INFO - Filling up the DagBag from /home/agalli/sandbox/lib/python3.6/site-packages/airflow/example_dags/example_task_group_decorator.py
[2022-02-12 15:00:38,836] {scheduler_job.py:643} INFO - DAG(s) dict_keys(['example_task_group_decorator']) retrieved from /home/agalli/sandbox/lib/python3.6/site-packages/airflow/example_dags/example_task_group_decorator.py
[2022-02-12 15:00:39,065] {logging_mixin.py:104} INFO - [2022-02-12 15:00:39,060] {dag.py:1832} INFO - Sync 1 DAGs
[2022-02-12 15:00:39,213] {logging_mixin.py:104} INFO - [2022-02-12 15:00:39,213] {dag.py:2305} INFO - Setting next_dagrun for example_task_group_decorator to 2022-02-10 00:00:00+00:00
[2022-02-12 15:00:39,377] {scheduler_job.py:190} INFO - Processing /home/agalli/sandbox/lib/python3.6/site-packages/airflow/example_dags/example_task_group_decorator.py took 0.810 seconds
[2022-02-12 15:01:09,569] {scheduler_job.py:182} INFO - Started process (PID=17898) to work on /home/agalli/sandbox/lib/python3.6/site-packages/airflow/example_dags/example_task_group_decorator.py
[2022-02-12 15:01:09,570] {scheduler_job.py:633} INFO - Processing file /home/agalli/sandbox/lib/python3.6/site-packages/airflow/example_dags/example_task_group_decorator.py for tasks to queue
[2022-02-12 15:01:09,571] {logging_mixin.py:104} INFO - [2022-02-12 15:01:09,570] {dagbag.py:487} INFO - Filling up the DagBag from /home/agalli/sandbox/lib/python3.6/site-packages/airflow/example_dags/example_task_group_decorator.py
[2022-02-12 15:01:09,603] {scheduler_job.py:643} INFO - DAG(s) dict_keys(['example_task_group_decorator']) retrieved from /home/agalli/sandbox/lib/python3.6/site-packages/airflow/example_dags/example_task_group_decorator.py
[2022-02-12 15:01:10,026] {logging_mixin.py:104} INFO - [2022-02-12 15:01:10,026] {dag.py:1832} INFO - Sync 1 DAGs
[2022-02-12 15:01:10,046] {logging_mixin.py:104} INFO - [2022-02-12 15:01:10,046] {dag.py:2305} INFO - Setting next_dagrun for example_task_group_decorator to 2022-02-10 00:00:00+00:00
[2022-02-12 15:01:10,066] {scheduler_job.py:190} INFO - Processing /home/agalli/sandbox/lib/python3.6/site-packages/airflow/example_dags/example_task_group_decorator.py took 0.502 seconds
[2022-02-12 15:01:40,810] {scheduler_job.py:182} INFO - Started process (PID=18100) to work on /home/agalli/sandbox/lib/python3.6/site-packages/airflow/example_dags/example_task_group_decorator.py
[2022-02-12 15:01:40,812] {scheduler_job.py:633} INFO - Processing file /home/agalli/sandbox/lib/python3.6/site-packages/airflow/example_dags/example_task_group_decorator.py for tasks to queue
[2022-02-12 15:01:40,813] {logging_mixin.py:104} INFO - [2022-02-12 15:01:40,813] {dagbag.py:487} INFO - Filling up the DagBag from /home/agalli/sandbox/lib/python3.6/site-packages/airflow/example_dags/example_task_group_decorator.py
[2022-02-12 15:01:40,843] {scheduler_job.py:643} INFO - DAG(s) dict_keys(['example_task_group_decorator']) retrieved from /home/agalli/sandbox/lib/python3.6/site-packages/airflow/example_dags/example_task_group_decorator.py
[2022-02-12 15:01:41,497] {logging_mixin.py:104} INFO - [2022-02-12 15:01:41,497] {dag.py:1832} INFO - Sync 1 DAGs
[2022-02-12 15:01:41,517] {logging_mixin.py:104} INFO - [2022-02-12 15:01:41,516] {dag.py:2305} INFO - Setting next_dagrun for example_task_group_decorator to 2022-02-10 00:00:00+00:00
[2022-02-12 15:01:41,540] {scheduler_job.py:190} INFO - Processing /home/agalli/sandbox/lib/python3.6/site-packages/airflow/example_dags/example_task_group_decorator.py took 0.735 seconds
[2022-02-12 15:02:11,643] {scheduler_job.py:182} INFO - Started process (PID=18392) to work on /home/agalli/sandbox/lib/python3.6/site-packages/airflow/example_dags/example_task_group_decorator.py
[2022-02-12 15:02:11,645] {scheduler_job.py:633} INFO - Processing file /home/agalli/sandbox/lib/python3.6/site-packages/airflow/example_dags/example_task_group_decorator.py for tasks to queue
[2022-02-12 15:02:11,646] {logging_mixin.py:104} INFO - [2022-02-12 15:02:11,646] {dagbag.py:487} INFO - Filling up the DagBag from /home/agalli/sandbox/lib/python3.6/site-packages/airflow/example_dags/example_task_group_decorator.py
[2022-02-12 15:02:11,693] {scheduler_job.py:643} INFO - DAG(s) dict_keys(['example_task_group_decorator']) retrieved from /home/agalli/sandbox/lib/python3.6/site-packages/airflow/example_dags/example_task_group_decorator.py
[2022-02-12 15:02:11,798] {logging_mixin.py:104} INFO - [2022-02-12 15:02:11,798] {dag.py:1832} INFO - Sync 1 DAGs
[2022-02-12 15:02:11,841] {logging_mixin.py:104} INFO - [2022-02-12 15:02:11,841] {dag.py:2305} INFO - Setting next_dagrun for example_task_group_decorator to 2022-02-10 00:00:00+00:00
[2022-02-12 15:02:11,866] {scheduler_job.py:190} INFO - Processing /home/agalli/sandbox/lib/python3.6/site-packages/airflow/example_dags/example_task_group_decorator.py took 0.237 seconds
[2022-02-12 15:02:42,254] {scheduler_job.py:182} INFO - Started process (PID=18859) to work on /home/agalli/sandbox/lib/python3.6/site-packages/airflow/example_dags/example_task_group_decorator.py
[2022-02-12 15:02:42,256] {scheduler_job.py:633} INFO - Processing file /home/agalli/sandbox/lib/python3.6/site-packages/airflow/example_dags/example_task_group_decorator.py for tasks to queue
[2022-02-12 15:02:42,257] {logging_mixin.py:104} INFO - [2022-02-12 15:02:42,257] {dagbag.py:487} INFO - Filling up the DagBag from /home/agalli/sandbox/lib/python3.6/site-packages/airflow/example_dags/example_task_group_decorator.py
[2022-02-12 15:02:42,303] {scheduler_job.py:643} INFO - DAG(s) dict_keys(['example_task_group_decorator']) retrieved from /home/agalli/sandbox/lib/python3.6/site-packages/airflow/example_dags/example_task_group_decorator.py
[2022-02-12 15:02:43,466] {logging_mixin.py:104} INFO - [2022-02-12 15:02:43,466] {dag.py:1832} INFO - Sync 1 DAGs
[2022-02-12 15:02:43,509] {logging_mixin.py:104} INFO - [2022-02-12 15:02:43,508] {dag.py:2305} INFO - Setting next_dagrun for example_task_group_decorator to 2022-02-10 00:00:00+00:00
[2022-02-12 15:02:43,543] {scheduler_job.py:190} INFO - Processing /home/agalli/sandbox/lib/python3.6/site-packages/airflow/example_dags/example_task_group_decorator.py took 1.294 seconds
[2022-02-12 15:03:15,196] {scheduler_job.py:182} INFO - Started process (PID=19248) to work on /home/agalli/sandbox/lib/python3.6/site-packages/airflow/example_dags/example_task_group_decorator.py
[2022-02-12 15:03:15,202] {scheduler_job.py:633} INFO - Processing file /home/agalli/sandbox/lib/python3.6/site-packages/airflow/example_dags/example_task_group_decorator.py for tasks to queue
[2022-02-12 15:03:15,206] {logging_mixin.py:104} INFO - [2022-02-12 15:03:15,206] {dagbag.py:487} INFO - Filling up the DagBag from /home/agalli/sandbox/lib/python3.6/site-packages/airflow/example_dags/example_task_group_decorator.py
[2022-02-12 15:03:15,257] {scheduler_job.py:643} INFO - DAG(s) dict_keys(['example_task_group_decorator']) retrieved from /home/agalli/sandbox/lib/python3.6/site-packages/airflow/example_dags/example_task_group_decorator.py
[2022-02-12 15:03:15,834] {logging_mixin.py:104} INFO - [2022-02-12 15:03:15,833] {dag.py:1832} INFO - Sync 1 DAGs
[2022-02-12 15:03:15,858] {logging_mixin.py:104} INFO - [2022-02-12 15:03:15,858] {dag.py:2305} INFO - Setting next_dagrun for example_task_group_decorator to 2022-02-10 00:00:00+00:00
[2022-02-12 15:03:15,884] {scheduler_job.py:190} INFO - Processing /home/agalli/sandbox/lib/python3.6/site-packages/airflow/example_dags/example_task_group_decorator.py took 0.703 seconds
[2022-02-12 15:03:46,286] {scheduler_job.py:182} INFO - Started process (PID=19449) to work on /home/agalli/sandbox/lib/python3.6/site-packages/airflow/example_dags/example_task_group_decorator.py
[2022-02-12 15:03:46,287] {scheduler_job.py:633} INFO - Processing file /home/agalli/sandbox/lib/python3.6/site-packages/airflow/example_dags/example_task_group_decorator.py for tasks to queue
[2022-02-12 15:03:46,288] {logging_mixin.py:104} INFO - [2022-02-12 15:03:46,288] {dagbag.py:487} INFO - Filling up the DagBag from /home/agalli/sandbox/lib/python3.6/site-packages/airflow/example_dags/example_task_group_decorator.py
[2022-02-12 15:03:46,350] {scheduler_job.py:643} INFO - DAG(s) dict_keys(['example_task_group_decorator']) retrieved from /home/agalli/sandbox/lib/python3.6/site-packages/airflow/example_dags/example_task_group_decorator.py
[2022-02-12 15:03:46,988] {logging_mixin.py:104} INFO - [2022-02-12 15:03:46,988] {dag.py:1832} INFO - Sync 1 DAGs
[2022-02-12 15:03:47,020] {logging_mixin.py:104} INFO - [2022-02-12 15:03:47,020] {dag.py:2305} INFO - Setting next_dagrun for example_task_group_decorator to 2022-02-10 00:00:00+00:00
[2022-02-12 15:03:47,047] {scheduler_job.py:190} INFO - Processing /home/agalli/sandbox/lib/python3.6/site-packages/airflow/example_dags/example_task_group_decorator.py took 0.768 seconds
[2022-02-12 15:04:17,349] {scheduler_job.py:182} INFO - Started process (PID=19651) to work on /home/agalli/sandbox/lib/python3.6/site-packages/airflow/example_dags/example_task_group_decorator.py
[2022-02-12 15:04:17,350] {scheduler_job.py:633} INFO - Processing file /home/agalli/sandbox/lib/python3.6/site-packages/airflow/example_dags/example_task_group_decorator.py for tasks to queue
[2022-02-12 15:04:17,351] {logging_mixin.py:104} INFO - [2022-02-12 15:04:17,351] {dagbag.py:487} INFO - Filling up the DagBag from /home/agalli/sandbox/lib/python3.6/site-packages/airflow/example_dags/example_task_group_decorator.py
[2022-02-12 15:04:17,380] {scheduler_job.py:643} INFO - DAG(s) dict_keys(['example_task_group_decorator']) retrieved from /home/agalli/sandbox/lib/python3.6/site-packages/airflow/example_dags/example_task_group_decorator.py
[2022-02-12 15:04:17,703] {logging_mixin.py:104} INFO - [2022-02-12 15:04:17,703] {dag.py:1832} INFO - Sync 1 DAGs
[2022-02-12 15:04:17,719] {logging_mixin.py:104} INFO - [2022-02-12 15:04:17,719] {dag.py:2305} INFO - Setting next_dagrun for example_task_group_decorator to 2022-02-10 00:00:00+00:00
[2022-02-12 15:04:17,737] {scheduler_job.py:190} INFO - Processing /home/agalli/sandbox/lib/python3.6/site-packages/airflow/example_dags/example_task_group_decorator.py took 0.392 seconds
[2022-02-12 15:04:48,046] {scheduler_job.py:182} INFO - Started process (PID=19849) to work on /home/agalli/sandbox/lib/python3.6/site-packages/airflow/example_dags/example_task_group_decorator.py
[2022-02-12 15:04:48,048] {scheduler_job.py:633} INFO - Processing file /home/agalli/sandbox/lib/python3.6/site-packages/airflow/example_dags/example_task_group_decorator.py for tasks to queue
[2022-02-12 15:04:48,048] {logging_mixin.py:104} INFO - [2022-02-12 15:04:48,048] {dagbag.py:487} INFO - Filling up the DagBag from /home/agalli/sandbox/lib/python3.6/site-packages/airflow/example_dags/example_task_group_decorator.py
[2022-02-12 15:04:48,110] {scheduler_job.py:643} INFO - DAG(s) dict_keys(['example_task_group_decorator']) retrieved from /home/agalli/sandbox/lib/python3.6/site-packages/airflow/example_dags/example_task_group_decorator.py
[2022-02-12 15:04:48,572] {logging_mixin.py:104} INFO - [2022-02-12 15:04:48,571] {dag.py:1832} INFO - Sync 1 DAGs
[2022-02-12 15:04:48,595] {logging_mixin.py:104} INFO - [2022-02-12 15:04:48,594] {dag.py:2305} INFO - Setting next_dagrun for example_task_group_decorator to 2022-02-10 00:00:00+00:00
[2022-02-12 15:04:48,631] {scheduler_job.py:190} INFO - Processing /home/agalli/sandbox/lib/python3.6/site-packages/airflow/example_dags/example_task_group_decorator.py took 0.591 seconds
[2022-02-12 15:05:18,810] {scheduler_job.py:182} INFO - Started process (PID=20049) to work on /home/agalli/sandbox/lib/python3.6/site-packages/airflow/example_dags/example_task_group_decorator.py
[2022-02-12 15:05:18,812] {scheduler_job.py:633} INFO - Processing file /home/agalli/sandbox/lib/python3.6/site-packages/airflow/example_dags/example_task_group_decorator.py for tasks to queue
[2022-02-12 15:05:18,813] {logging_mixin.py:104} INFO - [2022-02-12 15:05:18,813] {dagbag.py:487} INFO - Filling up the DagBag from /home/agalli/sandbox/lib/python3.6/site-packages/airflow/example_dags/example_task_group_decorator.py
[2022-02-12 15:05:18,847] {scheduler_job.py:643} INFO - DAG(s) dict_keys(['example_task_group_decorator']) retrieved from /home/agalli/sandbox/lib/python3.6/site-packages/airflow/example_dags/example_task_group_decorator.py
[2022-02-12 15:05:19,180] {logging_mixin.py:104} INFO - [2022-02-12 15:05:19,180] {dag.py:1832} INFO - Sync 1 DAGs
[2022-02-12 15:05:19,201] {logging_mixin.py:104} INFO - [2022-02-12 15:05:19,201] {dag.py:2305} INFO - Setting next_dagrun for example_task_group_decorator to 2022-02-10 00:00:00+00:00
[2022-02-12 15:05:19,224] {scheduler_job.py:190} INFO - Processing /home/agalli/sandbox/lib/python3.6/site-packages/airflow/example_dags/example_task_group_decorator.py took 0.419 seconds
[2022-02-12 15:05:49,277] {scheduler_job.py:182} INFO - Started process (PID=20371) to work on /home/agalli/sandbox/lib/python3.6/site-packages/airflow/example_dags/example_task_group_decorator.py
[2022-02-12 15:05:49,279] {scheduler_job.py:633} INFO - Processing file /home/agalli/sandbox/lib/python3.6/site-packages/airflow/example_dags/example_task_group_decorator.py for tasks to queue
[2022-02-12 15:05:49,280] {logging_mixin.py:104} INFO - [2022-02-12 15:05:49,280] {dagbag.py:487} INFO - Filling up the DagBag from /home/agalli/sandbox/lib/python3.6/site-packages/airflow/example_dags/example_task_group_decorator.py
[2022-02-12 15:05:49,322] {scheduler_job.py:643} INFO - DAG(s) dict_keys(['example_task_group_decorator']) retrieved from /home/agalli/sandbox/lib/python3.6/site-packages/airflow/example_dags/example_task_group_decorator.py
[2022-02-12 15:05:49,689] {logging_mixin.py:104} INFO - [2022-02-12 15:05:49,689] {dag.py:1832} INFO - Sync 1 DAGs
[2022-02-12 15:05:49,705] {logging_mixin.py:104} INFO - [2022-02-12 15:05:49,705] {dag.py:2305} INFO - Setting next_dagrun for example_task_group_decorator to 2022-02-10 00:00:00+00:00
[2022-02-12 15:05:49,730] {scheduler_job.py:190} INFO - Processing /home/agalli/sandbox/lib/python3.6/site-packages/airflow/example_dags/example_task_group_decorator.py took 0.458 seconds
[2022-02-12 15:06:19,863] {scheduler_job.py:182} INFO - Started process (PID=20569) to work on /home/agalli/sandbox/lib/python3.6/site-packages/airflow/example_dags/example_task_group_decorator.py
[2022-02-12 15:06:19,867] {scheduler_job.py:633} INFO - Processing file /home/agalli/sandbox/lib/python3.6/site-packages/airflow/example_dags/example_task_group_decorator.py for tasks to queue
[2022-02-12 15:06:19,868] {logging_mixin.py:104} INFO - [2022-02-12 15:06:19,868] {dagbag.py:487} INFO - Filling up the DagBag from /home/agalli/sandbox/lib/python3.6/site-packages/airflow/example_dags/example_task_group_decorator.py
[2022-02-12 15:06:19,905] {scheduler_job.py:643} INFO - DAG(s) dict_keys(['example_task_group_decorator']) retrieved from /home/agalli/sandbox/lib/python3.6/site-packages/airflow/example_dags/example_task_group_decorator.py
[2022-02-12 15:06:20,417] {logging_mixin.py:104} INFO - [2022-02-12 15:06:20,416] {dag.py:1832} INFO - Sync 1 DAGs
[2022-02-12 15:06:20,472] {logging_mixin.py:104} INFO - [2022-02-12 15:06:20,472] {dag.py:2305} INFO - Setting next_dagrun for example_task_group_decorator to 2022-02-10 00:00:00+00:00
[2022-02-12 15:06:20,507] {scheduler_job.py:190} INFO - Processing /home/agalli/sandbox/lib/python3.6/site-packages/airflow/example_dags/example_task_group_decorator.py took 0.649 seconds
[2022-02-12 15:06:50,648] {scheduler_job.py:182} INFO - Started process (PID=20771) to work on /home/agalli/sandbox/lib/python3.6/site-packages/airflow/example_dags/example_task_group_decorator.py
[2022-02-12 15:06:50,649] {scheduler_job.py:633} INFO - Processing file /home/agalli/sandbox/lib/python3.6/site-packages/airflow/example_dags/example_task_group_decorator.py for tasks to queue
[2022-02-12 15:06:50,650] {logging_mixin.py:104} INFO - [2022-02-12 15:06:50,650] {dagbag.py:487} INFO - Filling up the DagBag from /home/agalli/sandbox/lib/python3.6/site-packages/airflow/example_dags/example_task_group_decorator.py
[2022-02-12 15:06:50,691] {scheduler_job.py:643} INFO - DAG(s) dict_keys(['example_task_group_decorator']) retrieved from /home/agalli/sandbox/lib/python3.6/site-packages/airflow/example_dags/example_task_group_decorator.py
[2022-02-12 15:06:51,166] {logging_mixin.py:104} INFO - [2022-02-12 15:06:51,166] {dag.py:1832} INFO - Sync 1 DAGs
[2022-02-12 15:06:51,201] {logging_mixin.py:104} INFO - [2022-02-12 15:06:51,201] {dag.py:2305} INFO - Setting next_dagrun for example_task_group_decorator to 2022-02-10 00:00:00+00:00
[2022-02-12 15:06:51,228] {scheduler_job.py:190} INFO - Processing /home/agalli/sandbox/lib/python3.6/site-packages/airflow/example_dags/example_task_group_decorator.py took 0.586 seconds
[2022-02-12 15:07:21,599] {scheduler_job.py:182} INFO - Started process (PID=20973) to work on /home/agalli/sandbox/lib/python3.6/site-packages/airflow/example_dags/example_task_group_decorator.py
[2022-02-12 15:07:21,600] {scheduler_job.py:633} INFO - Processing file /home/agalli/sandbox/lib/python3.6/site-packages/airflow/example_dags/example_task_group_decorator.py for tasks to queue
[2022-02-12 15:07:21,601] {logging_mixin.py:104} INFO - [2022-02-12 15:07:21,601] {dagbag.py:487} INFO - Filling up the DagBag from /home/agalli/sandbox/lib/python3.6/site-packages/airflow/example_dags/example_task_group_decorator.py
[2022-02-12 15:07:21,642] {scheduler_job.py:643} INFO - DAG(s) dict_keys(['example_task_group_decorator']) retrieved from /home/agalli/sandbox/lib/python3.6/site-packages/airflow/example_dags/example_task_group_decorator.py
[2022-02-12 15:07:22,131] {logging_mixin.py:104} INFO - [2022-02-12 15:07:22,130] {dag.py:1832} INFO - Sync 1 DAGs
[2022-02-12 15:07:22,159] {logging_mixin.py:104} INFO - [2022-02-12 15:07:22,159] {dag.py:2305} INFO - Setting next_dagrun for example_task_group_decorator to 2022-02-10 00:00:00+00:00
[2022-02-12 15:07:22,185] {scheduler_job.py:190} INFO - Processing /home/agalli/sandbox/lib/python3.6/site-packages/airflow/example_dags/example_task_group_decorator.py took 0.591 seconds
[2022-02-12 15:07:52,269] {scheduler_job.py:182} INFO - Started process (PID=21177) to work on /home/agalli/sandbox/lib/python3.6/site-packages/airflow/example_dags/example_task_group_decorator.py
[2022-02-12 15:07:52,271] {scheduler_job.py:633} INFO - Processing file /home/agalli/sandbox/lib/python3.6/site-packages/airflow/example_dags/example_task_group_decorator.py for tasks to queue
[2022-02-12 15:07:52,271] {logging_mixin.py:104} INFO - [2022-02-12 15:07:52,271] {dagbag.py:487} INFO - Filling up the DagBag from /home/agalli/sandbox/lib/python3.6/site-packages/airflow/example_dags/example_task_group_decorator.py
[2022-02-12 15:07:52,299] {scheduler_job.py:643} INFO - DAG(s) dict_keys(['example_task_group_decorator']) retrieved from /home/agalli/sandbox/lib/python3.6/site-packages/airflow/example_dags/example_task_group_decorator.py
[2022-02-12 15:07:52,624] {logging_mixin.py:104} INFO - [2022-02-12 15:07:52,624] {dag.py:1832} INFO - Sync 1 DAGs
[2022-02-12 15:07:52,648] {logging_mixin.py:104} INFO - [2022-02-12 15:07:52,648] {dag.py:2305} INFO - Setting next_dagrun for example_task_group_decorator to 2022-02-10 00:00:00+00:00
[2022-02-12 15:07:52,666] {scheduler_job.py:190} INFO - Processing /home/agalli/sandbox/lib/python3.6/site-packages/airflow/example_dags/example_task_group_decorator.py took 0.401 seconds
[2022-02-12 15:08:22,836] {scheduler_job.py:182} INFO - Started process (PID=21380) to work on /home/agalli/sandbox/lib/python3.6/site-packages/airflow/example_dags/example_task_group_decorator.py
[2022-02-12 15:08:22,837] {scheduler_job.py:633} INFO - Processing file /home/agalli/sandbox/lib/python3.6/site-packages/airflow/example_dags/example_task_group_decorator.py for tasks to queue
[2022-02-12 15:08:22,838] {logging_mixin.py:104} INFO - [2022-02-12 15:08:22,838] {dagbag.py:487} INFO - Filling up the DagBag from /home/agalli/sandbox/lib/python3.6/site-packages/airflow/example_dags/example_task_group_decorator.py
[2022-02-12 15:08:22,877] {scheduler_job.py:643} INFO - DAG(s) dict_keys(['example_task_group_decorator']) retrieved from /home/agalli/sandbox/lib/python3.6/site-packages/airflow/example_dags/example_task_group_decorator.py
[2022-02-12 15:08:23,354] {logging_mixin.py:104} INFO - [2022-02-12 15:08:23,354] {dag.py:1832} INFO - Sync 1 DAGs
[2022-02-12 15:08:23,388] {logging_mixin.py:104} INFO - [2022-02-12 15:08:23,387] {dag.py:2305} INFO - Setting next_dagrun for example_task_group_decorator to 2022-02-10 00:00:00+00:00
[2022-02-12 15:08:23,408] {scheduler_job.py:190} INFO - Processing /home/agalli/sandbox/lib/python3.6/site-packages/airflow/example_dags/example_task_group_decorator.py took 0.579 seconds
