[2022-02-12 13:57:30,696] {scheduler_job.py:182} INFO - Started process (PID=1947) to work on /home/agalli/sandbox/lib/python3.6/site-packages/airflow/example_dags/example_branch_python_dop_operator_3.py
[2022-02-12 13:57:30,703] {scheduler_job.py:633} INFO - Processing file /home/agalli/sandbox/lib/python3.6/site-packages/airflow/example_dags/example_branch_python_dop_operator_3.py for tasks to queue
[2022-02-12 13:57:30,705] {logging_mixin.py:104} INFO - [2022-02-12 13:57:30,705] {dagbag.py:487} INFO - Filling up the DagBag from /home/agalli/sandbox/lib/python3.6/site-packages/airflow/example_dags/example_branch_python_dop_operator_3.py
[2022-02-12 13:57:30,846] {scheduler_job.py:643} INFO - DAG(s) dict_keys(['example_branch_dop_operator_v3']) retrieved from /home/agalli/sandbox/lib/python3.6/site-packages/airflow/example_dags/example_branch_python_dop_operator_3.py
[2022-02-12 13:57:30,995] {logging_mixin.py:104} INFO - [2022-02-12 13:57:30,995] {dag.py:1832} INFO - Sync 1 DAGs
[2022-02-12 13:57:31,082] {logging_mixin.py:104} INFO - [2022-02-12 13:57:31,082] {dag.py:2305} INFO - Setting next_dagrun for example_branch_dop_operator_v3 to 2022-02-10 00:00:00+00:00
[2022-02-12 13:57:31,096] {scheduler_job.py:190} INFO - Processing /home/agalli/sandbox/lib/python3.6/site-packages/airflow/example_dags/example_branch_python_dop_operator_3.py took 0.409 seconds
[2022-02-12 13:58:01,467] {scheduler_job.py:182} INFO - Started process (PID=2316) to work on /home/agalli/sandbox/lib/python3.6/site-packages/airflow/example_dags/example_branch_python_dop_operator_3.py
[2022-02-12 13:58:01,469] {scheduler_job.py:633} INFO - Processing file /home/agalli/sandbox/lib/python3.6/site-packages/airflow/example_dags/example_branch_python_dop_operator_3.py for tasks to queue
[2022-02-12 13:58:01,470] {logging_mixin.py:104} INFO - [2022-02-12 13:58:01,470] {dagbag.py:487} INFO - Filling up the DagBag from /home/agalli/sandbox/lib/python3.6/site-packages/airflow/example_dags/example_branch_python_dop_operator_3.py
[2022-02-12 13:58:01,493] {scheduler_job.py:643} INFO - DAG(s) dict_keys(['example_branch_dop_operator_v3']) retrieved from /home/agalli/sandbox/lib/python3.6/site-packages/airflow/example_dags/example_branch_python_dop_operator_3.py
[2022-02-12 13:58:01,540] {logging_mixin.py:104} INFO - [2022-02-12 13:58:01,540] {dag.py:1832} INFO - Sync 1 DAGs
[2022-02-12 13:58:01,577] {logging_mixin.py:104} INFO - [2022-02-12 13:58:01,577] {dag.py:2305} INFO - Setting next_dagrun for example_branch_dop_operator_v3 to 2022-02-10 00:00:00+00:00
[2022-02-12 13:58:01,594] {scheduler_job.py:190} INFO - Processing /home/agalli/sandbox/lib/python3.6/site-packages/airflow/example_dags/example_branch_python_dop_operator_3.py took 0.133 seconds
[2022-02-12 13:58:32,797] {scheduler_job.py:182} INFO - Started process (PID=2518) to work on /home/agalli/sandbox/lib/python3.6/site-packages/airflow/example_dags/example_branch_python_dop_operator_3.py
[2022-02-12 13:58:32,800] {scheduler_job.py:633} INFO - Processing file /home/agalli/sandbox/lib/python3.6/site-packages/airflow/example_dags/example_branch_python_dop_operator_3.py for tasks to queue
[2022-02-12 13:58:32,801] {logging_mixin.py:104} INFO - [2022-02-12 13:58:32,801] {dagbag.py:487} INFO - Filling up the DagBag from /home/agalli/sandbox/lib/python3.6/site-packages/airflow/example_dags/example_branch_python_dop_operator_3.py
[2022-02-12 13:58:32,829] {scheduler_job.py:643} INFO - DAG(s) dict_keys(['example_branch_dop_operator_v3']) retrieved from /home/agalli/sandbox/lib/python3.6/site-packages/airflow/example_dags/example_branch_python_dop_operator_3.py
[2022-02-12 13:58:32,872] {logging_mixin.py:104} INFO - [2022-02-12 13:58:32,872] {dag.py:1832} INFO - Sync 1 DAGs
[2022-02-12 13:58:32,913] {logging_mixin.py:104} INFO - [2022-02-12 13:58:32,913] {dag.py:2305} INFO - Setting next_dagrun for example_branch_dop_operator_v3 to 2022-02-10 00:00:00+00:00
[2022-02-12 13:58:32,933] {scheduler_job.py:190} INFO - Processing /home/agalli/sandbox/lib/python3.6/site-packages/airflow/example_dags/example_branch_python_dop_operator_3.py took 0.143 seconds
[2022-02-12 13:59:03,316] {scheduler_job.py:182} INFO - Started process (PID=2723) to work on /home/agalli/sandbox/lib/python3.6/site-packages/airflow/example_dags/example_branch_python_dop_operator_3.py
[2022-02-12 13:59:03,317] {scheduler_job.py:633} INFO - Processing file /home/agalli/sandbox/lib/python3.6/site-packages/airflow/example_dags/example_branch_python_dop_operator_3.py for tasks to queue
[2022-02-12 13:59:03,318] {logging_mixin.py:104} INFO - [2022-02-12 13:59:03,318] {dagbag.py:487} INFO - Filling up the DagBag from /home/agalli/sandbox/lib/python3.6/site-packages/airflow/example_dags/example_branch_python_dop_operator_3.py
[2022-02-12 13:59:03,340] {scheduler_job.py:643} INFO - DAG(s) dict_keys(['example_branch_dop_operator_v3']) retrieved from /home/agalli/sandbox/lib/python3.6/site-packages/airflow/example_dags/example_branch_python_dop_operator_3.py
[2022-02-12 13:59:03,390] {logging_mixin.py:104} INFO - [2022-02-12 13:59:03,389] {dag.py:1832} INFO - Sync 1 DAGs
[2022-02-12 13:59:03,429] {logging_mixin.py:104} INFO - [2022-02-12 13:59:03,429] {dag.py:2305} INFO - Setting next_dagrun for example_branch_dop_operator_v3 to 2022-02-10 00:00:00+00:00
[2022-02-12 13:59:03,445] {scheduler_job.py:190} INFO - Processing /home/agalli/sandbox/lib/python3.6/site-packages/airflow/example_dags/example_branch_python_dop_operator_3.py took 0.134 seconds
[2022-02-12 13:59:33,517] {scheduler_job.py:182} INFO - Started process (PID=2923) to work on /home/agalli/sandbox/lib/python3.6/site-packages/airflow/example_dags/example_branch_python_dop_operator_3.py
[2022-02-12 13:59:33,520] {scheduler_job.py:633} INFO - Processing file /home/agalli/sandbox/lib/python3.6/site-packages/airflow/example_dags/example_branch_python_dop_operator_3.py for tasks to queue
[2022-02-12 13:59:33,521] {logging_mixin.py:104} INFO - [2022-02-12 13:59:33,521] {dagbag.py:487} INFO - Filling up the DagBag from /home/agalli/sandbox/lib/python3.6/site-packages/airflow/example_dags/example_branch_python_dop_operator_3.py
[2022-02-12 13:59:33,549] {scheduler_job.py:643} INFO - DAG(s) dict_keys(['example_branch_dop_operator_v3']) retrieved from /home/agalli/sandbox/lib/python3.6/site-packages/airflow/example_dags/example_branch_python_dop_operator_3.py
[2022-02-12 13:59:33,598] {logging_mixin.py:104} INFO - [2022-02-12 13:59:33,598] {dag.py:1832} INFO - Sync 1 DAGs
[2022-02-12 13:59:33,633] {logging_mixin.py:104} INFO - [2022-02-12 13:59:33,633] {dag.py:2305} INFO - Setting next_dagrun for example_branch_dop_operator_v3 to 2022-02-10 00:00:00+00:00
[2022-02-12 13:59:33,649] {scheduler_job.py:190} INFO - Processing /home/agalli/sandbox/lib/python3.6/site-packages/airflow/example_dags/example_branch_python_dop_operator_3.py took 0.136 seconds
[2022-02-12 14:00:05,558] {scheduler_job.py:182} INFO - Started process (PID=3188) to work on /home/agalli/sandbox/lib/python3.6/site-packages/airflow/example_dags/example_branch_python_dop_operator_3.py
[2022-02-12 14:00:05,560] {scheduler_job.py:633} INFO - Processing file /home/agalli/sandbox/lib/python3.6/site-packages/airflow/example_dags/example_branch_python_dop_operator_3.py for tasks to queue
[2022-02-12 14:00:05,561] {logging_mixin.py:104} INFO - [2022-02-12 14:00:05,561] {dagbag.py:487} INFO - Filling up the DagBag from /home/agalli/sandbox/lib/python3.6/site-packages/airflow/example_dags/example_branch_python_dop_operator_3.py
[2022-02-12 14:00:05,584] {scheduler_job.py:643} INFO - DAG(s) dict_keys(['example_branch_dop_operator_v3']) retrieved from /home/agalli/sandbox/lib/python3.6/site-packages/airflow/example_dags/example_branch_python_dop_operator_3.py
[2022-02-12 14:00:05,630] {logging_mixin.py:104} INFO - [2022-02-12 14:00:05,630] {dag.py:1832} INFO - Sync 1 DAGs
[2022-02-12 14:00:05,665] {logging_mixin.py:104} INFO - [2022-02-12 14:00:05,664] {dag.py:2305} INFO - Setting next_dagrun for example_branch_dop_operator_v3 to 2022-02-10 00:00:00+00:00
[2022-02-12 14:00:05,714] {scheduler_job.py:190} INFO - Processing /home/agalli/sandbox/lib/python3.6/site-packages/airflow/example_dags/example_branch_python_dop_operator_3.py took 0.163 seconds
[2022-02-12 14:00:36,975] {scheduler_job.py:182} INFO - Started process (PID=3570) to work on /home/agalli/sandbox/lib/python3.6/site-packages/airflow/example_dags/example_branch_python_dop_operator_3.py
[2022-02-12 14:00:36,982] {scheduler_job.py:633} INFO - Processing file /home/agalli/sandbox/lib/python3.6/site-packages/airflow/example_dags/example_branch_python_dop_operator_3.py for tasks to queue
[2022-02-12 14:00:36,984] {logging_mixin.py:104} INFO - [2022-02-12 14:00:36,983] {dagbag.py:487} INFO - Filling up the DagBag from /home/agalli/sandbox/lib/python3.6/site-packages/airflow/example_dags/example_branch_python_dop_operator_3.py
[2022-02-12 14:00:37,040] {scheduler_job.py:643} INFO - DAG(s) dict_keys(['example_branch_dop_operator_v3']) retrieved from /home/agalli/sandbox/lib/python3.6/site-packages/airflow/example_dags/example_branch_python_dop_operator_3.py
[2022-02-12 14:00:37,092] {logging_mixin.py:104} INFO - [2022-02-12 14:00:37,092] {dag.py:1832} INFO - Sync 1 DAGs
[2022-02-12 14:00:37,153] {logging_mixin.py:104} INFO - [2022-02-12 14:00:37,153] {dag.py:2305} INFO - Setting next_dagrun for example_branch_dop_operator_v3 to 2022-02-10 00:00:00+00:00
[2022-02-12 14:00:37,184] {scheduler_job.py:190} INFO - Processing /home/agalli/sandbox/lib/python3.6/site-packages/airflow/example_dags/example_branch_python_dop_operator_3.py took 0.233 seconds
[2022-02-12 14:01:13,163] {scheduler_job.py:182} INFO - Started process (PID=4393) to work on /home/agalli/sandbox/lib/python3.6/site-packages/airflow/example_dags/example_branch_python_dop_operator_3.py
[2022-02-12 14:01:13,172] {scheduler_job.py:633} INFO - Processing file /home/agalli/sandbox/lib/python3.6/site-packages/airflow/example_dags/example_branch_python_dop_operator_3.py for tasks to queue
[2022-02-12 14:01:13,175] {logging_mixin.py:104} INFO - [2022-02-12 14:01:13,175] {dagbag.py:487} INFO - Filling up the DagBag from /home/agalli/sandbox/lib/python3.6/site-packages/airflow/example_dags/example_branch_python_dop_operator_3.py
[2022-02-12 14:01:13,234] {scheduler_job.py:643} INFO - DAG(s) dict_keys(['example_branch_dop_operator_v3']) retrieved from /home/agalli/sandbox/lib/python3.6/site-packages/airflow/example_dags/example_branch_python_dop_operator_3.py
[2022-02-12 14:01:13,332] {logging_mixin.py:104} INFO - [2022-02-12 14:01:13,331] {dag.py:1832} INFO - Sync 1 DAGs
[2022-02-12 14:01:13,409] {logging_mixin.py:104} INFO - [2022-02-12 14:01:13,409] {dag.py:2305} INFO - Setting next_dagrun for example_branch_dop_operator_v3 to 2022-02-10 00:00:00+00:00
[2022-02-12 14:01:13,436] {scheduler_job.py:190} INFO - Processing /home/agalli/sandbox/lib/python3.6/site-packages/airflow/example_dags/example_branch_python_dop_operator_3.py took 0.289 seconds
[2022-02-12 14:01:44,214] {scheduler_job.py:182} INFO - Started process (PID=5460) to work on /home/agalli/sandbox/lib/python3.6/site-packages/airflow/example_dags/example_branch_python_dop_operator_3.py
[2022-02-12 14:01:44,217] {scheduler_job.py:633} INFO - Processing file /home/agalli/sandbox/lib/python3.6/site-packages/airflow/example_dags/example_branch_python_dop_operator_3.py for tasks to queue
[2022-02-12 14:01:44,219] {logging_mixin.py:104} INFO - [2022-02-12 14:01:44,218] {dagbag.py:487} INFO - Filling up the DagBag from /home/agalli/sandbox/lib/python3.6/site-packages/airflow/example_dags/example_branch_python_dop_operator_3.py
[2022-02-12 14:01:44,264] {scheduler_job.py:643} INFO - DAG(s) dict_keys(['example_branch_dop_operator_v3']) retrieved from /home/agalli/sandbox/lib/python3.6/site-packages/airflow/example_dags/example_branch_python_dop_operator_3.py
[2022-02-12 14:01:44,344] {logging_mixin.py:104} INFO - [2022-02-12 14:01:44,344] {dag.py:1832} INFO - Sync 1 DAGs
[2022-02-12 14:01:44,428] {logging_mixin.py:104} INFO - [2022-02-12 14:01:44,428] {dag.py:2305} INFO - Setting next_dagrun for example_branch_dop_operator_v3 to 2022-02-10 00:00:00+00:00
[2022-02-12 14:01:44,446] {scheduler_job.py:190} INFO - Processing /home/agalli/sandbox/lib/python3.6/site-packages/airflow/example_dags/example_branch_python_dop_operator_3.py took 0.249 seconds
[2022-02-12 14:02:14,996] {scheduler_job.py:182} INFO - Started process (PID=5658) to work on /home/agalli/sandbox/lib/python3.6/site-packages/airflow/example_dags/example_branch_python_dop_operator_3.py
[2022-02-12 14:02:14,997] {scheduler_job.py:633} INFO - Processing file /home/agalli/sandbox/lib/python3.6/site-packages/airflow/example_dags/example_branch_python_dop_operator_3.py for tasks to queue
[2022-02-12 14:02:14,998] {logging_mixin.py:104} INFO - [2022-02-12 14:02:14,998] {dagbag.py:487} INFO - Filling up the DagBag from /home/agalli/sandbox/lib/python3.6/site-packages/airflow/example_dags/example_branch_python_dop_operator_3.py
[2022-02-12 14:02:15,020] {scheduler_job.py:643} INFO - DAG(s) dict_keys(['example_branch_dop_operator_v3']) retrieved from /home/agalli/sandbox/lib/python3.6/site-packages/airflow/example_dags/example_branch_python_dop_operator_3.py
[2022-02-12 14:02:15,058] {logging_mixin.py:104} INFO - [2022-02-12 14:02:15,058] {dag.py:1832} INFO - Sync 1 DAGs
[2022-02-12 14:02:15,092] {logging_mixin.py:104} INFO - [2022-02-12 14:02:15,092] {dag.py:2305} INFO - Setting next_dagrun for example_branch_dop_operator_v3 to 2022-02-10 00:00:00+00:00
[2022-02-12 14:02:15,113] {scheduler_job.py:190} INFO - Processing /home/agalli/sandbox/lib/python3.6/site-packages/airflow/example_dags/example_branch_python_dop_operator_3.py took 0.121 seconds
[2022-02-12 14:02:45,584] {scheduler_job.py:182} INFO - Started process (PID=5982) to work on /home/agalli/sandbox/lib/python3.6/site-packages/airflow/example_dags/example_branch_python_dop_operator_3.py
[2022-02-12 14:02:45,589] {scheduler_job.py:633} INFO - Processing file /home/agalli/sandbox/lib/python3.6/site-packages/airflow/example_dags/example_branch_python_dop_operator_3.py for tasks to queue
[2022-02-12 14:02:45,592] {logging_mixin.py:104} INFO - [2022-02-12 14:02:45,591] {dagbag.py:487} INFO - Filling up the DagBag from /home/agalli/sandbox/lib/python3.6/site-packages/airflow/example_dags/example_branch_python_dop_operator_3.py
[2022-02-12 14:02:45,643] {scheduler_job.py:643} INFO - DAG(s) dict_keys(['example_branch_dop_operator_v3']) retrieved from /home/agalli/sandbox/lib/python3.6/site-packages/airflow/example_dags/example_branch_python_dop_operator_3.py
[2022-02-12 14:02:45,713] {logging_mixin.py:104} INFO - [2022-02-12 14:02:45,713] {dag.py:1832} INFO - Sync 1 DAGs
[2022-02-12 14:02:45,786] {logging_mixin.py:104} INFO - [2022-02-12 14:02:45,785] {dag.py:2305} INFO - Setting next_dagrun for example_branch_dop_operator_v3 to 2022-02-10 00:00:00+00:00
[2022-02-12 14:02:45,834] {scheduler_job.py:190} INFO - Processing /home/agalli/sandbox/lib/python3.6/site-packages/airflow/example_dags/example_branch_python_dop_operator_3.py took 0.260 seconds
[2022-02-12 14:20:20,739] {scheduler_job.py:182} INFO - Started process (PID=7160) to work on /home/agalli/sandbox/lib/python3.6/site-packages/airflow/example_dags/example_branch_python_dop_operator_3.py
[2022-02-12 14:20:20,740] {scheduler_job.py:633} INFO - Processing file /home/agalli/sandbox/lib/python3.6/site-packages/airflow/example_dags/example_branch_python_dop_operator_3.py for tasks to queue
[2022-02-12 14:20:20,741] {logging_mixin.py:104} INFO - [2022-02-12 14:20:20,741] {dagbag.py:487} INFO - Filling up the DagBag from /home/agalli/sandbox/lib/python3.6/site-packages/airflow/example_dags/example_branch_python_dop_operator_3.py
[2022-02-12 14:20:20,760] {scheduler_job.py:643} INFO - DAG(s) dict_keys(['example_branch_dop_operator_v3']) retrieved from /home/agalli/sandbox/lib/python3.6/site-packages/airflow/example_dags/example_branch_python_dop_operator_3.py
[2022-02-12 14:20:20,804] {logging_mixin.py:104} INFO - [2022-02-12 14:20:20,804] {dag.py:1832} INFO - Sync 1 DAGs
[2022-02-12 14:20:20,833] {logging_mixin.py:104} INFO - [2022-02-12 14:20:20,833] {dag.py:2305} INFO - Setting next_dagrun for example_branch_dop_operator_v3 to 2022-02-10 00:00:00+00:00
[2022-02-12 14:20:20,850] {scheduler_job.py:190} INFO - Processing /home/agalli/sandbox/lib/python3.6/site-packages/airflow/example_dags/example_branch_python_dop_operator_3.py took 0.115 seconds
[2022-02-12 14:20:51,267] {scheduler_job.py:182} INFO - Started process (PID=7364) to work on /home/agalli/sandbox/lib/python3.6/site-packages/airflow/example_dags/example_branch_python_dop_operator_3.py
[2022-02-12 14:20:51,268] {scheduler_job.py:633} INFO - Processing file /home/agalli/sandbox/lib/python3.6/site-packages/airflow/example_dags/example_branch_python_dop_operator_3.py for tasks to queue
[2022-02-12 14:20:51,269] {logging_mixin.py:104} INFO - [2022-02-12 14:20:51,269] {dagbag.py:487} INFO - Filling up the DagBag from /home/agalli/sandbox/lib/python3.6/site-packages/airflow/example_dags/example_branch_python_dop_operator_3.py
[2022-02-12 14:20:51,291] {scheduler_job.py:643} INFO - DAG(s) dict_keys(['example_branch_dop_operator_v3']) retrieved from /home/agalli/sandbox/lib/python3.6/site-packages/airflow/example_dags/example_branch_python_dop_operator_3.py
[2022-02-12 14:20:51,331] {logging_mixin.py:104} INFO - [2022-02-12 14:20:51,330] {dag.py:1832} INFO - Sync 1 DAGs
[2022-02-12 14:20:51,358] {logging_mixin.py:104} INFO - [2022-02-12 14:20:51,358] {dag.py:2305} INFO - Setting next_dagrun for example_branch_dop_operator_v3 to 2022-02-10 00:00:00+00:00
[2022-02-12 14:20:51,373] {scheduler_job.py:190} INFO - Processing /home/agalli/sandbox/lib/python3.6/site-packages/airflow/example_dags/example_branch_python_dop_operator_3.py took 0.111 seconds
[2022-02-12 14:21:22,497] {scheduler_job.py:182} INFO - Started process (PID=7564) to work on /home/agalli/sandbox/lib/python3.6/site-packages/airflow/example_dags/example_branch_python_dop_operator_3.py
[2022-02-12 14:21:22,498] {scheduler_job.py:633} INFO - Processing file /home/agalli/sandbox/lib/python3.6/site-packages/airflow/example_dags/example_branch_python_dop_operator_3.py for tasks to queue
[2022-02-12 14:21:22,502] {logging_mixin.py:104} INFO - [2022-02-12 14:21:22,501] {dagbag.py:487} INFO - Filling up the DagBag from /home/agalli/sandbox/lib/python3.6/site-packages/airflow/example_dags/example_branch_python_dop_operator_3.py
[2022-02-12 14:21:22,519] {scheduler_job.py:643} INFO - DAG(s) dict_keys(['example_branch_dop_operator_v3']) retrieved from /home/agalli/sandbox/lib/python3.6/site-packages/airflow/example_dags/example_branch_python_dop_operator_3.py
[2022-02-12 14:21:22,575] {logging_mixin.py:104} INFO - [2022-02-12 14:21:22,574] {dag.py:1832} INFO - Sync 1 DAGs
[2022-02-12 14:21:22,610] {logging_mixin.py:104} INFO - [2022-02-12 14:21:22,610] {dag.py:2305} INFO - Setting next_dagrun for example_branch_dop_operator_v3 to 2022-02-10 00:00:00+00:00
[2022-02-12 14:21:22,627] {scheduler_job.py:190} INFO - Processing /home/agalli/sandbox/lib/python3.6/site-packages/airflow/example_dags/example_branch_python_dop_operator_3.py took 0.137 seconds
[2022-02-12 14:21:52,904] {scheduler_job.py:182} INFO - Started process (PID=7766) to work on /home/agalli/sandbox/lib/python3.6/site-packages/airflow/example_dags/example_branch_python_dop_operator_3.py
[2022-02-12 14:21:52,906] {scheduler_job.py:633} INFO - Processing file /home/agalli/sandbox/lib/python3.6/site-packages/airflow/example_dags/example_branch_python_dop_operator_3.py for tasks to queue
[2022-02-12 14:21:52,907] {logging_mixin.py:104} INFO - [2022-02-12 14:21:52,906] {dagbag.py:487} INFO - Filling up the DagBag from /home/agalli/sandbox/lib/python3.6/site-packages/airflow/example_dags/example_branch_python_dop_operator_3.py
[2022-02-12 14:21:52,922] {scheduler_job.py:643} INFO - DAG(s) dict_keys(['example_branch_dop_operator_v3']) retrieved from /home/agalli/sandbox/lib/python3.6/site-packages/airflow/example_dags/example_branch_python_dop_operator_3.py
[2022-02-12 14:21:52,955] {logging_mixin.py:104} INFO - [2022-02-12 14:21:52,955] {dag.py:1832} INFO - Sync 1 DAGs
[2022-02-12 14:21:52,983] {logging_mixin.py:104} INFO - [2022-02-12 14:21:52,982] {dag.py:2305} INFO - Setting next_dagrun for example_branch_dop_operator_v3 to 2022-02-10 00:00:00+00:00
[2022-02-12 14:21:52,995] {scheduler_job.py:190} INFO - Processing /home/agalli/sandbox/lib/python3.6/site-packages/airflow/example_dags/example_branch_python_dop_operator_3.py took 0.095 seconds
[2022-02-12 14:22:23,582] {scheduler_job.py:182} INFO - Started process (PID=7970) to work on /home/agalli/sandbox/lib/python3.6/site-packages/airflow/example_dags/example_branch_python_dop_operator_3.py
[2022-02-12 14:22:23,583] {scheduler_job.py:633} INFO - Processing file /home/agalli/sandbox/lib/python3.6/site-packages/airflow/example_dags/example_branch_python_dop_operator_3.py for tasks to queue
[2022-02-12 14:22:23,584] {logging_mixin.py:104} INFO - [2022-02-12 14:22:23,584] {dagbag.py:487} INFO - Filling up the DagBag from /home/agalli/sandbox/lib/python3.6/site-packages/airflow/example_dags/example_branch_python_dop_operator_3.py
[2022-02-12 14:22:23,597] {scheduler_job.py:643} INFO - DAG(s) dict_keys(['example_branch_dop_operator_v3']) retrieved from /home/agalli/sandbox/lib/python3.6/site-packages/airflow/example_dags/example_branch_python_dop_operator_3.py
[2022-02-12 14:22:23,625] {logging_mixin.py:104} INFO - [2022-02-12 14:22:23,625] {dag.py:1832} INFO - Sync 1 DAGs
[2022-02-12 14:22:23,647] {logging_mixin.py:104} INFO - [2022-02-12 14:22:23,647] {dag.py:2305} INFO - Setting next_dagrun for example_branch_dop_operator_v3 to 2022-02-10 00:00:00+00:00
[2022-02-12 14:22:23,660] {scheduler_job.py:190} INFO - Processing /home/agalli/sandbox/lib/python3.6/site-packages/airflow/example_dags/example_branch_python_dop_operator_3.py took 0.081 seconds
[2022-02-12 14:22:54,856] {scheduler_job.py:182} INFO - Started process (PID=8173) to work on /home/agalli/sandbox/lib/python3.6/site-packages/airflow/example_dags/example_branch_python_dop_operator_3.py
[2022-02-12 14:22:54,857] {scheduler_job.py:633} INFO - Processing file /home/agalli/sandbox/lib/python3.6/site-packages/airflow/example_dags/example_branch_python_dop_operator_3.py for tasks to queue
[2022-02-12 14:22:54,858] {logging_mixin.py:104} INFO - [2022-02-12 14:22:54,858] {dagbag.py:487} INFO - Filling up the DagBag from /home/agalli/sandbox/lib/python3.6/site-packages/airflow/example_dags/example_branch_python_dop_operator_3.py
[2022-02-12 14:22:54,877] {scheduler_job.py:643} INFO - DAG(s) dict_keys(['example_branch_dop_operator_v3']) retrieved from /home/agalli/sandbox/lib/python3.6/site-packages/airflow/example_dags/example_branch_python_dop_operator_3.py
[2022-02-12 14:22:54,912] {logging_mixin.py:104} INFO - [2022-02-12 14:22:54,912] {dag.py:1832} INFO - Sync 1 DAGs
[2022-02-12 14:22:54,949] {logging_mixin.py:104} INFO - [2022-02-12 14:22:54,949] {dag.py:2305} INFO - Setting next_dagrun for example_branch_dop_operator_v3 to 2022-02-10 00:00:00+00:00
[2022-02-12 14:22:54,963] {scheduler_job.py:190} INFO - Processing /home/agalli/sandbox/lib/python3.6/site-packages/airflow/example_dags/example_branch_python_dop_operator_3.py took 0.111 seconds
[2022-02-12 14:23:26,677] {scheduler_job.py:182} INFO - Started process (PID=8373) to work on /home/agalli/sandbox/lib/python3.6/site-packages/airflow/example_dags/example_branch_python_dop_operator_3.py
[2022-02-12 14:23:26,679] {scheduler_job.py:633} INFO - Processing file /home/agalli/sandbox/lib/python3.6/site-packages/airflow/example_dags/example_branch_python_dop_operator_3.py for tasks to queue
[2022-02-12 14:23:26,680] {logging_mixin.py:104} INFO - [2022-02-12 14:23:26,680] {dagbag.py:487} INFO - Filling up the DagBag from /home/agalli/sandbox/lib/python3.6/site-packages/airflow/example_dags/example_branch_python_dop_operator_3.py
[2022-02-12 14:23:26,710] {scheduler_job.py:643} INFO - DAG(s) dict_keys(['example_branch_dop_operator_v3']) retrieved from /home/agalli/sandbox/lib/python3.6/site-packages/airflow/example_dags/example_branch_python_dop_operator_3.py
[2022-02-12 14:23:26,748] {logging_mixin.py:104} INFO - [2022-02-12 14:23:26,748] {dag.py:1832} INFO - Sync 1 DAGs
[2022-02-12 14:23:26,780] {logging_mixin.py:104} INFO - [2022-02-12 14:23:26,780] {dag.py:2305} INFO - Setting next_dagrun for example_branch_dop_operator_v3 to 2022-02-10 00:00:00+00:00
[2022-02-12 14:23:26,796] {scheduler_job.py:190} INFO - Processing /home/agalli/sandbox/lib/python3.6/site-packages/airflow/example_dags/example_branch_python_dop_operator_3.py took 0.123 seconds
[2022-02-12 14:23:57,588] {scheduler_job.py:182} INFO - Started process (PID=8575) to work on /home/agalli/sandbox/lib/python3.6/site-packages/airflow/example_dags/example_branch_python_dop_operator_3.py
[2022-02-12 14:23:57,589] {scheduler_job.py:633} INFO - Processing file /home/agalli/sandbox/lib/python3.6/site-packages/airflow/example_dags/example_branch_python_dop_operator_3.py for tasks to queue
[2022-02-12 14:23:57,590] {logging_mixin.py:104} INFO - [2022-02-12 14:23:57,590] {dagbag.py:487} INFO - Filling up the DagBag from /home/agalli/sandbox/lib/python3.6/site-packages/airflow/example_dags/example_branch_python_dop_operator_3.py
[2022-02-12 14:23:57,607] {scheduler_job.py:643} INFO - DAG(s) dict_keys(['example_branch_dop_operator_v3']) retrieved from /home/agalli/sandbox/lib/python3.6/site-packages/airflow/example_dags/example_branch_python_dop_operator_3.py
[2022-02-12 14:23:57,635] {logging_mixin.py:104} INFO - [2022-02-12 14:23:57,635] {dag.py:1832} INFO - Sync 1 DAGs
[2022-02-12 14:23:57,659] {logging_mixin.py:104} INFO - [2022-02-12 14:23:57,658] {dag.py:2305} INFO - Setting next_dagrun for example_branch_dop_operator_v3 to 2022-02-10 00:00:00+00:00
[2022-02-12 14:23:57,671] {scheduler_job.py:190} INFO - Processing /home/agalli/sandbox/lib/python3.6/site-packages/airflow/example_dags/example_branch_python_dop_operator_3.py took 0.088 seconds
[2022-02-12 14:24:30,046] {scheduler_job.py:182} INFO - Started process (PID=8777) to work on /home/agalli/sandbox/lib/python3.6/site-packages/airflow/example_dags/example_branch_python_dop_operator_3.py
[2022-02-12 14:24:30,049] {scheduler_job.py:633} INFO - Processing file /home/agalli/sandbox/lib/python3.6/site-packages/airflow/example_dags/example_branch_python_dop_operator_3.py for tasks to queue
[2022-02-12 14:24:30,052] {logging_mixin.py:104} INFO - [2022-02-12 14:24:30,052] {dagbag.py:487} INFO - Filling up the DagBag from /home/agalli/sandbox/lib/python3.6/site-packages/airflow/example_dags/example_branch_python_dop_operator_3.py
[2022-02-12 14:24:30,088] {scheduler_job.py:643} INFO - DAG(s) dict_keys(['example_branch_dop_operator_v3']) retrieved from /home/agalli/sandbox/lib/python3.6/site-packages/airflow/example_dags/example_branch_python_dop_operator_3.py
[2022-02-12 14:24:30,155] {logging_mixin.py:104} INFO - [2022-02-12 14:24:30,155] {dag.py:1832} INFO - Sync 1 DAGs
[2022-02-12 14:24:30,192] {logging_mixin.py:104} INFO - [2022-02-12 14:24:30,192] {dag.py:2305} INFO - Setting next_dagrun for example_branch_dop_operator_v3 to 2022-02-10 00:00:00+00:00
[2022-02-12 14:24:30,214] {scheduler_job.py:190} INFO - Processing /home/agalli/sandbox/lib/python3.6/site-packages/airflow/example_dags/example_branch_python_dop_operator_3.py took 0.176 seconds
[2022-02-12 14:25:01,831] {scheduler_job.py:182} INFO - Started process (PID=8979) to work on /home/agalli/sandbox/lib/python3.6/site-packages/airflow/example_dags/example_branch_python_dop_operator_3.py
[2022-02-12 14:25:01,832] {scheduler_job.py:633} INFO - Processing file /home/agalli/sandbox/lib/python3.6/site-packages/airflow/example_dags/example_branch_python_dop_operator_3.py for tasks to queue
[2022-02-12 14:25:01,833] {logging_mixin.py:104} INFO - [2022-02-12 14:25:01,833] {dagbag.py:487} INFO - Filling up the DagBag from /home/agalli/sandbox/lib/python3.6/site-packages/airflow/example_dags/example_branch_python_dop_operator_3.py
[2022-02-12 14:25:01,858] {scheduler_job.py:643} INFO - DAG(s) dict_keys(['example_branch_dop_operator_v3']) retrieved from /home/agalli/sandbox/lib/python3.6/site-packages/airflow/example_dags/example_branch_python_dop_operator_3.py
[2022-02-12 14:25:01,896] {logging_mixin.py:104} INFO - [2022-02-12 14:25:01,896] {dag.py:1832} INFO - Sync 1 DAGs
[2022-02-12 14:25:01,946] {logging_mixin.py:104} INFO - [2022-02-12 14:25:01,945] {dag.py:2305} INFO - Setting next_dagrun for example_branch_dop_operator_v3 to 2022-02-10 00:00:00+00:00
[2022-02-12 14:25:02,024] {scheduler_job.py:190} INFO - Processing /home/agalli/sandbox/lib/python3.6/site-packages/airflow/example_dags/example_branch_python_dop_operator_3.py took 0.199 seconds
[2022-02-12 14:25:32,647] {scheduler_job.py:182} INFO - Started process (PID=9300) to work on /home/agalli/sandbox/lib/python3.6/site-packages/airflow/example_dags/example_branch_python_dop_operator_3.py
[2022-02-12 14:25:32,648] {scheduler_job.py:633} INFO - Processing file /home/agalli/sandbox/lib/python3.6/site-packages/airflow/example_dags/example_branch_python_dop_operator_3.py for tasks to queue
[2022-02-12 14:25:32,649] {logging_mixin.py:104} INFO - [2022-02-12 14:25:32,649] {dagbag.py:487} INFO - Filling up the DagBag from /home/agalli/sandbox/lib/python3.6/site-packages/airflow/example_dags/example_branch_python_dop_operator_3.py
[2022-02-12 14:25:32,678] {scheduler_job.py:643} INFO - DAG(s) dict_keys(['example_branch_dop_operator_v3']) retrieved from /home/agalli/sandbox/lib/python3.6/site-packages/airflow/example_dags/example_branch_python_dop_operator_3.py
[2022-02-12 14:25:32,715] {logging_mixin.py:104} INFO - [2022-02-12 14:25:32,715] {dag.py:1832} INFO - Sync 1 DAGs
[2022-02-12 14:25:32,760] {logging_mixin.py:104} INFO - [2022-02-12 14:25:32,760] {dag.py:2305} INFO - Setting next_dagrun for example_branch_dop_operator_v3 to 2022-02-10 00:00:00+00:00
[2022-02-12 14:25:32,781] {scheduler_job.py:190} INFO - Processing /home/agalli/sandbox/lib/python3.6/site-packages/airflow/example_dags/example_branch_python_dop_operator_3.py took 0.138 seconds
[2022-02-12 14:26:03,523] {scheduler_job.py:182} INFO - Started process (PID=9502) to work on /home/agalli/sandbox/lib/python3.6/site-packages/airflow/example_dags/example_branch_python_dop_operator_3.py
[2022-02-12 14:26:03,527] {scheduler_job.py:633} INFO - Processing file /home/agalli/sandbox/lib/python3.6/site-packages/airflow/example_dags/example_branch_python_dop_operator_3.py for tasks to queue
[2022-02-12 14:26:03,527] {logging_mixin.py:104} INFO - [2022-02-12 14:26:03,527] {dagbag.py:487} INFO - Filling up the DagBag from /home/agalli/sandbox/lib/python3.6/site-packages/airflow/example_dags/example_branch_python_dop_operator_3.py
[2022-02-12 14:26:03,547] {scheduler_job.py:643} INFO - DAG(s) dict_keys(['example_branch_dop_operator_v3']) retrieved from /home/agalli/sandbox/lib/python3.6/site-packages/airflow/example_dags/example_branch_python_dop_operator_3.py
[2022-02-12 14:26:03,599] {logging_mixin.py:104} INFO - [2022-02-12 14:26:03,599] {dag.py:1832} INFO - Sync 1 DAGs
[2022-02-12 14:26:03,657] {logging_mixin.py:104} INFO - [2022-02-12 14:26:03,657] {dag.py:2305} INFO - Setting next_dagrun for example_branch_dop_operator_v3 to 2022-02-10 00:00:00+00:00
[2022-02-12 14:26:03,675] {scheduler_job.py:190} INFO - Processing /home/agalli/sandbox/lib/python3.6/site-packages/airflow/example_dags/example_branch_python_dop_operator_3.py took 0.157 seconds
[2022-02-12 14:26:34,737] {scheduler_job.py:182} INFO - Started process (PID=9703) to work on /home/agalli/sandbox/lib/python3.6/site-packages/airflow/example_dags/example_branch_python_dop_operator_3.py
[2022-02-12 14:26:34,738] {scheduler_job.py:633} INFO - Processing file /home/agalli/sandbox/lib/python3.6/site-packages/airflow/example_dags/example_branch_python_dop_operator_3.py for tasks to queue
[2022-02-12 14:26:34,739] {logging_mixin.py:104} INFO - [2022-02-12 14:26:34,739] {dagbag.py:487} INFO - Filling up the DagBag from /home/agalli/sandbox/lib/python3.6/site-packages/airflow/example_dags/example_branch_python_dop_operator_3.py
[2022-02-12 14:26:34,756] {scheduler_job.py:643} INFO - DAG(s) dict_keys(['example_branch_dop_operator_v3']) retrieved from /home/agalli/sandbox/lib/python3.6/site-packages/airflow/example_dags/example_branch_python_dop_operator_3.py
[2022-02-12 14:26:34,789] {logging_mixin.py:104} INFO - [2022-02-12 14:26:34,789] {dag.py:1832} INFO - Sync 1 DAGs
[2022-02-12 14:26:34,825] {logging_mixin.py:104} INFO - [2022-02-12 14:26:34,825] {dag.py:2305} INFO - Setting next_dagrun for example_branch_dop_operator_v3 to 2022-02-10 00:00:00+00:00
[2022-02-12 14:26:34,841] {scheduler_job.py:190} INFO - Processing /home/agalli/sandbox/lib/python3.6/site-packages/airflow/example_dags/example_branch_python_dop_operator_3.py took 0.108 seconds
[2022-02-12 14:27:05,751] {scheduler_job.py:182} INFO - Started process (PID=9907) to work on /home/agalli/sandbox/lib/python3.6/site-packages/airflow/example_dags/example_branch_python_dop_operator_3.py
[2022-02-12 14:27:05,753] {scheduler_job.py:633} INFO - Processing file /home/agalli/sandbox/lib/python3.6/site-packages/airflow/example_dags/example_branch_python_dop_operator_3.py for tasks to queue
[2022-02-12 14:27:05,754] {logging_mixin.py:104} INFO - [2022-02-12 14:27:05,754] {dagbag.py:487} INFO - Filling up the DagBag from /home/agalli/sandbox/lib/python3.6/site-packages/airflow/example_dags/example_branch_python_dop_operator_3.py
[2022-02-12 14:27:05,773] {scheduler_job.py:643} INFO - DAG(s) dict_keys(['example_branch_dop_operator_v3']) retrieved from /home/agalli/sandbox/lib/python3.6/site-packages/airflow/example_dags/example_branch_python_dop_operator_3.py
[2022-02-12 14:27:05,803] {logging_mixin.py:104} INFO - [2022-02-12 14:27:05,803] {dag.py:1832} INFO - Sync 1 DAGs
[2022-02-12 14:27:05,830] {logging_mixin.py:104} INFO - [2022-02-12 14:27:05,830] {dag.py:2305} INFO - Setting next_dagrun for example_branch_dop_operator_v3 to 2022-02-10 00:00:00+00:00
[2022-02-12 14:27:05,846] {scheduler_job.py:190} INFO - Processing /home/agalli/sandbox/lib/python3.6/site-packages/airflow/example_dags/example_branch_python_dop_operator_3.py took 0.101 seconds
[2022-02-12 14:27:36,204] {scheduler_job.py:182} INFO - Started process (PID=10111) to work on /home/agalli/sandbox/lib/python3.6/site-packages/airflow/example_dags/example_branch_python_dop_operator_3.py
[2022-02-12 14:27:36,209] {scheduler_job.py:633} INFO - Processing file /home/agalli/sandbox/lib/python3.6/site-packages/airflow/example_dags/example_branch_python_dop_operator_3.py for tasks to queue
[2022-02-12 14:27:36,210] {logging_mixin.py:104} INFO - [2022-02-12 14:27:36,210] {dagbag.py:487} INFO - Filling up the DagBag from /home/agalli/sandbox/lib/python3.6/site-packages/airflow/example_dags/example_branch_python_dop_operator_3.py
[2022-02-12 14:27:36,250] {scheduler_job.py:643} INFO - DAG(s) dict_keys(['example_branch_dop_operator_v3']) retrieved from /home/agalli/sandbox/lib/python3.6/site-packages/airflow/example_dags/example_branch_python_dop_operator_3.py
[2022-02-12 14:27:36,284] {logging_mixin.py:104} INFO - [2022-02-12 14:27:36,283] {dag.py:1832} INFO - Sync 1 DAGs
[2022-02-12 14:27:36,314] {logging_mixin.py:104} INFO - [2022-02-12 14:27:36,314] {dag.py:2305} INFO - Setting next_dagrun for example_branch_dop_operator_v3 to 2022-02-10 00:00:00+00:00
[2022-02-12 14:27:36,332] {scheduler_job.py:190} INFO - Processing /home/agalli/sandbox/lib/python3.6/site-packages/airflow/example_dags/example_branch_python_dop_operator_3.py took 0.139 seconds
[2022-02-12 14:28:07,316] {scheduler_job.py:182} INFO - Started process (PID=10314) to work on /home/agalli/sandbox/lib/python3.6/site-packages/airflow/example_dags/example_branch_python_dop_operator_3.py
[2022-02-12 14:28:07,317] {scheduler_job.py:633} INFO - Processing file /home/agalli/sandbox/lib/python3.6/site-packages/airflow/example_dags/example_branch_python_dop_operator_3.py for tasks to queue
[2022-02-12 14:28:07,317] {logging_mixin.py:104} INFO - [2022-02-12 14:28:07,317] {dagbag.py:487} INFO - Filling up the DagBag from /home/agalli/sandbox/lib/python3.6/site-packages/airflow/example_dags/example_branch_python_dop_operator_3.py
[2022-02-12 14:28:07,331] {scheduler_job.py:643} INFO - DAG(s) dict_keys(['example_branch_dop_operator_v3']) retrieved from /home/agalli/sandbox/lib/python3.6/site-packages/airflow/example_dags/example_branch_python_dop_operator_3.py
[2022-02-12 14:28:07,359] {logging_mixin.py:104} INFO - [2022-02-12 14:28:07,358] {dag.py:1832} INFO - Sync 1 DAGs
[2022-02-12 14:28:07,381] {logging_mixin.py:104} INFO - [2022-02-12 14:28:07,381] {dag.py:2305} INFO - Setting next_dagrun for example_branch_dop_operator_v3 to 2022-02-10 00:00:00+00:00
[2022-02-12 14:28:07,393] {scheduler_job.py:190} INFO - Processing /home/agalli/sandbox/lib/python3.6/site-packages/airflow/example_dags/example_branch_python_dop_operator_3.py took 0.081 seconds
[2022-02-12 14:28:38,060] {scheduler_job.py:182} INFO - Started process (PID=10514) to work on /home/agalli/sandbox/lib/python3.6/site-packages/airflow/example_dags/example_branch_python_dop_operator_3.py
[2022-02-12 14:28:38,062] {scheduler_job.py:633} INFO - Processing file /home/agalli/sandbox/lib/python3.6/site-packages/airflow/example_dags/example_branch_python_dop_operator_3.py for tasks to queue
[2022-02-12 14:28:38,063] {logging_mixin.py:104} INFO - [2022-02-12 14:28:38,062] {dagbag.py:487} INFO - Filling up the DagBag from /home/agalli/sandbox/lib/python3.6/site-packages/airflow/example_dags/example_branch_python_dop_operator_3.py
[2022-02-12 14:28:38,084] {scheduler_job.py:643} INFO - DAG(s) dict_keys(['example_branch_dop_operator_v3']) retrieved from /home/agalli/sandbox/lib/python3.6/site-packages/airflow/example_dags/example_branch_python_dop_operator_3.py
[2022-02-12 14:28:38,114] {logging_mixin.py:104} INFO - [2022-02-12 14:28:38,114] {dag.py:1832} INFO - Sync 1 DAGs
[2022-02-12 14:28:38,143] {logging_mixin.py:104} INFO - [2022-02-12 14:28:38,143] {dag.py:2305} INFO - Setting next_dagrun for example_branch_dop_operator_v3 to 2022-02-10 00:00:00+00:00
[2022-02-12 14:28:38,155] {scheduler_job.py:190} INFO - Processing /home/agalli/sandbox/lib/python3.6/site-packages/airflow/example_dags/example_branch_python_dop_operator_3.py took 0.101 seconds
[2022-02-12 14:29:08,771] {scheduler_job.py:182} INFO - Started process (PID=10718) to work on /home/agalli/sandbox/lib/python3.6/site-packages/airflow/example_dags/example_branch_python_dop_operator_3.py
[2022-02-12 14:29:08,773] {scheduler_job.py:633} INFO - Processing file /home/agalli/sandbox/lib/python3.6/site-packages/airflow/example_dags/example_branch_python_dop_operator_3.py for tasks to queue
[2022-02-12 14:29:08,777] {logging_mixin.py:104} INFO - [2022-02-12 14:29:08,776] {dagbag.py:487} INFO - Filling up the DagBag from /home/agalli/sandbox/lib/python3.6/site-packages/airflow/example_dags/example_branch_python_dop_operator_3.py
[2022-02-12 14:29:08,793] {scheduler_job.py:643} INFO - DAG(s) dict_keys(['example_branch_dop_operator_v3']) retrieved from /home/agalli/sandbox/lib/python3.6/site-packages/airflow/example_dags/example_branch_python_dop_operator_3.py
[2022-02-12 14:29:08,825] {logging_mixin.py:104} INFO - [2022-02-12 14:29:08,824] {dag.py:1832} INFO - Sync 1 DAGs
[2022-02-12 14:29:08,856] {logging_mixin.py:104} INFO - [2022-02-12 14:29:08,856] {dag.py:2305} INFO - Setting next_dagrun for example_branch_dop_operator_v3 to 2022-02-10 00:00:00+00:00
[2022-02-12 14:29:08,875] {scheduler_job.py:190} INFO - Processing /home/agalli/sandbox/lib/python3.6/site-packages/airflow/example_dags/example_branch_python_dop_operator_3.py took 0.108 seconds
[2022-02-12 14:29:39,429] {scheduler_job.py:182} INFO - Started process (PID=10920) to work on /home/agalli/sandbox/lib/python3.6/site-packages/airflow/example_dags/example_branch_python_dop_operator_3.py
[2022-02-12 14:29:39,431] {scheduler_job.py:633} INFO - Processing file /home/agalli/sandbox/lib/python3.6/site-packages/airflow/example_dags/example_branch_python_dop_operator_3.py for tasks to queue
[2022-02-12 14:29:39,431] {logging_mixin.py:104} INFO - [2022-02-12 14:29:39,431] {dagbag.py:487} INFO - Filling up the DagBag from /home/agalli/sandbox/lib/python3.6/site-packages/airflow/example_dags/example_branch_python_dop_operator_3.py
[2022-02-12 14:29:39,453] {scheduler_job.py:643} INFO - DAG(s) dict_keys(['example_branch_dop_operator_v3']) retrieved from /home/agalli/sandbox/lib/python3.6/site-packages/airflow/example_dags/example_branch_python_dop_operator_3.py
[2022-02-12 14:29:39,483] {logging_mixin.py:104} INFO - [2022-02-12 14:29:39,483] {dag.py:1832} INFO - Sync 1 DAGs
[2022-02-12 14:29:39,508] {logging_mixin.py:104} INFO - [2022-02-12 14:29:39,507] {dag.py:2305} INFO - Setting next_dagrun for example_branch_dop_operator_v3 to 2022-02-10 00:00:00+00:00
[2022-02-12 14:29:39,521] {scheduler_job.py:190} INFO - Processing /home/agalli/sandbox/lib/python3.6/site-packages/airflow/example_dags/example_branch_python_dop_operator_3.py took 0.096 seconds
[2022-02-12 14:30:11,023] {scheduler_job.py:182} INFO - Started process (PID=11120) to work on /home/agalli/sandbox/lib/python3.6/site-packages/airflow/example_dags/example_branch_python_dop_operator_3.py
[2022-02-12 14:30:11,024] {scheduler_job.py:633} INFO - Processing file /home/agalli/sandbox/lib/python3.6/site-packages/airflow/example_dags/example_branch_python_dop_operator_3.py for tasks to queue
[2022-02-12 14:30:11,026] {logging_mixin.py:104} INFO - [2022-02-12 14:30:11,025] {dagbag.py:487} INFO - Filling up the DagBag from /home/agalli/sandbox/lib/python3.6/site-packages/airflow/example_dags/example_branch_python_dop_operator_3.py
[2022-02-12 14:30:11,052] {scheduler_job.py:643} INFO - DAG(s) dict_keys(['example_branch_dop_operator_v3']) retrieved from /home/agalli/sandbox/lib/python3.6/site-packages/airflow/example_dags/example_branch_python_dop_operator_3.py
[2022-02-12 14:30:11,088] {logging_mixin.py:104} INFO - [2022-02-12 14:30:11,088] {dag.py:1832} INFO - Sync 1 DAGs
[2022-02-12 14:30:11,122] {logging_mixin.py:104} INFO - [2022-02-12 14:30:11,122] {dag.py:2305} INFO - Setting next_dagrun for example_branch_dop_operator_v3 to 2022-02-10 00:00:00+00:00
[2022-02-12 14:30:11,138] {scheduler_job.py:190} INFO - Processing /home/agalli/sandbox/lib/python3.6/site-packages/airflow/example_dags/example_branch_python_dop_operator_3.py took 0.126 seconds
[2022-02-12 14:52:22,247] {scheduler_job.py:182} INFO - Started process (PID=14489) to work on /home/agalli/sandbox/lib/python3.6/site-packages/airflow/example_dags/example_branch_python_dop_operator_3.py
[2022-02-12 14:52:22,250] {scheduler_job.py:633} INFO - Processing file /home/agalli/sandbox/lib/python3.6/site-packages/airflow/example_dags/example_branch_python_dop_operator_3.py for tasks to queue
[2022-02-12 14:52:22,280] {logging_mixin.py:104} INFO - [2022-02-12 14:52:22,280] {dagbag.py:487} INFO - Filling up the DagBag from /home/agalli/sandbox/lib/python3.6/site-packages/airflow/example_dags/example_branch_python_dop_operator_3.py
[2022-02-12 14:52:22,456] {scheduler_job.py:643} INFO - DAG(s) dict_keys(['example_branch_dop_operator_v3']) retrieved from /home/agalli/sandbox/lib/python3.6/site-packages/airflow/example_dags/example_branch_python_dop_operator_3.py
[2022-02-12 14:52:22,698] {logging_mixin.py:104} INFO - [2022-02-12 14:52:22,698] {dag.py:1832} INFO - Sync 1 DAGs
[2022-02-12 14:52:23,113] {logging_mixin.py:104} INFO - [2022-02-12 14:52:23,113] {dag.py:2305} INFO - Setting next_dagrun for example_branch_dop_operator_v3 to 2022-02-10 00:00:00+00:00
[2022-02-12 14:52:23,235] {scheduler_job.py:190} INFO - Processing /home/agalli/sandbox/lib/python3.6/site-packages/airflow/example_dags/example_branch_python_dop_operator_3.py took 1.055 seconds
[2022-02-12 14:52:53,811] {scheduler_job.py:182} INFO - Started process (PID=14709) to work on /home/agalli/sandbox/lib/python3.6/site-packages/airflow/example_dags/example_branch_python_dop_operator_3.py
[2022-02-12 14:52:53,812] {scheduler_job.py:633} INFO - Processing file /home/agalli/sandbox/lib/python3.6/site-packages/airflow/example_dags/example_branch_python_dop_operator_3.py for tasks to queue
[2022-02-12 14:52:53,812] {logging_mixin.py:104} INFO - [2022-02-12 14:52:53,812] {dagbag.py:487} INFO - Filling up the DagBag from /home/agalli/sandbox/lib/python3.6/site-packages/airflow/example_dags/example_branch_python_dop_operator_3.py
[2022-02-12 14:52:53,844] {scheduler_job.py:643} INFO - DAG(s) dict_keys(['example_branch_dop_operator_v3']) retrieved from /home/agalli/sandbox/lib/python3.6/site-packages/airflow/example_dags/example_branch_python_dop_operator_3.py
[2022-02-12 14:52:53,889] {logging_mixin.py:104} INFO - [2022-02-12 14:52:53,888] {dag.py:1832} INFO - Sync 1 DAGs
[2022-02-12 14:52:53,923] {logging_mixin.py:104} INFO - [2022-02-12 14:52:53,923] {dag.py:2305} INFO - Setting next_dagrun for example_branch_dop_operator_v3 to 2022-02-10 00:00:00+00:00
[2022-02-12 14:52:53,940] {scheduler_job.py:190} INFO - Processing /home/agalli/sandbox/lib/python3.6/site-packages/airflow/example_dags/example_branch_python_dop_operator_3.py took 0.132 seconds
[2022-02-12 14:53:24,561] {scheduler_job.py:182} INFO - Started process (PID=15017) to work on /home/agalli/sandbox/lib/python3.6/site-packages/airflow/example_dags/example_branch_python_dop_operator_3.py
[2022-02-12 14:53:24,565] {scheduler_job.py:633} INFO - Processing file /home/agalli/sandbox/lib/python3.6/site-packages/airflow/example_dags/example_branch_python_dop_operator_3.py for tasks to queue
[2022-02-12 14:53:24,566] {logging_mixin.py:104} INFO - [2022-02-12 14:53:24,566] {dagbag.py:487} INFO - Filling up the DagBag from /home/agalli/sandbox/lib/python3.6/site-packages/airflow/example_dags/example_branch_python_dop_operator_3.py
[2022-02-12 14:53:24,633] {scheduler_job.py:643} INFO - DAG(s) dict_keys(['example_branch_dop_operator_v3']) retrieved from /home/agalli/sandbox/lib/python3.6/site-packages/airflow/example_dags/example_branch_python_dop_operator_3.py
[2022-02-12 14:53:24,715] {logging_mixin.py:104} INFO - [2022-02-12 14:53:24,714] {dag.py:1832} INFO - Sync 1 DAGs
[2022-02-12 14:53:24,891] {logging_mixin.py:104} INFO - [2022-02-12 14:53:24,891] {dag.py:2305} INFO - Setting next_dagrun for example_branch_dop_operator_v3 to 2022-02-10 00:00:00+00:00
[2022-02-12 14:53:24,922] {scheduler_job.py:190} INFO - Processing /home/agalli/sandbox/lib/python3.6/site-packages/airflow/example_dags/example_branch_python_dop_operator_3.py took 0.375 seconds
[2022-02-12 14:53:55,585] {scheduler_job.py:182} INFO - Started process (PID=15708) to work on /home/agalli/sandbox/lib/python3.6/site-packages/airflow/example_dags/example_branch_python_dop_operator_3.py
[2022-02-12 14:53:55,586] {scheduler_job.py:633} INFO - Processing file /home/agalli/sandbox/lib/python3.6/site-packages/airflow/example_dags/example_branch_python_dop_operator_3.py for tasks to queue
[2022-02-12 14:53:55,586] {logging_mixin.py:104} INFO - [2022-02-12 14:53:55,586] {dagbag.py:487} INFO - Filling up the DagBag from /home/agalli/sandbox/lib/python3.6/site-packages/airflow/example_dags/example_branch_python_dop_operator_3.py
[2022-02-12 14:53:55,602] {scheduler_job.py:643} INFO - DAG(s) dict_keys(['example_branch_dop_operator_v3']) retrieved from /home/agalli/sandbox/lib/python3.6/site-packages/airflow/example_dags/example_branch_python_dop_operator_3.py
[2022-02-12 14:53:55,636] {logging_mixin.py:104} INFO - [2022-02-12 14:53:55,636] {dag.py:1832} INFO - Sync 1 DAGs
[2022-02-12 14:53:55,665] {logging_mixin.py:104} INFO - [2022-02-12 14:53:55,664] {dag.py:2305} INFO - Setting next_dagrun for example_branch_dop_operator_v3 to 2022-02-10 00:00:00+00:00
[2022-02-12 14:53:55,680] {scheduler_job.py:190} INFO - Processing /home/agalli/sandbox/lib/python3.6/site-packages/airflow/example_dags/example_branch_python_dop_operator_3.py took 0.098 seconds
[2022-02-12 14:54:25,943] {scheduler_job.py:182} INFO - Started process (PID=15838) to work on /home/agalli/sandbox/lib/python3.6/site-packages/airflow/example_dags/example_branch_python_dop_operator_3.py
[2022-02-12 14:54:25,944] {scheduler_job.py:633} INFO - Processing file /home/agalli/sandbox/lib/python3.6/site-packages/airflow/example_dags/example_branch_python_dop_operator_3.py for tasks to queue
[2022-02-12 14:54:25,944] {logging_mixin.py:104} INFO - [2022-02-12 14:54:25,944] {dagbag.py:487} INFO - Filling up the DagBag from /home/agalli/sandbox/lib/python3.6/site-packages/airflow/example_dags/example_branch_python_dop_operator_3.py
[2022-02-12 14:54:25,959] {scheduler_job.py:643} INFO - DAG(s) dict_keys(['example_branch_dop_operator_v3']) retrieved from /home/agalli/sandbox/lib/python3.6/site-packages/airflow/example_dags/example_branch_python_dop_operator_3.py
[2022-02-12 14:54:25,986] {logging_mixin.py:104} INFO - [2022-02-12 14:54:25,986] {dag.py:1832} INFO - Sync 1 DAGs
[2022-02-12 14:54:26,008] {logging_mixin.py:104} INFO - [2022-02-12 14:54:26,008] {dag.py:2305} INFO - Setting next_dagrun for example_branch_dop_operator_v3 to 2022-02-10 00:00:00+00:00
[2022-02-12 14:54:26,025] {scheduler_job.py:190} INFO - Processing /home/agalli/sandbox/lib/python3.6/site-packages/airflow/example_dags/example_branch_python_dop_operator_3.py took 0.086 seconds
[2022-02-12 14:54:56,095] {scheduler_job.py:182} INFO - Started process (PID=15976) to work on /home/agalli/sandbox/lib/python3.6/site-packages/airflow/example_dags/example_branch_python_dop_operator_3.py
[2022-02-12 14:54:56,097] {scheduler_job.py:633} INFO - Processing file /home/agalli/sandbox/lib/python3.6/site-packages/airflow/example_dags/example_branch_python_dop_operator_3.py for tasks to queue
[2022-02-12 14:54:56,098] {logging_mixin.py:104} INFO - [2022-02-12 14:54:56,098] {dagbag.py:487} INFO - Filling up the DagBag from /home/agalli/sandbox/lib/python3.6/site-packages/airflow/example_dags/example_branch_python_dop_operator_3.py
[2022-02-12 14:54:56,116] {scheduler_job.py:643} INFO - DAG(s) dict_keys(['example_branch_dop_operator_v3']) retrieved from /home/agalli/sandbox/lib/python3.6/site-packages/airflow/example_dags/example_branch_python_dop_operator_3.py
[2022-02-12 14:54:56,148] {logging_mixin.py:104} INFO - [2022-02-12 14:54:56,148] {dag.py:1832} INFO - Sync 1 DAGs
[2022-02-12 14:54:56,173] {logging_mixin.py:104} INFO - [2022-02-12 14:54:56,173] {dag.py:2305} INFO - Setting next_dagrun for example_branch_dop_operator_v3 to 2022-02-10 00:00:00+00:00
[2022-02-12 14:54:56,188] {scheduler_job.py:190} INFO - Processing /home/agalli/sandbox/lib/python3.6/site-packages/airflow/example_dags/example_branch_python_dop_operator_3.py took 0.098 seconds
[2022-02-12 14:55:27,147] {scheduler_job.py:182} INFO - Started process (PID=16101) to work on /home/agalli/sandbox/lib/python3.6/site-packages/airflow/example_dags/example_branch_python_dop_operator_3.py
[2022-02-12 14:55:27,149] {scheduler_job.py:633} INFO - Processing file /home/agalli/sandbox/lib/python3.6/site-packages/airflow/example_dags/example_branch_python_dop_operator_3.py for tasks to queue
[2022-02-12 14:55:27,150] {logging_mixin.py:104} INFO - [2022-02-12 14:55:27,150] {dagbag.py:487} INFO - Filling up the DagBag from /home/agalli/sandbox/lib/python3.6/site-packages/airflow/example_dags/example_branch_python_dop_operator_3.py
[2022-02-12 14:55:27,162] {scheduler_job.py:643} INFO - DAG(s) dict_keys(['example_branch_dop_operator_v3']) retrieved from /home/agalli/sandbox/lib/python3.6/site-packages/airflow/example_dags/example_branch_python_dop_operator_3.py
[2022-02-12 14:55:27,197] {logging_mixin.py:104} INFO - [2022-02-12 14:55:27,196] {dag.py:1832} INFO - Sync 1 DAGs
[2022-02-12 14:55:27,229] {logging_mixin.py:104} INFO - [2022-02-12 14:55:27,229] {dag.py:2305} INFO - Setting next_dagrun for example_branch_dop_operator_v3 to 2022-02-10 00:00:00+00:00
[2022-02-12 14:55:27,250] {scheduler_job.py:190} INFO - Processing /home/agalli/sandbox/lib/python3.6/site-packages/airflow/example_dags/example_branch_python_dop_operator_3.py took 0.106 seconds
[2022-02-12 14:56:42,858] {scheduler_job.py:182} INFO - Started process (PID=16425) to work on /home/agalli/sandbox/lib/python3.6/site-packages/airflow/example_dags/example_branch_python_dop_operator_3.py
[2022-02-12 14:56:42,860] {scheduler_job.py:633} INFO - Processing file /home/agalli/sandbox/lib/python3.6/site-packages/airflow/example_dags/example_branch_python_dop_operator_3.py for tasks to queue
[2022-02-12 14:56:42,862] {logging_mixin.py:104} INFO - [2022-02-12 14:56:42,862] {dagbag.py:487} INFO - Filling up the DagBag from /home/agalli/sandbox/lib/python3.6/site-packages/airflow/example_dags/example_branch_python_dop_operator_3.py
[2022-02-12 14:56:42,930] {scheduler_job.py:643} INFO - DAG(s) dict_keys(['example_branch_dop_operator_v3']) retrieved from /home/agalli/sandbox/lib/python3.6/site-packages/airflow/example_dags/example_branch_python_dop_operator_3.py
[2022-02-12 14:56:43,052] {logging_mixin.py:104} INFO - [2022-02-12 14:56:43,052] {dag.py:1832} INFO - Sync 1 DAGs
[2022-02-12 14:56:43,149] {logging_mixin.py:104} INFO - [2022-02-12 14:56:43,149] {dag.py:2305} INFO - Setting next_dagrun for example_branch_dop_operator_v3 to 2022-02-10 00:00:00+00:00
[2022-02-12 14:56:43,180] {scheduler_job.py:190} INFO - Processing /home/agalli/sandbox/lib/python3.6/site-packages/airflow/example_dags/example_branch_python_dop_operator_3.py took 0.352 seconds
[2022-02-12 14:57:13,396] {scheduler_job.py:182} INFO - Started process (PID=16526) to work on /home/agalli/sandbox/lib/python3.6/site-packages/airflow/example_dags/example_branch_python_dop_operator_3.py
[2022-02-12 14:57:13,399] {scheduler_job.py:633} INFO - Processing file /home/agalli/sandbox/lib/python3.6/site-packages/airflow/example_dags/example_branch_python_dop_operator_3.py for tasks to queue
[2022-02-12 14:57:13,400] {logging_mixin.py:104} INFO - [2022-02-12 14:57:13,400] {dagbag.py:487} INFO - Filling up the DagBag from /home/agalli/sandbox/lib/python3.6/site-packages/airflow/example_dags/example_branch_python_dop_operator_3.py
[2022-02-12 14:57:13,419] {scheduler_job.py:643} INFO - DAG(s) dict_keys(['example_branch_dop_operator_v3']) retrieved from /home/agalli/sandbox/lib/python3.6/site-packages/airflow/example_dags/example_branch_python_dop_operator_3.py
[2022-02-12 14:57:13,449] {logging_mixin.py:104} INFO - [2022-02-12 14:57:13,449] {dag.py:1832} INFO - Sync 1 DAGs
[2022-02-12 14:57:13,474] {logging_mixin.py:104} INFO - [2022-02-12 14:57:13,474] {dag.py:2305} INFO - Setting next_dagrun for example_branch_dop_operator_v3 to 2022-02-10 00:00:00+00:00
[2022-02-12 14:57:13,486] {scheduler_job.py:190} INFO - Processing /home/agalli/sandbox/lib/python3.6/site-packages/airflow/example_dags/example_branch_python_dop_operator_3.py took 0.094 seconds
[2022-02-12 14:57:43,822] {scheduler_job.py:182} INFO - Started process (PID=16716) to work on /home/agalli/sandbox/lib/python3.6/site-packages/airflow/example_dags/example_branch_python_dop_operator_3.py
[2022-02-12 14:57:43,824] {scheduler_job.py:633} INFO - Processing file /home/agalli/sandbox/lib/python3.6/site-packages/airflow/example_dags/example_branch_python_dop_operator_3.py for tasks to queue
[2022-02-12 14:57:43,824] {logging_mixin.py:104} INFO - [2022-02-12 14:57:43,824] {dagbag.py:487} INFO - Filling up the DagBag from /home/agalli/sandbox/lib/python3.6/site-packages/airflow/example_dags/example_branch_python_dop_operator_3.py
[2022-02-12 14:57:43,838] {scheduler_job.py:643} INFO - DAG(s) dict_keys(['example_branch_dop_operator_v3']) retrieved from /home/agalli/sandbox/lib/python3.6/site-packages/airflow/example_dags/example_branch_python_dop_operator_3.py
[2022-02-12 14:57:43,864] {logging_mixin.py:104} INFO - [2022-02-12 14:57:43,864] {dag.py:1832} INFO - Sync 1 DAGs
[2022-02-12 14:57:43,887] {logging_mixin.py:104} INFO - [2022-02-12 14:57:43,887] {dag.py:2305} INFO - Setting next_dagrun for example_branch_dop_operator_v3 to 2022-02-10 00:00:00+00:00
[2022-02-12 14:57:43,899] {scheduler_job.py:190} INFO - Processing /home/agalli/sandbox/lib/python3.6/site-packages/airflow/example_dags/example_branch_python_dop_operator_3.py took 0.080 seconds
[2022-02-12 14:58:14,317] {scheduler_job.py:182} INFO - Started process (PID=16786) to work on /home/agalli/sandbox/lib/python3.6/site-packages/airflow/example_dags/example_branch_python_dop_operator_3.py
[2022-02-12 14:58:14,319] {scheduler_job.py:633} INFO - Processing file /home/agalli/sandbox/lib/python3.6/site-packages/airflow/example_dags/example_branch_python_dop_operator_3.py for tasks to queue
[2022-02-12 14:58:14,320] {logging_mixin.py:104} INFO - [2022-02-12 14:58:14,320] {dagbag.py:487} INFO - Filling up the DagBag from /home/agalli/sandbox/lib/python3.6/site-packages/airflow/example_dags/example_branch_python_dop_operator_3.py
[2022-02-12 14:58:14,337] {scheduler_job.py:643} INFO - DAG(s) dict_keys(['example_branch_dop_operator_v3']) retrieved from /home/agalli/sandbox/lib/python3.6/site-packages/airflow/example_dags/example_branch_python_dop_operator_3.py
[2022-02-12 14:58:14,365] {logging_mixin.py:104} INFO - [2022-02-12 14:58:14,365] {dag.py:1832} INFO - Sync 1 DAGs
[2022-02-12 14:58:14,388] {logging_mixin.py:104} INFO - [2022-02-12 14:58:14,388] {dag.py:2305} INFO - Setting next_dagrun for example_branch_dop_operator_v3 to 2022-02-10 00:00:00+00:00
[2022-02-12 14:58:14,399] {scheduler_job.py:190} INFO - Processing /home/agalli/sandbox/lib/python3.6/site-packages/airflow/example_dags/example_branch_python_dop_operator_3.py took 0.086 seconds
[2022-02-12 14:58:44,916] {scheduler_job.py:182} INFO - Started process (PID=16856) to work on /home/agalli/sandbox/lib/python3.6/site-packages/airflow/example_dags/example_branch_python_dop_operator_3.py
[2022-02-12 14:58:44,917] {scheduler_job.py:633} INFO - Processing file /home/agalli/sandbox/lib/python3.6/site-packages/airflow/example_dags/example_branch_python_dop_operator_3.py for tasks to queue
[2022-02-12 14:58:44,917] {logging_mixin.py:104} INFO - [2022-02-12 14:58:44,917] {dagbag.py:487} INFO - Filling up the DagBag from /home/agalli/sandbox/lib/python3.6/site-packages/airflow/example_dags/example_branch_python_dop_operator_3.py
[2022-02-12 14:58:44,933] {scheduler_job.py:643} INFO - DAG(s) dict_keys(['example_branch_dop_operator_v3']) retrieved from /home/agalli/sandbox/lib/python3.6/site-packages/airflow/example_dags/example_branch_python_dop_operator_3.py
[2022-02-12 14:58:44,962] {logging_mixin.py:104} INFO - [2022-02-12 14:58:44,962] {dag.py:1832} INFO - Sync 1 DAGs
[2022-02-12 14:58:44,990] {logging_mixin.py:104} INFO - [2022-02-12 14:58:44,990] {dag.py:2305} INFO - Setting next_dagrun for example_branch_dop_operator_v3 to 2022-02-10 00:00:00+00:00
[2022-02-12 14:58:45,002] {scheduler_job.py:190} INFO - Processing /home/agalli/sandbox/lib/python3.6/site-packages/airflow/example_dags/example_branch_python_dop_operator_3.py took 0.090 seconds
[2022-02-12 14:59:15,195] {scheduler_job.py:182} INFO - Started process (PID=16926) to work on /home/agalli/sandbox/lib/python3.6/site-packages/airflow/example_dags/example_branch_python_dop_operator_3.py
[2022-02-12 14:59:15,196] {scheduler_job.py:633} INFO - Processing file /home/agalli/sandbox/lib/python3.6/site-packages/airflow/example_dags/example_branch_python_dop_operator_3.py for tasks to queue
[2022-02-12 14:59:15,197] {logging_mixin.py:104} INFO - [2022-02-12 14:59:15,197] {dagbag.py:487} INFO - Filling up the DagBag from /home/agalli/sandbox/lib/python3.6/site-packages/airflow/example_dags/example_branch_python_dop_operator_3.py
[2022-02-12 14:59:15,216] {scheduler_job.py:643} INFO - DAG(s) dict_keys(['example_branch_dop_operator_v3']) retrieved from /home/agalli/sandbox/lib/python3.6/site-packages/airflow/example_dags/example_branch_python_dop_operator_3.py
[2022-02-12 14:59:15,247] {logging_mixin.py:104} INFO - [2022-02-12 14:59:15,247] {dag.py:1832} INFO - Sync 1 DAGs
[2022-02-12 14:59:15,274] {logging_mixin.py:104} INFO - [2022-02-12 14:59:15,274] {dag.py:2305} INFO - Setting next_dagrun for example_branch_dop_operator_v3 to 2022-02-10 00:00:00+00:00
[2022-02-12 14:59:15,288] {scheduler_job.py:190} INFO - Processing /home/agalli/sandbox/lib/python3.6/site-packages/airflow/example_dags/example_branch_python_dop_operator_3.py took 0.097 seconds
[2022-02-12 14:59:45,820] {scheduler_job.py:182} INFO - Started process (PID=16996) to work on /home/agalli/sandbox/lib/python3.6/site-packages/airflow/example_dags/example_branch_python_dop_operator_3.py
[2022-02-12 14:59:45,822] {scheduler_job.py:633} INFO - Processing file /home/agalli/sandbox/lib/python3.6/site-packages/airflow/example_dags/example_branch_python_dop_operator_3.py for tasks to queue
[2022-02-12 14:59:45,823] {logging_mixin.py:104} INFO - [2022-02-12 14:59:45,823] {dagbag.py:487} INFO - Filling up the DagBag from /home/agalli/sandbox/lib/python3.6/site-packages/airflow/example_dags/example_branch_python_dop_operator_3.py
[2022-02-12 14:59:45,842] {scheduler_job.py:643} INFO - DAG(s) dict_keys(['example_branch_dop_operator_v3']) retrieved from /home/agalli/sandbox/lib/python3.6/site-packages/airflow/example_dags/example_branch_python_dop_operator_3.py
[2022-02-12 14:59:45,889] {logging_mixin.py:104} INFO - [2022-02-12 14:59:45,889] {dag.py:1832} INFO - Sync 1 DAGs
[2022-02-12 14:59:45,929] {logging_mixin.py:104} INFO - [2022-02-12 14:59:45,929] {dag.py:2305} INFO - Setting next_dagrun for example_branch_dop_operator_v3 to 2022-02-10 00:00:00+00:00
[2022-02-12 14:59:45,953] {scheduler_job.py:190} INFO - Processing /home/agalli/sandbox/lib/python3.6/site-packages/airflow/example_dags/example_branch_python_dop_operator_3.py took 0.142 seconds
[2022-02-12 15:00:17,069] {scheduler_job.py:182} INFO - Started process (PID=17066) to work on /home/agalli/sandbox/lib/python3.6/site-packages/airflow/example_dags/example_branch_python_dop_operator_3.py
[2022-02-12 15:00:17,070] {scheduler_job.py:633} INFO - Processing file /home/agalli/sandbox/lib/python3.6/site-packages/airflow/example_dags/example_branch_python_dop_operator_3.py for tasks to queue
[2022-02-12 15:00:17,072] {logging_mixin.py:104} INFO - [2022-02-12 15:00:17,072] {dagbag.py:487} INFO - Filling up the DagBag from /home/agalli/sandbox/lib/python3.6/site-packages/airflow/example_dags/example_branch_python_dop_operator_3.py
[2022-02-12 15:00:17,090] {scheduler_job.py:643} INFO - DAG(s) dict_keys(['example_branch_dop_operator_v3']) retrieved from /home/agalli/sandbox/lib/python3.6/site-packages/airflow/example_dags/example_branch_python_dop_operator_3.py
[2022-02-12 15:00:17,120] {logging_mixin.py:104} INFO - [2022-02-12 15:00:17,120] {dag.py:1832} INFO - Sync 1 DAGs
[2022-02-12 15:00:17,162] {logging_mixin.py:104} INFO - [2022-02-12 15:00:17,161] {dag.py:2305} INFO - Setting next_dagrun for example_branch_dop_operator_v3 to 2022-02-10 00:00:00+00:00
[2022-02-12 15:00:17,180] {scheduler_job.py:190} INFO - Processing /home/agalli/sandbox/lib/python3.6/site-packages/airflow/example_dags/example_branch_python_dop_operator_3.py took 0.116 seconds
[2022-02-12 15:00:50,508] {scheduler_job.py:182} INFO - Started process (PID=17764) to work on /home/agalli/sandbox/lib/python3.6/site-packages/airflow/example_dags/example_branch_python_dop_operator_3.py
[2022-02-12 15:00:50,524] {scheduler_job.py:633} INFO - Processing file /home/agalli/sandbox/lib/python3.6/site-packages/airflow/example_dags/example_branch_python_dop_operator_3.py for tasks to queue
[2022-02-12 15:00:50,526] {logging_mixin.py:104} INFO - [2022-02-12 15:00:50,526] {dagbag.py:487} INFO - Filling up the DagBag from /home/agalli/sandbox/lib/python3.6/site-packages/airflow/example_dags/example_branch_python_dop_operator_3.py
[2022-02-12 15:00:50,568] {scheduler_job.py:643} INFO - DAG(s) dict_keys(['example_branch_dop_operator_v3']) retrieved from /home/agalli/sandbox/lib/python3.6/site-packages/airflow/example_dags/example_branch_python_dop_operator_3.py
[2022-02-12 15:00:50,707] {logging_mixin.py:104} INFO - [2022-02-12 15:00:50,706] {dag.py:1832} INFO - Sync 1 DAGs
[2022-02-12 15:00:50,814] {logging_mixin.py:104} INFO - [2022-02-12 15:00:50,814] {dag.py:2305} INFO - Setting next_dagrun for example_branch_dop_operator_v3 to 2022-02-10 00:00:00+00:00
[2022-02-12 15:00:51,000] {scheduler_job.py:190} INFO - Processing /home/agalli/sandbox/lib/python3.6/site-packages/airflow/example_dags/example_branch_python_dop_operator_3.py took 0.502 seconds
[2022-02-12 15:01:21,285] {scheduler_job.py:182} INFO - Started process (PID=18028) to work on /home/agalli/sandbox/lib/python3.6/site-packages/airflow/example_dags/example_branch_python_dop_operator_3.py
[2022-02-12 15:01:21,286] {scheduler_job.py:633} INFO - Processing file /home/agalli/sandbox/lib/python3.6/site-packages/airflow/example_dags/example_branch_python_dop_operator_3.py for tasks to queue
[2022-02-12 15:01:21,286] {logging_mixin.py:104} INFO - [2022-02-12 15:01:21,286] {dagbag.py:487} INFO - Filling up the DagBag from /home/agalli/sandbox/lib/python3.6/site-packages/airflow/example_dags/example_branch_python_dop_operator_3.py
[2022-02-12 15:01:21,299] {scheduler_job.py:643} INFO - DAG(s) dict_keys(['example_branch_dop_operator_v3']) retrieved from /home/agalli/sandbox/lib/python3.6/site-packages/airflow/example_dags/example_branch_python_dop_operator_3.py
[2022-02-12 15:01:21,324] {logging_mixin.py:104} INFO - [2022-02-12 15:01:21,324] {dag.py:1832} INFO - Sync 1 DAGs
[2022-02-12 15:01:21,348] {logging_mixin.py:104} INFO - [2022-02-12 15:01:21,348] {dag.py:2305} INFO - Setting next_dagrun for example_branch_dop_operator_v3 to 2022-02-10 00:00:00+00:00
[2022-02-12 15:01:21,359] {scheduler_job.py:190} INFO - Processing /home/agalli/sandbox/lib/python3.6/site-packages/airflow/example_dags/example_branch_python_dop_operator_3.py took 0.079 seconds
[2022-02-12 15:01:52,043] {scheduler_job.py:182} INFO - Started process (PID=18228) to work on /home/agalli/sandbox/lib/python3.6/site-packages/airflow/example_dags/example_branch_python_dop_operator_3.py
[2022-02-12 15:01:52,045] {scheduler_job.py:633} INFO - Processing file /home/agalli/sandbox/lib/python3.6/site-packages/airflow/example_dags/example_branch_python_dop_operator_3.py for tasks to queue
[2022-02-12 15:01:52,045] {logging_mixin.py:104} INFO - [2022-02-12 15:01:52,045] {dagbag.py:487} INFO - Filling up the DagBag from /home/agalli/sandbox/lib/python3.6/site-packages/airflow/example_dags/example_branch_python_dop_operator_3.py
[2022-02-12 15:01:52,068] {scheduler_job.py:643} INFO - DAG(s) dict_keys(['example_branch_dop_operator_v3']) retrieved from /home/agalli/sandbox/lib/python3.6/site-packages/airflow/example_dags/example_branch_python_dop_operator_3.py
[2022-02-12 15:01:52,101] {logging_mixin.py:104} INFO - [2022-02-12 15:01:52,101] {dag.py:1832} INFO - Sync 1 DAGs
[2022-02-12 15:01:52,134] {logging_mixin.py:104} INFO - [2022-02-12 15:01:52,133] {dag.py:2305} INFO - Setting next_dagrun for example_branch_dop_operator_v3 to 2022-02-10 00:00:00+00:00
[2022-02-12 15:01:52,152] {scheduler_job.py:190} INFO - Processing /home/agalli/sandbox/lib/python3.6/site-packages/airflow/example_dags/example_branch_python_dop_operator_3.py took 0.113 seconds
[2022-02-12 15:02:22,331] {scheduler_job.py:182} INFO - Started process (PID=18549) to work on /home/agalli/sandbox/lib/python3.6/site-packages/airflow/example_dags/example_branch_python_dop_operator_3.py
[2022-02-12 15:02:22,336] {scheduler_job.py:633} INFO - Processing file /home/agalli/sandbox/lib/python3.6/site-packages/airflow/example_dags/example_branch_python_dop_operator_3.py for tasks to queue
[2022-02-12 15:02:22,338] {logging_mixin.py:104} INFO - [2022-02-12 15:02:22,338] {dagbag.py:487} INFO - Filling up the DagBag from /home/agalli/sandbox/lib/python3.6/site-packages/airflow/example_dags/example_branch_python_dop_operator_3.py
[2022-02-12 15:02:22,414] {scheduler_job.py:643} INFO - DAG(s) dict_keys(['example_branch_dop_operator_v3']) retrieved from /home/agalli/sandbox/lib/python3.6/site-packages/airflow/example_dags/example_branch_python_dop_operator_3.py
[2022-02-12 15:02:22,590] {logging_mixin.py:104} INFO - [2022-02-12 15:02:22,590] {dag.py:1832} INFO - Sync 1 DAGs
[2022-02-12 15:02:22,757] {logging_mixin.py:104} INFO - [2022-02-12 15:02:22,757] {dag.py:2305} INFO - Setting next_dagrun for example_branch_dop_operator_v3 to 2022-02-10 00:00:00+00:00
[2022-02-12 15:02:22,934] {scheduler_job.py:190} INFO - Processing /home/agalli/sandbox/lib/python3.6/site-packages/airflow/example_dags/example_branch_python_dop_operator_3.py took 0.619 seconds
[2022-02-12 15:02:53,340] {scheduler_job.py:182} INFO - Started process (PID=19052) to work on /home/agalli/sandbox/lib/python3.6/site-packages/airflow/example_dags/example_branch_python_dop_operator_3.py
[2022-02-12 15:02:53,345] {scheduler_job.py:633} INFO - Processing file /home/agalli/sandbox/lib/python3.6/site-packages/airflow/example_dags/example_branch_python_dop_operator_3.py for tasks to queue
[2022-02-12 15:02:53,346] {logging_mixin.py:104} INFO - [2022-02-12 15:02:53,346] {dagbag.py:487} INFO - Filling up the DagBag from /home/agalli/sandbox/lib/python3.6/site-packages/airflow/example_dags/example_branch_python_dop_operator_3.py
[2022-02-12 15:02:53,375] {scheduler_job.py:643} INFO - DAG(s) dict_keys(['example_branch_dop_operator_v3']) retrieved from /home/agalli/sandbox/lib/python3.6/site-packages/airflow/example_dags/example_branch_python_dop_operator_3.py
[2022-02-12 15:02:53,423] {logging_mixin.py:104} INFO - [2022-02-12 15:02:53,423] {dag.py:1832} INFO - Sync 1 DAGs
[2022-02-12 15:02:53,476] {logging_mixin.py:104} INFO - [2022-02-12 15:02:53,476] {dag.py:2305} INFO - Setting next_dagrun for example_branch_dop_operator_v3 to 2022-02-10 00:00:00+00:00
[2022-02-12 15:02:53,542] {scheduler_job.py:190} INFO - Processing /home/agalli/sandbox/lib/python3.6/site-packages/airflow/example_dags/example_branch_python_dop_operator_3.py took 0.208 seconds
[2022-02-12 15:03:24,332] {scheduler_job.py:182} INFO - Started process (PID=19374) to work on /home/agalli/sandbox/lib/python3.6/site-packages/airflow/example_dags/example_branch_python_dop_operator_3.py
[2022-02-12 15:03:24,334] {scheduler_job.py:633} INFO - Processing file /home/agalli/sandbox/lib/python3.6/site-packages/airflow/example_dags/example_branch_python_dop_operator_3.py for tasks to queue
[2022-02-12 15:03:24,339] {logging_mixin.py:104} INFO - [2022-02-12 15:03:24,339] {dagbag.py:487} INFO - Filling up the DagBag from /home/agalli/sandbox/lib/python3.6/site-packages/airflow/example_dags/example_branch_python_dop_operator_3.py
[2022-02-12 15:03:24,378] {scheduler_job.py:643} INFO - DAG(s) dict_keys(['example_branch_dop_operator_v3']) retrieved from /home/agalli/sandbox/lib/python3.6/site-packages/airflow/example_dags/example_branch_python_dop_operator_3.py
[2022-02-12 15:03:24,512] {logging_mixin.py:104} INFO - [2022-02-12 15:03:24,511] {dag.py:1832} INFO - Sync 1 DAGs
[2022-02-12 15:03:24,668] {logging_mixin.py:104} INFO - [2022-02-12 15:03:24,668] {dag.py:2305} INFO - Setting next_dagrun for example_branch_dop_operator_v3 to 2022-02-10 00:00:00+00:00
[2022-02-12 15:03:24,748] {scheduler_job.py:190} INFO - Processing /home/agalli/sandbox/lib/python3.6/site-packages/airflow/example_dags/example_branch_python_dop_operator_3.py took 0.422 seconds
[2022-02-12 15:03:54,900] {scheduler_job.py:182} INFO - Started process (PID=19569) to work on /home/agalli/sandbox/lib/python3.6/site-packages/airflow/example_dags/example_branch_python_dop_operator_3.py
[2022-02-12 15:03:54,902] {scheduler_job.py:633} INFO - Processing file /home/agalli/sandbox/lib/python3.6/site-packages/airflow/example_dags/example_branch_python_dop_operator_3.py for tasks to queue
[2022-02-12 15:03:54,917] {logging_mixin.py:104} INFO - [2022-02-12 15:03:54,916] {dagbag.py:487} INFO - Filling up the DagBag from /home/agalli/sandbox/lib/python3.6/site-packages/airflow/example_dags/example_branch_python_dop_operator_3.py
[2022-02-12 15:03:55,059] {scheduler_job.py:643} INFO - DAG(s) dict_keys(['example_branch_dop_operator_v3']) retrieved from /home/agalli/sandbox/lib/python3.6/site-packages/airflow/example_dags/example_branch_python_dop_operator_3.py
[2022-02-12 15:03:55,226] {logging_mixin.py:104} INFO - [2022-02-12 15:03:55,226] {dag.py:1832} INFO - Sync 1 DAGs
[2022-02-12 15:03:55,312] {logging_mixin.py:104} INFO - [2022-02-12 15:03:55,312] {dag.py:2305} INFO - Setting next_dagrun for example_branch_dop_operator_v3 to 2022-02-10 00:00:00+00:00
[2022-02-12 15:03:55,397] {scheduler_job.py:190} INFO - Processing /home/agalli/sandbox/lib/python3.6/site-packages/airflow/example_dags/example_branch_python_dop_operator_3.py took 0.528 seconds
[2022-02-12 15:04:26,104] {scheduler_job.py:182} INFO - Started process (PID=19771) to work on /home/agalli/sandbox/lib/python3.6/site-packages/airflow/example_dags/example_branch_python_dop_operator_3.py
[2022-02-12 15:04:26,105] {scheduler_job.py:633} INFO - Processing file /home/agalli/sandbox/lib/python3.6/site-packages/airflow/example_dags/example_branch_python_dop_operator_3.py for tasks to queue
[2022-02-12 15:04:26,106] {logging_mixin.py:104} INFO - [2022-02-12 15:04:26,106] {dagbag.py:487} INFO - Filling up the DagBag from /home/agalli/sandbox/lib/python3.6/site-packages/airflow/example_dags/example_branch_python_dop_operator_3.py
[2022-02-12 15:04:26,136] {scheduler_job.py:643} INFO - DAG(s) dict_keys(['example_branch_dop_operator_v3']) retrieved from /home/agalli/sandbox/lib/python3.6/site-packages/airflow/example_dags/example_branch_python_dop_operator_3.py
[2022-02-12 15:04:26,179] {logging_mixin.py:104} INFO - [2022-02-12 15:04:26,176] {dag.py:1832} INFO - Sync 1 DAGs
[2022-02-12 15:04:26,217] {logging_mixin.py:104} INFO - [2022-02-12 15:04:26,217] {dag.py:2305} INFO - Setting next_dagrun for example_branch_dop_operator_v3 to 2022-02-10 00:00:00+00:00
[2022-02-12 15:04:26,235] {scheduler_job.py:190} INFO - Processing /home/agalli/sandbox/lib/python3.6/site-packages/airflow/example_dags/example_branch_python_dop_operator_3.py took 0.136 seconds
[2022-02-12 15:04:56,519] {scheduler_job.py:182} INFO - Started process (PID=19973) to work on /home/agalli/sandbox/lib/python3.6/site-packages/airflow/example_dags/example_branch_python_dop_operator_3.py
[2022-02-12 15:04:56,520] {scheduler_job.py:633} INFO - Processing file /home/agalli/sandbox/lib/python3.6/site-packages/airflow/example_dags/example_branch_python_dop_operator_3.py for tasks to queue
[2022-02-12 15:04:56,521] {logging_mixin.py:104} INFO - [2022-02-12 15:04:56,520] {dagbag.py:487} INFO - Filling up the DagBag from /home/agalli/sandbox/lib/python3.6/site-packages/airflow/example_dags/example_branch_python_dop_operator_3.py
[2022-02-12 15:04:56,539] {scheduler_job.py:643} INFO - DAG(s) dict_keys(['example_branch_dop_operator_v3']) retrieved from /home/agalli/sandbox/lib/python3.6/site-packages/airflow/example_dags/example_branch_python_dop_operator_3.py
[2022-02-12 15:04:56,577] {logging_mixin.py:104} INFO - [2022-02-12 15:04:56,577] {dag.py:1832} INFO - Sync 1 DAGs
[2022-02-12 15:04:56,612] {logging_mixin.py:104} INFO - [2022-02-12 15:04:56,612] {dag.py:2305} INFO - Setting next_dagrun for example_branch_dop_operator_v3 to 2022-02-10 00:00:00+00:00
[2022-02-12 15:04:56,630] {scheduler_job.py:190} INFO - Processing /home/agalli/sandbox/lib/python3.6/site-packages/airflow/example_dags/example_branch_python_dop_operator_3.py took 0.117 seconds
[2022-02-12 15:05:27,019] {scheduler_job.py:182} INFO - Started process (PID=20175) to work on /home/agalli/sandbox/lib/python3.6/site-packages/airflow/example_dags/example_branch_python_dop_operator_3.py
[2022-02-12 15:05:27,023] {scheduler_job.py:633} INFO - Processing file /home/agalli/sandbox/lib/python3.6/site-packages/airflow/example_dags/example_branch_python_dop_operator_3.py for tasks to queue
[2022-02-12 15:05:27,025] {logging_mixin.py:104} INFO - [2022-02-12 15:05:27,025] {dagbag.py:487} INFO - Filling up the DagBag from /home/agalli/sandbox/lib/python3.6/site-packages/airflow/example_dags/example_branch_python_dop_operator_3.py
[2022-02-12 15:05:27,042] {scheduler_job.py:643} INFO - DAG(s) dict_keys(['example_branch_dop_operator_v3']) retrieved from /home/agalli/sandbox/lib/python3.6/site-packages/airflow/example_dags/example_branch_python_dop_operator_3.py
[2022-02-12 15:05:27,080] {logging_mixin.py:104} INFO - [2022-02-12 15:05:27,080] {dag.py:1832} INFO - Sync 1 DAGs
[2022-02-12 15:05:27,118] {logging_mixin.py:104} INFO - [2022-02-12 15:05:27,118] {dag.py:2305} INFO - Setting next_dagrun for example_branch_dop_operator_v3 to 2022-02-10 00:00:00+00:00
[2022-02-12 15:05:27,134] {scheduler_job.py:190} INFO - Processing /home/agalli/sandbox/lib/python3.6/site-packages/airflow/example_dags/example_branch_python_dop_operator_3.py took 0.120 seconds
[2022-02-12 15:05:57,360] {scheduler_job.py:182} INFO - Started process (PID=20497) to work on /home/agalli/sandbox/lib/python3.6/site-packages/airflow/example_dags/example_branch_python_dop_operator_3.py
[2022-02-12 15:05:57,361] {scheduler_job.py:633} INFO - Processing file /home/agalli/sandbox/lib/python3.6/site-packages/airflow/example_dags/example_branch_python_dop_operator_3.py for tasks to queue
[2022-02-12 15:05:57,362] {logging_mixin.py:104} INFO - [2022-02-12 15:05:57,362] {dagbag.py:487} INFO - Filling up the DagBag from /home/agalli/sandbox/lib/python3.6/site-packages/airflow/example_dags/example_branch_python_dop_operator_3.py
[2022-02-12 15:05:57,379] {scheduler_job.py:643} INFO - DAG(s) dict_keys(['example_branch_dop_operator_v3']) retrieved from /home/agalli/sandbox/lib/python3.6/site-packages/airflow/example_dags/example_branch_python_dop_operator_3.py
[2022-02-12 15:05:57,445] {logging_mixin.py:104} INFO - [2022-02-12 15:05:57,445] {dag.py:1832} INFO - Sync 1 DAGs
[2022-02-12 15:05:57,573] {logging_mixin.py:104} INFO - [2022-02-12 15:05:57,573] {dag.py:2305} INFO - Setting next_dagrun for example_branch_dop_operator_v3 to 2022-02-10 00:00:00+00:00
[2022-02-12 15:05:57,675] {scheduler_job.py:190} INFO - Processing /home/agalli/sandbox/lib/python3.6/site-packages/airflow/example_dags/example_branch_python_dop_operator_3.py took 0.319 seconds
[2022-02-12 15:06:27,926] {scheduler_job.py:182} INFO - Started process (PID=20699) to work on /home/agalli/sandbox/lib/python3.6/site-packages/airflow/example_dags/example_branch_python_dop_operator_3.py
[2022-02-12 15:06:27,928] {scheduler_job.py:633} INFO - Processing file /home/agalli/sandbox/lib/python3.6/site-packages/airflow/example_dags/example_branch_python_dop_operator_3.py for tasks to queue
[2022-02-12 15:06:27,930] {logging_mixin.py:104} INFO - [2022-02-12 15:06:27,930] {dagbag.py:487} INFO - Filling up the DagBag from /home/agalli/sandbox/lib/python3.6/site-packages/airflow/example_dags/example_branch_python_dop_operator_3.py
[2022-02-12 15:06:27,967] {scheduler_job.py:643} INFO - DAG(s) dict_keys(['example_branch_dop_operator_v3']) retrieved from /home/agalli/sandbox/lib/python3.6/site-packages/airflow/example_dags/example_branch_python_dop_operator_3.py
[2022-02-12 15:06:28,062] {logging_mixin.py:104} INFO - [2022-02-12 15:06:28,062] {dag.py:1832} INFO - Sync 1 DAGs
[2022-02-12 15:06:28,173] {logging_mixin.py:104} INFO - [2022-02-12 15:06:28,172] {dag.py:2305} INFO - Setting next_dagrun for example_branch_dop_operator_v3 to 2022-02-10 00:00:00+00:00
[2022-02-12 15:06:28,222] {scheduler_job.py:190} INFO - Processing /home/agalli/sandbox/lib/python3.6/site-packages/airflow/example_dags/example_branch_python_dop_operator_3.py took 0.303 seconds
[2022-02-12 15:06:58,589] {scheduler_job.py:182} INFO - Started process (PID=20901) to work on /home/agalli/sandbox/lib/python3.6/site-packages/airflow/example_dags/example_branch_python_dop_operator_3.py
[2022-02-12 15:06:58,591] {scheduler_job.py:633} INFO - Processing file /home/agalli/sandbox/lib/python3.6/site-packages/airflow/example_dags/example_branch_python_dop_operator_3.py for tasks to queue
[2022-02-12 15:06:58,594] {logging_mixin.py:104} INFO - [2022-02-12 15:06:58,593] {dagbag.py:487} INFO - Filling up the DagBag from /home/agalli/sandbox/lib/python3.6/site-packages/airflow/example_dags/example_branch_python_dop_operator_3.py
[2022-02-12 15:06:58,622] {scheduler_job.py:643} INFO - DAG(s) dict_keys(['example_branch_dop_operator_v3']) retrieved from /home/agalli/sandbox/lib/python3.6/site-packages/airflow/example_dags/example_branch_python_dop_operator_3.py
[2022-02-12 15:06:58,690] {logging_mixin.py:104} INFO - [2022-02-12 15:06:58,690] {dag.py:1832} INFO - Sync 1 DAGs
[2022-02-12 15:06:58,754] {logging_mixin.py:104} INFO - [2022-02-12 15:06:58,754] {dag.py:2305} INFO - Setting next_dagrun for example_branch_dop_operator_v3 to 2022-02-10 00:00:00+00:00
[2022-02-12 15:06:58,770] {scheduler_job.py:190} INFO - Processing /home/agalli/sandbox/lib/python3.6/site-packages/airflow/example_dags/example_branch_python_dop_operator_3.py took 0.185 seconds
[2022-02-12 15:07:29,716] {scheduler_job.py:182} INFO - Started process (PID=21105) to work on /home/agalli/sandbox/lib/python3.6/site-packages/airflow/example_dags/example_branch_python_dop_operator_3.py
[2022-02-12 15:07:29,719] {scheduler_job.py:633} INFO - Processing file /home/agalli/sandbox/lib/python3.6/site-packages/airflow/example_dags/example_branch_python_dop_operator_3.py for tasks to queue
[2022-02-12 15:07:29,724] {logging_mixin.py:104} INFO - [2022-02-12 15:07:29,724] {dagbag.py:487} INFO - Filling up the DagBag from /home/agalli/sandbox/lib/python3.6/site-packages/airflow/example_dags/example_branch_python_dop_operator_3.py
[2022-02-12 15:07:29,748] {scheduler_job.py:643} INFO - DAG(s) dict_keys(['example_branch_dop_operator_v3']) retrieved from /home/agalli/sandbox/lib/python3.6/site-packages/airflow/example_dags/example_branch_python_dop_operator_3.py
[2022-02-12 15:07:29,801] {logging_mixin.py:104} INFO - [2022-02-12 15:07:29,801] {dag.py:1832} INFO - Sync 1 DAGs
[2022-02-12 15:07:29,848] {logging_mixin.py:104} INFO - [2022-02-12 15:07:29,848] {dag.py:2305} INFO - Setting next_dagrun for example_branch_dop_operator_v3 to 2022-02-10 00:00:00+00:00
[2022-02-12 15:07:29,869] {scheduler_job.py:190} INFO - Processing /home/agalli/sandbox/lib/python3.6/site-packages/airflow/example_dags/example_branch_python_dop_operator_3.py took 0.161 seconds
[2022-02-12 15:08:00,673] {scheduler_job.py:182} INFO - Started process (PID=21310) to work on /home/agalli/sandbox/lib/python3.6/site-packages/airflow/example_dags/example_branch_python_dop_operator_3.py
[2022-02-12 15:08:00,675] {scheduler_job.py:633} INFO - Processing file /home/agalli/sandbox/lib/python3.6/site-packages/airflow/example_dags/example_branch_python_dop_operator_3.py for tasks to queue
[2022-02-12 15:08:00,676] {logging_mixin.py:104} INFO - [2022-02-12 15:08:00,676] {dagbag.py:487} INFO - Filling up the DagBag from /home/agalli/sandbox/lib/python3.6/site-packages/airflow/example_dags/example_branch_python_dop_operator_3.py
[2022-02-12 15:08:00,706] {scheduler_job.py:643} INFO - DAG(s) dict_keys(['example_branch_dop_operator_v3']) retrieved from /home/agalli/sandbox/lib/python3.6/site-packages/airflow/example_dags/example_branch_python_dop_operator_3.py
[2022-02-12 15:08:00,812] {logging_mixin.py:104} INFO - [2022-02-12 15:08:00,811] {dag.py:1832} INFO - Sync 1 DAGs
[2022-02-12 15:08:00,898] {logging_mixin.py:104} INFO - [2022-02-12 15:08:00,895] {dag.py:2305} INFO - Setting next_dagrun for example_branch_dop_operator_v3 to 2022-02-10 00:00:00+00:00
[2022-02-12 15:08:00,925] {scheduler_job.py:190} INFO - Processing /home/agalli/sandbox/lib/python3.6/site-packages/airflow/example_dags/example_branch_python_dop_operator_3.py took 0.260 seconds
[2022-02-12 15:08:31,794] {scheduler_job.py:182} INFO - Started process (PID=21510) to work on /home/agalli/sandbox/lib/python3.6/site-packages/airflow/example_dags/example_branch_python_dop_operator_3.py
[2022-02-12 15:08:31,798] {scheduler_job.py:633} INFO - Processing file /home/agalli/sandbox/lib/python3.6/site-packages/airflow/example_dags/example_branch_python_dop_operator_3.py for tasks to queue
[2022-02-12 15:08:31,799] {logging_mixin.py:104} INFO - [2022-02-12 15:08:31,799] {dagbag.py:487} INFO - Filling up the DagBag from /home/agalli/sandbox/lib/python3.6/site-packages/airflow/example_dags/example_branch_python_dop_operator_3.py
[2022-02-12 15:08:31,821] {scheduler_job.py:643} INFO - DAG(s) dict_keys(['example_branch_dop_operator_v3']) retrieved from /home/agalli/sandbox/lib/python3.6/site-packages/airflow/example_dags/example_branch_python_dop_operator_3.py
[2022-02-12 15:08:31,905] {logging_mixin.py:104} INFO - [2022-02-12 15:08:31,905] {dag.py:1832} INFO - Sync 1 DAGs
[2022-02-12 15:08:31,943] {logging_mixin.py:104} INFO - [2022-02-12 15:08:31,943] {dag.py:2305} INFO - Setting next_dagrun for example_branch_dop_operator_v3 to 2022-02-10 00:00:00+00:00
[2022-02-12 15:08:31,962] {scheduler_job.py:190} INFO - Processing /home/agalli/sandbox/lib/python3.6/site-packages/airflow/example_dags/example_branch_python_dop_operator_3.py took 0.173 seconds
