[2022-02-12 13:57:25,622] {scheduler_job.py:182} INFO - Started process (PID=1663) to work on /home/agalli/sandbox/lib/python3.6/site-packages/airflow/example_dags/example_trigger_controller_dag.py
[2022-02-12 13:57:25,633] {scheduler_job.py:633} INFO - Processing file /home/agalli/sandbox/lib/python3.6/site-packages/airflow/example_dags/example_trigger_controller_dag.py for tasks to queue
[2022-02-12 13:57:25,636] {logging_mixin.py:104} INFO - [2022-02-12 13:57:25,635] {dagbag.py:487} INFO - Filling up the DagBag from /home/agalli/sandbox/lib/python3.6/site-packages/airflow/example_dags/example_trigger_controller_dag.py
[2022-02-12 13:57:25,674] {scheduler_job.py:643} INFO - DAG(s) dict_keys(['example_trigger_controller_dag']) retrieved from /home/agalli/sandbox/lib/python3.6/site-packages/airflow/example_dags/example_trigger_controller_dag.py
[2022-02-12 13:57:25,806] {logging_mixin.py:104} INFO - [2022-02-12 13:57:25,806] {dag.py:1832} INFO - Sync 1 DAGs
[2022-02-12 13:57:25,895] {logging_mixin.py:104} INFO - [2022-02-12 13:57:25,895] {dag.py:2305} INFO - Setting next_dagrun for example_trigger_controller_dag to 2022-02-10 00:00:00+00:00
[2022-02-12 13:57:25,926] {scheduler_job.py:190} INFO - Processing /home/agalli/sandbox/lib/python3.6/site-packages/airflow/example_dags/example_trigger_controller_dag.py took 0.325 seconds
[2022-02-12 13:57:57,483] {scheduler_job.py:182} INFO - Started process (PID=2196) to work on /home/agalli/sandbox/lib/python3.6/site-packages/airflow/example_dags/example_trigger_controller_dag.py
[2022-02-12 13:57:57,485] {scheduler_job.py:633} INFO - Processing file /home/agalli/sandbox/lib/python3.6/site-packages/airflow/example_dags/example_trigger_controller_dag.py for tasks to queue
[2022-02-12 13:57:57,493] {logging_mixin.py:104} INFO - [2022-02-12 13:57:57,492] {dagbag.py:487} INFO - Filling up the DagBag from /home/agalli/sandbox/lib/python3.6/site-packages/airflow/example_dags/example_trigger_controller_dag.py
[2022-02-12 13:57:57,541] {scheduler_job.py:643} INFO - DAG(s) dict_keys(['example_trigger_controller_dag']) retrieved from /home/agalli/sandbox/lib/python3.6/site-packages/airflow/example_dags/example_trigger_controller_dag.py
[2022-02-12 13:57:57,687] {logging_mixin.py:104} INFO - [2022-02-12 13:57:57,687] {dag.py:1832} INFO - Sync 1 DAGs
[2022-02-12 13:57:57,779] {logging_mixin.py:104} INFO - [2022-02-12 13:57:57,778] {dag.py:2305} INFO - Setting next_dagrun for example_trigger_controller_dag to 2022-02-10 00:00:00+00:00
[2022-02-12 13:57:57,808] {scheduler_job.py:190} INFO - Processing /home/agalli/sandbox/lib/python3.6/site-packages/airflow/example_dags/example_trigger_controller_dag.py took 0.334 seconds
[2022-02-12 13:58:28,893] {scheduler_job.py:182} INFO - Started process (PID=2400) to work on /home/agalli/sandbox/lib/python3.6/site-packages/airflow/example_dags/example_trigger_controller_dag.py
[2022-02-12 13:58:28,895] {scheduler_job.py:633} INFO - Processing file /home/agalli/sandbox/lib/python3.6/site-packages/airflow/example_dags/example_trigger_controller_dag.py for tasks to queue
[2022-02-12 13:58:28,895] {logging_mixin.py:104} INFO - [2022-02-12 13:58:28,895] {dagbag.py:487} INFO - Filling up the DagBag from /home/agalli/sandbox/lib/python3.6/site-packages/airflow/example_dags/example_trigger_controller_dag.py
[2022-02-12 13:58:28,907] {scheduler_job.py:643} INFO - DAG(s) dict_keys(['example_trigger_controller_dag']) retrieved from /home/agalli/sandbox/lib/python3.6/site-packages/airflow/example_dags/example_trigger_controller_dag.py
[2022-02-12 13:58:28,941] {logging_mixin.py:104} INFO - [2022-02-12 13:58:28,941] {dag.py:1832} INFO - Sync 1 DAGs
[2022-02-12 13:58:28,965] {logging_mixin.py:104} INFO - [2022-02-12 13:58:28,964] {dag.py:2305} INFO - Setting next_dagrun for example_trigger_controller_dag to 2022-02-10 00:00:00+00:00
[2022-02-12 13:58:28,980] {scheduler_job.py:190} INFO - Processing /home/agalli/sandbox/lib/python3.6/site-packages/airflow/example_dags/example_trigger_controller_dag.py took 0.091 seconds
[2022-02-12 13:58:59,997] {scheduler_job.py:182} INFO - Started process (PID=2603) to work on /home/agalli/sandbox/lib/python3.6/site-packages/airflow/example_dags/example_trigger_controller_dag.py
[2022-02-12 13:58:59,999] {scheduler_job.py:633} INFO - Processing file /home/agalli/sandbox/lib/python3.6/site-packages/airflow/example_dags/example_trigger_controller_dag.py for tasks to queue
[2022-02-12 13:59:00,000] {logging_mixin.py:104} INFO - [2022-02-12 13:59:00,000] {dagbag.py:487} INFO - Filling up the DagBag from /home/agalli/sandbox/lib/python3.6/site-packages/airflow/example_dags/example_trigger_controller_dag.py
[2022-02-12 13:59:00,027] {scheduler_job.py:643} INFO - DAG(s) dict_keys(['example_trigger_controller_dag']) retrieved from /home/agalli/sandbox/lib/python3.6/site-packages/airflow/example_dags/example_trigger_controller_dag.py
[2022-02-12 13:59:00,070] {logging_mixin.py:104} INFO - [2022-02-12 13:59:00,070] {dag.py:1832} INFO - Sync 1 DAGs
[2022-02-12 13:59:00,090] {logging_mixin.py:104} INFO - [2022-02-12 13:59:00,090] {dag.py:2305} INFO - Setting next_dagrun for example_trigger_controller_dag to 2022-02-10 00:00:00+00:00
[2022-02-12 13:59:00,103] {scheduler_job.py:190} INFO - Processing /home/agalli/sandbox/lib/python3.6/site-packages/airflow/example_dags/example_trigger_controller_dag.py took 0.112 seconds
[2022-02-12 13:59:30,975] {scheduler_job.py:182} INFO - Started process (PID=2803) to work on /home/agalli/sandbox/lib/python3.6/site-packages/airflow/example_dags/example_trigger_controller_dag.py
[2022-02-12 13:59:30,976] {scheduler_job.py:633} INFO - Processing file /home/agalli/sandbox/lib/python3.6/site-packages/airflow/example_dags/example_trigger_controller_dag.py for tasks to queue
[2022-02-12 13:59:30,977] {logging_mixin.py:104} INFO - [2022-02-12 13:59:30,977] {dagbag.py:487} INFO - Filling up the DagBag from /home/agalli/sandbox/lib/python3.6/site-packages/airflow/example_dags/example_trigger_controller_dag.py
[2022-02-12 13:59:30,990] {scheduler_job.py:643} INFO - DAG(s) dict_keys(['example_trigger_controller_dag']) retrieved from /home/agalli/sandbox/lib/python3.6/site-packages/airflow/example_dags/example_trigger_controller_dag.py
[2022-02-12 13:59:31,021] {logging_mixin.py:104} INFO - [2022-02-12 13:59:31,021] {dag.py:1832} INFO - Sync 1 DAGs
[2022-02-12 13:59:31,041] {logging_mixin.py:104} INFO - [2022-02-12 13:59:31,041] {dag.py:2305} INFO - Setting next_dagrun for example_trigger_controller_dag to 2022-02-10 00:00:00+00:00
[2022-02-12 13:59:31,055] {scheduler_job.py:190} INFO - Processing /home/agalli/sandbox/lib/python3.6/site-packages/airflow/example_dags/example_trigger_controller_dag.py took 0.085 seconds
[2022-02-12 14:00:02,910] {scheduler_job.py:182} INFO - Started process (PID=3068) to work on /home/agalli/sandbox/lib/python3.6/site-packages/airflow/example_dags/example_trigger_controller_dag.py
[2022-02-12 14:00:02,913] {scheduler_job.py:633} INFO - Processing file /home/agalli/sandbox/lib/python3.6/site-packages/airflow/example_dags/example_trigger_controller_dag.py for tasks to queue
[2022-02-12 14:00:02,914] {logging_mixin.py:104} INFO - [2022-02-12 14:00:02,914] {dagbag.py:487} INFO - Filling up the DagBag from /home/agalli/sandbox/lib/python3.6/site-packages/airflow/example_dags/example_trigger_controller_dag.py
[2022-02-12 14:00:02,953] {scheduler_job.py:643} INFO - DAG(s) dict_keys(['example_trigger_controller_dag']) retrieved from /home/agalli/sandbox/lib/python3.6/site-packages/airflow/example_dags/example_trigger_controller_dag.py
[2022-02-12 14:00:03,049] {logging_mixin.py:104} INFO - [2022-02-12 14:00:03,049] {dag.py:1832} INFO - Sync 1 DAGs
[2022-02-12 14:00:03,111] {logging_mixin.py:104} INFO - [2022-02-12 14:00:03,110] {dag.py:2305} INFO - Setting next_dagrun for example_trigger_controller_dag to 2022-02-10 00:00:00+00:00
[2022-02-12 14:00:03,141] {scheduler_job.py:190} INFO - Processing /home/agalli/sandbox/lib/python3.6/site-packages/airflow/example_dags/example_trigger_controller_dag.py took 0.237 seconds
[2022-02-12 14:00:33,339] {scheduler_job.py:182} INFO - Started process (PID=3420) to work on /home/agalli/sandbox/lib/python3.6/site-packages/airflow/example_dags/example_trigger_controller_dag.py
[2022-02-12 14:00:33,341] {scheduler_job.py:633} INFO - Processing file /home/agalli/sandbox/lib/python3.6/site-packages/airflow/example_dags/example_trigger_controller_dag.py for tasks to queue
[2022-02-12 14:00:33,342] {logging_mixin.py:104} INFO - [2022-02-12 14:00:33,342] {dagbag.py:487} INFO - Filling up the DagBag from /home/agalli/sandbox/lib/python3.6/site-packages/airflow/example_dags/example_trigger_controller_dag.py
[2022-02-12 14:00:33,361] {scheduler_job.py:643} INFO - DAG(s) dict_keys(['example_trigger_controller_dag']) retrieved from /home/agalli/sandbox/lib/python3.6/site-packages/airflow/example_dags/example_trigger_controller_dag.py
[2022-02-12 14:00:33,432] {logging_mixin.py:104} INFO - [2022-02-12 14:00:33,432] {dag.py:1832} INFO - Sync 1 DAGs
[2022-02-12 14:00:33,467] {logging_mixin.py:104} INFO - [2022-02-12 14:00:33,467] {dag.py:2305} INFO - Setting next_dagrun for example_trigger_controller_dag to 2022-02-10 00:00:00+00:00
[2022-02-12 14:00:33,498] {scheduler_job.py:190} INFO - Processing /home/agalli/sandbox/lib/python3.6/site-packages/airflow/example_dags/example_trigger_controller_dag.py took 0.165 seconds
[2022-02-12 14:01:04,063] {scheduler_job.py:182} INFO - Started process (PID=3912) to work on /home/agalli/sandbox/lib/python3.6/site-packages/airflow/example_dags/example_trigger_controller_dag.py
[2022-02-12 14:01:04,069] {scheduler_job.py:633} INFO - Processing file /home/agalli/sandbox/lib/python3.6/site-packages/airflow/example_dags/example_trigger_controller_dag.py for tasks to queue
[2022-02-12 14:01:04,071] {logging_mixin.py:104} INFO - [2022-02-12 14:01:04,071] {dagbag.py:487} INFO - Filling up the DagBag from /home/agalli/sandbox/lib/python3.6/site-packages/airflow/example_dags/example_trigger_controller_dag.py
[2022-02-12 14:01:04,105] {scheduler_job.py:643} INFO - DAG(s) dict_keys(['example_trigger_controller_dag']) retrieved from /home/agalli/sandbox/lib/python3.6/site-packages/airflow/example_dags/example_trigger_controller_dag.py
[2022-02-12 14:01:04,243] {logging_mixin.py:104} INFO - [2022-02-12 14:01:04,242] {dag.py:1832} INFO - Sync 1 DAGs
[2022-02-12 14:01:04,294] {logging_mixin.py:104} INFO - [2022-02-12 14:01:04,293] {dag.py:2305} INFO - Setting next_dagrun for example_trigger_controller_dag to 2022-02-10 00:00:00+00:00
[2022-02-12 14:01:04,351] {scheduler_job.py:190} INFO - Processing /home/agalli/sandbox/lib/python3.6/site-packages/airflow/example_dags/example_trigger_controller_dag.py took 0.300 seconds
[2022-02-12 14:01:34,561] {scheduler_job.py:182} INFO - Started process (PID=5280) to work on /home/agalli/sandbox/lib/python3.6/site-packages/airflow/example_dags/example_trigger_controller_dag.py
[2022-02-12 14:01:34,563] {scheduler_job.py:633} INFO - Processing file /home/agalli/sandbox/lib/python3.6/site-packages/airflow/example_dags/example_trigger_controller_dag.py for tasks to queue
[2022-02-12 14:01:34,564] {logging_mixin.py:104} INFO - [2022-02-12 14:01:34,564] {dagbag.py:487} INFO - Filling up the DagBag from /home/agalli/sandbox/lib/python3.6/site-packages/airflow/example_dags/example_trigger_controller_dag.py
[2022-02-12 14:01:34,578] {scheduler_job.py:643} INFO - DAG(s) dict_keys(['example_trigger_controller_dag']) retrieved from /home/agalli/sandbox/lib/python3.6/site-packages/airflow/example_dags/example_trigger_controller_dag.py
[2022-02-12 14:01:34,618] {logging_mixin.py:104} INFO - [2022-02-12 14:01:34,618] {dag.py:1832} INFO - Sync 1 DAGs
[2022-02-12 14:01:34,645] {logging_mixin.py:104} INFO - [2022-02-12 14:01:34,645] {dag.py:2305} INFO - Setting next_dagrun for example_trigger_controller_dag to 2022-02-10 00:00:00+00:00
[2022-02-12 14:01:34,665] {scheduler_job.py:190} INFO - Processing /home/agalli/sandbox/lib/python3.6/site-packages/airflow/example_dags/example_trigger_controller_dag.py took 0.109 seconds
[2022-02-12 14:02:04,937] {scheduler_job.py:182} INFO - Started process (PID=5521) to work on /home/agalli/sandbox/lib/python3.6/site-packages/airflow/example_dags/example_trigger_controller_dag.py
[2022-02-12 14:02:04,938] {scheduler_job.py:633} INFO - Processing file /home/agalli/sandbox/lib/python3.6/site-packages/airflow/example_dags/example_trigger_controller_dag.py for tasks to queue
[2022-02-12 14:02:04,939] {logging_mixin.py:104} INFO - [2022-02-12 14:02:04,939] {dagbag.py:487} INFO - Filling up the DagBag from /home/agalli/sandbox/lib/python3.6/site-packages/airflow/example_dags/example_trigger_controller_dag.py
[2022-02-12 14:02:04,954] {scheduler_job.py:643} INFO - DAG(s) dict_keys(['example_trigger_controller_dag']) retrieved from /home/agalli/sandbox/lib/python3.6/site-packages/airflow/example_dags/example_trigger_controller_dag.py
[2022-02-12 14:02:04,990] {logging_mixin.py:104} INFO - [2022-02-12 14:02:04,989] {dag.py:1832} INFO - Sync 1 DAGs
[2022-02-12 14:02:05,009] {logging_mixin.py:104} INFO - [2022-02-12 14:02:05,009] {dag.py:2305} INFO - Setting next_dagrun for example_trigger_controller_dag to 2022-02-10 00:00:00+00:00
[2022-02-12 14:02:05,029] {scheduler_job.py:190} INFO - Processing /home/agalli/sandbox/lib/python3.6/site-packages/airflow/example_dags/example_trigger_controller_dag.py took 0.096 seconds
[2022-02-12 14:02:35,769] {scheduler_job.py:182} INFO - Started process (PID=5843) to work on /home/agalli/sandbox/lib/python3.6/site-packages/airflow/example_dags/example_trigger_controller_dag.py
[2022-02-12 14:02:35,770] {scheduler_job.py:633} INFO - Processing file /home/agalli/sandbox/lib/python3.6/site-packages/airflow/example_dags/example_trigger_controller_dag.py for tasks to queue
[2022-02-12 14:02:35,771] {logging_mixin.py:104} INFO - [2022-02-12 14:02:35,771] {dagbag.py:487} INFO - Filling up the DagBag from /home/agalli/sandbox/lib/python3.6/site-packages/airflow/example_dags/example_trigger_controller_dag.py
[2022-02-12 14:02:35,785] {scheduler_job.py:643} INFO - DAG(s) dict_keys(['example_trigger_controller_dag']) retrieved from /home/agalli/sandbox/lib/python3.6/site-packages/airflow/example_dags/example_trigger_controller_dag.py
[2022-02-12 14:02:35,815] {logging_mixin.py:104} INFO - [2022-02-12 14:02:35,815] {dag.py:1832} INFO - Sync 1 DAGs
[2022-02-12 14:02:35,831] {logging_mixin.py:104} INFO - [2022-02-12 14:02:35,831] {dag.py:2305} INFO - Setting next_dagrun for example_trigger_controller_dag to 2022-02-10 00:00:00+00:00
[2022-02-12 14:02:35,849] {scheduler_job.py:190} INFO - Processing /home/agalli/sandbox/lib/python3.6/site-packages/airflow/example_dags/example_trigger_controller_dag.py took 0.084 seconds
[2022-02-12 14:03:06,110] {scheduler_job.py:182} INFO - Started process (PID=6045) to work on /home/agalli/sandbox/lib/python3.6/site-packages/airflow/example_dags/example_trigger_controller_dag.py
[2022-02-12 14:03:06,115] {scheduler_job.py:633} INFO - Processing file /home/agalli/sandbox/lib/python3.6/site-packages/airflow/example_dags/example_trigger_controller_dag.py for tasks to queue
[2022-02-12 14:03:06,117] {logging_mixin.py:104} INFO - [2022-02-12 14:03:06,117] {dagbag.py:487} INFO - Filling up the DagBag from /home/agalli/sandbox/lib/python3.6/site-packages/airflow/example_dags/example_trigger_controller_dag.py
[2022-02-12 14:03:06,131] {scheduler_job.py:643} INFO - DAG(s) dict_keys(['example_trigger_controller_dag']) retrieved from /home/agalli/sandbox/lib/python3.6/site-packages/airflow/example_dags/example_trigger_controller_dag.py
[2022-02-12 14:03:06,170] {logging_mixin.py:104} INFO - [2022-02-12 14:03:06,169] {dag.py:1832} INFO - Sync 1 DAGs
[2022-02-12 14:03:06,202] {logging_mixin.py:104} INFO - [2022-02-12 14:03:06,201] {dag.py:2305} INFO - Setting next_dagrun for example_trigger_controller_dag to 2022-02-10 00:00:00+00:00
[2022-02-12 14:03:06,220] {scheduler_job.py:190} INFO - Processing /home/agalli/sandbox/lib/python3.6/site-packages/airflow/example_dags/example_trigger_controller_dag.py took 0.115 seconds
[2022-02-12 14:20:18,674] {scheduler_job.py:182} INFO - Started process (PID=7040) to work on /home/agalli/sandbox/lib/python3.6/site-packages/airflow/example_dags/example_trigger_controller_dag.py
[2022-02-12 14:20:18,675] {scheduler_job.py:633} INFO - Processing file /home/agalli/sandbox/lib/python3.6/site-packages/airflow/example_dags/example_trigger_controller_dag.py for tasks to queue
[2022-02-12 14:20:18,676] {logging_mixin.py:104} INFO - [2022-02-12 14:20:18,676] {dagbag.py:487} INFO - Filling up the DagBag from /home/agalli/sandbox/lib/python3.6/site-packages/airflow/example_dags/example_trigger_controller_dag.py
[2022-02-12 14:20:18,689] {scheduler_job.py:643} INFO - DAG(s) dict_keys(['example_trigger_controller_dag']) retrieved from /home/agalli/sandbox/lib/python3.6/site-packages/airflow/example_dags/example_trigger_controller_dag.py
[2022-02-12 14:20:18,720] {logging_mixin.py:104} INFO - [2022-02-12 14:20:18,720] {dag.py:1832} INFO - Sync 1 DAGs
[2022-02-12 14:20:18,740] {logging_mixin.py:104} INFO - [2022-02-12 14:20:18,740] {dag.py:2305} INFO - Setting next_dagrun for example_trigger_controller_dag to 2022-02-10 00:00:00+00:00
[2022-02-12 14:20:18,756] {scheduler_job.py:190} INFO - Processing /home/agalli/sandbox/lib/python3.6/site-packages/airflow/example_dags/example_trigger_controller_dag.py took 0.086 seconds
[2022-02-12 14:20:49,539] {scheduler_job.py:182} INFO - Started process (PID=7242) to work on /home/agalli/sandbox/lib/python3.6/site-packages/airflow/example_dags/example_trigger_controller_dag.py
[2022-02-12 14:20:49,541] {scheduler_job.py:633} INFO - Processing file /home/agalli/sandbox/lib/python3.6/site-packages/airflow/example_dags/example_trigger_controller_dag.py for tasks to queue
[2022-02-12 14:20:49,541] {logging_mixin.py:104} INFO - [2022-02-12 14:20:49,541] {dagbag.py:487} INFO - Filling up the DagBag from /home/agalli/sandbox/lib/python3.6/site-packages/airflow/example_dags/example_trigger_controller_dag.py
[2022-02-12 14:20:49,560] {scheduler_job.py:643} INFO - DAG(s) dict_keys(['example_trigger_controller_dag']) retrieved from /home/agalli/sandbox/lib/python3.6/site-packages/airflow/example_dags/example_trigger_controller_dag.py
[2022-02-12 14:20:49,592] {logging_mixin.py:104} INFO - [2022-02-12 14:20:49,592] {dag.py:1832} INFO - Sync 1 DAGs
[2022-02-12 14:20:49,614] {logging_mixin.py:104} INFO - [2022-02-12 14:20:49,614] {dag.py:2305} INFO - Setting next_dagrun for example_trigger_controller_dag to 2022-02-10 00:00:00+00:00
[2022-02-12 14:20:49,628] {scheduler_job.py:190} INFO - Processing /home/agalli/sandbox/lib/python3.6/site-packages/airflow/example_dags/example_trigger_controller_dag.py took 0.095 seconds
[2022-02-12 14:21:20,174] {scheduler_job.py:182} INFO - Started process (PID=7444) to work on /home/agalli/sandbox/lib/python3.6/site-packages/airflow/example_dags/example_trigger_controller_dag.py
[2022-02-12 14:21:20,180] {scheduler_job.py:633} INFO - Processing file /home/agalli/sandbox/lib/python3.6/site-packages/airflow/example_dags/example_trigger_controller_dag.py for tasks to queue
[2022-02-12 14:21:20,181] {logging_mixin.py:104} INFO - [2022-02-12 14:21:20,181] {dagbag.py:487} INFO - Filling up the DagBag from /home/agalli/sandbox/lib/python3.6/site-packages/airflow/example_dags/example_trigger_controller_dag.py
[2022-02-12 14:21:20,198] {scheduler_job.py:643} INFO - DAG(s) dict_keys(['example_trigger_controller_dag']) retrieved from /home/agalli/sandbox/lib/python3.6/site-packages/airflow/example_dags/example_trigger_controller_dag.py
[2022-02-12 14:21:20,272] {logging_mixin.py:104} INFO - [2022-02-12 14:21:20,271] {dag.py:1832} INFO - Sync 1 DAGs
[2022-02-12 14:21:20,355] {logging_mixin.py:104} INFO - [2022-02-12 14:21:20,355] {dag.py:2305} INFO - Setting next_dagrun for example_trigger_controller_dag to 2022-02-10 00:00:00+00:00
[2022-02-12 14:21:20,402] {scheduler_job.py:190} INFO - Processing /home/agalli/sandbox/lib/python3.6/site-packages/airflow/example_dags/example_trigger_controller_dag.py took 0.236 seconds
[2022-02-12 14:21:51,160] {scheduler_job.py:182} INFO - Started process (PID=7646) to work on /home/agalli/sandbox/lib/python3.6/site-packages/airflow/example_dags/example_trigger_controller_dag.py
[2022-02-12 14:21:51,161] {scheduler_job.py:633} INFO - Processing file /home/agalli/sandbox/lib/python3.6/site-packages/airflow/example_dags/example_trigger_controller_dag.py for tasks to queue
[2022-02-12 14:21:51,163] {logging_mixin.py:104} INFO - [2022-02-12 14:21:51,162] {dagbag.py:487} INFO - Filling up the DagBag from /home/agalli/sandbox/lib/python3.6/site-packages/airflow/example_dags/example_trigger_controller_dag.py
[2022-02-12 14:21:51,174] {scheduler_job.py:643} INFO - DAG(s) dict_keys(['example_trigger_controller_dag']) retrieved from /home/agalli/sandbox/lib/python3.6/site-packages/airflow/example_dags/example_trigger_controller_dag.py
[2022-02-12 14:21:51,207] {logging_mixin.py:104} INFO - [2022-02-12 14:21:51,207] {dag.py:1832} INFO - Sync 1 DAGs
[2022-02-12 14:21:51,225] {logging_mixin.py:104} INFO - [2022-02-12 14:21:51,225] {dag.py:2305} INFO - Setting next_dagrun for example_trigger_controller_dag to 2022-02-10 00:00:00+00:00
[2022-02-12 14:21:51,239] {scheduler_job.py:190} INFO - Processing /home/agalli/sandbox/lib/python3.6/site-packages/airflow/example_dags/example_trigger_controller_dag.py took 0.083 seconds
[2022-02-12 14:22:22,147] {scheduler_job.py:182} INFO - Started process (PID=7848) to work on /home/agalli/sandbox/lib/python3.6/site-packages/airflow/example_dags/example_trigger_controller_dag.py
[2022-02-12 14:22:22,149] {scheduler_job.py:633} INFO - Processing file /home/agalli/sandbox/lib/python3.6/site-packages/airflow/example_dags/example_trigger_controller_dag.py for tasks to queue
[2022-02-12 14:22:22,149] {logging_mixin.py:104} INFO - [2022-02-12 14:22:22,149] {dagbag.py:487} INFO - Filling up the DagBag from /home/agalli/sandbox/lib/python3.6/site-packages/airflow/example_dags/example_trigger_controller_dag.py
[2022-02-12 14:22:22,160] {scheduler_job.py:643} INFO - DAG(s) dict_keys(['example_trigger_controller_dag']) retrieved from /home/agalli/sandbox/lib/python3.6/site-packages/airflow/example_dags/example_trigger_controller_dag.py
[2022-02-12 14:22:22,193] {logging_mixin.py:104} INFO - [2022-02-12 14:22:22,192] {dag.py:1832} INFO - Sync 1 DAGs
[2022-02-12 14:22:22,214] {logging_mixin.py:104} INFO - [2022-02-12 14:22:22,214] {dag.py:2305} INFO - Setting next_dagrun for example_trigger_controller_dag to 2022-02-10 00:00:00+00:00
[2022-02-12 14:22:22,236] {scheduler_job.py:190} INFO - Processing /home/agalli/sandbox/lib/python3.6/site-packages/airflow/example_dags/example_trigger_controller_dag.py took 0.092 seconds
[2022-02-12 14:22:53,200] {scheduler_job.py:182} INFO - Started process (PID=8050) to work on /home/agalli/sandbox/lib/python3.6/site-packages/airflow/example_dags/example_trigger_controller_dag.py
[2022-02-12 14:22:53,203] {scheduler_job.py:633} INFO - Processing file /home/agalli/sandbox/lib/python3.6/site-packages/airflow/example_dags/example_trigger_controller_dag.py for tasks to queue
[2022-02-12 14:22:53,205] {logging_mixin.py:104} INFO - [2022-02-12 14:22:53,204] {dagbag.py:487} INFO - Filling up the DagBag from /home/agalli/sandbox/lib/python3.6/site-packages/airflow/example_dags/example_trigger_controller_dag.py
[2022-02-12 14:22:53,220] {scheduler_job.py:643} INFO - DAG(s) dict_keys(['example_trigger_controller_dag']) retrieved from /home/agalli/sandbox/lib/python3.6/site-packages/airflow/example_dags/example_trigger_controller_dag.py
[2022-02-12 14:22:53,251] {logging_mixin.py:104} INFO - [2022-02-12 14:22:53,251] {dag.py:1832} INFO - Sync 1 DAGs
[2022-02-12 14:22:53,274] {logging_mixin.py:104} INFO - [2022-02-12 14:22:53,273] {dag.py:2305} INFO - Setting next_dagrun for example_trigger_controller_dag to 2022-02-10 00:00:00+00:00
[2022-02-12 14:22:53,290] {scheduler_job.py:190} INFO - Processing /home/agalli/sandbox/lib/python3.6/site-packages/airflow/example_dags/example_trigger_controller_dag.py took 0.097 seconds
[2022-02-12 14:23:24,389] {scheduler_job.py:182} INFO - Started process (PID=8252) to work on /home/agalli/sandbox/lib/python3.6/site-packages/airflow/example_dags/example_trigger_controller_dag.py
[2022-02-12 14:23:24,390] {scheduler_job.py:633} INFO - Processing file /home/agalli/sandbox/lib/python3.6/site-packages/airflow/example_dags/example_trigger_controller_dag.py for tasks to queue
[2022-02-12 14:23:24,391] {logging_mixin.py:104} INFO - [2022-02-12 14:23:24,391] {dagbag.py:487} INFO - Filling up the DagBag from /home/agalli/sandbox/lib/python3.6/site-packages/airflow/example_dags/example_trigger_controller_dag.py
[2022-02-12 14:23:24,407] {scheduler_job.py:643} INFO - DAG(s) dict_keys(['example_trigger_controller_dag']) retrieved from /home/agalli/sandbox/lib/python3.6/site-packages/airflow/example_dags/example_trigger_controller_dag.py
[2022-02-12 14:23:24,448] {logging_mixin.py:104} INFO - [2022-02-12 14:23:24,448] {dag.py:1832} INFO - Sync 1 DAGs
[2022-02-12 14:23:24,474] {logging_mixin.py:104} INFO - [2022-02-12 14:23:24,473] {dag.py:2305} INFO - Setting next_dagrun for example_trigger_controller_dag to 2022-02-10 00:00:00+00:00
[2022-02-12 14:23:24,492] {scheduler_job.py:190} INFO - Processing /home/agalli/sandbox/lib/python3.6/site-packages/airflow/example_dags/example_trigger_controller_dag.py took 0.109 seconds
[2022-02-12 14:23:54,929] {scheduler_job.py:182} INFO - Started process (PID=8455) to work on /home/agalli/sandbox/lib/python3.6/site-packages/airflow/example_dags/example_trigger_controller_dag.py
[2022-02-12 14:23:54,930] {scheduler_job.py:633} INFO - Processing file /home/agalli/sandbox/lib/python3.6/site-packages/airflow/example_dags/example_trigger_controller_dag.py for tasks to queue
[2022-02-12 14:23:54,931] {logging_mixin.py:104} INFO - [2022-02-12 14:23:54,931] {dagbag.py:487} INFO - Filling up the DagBag from /home/agalli/sandbox/lib/python3.6/site-packages/airflow/example_dags/example_trigger_controller_dag.py
[2022-02-12 14:23:54,945] {scheduler_job.py:643} INFO - DAG(s) dict_keys(['example_trigger_controller_dag']) retrieved from /home/agalli/sandbox/lib/python3.6/site-packages/airflow/example_dags/example_trigger_controller_dag.py
[2022-02-12 14:23:54,976] {logging_mixin.py:104} INFO - [2022-02-12 14:23:54,976] {dag.py:1832} INFO - Sync 1 DAGs
[2022-02-12 14:23:54,994] {logging_mixin.py:104} INFO - [2022-02-12 14:23:54,994] {dag.py:2305} INFO - Setting next_dagrun for example_trigger_controller_dag to 2022-02-10 00:00:00+00:00
[2022-02-12 14:23:55,006] {scheduler_job.py:190} INFO - Processing /home/agalli/sandbox/lib/python3.6/site-packages/airflow/example_dags/example_trigger_controller_dag.py took 0.083 seconds
[2022-02-12 14:24:26,762] {scheduler_job.py:182} INFO - Started process (PID=8657) to work on /home/agalli/sandbox/lib/python3.6/site-packages/airflow/example_dags/example_trigger_controller_dag.py
[2022-02-12 14:24:26,768] {scheduler_job.py:633} INFO - Processing file /home/agalli/sandbox/lib/python3.6/site-packages/airflow/example_dags/example_trigger_controller_dag.py for tasks to queue
[2022-02-12 14:24:26,770] {logging_mixin.py:104} INFO - [2022-02-12 14:24:26,769] {dagbag.py:487} INFO - Filling up the DagBag from /home/agalli/sandbox/lib/python3.6/site-packages/airflow/example_dags/example_trigger_controller_dag.py
[2022-02-12 14:24:26,795] {scheduler_job.py:643} INFO - DAG(s) dict_keys(['example_trigger_controller_dag']) retrieved from /home/agalli/sandbox/lib/python3.6/site-packages/airflow/example_dags/example_trigger_controller_dag.py
[2022-02-12 14:24:26,872] {logging_mixin.py:104} INFO - [2022-02-12 14:24:26,872] {dag.py:1832} INFO - Sync 1 DAGs
[2022-02-12 14:24:26,940] {logging_mixin.py:104} INFO - [2022-02-12 14:24:26,940] {dag.py:2305} INFO - Setting next_dagrun for example_trigger_controller_dag to 2022-02-10 00:00:00+00:00
[2022-02-12 14:24:27,016] {scheduler_job.py:190} INFO - Processing /home/agalli/sandbox/lib/python3.6/site-packages/airflow/example_dags/example_trigger_controller_dag.py took 0.260 seconds
[2022-02-12 14:24:58,091] {scheduler_job.py:182} INFO - Started process (PID=8853) to work on /home/agalli/sandbox/lib/python3.6/site-packages/airflow/example_dags/example_trigger_controller_dag.py
[2022-02-12 14:24:58,092] {scheduler_job.py:633} INFO - Processing file /home/agalli/sandbox/lib/python3.6/site-packages/airflow/example_dags/example_trigger_controller_dag.py for tasks to queue
[2022-02-12 14:24:58,093] {logging_mixin.py:104} INFO - [2022-02-12 14:24:58,093] {dagbag.py:487} INFO - Filling up the DagBag from /home/agalli/sandbox/lib/python3.6/site-packages/airflow/example_dags/example_trigger_controller_dag.py
[2022-02-12 14:24:58,110] {scheduler_job.py:643} INFO - DAG(s) dict_keys(['example_trigger_controller_dag']) retrieved from /home/agalli/sandbox/lib/python3.6/site-packages/airflow/example_dags/example_trigger_controller_dag.py
[2022-02-12 14:24:58,148] {logging_mixin.py:104} INFO - [2022-02-12 14:24:58,148] {dag.py:1832} INFO - Sync 1 DAGs
[2022-02-12 14:24:58,176] {logging_mixin.py:104} INFO - [2022-02-12 14:24:58,176] {dag.py:2305} INFO - Setting next_dagrun for example_trigger_controller_dag to 2022-02-10 00:00:00+00:00
[2022-02-12 14:24:58,270] {scheduler_job.py:190} INFO - Processing /home/agalli/sandbox/lib/python3.6/site-packages/airflow/example_dags/example_trigger_controller_dag.py took 0.184 seconds
[2022-02-12 14:25:29,324] {scheduler_job.py:182} INFO - Started process (PID=9174) to work on /home/agalli/sandbox/lib/python3.6/site-packages/airflow/example_dags/example_trigger_controller_dag.py
[2022-02-12 14:25:29,325] {scheduler_job.py:633} INFO - Processing file /home/agalli/sandbox/lib/python3.6/site-packages/airflow/example_dags/example_trigger_controller_dag.py for tasks to queue
[2022-02-12 14:25:29,326] {logging_mixin.py:104} INFO - [2022-02-12 14:25:29,326] {dagbag.py:487} INFO - Filling up the DagBag from /home/agalli/sandbox/lib/python3.6/site-packages/airflow/example_dags/example_trigger_controller_dag.py
[2022-02-12 14:25:29,348] {scheduler_job.py:643} INFO - DAG(s) dict_keys(['example_trigger_controller_dag']) retrieved from /home/agalli/sandbox/lib/python3.6/site-packages/airflow/example_dags/example_trigger_controller_dag.py
[2022-02-12 14:25:29,387] {logging_mixin.py:104} INFO - [2022-02-12 14:25:29,386] {dag.py:1832} INFO - Sync 1 DAGs
[2022-02-12 14:25:29,413] {logging_mixin.py:104} INFO - [2022-02-12 14:25:29,413] {dag.py:2305} INFO - Setting next_dagrun for example_trigger_controller_dag to 2022-02-10 00:00:00+00:00
[2022-02-12 14:25:29,431] {scheduler_job.py:190} INFO - Processing /home/agalli/sandbox/lib/python3.6/site-packages/airflow/example_dags/example_trigger_controller_dag.py took 0.113 seconds
[2022-02-12 14:25:59,535] {scheduler_job.py:182} INFO - Started process (PID=9366) to work on /home/agalli/sandbox/lib/python3.6/site-packages/airflow/example_dags/example_trigger_controller_dag.py
[2022-02-12 14:25:59,537] {scheduler_job.py:633} INFO - Processing file /home/agalli/sandbox/lib/python3.6/site-packages/airflow/example_dags/example_trigger_controller_dag.py for tasks to queue
[2022-02-12 14:25:59,538] {logging_mixin.py:104} INFO - [2022-02-12 14:25:59,537] {dagbag.py:487} INFO - Filling up the DagBag from /home/agalli/sandbox/lib/python3.6/site-packages/airflow/example_dags/example_trigger_controller_dag.py
[2022-02-12 14:25:59,562] {scheduler_job.py:643} INFO - DAG(s) dict_keys(['example_trigger_controller_dag']) retrieved from /home/agalli/sandbox/lib/python3.6/site-packages/airflow/example_dags/example_trigger_controller_dag.py
[2022-02-12 14:25:59,595] {logging_mixin.py:104} INFO - [2022-02-12 14:25:59,595] {dag.py:1832} INFO - Sync 1 DAGs
[2022-02-12 14:25:59,621] {logging_mixin.py:104} INFO - [2022-02-12 14:25:59,621] {dag.py:2305} INFO - Setting next_dagrun for example_trigger_controller_dag to 2022-02-10 00:00:00+00:00
[2022-02-12 14:25:59,636] {scheduler_job.py:190} INFO - Processing /home/agalli/sandbox/lib/python3.6/site-packages/airflow/example_dags/example_trigger_controller_dag.py took 0.106 seconds
[2022-02-12 14:26:30,177] {scheduler_job.py:182} INFO - Started process (PID=9568) to work on /home/agalli/sandbox/lib/python3.6/site-packages/airflow/example_dags/example_trigger_controller_dag.py
[2022-02-12 14:26:30,181] {scheduler_job.py:633} INFO - Processing file /home/agalli/sandbox/lib/python3.6/site-packages/airflow/example_dags/example_trigger_controller_dag.py for tasks to queue
[2022-02-12 14:26:30,181] {logging_mixin.py:104} INFO - [2022-02-12 14:26:30,181] {dagbag.py:487} INFO - Filling up the DagBag from /home/agalli/sandbox/lib/python3.6/site-packages/airflow/example_dags/example_trigger_controller_dag.py
[2022-02-12 14:26:30,191] {scheduler_job.py:643} INFO - DAG(s) dict_keys(['example_trigger_controller_dag']) retrieved from /home/agalli/sandbox/lib/python3.6/site-packages/airflow/example_dags/example_trigger_controller_dag.py
[2022-02-12 14:26:30,219] {logging_mixin.py:104} INFO - [2022-02-12 14:26:30,219] {dag.py:1832} INFO - Sync 1 DAGs
[2022-02-12 14:26:30,237] {logging_mixin.py:104} INFO - [2022-02-12 14:26:30,236] {dag.py:2305} INFO - Setting next_dagrun for example_trigger_controller_dag to 2022-02-10 00:00:00+00:00
[2022-02-12 14:26:30,254] {scheduler_job.py:190} INFO - Processing /home/agalli/sandbox/lib/python3.6/site-packages/airflow/example_dags/example_trigger_controller_dag.py took 0.082 seconds
[2022-02-12 14:27:00,477] {scheduler_job.py:182} INFO - Started process (PID=9768) to work on /home/agalli/sandbox/lib/python3.6/site-packages/airflow/example_dags/example_trigger_controller_dag.py
[2022-02-12 14:27:00,479] {scheduler_job.py:633} INFO - Processing file /home/agalli/sandbox/lib/python3.6/site-packages/airflow/example_dags/example_trigger_controller_dag.py for tasks to queue
[2022-02-12 14:27:00,480] {logging_mixin.py:104} INFO - [2022-02-12 14:27:00,480] {dagbag.py:487} INFO - Filling up the DagBag from /home/agalli/sandbox/lib/python3.6/site-packages/airflow/example_dags/example_trigger_controller_dag.py
[2022-02-12 14:27:00,495] {scheduler_job.py:643} INFO - DAG(s) dict_keys(['example_trigger_controller_dag']) retrieved from /home/agalli/sandbox/lib/python3.6/site-packages/airflow/example_dags/example_trigger_controller_dag.py
[2022-02-12 14:27:00,534] {logging_mixin.py:104} INFO - [2022-02-12 14:27:00,534] {dag.py:1832} INFO - Sync 1 DAGs
[2022-02-12 14:27:00,555] {logging_mixin.py:104} INFO - [2022-02-12 14:27:00,555] {dag.py:2305} INFO - Setting next_dagrun for example_trigger_controller_dag to 2022-02-10 00:00:00+00:00
[2022-02-12 14:27:00,573] {scheduler_job.py:190} INFO - Processing /home/agalli/sandbox/lib/python3.6/site-packages/airflow/example_dags/example_trigger_controller_dag.py took 0.102 seconds
[2022-02-12 14:27:31,419] {scheduler_job.py:182} INFO - Started process (PID=9972) to work on /home/agalli/sandbox/lib/python3.6/site-packages/airflow/example_dags/example_trigger_controller_dag.py
[2022-02-12 14:27:31,420] {scheduler_job.py:633} INFO - Processing file /home/agalli/sandbox/lib/python3.6/site-packages/airflow/example_dags/example_trigger_controller_dag.py for tasks to queue
[2022-02-12 14:27:31,421] {logging_mixin.py:104} INFO - [2022-02-12 14:27:31,421] {dagbag.py:487} INFO - Filling up the DagBag from /home/agalli/sandbox/lib/python3.6/site-packages/airflow/example_dags/example_trigger_controller_dag.py
[2022-02-12 14:27:31,432] {scheduler_job.py:643} INFO - DAG(s) dict_keys(['example_trigger_controller_dag']) retrieved from /home/agalli/sandbox/lib/python3.6/site-packages/airflow/example_dags/example_trigger_controller_dag.py
[2022-02-12 14:27:31,459] {logging_mixin.py:104} INFO - [2022-02-12 14:27:31,459] {dag.py:1832} INFO - Sync 1 DAGs
[2022-02-12 14:27:31,481] {logging_mixin.py:104} INFO - [2022-02-12 14:27:31,481] {dag.py:2305} INFO - Setting next_dagrun for example_trigger_controller_dag to 2022-02-10 00:00:00+00:00
[2022-02-12 14:27:31,494] {scheduler_job.py:190} INFO - Processing /home/agalli/sandbox/lib/python3.6/site-packages/airflow/example_dags/example_trigger_controller_dag.py took 0.079 seconds
[2022-02-12 14:28:01,875] {scheduler_job.py:182} INFO - Started process (PID=10175) to work on /home/agalli/sandbox/lib/python3.6/site-packages/airflow/example_dags/example_trigger_controller_dag.py
[2022-02-12 14:28:01,877] {scheduler_job.py:633} INFO - Processing file /home/agalli/sandbox/lib/python3.6/site-packages/airflow/example_dags/example_trigger_controller_dag.py for tasks to queue
[2022-02-12 14:28:01,878] {logging_mixin.py:104} INFO - [2022-02-12 14:28:01,878] {dagbag.py:487} INFO - Filling up the DagBag from /home/agalli/sandbox/lib/python3.6/site-packages/airflow/example_dags/example_trigger_controller_dag.py
[2022-02-12 14:28:01,893] {scheduler_job.py:643} INFO - DAG(s) dict_keys(['example_trigger_controller_dag']) retrieved from /home/agalli/sandbox/lib/python3.6/site-packages/airflow/example_dags/example_trigger_controller_dag.py
[2022-02-12 14:28:01,921] {logging_mixin.py:104} INFO - [2022-02-12 14:28:01,921] {dag.py:1832} INFO - Sync 1 DAGs
[2022-02-12 14:28:01,938] {logging_mixin.py:104} INFO - [2022-02-12 14:28:01,938] {dag.py:2305} INFO - Setting next_dagrun for example_trigger_controller_dag to 2022-02-10 00:00:00+00:00
[2022-02-12 14:28:01,954] {scheduler_job.py:190} INFO - Processing /home/agalli/sandbox/lib/python3.6/site-packages/airflow/example_dags/example_trigger_controller_dag.py took 0.083 seconds
[2022-02-12 14:28:32,293] {scheduler_job.py:182} INFO - Started process (PID=10377) to work on /home/agalli/sandbox/lib/python3.6/site-packages/airflow/example_dags/example_trigger_controller_dag.py
[2022-02-12 14:28:32,294] {scheduler_job.py:633} INFO - Processing file /home/agalli/sandbox/lib/python3.6/site-packages/airflow/example_dags/example_trigger_controller_dag.py for tasks to queue
[2022-02-12 14:28:32,295] {logging_mixin.py:104} INFO - [2022-02-12 14:28:32,295] {dagbag.py:487} INFO - Filling up the DagBag from /home/agalli/sandbox/lib/python3.6/site-packages/airflow/example_dags/example_trigger_controller_dag.py
[2022-02-12 14:28:32,307] {scheduler_job.py:643} INFO - DAG(s) dict_keys(['example_trigger_controller_dag']) retrieved from /home/agalli/sandbox/lib/python3.6/site-packages/airflow/example_dags/example_trigger_controller_dag.py
[2022-02-12 14:28:32,337] {logging_mixin.py:104} INFO - [2022-02-12 14:28:32,337] {dag.py:1832} INFO - Sync 1 DAGs
[2022-02-12 14:28:32,355] {logging_mixin.py:104} INFO - [2022-02-12 14:28:32,354] {dag.py:2305} INFO - Setting next_dagrun for example_trigger_controller_dag to 2022-02-10 00:00:00+00:00
[2022-02-12 14:28:32,370] {scheduler_job.py:190} INFO - Processing /home/agalli/sandbox/lib/python3.6/site-packages/airflow/example_dags/example_trigger_controller_dag.py took 0.081 seconds
[2022-02-12 14:29:02,597] {scheduler_job.py:182} INFO - Started process (PID=10577) to work on /home/agalli/sandbox/lib/python3.6/site-packages/airflow/example_dags/example_trigger_controller_dag.py
[2022-02-12 14:29:02,602] {scheduler_job.py:633} INFO - Processing file /home/agalli/sandbox/lib/python3.6/site-packages/airflow/example_dags/example_trigger_controller_dag.py for tasks to queue
[2022-02-12 14:29:02,603] {logging_mixin.py:104} INFO - [2022-02-12 14:29:02,602] {dagbag.py:487} INFO - Filling up the DagBag from /home/agalli/sandbox/lib/python3.6/site-packages/airflow/example_dags/example_trigger_controller_dag.py
[2022-02-12 14:29:02,617] {scheduler_job.py:643} INFO - DAG(s) dict_keys(['example_trigger_controller_dag']) retrieved from /home/agalli/sandbox/lib/python3.6/site-packages/airflow/example_dags/example_trigger_controller_dag.py
[2022-02-12 14:29:02,649] {logging_mixin.py:104} INFO - [2022-02-12 14:29:02,649] {dag.py:1832} INFO - Sync 1 DAGs
[2022-02-12 14:29:02,670] {logging_mixin.py:104} INFO - [2022-02-12 14:29:02,670] {dag.py:2305} INFO - Setting next_dagrun for example_trigger_controller_dag to 2022-02-10 00:00:00+00:00
[2022-02-12 14:29:02,698] {scheduler_job.py:190} INFO - Processing /home/agalli/sandbox/lib/python3.6/site-packages/airflow/example_dags/example_trigger_controller_dag.py took 0.108 seconds
[2022-02-12 14:29:33,524] {scheduler_job.py:182} INFO - Started process (PID=10779) to work on /home/agalli/sandbox/lib/python3.6/site-packages/airflow/example_dags/example_trigger_controller_dag.py
[2022-02-12 14:29:33,526] {scheduler_job.py:633} INFO - Processing file /home/agalli/sandbox/lib/python3.6/site-packages/airflow/example_dags/example_trigger_controller_dag.py for tasks to queue
[2022-02-12 14:29:33,527] {logging_mixin.py:104} INFO - [2022-02-12 14:29:33,527] {dagbag.py:487} INFO - Filling up the DagBag from /home/agalli/sandbox/lib/python3.6/site-packages/airflow/example_dags/example_trigger_controller_dag.py
[2022-02-12 14:29:33,537] {scheduler_job.py:643} INFO - DAG(s) dict_keys(['example_trigger_controller_dag']) retrieved from /home/agalli/sandbox/lib/python3.6/site-packages/airflow/example_dags/example_trigger_controller_dag.py
[2022-02-12 14:29:33,568] {logging_mixin.py:104} INFO - [2022-02-12 14:29:33,568] {dag.py:1832} INFO - Sync 1 DAGs
[2022-02-12 14:29:33,586] {logging_mixin.py:104} INFO - [2022-02-12 14:29:33,586] {dag.py:2305} INFO - Setting next_dagrun for example_trigger_controller_dag to 2022-02-10 00:00:00+00:00
[2022-02-12 14:29:33,602] {scheduler_job.py:190} INFO - Processing /home/agalli/sandbox/lib/python3.6/site-packages/airflow/example_dags/example_trigger_controller_dag.py took 0.082 seconds
[2022-02-12 14:30:04,367] {scheduler_job.py:182} INFO - Started process (PID=10983) to work on /home/agalli/sandbox/lib/python3.6/site-packages/airflow/example_dags/example_trigger_controller_dag.py
[2022-02-12 14:30:04,368] {scheduler_job.py:633} INFO - Processing file /home/agalli/sandbox/lib/python3.6/site-packages/airflow/example_dags/example_trigger_controller_dag.py for tasks to queue
[2022-02-12 14:30:04,369] {logging_mixin.py:104} INFO - [2022-02-12 14:30:04,369] {dagbag.py:487} INFO - Filling up the DagBag from /home/agalli/sandbox/lib/python3.6/site-packages/airflow/example_dags/example_trigger_controller_dag.py
[2022-02-12 14:30:04,381] {scheduler_job.py:643} INFO - DAG(s) dict_keys(['example_trigger_controller_dag']) retrieved from /home/agalli/sandbox/lib/python3.6/site-packages/airflow/example_dags/example_trigger_controller_dag.py
[2022-02-12 14:30:04,409] {logging_mixin.py:104} INFO - [2022-02-12 14:30:04,409] {dag.py:1832} INFO - Sync 1 DAGs
[2022-02-12 14:30:04,426] {logging_mixin.py:104} INFO - [2022-02-12 14:30:04,426] {dag.py:2305} INFO - Setting next_dagrun for example_trigger_controller_dag to 2022-02-10 00:00:00+00:00
[2022-02-12 14:30:04,444] {scheduler_job.py:190} INFO - Processing /home/agalli/sandbox/lib/python3.6/site-packages/airflow/example_dags/example_trigger_controller_dag.py took 0.081 seconds
[2022-02-12 14:52:11,153] {scheduler_job.py:182} INFO - Started process (PID=14449) to work on /home/agalli/sandbox/lib/python3.6/site-packages/airflow/example_dags/example_trigger_controller_dag.py
[2022-02-12 14:52:11,218] {scheduler_job.py:633} INFO - Processing file /home/agalli/sandbox/lib/python3.6/site-packages/airflow/example_dags/example_trigger_controller_dag.py for tasks to queue
[2022-02-12 14:52:11,220] {logging_mixin.py:104} INFO - [2022-02-12 14:52:11,220] {dagbag.py:487} INFO - Filling up the DagBag from /home/agalli/sandbox/lib/python3.6/site-packages/airflow/example_dags/example_trigger_controller_dag.py
[2022-02-12 14:52:11,416] {scheduler_job.py:643} INFO - DAG(s) dict_keys(['example_trigger_controller_dag']) retrieved from /home/agalli/sandbox/lib/python3.6/site-packages/airflow/example_dags/example_trigger_controller_dag.py
[2022-02-12 14:52:11,797] {logging_mixin.py:104} INFO - [2022-02-12 14:52:11,794] {dag.py:1832} INFO - Sync 1 DAGs
[2022-02-12 14:52:12,026] {logging_mixin.py:104} INFO - [2022-02-12 14:52:12,026] {dag.py:2305} INFO - Setting next_dagrun for example_trigger_controller_dag to 2022-02-10 00:00:00+00:00
[2022-02-12 14:52:12,242] {scheduler_job.py:190} INFO - Processing /home/agalli/sandbox/lib/python3.6/site-packages/airflow/example_dags/example_trigger_controller_dag.py took 1.130 seconds
[2022-02-12 14:52:42,501] {scheduler_job.py:182} INFO - Started process (PID=14598) to work on /home/agalli/sandbox/lib/python3.6/site-packages/airflow/example_dags/example_trigger_controller_dag.py
[2022-02-12 14:52:42,502] {scheduler_job.py:633} INFO - Processing file /home/agalli/sandbox/lib/python3.6/site-packages/airflow/example_dags/example_trigger_controller_dag.py for tasks to queue
[2022-02-12 14:52:42,505] {logging_mixin.py:104} INFO - [2022-02-12 14:52:42,504] {dagbag.py:487} INFO - Filling up the DagBag from /home/agalli/sandbox/lib/python3.6/site-packages/airflow/example_dags/example_trigger_controller_dag.py
[2022-02-12 14:52:42,527] {scheduler_job.py:643} INFO - DAG(s) dict_keys(['example_trigger_controller_dag']) retrieved from /home/agalli/sandbox/lib/python3.6/site-packages/airflow/example_dags/example_trigger_controller_dag.py
[2022-02-12 14:52:42,572] {logging_mixin.py:104} INFO - [2022-02-12 14:52:42,571] {dag.py:1832} INFO - Sync 1 DAGs
[2022-02-12 14:52:42,602] {logging_mixin.py:104} INFO - [2022-02-12 14:52:42,602] {dag.py:2305} INFO - Setting next_dagrun for example_trigger_controller_dag to 2022-02-10 00:00:00+00:00
[2022-02-12 14:52:42,621] {scheduler_job.py:190} INFO - Processing /home/agalli/sandbox/lib/python3.6/site-packages/airflow/example_dags/example_trigger_controller_dag.py took 0.127 seconds
[2022-02-12 14:53:12,827] {scheduler_job.py:182} INFO - Started process (PID=14798) to work on /home/agalli/sandbox/lib/python3.6/site-packages/airflow/example_dags/example_trigger_controller_dag.py
[2022-02-12 14:53:12,828] {scheduler_job.py:633} INFO - Processing file /home/agalli/sandbox/lib/python3.6/site-packages/airflow/example_dags/example_trigger_controller_dag.py for tasks to queue
[2022-02-12 14:53:12,829] {logging_mixin.py:104} INFO - [2022-02-12 14:53:12,829] {dagbag.py:487} INFO - Filling up the DagBag from /home/agalli/sandbox/lib/python3.6/site-packages/airflow/example_dags/example_trigger_controller_dag.py
[2022-02-12 14:53:12,848] {scheduler_job.py:643} INFO - DAG(s) dict_keys(['example_trigger_controller_dag']) retrieved from /home/agalli/sandbox/lib/python3.6/site-packages/airflow/example_dags/example_trigger_controller_dag.py
[2022-02-12 14:53:12,899] {logging_mixin.py:104} INFO - [2022-02-12 14:53:12,899] {dag.py:1832} INFO - Sync 1 DAGs
[2022-02-12 14:53:12,924] {logging_mixin.py:104} INFO - [2022-02-12 14:53:12,923] {dag.py:2305} INFO - Setting next_dagrun for example_trigger_controller_dag to 2022-02-10 00:00:00+00:00
[2022-02-12 14:53:12,950] {scheduler_job.py:190} INFO - Processing /home/agalli/sandbox/lib/python3.6/site-packages/airflow/example_dags/example_trigger_controller_dag.py took 0.129 seconds
[2022-02-12 14:53:43,090] {scheduler_job.py:182} INFO - Started process (PID=15634) to work on /home/agalli/sandbox/lib/python3.6/site-packages/airflow/example_dags/example_trigger_controller_dag.py
[2022-02-12 14:53:43,092] {scheduler_job.py:633} INFO - Processing file /home/agalli/sandbox/lib/python3.6/site-packages/airflow/example_dags/example_trigger_controller_dag.py for tasks to queue
[2022-02-12 14:53:43,093] {logging_mixin.py:104} INFO - [2022-02-12 14:53:43,093] {dagbag.py:487} INFO - Filling up the DagBag from /home/agalli/sandbox/lib/python3.6/site-packages/airflow/example_dags/example_trigger_controller_dag.py
[2022-02-12 14:53:43,116] {scheduler_job.py:643} INFO - DAG(s) dict_keys(['example_trigger_controller_dag']) retrieved from /home/agalli/sandbox/lib/python3.6/site-packages/airflow/example_dags/example_trigger_controller_dag.py
[2022-02-12 14:53:43,231] {logging_mixin.py:104} INFO - [2022-02-12 14:53:43,231] {dag.py:1832} INFO - Sync 1 DAGs
[2022-02-12 14:53:43,313] {logging_mixin.py:104} INFO - [2022-02-12 14:53:43,313] {dag.py:2305} INFO - Setting next_dagrun for example_trigger_controller_dag to 2022-02-10 00:00:00+00:00
[2022-02-12 14:53:43,361] {scheduler_job.py:190} INFO - Processing /home/agalli/sandbox/lib/python3.6/site-packages/airflow/example_dags/example_trigger_controller_dag.py took 0.277 seconds
[2022-02-12 14:54:13,428] {scheduler_job.py:182} INFO - Started process (PID=15793) to work on /home/agalli/sandbox/lib/python3.6/site-packages/airflow/example_dags/example_trigger_controller_dag.py
[2022-02-12 14:54:13,429] {scheduler_job.py:633} INFO - Processing file /home/agalli/sandbox/lib/python3.6/site-packages/airflow/example_dags/example_trigger_controller_dag.py for tasks to queue
[2022-02-12 14:54:13,430] {logging_mixin.py:104} INFO - [2022-02-12 14:54:13,430] {dagbag.py:487} INFO - Filling up the DagBag from /home/agalli/sandbox/lib/python3.6/site-packages/airflow/example_dags/example_trigger_controller_dag.py
[2022-02-12 14:54:13,451] {scheduler_job.py:643} INFO - DAG(s) dict_keys(['example_trigger_controller_dag']) retrieved from /home/agalli/sandbox/lib/python3.6/site-packages/airflow/example_dags/example_trigger_controller_dag.py
[2022-02-12 14:54:13,515] {logging_mixin.py:104} INFO - [2022-02-12 14:54:13,515] {dag.py:1832} INFO - Sync 1 DAGs
[2022-02-12 14:54:13,545] {logging_mixin.py:104} INFO - [2022-02-12 14:54:13,545] {dag.py:2305} INFO - Setting next_dagrun for example_trigger_controller_dag to 2022-02-10 00:00:00+00:00
[2022-02-12 14:54:13,562] {scheduler_job.py:190} INFO - Processing /home/agalli/sandbox/lib/python3.6/site-packages/airflow/example_dags/example_trigger_controller_dag.py took 0.141 seconds
[2022-02-12 14:54:43,705] {scheduler_job.py:182} INFO - Started process (PID=15895) to work on /home/agalli/sandbox/lib/python3.6/site-packages/airflow/example_dags/example_trigger_controller_dag.py
[2022-02-12 14:54:43,706] {scheduler_job.py:633} INFO - Processing file /home/agalli/sandbox/lib/python3.6/site-packages/airflow/example_dags/example_trigger_controller_dag.py for tasks to queue
[2022-02-12 14:54:43,708] {logging_mixin.py:104} INFO - [2022-02-12 14:54:43,707] {dagbag.py:487} INFO - Filling up the DagBag from /home/agalli/sandbox/lib/python3.6/site-packages/airflow/example_dags/example_trigger_controller_dag.py
[2022-02-12 14:54:43,724] {scheduler_job.py:643} INFO - DAG(s) dict_keys(['example_trigger_controller_dag']) retrieved from /home/agalli/sandbox/lib/python3.6/site-packages/airflow/example_dags/example_trigger_controller_dag.py
[2022-02-12 14:54:43,769] {logging_mixin.py:104} INFO - [2022-02-12 14:54:43,768] {dag.py:1832} INFO - Sync 1 DAGs
[2022-02-12 14:54:43,809] {logging_mixin.py:104} INFO - [2022-02-12 14:54:43,809] {dag.py:2305} INFO - Setting next_dagrun for example_trigger_controller_dag to 2022-02-10 00:00:00+00:00
[2022-02-12 14:54:43,837] {scheduler_job.py:190} INFO - Processing /home/agalli/sandbox/lib/python3.6/site-packages/airflow/example_dags/example_trigger_controller_dag.py took 0.140 seconds
[2022-02-12 14:55:14,182] {scheduler_job.py:182} INFO - Started process (PID=16009) to work on /home/agalli/sandbox/lib/python3.6/site-packages/airflow/example_dags/example_trigger_controller_dag.py
[2022-02-12 14:55:14,185] {scheduler_job.py:633} INFO - Processing file /home/agalli/sandbox/lib/python3.6/site-packages/airflow/example_dags/example_trigger_controller_dag.py for tasks to queue
[2022-02-12 14:55:14,186] {logging_mixin.py:104} INFO - [2022-02-12 14:55:14,186] {dagbag.py:487} INFO - Filling up the DagBag from /home/agalli/sandbox/lib/python3.6/site-packages/airflow/example_dags/example_trigger_controller_dag.py
[2022-02-12 14:55:14,197] {scheduler_job.py:643} INFO - DAG(s) dict_keys(['example_trigger_controller_dag']) retrieved from /home/agalli/sandbox/lib/python3.6/site-packages/airflow/example_dags/example_trigger_controller_dag.py
[2022-02-12 14:55:14,225] {logging_mixin.py:104} INFO - [2022-02-12 14:55:14,225] {dag.py:1832} INFO - Sync 1 DAGs
[2022-02-12 14:55:14,245] {logging_mixin.py:104} INFO - [2022-02-12 14:55:14,245] {dag.py:2305} INFO - Setting next_dagrun for example_trigger_controller_dag to 2022-02-10 00:00:00+00:00
[2022-02-12 14:55:14,267] {scheduler_job.py:190} INFO - Processing /home/agalli/sandbox/lib/python3.6/site-packages/airflow/example_dags/example_trigger_controller_dag.py took 0.089 seconds
[2022-02-12 14:56:37,955] {scheduler_job.py:182} INFO - Started process (PID=16376) to work on /home/agalli/sandbox/lib/python3.6/site-packages/airflow/example_dags/example_trigger_controller_dag.py
[2022-02-12 14:56:37,973] {scheduler_job.py:633} INFO - Processing file /home/agalli/sandbox/lib/python3.6/site-packages/airflow/example_dags/example_trigger_controller_dag.py for tasks to queue
[2022-02-12 14:56:37,976] {logging_mixin.py:104} INFO - [2022-02-12 14:56:37,975] {dagbag.py:487} INFO - Filling up the DagBag from /home/agalli/sandbox/lib/python3.6/site-packages/airflow/example_dags/example_trigger_controller_dag.py
[2022-02-12 14:56:38,048] {scheduler_job.py:643} INFO - DAG(s) dict_keys(['example_trigger_controller_dag']) retrieved from /home/agalli/sandbox/lib/python3.6/site-packages/airflow/example_dags/example_trigger_controller_dag.py
[2022-02-12 14:56:38,193] {logging_mixin.py:104} INFO - [2022-02-12 14:56:38,193] {dag.py:1832} INFO - Sync 1 DAGs
[2022-02-12 14:56:38,277] {logging_mixin.py:104} INFO - [2022-02-12 14:56:38,277] {dag.py:2305} INFO - Setting next_dagrun for example_trigger_controller_dag to 2022-02-10 00:00:00+00:00
[2022-02-12 14:56:38,309] {scheduler_job.py:190} INFO - Processing /home/agalli/sandbox/lib/python3.6/site-packages/airflow/example_dags/example_trigger_controller_dag.py took 0.380 seconds
[2022-02-12 14:57:08,450] {scheduler_job.py:182} INFO - Started process (PID=16453) to work on /home/agalli/sandbox/lib/python3.6/site-packages/airflow/example_dags/example_trigger_controller_dag.py
[2022-02-12 14:57:08,461] {scheduler_job.py:633} INFO - Processing file /home/agalli/sandbox/lib/python3.6/site-packages/airflow/example_dags/example_trigger_controller_dag.py for tasks to queue
[2022-02-12 14:57:08,463] {logging_mixin.py:104} INFO - [2022-02-12 14:57:08,463] {dagbag.py:487} INFO - Filling up the DagBag from /home/agalli/sandbox/lib/python3.6/site-packages/airflow/example_dags/example_trigger_controller_dag.py
[2022-02-12 14:57:08,489] {scheduler_job.py:643} INFO - DAG(s) dict_keys(['example_trigger_controller_dag']) retrieved from /home/agalli/sandbox/lib/python3.6/site-packages/airflow/example_dags/example_trigger_controller_dag.py
[2022-02-12 14:57:08,603] {logging_mixin.py:104} INFO - [2022-02-12 14:57:08,603] {dag.py:1832} INFO - Sync 1 DAGs
[2022-02-12 14:57:08,660] {logging_mixin.py:104} INFO - [2022-02-12 14:57:08,659] {dag.py:2305} INFO - Setting next_dagrun for example_trigger_controller_dag to 2022-02-10 00:00:00+00:00
[2022-02-12 14:57:08,736] {scheduler_job.py:190} INFO - Processing /home/agalli/sandbox/lib/python3.6/site-packages/airflow/example_dags/example_trigger_controller_dag.py took 0.291 seconds
[2022-02-12 14:57:39,295] {scheduler_job.py:182} INFO - Started process (PID=16672) to work on /home/agalli/sandbox/lib/python3.6/site-packages/airflow/example_dags/example_trigger_controller_dag.py
[2022-02-12 14:57:39,296] {scheduler_job.py:633} INFO - Processing file /home/agalli/sandbox/lib/python3.6/site-packages/airflow/example_dags/example_trigger_controller_dag.py for tasks to queue
[2022-02-12 14:57:39,296] {logging_mixin.py:104} INFO - [2022-02-12 14:57:39,296] {dagbag.py:487} INFO - Filling up the DagBag from /home/agalli/sandbox/lib/python3.6/site-packages/airflow/example_dags/example_trigger_controller_dag.py
[2022-02-12 14:57:39,306] {scheduler_job.py:643} INFO - DAG(s) dict_keys(['example_trigger_controller_dag']) retrieved from /home/agalli/sandbox/lib/python3.6/site-packages/airflow/example_dags/example_trigger_controller_dag.py
[2022-02-12 14:57:39,336] {logging_mixin.py:104} INFO - [2022-02-12 14:57:39,335] {dag.py:1832} INFO - Sync 1 DAGs
[2022-02-12 14:57:39,352] {logging_mixin.py:104} INFO - [2022-02-12 14:57:39,352] {dag.py:2305} INFO - Setting next_dagrun for example_trigger_controller_dag to 2022-02-10 00:00:00+00:00
[2022-02-12 14:57:39,366] {scheduler_job.py:190} INFO - Processing /home/agalli/sandbox/lib/python3.6/site-packages/airflow/example_dags/example_trigger_controller_dag.py took 0.075 seconds
[2022-02-12 14:58:09,410] {scheduler_job.py:182} INFO - Started process (PID=16742) to work on /home/agalli/sandbox/lib/python3.6/site-packages/airflow/example_dags/example_trigger_controller_dag.py
[2022-02-12 14:58:09,411] {scheduler_job.py:633} INFO - Processing file /home/agalli/sandbox/lib/python3.6/site-packages/airflow/example_dags/example_trigger_controller_dag.py for tasks to queue
[2022-02-12 14:58:09,412] {logging_mixin.py:104} INFO - [2022-02-12 14:58:09,412] {dagbag.py:487} INFO - Filling up the DagBag from /home/agalli/sandbox/lib/python3.6/site-packages/airflow/example_dags/example_trigger_controller_dag.py
[2022-02-12 14:58:09,423] {scheduler_job.py:643} INFO - DAG(s) dict_keys(['example_trigger_controller_dag']) retrieved from /home/agalli/sandbox/lib/python3.6/site-packages/airflow/example_dags/example_trigger_controller_dag.py
[2022-02-12 14:58:09,456] {logging_mixin.py:104} INFO - [2022-02-12 14:58:09,455] {dag.py:1832} INFO - Sync 1 DAGs
[2022-02-12 14:58:09,477] {logging_mixin.py:104} INFO - [2022-02-12 14:58:09,477] {dag.py:2305} INFO - Setting next_dagrun for example_trigger_controller_dag to 2022-02-10 00:00:00+00:00
[2022-02-12 14:58:09,489] {scheduler_job.py:190} INFO - Processing /home/agalli/sandbox/lib/python3.6/site-packages/airflow/example_dags/example_trigger_controller_dag.py took 0.083 seconds
[2022-02-12 14:58:39,565] {scheduler_job.py:182} INFO - Started process (PID=16810) to work on /home/agalli/sandbox/lib/python3.6/site-packages/airflow/example_dags/example_trigger_controller_dag.py
[2022-02-12 14:58:39,567] {scheduler_job.py:633} INFO - Processing file /home/agalli/sandbox/lib/python3.6/site-packages/airflow/example_dags/example_trigger_controller_dag.py for tasks to queue
[2022-02-12 14:58:39,568] {logging_mixin.py:104} INFO - [2022-02-12 14:58:39,568] {dagbag.py:487} INFO - Filling up the DagBag from /home/agalli/sandbox/lib/python3.6/site-packages/airflow/example_dags/example_trigger_controller_dag.py
[2022-02-12 14:58:39,586] {scheduler_job.py:643} INFO - DAG(s) dict_keys(['example_trigger_controller_dag']) retrieved from /home/agalli/sandbox/lib/python3.6/site-packages/airflow/example_dags/example_trigger_controller_dag.py
[2022-02-12 14:58:39,618] {logging_mixin.py:104} INFO - [2022-02-12 14:58:39,618] {dag.py:1832} INFO - Sync 1 DAGs
[2022-02-12 14:58:39,636] {logging_mixin.py:104} INFO - [2022-02-12 14:58:39,636] {dag.py:2305} INFO - Setting next_dagrun for example_trigger_controller_dag to 2022-02-10 00:00:00+00:00
[2022-02-12 14:58:39,655] {scheduler_job.py:190} INFO - Processing /home/agalli/sandbox/lib/python3.6/site-packages/airflow/example_dags/example_trigger_controller_dag.py took 0.094 seconds
[2022-02-12 14:59:10,213] {scheduler_job.py:182} INFO - Started process (PID=16881) to work on /home/agalli/sandbox/lib/python3.6/site-packages/airflow/example_dags/example_trigger_controller_dag.py
[2022-02-12 14:59:10,214] {scheduler_job.py:633} INFO - Processing file /home/agalli/sandbox/lib/python3.6/site-packages/airflow/example_dags/example_trigger_controller_dag.py for tasks to queue
[2022-02-12 14:59:10,215] {logging_mixin.py:104} INFO - [2022-02-12 14:59:10,215] {dagbag.py:487} INFO - Filling up the DagBag from /home/agalli/sandbox/lib/python3.6/site-packages/airflow/example_dags/example_trigger_controller_dag.py
[2022-02-12 14:59:10,230] {scheduler_job.py:643} INFO - DAG(s) dict_keys(['example_trigger_controller_dag']) retrieved from /home/agalli/sandbox/lib/python3.6/site-packages/airflow/example_dags/example_trigger_controller_dag.py
[2022-02-12 14:59:10,276] {logging_mixin.py:104} INFO - [2022-02-12 14:59:10,276] {dag.py:1832} INFO - Sync 1 DAGs
[2022-02-12 14:59:10,304] {logging_mixin.py:104} INFO - [2022-02-12 14:59:10,304] {dag.py:2305} INFO - Setting next_dagrun for example_trigger_controller_dag to 2022-02-10 00:00:00+00:00
[2022-02-12 14:59:10,317] {scheduler_job.py:190} INFO - Processing /home/agalli/sandbox/lib/python3.6/site-packages/airflow/example_dags/example_trigger_controller_dag.py took 0.108 seconds
[2022-02-12 14:59:41,194] {scheduler_job.py:182} INFO - Started process (PID=16951) to work on /home/agalli/sandbox/lib/python3.6/site-packages/airflow/example_dags/example_trigger_controller_dag.py
[2022-02-12 14:59:41,195] {scheduler_job.py:633} INFO - Processing file /home/agalli/sandbox/lib/python3.6/site-packages/airflow/example_dags/example_trigger_controller_dag.py for tasks to queue
[2022-02-12 14:59:41,197] {logging_mixin.py:104} INFO - [2022-02-12 14:59:41,196] {dagbag.py:487} INFO - Filling up the DagBag from /home/agalli/sandbox/lib/python3.6/site-packages/airflow/example_dags/example_trigger_controller_dag.py
[2022-02-12 14:59:41,213] {scheduler_job.py:643} INFO - DAG(s) dict_keys(['example_trigger_controller_dag']) retrieved from /home/agalli/sandbox/lib/python3.6/site-packages/airflow/example_dags/example_trigger_controller_dag.py
[2022-02-12 14:59:41,266] {logging_mixin.py:104} INFO - [2022-02-12 14:59:41,265] {dag.py:1832} INFO - Sync 1 DAGs
[2022-02-12 14:59:41,300] {logging_mixin.py:104} INFO - [2022-02-12 14:59:41,300] {dag.py:2305} INFO - Setting next_dagrun for example_trigger_controller_dag to 2022-02-10 00:00:00+00:00
[2022-02-12 14:59:41,323] {scheduler_job.py:190} INFO - Processing /home/agalli/sandbox/lib/python3.6/site-packages/airflow/example_dags/example_trigger_controller_dag.py took 0.135 seconds
[2022-02-12 15:00:12,573] {scheduler_job.py:182} INFO - Started process (PID=17021) to work on /home/agalli/sandbox/lib/python3.6/site-packages/airflow/example_dags/example_trigger_controller_dag.py
[2022-02-12 15:00:12,576] {scheduler_job.py:633} INFO - Processing file /home/agalli/sandbox/lib/python3.6/site-packages/airflow/example_dags/example_trigger_controller_dag.py for tasks to queue
[2022-02-12 15:00:12,579] {logging_mixin.py:104} INFO - [2022-02-12 15:00:12,579] {dagbag.py:487} INFO - Filling up the DagBag from /home/agalli/sandbox/lib/python3.6/site-packages/airflow/example_dags/example_trigger_controller_dag.py
[2022-02-12 15:00:12,591] {scheduler_job.py:643} INFO - DAG(s) dict_keys(['example_trigger_controller_dag']) retrieved from /home/agalli/sandbox/lib/python3.6/site-packages/airflow/example_dags/example_trigger_controller_dag.py
[2022-02-12 15:00:12,625] {logging_mixin.py:104} INFO - [2022-02-12 15:00:12,625] {dag.py:1832} INFO - Sync 1 DAGs
[2022-02-12 15:00:12,650] {logging_mixin.py:104} INFO - [2022-02-12 15:00:12,649] {dag.py:2305} INFO - Setting next_dagrun for example_trigger_controller_dag to 2022-02-10 00:00:00+00:00
[2022-02-12 15:00:12,674] {scheduler_job.py:190} INFO - Processing /home/agalli/sandbox/lib/python3.6/site-packages/airflow/example_dags/example_trigger_controller_dag.py took 0.105 seconds
[2022-02-12 15:00:39,256] {scheduler_job.py:182} INFO - Started process (PID=17506) to work on /home/agalli/sandbox/lib/python3.6/site-packages/airflow/example_dags/example_trigger_controller_dag.py
[2022-02-12 15:00:39,258] {scheduler_job.py:633} INFO - Processing file /home/agalli/sandbox/lib/python3.6/site-packages/airflow/example_dags/example_trigger_controller_dag.py for tasks to queue
[2022-02-12 15:00:39,261] {logging_mixin.py:104} INFO - [2022-02-12 15:00:39,261] {dagbag.py:487} INFO - Filling up the DagBag from /home/agalli/sandbox/lib/python3.6/site-packages/airflow/example_dags/example_trigger_controller_dag.py
[2022-02-12 15:00:39,387] {scheduler_job.py:643} INFO - DAG(s) dict_keys(['example_trigger_controller_dag']) retrieved from /home/agalli/sandbox/lib/python3.6/site-packages/airflow/example_dags/example_trigger_controller_dag.py
[2022-02-12 15:00:39,612] {logging_mixin.py:104} INFO - [2022-02-12 15:00:39,611] {dag.py:1832} INFO - Sync 1 DAGs
[2022-02-12 15:00:39,747] {logging_mixin.py:104} INFO - [2022-02-12 15:00:39,747] {dag.py:2305} INFO - Setting next_dagrun for example_trigger_controller_dag to 2022-02-10 00:00:00+00:00
[2022-02-12 15:00:40,001] {scheduler_job.py:190} INFO - Processing /home/agalli/sandbox/lib/python3.6/site-packages/airflow/example_dags/example_trigger_controller_dag.py took 0.765 seconds
[2022-02-12 15:01:11,096] {scheduler_job.py:182} INFO - Started process (PID=17908) to work on /home/agalli/sandbox/lib/python3.6/site-packages/airflow/example_dags/example_trigger_controller_dag.py
[2022-02-12 15:01:11,097] {scheduler_job.py:633} INFO - Processing file /home/agalli/sandbox/lib/python3.6/site-packages/airflow/example_dags/example_trigger_controller_dag.py for tasks to queue
[2022-02-12 15:01:11,098] {logging_mixin.py:104} INFO - [2022-02-12 15:01:11,098] {dagbag.py:487} INFO - Filling up the DagBag from /home/agalli/sandbox/lib/python3.6/site-packages/airflow/example_dags/example_trigger_controller_dag.py
[2022-02-12 15:01:11,109] {scheduler_job.py:643} INFO - DAG(s) dict_keys(['example_trigger_controller_dag']) retrieved from /home/agalli/sandbox/lib/python3.6/site-packages/airflow/example_dags/example_trigger_controller_dag.py
[2022-02-12 15:01:11,139] {logging_mixin.py:104} INFO - [2022-02-12 15:01:11,139] {dag.py:1832} INFO - Sync 1 DAGs
[2022-02-12 15:01:11,159] {logging_mixin.py:104} INFO - [2022-02-12 15:01:11,159] {dag.py:2305} INFO - Setting next_dagrun for example_trigger_controller_dag to 2022-02-10 00:00:00+00:00
[2022-02-12 15:01:11,174] {scheduler_job.py:190} INFO - Processing /home/agalli/sandbox/lib/python3.6/site-packages/airflow/example_dags/example_trigger_controller_dag.py took 0.083 seconds
[2022-02-12 15:01:41,554] {scheduler_job.py:182} INFO - Started process (PID=18108) to work on /home/agalli/sandbox/lib/python3.6/site-packages/airflow/example_dags/example_trigger_controller_dag.py
[2022-02-12 15:01:41,556] {scheduler_job.py:633} INFO - Processing file /home/agalli/sandbox/lib/python3.6/site-packages/airflow/example_dags/example_trigger_controller_dag.py for tasks to queue
[2022-02-12 15:01:41,557] {logging_mixin.py:104} INFO - [2022-02-12 15:01:41,557] {dagbag.py:487} INFO - Filling up the DagBag from /home/agalli/sandbox/lib/python3.6/site-packages/airflow/example_dags/example_trigger_controller_dag.py
[2022-02-12 15:01:41,576] {scheduler_job.py:643} INFO - DAG(s) dict_keys(['example_trigger_controller_dag']) retrieved from /home/agalli/sandbox/lib/python3.6/site-packages/airflow/example_dags/example_trigger_controller_dag.py
[2022-02-12 15:01:41,611] {logging_mixin.py:104} INFO - [2022-02-12 15:01:41,610] {dag.py:1832} INFO - Sync 1 DAGs
[2022-02-12 15:01:41,664] {logging_mixin.py:104} INFO - [2022-02-12 15:01:41,663] {dag.py:2305} INFO - Setting next_dagrun for example_trigger_controller_dag to 2022-02-10 00:00:00+00:00
[2022-02-12 15:01:41,689] {scheduler_job.py:190} INFO - Processing /home/agalli/sandbox/lib/python3.6/site-packages/airflow/example_dags/example_trigger_controller_dag.py took 0.141 seconds
[2022-02-12 15:02:11,895] {scheduler_job.py:182} INFO - Started process (PID=18400) to work on /home/agalli/sandbox/lib/python3.6/site-packages/airflow/example_dags/example_trigger_controller_dag.py
[2022-02-12 15:02:11,897] {scheduler_job.py:633} INFO - Processing file /home/agalli/sandbox/lib/python3.6/site-packages/airflow/example_dags/example_trigger_controller_dag.py for tasks to queue
[2022-02-12 15:02:11,898] {logging_mixin.py:104} INFO - [2022-02-12 15:02:11,897] {dagbag.py:487} INFO - Filling up the DagBag from /home/agalli/sandbox/lib/python3.6/site-packages/airflow/example_dags/example_trigger_controller_dag.py
[2022-02-12 15:02:11,914] {scheduler_job.py:643} INFO - DAG(s) dict_keys(['example_trigger_controller_dag']) retrieved from /home/agalli/sandbox/lib/python3.6/site-packages/airflow/example_dags/example_trigger_controller_dag.py
[2022-02-12 15:02:11,974] {logging_mixin.py:104} INFO - [2022-02-12 15:02:11,973] {dag.py:1832} INFO - Sync 1 DAGs
[2022-02-12 15:02:12,008] {logging_mixin.py:104} INFO - [2022-02-12 15:02:12,008] {dag.py:2305} INFO - Setting next_dagrun for example_trigger_controller_dag to 2022-02-10 00:00:00+00:00
[2022-02-12 15:02:12,034] {scheduler_job.py:190} INFO - Processing /home/agalli/sandbox/lib/python3.6/site-packages/airflow/example_dags/example_trigger_controller_dag.py took 0.145 seconds
[2022-02-12 15:02:42,603] {scheduler_job.py:182} INFO - Started process (PID=18866) to work on /home/agalli/sandbox/lib/python3.6/site-packages/airflow/example_dags/example_trigger_controller_dag.py
[2022-02-12 15:02:42,605] {scheduler_job.py:633} INFO - Processing file /home/agalli/sandbox/lib/python3.6/site-packages/airflow/example_dags/example_trigger_controller_dag.py for tasks to queue
[2022-02-12 15:02:42,607] {logging_mixin.py:104} INFO - [2022-02-12 15:02:42,607] {dagbag.py:487} INFO - Filling up the DagBag from /home/agalli/sandbox/lib/python3.6/site-packages/airflow/example_dags/example_trigger_controller_dag.py
[2022-02-12 15:02:42,645] {scheduler_job.py:643} INFO - DAG(s) dict_keys(['example_trigger_controller_dag']) retrieved from /home/agalli/sandbox/lib/python3.6/site-packages/airflow/example_dags/example_trigger_controller_dag.py
[2022-02-12 15:02:42,749] {logging_mixin.py:104} INFO - [2022-02-12 15:02:42,749] {dag.py:1832} INFO - Sync 1 DAGs
[2022-02-12 15:02:42,894] {logging_mixin.py:104} INFO - [2022-02-12 15:02:42,893] {dag.py:2305} INFO - Setting next_dagrun for example_trigger_controller_dag to 2022-02-10 00:00:00+00:00
[2022-02-12 15:02:42,988] {scheduler_job.py:190} INFO - Processing /home/agalli/sandbox/lib/python3.6/site-packages/airflow/example_dags/example_trigger_controller_dag.py took 0.393 seconds
[2022-02-12 15:03:15,573] {scheduler_job.py:182} INFO - Started process (PID=19254) to work on /home/agalli/sandbox/lib/python3.6/site-packages/airflow/example_dags/example_trigger_controller_dag.py
[2022-02-12 15:03:15,578] {scheduler_job.py:633} INFO - Processing file /home/agalli/sandbox/lib/python3.6/site-packages/airflow/example_dags/example_trigger_controller_dag.py for tasks to queue
[2022-02-12 15:03:15,579] {logging_mixin.py:104} INFO - [2022-02-12 15:03:15,579] {dagbag.py:487} INFO - Filling up the DagBag from /home/agalli/sandbox/lib/python3.6/site-packages/airflow/example_dags/example_trigger_controller_dag.py
[2022-02-12 15:03:15,610] {scheduler_job.py:643} INFO - DAG(s) dict_keys(['example_trigger_controller_dag']) retrieved from /home/agalli/sandbox/lib/python3.6/site-packages/airflow/example_dags/example_trigger_controller_dag.py
[2022-02-12 15:03:15,652] {logging_mixin.py:104} INFO - [2022-02-12 15:03:15,651] {dag.py:1832} INFO - Sync 1 DAGs
[2022-02-12 15:03:15,695] {logging_mixin.py:104} INFO - [2022-02-12 15:03:15,695] {dag.py:2305} INFO - Setting next_dagrun for example_trigger_controller_dag to 2022-02-10 00:00:00+00:00
[2022-02-12 15:03:15,719] {scheduler_job.py:190} INFO - Processing /home/agalli/sandbox/lib/python3.6/site-packages/airflow/example_dags/example_trigger_controller_dag.py took 0.158 seconds
[2022-02-12 15:03:47,055] {scheduler_job.py:182} INFO - Started process (PID=19456) to work on /home/agalli/sandbox/lib/python3.6/site-packages/airflow/example_dags/example_trigger_controller_dag.py
[2022-02-12 15:03:47,058] {scheduler_job.py:633} INFO - Processing file /home/agalli/sandbox/lib/python3.6/site-packages/airflow/example_dags/example_trigger_controller_dag.py for tasks to queue
[2022-02-12 15:03:47,059] {logging_mixin.py:104} INFO - [2022-02-12 15:03:47,059] {dagbag.py:487} INFO - Filling up the DagBag from /home/agalli/sandbox/lib/python3.6/site-packages/airflow/example_dags/example_trigger_controller_dag.py
[2022-02-12 15:03:47,080] {scheduler_job.py:643} INFO - DAG(s) dict_keys(['example_trigger_controller_dag']) retrieved from /home/agalli/sandbox/lib/python3.6/site-packages/airflow/example_dags/example_trigger_controller_dag.py
[2022-02-12 15:03:47,143] {logging_mixin.py:104} INFO - [2022-02-12 15:03:47,143] {dag.py:1832} INFO - Sync 1 DAGs
[2022-02-12 15:03:47,185] {logging_mixin.py:104} INFO - [2022-02-12 15:03:47,184] {dag.py:2305} INFO - Setting next_dagrun for example_trigger_controller_dag to 2022-02-10 00:00:00+00:00
[2022-02-12 15:03:47,207] {scheduler_job.py:190} INFO - Processing /home/agalli/sandbox/lib/python3.6/site-packages/airflow/example_dags/example_trigger_controller_dag.py took 0.161 seconds
[2022-02-12 15:04:17,700] {scheduler_job.py:182} INFO - Started process (PID=19658) to work on /home/agalli/sandbox/lib/python3.6/site-packages/airflow/example_dags/example_trigger_controller_dag.py
[2022-02-12 15:04:17,701] {scheduler_job.py:633} INFO - Processing file /home/agalli/sandbox/lib/python3.6/site-packages/airflow/example_dags/example_trigger_controller_dag.py for tasks to queue
[2022-02-12 15:04:17,702] {logging_mixin.py:104} INFO - [2022-02-12 15:04:17,702] {dagbag.py:487} INFO - Filling up the DagBag from /home/agalli/sandbox/lib/python3.6/site-packages/airflow/example_dags/example_trigger_controller_dag.py
[2022-02-12 15:04:17,715] {scheduler_job.py:643} INFO - DAG(s) dict_keys(['example_trigger_controller_dag']) retrieved from /home/agalli/sandbox/lib/python3.6/site-packages/airflow/example_dags/example_trigger_controller_dag.py
[2022-02-12 15:04:17,748] {logging_mixin.py:104} INFO - [2022-02-12 15:04:17,748] {dag.py:1832} INFO - Sync 1 DAGs
[2022-02-12 15:04:17,768] {logging_mixin.py:104} INFO - [2022-02-12 15:04:17,768] {dag.py:2305} INFO - Setting next_dagrun for example_trigger_controller_dag to 2022-02-10 00:00:00+00:00
[2022-02-12 15:04:17,783] {scheduler_job.py:190} INFO - Processing /home/agalli/sandbox/lib/python3.6/site-packages/airflow/example_dags/example_trigger_controller_dag.py took 0.088 seconds
[2022-02-12 15:04:48,665] {scheduler_job.py:182} INFO - Started process (PID=19859) to work on /home/agalli/sandbox/lib/python3.6/site-packages/airflow/example_dags/example_trigger_controller_dag.py
[2022-02-12 15:04:48,667] {scheduler_job.py:633} INFO - Processing file /home/agalli/sandbox/lib/python3.6/site-packages/airflow/example_dags/example_trigger_controller_dag.py for tasks to queue
[2022-02-12 15:04:48,668] {logging_mixin.py:104} INFO - [2022-02-12 15:04:48,667] {dagbag.py:487} INFO - Filling up the DagBag from /home/agalli/sandbox/lib/python3.6/site-packages/airflow/example_dags/example_trigger_controller_dag.py
[2022-02-12 15:04:48,688] {scheduler_job.py:643} INFO - DAG(s) dict_keys(['example_trigger_controller_dag']) retrieved from /home/agalli/sandbox/lib/python3.6/site-packages/airflow/example_dags/example_trigger_controller_dag.py
[2022-02-12 15:04:48,737] {logging_mixin.py:104} INFO - [2022-02-12 15:04:48,736] {dag.py:1832} INFO - Sync 1 DAGs
[2022-02-12 15:04:48,762] {logging_mixin.py:104} INFO - [2022-02-12 15:04:48,761] {dag.py:2305} INFO - Setting next_dagrun for example_trigger_controller_dag to 2022-02-10 00:00:00+00:00
[2022-02-12 15:04:48,773] {scheduler_job.py:190} INFO - Processing /home/agalli/sandbox/lib/python3.6/site-packages/airflow/example_dags/example_trigger_controller_dag.py took 0.118 seconds
[2022-02-12 15:05:18,815] {scheduler_job.py:182} INFO - Started process (PID=20051) to work on /home/agalli/sandbox/lib/python3.6/site-packages/airflow/example_dags/example_trigger_controller_dag.py
[2022-02-12 15:05:18,817] {scheduler_job.py:633} INFO - Processing file /home/agalli/sandbox/lib/python3.6/site-packages/airflow/example_dags/example_trigger_controller_dag.py for tasks to queue
[2022-02-12 15:05:18,818] {logging_mixin.py:104} INFO - [2022-02-12 15:05:18,818] {dagbag.py:487} INFO - Filling up the DagBag from /home/agalli/sandbox/lib/python3.6/site-packages/airflow/example_dags/example_trigger_controller_dag.py
[2022-02-12 15:05:18,833] {scheduler_job.py:643} INFO - DAG(s) dict_keys(['example_trigger_controller_dag']) retrieved from /home/agalli/sandbox/lib/python3.6/site-packages/airflow/example_dags/example_trigger_controller_dag.py
[2022-02-12 15:05:18,873] {logging_mixin.py:104} INFO - [2022-02-12 15:05:18,873] {dag.py:1832} INFO - Sync 1 DAGs
[2022-02-12 15:05:18,896] {logging_mixin.py:104} INFO - [2022-02-12 15:05:18,896] {dag.py:2305} INFO - Setting next_dagrun for example_trigger_controller_dag to 2022-02-10 00:00:00+00:00
[2022-02-12 15:05:18,914] {scheduler_job.py:190} INFO - Processing /home/agalli/sandbox/lib/python3.6/site-packages/airflow/example_dags/example_trigger_controller_dag.py took 0.104 seconds
[2022-02-12 15:05:49,281] {scheduler_job.py:182} INFO - Started process (PID=20373) to work on /home/agalli/sandbox/lib/python3.6/site-packages/airflow/example_dags/example_trigger_controller_dag.py
[2022-02-12 15:05:49,282] {scheduler_job.py:633} INFO - Processing file /home/agalli/sandbox/lib/python3.6/site-packages/airflow/example_dags/example_trigger_controller_dag.py for tasks to queue
[2022-02-12 15:05:49,286] {logging_mixin.py:104} INFO - [2022-02-12 15:05:49,286] {dagbag.py:487} INFO - Filling up the DagBag from /home/agalli/sandbox/lib/python3.6/site-packages/airflow/example_dags/example_trigger_controller_dag.py
[2022-02-12 15:05:49,304] {scheduler_job.py:643} INFO - DAG(s) dict_keys(['example_trigger_controller_dag']) retrieved from /home/agalli/sandbox/lib/python3.6/site-packages/airflow/example_dags/example_trigger_controller_dag.py
[2022-02-12 15:05:49,337] {logging_mixin.py:104} INFO - [2022-02-12 15:05:49,337] {dag.py:1832} INFO - Sync 1 DAGs
[2022-02-12 15:05:49,365] {logging_mixin.py:104} INFO - [2022-02-12 15:05:49,365] {dag.py:2305} INFO - Setting next_dagrun for example_trigger_controller_dag to 2022-02-10 00:00:00+00:00
[2022-02-12 15:05:49,386] {scheduler_job.py:190} INFO - Processing /home/agalli/sandbox/lib/python3.6/site-packages/airflow/example_dags/example_trigger_controller_dag.py took 0.111 seconds
[2022-02-12 15:06:20,529] {scheduler_job.py:182} INFO - Started process (PID=20577) to work on /home/agalli/sandbox/lib/python3.6/site-packages/airflow/example_dags/example_trigger_controller_dag.py
[2022-02-12 15:06:20,532] {scheduler_job.py:633} INFO - Processing file /home/agalli/sandbox/lib/python3.6/site-packages/airflow/example_dags/example_trigger_controller_dag.py for tasks to queue
[2022-02-12 15:06:20,535] {logging_mixin.py:104} INFO - [2022-02-12 15:06:20,535] {dagbag.py:487} INFO - Filling up the DagBag from /home/agalli/sandbox/lib/python3.6/site-packages/airflow/example_dags/example_trigger_controller_dag.py
[2022-02-12 15:06:20,563] {scheduler_job.py:643} INFO - DAG(s) dict_keys(['example_trigger_controller_dag']) retrieved from /home/agalli/sandbox/lib/python3.6/site-packages/airflow/example_dags/example_trigger_controller_dag.py
[2022-02-12 15:06:20,612] {logging_mixin.py:104} INFO - [2022-02-12 15:06:20,612] {dag.py:1832} INFO - Sync 1 DAGs
[2022-02-12 15:06:20,640] {logging_mixin.py:104} INFO - [2022-02-12 15:06:20,639] {dag.py:2305} INFO - Setting next_dagrun for example_trigger_controller_dag to 2022-02-10 00:00:00+00:00
[2022-02-12 15:06:20,659] {scheduler_job.py:190} INFO - Processing /home/agalli/sandbox/lib/python3.6/site-packages/airflow/example_dags/example_trigger_controller_dag.py took 0.137 seconds
[2022-02-12 15:06:51,261] {scheduler_job.py:182} INFO - Started process (PID=20781) to work on /home/agalli/sandbox/lib/python3.6/site-packages/airflow/example_dags/example_trigger_controller_dag.py
[2022-02-12 15:06:51,266] {scheduler_job.py:633} INFO - Processing file /home/agalli/sandbox/lib/python3.6/site-packages/airflow/example_dags/example_trigger_controller_dag.py for tasks to queue
[2022-02-12 15:06:51,267] {logging_mixin.py:104} INFO - [2022-02-12 15:06:51,266] {dagbag.py:487} INFO - Filling up the DagBag from /home/agalli/sandbox/lib/python3.6/site-packages/airflow/example_dags/example_trigger_controller_dag.py
[2022-02-12 15:06:51,285] {scheduler_job.py:643} INFO - DAG(s) dict_keys(['example_trigger_controller_dag']) retrieved from /home/agalli/sandbox/lib/python3.6/site-packages/airflow/example_dags/example_trigger_controller_dag.py
[2022-02-12 15:06:51,324] {logging_mixin.py:104} INFO - [2022-02-12 15:06:51,324] {dag.py:1832} INFO - Sync 1 DAGs
[2022-02-12 15:06:51,351] {logging_mixin.py:104} INFO - [2022-02-12 15:06:51,351] {dag.py:2305} INFO - Setting next_dagrun for example_trigger_controller_dag to 2022-02-10 00:00:00+00:00
[2022-02-12 15:06:51,366] {scheduler_job.py:190} INFO - Processing /home/agalli/sandbox/lib/python3.6/site-packages/airflow/example_dags/example_trigger_controller_dag.py took 0.113 seconds
[2022-02-12 15:07:22,208] {scheduler_job.py:182} INFO - Started process (PID=20982) to work on /home/agalli/sandbox/lib/python3.6/site-packages/airflow/example_dags/example_trigger_controller_dag.py
[2022-02-12 15:07:22,209] {scheduler_job.py:633} INFO - Processing file /home/agalli/sandbox/lib/python3.6/site-packages/airflow/example_dags/example_trigger_controller_dag.py for tasks to queue
[2022-02-12 15:07:22,211] {logging_mixin.py:104} INFO - [2022-02-12 15:07:22,210] {dagbag.py:487} INFO - Filling up the DagBag from /home/agalli/sandbox/lib/python3.6/site-packages/airflow/example_dags/example_trigger_controller_dag.py
[2022-02-12 15:07:22,235] {scheduler_job.py:643} INFO - DAG(s) dict_keys(['example_trigger_controller_dag']) retrieved from /home/agalli/sandbox/lib/python3.6/site-packages/airflow/example_dags/example_trigger_controller_dag.py
[2022-02-12 15:07:22,316] {logging_mixin.py:104} INFO - [2022-02-12 15:07:22,315] {dag.py:1832} INFO - Sync 1 DAGs
[2022-02-12 15:07:22,351] {logging_mixin.py:104} INFO - [2022-02-12 15:07:22,351] {dag.py:2305} INFO - Setting next_dagrun for example_trigger_controller_dag to 2022-02-10 00:00:00+00:00
[2022-02-12 15:07:22,380] {scheduler_job.py:190} INFO - Processing /home/agalli/sandbox/lib/python3.6/site-packages/airflow/example_dags/example_trigger_controller_dag.py took 0.177 seconds
[2022-02-12 15:07:52,697] {scheduler_job.py:182} INFO - Started process (PID=21185) to work on /home/agalli/sandbox/lib/python3.6/site-packages/airflow/example_dags/example_trigger_controller_dag.py
[2022-02-12 15:07:52,700] {scheduler_job.py:633} INFO - Processing file /home/agalli/sandbox/lib/python3.6/site-packages/airflow/example_dags/example_trigger_controller_dag.py for tasks to queue
[2022-02-12 15:07:52,703] {logging_mixin.py:104} INFO - [2022-02-12 15:07:52,702] {dagbag.py:487} INFO - Filling up the DagBag from /home/agalli/sandbox/lib/python3.6/site-packages/airflow/example_dags/example_trigger_controller_dag.py
[2022-02-12 15:07:52,719] {scheduler_job.py:643} INFO - DAG(s) dict_keys(['example_trigger_controller_dag']) retrieved from /home/agalli/sandbox/lib/python3.6/site-packages/airflow/example_dags/example_trigger_controller_dag.py
[2022-02-12 15:07:52,757] {logging_mixin.py:104} INFO - [2022-02-12 15:07:52,757] {dag.py:1832} INFO - Sync 1 DAGs
[2022-02-12 15:07:52,781] {logging_mixin.py:104} INFO - [2022-02-12 15:07:52,780] {dag.py:2305} INFO - Setting next_dagrun for example_trigger_controller_dag to 2022-02-10 00:00:00+00:00
[2022-02-12 15:07:52,800] {scheduler_job.py:190} INFO - Processing /home/agalli/sandbox/lib/python3.6/site-packages/airflow/example_dags/example_trigger_controller_dag.py took 0.109 seconds
[2022-02-12 15:08:23,412] {scheduler_job.py:182} INFO - Started process (PID=21388) to work on /home/agalli/sandbox/lib/python3.6/site-packages/airflow/example_dags/example_trigger_controller_dag.py
[2022-02-12 15:08:23,413] {scheduler_job.py:633} INFO - Processing file /home/agalli/sandbox/lib/python3.6/site-packages/airflow/example_dags/example_trigger_controller_dag.py for tasks to queue
[2022-02-12 15:08:23,416] {logging_mixin.py:104} INFO - [2022-02-12 15:08:23,415] {dagbag.py:487} INFO - Filling up the DagBag from /home/agalli/sandbox/lib/python3.6/site-packages/airflow/example_dags/example_trigger_controller_dag.py
[2022-02-12 15:08:23,438] {scheduler_job.py:643} INFO - DAG(s) dict_keys(['example_trigger_controller_dag']) retrieved from /home/agalli/sandbox/lib/python3.6/site-packages/airflow/example_dags/example_trigger_controller_dag.py
[2022-02-12 15:08:23,483] {logging_mixin.py:104} INFO - [2022-02-12 15:08:23,483] {dag.py:1832} INFO - Sync 1 DAGs
[2022-02-12 15:08:23,519] {logging_mixin.py:104} INFO - [2022-02-12 15:08:23,519] {dag.py:2305} INFO - Setting next_dagrun for example_trigger_controller_dag to 2022-02-10 00:00:00+00:00
[2022-02-12 15:08:23,545] {scheduler_job.py:190} INFO - Processing /home/agalli/sandbox/lib/python3.6/site-packages/airflow/example_dags/example_trigger_controller_dag.py took 0.138 seconds
