[2022-02-12 13:57:27,030] {scheduler_job.py:182} INFO - Started process (PID=1741) to work on /home/agalli/sandbox/lib/python3.6/site-packages/airflow/example_dags/example_python_operator.py
[2022-02-12 13:57:27,037] {scheduler_job.py:633} INFO - Processing file /home/agalli/sandbox/lib/python3.6/site-packages/airflow/example_dags/example_python_operator.py for tasks to queue
[2022-02-12 13:57:27,038] {logging_mixin.py:104} INFO - [2022-02-12 13:57:27,038] {dagbag.py:487} INFO - Filling up the DagBag from /home/agalli/sandbox/lib/python3.6/site-packages/airflow/example_dags/example_python_operator.py
[2022-02-12 13:57:27,070] {scheduler_job.py:643} INFO - DAG(s) dict_keys(['example_python_operator']) retrieved from /home/agalli/sandbox/lib/python3.6/site-packages/airflow/example_dags/example_python_operator.py
[2022-02-12 13:57:27,172] {logging_mixin.py:104} INFO - [2022-02-12 13:57:27,171] {dag.py:1832} INFO - Sync 1 DAGs
[2022-02-12 13:57:27,208] {logging_mixin.py:104} INFO - [2022-02-12 13:57:27,208] {dag.py:2305} INFO - Setting next_dagrun for example_python_operator to None
[2022-02-12 13:57:27,238] {scheduler_job.py:190} INFO - Processing /home/agalli/sandbox/lib/python3.6/site-packages/airflow/example_dags/example_python_operator.py took 0.218 seconds
[2022-02-12 13:57:58,461] {scheduler_job.py:182} INFO - Started process (PID=2232) to work on /home/agalli/sandbox/lib/python3.6/site-packages/airflow/example_dags/example_python_operator.py
[2022-02-12 13:57:58,463] {scheduler_job.py:633} INFO - Processing file /home/agalli/sandbox/lib/python3.6/site-packages/airflow/example_dags/example_python_operator.py for tasks to queue
[2022-02-12 13:57:58,466] {logging_mixin.py:104} INFO - [2022-02-12 13:57:58,466] {dagbag.py:487} INFO - Filling up the DagBag from /home/agalli/sandbox/lib/python3.6/site-packages/airflow/example_dags/example_python_operator.py
[2022-02-12 13:57:58,503] {scheduler_job.py:643} INFO - DAG(s) dict_keys(['example_python_operator']) retrieved from /home/agalli/sandbox/lib/python3.6/site-packages/airflow/example_dags/example_python_operator.py
[2022-02-12 13:57:58,626] {logging_mixin.py:104} INFO - [2022-02-12 13:57:58,626] {dag.py:1832} INFO - Sync 1 DAGs
[2022-02-12 13:57:58,671] {logging_mixin.py:104} INFO - [2022-02-12 13:57:58,671] {dag.py:2305} INFO - Setting next_dagrun for example_python_operator to None
[2022-02-12 13:57:58,698] {scheduler_job.py:190} INFO - Processing /home/agalli/sandbox/lib/python3.6/site-packages/airflow/example_dags/example_python_operator.py took 0.245 seconds
[2022-02-12 13:58:29,865] {scheduler_job.py:182} INFO - Started process (PID=2434) to work on /home/agalli/sandbox/lib/python3.6/site-packages/airflow/example_dags/example_python_operator.py
[2022-02-12 13:58:29,868] {scheduler_job.py:633} INFO - Processing file /home/agalli/sandbox/lib/python3.6/site-packages/airflow/example_dags/example_python_operator.py for tasks to queue
[2022-02-12 13:58:29,869] {logging_mixin.py:104} INFO - [2022-02-12 13:58:29,869] {dagbag.py:487} INFO - Filling up the DagBag from /home/agalli/sandbox/lib/python3.6/site-packages/airflow/example_dags/example_python_operator.py
[2022-02-12 13:58:29,918] {scheduler_job.py:643} INFO - DAG(s) dict_keys(['example_python_operator']) retrieved from /home/agalli/sandbox/lib/python3.6/site-packages/airflow/example_dags/example_python_operator.py
[2022-02-12 13:58:29,982] {logging_mixin.py:104} INFO - [2022-02-12 13:58:29,982] {dag.py:1832} INFO - Sync 1 DAGs
[2022-02-12 13:58:30,019] {logging_mixin.py:104} INFO - [2022-02-12 13:58:30,018] {dag.py:2305} INFO - Setting next_dagrun for example_python_operator to None
[2022-02-12 13:58:30,048] {scheduler_job.py:190} INFO - Processing /home/agalli/sandbox/lib/python3.6/site-packages/airflow/example_dags/example_python_operator.py took 0.198 seconds
[2022-02-12 13:59:00,624] {scheduler_job.py:182} INFO - Started process (PID=2639) to work on /home/agalli/sandbox/lib/python3.6/site-packages/airflow/example_dags/example_python_operator.py
[2022-02-12 13:59:00,626] {scheduler_job.py:633} INFO - Processing file /home/agalli/sandbox/lib/python3.6/site-packages/airflow/example_dags/example_python_operator.py for tasks to queue
[2022-02-12 13:59:00,626] {logging_mixin.py:104} INFO - [2022-02-12 13:59:00,626] {dagbag.py:487} INFO - Filling up the DagBag from /home/agalli/sandbox/lib/python3.6/site-packages/airflow/example_dags/example_python_operator.py
[2022-02-12 13:59:00,647] {scheduler_job.py:643} INFO - DAG(s) dict_keys(['example_python_operator']) retrieved from /home/agalli/sandbox/lib/python3.6/site-packages/airflow/example_dags/example_python_operator.py
[2022-02-12 13:59:00,688] {logging_mixin.py:104} INFO - [2022-02-12 13:59:00,688] {dag.py:1832} INFO - Sync 1 DAGs
[2022-02-12 13:59:00,711] {logging_mixin.py:104} INFO - [2022-02-12 13:59:00,711] {dag.py:2305} INFO - Setting next_dagrun for example_python_operator to None
[2022-02-12 13:59:00,729] {scheduler_job.py:190} INFO - Processing /home/agalli/sandbox/lib/python3.6/site-packages/airflow/example_dags/example_python_operator.py took 0.109 seconds
[2022-02-12 13:59:31,337] {scheduler_job.py:182} INFO - Started process (PID=2839) to work on /home/agalli/sandbox/lib/python3.6/site-packages/airflow/example_dags/example_python_operator.py
[2022-02-12 13:59:31,339] {scheduler_job.py:633} INFO - Processing file /home/agalli/sandbox/lib/python3.6/site-packages/airflow/example_dags/example_python_operator.py for tasks to queue
[2022-02-12 13:59:31,340] {logging_mixin.py:104} INFO - [2022-02-12 13:59:31,339] {dagbag.py:487} INFO - Filling up the DagBag from /home/agalli/sandbox/lib/python3.6/site-packages/airflow/example_dags/example_python_operator.py
[2022-02-12 13:59:31,359] {scheduler_job.py:643} INFO - DAG(s) dict_keys(['example_python_operator']) retrieved from /home/agalli/sandbox/lib/python3.6/site-packages/airflow/example_dags/example_python_operator.py
[2022-02-12 13:59:31,390] {logging_mixin.py:104} INFO - [2022-02-12 13:59:31,390] {dag.py:1832} INFO - Sync 1 DAGs
[2022-02-12 13:59:31,410] {logging_mixin.py:104} INFO - [2022-02-12 13:59:31,410] {dag.py:2305} INFO - Setting next_dagrun for example_python_operator to None
[2022-02-12 13:59:31,423] {scheduler_job.py:190} INFO - Processing /home/agalli/sandbox/lib/python3.6/site-packages/airflow/example_dags/example_python_operator.py took 0.091 seconds
[2022-02-12 14:00:03,712] {scheduler_job.py:182} INFO - Started process (PID=3104) to work on /home/agalli/sandbox/lib/python3.6/site-packages/airflow/example_dags/example_python_operator.py
[2022-02-12 14:00:03,714] {scheduler_job.py:633} INFO - Processing file /home/agalli/sandbox/lib/python3.6/site-packages/airflow/example_dags/example_python_operator.py for tasks to queue
[2022-02-12 14:00:03,716] {logging_mixin.py:104} INFO - [2022-02-12 14:00:03,716] {dagbag.py:487} INFO - Filling up the DagBag from /home/agalli/sandbox/lib/python3.6/site-packages/airflow/example_dags/example_python_operator.py
[2022-02-12 14:00:03,753] {scheduler_job.py:643} INFO - DAG(s) dict_keys(['example_python_operator']) retrieved from /home/agalli/sandbox/lib/python3.6/site-packages/airflow/example_dags/example_python_operator.py
[2022-02-12 14:00:03,809] {logging_mixin.py:104} INFO - [2022-02-12 14:00:03,809] {dag.py:1832} INFO - Sync 1 DAGs
[2022-02-12 14:00:03,847] {logging_mixin.py:104} INFO - [2022-02-12 14:00:03,847] {dag.py:2305} INFO - Setting next_dagrun for example_python_operator to None
[2022-02-12 14:00:03,870] {scheduler_job.py:190} INFO - Processing /home/agalli/sandbox/lib/python3.6/site-packages/airflow/example_dags/example_python_operator.py took 0.166 seconds
[2022-02-12 14:00:34,208] {scheduler_job.py:182} INFO - Started process (PID=3470) to work on /home/agalli/sandbox/lib/python3.6/site-packages/airflow/example_dags/example_python_operator.py
[2022-02-12 14:00:34,209] {scheduler_job.py:633} INFO - Processing file /home/agalli/sandbox/lib/python3.6/site-packages/airflow/example_dags/example_python_operator.py for tasks to queue
[2022-02-12 14:00:34,211] {logging_mixin.py:104} INFO - [2022-02-12 14:00:34,210] {dagbag.py:487} INFO - Filling up the DagBag from /home/agalli/sandbox/lib/python3.6/site-packages/airflow/example_dags/example_python_operator.py
[2022-02-12 14:00:34,256] {scheduler_job.py:643} INFO - DAG(s) dict_keys(['example_python_operator']) retrieved from /home/agalli/sandbox/lib/python3.6/site-packages/airflow/example_dags/example_python_operator.py
[2022-02-12 14:00:34,341] {logging_mixin.py:104} INFO - [2022-02-12 14:00:34,341] {dag.py:1832} INFO - Sync 1 DAGs
[2022-02-12 14:00:34,383] {logging_mixin.py:104} INFO - [2022-02-12 14:00:34,383] {dag.py:2305} INFO - Setting next_dagrun for example_python_operator to None
[2022-02-12 14:00:34,403] {scheduler_job.py:190} INFO - Processing /home/agalli/sandbox/lib/python3.6/site-packages/airflow/example_dags/example_python_operator.py took 0.202 seconds
[2022-02-12 14:01:07,212] {scheduler_job.py:182} INFO - Started process (PID=4061) to work on /home/agalli/sandbox/lib/python3.6/site-packages/airflow/example_dags/example_python_operator.py
[2022-02-12 14:01:07,214] {scheduler_job.py:633} INFO - Processing file /home/agalli/sandbox/lib/python3.6/site-packages/airflow/example_dags/example_python_operator.py for tasks to queue
[2022-02-12 14:01:07,216] {logging_mixin.py:104} INFO - [2022-02-12 14:01:07,215] {dagbag.py:487} INFO - Filling up the DagBag from /home/agalli/sandbox/lib/python3.6/site-packages/airflow/example_dags/example_python_operator.py
[2022-02-12 14:01:07,254] {scheduler_job.py:643} INFO - DAG(s) dict_keys(['example_python_operator']) retrieved from /home/agalli/sandbox/lib/python3.6/site-packages/airflow/example_dags/example_python_operator.py
[2022-02-12 14:01:07,339] {logging_mixin.py:104} INFO - [2022-02-12 14:01:07,338] {dag.py:1832} INFO - Sync 1 DAGs
[2022-02-12 14:01:07,509] {logging_mixin.py:104} INFO - [2022-02-12 14:01:07,509] {dag.py:2305} INFO - Setting next_dagrun for example_python_operator to None
[2022-02-12 14:01:07,555] {scheduler_job.py:190} INFO - Processing /home/agalli/sandbox/lib/python3.6/site-packages/airflow/example_dags/example_python_operator.py took 0.354 seconds
[2022-02-12 14:01:37,673] {scheduler_job.py:182} INFO - Started process (PID=5346) to work on /home/agalli/sandbox/lib/python3.6/site-packages/airflow/example_dags/example_python_operator.py
[2022-02-12 14:01:37,675] {scheduler_job.py:633} INFO - Processing file /home/agalli/sandbox/lib/python3.6/site-packages/airflow/example_dags/example_python_operator.py for tasks to queue
[2022-02-12 14:01:37,676] {logging_mixin.py:104} INFO - [2022-02-12 14:01:37,676] {dagbag.py:487} INFO - Filling up the DagBag from /home/agalli/sandbox/lib/python3.6/site-packages/airflow/example_dags/example_python_operator.py
[2022-02-12 14:01:37,694] {scheduler_job.py:643} INFO - DAG(s) dict_keys(['example_python_operator']) retrieved from /home/agalli/sandbox/lib/python3.6/site-packages/airflow/example_dags/example_python_operator.py
[2022-02-12 14:01:37,722] {logging_mixin.py:104} INFO - [2022-02-12 14:01:37,722] {dag.py:1832} INFO - Sync 1 DAGs
[2022-02-12 14:01:37,740] {logging_mixin.py:104} INFO - [2022-02-12 14:01:37,740] {dag.py:2305} INFO - Setting next_dagrun for example_python_operator to None
[2022-02-12 14:01:37,775] {scheduler_job.py:190} INFO - Processing /home/agalli/sandbox/lib/python3.6/site-packages/airflow/example_dags/example_python_operator.py took 0.106 seconds
[2022-02-12 14:02:08,364] {scheduler_job.py:182} INFO - Started process (PID=5577) to work on /home/agalli/sandbox/lib/python3.6/site-packages/airflow/example_dags/example_python_operator.py
[2022-02-12 14:02:08,365] {scheduler_job.py:633} INFO - Processing file /home/agalli/sandbox/lib/python3.6/site-packages/airflow/example_dags/example_python_operator.py for tasks to queue
[2022-02-12 14:02:08,366] {logging_mixin.py:104} INFO - [2022-02-12 14:02:08,366] {dagbag.py:487} INFO - Filling up the DagBag from /home/agalli/sandbox/lib/python3.6/site-packages/airflow/example_dags/example_python_operator.py
[2022-02-12 14:02:08,395] {scheduler_job.py:643} INFO - DAG(s) dict_keys(['example_python_operator']) retrieved from /home/agalli/sandbox/lib/python3.6/site-packages/airflow/example_dags/example_python_operator.py
[2022-02-12 14:02:08,436] {logging_mixin.py:104} INFO - [2022-02-12 14:02:08,436] {dag.py:1832} INFO - Sync 1 DAGs
[2022-02-12 14:02:08,464] {logging_mixin.py:104} INFO - [2022-02-12 14:02:08,463] {dag.py:2305} INFO - Setting next_dagrun for example_python_operator to None
[2022-02-12 14:02:08,485] {scheduler_job.py:190} INFO - Processing /home/agalli/sandbox/lib/python3.6/site-packages/airflow/example_dags/example_python_operator.py took 0.125 seconds
[2022-02-12 14:02:38,603] {scheduler_job.py:182} INFO - Started process (PID=5898) to work on /home/agalli/sandbox/lib/python3.6/site-packages/airflow/example_dags/example_python_operator.py
[2022-02-12 14:02:38,605] {scheduler_job.py:633} INFO - Processing file /home/agalli/sandbox/lib/python3.6/site-packages/airflow/example_dags/example_python_operator.py for tasks to queue
[2022-02-12 14:02:38,606] {logging_mixin.py:104} INFO - [2022-02-12 14:02:38,606] {dagbag.py:487} INFO - Filling up the DagBag from /home/agalli/sandbox/lib/python3.6/site-packages/airflow/example_dags/example_python_operator.py
[2022-02-12 14:02:38,642] {scheduler_job.py:643} INFO - DAG(s) dict_keys(['example_python_operator']) retrieved from /home/agalli/sandbox/lib/python3.6/site-packages/airflow/example_dags/example_python_operator.py
[2022-02-12 14:02:38,700] {logging_mixin.py:104} INFO - [2022-02-12 14:02:38,700] {dag.py:1832} INFO - Sync 1 DAGs
[2022-02-12 14:02:38,729] {logging_mixin.py:104} INFO - [2022-02-12 14:02:38,729] {dag.py:2305} INFO - Setting next_dagrun for example_python_operator to None
[2022-02-12 14:02:38,744] {scheduler_job.py:190} INFO - Processing /home/agalli/sandbox/lib/python3.6/site-packages/airflow/example_dags/example_python_operator.py took 0.147 seconds
[2022-02-12 14:03:09,701] {scheduler_job.py:182} INFO - Started process (PID=6100) to work on /home/agalli/sandbox/lib/python3.6/site-packages/airflow/example_dags/example_python_operator.py
[2022-02-12 14:03:09,715] {scheduler_job.py:633} INFO - Processing file /home/agalli/sandbox/lib/python3.6/site-packages/airflow/example_dags/example_python_operator.py for tasks to queue
[2022-02-12 14:03:09,719] {logging_mixin.py:104} INFO - [2022-02-12 14:03:09,719] {dagbag.py:487} INFO - Filling up the DagBag from /home/agalli/sandbox/lib/python3.6/site-packages/airflow/example_dags/example_python_operator.py
[2022-02-12 14:03:09,757] {scheduler_job.py:643} INFO - DAG(s) dict_keys(['example_python_operator']) retrieved from /home/agalli/sandbox/lib/python3.6/site-packages/airflow/example_dags/example_python_operator.py
[2022-02-12 14:03:09,818] {logging_mixin.py:104} INFO - [2022-02-12 14:03:09,817] {dag.py:1832} INFO - Sync 1 DAGs
[2022-02-12 14:03:09,861] {logging_mixin.py:104} INFO - [2022-02-12 14:03:09,861] {dag.py:2305} INFO - Setting next_dagrun for example_python_operator to None
[2022-02-12 14:03:09,887] {scheduler_job.py:190} INFO - Processing /home/agalli/sandbox/lib/python3.6/site-packages/airflow/example_dags/example_python_operator.py took 0.201 seconds
[2022-02-12 14:20:19,233] {scheduler_job.py:182} INFO - Started process (PID=7076) to work on /home/agalli/sandbox/lib/python3.6/site-packages/airflow/example_dags/example_python_operator.py
[2022-02-12 14:20:19,234] {scheduler_job.py:633} INFO - Processing file /home/agalli/sandbox/lib/python3.6/site-packages/airflow/example_dags/example_python_operator.py for tasks to queue
[2022-02-12 14:20:19,235] {logging_mixin.py:104} INFO - [2022-02-12 14:20:19,234] {dagbag.py:487} INFO - Filling up the DagBag from /home/agalli/sandbox/lib/python3.6/site-packages/airflow/example_dags/example_python_operator.py
[2022-02-12 14:20:19,250] {scheduler_job.py:643} INFO - DAG(s) dict_keys(['example_python_operator']) retrieved from /home/agalli/sandbox/lib/python3.6/site-packages/airflow/example_dags/example_python_operator.py
[2022-02-12 14:20:19,281] {logging_mixin.py:104} INFO - [2022-02-12 14:20:19,281] {dag.py:1832} INFO - Sync 1 DAGs
[2022-02-12 14:20:19,300] {logging_mixin.py:104} INFO - [2022-02-12 14:20:19,300] {dag.py:2305} INFO - Setting next_dagrun for example_python_operator to None
[2022-02-12 14:20:19,321] {scheduler_job.py:190} INFO - Processing /home/agalli/sandbox/lib/python3.6/site-packages/airflow/example_dags/example_python_operator.py took 0.092 seconds
[2022-02-12 14:20:49,902] {scheduler_job.py:182} INFO - Started process (PID=7278) to work on /home/agalli/sandbox/lib/python3.6/site-packages/airflow/example_dags/example_python_operator.py
[2022-02-12 14:20:49,905] {scheduler_job.py:633} INFO - Processing file /home/agalli/sandbox/lib/python3.6/site-packages/airflow/example_dags/example_python_operator.py for tasks to queue
[2022-02-12 14:20:49,906] {logging_mixin.py:104} INFO - [2022-02-12 14:20:49,905] {dagbag.py:487} INFO - Filling up the DagBag from /home/agalli/sandbox/lib/python3.6/site-packages/airflow/example_dags/example_python_operator.py
[2022-02-12 14:20:49,926] {scheduler_job.py:643} INFO - DAG(s) dict_keys(['example_python_operator']) retrieved from /home/agalli/sandbox/lib/python3.6/site-packages/airflow/example_dags/example_python_operator.py
[2022-02-12 14:20:49,964] {logging_mixin.py:104} INFO - [2022-02-12 14:20:49,964] {dag.py:1832} INFO - Sync 1 DAGs
[2022-02-12 14:20:49,984] {logging_mixin.py:104} INFO - [2022-02-12 14:20:49,984] {dag.py:2305} INFO - Setting next_dagrun for example_python_operator to None
[2022-02-12 14:20:49,999] {scheduler_job.py:190} INFO - Processing /home/agalli/sandbox/lib/python3.6/site-packages/airflow/example_dags/example_python_operator.py took 0.102 seconds
[2022-02-12 14:21:21,195] {scheduler_job.py:182} INFO - Started process (PID=7482) to work on /home/agalli/sandbox/lib/python3.6/site-packages/airflow/example_dags/example_python_operator.py
[2022-02-12 14:21:21,196] {scheduler_job.py:633} INFO - Processing file /home/agalli/sandbox/lib/python3.6/site-packages/airflow/example_dags/example_python_operator.py for tasks to queue
[2022-02-12 14:21:21,197] {logging_mixin.py:104} INFO - [2022-02-12 14:21:21,197] {dagbag.py:487} INFO - Filling up the DagBag from /home/agalli/sandbox/lib/python3.6/site-packages/airflow/example_dags/example_python_operator.py
[2022-02-12 14:21:21,209] {scheduler_job.py:643} INFO - DAG(s) dict_keys(['example_python_operator']) retrieved from /home/agalli/sandbox/lib/python3.6/site-packages/airflow/example_dags/example_python_operator.py
[2022-02-12 14:21:21,245] {logging_mixin.py:104} INFO - [2022-02-12 14:21:21,244] {dag.py:1832} INFO - Sync 1 DAGs
[2022-02-12 14:21:21,270] {logging_mixin.py:104} INFO - [2022-02-12 14:21:21,270] {dag.py:2305} INFO - Setting next_dagrun for example_python_operator to None
[2022-02-12 14:21:21,301] {scheduler_job.py:190} INFO - Processing /home/agalli/sandbox/lib/python3.6/site-packages/airflow/example_dags/example_python_operator.py took 0.111 seconds
[2022-02-12 14:21:51,564] {scheduler_job.py:182} INFO - Started process (PID=7684) to work on /home/agalli/sandbox/lib/python3.6/site-packages/airflow/example_dags/example_python_operator.py
[2022-02-12 14:21:51,565] {scheduler_job.py:633} INFO - Processing file /home/agalli/sandbox/lib/python3.6/site-packages/airflow/example_dags/example_python_operator.py for tasks to queue
[2022-02-12 14:21:51,566] {logging_mixin.py:104} INFO - [2022-02-12 14:21:51,566] {dagbag.py:487} INFO - Filling up the DagBag from /home/agalli/sandbox/lib/python3.6/site-packages/airflow/example_dags/example_python_operator.py
[2022-02-12 14:21:51,580] {scheduler_job.py:643} INFO - DAG(s) dict_keys(['example_python_operator']) retrieved from /home/agalli/sandbox/lib/python3.6/site-packages/airflow/example_dags/example_python_operator.py
[2022-02-12 14:21:51,614] {logging_mixin.py:104} INFO - [2022-02-12 14:21:51,613] {dag.py:1832} INFO - Sync 1 DAGs
[2022-02-12 14:21:51,635] {logging_mixin.py:104} INFO - [2022-02-12 14:21:51,634] {dag.py:2305} INFO - Setting next_dagrun for example_python_operator to None
[2022-02-12 14:21:51,651] {scheduler_job.py:190} INFO - Processing /home/agalli/sandbox/lib/python3.6/site-packages/airflow/example_dags/example_python_operator.py took 0.092 seconds
[2022-02-12 14:22:22,713] {scheduler_job.py:182} INFO - Started process (PID=7884) to work on /home/agalli/sandbox/lib/python3.6/site-packages/airflow/example_dags/example_python_operator.py
[2022-02-12 14:22:22,714] {scheduler_job.py:633} INFO - Processing file /home/agalli/sandbox/lib/python3.6/site-packages/airflow/example_dags/example_python_operator.py for tasks to queue
[2022-02-12 14:22:22,715] {logging_mixin.py:104} INFO - [2022-02-12 14:22:22,715] {dagbag.py:487} INFO - Filling up the DagBag from /home/agalli/sandbox/lib/python3.6/site-packages/airflow/example_dags/example_python_operator.py
[2022-02-12 14:22:22,738] {scheduler_job.py:643} INFO - DAG(s) dict_keys(['example_python_operator']) retrieved from /home/agalli/sandbox/lib/python3.6/site-packages/airflow/example_dags/example_python_operator.py
[2022-02-12 14:22:22,769] {logging_mixin.py:104} INFO - [2022-02-12 14:22:22,768] {dag.py:1832} INFO - Sync 1 DAGs
[2022-02-12 14:22:22,789] {logging_mixin.py:104} INFO - [2022-02-12 14:22:22,789] {dag.py:2305} INFO - Setting next_dagrun for example_python_operator to None
[2022-02-12 14:22:22,801] {scheduler_job.py:190} INFO - Processing /home/agalli/sandbox/lib/python3.6/site-packages/airflow/example_dags/example_python_operator.py took 0.093 seconds
[2022-02-12 14:22:53,607] {scheduler_job.py:182} INFO - Started process (PID=8085) to work on /home/agalli/sandbox/lib/python3.6/site-packages/airflow/example_dags/example_python_operator.py
[2022-02-12 14:22:53,608] {scheduler_job.py:633} INFO - Processing file /home/agalli/sandbox/lib/python3.6/site-packages/airflow/example_dags/example_python_operator.py for tasks to queue
[2022-02-12 14:22:53,609] {logging_mixin.py:104} INFO - [2022-02-12 14:22:53,609] {dagbag.py:487} INFO - Filling up the DagBag from /home/agalli/sandbox/lib/python3.6/site-packages/airflow/example_dags/example_python_operator.py
[2022-02-12 14:22:53,628] {scheduler_job.py:643} INFO - DAG(s) dict_keys(['example_python_operator']) retrieved from /home/agalli/sandbox/lib/python3.6/site-packages/airflow/example_dags/example_python_operator.py
[2022-02-12 14:22:53,667] {logging_mixin.py:104} INFO - [2022-02-12 14:22:53,667] {dag.py:1832} INFO - Sync 1 DAGs
[2022-02-12 14:22:53,694] {logging_mixin.py:104} INFO - [2022-02-12 14:22:53,694] {dag.py:2305} INFO - Setting next_dagrun for example_python_operator to None
[2022-02-12 14:22:53,709] {scheduler_job.py:190} INFO - Processing /home/agalli/sandbox/lib/python3.6/site-packages/airflow/example_dags/example_python_operator.py took 0.107 seconds
[2022-02-12 14:23:25,002] {scheduler_job.py:182} INFO - Started process (PID=8289) to work on /home/agalli/sandbox/lib/python3.6/site-packages/airflow/example_dags/example_python_operator.py
[2022-02-12 14:23:25,005] {scheduler_job.py:633} INFO - Processing file /home/agalli/sandbox/lib/python3.6/site-packages/airflow/example_dags/example_python_operator.py for tasks to queue
[2022-02-12 14:23:25,007] {logging_mixin.py:104} INFO - [2022-02-12 14:23:25,006] {dagbag.py:487} INFO - Filling up the DagBag from /home/agalli/sandbox/lib/python3.6/site-packages/airflow/example_dags/example_python_operator.py
[2022-02-12 14:23:25,043] {scheduler_job.py:643} INFO - DAG(s) dict_keys(['example_python_operator']) retrieved from /home/agalli/sandbox/lib/python3.6/site-packages/airflow/example_dags/example_python_operator.py
[2022-02-12 14:23:25,115] {logging_mixin.py:104} INFO - [2022-02-12 14:23:25,115] {dag.py:1832} INFO - Sync 1 DAGs
[2022-02-12 14:23:25,163] {logging_mixin.py:104} INFO - [2022-02-12 14:23:25,163] {dag.py:2305} INFO - Setting next_dagrun for example_python_operator to None
[2022-02-12 14:23:25,193] {scheduler_job.py:190} INFO - Processing /home/agalli/sandbox/lib/python3.6/site-packages/airflow/example_dags/example_python_operator.py took 0.201 seconds
[2022-02-12 14:23:55,374] {scheduler_job.py:182} INFO - Started process (PID=8491) to work on /home/agalli/sandbox/lib/python3.6/site-packages/airflow/example_dags/example_python_operator.py
[2022-02-12 14:23:55,376] {scheduler_job.py:633} INFO - Processing file /home/agalli/sandbox/lib/python3.6/site-packages/airflow/example_dags/example_python_operator.py for tasks to queue
[2022-02-12 14:23:55,376] {logging_mixin.py:104} INFO - [2022-02-12 14:23:55,376] {dagbag.py:487} INFO - Filling up the DagBag from /home/agalli/sandbox/lib/python3.6/site-packages/airflow/example_dags/example_python_operator.py
[2022-02-12 14:23:55,395] {scheduler_job.py:643} INFO - DAG(s) dict_keys(['example_python_operator']) retrieved from /home/agalli/sandbox/lib/python3.6/site-packages/airflow/example_dags/example_python_operator.py
[2022-02-12 14:23:55,428] {logging_mixin.py:104} INFO - [2022-02-12 14:23:55,428] {dag.py:1832} INFO - Sync 1 DAGs
[2022-02-12 14:23:55,446] {logging_mixin.py:104} INFO - [2022-02-12 14:23:55,446] {dag.py:2305} INFO - Setting next_dagrun for example_python_operator to None
[2022-02-12 14:23:55,459] {scheduler_job.py:190} INFO - Processing /home/agalli/sandbox/lib/python3.6/site-packages/airflow/example_dags/example_python_operator.py took 0.089 seconds
[2022-02-12 14:24:28,165] {scheduler_job.py:182} INFO - Started process (PID=8693) to work on /home/agalli/sandbox/lib/python3.6/site-packages/airflow/example_dags/example_python_operator.py
[2022-02-12 14:24:28,168] {scheduler_job.py:633} INFO - Processing file /home/agalli/sandbox/lib/python3.6/site-packages/airflow/example_dags/example_python_operator.py for tasks to queue
[2022-02-12 14:24:28,169] {logging_mixin.py:104} INFO - [2022-02-12 14:24:28,168] {dagbag.py:487} INFO - Filling up the DagBag from /home/agalli/sandbox/lib/python3.6/site-packages/airflow/example_dags/example_python_operator.py
[2022-02-12 14:24:28,202] {scheduler_job.py:643} INFO - DAG(s) dict_keys(['example_python_operator']) retrieved from /home/agalli/sandbox/lib/python3.6/site-packages/airflow/example_dags/example_python_operator.py
[2022-02-12 14:24:28,255] {logging_mixin.py:104} INFO - [2022-02-12 14:24:28,255] {dag.py:1832} INFO - Sync 1 DAGs
[2022-02-12 14:24:28,291] {logging_mixin.py:104} INFO - [2022-02-12 14:24:28,291] {dag.py:2305} INFO - Setting next_dagrun for example_python_operator to None
[2022-02-12 14:24:28,317] {scheduler_job.py:190} INFO - Processing /home/agalli/sandbox/lib/python3.6/site-packages/airflow/example_dags/example_python_operator.py took 0.161 seconds
[2022-02-12 14:24:59,359] {scheduler_job.py:182} INFO - Started process (PID=8895) to work on /home/agalli/sandbox/lib/python3.6/site-packages/airflow/example_dags/example_python_operator.py
[2022-02-12 14:24:59,407] {scheduler_job.py:633} INFO - Processing file /home/agalli/sandbox/lib/python3.6/site-packages/airflow/example_dags/example_python_operator.py for tasks to queue
[2022-02-12 14:24:59,408] {logging_mixin.py:104} INFO - [2022-02-12 14:24:59,408] {dagbag.py:487} INFO - Filling up the DagBag from /home/agalli/sandbox/lib/python3.6/site-packages/airflow/example_dags/example_python_operator.py
[2022-02-12 14:24:59,436] {scheduler_job.py:643} INFO - DAG(s) dict_keys(['example_python_operator']) retrieved from /home/agalli/sandbox/lib/python3.6/site-packages/airflow/example_dags/example_python_operator.py
[2022-02-12 14:24:59,485] {logging_mixin.py:104} INFO - [2022-02-12 14:24:59,485] {dag.py:1832} INFO - Sync 1 DAGs
[2022-02-12 14:24:59,520] {logging_mixin.py:104} INFO - [2022-02-12 14:24:59,520] {dag.py:2305} INFO - Setting next_dagrun for example_python_operator to None
[2022-02-12 14:24:59,632] {scheduler_job.py:190} INFO - Processing /home/agalli/sandbox/lib/python3.6/site-packages/airflow/example_dags/example_python_operator.py took 0.277 seconds
[2022-02-12 14:25:30,188] {scheduler_job.py:182} INFO - Started process (PID=9216) to work on /home/agalli/sandbox/lib/python3.6/site-packages/airflow/example_dags/example_python_operator.py
[2022-02-12 14:25:30,189] {scheduler_job.py:633} INFO - Processing file /home/agalli/sandbox/lib/python3.6/site-packages/airflow/example_dags/example_python_operator.py for tasks to queue
[2022-02-12 14:25:30,190] {logging_mixin.py:104} INFO - [2022-02-12 14:25:30,190] {dagbag.py:487} INFO - Filling up the DagBag from /home/agalli/sandbox/lib/python3.6/site-packages/airflow/example_dags/example_python_operator.py
[2022-02-12 14:25:30,218] {scheduler_job.py:643} INFO - DAG(s) dict_keys(['example_python_operator']) retrieved from /home/agalli/sandbox/lib/python3.6/site-packages/airflow/example_dags/example_python_operator.py
[2022-02-12 14:25:30,271] {logging_mixin.py:104} INFO - [2022-02-12 14:25:30,271] {dag.py:1832} INFO - Sync 1 DAGs
[2022-02-12 14:25:30,295] {logging_mixin.py:104} INFO - [2022-02-12 14:25:30,294] {dag.py:2305} INFO - Setting next_dagrun for example_python_operator to None
[2022-02-12 14:25:30,312] {scheduler_job.py:190} INFO - Processing /home/agalli/sandbox/lib/python3.6/site-packages/airflow/example_dags/example_python_operator.py took 0.131 seconds
[2022-02-12 14:26:00,971] {scheduler_job.py:182} INFO - Started process (PID=9418) to work on /home/agalli/sandbox/lib/python3.6/site-packages/airflow/example_dags/example_python_operator.py
[2022-02-12 14:26:00,978] {scheduler_job.py:633} INFO - Processing file /home/agalli/sandbox/lib/python3.6/site-packages/airflow/example_dags/example_python_operator.py for tasks to queue
[2022-02-12 14:26:00,979] {logging_mixin.py:104} INFO - [2022-02-12 14:26:00,979] {dagbag.py:487} INFO - Filling up the DagBag from /home/agalli/sandbox/lib/python3.6/site-packages/airflow/example_dags/example_python_operator.py
[2022-02-12 14:26:01,003] {scheduler_job.py:643} INFO - DAG(s) dict_keys(['example_python_operator']) retrieved from /home/agalli/sandbox/lib/python3.6/site-packages/airflow/example_dags/example_python_operator.py
[2022-02-12 14:26:01,057] {logging_mixin.py:104} INFO - [2022-02-12 14:26:01,057] {dag.py:1832} INFO - Sync 1 DAGs
[2022-02-12 14:26:01,078] {logging_mixin.py:104} INFO - [2022-02-12 14:26:01,078] {dag.py:2305} INFO - Setting next_dagrun for example_python_operator to None
[2022-02-12 14:26:01,094] {scheduler_job.py:190} INFO - Processing /home/agalli/sandbox/lib/python3.6/site-packages/airflow/example_dags/example_python_operator.py took 0.128 seconds
[2022-02-12 14:26:32,471] {scheduler_job.py:182} INFO - Started process (PID=9621) to work on /home/agalli/sandbox/lib/python3.6/site-packages/airflow/example_dags/example_python_operator.py
[2022-02-12 14:26:32,473] {scheduler_job.py:633} INFO - Processing file /home/agalli/sandbox/lib/python3.6/site-packages/airflow/example_dags/example_python_operator.py for tasks to queue
[2022-02-12 14:26:32,474] {logging_mixin.py:104} INFO - [2022-02-12 14:26:32,474] {dagbag.py:487} INFO - Filling up the DagBag from /home/agalli/sandbox/lib/python3.6/site-packages/airflow/example_dags/example_python_operator.py
[2022-02-12 14:26:32,492] {scheduler_job.py:643} INFO - DAG(s) dict_keys(['example_python_operator']) retrieved from /home/agalli/sandbox/lib/python3.6/site-packages/airflow/example_dags/example_python_operator.py
[2022-02-12 14:26:32,525] {logging_mixin.py:104} INFO - [2022-02-12 14:26:32,524] {dag.py:1832} INFO - Sync 1 DAGs
[2022-02-12 14:26:32,545] {logging_mixin.py:104} INFO - [2022-02-12 14:26:32,545] {dag.py:2305} INFO - Setting next_dagrun for example_python_operator to None
[2022-02-12 14:26:32,560] {scheduler_job.py:190} INFO - Processing /home/agalli/sandbox/lib/python3.6/site-packages/airflow/example_dags/example_python_operator.py took 0.096 seconds
[2022-02-12 14:27:03,616] {scheduler_job.py:182} INFO - Started process (PID=9822) to work on /home/agalli/sandbox/lib/python3.6/site-packages/airflow/example_dags/example_python_operator.py
[2022-02-12 14:27:03,617] {scheduler_job.py:633} INFO - Processing file /home/agalli/sandbox/lib/python3.6/site-packages/airflow/example_dags/example_python_operator.py for tasks to queue
[2022-02-12 14:27:03,618] {logging_mixin.py:104} INFO - [2022-02-12 14:27:03,617] {dagbag.py:487} INFO - Filling up the DagBag from /home/agalli/sandbox/lib/python3.6/site-packages/airflow/example_dags/example_python_operator.py
[2022-02-12 14:27:03,634] {scheduler_job.py:643} INFO - DAG(s) dict_keys(['example_python_operator']) retrieved from /home/agalli/sandbox/lib/python3.6/site-packages/airflow/example_dags/example_python_operator.py
[2022-02-12 14:27:03,661] {logging_mixin.py:104} INFO - [2022-02-12 14:27:03,661] {dag.py:1832} INFO - Sync 1 DAGs
[2022-02-12 14:27:03,686] {logging_mixin.py:104} INFO - [2022-02-12 14:27:03,686] {dag.py:2305} INFO - Setting next_dagrun for example_python_operator to None
[2022-02-12 14:27:03,701] {scheduler_job.py:190} INFO - Processing /home/agalli/sandbox/lib/python3.6/site-packages/airflow/example_dags/example_python_operator.py took 0.091 seconds
[2022-02-12 14:27:34,480] {scheduler_job.py:182} INFO - Started process (PID=10024) to work on /home/agalli/sandbox/lib/python3.6/site-packages/airflow/example_dags/example_python_operator.py
[2022-02-12 14:27:34,484] {scheduler_job.py:633} INFO - Processing file /home/agalli/sandbox/lib/python3.6/site-packages/airflow/example_dags/example_python_operator.py for tasks to queue
[2022-02-12 14:27:34,489] {logging_mixin.py:104} INFO - [2022-02-12 14:27:34,489] {dagbag.py:487} INFO - Filling up the DagBag from /home/agalli/sandbox/lib/python3.6/site-packages/airflow/example_dags/example_python_operator.py
[2022-02-12 14:27:34,511] {scheduler_job.py:643} INFO - DAG(s) dict_keys(['example_python_operator']) retrieved from /home/agalli/sandbox/lib/python3.6/site-packages/airflow/example_dags/example_python_operator.py
[2022-02-12 14:27:34,548] {logging_mixin.py:104} INFO - [2022-02-12 14:27:34,548] {dag.py:1832} INFO - Sync 1 DAGs
[2022-02-12 14:27:34,575] {logging_mixin.py:104} INFO - [2022-02-12 14:27:34,575] {dag.py:2305} INFO - Setting next_dagrun for example_python_operator to None
[2022-02-12 14:27:34,598] {scheduler_job.py:190} INFO - Processing /home/agalli/sandbox/lib/python3.6/site-packages/airflow/example_dags/example_python_operator.py took 0.124 seconds
[2022-02-12 14:28:05,450] {scheduler_job.py:182} INFO - Started process (PID=10227) to work on /home/agalli/sandbox/lib/python3.6/site-packages/airflow/example_dags/example_python_operator.py
[2022-02-12 14:28:05,451] {scheduler_job.py:633} INFO - Processing file /home/agalli/sandbox/lib/python3.6/site-packages/airflow/example_dags/example_python_operator.py for tasks to queue
[2022-02-12 14:28:05,452] {logging_mixin.py:104} INFO - [2022-02-12 14:28:05,452] {dagbag.py:487} INFO - Filling up the DagBag from /home/agalli/sandbox/lib/python3.6/site-packages/airflow/example_dags/example_python_operator.py
[2022-02-12 14:28:05,467] {scheduler_job.py:643} INFO - DAG(s) dict_keys(['example_python_operator']) retrieved from /home/agalli/sandbox/lib/python3.6/site-packages/airflow/example_dags/example_python_operator.py
[2022-02-12 14:28:05,501] {logging_mixin.py:104} INFO - [2022-02-12 14:28:05,501] {dag.py:1832} INFO - Sync 1 DAGs
[2022-02-12 14:28:05,536] {logging_mixin.py:104} INFO - [2022-02-12 14:28:05,536] {dag.py:2305} INFO - Setting next_dagrun for example_python_operator to None
[2022-02-12 14:28:05,553] {scheduler_job.py:190} INFO - Processing /home/agalli/sandbox/lib/python3.6/site-packages/airflow/example_dags/example_python_operator.py took 0.107 seconds
[2022-02-12 14:28:35,794] {scheduler_job.py:182} INFO - Started process (PID=10419) to work on /home/agalli/sandbox/lib/python3.6/site-packages/airflow/example_dags/example_python_operator.py
[2022-02-12 14:28:35,796] {scheduler_job.py:633} INFO - Processing file /home/agalli/sandbox/lib/python3.6/site-packages/airflow/example_dags/example_python_operator.py for tasks to queue
[2022-02-12 14:28:35,797] {logging_mixin.py:104} INFO - [2022-02-12 14:28:35,797] {dagbag.py:487} INFO - Filling up the DagBag from /home/agalli/sandbox/lib/python3.6/site-packages/airflow/example_dags/example_python_operator.py
[2022-02-12 14:28:35,815] {scheduler_job.py:643} INFO - DAG(s) dict_keys(['example_python_operator']) retrieved from /home/agalli/sandbox/lib/python3.6/site-packages/airflow/example_dags/example_python_operator.py
[2022-02-12 14:28:35,843] {logging_mixin.py:104} INFO - [2022-02-12 14:28:35,843] {dag.py:1832} INFO - Sync 1 DAGs
[2022-02-12 14:28:35,861] {logging_mixin.py:104} INFO - [2022-02-12 14:28:35,861] {dag.py:2305} INFO - Setting next_dagrun for example_python_operator to None
[2022-02-12 14:28:35,876] {scheduler_job.py:190} INFO - Processing /home/agalli/sandbox/lib/python3.6/site-packages/airflow/example_dags/example_python_operator.py took 0.087 seconds
[2022-02-12 14:29:06,262] {scheduler_job.py:182} INFO - Started process (PID=10621) to work on /home/agalli/sandbox/lib/python3.6/site-packages/airflow/example_dags/example_python_operator.py
[2022-02-12 14:29:06,268] {scheduler_job.py:633} INFO - Processing file /home/agalli/sandbox/lib/python3.6/site-packages/airflow/example_dags/example_python_operator.py for tasks to queue
[2022-02-12 14:29:06,269] {logging_mixin.py:104} INFO - [2022-02-12 14:29:06,269] {dagbag.py:487} INFO - Filling up the DagBag from /home/agalli/sandbox/lib/python3.6/site-packages/airflow/example_dags/example_python_operator.py
[2022-02-12 14:29:06,296] {scheduler_job.py:643} INFO - DAG(s) dict_keys(['example_python_operator']) retrieved from /home/agalli/sandbox/lib/python3.6/site-packages/airflow/example_dags/example_python_operator.py
[2022-02-12 14:29:06,356] {logging_mixin.py:104} INFO - [2022-02-12 14:29:06,356] {dag.py:1832} INFO - Sync 1 DAGs
[2022-02-12 14:29:06,402] {logging_mixin.py:104} INFO - [2022-02-12 14:29:06,402] {dag.py:2305} INFO - Setting next_dagrun for example_python_operator to None
[2022-02-12 14:29:06,431] {scheduler_job.py:190} INFO - Processing /home/agalli/sandbox/lib/python3.6/site-packages/airflow/example_dags/example_python_operator.py took 0.176 seconds
[2022-02-12 14:29:36,881] {scheduler_job.py:182} INFO - Started process (PID=10823) to work on /home/agalli/sandbox/lib/python3.6/site-packages/airflow/example_dags/example_python_operator.py
[2022-02-12 14:29:36,882] {scheduler_job.py:633} INFO - Processing file /home/agalli/sandbox/lib/python3.6/site-packages/airflow/example_dags/example_python_operator.py for tasks to queue
[2022-02-12 14:29:36,883] {logging_mixin.py:104} INFO - [2022-02-12 14:29:36,883] {dagbag.py:487} INFO - Filling up the DagBag from /home/agalli/sandbox/lib/python3.6/site-packages/airflow/example_dags/example_python_operator.py
[2022-02-12 14:29:36,896] {scheduler_job.py:643} INFO - DAG(s) dict_keys(['example_python_operator']) retrieved from /home/agalli/sandbox/lib/python3.6/site-packages/airflow/example_dags/example_python_operator.py
[2022-02-12 14:29:36,927] {logging_mixin.py:104} INFO - [2022-02-12 14:29:36,927] {dag.py:1832} INFO - Sync 1 DAGs
[2022-02-12 14:29:36,946] {logging_mixin.py:104} INFO - [2022-02-12 14:29:36,946] {dag.py:2305} INFO - Setting next_dagrun for example_python_operator to None
[2022-02-12 14:29:36,959] {scheduler_job.py:190} INFO - Processing /home/agalli/sandbox/lib/python3.6/site-packages/airflow/example_dags/example_python_operator.py took 0.083 seconds
[2022-02-12 14:30:07,505] {scheduler_job.py:182} INFO - Started process (PID=11025) to work on /home/agalli/sandbox/lib/python3.6/site-packages/airflow/example_dags/example_python_operator.py
[2022-02-12 14:30:07,508] {scheduler_job.py:633} INFO - Processing file /home/agalli/sandbox/lib/python3.6/site-packages/airflow/example_dags/example_python_operator.py for tasks to queue
[2022-02-12 14:30:07,510] {logging_mixin.py:104} INFO - [2022-02-12 14:30:07,510] {dagbag.py:487} INFO - Filling up the DagBag from /home/agalli/sandbox/lib/python3.6/site-packages/airflow/example_dags/example_python_operator.py
[2022-02-12 14:30:07,539] {scheduler_job.py:643} INFO - DAG(s) dict_keys(['example_python_operator']) retrieved from /home/agalli/sandbox/lib/python3.6/site-packages/airflow/example_dags/example_python_operator.py
[2022-02-12 14:30:07,579] {logging_mixin.py:104} INFO - [2022-02-12 14:30:07,579] {dag.py:1832} INFO - Sync 1 DAGs
[2022-02-12 14:30:07,613] {logging_mixin.py:104} INFO - [2022-02-12 14:30:07,612] {dag.py:2305} INFO - Setting next_dagrun for example_python_operator to None
[2022-02-12 14:30:07,630] {scheduler_job.py:190} INFO - Processing /home/agalli/sandbox/lib/python3.6/site-packages/airflow/example_dags/example_python_operator.py took 0.133 seconds
[2022-02-12 14:52:14,884] {scheduler_job.py:182} INFO - Started process (PID=14460) to work on /home/agalli/sandbox/lib/python3.6/site-packages/airflow/example_dags/example_python_operator.py
[2022-02-12 14:52:14,889] {scheduler_job.py:633} INFO - Processing file /home/agalli/sandbox/lib/python3.6/site-packages/airflow/example_dags/example_python_operator.py for tasks to queue
[2022-02-12 14:52:14,903] {logging_mixin.py:104} INFO - [2022-02-12 14:52:14,903] {dagbag.py:487} INFO - Filling up the DagBag from /home/agalli/sandbox/lib/python3.6/site-packages/airflow/example_dags/example_python_operator.py
[2022-02-12 14:52:15,098] {scheduler_job.py:643} INFO - DAG(s) dict_keys(['example_python_operator']) retrieved from /home/agalli/sandbox/lib/python3.6/site-packages/airflow/example_dags/example_python_operator.py
[2022-02-12 14:52:15,638] {logging_mixin.py:104} INFO - [2022-02-12 14:52:15,610] {dag.py:1832} INFO - Sync 1 DAGs
[2022-02-12 14:52:16,185] {logging_mixin.py:104} INFO - [2022-02-12 14:52:16,154] {dag.py:2305} INFO - Setting next_dagrun for example_python_operator to None
[2022-02-12 14:52:16,442] {scheduler_job.py:190} INFO - Processing /home/agalli/sandbox/lib/python3.6/site-packages/airflow/example_dags/example_python_operator.py took 1.592 seconds
[2022-02-12 14:52:47,015] {scheduler_job.py:182} INFO - Started process (PID=14636) to work on /home/agalli/sandbox/lib/python3.6/site-packages/airflow/example_dags/example_python_operator.py
[2022-02-12 14:52:47,016] {scheduler_job.py:633} INFO - Processing file /home/agalli/sandbox/lib/python3.6/site-packages/airflow/example_dags/example_python_operator.py for tasks to queue
[2022-02-12 14:52:47,017] {logging_mixin.py:104} INFO - [2022-02-12 14:52:47,017] {dagbag.py:487} INFO - Filling up the DagBag from /home/agalli/sandbox/lib/python3.6/site-packages/airflow/example_dags/example_python_operator.py
[2022-02-12 14:52:47,033] {scheduler_job.py:643} INFO - DAG(s) dict_keys(['example_python_operator']) retrieved from /home/agalli/sandbox/lib/python3.6/site-packages/airflow/example_dags/example_python_operator.py
[2022-02-12 14:52:47,073] {logging_mixin.py:104} INFO - [2022-02-12 14:52:47,073] {dag.py:1832} INFO - Sync 1 DAGs
[2022-02-12 14:52:47,095] {logging_mixin.py:104} INFO - [2022-02-12 14:52:47,095] {dag.py:2305} INFO - Setting next_dagrun for example_python_operator to None
[2022-02-12 14:52:47,118] {scheduler_job.py:190} INFO - Processing /home/agalli/sandbox/lib/python3.6/site-packages/airflow/example_dags/example_python_operator.py took 0.109 seconds
[2022-02-12 14:53:17,256] {scheduler_job.py:182} INFO - Started process (PID=14841) to work on /home/agalli/sandbox/lib/python3.6/site-packages/airflow/example_dags/example_python_operator.py
[2022-02-12 14:53:17,265] {scheduler_job.py:633} INFO - Processing file /home/agalli/sandbox/lib/python3.6/site-packages/airflow/example_dags/example_python_operator.py for tasks to queue
[2022-02-12 14:53:17,267] {logging_mixin.py:104} INFO - [2022-02-12 14:53:17,267] {dagbag.py:487} INFO - Filling up the DagBag from /home/agalli/sandbox/lib/python3.6/site-packages/airflow/example_dags/example_python_operator.py
[2022-02-12 14:53:17,295] {scheduler_job.py:643} INFO - DAG(s) dict_keys(['example_python_operator']) retrieved from /home/agalli/sandbox/lib/python3.6/site-packages/airflow/example_dags/example_python_operator.py
[2022-02-12 14:53:17,358] {logging_mixin.py:104} INFO - [2022-02-12 14:53:17,358] {dag.py:1832} INFO - Sync 1 DAGs
[2022-02-12 14:53:17,404] {logging_mixin.py:104} INFO - [2022-02-12 14:53:17,404] {dag.py:2305} INFO - Setting next_dagrun for example_python_operator to None
[2022-02-12 14:53:17,426] {scheduler_job.py:190} INFO - Processing /home/agalli/sandbox/lib/python3.6/site-packages/airflow/example_dags/example_python_operator.py took 0.175 seconds
[2022-02-12 14:53:47,865] {scheduler_job.py:182} INFO - Started process (PID=15679) to work on /home/agalli/sandbox/lib/python3.6/site-packages/airflow/example_dags/example_python_operator.py
[2022-02-12 14:53:47,867] {scheduler_job.py:633} INFO - Processing file /home/agalli/sandbox/lib/python3.6/site-packages/airflow/example_dags/example_python_operator.py for tasks to queue
[2022-02-12 14:53:47,868] {logging_mixin.py:104} INFO - [2022-02-12 14:53:47,867] {dagbag.py:487} INFO - Filling up the DagBag from /home/agalli/sandbox/lib/python3.6/site-packages/airflow/example_dags/example_python_operator.py
[2022-02-12 14:53:47,882] {scheduler_job.py:643} INFO - DAG(s) dict_keys(['example_python_operator']) retrieved from /home/agalli/sandbox/lib/python3.6/site-packages/airflow/example_dags/example_python_operator.py
[2022-02-12 14:53:47,944] {logging_mixin.py:104} INFO - [2022-02-12 14:53:47,943] {dag.py:1832} INFO - Sync 1 DAGs
[2022-02-12 14:53:47,972] {logging_mixin.py:104} INFO - [2022-02-12 14:53:47,972] {dag.py:2305} INFO - Setting next_dagrun for example_python_operator to None
[2022-02-12 14:53:47,991] {scheduler_job.py:190} INFO - Processing /home/agalli/sandbox/lib/python3.6/site-packages/airflow/example_dags/example_python_operator.py took 0.131 seconds
[2022-02-12 14:54:18,151] {scheduler_job.py:182} INFO - Started process (PID=15809) to work on /home/agalli/sandbox/lib/python3.6/site-packages/airflow/example_dags/example_python_operator.py
[2022-02-12 14:54:18,152] {scheduler_job.py:633} INFO - Processing file /home/agalli/sandbox/lib/python3.6/site-packages/airflow/example_dags/example_python_operator.py for tasks to queue
[2022-02-12 14:54:18,153] {logging_mixin.py:104} INFO - [2022-02-12 14:54:18,153] {dagbag.py:487} INFO - Filling up the DagBag from /home/agalli/sandbox/lib/python3.6/site-packages/airflow/example_dags/example_python_operator.py
[2022-02-12 14:54:18,196] {scheduler_job.py:643} INFO - DAG(s) dict_keys(['example_python_operator']) retrieved from /home/agalli/sandbox/lib/python3.6/site-packages/airflow/example_dags/example_python_operator.py
[2022-02-12 14:54:18,273] {logging_mixin.py:104} INFO - [2022-02-12 14:54:18,272] {dag.py:1832} INFO - Sync 1 DAGs
[2022-02-12 14:54:18,331] {logging_mixin.py:104} INFO - [2022-02-12 14:54:18,330] {dag.py:2305} INFO - Setting next_dagrun for example_python_operator to None
[2022-02-12 14:54:18,365] {scheduler_job.py:190} INFO - Processing /home/agalli/sandbox/lib/python3.6/site-packages/airflow/example_dags/example_python_operator.py took 0.218 seconds
[2022-02-12 14:54:48,965] {scheduler_job.py:182} INFO - Started process (PID=15935) to work on /home/agalli/sandbox/lib/python3.6/site-packages/airflow/example_dags/example_python_operator.py
[2022-02-12 14:54:48,966] {scheduler_job.py:633} INFO - Processing file /home/agalli/sandbox/lib/python3.6/site-packages/airflow/example_dags/example_python_operator.py for tasks to queue
[2022-02-12 14:54:48,967] {logging_mixin.py:104} INFO - [2022-02-12 14:54:48,967] {dagbag.py:487} INFO - Filling up the DagBag from /home/agalli/sandbox/lib/python3.6/site-packages/airflow/example_dags/example_python_operator.py
[2022-02-12 14:54:48,986] {scheduler_job.py:643} INFO - DAG(s) dict_keys(['example_python_operator']) retrieved from /home/agalli/sandbox/lib/python3.6/site-packages/airflow/example_dags/example_python_operator.py
[2022-02-12 14:54:49,022] {logging_mixin.py:104} INFO - [2022-02-12 14:54:49,022] {dag.py:1832} INFO - Sync 1 DAGs
[2022-02-12 14:54:49,040] {logging_mixin.py:104} INFO - [2022-02-12 14:54:49,040] {dag.py:2305} INFO - Setting next_dagrun for example_python_operator to None
[2022-02-12 14:54:49,055] {scheduler_job.py:190} INFO - Processing /home/agalli/sandbox/lib/python3.6/site-packages/airflow/example_dags/example_python_operator.py took 0.095 seconds
[2022-02-12 14:55:19,947] {scheduler_job.py:182} INFO - Started process (PID=16030) to work on /home/agalli/sandbox/lib/python3.6/site-packages/airflow/example_dags/example_python_operator.py
[2022-02-12 14:55:19,949] {scheduler_job.py:633} INFO - Processing file /home/agalli/sandbox/lib/python3.6/site-packages/airflow/example_dags/example_python_operator.py for tasks to queue
[2022-02-12 14:55:19,950] {logging_mixin.py:104} INFO - [2022-02-12 14:55:19,950] {dagbag.py:487} INFO - Filling up the DagBag from /home/agalli/sandbox/lib/python3.6/site-packages/airflow/example_dags/example_python_operator.py
[2022-02-12 14:55:19,968] {scheduler_job.py:643} INFO - DAG(s) dict_keys(['example_python_operator']) retrieved from /home/agalli/sandbox/lib/python3.6/site-packages/airflow/example_dags/example_python_operator.py
[2022-02-12 14:55:20,001] {logging_mixin.py:104} INFO - [2022-02-12 14:55:20,001] {dag.py:1832} INFO - Sync 1 DAGs
[2022-02-12 14:55:20,019] {logging_mixin.py:104} INFO - [2022-02-12 14:55:20,018] {dag.py:2305} INFO - Setting next_dagrun for example_python_operator to None
[2022-02-12 14:55:20,035] {scheduler_job.py:190} INFO - Processing /home/agalli/sandbox/lib/python3.6/site-packages/airflow/example_dags/example_python_operator.py took 0.092 seconds
[2022-02-12 14:56:39,399] {scheduler_job.py:182} INFO - Started process (PID=16398) to work on /home/agalli/sandbox/lib/python3.6/site-packages/airflow/example_dags/example_python_operator.py
[2022-02-12 14:56:39,416] {scheduler_job.py:633} INFO - Processing file /home/agalli/sandbox/lib/python3.6/site-packages/airflow/example_dags/example_python_operator.py for tasks to queue
[2022-02-12 14:56:39,418] {logging_mixin.py:104} INFO - [2022-02-12 14:56:39,417] {dagbag.py:487} INFO - Filling up the DagBag from /home/agalli/sandbox/lib/python3.6/site-packages/airflow/example_dags/example_python_operator.py
[2022-02-12 14:56:39,467] {scheduler_job.py:643} INFO - DAG(s) dict_keys(['example_python_operator']) retrieved from /home/agalli/sandbox/lib/python3.6/site-packages/airflow/example_dags/example_python_operator.py
[2022-02-12 14:56:39,552] {logging_mixin.py:104} INFO - [2022-02-12 14:56:39,551] {dag.py:1832} INFO - Sync 1 DAGs
[2022-02-12 14:56:39,590] {logging_mixin.py:104} INFO - [2022-02-12 14:56:39,590] {dag.py:2305} INFO - Setting next_dagrun for example_python_operator to None
[2022-02-12 14:56:39,626] {scheduler_job.py:190} INFO - Processing /home/agalli/sandbox/lib/python3.6/site-packages/airflow/example_dags/example_python_operator.py took 0.239 seconds
[2022-02-12 14:57:10,441] {scheduler_job.py:182} INFO - Started process (PID=16498) to work on /home/agalli/sandbox/lib/python3.6/site-packages/airflow/example_dags/example_python_operator.py
[2022-02-12 14:57:10,444] {scheduler_job.py:633} INFO - Processing file /home/agalli/sandbox/lib/python3.6/site-packages/airflow/example_dags/example_python_operator.py for tasks to queue
[2022-02-12 14:57:10,446] {logging_mixin.py:104} INFO - [2022-02-12 14:57:10,445] {dagbag.py:487} INFO - Filling up the DagBag from /home/agalli/sandbox/lib/python3.6/site-packages/airflow/example_dags/example_python_operator.py
[2022-02-12 14:57:10,496] {scheduler_job.py:643} INFO - DAG(s) dict_keys(['example_python_operator']) retrieved from /home/agalli/sandbox/lib/python3.6/site-packages/airflow/example_dags/example_python_operator.py
[2022-02-12 14:57:10,558] {logging_mixin.py:104} INFO - [2022-02-12 14:57:10,558] {dag.py:1832} INFO - Sync 1 DAGs
[2022-02-12 14:57:10,595] {logging_mixin.py:104} INFO - [2022-02-12 14:57:10,595] {dag.py:2305} INFO - Setting next_dagrun for example_python_operator to None
[2022-02-12 14:57:10,644] {scheduler_job.py:190} INFO - Processing /home/agalli/sandbox/lib/python3.6/site-packages/airflow/example_dags/example_python_operator.py took 0.214 seconds
[2022-02-12 14:57:40,977] {scheduler_job.py:182} INFO - Started process (PID=16688) to work on /home/agalli/sandbox/lib/python3.6/site-packages/airflow/example_dags/example_python_operator.py
[2022-02-12 14:57:40,979] {scheduler_job.py:633} INFO - Processing file /home/agalli/sandbox/lib/python3.6/site-packages/airflow/example_dags/example_python_operator.py for tasks to queue
[2022-02-12 14:57:40,980] {logging_mixin.py:104} INFO - [2022-02-12 14:57:40,980] {dagbag.py:487} INFO - Filling up the DagBag from /home/agalli/sandbox/lib/python3.6/site-packages/airflow/example_dags/example_python_operator.py
[2022-02-12 14:57:40,997] {scheduler_job.py:643} INFO - DAG(s) dict_keys(['example_python_operator']) retrieved from /home/agalli/sandbox/lib/python3.6/site-packages/airflow/example_dags/example_python_operator.py
[2022-02-12 14:57:41,025] {logging_mixin.py:104} INFO - [2022-02-12 14:57:41,025] {dag.py:1832} INFO - Sync 1 DAGs
[2022-02-12 14:57:41,043] {logging_mixin.py:104} INFO - [2022-02-12 14:57:41,043] {dag.py:2305} INFO - Setting next_dagrun for example_python_operator to None
[2022-02-12 14:57:41,059] {scheduler_job.py:190} INFO - Processing /home/agalli/sandbox/lib/python3.6/site-packages/airflow/example_dags/example_python_operator.py took 0.085 seconds
[2022-02-12 14:58:12,356] {scheduler_job.py:182} INFO - Started process (PID=16758) to work on /home/agalli/sandbox/lib/python3.6/site-packages/airflow/example_dags/example_python_operator.py
[2022-02-12 14:58:12,357] {scheduler_job.py:633} INFO - Processing file /home/agalli/sandbox/lib/python3.6/site-packages/airflow/example_dags/example_python_operator.py for tasks to queue
[2022-02-12 14:58:12,358] {logging_mixin.py:104} INFO - [2022-02-12 14:58:12,358] {dagbag.py:487} INFO - Filling up the DagBag from /home/agalli/sandbox/lib/python3.6/site-packages/airflow/example_dags/example_python_operator.py
[2022-02-12 14:58:12,376] {scheduler_job.py:643} INFO - DAG(s) dict_keys(['example_python_operator']) retrieved from /home/agalli/sandbox/lib/python3.6/site-packages/airflow/example_dags/example_python_operator.py
[2022-02-12 14:58:12,407] {logging_mixin.py:104} INFO - [2022-02-12 14:58:12,407] {dag.py:1832} INFO - Sync 1 DAGs
[2022-02-12 14:58:12,425] {logging_mixin.py:104} INFO - [2022-02-12 14:58:12,425] {dag.py:2305} INFO - Setting next_dagrun for example_python_operator to None
[2022-02-12 14:58:12,442] {scheduler_job.py:190} INFO - Processing /home/agalli/sandbox/lib/python3.6/site-packages/airflow/example_dags/example_python_operator.py took 0.089 seconds
[2022-02-12 14:58:42,662] {scheduler_job.py:182} INFO - Started process (PID=16827) to work on /home/agalli/sandbox/lib/python3.6/site-packages/airflow/example_dags/example_python_operator.py
[2022-02-12 14:58:42,663] {scheduler_job.py:633} INFO - Processing file /home/agalli/sandbox/lib/python3.6/site-packages/airflow/example_dags/example_python_operator.py for tasks to queue
[2022-02-12 14:58:42,664] {logging_mixin.py:104} INFO - [2022-02-12 14:58:42,664] {dagbag.py:487} INFO - Filling up the DagBag from /home/agalli/sandbox/lib/python3.6/site-packages/airflow/example_dags/example_python_operator.py
[2022-02-12 14:58:42,684] {scheduler_job.py:643} INFO - DAG(s) dict_keys(['example_python_operator']) retrieved from /home/agalli/sandbox/lib/python3.6/site-packages/airflow/example_dags/example_python_operator.py
[2022-02-12 14:58:42,723] {logging_mixin.py:104} INFO - [2022-02-12 14:58:42,723] {dag.py:1832} INFO - Sync 1 DAGs
[2022-02-12 14:58:42,747] {logging_mixin.py:104} INFO - [2022-02-12 14:58:42,746] {dag.py:2305} INFO - Setting next_dagrun for example_python_operator to None
[2022-02-12 14:58:42,764] {scheduler_job.py:190} INFO - Processing /home/agalli/sandbox/lib/python3.6/site-packages/airflow/example_dags/example_python_operator.py took 0.107 seconds
[2022-02-12 14:59:13,777] {scheduler_job.py:182} INFO - Started process (PID=16898) to work on /home/agalli/sandbox/lib/python3.6/site-packages/airflow/example_dags/example_python_operator.py
[2022-02-12 14:59:13,779] {scheduler_job.py:633} INFO - Processing file /home/agalli/sandbox/lib/python3.6/site-packages/airflow/example_dags/example_python_operator.py for tasks to queue
[2022-02-12 14:59:13,781] {logging_mixin.py:104} INFO - [2022-02-12 14:59:13,781] {dagbag.py:487} INFO - Filling up the DagBag from /home/agalli/sandbox/lib/python3.6/site-packages/airflow/example_dags/example_python_operator.py
[2022-02-12 14:59:13,823] {scheduler_job.py:643} INFO - DAG(s) dict_keys(['example_python_operator']) retrieved from /home/agalli/sandbox/lib/python3.6/site-packages/airflow/example_dags/example_python_operator.py
[2022-02-12 14:59:13,920] {logging_mixin.py:104} INFO - [2022-02-12 14:59:13,920] {dag.py:1832} INFO - Sync 1 DAGs
[2022-02-12 14:59:13,986] {logging_mixin.py:104} INFO - [2022-02-12 14:59:13,986] {dag.py:2305} INFO - Setting next_dagrun for example_python_operator to None
[2022-02-12 14:59:14,019] {scheduler_job.py:190} INFO - Processing /home/agalli/sandbox/lib/python3.6/site-packages/airflow/example_dags/example_python_operator.py took 0.253 seconds
[2022-02-12 14:59:44,181] {scheduler_job.py:182} INFO - Started process (PID=16967) to work on /home/agalli/sandbox/lib/python3.6/site-packages/airflow/example_dags/example_python_operator.py
[2022-02-12 14:59:44,183] {scheduler_job.py:633} INFO - Processing file /home/agalli/sandbox/lib/python3.6/site-packages/airflow/example_dags/example_python_operator.py for tasks to queue
[2022-02-12 14:59:44,184] {logging_mixin.py:104} INFO - [2022-02-12 14:59:44,184] {dagbag.py:487} INFO - Filling up the DagBag from /home/agalli/sandbox/lib/python3.6/site-packages/airflow/example_dags/example_python_operator.py
[2022-02-12 14:59:44,206] {scheduler_job.py:643} INFO - DAG(s) dict_keys(['example_python_operator']) retrieved from /home/agalli/sandbox/lib/python3.6/site-packages/airflow/example_dags/example_python_operator.py
[2022-02-12 14:59:44,249] {logging_mixin.py:104} INFO - [2022-02-12 14:59:44,248] {dag.py:1832} INFO - Sync 1 DAGs
[2022-02-12 14:59:44,275] {logging_mixin.py:104} INFO - [2022-02-12 14:59:44,275] {dag.py:2305} INFO - Setting next_dagrun for example_python_operator to None
[2022-02-12 14:59:44,294] {scheduler_job.py:190} INFO - Processing /home/agalli/sandbox/lib/python3.6/site-packages/airflow/example_dags/example_python_operator.py took 0.121 seconds
[2022-02-12 15:00:15,766] {scheduler_job.py:182} INFO - Started process (PID=17038) to work on /home/agalli/sandbox/lib/python3.6/site-packages/airflow/example_dags/example_python_operator.py
[2022-02-12 15:00:15,770] {scheduler_job.py:633} INFO - Processing file /home/agalli/sandbox/lib/python3.6/site-packages/airflow/example_dags/example_python_operator.py for tasks to queue
[2022-02-12 15:00:15,772] {logging_mixin.py:104} INFO - [2022-02-12 15:00:15,772] {dagbag.py:487} INFO - Filling up the DagBag from /home/agalli/sandbox/lib/python3.6/site-packages/airflow/example_dags/example_python_operator.py
[2022-02-12 15:00:15,797] {scheduler_job.py:643} INFO - DAG(s) dict_keys(['example_python_operator']) retrieved from /home/agalli/sandbox/lib/python3.6/site-packages/airflow/example_dags/example_python_operator.py
[2022-02-12 15:00:15,836] {logging_mixin.py:104} INFO - [2022-02-12 15:00:15,836] {dag.py:1832} INFO - Sync 1 DAGs
[2022-02-12 15:00:15,859] {logging_mixin.py:104} INFO - [2022-02-12 15:00:15,858] {dag.py:2305} INFO - Setting next_dagrun for example_python_operator to None
[2022-02-12 15:00:15,883] {scheduler_job.py:190} INFO - Processing /home/agalli/sandbox/lib/python3.6/site-packages/airflow/example_dags/example_python_operator.py took 0.124 seconds
[2022-02-12 15:00:41,694] {scheduler_job.py:182} INFO - Started process (PID=17631) to work on /home/agalli/sandbox/lib/python3.6/site-packages/airflow/example_dags/example_python_operator.py
[2022-02-12 15:00:41,698] {scheduler_job.py:633} INFO - Processing file /home/agalli/sandbox/lib/python3.6/site-packages/airflow/example_dags/example_python_operator.py for tasks to queue
[2022-02-12 15:00:41,701] {logging_mixin.py:104} INFO - [2022-02-12 15:00:41,700] {dagbag.py:487} INFO - Filling up the DagBag from /home/agalli/sandbox/lib/python3.6/site-packages/airflow/example_dags/example_python_operator.py
[2022-02-12 15:00:41,781] {scheduler_job.py:643} INFO - DAG(s) dict_keys(['example_python_operator']) retrieved from /home/agalli/sandbox/lib/python3.6/site-packages/airflow/example_dags/example_python_operator.py
[2022-02-12 15:00:41,975] {logging_mixin.py:104} INFO - [2022-02-12 15:00:41,975] {dag.py:1832} INFO - Sync 1 DAGs
[2022-02-12 15:00:42,105] {logging_mixin.py:104} INFO - [2022-02-12 15:00:42,105] {dag.py:2305} INFO - Setting next_dagrun for example_python_operator to None
[2022-02-12 15:00:42,303] {scheduler_job.py:190} INFO - Processing /home/agalli/sandbox/lib/python3.6/site-packages/airflow/example_dags/example_python_operator.py took 0.631 seconds
[2022-02-12 15:01:12,424] {scheduler_job.py:182} INFO - Started process (PID=17944) to work on /home/agalli/sandbox/lib/python3.6/site-packages/airflow/example_dags/example_python_operator.py
[2022-02-12 15:01:12,425] {scheduler_job.py:633} INFO - Processing file /home/agalli/sandbox/lib/python3.6/site-packages/airflow/example_dags/example_python_operator.py for tasks to queue
[2022-02-12 15:01:12,426] {logging_mixin.py:104} INFO - [2022-02-12 15:01:12,426] {dagbag.py:487} INFO - Filling up the DagBag from /home/agalli/sandbox/lib/python3.6/site-packages/airflow/example_dags/example_python_operator.py
[2022-02-12 15:01:12,441] {scheduler_job.py:643} INFO - DAG(s) dict_keys(['example_python_operator']) retrieved from /home/agalli/sandbox/lib/python3.6/site-packages/airflow/example_dags/example_python_operator.py
[2022-02-12 15:01:12,469] {logging_mixin.py:104} INFO - [2022-02-12 15:01:12,469] {dag.py:1832} INFO - Sync 1 DAGs
[2022-02-12 15:01:12,488] {logging_mixin.py:104} INFO - [2022-02-12 15:01:12,488] {dag.py:2305} INFO - Setting next_dagrun for example_python_operator to None
[2022-02-12 15:01:12,501] {scheduler_job.py:190} INFO - Processing /home/agalli/sandbox/lib/python3.6/site-packages/airflow/example_dags/example_python_operator.py took 0.082 seconds
[2022-02-12 15:01:43,081] {scheduler_job.py:182} INFO - Started process (PID=18146) to work on /home/agalli/sandbox/lib/python3.6/site-packages/airflow/example_dags/example_python_operator.py
[2022-02-12 15:01:43,082] {scheduler_job.py:633} INFO - Processing file /home/agalli/sandbox/lib/python3.6/site-packages/airflow/example_dags/example_python_operator.py for tasks to queue
[2022-02-12 15:01:43,083] {logging_mixin.py:104} INFO - [2022-02-12 15:01:43,083] {dagbag.py:487} INFO - Filling up the DagBag from /home/agalli/sandbox/lib/python3.6/site-packages/airflow/example_dags/example_python_operator.py
[2022-02-12 15:01:43,096] {scheduler_job.py:643} INFO - DAG(s) dict_keys(['example_python_operator']) retrieved from /home/agalli/sandbox/lib/python3.6/site-packages/airflow/example_dags/example_python_operator.py
[2022-02-12 15:01:43,126] {logging_mixin.py:104} INFO - [2022-02-12 15:01:43,126] {dag.py:1832} INFO - Sync 1 DAGs
[2022-02-12 15:01:43,145] {logging_mixin.py:104} INFO - [2022-02-12 15:01:43,145] {dag.py:2305} INFO - Setting next_dagrun for example_python_operator to None
[2022-02-12 15:01:43,162] {scheduler_job.py:190} INFO - Processing /home/agalli/sandbox/lib/python3.6/site-packages/airflow/example_dags/example_python_operator.py took 0.084 seconds
[2022-02-12 15:02:14,088] {scheduler_job.py:182} INFO - Started process (PID=18435) to work on /home/agalli/sandbox/lib/python3.6/site-packages/airflow/example_dags/example_python_operator.py
[2022-02-12 15:02:14,089] {scheduler_job.py:633} INFO - Processing file /home/agalli/sandbox/lib/python3.6/site-packages/airflow/example_dags/example_python_operator.py for tasks to queue
[2022-02-12 15:02:14,090] {logging_mixin.py:104} INFO - [2022-02-12 15:02:14,090] {dagbag.py:487} INFO - Filling up the DagBag from /home/agalli/sandbox/lib/python3.6/site-packages/airflow/example_dags/example_python_operator.py
[2022-02-12 15:02:14,120] {scheduler_job.py:643} INFO - DAG(s) dict_keys(['example_python_operator']) retrieved from /home/agalli/sandbox/lib/python3.6/site-packages/airflow/example_dags/example_python_operator.py
[2022-02-12 15:02:14,210] {logging_mixin.py:104} INFO - [2022-02-12 15:02:14,210] {dag.py:1832} INFO - Sync 1 DAGs
[2022-02-12 15:02:14,281] {logging_mixin.py:104} INFO - [2022-02-12 15:02:14,281] {dag.py:2305} INFO - Setting next_dagrun for example_python_operator to None
[2022-02-12 15:02:14,343] {scheduler_job.py:190} INFO - Processing /home/agalli/sandbox/lib/python3.6/site-packages/airflow/example_dags/example_python_operator.py took 0.261 seconds
[2022-02-12 15:02:44,543] {scheduler_job.py:182} INFO - Started process (PID=18907) to work on /home/agalli/sandbox/lib/python3.6/site-packages/airflow/example_dags/example_python_operator.py
[2022-02-12 15:02:44,550] {scheduler_job.py:633} INFO - Processing file /home/agalli/sandbox/lib/python3.6/site-packages/airflow/example_dags/example_python_operator.py for tasks to queue
[2022-02-12 15:02:44,554] {logging_mixin.py:104} INFO - [2022-02-12 15:02:44,554] {dagbag.py:487} INFO - Filling up the DagBag from /home/agalli/sandbox/lib/python3.6/site-packages/airflow/example_dags/example_python_operator.py
[2022-02-12 15:02:44,606] {scheduler_job.py:643} INFO - DAG(s) dict_keys(['example_python_operator']) retrieved from /home/agalli/sandbox/lib/python3.6/site-packages/airflow/example_dags/example_python_operator.py
[2022-02-12 15:02:44,711] {logging_mixin.py:104} INFO - [2022-02-12 15:02:44,711] {dag.py:1832} INFO - Sync 1 DAGs
[2022-02-12 15:02:44,761] {logging_mixin.py:104} INFO - [2022-02-12 15:02:44,761] {dag.py:2305} INFO - Setting next_dagrun for example_python_operator to None
[2022-02-12 15:02:44,790] {scheduler_job.py:190} INFO - Processing /home/agalli/sandbox/lib/python3.6/site-packages/airflow/example_dags/example_python_operator.py took 0.262 seconds
[2022-02-12 15:03:16,284] {scheduler_job.py:182} INFO - Started process (PID=19290) to work on /home/agalli/sandbox/lib/python3.6/site-packages/airflow/example_dags/example_python_operator.py
[2022-02-12 15:03:16,288] {scheduler_job.py:633} INFO - Processing file /home/agalli/sandbox/lib/python3.6/site-packages/airflow/example_dags/example_python_operator.py for tasks to queue
[2022-02-12 15:03:16,289] {logging_mixin.py:104} INFO - [2022-02-12 15:03:16,289] {dagbag.py:487} INFO - Filling up the DagBag from /home/agalli/sandbox/lib/python3.6/site-packages/airflow/example_dags/example_python_operator.py
[2022-02-12 15:03:16,314] {scheduler_job.py:643} INFO - DAG(s) dict_keys(['example_python_operator']) retrieved from /home/agalli/sandbox/lib/python3.6/site-packages/airflow/example_dags/example_python_operator.py
[2022-02-12 15:03:16,360] {logging_mixin.py:104} INFO - [2022-02-12 15:03:16,360] {dag.py:1832} INFO - Sync 1 DAGs
[2022-02-12 15:03:16,395] {logging_mixin.py:104} INFO - [2022-02-12 15:03:16,394] {dag.py:2305} INFO - Setting next_dagrun for example_python_operator to None
[2022-02-12 15:03:16,422] {scheduler_job.py:190} INFO - Processing /home/agalli/sandbox/lib/python3.6/site-packages/airflow/example_dags/example_python_operator.py took 0.143 seconds
[2022-02-12 15:03:47,703] {scheduler_job.py:182} INFO - Started process (PID=19492) to work on /home/agalli/sandbox/lib/python3.6/site-packages/airflow/example_dags/example_python_operator.py
[2022-02-12 15:03:47,706] {scheduler_job.py:633} INFO - Processing file /home/agalli/sandbox/lib/python3.6/site-packages/airflow/example_dags/example_python_operator.py for tasks to queue
[2022-02-12 15:03:47,708] {logging_mixin.py:104} INFO - [2022-02-12 15:03:47,707] {dagbag.py:487} INFO - Filling up the DagBag from /home/agalli/sandbox/lib/python3.6/site-packages/airflow/example_dags/example_python_operator.py
[2022-02-12 15:03:47,749] {scheduler_job.py:643} INFO - DAG(s) dict_keys(['example_python_operator']) retrieved from /home/agalli/sandbox/lib/python3.6/site-packages/airflow/example_dags/example_python_operator.py
[2022-02-12 15:03:47,833] {logging_mixin.py:104} INFO - [2022-02-12 15:03:47,833] {dag.py:1832} INFO - Sync 1 DAGs
[2022-02-12 15:03:47,873] {logging_mixin.py:104} INFO - [2022-02-12 15:03:47,873] {dag.py:2305} INFO - Setting next_dagrun for example_python_operator to None
[2022-02-12 15:03:47,901] {scheduler_job.py:190} INFO - Processing /home/agalli/sandbox/lib/python3.6/site-packages/airflow/example_dags/example_python_operator.py took 0.207 seconds
[2022-02-12 15:04:18,054] {scheduler_job.py:182} INFO - Started process (PID=19693) to work on /home/agalli/sandbox/lib/python3.6/site-packages/airflow/example_dags/example_python_operator.py
[2022-02-12 15:04:18,056] {scheduler_job.py:633} INFO - Processing file /home/agalli/sandbox/lib/python3.6/site-packages/airflow/example_dags/example_python_operator.py for tasks to queue
[2022-02-12 15:04:18,059] {logging_mixin.py:104} INFO - [2022-02-12 15:04:18,059] {dagbag.py:487} INFO - Filling up the DagBag from /home/agalli/sandbox/lib/python3.6/site-packages/airflow/example_dags/example_python_operator.py
[2022-02-12 15:04:18,083] {scheduler_job.py:643} INFO - DAG(s) dict_keys(['example_python_operator']) retrieved from /home/agalli/sandbox/lib/python3.6/site-packages/airflow/example_dags/example_python_operator.py
[2022-02-12 15:04:18,126] {logging_mixin.py:104} INFO - [2022-02-12 15:04:18,125] {dag.py:1832} INFO - Sync 1 DAGs
[2022-02-12 15:04:18,158] {logging_mixin.py:104} INFO - [2022-02-12 15:04:18,158] {dag.py:2305} INFO - Setting next_dagrun for example_python_operator to None
[2022-02-12 15:04:18,312] {scheduler_job.py:190} INFO - Processing /home/agalli/sandbox/lib/python3.6/site-packages/airflow/example_dags/example_python_operator.py took 0.268 seconds
[2022-02-12 15:04:49,288] {scheduler_job.py:182} INFO - Started process (PID=19896) to work on /home/agalli/sandbox/lib/python3.6/site-packages/airflow/example_dags/example_python_operator.py
[2022-02-12 15:04:49,289] {scheduler_job.py:633} INFO - Processing file /home/agalli/sandbox/lib/python3.6/site-packages/airflow/example_dags/example_python_operator.py for tasks to queue
[2022-02-12 15:04:49,290] {logging_mixin.py:104} INFO - [2022-02-12 15:04:49,290] {dagbag.py:487} INFO - Filling up the DagBag from /home/agalli/sandbox/lib/python3.6/site-packages/airflow/example_dags/example_python_operator.py
[2022-02-12 15:04:49,325] {scheduler_job.py:643} INFO - DAG(s) dict_keys(['example_python_operator']) retrieved from /home/agalli/sandbox/lib/python3.6/site-packages/airflow/example_dags/example_python_operator.py
[2022-02-12 15:04:49,376] {logging_mixin.py:104} INFO - [2022-02-12 15:04:49,375] {dag.py:1832} INFO - Sync 1 DAGs
[2022-02-12 15:04:49,410] {logging_mixin.py:104} INFO - [2022-02-12 15:04:49,409] {dag.py:2305} INFO - Setting next_dagrun for example_python_operator to None
[2022-02-12 15:04:49,432] {scheduler_job.py:190} INFO - Processing /home/agalli/sandbox/lib/python3.6/site-packages/airflow/example_dags/example_python_operator.py took 0.149 seconds
[2022-02-12 15:05:20,144] {scheduler_job.py:182} INFO - Started process (PID=20097) to work on /home/agalli/sandbox/lib/python3.6/site-packages/airflow/example_dags/example_python_operator.py
[2022-02-12 15:05:20,146] {scheduler_job.py:633} INFO - Processing file /home/agalli/sandbox/lib/python3.6/site-packages/airflow/example_dags/example_python_operator.py for tasks to queue
[2022-02-12 15:05:20,148] {logging_mixin.py:104} INFO - [2022-02-12 15:05:20,147] {dagbag.py:487} INFO - Filling up the DagBag from /home/agalli/sandbox/lib/python3.6/site-packages/airflow/example_dags/example_python_operator.py
[2022-02-12 15:05:20,171] {scheduler_job.py:643} INFO - DAG(s) dict_keys(['example_python_operator']) retrieved from /home/agalli/sandbox/lib/python3.6/site-packages/airflow/example_dags/example_python_operator.py
[2022-02-12 15:05:20,209] {logging_mixin.py:104} INFO - [2022-02-12 15:05:20,209] {dag.py:1832} INFO - Sync 1 DAGs
[2022-02-12 15:05:20,245] {logging_mixin.py:104} INFO - [2022-02-12 15:05:20,244] {dag.py:2305} INFO - Setting next_dagrun for example_python_operator to None
[2022-02-12 15:05:20,268] {scheduler_job.py:190} INFO - Processing /home/agalli/sandbox/lib/python3.6/site-packages/airflow/example_dags/example_python_operator.py took 0.136 seconds
[2022-02-12 15:05:50,299] {scheduler_job.py:182} INFO - Started process (PID=20413) to work on /home/agalli/sandbox/lib/python3.6/site-packages/airflow/example_dags/example_python_operator.py
[2022-02-12 15:05:50,300] {scheduler_job.py:633} INFO - Processing file /home/agalli/sandbox/lib/python3.6/site-packages/airflow/example_dags/example_python_operator.py for tasks to queue
[2022-02-12 15:05:50,302] {logging_mixin.py:104} INFO - [2022-02-12 15:05:50,302] {dagbag.py:487} INFO - Filling up the DagBag from /home/agalli/sandbox/lib/python3.6/site-packages/airflow/example_dags/example_python_operator.py
[2022-02-12 15:05:50,315] {scheduler_job.py:643} INFO - DAG(s) dict_keys(['example_python_operator']) retrieved from /home/agalli/sandbox/lib/python3.6/site-packages/airflow/example_dags/example_python_operator.py
[2022-02-12 15:05:50,356] {logging_mixin.py:104} INFO - [2022-02-12 15:05:50,356] {dag.py:1832} INFO - Sync 1 DAGs
[2022-02-12 15:05:50,378] {logging_mixin.py:104} INFO - [2022-02-12 15:05:50,378] {dag.py:2305} INFO - Setting next_dagrun for example_python_operator to None
[2022-02-12 15:05:50,395] {scheduler_job.py:190} INFO - Processing /home/agalli/sandbox/lib/python3.6/site-packages/airflow/example_dags/example_python_operator.py took 0.100 seconds
[2022-02-12 15:06:20,980] {scheduler_job.py:182} INFO - Started process (PID=20613) to work on /home/agalli/sandbox/lib/python3.6/site-packages/airflow/example_dags/example_python_operator.py
[2022-02-12 15:06:20,982] {scheduler_job.py:633} INFO - Processing file /home/agalli/sandbox/lib/python3.6/site-packages/airflow/example_dags/example_python_operator.py for tasks to queue
[2022-02-12 15:06:20,983] {logging_mixin.py:104} INFO - [2022-02-12 15:06:20,983] {dagbag.py:487} INFO - Filling up the DagBag from /home/agalli/sandbox/lib/python3.6/site-packages/airflow/example_dags/example_python_operator.py
[2022-02-12 15:06:21,008] {scheduler_job.py:643} INFO - DAG(s) dict_keys(['example_python_operator']) retrieved from /home/agalli/sandbox/lib/python3.6/site-packages/airflow/example_dags/example_python_operator.py
[2022-02-12 15:06:21,047] {logging_mixin.py:104} INFO - [2022-02-12 15:06:21,047] {dag.py:1832} INFO - Sync 1 DAGs
[2022-02-12 15:06:21,076] {logging_mixin.py:104} INFO - [2022-02-12 15:06:21,076] {dag.py:2305} INFO - Setting next_dagrun for example_python_operator to None
[2022-02-12 15:06:21,090] {scheduler_job.py:190} INFO - Processing /home/agalli/sandbox/lib/python3.6/site-packages/airflow/example_dags/example_python_operator.py took 0.116 seconds
[2022-02-12 15:06:51,767] {scheduler_job.py:182} INFO - Started process (PID=20814) to work on /home/agalli/sandbox/lib/python3.6/site-packages/airflow/example_dags/example_python_operator.py
[2022-02-12 15:06:51,768] {scheduler_job.py:633} INFO - Processing file /home/agalli/sandbox/lib/python3.6/site-packages/airflow/example_dags/example_python_operator.py for tasks to queue
[2022-02-12 15:06:51,769] {logging_mixin.py:104} INFO - [2022-02-12 15:06:51,769] {dagbag.py:487} INFO - Filling up the DagBag from /home/agalli/sandbox/lib/python3.6/site-packages/airflow/example_dags/example_python_operator.py
[2022-02-12 15:06:51,800] {scheduler_job.py:643} INFO - DAG(s) dict_keys(['example_python_operator']) retrieved from /home/agalli/sandbox/lib/python3.6/site-packages/airflow/example_dags/example_python_operator.py
[2022-02-12 15:06:51,856] {logging_mixin.py:104} INFO - [2022-02-12 15:06:51,856] {dag.py:1832} INFO - Sync 1 DAGs
[2022-02-12 15:06:51,901] {logging_mixin.py:104} INFO - [2022-02-12 15:06:51,901] {dag.py:2305} INFO - Setting next_dagrun for example_python_operator to None
[2022-02-12 15:06:51,939] {scheduler_job.py:190} INFO - Processing /home/agalli/sandbox/lib/python3.6/site-packages/airflow/example_dags/example_python_operator.py took 0.185 seconds
[2022-02-12 15:07:22,808] {scheduler_job.py:182} INFO - Started process (PID=21017) to work on /home/agalli/sandbox/lib/python3.6/site-packages/airflow/example_dags/example_python_operator.py
[2022-02-12 15:07:22,810] {scheduler_job.py:633} INFO - Processing file /home/agalli/sandbox/lib/python3.6/site-packages/airflow/example_dags/example_python_operator.py for tasks to queue
[2022-02-12 15:07:22,811] {logging_mixin.py:104} INFO - [2022-02-12 15:07:22,811] {dagbag.py:487} INFO - Filling up the DagBag from /home/agalli/sandbox/lib/python3.6/site-packages/airflow/example_dags/example_python_operator.py
[2022-02-12 15:07:22,842] {scheduler_job.py:643} INFO - DAG(s) dict_keys(['example_python_operator']) retrieved from /home/agalli/sandbox/lib/python3.6/site-packages/airflow/example_dags/example_python_operator.py
[2022-02-12 15:07:22,896] {logging_mixin.py:104} INFO - [2022-02-12 15:07:22,895] {dag.py:1832} INFO - Sync 1 DAGs
[2022-02-12 15:07:22,935] {logging_mixin.py:104} INFO - [2022-02-12 15:07:22,935] {dag.py:2305} INFO - Setting next_dagrun for example_python_operator to None
[2022-02-12 15:07:22,958] {scheduler_job.py:190} INFO - Processing /home/agalli/sandbox/lib/python3.6/site-packages/airflow/example_dags/example_python_operator.py took 0.158 seconds
[2022-02-12 15:07:53,180] {scheduler_job.py:182} INFO - Started process (PID=21221) to work on /home/agalli/sandbox/lib/python3.6/site-packages/airflow/example_dags/example_python_operator.py
[2022-02-12 15:07:53,187] {scheduler_job.py:633} INFO - Processing file /home/agalli/sandbox/lib/python3.6/site-packages/airflow/example_dags/example_python_operator.py for tasks to queue
[2022-02-12 15:07:53,188] {logging_mixin.py:104} INFO - [2022-02-12 15:07:53,188] {dagbag.py:487} INFO - Filling up the DagBag from /home/agalli/sandbox/lib/python3.6/site-packages/airflow/example_dags/example_python_operator.py
[2022-02-12 15:07:53,215] {scheduler_job.py:643} INFO - DAG(s) dict_keys(['example_python_operator']) retrieved from /home/agalli/sandbox/lib/python3.6/site-packages/airflow/example_dags/example_python_operator.py
[2022-02-12 15:07:53,260] {logging_mixin.py:104} INFO - [2022-02-12 15:07:53,259] {dag.py:1832} INFO - Sync 1 DAGs
[2022-02-12 15:07:53,289] {logging_mixin.py:104} INFO - [2022-02-12 15:07:53,289] {dag.py:2305} INFO - Setting next_dagrun for example_python_operator to None
[2022-02-12 15:07:53,316] {scheduler_job.py:190} INFO - Processing /home/agalli/sandbox/lib/python3.6/site-packages/airflow/example_dags/example_python_operator.py took 0.143 seconds
[2022-02-12 15:08:23,958] {scheduler_job.py:182} INFO - Started process (PID=21424) to work on /home/agalli/sandbox/lib/python3.6/site-packages/airflow/example_dags/example_python_operator.py
[2022-02-12 15:08:23,960] {scheduler_job.py:633} INFO - Processing file /home/agalli/sandbox/lib/python3.6/site-packages/airflow/example_dags/example_python_operator.py for tasks to queue
[2022-02-12 15:08:23,961] {logging_mixin.py:104} INFO - [2022-02-12 15:08:23,961] {dagbag.py:487} INFO - Filling up the DagBag from /home/agalli/sandbox/lib/python3.6/site-packages/airflow/example_dags/example_python_operator.py
[2022-02-12 15:08:23,989] {scheduler_job.py:643} INFO - DAG(s) dict_keys(['example_python_operator']) retrieved from /home/agalli/sandbox/lib/python3.6/site-packages/airflow/example_dags/example_python_operator.py
[2022-02-12 15:08:24,053] {logging_mixin.py:104} INFO - [2022-02-12 15:08:24,053] {dag.py:1832} INFO - Sync 1 DAGs
[2022-02-12 15:08:24,081] {logging_mixin.py:104} INFO - [2022-02-12 15:08:24,081] {dag.py:2305} INFO - Setting next_dagrun for example_python_operator to None
[2022-02-12 15:08:24,109] {scheduler_job.py:190} INFO - Processing /home/agalli/sandbox/lib/python3.6/site-packages/airflow/example_dags/example_python_operator.py took 0.158 seconds
