[2022-02-12 13:57:26,153] {scheduler_job.py:182} INFO - Started process (PID=1716) to work on /home/agalli/sandbox/lib/python3.6/site-packages/airflow/example_dags/example_short_circuit_operator.py
[2022-02-12 13:57:26,155] {scheduler_job.py:633} INFO - Processing file /home/agalli/sandbox/lib/python3.6/site-packages/airflow/example_dags/example_short_circuit_operator.py for tasks to queue
[2022-02-12 13:57:26,157] {logging_mixin.py:104} INFO - [2022-02-12 13:57:26,157] {dagbag.py:487} INFO - Filling up the DagBag from /home/agalli/sandbox/lib/python3.6/site-packages/airflow/example_dags/example_short_circuit_operator.py
[2022-02-12 13:57:26,252] {scheduler_job.py:643} INFO - DAG(s) dict_keys(['example_short_circuit_operator']) retrieved from /home/agalli/sandbox/lib/python3.6/site-packages/airflow/example_dags/example_short_circuit_operator.py
[2022-02-12 13:57:26,396] {logging_mixin.py:104} INFO - [2022-02-12 13:57:26,396] {dag.py:1832} INFO - Sync 1 DAGs
[2022-02-12 13:57:26,462] {logging_mixin.py:104} INFO - [2022-02-12 13:57:26,462] {dag.py:2305} INFO - Setting next_dagrun for example_short_circuit_operator to 2022-02-10 00:00:00+00:00
[2022-02-12 13:57:26,508] {scheduler_job.py:190} INFO - Processing /home/agalli/sandbox/lib/python3.6/site-packages/airflow/example_dags/example_short_circuit_operator.py took 0.366 seconds
[2022-02-12 13:57:57,853] {scheduler_job.py:182} INFO - Started process (PID=2208) to work on /home/agalli/sandbox/lib/python3.6/site-packages/airflow/example_dags/example_short_circuit_operator.py
[2022-02-12 13:57:57,856] {scheduler_job.py:633} INFO - Processing file /home/agalli/sandbox/lib/python3.6/site-packages/airflow/example_dags/example_short_circuit_operator.py for tasks to queue
[2022-02-12 13:57:57,858] {logging_mixin.py:104} INFO - [2022-02-12 13:57:57,857] {dagbag.py:487} INFO - Filling up the DagBag from /home/agalli/sandbox/lib/python3.6/site-packages/airflow/example_dags/example_short_circuit_operator.py
[2022-02-12 13:57:57,933] {scheduler_job.py:643} INFO - DAG(s) dict_keys(['example_short_circuit_operator']) retrieved from /home/agalli/sandbox/lib/python3.6/site-packages/airflow/example_dags/example_short_circuit_operator.py
[2022-02-12 13:57:58,051] {logging_mixin.py:104} INFO - [2022-02-12 13:57:58,051] {dag.py:1832} INFO - Sync 1 DAGs
[2022-02-12 13:57:58,086] {logging_mixin.py:104} INFO - [2022-02-12 13:57:58,086] {dag.py:2305} INFO - Setting next_dagrun for example_short_circuit_operator to 2022-02-10 00:00:00+00:00
[2022-02-12 13:57:58,110] {scheduler_job.py:190} INFO - Processing /home/agalli/sandbox/lib/python3.6/site-packages/airflow/example_dags/example_short_circuit_operator.py took 0.266 seconds
[2022-02-12 13:58:29,156] {scheduler_job.py:182} INFO - Started process (PID=2412) to work on /home/agalli/sandbox/lib/python3.6/site-packages/airflow/example_dags/example_short_circuit_operator.py
[2022-02-12 13:58:29,159] {scheduler_job.py:633} INFO - Processing file /home/agalli/sandbox/lib/python3.6/site-packages/airflow/example_dags/example_short_circuit_operator.py for tasks to queue
[2022-02-12 13:58:29,164] {logging_mixin.py:104} INFO - [2022-02-12 13:58:29,163] {dagbag.py:487} INFO - Filling up the DagBag from /home/agalli/sandbox/lib/python3.6/site-packages/airflow/example_dags/example_short_circuit_operator.py
[2022-02-12 13:58:29,215] {scheduler_job.py:643} INFO - DAG(s) dict_keys(['example_short_circuit_operator']) retrieved from /home/agalli/sandbox/lib/python3.6/site-packages/airflow/example_dags/example_short_circuit_operator.py
[2022-02-12 13:58:29,349] {logging_mixin.py:104} INFO - [2022-02-12 13:58:29,349] {dag.py:1832} INFO - Sync 1 DAGs
[2022-02-12 13:58:29,397] {logging_mixin.py:104} INFO - [2022-02-12 13:58:29,397] {dag.py:2305} INFO - Setting next_dagrun for example_short_circuit_operator to 2022-02-10 00:00:00+00:00
[2022-02-12 13:58:29,431] {scheduler_job.py:190} INFO - Processing /home/agalli/sandbox/lib/python3.6/site-packages/airflow/example_dags/example_short_circuit_operator.py took 0.282 seconds
[2022-02-12 13:59:00,247] {scheduler_job.py:182} INFO - Started process (PID=2615) to work on /home/agalli/sandbox/lib/python3.6/site-packages/airflow/example_dags/example_short_circuit_operator.py
[2022-02-12 13:59:00,249] {scheduler_job.py:633} INFO - Processing file /home/agalli/sandbox/lib/python3.6/site-packages/airflow/example_dags/example_short_circuit_operator.py for tasks to queue
[2022-02-12 13:59:00,251] {logging_mixin.py:104} INFO - [2022-02-12 13:59:00,250] {dagbag.py:487} INFO - Filling up the DagBag from /home/agalli/sandbox/lib/python3.6/site-packages/airflow/example_dags/example_short_circuit_operator.py
[2022-02-12 13:59:00,276] {scheduler_job.py:643} INFO - DAG(s) dict_keys(['example_short_circuit_operator']) retrieved from /home/agalli/sandbox/lib/python3.6/site-packages/airflow/example_dags/example_short_circuit_operator.py
[2022-02-12 13:59:00,327] {logging_mixin.py:104} INFO - [2022-02-12 13:59:00,327] {dag.py:1832} INFO - Sync 1 DAGs
[2022-02-12 13:59:00,352] {logging_mixin.py:104} INFO - [2022-02-12 13:59:00,351] {dag.py:2305} INFO - Setting next_dagrun for example_short_circuit_operator to 2022-02-10 00:00:00+00:00
[2022-02-12 13:59:00,409] {scheduler_job.py:190} INFO - Processing /home/agalli/sandbox/lib/python3.6/site-packages/airflow/example_dags/example_short_circuit_operator.py took 0.166 seconds
[2022-02-12 13:59:31,079] {scheduler_job.py:182} INFO - Started process (PID=2815) to work on /home/agalli/sandbox/lib/python3.6/site-packages/airflow/example_dags/example_short_circuit_operator.py
[2022-02-12 13:59:31,081] {scheduler_job.py:633} INFO - Processing file /home/agalli/sandbox/lib/python3.6/site-packages/airflow/example_dags/example_short_circuit_operator.py for tasks to queue
[2022-02-12 13:59:31,082] {logging_mixin.py:104} INFO - [2022-02-12 13:59:31,082] {dagbag.py:487} INFO - Filling up the DagBag from /home/agalli/sandbox/lib/python3.6/site-packages/airflow/example_dags/example_short_circuit_operator.py
[2022-02-12 13:59:31,098] {scheduler_job.py:643} INFO - DAG(s) dict_keys(['example_short_circuit_operator']) retrieved from /home/agalli/sandbox/lib/python3.6/site-packages/airflow/example_dags/example_short_circuit_operator.py
[2022-02-12 13:59:31,138] {logging_mixin.py:104} INFO - [2022-02-12 13:59:31,138] {dag.py:1832} INFO - Sync 1 DAGs
[2022-02-12 13:59:31,160] {logging_mixin.py:104} INFO - [2022-02-12 13:59:31,159] {dag.py:2305} INFO - Setting next_dagrun for example_short_circuit_operator to 2022-02-10 00:00:00+00:00
[2022-02-12 13:59:31,175] {scheduler_job.py:190} INFO - Processing /home/agalli/sandbox/lib/python3.6/site-packages/airflow/example_dags/example_short_circuit_operator.py took 0.100 seconds
[2022-02-12 14:00:03,197] {scheduler_job.py:182} INFO - Started process (PID=3080) to work on /home/agalli/sandbox/lib/python3.6/site-packages/airflow/example_dags/example_short_circuit_operator.py
[2022-02-12 14:00:03,200] {scheduler_job.py:633} INFO - Processing file /home/agalli/sandbox/lib/python3.6/site-packages/airflow/example_dags/example_short_circuit_operator.py for tasks to queue
[2022-02-12 14:00:03,203] {logging_mixin.py:104} INFO - [2022-02-12 14:00:03,202] {dagbag.py:487} INFO - Filling up the DagBag from /home/agalli/sandbox/lib/python3.6/site-packages/airflow/example_dags/example_short_circuit_operator.py
[2022-02-12 14:00:03,263] {scheduler_job.py:643} INFO - DAG(s) dict_keys(['example_short_circuit_operator']) retrieved from /home/agalli/sandbox/lib/python3.6/site-packages/airflow/example_dags/example_short_circuit_operator.py
[2022-02-12 14:00:03,335] {logging_mixin.py:104} INFO - [2022-02-12 14:00:03,335] {dag.py:1832} INFO - Sync 1 DAGs
[2022-02-12 14:00:03,373] {logging_mixin.py:104} INFO - [2022-02-12 14:00:03,373] {dag.py:2305} INFO - Setting next_dagrun for example_short_circuit_operator to 2022-02-10 00:00:00+00:00
[2022-02-12 14:00:03,400] {scheduler_job.py:190} INFO - Processing /home/agalli/sandbox/lib/python3.6/site-packages/airflow/example_dags/example_short_circuit_operator.py took 0.219 seconds
[2022-02-12 14:00:33,784] {scheduler_job.py:182} INFO - Started process (PID=3447) to work on /home/agalli/sandbox/lib/python3.6/site-packages/airflow/example_dags/example_short_circuit_operator.py
[2022-02-12 14:00:33,786] {scheduler_job.py:633} INFO - Processing file /home/agalli/sandbox/lib/python3.6/site-packages/airflow/example_dags/example_short_circuit_operator.py for tasks to queue
[2022-02-12 14:00:33,789] {logging_mixin.py:104} INFO - [2022-02-12 14:00:33,788] {dagbag.py:487} INFO - Filling up the DagBag from /home/agalli/sandbox/lib/python3.6/site-packages/airflow/example_dags/example_short_circuit_operator.py
[2022-02-12 14:00:33,817] {scheduler_job.py:643} INFO - DAG(s) dict_keys(['example_short_circuit_operator']) retrieved from /home/agalli/sandbox/lib/python3.6/site-packages/airflow/example_dags/example_short_circuit_operator.py
[2022-02-12 14:00:33,883] {logging_mixin.py:104} INFO - [2022-02-12 14:00:33,883] {dag.py:1832} INFO - Sync 1 DAGs
[2022-02-12 14:00:33,923] {logging_mixin.py:104} INFO - [2022-02-12 14:00:33,923] {dag.py:2305} INFO - Setting next_dagrun for example_short_circuit_operator to 2022-02-10 00:00:00+00:00
[2022-02-12 14:00:33,954] {scheduler_job.py:190} INFO - Processing /home/agalli/sandbox/lib/python3.6/site-packages/airflow/example_dags/example_short_circuit_operator.py took 0.179 seconds
[2022-02-12 14:01:06,675] {scheduler_job.py:182} INFO - Started process (PID=4022) to work on /home/agalli/sandbox/lib/python3.6/site-packages/airflow/example_dags/example_short_circuit_operator.py
[2022-02-12 14:01:06,678] {scheduler_job.py:633} INFO - Processing file /home/agalli/sandbox/lib/python3.6/site-packages/airflow/example_dags/example_short_circuit_operator.py for tasks to queue
[2022-02-12 14:01:06,680] {logging_mixin.py:104} INFO - [2022-02-12 14:01:06,679] {dagbag.py:487} INFO - Filling up the DagBag from /home/agalli/sandbox/lib/python3.6/site-packages/airflow/example_dags/example_short_circuit_operator.py
[2022-02-12 14:01:06,722] {scheduler_job.py:643} INFO - DAG(s) dict_keys(['example_short_circuit_operator']) retrieved from /home/agalli/sandbox/lib/python3.6/site-packages/airflow/example_dags/example_short_circuit_operator.py
[2022-02-12 14:01:06,798] {logging_mixin.py:104} INFO - [2022-02-12 14:01:06,798] {dag.py:1832} INFO - Sync 1 DAGs
[2022-02-12 14:01:06,848] {logging_mixin.py:104} INFO - [2022-02-12 14:01:06,848] {dag.py:2305} INFO - Setting next_dagrun for example_short_circuit_operator to 2022-02-10 00:00:00+00:00
[2022-02-12 14:01:06,877] {scheduler_job.py:190} INFO - Processing /home/agalli/sandbox/lib/python3.6/site-packages/airflow/example_dags/example_short_circuit_operator.py took 0.219 seconds
[2022-02-12 14:01:37,346] {scheduler_job.py:182} INFO - Started process (PID=5322) to work on /home/agalli/sandbox/lib/python3.6/site-packages/airflow/example_dags/example_short_circuit_operator.py
[2022-02-12 14:01:37,349] {scheduler_job.py:633} INFO - Processing file /home/agalli/sandbox/lib/python3.6/site-packages/airflow/example_dags/example_short_circuit_operator.py for tasks to queue
[2022-02-12 14:01:37,350] {logging_mixin.py:104} INFO - [2022-02-12 14:01:37,350] {dagbag.py:487} INFO - Filling up the DagBag from /home/agalli/sandbox/lib/python3.6/site-packages/airflow/example_dags/example_short_circuit_operator.py
[2022-02-12 14:01:37,383] {scheduler_job.py:643} INFO - DAG(s) dict_keys(['example_short_circuit_operator']) retrieved from /home/agalli/sandbox/lib/python3.6/site-packages/airflow/example_dags/example_short_circuit_operator.py
[2022-02-12 14:01:37,444] {logging_mixin.py:104} INFO - [2022-02-12 14:01:37,443] {dag.py:1832} INFO - Sync 1 DAGs
[2022-02-12 14:01:37,470] {logging_mixin.py:104} INFO - [2022-02-12 14:01:37,470] {dag.py:2305} INFO - Setting next_dagrun for example_short_circuit_operator to 2022-02-10 00:00:00+00:00
[2022-02-12 14:01:37,486] {scheduler_job.py:190} INFO - Processing /home/agalli/sandbox/lib/python3.6/site-packages/airflow/example_dags/example_short_circuit_operator.py took 0.151 seconds
[2022-02-12 14:02:07,598] {scheduler_job.py:182} INFO - Started process (PID=5550) to work on /home/agalli/sandbox/lib/python3.6/site-packages/airflow/example_dags/example_short_circuit_operator.py
[2022-02-12 14:02:07,603] {scheduler_job.py:633} INFO - Processing file /home/agalli/sandbox/lib/python3.6/site-packages/airflow/example_dags/example_short_circuit_operator.py for tasks to queue
[2022-02-12 14:02:07,604] {logging_mixin.py:104} INFO - [2022-02-12 14:02:07,604] {dagbag.py:487} INFO - Filling up the DagBag from /home/agalli/sandbox/lib/python3.6/site-packages/airflow/example_dags/example_short_circuit_operator.py
[2022-02-12 14:02:07,635] {scheduler_job.py:643} INFO - DAG(s) dict_keys(['example_short_circuit_operator']) retrieved from /home/agalli/sandbox/lib/python3.6/site-packages/airflow/example_dags/example_short_circuit_operator.py
[2022-02-12 14:02:07,698] {logging_mixin.py:104} INFO - [2022-02-12 14:02:07,698] {dag.py:1832} INFO - Sync 1 DAGs
[2022-02-12 14:02:07,737] {logging_mixin.py:104} INFO - [2022-02-12 14:02:07,737] {dag.py:2305} INFO - Setting next_dagrun for example_short_circuit_operator to 2022-02-10 00:00:00+00:00
[2022-02-12 14:02:07,763] {scheduler_job.py:190} INFO - Processing /home/agalli/sandbox/lib/python3.6/site-packages/airflow/example_dags/example_short_circuit_operator.py took 0.171 seconds
[2022-02-12 14:02:37,808] {scheduler_job.py:182} INFO - Started process (PID=5868) to work on /home/agalli/sandbox/lib/python3.6/site-packages/airflow/example_dags/example_short_circuit_operator.py
[2022-02-12 14:02:37,809] {scheduler_job.py:633} INFO - Processing file /home/agalli/sandbox/lib/python3.6/site-packages/airflow/example_dags/example_short_circuit_operator.py for tasks to queue
[2022-02-12 14:02:37,810] {logging_mixin.py:104} INFO - [2022-02-12 14:02:37,810] {dagbag.py:487} INFO - Filling up the DagBag from /home/agalli/sandbox/lib/python3.6/site-packages/airflow/example_dags/example_short_circuit_operator.py
[2022-02-12 14:02:37,840] {scheduler_job.py:643} INFO - DAG(s) dict_keys(['example_short_circuit_operator']) retrieved from /home/agalli/sandbox/lib/python3.6/site-packages/airflow/example_dags/example_short_circuit_operator.py
[2022-02-12 14:02:37,884] {logging_mixin.py:104} INFO - [2022-02-12 14:02:37,883] {dag.py:1832} INFO - Sync 1 DAGs
[2022-02-12 14:02:37,909] {logging_mixin.py:104} INFO - [2022-02-12 14:02:37,909] {dag.py:2305} INFO - Setting next_dagrun for example_short_circuit_operator to 2022-02-10 00:00:00+00:00
[2022-02-12 14:02:37,932] {scheduler_job.py:190} INFO - Processing /home/agalli/sandbox/lib/python3.6/site-packages/airflow/example_dags/example_short_circuit_operator.py took 0.129 seconds
[2022-02-12 14:03:08,380] {scheduler_job.py:182} INFO - Started process (PID=6063) to work on /home/agalli/sandbox/lib/python3.6/site-packages/airflow/example_dags/example_short_circuit_operator.py
[2022-02-12 14:03:08,387] {scheduler_job.py:633} INFO - Processing file /home/agalli/sandbox/lib/python3.6/site-packages/airflow/example_dags/example_short_circuit_operator.py for tasks to queue
[2022-02-12 14:03:08,388] {logging_mixin.py:104} INFO - [2022-02-12 14:03:08,388] {dagbag.py:487} INFO - Filling up the DagBag from /home/agalli/sandbox/lib/python3.6/site-packages/airflow/example_dags/example_short_circuit_operator.py
[2022-02-12 14:03:08,418] {scheduler_job.py:643} INFO - DAG(s) dict_keys(['example_short_circuit_operator']) retrieved from /home/agalli/sandbox/lib/python3.6/site-packages/airflow/example_dags/example_short_circuit_operator.py
[2022-02-12 14:03:08,479] {logging_mixin.py:104} INFO - [2022-02-12 14:03:08,478] {dag.py:1832} INFO - Sync 1 DAGs
[2022-02-12 14:03:08,509] {logging_mixin.py:104} INFO - [2022-02-12 14:03:08,509] {dag.py:2305} INFO - Setting next_dagrun for example_short_circuit_operator to 2022-02-10 00:00:00+00:00
[2022-02-12 14:03:08,531] {scheduler_job.py:190} INFO - Processing /home/agalli/sandbox/lib/python3.6/site-packages/airflow/example_dags/example_short_circuit_operator.py took 0.157 seconds
[2022-02-12 14:20:18,811] {scheduler_job.py:182} INFO - Started process (PID=7051) to work on /home/agalli/sandbox/lib/python3.6/site-packages/airflow/example_dags/example_short_circuit_operator.py
[2022-02-12 14:20:18,812] {scheduler_job.py:633} INFO - Processing file /home/agalli/sandbox/lib/python3.6/site-packages/airflow/example_dags/example_short_circuit_operator.py for tasks to queue
[2022-02-12 14:20:18,814] {logging_mixin.py:104} INFO - [2022-02-12 14:20:18,813] {dagbag.py:487} INFO - Filling up the DagBag from /home/agalli/sandbox/lib/python3.6/site-packages/airflow/example_dags/example_short_circuit_operator.py
[2022-02-12 14:20:18,833] {scheduler_job.py:643} INFO - DAG(s) dict_keys(['example_short_circuit_operator']) retrieved from /home/agalli/sandbox/lib/python3.6/site-packages/airflow/example_dags/example_short_circuit_operator.py
[2022-02-12 14:20:18,924] {logging_mixin.py:104} INFO - [2022-02-12 14:20:18,924] {dag.py:1832} INFO - Sync 1 DAGs
[2022-02-12 14:20:18,946] {logging_mixin.py:104} INFO - [2022-02-12 14:20:18,946] {dag.py:2305} INFO - Setting next_dagrun for example_short_circuit_operator to 2022-02-10 00:00:00+00:00
[2022-02-12 14:20:18,959] {scheduler_job.py:190} INFO - Processing /home/agalli/sandbox/lib/python3.6/site-packages/airflow/example_dags/example_short_circuit_operator.py took 0.154 seconds
[2022-02-12 14:20:49,652] {scheduler_job.py:182} INFO - Started process (PID=7254) to work on /home/agalli/sandbox/lib/python3.6/site-packages/airflow/example_dags/example_short_circuit_operator.py
[2022-02-12 14:20:49,657] {scheduler_job.py:633} INFO - Processing file /home/agalli/sandbox/lib/python3.6/site-packages/airflow/example_dags/example_short_circuit_operator.py for tasks to queue
[2022-02-12 14:20:49,658] {logging_mixin.py:104} INFO - [2022-02-12 14:20:49,658] {dagbag.py:487} INFO - Filling up the DagBag from /home/agalli/sandbox/lib/python3.6/site-packages/airflow/example_dags/example_short_circuit_operator.py
[2022-02-12 14:20:49,675] {scheduler_job.py:643} INFO - DAG(s) dict_keys(['example_short_circuit_operator']) retrieved from /home/agalli/sandbox/lib/python3.6/site-packages/airflow/example_dags/example_short_circuit_operator.py
[2022-02-12 14:20:49,713] {logging_mixin.py:104} INFO - [2022-02-12 14:20:49,713] {dag.py:1832} INFO - Sync 1 DAGs
[2022-02-12 14:20:49,734] {logging_mixin.py:104} INFO - [2022-02-12 14:20:49,734] {dag.py:2305} INFO - Setting next_dagrun for example_short_circuit_operator to 2022-02-10 00:00:00+00:00
[2022-02-12 14:20:49,748] {scheduler_job.py:190} INFO - Processing /home/agalli/sandbox/lib/python3.6/site-packages/airflow/example_dags/example_short_circuit_operator.py took 0.101 seconds
[2022-02-12 14:21:20,735] {scheduler_job.py:182} INFO - Started process (PID=7458) to work on /home/agalli/sandbox/lib/python3.6/site-packages/airflow/example_dags/example_short_circuit_operator.py
[2022-02-12 14:21:20,737] {scheduler_job.py:633} INFO - Processing file /home/agalli/sandbox/lib/python3.6/site-packages/airflow/example_dags/example_short_circuit_operator.py for tasks to queue
[2022-02-12 14:21:20,738] {logging_mixin.py:104} INFO - [2022-02-12 14:21:20,738] {dagbag.py:487} INFO - Filling up the DagBag from /home/agalli/sandbox/lib/python3.6/site-packages/airflow/example_dags/example_short_circuit_operator.py
[2022-02-12 14:21:20,753] {scheduler_job.py:643} INFO - DAG(s) dict_keys(['example_short_circuit_operator']) retrieved from /home/agalli/sandbox/lib/python3.6/site-packages/airflow/example_dags/example_short_circuit_operator.py
[2022-02-12 14:21:20,809] {logging_mixin.py:104} INFO - [2022-02-12 14:21:20,809] {dag.py:1832} INFO - Sync 1 DAGs
[2022-02-12 14:21:20,840] {logging_mixin.py:104} INFO - [2022-02-12 14:21:20,840] {dag.py:2305} INFO - Setting next_dagrun for example_short_circuit_operator to 2022-02-10 00:00:00+00:00
[2022-02-12 14:21:20,862] {scheduler_job.py:190} INFO - Processing /home/agalli/sandbox/lib/python3.6/site-packages/airflow/example_dags/example_short_circuit_operator.py took 0.134 seconds
[2022-02-12 14:21:51,260] {scheduler_job.py:182} INFO - Started process (PID=7657) to work on /home/agalli/sandbox/lib/python3.6/site-packages/airflow/example_dags/example_short_circuit_operator.py
[2022-02-12 14:21:51,262] {scheduler_job.py:633} INFO - Processing file /home/agalli/sandbox/lib/python3.6/site-packages/airflow/example_dags/example_short_circuit_operator.py for tasks to queue
[2022-02-12 14:21:51,263] {logging_mixin.py:104} INFO - [2022-02-12 14:21:51,263] {dagbag.py:487} INFO - Filling up the DagBag from /home/agalli/sandbox/lib/python3.6/site-packages/airflow/example_dags/example_short_circuit_operator.py
[2022-02-12 14:21:51,276] {scheduler_job.py:643} INFO - DAG(s) dict_keys(['example_short_circuit_operator']) retrieved from /home/agalli/sandbox/lib/python3.6/site-packages/airflow/example_dags/example_short_circuit_operator.py
[2022-02-12 14:21:51,305] {logging_mixin.py:104} INFO - [2022-02-12 14:21:51,305] {dag.py:1832} INFO - Sync 1 DAGs
[2022-02-12 14:21:51,326] {logging_mixin.py:104} INFO - [2022-02-12 14:21:51,326] {dag.py:2305} INFO - Setting next_dagrun for example_short_circuit_operator to 2022-02-10 00:00:00+00:00
[2022-02-12 14:21:51,338] {scheduler_job.py:190} INFO - Processing /home/agalli/sandbox/lib/python3.6/site-packages/airflow/example_dags/example_short_circuit_operator.py took 0.081 seconds
[2022-02-12 14:22:22,456] {scheduler_job.py:182} INFO - Started process (PID=7860) to work on /home/agalli/sandbox/lib/python3.6/site-packages/airflow/example_dags/example_short_circuit_operator.py
[2022-02-12 14:22:22,458] {scheduler_job.py:633} INFO - Processing file /home/agalli/sandbox/lib/python3.6/site-packages/airflow/example_dags/example_short_circuit_operator.py for tasks to queue
[2022-02-12 14:22:22,463] {logging_mixin.py:104} INFO - [2022-02-12 14:22:22,463] {dagbag.py:487} INFO - Filling up the DagBag from /home/agalli/sandbox/lib/python3.6/site-packages/airflow/example_dags/example_short_circuit_operator.py
[2022-02-12 14:22:22,498] {scheduler_job.py:643} INFO - DAG(s) dict_keys(['example_short_circuit_operator']) retrieved from /home/agalli/sandbox/lib/python3.6/site-packages/airflow/example_dags/example_short_circuit_operator.py
[2022-02-12 14:22:22,553] {logging_mixin.py:104} INFO - [2022-02-12 14:22:22,553] {dag.py:1832} INFO - Sync 1 DAGs
[2022-02-12 14:22:22,572] {logging_mixin.py:104} INFO - [2022-02-12 14:22:22,571] {dag.py:2305} INFO - Setting next_dagrun for example_short_circuit_operator to 2022-02-10 00:00:00+00:00
[2022-02-12 14:22:22,587] {scheduler_job.py:190} INFO - Processing /home/agalli/sandbox/lib/python3.6/site-packages/airflow/example_dags/example_short_circuit_operator.py took 0.138 seconds
[2022-02-12 14:22:53,369] {scheduler_job.py:182} INFO - Started process (PID=8062) to work on /home/agalli/sandbox/lib/python3.6/site-packages/airflow/example_dags/example_short_circuit_operator.py
[2022-02-12 14:22:53,370] {scheduler_job.py:633} INFO - Processing file /home/agalli/sandbox/lib/python3.6/site-packages/airflow/example_dags/example_short_circuit_operator.py for tasks to queue
[2022-02-12 14:22:53,371] {logging_mixin.py:104} INFO - [2022-02-12 14:22:53,371] {dagbag.py:487} INFO - Filling up the DagBag from /home/agalli/sandbox/lib/python3.6/site-packages/airflow/example_dags/example_short_circuit_operator.py
[2022-02-12 14:22:53,388] {scheduler_job.py:643} INFO - DAG(s) dict_keys(['example_short_circuit_operator']) retrieved from /home/agalli/sandbox/lib/python3.6/site-packages/airflow/example_dags/example_short_circuit_operator.py
[2022-02-12 14:22:53,439] {logging_mixin.py:104} INFO - [2022-02-12 14:22:53,439] {dag.py:1832} INFO - Sync 1 DAGs
[2022-02-12 14:22:53,463] {logging_mixin.py:104} INFO - [2022-02-12 14:22:53,463] {dag.py:2305} INFO - Setting next_dagrun for example_short_circuit_operator to 2022-02-10 00:00:00+00:00
[2022-02-12 14:22:53,475] {scheduler_job.py:190} INFO - Processing /home/agalli/sandbox/lib/python3.6/site-packages/airflow/example_dags/example_short_circuit_operator.py took 0.109 seconds
[2022-02-12 14:23:24,523] {scheduler_job.py:182} INFO - Started process (PID=8264) to work on /home/agalli/sandbox/lib/python3.6/site-packages/airflow/example_dags/example_short_circuit_operator.py
[2022-02-12 14:23:24,525] {scheduler_job.py:633} INFO - Processing file /home/agalli/sandbox/lib/python3.6/site-packages/airflow/example_dags/example_short_circuit_operator.py for tasks to queue
[2022-02-12 14:23:24,527] {logging_mixin.py:104} INFO - [2022-02-12 14:23:24,527] {dagbag.py:487} INFO - Filling up the DagBag from /home/agalli/sandbox/lib/python3.6/site-packages/airflow/example_dags/example_short_circuit_operator.py
[2022-02-12 14:23:24,603] {scheduler_job.py:643} INFO - DAG(s) dict_keys(['example_short_circuit_operator']) retrieved from /home/agalli/sandbox/lib/python3.6/site-packages/airflow/example_dags/example_short_circuit_operator.py
[2022-02-12 14:23:24,660] {logging_mixin.py:104} INFO - [2022-02-12 14:23:24,660] {dag.py:1832} INFO - Sync 1 DAGs
[2022-02-12 14:23:24,691] {logging_mixin.py:104} INFO - [2022-02-12 14:23:24,691] {dag.py:2305} INFO - Setting next_dagrun for example_short_circuit_operator to 2022-02-10 00:00:00+00:00
[2022-02-12 14:23:24,710] {scheduler_job.py:190} INFO - Processing /home/agalli/sandbox/lib/python3.6/site-packages/airflow/example_dags/example_short_circuit_operator.py took 0.195 seconds
[2022-02-12 14:23:55,151] {scheduler_job.py:182} INFO - Started process (PID=8467) to work on /home/agalli/sandbox/lib/python3.6/site-packages/airflow/example_dags/example_short_circuit_operator.py
[2022-02-12 14:23:55,152] {scheduler_job.py:633} INFO - Processing file /home/agalli/sandbox/lib/python3.6/site-packages/airflow/example_dags/example_short_circuit_operator.py for tasks to queue
[2022-02-12 14:23:55,153] {logging_mixin.py:104} INFO - [2022-02-12 14:23:55,153] {dagbag.py:487} INFO - Filling up the DagBag from /home/agalli/sandbox/lib/python3.6/site-packages/airflow/example_dags/example_short_circuit_operator.py
[2022-02-12 14:23:55,174] {scheduler_job.py:643} INFO - DAG(s) dict_keys(['example_short_circuit_operator']) retrieved from /home/agalli/sandbox/lib/python3.6/site-packages/airflow/example_dags/example_short_circuit_operator.py
[2022-02-12 14:23:55,208] {logging_mixin.py:104} INFO - [2022-02-12 14:23:55,207] {dag.py:1832} INFO - Sync 1 DAGs
[2022-02-12 14:23:55,226] {logging_mixin.py:104} INFO - [2022-02-12 14:23:55,226] {dag.py:2305} INFO - Setting next_dagrun for example_short_circuit_operator to 2022-02-10 00:00:00+00:00
[2022-02-12 14:23:55,242] {scheduler_job.py:190} INFO - Processing /home/agalli/sandbox/lib/python3.6/site-packages/airflow/example_dags/example_short_circuit_operator.py took 0.096 seconds
[2022-02-12 14:24:27,438] {scheduler_job.py:182} INFO - Started process (PID=8669) to work on /home/agalli/sandbox/lib/python3.6/site-packages/airflow/example_dags/example_short_circuit_operator.py
[2022-02-12 14:24:27,452] {scheduler_job.py:633} INFO - Processing file /home/agalli/sandbox/lib/python3.6/site-packages/airflow/example_dags/example_short_circuit_operator.py for tasks to queue
[2022-02-12 14:24:27,457] {logging_mixin.py:104} INFO - [2022-02-12 14:24:27,457] {dagbag.py:487} INFO - Filling up the DagBag from /home/agalli/sandbox/lib/python3.6/site-packages/airflow/example_dags/example_short_circuit_operator.py
[2022-02-12 14:24:27,564] {scheduler_job.py:643} INFO - DAG(s) dict_keys(['example_short_circuit_operator']) retrieved from /home/agalli/sandbox/lib/python3.6/site-packages/airflow/example_dags/example_short_circuit_operator.py
[2022-02-12 14:24:27,739] {logging_mixin.py:104} INFO - [2022-02-12 14:24:27,737] {dag.py:1832} INFO - Sync 1 DAGs
[2022-02-12 14:24:27,786] {logging_mixin.py:104} INFO - [2022-02-12 14:24:27,785] {dag.py:2305} INFO - Setting next_dagrun for example_short_circuit_operator to 2022-02-10 00:00:00+00:00
[2022-02-12 14:24:27,829] {scheduler_job.py:190} INFO - Processing /home/agalli/sandbox/lib/python3.6/site-packages/airflow/example_dags/example_short_circuit_operator.py took 0.399 seconds
[2022-02-12 14:24:58,670] {scheduler_job.py:182} INFO - Started process (PID=8871) to work on /home/agalli/sandbox/lib/python3.6/site-packages/airflow/example_dags/example_short_circuit_operator.py
[2022-02-12 14:24:58,674] {scheduler_job.py:633} INFO - Processing file /home/agalli/sandbox/lib/python3.6/site-packages/airflow/example_dags/example_short_circuit_operator.py for tasks to queue
[2022-02-12 14:24:58,677] {logging_mixin.py:104} INFO - [2022-02-12 14:24:58,676] {dagbag.py:487} INFO - Filling up the DagBag from /home/agalli/sandbox/lib/python3.6/site-packages/airflow/example_dags/example_short_circuit_operator.py
[2022-02-12 14:24:58,712] {scheduler_job.py:643} INFO - DAG(s) dict_keys(['example_short_circuit_operator']) retrieved from /home/agalli/sandbox/lib/python3.6/site-packages/airflow/example_dags/example_short_circuit_operator.py
[2022-02-12 14:24:58,765] {logging_mixin.py:104} INFO - [2022-02-12 14:24:58,765] {dag.py:1832} INFO - Sync 1 DAGs
[2022-02-12 14:24:58,794] {logging_mixin.py:104} INFO - [2022-02-12 14:24:58,794] {dag.py:2305} INFO - Setting next_dagrun for example_short_circuit_operator to 2022-02-10 00:00:00+00:00
[2022-02-12 14:24:58,961] {scheduler_job.py:190} INFO - Processing /home/agalli/sandbox/lib/python3.6/site-packages/airflow/example_dags/example_short_circuit_operator.py took 0.296 seconds
[2022-02-12 14:25:29,716] {scheduler_job.py:182} INFO - Started process (PID=9193) to work on /home/agalli/sandbox/lib/python3.6/site-packages/airflow/example_dags/example_short_circuit_operator.py
[2022-02-12 14:25:29,719] {scheduler_job.py:633} INFO - Processing file /home/agalli/sandbox/lib/python3.6/site-packages/airflow/example_dags/example_short_circuit_operator.py for tasks to queue
[2022-02-12 14:25:29,722] {logging_mixin.py:104} INFO - [2022-02-12 14:25:29,721] {dagbag.py:487} INFO - Filling up the DagBag from /home/agalli/sandbox/lib/python3.6/site-packages/airflow/example_dags/example_short_circuit_operator.py
[2022-02-12 14:25:29,755] {scheduler_job.py:643} INFO - DAG(s) dict_keys(['example_short_circuit_operator']) retrieved from /home/agalli/sandbox/lib/python3.6/site-packages/airflow/example_dags/example_short_circuit_operator.py
[2022-02-12 14:25:29,799] {logging_mixin.py:104} INFO - [2022-02-12 14:25:29,799] {dag.py:1832} INFO - Sync 1 DAGs
[2022-02-12 14:25:29,824] {logging_mixin.py:104} INFO - [2022-02-12 14:25:29,824] {dag.py:2305} INFO - Setting next_dagrun for example_short_circuit_operator to 2022-02-10 00:00:00+00:00
[2022-02-12 14:25:29,842] {scheduler_job.py:190} INFO - Processing /home/agalli/sandbox/lib/python3.6/site-packages/airflow/example_dags/example_short_circuit_operator.py took 0.132 seconds
[2022-02-12 14:26:00,092] {scheduler_job.py:182} INFO - Started process (PID=9388) to work on /home/agalli/sandbox/lib/python3.6/site-packages/airflow/example_dags/example_short_circuit_operator.py
[2022-02-12 14:26:00,100] {scheduler_job.py:633} INFO - Processing file /home/agalli/sandbox/lib/python3.6/site-packages/airflow/example_dags/example_short_circuit_operator.py for tasks to queue
[2022-02-12 14:26:00,102] {logging_mixin.py:104} INFO - [2022-02-12 14:26:00,102] {dagbag.py:487} INFO - Filling up the DagBag from /home/agalli/sandbox/lib/python3.6/site-packages/airflow/example_dags/example_short_circuit_operator.py
[2022-02-12 14:26:00,126] {scheduler_job.py:643} INFO - DAG(s) dict_keys(['example_short_circuit_operator']) retrieved from /home/agalli/sandbox/lib/python3.6/site-packages/airflow/example_dags/example_short_circuit_operator.py
[2022-02-12 14:26:00,174] {logging_mixin.py:104} INFO - [2022-02-12 14:26:00,174] {dag.py:1832} INFO - Sync 1 DAGs
[2022-02-12 14:26:00,199] {logging_mixin.py:104} INFO - [2022-02-12 14:26:00,198] {dag.py:2305} INFO - Setting next_dagrun for example_short_circuit_operator to 2022-02-10 00:00:00+00:00
[2022-02-12 14:26:00,221] {scheduler_job.py:190} INFO - Processing /home/agalli/sandbox/lib/python3.6/site-packages/airflow/example_dags/example_short_circuit_operator.py took 0.134 seconds
[2022-02-12 14:26:30,396] {scheduler_job.py:182} INFO - Started process (PID=9582) to work on /home/agalli/sandbox/lib/python3.6/site-packages/airflow/example_dags/example_short_circuit_operator.py
[2022-02-12 14:26:30,402] {scheduler_job.py:633} INFO - Processing file /home/agalli/sandbox/lib/python3.6/site-packages/airflow/example_dags/example_short_circuit_operator.py for tasks to queue
[2022-02-12 14:26:30,403] {logging_mixin.py:104} INFO - [2022-02-12 14:26:30,403] {dagbag.py:487} INFO - Filling up the DagBag from /home/agalli/sandbox/lib/python3.6/site-packages/airflow/example_dags/example_short_circuit_operator.py
[2022-02-12 14:26:30,416] {scheduler_job.py:643} INFO - DAG(s) dict_keys(['example_short_circuit_operator']) retrieved from /home/agalli/sandbox/lib/python3.6/site-packages/airflow/example_dags/example_short_circuit_operator.py
[2022-02-12 14:26:30,442] {logging_mixin.py:104} INFO - [2022-02-12 14:26:30,441] {dag.py:1832} INFO - Sync 1 DAGs
[2022-02-12 14:26:30,464] {logging_mixin.py:104} INFO - [2022-02-12 14:26:30,464] {dag.py:2305} INFO - Setting next_dagrun for example_short_circuit_operator to 2022-02-10 00:00:00+00:00
[2022-02-12 14:26:30,476] {scheduler_job.py:190} INFO - Processing /home/agalli/sandbox/lib/python3.6/site-packages/airflow/example_dags/example_short_circuit_operator.py took 0.084 seconds
[2022-02-12 14:27:00,618] {scheduler_job.py:182} INFO - Started process (PID=9783) to work on /home/agalli/sandbox/lib/python3.6/site-packages/airflow/example_dags/example_short_circuit_operator.py
[2022-02-12 14:27:00,619] {scheduler_job.py:633} INFO - Processing file /home/agalli/sandbox/lib/python3.6/site-packages/airflow/example_dags/example_short_circuit_operator.py for tasks to queue
[2022-02-12 14:27:00,620] {logging_mixin.py:104} INFO - [2022-02-12 14:27:00,620] {dagbag.py:487} INFO - Filling up the DagBag from /home/agalli/sandbox/lib/python3.6/site-packages/airflow/example_dags/example_short_circuit_operator.py
[2022-02-12 14:27:00,640] {scheduler_job.py:643} INFO - DAG(s) dict_keys(['example_short_circuit_operator']) retrieved from /home/agalli/sandbox/lib/python3.6/site-packages/airflow/example_dags/example_short_circuit_operator.py
[2022-02-12 14:27:00,673] {logging_mixin.py:104} INFO - [2022-02-12 14:27:00,673] {dag.py:1832} INFO - Sync 1 DAGs
[2022-02-12 14:27:00,694] {logging_mixin.py:104} INFO - [2022-02-12 14:27:00,694] {dag.py:2305} INFO - Setting next_dagrun for example_short_circuit_operator to 2022-02-10 00:00:00+00:00
[2022-02-12 14:27:00,728] {scheduler_job.py:190} INFO - Processing /home/agalli/sandbox/lib/python3.6/site-packages/airflow/example_dags/example_short_circuit_operator.py took 0.114 seconds
[2022-02-12 14:27:31,627] {scheduler_job.py:182} INFO - Started process (PID=9986) to work on /home/agalli/sandbox/lib/python3.6/site-packages/airflow/example_dags/example_short_circuit_operator.py
[2022-02-12 14:27:31,629] {scheduler_job.py:633} INFO - Processing file /home/agalli/sandbox/lib/python3.6/site-packages/airflow/example_dags/example_short_circuit_operator.py for tasks to queue
[2022-02-12 14:27:31,630] {logging_mixin.py:104} INFO - [2022-02-12 14:27:31,629] {dagbag.py:487} INFO - Filling up the DagBag from /home/agalli/sandbox/lib/python3.6/site-packages/airflow/example_dags/example_short_circuit_operator.py
[2022-02-12 14:27:31,643] {scheduler_job.py:643} INFO - DAG(s) dict_keys(['example_short_circuit_operator']) retrieved from /home/agalli/sandbox/lib/python3.6/site-packages/airflow/example_dags/example_short_circuit_operator.py
[2022-02-12 14:27:31,670] {logging_mixin.py:104} INFO - [2022-02-12 14:27:31,670] {dag.py:1832} INFO - Sync 1 DAGs
[2022-02-12 14:27:31,689] {logging_mixin.py:104} INFO - [2022-02-12 14:27:31,689] {dag.py:2305} INFO - Setting next_dagrun for example_short_circuit_operator to 2022-02-10 00:00:00+00:00
[2022-02-12 14:27:31,701] {scheduler_job.py:190} INFO - Processing /home/agalli/sandbox/lib/python3.6/site-packages/airflow/example_dags/example_short_circuit_operator.py took 0.077 seconds
[2022-02-12 14:28:01,990] {scheduler_job.py:182} INFO - Started process (PID=10188) to work on /home/agalli/sandbox/lib/python3.6/site-packages/airflow/example_dags/example_short_circuit_operator.py
[2022-02-12 14:28:01,991] {scheduler_job.py:633} INFO - Processing file /home/agalli/sandbox/lib/python3.6/site-packages/airflow/example_dags/example_short_circuit_operator.py for tasks to queue
[2022-02-12 14:28:01,991] {logging_mixin.py:104} INFO - [2022-02-12 14:28:01,991] {dagbag.py:487} INFO - Filling up the DagBag from /home/agalli/sandbox/lib/python3.6/site-packages/airflow/example_dags/example_short_circuit_operator.py
[2022-02-12 14:28:02,006] {scheduler_job.py:643} INFO - DAG(s) dict_keys(['example_short_circuit_operator']) retrieved from /home/agalli/sandbox/lib/python3.6/site-packages/airflow/example_dags/example_short_circuit_operator.py
[2022-02-12 14:28:02,034] {logging_mixin.py:104} INFO - [2022-02-12 14:28:02,033] {dag.py:1832} INFO - Sync 1 DAGs
[2022-02-12 14:28:02,049] {logging_mixin.py:104} INFO - [2022-02-12 14:28:02,049] {dag.py:2305} INFO - Setting next_dagrun for example_short_circuit_operator to 2022-02-10 00:00:00+00:00
[2022-02-12 14:28:02,063] {scheduler_job.py:190} INFO - Processing /home/agalli/sandbox/lib/python3.6/site-packages/airflow/example_dags/example_short_circuit_operator.py took 0.077 seconds
[2022-02-12 14:28:32,506] {scheduler_job.py:182} INFO - Started process (PID=10391) to work on /home/agalli/sandbox/lib/python3.6/site-packages/airflow/example_dags/example_short_circuit_operator.py
[2022-02-12 14:28:32,507] {scheduler_job.py:633} INFO - Processing file /home/agalli/sandbox/lib/python3.6/site-packages/airflow/example_dags/example_short_circuit_operator.py for tasks to queue
[2022-02-12 14:28:32,508] {logging_mixin.py:104} INFO - [2022-02-12 14:28:32,508] {dagbag.py:487} INFO - Filling up the DagBag from /home/agalli/sandbox/lib/python3.6/site-packages/airflow/example_dags/example_short_circuit_operator.py
[2022-02-12 14:28:32,522] {scheduler_job.py:643} INFO - DAG(s) dict_keys(['example_short_circuit_operator']) retrieved from /home/agalli/sandbox/lib/python3.6/site-packages/airflow/example_dags/example_short_circuit_operator.py
[2022-02-12 14:28:32,549] {logging_mixin.py:104} INFO - [2022-02-12 14:28:32,549] {dag.py:1832} INFO - Sync 1 DAGs
[2022-02-12 14:28:32,565] {logging_mixin.py:104} INFO - [2022-02-12 14:28:32,565] {dag.py:2305} INFO - Setting next_dagrun for example_short_circuit_operator to 2022-02-10 00:00:00+00:00
[2022-02-12 14:28:32,577] {scheduler_job.py:190} INFO - Processing /home/agalli/sandbox/lib/python3.6/site-packages/airflow/example_dags/example_short_circuit_operator.py took 0.075 seconds
[2022-02-12 14:29:02,737] {scheduler_job.py:182} INFO - Started process (PID=10592) to work on /home/agalli/sandbox/lib/python3.6/site-packages/airflow/example_dags/example_short_circuit_operator.py
[2022-02-12 14:29:02,739] {scheduler_job.py:633} INFO - Processing file /home/agalli/sandbox/lib/python3.6/site-packages/airflow/example_dags/example_short_circuit_operator.py for tasks to queue
[2022-02-12 14:29:02,740] {logging_mixin.py:104} INFO - [2022-02-12 14:29:02,740] {dagbag.py:487} INFO - Filling up the DagBag from /home/agalli/sandbox/lib/python3.6/site-packages/airflow/example_dags/example_short_circuit_operator.py
[2022-02-12 14:29:02,759] {scheduler_job.py:643} INFO - DAG(s) dict_keys(['example_short_circuit_operator']) retrieved from /home/agalli/sandbox/lib/python3.6/site-packages/airflow/example_dags/example_short_circuit_operator.py
[2022-02-12 14:29:02,797] {logging_mixin.py:104} INFO - [2022-02-12 14:29:02,796] {dag.py:1832} INFO - Sync 1 DAGs
[2022-02-12 14:29:02,818] {logging_mixin.py:104} INFO - [2022-02-12 14:29:02,817] {dag.py:2305} INFO - Setting next_dagrun for example_short_circuit_operator to 2022-02-10 00:00:00+00:00
[2022-02-12 14:29:02,833] {scheduler_job.py:190} INFO - Processing /home/agalli/sandbox/lib/python3.6/site-packages/airflow/example_dags/example_short_circuit_operator.py took 0.099 seconds
[2022-02-12 14:29:33,623] {scheduler_job.py:182} INFO - Started process (PID=10789) to work on /home/agalli/sandbox/lib/python3.6/site-packages/airflow/example_dags/example_short_circuit_operator.py
[2022-02-12 14:29:33,625] {scheduler_job.py:633} INFO - Processing file /home/agalli/sandbox/lib/python3.6/site-packages/airflow/example_dags/example_short_circuit_operator.py for tasks to queue
[2022-02-12 14:29:33,626] {logging_mixin.py:104} INFO - [2022-02-12 14:29:33,626] {dagbag.py:487} INFO - Filling up the DagBag from /home/agalli/sandbox/lib/python3.6/site-packages/airflow/example_dags/example_short_circuit_operator.py
[2022-02-12 14:29:33,643] {scheduler_job.py:643} INFO - DAG(s) dict_keys(['example_short_circuit_operator']) retrieved from /home/agalli/sandbox/lib/python3.6/site-packages/airflow/example_dags/example_short_circuit_operator.py
[2022-02-12 14:29:33,676] {logging_mixin.py:104} INFO - [2022-02-12 14:29:33,676] {dag.py:1832} INFO - Sync 1 DAGs
[2022-02-12 14:29:33,698] {logging_mixin.py:104} INFO - [2022-02-12 14:29:33,698] {dag.py:2305} INFO - Setting next_dagrun for example_short_circuit_operator to 2022-02-10 00:00:00+00:00
[2022-02-12 14:29:33,712] {scheduler_job.py:190} INFO - Processing /home/agalli/sandbox/lib/python3.6/site-packages/airflow/example_dags/example_short_circuit_operator.py took 0.093 seconds
[2022-02-12 14:30:04,596] {scheduler_job.py:182} INFO - Started process (PID=10997) to work on /home/agalli/sandbox/lib/python3.6/site-packages/airflow/example_dags/example_short_circuit_operator.py
[2022-02-12 14:30:04,597] {scheduler_job.py:633} INFO - Processing file /home/agalli/sandbox/lib/python3.6/site-packages/airflow/example_dags/example_short_circuit_operator.py for tasks to queue
[2022-02-12 14:30:04,599] {logging_mixin.py:104} INFO - [2022-02-12 14:30:04,599] {dagbag.py:487} INFO - Filling up the DagBag from /home/agalli/sandbox/lib/python3.6/site-packages/airflow/example_dags/example_short_circuit_operator.py
[2022-02-12 14:30:04,614] {scheduler_job.py:643} INFO - DAG(s) dict_keys(['example_short_circuit_operator']) retrieved from /home/agalli/sandbox/lib/python3.6/site-packages/airflow/example_dags/example_short_circuit_operator.py
[2022-02-12 14:30:04,647] {logging_mixin.py:104} INFO - [2022-02-12 14:30:04,647] {dag.py:1832} INFO - Sync 1 DAGs
[2022-02-12 14:30:04,668] {logging_mixin.py:104} INFO - [2022-02-12 14:30:04,668] {dag.py:2305} INFO - Setting next_dagrun for example_short_circuit_operator to 2022-02-10 00:00:00+00:00
[2022-02-12 14:30:04,695] {scheduler_job.py:190} INFO - Processing /home/agalli/sandbox/lib/python3.6/site-packages/airflow/example_dags/example_short_circuit_operator.py took 0.102 seconds
[2022-02-12 14:52:12,520] {scheduler_job.py:182} INFO - Started process (PID=14453) to work on /home/agalli/sandbox/lib/python3.6/site-packages/airflow/example_dags/example_short_circuit_operator.py
[2022-02-12 14:52:12,551] {scheduler_job.py:633} INFO - Processing file /home/agalli/sandbox/lib/python3.6/site-packages/airflow/example_dags/example_short_circuit_operator.py for tasks to queue
[2022-02-12 14:52:12,554] {logging_mixin.py:104} INFO - [2022-02-12 14:52:12,553] {dagbag.py:487} INFO - Filling up the DagBag from /home/agalli/sandbox/lib/python3.6/site-packages/airflow/example_dags/example_short_circuit_operator.py
[2022-02-12 14:52:12,821] {scheduler_job.py:643} INFO - DAG(s) dict_keys(['example_short_circuit_operator']) retrieved from /home/agalli/sandbox/lib/python3.6/site-packages/airflow/example_dags/example_short_circuit_operator.py
[2022-02-12 14:52:13,094] {logging_mixin.py:104} INFO - [2022-02-12 14:52:13,094] {dag.py:1832} INFO - Sync 1 DAGs
[2022-02-12 14:52:13,376] {logging_mixin.py:104} INFO - [2022-02-12 14:52:13,375] {dag.py:2305} INFO - Setting next_dagrun for example_short_circuit_operator to 2022-02-10 00:00:00+00:00
[2022-02-12 14:52:13,538] {scheduler_job.py:190} INFO - Processing /home/agalli/sandbox/lib/python3.6/site-packages/airflow/example_dags/example_short_circuit_operator.py took 1.081 seconds
[2022-02-12 14:52:43,666] {scheduler_job.py:182} INFO - Started process (PID=14612) to work on /home/agalli/sandbox/lib/python3.6/site-packages/airflow/example_dags/example_short_circuit_operator.py
[2022-02-12 14:52:43,669] {scheduler_job.py:633} INFO - Processing file /home/agalli/sandbox/lib/python3.6/site-packages/airflow/example_dags/example_short_circuit_operator.py for tasks to queue
[2022-02-12 14:52:43,670] {logging_mixin.py:104} INFO - [2022-02-12 14:52:43,670] {dagbag.py:487} INFO - Filling up the DagBag from /home/agalli/sandbox/lib/python3.6/site-packages/airflow/example_dags/example_short_circuit_operator.py
[2022-02-12 14:52:43,708] {scheduler_job.py:643} INFO - DAG(s) dict_keys(['example_short_circuit_operator']) retrieved from /home/agalli/sandbox/lib/python3.6/site-packages/airflow/example_dags/example_short_circuit_operator.py
[2022-02-12 14:52:43,763] {logging_mixin.py:104} INFO - [2022-02-12 14:52:43,762] {dag.py:1832} INFO - Sync 1 DAGs
[2022-02-12 14:52:43,813] {logging_mixin.py:104} INFO - [2022-02-12 14:52:43,812] {dag.py:2305} INFO - Setting next_dagrun for example_short_circuit_operator to 2022-02-10 00:00:00+00:00
[2022-02-12 14:52:43,872] {scheduler_job.py:190} INFO - Processing /home/agalli/sandbox/lib/python3.6/site-packages/airflow/example_dags/example_short_circuit_operator.py took 0.217 seconds
[2022-02-12 14:53:13,985] {scheduler_job.py:182} INFO - Started process (PID=14802) to work on /home/agalli/sandbox/lib/python3.6/site-packages/airflow/example_dags/example_short_circuit_operator.py
[2022-02-12 14:53:13,988] {scheduler_job.py:633} INFO - Processing file /home/agalli/sandbox/lib/python3.6/site-packages/airflow/example_dags/example_short_circuit_operator.py for tasks to queue
[2022-02-12 14:53:13,990] {logging_mixin.py:104} INFO - [2022-02-12 14:53:13,990] {dagbag.py:487} INFO - Filling up the DagBag from /home/agalli/sandbox/lib/python3.6/site-packages/airflow/example_dags/example_short_circuit_operator.py
[2022-02-12 14:53:14,012] {scheduler_job.py:643} INFO - DAG(s) dict_keys(['example_short_circuit_operator']) retrieved from /home/agalli/sandbox/lib/python3.6/site-packages/airflow/example_dags/example_short_circuit_operator.py
[2022-02-12 14:53:14,059] {logging_mixin.py:104} INFO - [2022-02-12 14:53:14,059] {dag.py:1832} INFO - Sync 1 DAGs
[2022-02-12 14:53:14,092] {logging_mixin.py:104} INFO - [2022-02-12 14:53:14,092] {dag.py:2305} INFO - Setting next_dagrun for example_short_circuit_operator to 2022-02-10 00:00:00+00:00
[2022-02-12 14:53:14,116] {scheduler_job.py:190} INFO - Processing /home/agalli/sandbox/lib/python3.6/site-packages/airflow/example_dags/example_short_circuit_operator.py took 0.139 seconds
[2022-02-12 14:53:44,941] {scheduler_job.py:182} INFO - Started process (PID=15641) to work on /home/agalli/sandbox/lib/python3.6/site-packages/airflow/example_dags/example_short_circuit_operator.py
[2022-02-12 14:53:44,957] {scheduler_job.py:633} INFO - Processing file /home/agalli/sandbox/lib/python3.6/site-packages/airflow/example_dags/example_short_circuit_operator.py for tasks to queue
[2022-02-12 14:53:44,959] {logging_mixin.py:104} INFO - [2022-02-12 14:53:44,958] {dagbag.py:487} INFO - Filling up the DagBag from /home/agalli/sandbox/lib/python3.6/site-packages/airflow/example_dags/example_short_circuit_operator.py
[2022-02-12 14:53:45,045] {scheduler_job.py:643} INFO - DAG(s) dict_keys(['example_short_circuit_operator']) retrieved from /home/agalli/sandbox/lib/python3.6/site-packages/airflow/example_dags/example_short_circuit_operator.py
[2022-02-12 14:53:45,189] {logging_mixin.py:104} INFO - [2022-02-12 14:53:45,188] {dag.py:1832} INFO - Sync 1 DAGs
[2022-02-12 14:53:45,356] {logging_mixin.py:104} INFO - [2022-02-12 14:53:45,356] {dag.py:2305} INFO - Setting next_dagrun for example_short_circuit_operator to 2022-02-10 00:00:00+00:00
[2022-02-12 14:53:45,404] {scheduler_job.py:190} INFO - Processing /home/agalli/sandbox/lib/python3.6/site-packages/airflow/example_dags/example_short_circuit_operator.py took 0.483 seconds
[2022-02-12 14:54:15,689] {scheduler_job.py:182} INFO - Started process (PID=15801) to work on /home/agalli/sandbox/lib/python3.6/site-packages/airflow/example_dags/example_short_circuit_operator.py
[2022-02-12 14:54:15,691] {scheduler_job.py:633} INFO - Processing file /home/agalli/sandbox/lib/python3.6/site-packages/airflow/example_dags/example_short_circuit_operator.py for tasks to queue
[2022-02-12 14:54:15,692] {logging_mixin.py:104} INFO - [2022-02-12 14:54:15,692] {dagbag.py:487} INFO - Filling up the DagBag from /home/agalli/sandbox/lib/python3.6/site-packages/airflow/example_dags/example_short_circuit_operator.py
[2022-02-12 14:54:15,714] {scheduler_job.py:643} INFO - DAG(s) dict_keys(['example_short_circuit_operator']) retrieved from /home/agalli/sandbox/lib/python3.6/site-packages/airflow/example_dags/example_short_circuit_operator.py
[2022-02-12 14:54:15,748] {logging_mixin.py:104} INFO - [2022-02-12 14:54:15,747] {dag.py:1832} INFO - Sync 1 DAGs
[2022-02-12 14:54:15,772] {logging_mixin.py:104} INFO - [2022-02-12 14:54:15,772] {dag.py:2305} INFO - Setting next_dagrun for example_short_circuit_operator to 2022-02-10 00:00:00+00:00
[2022-02-12 14:54:15,818] {scheduler_job.py:190} INFO - Processing /home/agalli/sandbox/lib/python3.6/site-packages/airflow/example_dags/example_short_circuit_operator.py took 0.135 seconds
[2022-02-12 14:54:46,424] {scheduler_job.py:182} INFO - Started process (PID=15912) to work on /home/agalli/sandbox/lib/python3.6/site-packages/airflow/example_dags/example_short_circuit_operator.py
[2022-02-12 14:54:46,427] {scheduler_job.py:633} INFO - Processing file /home/agalli/sandbox/lib/python3.6/site-packages/airflow/example_dags/example_short_circuit_operator.py for tasks to queue
[2022-02-12 14:54:46,428] {logging_mixin.py:104} INFO - [2022-02-12 14:54:46,428] {dagbag.py:487} INFO - Filling up the DagBag from /home/agalli/sandbox/lib/python3.6/site-packages/airflow/example_dags/example_short_circuit_operator.py
[2022-02-12 14:54:46,482] {scheduler_job.py:643} INFO - DAG(s) dict_keys(['example_short_circuit_operator']) retrieved from /home/agalli/sandbox/lib/python3.6/site-packages/airflow/example_dags/example_short_circuit_operator.py
[2022-02-12 14:54:46,576] {logging_mixin.py:104} INFO - [2022-02-12 14:54:46,576] {dag.py:1832} INFO - Sync 1 DAGs
[2022-02-12 14:54:46,629] {logging_mixin.py:104} INFO - [2022-02-12 14:54:46,629] {dag.py:2305} INFO - Setting next_dagrun for example_short_circuit_operator to 2022-02-10 00:00:00+00:00
[2022-02-12 14:54:46,679] {scheduler_job.py:190} INFO - Processing /home/agalli/sandbox/lib/python3.6/site-packages/airflow/example_dags/example_short_circuit_operator.py took 0.287 seconds
[2022-02-12 14:55:16,726] {scheduler_job.py:182} INFO - Started process (PID=16020) to work on /home/agalli/sandbox/lib/python3.6/site-packages/airflow/example_dags/example_short_circuit_operator.py
[2022-02-12 14:55:16,728] {scheduler_job.py:633} INFO - Processing file /home/agalli/sandbox/lib/python3.6/site-packages/airflow/example_dags/example_short_circuit_operator.py for tasks to queue
[2022-02-12 14:55:16,729] {logging_mixin.py:104} INFO - [2022-02-12 14:55:16,729] {dagbag.py:487} INFO - Filling up the DagBag from /home/agalli/sandbox/lib/python3.6/site-packages/airflow/example_dags/example_short_circuit_operator.py
[2022-02-12 14:55:16,744] {scheduler_job.py:643} INFO - DAG(s) dict_keys(['example_short_circuit_operator']) retrieved from /home/agalli/sandbox/lib/python3.6/site-packages/airflow/example_dags/example_short_circuit_operator.py
[2022-02-12 14:55:16,775] {logging_mixin.py:104} INFO - [2022-02-12 14:55:16,775] {dag.py:1832} INFO - Sync 1 DAGs
[2022-02-12 14:55:16,799] {logging_mixin.py:104} INFO - [2022-02-12 14:55:16,799] {dag.py:2305} INFO - Setting next_dagrun for example_short_circuit_operator to 2022-02-10 00:00:00+00:00
[2022-02-12 14:55:16,816] {scheduler_job.py:190} INFO - Processing /home/agalli/sandbox/lib/python3.6/site-packages/airflow/example_dags/example_short_circuit_operator.py took 0.094 seconds
[2022-02-12 14:56:38,733] {scheduler_job.py:182} INFO - Started process (PID=16390) to work on /home/agalli/sandbox/lib/python3.6/site-packages/airflow/example_dags/example_short_circuit_operator.py
[2022-02-12 14:56:38,737] {scheduler_job.py:633} INFO - Processing file /home/agalli/sandbox/lib/python3.6/site-packages/airflow/example_dags/example_short_circuit_operator.py for tasks to queue
[2022-02-12 14:56:38,739] {logging_mixin.py:104} INFO - [2022-02-12 14:56:38,739] {dagbag.py:487} INFO - Filling up the DagBag from /home/agalli/sandbox/lib/python3.6/site-packages/airflow/example_dags/example_short_circuit_operator.py
[2022-02-12 14:56:38,821] {scheduler_job.py:643} INFO - DAG(s) dict_keys(['example_short_circuit_operator']) retrieved from /home/agalli/sandbox/lib/python3.6/site-packages/airflow/example_dags/example_short_circuit_operator.py
[2022-02-12 14:56:38,901] {logging_mixin.py:104} INFO - [2022-02-12 14:56:38,901] {dag.py:1832} INFO - Sync 1 DAGs
[2022-02-12 14:56:38,950] {logging_mixin.py:104} INFO - [2022-02-12 14:56:38,950] {dag.py:2305} INFO - Setting next_dagrun for example_short_circuit_operator to 2022-02-10 00:00:00+00:00
[2022-02-12 14:56:38,976] {scheduler_job.py:190} INFO - Processing /home/agalli/sandbox/lib/python3.6/site-packages/airflow/example_dags/example_short_circuit_operator.py took 0.264 seconds
[2022-02-12 14:57:09,953] {scheduler_job.py:182} INFO - Started process (PID=16475) to work on /home/agalli/sandbox/lib/python3.6/site-packages/airflow/example_dags/example_short_circuit_operator.py
[2022-02-12 14:57:09,959] {scheduler_job.py:633} INFO - Processing file /home/agalli/sandbox/lib/python3.6/site-packages/airflow/example_dags/example_short_circuit_operator.py for tasks to queue
[2022-02-12 14:57:09,960] {logging_mixin.py:104} INFO - [2022-02-12 14:57:09,960] {dagbag.py:487} INFO - Filling up the DagBag from /home/agalli/sandbox/lib/python3.6/site-packages/airflow/example_dags/example_short_circuit_operator.py
[2022-02-12 14:57:09,995] {scheduler_job.py:643} INFO - DAG(s) dict_keys(['example_short_circuit_operator']) retrieved from /home/agalli/sandbox/lib/python3.6/site-packages/airflow/example_dags/example_short_circuit_operator.py
[2022-02-12 14:57:10,095] {logging_mixin.py:104} INFO - [2022-02-12 14:57:10,095] {dag.py:1832} INFO - Sync 1 DAGs
[2022-02-12 14:57:10,156] {logging_mixin.py:104} INFO - [2022-02-12 14:57:10,156] {dag.py:2305} INFO - Setting next_dagrun for example_short_circuit_operator to 2022-02-10 00:00:00+00:00
[2022-02-12 14:57:10,185] {scheduler_job.py:190} INFO - Processing /home/agalli/sandbox/lib/python3.6/site-packages/airflow/example_dags/example_short_circuit_operator.py took 0.243 seconds
[2022-02-12 14:57:40,719] {scheduler_job.py:182} INFO - Started process (PID=16680) to work on /home/agalli/sandbox/lib/python3.6/site-packages/airflow/example_dags/example_short_circuit_operator.py
[2022-02-12 14:57:40,721] {scheduler_job.py:633} INFO - Processing file /home/agalli/sandbox/lib/python3.6/site-packages/airflow/example_dags/example_short_circuit_operator.py for tasks to queue
[2022-02-12 14:57:40,721] {logging_mixin.py:104} INFO - [2022-02-12 14:57:40,721] {dagbag.py:487} INFO - Filling up the DagBag from /home/agalli/sandbox/lib/python3.6/site-packages/airflow/example_dags/example_short_circuit_operator.py
[2022-02-12 14:57:40,733] {scheduler_job.py:643} INFO - DAG(s) dict_keys(['example_short_circuit_operator']) retrieved from /home/agalli/sandbox/lib/python3.6/site-packages/airflow/example_dags/example_short_circuit_operator.py
[2022-02-12 14:57:40,761] {logging_mixin.py:104} INFO - [2022-02-12 14:57:40,761] {dag.py:1832} INFO - Sync 1 DAGs
[2022-02-12 14:57:40,779] {logging_mixin.py:104} INFO - [2022-02-12 14:57:40,779] {dag.py:2305} INFO - Setting next_dagrun for example_short_circuit_operator to 2022-02-10 00:00:00+00:00
[2022-02-12 14:57:40,790] {scheduler_job.py:190} INFO - Processing /home/agalli/sandbox/lib/python3.6/site-packages/airflow/example_dags/example_short_circuit_operator.py took 0.074 seconds
[2022-02-12 14:58:11,994] {scheduler_job.py:182} INFO - Started process (PID=16749) to work on /home/agalli/sandbox/lib/python3.6/site-packages/airflow/example_dags/example_short_circuit_operator.py
[2022-02-12 14:58:11,996] {scheduler_job.py:633} INFO - Processing file /home/agalli/sandbox/lib/python3.6/site-packages/airflow/example_dags/example_short_circuit_operator.py for tasks to queue
[2022-02-12 14:58:11,997] {logging_mixin.py:104} INFO - [2022-02-12 14:58:11,997] {dagbag.py:487} INFO - Filling up the DagBag from /home/agalli/sandbox/lib/python3.6/site-packages/airflow/example_dags/example_short_circuit_operator.py
[2022-02-12 14:58:12,013] {scheduler_job.py:643} INFO - DAG(s) dict_keys(['example_short_circuit_operator']) retrieved from /home/agalli/sandbox/lib/python3.6/site-packages/airflow/example_dags/example_short_circuit_operator.py
[2022-02-12 14:58:12,041] {logging_mixin.py:104} INFO - [2022-02-12 14:58:12,040] {dag.py:1832} INFO - Sync 1 DAGs
[2022-02-12 14:58:12,059] {logging_mixin.py:104} INFO - [2022-02-12 14:58:12,059] {dag.py:2305} INFO - Setting next_dagrun for example_short_circuit_operator to 2022-02-10 00:00:00+00:00
[2022-02-12 14:58:12,075] {scheduler_job.py:190} INFO - Processing /home/agalli/sandbox/lib/python3.6/site-packages/airflow/example_dags/example_short_circuit_operator.py took 0.085 seconds
[2022-02-12 14:58:42,411] {scheduler_job.py:182} INFO - Started process (PID=16819) to work on /home/agalli/sandbox/lib/python3.6/site-packages/airflow/example_dags/example_short_circuit_operator.py
[2022-02-12 14:58:42,412] {scheduler_job.py:633} INFO - Processing file /home/agalli/sandbox/lib/python3.6/site-packages/airflow/example_dags/example_short_circuit_operator.py for tasks to queue
[2022-02-12 14:58:42,413] {logging_mixin.py:104} INFO - [2022-02-12 14:58:42,413] {dagbag.py:487} INFO - Filling up the DagBag from /home/agalli/sandbox/lib/python3.6/site-packages/airflow/example_dags/example_short_circuit_operator.py
[2022-02-12 14:58:42,431] {scheduler_job.py:643} INFO - DAG(s) dict_keys(['example_short_circuit_operator']) retrieved from /home/agalli/sandbox/lib/python3.6/site-packages/airflow/example_dags/example_short_circuit_operator.py
[2022-02-12 14:58:42,466] {logging_mixin.py:104} INFO - [2022-02-12 14:58:42,465] {dag.py:1832} INFO - Sync 1 DAGs
[2022-02-12 14:58:42,488] {logging_mixin.py:104} INFO - [2022-02-12 14:58:42,488] {dag.py:2305} INFO - Setting next_dagrun for example_short_circuit_operator to 2022-02-10 00:00:00+00:00
[2022-02-12 14:58:42,505] {scheduler_job.py:190} INFO - Processing /home/agalli/sandbox/lib/python3.6/site-packages/airflow/example_dags/example_short_circuit_operator.py took 0.100 seconds
[2022-02-12 14:59:13,254] {scheduler_job.py:182} INFO - Started process (PID=16889) to work on /home/agalli/sandbox/lib/python3.6/site-packages/airflow/example_dags/example_short_circuit_operator.py
[2022-02-12 14:59:13,256] {scheduler_job.py:633} INFO - Processing file /home/agalli/sandbox/lib/python3.6/site-packages/airflow/example_dags/example_short_circuit_operator.py for tasks to queue
[2022-02-12 14:59:13,257] {logging_mixin.py:104} INFO - [2022-02-12 14:59:13,257] {dagbag.py:487} INFO - Filling up the DagBag from /home/agalli/sandbox/lib/python3.6/site-packages/airflow/example_dags/example_short_circuit_operator.py
[2022-02-12 14:59:13,291] {scheduler_job.py:643} INFO - DAG(s) dict_keys(['example_short_circuit_operator']) retrieved from /home/agalli/sandbox/lib/python3.6/site-packages/airflow/example_dags/example_short_circuit_operator.py
[2022-02-12 14:59:13,378] {logging_mixin.py:104} INFO - [2022-02-12 14:59:13,378] {dag.py:1832} INFO - Sync 1 DAGs
[2022-02-12 14:59:13,403] {logging_mixin.py:104} INFO - [2022-02-12 14:59:13,403] {dag.py:2305} INFO - Setting next_dagrun for example_short_circuit_operator to 2022-02-10 00:00:00+00:00
[2022-02-12 14:59:13,421] {scheduler_job.py:190} INFO - Processing /home/agalli/sandbox/lib/python3.6/site-packages/airflow/example_dags/example_short_circuit_operator.py took 0.172 seconds
[2022-02-12 14:59:43,851] {scheduler_job.py:182} INFO - Started process (PID=16959) to work on /home/agalli/sandbox/lib/python3.6/site-packages/airflow/example_dags/example_short_circuit_operator.py
[2022-02-12 14:59:43,854] {scheduler_job.py:633} INFO - Processing file /home/agalli/sandbox/lib/python3.6/site-packages/airflow/example_dags/example_short_circuit_operator.py for tasks to queue
[2022-02-12 14:59:43,855] {logging_mixin.py:104} INFO - [2022-02-12 14:59:43,855] {dagbag.py:487} INFO - Filling up the DagBag from /home/agalli/sandbox/lib/python3.6/site-packages/airflow/example_dags/example_short_circuit_operator.py
[2022-02-12 14:59:43,881] {scheduler_job.py:643} INFO - DAG(s) dict_keys(['example_short_circuit_operator']) retrieved from /home/agalli/sandbox/lib/python3.6/site-packages/airflow/example_dags/example_short_circuit_operator.py
[2022-02-12 14:59:43,935] {logging_mixin.py:104} INFO - [2022-02-12 14:59:43,935] {dag.py:1832} INFO - Sync 1 DAGs
[2022-02-12 14:59:43,965] {logging_mixin.py:104} INFO - [2022-02-12 14:59:43,965] {dag.py:2305} INFO - Setting next_dagrun for example_short_circuit_operator to 2022-02-10 00:00:00+00:00
[2022-02-12 14:59:43,985] {scheduler_job.py:190} INFO - Processing /home/agalli/sandbox/lib/python3.6/site-packages/airflow/example_dags/example_short_circuit_operator.py took 0.142 seconds
[2022-02-12 15:00:15,430] {scheduler_job.py:182} INFO - Started process (PID=17030) to work on /home/agalli/sandbox/lib/python3.6/site-packages/airflow/example_dags/example_short_circuit_operator.py
[2022-02-12 15:00:15,435] {scheduler_job.py:633} INFO - Processing file /home/agalli/sandbox/lib/python3.6/site-packages/airflow/example_dags/example_short_circuit_operator.py for tasks to queue
[2022-02-12 15:00:15,438] {logging_mixin.py:104} INFO - [2022-02-12 15:00:15,437] {dagbag.py:487} INFO - Filling up the DagBag from /home/agalli/sandbox/lib/python3.6/site-packages/airflow/example_dags/example_short_circuit_operator.py
[2022-02-12 15:00:15,477] {scheduler_job.py:643} INFO - DAG(s) dict_keys(['example_short_circuit_operator']) retrieved from /home/agalli/sandbox/lib/python3.6/site-packages/airflow/example_dags/example_short_circuit_operator.py
[2022-02-12 15:00:15,562] {logging_mixin.py:104} INFO - [2022-02-12 15:00:15,562] {dag.py:1832} INFO - Sync 1 DAGs
[2022-02-12 15:00:15,591] {logging_mixin.py:104} INFO - [2022-02-12 15:00:15,591] {dag.py:2305} INFO - Setting next_dagrun for example_short_circuit_operator to 2022-02-10 00:00:00+00:00
[2022-02-12 15:00:15,609] {scheduler_job.py:190} INFO - Processing /home/agalli/sandbox/lib/python3.6/site-packages/airflow/example_dags/example_short_circuit_operator.py took 0.195 seconds
[2022-02-12 15:00:40,270] {scheduler_job.py:182} INFO - Started process (PID=17557) to work on /home/agalli/sandbox/lib/python3.6/site-packages/airflow/example_dags/example_short_circuit_operator.py
[2022-02-12 15:00:40,304] {scheduler_job.py:633} INFO - Processing file /home/agalli/sandbox/lib/python3.6/site-packages/airflow/example_dags/example_short_circuit_operator.py for tasks to queue
[2022-02-12 15:00:40,313] {logging_mixin.py:104} INFO - [2022-02-12 15:00:40,312] {dagbag.py:487} INFO - Filling up the DagBag from /home/agalli/sandbox/lib/python3.6/site-packages/airflow/example_dags/example_short_circuit_operator.py
[2022-02-12 15:00:40,395] {scheduler_job.py:643} INFO - DAG(s) dict_keys(['example_short_circuit_operator']) retrieved from /home/agalli/sandbox/lib/python3.6/site-packages/airflow/example_dags/example_short_circuit_operator.py
[2022-02-12 15:00:40,565] {logging_mixin.py:104} INFO - [2022-02-12 15:00:40,565] {dag.py:1832} INFO - Sync 1 DAGs
[2022-02-12 15:00:40,692] {logging_mixin.py:104} INFO - [2022-02-12 15:00:40,692] {dag.py:2305} INFO - Setting next_dagrun for example_short_circuit_operator to 2022-02-10 00:00:00+00:00
[2022-02-12 15:00:40,847] {scheduler_job.py:190} INFO - Processing /home/agalli/sandbox/lib/python3.6/site-packages/airflow/example_dags/example_short_circuit_operator.py took 0.588 seconds
[2022-02-12 15:01:11,201] {scheduler_job.py:182} INFO - Started process (PID=17918) to work on /home/agalli/sandbox/lib/python3.6/site-packages/airflow/example_dags/example_short_circuit_operator.py
[2022-02-12 15:01:11,203] {scheduler_job.py:633} INFO - Processing file /home/agalli/sandbox/lib/python3.6/site-packages/airflow/example_dags/example_short_circuit_operator.py for tasks to queue
[2022-02-12 15:01:11,204] {logging_mixin.py:104} INFO - [2022-02-12 15:01:11,204] {dagbag.py:487} INFO - Filling up the DagBag from /home/agalli/sandbox/lib/python3.6/site-packages/airflow/example_dags/example_short_circuit_operator.py
[2022-02-12 15:01:11,221] {scheduler_job.py:643} INFO - DAG(s) dict_keys(['example_short_circuit_operator']) retrieved from /home/agalli/sandbox/lib/python3.6/site-packages/airflow/example_dags/example_short_circuit_operator.py
[2022-02-12 15:01:11,249] {logging_mixin.py:104} INFO - [2022-02-12 15:01:11,249] {dag.py:1832} INFO - Sync 1 DAGs
[2022-02-12 15:01:11,266] {logging_mixin.py:104} INFO - [2022-02-12 15:01:11,266] {dag.py:2305} INFO - Setting next_dagrun for example_short_circuit_operator to 2022-02-10 00:00:00+00:00
[2022-02-12 15:01:11,277] {scheduler_job.py:190} INFO - Processing /home/agalli/sandbox/lib/python3.6/site-packages/airflow/example_dags/example_short_circuit_operator.py took 0.082 seconds
[2022-02-12 15:01:41,725] {scheduler_job.py:182} INFO - Started process (PID=18120) to work on /home/agalli/sandbox/lib/python3.6/site-packages/airflow/example_dags/example_short_circuit_operator.py
[2022-02-12 15:01:41,727] {scheduler_job.py:633} INFO - Processing file /home/agalli/sandbox/lib/python3.6/site-packages/airflow/example_dags/example_short_circuit_operator.py for tasks to queue
[2022-02-12 15:01:41,729] {logging_mixin.py:104} INFO - [2022-02-12 15:01:41,728] {dagbag.py:487} INFO - Filling up the DagBag from /home/agalli/sandbox/lib/python3.6/site-packages/airflow/example_dags/example_short_circuit_operator.py
[2022-02-12 15:01:41,756] {scheduler_job.py:643} INFO - DAG(s) dict_keys(['example_short_circuit_operator']) retrieved from /home/agalli/sandbox/lib/python3.6/site-packages/airflow/example_dags/example_short_circuit_operator.py
[2022-02-12 15:01:41,794] {logging_mixin.py:104} INFO - [2022-02-12 15:01:41,794] {dag.py:1832} INFO - Sync 1 DAGs
[2022-02-12 15:01:41,815] {logging_mixin.py:104} INFO - [2022-02-12 15:01:41,815] {dag.py:2305} INFO - Setting next_dagrun for example_short_circuit_operator to 2022-02-10 00:00:00+00:00
[2022-02-12 15:01:41,828] {scheduler_job.py:190} INFO - Processing /home/agalli/sandbox/lib/python3.6/site-packages/airflow/example_dags/example_short_circuit_operator.py took 0.109 seconds
[2022-02-12 15:02:12,484] {scheduler_job.py:182} INFO - Started process (PID=18412) to work on /home/agalli/sandbox/lib/python3.6/site-packages/airflow/example_dags/example_short_circuit_operator.py
[2022-02-12 15:02:12,486] {scheduler_job.py:633} INFO - Processing file /home/agalli/sandbox/lib/python3.6/site-packages/airflow/example_dags/example_short_circuit_operator.py for tasks to queue
[2022-02-12 15:02:12,487] {logging_mixin.py:104} INFO - [2022-02-12 15:02:12,487] {dagbag.py:487} INFO - Filling up the DagBag from /home/agalli/sandbox/lib/python3.6/site-packages/airflow/example_dags/example_short_circuit_operator.py
[2022-02-12 15:02:12,526] {scheduler_job.py:643} INFO - DAG(s) dict_keys(['example_short_circuit_operator']) retrieved from /home/agalli/sandbox/lib/python3.6/site-packages/airflow/example_dags/example_short_circuit_operator.py
[2022-02-12 15:02:12,583] {logging_mixin.py:104} INFO - [2022-02-12 15:02:12,583] {dag.py:1832} INFO - Sync 1 DAGs
[2022-02-12 15:02:12,620] {logging_mixin.py:104} INFO - [2022-02-12 15:02:12,620] {dag.py:2305} INFO - Setting next_dagrun for example_short_circuit_operator to 2022-02-10 00:00:00+00:00
[2022-02-12 15:02:12,653] {scheduler_job.py:190} INFO - Processing /home/agalli/sandbox/lib/python3.6/site-packages/airflow/example_dags/example_short_circuit_operator.py took 0.181 seconds
[2022-02-12 15:02:43,813] {scheduler_job.py:182} INFO - Started process (PID=18884) to work on /home/agalli/sandbox/lib/python3.6/site-packages/airflow/example_dags/example_short_circuit_operator.py
[2022-02-12 15:02:43,816] {scheduler_job.py:633} INFO - Processing file /home/agalli/sandbox/lib/python3.6/site-packages/airflow/example_dags/example_short_circuit_operator.py for tasks to queue
[2022-02-12 15:02:43,818] {logging_mixin.py:104} INFO - [2022-02-12 15:02:43,817] {dagbag.py:487} INFO - Filling up the DagBag from /home/agalli/sandbox/lib/python3.6/site-packages/airflow/example_dags/example_short_circuit_operator.py
[2022-02-12 15:02:43,872] {scheduler_job.py:643} INFO - DAG(s) dict_keys(['example_short_circuit_operator']) retrieved from /home/agalli/sandbox/lib/python3.6/site-packages/airflow/example_dags/example_short_circuit_operator.py
[2022-02-12 15:02:43,958] {logging_mixin.py:104} INFO - [2022-02-12 15:02:43,958] {dag.py:1832} INFO - Sync 1 DAGs
[2022-02-12 15:02:44,005] {logging_mixin.py:104} INFO - [2022-02-12 15:02:44,005] {dag.py:2305} INFO - Setting next_dagrun for example_short_circuit_operator to 2022-02-10 00:00:00+00:00
[2022-02-12 15:02:44,058] {scheduler_job.py:190} INFO - Processing /home/agalli/sandbox/lib/python3.6/site-packages/airflow/example_dags/example_short_circuit_operator.py took 0.255 seconds
[2022-02-12 15:03:15,933] {scheduler_job.py:182} INFO - Started process (PID=19266) to work on /home/agalli/sandbox/lib/python3.6/site-packages/airflow/example_dags/example_short_circuit_operator.py
[2022-02-12 15:03:15,936] {scheduler_job.py:633} INFO - Processing file /home/agalli/sandbox/lib/python3.6/site-packages/airflow/example_dags/example_short_circuit_operator.py for tasks to queue
[2022-02-12 15:03:15,938] {logging_mixin.py:104} INFO - [2022-02-12 15:03:15,937] {dagbag.py:487} INFO - Filling up the DagBag from /home/agalli/sandbox/lib/python3.6/site-packages/airflow/example_dags/example_short_circuit_operator.py
[2022-02-12 15:03:15,967] {scheduler_job.py:643} INFO - DAG(s) dict_keys(['example_short_circuit_operator']) retrieved from /home/agalli/sandbox/lib/python3.6/site-packages/airflow/example_dags/example_short_circuit_operator.py
[2022-02-12 15:03:16,018] {logging_mixin.py:104} INFO - [2022-02-12 15:03:16,018] {dag.py:1832} INFO - Sync 1 DAGs
[2022-02-12 15:03:16,047] {logging_mixin.py:104} INFO - [2022-02-12 15:03:16,047] {dag.py:2305} INFO - Setting next_dagrun for example_short_circuit_operator to 2022-02-10 00:00:00+00:00
[2022-02-12 15:03:16,068] {scheduler_job.py:190} INFO - Processing /home/agalli/sandbox/lib/python3.6/site-packages/airflow/example_dags/example_short_circuit_operator.py took 0.142 seconds
[2022-02-12 15:03:47,242] {scheduler_job.py:182} INFO - Started process (PID=19468) to work on /home/agalli/sandbox/lib/python3.6/site-packages/airflow/example_dags/example_short_circuit_operator.py
[2022-02-12 15:03:47,244] {scheduler_job.py:633} INFO - Processing file /home/agalli/sandbox/lib/python3.6/site-packages/airflow/example_dags/example_short_circuit_operator.py for tasks to queue
[2022-02-12 15:03:47,245] {logging_mixin.py:104} INFO - [2022-02-12 15:03:47,245] {dagbag.py:487} INFO - Filling up the DagBag from /home/agalli/sandbox/lib/python3.6/site-packages/airflow/example_dags/example_short_circuit_operator.py
[2022-02-12 15:03:47,298] {scheduler_job.py:643} INFO - DAG(s) dict_keys(['example_short_circuit_operator']) retrieved from /home/agalli/sandbox/lib/python3.6/site-packages/airflow/example_dags/example_short_circuit_operator.py
[2022-02-12 15:03:47,378] {logging_mixin.py:104} INFO - [2022-02-12 15:03:47,377] {dag.py:1832} INFO - Sync 1 DAGs
[2022-02-12 15:03:47,413] {logging_mixin.py:104} INFO - [2022-02-12 15:03:47,412] {dag.py:2305} INFO - Setting next_dagrun for example_short_circuit_operator to 2022-02-10 00:00:00+00:00
[2022-02-12 15:03:47,432] {scheduler_job.py:190} INFO - Processing /home/agalli/sandbox/lib/python3.6/site-packages/airflow/example_dags/example_short_circuit_operator.py took 0.201 seconds
[2022-02-12 15:04:17,809] {scheduler_job.py:182} INFO - Started process (PID=19670) to work on /home/agalli/sandbox/lib/python3.6/site-packages/airflow/example_dags/example_short_circuit_operator.py
[2022-02-12 15:04:17,811] {scheduler_job.py:633} INFO - Processing file /home/agalli/sandbox/lib/python3.6/site-packages/airflow/example_dags/example_short_circuit_operator.py for tasks to queue
[2022-02-12 15:04:17,812] {logging_mixin.py:104} INFO - [2022-02-12 15:04:17,812] {dagbag.py:487} INFO - Filling up the DagBag from /home/agalli/sandbox/lib/python3.6/site-packages/airflow/example_dags/example_short_circuit_operator.py
[2022-02-12 15:04:17,829] {scheduler_job.py:643} INFO - DAG(s) dict_keys(['example_short_circuit_operator']) retrieved from /home/agalli/sandbox/lib/python3.6/site-packages/airflow/example_dags/example_short_circuit_operator.py
[2022-02-12 15:04:17,859] {logging_mixin.py:104} INFO - [2022-02-12 15:04:17,859] {dag.py:1832} INFO - Sync 1 DAGs
[2022-02-12 15:04:17,882] {logging_mixin.py:104} INFO - [2022-02-12 15:04:17,882] {dag.py:2305} INFO - Setting next_dagrun for example_short_circuit_operator to 2022-02-10 00:00:00+00:00
[2022-02-12 15:04:17,897] {scheduler_job.py:190} INFO - Processing /home/agalli/sandbox/lib/python3.6/site-packages/airflow/example_dags/example_short_circuit_operator.py took 0.093 seconds
[2022-02-12 15:04:48,967] {scheduler_job.py:182} INFO - Started process (PID=19872) to work on /home/agalli/sandbox/lib/python3.6/site-packages/airflow/example_dags/example_short_circuit_operator.py
[2022-02-12 15:04:48,968] {scheduler_job.py:633} INFO - Processing file /home/agalli/sandbox/lib/python3.6/site-packages/airflow/example_dags/example_short_circuit_operator.py for tasks to queue
[2022-02-12 15:04:48,969] {logging_mixin.py:104} INFO - [2022-02-12 15:04:48,969] {dagbag.py:487} INFO - Filling up the DagBag from /home/agalli/sandbox/lib/python3.6/site-packages/airflow/example_dags/example_short_circuit_operator.py
[2022-02-12 15:04:49,000] {scheduler_job.py:643} INFO - DAG(s) dict_keys(['example_short_circuit_operator']) retrieved from /home/agalli/sandbox/lib/python3.6/site-packages/airflow/example_dags/example_short_circuit_operator.py
[2022-02-12 15:04:49,047] {logging_mixin.py:104} INFO - [2022-02-12 15:04:49,047] {dag.py:1832} INFO - Sync 1 DAGs
[2022-02-12 15:04:49,075] {logging_mixin.py:104} INFO - [2022-02-12 15:04:49,075] {dag.py:2305} INFO - Setting next_dagrun for example_short_circuit_operator to 2022-02-10 00:00:00+00:00
[2022-02-12 15:04:49,099] {scheduler_job.py:190} INFO - Processing /home/agalli/sandbox/lib/python3.6/site-packages/airflow/example_dags/example_short_circuit_operator.py took 0.143 seconds
[2022-02-12 15:05:19,494] {scheduler_job.py:182} INFO - Started process (PID=20073) to work on /home/agalli/sandbox/lib/python3.6/site-packages/airflow/example_dags/example_short_circuit_operator.py
[2022-02-12 15:05:19,495] {scheduler_job.py:633} INFO - Processing file /home/agalli/sandbox/lib/python3.6/site-packages/airflow/example_dags/example_short_circuit_operator.py for tasks to queue
[2022-02-12 15:05:19,496] {logging_mixin.py:104} INFO - [2022-02-12 15:05:19,496] {dagbag.py:487} INFO - Filling up the DagBag from /home/agalli/sandbox/lib/python3.6/site-packages/airflow/example_dags/example_short_circuit_operator.py
[2022-02-12 15:05:19,517] {scheduler_job.py:643} INFO - DAG(s) dict_keys(['example_short_circuit_operator']) retrieved from /home/agalli/sandbox/lib/python3.6/site-packages/airflow/example_dags/example_short_circuit_operator.py
[2022-02-12 15:05:19,577] {logging_mixin.py:104} INFO - [2022-02-12 15:05:19,577] {dag.py:1832} INFO - Sync 1 DAGs
[2022-02-12 15:05:19,614] {logging_mixin.py:104} INFO - [2022-02-12 15:05:19,614] {dag.py:2305} INFO - Setting next_dagrun for example_short_circuit_operator to 2022-02-10 00:00:00+00:00
[2022-02-12 15:05:19,633] {scheduler_job.py:190} INFO - Processing /home/agalli/sandbox/lib/python3.6/site-packages/airflow/example_dags/example_short_circuit_operator.py took 0.147 seconds
[2022-02-12 15:05:49,794] {scheduler_job.py:182} INFO - Started process (PID=20385) to work on /home/agalli/sandbox/lib/python3.6/site-packages/airflow/example_dags/example_short_circuit_operator.py
[2022-02-12 15:05:49,797] {scheduler_job.py:633} INFO - Processing file /home/agalli/sandbox/lib/python3.6/site-packages/airflow/example_dags/example_short_circuit_operator.py for tasks to queue
[2022-02-12 15:05:49,798] {logging_mixin.py:104} INFO - [2022-02-12 15:05:49,798] {dagbag.py:487} INFO - Filling up the DagBag from /home/agalli/sandbox/lib/python3.6/site-packages/airflow/example_dags/example_short_circuit_operator.py
[2022-02-12 15:05:49,826] {scheduler_job.py:643} INFO - DAG(s) dict_keys(['example_short_circuit_operator']) retrieved from /home/agalli/sandbox/lib/python3.6/site-packages/airflow/example_dags/example_short_circuit_operator.py
[2022-02-12 15:05:49,868] {logging_mixin.py:104} INFO - [2022-02-12 15:05:49,868] {dag.py:1832} INFO - Sync 1 DAGs
[2022-02-12 15:05:49,893] {logging_mixin.py:104} INFO - [2022-02-12 15:05:49,893] {dag.py:2305} INFO - Setting next_dagrun for example_short_circuit_operator to 2022-02-10 00:00:00+00:00
[2022-02-12 15:05:49,912] {scheduler_job.py:190} INFO - Processing /home/agalli/sandbox/lib/python3.6/site-packages/airflow/example_dags/example_short_circuit_operator.py took 0.131 seconds
[2022-02-12 15:06:20,690] {scheduler_job.py:182} INFO - Started process (PID=20589) to work on /home/agalli/sandbox/lib/python3.6/site-packages/airflow/example_dags/example_short_circuit_operator.py
[2022-02-12 15:06:20,692] {scheduler_job.py:633} INFO - Processing file /home/agalli/sandbox/lib/python3.6/site-packages/airflow/example_dags/example_short_circuit_operator.py for tasks to queue
[2022-02-12 15:06:20,693] {logging_mixin.py:104} INFO - [2022-02-12 15:06:20,693] {dagbag.py:487} INFO - Filling up the DagBag from /home/agalli/sandbox/lib/python3.6/site-packages/airflow/example_dags/example_short_circuit_operator.py
[2022-02-12 15:06:20,718] {scheduler_job.py:643} INFO - DAG(s) dict_keys(['example_short_circuit_operator']) retrieved from /home/agalli/sandbox/lib/python3.6/site-packages/airflow/example_dags/example_short_circuit_operator.py
[2022-02-12 15:06:20,761] {logging_mixin.py:104} INFO - [2022-02-12 15:06:20,761] {dag.py:1832} INFO - Sync 1 DAGs
[2022-02-12 15:06:20,790] {logging_mixin.py:104} INFO - [2022-02-12 15:06:20,790] {dag.py:2305} INFO - Setting next_dagrun for example_short_circuit_operator to 2022-02-10 00:00:00+00:00
[2022-02-12 15:06:20,810] {scheduler_job.py:190} INFO - Processing /home/agalli/sandbox/lib/python3.6/site-packages/airflow/example_dags/example_short_circuit_operator.py took 0.127 seconds
[2022-02-12 15:06:51,401] {scheduler_job.py:182} INFO - Started process (PID=20789) to work on /home/agalli/sandbox/lib/python3.6/site-packages/airflow/example_dags/example_short_circuit_operator.py
[2022-02-12 15:06:51,403] {scheduler_job.py:633} INFO - Processing file /home/agalli/sandbox/lib/python3.6/site-packages/airflow/example_dags/example_short_circuit_operator.py for tasks to queue
[2022-02-12 15:06:51,405] {logging_mixin.py:104} INFO - [2022-02-12 15:06:51,405] {dagbag.py:487} INFO - Filling up the DagBag from /home/agalli/sandbox/lib/python3.6/site-packages/airflow/example_dags/example_short_circuit_operator.py
[2022-02-12 15:06:51,432] {scheduler_job.py:643} INFO - DAG(s) dict_keys(['example_short_circuit_operator']) retrieved from /home/agalli/sandbox/lib/python3.6/site-packages/airflow/example_dags/example_short_circuit_operator.py
[2022-02-12 15:06:51,482] {logging_mixin.py:104} INFO - [2022-02-12 15:06:51,482] {dag.py:1832} INFO - Sync 1 DAGs
[2022-02-12 15:06:51,512] {logging_mixin.py:104} INFO - [2022-02-12 15:06:51,509] {dag.py:2305} INFO - Setting next_dagrun for example_short_circuit_operator to 2022-02-10 00:00:00+00:00
[2022-02-12 15:06:51,542] {scheduler_job.py:190} INFO - Processing /home/agalli/sandbox/lib/python3.6/site-packages/airflow/example_dags/example_short_circuit_operator.py took 0.152 seconds
[2022-02-12 15:07:22,424] {scheduler_job.py:182} INFO - Started process (PID=20993) to work on /home/agalli/sandbox/lib/python3.6/site-packages/airflow/example_dags/example_short_circuit_operator.py
[2022-02-12 15:07:22,427] {scheduler_job.py:633} INFO - Processing file /home/agalli/sandbox/lib/python3.6/site-packages/airflow/example_dags/example_short_circuit_operator.py for tasks to queue
[2022-02-12 15:07:22,429] {logging_mixin.py:104} INFO - [2022-02-12 15:07:22,429] {dagbag.py:487} INFO - Filling up the DagBag from /home/agalli/sandbox/lib/python3.6/site-packages/airflow/example_dags/example_short_circuit_operator.py
[2022-02-12 15:07:22,457] {scheduler_job.py:643} INFO - DAG(s) dict_keys(['example_short_circuit_operator']) retrieved from /home/agalli/sandbox/lib/python3.6/site-packages/airflow/example_dags/example_short_circuit_operator.py
[2022-02-12 15:07:22,520] {logging_mixin.py:104} INFO - [2022-02-12 15:07:22,520] {dag.py:1832} INFO - Sync 1 DAGs
[2022-02-12 15:07:22,558] {logging_mixin.py:104} INFO - [2022-02-12 15:07:22,558] {dag.py:2305} INFO - Setting next_dagrun for example_short_circuit_operator to 2022-02-10 00:00:00+00:00
[2022-02-12 15:07:22,579] {scheduler_job.py:190} INFO - Processing /home/agalli/sandbox/lib/python3.6/site-packages/airflow/example_dags/example_short_circuit_operator.py took 0.163 seconds
[2022-02-12 15:07:52,827] {scheduler_job.py:182} INFO - Started process (PID=21197) to work on /home/agalli/sandbox/lib/python3.6/site-packages/airflow/example_dags/example_short_circuit_operator.py
[2022-02-12 15:07:52,830] {scheduler_job.py:633} INFO - Processing file /home/agalli/sandbox/lib/python3.6/site-packages/airflow/example_dags/example_short_circuit_operator.py for tasks to queue
[2022-02-12 15:07:52,831] {logging_mixin.py:104} INFO - [2022-02-12 15:07:52,831] {dagbag.py:487} INFO - Filling up the DagBag from /home/agalli/sandbox/lib/python3.6/site-packages/airflow/example_dags/example_short_circuit_operator.py
[2022-02-12 15:07:52,867] {scheduler_job.py:643} INFO - DAG(s) dict_keys(['example_short_circuit_operator']) retrieved from /home/agalli/sandbox/lib/python3.6/site-packages/airflow/example_dags/example_short_circuit_operator.py
[2022-02-12 15:07:52,939] {logging_mixin.py:104} INFO - [2022-02-12 15:07:52,939] {dag.py:1832} INFO - Sync 1 DAGs
[2022-02-12 15:07:52,972] {logging_mixin.py:104} INFO - [2022-02-12 15:07:52,972] {dag.py:2305} INFO - Setting next_dagrun for example_short_circuit_operator to 2022-02-10 00:00:00+00:00
[2022-02-12 15:07:52,984] {scheduler_job.py:190} INFO - Processing /home/agalli/sandbox/lib/python3.6/site-packages/airflow/example_dags/example_short_circuit_operator.py took 0.162 seconds
[2022-02-12 15:08:23,585] {scheduler_job.py:182} INFO - Started process (PID=21400) to work on /home/agalli/sandbox/lib/python3.6/site-packages/airflow/example_dags/example_short_circuit_operator.py
[2022-02-12 15:08:23,587] {scheduler_job.py:633} INFO - Processing file /home/agalli/sandbox/lib/python3.6/site-packages/airflow/example_dags/example_short_circuit_operator.py for tasks to queue
[2022-02-12 15:08:23,589] {logging_mixin.py:104} INFO - [2022-02-12 15:08:23,588] {dagbag.py:487} INFO - Filling up the DagBag from /home/agalli/sandbox/lib/python3.6/site-packages/airflow/example_dags/example_short_circuit_operator.py
[2022-02-12 15:08:23,622] {scheduler_job.py:643} INFO - DAG(s) dict_keys(['example_short_circuit_operator']) retrieved from /home/agalli/sandbox/lib/python3.6/site-packages/airflow/example_dags/example_short_circuit_operator.py
[2022-02-12 15:08:23,678] {logging_mixin.py:104} INFO - [2022-02-12 15:08:23,678] {dag.py:1832} INFO - Sync 1 DAGs
[2022-02-12 15:08:23,710] {logging_mixin.py:104} INFO - [2022-02-12 15:08:23,710] {dag.py:2305} INFO - Setting next_dagrun for example_short_circuit_operator to 2022-02-10 00:00:00+00:00
[2022-02-12 15:08:23,734] {scheduler_job.py:190} INFO - Processing /home/agalli/sandbox/lib/python3.6/site-packages/airflow/example_dags/example_short_circuit_operator.py took 0.158 seconds
