[2022-02-12 13:57:22,116] {scheduler_job.py:182} INFO - Started process (PID=1586) to work on /home/agalli/sandbox/lib/python3.6/site-packages/airflow/example_dags/example_xcomargs.py
[2022-02-12 13:57:22,134] {scheduler_job.py:633} INFO - Processing file /home/agalli/sandbox/lib/python3.6/site-packages/airflow/example_dags/example_xcomargs.py for tasks to queue
[2022-02-12 13:57:22,136] {logging_mixin.py:104} INFO - [2022-02-12 13:57:22,136] {dagbag.py:487} INFO - Filling up the DagBag from /home/agalli/sandbox/lib/python3.6/site-packages/airflow/example_dags/example_xcomargs.py
[2022-02-12 13:57:22,302] {scheduler_job.py:643} INFO - DAG(s) dict_keys(['example_xcom_args', 'example_xcom_args_with_operators']) retrieved from /home/agalli/sandbox/lib/python3.6/site-packages/airflow/example_dags/example_xcomargs.py
[2022-02-12 13:57:25,203] {logging_mixin.py:104} INFO - [2022-02-12 13:57:25,203] {dag.py:1832} INFO - Sync 2 DAGs
[2022-02-12 13:57:25,272] {logging_mixin.py:104} INFO - [2022-02-12 13:57:25,272] {dag.py:2305} INFO - Setting next_dagrun for example_xcom_args to None
[2022-02-12 13:57:25,288] {logging_mixin.py:104} INFO - [2022-02-12 13:57:25,288] {dag.py:2305} INFO - Setting next_dagrun for example_xcom_args_with_operators to None
[2022-02-12 13:57:25,470] {scheduler_job.py:190} INFO - Processing /home/agalli/sandbox/lib/python3.6/site-packages/airflow/example_dags/example_xcomargs.py took 3.363 seconds
[2022-02-12 13:57:56,432] {scheduler_job.py:182} INFO - Started process (PID=2186) to work on /home/agalli/sandbox/lib/python3.6/site-packages/airflow/example_dags/example_xcomargs.py
[2022-02-12 13:57:56,434] {scheduler_job.py:633} INFO - Processing file /home/agalli/sandbox/lib/python3.6/site-packages/airflow/example_dags/example_xcomargs.py for tasks to queue
[2022-02-12 13:57:56,435] {logging_mixin.py:104} INFO - [2022-02-12 13:57:56,435] {dagbag.py:487} INFO - Filling up the DagBag from /home/agalli/sandbox/lib/python3.6/site-packages/airflow/example_dags/example_xcomargs.py
[2022-02-12 13:57:56,483] {scheduler_job.py:643} INFO - DAG(s) dict_keys(['example_xcom_args', 'example_xcom_args_with_operators']) retrieved from /home/agalli/sandbox/lib/python3.6/site-packages/airflow/example_dags/example_xcomargs.py
[2022-02-12 13:57:57,278] {logging_mixin.py:104} INFO - [2022-02-12 13:57:57,278] {dag.py:1832} INFO - Sync 2 DAGs
[2022-02-12 13:57:57,329] {logging_mixin.py:104} INFO - [2022-02-12 13:57:57,328] {dag.py:2305} INFO - Setting next_dagrun for example_xcom_args to None
[2022-02-12 13:57:57,331] {logging_mixin.py:104} INFO - [2022-02-12 13:57:57,330] {dag.py:2305} INFO - Setting next_dagrun for example_xcom_args_with_operators to None
[2022-02-12 13:57:57,381] {scheduler_job.py:190} INFO - Processing /home/agalli/sandbox/lib/python3.6/site-packages/airflow/example_dags/example_xcomargs.py took 0.956 seconds
[2022-02-12 13:58:28,137] {scheduler_job.py:182} INFO - Started process (PID=2388) to work on /home/agalli/sandbox/lib/python3.6/site-packages/airflow/example_dags/example_xcomargs.py
[2022-02-12 13:58:28,139] {scheduler_job.py:633} INFO - Processing file /home/agalli/sandbox/lib/python3.6/site-packages/airflow/example_dags/example_xcomargs.py for tasks to queue
[2022-02-12 13:58:28,140] {logging_mixin.py:104} INFO - [2022-02-12 13:58:28,140] {dagbag.py:487} INFO - Filling up the DagBag from /home/agalli/sandbox/lib/python3.6/site-packages/airflow/example_dags/example_xcomargs.py
[2022-02-12 13:58:28,187] {scheduler_job.py:643} INFO - DAG(s) dict_keys(['example_xcom_args', 'example_xcom_args_with_operators']) retrieved from /home/agalli/sandbox/lib/python3.6/site-packages/airflow/example_dags/example_xcomargs.py
[2022-02-12 13:58:28,808] {logging_mixin.py:104} INFO - [2022-02-12 13:58:28,807] {dag.py:1832} INFO - Sync 2 DAGs
[2022-02-12 13:58:28,839] {logging_mixin.py:104} INFO - [2022-02-12 13:58:28,838] {dag.py:2305} INFO - Setting next_dagrun for example_xcom_args to None
[2022-02-12 13:58:28,840] {logging_mixin.py:104} INFO - [2022-02-12 13:58:28,840] {dag.py:2305} INFO - Setting next_dagrun for example_xcom_args_with_operators to None
[2022-02-12 13:58:28,865] {scheduler_job.py:190} INFO - Processing /home/agalli/sandbox/lib/python3.6/site-packages/airflow/example_dags/example_xcomargs.py took 0.736 seconds
[2022-02-12 13:58:59,282] {scheduler_job.py:182} INFO - Started process (PID=2591) to work on /home/agalli/sandbox/lib/python3.6/site-packages/airflow/example_dags/example_xcomargs.py
[2022-02-12 13:58:59,283] {scheduler_job.py:633} INFO - Processing file /home/agalli/sandbox/lib/python3.6/site-packages/airflow/example_dags/example_xcomargs.py for tasks to queue
[2022-02-12 13:58:59,283] {logging_mixin.py:104} INFO - [2022-02-12 13:58:59,283] {dagbag.py:487} INFO - Filling up the DagBag from /home/agalli/sandbox/lib/python3.6/site-packages/airflow/example_dags/example_xcomargs.py
[2022-02-12 13:58:59,310] {scheduler_job.py:643} INFO - DAG(s) dict_keys(['example_xcom_args', 'example_xcom_args_with_operators']) retrieved from /home/agalli/sandbox/lib/python3.6/site-packages/airflow/example_dags/example_xcomargs.py
[2022-02-12 13:58:59,911] {logging_mixin.py:104} INFO - [2022-02-12 13:58:59,911] {dag.py:1832} INFO - Sync 2 DAGs
[2022-02-12 13:58:59,935] {logging_mixin.py:104} INFO - [2022-02-12 13:58:59,935] {dag.py:2305} INFO - Setting next_dagrun for example_xcom_args to None
[2022-02-12 13:58:59,937] {logging_mixin.py:104} INFO - [2022-02-12 13:58:59,936] {dag.py:2305} INFO - Setting next_dagrun for example_xcom_args_with_operators to None
[2022-02-12 13:58:59,962] {scheduler_job.py:190} INFO - Processing /home/agalli/sandbox/lib/python3.6/site-packages/airflow/example_dags/example_xcomargs.py took 0.685 seconds
[2022-02-12 13:59:30,593] {scheduler_job.py:182} INFO - Started process (PID=2793) to work on /home/agalli/sandbox/lib/python3.6/site-packages/airflow/example_dags/example_xcomargs.py
[2022-02-12 13:59:30,594] {scheduler_job.py:633} INFO - Processing file /home/agalli/sandbox/lib/python3.6/site-packages/airflow/example_dags/example_xcomargs.py for tasks to queue
[2022-02-12 13:59:30,595] {logging_mixin.py:104} INFO - [2022-02-12 13:59:30,595] {dagbag.py:487} INFO - Filling up the DagBag from /home/agalli/sandbox/lib/python3.6/site-packages/airflow/example_dags/example_xcomargs.py
[2022-02-12 13:59:30,618] {scheduler_job.py:643} INFO - DAG(s) dict_keys(['example_xcom_args', 'example_xcom_args_with_operators']) retrieved from /home/agalli/sandbox/lib/python3.6/site-packages/airflow/example_dags/example_xcomargs.py
[2022-02-12 13:59:30,913] {logging_mixin.py:104} INFO - [2022-02-12 13:59:30,913] {dag.py:1832} INFO - Sync 2 DAGs
[2022-02-12 13:59:30,935] {logging_mixin.py:104} INFO - [2022-02-12 13:59:30,935] {dag.py:2305} INFO - Setting next_dagrun for example_xcom_args to None
[2022-02-12 13:59:30,936] {logging_mixin.py:104} INFO - [2022-02-12 13:59:30,936] {dag.py:2305} INFO - Setting next_dagrun for example_xcom_args_with_operators to None
[2022-02-12 13:59:30,953] {scheduler_job.py:190} INFO - Processing /home/agalli/sandbox/lib/python3.6/site-packages/airflow/example_dags/example_xcomargs.py took 0.365 seconds
[2022-02-12 14:00:01,029] {scheduler_job.py:182} INFO - Started process (PID=3058) to work on /home/agalli/sandbox/lib/python3.6/site-packages/airflow/example_dags/example_xcomargs.py
[2022-02-12 14:00:01,034] {scheduler_job.py:633} INFO - Processing file /home/agalli/sandbox/lib/python3.6/site-packages/airflow/example_dags/example_xcomargs.py for tasks to queue
[2022-02-12 14:00:01,035] {logging_mixin.py:104} INFO - [2022-02-12 14:00:01,035] {dagbag.py:487} INFO - Filling up the DagBag from /home/agalli/sandbox/lib/python3.6/site-packages/airflow/example_dags/example_xcomargs.py
[2022-02-12 14:00:01,120] {scheduler_job.py:643} INFO - DAG(s) dict_keys(['example_xcom_args', 'example_xcom_args_with_operators']) retrieved from /home/agalli/sandbox/lib/python3.6/site-packages/airflow/example_dags/example_xcomargs.py
[2022-02-12 14:00:02,786] {logging_mixin.py:104} INFO - [2022-02-12 14:00:02,785] {dag.py:1832} INFO - Sync 2 DAGs
[2022-02-12 14:00:02,826] {logging_mixin.py:104} INFO - [2022-02-12 14:00:02,825] {dag.py:2305} INFO - Setting next_dagrun for example_xcom_args to None
[2022-02-12 14:00:02,827] {logging_mixin.py:104} INFO - [2022-02-12 14:00:02,827] {dag.py:2305} INFO - Setting next_dagrun for example_xcom_args_with_operators to None
[2022-02-12 14:00:02,860] {scheduler_job.py:190} INFO - Processing /home/agalli/sandbox/lib/python3.6/site-packages/airflow/example_dags/example_xcomargs.py took 1.840 seconds
[2022-02-12 14:00:33,131] {scheduler_job.py:182} INFO - Started process (PID=3410) to work on /home/agalli/sandbox/lib/python3.6/site-packages/airflow/example_dags/example_xcomargs.py
[2022-02-12 14:00:33,132] {scheduler_job.py:633} INFO - Processing file /home/agalli/sandbox/lib/python3.6/site-packages/airflow/example_dags/example_xcomargs.py for tasks to queue
[2022-02-12 14:00:33,133] {logging_mixin.py:104} INFO - [2022-02-12 14:00:33,133] {dagbag.py:487} INFO - Filling up the DagBag from /home/agalli/sandbox/lib/python3.6/site-packages/airflow/example_dags/example_xcomargs.py
[2022-02-12 14:00:33,187] {scheduler_job.py:643} INFO - DAG(s) dict_keys(['example_xcom_args', 'example_xcom_args_with_operators']) retrieved from /home/agalli/sandbox/lib/python3.6/site-packages/airflow/example_dags/example_xcomargs.py
[2022-02-12 14:00:33,237] {logging_mixin.py:104} INFO - [2022-02-12 14:00:33,237] {dag.py:1832} INFO - Sync 2 DAGs
[2022-02-12 14:00:33,276] {logging_mixin.py:104} INFO - [2022-02-12 14:00:33,275] {dag.py:2305} INFO - Setting next_dagrun for example_xcom_args to None
[2022-02-12 14:00:33,278] {logging_mixin.py:104} INFO - [2022-02-12 14:00:33,278] {dag.py:2305} INFO - Setting next_dagrun for example_xcom_args_with_operators to None
[2022-02-12 14:00:33,302] {scheduler_job.py:190} INFO - Processing /home/agalli/sandbox/lib/python3.6/site-packages/airflow/example_dags/example_xcomargs.py took 0.175 seconds
[2022-02-12 14:01:03,710] {scheduler_job.py:182} INFO - Started process (PID=3903) to work on /home/agalli/sandbox/lib/python3.6/site-packages/airflow/example_dags/example_xcomargs.py
[2022-02-12 14:01:03,735] {scheduler_job.py:633} INFO - Processing file /home/agalli/sandbox/lib/python3.6/site-packages/airflow/example_dags/example_xcomargs.py for tasks to queue
[2022-02-12 14:01:03,736] {logging_mixin.py:104} INFO - [2022-02-12 14:01:03,736] {dagbag.py:487} INFO - Filling up the DagBag from /home/agalli/sandbox/lib/python3.6/site-packages/airflow/example_dags/example_xcomargs.py
[2022-02-12 14:01:03,856] {scheduler_job.py:643} INFO - DAG(s) dict_keys(['example_xcom_args', 'example_xcom_args_with_operators']) retrieved from /home/agalli/sandbox/lib/python3.6/site-packages/airflow/example_dags/example_xcomargs.py
[2022-02-12 14:01:05,798] {logging_mixin.py:104} INFO - [2022-02-12 14:01:05,798] {dag.py:1832} INFO - Sync 2 DAGs
[2022-02-12 14:01:05,916] {logging_mixin.py:104} INFO - [2022-02-12 14:01:05,916] {dag.py:2305} INFO - Setting next_dagrun for example_xcom_args to None
[2022-02-12 14:01:05,919] {logging_mixin.py:104} INFO - [2022-02-12 14:01:05,918] {dag.py:2305} INFO - Setting next_dagrun for example_xcom_args_with_operators to None
[2022-02-12 14:01:06,039] {scheduler_job.py:190} INFO - Processing /home/agalli/sandbox/lib/python3.6/site-packages/airflow/example_dags/example_xcomargs.py took 2.345 seconds
[2022-02-12 14:01:36,202] {scheduler_job.py:182} INFO - Started process (PID=5304) to work on /home/agalli/sandbox/lib/python3.6/site-packages/airflow/example_dags/example_xcomargs.py
[2022-02-12 14:01:36,208] {scheduler_job.py:633} INFO - Processing file /home/agalli/sandbox/lib/python3.6/site-packages/airflow/example_dags/example_xcomargs.py for tasks to queue
[2022-02-12 14:01:36,209] {logging_mixin.py:104} INFO - [2022-02-12 14:01:36,209] {dagbag.py:487} INFO - Filling up the DagBag from /home/agalli/sandbox/lib/python3.6/site-packages/airflow/example_dags/example_xcomargs.py
[2022-02-12 14:01:36,268] {scheduler_job.py:643} INFO - DAG(s) dict_keys(['example_xcom_args', 'example_xcom_args_with_operators']) retrieved from /home/agalli/sandbox/lib/python3.6/site-packages/airflow/example_dags/example_xcomargs.py
[2022-02-12 14:01:36,759] {logging_mixin.py:104} INFO - [2022-02-12 14:01:36,759] {dag.py:1832} INFO - Sync 2 DAGs
[2022-02-12 14:01:36,788] {logging_mixin.py:104} INFO - [2022-02-12 14:01:36,787] {dag.py:2305} INFO - Setting next_dagrun for example_xcom_args to None
[2022-02-12 14:01:36,789] {logging_mixin.py:104} INFO - [2022-02-12 14:01:36,789] {dag.py:2305} INFO - Setting next_dagrun for example_xcom_args_with_operators to None
[2022-02-12 14:01:36,811] {scheduler_job.py:190} INFO - Processing /home/agalli/sandbox/lib/python3.6/site-packages/airflow/example_dags/example_xcomargs.py took 0.614 seconds
[2022-02-12 14:02:07,060] {scheduler_job.py:182} INFO - Started process (PID=5536) to work on /home/agalli/sandbox/lib/python3.6/site-packages/airflow/example_dags/example_xcomargs.py
[2022-02-12 14:02:07,061] {scheduler_job.py:633} INFO - Processing file /home/agalli/sandbox/lib/python3.6/site-packages/airflow/example_dags/example_xcomargs.py for tasks to queue
[2022-02-12 14:02:07,062] {logging_mixin.py:104} INFO - [2022-02-12 14:02:07,061] {dagbag.py:487} INFO - Filling up the DagBag from /home/agalli/sandbox/lib/python3.6/site-packages/airflow/example_dags/example_xcomargs.py
[2022-02-12 14:02:07,091] {scheduler_job.py:643} INFO - DAG(s) dict_keys(['example_xcom_args', 'example_xcom_args_with_operators']) retrieved from /home/agalli/sandbox/lib/python3.6/site-packages/airflow/example_dags/example_xcomargs.py
[2022-02-12 14:02:07,523] {logging_mixin.py:104} INFO - [2022-02-12 14:02:07,523] {dag.py:1832} INFO - Sync 2 DAGs
[2022-02-12 14:02:07,542] {logging_mixin.py:104} INFO - [2022-02-12 14:02:07,542] {dag.py:2305} INFO - Setting next_dagrun for example_xcom_args to None
[2022-02-12 14:02:07,543] {logging_mixin.py:104} INFO - [2022-02-12 14:02:07,543] {dag.py:2305} INFO - Setting next_dagrun for example_xcom_args_with_operators to None
[2022-02-12 14:02:07,562] {scheduler_job.py:190} INFO - Processing /home/agalli/sandbox/lib/python3.6/site-packages/airflow/example_dags/example_xcomargs.py took 0.507 seconds
[2022-02-12 14:02:37,611] {scheduler_job.py:182} INFO - Started process (PID=5858) to work on /home/agalli/sandbox/lib/python3.6/site-packages/airflow/example_dags/example_xcomargs.py
[2022-02-12 14:02:37,614] {scheduler_job.py:633} INFO - Processing file /home/agalli/sandbox/lib/python3.6/site-packages/airflow/example_dags/example_xcomargs.py for tasks to queue
[2022-02-12 14:02:37,615] {logging_mixin.py:104} INFO - [2022-02-12 14:02:37,615] {dagbag.py:487} INFO - Filling up the DagBag from /home/agalli/sandbox/lib/python3.6/site-packages/airflow/example_dags/example_xcomargs.py
[2022-02-12 14:02:37,660] {scheduler_job.py:643} INFO - DAG(s) dict_keys(['example_xcom_args', 'example_xcom_args_with_operators']) retrieved from /home/agalli/sandbox/lib/python3.6/site-packages/airflow/example_dags/example_xcomargs.py
[2022-02-12 14:02:38,101] {logging_mixin.py:104} INFO - [2022-02-12 14:02:38,101] {dag.py:1832} INFO - Sync 2 DAGs
[2022-02-12 14:02:38,122] {logging_mixin.py:104} INFO - [2022-02-12 14:02:38,122] {dag.py:2305} INFO - Setting next_dagrun for example_xcom_args to None
[2022-02-12 14:02:38,123] {logging_mixin.py:104} INFO - [2022-02-12 14:02:38,123] {dag.py:2305} INFO - Setting next_dagrun for example_xcom_args_with_operators to None
[2022-02-12 14:02:38,142] {scheduler_job.py:190} INFO - Processing /home/agalli/sandbox/lib/python3.6/site-packages/airflow/example_dags/example_xcomargs.py took 0.536 seconds
[2022-02-12 14:03:08,569] {scheduler_job.py:182} INFO - Started process (PID=6069) to work on /home/agalli/sandbox/lib/python3.6/site-packages/airflow/example_dags/example_xcomargs.py
[2022-02-12 14:03:08,576] {scheduler_job.py:633} INFO - Processing file /home/agalli/sandbox/lib/python3.6/site-packages/airflow/example_dags/example_xcomargs.py for tasks to queue
[2022-02-12 14:03:08,578] {logging_mixin.py:104} INFO - [2022-02-12 14:03:08,578] {dagbag.py:487} INFO - Filling up the DagBag from /home/agalli/sandbox/lib/python3.6/site-packages/airflow/example_dags/example_xcomargs.py
[2022-02-12 14:03:08,613] {scheduler_job.py:643} INFO - DAG(s) dict_keys(['example_xcom_args', 'example_xcom_args_with_operators']) retrieved from /home/agalli/sandbox/lib/python3.6/site-packages/airflow/example_dags/example_xcomargs.py
[2022-02-12 14:03:09,148] {logging_mixin.py:104} INFO - [2022-02-12 14:03:09,147] {dag.py:1832} INFO - Sync 2 DAGs
[2022-02-12 14:03:09,174] {logging_mixin.py:104} INFO - [2022-02-12 14:03:09,174] {dag.py:2305} INFO - Setting next_dagrun for example_xcom_args to None
[2022-02-12 14:03:09,175] {logging_mixin.py:104} INFO - [2022-02-12 14:03:09,175] {dag.py:2305} INFO - Setting next_dagrun for example_xcom_args_with_operators to None
[2022-02-12 14:03:09,198] {scheduler_job.py:190} INFO - Processing /home/agalli/sandbox/lib/python3.6/site-packages/airflow/example_dags/example_xcomargs.py took 0.636 seconds
[2022-02-12 14:20:17,687] {scheduler_job.py:182} INFO - Started process (PID=7028) to work on /home/agalli/sandbox/lib/python3.6/site-packages/airflow/example_dags/example_xcomargs.py
[2022-02-12 14:20:17,690] {scheduler_job.py:633} INFO - Processing file /home/agalli/sandbox/lib/python3.6/site-packages/airflow/example_dags/example_xcomargs.py for tasks to queue
[2022-02-12 14:20:17,698] {logging_mixin.py:104} INFO - [2022-02-12 14:20:17,698] {dagbag.py:487} INFO - Filling up the DagBag from /home/agalli/sandbox/lib/python3.6/site-packages/airflow/example_dags/example_xcomargs.py
[2022-02-12 14:20:17,764] {scheduler_job.py:643} INFO - DAG(s) dict_keys(['example_xcom_args', 'example_xcom_args_with_operators']) retrieved from /home/agalli/sandbox/lib/python3.6/site-packages/airflow/example_dags/example_xcomargs.py
[2022-02-12 14:20:18,545] {logging_mixin.py:104} INFO - [2022-02-12 14:20:18,545] {dag.py:1832} INFO - Sync 2 DAGs
[2022-02-12 14:20:18,597] {logging_mixin.py:104} INFO - [2022-02-12 14:20:18,597] {dag.py:2305} INFO - Setting next_dagrun for example_xcom_args to None
[2022-02-12 14:20:18,598] {logging_mixin.py:104} INFO - [2022-02-12 14:20:18,598] {dag.py:2305} INFO - Setting next_dagrun for example_xcom_args_with_operators to None
[2022-02-12 14:20:18,650] {scheduler_job.py:190} INFO - Processing /home/agalli/sandbox/lib/python3.6/site-packages/airflow/example_dags/example_xcomargs.py took 0.969 seconds
[2022-02-12 14:20:49,105] {scheduler_job.py:182} INFO - Started process (PID=7232) to work on /home/agalli/sandbox/lib/python3.6/site-packages/airflow/example_dags/example_xcomargs.py
[2022-02-12 14:20:49,106] {scheduler_job.py:633} INFO - Processing file /home/agalli/sandbox/lib/python3.6/site-packages/airflow/example_dags/example_xcomargs.py for tasks to queue
[2022-02-12 14:20:49,107] {logging_mixin.py:104} INFO - [2022-02-12 14:20:49,107] {dagbag.py:487} INFO - Filling up the DagBag from /home/agalli/sandbox/lib/python3.6/site-packages/airflow/example_dags/example_xcomargs.py
[2022-02-12 14:20:49,139] {scheduler_job.py:643} INFO - DAG(s) dict_keys(['example_xcom_args', 'example_xcom_args_with_operators']) retrieved from /home/agalli/sandbox/lib/python3.6/site-packages/airflow/example_dags/example_xcomargs.py
[2022-02-12 14:20:49,473] {logging_mixin.py:104} INFO - [2022-02-12 14:20:49,472] {dag.py:1832} INFO - Sync 2 DAGs
[2022-02-12 14:20:49,496] {logging_mixin.py:104} INFO - [2022-02-12 14:20:49,496] {dag.py:2305} INFO - Setting next_dagrun for example_xcom_args to None
[2022-02-12 14:20:49,497] {logging_mixin.py:104} INFO - [2022-02-12 14:20:49,497] {dag.py:2305} INFO - Setting next_dagrun for example_xcom_args_with_operators to None
[2022-02-12 14:20:49,512] {scheduler_job.py:190} INFO - Processing /home/agalli/sandbox/lib/python3.6/site-packages/airflow/example_dags/example_xcomargs.py took 0.413 seconds
[2022-02-12 14:21:19,649] {scheduler_job.py:182} INFO - Started process (PID=7431) to work on /home/agalli/sandbox/lib/python3.6/site-packages/airflow/example_dags/example_xcomargs.py
[2022-02-12 14:21:19,651] {scheduler_job.py:633} INFO - Processing file /home/agalli/sandbox/lib/python3.6/site-packages/airflow/example_dags/example_xcomargs.py for tasks to queue
[2022-02-12 14:21:19,652] {logging_mixin.py:104} INFO - [2022-02-12 14:21:19,652] {dagbag.py:487} INFO - Filling up the DagBag from /home/agalli/sandbox/lib/python3.6/site-packages/airflow/example_dags/example_xcomargs.py
[2022-02-12 14:21:19,678] {scheduler_job.py:643} INFO - DAG(s) dict_keys(['example_xcom_args', 'example_xcom_args_with_operators']) retrieved from /home/agalli/sandbox/lib/python3.6/site-packages/airflow/example_dags/example_xcomargs.py
[2022-02-12 14:21:20,021] {logging_mixin.py:104} INFO - [2022-02-12 14:21:20,020] {dag.py:1832} INFO - Sync 2 DAGs
[2022-02-12 14:21:20,080] {logging_mixin.py:104} INFO - [2022-02-12 14:21:20,080] {dag.py:2305} INFO - Setting next_dagrun for example_xcom_args to None
[2022-02-12 14:21:20,082] {logging_mixin.py:104} INFO - [2022-02-12 14:21:20,082] {dag.py:2305} INFO - Setting next_dagrun for example_xcom_args_with_operators to None
[2022-02-12 14:21:20,131] {scheduler_job.py:190} INFO - Processing /home/agalli/sandbox/lib/python3.6/site-packages/airflow/example_dags/example_xcomargs.py took 0.486 seconds
[2022-02-12 14:21:50,754] {scheduler_job.py:182} INFO - Started process (PID=7633) to work on /home/agalli/sandbox/lib/python3.6/site-packages/airflow/example_dags/example_xcomargs.py
[2022-02-12 14:21:50,755] {scheduler_job.py:633} INFO - Processing file /home/agalli/sandbox/lib/python3.6/site-packages/airflow/example_dags/example_xcomargs.py for tasks to queue
[2022-02-12 14:21:50,755] {logging_mixin.py:104} INFO - [2022-02-12 14:21:50,755] {dagbag.py:487} INFO - Filling up the DagBag from /home/agalli/sandbox/lib/python3.6/site-packages/airflow/example_dags/example_xcomargs.py
[2022-02-12 14:21:50,785] {scheduler_job.py:643} INFO - DAG(s) dict_keys(['example_xcom_args', 'example_xcom_args_with_operators']) retrieved from /home/agalli/sandbox/lib/python3.6/site-packages/airflow/example_dags/example_xcomargs.py
[2022-02-12 14:21:51,104] {logging_mixin.py:104} INFO - [2022-02-12 14:21:51,104] {dag.py:1832} INFO - Sync 2 DAGs
[2022-02-12 14:21:51,121] {logging_mixin.py:104} INFO - [2022-02-12 14:21:51,121] {dag.py:2305} INFO - Setting next_dagrun for example_xcom_args to None
[2022-02-12 14:21:51,122] {logging_mixin.py:104} INFO - [2022-02-12 14:21:51,122] {dag.py:2305} INFO - Setting next_dagrun for example_xcom_args_with_operators to None
[2022-02-12 14:21:51,138] {scheduler_job.py:190} INFO - Processing /home/agalli/sandbox/lib/python3.6/site-packages/airflow/example_dags/example_xcomargs.py took 0.389 seconds
[2022-02-12 14:22:21,480] {scheduler_job.py:182} INFO - Started process (PID=7835) to work on /home/agalli/sandbox/lib/python3.6/site-packages/airflow/example_dags/example_xcomargs.py
[2022-02-12 14:22:21,493] {scheduler_job.py:633} INFO - Processing file /home/agalli/sandbox/lib/python3.6/site-packages/airflow/example_dags/example_xcomargs.py for tasks to queue
[2022-02-12 14:22:21,496] {logging_mixin.py:104} INFO - [2022-02-12 14:22:21,496] {dagbag.py:487} INFO - Filling up the DagBag from /home/agalli/sandbox/lib/python3.6/site-packages/airflow/example_dags/example_xcomargs.py
[2022-02-12 14:22:21,556] {scheduler_job.py:643} INFO - DAG(s) dict_keys(['example_xcom_args', 'example_xcom_args_with_operators']) retrieved from /home/agalli/sandbox/lib/python3.6/site-packages/airflow/example_dags/example_xcomargs.py
[2022-02-12 14:22:22,092] {logging_mixin.py:104} INFO - [2022-02-12 14:22:22,092] {dag.py:1832} INFO - Sync 2 DAGs
[2022-02-12 14:22:22,110] {logging_mixin.py:104} INFO - [2022-02-12 14:22:22,109] {dag.py:2305} INFO - Setting next_dagrun for example_xcom_args to None
[2022-02-12 14:22:22,110] {logging_mixin.py:104} INFO - [2022-02-12 14:22:22,110] {dag.py:2305} INFO - Setting next_dagrun for example_xcom_args_with_operators to None
[2022-02-12 14:22:22,127] {scheduler_job.py:190} INFO - Processing /home/agalli/sandbox/lib/python3.6/site-packages/airflow/example_dags/example_xcomargs.py took 0.654 seconds
[2022-02-12 14:22:52,731] {scheduler_job.py:182} INFO - Started process (PID=8037) to work on /home/agalli/sandbox/lib/python3.6/site-packages/airflow/example_dags/example_xcomargs.py
[2022-02-12 14:22:52,732] {scheduler_job.py:633} INFO - Processing file /home/agalli/sandbox/lib/python3.6/site-packages/airflow/example_dags/example_xcomargs.py for tasks to queue
[2022-02-12 14:22:52,733] {logging_mixin.py:104} INFO - [2022-02-12 14:22:52,733] {dagbag.py:487} INFO - Filling up the DagBag from /home/agalli/sandbox/lib/python3.6/site-packages/airflow/example_dags/example_xcomargs.py
[2022-02-12 14:22:52,759] {scheduler_job.py:643} INFO - DAG(s) dict_keys(['example_xcom_args', 'example_xcom_args_with_operators']) retrieved from /home/agalli/sandbox/lib/python3.6/site-packages/airflow/example_dags/example_xcomargs.py
[2022-02-12 14:22:53,110] {logging_mixin.py:104} INFO - [2022-02-12 14:22:53,110] {dag.py:1832} INFO - Sync 2 DAGs
[2022-02-12 14:22:53,127] {logging_mixin.py:104} INFO - [2022-02-12 14:22:53,127] {dag.py:2305} INFO - Setting next_dagrun for example_xcom_args to None
[2022-02-12 14:22:53,128] {logging_mixin.py:104} INFO - [2022-02-12 14:22:53,128] {dag.py:2305} INFO - Setting next_dagrun for example_xcom_args_with_operators to None
[2022-02-12 14:22:53,154] {scheduler_job.py:190} INFO - Processing /home/agalli/sandbox/lib/python3.6/site-packages/airflow/example_dags/example_xcomargs.py took 0.426 seconds
[2022-02-12 14:23:23,772] {scheduler_job.py:182} INFO - Started process (PID=8242) to work on /home/agalli/sandbox/lib/python3.6/site-packages/airflow/example_dags/example_xcomargs.py
[2022-02-12 14:23:23,774] {scheduler_job.py:633} INFO - Processing file /home/agalli/sandbox/lib/python3.6/site-packages/airflow/example_dags/example_xcomargs.py for tasks to queue
[2022-02-12 14:23:23,776] {logging_mixin.py:104} INFO - [2022-02-12 14:23:23,776] {dagbag.py:487} INFO - Filling up the DagBag from /home/agalli/sandbox/lib/python3.6/site-packages/airflow/example_dags/example_xcomargs.py
[2022-02-12 14:23:23,834] {scheduler_job.py:643} INFO - DAG(s) dict_keys(['example_xcom_args', 'example_xcom_args_with_operators']) retrieved from /home/agalli/sandbox/lib/python3.6/site-packages/airflow/example_dags/example_xcomargs.py
[2022-02-12 14:23:24,315] {logging_mixin.py:104} INFO - [2022-02-12 14:23:24,314] {dag.py:1832} INFO - Sync 2 DAGs
[2022-02-12 14:23:24,342] {logging_mixin.py:104} INFO - [2022-02-12 14:23:24,342] {dag.py:2305} INFO - Setting next_dagrun for example_xcom_args to None
[2022-02-12 14:23:24,343] {logging_mixin.py:104} INFO - [2022-02-12 14:23:24,343] {dag.py:2305} INFO - Setting next_dagrun for example_xcom_args_with_operators to None
[2022-02-12 14:23:24,363] {scheduler_job.py:190} INFO - Processing /home/agalli/sandbox/lib/python3.6/site-packages/airflow/example_dags/example_xcomargs.py took 0.600 seconds
[2022-02-12 14:23:54,517] {scheduler_job.py:182} INFO - Started process (PID=8441) to work on /home/agalli/sandbox/lib/python3.6/site-packages/airflow/example_dags/example_xcomargs.py
[2022-02-12 14:23:54,520] {scheduler_job.py:633} INFO - Processing file /home/agalli/sandbox/lib/python3.6/site-packages/airflow/example_dags/example_xcomargs.py for tasks to queue
[2022-02-12 14:23:54,520] {logging_mixin.py:104} INFO - [2022-02-12 14:23:54,520] {dagbag.py:487} INFO - Filling up the DagBag from /home/agalli/sandbox/lib/python3.6/site-packages/airflow/example_dags/example_xcomargs.py
[2022-02-12 14:23:54,545] {scheduler_job.py:643} INFO - DAG(s) dict_keys(['example_xcom_args', 'example_xcom_args_with_operators']) retrieved from /home/agalli/sandbox/lib/python3.6/site-packages/airflow/example_dags/example_xcomargs.py
[2022-02-12 14:23:54,859] {logging_mixin.py:104} INFO - [2022-02-12 14:23:54,859] {dag.py:1832} INFO - Sync 2 DAGs
[2022-02-12 14:23:54,882] {logging_mixin.py:104} INFO - [2022-02-12 14:23:54,882] {dag.py:2305} INFO - Setting next_dagrun for example_xcom_args to None
[2022-02-12 14:23:54,883] {logging_mixin.py:104} INFO - [2022-02-12 14:23:54,883] {dag.py:2305} INFO - Setting next_dagrun for example_xcom_args_with_operators to None
[2022-02-12 14:23:54,899] {scheduler_job.py:190} INFO - Processing /home/agalli/sandbox/lib/python3.6/site-packages/airflow/example_dags/example_xcomargs.py took 0.388 seconds
[2022-02-12 14:24:25,502] {scheduler_job.py:182} INFO - Started process (PID=8644) to work on /home/agalli/sandbox/lib/python3.6/site-packages/airflow/example_dags/example_xcomargs.py
[2022-02-12 14:24:25,516] {scheduler_job.py:633} INFO - Processing file /home/agalli/sandbox/lib/python3.6/site-packages/airflow/example_dags/example_xcomargs.py for tasks to queue
[2022-02-12 14:24:25,517] {logging_mixin.py:104} INFO - [2022-02-12 14:24:25,517] {dagbag.py:487} INFO - Filling up the DagBag from /home/agalli/sandbox/lib/python3.6/site-packages/airflow/example_dags/example_xcomargs.py
[2022-02-12 14:24:25,600] {scheduler_job.py:643} INFO - DAG(s) dict_keys(['example_xcom_args', 'example_xcom_args_with_operators']) retrieved from /home/agalli/sandbox/lib/python3.6/site-packages/airflow/example_dags/example_xcomargs.py
[2022-02-12 14:24:26,637] {logging_mixin.py:104} INFO - [2022-02-12 14:24:26,637] {dag.py:1832} INFO - Sync 2 DAGs
[2022-02-12 14:24:26,676] {logging_mixin.py:104} INFO - [2022-02-12 14:24:26,676] {dag.py:2305} INFO - Setting next_dagrun for example_xcom_args to None
[2022-02-12 14:24:26,679] {logging_mixin.py:104} INFO - [2022-02-12 14:24:26,679] {dag.py:2305} INFO - Setting next_dagrun for example_xcom_args_with_operators to None
[2022-02-12 14:24:26,717] {scheduler_job.py:190} INFO - Processing /home/agalli/sandbox/lib/python3.6/site-packages/airflow/example_dags/example_xcomargs.py took 1.225 seconds
[2022-02-12 14:24:56,883] {scheduler_job.py:182} INFO - Started process (PID=8842) to work on /home/agalli/sandbox/lib/python3.6/site-packages/airflow/example_dags/example_xcomargs.py
[2022-02-12 14:24:56,884] {scheduler_job.py:633} INFO - Processing file /home/agalli/sandbox/lib/python3.6/site-packages/airflow/example_dags/example_xcomargs.py for tasks to queue
[2022-02-12 14:24:56,885] {logging_mixin.py:104} INFO - [2022-02-12 14:24:56,885] {dagbag.py:487} INFO - Filling up the DagBag from /home/agalli/sandbox/lib/python3.6/site-packages/airflow/example_dags/example_xcomargs.py
[2022-02-12 14:24:56,947] {scheduler_job.py:643} INFO - DAG(s) dict_keys(['example_xcom_args', 'example_xcom_args_with_operators']) retrieved from /home/agalli/sandbox/lib/python3.6/site-packages/airflow/example_dags/example_xcomargs.py
[2022-02-12 14:24:57,470] {logging_mixin.py:104} INFO - [2022-02-12 14:24:57,470] {dag.py:1832} INFO - Sync 2 DAGs
[2022-02-12 14:24:57,501] {logging_mixin.py:104} INFO - [2022-02-12 14:24:57,500] {dag.py:2305} INFO - Setting next_dagrun for example_xcom_args to None
[2022-02-12 14:24:57,502] {logging_mixin.py:104} INFO - [2022-02-12 14:24:57,502] {dag.py:2305} INFO - Setting next_dagrun for example_xcom_args_with_operators to None
[2022-02-12 14:24:58,067] {scheduler_job.py:190} INFO - Processing /home/agalli/sandbox/lib/python3.6/site-packages/airflow/example_dags/example_xcomargs.py took 1.188 seconds
[2022-02-12 14:25:28,749] {scheduler_job.py:182} INFO - Started process (PID=9164) to work on /home/agalli/sandbox/lib/python3.6/site-packages/airflow/example_dags/example_xcomargs.py
[2022-02-12 14:25:28,751] {scheduler_job.py:633} INFO - Processing file /home/agalli/sandbox/lib/python3.6/site-packages/airflow/example_dags/example_xcomargs.py for tasks to queue
[2022-02-12 14:25:28,752] {logging_mixin.py:104} INFO - [2022-02-12 14:25:28,752] {dagbag.py:487} INFO - Filling up the DagBag from /home/agalli/sandbox/lib/python3.6/site-packages/airflow/example_dags/example_xcomargs.py
[2022-02-12 14:25:28,789] {scheduler_job.py:643} INFO - DAG(s) dict_keys(['example_xcom_args', 'example_xcom_args_with_operators']) retrieved from /home/agalli/sandbox/lib/python3.6/site-packages/airflow/example_dags/example_xcomargs.py
[2022-02-12 14:25:29,235] {logging_mixin.py:104} INFO - [2022-02-12 14:25:29,235] {dag.py:1832} INFO - Sync 2 DAGs
[2022-02-12 14:25:29,263] {logging_mixin.py:104} INFO - [2022-02-12 14:25:29,263] {dag.py:2305} INFO - Setting next_dagrun for example_xcom_args to None
[2022-02-12 14:25:29,264] {logging_mixin.py:104} INFO - [2022-02-12 14:25:29,264] {dag.py:2305} INFO - Setting next_dagrun for example_xcom_args_with_operators to None
[2022-02-12 14:25:29,283] {scheduler_job.py:190} INFO - Processing /home/agalli/sandbox/lib/python3.6/site-packages/airflow/example_dags/example_xcomargs.py took 0.540 seconds
[2022-02-12 14:25:59,533] {scheduler_job.py:182} INFO - Started process (PID=9364) to work on /home/agalli/sandbox/lib/python3.6/site-packages/airflow/example_dags/example_xcomargs.py
[2022-02-12 14:25:59,535] {scheduler_job.py:633} INFO - Processing file /home/agalli/sandbox/lib/python3.6/site-packages/airflow/example_dags/example_xcomargs.py for tasks to queue
[2022-02-12 14:25:59,536] {logging_mixin.py:104} INFO - [2022-02-12 14:25:59,536] {dagbag.py:487} INFO - Filling up the DagBag from /home/agalli/sandbox/lib/python3.6/site-packages/airflow/example_dags/example_xcomargs.py
[2022-02-12 14:25:59,575] {scheduler_job.py:643} INFO - DAG(s) dict_keys(['example_xcom_args', 'example_xcom_args_with_operators']) retrieved from /home/agalli/sandbox/lib/python3.6/site-packages/airflow/example_dags/example_xcomargs.py
[2022-02-12 14:25:59,983] {logging_mixin.py:104} INFO - [2022-02-12 14:25:59,983] {dag.py:1832} INFO - Sync 2 DAGs
[2022-02-12 14:26:00,003] {logging_mixin.py:104} INFO - [2022-02-12 14:26:00,003] {dag.py:2305} INFO - Setting next_dagrun for example_xcom_args to None
[2022-02-12 14:26:00,004] {logging_mixin.py:104} INFO - [2022-02-12 14:26:00,004] {dag.py:2305} INFO - Setting next_dagrun for example_xcom_args_with_operators to None
[2022-02-12 14:26:00,043] {scheduler_job.py:190} INFO - Processing /home/agalli/sandbox/lib/python3.6/site-packages/airflow/example_dags/example_xcomargs.py took 0.516 seconds
[2022-02-12 14:26:30,172] {scheduler_job.py:182} INFO - Started process (PID=9566) to work on /home/agalli/sandbox/lib/python3.6/site-packages/airflow/example_dags/example_xcomargs.py
[2022-02-12 14:26:30,177] {scheduler_job.py:633} INFO - Processing file /home/agalli/sandbox/lib/python3.6/site-packages/airflow/example_dags/example_xcomargs.py for tasks to queue
[2022-02-12 14:26:30,178] {logging_mixin.py:104} INFO - [2022-02-12 14:26:30,178] {dagbag.py:487} INFO - Filling up the DagBag from /home/agalli/sandbox/lib/python3.6/site-packages/airflow/example_dags/example_xcomargs.py
[2022-02-12 14:26:30,198] {scheduler_job.py:643} INFO - DAG(s) dict_keys(['example_xcom_args', 'example_xcom_args_with_operators']) retrieved from /home/agalli/sandbox/lib/python3.6/site-packages/airflow/example_dags/example_xcomargs.py
[2022-02-12 14:26:30,510] {logging_mixin.py:104} INFO - [2022-02-12 14:26:30,510] {dag.py:1832} INFO - Sync 2 DAGs
[2022-02-12 14:26:30,529] {logging_mixin.py:104} INFO - [2022-02-12 14:26:30,528] {dag.py:2305} INFO - Setting next_dagrun for example_xcom_args to None
[2022-02-12 14:26:30,530] {logging_mixin.py:104} INFO - [2022-02-12 14:26:30,530] {dag.py:2305} INFO - Setting next_dagrun for example_xcom_args_with_operators to None
[2022-02-12 14:26:30,544] {scheduler_job.py:190} INFO - Processing /home/agalli/sandbox/lib/python3.6/site-packages/airflow/example_dags/example_xcomargs.py took 0.376 seconds
[2022-02-12 14:27:00,595] {scheduler_job.py:182} INFO - Started process (PID=9778) to work on /home/agalli/sandbox/lib/python3.6/site-packages/airflow/example_dags/example_xcomargs.py
[2022-02-12 14:27:00,597] {scheduler_job.py:633} INFO - Processing file /home/agalli/sandbox/lib/python3.6/site-packages/airflow/example_dags/example_xcomargs.py for tasks to queue
[2022-02-12 14:27:00,598] {logging_mixin.py:104} INFO - [2022-02-12 14:27:00,597] {dagbag.py:487} INFO - Filling up the DagBag from /home/agalli/sandbox/lib/python3.6/site-packages/airflow/example_dags/example_xcomargs.py
[2022-02-12 14:27:00,624] {scheduler_job.py:643} INFO - DAG(s) dict_keys(['example_xcom_args', 'example_xcom_args_with_operators']) retrieved from /home/agalli/sandbox/lib/python3.6/site-packages/airflow/example_dags/example_xcomargs.py
[2022-02-12 14:27:01,001] {logging_mixin.py:104} INFO - [2022-02-12 14:27:01,001] {dag.py:1832} INFO - Sync 2 DAGs
[2022-02-12 14:27:01,018] {logging_mixin.py:104} INFO - [2022-02-12 14:27:01,018] {dag.py:2305} INFO - Setting next_dagrun for example_xcom_args to None
[2022-02-12 14:27:01,019] {logging_mixin.py:104} INFO - [2022-02-12 14:27:01,019] {dag.py:2305} INFO - Setting next_dagrun for example_xcom_args_with_operators to None
[2022-02-12 14:27:01,045] {scheduler_job.py:190} INFO - Processing /home/agalli/sandbox/lib/python3.6/site-packages/airflow/example_dags/example_xcomargs.py took 0.453 seconds
[2022-02-12 14:27:31,416] {scheduler_job.py:182} INFO - Started process (PID=9970) to work on /home/agalli/sandbox/lib/python3.6/site-packages/airflow/example_dags/example_xcomargs.py
[2022-02-12 14:27:31,417] {scheduler_job.py:633} INFO - Processing file /home/agalli/sandbox/lib/python3.6/site-packages/airflow/example_dags/example_xcomargs.py for tasks to queue
[2022-02-12 14:27:31,417] {logging_mixin.py:104} INFO - [2022-02-12 14:27:31,417] {dagbag.py:487} INFO - Filling up the DagBag from /home/agalli/sandbox/lib/python3.6/site-packages/airflow/example_dags/example_xcomargs.py
[2022-02-12 14:27:31,438] {scheduler_job.py:643} INFO - DAG(s) dict_keys(['example_xcom_args', 'example_xcom_args_with_operators']) retrieved from /home/agalli/sandbox/lib/python3.6/site-packages/airflow/example_dags/example_xcomargs.py
[2022-02-12 14:27:31,736] {logging_mixin.py:104} INFO - [2022-02-12 14:27:31,735] {dag.py:1832} INFO - Sync 2 DAGs
[2022-02-12 14:27:31,756] {logging_mixin.py:104} INFO - [2022-02-12 14:27:31,756] {dag.py:2305} INFO - Setting next_dagrun for example_xcom_args to None
[2022-02-12 14:27:31,757] {logging_mixin.py:104} INFO - [2022-02-12 14:27:31,757] {dag.py:2305} INFO - Setting next_dagrun for example_xcom_args_with_operators to None
[2022-02-12 14:27:31,771] {scheduler_job.py:190} INFO - Processing /home/agalli/sandbox/lib/python3.6/site-packages/airflow/example_dags/example_xcomargs.py took 0.359 seconds
[2022-02-12 14:28:01,872] {scheduler_job.py:182} INFO - Started process (PID=10173) to work on /home/agalli/sandbox/lib/python3.6/site-packages/airflow/example_dags/example_xcomargs.py
[2022-02-12 14:28:01,873] {scheduler_job.py:633} INFO - Processing file /home/agalli/sandbox/lib/python3.6/site-packages/airflow/example_dags/example_xcomargs.py for tasks to queue
[2022-02-12 14:28:01,874] {logging_mixin.py:104} INFO - [2022-02-12 14:28:01,874] {dagbag.py:487} INFO - Filling up the DagBag from /home/agalli/sandbox/lib/python3.6/site-packages/airflow/example_dags/example_xcomargs.py
[2022-02-12 14:28:01,901] {scheduler_job.py:643} INFO - DAG(s) dict_keys(['example_xcom_args', 'example_xcom_args_with_operators']) retrieved from /home/agalli/sandbox/lib/python3.6/site-packages/airflow/example_dags/example_xcomargs.py
[2022-02-12 14:28:01,932] {logging_mixin.py:104} INFO - [2022-02-12 14:28:01,932] {dag.py:1832} INFO - Sync 2 DAGs
[2022-02-12 14:28:01,951] {logging_mixin.py:104} INFO - [2022-02-12 14:28:01,951] {dag.py:2305} INFO - Setting next_dagrun for example_xcom_args to None
[2022-02-12 14:28:01,952] {logging_mixin.py:104} INFO - [2022-02-12 14:28:01,952] {dag.py:2305} INFO - Setting next_dagrun for example_xcom_args_with_operators to None
[2022-02-12 14:28:01,967] {scheduler_job.py:190} INFO - Processing /home/agalli/sandbox/lib/python3.6/site-packages/airflow/example_dags/example_xcomargs.py took 0.099 seconds
[2022-02-12 14:28:32,289] {scheduler_job.py:182} INFO - Started process (PID=10375) to work on /home/agalli/sandbox/lib/python3.6/site-packages/airflow/example_dags/example_xcomargs.py
[2022-02-12 14:28:32,290] {scheduler_job.py:633} INFO - Processing file /home/agalli/sandbox/lib/python3.6/site-packages/airflow/example_dags/example_xcomargs.py for tasks to queue
[2022-02-12 14:28:32,291] {logging_mixin.py:104} INFO - [2022-02-12 14:28:32,291] {dagbag.py:487} INFO - Filling up the DagBag from /home/agalli/sandbox/lib/python3.6/site-packages/airflow/example_dags/example_xcomargs.py
[2022-02-12 14:28:32,314] {scheduler_job.py:643} INFO - DAG(s) dict_keys(['example_xcom_args', 'example_xcom_args_with_operators']) retrieved from /home/agalli/sandbox/lib/python3.6/site-packages/airflow/example_dags/example_xcomargs.py
[2022-02-12 14:28:32,606] {logging_mixin.py:104} INFO - [2022-02-12 14:28:32,606] {dag.py:1832} INFO - Sync 2 DAGs
[2022-02-12 14:28:32,622] {logging_mixin.py:104} INFO - [2022-02-12 14:28:32,622] {dag.py:2305} INFO - Setting next_dagrun for example_xcom_args to None
[2022-02-12 14:28:32,623] {logging_mixin.py:104} INFO - [2022-02-12 14:28:32,623] {dag.py:2305} INFO - Setting next_dagrun for example_xcom_args_with_operators to None
[2022-02-12 14:28:32,636] {scheduler_job.py:190} INFO - Processing /home/agalli/sandbox/lib/python3.6/site-packages/airflow/example_dags/example_xcomargs.py took 0.352 seconds
[2022-02-12 14:29:02,724] {scheduler_job.py:182} INFO - Started process (PID=10587) to work on /home/agalli/sandbox/lib/python3.6/site-packages/airflow/example_dags/example_xcomargs.py
[2022-02-12 14:29:02,725] {scheduler_job.py:633} INFO - Processing file /home/agalli/sandbox/lib/python3.6/site-packages/airflow/example_dags/example_xcomargs.py for tasks to queue
[2022-02-12 14:29:02,728] {logging_mixin.py:104} INFO - [2022-02-12 14:29:02,727] {dagbag.py:487} INFO - Filling up the DagBag from /home/agalli/sandbox/lib/python3.6/site-packages/airflow/example_dags/example_xcomargs.py
[2022-02-12 14:29:02,754] {scheduler_job.py:643} INFO - DAG(s) dict_keys(['example_xcom_args', 'example_xcom_args_with_operators']) retrieved from /home/agalli/sandbox/lib/python3.6/site-packages/airflow/example_dags/example_xcomargs.py
[2022-02-12 14:29:03,479] {logging_mixin.py:104} INFO - [2022-02-12 14:29:03,479] {dag.py:1832} INFO - Sync 2 DAGs
[2022-02-12 14:29:03,498] {logging_mixin.py:104} INFO - [2022-02-12 14:29:03,498] {dag.py:2305} INFO - Setting next_dagrun for example_xcom_args to None
[2022-02-12 14:29:03,499] {logging_mixin.py:104} INFO - [2022-02-12 14:29:03,499] {dag.py:2305} INFO - Setting next_dagrun for example_xcom_args_with_operators to None
[2022-02-12 14:29:03,520] {scheduler_job.py:190} INFO - Processing /home/agalli/sandbox/lib/python3.6/site-packages/airflow/example_dags/example_xcomargs.py took 0.800 seconds
[2022-02-12 14:29:33,737] {scheduler_job.py:182} INFO - Started process (PID=10801) to work on /home/agalli/sandbox/lib/python3.6/site-packages/airflow/example_dags/example_xcomargs.py
[2022-02-12 14:29:33,739] {scheduler_job.py:633} INFO - Processing file /home/agalli/sandbox/lib/python3.6/site-packages/airflow/example_dags/example_xcomargs.py for tasks to queue
[2022-02-12 14:29:33,740] {logging_mixin.py:104} INFO - [2022-02-12 14:29:33,740] {dagbag.py:487} INFO - Filling up the DagBag from /home/agalli/sandbox/lib/python3.6/site-packages/airflow/example_dags/example_xcomargs.py
[2022-02-12 14:29:33,762] {scheduler_job.py:643} INFO - DAG(s) dict_keys(['example_xcom_args', 'example_xcom_args_with_operators']) retrieved from /home/agalli/sandbox/lib/python3.6/site-packages/airflow/example_dags/example_xcomargs.py
[2022-02-12 14:29:33,793] {logging_mixin.py:104} INFO - [2022-02-12 14:29:33,793] {dag.py:1832} INFO - Sync 2 DAGs
[2022-02-12 14:29:33,810] {logging_mixin.py:104} INFO - [2022-02-12 14:29:33,810] {dag.py:2305} INFO - Setting next_dagrun for example_xcom_args to None
[2022-02-12 14:29:33,811] {logging_mixin.py:104} INFO - [2022-02-12 14:29:33,811] {dag.py:2305} INFO - Setting next_dagrun for example_xcom_args_with_operators to None
[2022-02-12 14:29:33,822] {scheduler_job.py:190} INFO - Processing /home/agalli/sandbox/lib/python3.6/site-packages/airflow/example_dags/example_xcomargs.py took 0.090 seconds
[2022-02-12 14:30:04,364] {scheduler_job.py:182} INFO - Started process (PID=10981) to work on /home/agalli/sandbox/lib/python3.6/site-packages/airflow/example_dags/example_xcomargs.py
[2022-02-12 14:30:04,365] {scheduler_job.py:633} INFO - Processing file /home/agalli/sandbox/lib/python3.6/site-packages/airflow/example_dags/example_xcomargs.py for tasks to queue
[2022-02-12 14:30:04,366] {logging_mixin.py:104} INFO - [2022-02-12 14:30:04,366] {dagbag.py:487} INFO - Filling up the DagBag from /home/agalli/sandbox/lib/python3.6/site-packages/airflow/example_dags/example_xcomargs.py
[2022-02-12 14:30:04,388] {scheduler_job.py:643} INFO - DAG(s) dict_keys(['example_xcom_args', 'example_xcom_args_with_operators']) retrieved from /home/agalli/sandbox/lib/python3.6/site-packages/airflow/example_dags/example_xcomargs.py
[2022-02-12 14:30:04,728] {logging_mixin.py:104} INFO - [2022-02-12 14:30:04,728] {dag.py:1832} INFO - Sync 2 DAGs
[2022-02-12 14:30:04,761] {logging_mixin.py:104} INFO - [2022-02-12 14:30:04,761] {dag.py:2305} INFO - Setting next_dagrun for example_xcom_args to None
[2022-02-12 14:30:04,763] {logging_mixin.py:104} INFO - [2022-02-12 14:30:04,763] {dag.py:2305} INFO - Setting next_dagrun for example_xcom_args_with_operators to None
[2022-02-12 14:30:04,792] {scheduler_job.py:190} INFO - Processing /home/agalli/sandbox/lib/python3.6/site-packages/airflow/example_dags/example_xcomargs.py took 0.431 seconds
[2022-02-12 14:52:06,550] {scheduler_job.py:182} INFO - Started process (PID=14443) to work on /home/agalli/sandbox/lib/python3.6/site-packages/airflow/example_dags/example_xcomargs.py
[2022-02-12 14:52:06,578] {scheduler_job.py:633} INFO - Processing file /home/agalli/sandbox/lib/python3.6/site-packages/airflow/example_dags/example_xcomargs.py for tasks to queue
[2022-02-12 14:52:06,581] {logging_mixin.py:104} INFO - [2022-02-12 14:52:06,581] {dagbag.py:487} INFO - Filling up the DagBag from /home/agalli/sandbox/lib/python3.6/site-packages/airflow/example_dags/example_xcomargs.py
[2022-02-12 14:52:06,950] {scheduler_job.py:643} INFO - DAG(s) dict_keys(['example_xcom_args', 'example_xcom_args_with_operators']) retrieved from /home/agalli/sandbox/lib/python3.6/site-packages/airflow/example_dags/example_xcomargs.py
[2022-02-12 14:52:10,430] {logging_mixin.py:104} INFO - [2022-02-12 14:52:10,430] {dag.py:1832} INFO - Sync 2 DAGs
[2022-02-12 14:52:10,855] {logging_mixin.py:104} INFO - [2022-02-12 14:52:10,854] {dag.py:2305} INFO - Setting next_dagrun for example_xcom_args to None
[2022-02-12 14:52:10,856] {logging_mixin.py:104} INFO - [2022-02-12 14:52:10,856] {dag.py:2305} INFO - Setting next_dagrun for example_xcom_args_with_operators to None
[2022-02-12 14:52:10,967] {scheduler_job.py:190} INFO - Processing /home/agalli/sandbox/lib/python3.6/site-packages/airflow/example_dags/example_xcomargs.py took 4.514 seconds
[2022-02-12 14:52:41,014] {scheduler_job.py:182} INFO - Started process (PID=14575) to work on /home/agalli/sandbox/lib/python3.6/site-packages/airflow/example_dags/example_xcomargs.py
[2022-02-12 14:52:41,015] {scheduler_job.py:633} INFO - Processing file /home/agalli/sandbox/lib/python3.6/site-packages/airflow/example_dags/example_xcomargs.py for tasks to queue
[2022-02-12 14:52:41,016] {logging_mixin.py:104} INFO - [2022-02-12 14:52:41,015] {dagbag.py:487} INFO - Filling up the DagBag from /home/agalli/sandbox/lib/python3.6/site-packages/airflow/example_dags/example_xcomargs.py
[2022-02-12 14:52:41,034] {scheduler_job.py:643} INFO - DAG(s) dict_keys(['example_xcom_args', 'example_xcom_args_with_operators']) retrieved from /home/agalli/sandbox/lib/python3.6/site-packages/airflow/example_dags/example_xcomargs.py
[2022-02-12 14:52:41,401] {logging_mixin.py:104} INFO - [2022-02-12 14:52:41,400] {dag.py:1832} INFO - Sync 2 DAGs
[2022-02-12 14:52:41,427] {logging_mixin.py:104} INFO - [2022-02-12 14:52:41,427] {dag.py:2305} INFO - Setting next_dagrun for example_xcom_args to None
[2022-02-12 14:52:41,429] {logging_mixin.py:104} INFO - [2022-02-12 14:52:41,429] {dag.py:2305} INFO - Setting next_dagrun for example_xcom_args_with_operators to None
[2022-02-12 14:52:41,470] {scheduler_job.py:190} INFO - Processing /home/agalli/sandbox/lib/python3.6/site-packages/airflow/example_dags/example_xcomargs.py took 0.460 seconds
[2022-02-12 14:53:11,816] {scheduler_job.py:182} INFO - Started process (PID=14795) to work on /home/agalli/sandbox/lib/python3.6/site-packages/airflow/example_dags/example_xcomargs.py
[2022-02-12 14:53:11,817] {scheduler_job.py:633} INFO - Processing file /home/agalli/sandbox/lib/python3.6/site-packages/airflow/example_dags/example_xcomargs.py for tasks to queue
[2022-02-12 14:53:11,818] {logging_mixin.py:104} INFO - [2022-02-12 14:53:11,817] {dagbag.py:487} INFO - Filling up the DagBag from /home/agalli/sandbox/lib/python3.6/site-packages/airflow/example_dags/example_xcomargs.py
[2022-02-12 14:53:11,846] {scheduler_job.py:643} INFO - DAG(s) dict_keys(['example_xcom_args', 'example_xcom_args_with_operators']) retrieved from /home/agalli/sandbox/lib/python3.6/site-packages/airflow/example_dags/example_xcomargs.py
[2022-02-12 14:53:12,225] {logging_mixin.py:104} INFO - [2022-02-12 14:53:12,225] {dag.py:1832} INFO - Sync 2 DAGs
[2022-02-12 14:53:12,256] {logging_mixin.py:104} INFO - [2022-02-12 14:53:12,256] {dag.py:2305} INFO - Setting next_dagrun for example_xcom_args to None
[2022-02-12 14:53:12,258] {logging_mixin.py:104} INFO - [2022-02-12 14:53:12,258] {dag.py:2305} INFO - Setting next_dagrun for example_xcom_args_with_operators to None
[2022-02-12 14:53:12,290] {scheduler_job.py:190} INFO - Processing /home/agalli/sandbox/lib/python3.6/site-packages/airflow/example_dags/example_xcomargs.py took 0.478 seconds
[2022-02-12 14:53:43,085] {scheduler_job.py:182} INFO - Started process (PID=15633) to work on /home/agalli/sandbox/lib/python3.6/site-packages/airflow/example_dags/example_xcomargs.py
[2022-02-12 14:53:43,086] {scheduler_job.py:633} INFO - Processing file /home/agalli/sandbox/lib/python3.6/site-packages/airflow/example_dags/example_xcomargs.py for tasks to queue
[2022-02-12 14:53:43,087] {logging_mixin.py:104} INFO - [2022-02-12 14:53:43,087] {dagbag.py:487} INFO - Filling up the DagBag from /home/agalli/sandbox/lib/python3.6/site-packages/airflow/example_dags/example_xcomargs.py
[2022-02-12 14:53:43,141] {scheduler_job.py:643} INFO - DAG(s) dict_keys(['example_xcom_args', 'example_xcom_args_with_operators']) retrieved from /home/agalli/sandbox/lib/python3.6/site-packages/airflow/example_dags/example_xcomargs.py
[2022-02-12 14:53:44,340] {logging_mixin.py:104} INFO - [2022-02-12 14:53:44,340] {dag.py:1832} INFO - Sync 2 DAGs
[2022-02-12 14:53:44,409] {logging_mixin.py:104} INFO - [2022-02-12 14:53:44,409] {dag.py:2305} INFO - Setting next_dagrun for example_xcom_args to None
[2022-02-12 14:53:44,420] {logging_mixin.py:104} INFO - [2022-02-12 14:53:44,420] {dag.py:2305} INFO - Setting next_dagrun for example_xcom_args_with_operators to None
[2022-02-12 14:53:44,506] {scheduler_job.py:190} INFO - Processing /home/agalli/sandbox/lib/python3.6/site-packages/airflow/example_dags/example_xcomargs.py took 1.427 seconds
[2022-02-12 14:54:14,585] {scheduler_job.py:182} INFO - Started process (PID=15795) to work on /home/agalli/sandbox/lib/python3.6/site-packages/airflow/example_dags/example_xcomargs.py
[2022-02-12 14:54:14,588] {scheduler_job.py:633} INFO - Processing file /home/agalli/sandbox/lib/python3.6/site-packages/airflow/example_dags/example_xcomargs.py for tasks to queue
[2022-02-12 14:54:14,590] {logging_mixin.py:104} INFO - [2022-02-12 14:54:14,589] {dagbag.py:487} INFO - Filling up the DagBag from /home/agalli/sandbox/lib/python3.6/site-packages/airflow/example_dags/example_xcomargs.py
[2022-02-12 14:54:14,620] {scheduler_job.py:643} INFO - DAG(s) dict_keys(['example_xcom_args', 'example_xcom_args_with_operators']) retrieved from /home/agalli/sandbox/lib/python3.6/site-packages/airflow/example_dags/example_xcomargs.py
[2022-02-12 14:54:14,995] {logging_mixin.py:104} INFO - [2022-02-12 14:54:14,995] {dag.py:1832} INFO - Sync 2 DAGs
[2022-02-12 14:54:15,017] {logging_mixin.py:104} INFO - [2022-02-12 14:54:15,017] {dag.py:2305} INFO - Setting next_dagrun for example_xcom_args to None
[2022-02-12 14:54:15,019] {logging_mixin.py:104} INFO - [2022-02-12 14:54:15,019] {dag.py:2305} INFO - Setting next_dagrun for example_xcom_args_with_operators to None
[2022-02-12 14:54:15,043] {scheduler_job.py:190} INFO - Processing /home/agalli/sandbox/lib/python3.6/site-packages/airflow/example_dags/example_xcomargs.py took 0.462 seconds
[2022-02-12 14:54:45,710] {scheduler_job.py:182} INFO - Started process (PID=15897) to work on /home/agalli/sandbox/lib/python3.6/site-packages/airflow/example_dags/example_xcomargs.py
[2022-02-12 14:54:45,712] {scheduler_job.py:633} INFO - Processing file /home/agalli/sandbox/lib/python3.6/site-packages/airflow/example_dags/example_xcomargs.py for tasks to queue
[2022-02-12 14:54:45,713] {logging_mixin.py:104} INFO - [2022-02-12 14:54:45,713] {dagbag.py:487} INFO - Filling up the DagBag from /home/agalli/sandbox/lib/python3.6/site-packages/airflow/example_dags/example_xcomargs.py
[2022-02-12 14:54:45,751] {scheduler_job.py:643} INFO - DAG(s) dict_keys(['example_xcom_args', 'example_xcom_args_with_operators']) retrieved from /home/agalli/sandbox/lib/python3.6/site-packages/airflow/example_dags/example_xcomargs.py
[2022-02-12 14:54:46,108] {logging_mixin.py:104} INFO - [2022-02-12 14:54:46,108] {dag.py:1832} INFO - Sync 2 DAGs
[2022-02-12 14:54:46,135] {logging_mixin.py:104} INFO - [2022-02-12 14:54:46,135] {dag.py:2305} INFO - Setting next_dagrun for example_xcom_args to None
[2022-02-12 14:54:46,137] {logging_mixin.py:104} INFO - [2022-02-12 14:54:46,137] {dag.py:2305} INFO - Setting next_dagrun for example_xcom_args_with_operators to None
[2022-02-12 14:54:46,157] {scheduler_job.py:190} INFO - Processing /home/agalli/sandbox/lib/python3.6/site-packages/airflow/example_dags/example_xcomargs.py took 0.452 seconds
[2022-02-12 14:55:16,317] {scheduler_job.py:182} INFO - Started process (PID=16015) to work on /home/agalli/sandbox/lib/python3.6/site-packages/airflow/example_dags/example_xcomargs.py
[2022-02-12 14:55:16,319] {scheduler_job.py:633} INFO - Processing file /home/agalli/sandbox/lib/python3.6/site-packages/airflow/example_dags/example_xcomargs.py for tasks to queue
[2022-02-12 14:55:16,320] {logging_mixin.py:104} INFO - [2022-02-12 14:55:16,320] {dagbag.py:487} INFO - Filling up the DagBag from /home/agalli/sandbox/lib/python3.6/site-packages/airflow/example_dags/example_xcomargs.py
[2022-02-12 14:55:16,408] {scheduler_job.py:643} INFO - DAG(s) dict_keys(['example_xcom_args', 'example_xcom_args_with_operators']) retrieved from /home/agalli/sandbox/lib/python3.6/site-packages/airflow/example_dags/example_xcomargs.py
[2022-02-12 14:55:16,671] {logging_mixin.py:104} INFO - [2022-02-12 14:55:16,671] {dag.py:1832} INFO - Sync 2 DAGs
[2022-02-12 14:55:16,690] {logging_mixin.py:104} INFO - [2022-02-12 14:55:16,690] {dag.py:2305} INFO - Setting next_dagrun for example_xcom_args to None
[2022-02-12 14:55:16,691] {logging_mixin.py:104} INFO - [2022-02-12 14:55:16,691] {dag.py:2305} INFO - Setting next_dagrun for example_xcom_args_with_operators to None
[2022-02-12 14:55:16,707] {scheduler_job.py:190} INFO - Processing /home/agalli/sandbox/lib/python3.6/site-packages/airflow/example_dags/example_xcomargs.py took 0.411 seconds
[2022-02-12 14:56:36,498] {scheduler_job.py:182} INFO - Started process (PID=16359) to work on /home/agalli/sandbox/lib/python3.6/site-packages/airflow/example_dags/example_xcomargs.py
[2022-02-12 14:56:36,502] {scheduler_job.py:633} INFO - Processing file /home/agalli/sandbox/lib/python3.6/site-packages/airflow/example_dags/example_xcomargs.py for tasks to queue
[2022-02-12 14:56:36,507] {logging_mixin.py:104} INFO - [2022-02-12 14:56:36,505] {dagbag.py:487} INFO - Filling up the DagBag from /home/agalli/sandbox/lib/python3.6/site-packages/airflow/example_dags/example_xcomargs.py
[2022-02-12 14:56:36,592] {scheduler_job.py:643} INFO - DAG(s) dict_keys(['example_xcom_args', 'example_xcom_args_with_operators']) retrieved from /home/agalli/sandbox/lib/python3.6/site-packages/airflow/example_dags/example_xcomargs.py
[2022-02-12 14:56:37,788] {logging_mixin.py:104} INFO - [2022-02-12 14:56:37,788] {dag.py:1832} INFO - Sync 2 DAGs
[2022-02-12 14:56:37,846] {logging_mixin.py:104} INFO - [2022-02-12 14:56:37,846] {dag.py:2305} INFO - Setting next_dagrun for example_xcom_args to None
[2022-02-12 14:56:37,848] {logging_mixin.py:104} INFO - [2022-02-12 14:56:37,848] {dag.py:2305} INFO - Setting next_dagrun for example_xcom_args_with_operators to None
[2022-02-12 14:56:37,893] {scheduler_job.py:190} INFO - Processing /home/agalli/sandbox/lib/python3.6/site-packages/airflow/example_dags/example_xcomargs.py took 1.408 seconds
[2022-02-12 14:57:08,445] {scheduler_job.py:182} INFO - Started process (PID=16452) to work on /home/agalli/sandbox/lib/python3.6/site-packages/airflow/example_dags/example_xcomargs.py
[2022-02-12 14:57:08,448] {scheduler_job.py:633} INFO - Processing file /home/agalli/sandbox/lib/python3.6/site-packages/airflow/example_dags/example_xcomargs.py for tasks to queue
[2022-02-12 14:57:08,450] {logging_mixin.py:104} INFO - [2022-02-12 14:57:08,450] {dagbag.py:487} INFO - Filling up the DagBag from /home/agalli/sandbox/lib/python3.6/site-packages/airflow/example_dags/example_xcomargs.py
[2022-02-12 14:57:08,504] {scheduler_job.py:643} INFO - DAG(s) dict_keys(['example_xcom_args', 'example_xcom_args_with_operators']) retrieved from /home/agalli/sandbox/lib/python3.6/site-packages/airflow/example_dags/example_xcomargs.py
[2022-02-12 14:57:09,541] {logging_mixin.py:104} INFO - [2022-02-12 14:57:09,540] {dag.py:1832} INFO - Sync 2 DAGs
[2022-02-12 14:57:09,597] {logging_mixin.py:104} INFO - [2022-02-12 14:57:09,597] {dag.py:2305} INFO - Setting next_dagrun for example_xcom_args to None
[2022-02-12 14:57:09,604] {logging_mixin.py:104} INFO - [2022-02-12 14:57:09,604] {dag.py:2305} INFO - Setting next_dagrun for example_xcom_args_with_operators to None
[2022-02-12 14:57:09,642] {scheduler_job.py:190} INFO - Processing /home/agalli/sandbox/lib/python3.6/site-packages/airflow/example_dags/example_xcomargs.py took 1.202 seconds
[2022-02-12 14:57:40,300] {scheduler_job.py:182} INFO - Started process (PID=16674) to work on /home/agalli/sandbox/lib/python3.6/site-packages/airflow/example_dags/example_xcomargs.py
[2022-02-12 14:57:40,301] {scheduler_job.py:633} INFO - Processing file /home/agalli/sandbox/lib/python3.6/site-packages/airflow/example_dags/example_xcomargs.py for tasks to queue
[2022-02-12 14:57:40,302] {logging_mixin.py:104} INFO - [2022-02-12 14:57:40,302] {dagbag.py:487} INFO - Filling up the DagBag from /home/agalli/sandbox/lib/python3.6/site-packages/airflow/example_dags/example_xcomargs.py
[2022-02-12 14:57:40,328] {scheduler_job.py:643} INFO - DAG(s) dict_keys(['example_xcom_args', 'example_xcom_args_with_operators']) retrieved from /home/agalli/sandbox/lib/python3.6/site-packages/airflow/example_dags/example_xcomargs.py
[2022-02-12 14:57:40,578] {logging_mixin.py:104} INFO - [2022-02-12 14:57:40,578] {dag.py:1832} INFO - Sync 2 DAGs
[2022-02-12 14:57:40,594] {logging_mixin.py:104} INFO - [2022-02-12 14:57:40,594] {dag.py:2305} INFO - Setting next_dagrun for example_xcom_args to None
[2022-02-12 14:57:40,595] {logging_mixin.py:104} INFO - [2022-02-12 14:57:40,595] {dag.py:2305} INFO - Setting next_dagrun for example_xcom_args_with_operators to None
[2022-02-12 14:57:40,612] {scheduler_job.py:190} INFO - Processing /home/agalli/sandbox/lib/python3.6/site-packages/airflow/example_dags/example_xcomargs.py took 0.315 seconds
[2022-02-12 14:58:11,515] {scheduler_job.py:182} INFO - Started process (PID=16744) to work on /home/agalli/sandbox/lib/python3.6/site-packages/airflow/example_dags/example_xcomargs.py
[2022-02-12 14:58:11,517] {scheduler_job.py:633} INFO - Processing file /home/agalli/sandbox/lib/python3.6/site-packages/airflow/example_dags/example_xcomargs.py for tasks to queue
[2022-02-12 14:58:11,517] {logging_mixin.py:104} INFO - [2022-02-12 14:58:11,517] {dagbag.py:487} INFO - Filling up the DagBag from /home/agalli/sandbox/lib/python3.6/site-packages/airflow/example_dags/example_xcomargs.py
[2022-02-12 14:58:11,558] {scheduler_job.py:643} INFO - DAG(s) dict_keys(['example_xcom_args', 'example_xcom_args_with_operators']) retrieved from /home/agalli/sandbox/lib/python3.6/site-packages/airflow/example_dags/example_xcomargs.py
[2022-02-12 14:58:11,917] {logging_mixin.py:104} INFO - [2022-02-12 14:58:11,917] {dag.py:1832} INFO - Sync 2 DAGs
[2022-02-12 14:58:11,945] {logging_mixin.py:104} INFO - [2022-02-12 14:58:11,945] {dag.py:2305} INFO - Setting next_dagrun for example_xcom_args to None
[2022-02-12 14:58:11,946] {logging_mixin.py:104} INFO - [2022-02-12 14:58:11,946] {dag.py:2305} INFO - Setting next_dagrun for example_xcom_args_with_operators to None
[2022-02-12 14:58:11,963] {scheduler_job.py:190} INFO - Processing /home/agalli/sandbox/lib/python3.6/site-packages/airflow/example_dags/example_xcomargs.py took 0.459 seconds
[2022-02-12 14:58:42,000] {scheduler_job.py:182} INFO - Started process (PID=16814) to work on /home/agalli/sandbox/lib/python3.6/site-packages/airflow/example_dags/example_xcomargs.py
[2022-02-12 14:58:42,001] {scheduler_job.py:633} INFO - Processing file /home/agalli/sandbox/lib/python3.6/site-packages/airflow/example_dags/example_xcomargs.py for tasks to queue
[2022-02-12 14:58:42,002] {logging_mixin.py:104} INFO - [2022-02-12 14:58:42,001] {dagbag.py:487} INFO - Filling up the DagBag from /home/agalli/sandbox/lib/python3.6/site-packages/airflow/example_dags/example_xcomargs.py
[2022-02-12 14:58:42,033] {scheduler_job.py:643} INFO - DAG(s) dict_keys(['example_xcom_args', 'example_xcom_args_with_operators']) retrieved from /home/agalli/sandbox/lib/python3.6/site-packages/airflow/example_dags/example_xcomargs.py
[2022-02-12 14:58:42,330] {logging_mixin.py:104} INFO - [2022-02-12 14:58:42,330] {dag.py:1832} INFO - Sync 2 DAGs
[2022-02-12 14:58:42,350] {logging_mixin.py:104} INFO - [2022-02-12 14:58:42,350] {dag.py:2305} INFO - Setting next_dagrun for example_xcom_args to None
[2022-02-12 14:58:42,351] {logging_mixin.py:104} INFO - [2022-02-12 14:58:42,351] {dag.py:2305} INFO - Setting next_dagrun for example_xcom_args_with_operators to None
[2022-02-12 14:58:42,373] {scheduler_job.py:190} INFO - Processing /home/agalli/sandbox/lib/python3.6/site-packages/airflow/example_dags/example_xcomargs.py took 0.378 seconds
[2022-02-12 14:59:12,612] {scheduler_job.py:182} INFO - Started process (PID=16884) to work on /home/agalli/sandbox/lib/python3.6/site-packages/airflow/example_dags/example_xcomargs.py
[2022-02-12 14:59:12,613] {scheduler_job.py:633} INFO - Processing file /home/agalli/sandbox/lib/python3.6/site-packages/airflow/example_dags/example_xcomargs.py for tasks to queue
[2022-02-12 14:59:12,614] {logging_mixin.py:104} INFO - [2022-02-12 14:59:12,614] {dagbag.py:487} INFO - Filling up the DagBag from /home/agalli/sandbox/lib/python3.6/site-packages/airflow/example_dags/example_xcomargs.py
[2022-02-12 14:59:12,646] {scheduler_job.py:643} INFO - DAG(s) dict_keys(['example_xcom_args', 'example_xcom_args_with_operators']) retrieved from /home/agalli/sandbox/lib/python3.6/site-packages/airflow/example_dags/example_xcomargs.py
[2022-02-12 14:59:13,153] {logging_mixin.py:104} INFO - [2022-02-12 14:59:13,153] {dag.py:1832} INFO - Sync 2 DAGs
[2022-02-12 14:59:13,181] {logging_mixin.py:104} INFO - [2022-02-12 14:59:13,181] {dag.py:2305} INFO - Setting next_dagrun for example_xcom_args to None
[2022-02-12 14:59:13,182] {logging_mixin.py:104} INFO - [2022-02-12 14:59:13,182] {dag.py:2305} INFO - Setting next_dagrun for example_xcom_args_with_operators to None
[2022-02-12 14:59:13,214] {scheduler_job.py:190} INFO - Processing /home/agalli/sandbox/lib/python3.6/site-packages/airflow/example_dags/example_xcomargs.py took 0.606 seconds
[2022-02-12 14:59:43,355] {scheduler_job.py:182} INFO - Started process (PID=16954) to work on /home/agalli/sandbox/lib/python3.6/site-packages/airflow/example_dags/example_xcomargs.py
[2022-02-12 14:59:43,356] {scheduler_job.py:633} INFO - Processing file /home/agalli/sandbox/lib/python3.6/site-packages/airflow/example_dags/example_xcomargs.py for tasks to queue
[2022-02-12 14:59:43,357] {logging_mixin.py:104} INFO - [2022-02-12 14:59:43,356] {dagbag.py:487} INFO - Filling up the DagBag from /home/agalli/sandbox/lib/python3.6/site-packages/airflow/example_dags/example_xcomargs.py
[2022-02-12 14:59:43,387] {scheduler_job.py:643} INFO - DAG(s) dict_keys(['example_xcom_args', 'example_xcom_args_with_operators']) retrieved from /home/agalli/sandbox/lib/python3.6/site-packages/airflow/example_dags/example_xcomargs.py
[2022-02-12 14:59:43,766] {logging_mixin.py:104} INFO - [2022-02-12 14:59:43,765] {dag.py:1832} INFO - Sync 2 DAGs
[2022-02-12 14:59:43,791] {logging_mixin.py:104} INFO - [2022-02-12 14:59:43,791] {dag.py:2305} INFO - Setting next_dagrun for example_xcom_args to None
[2022-02-12 14:59:43,792] {logging_mixin.py:104} INFO - [2022-02-12 14:59:43,792] {dag.py:2305} INFO - Setting next_dagrun for example_xcom_args_with_operators to None
[2022-02-12 14:59:43,812] {scheduler_job.py:190} INFO - Processing /home/agalli/sandbox/lib/python3.6/site-packages/airflow/example_dags/example_xcomargs.py took 0.462 seconds
[2022-02-12 15:00:13,992] {scheduler_job.py:182} INFO - Started process (PID=17024) to work on /home/agalli/sandbox/lib/python3.6/site-packages/airflow/example_dags/example_xcomargs.py
[2022-02-12 15:00:13,995] {scheduler_job.py:633} INFO - Processing file /home/agalli/sandbox/lib/python3.6/site-packages/airflow/example_dags/example_xcomargs.py for tasks to queue
[2022-02-12 15:00:13,996] {logging_mixin.py:104} INFO - [2022-02-12 15:00:13,996] {dagbag.py:487} INFO - Filling up the DagBag from /home/agalli/sandbox/lib/python3.6/site-packages/airflow/example_dags/example_xcomargs.py
[2022-02-12 15:00:14,062] {scheduler_job.py:643} INFO - DAG(s) dict_keys(['example_xcom_args', 'example_xcom_args_with_operators']) retrieved from /home/agalli/sandbox/lib/python3.6/site-packages/airflow/example_dags/example_xcomargs.py
[2022-02-12 15:00:14,843] {logging_mixin.py:104} INFO - [2022-02-12 15:00:14,842] {dag.py:1832} INFO - Sync 2 DAGs
[2022-02-12 15:00:14,872] {logging_mixin.py:104} INFO - [2022-02-12 15:00:14,872] {dag.py:2305} INFO - Setting next_dagrun for example_xcom_args to None
[2022-02-12 15:00:14,874] {logging_mixin.py:104} INFO - [2022-02-12 15:00:14,874] {dag.py:2305} INFO - Setting next_dagrun for example_xcom_args_with_operators to None
[2022-02-12 15:00:14,907] {scheduler_job.py:190} INFO - Processing /home/agalli/sandbox/lib/python3.6/site-packages/airflow/example_dags/example_xcomargs.py took 0.927 seconds
[2022-02-12 15:00:38,272] {scheduler_job.py:182} INFO - Started process (PID=17467) to work on /home/agalli/sandbox/lib/python3.6/site-packages/airflow/example_dags/example_xcomargs.py
[2022-02-12 15:00:38,276] {scheduler_job.py:633} INFO - Processing file /home/agalli/sandbox/lib/python3.6/site-packages/airflow/example_dags/example_xcomargs.py for tasks to queue
[2022-02-12 15:00:38,284] {logging_mixin.py:104} INFO - [2022-02-12 15:00:38,283] {dagbag.py:487} INFO - Filling up the DagBag from /home/agalli/sandbox/lib/python3.6/site-packages/airflow/example_dags/example_xcomargs.py
[2022-02-12 15:00:38,369] {scheduler_job.py:643} INFO - DAG(s) dict_keys(['example_xcom_args', 'example_xcom_args_with_operators']) retrieved from /home/agalli/sandbox/lib/python3.6/site-packages/airflow/example_dags/example_xcomargs.py
[2022-02-12 15:00:38,602] {logging_mixin.py:104} INFO - [2022-02-12 15:00:38,601] {dag.py:1832} INFO - Sync 2 DAGs
[2022-02-12 15:00:38,782] {logging_mixin.py:104} INFO - [2022-02-12 15:00:38,782] {dag.py:2305} INFO - Setting next_dagrun for example_xcom_args to None
[2022-02-12 15:00:38,799] {logging_mixin.py:104} INFO - [2022-02-12 15:00:38,799] {dag.py:2305} INFO - Setting next_dagrun for example_xcom_args_with_operators to None
[2022-02-12 15:00:39,116] {scheduler_job.py:190} INFO - Processing /home/agalli/sandbox/lib/python3.6/site-packages/airflow/example_dags/example_xcomargs.py took 0.869 seconds
[2022-02-12 15:01:09,565] {scheduler_job.py:182} INFO - Started process (PID=17896) to work on /home/agalli/sandbox/lib/python3.6/site-packages/airflow/example_dags/example_xcomargs.py
[2022-02-12 15:01:09,566] {scheduler_job.py:633} INFO - Processing file /home/agalli/sandbox/lib/python3.6/site-packages/airflow/example_dags/example_xcomargs.py for tasks to queue
[2022-02-12 15:01:09,567] {logging_mixin.py:104} INFO - [2022-02-12 15:01:09,567] {dagbag.py:487} INFO - Filling up the DagBag from /home/agalli/sandbox/lib/python3.6/site-packages/airflow/example_dags/example_xcomargs.py
[2022-02-12 15:01:09,593] {scheduler_job.py:643} INFO - DAG(s) dict_keys(['example_xcom_args', 'example_xcom_args_with_operators']) retrieved from /home/agalli/sandbox/lib/python3.6/site-packages/airflow/example_dags/example_xcomargs.py
[2022-02-12 15:01:10,030] {logging_mixin.py:104} INFO - [2022-02-12 15:01:10,029] {dag.py:1832} INFO - Sync 2 DAGs
[2022-02-12 15:01:10,053] {logging_mixin.py:104} INFO - [2022-02-12 15:01:10,053] {dag.py:2305} INFO - Setting next_dagrun for example_xcom_args to None
[2022-02-12 15:01:10,054] {logging_mixin.py:104} INFO - [2022-02-12 15:01:10,054] {dag.py:2305} INFO - Setting next_dagrun for example_xcom_args_with_operators to None
[2022-02-12 15:01:10,072] {scheduler_job.py:190} INFO - Processing /home/agalli/sandbox/lib/python3.6/site-packages/airflow/example_dags/example_xcomargs.py took 0.510 seconds
[2022-02-12 15:01:40,803] {scheduler_job.py:182} INFO - Started process (PID=18098) to work on /home/agalli/sandbox/lib/python3.6/site-packages/airflow/example_dags/example_xcomargs.py
[2022-02-12 15:01:40,805] {scheduler_job.py:633} INFO - Processing file /home/agalli/sandbox/lib/python3.6/site-packages/airflow/example_dags/example_xcomargs.py for tasks to queue
[2022-02-12 15:01:40,806] {logging_mixin.py:104} INFO - [2022-02-12 15:01:40,805] {dagbag.py:487} INFO - Filling up the DagBag from /home/agalli/sandbox/lib/python3.6/site-packages/airflow/example_dags/example_xcomargs.py
[2022-02-12 15:01:40,830] {scheduler_job.py:643} INFO - DAG(s) dict_keys(['example_xcom_args', 'example_xcom_args_with_operators']) retrieved from /home/agalli/sandbox/lib/python3.6/site-packages/airflow/example_dags/example_xcomargs.py
[2022-02-12 15:01:41,473] {logging_mixin.py:104} INFO - [2022-02-12 15:01:41,473] {dag.py:1832} INFO - Sync 2 DAGs
[2022-02-12 15:01:41,496] {logging_mixin.py:104} INFO - [2022-02-12 15:01:41,496] {dag.py:2305} INFO - Setting next_dagrun for example_xcom_args to None
[2022-02-12 15:01:41,498] {logging_mixin.py:104} INFO - [2022-02-12 15:01:41,497] {dag.py:2305} INFO - Setting next_dagrun for example_xcom_args_with_operators to None
[2022-02-12 15:01:41,517] {scheduler_job.py:190} INFO - Processing /home/agalli/sandbox/lib/python3.6/site-packages/airflow/example_dags/example_xcomargs.py took 0.718 seconds
[2022-02-12 15:02:11,632] {scheduler_job.py:182} INFO - Started process (PID=18390) to work on /home/agalli/sandbox/lib/python3.6/site-packages/airflow/example_dags/example_xcomargs.py
[2022-02-12 15:02:11,634] {scheduler_job.py:633} INFO - Processing file /home/agalli/sandbox/lib/python3.6/site-packages/airflow/example_dags/example_xcomargs.py for tasks to queue
[2022-02-12 15:02:11,642] {logging_mixin.py:104} INFO - [2022-02-12 15:02:11,642] {dagbag.py:487} INFO - Filling up the DagBag from /home/agalli/sandbox/lib/python3.6/site-packages/airflow/example_dags/example_xcomargs.py
[2022-02-12 15:02:11,682] {scheduler_job.py:643} INFO - DAG(s) dict_keys(['example_xcom_args', 'example_xcom_args_with_operators']) retrieved from /home/agalli/sandbox/lib/python3.6/site-packages/airflow/example_dags/example_xcomargs.py
[2022-02-12 15:02:12,486] {logging_mixin.py:104} INFO - [2022-02-12 15:02:12,486] {dag.py:1832} INFO - Sync 2 DAGs
[2022-02-12 15:02:12,525] {logging_mixin.py:104} INFO - [2022-02-12 15:02:12,525] {dag.py:2305} INFO - Setting next_dagrun for example_xcom_args to None
[2022-02-12 15:02:12,526] {logging_mixin.py:104} INFO - [2022-02-12 15:02:12,526] {dag.py:2305} INFO - Setting next_dagrun for example_xcom_args_with_operators to None
[2022-02-12 15:02:12,567] {scheduler_job.py:190} INFO - Processing /home/agalli/sandbox/lib/python3.6/site-packages/airflow/example_dags/example_xcomargs.py took 0.945 seconds
[2022-02-12 15:02:43,100] {scheduler_job.py:182} INFO - Started process (PID=18872) to work on /home/agalli/sandbox/lib/python3.6/site-packages/airflow/example_dags/example_xcomargs.py
[2022-02-12 15:02:43,102] {scheduler_job.py:633} INFO - Processing file /home/agalli/sandbox/lib/python3.6/site-packages/airflow/example_dags/example_xcomargs.py for tasks to queue
[2022-02-12 15:02:43,104] {logging_mixin.py:104} INFO - [2022-02-12 15:02:43,103] {dagbag.py:487} INFO - Filling up the DagBag from /home/agalli/sandbox/lib/python3.6/site-packages/airflow/example_dags/example_xcomargs.py
[2022-02-12 15:02:43,276] {scheduler_job.py:643} INFO - DAG(s) dict_keys(['example_xcom_args', 'example_xcom_args_with_operators']) retrieved from /home/agalli/sandbox/lib/python3.6/site-packages/airflow/example_dags/example_xcomargs.py
[2022-02-12 15:02:44,175] {logging_mixin.py:104} INFO - [2022-02-12 15:02:44,175] {dag.py:1832} INFO - Sync 2 DAGs
[2022-02-12 15:02:44,224] {logging_mixin.py:104} INFO - [2022-02-12 15:02:44,224] {dag.py:2305} INFO - Setting next_dagrun for example_xcom_args to None
[2022-02-12 15:02:44,228] {logging_mixin.py:104} INFO - [2022-02-12 15:02:44,227] {dag.py:2305} INFO - Setting next_dagrun for example_xcom_args_with_operators to None
[2022-02-12 15:02:44,253] {scheduler_job.py:190} INFO - Processing /home/agalli/sandbox/lib/python3.6/site-packages/airflow/example_dags/example_xcomargs.py took 1.173 seconds
[2022-02-12 15:03:14,785] {scheduler_job.py:182} INFO - Started process (PID=19241) to work on /home/agalli/sandbox/lib/python3.6/site-packages/airflow/example_dags/example_xcomargs.py
[2022-02-12 15:03:14,791] {scheduler_job.py:633} INFO - Processing file /home/agalli/sandbox/lib/python3.6/site-packages/airflow/example_dags/example_xcomargs.py for tasks to queue
[2022-02-12 15:03:14,793] {logging_mixin.py:104} INFO - [2022-02-12 15:03:14,792] {dagbag.py:487} INFO - Filling up the DagBag from /home/agalli/sandbox/lib/python3.6/site-packages/airflow/example_dags/example_xcomargs.py
[2022-02-12 15:03:14,863] {scheduler_job.py:643} INFO - DAG(s) dict_keys(['example_xcom_args', 'example_xcom_args_with_operators']) retrieved from /home/agalli/sandbox/lib/python3.6/site-packages/airflow/example_dags/example_xcomargs.py
[2022-02-12 15:03:15,459] {logging_mixin.py:104} INFO - [2022-02-12 15:03:15,458] {dag.py:1832} INFO - Sync 2 DAGs
[2022-02-12 15:03:15,494] {logging_mixin.py:104} INFO - [2022-02-12 15:03:15,494] {dag.py:2305} INFO - Setting next_dagrun for example_xcom_args to None
[2022-02-12 15:03:15,496] {logging_mixin.py:104} INFO - [2022-02-12 15:03:15,496] {dag.py:2305} INFO - Setting next_dagrun for example_xcom_args_with_operators to None
[2022-02-12 15:03:15,525] {scheduler_job.py:190} INFO - Processing /home/agalli/sandbox/lib/python3.6/site-packages/airflow/example_dags/example_xcomargs.py took 0.765 seconds
[2022-02-12 15:03:46,259] {scheduler_job.py:182} INFO - Started process (PID=19445) to work on /home/agalli/sandbox/lib/python3.6/site-packages/airflow/example_dags/example_xcomargs.py
[2022-02-12 15:03:46,270] {scheduler_job.py:633} INFO - Processing file /home/agalli/sandbox/lib/python3.6/site-packages/airflow/example_dags/example_xcomargs.py for tasks to queue
[2022-02-12 15:03:46,271] {logging_mixin.py:104} INFO - [2022-02-12 15:03:46,271] {dagbag.py:487} INFO - Filling up the DagBag from /home/agalli/sandbox/lib/python3.6/site-packages/airflow/example_dags/example_xcomargs.py
[2022-02-12 15:03:46,317] {scheduler_job.py:643} INFO - DAG(s) dict_keys(['example_xcom_args', 'example_xcom_args_with_operators']) retrieved from /home/agalli/sandbox/lib/python3.6/site-packages/airflow/example_dags/example_xcomargs.py
[2022-02-12 15:03:46,943] {logging_mixin.py:104} INFO - [2022-02-12 15:03:46,943] {dag.py:1832} INFO - Sync 2 DAGs
[2022-02-12 15:03:46,973] {logging_mixin.py:104} INFO - [2022-02-12 15:03:46,973] {dag.py:2305} INFO - Setting next_dagrun for example_xcom_args to None
[2022-02-12 15:03:46,975] {logging_mixin.py:104} INFO - [2022-02-12 15:03:46,975] {dag.py:2305} INFO - Setting next_dagrun for example_xcom_args_with_operators to None
[2022-02-12 15:03:47,007] {scheduler_job.py:190} INFO - Processing /home/agalli/sandbox/lib/python3.6/site-packages/airflow/example_dags/example_xcomargs.py took 0.755 seconds
[2022-02-12 15:04:17,230] {scheduler_job.py:182} INFO - Started process (PID=19645) to work on /home/agalli/sandbox/lib/python3.6/site-packages/airflow/example_dags/example_xcomargs.py
[2022-02-12 15:04:17,232] {scheduler_job.py:633} INFO - Processing file /home/agalli/sandbox/lib/python3.6/site-packages/airflow/example_dags/example_xcomargs.py for tasks to queue
[2022-02-12 15:04:17,233] {logging_mixin.py:104} INFO - [2022-02-12 15:04:17,233] {dagbag.py:487} INFO - Filling up the DagBag from /home/agalli/sandbox/lib/python3.6/site-packages/airflow/example_dags/example_xcomargs.py
[2022-02-12 15:04:17,254] {scheduler_job.py:643} INFO - DAG(s) dict_keys(['example_xcom_args', 'example_xcom_args_with_operators']) retrieved from /home/agalli/sandbox/lib/python3.6/site-packages/airflow/example_dags/example_xcomargs.py
[2022-02-12 15:04:17,287] {logging_mixin.py:104} INFO - [2022-02-12 15:04:17,287] {dag.py:1832} INFO - Sync 2 DAGs
[2022-02-12 15:04:17,313] {logging_mixin.py:104} INFO - [2022-02-12 15:04:17,313] {dag.py:2305} INFO - Setting next_dagrun for example_xcom_args to None
[2022-02-12 15:04:17,314] {logging_mixin.py:104} INFO - [2022-02-12 15:04:17,314] {dag.py:2305} INFO - Setting next_dagrun for example_xcom_args_with_operators to None
[2022-02-12 15:04:17,328] {scheduler_job.py:190} INFO - Processing /home/agalli/sandbox/lib/python3.6/site-packages/airflow/example_dags/example_xcomargs.py took 0.103 seconds
[2022-02-12 15:04:47,663] {scheduler_job.py:182} INFO - Started process (PID=19841) to work on /home/agalli/sandbox/lib/python3.6/site-packages/airflow/example_dags/example_xcomargs.py
[2022-02-12 15:04:47,664] {scheduler_job.py:633} INFO - Processing file /home/agalli/sandbox/lib/python3.6/site-packages/airflow/example_dags/example_xcomargs.py for tasks to queue
[2022-02-12 15:04:47,665] {logging_mixin.py:104} INFO - [2022-02-12 15:04:47,664] {dagbag.py:487} INFO - Filling up the DagBag from /home/agalli/sandbox/lib/python3.6/site-packages/airflow/example_dags/example_xcomargs.py
[2022-02-12 15:04:47,685] {scheduler_job.py:643} INFO - DAG(s) dict_keys(['example_xcom_args', 'example_xcom_args_with_operators']) retrieved from /home/agalli/sandbox/lib/python3.6/site-packages/airflow/example_dags/example_xcomargs.py
[2022-02-12 15:04:47,969] {logging_mixin.py:104} INFO - [2022-02-12 15:04:47,969] {dag.py:1832} INFO - Sync 2 DAGs
[2022-02-12 15:04:47,995] {logging_mixin.py:104} INFO - [2022-02-12 15:04:47,995] {dag.py:2305} INFO - Setting next_dagrun for example_xcom_args to None
[2022-02-12 15:04:47,996] {logging_mixin.py:104} INFO - [2022-02-12 15:04:47,996] {dag.py:2305} INFO - Setting next_dagrun for example_xcom_args_with_operators to None
[2022-02-12 15:04:48,013] {scheduler_job.py:190} INFO - Processing /home/agalli/sandbox/lib/python3.6/site-packages/airflow/example_dags/example_xcomargs.py took 0.356 seconds
[2022-02-12 15:05:18,439] {scheduler_job.py:182} INFO - Started process (PID=20043) to work on /home/agalli/sandbox/lib/python3.6/site-packages/airflow/example_dags/example_xcomargs.py
[2022-02-12 15:05:18,440] {scheduler_job.py:633} INFO - Processing file /home/agalli/sandbox/lib/python3.6/site-packages/airflow/example_dags/example_xcomargs.py for tasks to queue
[2022-02-12 15:05:18,441] {logging_mixin.py:104} INFO - [2022-02-12 15:05:18,441] {dagbag.py:487} INFO - Filling up the DagBag from /home/agalli/sandbox/lib/python3.6/site-packages/airflow/example_dags/example_xcomargs.py
[2022-02-12 15:05:18,463] {scheduler_job.py:643} INFO - DAG(s) dict_keys(['example_xcom_args', 'example_xcom_args_with_operators']) retrieved from /home/agalli/sandbox/lib/python3.6/site-packages/airflow/example_dags/example_xcomargs.py
[2022-02-12 15:05:18,740] {logging_mixin.py:104} INFO - [2022-02-12 15:05:18,740] {dag.py:1832} INFO - Sync 2 DAGs
[2022-02-12 15:05:18,762] {logging_mixin.py:104} INFO - [2022-02-12 15:05:18,762] {dag.py:2305} INFO - Setting next_dagrun for example_xcom_args to None
[2022-02-12 15:05:18,763] {logging_mixin.py:104} INFO - [2022-02-12 15:05:18,763] {dag.py:2305} INFO - Setting next_dagrun for example_xcom_args_with_operators to None
[2022-02-12 15:05:18,784] {scheduler_job.py:190} INFO - Processing /home/agalli/sandbox/lib/python3.6/site-packages/airflow/example_dags/example_xcomargs.py took 0.350 seconds
[2022-02-12 15:05:48,874] {scheduler_job.py:182} INFO - Started process (PID=20365) to work on /home/agalli/sandbox/lib/python3.6/site-packages/airflow/example_dags/example_xcomargs.py
[2022-02-12 15:05:48,875] {scheduler_job.py:633} INFO - Processing file /home/agalli/sandbox/lib/python3.6/site-packages/airflow/example_dags/example_xcomargs.py for tasks to queue
[2022-02-12 15:05:48,876] {logging_mixin.py:104} INFO - [2022-02-12 15:05:48,876] {dagbag.py:487} INFO - Filling up the DagBag from /home/agalli/sandbox/lib/python3.6/site-packages/airflow/example_dags/example_xcomargs.py
[2022-02-12 15:05:48,896] {scheduler_job.py:643} INFO - DAG(s) dict_keys(['example_xcom_args', 'example_xcom_args_with_operators']) retrieved from /home/agalli/sandbox/lib/python3.6/site-packages/airflow/example_dags/example_xcomargs.py
[2022-02-12 15:05:49,206] {logging_mixin.py:104} INFO - [2022-02-12 15:05:49,205] {dag.py:1832} INFO - Sync 2 DAGs
[2022-02-12 15:05:49,224] {logging_mixin.py:104} INFO - [2022-02-12 15:05:49,224] {dag.py:2305} INFO - Setting next_dagrun for example_xcom_args to None
[2022-02-12 15:05:49,225] {logging_mixin.py:104} INFO - [2022-02-12 15:05:49,225] {dag.py:2305} INFO - Setting next_dagrun for example_xcom_args_with_operators to None
[2022-02-12 15:05:49,249] {scheduler_job.py:190} INFO - Processing /home/agalli/sandbox/lib/python3.6/site-packages/airflow/example_dags/example_xcomargs.py took 0.379 seconds
[2022-02-12 15:06:19,858] {scheduler_job.py:182} INFO - Started process (PID=20567) to work on /home/agalli/sandbox/lib/python3.6/site-packages/airflow/example_dags/example_xcomargs.py
[2022-02-12 15:06:19,859] {scheduler_job.py:633} INFO - Processing file /home/agalli/sandbox/lib/python3.6/site-packages/airflow/example_dags/example_xcomargs.py for tasks to queue
[2022-02-12 15:06:19,860] {logging_mixin.py:104} INFO - [2022-02-12 15:06:19,860] {dagbag.py:487} INFO - Filling up the DagBag from /home/agalli/sandbox/lib/python3.6/site-packages/airflow/example_dags/example_xcomargs.py
[2022-02-12 15:06:19,891] {scheduler_job.py:643} INFO - DAG(s) dict_keys(['example_xcom_args', 'example_xcom_args_with_operators']) retrieved from /home/agalli/sandbox/lib/python3.6/site-packages/airflow/example_dags/example_xcomargs.py
[2022-02-12 15:06:20,390] {logging_mixin.py:104} INFO - [2022-02-12 15:06:20,390] {dag.py:1832} INFO - Sync 2 DAGs
[2022-02-12 15:06:20,426] {logging_mixin.py:104} INFO - [2022-02-12 15:06:20,425] {dag.py:2305} INFO - Setting next_dagrun for example_xcom_args to None
[2022-02-12 15:06:20,428] {logging_mixin.py:104} INFO - [2022-02-12 15:06:20,428] {dag.py:2305} INFO - Setting next_dagrun for example_xcom_args_with_operators to None
[2022-02-12 15:06:20,476] {scheduler_job.py:190} INFO - Processing /home/agalli/sandbox/lib/python3.6/site-packages/airflow/example_dags/example_xcomargs.py took 0.624 seconds
[2022-02-12 15:06:50,643] {scheduler_job.py:182} INFO - Started process (PID=20769) to work on /home/agalli/sandbox/lib/python3.6/site-packages/airflow/example_dags/example_xcomargs.py
[2022-02-12 15:06:50,645] {scheduler_job.py:633} INFO - Processing file /home/agalli/sandbox/lib/python3.6/site-packages/airflow/example_dags/example_xcomargs.py for tasks to queue
[2022-02-12 15:06:50,646] {logging_mixin.py:104} INFO - [2022-02-12 15:06:50,646] {dagbag.py:487} INFO - Filling up the DagBag from /home/agalli/sandbox/lib/python3.6/site-packages/airflow/example_dags/example_xcomargs.py
[2022-02-12 15:06:50,679] {scheduler_job.py:643} INFO - DAG(s) dict_keys(['example_xcom_args', 'example_xcom_args_with_operators']) retrieved from /home/agalli/sandbox/lib/python3.6/site-packages/airflow/example_dags/example_xcomargs.py
[2022-02-12 15:06:51,172] {logging_mixin.py:104} INFO - [2022-02-12 15:06:51,171] {dag.py:1832} INFO - Sync 2 DAGs
[2022-02-12 15:06:51,203] {logging_mixin.py:104} INFO - [2022-02-12 15:06:51,203] {dag.py:2305} INFO - Setting next_dagrun for example_xcom_args to None
[2022-02-12 15:06:51,205] {logging_mixin.py:104} INFO - [2022-02-12 15:06:51,204] {dag.py:2305} INFO - Setting next_dagrun for example_xcom_args_with_operators to None
[2022-02-12 15:06:51,225] {scheduler_job.py:190} INFO - Processing /home/agalli/sandbox/lib/python3.6/site-packages/airflow/example_dags/example_xcomargs.py took 0.586 seconds
[2022-02-12 15:07:21,595] {scheduler_job.py:182} INFO - Started process (PID=20971) to work on /home/agalli/sandbox/lib/python3.6/site-packages/airflow/example_dags/example_xcomargs.py
[2022-02-12 15:07:21,596] {scheduler_job.py:633} INFO - Processing file /home/agalli/sandbox/lib/python3.6/site-packages/airflow/example_dags/example_xcomargs.py for tasks to queue
[2022-02-12 15:07:21,597] {logging_mixin.py:104} INFO - [2022-02-12 15:07:21,597] {dagbag.py:487} INFO - Filling up the DagBag from /home/agalli/sandbox/lib/python3.6/site-packages/airflow/example_dags/example_xcomargs.py
[2022-02-12 15:07:21,629] {scheduler_job.py:643} INFO - DAG(s) dict_keys(['example_xcom_args', 'example_xcom_args_with_operators']) retrieved from /home/agalli/sandbox/lib/python3.6/site-packages/airflow/example_dags/example_xcomargs.py
[2022-02-12 15:07:22,110] {logging_mixin.py:104} INFO - [2022-02-12 15:07:22,110] {dag.py:1832} INFO - Sync 2 DAGs
[2022-02-12 15:07:22,146] {logging_mixin.py:104} INFO - [2022-02-12 15:07:22,146] {dag.py:2305} INFO - Setting next_dagrun for example_xcom_args to None
[2022-02-12 15:07:22,148] {logging_mixin.py:104} INFO - [2022-02-12 15:07:22,148] {dag.py:2305} INFO - Setting next_dagrun for example_xcom_args_with_operators to None
[2022-02-12 15:07:22,175] {scheduler_job.py:190} INFO - Processing /home/agalli/sandbox/lib/python3.6/site-packages/airflow/example_dags/example_xcomargs.py took 0.587 seconds
[2022-02-12 15:07:52,266] {scheduler_job.py:182} INFO - Started process (PID=21175) to work on /home/agalli/sandbox/lib/python3.6/site-packages/airflow/example_dags/example_xcomargs.py
[2022-02-12 15:07:52,268] {scheduler_job.py:633} INFO - Processing file /home/agalli/sandbox/lib/python3.6/site-packages/airflow/example_dags/example_xcomargs.py for tasks to queue
[2022-02-12 15:07:52,269] {logging_mixin.py:104} INFO - [2022-02-12 15:07:52,269] {dagbag.py:487} INFO - Filling up the DagBag from /home/agalli/sandbox/lib/python3.6/site-packages/airflow/example_dags/example_xcomargs.py
[2022-02-12 15:07:52,294] {scheduler_job.py:643} INFO - DAG(s) dict_keys(['example_xcom_args', 'example_xcom_args_with_operators']) retrieved from /home/agalli/sandbox/lib/python3.6/site-packages/airflow/example_dags/example_xcomargs.py
[2022-02-12 15:07:52,634] {logging_mixin.py:104} INFO - [2022-02-12 15:07:52,634] {dag.py:1832} INFO - Sync 2 DAGs
[2022-02-12 15:07:52,656] {logging_mixin.py:104} INFO - [2022-02-12 15:07:52,656] {dag.py:2305} INFO - Setting next_dagrun for example_xcom_args to None
[2022-02-12 15:07:52,658] {logging_mixin.py:104} INFO - [2022-02-12 15:07:52,658] {dag.py:2305} INFO - Setting next_dagrun for example_xcom_args_with_operators to None
[2022-02-12 15:07:52,681] {scheduler_job.py:190} INFO - Processing /home/agalli/sandbox/lib/python3.6/site-packages/airflow/example_dags/example_xcomargs.py took 0.420 seconds
[2022-02-12 15:08:22,828] {scheduler_job.py:182} INFO - Started process (PID=21378) to work on /home/agalli/sandbox/lib/python3.6/site-packages/airflow/example_dags/example_xcomargs.py
[2022-02-12 15:08:22,829] {scheduler_job.py:633} INFO - Processing file /home/agalli/sandbox/lib/python3.6/site-packages/airflow/example_dags/example_xcomargs.py for tasks to queue
[2022-02-12 15:08:22,830] {logging_mixin.py:104} INFO - [2022-02-12 15:08:22,830] {dagbag.py:487} INFO - Filling up the DagBag from /home/agalli/sandbox/lib/python3.6/site-packages/airflow/example_dags/example_xcomargs.py
[2022-02-12 15:08:22,865] {scheduler_job.py:643} INFO - DAG(s) dict_keys(['example_xcom_args', 'example_xcom_args_with_operators']) retrieved from /home/agalli/sandbox/lib/python3.6/site-packages/airflow/example_dags/example_xcomargs.py
[2022-02-12 15:08:23,327] {logging_mixin.py:104} INFO - [2022-02-12 15:08:23,326] {dag.py:1832} INFO - Sync 2 DAGs
[2022-02-12 15:08:23,351] {logging_mixin.py:104} INFO - [2022-02-12 15:08:23,351] {dag.py:2305} INFO - Setting next_dagrun for example_xcom_args to None
[2022-02-12 15:08:23,352] {logging_mixin.py:104} INFO - [2022-02-12 15:08:23,352] {dag.py:2305} INFO - Setting next_dagrun for example_xcom_args_with_operators to None
[2022-02-12 15:08:23,376] {scheduler_job.py:190} INFO - Processing /home/agalli/sandbox/lib/python3.6/site-packages/airflow/example_dags/example_xcomargs.py took 0.551 seconds
