[2022-02-12 13:57:21,447] {scheduler_job.py:182} INFO - Started process (PID=1560) to work on /home/agalli/sandbox/lib/python3.6/site-packages/airflow/example_dags/example_trigger_target_dag.py
[2022-02-12 13:57:21,460] {scheduler_job.py:633} INFO - Processing file /home/agalli/sandbox/lib/python3.6/site-packages/airflow/example_dags/example_trigger_target_dag.py for tasks to queue
[2022-02-12 13:57:21,489] {logging_mixin.py:104} INFO - [2022-02-12 13:57:21,461] {dagbag.py:487} INFO - Filling up the DagBag from /home/agalli/sandbox/lib/python3.6/site-packages/airflow/example_dags/example_trigger_target_dag.py
[2022-02-12 13:57:21,669] {scheduler_job.py:643} INFO - DAG(s) dict_keys(['example_trigger_target_dag']) retrieved from /home/agalli/sandbox/lib/python3.6/site-packages/airflow/example_dags/example_trigger_target_dag.py
[2022-02-12 13:57:21,816] {logging_mixin.py:104} INFO - [2022-02-12 13:57:21,815] {dag.py:1832} INFO - Sync 1 DAGs
[2022-02-12 13:57:21,892] {logging_mixin.py:104} INFO - [2022-02-12 13:57:21,892] {dag.py:2305} INFO - Setting next_dagrun for example_trigger_target_dag to None
[2022-02-12 13:57:21,953] {scheduler_job.py:190} INFO - Processing /home/agalli/sandbox/lib/python3.6/site-packages/airflow/example_dags/example_trigger_target_dag.py took 0.513 seconds
[2022-02-12 13:57:52,413] {scheduler_job.py:182} INFO - Started process (PID=2154) to work on /home/agalli/sandbox/lib/python3.6/site-packages/airflow/example_dags/example_trigger_target_dag.py
[2022-02-12 13:57:52,426] {scheduler_job.py:633} INFO - Processing file /home/agalli/sandbox/lib/python3.6/site-packages/airflow/example_dags/example_trigger_target_dag.py for tasks to queue
[2022-02-12 13:57:52,428] {logging_mixin.py:104} INFO - [2022-02-12 13:57:52,428] {dagbag.py:487} INFO - Filling up the DagBag from /home/agalli/sandbox/lib/python3.6/site-packages/airflow/example_dags/example_trigger_target_dag.py
[2022-02-12 13:57:52,497] {scheduler_job.py:643} INFO - DAG(s) dict_keys(['example_trigger_target_dag']) retrieved from /home/agalli/sandbox/lib/python3.6/site-packages/airflow/example_dags/example_trigger_target_dag.py
[2022-02-12 13:57:52,643] {logging_mixin.py:104} INFO - [2022-02-12 13:57:52,643] {dag.py:1832} INFO - Sync 1 DAGs
[2022-02-12 13:57:52,739] {logging_mixin.py:104} INFO - [2022-02-12 13:57:52,738] {dag.py:2305} INFO - Setting next_dagrun for example_trigger_target_dag to None
[2022-02-12 13:57:52,785] {scheduler_job.py:190} INFO - Processing /home/agalli/sandbox/lib/python3.6/site-packages/airflow/example_dags/example_trigger_target_dag.py took 0.382 seconds
[2022-02-12 13:58:22,939] {scheduler_job.py:182} INFO - Started process (PID=2363) to work on /home/agalli/sandbox/lib/python3.6/site-packages/airflow/example_dags/example_trigger_target_dag.py
[2022-02-12 13:58:22,944] {scheduler_job.py:633} INFO - Processing file /home/agalli/sandbox/lib/python3.6/site-packages/airflow/example_dags/example_trigger_target_dag.py for tasks to queue
[2022-02-12 13:58:22,945] {logging_mixin.py:104} INFO - [2022-02-12 13:58:22,945] {dagbag.py:487} INFO - Filling up the DagBag from /home/agalli/sandbox/lib/python3.6/site-packages/airflow/example_dags/example_trigger_target_dag.py
[2022-02-12 13:58:22,975] {scheduler_job.py:643} INFO - DAG(s) dict_keys(['example_trigger_target_dag']) retrieved from /home/agalli/sandbox/lib/python3.6/site-packages/airflow/example_dags/example_trigger_target_dag.py
[2022-02-12 13:58:23,027] {logging_mixin.py:104} INFO - [2022-02-12 13:58:23,026] {dag.py:1832} INFO - Sync 1 DAGs
[2022-02-12 13:58:23,053] {logging_mixin.py:104} INFO - [2022-02-12 13:58:23,053] {dag.py:2305} INFO - Setting next_dagrun for example_trigger_target_dag to None
[2022-02-12 13:58:23,067] {scheduler_job.py:190} INFO - Processing /home/agalli/sandbox/lib/python3.6/site-packages/airflow/example_dags/example_trigger_target_dag.py took 0.134 seconds
[2022-02-12 13:58:53,567] {scheduler_job.py:182} INFO - Started process (PID=2565) to work on /home/agalli/sandbox/lib/python3.6/site-packages/airflow/example_dags/example_trigger_target_dag.py
[2022-02-12 13:58:53,568] {scheduler_job.py:633} INFO - Processing file /home/agalli/sandbox/lib/python3.6/site-packages/airflow/example_dags/example_trigger_target_dag.py for tasks to queue
[2022-02-12 13:58:53,569] {logging_mixin.py:104} INFO - [2022-02-12 13:58:53,568] {dagbag.py:487} INFO - Filling up the DagBag from /home/agalli/sandbox/lib/python3.6/site-packages/airflow/example_dags/example_trigger_target_dag.py
[2022-02-12 13:58:53,589] {scheduler_job.py:643} INFO - DAG(s) dict_keys(['example_trigger_target_dag']) retrieved from /home/agalli/sandbox/lib/python3.6/site-packages/airflow/example_dags/example_trigger_target_dag.py
[2022-02-12 13:58:53,652] {logging_mixin.py:104} INFO - [2022-02-12 13:58:53,652] {dag.py:1832} INFO - Sync 1 DAGs
[2022-02-12 13:58:53,683] {logging_mixin.py:104} INFO - [2022-02-12 13:58:53,683] {dag.py:2305} INFO - Setting next_dagrun for example_trigger_target_dag to None
[2022-02-12 13:58:53,715] {scheduler_job.py:190} INFO - Processing /home/agalli/sandbox/lib/python3.6/site-packages/airflow/example_dags/example_trigger_target_dag.py took 0.153 seconds
[2022-02-12 13:59:23,866] {scheduler_job.py:182} INFO - Started process (PID=2768) to work on /home/agalli/sandbox/lib/python3.6/site-packages/airflow/example_dags/example_trigger_target_dag.py
[2022-02-12 13:59:23,867] {scheduler_job.py:633} INFO - Processing file /home/agalli/sandbox/lib/python3.6/site-packages/airflow/example_dags/example_trigger_target_dag.py for tasks to queue
[2022-02-12 13:59:23,868] {logging_mixin.py:104} INFO - [2022-02-12 13:59:23,868] {dagbag.py:487} INFO - Filling up the DagBag from /home/agalli/sandbox/lib/python3.6/site-packages/airflow/example_dags/example_trigger_target_dag.py
[2022-02-12 13:59:23,893] {scheduler_job.py:643} INFO - DAG(s) dict_keys(['example_trigger_target_dag']) retrieved from /home/agalli/sandbox/lib/python3.6/site-packages/airflow/example_dags/example_trigger_target_dag.py
[2022-02-12 13:59:23,926] {logging_mixin.py:104} INFO - [2022-02-12 13:59:23,926] {dag.py:1832} INFO - Sync 1 DAGs
[2022-02-12 13:59:23,947] {logging_mixin.py:104} INFO - [2022-02-12 13:59:23,947] {dag.py:2305} INFO - Setting next_dagrun for example_trigger_target_dag to None
[2022-02-12 13:59:23,962] {scheduler_job.py:190} INFO - Processing /home/agalli/sandbox/lib/python3.6/site-packages/airflow/example_dags/example_trigger_target_dag.py took 0.101 seconds
[2022-02-12 13:59:54,854] {scheduler_job.py:182} INFO - Started process (PID=3035) to work on /home/agalli/sandbox/lib/python3.6/site-packages/airflow/example_dags/example_trigger_target_dag.py
[2022-02-12 13:59:54,866] {scheduler_job.py:633} INFO - Processing file /home/agalli/sandbox/lib/python3.6/site-packages/airflow/example_dags/example_trigger_target_dag.py for tasks to queue
[2022-02-12 13:59:54,868] {logging_mixin.py:104} INFO - [2022-02-12 13:59:54,868] {dagbag.py:487} INFO - Filling up the DagBag from /home/agalli/sandbox/lib/python3.6/site-packages/airflow/example_dags/example_trigger_target_dag.py
[2022-02-12 13:59:54,978] {scheduler_job.py:643} INFO - DAG(s) dict_keys(['example_trigger_target_dag']) retrieved from /home/agalli/sandbox/lib/python3.6/site-packages/airflow/example_dags/example_trigger_target_dag.py
[2022-02-12 13:59:55,109] {logging_mixin.py:104} INFO - [2022-02-12 13:59:55,108] {dag.py:1832} INFO - Sync 1 DAGs
[2022-02-12 13:59:55,209] {logging_mixin.py:104} INFO - [2022-02-12 13:59:55,209] {dag.py:2305} INFO - Setting next_dagrun for example_trigger_target_dag to None
[2022-02-12 13:59:55,295] {scheduler_job.py:190} INFO - Processing /home/agalli/sandbox/lib/python3.6/site-packages/airflow/example_dags/example_trigger_target_dag.py took 0.459 seconds
[2022-02-12 14:00:25,881] {scheduler_job.py:182} INFO - Started process (PID=3355) to work on /home/agalli/sandbox/lib/python3.6/site-packages/airflow/example_dags/example_trigger_target_dag.py
[2022-02-12 14:00:25,883] {scheduler_job.py:633} INFO - Processing file /home/agalli/sandbox/lib/python3.6/site-packages/airflow/example_dags/example_trigger_target_dag.py for tasks to queue
[2022-02-12 14:00:25,884] {logging_mixin.py:104} INFO - [2022-02-12 14:00:25,884] {dagbag.py:487} INFO - Filling up the DagBag from /home/agalli/sandbox/lib/python3.6/site-packages/airflow/example_dags/example_trigger_target_dag.py
[2022-02-12 14:00:25,915] {scheduler_job.py:643} INFO - DAG(s) dict_keys(['example_trigger_target_dag']) retrieved from /home/agalli/sandbox/lib/python3.6/site-packages/airflow/example_dags/example_trigger_target_dag.py
[2022-02-12 14:00:25,958] {logging_mixin.py:104} INFO - [2022-02-12 14:00:25,958] {dag.py:1832} INFO - Sync 1 DAGs
[2022-02-12 14:00:26,021] {logging_mixin.py:104} INFO - [2022-02-12 14:00:26,020] {dag.py:2305} INFO - Setting next_dagrun for example_trigger_target_dag to None
[2022-02-12 14:00:26,093] {scheduler_job.py:190} INFO - Processing /home/agalli/sandbox/lib/python3.6/site-packages/airflow/example_dags/example_trigger_target_dag.py took 0.218 seconds
[2022-02-12 14:00:56,974] {scheduler_job.py:182} INFO - Started process (PID=3693) to work on /home/agalli/sandbox/lib/python3.6/site-packages/airflow/example_dags/example_trigger_target_dag.py
[2022-02-12 14:00:56,977] {scheduler_job.py:633} INFO - Processing file /home/agalli/sandbox/lib/python3.6/site-packages/airflow/example_dags/example_trigger_target_dag.py for tasks to queue
[2022-02-12 14:00:56,990] {logging_mixin.py:104} INFO - [2022-02-12 14:00:56,990] {dagbag.py:487} INFO - Filling up the DagBag from /home/agalli/sandbox/lib/python3.6/site-packages/airflow/example_dags/example_trigger_target_dag.py
[2022-02-12 14:00:57,137] {scheduler_job.py:643} INFO - DAG(s) dict_keys(['example_trigger_target_dag']) retrieved from /home/agalli/sandbox/lib/python3.6/site-packages/airflow/example_dags/example_trigger_target_dag.py
[2022-02-12 14:00:57,325] {logging_mixin.py:104} INFO - [2022-02-12 14:00:57,325] {dag.py:1832} INFO - Sync 1 DAGs
[2022-02-12 14:00:57,473] {logging_mixin.py:104} INFO - [2022-02-12 14:00:57,472] {dag.py:2305} INFO - Setting next_dagrun for example_trigger_target_dag to None
[2022-02-12 14:00:57,626] {scheduler_job.py:190} INFO - Processing /home/agalli/sandbox/lib/python3.6/site-packages/airflow/example_dags/example_trigger_target_dag.py took 0.686 seconds
[2022-02-12 14:01:27,784] {scheduler_job.py:182} INFO - Started process (PID=5091) to work on /home/agalli/sandbox/lib/python3.6/site-packages/airflow/example_dags/example_trigger_target_dag.py
[2022-02-12 14:01:27,786] {scheduler_job.py:633} INFO - Processing file /home/agalli/sandbox/lib/python3.6/site-packages/airflow/example_dags/example_trigger_target_dag.py for tasks to queue
[2022-02-12 14:01:27,787] {logging_mixin.py:104} INFO - [2022-02-12 14:01:27,786] {dagbag.py:487} INFO - Filling up the DagBag from /home/agalli/sandbox/lib/python3.6/site-packages/airflow/example_dags/example_trigger_target_dag.py
[2022-02-12 14:01:27,802] {scheduler_job.py:643} INFO - DAG(s) dict_keys(['example_trigger_target_dag']) retrieved from /home/agalli/sandbox/lib/python3.6/site-packages/airflow/example_dags/example_trigger_target_dag.py
[2022-02-12 14:01:27,831] {logging_mixin.py:104} INFO - [2022-02-12 14:01:27,831] {dag.py:1832} INFO - Sync 1 DAGs
[2022-02-12 14:01:27,849] {logging_mixin.py:104} INFO - [2022-02-12 14:01:27,849] {dag.py:2305} INFO - Setting next_dagrun for example_trigger_target_dag to None
[2022-02-12 14:01:27,865] {scheduler_job.py:190} INFO - Processing /home/agalli/sandbox/lib/python3.6/site-packages/airflow/example_dags/example_trigger_target_dag.py took 0.085 seconds
[2022-02-12 14:01:58,772] {scheduler_job.py:182} INFO - Started process (PID=5503) to work on /home/agalli/sandbox/lib/python3.6/site-packages/airflow/example_dags/example_trigger_target_dag.py
[2022-02-12 14:01:58,773] {scheduler_job.py:633} INFO - Processing file /home/agalli/sandbox/lib/python3.6/site-packages/airflow/example_dags/example_trigger_target_dag.py for tasks to queue
[2022-02-12 14:01:58,774] {logging_mixin.py:104} INFO - [2022-02-12 14:01:58,774] {dagbag.py:487} INFO - Filling up the DagBag from /home/agalli/sandbox/lib/python3.6/site-packages/airflow/example_dags/example_trigger_target_dag.py
[2022-02-12 14:01:58,794] {scheduler_job.py:643} INFO - DAG(s) dict_keys(['example_trigger_target_dag']) retrieved from /home/agalli/sandbox/lib/python3.6/site-packages/airflow/example_dags/example_trigger_target_dag.py
[2022-02-12 14:01:58,829] {logging_mixin.py:104} INFO - [2022-02-12 14:01:58,829] {dag.py:1832} INFO - Sync 1 DAGs
[2022-02-12 14:01:58,850] {logging_mixin.py:104} INFO - [2022-02-12 14:01:58,850] {dag.py:2305} INFO - Setting next_dagrun for example_trigger_target_dag to None
[2022-02-12 14:01:58,872] {scheduler_job.py:190} INFO - Processing /home/agalli/sandbox/lib/python3.6/site-packages/airflow/example_dags/example_trigger_target_dag.py took 0.104 seconds
[2022-02-12 14:02:29,384] {scheduler_job.py:182} INFO - Started process (PID=5825) to work on /home/agalli/sandbox/lib/python3.6/site-packages/airflow/example_dags/example_trigger_target_dag.py
[2022-02-12 14:02:29,385] {scheduler_job.py:633} INFO - Processing file /home/agalli/sandbox/lib/python3.6/site-packages/airflow/example_dags/example_trigger_target_dag.py for tasks to queue
[2022-02-12 14:02:29,386] {logging_mixin.py:104} INFO - [2022-02-12 14:02:29,386] {dagbag.py:487} INFO - Filling up the DagBag from /home/agalli/sandbox/lib/python3.6/site-packages/airflow/example_dags/example_trigger_target_dag.py
[2022-02-12 14:02:29,404] {scheduler_job.py:643} INFO - DAG(s) dict_keys(['example_trigger_target_dag']) retrieved from /home/agalli/sandbox/lib/python3.6/site-packages/airflow/example_dags/example_trigger_target_dag.py
[2022-02-12 14:02:29,434] {logging_mixin.py:104} INFO - [2022-02-12 14:02:29,434] {dag.py:1832} INFO - Sync 1 DAGs
[2022-02-12 14:02:29,457] {logging_mixin.py:104} INFO - [2022-02-12 14:02:29,456] {dag.py:2305} INFO - Setting next_dagrun for example_trigger_target_dag to None
[2022-02-12 14:02:29,472] {scheduler_job.py:190} INFO - Processing /home/agalli/sandbox/lib/python3.6/site-packages/airflow/example_dags/example_trigger_target_dag.py took 0.094 seconds
[2022-02-12 14:02:59,662] {scheduler_job.py:182} INFO - Started process (PID=6025) to work on /home/agalli/sandbox/lib/python3.6/site-packages/airflow/example_dags/example_trigger_target_dag.py
[2022-02-12 14:02:59,664] {scheduler_job.py:633} INFO - Processing file /home/agalli/sandbox/lib/python3.6/site-packages/airflow/example_dags/example_trigger_target_dag.py for tasks to queue
[2022-02-12 14:02:59,666] {logging_mixin.py:104} INFO - [2022-02-12 14:02:59,665] {dagbag.py:487} INFO - Filling up the DagBag from /home/agalli/sandbox/lib/python3.6/site-packages/airflow/example_dags/example_trigger_target_dag.py
[2022-02-12 14:02:59,688] {scheduler_job.py:643} INFO - DAG(s) dict_keys(['example_trigger_target_dag']) retrieved from /home/agalli/sandbox/lib/python3.6/site-packages/airflow/example_dags/example_trigger_target_dag.py
[2022-02-12 14:02:59,717] {logging_mixin.py:104} INFO - [2022-02-12 14:02:59,717] {dag.py:1832} INFO - Sync 1 DAGs
[2022-02-12 14:02:59,739] {logging_mixin.py:104} INFO - [2022-02-12 14:02:59,738] {dag.py:2305} INFO - Setting next_dagrun for example_trigger_target_dag to None
[2022-02-12 14:02:59,750] {scheduler_job.py:190} INFO - Processing /home/agalli/sandbox/lib/python3.6/site-packages/airflow/example_dags/example_trigger_target_dag.py took 0.100 seconds
[2022-02-12 14:20:17,366] {scheduler_job.py:182} INFO - Started process (PID=7022) to work on /home/agalli/sandbox/lib/python3.6/site-packages/airflow/example_dags/example_trigger_target_dag.py
[2022-02-12 14:20:17,381] {scheduler_job.py:633} INFO - Processing file /home/agalli/sandbox/lib/python3.6/site-packages/airflow/example_dags/example_trigger_target_dag.py for tasks to queue
[2022-02-12 14:20:17,385] {logging_mixin.py:104} INFO - [2022-02-12 14:20:17,384] {dagbag.py:487} INFO - Filling up the DagBag from /home/agalli/sandbox/lib/python3.6/site-packages/airflow/example_dags/example_trigger_target_dag.py
[2022-02-12 14:20:17,475] {scheduler_job.py:643} INFO - DAG(s) dict_keys(['example_trigger_target_dag']) retrieved from /home/agalli/sandbox/lib/python3.6/site-packages/airflow/example_dags/example_trigger_target_dag.py
[2022-02-12 14:20:17,589] {logging_mixin.py:104} INFO - [2022-02-12 14:20:17,589] {dag.py:1832} INFO - Sync 1 DAGs
[2022-02-12 14:20:17,625] {logging_mixin.py:104} INFO - [2022-02-12 14:20:17,625] {dag.py:2305} INFO - Setting next_dagrun for example_trigger_target_dag to None
[2022-02-12 14:20:17,652] {scheduler_job.py:190} INFO - Processing /home/agalli/sandbox/lib/python3.6/site-packages/airflow/example_dags/example_trigger_target_dag.py took 0.306 seconds
[2022-02-12 14:20:47,816] {scheduler_job.py:182} INFO - Started process (PID=7217) to work on /home/agalli/sandbox/lib/python3.6/site-packages/airflow/example_dags/example_trigger_target_dag.py
[2022-02-12 14:20:47,817] {scheduler_job.py:633} INFO - Processing file /home/agalli/sandbox/lib/python3.6/site-packages/airflow/example_dags/example_trigger_target_dag.py for tasks to queue
[2022-02-12 14:20:47,818] {logging_mixin.py:104} INFO - [2022-02-12 14:20:47,818] {dagbag.py:487} INFO - Filling up the DagBag from /home/agalli/sandbox/lib/python3.6/site-packages/airflow/example_dags/example_trigger_target_dag.py
[2022-02-12 14:20:47,843] {scheduler_job.py:643} INFO - DAG(s) dict_keys(['example_trigger_target_dag']) retrieved from /home/agalli/sandbox/lib/python3.6/site-packages/airflow/example_dags/example_trigger_target_dag.py
[2022-02-12 14:20:47,882] {logging_mixin.py:104} INFO - [2022-02-12 14:20:47,882] {dag.py:1832} INFO - Sync 1 DAGs
[2022-02-12 14:20:47,906] {logging_mixin.py:104} INFO - [2022-02-12 14:20:47,906] {dag.py:2305} INFO - Setting next_dagrun for example_trigger_target_dag to None
[2022-02-12 14:20:47,925] {scheduler_job.py:190} INFO - Processing /home/agalli/sandbox/lib/python3.6/site-packages/airflow/example_dags/example_trigger_target_dag.py took 0.113 seconds
[2022-02-12 14:21:19,543] {scheduler_job.py:182} INFO - Started process (PID=7425) to work on /home/agalli/sandbox/lib/python3.6/site-packages/airflow/example_dags/example_trigger_target_dag.py
[2022-02-12 14:21:19,545] {scheduler_job.py:633} INFO - Processing file /home/agalli/sandbox/lib/python3.6/site-packages/airflow/example_dags/example_trigger_target_dag.py for tasks to queue
[2022-02-12 14:21:19,545] {logging_mixin.py:104} INFO - [2022-02-12 14:21:19,545] {dagbag.py:487} INFO - Filling up the DagBag from /home/agalli/sandbox/lib/python3.6/site-packages/airflow/example_dags/example_trigger_target_dag.py
[2022-02-12 14:21:19,559] {scheduler_job.py:643} INFO - DAG(s) dict_keys(['example_trigger_target_dag']) retrieved from /home/agalli/sandbox/lib/python3.6/site-packages/airflow/example_dags/example_trigger_target_dag.py
[2022-02-12 14:21:19,596] {logging_mixin.py:104} INFO - [2022-02-12 14:21:19,596] {dag.py:1832} INFO - Sync 1 DAGs
[2022-02-12 14:21:19,617] {logging_mixin.py:104} INFO - [2022-02-12 14:21:19,617] {dag.py:2305} INFO - Setting next_dagrun for example_trigger_target_dag to None
[2022-02-12 14:21:19,627] {scheduler_job.py:190} INFO - Processing /home/agalli/sandbox/lib/python3.6/site-packages/airflow/example_dags/example_trigger_target_dag.py took 0.088 seconds
[2022-02-12 14:21:50,660] {scheduler_job.py:182} INFO - Started process (PID=7627) to work on /home/agalli/sandbox/lib/python3.6/site-packages/airflow/example_dags/example_trigger_target_dag.py
[2022-02-12 14:21:50,661] {scheduler_job.py:633} INFO - Processing file /home/agalli/sandbox/lib/python3.6/site-packages/airflow/example_dags/example_trigger_target_dag.py for tasks to queue
[2022-02-12 14:21:50,662] {logging_mixin.py:104} INFO - [2022-02-12 14:21:50,662] {dagbag.py:487} INFO - Filling up the DagBag from /home/agalli/sandbox/lib/python3.6/site-packages/airflow/example_dags/example_trigger_target_dag.py
[2022-02-12 14:21:50,675] {scheduler_job.py:643} INFO - DAG(s) dict_keys(['example_trigger_target_dag']) retrieved from /home/agalli/sandbox/lib/python3.6/site-packages/airflow/example_dags/example_trigger_target_dag.py
[2022-02-12 14:21:50,702] {logging_mixin.py:104} INFO - [2022-02-12 14:21:50,702] {dag.py:1832} INFO - Sync 1 DAGs
[2022-02-12 14:21:50,720] {logging_mixin.py:104} INFO - [2022-02-12 14:21:50,719] {dag.py:2305} INFO - Setting next_dagrun for example_trigger_target_dag to None
[2022-02-12 14:21:50,732] {scheduler_job.py:190} INFO - Processing /home/agalli/sandbox/lib/python3.6/site-packages/airflow/example_dags/example_trigger_target_dag.py took 0.076 seconds
[2022-02-12 14:22:21,312] {scheduler_job.py:182} INFO - Started process (PID=7829) to work on /home/agalli/sandbox/lib/python3.6/site-packages/airflow/example_dags/example_trigger_target_dag.py
[2022-02-12 14:22:21,314] {scheduler_job.py:633} INFO - Processing file /home/agalli/sandbox/lib/python3.6/site-packages/airflow/example_dags/example_trigger_target_dag.py for tasks to queue
[2022-02-12 14:22:21,315] {logging_mixin.py:104} INFO - [2022-02-12 14:22:21,315] {dagbag.py:487} INFO - Filling up the DagBag from /home/agalli/sandbox/lib/python3.6/site-packages/airflow/example_dags/example_trigger_target_dag.py
[2022-02-12 14:22:21,340] {scheduler_job.py:643} INFO - DAG(s) dict_keys(['example_trigger_target_dag']) retrieved from /home/agalli/sandbox/lib/python3.6/site-packages/airflow/example_dags/example_trigger_target_dag.py
[2022-02-12 14:22:21,384] {logging_mixin.py:104} INFO - [2022-02-12 14:22:21,384] {dag.py:1832} INFO - Sync 1 DAGs
[2022-02-12 14:22:21,418] {logging_mixin.py:104} INFO - [2022-02-12 14:22:21,418] {dag.py:2305} INFO - Setting next_dagrun for example_trigger_target_dag to None
[2022-02-12 14:22:21,436] {scheduler_job.py:190} INFO - Processing /home/agalli/sandbox/lib/python3.6/site-packages/airflow/example_dags/example_trigger_target_dag.py took 0.128 seconds
[2022-02-12 14:22:52,608] {scheduler_job.py:182} INFO - Started process (PID=8031) to work on /home/agalli/sandbox/lib/python3.6/site-packages/airflow/example_dags/example_trigger_target_dag.py
[2022-02-12 14:22:52,609] {scheduler_job.py:633} INFO - Processing file /home/agalli/sandbox/lib/python3.6/site-packages/airflow/example_dags/example_trigger_target_dag.py for tasks to queue
[2022-02-12 14:22:52,610] {logging_mixin.py:104} INFO - [2022-02-12 14:22:52,610] {dagbag.py:487} INFO - Filling up the DagBag from /home/agalli/sandbox/lib/python3.6/site-packages/airflow/example_dags/example_trigger_target_dag.py
[2022-02-12 14:22:52,636] {scheduler_job.py:643} INFO - DAG(s) dict_keys(['example_trigger_target_dag']) retrieved from /home/agalli/sandbox/lib/python3.6/site-packages/airflow/example_dags/example_trigger_target_dag.py
[2022-02-12 14:22:52,672] {logging_mixin.py:104} INFO - [2022-02-12 14:22:52,672] {dag.py:1832} INFO - Sync 1 DAGs
[2022-02-12 14:22:52,696] {logging_mixin.py:104} INFO - [2022-02-12 14:22:52,696] {dag.py:2305} INFO - Setting next_dagrun for example_trigger_target_dag to None
[2022-02-12 14:22:52,710] {scheduler_job.py:190} INFO - Processing /home/agalli/sandbox/lib/python3.6/site-packages/airflow/example_dags/example_trigger_target_dag.py took 0.106 seconds
[2022-02-12 14:23:22,746] {scheduler_job.py:182} INFO - Started process (PID=8223) to work on /home/agalli/sandbox/lib/python3.6/site-packages/airflow/example_dags/example_trigger_target_dag.py
[2022-02-12 14:23:22,747] {scheduler_job.py:633} INFO - Processing file /home/agalli/sandbox/lib/python3.6/site-packages/airflow/example_dags/example_trigger_target_dag.py for tasks to queue
[2022-02-12 14:23:22,748] {logging_mixin.py:104} INFO - [2022-02-12 14:23:22,748] {dagbag.py:487} INFO - Filling up the DagBag from /home/agalli/sandbox/lib/python3.6/site-packages/airflow/example_dags/example_trigger_target_dag.py
[2022-02-12 14:23:22,770] {scheduler_job.py:643} INFO - DAG(s) dict_keys(['example_trigger_target_dag']) retrieved from /home/agalli/sandbox/lib/python3.6/site-packages/airflow/example_dags/example_trigger_target_dag.py
[2022-02-12 14:23:22,796] {logging_mixin.py:104} INFO - [2022-02-12 14:23:22,796] {dag.py:1832} INFO - Sync 1 DAGs
[2022-02-12 14:23:22,816] {logging_mixin.py:104} INFO - [2022-02-12 14:23:22,815] {dag.py:2305} INFO - Setting next_dagrun for example_trigger_target_dag to None
[2022-02-12 14:23:22,830] {scheduler_job.py:190} INFO - Processing /home/agalli/sandbox/lib/python3.6/site-packages/airflow/example_dags/example_trigger_target_dag.py took 0.088 seconds
[2022-02-12 14:23:53,061] {scheduler_job.py:182} INFO - Started process (PID=8423) to work on /home/agalli/sandbox/lib/python3.6/site-packages/airflow/example_dags/example_trigger_target_dag.py
[2022-02-12 14:23:53,062] {scheduler_job.py:633} INFO - Processing file /home/agalli/sandbox/lib/python3.6/site-packages/airflow/example_dags/example_trigger_target_dag.py for tasks to queue
[2022-02-12 14:23:53,062] {logging_mixin.py:104} INFO - [2022-02-12 14:23:53,062] {dagbag.py:487} INFO - Filling up the DagBag from /home/agalli/sandbox/lib/python3.6/site-packages/airflow/example_dags/example_trigger_target_dag.py
[2022-02-12 14:23:53,077] {scheduler_job.py:643} INFO - DAG(s) dict_keys(['example_trigger_target_dag']) retrieved from /home/agalli/sandbox/lib/python3.6/site-packages/airflow/example_dags/example_trigger_target_dag.py
[2022-02-12 14:23:53,104] {logging_mixin.py:104} INFO - [2022-02-12 14:23:53,104] {dag.py:1832} INFO - Sync 1 DAGs
[2022-02-12 14:23:53,119] {logging_mixin.py:104} INFO - [2022-02-12 14:23:53,119] {dag.py:2305} INFO - Setting next_dagrun for example_trigger_target_dag to None
[2022-02-12 14:23:53,133] {scheduler_job.py:190} INFO - Processing /home/agalli/sandbox/lib/python3.6/site-packages/airflow/example_dags/example_trigger_target_dag.py took 0.075 seconds
[2022-02-12 14:24:23,380] {scheduler_job.py:182} INFO - Started process (PID=8625) to work on /home/agalli/sandbox/lib/python3.6/site-packages/airflow/example_dags/example_trigger_target_dag.py
[2022-02-12 14:24:23,382] {scheduler_job.py:633} INFO - Processing file /home/agalli/sandbox/lib/python3.6/site-packages/airflow/example_dags/example_trigger_target_dag.py for tasks to queue
[2022-02-12 14:24:23,382] {logging_mixin.py:104} INFO - [2022-02-12 14:24:23,382] {dagbag.py:487} INFO - Filling up the DagBag from /home/agalli/sandbox/lib/python3.6/site-packages/airflow/example_dags/example_trigger_target_dag.py
[2022-02-12 14:24:23,398] {scheduler_job.py:643} INFO - DAG(s) dict_keys(['example_trigger_target_dag']) retrieved from /home/agalli/sandbox/lib/python3.6/site-packages/airflow/example_dags/example_trigger_target_dag.py
[2022-02-12 14:24:23,432] {logging_mixin.py:104} INFO - [2022-02-12 14:24:23,432] {dag.py:1832} INFO - Sync 1 DAGs
[2022-02-12 14:24:23,451] {logging_mixin.py:104} INFO - [2022-02-12 14:24:23,451] {dag.py:2305} INFO - Setting next_dagrun for example_trigger_target_dag to None
[2022-02-12 14:24:23,463] {scheduler_job.py:190} INFO - Processing /home/agalli/sandbox/lib/python3.6/site-packages/airflow/example_dags/example_trigger_target_dag.py took 0.089 seconds
[2022-02-12 14:24:53,599] {scheduler_job.py:182} INFO - Started process (PID=8825) to work on /home/agalli/sandbox/lib/python3.6/site-packages/airflow/example_dags/example_trigger_target_dag.py
[2022-02-12 14:24:53,605] {scheduler_job.py:633} INFO - Processing file /home/agalli/sandbox/lib/python3.6/site-packages/airflow/example_dags/example_trigger_target_dag.py for tasks to queue
[2022-02-12 14:24:53,607] {logging_mixin.py:104} INFO - [2022-02-12 14:24:53,606] {dagbag.py:487} INFO - Filling up the DagBag from /home/agalli/sandbox/lib/python3.6/site-packages/airflow/example_dags/example_trigger_target_dag.py
[2022-02-12 14:24:53,642] {scheduler_job.py:643} INFO - DAG(s) dict_keys(['example_trigger_target_dag']) retrieved from /home/agalli/sandbox/lib/python3.6/site-packages/airflow/example_dags/example_trigger_target_dag.py
[2022-02-12 14:24:53,697] {logging_mixin.py:104} INFO - [2022-02-12 14:24:53,696] {dag.py:1832} INFO - Sync 1 DAGs
[2022-02-12 14:24:53,760] {logging_mixin.py:104} INFO - [2022-02-12 14:24:53,760] {dag.py:2305} INFO - Setting next_dagrun for example_trigger_target_dag to None
[2022-02-12 14:24:53,845] {scheduler_job.py:190} INFO - Processing /home/agalli/sandbox/lib/python3.6/site-packages/airflow/example_dags/example_trigger_target_dag.py took 0.258 seconds
[2022-02-12 14:25:24,310] {scheduler_job.py:182} INFO - Started process (PID=9145) to work on /home/agalli/sandbox/lib/python3.6/site-packages/airflow/example_dags/example_trigger_target_dag.py
[2022-02-12 14:25:24,312] {scheduler_job.py:633} INFO - Processing file /home/agalli/sandbox/lib/python3.6/site-packages/airflow/example_dags/example_trigger_target_dag.py for tasks to queue
[2022-02-12 14:25:24,313] {logging_mixin.py:104} INFO - [2022-02-12 14:25:24,312] {dagbag.py:487} INFO - Filling up the DagBag from /home/agalli/sandbox/lib/python3.6/site-packages/airflow/example_dags/example_trigger_target_dag.py
[2022-02-12 14:25:24,335] {scheduler_job.py:643} INFO - DAG(s) dict_keys(['example_trigger_target_dag']) retrieved from /home/agalli/sandbox/lib/python3.6/site-packages/airflow/example_dags/example_trigger_target_dag.py
[2022-02-12 14:25:24,367] {logging_mixin.py:104} INFO - [2022-02-12 14:25:24,367] {dag.py:1832} INFO - Sync 1 DAGs
[2022-02-12 14:25:24,394] {logging_mixin.py:104} INFO - [2022-02-12 14:25:24,393] {dag.py:2305} INFO - Setting next_dagrun for example_trigger_target_dag to None
[2022-02-12 14:25:24,417] {scheduler_job.py:190} INFO - Processing /home/agalli/sandbox/lib/python3.6/site-packages/airflow/example_dags/example_trigger_target_dag.py took 0.111 seconds
[2022-02-12 14:25:55,146] {scheduler_job.py:182} INFO - Started process (PID=9348) to work on /home/agalli/sandbox/lib/python3.6/site-packages/airflow/example_dags/example_trigger_target_dag.py
[2022-02-12 14:25:55,147] {scheduler_job.py:633} INFO - Processing file /home/agalli/sandbox/lib/python3.6/site-packages/airflow/example_dags/example_trigger_target_dag.py for tasks to queue
[2022-02-12 14:25:55,148] {logging_mixin.py:104} INFO - [2022-02-12 14:25:55,147] {dagbag.py:487} INFO - Filling up the DagBag from /home/agalli/sandbox/lib/python3.6/site-packages/airflow/example_dags/example_trigger_target_dag.py
[2022-02-12 14:25:55,169] {scheduler_job.py:643} INFO - DAG(s) dict_keys(['example_trigger_target_dag']) retrieved from /home/agalli/sandbox/lib/python3.6/site-packages/airflow/example_dags/example_trigger_target_dag.py
[2022-02-12 14:25:55,201] {logging_mixin.py:104} INFO - [2022-02-12 14:25:55,201] {dag.py:1832} INFO - Sync 1 DAGs
[2022-02-12 14:25:55,221] {logging_mixin.py:104} INFO - [2022-02-12 14:25:55,221] {dag.py:2305} INFO - Setting next_dagrun for example_trigger_target_dag to None
[2022-02-12 14:25:55,236] {scheduler_job.py:190} INFO - Processing /home/agalli/sandbox/lib/python3.6/site-packages/airflow/example_dags/example_trigger_target_dag.py took 0.100 seconds
[2022-02-12 14:26:26,038] {scheduler_job.py:182} INFO - Started process (PID=9550) to work on /home/agalli/sandbox/lib/python3.6/site-packages/airflow/example_dags/example_trigger_target_dag.py
[2022-02-12 14:26:26,043] {scheduler_job.py:633} INFO - Processing file /home/agalli/sandbox/lib/python3.6/site-packages/airflow/example_dags/example_trigger_target_dag.py for tasks to queue
[2022-02-12 14:26:26,044] {logging_mixin.py:104} INFO - [2022-02-12 14:26:26,043] {dagbag.py:487} INFO - Filling up the DagBag from /home/agalli/sandbox/lib/python3.6/site-packages/airflow/example_dags/example_trigger_target_dag.py
[2022-02-12 14:26:26,063] {scheduler_job.py:643} INFO - DAG(s) dict_keys(['example_trigger_target_dag']) retrieved from /home/agalli/sandbox/lib/python3.6/site-packages/airflow/example_dags/example_trigger_target_dag.py
[2022-02-12 14:26:26,089] {logging_mixin.py:104} INFO - [2022-02-12 14:26:26,089] {dag.py:1832} INFO - Sync 1 DAGs
[2022-02-12 14:26:26,106] {logging_mixin.py:104} INFO - [2022-02-12 14:26:26,106] {dag.py:2305} INFO - Setting next_dagrun for example_trigger_target_dag to None
[2022-02-12 14:26:26,125] {scheduler_job.py:190} INFO - Processing /home/agalli/sandbox/lib/python3.6/site-packages/airflow/example_dags/example_trigger_target_dag.py took 0.091 seconds
[2022-02-12 14:26:56,159] {scheduler_job.py:182} INFO - Started process (PID=9748) to work on /home/agalli/sandbox/lib/python3.6/site-packages/airflow/example_dags/example_trigger_target_dag.py
[2022-02-12 14:26:56,160] {scheduler_job.py:633} INFO - Processing file /home/agalli/sandbox/lib/python3.6/site-packages/airflow/example_dags/example_trigger_target_dag.py for tasks to queue
[2022-02-12 14:26:56,160] {logging_mixin.py:104} INFO - [2022-02-12 14:26:56,160] {dagbag.py:487} INFO - Filling up the DagBag from /home/agalli/sandbox/lib/python3.6/site-packages/airflow/example_dags/example_trigger_target_dag.py
[2022-02-12 14:26:56,173] {scheduler_job.py:643} INFO - DAG(s) dict_keys(['example_trigger_target_dag']) retrieved from /home/agalli/sandbox/lib/python3.6/site-packages/airflow/example_dags/example_trigger_target_dag.py
[2022-02-12 14:26:56,199] {logging_mixin.py:104} INFO - [2022-02-12 14:26:56,199] {dag.py:1832} INFO - Sync 1 DAGs
[2022-02-12 14:26:56,215] {logging_mixin.py:104} INFO - [2022-02-12 14:26:56,215] {dag.py:2305} INFO - Setting next_dagrun for example_trigger_target_dag to None
[2022-02-12 14:26:56,227] {scheduler_job.py:190} INFO - Processing /home/agalli/sandbox/lib/python3.6/site-packages/airflow/example_dags/example_trigger_target_dag.py took 0.072 seconds
[2022-02-12 14:27:27,023] {scheduler_job.py:182} INFO - Started process (PID=9948) to work on /home/agalli/sandbox/lib/python3.6/site-packages/airflow/example_dags/example_trigger_target_dag.py
[2022-02-12 14:27:27,024] {scheduler_job.py:633} INFO - Processing file /home/agalli/sandbox/lib/python3.6/site-packages/airflow/example_dags/example_trigger_target_dag.py for tasks to queue
[2022-02-12 14:27:27,025] {logging_mixin.py:104} INFO - [2022-02-12 14:27:27,025] {dagbag.py:487} INFO - Filling up the DagBag from /home/agalli/sandbox/lib/python3.6/site-packages/airflow/example_dags/example_trigger_target_dag.py
[2022-02-12 14:27:27,044] {scheduler_job.py:643} INFO - DAG(s) dict_keys(['example_trigger_target_dag']) retrieved from /home/agalli/sandbox/lib/python3.6/site-packages/airflow/example_dags/example_trigger_target_dag.py
[2022-02-12 14:27:27,071] {logging_mixin.py:104} INFO - [2022-02-12 14:27:27,070] {dag.py:1832} INFO - Sync 1 DAGs
[2022-02-12 14:27:27,090] {logging_mixin.py:104} INFO - [2022-02-12 14:27:27,090] {dag.py:2305} INFO - Setting next_dagrun for example_trigger_target_dag to None
[2022-02-12 14:27:27,102] {scheduler_job.py:190} INFO - Processing /home/agalli/sandbox/lib/python3.6/site-packages/airflow/example_dags/example_trigger_target_dag.py took 0.084 seconds
[2022-02-12 14:27:57,464] {scheduler_job.py:182} INFO - Started process (PID=10151) to work on /home/agalli/sandbox/lib/python3.6/site-packages/airflow/example_dags/example_trigger_target_dag.py
[2022-02-12 14:27:57,466] {scheduler_job.py:633} INFO - Processing file /home/agalli/sandbox/lib/python3.6/site-packages/airflow/example_dags/example_trigger_target_dag.py for tasks to queue
[2022-02-12 14:27:57,468] {logging_mixin.py:104} INFO - [2022-02-12 14:27:57,467] {dagbag.py:487} INFO - Filling up the DagBag from /home/agalli/sandbox/lib/python3.6/site-packages/airflow/example_dags/example_trigger_target_dag.py
[2022-02-12 14:27:57,492] {scheduler_job.py:643} INFO - DAG(s) dict_keys(['example_trigger_target_dag']) retrieved from /home/agalli/sandbox/lib/python3.6/site-packages/airflow/example_dags/example_trigger_target_dag.py
[2022-02-12 14:27:57,528] {logging_mixin.py:104} INFO - [2022-02-12 14:27:57,528] {dag.py:1832} INFO - Sync 1 DAGs
[2022-02-12 14:27:57,552] {logging_mixin.py:104} INFO - [2022-02-12 14:27:57,552] {dag.py:2305} INFO - Setting next_dagrun for example_trigger_target_dag to None
[2022-02-12 14:27:57,567] {scheduler_job.py:190} INFO - Processing /home/agalli/sandbox/lib/python3.6/site-packages/airflow/example_dags/example_trigger_target_dag.py took 0.108 seconds
[2022-02-12 14:28:27,830] {scheduler_job.py:182} INFO - Started process (PID=10353) to work on /home/agalli/sandbox/lib/python3.6/site-packages/airflow/example_dags/example_trigger_target_dag.py
[2022-02-12 14:28:27,832] {scheduler_job.py:633} INFO - Processing file /home/agalli/sandbox/lib/python3.6/site-packages/airflow/example_dags/example_trigger_target_dag.py for tasks to queue
[2022-02-12 14:28:27,833] {logging_mixin.py:104} INFO - [2022-02-12 14:28:27,833] {dagbag.py:487} INFO - Filling up the DagBag from /home/agalli/sandbox/lib/python3.6/site-packages/airflow/example_dags/example_trigger_target_dag.py
[2022-02-12 14:28:27,852] {scheduler_job.py:643} INFO - DAG(s) dict_keys(['example_trigger_target_dag']) retrieved from /home/agalli/sandbox/lib/python3.6/site-packages/airflow/example_dags/example_trigger_target_dag.py
[2022-02-12 14:28:27,882] {logging_mixin.py:104} INFO - [2022-02-12 14:28:27,882] {dag.py:1832} INFO - Sync 1 DAGs
[2022-02-12 14:28:27,901] {logging_mixin.py:104} INFO - [2022-02-12 14:28:27,901] {dag.py:2305} INFO - Setting next_dagrun for example_trigger_target_dag to None
[2022-02-12 14:28:27,915] {scheduler_job.py:190} INFO - Processing /home/agalli/sandbox/lib/python3.6/site-packages/airflow/example_dags/example_trigger_target_dag.py took 0.089 seconds
[2022-02-12 14:28:58,370] {scheduler_job.py:182} INFO - Started process (PID=10555) to work on /home/agalli/sandbox/lib/python3.6/site-packages/airflow/example_dags/example_trigger_target_dag.py
[2022-02-12 14:28:58,371] {scheduler_job.py:633} INFO - Processing file /home/agalli/sandbox/lib/python3.6/site-packages/airflow/example_dags/example_trigger_target_dag.py for tasks to queue
[2022-02-12 14:28:58,372] {logging_mixin.py:104} INFO - [2022-02-12 14:28:58,372] {dagbag.py:487} INFO - Filling up the DagBag from /home/agalli/sandbox/lib/python3.6/site-packages/airflow/example_dags/example_trigger_target_dag.py
[2022-02-12 14:28:58,389] {scheduler_job.py:643} INFO - DAG(s) dict_keys(['example_trigger_target_dag']) retrieved from /home/agalli/sandbox/lib/python3.6/site-packages/airflow/example_dags/example_trigger_target_dag.py
[2022-02-12 14:28:58,419] {logging_mixin.py:104} INFO - [2022-02-12 14:28:58,419] {dag.py:1832} INFO - Sync 1 DAGs
[2022-02-12 14:28:58,439] {logging_mixin.py:104} INFO - [2022-02-12 14:28:58,438] {dag.py:2305} INFO - Setting next_dagrun for example_trigger_target_dag to None
[2022-02-12 14:28:58,451] {scheduler_job.py:190} INFO - Processing /home/agalli/sandbox/lib/python3.6/site-packages/airflow/example_dags/example_trigger_target_dag.py took 0.085 seconds
[2022-02-12 14:29:29,040] {scheduler_job.py:182} INFO - Started process (PID=10757) to work on /home/agalli/sandbox/lib/python3.6/site-packages/airflow/example_dags/example_trigger_target_dag.py
[2022-02-12 14:29:29,042] {scheduler_job.py:633} INFO - Processing file /home/agalli/sandbox/lib/python3.6/site-packages/airflow/example_dags/example_trigger_target_dag.py for tasks to queue
[2022-02-12 14:29:29,042] {logging_mixin.py:104} INFO - [2022-02-12 14:29:29,042] {dagbag.py:487} INFO - Filling up the DagBag from /home/agalli/sandbox/lib/python3.6/site-packages/airflow/example_dags/example_trigger_target_dag.py
[2022-02-12 14:29:29,061] {scheduler_job.py:643} INFO - DAG(s) dict_keys(['example_trigger_target_dag']) retrieved from /home/agalli/sandbox/lib/python3.6/site-packages/airflow/example_dags/example_trigger_target_dag.py
[2022-02-12 14:29:29,090] {logging_mixin.py:104} INFO - [2022-02-12 14:29:29,090] {dag.py:1832} INFO - Sync 1 DAGs
[2022-02-12 14:29:29,111] {logging_mixin.py:104} INFO - [2022-02-12 14:29:29,111] {dag.py:2305} INFO - Setting next_dagrun for example_trigger_target_dag to None
[2022-02-12 14:29:29,125] {scheduler_job.py:190} INFO - Processing /home/agalli/sandbox/lib/python3.6/site-packages/airflow/example_dags/example_trigger_target_dag.py took 0.091 seconds
[2022-02-12 14:29:59,805] {scheduler_job.py:182} INFO - Started process (PID=10959) to work on /home/agalli/sandbox/lib/python3.6/site-packages/airflow/example_dags/example_trigger_target_dag.py
[2022-02-12 14:29:59,806] {scheduler_job.py:633} INFO - Processing file /home/agalli/sandbox/lib/python3.6/site-packages/airflow/example_dags/example_trigger_target_dag.py for tasks to queue
[2022-02-12 14:29:59,807] {logging_mixin.py:104} INFO - [2022-02-12 14:29:59,807] {dagbag.py:487} INFO - Filling up the DagBag from /home/agalli/sandbox/lib/python3.6/site-packages/airflow/example_dags/example_trigger_target_dag.py
[2022-02-12 14:29:59,822] {scheduler_job.py:643} INFO - DAG(s) dict_keys(['example_trigger_target_dag']) retrieved from /home/agalli/sandbox/lib/python3.6/site-packages/airflow/example_dags/example_trigger_target_dag.py
[2022-02-12 14:29:59,854] {logging_mixin.py:104} INFO - [2022-02-12 14:29:59,854] {dag.py:1832} INFO - Sync 1 DAGs
[2022-02-12 14:29:59,877] {logging_mixin.py:104} INFO - [2022-02-12 14:29:59,877] {dag.py:2305} INFO - Setting next_dagrun for example_trigger_target_dag to None
[2022-02-12 14:29:59,890] {scheduler_job.py:190} INFO - Processing /home/agalli/sandbox/lib/python3.6/site-packages/airflow/example_dags/example_trigger_target_dag.py took 0.092 seconds
[2022-02-12 14:52:04,960] {scheduler_job.py:182} INFO - Started process (PID=14438) to work on /home/agalli/sandbox/lib/python3.6/site-packages/airflow/example_dags/example_trigger_target_dag.py
[2022-02-12 14:52:04,963] {scheduler_job.py:633} INFO - Processing file /home/agalli/sandbox/lib/python3.6/site-packages/airflow/example_dags/example_trigger_target_dag.py for tasks to queue
[2022-02-12 14:52:04,965] {logging_mixin.py:104} INFO - [2022-02-12 14:52:04,964] {dagbag.py:487} INFO - Filling up the DagBag from /home/agalli/sandbox/lib/python3.6/site-packages/airflow/example_dags/example_trigger_target_dag.py
[2022-02-12 14:52:05,160] {scheduler_job.py:643} INFO - DAG(s) dict_keys(['example_trigger_target_dag']) retrieved from /home/agalli/sandbox/lib/python3.6/site-packages/airflow/example_dags/example_trigger_target_dag.py
[2022-02-12 14:52:05,628] {logging_mixin.py:104} INFO - [2022-02-12 14:52:05,627] {dag.py:1832} INFO - Sync 1 DAGs
[2022-02-12 14:52:05,886] {logging_mixin.py:104} INFO - [2022-02-12 14:52:05,886] {dag.py:2305} INFO - Setting next_dagrun for example_trigger_target_dag to None
[2022-02-12 14:52:06,229] {scheduler_job.py:190} INFO - Processing /home/agalli/sandbox/lib/python3.6/site-packages/airflow/example_dags/example_trigger_target_dag.py took 1.305 seconds
[2022-02-12 14:52:36,618] {scheduler_job.py:182} INFO - Started process (PID=14547) to work on /home/agalli/sandbox/lib/python3.6/site-packages/airflow/example_dags/example_trigger_target_dag.py
[2022-02-12 14:52:36,624] {scheduler_job.py:633} INFO - Processing file /home/agalli/sandbox/lib/python3.6/site-packages/airflow/example_dags/example_trigger_target_dag.py for tasks to queue
[2022-02-12 14:52:36,627] {logging_mixin.py:104} INFO - [2022-02-12 14:52:36,627] {dagbag.py:487} INFO - Filling up the DagBag from /home/agalli/sandbox/lib/python3.6/site-packages/airflow/example_dags/example_trigger_target_dag.py
[2022-02-12 14:52:36,695] {scheduler_job.py:643} INFO - DAG(s) dict_keys(['example_trigger_target_dag']) retrieved from /home/agalli/sandbox/lib/python3.6/site-packages/airflow/example_dags/example_trigger_target_dag.py
[2022-02-12 14:52:36,806] {logging_mixin.py:104} INFO - [2022-02-12 14:52:36,806] {dag.py:1832} INFO - Sync 1 DAGs
[2022-02-12 14:52:36,882] {logging_mixin.py:104} INFO - [2022-02-12 14:52:36,881] {dag.py:2305} INFO - Setting next_dagrun for example_trigger_target_dag to None
[2022-02-12 14:52:36,938] {scheduler_job.py:190} INFO - Processing /home/agalli/sandbox/lib/python3.6/site-packages/airflow/example_dags/example_trigger_target_dag.py took 0.344 seconds
[2022-02-12 14:53:07,340] {scheduler_job.py:182} INFO - Started process (PID=14791) to work on /home/agalli/sandbox/lib/python3.6/site-packages/airflow/example_dags/example_trigger_target_dag.py
[2022-02-12 14:53:07,341] {scheduler_job.py:633} INFO - Processing file /home/agalli/sandbox/lib/python3.6/site-packages/airflow/example_dags/example_trigger_target_dag.py for tasks to queue
[2022-02-12 14:53:07,342] {logging_mixin.py:104} INFO - [2022-02-12 14:53:07,342] {dagbag.py:487} INFO - Filling up the DagBag from /home/agalli/sandbox/lib/python3.6/site-packages/airflow/example_dags/example_trigger_target_dag.py
[2022-02-12 14:53:07,357] {scheduler_job.py:643} INFO - DAG(s) dict_keys(['example_trigger_target_dag']) retrieved from /home/agalli/sandbox/lib/python3.6/site-packages/airflow/example_dags/example_trigger_target_dag.py
[2022-02-12 14:53:07,387] {logging_mixin.py:104} INFO - [2022-02-12 14:53:07,387] {dag.py:1832} INFO - Sync 1 DAGs
[2022-02-12 14:53:07,404] {logging_mixin.py:104} INFO - [2022-02-12 14:53:07,404] {dag.py:2305} INFO - Setting next_dagrun for example_trigger_target_dag to None
[2022-02-12 14:53:07,420] {scheduler_job.py:190} INFO - Processing /home/agalli/sandbox/lib/python3.6/site-packages/airflow/example_dags/example_trigger_target_dag.py took 0.083 seconds
[2022-02-12 14:53:37,636] {scheduler_job.py:182} INFO - Started process (PID=15465) to work on /home/agalli/sandbox/lib/python3.6/site-packages/airflow/example_dags/example_trigger_target_dag.py
[2022-02-12 14:53:37,654] {scheduler_job.py:633} INFO - Processing file /home/agalli/sandbox/lib/python3.6/site-packages/airflow/example_dags/example_trigger_target_dag.py for tasks to queue
[2022-02-12 14:53:37,656] {logging_mixin.py:104} INFO - [2022-02-12 14:53:37,656] {dagbag.py:487} INFO - Filling up the DagBag from /home/agalli/sandbox/lib/python3.6/site-packages/airflow/example_dags/example_trigger_target_dag.py
[2022-02-12 14:53:37,760] {scheduler_job.py:643} INFO - DAG(s) dict_keys(['example_trigger_target_dag']) retrieved from /home/agalli/sandbox/lib/python3.6/site-packages/airflow/example_dags/example_trigger_target_dag.py
[2022-02-12 14:53:37,889] {logging_mixin.py:104} INFO - [2022-02-12 14:53:37,889] {dag.py:1832} INFO - Sync 1 DAGs
[2022-02-12 14:53:37,971] {logging_mixin.py:104} INFO - [2022-02-12 14:53:37,970] {dag.py:2305} INFO - Setting next_dagrun for example_trigger_target_dag to None
[2022-02-12 14:53:38,006] {scheduler_job.py:190} INFO - Processing /home/agalli/sandbox/lib/python3.6/site-packages/airflow/example_dags/example_trigger_target_dag.py took 0.415 seconds
[2022-02-12 14:54:08,866] {scheduler_job.py:182} INFO - Started process (PID=15784) to work on /home/agalli/sandbox/lib/python3.6/site-packages/airflow/example_dags/example_trigger_target_dag.py
[2022-02-12 14:54:08,867] {scheduler_job.py:633} INFO - Processing file /home/agalli/sandbox/lib/python3.6/site-packages/airflow/example_dags/example_trigger_target_dag.py for tasks to queue
[2022-02-12 14:54:08,868] {logging_mixin.py:104} INFO - [2022-02-12 14:54:08,868] {dagbag.py:487} INFO - Filling up the DagBag from /home/agalli/sandbox/lib/python3.6/site-packages/airflow/example_dags/example_trigger_target_dag.py
[2022-02-12 14:54:08,886] {scheduler_job.py:643} INFO - DAG(s) dict_keys(['example_trigger_target_dag']) retrieved from /home/agalli/sandbox/lib/python3.6/site-packages/airflow/example_dags/example_trigger_target_dag.py
[2022-02-12 14:54:08,921] {logging_mixin.py:104} INFO - [2022-02-12 14:54:08,921] {dag.py:1832} INFO - Sync 1 DAGs
[2022-02-12 14:54:08,944] {logging_mixin.py:104} INFO - [2022-02-12 14:54:08,944] {dag.py:2305} INFO - Setting next_dagrun for example_trigger_target_dag to None
[2022-02-12 14:54:08,959] {scheduler_job.py:190} INFO - Processing /home/agalli/sandbox/lib/python3.6/site-packages/airflow/example_dags/example_trigger_target_dag.py took 0.097 seconds
[2022-02-12 14:54:39,316] {scheduler_job.py:182} INFO - Started process (PID=15854) to work on /home/agalli/sandbox/lib/python3.6/site-packages/airflow/example_dags/example_trigger_target_dag.py
[2022-02-12 14:54:39,318] {scheduler_job.py:633} INFO - Processing file /home/agalli/sandbox/lib/python3.6/site-packages/airflow/example_dags/example_trigger_target_dag.py for tasks to queue
[2022-02-12 14:54:39,319] {logging_mixin.py:104} INFO - [2022-02-12 14:54:39,319] {dagbag.py:487} INFO - Filling up the DagBag from /home/agalli/sandbox/lib/python3.6/site-packages/airflow/example_dags/example_trigger_target_dag.py
[2022-02-12 14:54:39,336] {scheduler_job.py:643} INFO - DAG(s) dict_keys(['example_trigger_target_dag']) retrieved from /home/agalli/sandbox/lib/python3.6/site-packages/airflow/example_dags/example_trigger_target_dag.py
[2022-02-12 14:54:39,373] {logging_mixin.py:104} INFO - [2022-02-12 14:54:39,372] {dag.py:1832} INFO - Sync 1 DAGs
[2022-02-12 14:54:39,393] {logging_mixin.py:104} INFO - [2022-02-12 14:54:39,393] {dag.py:2305} INFO - Setting next_dagrun for example_trigger_target_dag to None
[2022-02-12 14:54:39,411] {scheduler_job.py:190} INFO - Processing /home/agalli/sandbox/lib/python3.6/site-packages/airflow/example_dags/example_trigger_target_dag.py took 0.099 seconds
[2022-02-12 14:55:09,554] {scheduler_job.py:182} INFO - Started process (PID=15992) to work on /home/agalli/sandbox/lib/python3.6/site-packages/airflow/example_dags/example_trigger_target_dag.py
[2022-02-12 14:55:09,556] {scheduler_job.py:633} INFO - Processing file /home/agalli/sandbox/lib/python3.6/site-packages/airflow/example_dags/example_trigger_target_dag.py for tasks to queue
[2022-02-12 14:55:09,556] {logging_mixin.py:104} INFO - [2022-02-12 14:55:09,556] {dagbag.py:487} INFO - Filling up the DagBag from /home/agalli/sandbox/lib/python3.6/site-packages/airflow/example_dags/example_trigger_target_dag.py
[2022-02-12 14:55:09,571] {scheduler_job.py:643} INFO - DAG(s) dict_keys(['example_trigger_target_dag']) retrieved from /home/agalli/sandbox/lib/python3.6/site-packages/airflow/example_dags/example_trigger_target_dag.py
[2022-02-12 14:55:09,598] {logging_mixin.py:104} INFO - [2022-02-12 14:55:09,597] {dag.py:1832} INFO - Sync 1 DAGs
[2022-02-12 14:55:09,614] {logging_mixin.py:104} INFO - [2022-02-12 14:55:09,613] {dag.py:2305} INFO - Setting next_dagrun for example_trigger_target_dag to None
[2022-02-12 14:55:09,632] {scheduler_job.py:190} INFO - Processing /home/agalli/sandbox/lib/python3.6/site-packages/airflow/example_dags/example_trigger_target_dag.py took 0.081 seconds
[2022-02-12 14:56:36,098] {scheduler_job.py:182} INFO - Started process (PID=16357) to work on /home/agalli/sandbox/lib/python3.6/site-packages/airflow/example_dags/example_trigger_target_dag.py
[2022-02-12 14:56:36,113] {scheduler_job.py:633} INFO - Processing file /home/agalli/sandbox/lib/python3.6/site-packages/airflow/example_dags/example_trigger_target_dag.py for tasks to queue
[2022-02-12 14:56:36,115] {logging_mixin.py:104} INFO - [2022-02-12 14:56:36,115] {dagbag.py:487} INFO - Filling up the DagBag from /home/agalli/sandbox/lib/python3.6/site-packages/airflow/example_dags/example_trigger_target_dag.py
[2022-02-12 14:56:36,212] {scheduler_job.py:643} INFO - DAG(s) dict_keys(['example_trigger_target_dag']) retrieved from /home/agalli/sandbox/lib/python3.6/site-packages/airflow/example_dags/example_trigger_target_dag.py
[2022-02-12 14:56:36,340] {logging_mixin.py:104} INFO - [2022-02-12 14:56:36,340] {dag.py:1832} INFO - Sync 1 DAGs
[2022-02-12 14:56:36,419] {logging_mixin.py:104} INFO - [2022-02-12 14:56:36,419] {dag.py:2305} INFO - Setting next_dagrun for example_trigger_target_dag to None
[2022-02-12 14:56:36,445] {scheduler_job.py:190} INFO - Processing /home/agalli/sandbox/lib/python3.6/site-packages/airflow/example_dags/example_trigger_target_dag.py took 0.365 seconds
[2022-02-12 14:57:07,313] {scheduler_job.py:182} INFO - Started process (PID=16449) to work on /home/agalli/sandbox/lib/python3.6/site-packages/airflow/example_dags/example_trigger_target_dag.py
[2022-02-12 14:57:07,315] {scheduler_job.py:633} INFO - Processing file /home/agalli/sandbox/lib/python3.6/site-packages/airflow/example_dags/example_trigger_target_dag.py for tasks to queue
[2022-02-12 14:57:07,316] {logging_mixin.py:104} INFO - [2022-02-12 14:57:07,316] {dagbag.py:487} INFO - Filling up the DagBag from /home/agalli/sandbox/lib/python3.6/site-packages/airflow/example_dags/example_trigger_target_dag.py
[2022-02-12 14:57:07,329] {scheduler_job.py:643} INFO - DAG(s) dict_keys(['example_trigger_target_dag']) retrieved from /home/agalli/sandbox/lib/python3.6/site-packages/airflow/example_dags/example_trigger_target_dag.py
[2022-02-12 14:57:07,360] {logging_mixin.py:104} INFO - [2022-02-12 14:57:07,359] {dag.py:1832} INFO - Sync 1 DAGs
[2022-02-12 14:57:07,386] {logging_mixin.py:104} INFO - [2022-02-12 14:57:07,386] {dag.py:2305} INFO - Setting next_dagrun for example_trigger_target_dag to None
[2022-02-12 14:57:07,422] {scheduler_job.py:190} INFO - Processing /home/agalli/sandbox/lib/python3.6/site-packages/airflow/example_dags/example_trigger_target_dag.py took 0.113 seconds
[2022-02-12 14:57:38,192] {scheduler_job.py:182} INFO - Started process (PID=16669) to work on /home/agalli/sandbox/lib/python3.6/site-packages/airflow/example_dags/example_trigger_target_dag.py
[2022-02-12 14:57:38,193] {scheduler_job.py:633} INFO - Processing file /home/agalli/sandbox/lib/python3.6/site-packages/airflow/example_dags/example_trigger_target_dag.py for tasks to queue
[2022-02-12 14:57:38,194] {logging_mixin.py:104} INFO - [2022-02-12 14:57:38,194] {dagbag.py:487} INFO - Filling up the DagBag from /home/agalli/sandbox/lib/python3.6/site-packages/airflow/example_dags/example_trigger_target_dag.py
[2022-02-12 14:57:38,214] {scheduler_job.py:643} INFO - DAG(s) dict_keys(['example_trigger_target_dag']) retrieved from /home/agalli/sandbox/lib/python3.6/site-packages/airflow/example_dags/example_trigger_target_dag.py
[2022-02-12 14:57:38,241] {logging_mixin.py:104} INFO - [2022-02-12 14:57:38,241] {dag.py:1832} INFO - Sync 1 DAGs
[2022-02-12 14:57:38,259] {logging_mixin.py:104} INFO - [2022-02-12 14:57:38,259] {dag.py:2305} INFO - Setting next_dagrun for example_trigger_target_dag to None
[2022-02-12 14:57:38,279] {scheduler_job.py:190} INFO - Processing /home/agalli/sandbox/lib/python3.6/site-packages/airflow/example_dags/example_trigger_target_dag.py took 0.090 seconds
[2022-02-12 14:58:08,313] {scheduler_job.py:182} INFO - Started process (PID=16738) to work on /home/agalli/sandbox/lib/python3.6/site-packages/airflow/example_dags/example_trigger_target_dag.py
[2022-02-12 14:58:08,314] {scheduler_job.py:633} INFO - Processing file /home/agalli/sandbox/lib/python3.6/site-packages/airflow/example_dags/example_trigger_target_dag.py for tasks to queue
[2022-02-12 14:58:08,315] {logging_mixin.py:104} INFO - [2022-02-12 14:58:08,315] {dagbag.py:487} INFO - Filling up the DagBag from /home/agalli/sandbox/lib/python3.6/site-packages/airflow/example_dags/example_trigger_target_dag.py
[2022-02-12 14:58:08,332] {scheduler_job.py:643} INFO - DAG(s) dict_keys(['example_trigger_target_dag']) retrieved from /home/agalli/sandbox/lib/python3.6/site-packages/airflow/example_dags/example_trigger_target_dag.py
[2022-02-12 14:58:08,360] {logging_mixin.py:104} INFO - [2022-02-12 14:58:08,360] {dag.py:1832} INFO - Sync 1 DAGs
[2022-02-12 14:58:08,377] {logging_mixin.py:104} INFO - [2022-02-12 14:58:08,377] {dag.py:2305} INFO - Setting next_dagrun for example_trigger_target_dag to None
[2022-02-12 14:58:08,393] {scheduler_job.py:190} INFO - Processing /home/agalli/sandbox/lib/python3.6/site-packages/airflow/example_dags/example_trigger_target_dag.py took 0.083 seconds
[2022-02-12 14:58:38,559] {scheduler_job.py:182} INFO - Started process (PID=16808) to work on /home/agalli/sandbox/lib/python3.6/site-packages/airflow/example_dags/example_trigger_target_dag.py
[2022-02-12 14:58:38,560] {scheduler_job.py:633} INFO - Processing file /home/agalli/sandbox/lib/python3.6/site-packages/airflow/example_dags/example_trigger_target_dag.py for tasks to queue
[2022-02-12 14:58:38,561] {logging_mixin.py:104} INFO - [2022-02-12 14:58:38,561] {dagbag.py:487} INFO - Filling up the DagBag from /home/agalli/sandbox/lib/python3.6/site-packages/airflow/example_dags/example_trigger_target_dag.py
[2022-02-12 14:58:38,578] {scheduler_job.py:643} INFO - DAG(s) dict_keys(['example_trigger_target_dag']) retrieved from /home/agalli/sandbox/lib/python3.6/site-packages/airflow/example_dags/example_trigger_target_dag.py
[2022-02-12 14:58:38,611] {logging_mixin.py:104} INFO - [2022-02-12 14:58:38,610] {dag.py:1832} INFO - Sync 1 DAGs
[2022-02-12 14:58:38,627] {logging_mixin.py:104} INFO - [2022-02-12 14:58:38,627] {dag.py:2305} INFO - Setting next_dagrun for example_trigger_target_dag to None
[2022-02-12 14:58:38,642] {scheduler_job.py:190} INFO - Processing /home/agalli/sandbox/lib/python3.6/site-packages/airflow/example_dags/example_trigger_target_dag.py took 0.087 seconds
[2022-02-12 14:59:09,456] {scheduler_job.py:182} INFO - Started process (PID=16874) to work on /home/agalli/sandbox/lib/python3.6/site-packages/airflow/example_dags/example_trigger_target_dag.py
[2022-02-12 14:59:09,457] {scheduler_job.py:633} INFO - Processing file /home/agalli/sandbox/lib/python3.6/site-packages/airflow/example_dags/example_trigger_target_dag.py for tasks to queue
[2022-02-12 14:59:09,459] {logging_mixin.py:104} INFO - [2022-02-12 14:59:09,458] {dagbag.py:487} INFO - Filling up the DagBag from /home/agalli/sandbox/lib/python3.6/site-packages/airflow/example_dags/example_trigger_target_dag.py
[2022-02-12 14:59:09,485] {scheduler_job.py:643} INFO - DAG(s) dict_keys(['example_trigger_target_dag']) retrieved from /home/agalli/sandbox/lib/python3.6/site-packages/airflow/example_dags/example_trigger_target_dag.py
[2022-02-12 14:59:09,547] {logging_mixin.py:104} INFO - [2022-02-12 14:59:09,547] {dag.py:1832} INFO - Sync 1 DAGs
[2022-02-12 14:59:09,585] {logging_mixin.py:104} INFO - [2022-02-12 14:59:09,585] {dag.py:2305} INFO - Setting next_dagrun for example_trigger_target_dag to None
[2022-02-12 14:59:09,606] {scheduler_job.py:190} INFO - Processing /home/agalli/sandbox/lib/python3.6/site-packages/airflow/example_dags/example_trigger_target_dag.py took 0.154 seconds
[2022-02-12 14:59:39,626] {scheduler_job.py:182} INFO - Started process (PID=16943) to work on /home/agalli/sandbox/lib/python3.6/site-packages/airflow/example_dags/example_trigger_target_dag.py
[2022-02-12 14:59:39,627] {scheduler_job.py:633} INFO - Processing file /home/agalli/sandbox/lib/python3.6/site-packages/airflow/example_dags/example_trigger_target_dag.py for tasks to queue
[2022-02-12 14:59:39,627] {logging_mixin.py:104} INFO - [2022-02-12 14:59:39,627] {dagbag.py:487} INFO - Filling up the DagBag from /home/agalli/sandbox/lib/python3.6/site-packages/airflow/example_dags/example_trigger_target_dag.py
[2022-02-12 14:59:39,643] {scheduler_job.py:643} INFO - DAG(s) dict_keys(['example_trigger_target_dag']) retrieved from /home/agalli/sandbox/lib/python3.6/site-packages/airflow/example_dags/example_trigger_target_dag.py
[2022-02-12 14:59:39,677] {logging_mixin.py:104} INFO - [2022-02-12 14:59:39,677] {dag.py:1832} INFO - Sync 1 DAGs
[2022-02-12 14:59:39,695] {logging_mixin.py:104} INFO - [2022-02-12 14:59:39,695] {dag.py:2305} INFO - Setting next_dagrun for example_trigger_target_dag to None
[2022-02-12 14:59:39,709] {scheduler_job.py:190} INFO - Processing /home/agalli/sandbox/lib/python3.6/site-packages/airflow/example_dags/example_trigger_target_dag.py took 0.086 seconds
[2022-02-12 15:00:10,037] {scheduler_job.py:182} INFO - Started process (PID=17013) to work on /home/agalli/sandbox/lib/python3.6/site-packages/airflow/example_dags/example_trigger_target_dag.py
[2022-02-12 15:00:10,040] {scheduler_job.py:633} INFO - Processing file /home/agalli/sandbox/lib/python3.6/site-packages/airflow/example_dags/example_trigger_target_dag.py for tasks to queue
[2022-02-12 15:00:10,041] {logging_mixin.py:104} INFO - [2022-02-12 15:00:10,041] {dagbag.py:487} INFO - Filling up the DagBag from /home/agalli/sandbox/lib/python3.6/site-packages/airflow/example_dags/example_trigger_target_dag.py
[2022-02-12 15:00:10,057] {scheduler_job.py:643} INFO - DAG(s) dict_keys(['example_trigger_target_dag']) retrieved from /home/agalli/sandbox/lib/python3.6/site-packages/airflow/example_dags/example_trigger_target_dag.py
[2022-02-12 15:00:10,088] {logging_mixin.py:104} INFO - [2022-02-12 15:00:10,087] {dag.py:1832} INFO - Sync 1 DAGs
[2022-02-12 15:00:10,105] {logging_mixin.py:104} INFO - [2022-02-12 15:00:10,105] {dag.py:2305} INFO - Setting next_dagrun for example_trigger_target_dag to None
[2022-02-12 15:00:10,119] {scheduler_job.py:190} INFO - Processing /home/agalli/sandbox/lib/python3.6/site-packages/airflow/example_dags/example_trigger_target_dag.py took 0.088 seconds
[2022-02-12 15:00:37,695] {scheduler_job.py:182} INFO - Started process (PID=17457) to work on /home/agalli/sandbox/lib/python3.6/site-packages/airflow/example_dags/example_trigger_target_dag.py
[2022-02-12 15:00:37,698] {scheduler_job.py:633} INFO - Processing file /home/agalli/sandbox/lib/python3.6/site-packages/airflow/example_dags/example_trigger_target_dag.py for tasks to queue
[2022-02-12 15:00:37,700] {logging_mixin.py:104} INFO - [2022-02-12 15:00:37,700] {dagbag.py:487} INFO - Filling up the DagBag from /home/agalli/sandbox/lib/python3.6/site-packages/airflow/example_dags/example_trigger_target_dag.py
[2022-02-12 15:00:37,866] {scheduler_job.py:643} INFO - DAG(s) dict_keys(['example_trigger_target_dag']) retrieved from /home/agalli/sandbox/lib/python3.6/site-packages/airflow/example_dags/example_trigger_target_dag.py
[2022-02-12 15:00:38,104] {logging_mixin.py:104} INFO - [2022-02-12 15:00:38,104] {dag.py:1832} INFO - Sync 1 DAGs
[2022-02-12 15:00:38,252] {logging_mixin.py:104} INFO - [2022-02-12 15:00:38,252] {dag.py:2305} INFO - Setting next_dagrun for example_trigger_target_dag to None
[2022-02-12 15:00:38,402] {scheduler_job.py:190} INFO - Processing /home/agalli/sandbox/lib/python3.6/site-packages/airflow/example_dags/example_trigger_target_dag.py took 0.746 seconds
[2022-02-12 15:01:08,561] {scheduler_job.py:182} INFO - Started process (PID=17875) to work on /home/agalli/sandbox/lib/python3.6/site-packages/airflow/example_dags/example_trigger_target_dag.py
[2022-02-12 15:01:08,562] {scheduler_job.py:633} INFO - Processing file /home/agalli/sandbox/lib/python3.6/site-packages/airflow/example_dags/example_trigger_target_dag.py for tasks to queue
[2022-02-12 15:01:08,563] {logging_mixin.py:104} INFO - [2022-02-12 15:01:08,563] {dagbag.py:487} INFO - Filling up the DagBag from /home/agalli/sandbox/lib/python3.6/site-packages/airflow/example_dags/example_trigger_target_dag.py
[2022-02-12 15:01:08,585] {scheduler_job.py:643} INFO - DAG(s) dict_keys(['example_trigger_target_dag']) retrieved from /home/agalli/sandbox/lib/python3.6/site-packages/airflow/example_dags/example_trigger_target_dag.py
[2022-02-12 15:01:08,621] {logging_mixin.py:104} INFO - [2022-02-12 15:01:08,621] {dag.py:1832} INFO - Sync 1 DAGs
[2022-02-12 15:01:08,645] {logging_mixin.py:104} INFO - [2022-02-12 15:01:08,645] {dag.py:2305} INFO - Setting next_dagrun for example_trigger_target_dag to None
[2022-02-12 15:01:08,661] {scheduler_job.py:190} INFO - Processing /home/agalli/sandbox/lib/python3.6/site-packages/airflow/example_dags/example_trigger_target_dag.py took 0.104 seconds
[2022-02-12 15:01:39,597] {scheduler_job.py:182} INFO - Started process (PID=18090) to work on /home/agalli/sandbox/lib/python3.6/site-packages/airflow/example_dags/example_trigger_target_dag.py
[2022-02-12 15:01:39,605] {scheduler_job.py:633} INFO - Processing file /home/agalli/sandbox/lib/python3.6/site-packages/airflow/example_dags/example_trigger_target_dag.py for tasks to queue
[2022-02-12 15:01:39,606] {logging_mixin.py:104} INFO - [2022-02-12 15:01:39,606] {dagbag.py:487} INFO - Filling up the DagBag from /home/agalli/sandbox/lib/python3.6/site-packages/airflow/example_dags/example_trigger_target_dag.py
[2022-02-12 15:01:39,631] {scheduler_job.py:643} INFO - DAG(s) dict_keys(['example_trigger_target_dag']) retrieved from /home/agalli/sandbox/lib/python3.6/site-packages/airflow/example_dags/example_trigger_target_dag.py
[2022-02-12 15:01:39,697] {logging_mixin.py:104} INFO - [2022-02-12 15:01:39,697] {dag.py:1832} INFO - Sync 1 DAGs
[2022-02-12 15:01:39,746] {logging_mixin.py:104} INFO - [2022-02-12 15:01:39,746] {dag.py:2305} INFO - Setting next_dagrun for example_trigger_target_dag to None
[2022-02-12 15:01:39,772] {scheduler_job.py:190} INFO - Processing /home/agalli/sandbox/lib/python3.6/site-packages/airflow/example_dags/example_trigger_target_dag.py took 0.181 seconds
[2022-02-12 15:02:10,505] {scheduler_job.py:182} INFO - Started process (PID=18366) to work on /home/agalli/sandbox/lib/python3.6/site-packages/airflow/example_dags/example_trigger_target_dag.py
[2022-02-12 15:02:10,507] {scheduler_job.py:633} INFO - Processing file /home/agalli/sandbox/lib/python3.6/site-packages/airflow/example_dags/example_trigger_target_dag.py for tasks to queue
[2022-02-12 15:02:10,508] {logging_mixin.py:104} INFO - [2022-02-12 15:02:10,508] {dagbag.py:487} INFO - Filling up the DagBag from /home/agalli/sandbox/lib/python3.6/site-packages/airflow/example_dags/example_trigger_target_dag.py
[2022-02-12 15:02:10,532] {scheduler_job.py:643} INFO - DAG(s) dict_keys(['example_trigger_target_dag']) retrieved from /home/agalli/sandbox/lib/python3.6/site-packages/airflow/example_dags/example_trigger_target_dag.py
[2022-02-12 15:02:10,565] {logging_mixin.py:104} INFO - [2022-02-12 15:02:10,565] {dag.py:1832} INFO - Sync 1 DAGs
[2022-02-12 15:02:10,593] {logging_mixin.py:104} INFO - [2022-02-12 15:02:10,593] {dag.py:2305} INFO - Setting next_dagrun for example_trigger_target_dag to None
[2022-02-12 15:02:10,608] {scheduler_job.py:190} INFO - Processing /home/agalli/sandbox/lib/python3.6/site-packages/airflow/example_dags/example_trigger_target_dag.py took 0.108 seconds
[2022-02-12 15:02:42,091] {scheduler_job.py:182} INFO - Started process (PID=18853) to work on /home/agalli/sandbox/lib/python3.6/site-packages/airflow/example_dags/example_trigger_target_dag.py
[2022-02-12 15:02:42,093] {scheduler_job.py:633} INFO - Processing file /home/agalli/sandbox/lib/python3.6/site-packages/airflow/example_dags/example_trigger_target_dag.py for tasks to queue
[2022-02-12 15:02:42,094] {logging_mixin.py:104} INFO - [2022-02-12 15:02:42,094] {dagbag.py:487} INFO - Filling up the DagBag from /home/agalli/sandbox/lib/python3.6/site-packages/airflow/example_dags/example_trigger_target_dag.py
[2022-02-12 15:02:42,125] {scheduler_job.py:643} INFO - DAG(s) dict_keys(['example_trigger_target_dag']) retrieved from /home/agalli/sandbox/lib/python3.6/site-packages/airflow/example_dags/example_trigger_target_dag.py
[2022-02-12 15:02:42,169] {logging_mixin.py:104} INFO - [2022-02-12 15:02:42,169] {dag.py:1832} INFO - Sync 1 DAGs
[2022-02-12 15:02:42,200] {logging_mixin.py:104} INFO - [2022-02-12 15:02:42,200] {dag.py:2305} INFO - Setting next_dagrun for example_trigger_target_dag to None
[2022-02-12 15:02:42,222] {scheduler_job.py:190} INFO - Processing /home/agalli/sandbox/lib/python3.6/site-packages/airflow/example_dags/example_trigger_target_dag.py took 0.139 seconds
[2022-02-12 15:03:14,474] {scheduler_job.py:182} INFO - Started process (PID=19235) to work on /home/agalli/sandbox/lib/python3.6/site-packages/airflow/example_dags/example_trigger_target_dag.py
[2022-02-12 15:03:14,477] {scheduler_job.py:633} INFO - Processing file /home/agalli/sandbox/lib/python3.6/site-packages/airflow/example_dags/example_trigger_target_dag.py for tasks to queue
[2022-02-12 15:03:14,479] {logging_mixin.py:104} INFO - [2022-02-12 15:03:14,479] {dagbag.py:487} INFO - Filling up the DagBag from /home/agalli/sandbox/lib/python3.6/site-packages/airflow/example_dags/example_trigger_target_dag.py
[2022-02-12 15:03:14,535] {scheduler_job.py:643} INFO - DAG(s) dict_keys(['example_trigger_target_dag']) retrieved from /home/agalli/sandbox/lib/python3.6/site-packages/airflow/example_dags/example_trigger_target_dag.py
[2022-02-12 15:03:14,622] {logging_mixin.py:104} INFO - [2022-02-12 15:03:14,621] {dag.py:1832} INFO - Sync 1 DAGs
[2022-02-12 15:03:14,668] {logging_mixin.py:104} INFO - [2022-02-12 15:03:14,668] {dag.py:2305} INFO - Setting next_dagrun for example_trigger_target_dag to None
[2022-02-12 15:03:14,704] {scheduler_job.py:190} INFO - Processing /home/agalli/sandbox/lib/python3.6/site-packages/airflow/example_dags/example_trigger_target_dag.py took 0.245 seconds
[2022-02-12 15:03:45,269] {scheduler_job.py:182} INFO - Started process (PID=19433) to work on /home/agalli/sandbox/lib/python3.6/site-packages/airflow/example_dags/example_trigger_target_dag.py
[2022-02-12 15:03:45,271] {scheduler_job.py:633} INFO - Processing file /home/agalli/sandbox/lib/python3.6/site-packages/airflow/example_dags/example_trigger_target_dag.py for tasks to queue
[2022-02-12 15:03:45,273] {logging_mixin.py:104} INFO - [2022-02-12 15:03:45,272] {dagbag.py:487} INFO - Filling up the DagBag from /home/agalli/sandbox/lib/python3.6/site-packages/airflow/example_dags/example_trigger_target_dag.py
[2022-02-12 15:03:45,313] {scheduler_job.py:643} INFO - DAG(s) dict_keys(['example_trigger_target_dag']) retrieved from /home/agalli/sandbox/lib/python3.6/site-packages/airflow/example_dags/example_trigger_target_dag.py
[2022-02-12 15:03:45,388] {logging_mixin.py:104} INFO - [2022-02-12 15:03:45,387] {dag.py:1832} INFO - Sync 1 DAGs
[2022-02-12 15:03:45,446] {logging_mixin.py:104} INFO - [2022-02-12 15:03:45,446] {dag.py:2305} INFO - Setting next_dagrun for example_trigger_target_dag to None
[2022-02-12 15:03:45,493] {scheduler_job.py:190} INFO - Processing /home/agalli/sandbox/lib/python3.6/site-packages/airflow/example_dags/example_trigger_target_dag.py took 0.244 seconds
[2022-02-12 15:04:15,913] {scheduler_job.py:182} INFO - Started process (PID=19629) to work on /home/agalli/sandbox/lib/python3.6/site-packages/airflow/example_dags/example_trigger_target_dag.py
[2022-02-12 15:04:15,913] {scheduler_job.py:633} INFO - Processing file /home/agalli/sandbox/lib/python3.6/site-packages/airflow/example_dags/example_trigger_target_dag.py for tasks to queue
[2022-02-12 15:04:15,914] {logging_mixin.py:104} INFO - [2022-02-12 15:04:15,914] {dagbag.py:487} INFO - Filling up the DagBag from /home/agalli/sandbox/lib/python3.6/site-packages/airflow/example_dags/example_trigger_target_dag.py
[2022-02-12 15:04:15,933] {scheduler_job.py:643} INFO - DAG(s) dict_keys(['example_trigger_target_dag']) retrieved from /home/agalli/sandbox/lib/python3.6/site-packages/airflow/example_dags/example_trigger_target_dag.py
[2022-02-12 15:04:15,961] {logging_mixin.py:104} INFO - [2022-02-12 15:04:15,961] {dag.py:1832} INFO - Sync 1 DAGs
[2022-02-12 15:04:15,981] {logging_mixin.py:104} INFO - [2022-02-12 15:04:15,981] {dag.py:2305} INFO - Setting next_dagrun for example_trigger_target_dag to None
[2022-02-12 15:04:15,996] {scheduler_job.py:190} INFO - Processing /home/agalli/sandbox/lib/python3.6/site-packages/airflow/example_dags/example_trigger_target_dag.py took 0.088 seconds
[2022-02-12 15:04:46,171] {scheduler_job.py:182} INFO - Started process (PID=19829) to work on /home/agalli/sandbox/lib/python3.6/site-packages/airflow/example_dags/example_trigger_target_dag.py
[2022-02-12 15:04:46,172] {scheduler_job.py:633} INFO - Processing file /home/agalli/sandbox/lib/python3.6/site-packages/airflow/example_dags/example_trigger_target_dag.py for tasks to queue
[2022-02-12 15:04:46,173] {logging_mixin.py:104} INFO - [2022-02-12 15:04:46,173] {dagbag.py:487} INFO - Filling up the DagBag from /home/agalli/sandbox/lib/python3.6/site-packages/airflow/example_dags/example_trigger_target_dag.py
[2022-02-12 15:04:46,189] {scheduler_job.py:643} INFO - DAG(s) dict_keys(['example_trigger_target_dag']) retrieved from /home/agalli/sandbox/lib/python3.6/site-packages/airflow/example_dags/example_trigger_target_dag.py
[2022-02-12 15:04:46,221] {logging_mixin.py:104} INFO - [2022-02-12 15:04:46,221] {dag.py:1832} INFO - Sync 1 DAGs
[2022-02-12 15:04:46,241] {logging_mixin.py:104} INFO - [2022-02-12 15:04:46,241] {dag.py:2305} INFO - Setting next_dagrun for example_trigger_target_dag to None
[2022-02-12 15:04:46,259] {scheduler_job.py:190} INFO - Processing /home/agalli/sandbox/lib/python3.6/site-packages/airflow/example_dags/example_trigger_target_dag.py took 0.091 seconds
[2022-02-12 15:05:16,328] {scheduler_job.py:182} INFO - Started process (PID=20031) to work on /home/agalli/sandbox/lib/python3.6/site-packages/airflow/example_dags/example_trigger_target_dag.py
[2022-02-12 15:05:16,329] {scheduler_job.py:633} INFO - Processing file /home/agalli/sandbox/lib/python3.6/site-packages/airflow/example_dags/example_trigger_target_dag.py for tasks to queue
[2022-02-12 15:05:16,330] {logging_mixin.py:104} INFO - [2022-02-12 15:05:16,330] {dagbag.py:487} INFO - Filling up the DagBag from /home/agalli/sandbox/lib/python3.6/site-packages/airflow/example_dags/example_trigger_target_dag.py
[2022-02-12 15:05:16,343] {scheduler_job.py:643} INFO - DAG(s) dict_keys(['example_trigger_target_dag']) retrieved from /home/agalli/sandbox/lib/python3.6/site-packages/airflow/example_dags/example_trigger_target_dag.py
[2022-02-12 15:05:16,375] {logging_mixin.py:104} INFO - [2022-02-12 15:05:16,375] {dag.py:1832} INFO - Sync 1 DAGs
[2022-02-12 15:05:16,396] {logging_mixin.py:104} INFO - [2022-02-12 15:05:16,396] {dag.py:2305} INFO - Setting next_dagrun for example_trigger_target_dag to None
[2022-02-12 15:05:16,411] {scheduler_job.py:190} INFO - Processing /home/agalli/sandbox/lib/python3.6/site-packages/airflow/example_dags/example_trigger_target_dag.py took 0.087 seconds
[2022-02-12 15:05:46,515] {scheduler_job.py:182} INFO - Started process (PID=20353) to work on /home/agalli/sandbox/lib/python3.6/site-packages/airflow/example_dags/example_trigger_target_dag.py
[2022-02-12 15:05:46,516] {scheduler_job.py:633} INFO - Processing file /home/agalli/sandbox/lib/python3.6/site-packages/airflow/example_dags/example_trigger_target_dag.py for tasks to queue
[2022-02-12 15:05:46,516] {logging_mixin.py:104} INFO - [2022-02-12 15:05:46,516] {dagbag.py:487} INFO - Filling up the DagBag from /home/agalli/sandbox/lib/python3.6/site-packages/airflow/example_dags/example_trigger_target_dag.py
[2022-02-12 15:05:46,532] {scheduler_job.py:643} INFO - DAG(s) dict_keys(['example_trigger_target_dag']) retrieved from /home/agalli/sandbox/lib/python3.6/site-packages/airflow/example_dags/example_trigger_target_dag.py
[2022-02-12 15:05:46,563] {logging_mixin.py:104} INFO - [2022-02-12 15:05:46,563] {dag.py:1832} INFO - Sync 1 DAGs
[2022-02-12 15:05:46,586] {logging_mixin.py:104} INFO - [2022-02-12 15:05:46,586] {dag.py:2305} INFO - Setting next_dagrun for example_trigger_target_dag to None
[2022-02-12 15:05:46,603] {scheduler_job.py:190} INFO - Processing /home/agalli/sandbox/lib/python3.6/site-packages/airflow/example_dags/example_trigger_target_dag.py took 0.092 seconds
[2022-02-12 15:06:16,689] {scheduler_job.py:182} INFO - Started process (PID=20555) to work on /home/agalli/sandbox/lib/python3.6/site-packages/airflow/example_dags/example_trigger_target_dag.py
[2022-02-12 15:06:16,690] {scheduler_job.py:633} INFO - Processing file /home/agalli/sandbox/lib/python3.6/site-packages/airflow/example_dags/example_trigger_target_dag.py for tasks to queue
[2022-02-12 15:06:16,691] {logging_mixin.py:104} INFO - [2022-02-12 15:06:16,691] {dagbag.py:487} INFO - Filling up the DagBag from /home/agalli/sandbox/lib/python3.6/site-packages/airflow/example_dags/example_trigger_target_dag.py
[2022-02-12 15:06:16,718] {scheduler_job.py:643} INFO - DAG(s) dict_keys(['example_trigger_target_dag']) retrieved from /home/agalli/sandbox/lib/python3.6/site-packages/airflow/example_dags/example_trigger_target_dag.py
[2022-02-12 15:06:16,771] {logging_mixin.py:104} INFO - [2022-02-12 15:06:16,771] {dag.py:1832} INFO - Sync 1 DAGs
[2022-02-12 15:06:16,807] {logging_mixin.py:104} INFO - [2022-02-12 15:06:16,807] {dag.py:2305} INFO - Setting next_dagrun for example_trigger_target_dag to None
[2022-02-12 15:06:16,825] {scheduler_job.py:190} INFO - Processing /home/agalli/sandbox/lib/python3.6/site-packages/airflow/example_dags/example_trigger_target_dag.py took 0.140 seconds
[2022-02-12 15:06:47,091] {scheduler_job.py:182} INFO - Started process (PID=20757) to work on /home/agalli/sandbox/lib/python3.6/site-packages/airflow/example_dags/example_trigger_target_dag.py
[2022-02-12 15:06:47,092] {scheduler_job.py:633} INFO - Processing file /home/agalli/sandbox/lib/python3.6/site-packages/airflow/example_dags/example_trigger_target_dag.py for tasks to queue
[2022-02-12 15:06:47,092] {logging_mixin.py:104} INFO - [2022-02-12 15:06:47,092] {dagbag.py:487} INFO - Filling up the DagBag from /home/agalli/sandbox/lib/python3.6/site-packages/airflow/example_dags/example_trigger_target_dag.py
[2022-02-12 15:06:47,108] {scheduler_job.py:643} INFO - DAG(s) dict_keys(['example_trigger_target_dag']) retrieved from /home/agalli/sandbox/lib/python3.6/site-packages/airflow/example_dags/example_trigger_target_dag.py
[2022-02-12 15:06:47,151] {logging_mixin.py:104} INFO - [2022-02-12 15:06:47,151] {dag.py:1832} INFO - Sync 1 DAGs
[2022-02-12 15:06:47,170] {logging_mixin.py:104} INFO - [2022-02-12 15:06:47,170] {dag.py:2305} INFO - Setting next_dagrun for example_trigger_target_dag to None
[2022-02-12 15:06:47,184] {scheduler_job.py:190} INFO - Processing /home/agalli/sandbox/lib/python3.6/site-packages/airflow/example_dags/example_trigger_target_dag.py took 0.097 seconds
[2022-02-12 15:07:17,453] {scheduler_job.py:182} INFO - Started process (PID=20959) to work on /home/agalli/sandbox/lib/python3.6/site-packages/airflow/example_dags/example_trigger_target_dag.py
[2022-02-12 15:07:17,455] {scheduler_job.py:633} INFO - Processing file /home/agalli/sandbox/lib/python3.6/site-packages/airflow/example_dags/example_trigger_target_dag.py for tasks to queue
[2022-02-12 15:07:17,456] {logging_mixin.py:104} INFO - [2022-02-12 15:07:17,456] {dagbag.py:487} INFO - Filling up the DagBag from /home/agalli/sandbox/lib/python3.6/site-packages/airflow/example_dags/example_trigger_target_dag.py
[2022-02-12 15:07:17,479] {scheduler_job.py:643} INFO - DAG(s) dict_keys(['example_trigger_target_dag']) retrieved from /home/agalli/sandbox/lib/python3.6/site-packages/airflow/example_dags/example_trigger_target_dag.py
[2022-02-12 15:07:17,518] {logging_mixin.py:104} INFO - [2022-02-12 15:07:17,518] {dag.py:1832} INFO - Sync 1 DAGs
[2022-02-12 15:07:17,542] {logging_mixin.py:104} INFO - [2022-02-12 15:07:17,542] {dag.py:2305} INFO - Setting next_dagrun for example_trigger_target_dag to None
[2022-02-12 15:07:17,560] {scheduler_job.py:190} INFO - Processing /home/agalli/sandbox/lib/python3.6/site-packages/airflow/example_dags/example_trigger_target_dag.py took 0.110 seconds
[2022-02-12 15:07:48,378] {scheduler_job.py:182} INFO - Started process (PID=21158) to work on /home/agalli/sandbox/lib/python3.6/site-packages/airflow/example_dags/example_trigger_target_dag.py
[2022-02-12 15:07:48,380] {scheduler_job.py:633} INFO - Processing file /home/agalli/sandbox/lib/python3.6/site-packages/airflow/example_dags/example_trigger_target_dag.py for tasks to queue
[2022-02-12 15:07:48,382] {logging_mixin.py:104} INFO - [2022-02-12 15:07:48,381] {dagbag.py:487} INFO - Filling up the DagBag from /home/agalli/sandbox/lib/python3.6/site-packages/airflow/example_dags/example_trigger_target_dag.py
[2022-02-12 15:07:48,416] {scheduler_job.py:643} INFO - DAG(s) dict_keys(['example_trigger_target_dag']) retrieved from /home/agalli/sandbox/lib/python3.6/site-packages/airflow/example_dags/example_trigger_target_dag.py
[2022-02-12 15:07:48,487] {logging_mixin.py:104} INFO - [2022-02-12 15:07:48,487] {dag.py:1832} INFO - Sync 1 DAGs
[2022-02-12 15:07:48,515] {logging_mixin.py:104} INFO - [2022-02-12 15:07:48,515] {dag.py:2305} INFO - Setting next_dagrun for example_trigger_target_dag to None
[2022-02-12 15:07:48,532] {scheduler_job.py:190} INFO - Processing /home/agalli/sandbox/lib/python3.6/site-packages/airflow/example_dags/example_trigger_target_dag.py took 0.160 seconds
[2022-02-12 15:08:18,873] {scheduler_job.py:182} INFO - Started process (PID=21360) to work on /home/agalli/sandbox/lib/python3.6/site-packages/airflow/example_dags/example_trigger_target_dag.py
[2022-02-12 15:08:18,874] {scheduler_job.py:633} INFO - Processing file /home/agalli/sandbox/lib/python3.6/site-packages/airflow/example_dags/example_trigger_target_dag.py for tasks to queue
[2022-02-12 15:08:18,875] {logging_mixin.py:104} INFO - [2022-02-12 15:08:18,875] {dagbag.py:487} INFO - Filling up the DagBag from /home/agalli/sandbox/lib/python3.6/site-packages/airflow/example_dags/example_trigger_target_dag.py
[2022-02-12 15:08:18,899] {scheduler_job.py:643} INFO - DAG(s) dict_keys(['example_trigger_target_dag']) retrieved from /home/agalli/sandbox/lib/python3.6/site-packages/airflow/example_dags/example_trigger_target_dag.py
[2022-02-12 15:08:18,938] {logging_mixin.py:104} INFO - [2022-02-12 15:08:18,938] {dag.py:1832} INFO - Sync 1 DAGs
[2022-02-12 15:08:18,957] {logging_mixin.py:104} INFO - [2022-02-12 15:08:18,957] {dag.py:2305} INFO - Setting next_dagrun for example_trigger_target_dag to None
[2022-02-12 15:08:18,972] {scheduler_job.py:190} INFO - Processing /home/agalli/sandbox/lib/python3.6/site-packages/airflow/example_dags/example_trigger_target_dag.py took 0.105 seconds
