[2022-02-12 13:57:29,647] {scheduler_job.py:182} INFO - Started process (PID=1877) to work on /home/agalli/sandbox/lib/python3.6/site-packages/airflow/example_dags/example_branch_day_of_week_operator.py
[2022-02-12 13:57:29,661] {scheduler_job.py:633} INFO - Processing file /home/agalli/sandbox/lib/python3.6/site-packages/airflow/example_dags/example_branch_day_of_week_operator.py for tasks to queue
[2022-02-12 13:57:29,663] {logging_mixin.py:104} INFO - [2022-02-12 13:57:29,662] {dagbag.py:487} INFO - Filling up the DagBag from /home/agalli/sandbox/lib/python3.6/site-packages/airflow/example_dags/example_branch_day_of_week_operator.py
[2022-02-12 13:57:29,789] {scheduler_job.py:643} INFO - DAG(s) dict_keys(['example_weekday_branch_operator']) retrieved from /home/agalli/sandbox/lib/python3.6/site-packages/airflow/example_dags/example_branch_day_of_week_operator.py
[2022-02-12 13:57:30,002] {logging_mixin.py:104} INFO - [2022-02-12 13:57:30,001] {dag.py:1832} INFO - Sync 1 DAGs
[2022-02-12 13:57:30,175] {logging_mixin.py:104} INFO - [2022-02-12 13:57:30,174] {dag.py:2305} INFO - Setting next_dagrun for example_weekday_branch_operator to 2022-02-10 00:00:00+00:00
[2022-02-12 13:57:30,248] {scheduler_job.py:190} INFO - Processing /home/agalli/sandbox/lib/python3.6/site-packages/airflow/example_dags/example_branch_day_of_week_operator.py took 0.633 seconds
[2022-02-12 13:58:00,819] {scheduler_job.py:182} INFO - Started process (PID=2292) to work on /home/agalli/sandbox/lib/python3.6/site-packages/airflow/example_dags/example_branch_day_of_week_operator.py
[2022-02-12 13:58:00,822] {scheduler_job.py:633} INFO - Processing file /home/agalli/sandbox/lib/python3.6/site-packages/airflow/example_dags/example_branch_day_of_week_operator.py for tasks to queue
[2022-02-12 13:58:00,824] {logging_mixin.py:104} INFO - [2022-02-12 13:58:00,823] {dagbag.py:487} INFO - Filling up the DagBag from /home/agalli/sandbox/lib/python3.6/site-packages/airflow/example_dags/example_branch_day_of_week_operator.py
[2022-02-12 13:58:00,856] {scheduler_job.py:643} INFO - DAG(s) dict_keys(['example_weekday_branch_operator']) retrieved from /home/agalli/sandbox/lib/python3.6/site-packages/airflow/example_dags/example_branch_day_of_week_operator.py
[2022-02-12 13:58:00,903] {logging_mixin.py:104} INFO - [2022-02-12 13:58:00,903] {dag.py:1832} INFO - Sync 1 DAGs
[2022-02-12 13:58:00,960] {logging_mixin.py:104} INFO - [2022-02-12 13:58:00,960] {dag.py:2305} INFO - Setting next_dagrun for example_weekday_branch_operator to 2022-02-10 00:00:00+00:00
[2022-02-12 13:58:01,005] {scheduler_job.py:190} INFO - Processing /home/agalli/sandbox/lib/python3.6/site-packages/airflow/example_dags/example_branch_day_of_week_operator.py took 0.197 seconds
[2022-02-12 13:58:31,750] {scheduler_job.py:182} INFO - Started process (PID=2488) to work on /home/agalli/sandbox/lib/python3.6/site-packages/airflow/example_dags/example_branch_day_of_week_operator.py
[2022-02-12 13:58:31,753] {scheduler_job.py:633} INFO - Processing file /home/agalli/sandbox/lib/python3.6/site-packages/airflow/example_dags/example_branch_day_of_week_operator.py for tasks to queue
[2022-02-12 13:58:31,757] {logging_mixin.py:104} INFO - [2022-02-12 13:58:31,754] {dagbag.py:487} INFO - Filling up the DagBag from /home/agalli/sandbox/lib/python3.6/site-packages/airflow/example_dags/example_branch_day_of_week_operator.py
[2022-02-12 13:58:31,800] {scheduler_job.py:643} INFO - DAG(s) dict_keys(['example_weekday_branch_operator']) retrieved from /home/agalli/sandbox/lib/python3.6/site-packages/airflow/example_dags/example_branch_day_of_week_operator.py
[2022-02-12 13:58:31,849] {logging_mixin.py:104} INFO - [2022-02-12 13:58:31,849] {dag.py:1832} INFO - Sync 1 DAGs
[2022-02-12 13:58:31,884] {logging_mixin.py:104} INFO - [2022-02-12 13:58:31,884] {dag.py:2305} INFO - Setting next_dagrun for example_weekday_branch_operator to 2022-02-10 00:00:00+00:00
[2022-02-12 13:58:31,903] {scheduler_job.py:190} INFO - Processing /home/agalli/sandbox/lib/python3.6/site-packages/airflow/example_dags/example_branch_day_of_week_operator.py took 0.170 seconds
[2022-02-12 13:59:02,416] {scheduler_job.py:182} INFO - Started process (PID=2693) to work on /home/agalli/sandbox/lib/python3.6/site-packages/airflow/example_dags/example_branch_day_of_week_operator.py
[2022-02-12 13:59:02,418] {scheduler_job.py:633} INFO - Processing file /home/agalli/sandbox/lib/python3.6/site-packages/airflow/example_dags/example_branch_day_of_week_operator.py for tasks to queue
[2022-02-12 13:59:02,418] {logging_mixin.py:104} INFO - [2022-02-12 13:59:02,418] {dagbag.py:487} INFO - Filling up the DagBag from /home/agalli/sandbox/lib/python3.6/site-packages/airflow/example_dags/example_branch_day_of_week_operator.py
[2022-02-12 13:59:02,435] {scheduler_job.py:643} INFO - DAG(s) dict_keys(['example_weekday_branch_operator']) retrieved from /home/agalli/sandbox/lib/python3.6/site-packages/airflow/example_dags/example_branch_day_of_week_operator.py
[2022-02-12 13:59:02,468] {logging_mixin.py:104} INFO - [2022-02-12 13:59:02,468] {dag.py:1832} INFO - Sync 1 DAGs
[2022-02-12 13:59:02,499] {logging_mixin.py:104} INFO - [2022-02-12 13:59:02,499] {dag.py:2305} INFO - Setting next_dagrun for example_weekday_branch_operator to 2022-02-10 00:00:00+00:00
[2022-02-12 13:59:02,518] {scheduler_job.py:190} INFO - Processing /home/agalli/sandbox/lib/python3.6/site-packages/airflow/example_dags/example_branch_day_of_week_operator.py took 0.107 seconds
[2022-02-12 13:59:33,094] {scheduler_job.py:182} INFO - Started process (PID=2893) to work on /home/agalli/sandbox/lib/python3.6/site-packages/airflow/example_dags/example_branch_day_of_week_operator.py
[2022-02-12 13:59:33,095] {scheduler_job.py:633} INFO - Processing file /home/agalli/sandbox/lib/python3.6/site-packages/airflow/example_dags/example_branch_day_of_week_operator.py for tasks to queue
[2022-02-12 13:59:33,096] {logging_mixin.py:104} INFO - [2022-02-12 13:59:33,096] {dagbag.py:487} INFO - Filling up the DagBag from /home/agalli/sandbox/lib/python3.6/site-packages/airflow/example_dags/example_branch_day_of_week_operator.py
[2022-02-12 13:59:33,113] {scheduler_job.py:643} INFO - DAG(s) dict_keys(['example_weekday_branch_operator']) retrieved from /home/agalli/sandbox/lib/python3.6/site-packages/airflow/example_dags/example_branch_day_of_week_operator.py
[2022-02-12 13:59:33,149] {logging_mixin.py:104} INFO - [2022-02-12 13:59:33,149] {dag.py:1832} INFO - Sync 1 DAGs
[2022-02-12 13:59:33,179] {logging_mixin.py:104} INFO - [2022-02-12 13:59:33,179] {dag.py:2305} INFO - Setting next_dagrun for example_weekday_branch_operator to 2022-02-10 00:00:00+00:00
[2022-02-12 13:59:33,194] {scheduler_job.py:190} INFO - Processing /home/agalli/sandbox/lib/python3.6/site-packages/airflow/example_dags/example_branch_day_of_week_operator.py took 0.104 seconds
[2022-02-12 14:00:04,895] {scheduler_job.py:182} INFO - Started process (PID=3164) to work on /home/agalli/sandbox/lib/python3.6/site-packages/airflow/example_dags/example_branch_day_of_week_operator.py
[2022-02-12 14:00:04,897] {scheduler_job.py:633} INFO - Processing file /home/agalli/sandbox/lib/python3.6/site-packages/airflow/example_dags/example_branch_day_of_week_operator.py for tasks to queue
[2022-02-12 14:00:04,901] {logging_mixin.py:104} INFO - [2022-02-12 14:00:04,901] {dagbag.py:487} INFO - Filling up the DagBag from /home/agalli/sandbox/lib/python3.6/site-packages/airflow/example_dags/example_branch_day_of_week_operator.py
[2022-02-12 14:00:04,926] {scheduler_job.py:643} INFO - DAG(s) dict_keys(['example_weekday_branch_operator']) retrieved from /home/agalli/sandbox/lib/python3.6/site-packages/airflow/example_dags/example_branch_day_of_week_operator.py
[2022-02-12 14:00:04,992] {logging_mixin.py:104} INFO - [2022-02-12 14:00:04,992] {dag.py:1832} INFO - Sync 1 DAGs
[2022-02-12 14:00:05,049] {logging_mixin.py:104} INFO - [2022-02-12 14:00:05,046] {dag.py:2305} INFO - Setting next_dagrun for example_weekday_branch_operator to 2022-02-10 00:00:00+00:00
[2022-02-12 14:00:05,086] {scheduler_job.py:190} INFO - Processing /home/agalli/sandbox/lib/python3.6/site-packages/airflow/example_dags/example_branch_day_of_week_operator.py took 0.196 seconds
[2022-02-12 14:00:35,255] {scheduler_job.py:182} INFO - Started process (PID=3539) to work on /home/agalli/sandbox/lib/python3.6/site-packages/airflow/example_dags/example_branch_day_of_week_operator.py
[2022-02-12 14:00:35,258] {scheduler_job.py:633} INFO - Processing file /home/agalli/sandbox/lib/python3.6/site-packages/airflow/example_dags/example_branch_day_of_week_operator.py for tasks to queue
[2022-02-12 14:00:35,259] {logging_mixin.py:104} INFO - [2022-02-12 14:00:35,259] {dagbag.py:487} INFO - Filling up the DagBag from /home/agalli/sandbox/lib/python3.6/site-packages/airflow/example_dags/example_branch_day_of_week_operator.py
[2022-02-12 14:00:35,296] {scheduler_job.py:643} INFO - DAG(s) dict_keys(['example_weekday_branch_operator']) retrieved from /home/agalli/sandbox/lib/python3.6/site-packages/airflow/example_dags/example_branch_day_of_week_operator.py
[2022-02-12 14:00:35,374] {logging_mixin.py:104} INFO - [2022-02-12 14:00:35,374] {dag.py:1832} INFO - Sync 1 DAGs
[2022-02-12 14:00:35,427] {logging_mixin.py:104} INFO - [2022-02-12 14:00:35,427] {dag.py:2305} INFO - Setting next_dagrun for example_weekday_branch_operator to 2022-02-10 00:00:00+00:00
[2022-02-12 14:00:35,472] {scheduler_job.py:190} INFO - Processing /home/agalli/sandbox/lib/python3.6/site-packages/airflow/example_dags/example_branch_day_of_week_operator.py took 0.226 seconds
[2022-02-12 14:01:11,948] {scheduler_job.py:182} INFO - Started process (PID=4313) to work on /home/agalli/sandbox/lib/python3.6/site-packages/airflow/example_dags/example_branch_day_of_week_operator.py
[2022-02-12 14:01:12,036] {scheduler_job.py:633} INFO - Processing file /home/agalli/sandbox/lib/python3.6/site-packages/airflow/example_dags/example_branch_day_of_week_operator.py for tasks to queue
[2022-02-12 14:01:12,067] {logging_mixin.py:104} INFO - [2022-02-12 14:01:12,038] {dagbag.py:487} INFO - Filling up the DagBag from /home/agalli/sandbox/lib/python3.6/site-packages/airflow/example_dags/example_branch_day_of_week_operator.py
[2022-02-12 14:01:12,193] {scheduler_job.py:643} INFO - DAG(s) dict_keys(['example_weekday_branch_operator']) retrieved from /home/agalli/sandbox/lib/python3.6/site-packages/airflow/example_dags/example_branch_day_of_week_operator.py
[2022-02-12 14:01:12,431] {logging_mixin.py:104} INFO - [2022-02-12 14:01:12,430] {dag.py:1832} INFO - Sync 1 DAGs
[2022-02-12 14:01:12,570] {logging_mixin.py:104} INFO - [2022-02-12 14:01:12,570] {dag.py:2305} INFO - Setting next_dagrun for example_weekday_branch_operator to 2022-02-10 00:00:00+00:00
[2022-02-12 14:01:12,659] {scheduler_job.py:190} INFO - Processing /home/agalli/sandbox/lib/python3.6/site-packages/airflow/example_dags/example_branch_day_of_week_operator.py took 0.730 seconds
[2022-02-12 14:01:43,097] {scheduler_job.py:182} INFO - Started process (PID=5436) to work on /home/agalli/sandbox/lib/python3.6/site-packages/airflow/example_dags/example_branch_day_of_week_operator.py
[2022-02-12 14:01:43,101] {scheduler_job.py:633} INFO - Processing file /home/agalli/sandbox/lib/python3.6/site-packages/airflow/example_dags/example_branch_day_of_week_operator.py for tasks to queue
[2022-02-12 14:01:43,102] {logging_mixin.py:104} INFO - [2022-02-12 14:01:43,102] {dagbag.py:487} INFO - Filling up the DagBag from /home/agalli/sandbox/lib/python3.6/site-packages/airflow/example_dags/example_branch_day_of_week_operator.py
[2022-02-12 14:01:43,131] {scheduler_job.py:643} INFO - DAG(s) dict_keys(['example_weekday_branch_operator']) retrieved from /home/agalli/sandbox/lib/python3.6/site-packages/airflow/example_dags/example_branch_day_of_week_operator.py
[2022-02-12 14:01:43,188] {logging_mixin.py:104} INFO - [2022-02-12 14:01:43,188] {dag.py:1832} INFO - Sync 1 DAGs
[2022-02-12 14:01:43,231] {logging_mixin.py:104} INFO - [2022-02-12 14:01:43,231] {dag.py:2305} INFO - Setting next_dagrun for example_weekday_branch_operator to 2022-02-10 00:00:00+00:00
[2022-02-12 14:01:43,253] {scheduler_job.py:190} INFO - Processing /home/agalli/sandbox/lib/python3.6/site-packages/airflow/example_dags/example_branch_day_of_week_operator.py took 0.162 seconds
[2022-02-12 14:02:13,399] {scheduler_job.py:182} INFO - Started process (PID=5634) to work on /home/agalli/sandbox/lib/python3.6/site-packages/airflow/example_dags/example_branch_day_of_week_operator.py
[2022-02-12 14:02:13,401] {scheduler_job.py:633} INFO - Processing file /home/agalli/sandbox/lib/python3.6/site-packages/airflow/example_dags/example_branch_day_of_week_operator.py for tasks to queue
[2022-02-12 14:02:13,402] {logging_mixin.py:104} INFO - [2022-02-12 14:02:13,402] {dagbag.py:487} INFO - Filling up the DagBag from /home/agalli/sandbox/lib/python3.6/site-packages/airflow/example_dags/example_branch_day_of_week_operator.py
[2022-02-12 14:02:13,424] {scheduler_job.py:643} INFO - DAG(s) dict_keys(['example_weekday_branch_operator']) retrieved from /home/agalli/sandbox/lib/python3.6/site-packages/airflow/example_dags/example_branch_day_of_week_operator.py
[2022-02-12 14:02:13,469] {logging_mixin.py:104} INFO - [2022-02-12 14:02:13,468] {dag.py:1832} INFO - Sync 1 DAGs
[2022-02-12 14:02:13,506] {logging_mixin.py:104} INFO - [2022-02-12 14:02:13,506] {dag.py:2305} INFO - Setting next_dagrun for example_weekday_branch_operator to 2022-02-10 00:00:00+00:00
[2022-02-12 14:02:13,534] {scheduler_job.py:190} INFO - Processing /home/agalli/sandbox/lib/python3.6/site-packages/airflow/example_dags/example_branch_day_of_week_operator.py took 0.139 seconds
[2022-02-12 14:02:43,760] {scheduler_job.py:182} INFO - Started process (PID=5952) to work on /home/agalli/sandbox/lib/python3.6/site-packages/airflow/example_dags/example_branch_day_of_week_operator.py
[2022-02-12 14:02:43,763] {scheduler_job.py:633} INFO - Processing file /home/agalli/sandbox/lib/python3.6/site-packages/airflow/example_dags/example_branch_day_of_week_operator.py for tasks to queue
[2022-02-12 14:02:43,766] {logging_mixin.py:104} INFO - [2022-02-12 14:02:43,765] {dagbag.py:487} INFO - Filling up the DagBag from /home/agalli/sandbox/lib/python3.6/site-packages/airflow/example_dags/example_branch_day_of_week_operator.py
[2022-02-12 14:02:43,818] {scheduler_job.py:643} INFO - DAG(s) dict_keys(['example_weekday_branch_operator']) retrieved from /home/agalli/sandbox/lib/python3.6/site-packages/airflow/example_dags/example_branch_day_of_week_operator.py
[2022-02-12 14:02:43,899] {logging_mixin.py:104} INFO - [2022-02-12 14:02:43,899] {dag.py:1832} INFO - Sync 1 DAGs
[2022-02-12 14:02:43,965] {logging_mixin.py:104} INFO - [2022-02-12 14:02:43,965] {dag.py:2305} INFO - Setting next_dagrun for example_weekday_branch_operator to 2022-02-10 00:00:00+00:00
[2022-02-12 14:02:44,003] {scheduler_job.py:190} INFO - Processing /home/agalli/sandbox/lib/python3.6/site-packages/airflow/example_dags/example_branch_day_of_week_operator.py took 0.264 seconds
[2022-02-12 14:03:14,751] {scheduler_job.py:182} INFO - Started process (PID=6154) to work on /home/agalli/sandbox/lib/python3.6/site-packages/airflow/example_dags/example_branch_day_of_week_operator.py
[2022-02-12 14:03:14,768] {scheduler_job.py:633} INFO - Processing file /home/agalli/sandbox/lib/python3.6/site-packages/airflow/example_dags/example_branch_day_of_week_operator.py for tasks to queue
[2022-02-12 14:03:14,769] {logging_mixin.py:104} INFO - [2022-02-12 14:03:14,769] {dagbag.py:487} INFO - Filling up the DagBag from /home/agalli/sandbox/lib/python3.6/site-packages/airflow/example_dags/example_branch_day_of_week_operator.py
[2022-02-12 14:03:14,793] {scheduler_job.py:643} INFO - DAG(s) dict_keys(['example_weekday_branch_operator']) retrieved from /home/agalli/sandbox/lib/python3.6/site-packages/airflow/example_dags/example_branch_day_of_week_operator.py
[2022-02-12 14:03:14,855] {logging_mixin.py:104} INFO - [2022-02-12 14:03:14,855] {dag.py:1832} INFO - Sync 1 DAGs
[2022-02-12 14:03:14,888] {logging_mixin.py:104} INFO - [2022-02-12 14:03:14,887] {dag.py:2305} INFO - Setting next_dagrun for example_weekday_branch_operator to 2022-02-10 00:00:00+00:00
[2022-02-12 14:03:14,902] {scheduler_job.py:190} INFO - Processing /home/agalli/sandbox/lib/python3.6/site-packages/airflow/example_dags/example_branch_day_of_week_operator.py took 0.158 seconds
[2022-02-12 14:20:20,384] {scheduler_job.py:182} INFO - Started process (PID=7136) to work on /home/agalli/sandbox/lib/python3.6/site-packages/airflow/example_dags/example_branch_day_of_week_operator.py
[2022-02-12 14:20:20,386] {scheduler_job.py:633} INFO - Processing file /home/agalli/sandbox/lib/python3.6/site-packages/airflow/example_dags/example_branch_day_of_week_operator.py for tasks to queue
[2022-02-12 14:20:20,386] {logging_mixin.py:104} INFO - [2022-02-12 14:20:20,386] {dagbag.py:487} INFO - Filling up the DagBag from /home/agalli/sandbox/lib/python3.6/site-packages/airflow/example_dags/example_branch_day_of_week_operator.py
[2022-02-12 14:20:20,402] {scheduler_job.py:643} INFO - DAG(s) dict_keys(['example_weekday_branch_operator']) retrieved from /home/agalli/sandbox/lib/python3.6/site-packages/airflow/example_dags/example_branch_day_of_week_operator.py
[2022-02-12 14:20:20,444] {logging_mixin.py:104} INFO - [2022-02-12 14:20:20,444] {dag.py:1832} INFO - Sync 1 DAGs
[2022-02-12 14:20:20,469] {logging_mixin.py:104} INFO - [2022-02-12 14:20:20,468] {dag.py:2305} INFO - Setting next_dagrun for example_weekday_branch_operator to 2022-02-10 00:00:00+00:00
[2022-02-12 14:20:20,496] {scheduler_job.py:190} INFO - Processing /home/agalli/sandbox/lib/python3.6/site-packages/airflow/example_dags/example_branch_day_of_week_operator.py took 0.117 seconds
[2022-02-12 14:20:50,545] {scheduler_job.py:182} INFO - Started process (PID=7334) to work on /home/agalli/sandbox/lib/python3.6/site-packages/airflow/example_dags/example_branch_day_of_week_operator.py
[2022-02-12 14:20:50,546] {scheduler_job.py:633} INFO - Processing file /home/agalli/sandbox/lib/python3.6/site-packages/airflow/example_dags/example_branch_day_of_week_operator.py for tasks to queue
[2022-02-12 14:20:50,547] {logging_mixin.py:104} INFO - [2022-02-12 14:20:50,547] {dagbag.py:487} INFO - Filling up the DagBag from /home/agalli/sandbox/lib/python3.6/site-packages/airflow/example_dags/example_branch_day_of_week_operator.py
[2022-02-12 14:20:50,562] {scheduler_job.py:643} INFO - DAG(s) dict_keys(['example_weekday_branch_operator']) retrieved from /home/agalli/sandbox/lib/python3.6/site-packages/airflow/example_dags/example_branch_day_of_week_operator.py
[2022-02-12 14:20:50,592] {logging_mixin.py:104} INFO - [2022-02-12 14:20:50,592] {dag.py:1832} INFO - Sync 1 DAGs
[2022-02-12 14:20:50,615] {logging_mixin.py:104} INFO - [2022-02-12 14:20:50,614] {dag.py:2305} INFO - Setting next_dagrun for example_weekday_branch_operator to 2022-02-10 00:00:00+00:00
[2022-02-12 14:20:50,629] {scheduler_job.py:190} INFO - Processing /home/agalli/sandbox/lib/python3.6/site-packages/airflow/example_dags/example_branch_day_of_week_operator.py took 0.088 seconds
[2022-02-12 14:21:21,903] {scheduler_job.py:182} INFO - Started process (PID=7540) to work on /home/agalli/sandbox/lib/python3.6/site-packages/airflow/example_dags/example_branch_day_of_week_operator.py
[2022-02-12 14:21:21,905] {scheduler_job.py:633} INFO - Processing file /home/agalli/sandbox/lib/python3.6/site-packages/airflow/example_dags/example_branch_day_of_week_operator.py for tasks to queue
[2022-02-12 14:21:21,906] {logging_mixin.py:104} INFO - [2022-02-12 14:21:21,905] {dagbag.py:487} INFO - Filling up the DagBag from /home/agalli/sandbox/lib/python3.6/site-packages/airflow/example_dags/example_branch_day_of_week_operator.py
[2022-02-12 14:21:21,919] {scheduler_job.py:643} INFO - DAG(s) dict_keys(['example_weekday_branch_operator']) retrieved from /home/agalli/sandbox/lib/python3.6/site-packages/airflow/example_dags/example_branch_day_of_week_operator.py
[2022-02-12 14:21:21,980] {logging_mixin.py:104} INFO - [2022-02-12 14:21:21,980] {dag.py:1832} INFO - Sync 1 DAGs
[2022-02-12 14:21:22,009] {logging_mixin.py:104} INFO - [2022-02-12 14:21:22,009] {dag.py:2305} INFO - Setting next_dagrun for example_weekday_branch_operator to 2022-02-10 00:00:00+00:00
[2022-02-12 14:21:22,022] {scheduler_job.py:190} INFO - Processing /home/agalli/sandbox/lib/python3.6/site-packages/airflow/example_dags/example_branch_day_of_week_operator.py took 0.123 seconds
[2022-02-12 14:21:52,536] {scheduler_job.py:182} INFO - Started process (PID=7742) to work on /home/agalli/sandbox/lib/python3.6/site-packages/airflow/example_dags/example_branch_day_of_week_operator.py
[2022-02-12 14:21:52,538] {scheduler_job.py:633} INFO - Processing file /home/agalli/sandbox/lib/python3.6/site-packages/airflow/example_dags/example_branch_day_of_week_operator.py for tasks to queue
[2022-02-12 14:21:52,539] {logging_mixin.py:104} INFO - [2022-02-12 14:21:52,539] {dagbag.py:487} INFO - Filling up the DagBag from /home/agalli/sandbox/lib/python3.6/site-packages/airflow/example_dags/example_branch_day_of_week_operator.py
[2022-02-12 14:21:52,565] {scheduler_job.py:643} INFO - DAG(s) dict_keys(['example_weekday_branch_operator']) retrieved from /home/agalli/sandbox/lib/python3.6/site-packages/airflow/example_dags/example_branch_day_of_week_operator.py
[2022-02-12 14:21:52,604] {logging_mixin.py:104} INFO - [2022-02-12 14:21:52,603] {dag.py:1832} INFO - Sync 1 DAGs
[2022-02-12 14:21:52,638] {logging_mixin.py:104} INFO - [2022-02-12 14:21:52,638] {dag.py:2305} INFO - Setting next_dagrun for example_weekday_branch_operator to 2022-02-10 00:00:00+00:00
[2022-02-12 14:21:52,653] {scheduler_job.py:190} INFO - Processing /home/agalli/sandbox/lib/python3.6/site-packages/airflow/example_dags/example_branch_day_of_week_operator.py took 0.126 seconds
[2022-02-12 14:22:23,286] {scheduler_job.py:182} INFO - Started process (PID=7946) to work on /home/agalli/sandbox/lib/python3.6/site-packages/airflow/example_dags/example_branch_day_of_week_operator.py
[2022-02-12 14:22:23,287] {scheduler_job.py:633} INFO - Processing file /home/agalli/sandbox/lib/python3.6/site-packages/airflow/example_dags/example_branch_day_of_week_operator.py for tasks to queue
[2022-02-12 14:22:23,288] {logging_mixin.py:104} INFO - [2022-02-12 14:22:23,287] {dagbag.py:487} INFO - Filling up the DagBag from /home/agalli/sandbox/lib/python3.6/site-packages/airflow/example_dags/example_branch_day_of_week_operator.py
[2022-02-12 14:22:23,300] {scheduler_job.py:643} INFO - DAG(s) dict_keys(['example_weekday_branch_operator']) retrieved from /home/agalli/sandbox/lib/python3.6/site-packages/airflow/example_dags/example_branch_day_of_week_operator.py
[2022-02-12 14:22:23,329] {logging_mixin.py:104} INFO - [2022-02-12 14:22:23,329] {dag.py:1832} INFO - Sync 1 DAGs
[2022-02-12 14:22:23,348] {logging_mixin.py:104} INFO - [2022-02-12 14:22:23,347] {dag.py:2305} INFO - Setting next_dagrun for example_weekday_branch_operator to 2022-02-10 00:00:00+00:00
[2022-02-12 14:22:23,359] {scheduler_job.py:190} INFO - Processing /home/agalli/sandbox/lib/python3.6/site-packages/airflow/example_dags/example_branch_day_of_week_operator.py took 0.077 seconds
[2022-02-12 14:22:54,491] {scheduler_job.py:182} INFO - Started process (PID=8144) to work on /home/agalli/sandbox/lib/python3.6/site-packages/airflow/example_dags/example_branch_day_of_week_operator.py
[2022-02-12 14:22:54,493] {scheduler_job.py:633} INFO - Processing file /home/agalli/sandbox/lib/python3.6/site-packages/airflow/example_dags/example_branch_day_of_week_operator.py for tasks to queue
[2022-02-12 14:22:54,494] {logging_mixin.py:104} INFO - [2022-02-12 14:22:54,494] {dagbag.py:487} INFO - Filling up the DagBag from /home/agalli/sandbox/lib/python3.6/site-packages/airflow/example_dags/example_branch_day_of_week_operator.py
[2022-02-12 14:22:54,506] {scheduler_job.py:643} INFO - DAG(s) dict_keys(['example_weekday_branch_operator']) retrieved from /home/agalli/sandbox/lib/python3.6/site-packages/airflow/example_dags/example_branch_day_of_week_operator.py
[2022-02-12 14:22:54,540] {logging_mixin.py:104} INFO - [2022-02-12 14:22:54,540] {dag.py:1832} INFO - Sync 1 DAGs
[2022-02-12 14:22:54,569] {logging_mixin.py:104} INFO - [2022-02-12 14:22:54,569] {dag.py:2305} INFO - Setting next_dagrun for example_weekday_branch_operator to 2022-02-10 00:00:00+00:00
[2022-02-12 14:22:54,586] {scheduler_job.py:190} INFO - Processing /home/agalli/sandbox/lib/python3.6/site-packages/airflow/example_dags/example_branch_day_of_week_operator.py took 0.102 seconds
[2022-02-12 14:23:26,087] {scheduler_job.py:182} INFO - Started process (PID=8349) to work on /home/agalli/sandbox/lib/python3.6/site-packages/airflow/example_dags/example_branch_day_of_week_operator.py
[2022-02-12 14:23:26,088] {scheduler_job.py:633} INFO - Processing file /home/agalli/sandbox/lib/python3.6/site-packages/airflow/example_dags/example_branch_day_of_week_operator.py for tasks to queue
[2022-02-12 14:23:26,090] {logging_mixin.py:104} INFO - [2022-02-12 14:23:26,089] {dagbag.py:487} INFO - Filling up the DagBag from /home/agalli/sandbox/lib/python3.6/site-packages/airflow/example_dags/example_branch_day_of_week_operator.py
[2022-02-12 14:23:26,163] {scheduler_job.py:643} INFO - DAG(s) dict_keys(['example_weekday_branch_operator']) retrieved from /home/agalli/sandbox/lib/python3.6/site-packages/airflow/example_dags/example_branch_day_of_week_operator.py
[2022-02-12 14:23:26,295] {logging_mixin.py:104} INFO - [2022-02-12 14:23:26,294] {dag.py:1832} INFO - Sync 1 DAGs
[2022-02-12 14:23:26,367] {logging_mixin.py:104} INFO - [2022-02-12 14:23:26,367] {dag.py:2305} INFO - Setting next_dagrun for example_weekday_branch_operator to 2022-02-10 00:00:00+00:00
[2022-02-12 14:23:26,387] {scheduler_job.py:190} INFO - Processing /home/agalli/sandbox/lib/python3.6/site-packages/airflow/example_dags/example_branch_day_of_week_operator.py took 0.307 seconds
[2022-02-12 14:23:57,160] {scheduler_job.py:182} INFO - Started process (PID=8549) to work on /home/agalli/sandbox/lib/python3.6/site-packages/airflow/example_dags/example_branch_day_of_week_operator.py
[2022-02-12 14:23:57,161] {scheduler_job.py:633} INFO - Processing file /home/agalli/sandbox/lib/python3.6/site-packages/airflow/example_dags/example_branch_day_of_week_operator.py for tasks to queue
[2022-02-12 14:23:57,162] {logging_mixin.py:104} INFO - [2022-02-12 14:23:57,162] {dagbag.py:487} INFO - Filling up the DagBag from /home/agalli/sandbox/lib/python3.6/site-packages/airflow/example_dags/example_branch_day_of_week_operator.py
[2022-02-12 14:23:57,176] {scheduler_job.py:643} INFO - DAG(s) dict_keys(['example_weekday_branch_operator']) retrieved from /home/agalli/sandbox/lib/python3.6/site-packages/airflow/example_dags/example_branch_day_of_week_operator.py
[2022-02-12 14:23:57,207] {logging_mixin.py:104} INFO - [2022-02-12 14:23:57,207] {dag.py:1832} INFO - Sync 1 DAGs
[2022-02-12 14:23:57,229] {logging_mixin.py:104} INFO - [2022-02-12 14:23:57,229] {dag.py:2305} INFO - Setting next_dagrun for example_weekday_branch_operator to 2022-02-10 00:00:00+00:00
[2022-02-12 14:23:57,243] {scheduler_job.py:190} INFO - Processing /home/agalli/sandbox/lib/python3.6/site-packages/airflow/example_dags/example_branch_day_of_week_operator.py took 0.086 seconds
[2022-02-12 14:24:29,664] {scheduler_job.py:182} INFO - Started process (PID=8753) to work on /home/agalli/sandbox/lib/python3.6/site-packages/airflow/example_dags/example_branch_day_of_week_operator.py
[2022-02-12 14:24:29,666] {scheduler_job.py:633} INFO - Processing file /home/agalli/sandbox/lib/python3.6/site-packages/airflow/example_dags/example_branch_day_of_week_operator.py for tasks to queue
[2022-02-12 14:24:29,667] {logging_mixin.py:104} INFO - [2022-02-12 14:24:29,667] {dagbag.py:487} INFO - Filling up the DagBag from /home/agalli/sandbox/lib/python3.6/site-packages/airflow/example_dags/example_branch_day_of_week_operator.py
[2022-02-12 14:24:29,689] {scheduler_job.py:643} INFO - DAG(s) dict_keys(['example_weekday_branch_operator']) retrieved from /home/agalli/sandbox/lib/python3.6/site-packages/airflow/example_dags/example_branch_day_of_week_operator.py
[2022-02-12 14:24:29,736] {logging_mixin.py:104} INFO - [2022-02-12 14:24:29,736] {dag.py:1832} INFO - Sync 1 DAGs
[2022-02-12 14:24:29,798] {logging_mixin.py:104} INFO - [2022-02-12 14:24:29,797] {dag.py:2305} INFO - Setting next_dagrun for example_weekday_branch_operator to 2022-02-10 00:00:00+00:00
[2022-02-12 14:24:29,833] {scheduler_job.py:190} INFO - Processing /home/agalli/sandbox/lib/python3.6/site-packages/airflow/example_dags/example_branch_day_of_week_operator.py took 0.177 seconds
[2022-02-12 14:25:01,378] {scheduler_job.py:182} INFO - Started process (PID=8955) to work on /home/agalli/sandbox/lib/python3.6/site-packages/airflow/example_dags/example_branch_day_of_week_operator.py
[2022-02-12 14:25:01,379] {scheduler_job.py:633} INFO - Processing file /home/agalli/sandbox/lib/python3.6/site-packages/airflow/example_dags/example_branch_day_of_week_operator.py for tasks to queue
[2022-02-12 14:25:01,380] {logging_mixin.py:104} INFO - [2022-02-12 14:25:01,380] {dagbag.py:487} INFO - Filling up the DagBag from /home/agalli/sandbox/lib/python3.6/site-packages/airflow/example_dags/example_branch_day_of_week_operator.py
[2022-02-12 14:25:01,398] {scheduler_job.py:643} INFO - DAG(s) dict_keys(['example_weekday_branch_operator']) retrieved from /home/agalli/sandbox/lib/python3.6/site-packages/airflow/example_dags/example_branch_day_of_week_operator.py
[2022-02-12 14:25:01,435] {logging_mixin.py:104} INFO - [2022-02-12 14:25:01,435] {dag.py:1832} INFO - Sync 1 DAGs
[2022-02-12 14:25:01,486] {logging_mixin.py:104} INFO - [2022-02-12 14:25:01,485] {dag.py:2305} INFO - Setting next_dagrun for example_weekday_branch_operator to 2022-02-10 00:00:00+00:00
[2022-02-12 14:25:01,573] {scheduler_job.py:190} INFO - Processing /home/agalli/sandbox/lib/python3.6/site-packages/airflow/example_dags/example_branch_day_of_week_operator.py took 0.204 seconds
[2022-02-12 14:25:32,296] {scheduler_job.py:182} INFO - Started process (PID=9275) to work on /home/agalli/sandbox/lib/python3.6/site-packages/airflow/example_dags/example_branch_day_of_week_operator.py
[2022-02-12 14:25:32,297] {scheduler_job.py:633} INFO - Processing file /home/agalli/sandbox/lib/python3.6/site-packages/airflow/example_dags/example_branch_day_of_week_operator.py for tasks to queue
[2022-02-12 14:25:32,298] {logging_mixin.py:104} INFO - [2022-02-12 14:25:32,298] {dagbag.py:487} INFO - Filling up the DagBag from /home/agalli/sandbox/lib/python3.6/site-packages/airflow/example_dags/example_branch_day_of_week_operator.py
[2022-02-12 14:25:32,317] {scheduler_job.py:643} INFO - DAG(s) dict_keys(['example_weekday_branch_operator']) retrieved from /home/agalli/sandbox/lib/python3.6/site-packages/airflow/example_dags/example_branch_day_of_week_operator.py
[2022-02-12 14:25:32,372] {logging_mixin.py:104} INFO - [2022-02-12 14:25:32,372] {dag.py:1832} INFO - Sync 1 DAGs
[2022-02-12 14:25:32,403] {logging_mixin.py:104} INFO - [2022-02-12 14:25:32,403] {dag.py:2305} INFO - Setting next_dagrun for example_weekday_branch_operator to 2022-02-10 00:00:00+00:00
[2022-02-12 14:25:32,418] {scheduler_job.py:190} INFO - Processing /home/agalli/sandbox/lib/python3.6/site-packages/airflow/example_dags/example_branch_day_of_week_operator.py took 0.126 seconds
[2022-02-12 14:26:03,232] {scheduler_job.py:182} INFO - Started process (PID=9481) to work on /home/agalli/sandbox/lib/python3.6/site-packages/airflow/example_dags/example_branch_day_of_week_operator.py
[2022-02-12 14:26:03,236] {scheduler_job.py:633} INFO - Processing file /home/agalli/sandbox/lib/python3.6/site-packages/airflow/example_dags/example_branch_day_of_week_operator.py for tasks to queue
[2022-02-12 14:26:03,237] {logging_mixin.py:104} INFO - [2022-02-12 14:26:03,236] {dagbag.py:487} INFO - Filling up the DagBag from /home/agalli/sandbox/lib/python3.6/site-packages/airflow/example_dags/example_branch_day_of_week_operator.py
[2022-02-12 14:26:03,250] {scheduler_job.py:643} INFO - DAG(s) dict_keys(['example_weekday_branch_operator']) retrieved from /home/agalli/sandbox/lib/python3.6/site-packages/airflow/example_dags/example_branch_day_of_week_operator.py
[2022-02-12 14:26:03,277] {logging_mixin.py:104} INFO - [2022-02-12 14:26:03,276] {dag.py:1832} INFO - Sync 1 DAGs
[2022-02-12 14:26:03,298] {logging_mixin.py:104} INFO - [2022-02-12 14:26:03,298] {dag.py:2305} INFO - Setting next_dagrun for example_weekday_branch_operator to 2022-02-10 00:00:00+00:00
[2022-02-12 14:26:03,312] {scheduler_job.py:190} INFO - Processing /home/agalli/sandbox/lib/python3.6/site-packages/airflow/example_dags/example_branch_day_of_week_operator.py took 0.084 seconds
[2022-02-12 14:26:34,500] {scheduler_job.py:182} INFO - Started process (PID=9683) to work on /home/agalli/sandbox/lib/python3.6/site-packages/airflow/example_dags/example_branch_day_of_week_operator.py
[2022-02-12 14:26:34,501] {scheduler_job.py:633} INFO - Processing file /home/agalli/sandbox/lib/python3.6/site-packages/airflow/example_dags/example_branch_day_of_week_operator.py for tasks to queue
[2022-02-12 14:26:34,502] {logging_mixin.py:104} INFO - [2022-02-12 14:26:34,502] {dagbag.py:487} INFO - Filling up the DagBag from /home/agalli/sandbox/lib/python3.6/site-packages/airflow/example_dags/example_branch_day_of_week_operator.py
[2022-02-12 14:26:34,516] {scheduler_job.py:643} INFO - DAG(s) dict_keys(['example_weekday_branch_operator']) retrieved from /home/agalli/sandbox/lib/python3.6/site-packages/airflow/example_dags/example_branch_day_of_week_operator.py
[2022-02-12 14:26:34,550] {logging_mixin.py:104} INFO - [2022-02-12 14:26:34,550] {dag.py:1832} INFO - Sync 1 DAGs
[2022-02-12 14:26:34,582] {logging_mixin.py:104} INFO - [2022-02-12 14:26:34,582] {dag.py:2305} INFO - Setting next_dagrun for example_weekday_branch_operator to 2022-02-10 00:00:00+00:00
[2022-02-12 14:26:34,599] {scheduler_job.py:190} INFO - Processing /home/agalli/sandbox/lib/python3.6/site-packages/airflow/example_dags/example_branch_day_of_week_operator.py took 0.103 seconds
[2022-02-12 14:27:05,261] {scheduler_job.py:182} INFO - Started process (PID=9883) to work on /home/agalli/sandbox/lib/python3.6/site-packages/airflow/example_dags/example_branch_day_of_week_operator.py
[2022-02-12 14:27:05,263] {scheduler_job.py:633} INFO - Processing file /home/agalli/sandbox/lib/python3.6/site-packages/airflow/example_dags/example_branch_day_of_week_operator.py for tasks to queue
[2022-02-12 14:27:05,264] {logging_mixin.py:104} INFO - [2022-02-12 14:27:05,263] {dagbag.py:487} INFO - Filling up the DagBag from /home/agalli/sandbox/lib/python3.6/site-packages/airflow/example_dags/example_branch_day_of_week_operator.py
[2022-02-12 14:27:05,281] {scheduler_job.py:643} INFO - DAG(s) dict_keys(['example_weekday_branch_operator']) retrieved from /home/agalli/sandbox/lib/python3.6/site-packages/airflow/example_dags/example_branch_day_of_week_operator.py
[2022-02-12 14:27:05,308] {logging_mixin.py:104} INFO - [2022-02-12 14:27:05,308] {dag.py:1832} INFO - Sync 1 DAGs
[2022-02-12 14:27:05,330] {logging_mixin.py:104} INFO - [2022-02-12 14:27:05,330] {dag.py:2305} INFO - Setting next_dagrun for example_weekday_branch_operator to 2022-02-10 00:00:00+00:00
[2022-02-12 14:27:05,346] {scheduler_job.py:190} INFO - Processing /home/agalli/sandbox/lib/python3.6/site-packages/airflow/example_dags/example_branch_day_of_week_operator.py took 0.089 seconds
[2022-02-12 14:27:35,393] {scheduler_job.py:182} INFO - Started process (PID=10078) to work on /home/agalli/sandbox/lib/python3.6/site-packages/airflow/example_dags/example_branch_day_of_week_operator.py
[2022-02-12 14:27:35,394] {scheduler_job.py:633} INFO - Processing file /home/agalli/sandbox/lib/python3.6/site-packages/airflow/example_dags/example_branch_day_of_week_operator.py for tasks to queue
[2022-02-12 14:27:35,395] {logging_mixin.py:104} INFO - [2022-02-12 14:27:35,395] {dagbag.py:487} INFO - Filling up the DagBag from /home/agalli/sandbox/lib/python3.6/site-packages/airflow/example_dags/example_branch_day_of_week_operator.py
[2022-02-12 14:27:35,415] {scheduler_job.py:643} INFO - DAG(s) dict_keys(['example_weekday_branch_operator']) retrieved from /home/agalli/sandbox/lib/python3.6/site-packages/airflow/example_dags/example_branch_day_of_week_operator.py
[2022-02-12 14:27:35,457] {logging_mixin.py:104} INFO - [2022-02-12 14:27:35,457] {dag.py:1832} INFO - Sync 1 DAGs
[2022-02-12 14:27:35,487] {logging_mixin.py:104} INFO - [2022-02-12 14:27:35,487] {dag.py:2305} INFO - Setting next_dagrun for example_weekday_branch_operator to 2022-02-10 00:00:00+00:00
[2022-02-12 14:27:35,505] {scheduler_job.py:190} INFO - Processing /home/agalli/sandbox/lib/python3.6/site-packages/airflow/example_dags/example_branch_day_of_week_operator.py took 0.118 seconds
[2022-02-12 14:28:06,997] {scheduler_job.py:182} INFO - Started process (PID=10287) to work on /home/agalli/sandbox/lib/python3.6/site-packages/airflow/example_dags/example_branch_day_of_week_operator.py
[2022-02-12 14:28:06,998] {scheduler_job.py:633} INFO - Processing file /home/agalli/sandbox/lib/python3.6/site-packages/airflow/example_dags/example_branch_day_of_week_operator.py for tasks to queue
[2022-02-12 14:28:06,999] {logging_mixin.py:104} INFO - [2022-02-12 14:28:06,999] {dagbag.py:487} INFO - Filling up the DagBag from /home/agalli/sandbox/lib/python3.6/site-packages/airflow/example_dags/example_branch_day_of_week_operator.py
[2022-02-12 14:28:07,013] {scheduler_job.py:643} INFO - DAG(s) dict_keys(['example_weekday_branch_operator']) retrieved from /home/agalli/sandbox/lib/python3.6/site-packages/airflow/example_dags/example_branch_day_of_week_operator.py
[2022-02-12 14:28:07,042] {logging_mixin.py:104} INFO - [2022-02-12 14:28:07,042] {dag.py:1832} INFO - Sync 1 DAGs
[2022-02-12 14:28:07,066] {logging_mixin.py:104} INFO - [2022-02-12 14:28:07,066] {dag.py:2305} INFO - Setting next_dagrun for example_weekday_branch_operator to 2022-02-10 00:00:00+00:00
[2022-02-12 14:28:07,087] {scheduler_job.py:190} INFO - Processing /home/agalli/sandbox/lib/python3.6/site-packages/airflow/example_dags/example_branch_day_of_week_operator.py took 0.093 seconds
[2022-02-12 14:28:37,747] {scheduler_job.py:182} INFO - Started process (PID=10490) to work on /home/agalli/sandbox/lib/python3.6/site-packages/airflow/example_dags/example_branch_day_of_week_operator.py
[2022-02-12 14:28:37,749] {scheduler_job.py:633} INFO - Processing file /home/agalli/sandbox/lib/python3.6/site-packages/airflow/example_dags/example_branch_day_of_week_operator.py for tasks to queue
[2022-02-12 14:28:37,750] {logging_mixin.py:104} INFO - [2022-02-12 14:28:37,749] {dagbag.py:487} INFO - Filling up the DagBag from /home/agalli/sandbox/lib/python3.6/site-packages/airflow/example_dags/example_branch_day_of_week_operator.py
[2022-02-12 14:28:37,762] {scheduler_job.py:643} INFO - DAG(s) dict_keys(['example_weekday_branch_operator']) retrieved from /home/agalli/sandbox/lib/python3.6/site-packages/airflow/example_dags/example_branch_day_of_week_operator.py
[2022-02-12 14:28:37,796] {logging_mixin.py:104} INFO - [2022-02-12 14:28:37,796] {dag.py:1832} INFO - Sync 1 DAGs
[2022-02-12 14:28:37,829] {logging_mixin.py:104} INFO - [2022-02-12 14:28:37,829] {dag.py:2305} INFO - Setting next_dagrun for example_weekday_branch_operator to 2022-02-10 00:00:00+00:00
[2022-02-12 14:28:37,843] {scheduler_job.py:190} INFO - Processing /home/agalli/sandbox/lib/python3.6/site-packages/airflow/example_dags/example_branch_day_of_week_operator.py took 0.102 seconds
[2022-02-12 14:29:08,313] {scheduler_job.py:182} INFO - Started process (PID=10692) to work on /home/agalli/sandbox/lib/python3.6/site-packages/airflow/example_dags/example_branch_day_of_week_operator.py
[2022-02-12 14:29:08,316] {scheduler_job.py:633} INFO - Processing file /home/agalli/sandbox/lib/python3.6/site-packages/airflow/example_dags/example_branch_day_of_week_operator.py for tasks to queue
[2022-02-12 14:29:08,317] {logging_mixin.py:104} INFO - [2022-02-12 14:29:08,317] {dagbag.py:487} INFO - Filling up the DagBag from /home/agalli/sandbox/lib/python3.6/site-packages/airflow/example_dags/example_branch_day_of_week_operator.py
[2022-02-12 14:29:08,335] {scheduler_job.py:643} INFO - DAG(s) dict_keys(['example_weekday_branch_operator']) retrieved from /home/agalli/sandbox/lib/python3.6/site-packages/airflow/example_dags/example_branch_day_of_week_operator.py
[2022-02-12 14:29:08,377] {logging_mixin.py:104} INFO - [2022-02-12 14:29:08,376] {dag.py:1832} INFO - Sync 1 DAGs
[2022-02-12 14:29:08,401] {logging_mixin.py:104} INFO - [2022-02-12 14:29:08,401] {dag.py:2305} INFO - Setting next_dagrun for example_weekday_branch_operator to 2022-02-10 00:00:00+00:00
[2022-02-12 14:29:08,421] {scheduler_job.py:190} INFO - Processing /home/agalli/sandbox/lib/python3.6/site-packages/airflow/example_dags/example_branch_day_of_week_operator.py took 0.114 seconds
[2022-02-12 14:29:39,084] {scheduler_job.py:182} INFO - Started process (PID=10894) to work on /home/agalli/sandbox/lib/python3.6/site-packages/airflow/example_dags/example_branch_day_of_week_operator.py
[2022-02-12 14:29:39,087] {scheduler_job.py:633} INFO - Processing file /home/agalli/sandbox/lib/python3.6/site-packages/airflow/example_dags/example_branch_day_of_week_operator.py for tasks to queue
[2022-02-12 14:29:39,088] {logging_mixin.py:104} INFO - [2022-02-12 14:29:39,088] {dagbag.py:487} INFO - Filling up the DagBag from /home/agalli/sandbox/lib/python3.6/site-packages/airflow/example_dags/example_branch_day_of_week_operator.py
[2022-02-12 14:29:39,101] {scheduler_job.py:643} INFO - DAG(s) dict_keys(['example_weekday_branch_operator']) retrieved from /home/agalli/sandbox/lib/python3.6/site-packages/airflow/example_dags/example_branch_day_of_week_operator.py
[2022-02-12 14:29:39,134] {logging_mixin.py:104} INFO - [2022-02-12 14:29:39,134] {dag.py:1832} INFO - Sync 1 DAGs
[2022-02-12 14:29:39,157] {logging_mixin.py:104} INFO - [2022-02-12 14:29:39,157] {dag.py:2305} INFO - Setting next_dagrun for example_weekday_branch_operator to 2022-02-10 00:00:00+00:00
[2022-02-12 14:29:39,175] {scheduler_job.py:190} INFO - Processing /home/agalli/sandbox/lib/python3.6/site-packages/airflow/example_dags/example_branch_day_of_week_operator.py took 0.094 seconds
[2022-02-12 14:30:10,548] {scheduler_job.py:182} INFO - Started process (PID=11096) to work on /home/agalli/sandbox/lib/python3.6/site-packages/airflow/example_dags/example_branch_day_of_week_operator.py
[2022-02-12 14:30:10,550] {scheduler_job.py:633} INFO - Processing file /home/agalli/sandbox/lib/python3.6/site-packages/airflow/example_dags/example_branch_day_of_week_operator.py for tasks to queue
[2022-02-12 14:30:10,551] {logging_mixin.py:104} INFO - [2022-02-12 14:30:10,551] {dagbag.py:487} INFO - Filling up the DagBag from /home/agalli/sandbox/lib/python3.6/site-packages/airflow/example_dags/example_branch_day_of_week_operator.py
[2022-02-12 14:30:10,570] {scheduler_job.py:643} INFO - DAG(s) dict_keys(['example_weekday_branch_operator']) retrieved from /home/agalli/sandbox/lib/python3.6/site-packages/airflow/example_dags/example_branch_day_of_week_operator.py
[2022-02-12 14:30:10,604] {logging_mixin.py:104} INFO - [2022-02-12 14:30:10,604] {dag.py:1832} INFO - Sync 1 DAGs
[2022-02-12 14:30:10,631] {logging_mixin.py:104} INFO - [2022-02-12 14:30:10,631] {dag.py:2305} INFO - Setting next_dagrun for example_weekday_branch_operator to 2022-02-10 00:00:00+00:00
[2022-02-12 14:30:10,644] {scheduler_job.py:190} INFO - Processing /home/agalli/sandbox/lib/python3.6/site-packages/airflow/example_dags/example_branch_day_of_week_operator.py took 0.100 seconds
[2022-02-12 14:52:20,815] {scheduler_job.py:182} INFO - Started process (PID=14481) to work on /home/agalli/sandbox/lib/python3.6/site-packages/airflow/example_dags/example_branch_day_of_week_operator.py
[2022-02-12 14:52:20,854] {scheduler_job.py:633} INFO - Processing file /home/agalli/sandbox/lib/python3.6/site-packages/airflow/example_dags/example_branch_day_of_week_operator.py for tasks to queue
[2022-02-12 14:52:20,857] {logging_mixin.py:104} INFO - [2022-02-12 14:52:20,856] {dagbag.py:487} INFO - Filling up the DagBag from /home/agalli/sandbox/lib/python3.6/site-packages/airflow/example_dags/example_branch_day_of_week_operator.py
[2022-02-12 14:52:20,909] {scheduler_job.py:643} INFO - DAG(s) dict_keys(['example_weekday_branch_operator']) retrieved from /home/agalli/sandbox/lib/python3.6/site-packages/airflow/example_dags/example_branch_day_of_week_operator.py
[2022-02-12 14:52:21,001] {logging_mixin.py:104} INFO - [2022-02-12 14:52:21,001] {dag.py:1832} INFO - Sync 1 DAGs
[2022-02-12 14:52:21,105] {logging_mixin.py:104} INFO - [2022-02-12 14:52:21,105] {dag.py:2305} INFO - Setting next_dagrun for example_weekday_branch_operator to 2022-02-10 00:00:00+00:00
[2022-02-12 14:52:21,271] {scheduler_job.py:190} INFO - Processing /home/agalli/sandbox/lib/python3.6/site-packages/airflow/example_dags/example_branch_day_of_week_operator.py took 0.498 seconds
[2022-02-12 14:52:51,475] {scheduler_job.py:182} INFO - Started process (PID=14677) to work on /home/agalli/sandbox/lib/python3.6/site-packages/airflow/example_dags/example_branch_day_of_week_operator.py
[2022-02-12 14:52:51,477] {scheduler_job.py:633} INFO - Processing file /home/agalli/sandbox/lib/python3.6/site-packages/airflow/example_dags/example_branch_day_of_week_operator.py for tasks to queue
[2022-02-12 14:52:51,479] {logging_mixin.py:104} INFO - [2022-02-12 14:52:51,479] {dagbag.py:487} INFO - Filling up the DagBag from /home/agalli/sandbox/lib/python3.6/site-packages/airflow/example_dags/example_branch_day_of_week_operator.py
[2022-02-12 14:52:51,530] {scheduler_job.py:643} INFO - DAG(s) dict_keys(['example_weekday_branch_operator']) retrieved from /home/agalli/sandbox/lib/python3.6/site-packages/airflow/example_dags/example_branch_day_of_week_operator.py
[2022-02-12 14:52:51,617] {logging_mixin.py:104} INFO - [2022-02-12 14:52:51,616] {dag.py:1832} INFO - Sync 1 DAGs
[2022-02-12 14:52:51,651] {logging_mixin.py:104} INFO - [2022-02-12 14:52:51,651] {dag.py:2305} INFO - Setting next_dagrun for example_weekday_branch_operator to 2022-02-10 00:00:00+00:00
[2022-02-12 14:52:51,674] {scheduler_job.py:190} INFO - Processing /home/agalli/sandbox/lib/python3.6/site-packages/airflow/example_dags/example_branch_day_of_week_operator.py took 0.207 seconds
[2022-02-12 14:53:23,602] {scheduler_job.py:182} INFO - Started process (PID=15000) to work on /home/agalli/sandbox/lib/python3.6/site-packages/airflow/example_dags/example_branch_day_of_week_operator.py
[2022-02-12 14:53:23,604] {scheduler_job.py:633} INFO - Processing file /home/agalli/sandbox/lib/python3.6/site-packages/airflow/example_dags/example_branch_day_of_week_operator.py for tasks to queue
[2022-02-12 14:53:23,606] {logging_mixin.py:104} INFO - [2022-02-12 14:53:23,606] {dagbag.py:487} INFO - Filling up the DagBag from /home/agalli/sandbox/lib/python3.6/site-packages/airflow/example_dags/example_branch_day_of_week_operator.py
[2022-02-12 14:53:23,646] {scheduler_job.py:643} INFO - DAG(s) dict_keys(['example_weekday_branch_operator']) retrieved from /home/agalli/sandbox/lib/python3.6/site-packages/airflow/example_dags/example_branch_day_of_week_operator.py
[2022-02-12 14:53:23,736] {logging_mixin.py:104} INFO - [2022-02-12 14:53:23,736] {dag.py:1832} INFO - Sync 1 DAGs
[2022-02-12 14:53:23,813] {logging_mixin.py:104} INFO - [2022-02-12 14:53:23,813] {dag.py:2305} INFO - Setting next_dagrun for example_weekday_branch_operator to 2022-02-10 00:00:00+00:00
[2022-02-12 14:53:23,837] {scheduler_job.py:190} INFO - Processing /home/agalli/sandbox/lib/python3.6/site-packages/airflow/example_dags/example_branch_day_of_week_operator.py took 0.248 seconds
[2022-02-12 14:53:54,051] {scheduler_job.py:182} INFO - Started process (PID=15698) to work on /home/agalli/sandbox/lib/python3.6/site-packages/airflow/example_dags/example_branch_day_of_week_operator.py
[2022-02-12 14:53:54,052] {scheduler_job.py:633} INFO - Processing file /home/agalli/sandbox/lib/python3.6/site-packages/airflow/example_dags/example_branch_day_of_week_operator.py for tasks to queue
[2022-02-12 14:53:54,054] {logging_mixin.py:104} INFO - [2022-02-12 14:53:54,053] {dagbag.py:487} INFO - Filling up the DagBag from /home/agalli/sandbox/lib/python3.6/site-packages/airflow/example_dags/example_branch_day_of_week_operator.py
[2022-02-12 14:53:54,070] {scheduler_job.py:643} INFO - DAG(s) dict_keys(['example_weekday_branch_operator']) retrieved from /home/agalli/sandbox/lib/python3.6/site-packages/airflow/example_dags/example_branch_day_of_week_operator.py
[2022-02-12 14:53:54,126] {logging_mixin.py:104} INFO - [2022-02-12 14:53:54,126] {dag.py:1832} INFO - Sync 1 DAGs
[2022-02-12 14:53:54,186] {logging_mixin.py:104} INFO - [2022-02-12 14:53:54,185] {dag.py:2305} INFO - Setting next_dagrun for example_weekday_branch_operator to 2022-02-10 00:00:00+00:00
[2022-02-12 14:53:54,219] {scheduler_job.py:190} INFO - Processing /home/agalli/sandbox/lib/python3.6/site-packages/airflow/example_dags/example_branch_day_of_week_operator.py took 0.174 seconds
[2022-02-12 14:54:24,633] {scheduler_job.py:182} INFO - Started process (PID=15828) to work on /home/agalli/sandbox/lib/python3.6/site-packages/airflow/example_dags/example_branch_day_of_week_operator.py
[2022-02-12 14:54:24,634] {scheduler_job.py:633} INFO - Processing file /home/agalli/sandbox/lib/python3.6/site-packages/airflow/example_dags/example_branch_day_of_week_operator.py for tasks to queue
[2022-02-12 14:54:24,635] {logging_mixin.py:104} INFO - [2022-02-12 14:54:24,635] {dagbag.py:487} INFO - Filling up the DagBag from /home/agalli/sandbox/lib/python3.6/site-packages/airflow/example_dags/example_branch_day_of_week_operator.py
[2022-02-12 14:54:24,652] {scheduler_job.py:643} INFO - DAG(s) dict_keys(['example_weekday_branch_operator']) retrieved from /home/agalli/sandbox/lib/python3.6/site-packages/airflow/example_dags/example_branch_day_of_week_operator.py
[2022-02-12 14:54:24,716] {logging_mixin.py:104} INFO - [2022-02-12 14:54:24,716] {dag.py:1832} INFO - Sync 1 DAGs
[2022-02-12 14:54:24,761] {logging_mixin.py:104} INFO - [2022-02-12 14:54:24,761] {dag.py:2305} INFO - Setting next_dagrun for example_weekday_branch_operator to 2022-02-10 00:00:00+00:00
[2022-02-12 14:54:24,779] {scheduler_job.py:190} INFO - Processing /home/agalli/sandbox/lib/python3.6/site-packages/airflow/example_dags/example_branch_day_of_week_operator.py took 0.150 seconds
[2022-02-12 14:54:55,862] {scheduler_job.py:182} INFO - Started process (PID=15968) to work on /home/agalli/sandbox/lib/python3.6/site-packages/airflow/example_dags/example_branch_day_of_week_operator.py
[2022-02-12 14:54:55,864] {scheduler_job.py:633} INFO - Processing file /home/agalli/sandbox/lib/python3.6/site-packages/airflow/example_dags/example_branch_day_of_week_operator.py for tasks to queue
[2022-02-12 14:54:55,865] {logging_mixin.py:104} INFO - [2022-02-12 14:54:55,864] {dagbag.py:487} INFO - Filling up the DagBag from /home/agalli/sandbox/lib/python3.6/site-packages/airflow/example_dags/example_branch_day_of_week_operator.py
[2022-02-12 14:54:55,882] {scheduler_job.py:643} INFO - DAG(s) dict_keys(['example_weekday_branch_operator']) retrieved from /home/agalli/sandbox/lib/python3.6/site-packages/airflow/example_dags/example_branch_day_of_week_operator.py
[2022-02-12 14:54:55,912] {logging_mixin.py:104} INFO - [2022-02-12 14:54:55,912] {dag.py:1832} INFO - Sync 1 DAGs
[2022-02-12 14:54:55,935] {logging_mixin.py:104} INFO - [2022-02-12 14:54:55,935] {dag.py:2305} INFO - Setting next_dagrun for example_weekday_branch_operator to 2022-02-10 00:00:00+00:00
[2022-02-12 14:54:55,949] {scheduler_job.py:190} INFO - Processing /home/agalli/sandbox/lib/python3.6/site-packages/airflow/example_dags/example_branch_day_of_week_operator.py took 0.090 seconds
[2022-02-12 14:55:26,859] {scheduler_job.py:182} INFO - Started process (PID=16092) to work on /home/agalli/sandbox/lib/python3.6/site-packages/airflow/example_dags/example_branch_day_of_week_operator.py
[2022-02-12 14:55:26,862] {scheduler_job.py:633} INFO - Processing file /home/agalli/sandbox/lib/python3.6/site-packages/airflow/example_dags/example_branch_day_of_week_operator.py for tasks to queue
[2022-02-12 14:55:26,863] {logging_mixin.py:104} INFO - [2022-02-12 14:55:26,862] {dagbag.py:487} INFO - Filling up the DagBag from /home/agalli/sandbox/lib/python3.6/site-packages/airflow/example_dags/example_branch_day_of_week_operator.py
[2022-02-12 14:55:26,877] {scheduler_job.py:643} INFO - DAG(s) dict_keys(['example_weekday_branch_operator']) retrieved from /home/agalli/sandbox/lib/python3.6/site-packages/airflow/example_dags/example_branch_day_of_week_operator.py
[2022-02-12 14:55:26,908] {logging_mixin.py:104} INFO - [2022-02-12 14:55:26,908] {dag.py:1832} INFO - Sync 1 DAGs
[2022-02-12 14:55:26,927] {logging_mixin.py:104} INFO - [2022-02-12 14:55:26,927] {dag.py:2305} INFO - Setting next_dagrun for example_weekday_branch_operator to 2022-02-10 00:00:00+00:00
[2022-02-12 14:55:26,940] {scheduler_job.py:190} INFO - Processing /home/agalli/sandbox/lib/python3.6/site-packages/airflow/example_dags/example_branch_day_of_week_operator.py took 0.085 seconds
[2022-02-12 14:56:41,994] {scheduler_job.py:182} INFO - Started process (PID=16418) to work on /home/agalli/sandbox/lib/python3.6/site-packages/airflow/example_dags/example_branch_day_of_week_operator.py
[2022-02-12 14:56:41,996] {scheduler_job.py:633} INFO - Processing file /home/agalli/sandbox/lib/python3.6/site-packages/airflow/example_dags/example_branch_day_of_week_operator.py for tasks to queue
[2022-02-12 14:56:41,997] {logging_mixin.py:104} INFO - [2022-02-12 14:56:41,997] {dagbag.py:487} INFO - Filling up the DagBag from /home/agalli/sandbox/lib/python3.6/site-packages/airflow/example_dags/example_branch_day_of_week_operator.py
[2022-02-12 14:56:42,060] {scheduler_job.py:643} INFO - DAG(s) dict_keys(['example_weekday_branch_operator']) retrieved from /home/agalli/sandbox/lib/python3.6/site-packages/airflow/example_dags/example_branch_day_of_week_operator.py
[2022-02-12 14:56:42,203] {logging_mixin.py:104} INFO - [2022-02-12 14:56:42,202] {dag.py:1832} INFO - Sync 1 DAGs
[2022-02-12 14:56:42,273] {logging_mixin.py:104} INFO - [2022-02-12 14:56:42,273] {dag.py:2305} INFO - Setting next_dagrun for example_weekday_branch_operator to 2022-02-10 00:00:00+00:00
[2022-02-12 14:56:42,305] {scheduler_job.py:190} INFO - Processing /home/agalli/sandbox/lib/python3.6/site-packages/airflow/example_dags/example_branch_day_of_week_operator.py took 0.328 seconds
[2022-02-12 14:57:12,926] {scheduler_job.py:182} INFO - Started process (PID=16518) to work on /home/agalli/sandbox/lib/python3.6/site-packages/airflow/example_dags/example_branch_day_of_week_operator.py
[2022-02-12 14:57:12,928] {scheduler_job.py:633} INFO - Processing file /home/agalli/sandbox/lib/python3.6/site-packages/airflow/example_dags/example_branch_day_of_week_operator.py for tasks to queue
[2022-02-12 14:57:12,929] {logging_mixin.py:104} INFO - [2022-02-12 14:57:12,929] {dagbag.py:487} INFO - Filling up the DagBag from /home/agalli/sandbox/lib/python3.6/site-packages/airflow/example_dags/example_branch_day_of_week_operator.py
[2022-02-12 14:57:12,943] {scheduler_job.py:643} INFO - DAG(s) dict_keys(['example_weekday_branch_operator']) retrieved from /home/agalli/sandbox/lib/python3.6/site-packages/airflow/example_dags/example_branch_day_of_week_operator.py
[2022-02-12 14:57:12,976] {logging_mixin.py:104} INFO - [2022-02-12 14:57:12,976] {dag.py:1832} INFO - Sync 1 DAGs
[2022-02-12 14:57:13,037] {logging_mixin.py:104} INFO - [2022-02-12 14:57:13,037] {dag.py:2305} INFO - Setting next_dagrun for example_weekday_branch_operator to 2022-02-10 00:00:00+00:00
[2022-02-12 14:57:13,066] {scheduler_job.py:190} INFO - Processing /home/agalli/sandbox/lib/python3.6/site-packages/airflow/example_dags/example_branch_day_of_week_operator.py took 0.143 seconds
[2022-02-12 14:57:43,535] {scheduler_job.py:182} INFO - Started process (PID=16708) to work on /home/agalli/sandbox/lib/python3.6/site-packages/airflow/example_dags/example_branch_day_of_week_operator.py
[2022-02-12 14:57:43,536] {scheduler_job.py:633} INFO - Processing file /home/agalli/sandbox/lib/python3.6/site-packages/airflow/example_dags/example_branch_day_of_week_operator.py for tasks to queue
[2022-02-12 14:57:43,537] {logging_mixin.py:104} INFO - [2022-02-12 14:57:43,537] {dagbag.py:487} INFO - Filling up the DagBag from /home/agalli/sandbox/lib/python3.6/site-packages/airflow/example_dags/example_branch_day_of_week_operator.py
[2022-02-12 14:57:43,549] {scheduler_job.py:643} INFO - DAG(s) dict_keys(['example_weekday_branch_operator']) retrieved from /home/agalli/sandbox/lib/python3.6/site-packages/airflow/example_dags/example_branch_day_of_week_operator.py
[2022-02-12 14:57:43,577] {logging_mixin.py:104} INFO - [2022-02-12 14:57:43,577] {dag.py:1832} INFO - Sync 1 DAGs
[2022-02-12 14:57:43,599] {logging_mixin.py:104} INFO - [2022-02-12 14:57:43,599] {dag.py:2305} INFO - Setting next_dagrun for example_weekday_branch_operator to 2022-02-10 00:00:00+00:00
[2022-02-12 14:57:43,609] {scheduler_job.py:190} INFO - Processing /home/agalli/sandbox/lib/python3.6/site-packages/airflow/example_dags/example_branch_day_of_week_operator.py took 0.078 seconds
[2022-02-12 14:58:14,017] {scheduler_job.py:182} INFO - Started process (PID=16778) to work on /home/agalli/sandbox/lib/python3.6/site-packages/airflow/example_dags/example_branch_day_of_week_operator.py
[2022-02-12 14:58:14,019] {scheduler_job.py:633} INFO - Processing file /home/agalli/sandbox/lib/python3.6/site-packages/airflow/example_dags/example_branch_day_of_week_operator.py for tasks to queue
[2022-02-12 14:58:14,020] {logging_mixin.py:104} INFO - [2022-02-12 14:58:14,020] {dagbag.py:487} INFO - Filling up the DagBag from /home/agalli/sandbox/lib/python3.6/site-packages/airflow/example_dags/example_branch_day_of_week_operator.py
[2022-02-12 14:58:14,034] {scheduler_job.py:643} INFO - DAG(s) dict_keys(['example_weekday_branch_operator']) retrieved from /home/agalli/sandbox/lib/python3.6/site-packages/airflow/example_dags/example_branch_day_of_week_operator.py
[2022-02-12 14:58:14,061] {logging_mixin.py:104} INFO - [2022-02-12 14:58:14,061] {dag.py:1832} INFO - Sync 1 DAGs
[2022-02-12 14:58:14,088] {logging_mixin.py:104} INFO - [2022-02-12 14:58:14,087] {dag.py:2305} INFO - Setting next_dagrun for example_weekday_branch_operator to 2022-02-10 00:00:00+00:00
[2022-02-12 14:58:14,100] {scheduler_job.py:190} INFO - Processing /home/agalli/sandbox/lib/python3.6/site-packages/airflow/example_dags/example_branch_day_of_week_operator.py took 0.087 seconds
[2022-02-12 14:58:44,220] {scheduler_job.py:182} INFO - Started process (PID=16845) to work on /home/agalli/sandbox/lib/python3.6/site-packages/airflow/example_dags/example_branch_day_of_week_operator.py
[2022-02-12 14:58:44,222] {scheduler_job.py:633} INFO - Processing file /home/agalli/sandbox/lib/python3.6/site-packages/airflow/example_dags/example_branch_day_of_week_operator.py for tasks to queue
[2022-02-12 14:58:44,223] {logging_mixin.py:104} INFO - [2022-02-12 14:58:44,223] {dagbag.py:487} INFO - Filling up the DagBag from /home/agalli/sandbox/lib/python3.6/site-packages/airflow/example_dags/example_branch_day_of_week_operator.py
[2022-02-12 14:58:44,242] {scheduler_job.py:643} INFO - DAG(s) dict_keys(['example_weekday_branch_operator']) retrieved from /home/agalli/sandbox/lib/python3.6/site-packages/airflow/example_dags/example_branch_day_of_week_operator.py
[2022-02-12 14:58:44,279] {logging_mixin.py:104} INFO - [2022-02-12 14:58:44,278] {dag.py:1832} INFO - Sync 1 DAGs
[2022-02-12 14:58:44,301] {logging_mixin.py:104} INFO - [2022-02-12 14:58:44,301] {dag.py:2305} INFO - Setting next_dagrun for example_weekday_branch_operator to 2022-02-10 00:00:00+00:00
[2022-02-12 14:58:44,323] {scheduler_job.py:190} INFO - Processing /home/agalli/sandbox/lib/python3.6/site-packages/airflow/example_dags/example_branch_day_of_week_operator.py took 0.107 seconds
[2022-02-12 14:59:14,934] {scheduler_job.py:182} INFO - Started process (PID=16918) to work on /home/agalli/sandbox/lib/python3.6/site-packages/airflow/example_dags/example_branch_day_of_week_operator.py
[2022-02-12 14:59:14,935] {scheduler_job.py:633} INFO - Processing file /home/agalli/sandbox/lib/python3.6/site-packages/airflow/example_dags/example_branch_day_of_week_operator.py for tasks to queue
[2022-02-12 14:59:14,937] {logging_mixin.py:104} INFO - [2022-02-12 14:59:14,936] {dagbag.py:487} INFO - Filling up the DagBag from /home/agalli/sandbox/lib/python3.6/site-packages/airflow/example_dags/example_branch_day_of_week_operator.py
[2022-02-12 14:59:14,956] {scheduler_job.py:643} INFO - DAG(s) dict_keys(['example_weekday_branch_operator']) retrieved from /home/agalli/sandbox/lib/python3.6/site-packages/airflow/example_dags/example_branch_day_of_week_operator.py
[2022-02-12 14:59:14,990] {logging_mixin.py:104} INFO - [2022-02-12 14:59:14,990] {dag.py:1832} INFO - Sync 1 DAGs
[2022-02-12 14:59:15,014] {logging_mixin.py:104} INFO - [2022-02-12 14:59:15,014] {dag.py:2305} INFO - Setting next_dagrun for example_weekday_branch_operator to 2022-02-10 00:00:00+00:00
[2022-02-12 14:59:15,028] {scheduler_job.py:190} INFO - Processing /home/agalli/sandbox/lib/python3.6/site-packages/airflow/example_dags/example_branch_day_of_week_operator.py took 0.100 seconds
[2022-02-12 14:59:45,258] {scheduler_job.py:182} INFO - Started process (PID=16988) to work on /home/agalli/sandbox/lib/python3.6/site-packages/airflow/example_dags/example_branch_day_of_week_operator.py
[2022-02-12 14:59:45,260] {scheduler_job.py:633} INFO - Processing file /home/agalli/sandbox/lib/python3.6/site-packages/airflow/example_dags/example_branch_day_of_week_operator.py for tasks to queue
[2022-02-12 14:59:45,261] {logging_mixin.py:104} INFO - [2022-02-12 14:59:45,261] {dagbag.py:487} INFO - Filling up the DagBag from /home/agalli/sandbox/lib/python3.6/site-packages/airflow/example_dags/example_branch_day_of_week_operator.py
[2022-02-12 14:59:45,290] {scheduler_job.py:643} INFO - DAG(s) dict_keys(['example_weekday_branch_operator']) retrieved from /home/agalli/sandbox/lib/python3.6/site-packages/airflow/example_dags/example_branch_day_of_week_operator.py
[2022-02-12 14:59:45,342] {logging_mixin.py:104} INFO - [2022-02-12 14:59:45,342] {dag.py:1832} INFO - Sync 1 DAGs
[2022-02-12 14:59:45,404] {logging_mixin.py:104} INFO - [2022-02-12 14:59:45,403] {dag.py:2305} INFO - Setting next_dagrun for example_weekday_branch_operator to 2022-02-10 00:00:00+00:00
[2022-02-12 14:59:45,432] {scheduler_job.py:190} INFO - Processing /home/agalli/sandbox/lib/python3.6/site-packages/airflow/example_dags/example_branch_day_of_week_operator.py took 0.179 seconds
[2022-02-12 15:00:16,583] {scheduler_job.py:182} INFO - Started process (PID=17058) to work on /home/agalli/sandbox/lib/python3.6/site-packages/airflow/example_dags/example_branch_day_of_week_operator.py
[2022-02-12 15:00:16,585] {scheduler_job.py:633} INFO - Processing file /home/agalli/sandbox/lib/python3.6/site-packages/airflow/example_dags/example_branch_day_of_week_operator.py for tasks to queue
[2022-02-12 15:00:16,586] {logging_mixin.py:104} INFO - [2022-02-12 15:00:16,586] {dagbag.py:487} INFO - Filling up the DagBag from /home/agalli/sandbox/lib/python3.6/site-packages/airflow/example_dags/example_branch_day_of_week_operator.py
[2022-02-12 15:00:16,604] {scheduler_job.py:643} INFO - DAG(s) dict_keys(['example_weekday_branch_operator']) retrieved from /home/agalli/sandbox/lib/python3.6/site-packages/airflow/example_dags/example_branch_day_of_week_operator.py
[2022-02-12 15:00:16,635] {logging_mixin.py:104} INFO - [2022-02-12 15:00:16,635] {dag.py:1832} INFO - Sync 1 DAGs
[2022-02-12 15:00:16,663] {logging_mixin.py:104} INFO - [2022-02-12 15:00:16,663] {dag.py:2305} INFO - Setting next_dagrun for example_weekday_branch_operator to 2022-02-10 00:00:00+00:00
[2022-02-12 15:00:16,682] {scheduler_job.py:190} INFO - Processing /home/agalli/sandbox/lib/python3.6/site-packages/airflow/example_dags/example_branch_day_of_week_operator.py took 0.106 seconds
[2022-02-12 15:00:48,876] {scheduler_job.py:182} INFO - Started process (PID=17739) to work on /home/agalli/sandbox/lib/python3.6/site-packages/airflow/example_dags/example_branch_day_of_week_operator.py
[2022-02-12 15:00:48,880] {scheduler_job.py:633} INFO - Processing file /home/agalli/sandbox/lib/python3.6/site-packages/airflow/example_dags/example_branch_day_of_week_operator.py for tasks to queue
[2022-02-12 15:00:48,920] {logging_mixin.py:104} INFO - [2022-02-12 15:00:48,916] {dagbag.py:487} INFO - Filling up the DagBag from /home/agalli/sandbox/lib/python3.6/site-packages/airflow/example_dags/example_branch_day_of_week_operator.py
[2022-02-12 15:00:49,026] {scheduler_job.py:643} INFO - DAG(s) dict_keys(['example_weekday_branch_operator']) retrieved from /home/agalli/sandbox/lib/python3.6/site-packages/airflow/example_dags/example_branch_day_of_week_operator.py
[2022-02-12 15:00:49,274] {logging_mixin.py:104} INFO - [2022-02-12 15:00:49,274] {dag.py:1832} INFO - Sync 1 DAGs
[2022-02-12 15:00:49,422] {logging_mixin.py:104} INFO - [2022-02-12 15:00:49,421] {dag.py:2305} INFO - Setting next_dagrun for example_weekday_branch_operator to 2022-02-10 00:00:00+00:00
[2022-02-12 15:00:49,635] {scheduler_job.py:190} INFO - Processing /home/agalli/sandbox/lib/python3.6/site-packages/airflow/example_dags/example_branch_day_of_week_operator.py took 0.767 seconds
[2022-02-12 15:01:19,806] {scheduler_job.py:182} INFO - Started process (PID=18000) to work on /home/agalli/sandbox/lib/python3.6/site-packages/airflow/example_dags/example_branch_day_of_week_operator.py
[2022-02-12 15:01:19,807] {scheduler_job.py:633} INFO - Processing file /home/agalli/sandbox/lib/python3.6/site-packages/airflow/example_dags/example_branch_day_of_week_operator.py for tasks to queue
[2022-02-12 15:01:19,808] {logging_mixin.py:104} INFO - [2022-02-12 15:01:19,808] {dagbag.py:487} INFO - Filling up the DagBag from /home/agalli/sandbox/lib/python3.6/site-packages/airflow/example_dags/example_branch_day_of_week_operator.py
[2022-02-12 15:01:19,823] {scheduler_job.py:643} INFO - DAG(s) dict_keys(['example_weekday_branch_operator']) retrieved from /home/agalli/sandbox/lib/python3.6/site-packages/airflow/example_dags/example_branch_day_of_week_operator.py
[2022-02-12 15:01:19,855] {logging_mixin.py:104} INFO - [2022-02-12 15:01:19,854] {dag.py:1832} INFO - Sync 1 DAGs
[2022-02-12 15:01:19,876] {logging_mixin.py:104} INFO - [2022-02-12 15:01:19,876] {dag.py:2305} INFO - Setting next_dagrun for example_weekday_branch_operator to 2022-02-10 00:00:00+00:00
[2022-02-12 15:01:19,898] {scheduler_job.py:190} INFO - Processing /home/agalli/sandbox/lib/python3.6/site-packages/airflow/example_dags/example_branch_day_of_week_operator.py took 0.096 seconds
[2022-02-12 15:01:50,453] {scheduler_job.py:182} INFO - Started process (PID=18202) to work on /home/agalli/sandbox/lib/python3.6/site-packages/airflow/example_dags/example_branch_day_of_week_operator.py
[2022-02-12 15:01:50,455] {scheduler_job.py:633} INFO - Processing file /home/agalli/sandbox/lib/python3.6/site-packages/airflow/example_dags/example_branch_day_of_week_operator.py for tasks to queue
[2022-02-12 15:01:50,457] {logging_mixin.py:104} INFO - [2022-02-12 15:01:50,457] {dagbag.py:487} INFO - Filling up the DagBag from /home/agalli/sandbox/lib/python3.6/site-packages/airflow/example_dags/example_branch_day_of_week_operator.py
[2022-02-12 15:01:50,503] {scheduler_job.py:643} INFO - DAG(s) dict_keys(['example_weekday_branch_operator']) retrieved from /home/agalli/sandbox/lib/python3.6/site-packages/airflow/example_dags/example_branch_day_of_week_operator.py
[2022-02-12 15:01:50,574] {logging_mixin.py:104} INFO - [2022-02-12 15:01:50,573] {dag.py:1832} INFO - Sync 1 DAGs
[2022-02-12 15:01:50,624] {logging_mixin.py:104} INFO - [2022-02-12 15:01:50,624] {dag.py:2305} INFO - Setting next_dagrun for example_weekday_branch_operator to 2022-02-10 00:00:00+00:00
[2022-02-12 15:01:50,654] {scheduler_job.py:190} INFO - Processing /home/agalli/sandbox/lib/python3.6/site-packages/airflow/example_dags/example_branch_day_of_week_operator.py took 0.212 seconds
[2022-02-12 15:02:20,953] {scheduler_job.py:182} INFO - Started process (PID=18522) to work on /home/agalli/sandbox/lib/python3.6/site-packages/airflow/example_dags/example_branch_day_of_week_operator.py
[2022-02-12 15:02:20,957] {scheduler_job.py:633} INFO - Processing file /home/agalli/sandbox/lib/python3.6/site-packages/airflow/example_dags/example_branch_day_of_week_operator.py for tasks to queue
[2022-02-12 15:02:20,958] {logging_mixin.py:104} INFO - [2022-02-12 15:02:20,958] {dagbag.py:487} INFO - Filling up the DagBag from /home/agalli/sandbox/lib/python3.6/site-packages/airflow/example_dags/example_branch_day_of_week_operator.py
[2022-02-12 15:02:21,005] {scheduler_job.py:643} INFO - DAG(s) dict_keys(['example_weekday_branch_operator']) retrieved from /home/agalli/sandbox/lib/python3.6/site-packages/airflow/example_dags/example_branch_day_of_week_operator.py
[2022-02-12 15:02:21,089] {logging_mixin.py:104} INFO - [2022-02-12 15:02:21,089] {dag.py:1832} INFO - Sync 1 DAGs
[2022-02-12 15:02:21,141] {logging_mixin.py:104} INFO - [2022-02-12 15:02:21,141] {dag.py:2305} INFO - Setting next_dagrun for example_weekday_branch_operator to 2022-02-10 00:00:00+00:00
[2022-02-12 15:02:21,188] {scheduler_job.py:190} INFO - Processing /home/agalli/sandbox/lib/python3.6/site-packages/airflow/example_dags/example_branch_day_of_week_operator.py took 0.248 seconds
[2022-02-12 15:02:51,552] {scheduler_job.py:182} INFO - Started process (PID=19007) to work on /home/agalli/sandbox/lib/python3.6/site-packages/airflow/example_dags/example_branch_day_of_week_operator.py
[2022-02-12 15:02:51,554] {scheduler_job.py:633} INFO - Processing file /home/agalli/sandbox/lib/python3.6/site-packages/airflow/example_dags/example_branch_day_of_week_operator.py for tasks to queue
[2022-02-12 15:02:51,556] {logging_mixin.py:104} INFO - [2022-02-12 15:02:51,555] {dagbag.py:487} INFO - Filling up the DagBag from /home/agalli/sandbox/lib/python3.6/site-packages/airflow/example_dags/example_branch_day_of_week_operator.py
[2022-02-12 15:02:51,574] {scheduler_job.py:643} INFO - DAG(s) dict_keys(['example_weekday_branch_operator']) retrieved from /home/agalli/sandbox/lib/python3.6/site-packages/airflow/example_dags/example_branch_day_of_week_operator.py
[2022-02-12 15:02:51,632] {logging_mixin.py:104} INFO - [2022-02-12 15:02:51,632] {dag.py:1832} INFO - Sync 1 DAGs
[2022-02-12 15:02:51,674] {logging_mixin.py:104} INFO - [2022-02-12 15:02:51,674] {dag.py:2305} INFO - Setting next_dagrun for example_weekday_branch_operator to 2022-02-10 00:00:00+00:00
[2022-02-12 15:02:51,688] {scheduler_job.py:190} INFO - Processing /home/agalli/sandbox/lib/python3.6/site-packages/airflow/example_dags/example_branch_day_of_week_operator.py took 0.148 seconds
[2022-02-12 15:03:21,848] {scheduler_job.py:182} INFO - Started process (PID=19337) to work on /home/agalli/sandbox/lib/python3.6/site-packages/airflow/example_dags/example_branch_day_of_week_operator.py
[2022-02-12 15:03:21,849] {scheduler_job.py:633} INFO - Processing file /home/agalli/sandbox/lib/python3.6/site-packages/airflow/example_dags/example_branch_day_of_week_operator.py for tasks to queue
[2022-02-12 15:03:21,849] {logging_mixin.py:104} INFO - [2022-02-12 15:03:21,849] {dagbag.py:487} INFO - Filling up the DagBag from /home/agalli/sandbox/lib/python3.6/site-packages/airflow/example_dags/example_branch_day_of_week_operator.py
[2022-02-12 15:03:21,864] {scheduler_job.py:643} INFO - DAG(s) dict_keys(['example_weekday_branch_operator']) retrieved from /home/agalli/sandbox/lib/python3.6/site-packages/airflow/example_dags/example_branch_day_of_week_operator.py
[2022-02-12 15:03:21,911] {logging_mixin.py:104} INFO - [2022-02-12 15:03:21,911] {dag.py:1832} INFO - Sync 1 DAGs
[2022-02-12 15:03:21,942] {logging_mixin.py:104} INFO - [2022-02-12 15:03:21,942] {dag.py:2305} INFO - Setting next_dagrun for example_weekday_branch_operator to 2022-02-10 00:00:00+00:00
[2022-02-12 15:03:21,965] {scheduler_job.py:190} INFO - Processing /home/agalli/sandbox/lib/python3.6/site-packages/airflow/example_dags/example_branch_day_of_week_operator.py took 0.122 seconds
[2022-02-12 15:03:52,184] {scheduler_job.py:182} INFO - Started process (PID=19538) to work on /home/agalli/sandbox/lib/python3.6/site-packages/airflow/example_dags/example_branch_day_of_week_operator.py
[2022-02-12 15:03:52,185] {scheduler_job.py:633} INFO - Processing file /home/agalli/sandbox/lib/python3.6/site-packages/airflow/example_dags/example_branch_day_of_week_operator.py for tasks to queue
[2022-02-12 15:03:52,186] {logging_mixin.py:104} INFO - [2022-02-12 15:03:52,186] {dagbag.py:487} INFO - Filling up the DagBag from /home/agalli/sandbox/lib/python3.6/site-packages/airflow/example_dags/example_branch_day_of_week_operator.py
[2022-02-12 15:03:52,211] {scheduler_job.py:643} INFO - DAG(s) dict_keys(['example_weekday_branch_operator']) retrieved from /home/agalli/sandbox/lib/python3.6/site-packages/airflow/example_dags/example_branch_day_of_week_operator.py
[2022-02-12 15:03:52,277] {logging_mixin.py:104} INFO - [2022-02-12 15:03:52,277] {dag.py:1832} INFO - Sync 1 DAGs
[2022-02-12 15:03:52,307] {logging_mixin.py:104} INFO - [2022-02-12 15:03:52,307] {dag.py:2305} INFO - Setting next_dagrun for example_weekday_branch_operator to 2022-02-10 00:00:00+00:00
[2022-02-12 15:03:52,328] {scheduler_job.py:190} INFO - Processing /home/agalli/sandbox/lib/python3.6/site-packages/airflow/example_dags/example_branch_day_of_week_operator.py took 0.149 seconds
[2022-02-12 15:04:22,680] {scheduler_job.py:182} INFO - Started process (PID=19740) to work on /home/agalli/sandbox/lib/python3.6/site-packages/airflow/example_dags/example_branch_day_of_week_operator.py
[2022-02-12 15:04:22,681] {scheduler_job.py:633} INFO - Processing file /home/agalli/sandbox/lib/python3.6/site-packages/airflow/example_dags/example_branch_day_of_week_operator.py for tasks to queue
[2022-02-12 15:04:22,682] {logging_mixin.py:104} INFO - [2022-02-12 15:04:22,682] {dagbag.py:487} INFO - Filling up the DagBag from /home/agalli/sandbox/lib/python3.6/site-packages/airflow/example_dags/example_branch_day_of_week_operator.py
[2022-02-12 15:04:22,695] {scheduler_job.py:643} INFO - DAG(s) dict_keys(['example_weekday_branch_operator']) retrieved from /home/agalli/sandbox/lib/python3.6/site-packages/airflow/example_dags/example_branch_day_of_week_operator.py
[2022-02-12 15:04:22,725] {logging_mixin.py:104} INFO - [2022-02-12 15:04:22,725] {dag.py:1832} INFO - Sync 1 DAGs
[2022-02-12 15:04:22,747] {logging_mixin.py:104} INFO - [2022-02-12 15:04:22,747] {dag.py:2305} INFO - Setting next_dagrun for example_weekday_branch_operator to 2022-02-10 00:00:00+00:00
[2022-02-12 15:04:22,765] {scheduler_job.py:190} INFO - Processing /home/agalli/sandbox/lib/python3.6/site-packages/airflow/example_dags/example_branch_day_of_week_operator.py took 0.089 seconds
[2022-02-12 15:04:52,851] {scheduler_job.py:182} INFO - Started process (PID=19942) to work on /home/agalli/sandbox/lib/python3.6/site-packages/airflow/example_dags/example_branch_day_of_week_operator.py
[2022-02-12 15:04:52,852] {scheduler_job.py:633} INFO - Processing file /home/agalli/sandbox/lib/python3.6/site-packages/airflow/example_dags/example_branch_day_of_week_operator.py for tasks to queue
[2022-02-12 15:04:52,853] {logging_mixin.py:104} INFO - [2022-02-12 15:04:52,853] {dagbag.py:487} INFO - Filling up the DagBag from /home/agalli/sandbox/lib/python3.6/site-packages/airflow/example_dags/example_branch_day_of_week_operator.py
[2022-02-12 15:04:52,872] {scheduler_job.py:643} INFO - DAG(s) dict_keys(['example_weekday_branch_operator']) retrieved from /home/agalli/sandbox/lib/python3.6/site-packages/airflow/example_dags/example_branch_day_of_week_operator.py
[2022-02-12 15:04:52,912] {logging_mixin.py:104} INFO - [2022-02-12 15:04:52,912] {dag.py:1832} INFO - Sync 1 DAGs
[2022-02-12 15:04:52,943] {logging_mixin.py:104} INFO - [2022-02-12 15:04:52,943] {dag.py:2305} INFO - Setting next_dagrun for example_weekday_branch_operator to 2022-02-10 00:00:00+00:00
[2022-02-12 15:04:52,964] {scheduler_job.py:190} INFO - Processing /home/agalli/sandbox/lib/python3.6/site-packages/airflow/example_dags/example_branch_day_of_week_operator.py took 0.117 seconds
[2022-02-12 15:05:23,714] {scheduler_job.py:182} INFO - Started process (PID=20144) to work on /home/agalli/sandbox/lib/python3.6/site-packages/airflow/example_dags/example_branch_day_of_week_operator.py
[2022-02-12 15:05:23,715] {scheduler_job.py:633} INFO - Processing file /home/agalli/sandbox/lib/python3.6/site-packages/airflow/example_dags/example_branch_day_of_week_operator.py for tasks to queue
[2022-02-12 15:05:23,716] {logging_mixin.py:104} INFO - [2022-02-12 15:05:23,715] {dagbag.py:487} INFO - Filling up the DagBag from /home/agalli/sandbox/lib/python3.6/site-packages/airflow/example_dags/example_branch_day_of_week_operator.py
[2022-02-12 15:05:23,731] {scheduler_job.py:643} INFO - DAG(s) dict_keys(['example_weekday_branch_operator']) retrieved from /home/agalli/sandbox/lib/python3.6/site-packages/airflow/example_dags/example_branch_day_of_week_operator.py
[2022-02-12 15:05:23,765] {logging_mixin.py:104} INFO - [2022-02-12 15:05:23,765] {dag.py:1832} INFO - Sync 1 DAGs
[2022-02-12 15:05:23,795] {logging_mixin.py:104} INFO - [2022-02-12 15:05:23,794] {dag.py:2305} INFO - Setting next_dagrun for example_weekday_branch_operator to 2022-02-10 00:00:00+00:00
[2022-02-12 15:05:23,818] {scheduler_job.py:190} INFO - Processing /home/agalli/sandbox/lib/python3.6/site-packages/airflow/example_dags/example_branch_day_of_week_operator.py took 0.110 seconds
[2022-02-12 15:05:54,438] {scheduler_job.py:182} INFO - Started process (PID=20466) to work on /home/agalli/sandbox/lib/python3.6/site-packages/airflow/example_dags/example_branch_day_of_week_operator.py
[2022-02-12 15:05:54,439] {scheduler_job.py:633} INFO - Processing file /home/agalli/sandbox/lib/python3.6/site-packages/airflow/example_dags/example_branch_day_of_week_operator.py for tasks to queue
[2022-02-12 15:05:54,441] {logging_mixin.py:104} INFO - [2022-02-12 15:05:54,440] {dagbag.py:487} INFO - Filling up the DagBag from /home/agalli/sandbox/lib/python3.6/site-packages/airflow/example_dags/example_branch_day_of_week_operator.py
[2022-02-12 15:05:54,460] {scheduler_job.py:643} INFO - DAG(s) dict_keys(['example_weekday_branch_operator']) retrieved from /home/agalli/sandbox/lib/python3.6/site-packages/airflow/example_dags/example_branch_day_of_week_operator.py
[2022-02-12 15:05:54,496] {logging_mixin.py:104} INFO - [2022-02-12 15:05:54,496] {dag.py:1832} INFO - Sync 1 DAGs
[2022-02-12 15:05:54,530] {logging_mixin.py:104} INFO - [2022-02-12 15:05:54,530] {dag.py:2305} INFO - Setting next_dagrun for example_weekday_branch_operator to 2022-02-10 00:00:00+00:00
[2022-02-12 15:05:54,548] {scheduler_job.py:190} INFO - Processing /home/agalli/sandbox/lib/python3.6/site-packages/airflow/example_dags/example_branch_day_of_week_operator.py took 0.117 seconds
[2022-02-12 15:06:25,376] {scheduler_job.py:182} INFO - Started process (PID=20668) to work on /home/agalli/sandbox/lib/python3.6/site-packages/airflow/example_dags/example_branch_day_of_week_operator.py
[2022-02-12 15:06:25,390] {scheduler_job.py:633} INFO - Processing file /home/agalli/sandbox/lib/python3.6/site-packages/airflow/example_dags/example_branch_day_of_week_operator.py for tasks to queue
[2022-02-12 15:06:25,392] {logging_mixin.py:104} INFO - [2022-02-12 15:06:25,391] {dagbag.py:487} INFO - Filling up the DagBag from /home/agalli/sandbox/lib/python3.6/site-packages/airflow/example_dags/example_branch_day_of_week_operator.py
[2022-02-12 15:06:25,412] {scheduler_job.py:643} INFO - DAG(s) dict_keys(['example_weekday_branch_operator']) retrieved from /home/agalli/sandbox/lib/python3.6/site-packages/airflow/example_dags/example_branch_day_of_week_operator.py
[2022-02-12 15:06:25,463] {logging_mixin.py:104} INFO - [2022-02-12 15:06:25,462] {dag.py:1832} INFO - Sync 1 DAGs
[2022-02-12 15:06:25,500] {logging_mixin.py:104} INFO - [2022-02-12 15:06:25,500] {dag.py:2305} INFO - Setting next_dagrun for example_weekday_branch_operator to 2022-02-10 00:00:00+00:00
[2022-02-12 15:06:25,519] {scheduler_job.py:190} INFO - Processing /home/agalli/sandbox/lib/python3.6/site-packages/airflow/example_dags/example_branch_day_of_week_operator.py took 0.154 seconds
[2022-02-12 15:06:55,578] {scheduler_job.py:182} INFO - Started process (PID=20870) to work on /home/agalli/sandbox/lib/python3.6/site-packages/airflow/example_dags/example_branch_day_of_week_operator.py
[2022-02-12 15:06:55,579] {scheduler_job.py:633} INFO - Processing file /home/agalli/sandbox/lib/python3.6/site-packages/airflow/example_dags/example_branch_day_of_week_operator.py for tasks to queue
[2022-02-12 15:06:55,580] {logging_mixin.py:104} INFO - [2022-02-12 15:06:55,580] {dagbag.py:487} INFO - Filling up the DagBag from /home/agalli/sandbox/lib/python3.6/site-packages/airflow/example_dags/example_branch_day_of_week_operator.py
[2022-02-12 15:06:55,603] {scheduler_job.py:643} INFO - DAG(s) dict_keys(['example_weekday_branch_operator']) retrieved from /home/agalli/sandbox/lib/python3.6/site-packages/airflow/example_dags/example_branch_day_of_week_operator.py
[2022-02-12 15:06:55,667] {logging_mixin.py:104} INFO - [2022-02-12 15:06:55,666] {dag.py:1832} INFO - Sync 1 DAGs
[2022-02-12 15:06:55,713] {logging_mixin.py:104} INFO - [2022-02-12 15:06:55,713] {dag.py:2305} INFO - Setting next_dagrun for example_weekday_branch_operator to 2022-02-10 00:00:00+00:00
[2022-02-12 15:06:55,731] {scheduler_job.py:190} INFO - Processing /home/agalli/sandbox/lib/python3.6/site-packages/airflow/example_dags/example_branch_day_of_week_operator.py took 0.160 seconds
[2022-02-12 15:07:26,233] {scheduler_job.py:182} INFO - Started process (PID=21074) to work on /home/agalli/sandbox/lib/python3.6/site-packages/airflow/example_dags/example_branch_day_of_week_operator.py
[2022-02-12 15:07:26,235] {scheduler_job.py:633} INFO - Processing file /home/agalli/sandbox/lib/python3.6/site-packages/airflow/example_dags/example_branch_day_of_week_operator.py for tasks to queue
[2022-02-12 15:07:26,235] {logging_mixin.py:104} INFO - [2022-02-12 15:07:26,235] {dagbag.py:487} INFO - Filling up the DagBag from /home/agalli/sandbox/lib/python3.6/site-packages/airflow/example_dags/example_branch_day_of_week_operator.py
[2022-02-12 15:07:26,256] {scheduler_job.py:643} INFO - DAG(s) dict_keys(['example_weekday_branch_operator']) retrieved from /home/agalli/sandbox/lib/python3.6/site-packages/airflow/example_dags/example_branch_day_of_week_operator.py
[2022-02-12 15:07:26,310] {logging_mixin.py:104} INFO - [2022-02-12 15:07:26,309] {dag.py:1832} INFO - Sync 1 DAGs
[2022-02-12 15:07:26,355] {logging_mixin.py:104} INFO - [2022-02-12 15:07:26,354] {dag.py:2305} INFO - Setting next_dagrun for example_weekday_branch_operator to 2022-02-10 00:00:00+00:00
[2022-02-12 15:07:26,380] {scheduler_job.py:190} INFO - Processing /home/agalli/sandbox/lib/python3.6/site-packages/airflow/example_dags/example_branch_day_of_week_operator.py took 0.151 seconds
[2022-02-12 15:07:57,210] {scheduler_job.py:182} INFO - Started process (PID=21279) to work on /home/agalli/sandbox/lib/python3.6/site-packages/airflow/example_dags/example_branch_day_of_week_operator.py
[2022-02-12 15:07:57,214] {scheduler_job.py:633} INFO - Processing file /home/agalli/sandbox/lib/python3.6/site-packages/airflow/example_dags/example_branch_day_of_week_operator.py for tasks to queue
[2022-02-12 15:07:57,215] {logging_mixin.py:104} INFO - [2022-02-12 15:07:57,215] {dagbag.py:487} INFO - Filling up the DagBag from /home/agalli/sandbox/lib/python3.6/site-packages/airflow/example_dags/example_branch_day_of_week_operator.py
[2022-02-12 15:07:57,256] {scheduler_job.py:643} INFO - DAG(s) dict_keys(['example_weekday_branch_operator']) retrieved from /home/agalli/sandbox/lib/python3.6/site-packages/airflow/example_dags/example_branch_day_of_week_operator.py
[2022-02-12 15:07:57,349] {logging_mixin.py:104} INFO - [2022-02-12 15:07:57,349] {dag.py:1832} INFO - Sync 1 DAGs
[2022-02-12 15:07:57,387] {logging_mixin.py:104} INFO - [2022-02-12 15:07:57,387] {dag.py:2305} INFO - Setting next_dagrun for example_weekday_branch_operator to 2022-02-10 00:00:00+00:00
[2022-02-12 15:07:57,410] {scheduler_job.py:190} INFO - Processing /home/agalli/sandbox/lib/python3.6/site-packages/airflow/example_dags/example_branch_day_of_week_operator.py took 0.208 seconds
[2022-02-12 15:08:27,489] {scheduler_job.py:182} INFO - Started process (PID=21471) to work on /home/agalli/sandbox/lib/python3.6/site-packages/airflow/example_dags/example_branch_day_of_week_operator.py
[2022-02-12 15:08:27,490] {scheduler_job.py:633} INFO - Processing file /home/agalli/sandbox/lib/python3.6/site-packages/airflow/example_dags/example_branch_day_of_week_operator.py for tasks to queue
[2022-02-12 15:08:27,491] {logging_mixin.py:104} INFO - [2022-02-12 15:08:27,491] {dagbag.py:487} INFO - Filling up the DagBag from /home/agalli/sandbox/lib/python3.6/site-packages/airflow/example_dags/example_branch_day_of_week_operator.py
[2022-02-12 15:08:27,513] {scheduler_job.py:643} INFO - DAG(s) dict_keys(['example_weekday_branch_operator']) retrieved from /home/agalli/sandbox/lib/python3.6/site-packages/airflow/example_dags/example_branch_day_of_week_operator.py
[2022-02-12 15:08:27,555] {logging_mixin.py:104} INFO - [2022-02-12 15:08:27,554] {dag.py:1832} INFO - Sync 1 DAGs
[2022-02-12 15:08:27,584] {logging_mixin.py:104} INFO - [2022-02-12 15:08:27,583] {dag.py:2305} INFO - Setting next_dagrun for example_weekday_branch_operator to 2022-02-10 00:00:00+00:00
[2022-02-12 15:08:27,604] {scheduler_job.py:190} INFO - Processing /home/agalli/sandbox/lib/python3.6/site-packages/airflow/example_dags/example_branch_day_of_week_operator.py took 0.120 seconds
