[2022-02-12 13:57:27,893] {scheduler_job.py:182} INFO - Started process (PID=1859) to work on /home/agalli/sandbox/lib/python3.6/site-packages/airflow/example_dags/example_branch_labels.py
[2022-02-12 13:57:27,895] {scheduler_job.py:633} INFO - Processing file /home/agalli/sandbox/lib/python3.6/site-packages/airflow/example_dags/example_branch_labels.py for tasks to queue
[2022-02-12 13:57:27,896] {logging_mixin.py:104} INFO - [2022-02-12 13:57:27,896] {dagbag.py:487} INFO - Filling up the DagBag from /home/agalli/sandbox/lib/python3.6/site-packages/airflow/example_dags/example_branch_labels.py
[2022-02-12 13:57:27,914] {scheduler_job.py:643} INFO - DAG(s) dict_keys(['example_branch_labels']) retrieved from /home/agalli/sandbox/lib/python3.6/site-packages/airflow/example_dags/example_branch_labels.py
[2022-02-12 13:57:27,951] {logging_mixin.py:104} INFO - [2022-02-12 13:57:27,951] {dag.py:1832} INFO - Sync 1 DAGs
[2022-02-12 13:57:27,982] {logging_mixin.py:104} INFO - [2022-02-12 13:57:27,982] {dag.py:2305} INFO - Setting next_dagrun for example_branch_labels to 2022-02-10 00:00:00+00:00
[2022-02-12 13:57:27,998] {scheduler_job.py:190} INFO - Processing /home/agalli/sandbox/lib/python3.6/site-packages/airflow/example_dags/example_branch_labels.py took 0.111 seconds
[2022-02-12 13:57:59,273] {scheduler_job.py:182} INFO - Started process (PID=2274) to work on /home/agalli/sandbox/lib/python3.6/site-packages/airflow/example_dags/example_branch_labels.py
[2022-02-12 13:57:59,275] {scheduler_job.py:633} INFO - Processing file /home/agalli/sandbox/lib/python3.6/site-packages/airflow/example_dags/example_branch_labels.py for tasks to queue
[2022-02-12 13:57:59,276] {logging_mixin.py:104} INFO - [2022-02-12 13:57:59,276] {dagbag.py:487} INFO - Filling up the DagBag from /home/agalli/sandbox/lib/python3.6/site-packages/airflow/example_dags/example_branch_labels.py
[2022-02-12 13:57:59,316] {scheduler_job.py:643} INFO - DAG(s) dict_keys(['example_branch_labels']) retrieved from /home/agalli/sandbox/lib/python3.6/site-packages/airflow/example_dags/example_branch_labels.py
[2022-02-12 13:57:59,392] {logging_mixin.py:104} INFO - [2022-02-12 13:57:59,392] {dag.py:1832} INFO - Sync 1 DAGs
[2022-02-12 13:57:59,426] {logging_mixin.py:104} INFO - [2022-02-12 13:57:59,426] {dag.py:2305} INFO - Setting next_dagrun for example_branch_labels to 2022-02-10 00:00:00+00:00
[2022-02-12 13:57:59,440] {scheduler_job.py:190} INFO - Processing /home/agalli/sandbox/lib/python3.6/site-packages/airflow/example_dags/example_branch_labels.py took 0.175 seconds
[2022-02-12 13:58:30,963] {scheduler_job.py:182} INFO - Started process (PID=2476) to work on /home/agalli/sandbox/lib/python3.6/site-packages/airflow/example_dags/example_branch_labels.py
[2022-02-12 13:58:30,965] {scheduler_job.py:633} INFO - Processing file /home/agalli/sandbox/lib/python3.6/site-packages/airflow/example_dags/example_branch_labels.py for tasks to queue
[2022-02-12 13:58:30,966] {logging_mixin.py:104} INFO - [2022-02-12 13:58:30,966] {dagbag.py:487} INFO - Filling up the DagBag from /home/agalli/sandbox/lib/python3.6/site-packages/airflow/example_dags/example_branch_labels.py
[2022-02-12 13:58:30,995] {scheduler_job.py:643} INFO - DAG(s) dict_keys(['example_branch_labels']) retrieved from /home/agalli/sandbox/lib/python3.6/site-packages/airflow/example_dags/example_branch_labels.py
[2022-02-12 13:58:31,077] {logging_mixin.py:104} INFO - [2022-02-12 13:58:31,077] {dag.py:1832} INFO - Sync 1 DAGs
[2022-02-12 13:58:31,155] {logging_mixin.py:104} INFO - [2022-02-12 13:58:31,155] {dag.py:2305} INFO - Setting next_dagrun for example_branch_labels to 2022-02-10 00:00:00+00:00
[2022-02-12 13:58:31,180] {scheduler_job.py:190} INFO - Processing /home/agalli/sandbox/lib/python3.6/site-packages/airflow/example_dags/example_branch_labels.py took 0.223 seconds
[2022-02-12 13:59:02,082] {scheduler_job.py:182} INFO - Started process (PID=2677) to work on /home/agalli/sandbox/lib/python3.6/site-packages/airflow/example_dags/example_branch_labels.py
[2022-02-12 13:59:02,086] {scheduler_job.py:633} INFO - Processing file /home/agalli/sandbox/lib/python3.6/site-packages/airflow/example_dags/example_branch_labels.py for tasks to queue
[2022-02-12 13:59:02,087] {logging_mixin.py:104} INFO - [2022-02-12 13:59:02,087] {dagbag.py:487} INFO - Filling up the DagBag from /home/agalli/sandbox/lib/python3.6/site-packages/airflow/example_dags/example_branch_labels.py
[2022-02-12 13:59:02,104] {scheduler_job.py:643} INFO - DAG(s) dict_keys(['example_branch_labels']) retrieved from /home/agalli/sandbox/lib/python3.6/site-packages/airflow/example_dags/example_branch_labels.py
[2022-02-12 13:59:02,142] {logging_mixin.py:104} INFO - [2022-02-12 13:59:02,142] {dag.py:1832} INFO - Sync 1 DAGs
[2022-02-12 13:59:02,168] {logging_mixin.py:104} INFO - [2022-02-12 13:59:02,168] {dag.py:2305} INFO - Setting next_dagrun for example_branch_labels to 2022-02-10 00:00:00+00:00
[2022-02-12 13:59:02,194] {scheduler_job.py:190} INFO - Processing /home/agalli/sandbox/lib/python3.6/site-packages/airflow/example_dags/example_branch_labels.py took 0.117 seconds
[2022-02-12 13:59:32,717] {scheduler_job.py:182} INFO - Started process (PID=2879) to work on /home/agalli/sandbox/lib/python3.6/site-packages/airflow/example_dags/example_branch_labels.py
[2022-02-12 13:59:32,721] {scheduler_job.py:633} INFO - Processing file /home/agalli/sandbox/lib/python3.6/site-packages/airflow/example_dags/example_branch_labels.py for tasks to queue
[2022-02-12 13:59:32,724] {logging_mixin.py:104} INFO - [2022-02-12 13:59:32,723] {dagbag.py:487} INFO - Filling up the DagBag from /home/agalli/sandbox/lib/python3.6/site-packages/airflow/example_dags/example_branch_labels.py
[2022-02-12 13:59:32,749] {scheduler_job.py:643} INFO - DAG(s) dict_keys(['example_branch_labels']) retrieved from /home/agalli/sandbox/lib/python3.6/site-packages/airflow/example_dags/example_branch_labels.py
[2022-02-12 13:59:32,816] {logging_mixin.py:104} INFO - [2022-02-12 13:59:32,815] {dag.py:1832} INFO - Sync 1 DAGs
[2022-02-12 13:59:32,851] {logging_mixin.py:104} INFO - [2022-02-12 13:59:32,851] {dag.py:2305} INFO - Setting next_dagrun for example_branch_labels to 2022-02-10 00:00:00+00:00
[2022-02-12 13:59:32,889] {scheduler_job.py:190} INFO - Processing /home/agalli/sandbox/lib/python3.6/site-packages/airflow/example_dags/example_branch_labels.py took 0.178 seconds
[2022-02-12 14:00:04,308] {scheduler_job.py:182} INFO - Started process (PID=3142) to work on /home/agalli/sandbox/lib/python3.6/site-packages/airflow/example_dags/example_branch_labels.py
[2022-02-12 14:00:04,309] {scheduler_job.py:633} INFO - Processing file /home/agalli/sandbox/lib/python3.6/site-packages/airflow/example_dags/example_branch_labels.py for tasks to queue
[2022-02-12 14:00:04,310] {logging_mixin.py:104} INFO - [2022-02-12 14:00:04,309] {dagbag.py:487} INFO - Filling up the DagBag from /home/agalli/sandbox/lib/python3.6/site-packages/airflow/example_dags/example_branch_labels.py
[2022-02-12 14:00:04,326] {scheduler_job.py:643} INFO - DAG(s) dict_keys(['example_branch_labels']) retrieved from /home/agalli/sandbox/lib/python3.6/site-packages/airflow/example_dags/example_branch_labels.py
[2022-02-12 14:00:04,368] {logging_mixin.py:104} INFO - [2022-02-12 14:00:04,368] {dag.py:1832} INFO - Sync 1 DAGs
[2022-02-12 14:00:04,395] {logging_mixin.py:104} INFO - [2022-02-12 14:00:04,395] {dag.py:2305} INFO - Setting next_dagrun for example_branch_labels to 2022-02-10 00:00:00+00:00
[2022-02-12 14:00:04,414] {scheduler_job.py:190} INFO - Processing /home/agalli/sandbox/lib/python3.6/site-packages/airflow/example_dags/example_branch_labels.py took 0.112 seconds
[2022-02-12 14:00:35,031] {scheduler_job.py:182} INFO - Started process (PID=3524) to work on /home/agalli/sandbox/lib/python3.6/site-packages/airflow/example_dags/example_branch_labels.py
[2022-02-12 14:00:35,034] {scheduler_job.py:633} INFO - Processing file /home/agalli/sandbox/lib/python3.6/site-packages/airflow/example_dags/example_branch_labels.py for tasks to queue
[2022-02-12 14:00:35,037] {logging_mixin.py:104} INFO - [2022-02-12 14:00:35,036] {dagbag.py:487} INFO - Filling up the DagBag from /home/agalli/sandbox/lib/python3.6/site-packages/airflow/example_dags/example_branch_labels.py
[2022-02-12 14:00:35,073] {scheduler_job.py:643} INFO - DAG(s) dict_keys(['example_branch_labels']) retrieved from /home/agalli/sandbox/lib/python3.6/site-packages/airflow/example_dags/example_branch_labels.py
[2022-02-12 14:00:35,135] {logging_mixin.py:104} INFO - [2022-02-12 14:00:35,135] {dag.py:1832} INFO - Sync 1 DAGs
[2022-02-12 14:00:35,172] {logging_mixin.py:104} INFO - [2022-02-12 14:00:35,172] {dag.py:2305} INFO - Setting next_dagrun for example_branch_labels to 2022-02-10 00:00:00+00:00
[2022-02-12 14:00:35,190] {scheduler_job.py:190} INFO - Processing /home/agalli/sandbox/lib/python3.6/site-packages/airflow/example_dags/example_branch_labels.py took 0.181 seconds
[2022-02-12 14:01:08,364] {scheduler_job.py:182} INFO - Started process (PID=4197) to work on /home/agalli/sandbox/lib/python3.6/site-packages/airflow/example_dags/example_branch_labels.py
[2022-02-12 14:01:08,370] {scheduler_job.py:633} INFO - Processing file /home/agalli/sandbox/lib/python3.6/site-packages/airflow/example_dags/example_branch_labels.py for tasks to queue
[2022-02-12 14:01:08,373] {logging_mixin.py:104} INFO - [2022-02-12 14:01:08,373] {dagbag.py:487} INFO - Filling up the DagBag from /home/agalli/sandbox/lib/python3.6/site-packages/airflow/example_dags/example_branch_labels.py
[2022-02-12 14:01:08,435] {scheduler_job.py:643} INFO - DAG(s) dict_keys(['example_branch_labels']) retrieved from /home/agalli/sandbox/lib/python3.6/site-packages/airflow/example_dags/example_branch_labels.py
[2022-02-12 14:01:08,555] {logging_mixin.py:104} INFO - [2022-02-12 14:01:08,555] {dag.py:1832} INFO - Sync 1 DAGs
[2022-02-12 14:01:08,680] {logging_mixin.py:104} INFO - [2022-02-12 14:01:08,680] {dag.py:2305} INFO - Setting next_dagrun for example_branch_labels to 2022-02-10 00:00:00+00:00
[2022-02-12 14:01:08,731] {scheduler_job.py:190} INFO - Processing /home/agalli/sandbox/lib/python3.6/site-packages/airflow/example_dags/example_branch_labels.py took 0.389 seconds
[2022-02-12 14:01:39,067] {scheduler_job.py:182} INFO - Started process (PID=5380) to work on /home/agalli/sandbox/lib/python3.6/site-packages/airflow/example_dags/example_branch_labels.py
[2022-02-12 14:01:39,070] {scheduler_job.py:633} INFO - Processing file /home/agalli/sandbox/lib/python3.6/site-packages/airflow/example_dags/example_branch_labels.py for tasks to queue
[2022-02-12 14:01:39,071] {logging_mixin.py:104} INFO - [2022-02-12 14:01:39,071] {dagbag.py:487} INFO - Filling up the DagBag from /home/agalli/sandbox/lib/python3.6/site-packages/airflow/example_dags/example_branch_labels.py
[2022-02-12 14:01:39,097] {scheduler_job.py:643} INFO - DAG(s) dict_keys(['example_branch_labels']) retrieved from /home/agalli/sandbox/lib/python3.6/site-packages/airflow/example_dags/example_branch_labels.py
[2022-02-12 14:01:39,134] {logging_mixin.py:104} INFO - [2022-02-12 14:01:39,134] {dag.py:1832} INFO - Sync 1 DAGs
[2022-02-12 14:01:39,165] {logging_mixin.py:104} INFO - [2022-02-12 14:01:39,165] {dag.py:2305} INFO - Setting next_dagrun for example_branch_labels to 2022-02-10 00:00:00+00:00
[2022-02-12 14:01:39,178] {scheduler_job.py:190} INFO - Processing /home/agalli/sandbox/lib/python3.6/site-packages/airflow/example_dags/example_branch_labels.py took 0.117 seconds
[2022-02-12 14:02:09,835] {scheduler_job.py:182} INFO - Started process (PID=5612) to work on /home/agalli/sandbox/lib/python3.6/site-packages/airflow/example_dags/example_branch_labels.py
[2022-02-12 14:02:09,838] {scheduler_job.py:633} INFO - Processing file /home/agalli/sandbox/lib/python3.6/site-packages/airflow/example_dags/example_branch_labels.py for tasks to queue
[2022-02-12 14:02:09,840] {logging_mixin.py:104} INFO - [2022-02-12 14:02:09,839] {dagbag.py:487} INFO - Filling up the DagBag from /home/agalli/sandbox/lib/python3.6/site-packages/airflow/example_dags/example_branch_labels.py
[2022-02-12 14:02:09,875] {scheduler_job.py:643} INFO - DAG(s) dict_keys(['example_branch_labels']) retrieved from /home/agalli/sandbox/lib/python3.6/site-packages/airflow/example_dags/example_branch_labels.py
[2022-02-12 14:02:09,935] {logging_mixin.py:104} INFO - [2022-02-12 14:02:09,935] {dag.py:1832} INFO - Sync 1 DAGs
[2022-02-12 14:02:09,974] {logging_mixin.py:104} INFO - [2022-02-12 14:02:09,973] {dag.py:2305} INFO - Setting next_dagrun for example_branch_labels to 2022-02-10 00:00:00+00:00
[2022-02-12 14:02:09,993] {scheduler_job.py:190} INFO - Processing /home/agalli/sandbox/lib/python3.6/site-packages/airflow/example_dags/example_branch_labels.py took 0.166 seconds
[2022-02-12 14:02:40,182] {scheduler_job.py:182} INFO - Started process (PID=5934) to work on /home/agalli/sandbox/lib/python3.6/site-packages/airflow/example_dags/example_branch_labels.py
[2022-02-12 14:02:40,184] {scheduler_job.py:633} INFO - Processing file /home/agalli/sandbox/lib/python3.6/site-packages/airflow/example_dags/example_branch_labels.py for tasks to queue
[2022-02-12 14:02:40,185] {logging_mixin.py:104} INFO - [2022-02-12 14:02:40,185] {dagbag.py:487} INFO - Filling up the DagBag from /home/agalli/sandbox/lib/python3.6/site-packages/airflow/example_dags/example_branch_labels.py
[2022-02-12 14:02:40,210] {scheduler_job.py:643} INFO - DAG(s) dict_keys(['example_branch_labels']) retrieved from /home/agalli/sandbox/lib/python3.6/site-packages/airflow/example_dags/example_branch_labels.py
[2022-02-12 14:02:40,257] {logging_mixin.py:104} INFO - [2022-02-12 14:02:40,256] {dag.py:1832} INFO - Sync 1 DAGs
[2022-02-12 14:02:40,285] {logging_mixin.py:104} INFO - [2022-02-12 14:02:40,285] {dag.py:2305} INFO - Setting next_dagrun for example_branch_labels to 2022-02-10 00:00:00+00:00
[2022-02-12 14:02:40,296] {scheduler_job.py:190} INFO - Processing /home/agalli/sandbox/lib/python3.6/site-packages/airflow/example_dags/example_branch_labels.py took 0.121 seconds
[2022-02-12 14:03:10,532] {scheduler_job.py:182} INFO - Started process (PID=6135) to work on /home/agalli/sandbox/lib/python3.6/site-packages/airflow/example_dags/example_branch_labels.py
[2022-02-12 14:03:10,538] {scheduler_job.py:633} INFO - Processing file /home/agalli/sandbox/lib/python3.6/site-packages/airflow/example_dags/example_branch_labels.py for tasks to queue
[2022-02-12 14:03:10,539] {logging_mixin.py:104} INFO - [2022-02-12 14:03:10,539] {dagbag.py:487} INFO - Filling up the DagBag from /home/agalli/sandbox/lib/python3.6/site-packages/airflow/example_dags/example_branch_labels.py
[2022-02-12 14:03:10,565] {scheduler_job.py:643} INFO - DAG(s) dict_keys(['example_branch_labels']) retrieved from /home/agalli/sandbox/lib/python3.6/site-packages/airflow/example_dags/example_branch_labels.py
[2022-02-12 14:03:10,620] {logging_mixin.py:104} INFO - [2022-02-12 14:03:10,620] {dag.py:1832} INFO - Sync 1 DAGs
[2022-02-12 14:03:10,653] {logging_mixin.py:104} INFO - [2022-02-12 14:03:10,653] {dag.py:2305} INFO - Setting next_dagrun for example_branch_labels to 2022-02-10 00:00:00+00:00
[2022-02-12 14:03:10,670] {scheduler_job.py:190} INFO - Processing /home/agalli/sandbox/lib/python3.6/site-packages/airflow/example_dags/example_branch_labels.py took 0.148 seconds
[2022-02-12 14:20:20,068] {scheduler_job.py:182} INFO - Started process (PID=7120) to work on /home/agalli/sandbox/lib/python3.6/site-packages/airflow/example_dags/example_branch_labels.py
[2022-02-12 14:20:20,069] {scheduler_job.py:633} INFO - Processing file /home/agalli/sandbox/lib/python3.6/site-packages/airflow/example_dags/example_branch_labels.py for tasks to queue
[2022-02-12 14:20:20,069] {logging_mixin.py:104} INFO - [2022-02-12 14:20:20,069] {dagbag.py:487} INFO - Filling up the DagBag from /home/agalli/sandbox/lib/python3.6/site-packages/airflow/example_dags/example_branch_labels.py
[2022-02-12 14:20:20,081] {scheduler_job.py:643} INFO - DAG(s) dict_keys(['example_branch_labels']) retrieved from /home/agalli/sandbox/lib/python3.6/site-packages/airflow/example_dags/example_branch_labels.py
[2022-02-12 14:20:20,110] {logging_mixin.py:104} INFO - [2022-02-12 14:20:20,110] {dag.py:1832} INFO - Sync 1 DAGs
[2022-02-12 14:20:20,136] {logging_mixin.py:104} INFO - [2022-02-12 14:20:20,135] {dag.py:2305} INFO - Setting next_dagrun for example_branch_labels to 2022-02-10 00:00:00+00:00
[2022-02-12 14:20:20,146] {scheduler_job.py:190} INFO - Processing /home/agalli/sandbox/lib/python3.6/site-packages/airflow/example_dags/example_branch_labels.py took 0.082 seconds
[2022-02-12 14:20:50,312] {scheduler_job.py:182} INFO - Started process (PID=7319) to work on /home/agalli/sandbox/lib/python3.6/site-packages/airflow/example_dags/example_branch_labels.py
[2022-02-12 14:20:50,313] {scheduler_job.py:633} INFO - Processing file /home/agalli/sandbox/lib/python3.6/site-packages/airflow/example_dags/example_branch_labels.py for tasks to queue
[2022-02-12 14:20:50,314] {logging_mixin.py:104} INFO - [2022-02-12 14:20:50,314] {dagbag.py:487} INFO - Filling up the DagBag from /home/agalli/sandbox/lib/python3.6/site-packages/airflow/example_dags/example_branch_labels.py
[2022-02-12 14:20:50,333] {scheduler_job.py:643} INFO - DAG(s) dict_keys(['example_branch_labels']) retrieved from /home/agalli/sandbox/lib/python3.6/site-packages/airflow/example_dags/example_branch_labels.py
[2022-02-12 14:20:50,366] {logging_mixin.py:104} INFO - [2022-02-12 14:20:50,366] {dag.py:1832} INFO - Sync 1 DAGs
[2022-02-12 14:20:50,394] {logging_mixin.py:104} INFO - [2022-02-12 14:20:50,394] {dag.py:2305} INFO - Setting next_dagrun for example_branch_labels to 2022-02-10 00:00:00+00:00
[2022-02-12 14:20:50,408] {scheduler_job.py:190} INFO - Processing /home/agalli/sandbox/lib/python3.6/site-packages/airflow/example_dags/example_branch_labels.py took 0.100 seconds
[2022-02-12 14:21:21,645] {scheduler_job.py:182} INFO - Started process (PID=7521) to work on /home/agalli/sandbox/lib/python3.6/site-packages/airflow/example_dags/example_branch_labels.py
[2022-02-12 14:21:21,647] {scheduler_job.py:633} INFO - Processing file /home/agalli/sandbox/lib/python3.6/site-packages/airflow/example_dags/example_branch_labels.py for tasks to queue
[2022-02-12 14:21:21,648] {logging_mixin.py:104} INFO - [2022-02-12 14:21:21,648] {dagbag.py:487} INFO - Filling up the DagBag from /home/agalli/sandbox/lib/python3.6/site-packages/airflow/example_dags/example_branch_labels.py
[2022-02-12 14:21:21,661] {scheduler_job.py:643} INFO - DAG(s) dict_keys(['example_branch_labels']) retrieved from /home/agalli/sandbox/lib/python3.6/site-packages/airflow/example_dags/example_branch_labels.py
[2022-02-12 14:21:21,690] {logging_mixin.py:104} INFO - [2022-02-12 14:21:21,690] {dag.py:1832} INFO - Sync 1 DAGs
[2022-02-12 14:21:21,717] {logging_mixin.py:104} INFO - [2022-02-12 14:21:21,717] {dag.py:2305} INFO - Setting next_dagrun for example_branch_labels to 2022-02-10 00:00:00+00:00
[2022-02-12 14:21:21,731] {scheduler_job.py:190} INFO - Processing /home/agalli/sandbox/lib/python3.6/site-packages/airflow/example_dags/example_branch_labels.py took 0.091 seconds
[2022-02-12 14:21:52,128] {scheduler_job.py:182} INFO - Started process (PID=7724) to work on /home/agalli/sandbox/lib/python3.6/site-packages/airflow/example_dags/example_branch_labels.py
[2022-02-12 14:21:52,135] {scheduler_job.py:633} INFO - Processing file /home/agalli/sandbox/lib/python3.6/site-packages/airflow/example_dags/example_branch_labels.py for tasks to queue
[2022-02-12 14:21:52,136] {logging_mixin.py:104} INFO - [2022-02-12 14:21:52,136] {dagbag.py:487} INFO - Filling up the DagBag from /home/agalli/sandbox/lib/python3.6/site-packages/airflow/example_dags/example_branch_labels.py
[2022-02-12 14:21:52,157] {scheduler_job.py:643} INFO - DAG(s) dict_keys(['example_branch_labels']) retrieved from /home/agalli/sandbox/lib/python3.6/site-packages/airflow/example_dags/example_branch_labels.py
[2022-02-12 14:21:52,202] {logging_mixin.py:104} INFO - [2022-02-12 14:21:52,201] {dag.py:1832} INFO - Sync 1 DAGs
[2022-02-12 14:21:52,224] {logging_mixin.py:104} INFO - [2022-02-12 14:21:52,224] {dag.py:2305} INFO - Setting next_dagrun for example_branch_labels to 2022-02-10 00:00:00+00:00
[2022-02-12 14:21:52,235] {scheduler_job.py:190} INFO - Processing /home/agalli/sandbox/lib/python3.6/site-packages/airflow/example_dags/example_branch_labels.py took 0.111 seconds
[2022-02-12 14:22:23,058] {scheduler_job.py:182} INFO - Started process (PID=7925) to work on /home/agalli/sandbox/lib/python3.6/site-packages/airflow/example_dags/example_branch_labels.py
[2022-02-12 14:22:23,059] {scheduler_job.py:633} INFO - Processing file /home/agalli/sandbox/lib/python3.6/site-packages/airflow/example_dags/example_branch_labels.py for tasks to queue
[2022-02-12 14:22:23,060] {logging_mixin.py:104} INFO - [2022-02-12 14:22:23,059] {dagbag.py:487} INFO - Filling up the DagBag from /home/agalli/sandbox/lib/python3.6/site-packages/airflow/example_dags/example_branch_labels.py
[2022-02-12 14:22:23,074] {scheduler_job.py:643} INFO - DAG(s) dict_keys(['example_branch_labels']) retrieved from /home/agalli/sandbox/lib/python3.6/site-packages/airflow/example_dags/example_branch_labels.py
[2022-02-12 14:22:23,105] {logging_mixin.py:104} INFO - [2022-02-12 14:22:23,105] {dag.py:1832} INFO - Sync 1 DAGs
[2022-02-12 14:22:23,128] {logging_mixin.py:104} INFO - [2022-02-12 14:22:23,128] {dag.py:2305} INFO - Setting next_dagrun for example_branch_labels to 2022-02-10 00:00:00+00:00
[2022-02-12 14:22:23,142] {scheduler_job.py:190} INFO - Processing /home/agalli/sandbox/lib/python3.6/site-packages/airflow/example_dags/example_branch_labels.py took 0.089 seconds
[2022-02-12 14:22:54,023] {scheduler_job.py:182} INFO - Started process (PID=8126) to work on /home/agalli/sandbox/lib/python3.6/site-packages/airflow/example_dags/example_branch_labels.py
[2022-02-12 14:22:54,024] {scheduler_job.py:633} INFO - Processing file /home/agalli/sandbox/lib/python3.6/site-packages/airflow/example_dags/example_branch_labels.py for tasks to queue
[2022-02-12 14:22:54,025] {logging_mixin.py:104} INFO - [2022-02-12 14:22:54,025] {dagbag.py:487} INFO - Filling up the DagBag from /home/agalli/sandbox/lib/python3.6/site-packages/airflow/example_dags/example_branch_labels.py
[2022-02-12 14:22:54,040] {scheduler_job.py:643} INFO - DAG(s) dict_keys(['example_branch_labels']) retrieved from /home/agalli/sandbox/lib/python3.6/site-packages/airflow/example_dags/example_branch_labels.py
[2022-02-12 14:22:54,073] {logging_mixin.py:104} INFO - [2022-02-12 14:22:54,073] {dag.py:1832} INFO - Sync 1 DAGs
[2022-02-12 14:22:54,096] {logging_mixin.py:104} INFO - [2022-02-12 14:22:54,096] {dag.py:2305} INFO - Setting next_dagrun for example_branch_labels to 2022-02-10 00:00:00+00:00
[2022-02-12 14:22:54,112] {scheduler_job.py:190} INFO - Processing /home/agalli/sandbox/lib/python3.6/site-packages/airflow/example_dags/example_branch_labels.py took 0.095 seconds
[2022-02-12 14:23:25,759] {scheduler_job.py:182} INFO - Started process (PID=8333) to work on /home/agalli/sandbox/lib/python3.6/site-packages/airflow/example_dags/example_branch_labels.py
[2022-02-12 14:23:25,762] {scheduler_job.py:633} INFO - Processing file /home/agalli/sandbox/lib/python3.6/site-packages/airflow/example_dags/example_branch_labels.py for tasks to queue
[2022-02-12 14:23:25,764] {logging_mixin.py:104} INFO - [2022-02-12 14:23:25,763] {dagbag.py:487} INFO - Filling up the DagBag from /home/agalli/sandbox/lib/python3.6/site-packages/airflow/example_dags/example_branch_labels.py
[2022-02-12 14:23:25,787] {scheduler_job.py:643} INFO - DAG(s) dict_keys(['example_branch_labels']) retrieved from /home/agalli/sandbox/lib/python3.6/site-packages/airflow/example_dags/example_branch_labels.py
[2022-02-12 14:23:25,836] {logging_mixin.py:104} INFO - [2022-02-12 14:23:25,836] {dag.py:1832} INFO - Sync 1 DAGs
[2022-02-12 14:23:25,864] {logging_mixin.py:104} INFO - [2022-02-12 14:23:25,864] {dag.py:2305} INFO - Setting next_dagrun for example_branch_labels to 2022-02-10 00:00:00+00:00
[2022-02-12 14:23:25,881] {scheduler_job.py:190} INFO - Processing /home/agalli/sandbox/lib/python3.6/site-packages/airflow/example_dags/example_branch_labels.py took 0.129 seconds
[2022-02-12 14:23:56,059] {scheduler_job.py:182} INFO - Started process (PID=8535) to work on /home/agalli/sandbox/lib/python3.6/site-packages/airflow/example_dags/example_branch_labels.py
[2022-02-12 14:23:56,060] {scheduler_job.py:633} INFO - Processing file /home/agalli/sandbox/lib/python3.6/site-packages/airflow/example_dags/example_branch_labels.py for tasks to queue
[2022-02-12 14:23:56,061] {logging_mixin.py:104} INFO - [2022-02-12 14:23:56,061] {dagbag.py:487} INFO - Filling up the DagBag from /home/agalli/sandbox/lib/python3.6/site-packages/airflow/example_dags/example_branch_labels.py
[2022-02-12 14:23:56,071] {scheduler_job.py:643} INFO - DAG(s) dict_keys(['example_branch_labels']) retrieved from /home/agalli/sandbox/lib/python3.6/site-packages/airflow/example_dags/example_branch_labels.py
[2022-02-12 14:23:56,099] {logging_mixin.py:104} INFO - [2022-02-12 14:23:56,099] {dag.py:1832} INFO - Sync 1 DAGs
[2022-02-12 14:23:56,116] {logging_mixin.py:104} INFO - [2022-02-12 14:23:56,116] {dag.py:2305} INFO - Setting next_dagrun for example_branch_labels to 2022-02-10 00:00:00+00:00
[2022-02-12 14:23:56,125] {scheduler_job.py:190} INFO - Processing /home/agalli/sandbox/lib/python3.6/site-packages/airflow/example_dags/example_branch_labels.py took 0.070 seconds
[2022-02-12 14:24:28,801] {scheduler_job.py:182} INFO - Started process (PID=8735) to work on /home/agalli/sandbox/lib/python3.6/site-packages/airflow/example_dags/example_branch_labels.py
[2022-02-12 14:24:28,804] {scheduler_job.py:633} INFO - Processing file /home/agalli/sandbox/lib/python3.6/site-packages/airflow/example_dags/example_branch_labels.py for tasks to queue
[2022-02-12 14:24:28,806] {logging_mixin.py:104} INFO - [2022-02-12 14:24:28,806] {dagbag.py:487} INFO - Filling up the DagBag from /home/agalli/sandbox/lib/python3.6/site-packages/airflow/example_dags/example_branch_labels.py
[2022-02-12 14:24:28,835] {scheduler_job.py:643} INFO - DAG(s) dict_keys(['example_branch_labels']) retrieved from /home/agalli/sandbox/lib/python3.6/site-packages/airflow/example_dags/example_branch_labels.py
[2022-02-12 14:24:28,873] {logging_mixin.py:104} INFO - [2022-02-12 14:24:28,873] {dag.py:1832} INFO - Sync 1 DAGs
[2022-02-12 14:24:28,904] {logging_mixin.py:104} INFO - [2022-02-12 14:24:28,904] {dag.py:2305} INFO - Setting next_dagrun for example_branch_labels to 2022-02-10 00:00:00+00:00
[2022-02-12 14:24:28,922] {scheduler_job.py:190} INFO - Processing /home/agalli/sandbox/lib/python3.6/site-packages/airflow/example_dags/example_branch_labels.py took 0.133 seconds
[2022-02-12 14:25:00,287] {scheduler_job.py:182} INFO - Started process (PID=8931) to work on /home/agalli/sandbox/lib/python3.6/site-packages/airflow/example_dags/example_branch_labels.py
[2022-02-12 14:25:00,289] {scheduler_job.py:633} INFO - Processing file /home/agalli/sandbox/lib/python3.6/site-packages/airflow/example_dags/example_branch_labels.py for tasks to queue
[2022-02-12 14:25:00,291] {logging_mixin.py:104} INFO - [2022-02-12 14:25:00,291] {dagbag.py:487} INFO - Filling up the DagBag from /home/agalli/sandbox/lib/python3.6/site-packages/airflow/example_dags/example_branch_labels.py
[2022-02-12 14:25:00,312] {scheduler_job.py:643} INFO - DAG(s) dict_keys(['example_branch_labels']) retrieved from /home/agalli/sandbox/lib/python3.6/site-packages/airflow/example_dags/example_branch_labels.py
[2022-02-12 14:25:00,352] {logging_mixin.py:104} INFO - [2022-02-12 14:25:00,352] {dag.py:1832} INFO - Sync 1 DAGs
[2022-02-12 14:25:00,394] {logging_mixin.py:104} INFO - [2022-02-12 14:25:00,393] {dag.py:2305} INFO - Setting next_dagrun for example_branch_labels to 2022-02-10 00:00:00+00:00
[2022-02-12 14:25:00,532] {scheduler_job.py:190} INFO - Processing /home/agalli/sandbox/lib/python3.6/site-packages/airflow/example_dags/example_branch_labels.py took 0.249 seconds
[2022-02-12 14:25:30,716] {scheduler_job.py:182} INFO - Started process (PID=9252) to work on /home/agalli/sandbox/lib/python3.6/site-packages/airflow/example_dags/example_branch_labels.py
[2022-02-12 14:25:30,718] {scheduler_job.py:633} INFO - Processing file /home/agalli/sandbox/lib/python3.6/site-packages/airflow/example_dags/example_branch_labels.py for tasks to queue
[2022-02-12 14:25:30,721] {logging_mixin.py:104} INFO - [2022-02-12 14:25:30,721] {dagbag.py:487} INFO - Filling up the DagBag from /home/agalli/sandbox/lib/python3.6/site-packages/airflow/example_dags/example_branch_labels.py
[2022-02-12 14:25:30,747] {scheduler_job.py:643} INFO - DAG(s) dict_keys(['example_branch_labels']) retrieved from /home/agalli/sandbox/lib/python3.6/site-packages/airflow/example_dags/example_branch_labels.py
[2022-02-12 14:25:30,789] {logging_mixin.py:104} INFO - [2022-02-12 14:25:30,789] {dag.py:1832} INFO - Sync 1 DAGs
[2022-02-12 14:25:30,814] {logging_mixin.py:104} INFO - [2022-02-12 14:25:30,814] {dag.py:2305} INFO - Setting next_dagrun for example_branch_labels to 2022-02-10 00:00:00+00:00
[2022-02-12 14:25:30,834] {scheduler_job.py:190} INFO - Processing /home/agalli/sandbox/lib/python3.6/site-packages/airflow/example_dags/example_branch_labels.py took 0.124 seconds
[2022-02-12 14:26:01,508] {scheduler_job.py:182} INFO - Started process (PID=9455) to work on /home/agalli/sandbox/lib/python3.6/site-packages/airflow/example_dags/example_branch_labels.py
[2022-02-12 14:26:01,518] {scheduler_job.py:633} INFO - Processing file /home/agalli/sandbox/lib/python3.6/site-packages/airflow/example_dags/example_branch_labels.py for tasks to queue
[2022-02-12 14:26:01,519] {logging_mixin.py:104} INFO - [2022-02-12 14:26:01,519] {dagbag.py:487} INFO - Filling up the DagBag from /home/agalli/sandbox/lib/python3.6/site-packages/airflow/example_dags/example_branch_labels.py
[2022-02-12 14:26:01,534] {scheduler_job.py:643} INFO - DAG(s) dict_keys(['example_branch_labels']) retrieved from /home/agalli/sandbox/lib/python3.6/site-packages/airflow/example_dags/example_branch_labels.py
[2022-02-12 14:26:01,585] {logging_mixin.py:104} INFO - [2022-02-12 14:26:01,585] {dag.py:1832} INFO - Sync 1 DAGs
[2022-02-12 14:26:01,609] {logging_mixin.py:104} INFO - [2022-02-12 14:26:01,609] {dag.py:2305} INFO - Setting next_dagrun for example_branch_labels to 2022-02-10 00:00:00+00:00
[2022-02-12 14:26:01,623] {scheduler_job.py:190} INFO - Processing /home/agalli/sandbox/lib/python3.6/site-packages/airflow/example_dags/example_branch_labels.py took 0.120 seconds
[2022-02-12 14:26:32,862] {scheduler_job.py:182} INFO - Started process (PID=9656) to work on /home/agalli/sandbox/lib/python3.6/site-packages/airflow/example_dags/example_branch_labels.py
[2022-02-12 14:26:32,865] {scheduler_job.py:633} INFO - Processing file /home/agalli/sandbox/lib/python3.6/site-packages/airflow/example_dags/example_branch_labels.py for tasks to queue
[2022-02-12 14:26:32,866] {logging_mixin.py:104} INFO - [2022-02-12 14:26:32,866] {dagbag.py:487} INFO - Filling up the DagBag from /home/agalli/sandbox/lib/python3.6/site-packages/airflow/example_dags/example_branch_labels.py
[2022-02-12 14:26:32,883] {scheduler_job.py:643} INFO - DAG(s) dict_keys(['example_branch_labels']) retrieved from /home/agalli/sandbox/lib/python3.6/site-packages/airflow/example_dags/example_branch_labels.py
[2022-02-12 14:26:32,934] {logging_mixin.py:104} INFO - [2022-02-12 14:26:32,934] {dag.py:1832} INFO - Sync 1 DAGs
[2022-02-12 14:26:32,991] {logging_mixin.py:104} INFO - [2022-02-12 14:26:32,991] {dag.py:2305} INFO - Setting next_dagrun for example_branch_labels to 2022-02-10 00:00:00+00:00
[2022-02-12 14:26:33,016] {scheduler_job.py:190} INFO - Processing /home/agalli/sandbox/lib/python3.6/site-packages/airflow/example_dags/example_branch_labels.py took 0.159 seconds
[2022-02-12 14:27:03,981] {scheduler_job.py:182} INFO - Started process (PID=9858) to work on /home/agalli/sandbox/lib/python3.6/site-packages/airflow/example_dags/example_branch_labels.py
[2022-02-12 14:27:03,982] {scheduler_job.py:633} INFO - Processing file /home/agalli/sandbox/lib/python3.6/site-packages/airflow/example_dags/example_branch_labels.py for tasks to queue
[2022-02-12 14:27:03,983] {logging_mixin.py:104} INFO - [2022-02-12 14:27:03,983] {dagbag.py:487} INFO - Filling up the DagBag from /home/agalli/sandbox/lib/python3.6/site-packages/airflow/example_dags/example_branch_labels.py
[2022-02-12 14:27:04,002] {scheduler_job.py:643} INFO - DAG(s) dict_keys(['example_branch_labels']) retrieved from /home/agalli/sandbox/lib/python3.6/site-packages/airflow/example_dags/example_branch_labels.py
[2022-02-12 14:27:04,037] {logging_mixin.py:104} INFO - [2022-02-12 14:27:04,036] {dag.py:1832} INFO - Sync 1 DAGs
[2022-02-12 14:27:04,058] {logging_mixin.py:104} INFO - [2022-02-12 14:27:04,058] {dag.py:2305} INFO - Setting next_dagrun for example_branch_labels to 2022-02-10 00:00:00+00:00
[2022-02-12 14:27:04,072] {scheduler_job.py:190} INFO - Processing /home/agalli/sandbox/lib/python3.6/site-packages/airflow/example_dags/example_branch_labels.py took 0.096 seconds
[2022-02-12 14:27:35,191] {scheduler_job.py:182} INFO - Started process (PID=10061) to work on /home/agalli/sandbox/lib/python3.6/site-packages/airflow/example_dags/example_branch_labels.py
[2022-02-12 14:27:35,193] {scheduler_job.py:633} INFO - Processing file /home/agalli/sandbox/lib/python3.6/site-packages/airflow/example_dags/example_branch_labels.py for tasks to queue
[2022-02-12 14:27:35,193] {logging_mixin.py:104} INFO - [2022-02-12 14:27:35,193] {dagbag.py:487} INFO - Filling up the DagBag from /home/agalli/sandbox/lib/python3.6/site-packages/airflow/example_dags/example_branch_labels.py
[2022-02-12 14:27:35,215] {scheduler_job.py:643} INFO - DAG(s) dict_keys(['example_branch_labels']) retrieved from /home/agalli/sandbox/lib/python3.6/site-packages/airflow/example_dags/example_branch_labels.py
[2022-02-12 14:27:35,255] {logging_mixin.py:104} INFO - [2022-02-12 14:27:35,255] {dag.py:1832} INFO - Sync 1 DAGs
[2022-02-12 14:27:35,314] {logging_mixin.py:104} INFO - [2022-02-12 14:27:35,314] {dag.py:2305} INFO - Setting next_dagrun for example_branch_labels to 2022-02-10 00:00:00+00:00
[2022-02-12 14:27:35,331] {scheduler_job.py:190} INFO - Processing /home/agalli/sandbox/lib/python3.6/site-packages/airflow/example_dags/example_branch_labels.py took 0.146 seconds
[2022-02-12 14:28:06,077] {scheduler_job.py:182} INFO - Started process (PID=10269) to work on /home/agalli/sandbox/lib/python3.6/site-packages/airflow/example_dags/example_branch_labels.py
[2022-02-12 14:28:06,081] {scheduler_job.py:633} INFO - Processing file /home/agalli/sandbox/lib/python3.6/site-packages/airflow/example_dags/example_branch_labels.py for tasks to queue
[2022-02-12 14:28:06,082] {logging_mixin.py:104} INFO - [2022-02-12 14:28:06,082] {dagbag.py:487} INFO - Filling up the DagBag from /home/agalli/sandbox/lib/python3.6/site-packages/airflow/example_dags/example_branch_labels.py
[2022-02-12 14:28:06,101] {scheduler_job.py:643} INFO - DAG(s) dict_keys(['example_branch_labels']) retrieved from /home/agalli/sandbox/lib/python3.6/site-packages/airflow/example_dags/example_branch_labels.py
[2022-02-12 14:28:06,182] {logging_mixin.py:104} INFO - [2022-02-12 14:28:06,182] {dag.py:1832} INFO - Sync 1 DAGs
[2022-02-12 14:28:06,236] {logging_mixin.py:104} INFO - [2022-02-12 14:28:06,236] {dag.py:2305} INFO - Setting next_dagrun for example_branch_labels to 2022-02-10 00:00:00+00:00
[2022-02-12 14:28:06,268] {scheduler_job.py:190} INFO - Processing /home/agalli/sandbox/lib/python3.6/site-packages/airflow/example_dags/example_branch_labels.py took 0.202 seconds
[2022-02-12 14:28:36,346] {scheduler_job.py:182} INFO - Started process (PID=10465) to work on /home/agalli/sandbox/lib/python3.6/site-packages/airflow/example_dags/example_branch_labels.py
[2022-02-12 14:28:36,347] {scheduler_job.py:633} INFO - Processing file /home/agalli/sandbox/lib/python3.6/site-packages/airflow/example_dags/example_branch_labels.py for tasks to queue
[2022-02-12 14:28:36,348] {logging_mixin.py:104} INFO - [2022-02-12 14:28:36,347] {dagbag.py:487} INFO - Filling up the DagBag from /home/agalli/sandbox/lib/python3.6/site-packages/airflow/example_dags/example_branch_labels.py
[2022-02-12 14:28:36,365] {scheduler_job.py:643} INFO - DAG(s) dict_keys(['example_branch_labels']) retrieved from /home/agalli/sandbox/lib/python3.6/site-packages/airflow/example_dags/example_branch_labels.py
[2022-02-12 14:28:36,395] {logging_mixin.py:104} INFO - [2022-02-12 14:28:36,395] {dag.py:1832} INFO - Sync 1 DAGs
[2022-02-12 14:28:36,415] {logging_mixin.py:104} INFO - [2022-02-12 14:28:36,415] {dag.py:2305} INFO - Setting next_dagrun for example_branch_labels to 2022-02-10 00:00:00+00:00
[2022-02-12 14:28:36,438] {scheduler_job.py:190} INFO - Processing /home/agalli/sandbox/lib/python3.6/site-packages/airflow/example_dags/example_branch_labels.py took 0.096 seconds
[2022-02-12 14:29:06,873] {scheduler_job.py:182} INFO - Started process (PID=10659) to work on /home/agalli/sandbox/lib/python3.6/site-packages/airflow/example_dags/example_branch_labels.py
[2022-02-12 14:29:06,881] {scheduler_job.py:633} INFO - Processing file /home/agalli/sandbox/lib/python3.6/site-packages/airflow/example_dags/example_branch_labels.py for tasks to queue
[2022-02-12 14:29:06,882] {logging_mixin.py:104} INFO - [2022-02-12 14:29:06,882] {dagbag.py:487} INFO - Filling up the DagBag from /home/agalli/sandbox/lib/python3.6/site-packages/airflow/example_dags/example_branch_labels.py
[2022-02-12 14:29:06,900] {scheduler_job.py:643} INFO - DAG(s) dict_keys(['example_branch_labels']) retrieved from /home/agalli/sandbox/lib/python3.6/site-packages/airflow/example_dags/example_branch_labels.py
[2022-02-12 14:29:06,955] {logging_mixin.py:104} INFO - [2022-02-12 14:29:06,955] {dag.py:1832} INFO - Sync 1 DAGs
[2022-02-12 14:29:06,992] {logging_mixin.py:104} INFO - [2022-02-12 14:29:06,992] {dag.py:2305} INFO - Setting next_dagrun for example_branch_labels to 2022-02-10 00:00:00+00:00
[2022-02-12 14:29:07,029] {scheduler_job.py:190} INFO - Processing /home/agalli/sandbox/lib/python3.6/site-packages/airflow/example_dags/example_branch_labels.py took 0.160 seconds
[2022-02-12 14:29:37,221] {scheduler_job.py:182} INFO - Started process (PID=10860) to work on /home/agalli/sandbox/lib/python3.6/site-packages/airflow/example_dags/example_branch_labels.py
[2022-02-12 14:29:37,223] {scheduler_job.py:633} INFO - Processing file /home/agalli/sandbox/lib/python3.6/site-packages/airflow/example_dags/example_branch_labels.py for tasks to queue
[2022-02-12 14:29:37,224] {logging_mixin.py:104} INFO - [2022-02-12 14:29:37,224] {dagbag.py:487} INFO - Filling up the DagBag from /home/agalli/sandbox/lib/python3.6/site-packages/airflow/example_dags/example_branch_labels.py
[2022-02-12 14:29:37,239] {scheduler_job.py:643} INFO - DAG(s) dict_keys(['example_branch_labels']) retrieved from /home/agalli/sandbox/lib/python3.6/site-packages/airflow/example_dags/example_branch_labels.py
[2022-02-12 14:29:37,267] {logging_mixin.py:104} INFO - [2022-02-12 14:29:37,267] {dag.py:1832} INFO - Sync 1 DAGs
[2022-02-12 14:29:37,288] {logging_mixin.py:104} INFO - [2022-02-12 14:29:37,288] {dag.py:2305} INFO - Setting next_dagrun for example_branch_labels to 2022-02-10 00:00:00+00:00
[2022-02-12 14:29:37,298] {scheduler_job.py:190} INFO - Processing /home/agalli/sandbox/lib/python3.6/site-packages/airflow/example_dags/example_branch_labels.py took 0.080 seconds
[2022-02-12 14:30:08,258] {scheduler_job.py:182} INFO - Started process (PID=11063) to work on /home/agalli/sandbox/lib/python3.6/site-packages/airflow/example_dags/example_branch_labels.py
[2022-02-12 14:30:08,261] {scheduler_job.py:633} INFO - Processing file /home/agalli/sandbox/lib/python3.6/site-packages/airflow/example_dags/example_branch_labels.py for tasks to queue
[2022-02-12 14:30:08,263] {logging_mixin.py:104} INFO - [2022-02-12 14:30:08,262] {dagbag.py:487} INFO - Filling up the DagBag from /home/agalli/sandbox/lib/python3.6/site-packages/airflow/example_dags/example_branch_labels.py
[2022-02-12 14:30:08,293] {scheduler_job.py:643} INFO - DAG(s) dict_keys(['example_branch_labels']) retrieved from /home/agalli/sandbox/lib/python3.6/site-packages/airflow/example_dags/example_branch_labels.py
[2022-02-12 14:30:08,356] {logging_mixin.py:104} INFO - [2022-02-12 14:30:08,349] {dag.py:1832} INFO - Sync 1 DAGs
[2022-02-12 14:30:08,437] {logging_mixin.py:104} INFO - [2022-02-12 14:30:08,436] {dag.py:2305} INFO - Setting next_dagrun for example_branch_labels to 2022-02-10 00:00:00+00:00
[2022-02-12 14:30:08,456] {scheduler_job.py:190} INFO - Processing /home/agalli/sandbox/lib/python3.6/site-packages/airflow/example_dags/example_branch_labels.py took 0.208 seconds
[2022-02-12 14:52:18,057] {scheduler_job.py:182} INFO - Started process (PID=14474) to work on /home/agalli/sandbox/lib/python3.6/site-packages/airflow/example_dags/example_branch_labels.py
[2022-02-12 14:52:18,060] {scheduler_job.py:633} INFO - Processing file /home/agalli/sandbox/lib/python3.6/site-packages/airflow/example_dags/example_branch_labels.py for tasks to queue
[2022-02-12 14:52:18,064] {logging_mixin.py:104} INFO - [2022-02-12 14:52:18,064] {dagbag.py:487} INFO - Filling up the DagBag from /home/agalli/sandbox/lib/python3.6/site-packages/airflow/example_dags/example_branch_labels.py
[2022-02-12 14:52:18,198] {scheduler_job.py:643} INFO - DAG(s) dict_keys(['example_branch_labels']) retrieved from /home/agalli/sandbox/lib/python3.6/site-packages/airflow/example_dags/example_branch_labels.py
[2022-02-12 14:52:18,396] {logging_mixin.py:104} INFO - [2022-02-12 14:52:18,395] {dag.py:1832} INFO - Sync 1 DAGs
[2022-02-12 14:52:18,515] {logging_mixin.py:104} INFO - [2022-02-12 14:52:18,511] {dag.py:2305} INFO - Setting next_dagrun for example_branch_labels to 2022-02-10 00:00:00+00:00
[2022-02-12 14:52:18,608] {scheduler_job.py:190} INFO - Processing /home/agalli/sandbox/lib/python3.6/site-packages/airflow/example_dags/example_branch_labels.py took 0.601 seconds
[2022-02-12 14:52:48,793] {scheduler_job.py:182} INFO - Started process (PID=14663) to work on /home/agalli/sandbox/lib/python3.6/site-packages/airflow/example_dags/example_branch_labels.py
[2022-02-12 14:52:48,797] {scheduler_job.py:633} INFO - Processing file /home/agalli/sandbox/lib/python3.6/site-packages/airflow/example_dags/example_branch_labels.py for tasks to queue
[2022-02-12 14:52:48,800] {logging_mixin.py:104} INFO - [2022-02-12 14:52:48,799] {dagbag.py:487} INFO - Filling up the DagBag from /home/agalli/sandbox/lib/python3.6/site-packages/airflow/example_dags/example_branch_labels.py
[2022-02-12 14:52:48,836] {scheduler_job.py:643} INFO - DAG(s) dict_keys(['example_branch_labels']) retrieved from /home/agalli/sandbox/lib/python3.6/site-packages/airflow/example_dags/example_branch_labels.py
[2022-02-12 14:52:48,895] {logging_mixin.py:104} INFO - [2022-02-12 14:52:48,895] {dag.py:1832} INFO - Sync 1 DAGs
[2022-02-12 14:52:48,985] {logging_mixin.py:104} INFO - [2022-02-12 14:52:48,984] {dag.py:2305} INFO - Setting next_dagrun for example_branch_labels to 2022-02-10 00:00:00+00:00
[2022-02-12 14:52:49,003] {scheduler_job.py:190} INFO - Processing /home/agalli/sandbox/lib/python3.6/site-packages/airflow/example_dags/example_branch_labels.py took 0.240 seconds
[2022-02-12 14:53:19,666] {scheduler_job.py:182} INFO - Started process (PID=14853) to work on /home/agalli/sandbox/lib/python3.6/site-packages/airflow/example_dags/example_branch_labels.py
[2022-02-12 14:53:19,668] {scheduler_job.py:633} INFO - Processing file /home/agalli/sandbox/lib/python3.6/site-packages/airflow/example_dags/example_branch_labels.py for tasks to queue
[2022-02-12 14:53:19,669] {logging_mixin.py:104} INFO - [2022-02-12 14:53:19,669] {dagbag.py:487} INFO - Filling up the DagBag from /home/agalli/sandbox/lib/python3.6/site-packages/airflow/example_dags/example_branch_labels.py
[2022-02-12 14:53:19,700] {scheduler_job.py:643} INFO - DAG(s) dict_keys(['example_branch_labels']) retrieved from /home/agalli/sandbox/lib/python3.6/site-packages/airflow/example_dags/example_branch_labels.py
[2022-02-12 14:53:19,753] {logging_mixin.py:104} INFO - [2022-02-12 14:53:19,752] {dag.py:1832} INFO - Sync 1 DAGs
[2022-02-12 14:53:19,788] {logging_mixin.py:104} INFO - [2022-02-12 14:53:19,788] {dag.py:2305} INFO - Setting next_dagrun for example_branch_labels to 2022-02-10 00:00:00+00:00
[2022-02-12 14:53:19,805] {scheduler_job.py:190} INFO - Processing /home/agalli/sandbox/lib/python3.6/site-packages/airflow/example_dags/example_branch_labels.py took 0.144 seconds
[2022-02-12 14:53:50,213] {scheduler_job.py:182} INFO - Started process (PID=15691) to work on /home/agalli/sandbox/lib/python3.6/site-packages/airflow/example_dags/example_branch_labels.py
[2022-02-12 14:53:50,215] {scheduler_job.py:633} INFO - Processing file /home/agalli/sandbox/lib/python3.6/site-packages/airflow/example_dags/example_branch_labels.py for tasks to queue
[2022-02-12 14:53:50,217] {logging_mixin.py:104} INFO - [2022-02-12 14:53:50,216] {dagbag.py:487} INFO - Filling up the DagBag from /home/agalli/sandbox/lib/python3.6/site-packages/airflow/example_dags/example_branch_labels.py
[2022-02-12 14:53:50,252] {scheduler_job.py:643} INFO - DAG(s) dict_keys(['example_branch_labels']) retrieved from /home/agalli/sandbox/lib/python3.6/site-packages/airflow/example_dags/example_branch_labels.py
[2022-02-12 14:53:50,330] {logging_mixin.py:104} INFO - [2022-02-12 14:53:50,329] {dag.py:1832} INFO - Sync 1 DAGs
[2022-02-12 14:53:50,385] {logging_mixin.py:104} INFO - [2022-02-12 14:53:50,384] {dag.py:2305} INFO - Setting next_dagrun for example_branch_labels to 2022-02-10 00:00:00+00:00
[2022-02-12 14:53:50,405] {scheduler_job.py:190} INFO - Processing /home/agalli/sandbox/lib/python3.6/site-packages/airflow/example_dags/example_branch_labels.py took 0.205 seconds
[2022-02-12 14:54:20,850] {scheduler_job.py:182} INFO - Started process (PID=15821) to work on /home/agalli/sandbox/lib/python3.6/site-packages/airflow/example_dags/example_branch_labels.py
[2022-02-12 14:54:20,852] {scheduler_job.py:633} INFO - Processing file /home/agalli/sandbox/lib/python3.6/site-packages/airflow/example_dags/example_branch_labels.py for tasks to queue
[2022-02-12 14:54:20,857] {logging_mixin.py:104} INFO - [2022-02-12 14:54:20,857] {dagbag.py:487} INFO - Filling up the DagBag from /home/agalli/sandbox/lib/python3.6/site-packages/airflow/example_dags/example_branch_labels.py
[2022-02-12 14:54:20,918] {scheduler_job.py:643} INFO - DAG(s) dict_keys(['example_branch_labels']) retrieved from /home/agalli/sandbox/lib/python3.6/site-packages/airflow/example_dags/example_branch_labels.py
[2022-02-12 14:54:21,078] {logging_mixin.py:104} INFO - [2022-02-12 14:54:21,078] {dag.py:1832} INFO - Sync 1 DAGs
[2022-02-12 14:54:21,150] {logging_mixin.py:104} INFO - [2022-02-12 14:54:21,150] {dag.py:2305} INFO - Setting next_dagrun for example_branch_labels to 2022-02-10 00:00:00+00:00
[2022-02-12 14:54:21,178] {scheduler_job.py:190} INFO - Processing /home/agalli/sandbox/lib/python3.6/site-packages/airflow/example_dags/example_branch_labels.py took 0.339 seconds
[2022-02-12 14:54:51,264] {scheduler_job.py:182} INFO - Started process (PID=15956) to work on /home/agalli/sandbox/lib/python3.6/site-packages/airflow/example_dags/example_branch_labels.py
[2022-02-12 14:54:51,267] {scheduler_job.py:633} INFO - Processing file /home/agalli/sandbox/lib/python3.6/site-packages/airflow/example_dags/example_branch_labels.py for tasks to queue
[2022-02-12 14:54:51,271] {logging_mixin.py:104} INFO - [2022-02-12 14:54:51,271] {dagbag.py:487} INFO - Filling up the DagBag from /home/agalli/sandbox/lib/python3.6/site-packages/airflow/example_dags/example_branch_labels.py
[2022-02-12 14:54:51,297] {scheduler_job.py:643} INFO - DAG(s) dict_keys(['example_branch_labels']) retrieved from /home/agalli/sandbox/lib/python3.6/site-packages/airflow/example_dags/example_branch_labels.py
[2022-02-12 14:54:51,330] {logging_mixin.py:104} INFO - [2022-02-12 14:54:51,330] {dag.py:1832} INFO - Sync 1 DAGs
[2022-02-12 14:54:51,353] {logging_mixin.py:104} INFO - [2022-02-12 14:54:51,353] {dag.py:2305} INFO - Setting next_dagrun for example_branch_labels to 2022-02-10 00:00:00+00:00
[2022-02-12 14:54:51,366] {scheduler_job.py:190} INFO - Processing /home/agalli/sandbox/lib/python3.6/site-packages/airflow/example_dags/example_branch_labels.py took 0.108 seconds
[2022-02-12 14:55:22,208] {scheduler_job.py:182} INFO - Started process (PID=16057) to work on /home/agalli/sandbox/lib/python3.6/site-packages/airflow/example_dags/example_branch_labels.py
[2022-02-12 14:55:22,210] {scheduler_job.py:633} INFO - Processing file /home/agalli/sandbox/lib/python3.6/site-packages/airflow/example_dags/example_branch_labels.py for tasks to queue
[2022-02-12 14:55:22,210] {logging_mixin.py:104} INFO - [2022-02-12 14:55:22,210] {dagbag.py:487} INFO - Filling up the DagBag from /home/agalli/sandbox/lib/python3.6/site-packages/airflow/example_dags/example_branch_labels.py
[2022-02-12 14:55:22,224] {scheduler_job.py:643} INFO - DAG(s) dict_keys(['example_branch_labels']) retrieved from /home/agalli/sandbox/lib/python3.6/site-packages/airflow/example_dags/example_branch_labels.py
[2022-02-12 14:55:22,255] {logging_mixin.py:104} INFO - [2022-02-12 14:55:22,255] {dag.py:1832} INFO - Sync 1 DAGs
[2022-02-12 14:55:22,276] {logging_mixin.py:104} INFO - [2022-02-12 14:55:22,276] {dag.py:2305} INFO - Setting next_dagrun for example_branch_labels to 2022-02-10 00:00:00+00:00
[2022-02-12 14:55:22,286] {scheduler_job.py:190} INFO - Processing /home/agalli/sandbox/lib/python3.6/site-packages/airflow/example_dags/example_branch_labels.py took 0.082 seconds
[2022-02-12 14:56:41,270] {scheduler_job.py:182} INFO - Started process (PID=16412) to work on /home/agalli/sandbox/lib/python3.6/site-packages/airflow/example_dags/example_branch_labels.py
[2022-02-12 14:56:41,277] {scheduler_job.py:633} INFO - Processing file /home/agalli/sandbox/lib/python3.6/site-packages/airflow/example_dags/example_branch_labels.py for tasks to queue
[2022-02-12 14:56:41,279] {logging_mixin.py:104} INFO - [2022-02-12 14:56:41,278] {dagbag.py:487} INFO - Filling up the DagBag from /home/agalli/sandbox/lib/python3.6/site-packages/airflow/example_dags/example_branch_labels.py
[2022-02-12 14:56:41,338] {scheduler_job.py:643} INFO - DAG(s) dict_keys(['example_branch_labels']) retrieved from /home/agalli/sandbox/lib/python3.6/site-packages/airflow/example_dags/example_branch_labels.py
[2022-02-12 14:56:41,452] {logging_mixin.py:104} INFO - [2022-02-12 14:56:41,452] {dag.py:1832} INFO - Sync 1 DAGs
[2022-02-12 14:56:41,544] {logging_mixin.py:104} INFO - [2022-02-12 14:56:41,543] {dag.py:2305} INFO - Setting next_dagrun for example_branch_labels to 2022-02-10 00:00:00+00:00
[2022-02-12 14:56:41,566] {scheduler_job.py:190} INFO - Processing /home/agalli/sandbox/lib/python3.6/site-packages/airflow/example_dags/example_branch_labels.py took 0.316 seconds
[2022-02-12 14:57:11,811] {scheduler_job.py:182} INFO - Started process (PID=16512) to work on /home/agalli/sandbox/lib/python3.6/site-packages/airflow/example_dags/example_branch_labels.py
[2022-02-12 14:57:11,816] {scheduler_job.py:633} INFO - Processing file /home/agalli/sandbox/lib/python3.6/site-packages/airflow/example_dags/example_branch_labels.py for tasks to queue
[2022-02-12 14:57:11,817] {logging_mixin.py:104} INFO - [2022-02-12 14:57:11,817] {dagbag.py:487} INFO - Filling up the DagBag from /home/agalli/sandbox/lib/python3.6/site-packages/airflow/example_dags/example_branch_labels.py
[2022-02-12 14:57:11,838] {scheduler_job.py:643} INFO - DAG(s) dict_keys(['example_branch_labels']) retrieved from /home/agalli/sandbox/lib/python3.6/site-packages/airflow/example_dags/example_branch_labels.py
[2022-02-12 14:57:11,882] {logging_mixin.py:104} INFO - [2022-02-12 14:57:11,882] {dag.py:1832} INFO - Sync 1 DAGs
[2022-02-12 14:57:11,916] {logging_mixin.py:104} INFO - [2022-02-12 14:57:11,915] {dag.py:2305} INFO - Setting next_dagrun for example_branch_labels to 2022-02-10 00:00:00+00:00
[2022-02-12 14:57:11,933] {scheduler_job.py:190} INFO - Processing /home/agalli/sandbox/lib/python3.6/site-packages/airflow/example_dags/example_branch_labels.py took 0.130 seconds
[2022-02-12 14:57:42,315] {scheduler_job.py:182} INFO - Started process (PID=16701) to work on /home/agalli/sandbox/lib/python3.6/site-packages/airflow/example_dags/example_branch_labels.py
[2022-02-12 14:57:42,316] {scheduler_job.py:633} INFO - Processing file /home/agalli/sandbox/lib/python3.6/site-packages/airflow/example_dags/example_branch_labels.py for tasks to queue
[2022-02-12 14:57:42,317] {logging_mixin.py:104} INFO - [2022-02-12 14:57:42,317] {dagbag.py:487} INFO - Filling up the DagBag from /home/agalli/sandbox/lib/python3.6/site-packages/airflow/example_dags/example_branch_labels.py
[2022-02-12 14:57:42,337] {scheduler_job.py:643} INFO - DAG(s) dict_keys(['example_branch_labels']) retrieved from /home/agalli/sandbox/lib/python3.6/site-packages/airflow/example_dags/example_branch_labels.py
[2022-02-12 14:57:42,367] {logging_mixin.py:104} INFO - [2022-02-12 14:57:42,367] {dag.py:1832} INFO - Sync 1 DAGs
[2022-02-12 14:57:42,389] {logging_mixin.py:104} INFO - [2022-02-12 14:57:42,389] {dag.py:2305} INFO - Setting next_dagrun for example_branch_labels to 2022-02-10 00:00:00+00:00
[2022-02-12 14:57:42,403] {scheduler_job.py:190} INFO - Processing /home/agalli/sandbox/lib/python3.6/site-packages/airflow/example_dags/example_branch_labels.py took 0.092 seconds
[2022-02-12 14:58:12,810] {scheduler_job.py:182} INFO - Started process (PID=16772) to work on /home/agalli/sandbox/lib/python3.6/site-packages/airflow/example_dags/example_branch_labels.py
[2022-02-12 14:58:12,811] {scheduler_job.py:633} INFO - Processing file /home/agalli/sandbox/lib/python3.6/site-packages/airflow/example_dags/example_branch_labels.py for tasks to queue
[2022-02-12 14:58:12,813] {logging_mixin.py:104} INFO - [2022-02-12 14:58:12,812] {dagbag.py:487} INFO - Filling up the DagBag from /home/agalli/sandbox/lib/python3.6/site-packages/airflow/example_dags/example_branch_labels.py
[2022-02-12 14:58:12,830] {scheduler_job.py:643} INFO - DAG(s) dict_keys(['example_branch_labels']) retrieved from /home/agalli/sandbox/lib/python3.6/site-packages/airflow/example_dags/example_branch_labels.py
[2022-02-12 14:58:12,858] {logging_mixin.py:104} INFO - [2022-02-12 14:58:12,858] {dag.py:1832} INFO - Sync 1 DAGs
[2022-02-12 14:58:12,877] {logging_mixin.py:104} INFO - [2022-02-12 14:58:12,877] {dag.py:2305} INFO - Setting next_dagrun for example_branch_labels to 2022-02-10 00:00:00+00:00
[2022-02-12 14:58:12,886] {scheduler_job.py:190} INFO - Processing /home/agalli/sandbox/lib/python3.6/site-packages/airflow/example_dags/example_branch_labels.py took 0.082 seconds
[2022-02-12 14:58:43,092] {scheduler_job.py:182} INFO - Started process (PID=16840) to work on /home/agalli/sandbox/lib/python3.6/site-packages/airflow/example_dags/example_branch_labels.py
[2022-02-12 14:58:43,094] {scheduler_job.py:633} INFO - Processing file /home/agalli/sandbox/lib/python3.6/site-packages/airflow/example_dags/example_branch_labels.py for tasks to queue
[2022-02-12 14:58:43,095] {logging_mixin.py:104} INFO - [2022-02-12 14:58:43,095] {dagbag.py:487} INFO - Filling up the DagBag from /home/agalli/sandbox/lib/python3.6/site-packages/airflow/example_dags/example_branch_labels.py
[2022-02-12 14:58:43,113] {scheduler_job.py:643} INFO - DAG(s) dict_keys(['example_branch_labels']) retrieved from /home/agalli/sandbox/lib/python3.6/site-packages/airflow/example_dags/example_branch_labels.py
[2022-02-12 14:58:43,150] {logging_mixin.py:104} INFO - [2022-02-12 14:58:43,149] {dag.py:1832} INFO - Sync 1 DAGs
[2022-02-12 14:58:43,180] {logging_mixin.py:104} INFO - [2022-02-12 14:58:43,180] {dag.py:2305} INFO - Setting next_dagrun for example_branch_labels to 2022-02-10 00:00:00+00:00
[2022-02-12 14:58:43,194] {scheduler_job.py:190} INFO - Processing /home/agalli/sandbox/lib/python3.6/site-packages/airflow/example_dags/example_branch_labels.py took 0.108 seconds
[2022-02-12 14:59:14,516] {scheduler_job.py:182} INFO - Started process (PID=16911) to work on /home/agalli/sandbox/lib/python3.6/site-packages/airflow/example_dags/example_branch_labels.py
[2022-02-12 14:59:14,518] {scheduler_job.py:633} INFO - Processing file /home/agalli/sandbox/lib/python3.6/site-packages/airflow/example_dags/example_branch_labels.py for tasks to queue
[2022-02-12 14:59:14,519] {logging_mixin.py:104} INFO - [2022-02-12 14:59:14,519] {dagbag.py:487} INFO - Filling up the DagBag from /home/agalli/sandbox/lib/python3.6/site-packages/airflow/example_dags/example_branch_labels.py
[2022-02-12 14:59:14,552] {scheduler_job.py:643} INFO - DAG(s) dict_keys(['example_branch_labels']) retrieved from /home/agalli/sandbox/lib/python3.6/site-packages/airflow/example_dags/example_branch_labels.py
[2022-02-12 14:59:14,615] {logging_mixin.py:104} INFO - [2022-02-12 14:59:14,614] {dag.py:1832} INFO - Sync 1 DAGs
[2022-02-12 14:59:14,656] {logging_mixin.py:104} INFO - [2022-02-12 14:59:14,655] {dag.py:2305} INFO - Setting next_dagrun for example_branch_labels to 2022-02-10 00:00:00+00:00
[2022-02-12 14:59:14,675] {scheduler_job.py:190} INFO - Processing /home/agalli/sandbox/lib/python3.6/site-packages/airflow/example_dags/example_branch_labels.py took 0.172 seconds
[2022-02-12 14:59:44,788] {scheduler_job.py:182} INFO - Started process (PID=16981) to work on /home/agalli/sandbox/lib/python3.6/site-packages/airflow/example_dags/example_branch_labels.py
[2022-02-12 14:59:44,791] {scheduler_job.py:633} INFO - Processing file /home/agalli/sandbox/lib/python3.6/site-packages/airflow/example_dags/example_branch_labels.py for tasks to queue
[2022-02-12 14:59:44,792] {logging_mixin.py:104} INFO - [2022-02-12 14:59:44,792] {dagbag.py:487} INFO - Filling up the DagBag from /home/agalli/sandbox/lib/python3.6/site-packages/airflow/example_dags/example_branch_labels.py
[2022-02-12 14:59:44,825] {scheduler_job.py:643} INFO - DAG(s) dict_keys(['example_branch_labels']) retrieved from /home/agalli/sandbox/lib/python3.6/site-packages/airflow/example_dags/example_branch_labels.py
[2022-02-12 14:59:44,930] {logging_mixin.py:104} INFO - [2022-02-12 14:59:44,928] {dag.py:1832} INFO - Sync 1 DAGs
[2022-02-12 14:59:44,998] {logging_mixin.py:104} INFO - [2022-02-12 14:59:44,996] {dag.py:2305} INFO - Setting next_dagrun for example_branch_labels to 2022-02-10 00:00:00+00:00
[2022-02-12 14:59:45,033] {scheduler_job.py:190} INFO - Processing /home/agalli/sandbox/lib/python3.6/site-packages/airflow/example_dags/example_branch_labels.py took 0.251 seconds
[2022-02-12 15:00:16,192] {scheduler_job.py:182} INFO - Started process (PID=17051) to work on /home/agalli/sandbox/lib/python3.6/site-packages/airflow/example_dags/example_branch_labels.py
[2022-02-12 15:00:16,193] {scheduler_job.py:633} INFO - Processing file /home/agalli/sandbox/lib/python3.6/site-packages/airflow/example_dags/example_branch_labels.py for tasks to queue
[2022-02-12 15:00:16,194] {logging_mixin.py:104} INFO - [2022-02-12 15:00:16,194] {dagbag.py:487} INFO - Filling up the DagBag from /home/agalli/sandbox/lib/python3.6/site-packages/airflow/example_dags/example_branch_labels.py
[2022-02-12 15:00:16,212] {scheduler_job.py:643} INFO - DAG(s) dict_keys(['example_branch_labels']) retrieved from /home/agalli/sandbox/lib/python3.6/site-packages/airflow/example_dags/example_branch_labels.py
[2022-02-12 15:00:16,317] {logging_mixin.py:104} INFO - [2022-02-12 15:00:16,317] {dag.py:1832} INFO - Sync 1 DAGs
[2022-02-12 15:00:16,346] {logging_mixin.py:104} INFO - [2022-02-12 15:00:16,346] {dag.py:2305} INFO - Setting next_dagrun for example_branch_labels to 2022-02-10 00:00:00+00:00
[2022-02-12 15:00:16,362] {scheduler_job.py:190} INFO - Processing /home/agalli/sandbox/lib/python3.6/site-packages/airflow/example_dags/example_branch_labels.py took 0.175 seconds
[2022-02-12 15:00:45,935] {scheduler_job.py:182} INFO - Started process (PID=17717) to work on /home/agalli/sandbox/lib/python3.6/site-packages/airflow/example_dags/example_branch_labels.py
[2022-02-12 15:00:45,937] {scheduler_job.py:633} INFO - Processing file /home/agalli/sandbox/lib/python3.6/site-packages/airflow/example_dags/example_branch_labels.py for tasks to queue
[2022-02-12 15:00:45,939] {logging_mixin.py:104} INFO - [2022-02-12 15:00:45,939] {dagbag.py:487} INFO - Filling up the DagBag from /home/agalli/sandbox/lib/python3.6/site-packages/airflow/example_dags/example_branch_labels.py
[2022-02-12 15:00:46,041] {scheduler_job.py:643} INFO - DAG(s) dict_keys(['example_branch_labels']) retrieved from /home/agalli/sandbox/lib/python3.6/site-packages/airflow/example_dags/example_branch_labels.py
[2022-02-12 15:00:46,360] {logging_mixin.py:104} INFO - [2022-02-12 15:00:46,354] {dag.py:1832} INFO - Sync 1 DAGs
[2022-02-12 15:00:46,485] {logging_mixin.py:104} INFO - [2022-02-12 15:00:46,485] {dag.py:2305} INFO - Setting next_dagrun for example_branch_labels to 2022-02-10 00:00:00+00:00
[2022-02-12 15:00:46,600] {scheduler_job.py:190} INFO - Processing /home/agalli/sandbox/lib/python3.6/site-packages/airflow/example_dags/example_branch_labels.py took 0.686 seconds
[2022-02-12 15:01:16,677] {scheduler_job.py:182} INFO - Started process (PID=17978) to work on /home/agalli/sandbox/lib/python3.6/site-packages/airflow/example_dags/example_branch_labels.py
[2022-02-12 15:01:16,678] {scheduler_job.py:633} INFO - Processing file /home/agalli/sandbox/lib/python3.6/site-packages/airflow/example_dags/example_branch_labels.py for tasks to queue
[2022-02-12 15:01:16,679] {logging_mixin.py:104} INFO - [2022-02-12 15:01:16,679] {dagbag.py:487} INFO - Filling up the DagBag from /home/agalli/sandbox/lib/python3.6/site-packages/airflow/example_dags/example_branch_labels.py
[2022-02-12 15:01:16,691] {scheduler_job.py:643} INFO - DAG(s) dict_keys(['example_branch_labels']) retrieved from /home/agalli/sandbox/lib/python3.6/site-packages/airflow/example_dags/example_branch_labels.py
[2022-02-12 15:01:16,717] {logging_mixin.py:104} INFO - [2022-02-12 15:01:16,717] {dag.py:1832} INFO - Sync 1 DAGs
[2022-02-12 15:01:16,736] {logging_mixin.py:104} INFO - [2022-02-12 15:01:16,736] {dag.py:2305} INFO - Setting next_dagrun for example_branch_labels to 2022-02-10 00:00:00+00:00
[2022-02-12 15:01:16,750] {scheduler_job.py:190} INFO - Processing /home/agalli/sandbox/lib/python3.6/site-packages/airflow/example_dags/example_branch_labels.py took 0.077 seconds
[2022-02-12 15:01:47,239] {scheduler_job.py:182} INFO - Started process (PID=18178) to work on /home/agalli/sandbox/lib/python3.6/site-packages/airflow/example_dags/example_branch_labels.py
[2022-02-12 15:01:47,242] {scheduler_job.py:633} INFO - Processing file /home/agalli/sandbox/lib/python3.6/site-packages/airflow/example_dags/example_branch_labels.py for tasks to queue
[2022-02-12 15:01:47,243] {logging_mixin.py:104} INFO - [2022-02-12 15:01:47,243] {dagbag.py:487} INFO - Filling up the DagBag from /home/agalli/sandbox/lib/python3.6/site-packages/airflow/example_dags/example_branch_labels.py
[2022-02-12 15:01:47,257] {scheduler_job.py:643} INFO - DAG(s) dict_keys(['example_branch_labels']) retrieved from /home/agalli/sandbox/lib/python3.6/site-packages/airflow/example_dags/example_branch_labels.py
[2022-02-12 15:01:47,290] {logging_mixin.py:104} INFO - [2022-02-12 15:01:47,290] {dag.py:1832} INFO - Sync 1 DAGs
[2022-02-12 15:01:47,323] {logging_mixin.py:104} INFO - [2022-02-12 15:01:47,323] {dag.py:2305} INFO - Setting next_dagrun for example_branch_labels to 2022-02-10 00:00:00+00:00
[2022-02-12 15:01:47,338] {scheduler_job.py:190} INFO - Processing /home/agalli/sandbox/lib/python3.6/site-packages/airflow/example_dags/example_branch_labels.py took 0.102 seconds
[2022-02-12 15:02:17,674] {scheduler_job.py:182} INFO - Started process (PID=18501) to work on /home/agalli/sandbox/lib/python3.6/site-packages/airflow/example_dags/example_branch_labels.py
[2022-02-12 15:02:17,677] {scheduler_job.py:633} INFO - Processing file /home/agalli/sandbox/lib/python3.6/site-packages/airflow/example_dags/example_branch_labels.py for tasks to queue
[2022-02-12 15:02:17,690] {logging_mixin.py:104} INFO - [2022-02-12 15:02:17,689] {dagbag.py:487} INFO - Filling up the DagBag from /home/agalli/sandbox/lib/python3.6/site-packages/airflow/example_dags/example_branch_labels.py
[2022-02-12 15:02:17,802] {scheduler_job.py:643} INFO - DAG(s) dict_keys(['example_branch_labels']) retrieved from /home/agalli/sandbox/lib/python3.6/site-packages/airflow/example_dags/example_branch_labels.py
[2022-02-12 15:02:17,938] {logging_mixin.py:104} INFO - [2022-02-12 15:02:17,938] {dag.py:1832} INFO - Sync 1 DAGs
[2022-02-12 15:02:18,010] {logging_mixin.py:104} INFO - [2022-02-12 15:02:18,010] {dag.py:2305} INFO - Setting next_dagrun for example_branch_labels to 2022-02-10 00:00:00+00:00
[2022-02-12 15:02:18,029] {scheduler_job.py:190} INFO - Processing /home/agalli/sandbox/lib/python3.6/site-packages/airflow/example_dags/example_branch_labels.py took 0.376 seconds
[2022-02-12 15:02:48,297] {scheduler_job.py:182} INFO - Started process (PID=18974) to work on /home/agalli/sandbox/lib/python3.6/site-packages/airflow/example_dags/example_branch_labels.py
[2022-02-12 15:02:48,300] {scheduler_job.py:633} INFO - Processing file /home/agalli/sandbox/lib/python3.6/site-packages/airflow/example_dags/example_branch_labels.py for tasks to queue
[2022-02-12 15:02:48,301] {logging_mixin.py:104} INFO - [2022-02-12 15:02:48,301] {dagbag.py:487} INFO - Filling up the DagBag from /home/agalli/sandbox/lib/python3.6/site-packages/airflow/example_dags/example_branch_labels.py
[2022-02-12 15:02:48,322] {scheduler_job.py:643} INFO - DAG(s) dict_keys(['example_branch_labels']) retrieved from /home/agalli/sandbox/lib/python3.6/site-packages/airflow/example_dags/example_branch_labels.py
[2022-02-12 15:02:48,364] {logging_mixin.py:104} INFO - [2022-02-12 15:02:48,364] {dag.py:1832} INFO - Sync 1 DAGs
[2022-02-12 15:02:48,407] {logging_mixin.py:104} INFO - [2022-02-12 15:02:48,406] {dag.py:2305} INFO - Setting next_dagrun for example_branch_labels to 2022-02-10 00:00:00+00:00
[2022-02-12 15:02:48,432] {scheduler_job.py:190} INFO - Processing /home/agalli/sandbox/lib/python3.6/site-packages/airflow/example_dags/example_branch_labels.py took 0.142 seconds
[2022-02-12 15:03:18,771] {scheduler_job.py:182} INFO - Started process (PID=19325) to work on /home/agalli/sandbox/lib/python3.6/site-packages/airflow/example_dags/example_branch_labels.py
[2022-02-12 15:03:18,777] {scheduler_job.py:633} INFO - Processing file /home/agalli/sandbox/lib/python3.6/site-packages/airflow/example_dags/example_branch_labels.py for tasks to queue
[2022-02-12 15:03:18,778] {logging_mixin.py:104} INFO - [2022-02-12 15:03:18,778] {dagbag.py:487} INFO - Filling up the DagBag from /home/agalli/sandbox/lib/python3.6/site-packages/airflow/example_dags/example_branch_labels.py
[2022-02-12 15:03:18,805] {scheduler_job.py:643} INFO - DAG(s) dict_keys(['example_branch_labels']) retrieved from /home/agalli/sandbox/lib/python3.6/site-packages/airflow/example_dags/example_branch_labels.py
[2022-02-12 15:03:18,841] {logging_mixin.py:104} INFO - [2022-02-12 15:03:18,841] {dag.py:1832} INFO - Sync 1 DAGs
[2022-02-12 15:03:18,866] {logging_mixin.py:104} INFO - [2022-02-12 15:03:18,865] {dag.py:2305} INFO - Setting next_dagrun for example_branch_labels to 2022-02-10 00:00:00+00:00
[2022-02-12 15:03:18,883] {scheduler_job.py:190} INFO - Processing /home/agalli/sandbox/lib/python3.6/site-packages/airflow/example_dags/example_branch_labels.py took 0.120 seconds
[2022-02-12 15:03:49,751] {scheduler_job.py:182} INFO - Started process (PID=19528) to work on /home/agalli/sandbox/lib/python3.6/site-packages/airflow/example_dags/example_branch_labels.py
[2022-02-12 15:03:49,754] {scheduler_job.py:633} INFO - Processing file /home/agalli/sandbox/lib/python3.6/site-packages/airflow/example_dags/example_branch_labels.py for tasks to queue
[2022-02-12 15:03:49,767] {logging_mixin.py:104} INFO - [2022-02-12 15:03:49,767] {dagbag.py:487} INFO - Filling up the DagBag from /home/agalli/sandbox/lib/python3.6/site-packages/airflow/example_dags/example_branch_labels.py
[2022-02-12 15:03:49,864] {scheduler_job.py:643} INFO - DAG(s) dict_keys(['example_branch_labels']) retrieved from /home/agalli/sandbox/lib/python3.6/site-packages/airflow/example_dags/example_branch_labels.py
[2022-02-12 15:03:50,025] {logging_mixin.py:104} INFO - [2022-02-12 15:03:50,025] {dag.py:1832} INFO - Sync 1 DAGs
[2022-02-12 15:03:50,120] {logging_mixin.py:104} INFO - [2022-02-12 15:03:50,120] {dag.py:2305} INFO - Setting next_dagrun for example_branch_labels to 2022-02-10 00:00:00+00:00
[2022-02-12 15:03:50,144] {scheduler_job.py:190} INFO - Processing /home/agalli/sandbox/lib/python3.6/site-packages/airflow/example_dags/example_branch_labels.py took 0.426 seconds
[2022-02-12 15:04:20,587] {scheduler_job.py:182} INFO - Started process (PID=19730) to work on /home/agalli/sandbox/lib/python3.6/site-packages/airflow/example_dags/example_branch_labels.py
[2022-02-12 15:04:20,588] {scheduler_job.py:633} INFO - Processing file /home/agalli/sandbox/lib/python3.6/site-packages/airflow/example_dags/example_branch_labels.py for tasks to queue
[2022-02-12 15:04:20,589] {logging_mixin.py:104} INFO - [2022-02-12 15:04:20,589] {dagbag.py:487} INFO - Filling up the DagBag from /home/agalli/sandbox/lib/python3.6/site-packages/airflow/example_dags/example_branch_labels.py
[2022-02-12 15:04:20,603] {scheduler_job.py:643} INFO - DAG(s) dict_keys(['example_branch_labels']) retrieved from /home/agalli/sandbox/lib/python3.6/site-packages/airflow/example_dags/example_branch_labels.py
[2022-02-12 15:04:20,632] {logging_mixin.py:104} INFO - [2022-02-12 15:04:20,632] {dag.py:1832} INFO - Sync 1 DAGs
[2022-02-12 15:04:20,653] {logging_mixin.py:104} INFO - [2022-02-12 15:04:20,653] {dag.py:2305} INFO - Setting next_dagrun for example_branch_labels to 2022-02-10 00:00:00+00:00
[2022-02-12 15:04:20,663] {scheduler_job.py:190} INFO - Processing /home/agalli/sandbox/lib/python3.6/site-packages/airflow/example_dags/example_branch_labels.py took 0.079 seconds
[2022-02-12 15:04:50,844] {scheduler_job.py:182} INFO - Started process (PID=19934) to work on /home/agalli/sandbox/lib/python3.6/site-packages/airflow/example_dags/example_branch_labels.py
[2022-02-12 15:04:50,845] {scheduler_job.py:633} INFO - Processing file /home/agalli/sandbox/lib/python3.6/site-packages/airflow/example_dags/example_branch_labels.py for tasks to queue
[2022-02-12 15:04:50,846] {logging_mixin.py:104} INFO - [2022-02-12 15:04:50,846] {dagbag.py:487} INFO - Filling up the DagBag from /home/agalli/sandbox/lib/python3.6/site-packages/airflow/example_dags/example_branch_labels.py
[2022-02-12 15:04:50,863] {scheduler_job.py:643} INFO - DAG(s) dict_keys(['example_branch_labels']) retrieved from /home/agalli/sandbox/lib/python3.6/site-packages/airflow/example_dags/example_branch_labels.py
[2022-02-12 15:04:50,890] {logging_mixin.py:104} INFO - [2022-02-12 15:04:50,890] {dag.py:1832} INFO - Sync 1 DAGs
[2022-02-12 15:04:50,916] {logging_mixin.py:104} INFO - [2022-02-12 15:04:50,916] {dag.py:2305} INFO - Setting next_dagrun for example_branch_labels to 2022-02-10 00:00:00+00:00
[2022-02-12 15:04:50,933] {scheduler_job.py:190} INFO - Processing /home/agalli/sandbox/lib/python3.6/site-packages/airflow/example_dags/example_branch_labels.py took 0.095 seconds
[2022-02-12 15:05:21,643] {scheduler_job.py:182} INFO - Started process (PID=20133) to work on /home/agalli/sandbox/lib/python3.6/site-packages/airflow/example_dags/example_branch_labels.py
[2022-02-12 15:05:21,645] {scheduler_job.py:633} INFO - Processing file /home/agalli/sandbox/lib/python3.6/site-packages/airflow/example_dags/example_branch_labels.py for tasks to queue
[2022-02-12 15:05:21,646] {logging_mixin.py:104} INFO - [2022-02-12 15:05:21,646] {dagbag.py:487} INFO - Filling up the DagBag from /home/agalli/sandbox/lib/python3.6/site-packages/airflow/example_dags/example_branch_labels.py
[2022-02-12 15:05:21,668] {scheduler_job.py:643} INFO - DAG(s) dict_keys(['example_branch_labels']) retrieved from /home/agalli/sandbox/lib/python3.6/site-packages/airflow/example_dags/example_branch_labels.py
[2022-02-12 15:05:21,702] {logging_mixin.py:104} INFO - [2022-02-12 15:05:21,702] {dag.py:1832} INFO - Sync 1 DAGs
[2022-02-12 15:05:21,726] {logging_mixin.py:104} INFO - [2022-02-12 15:05:21,726] {dag.py:2305} INFO - Setting next_dagrun for example_branch_labels to 2022-02-10 00:00:00+00:00
[2022-02-12 15:05:21,746] {scheduler_job.py:190} INFO - Processing /home/agalli/sandbox/lib/python3.6/site-packages/airflow/example_dags/example_branch_labels.py took 0.108 seconds
[2022-02-12 15:05:52,377] {scheduler_job.py:182} INFO - Started process (PID=20455) to work on /home/agalli/sandbox/lib/python3.6/site-packages/airflow/example_dags/example_branch_labels.py
[2022-02-12 15:05:52,378] {scheduler_job.py:633} INFO - Processing file /home/agalli/sandbox/lib/python3.6/site-packages/airflow/example_dags/example_branch_labels.py for tasks to queue
[2022-02-12 15:05:52,379] {logging_mixin.py:104} INFO - [2022-02-12 15:05:52,379] {dagbag.py:487} INFO - Filling up the DagBag from /home/agalli/sandbox/lib/python3.6/site-packages/airflow/example_dags/example_branch_labels.py
[2022-02-12 15:05:52,399] {scheduler_job.py:643} INFO - DAG(s) dict_keys(['example_branch_labels']) retrieved from /home/agalli/sandbox/lib/python3.6/site-packages/airflow/example_dags/example_branch_labels.py
[2022-02-12 15:05:52,430] {logging_mixin.py:104} INFO - [2022-02-12 15:05:52,430] {dag.py:1832} INFO - Sync 1 DAGs
[2022-02-12 15:05:52,456] {logging_mixin.py:104} INFO - [2022-02-12 15:05:52,456] {dag.py:2305} INFO - Setting next_dagrun for example_branch_labels to 2022-02-10 00:00:00+00:00
[2022-02-12 15:05:52,470] {scheduler_job.py:190} INFO - Processing /home/agalli/sandbox/lib/python3.6/site-packages/airflow/example_dags/example_branch_labels.py took 0.099 seconds
[2022-02-12 15:06:23,182] {scheduler_job.py:182} INFO - Started process (PID=20657) to work on /home/agalli/sandbox/lib/python3.6/site-packages/airflow/example_dags/example_branch_labels.py
[2022-02-12 15:06:23,183] {scheduler_job.py:633} INFO - Processing file /home/agalli/sandbox/lib/python3.6/site-packages/airflow/example_dags/example_branch_labels.py for tasks to queue
[2022-02-12 15:06:23,184] {logging_mixin.py:104} INFO - [2022-02-12 15:06:23,184] {dagbag.py:487} INFO - Filling up the DagBag from /home/agalli/sandbox/lib/python3.6/site-packages/airflow/example_dags/example_branch_labels.py
[2022-02-12 15:06:23,201] {scheduler_job.py:643} INFO - DAG(s) dict_keys(['example_branch_labels']) retrieved from /home/agalli/sandbox/lib/python3.6/site-packages/airflow/example_dags/example_branch_labels.py
[2022-02-12 15:06:23,247] {logging_mixin.py:104} INFO - [2022-02-12 15:06:23,247] {dag.py:1832} INFO - Sync 1 DAGs
[2022-02-12 15:06:23,285] {logging_mixin.py:104} INFO - [2022-02-12 15:06:23,284] {dag.py:2305} INFO - Setting next_dagrun for example_branch_labels to 2022-02-10 00:00:00+00:00
[2022-02-12 15:06:23,304] {scheduler_job.py:190} INFO - Processing /home/agalli/sandbox/lib/python3.6/site-packages/airflow/example_dags/example_branch_labels.py took 0.128 seconds
[2022-02-12 15:06:53,476] {scheduler_job.py:182} INFO - Started process (PID=20851) to work on /home/agalli/sandbox/lib/python3.6/site-packages/airflow/example_dags/example_branch_labels.py
[2022-02-12 15:06:53,479] {scheduler_job.py:633} INFO - Processing file /home/agalli/sandbox/lib/python3.6/site-packages/airflow/example_dags/example_branch_labels.py for tasks to queue
[2022-02-12 15:06:53,484] {logging_mixin.py:104} INFO - [2022-02-12 15:06:53,484] {dagbag.py:487} INFO - Filling up the DagBag from /home/agalli/sandbox/lib/python3.6/site-packages/airflow/example_dags/example_branch_labels.py
[2022-02-12 15:06:53,535] {scheduler_job.py:643} INFO - DAG(s) dict_keys(['example_branch_labels']) retrieved from /home/agalli/sandbox/lib/python3.6/site-packages/airflow/example_dags/example_branch_labels.py
[2022-02-12 15:06:53,605] {logging_mixin.py:104} INFO - [2022-02-12 15:06:53,605] {dag.py:1832} INFO - Sync 1 DAGs
[2022-02-12 15:06:53,639] {logging_mixin.py:104} INFO - [2022-02-12 15:06:53,639] {dag.py:2305} INFO - Setting next_dagrun for example_branch_labels to 2022-02-10 00:00:00+00:00
[2022-02-12 15:06:53,662] {scheduler_job.py:190} INFO - Processing /home/agalli/sandbox/lib/python3.6/site-packages/airflow/example_dags/example_branch_labels.py took 0.207 seconds
[2022-02-12 15:07:24,246] {scheduler_job.py:182} INFO - Started process (PID=21052) to work on /home/agalli/sandbox/lib/python3.6/site-packages/airflow/example_dags/example_branch_labels.py
[2022-02-12 15:07:24,249] {scheduler_job.py:633} INFO - Processing file /home/agalli/sandbox/lib/python3.6/site-packages/airflow/example_dags/example_branch_labels.py for tasks to queue
[2022-02-12 15:07:24,250] {logging_mixin.py:104} INFO - [2022-02-12 15:07:24,250] {dagbag.py:487} INFO - Filling up the DagBag from /home/agalli/sandbox/lib/python3.6/site-packages/airflow/example_dags/example_branch_labels.py
[2022-02-12 15:07:24,284] {scheduler_job.py:643} INFO - DAG(s) dict_keys(['example_branch_labels']) retrieved from /home/agalli/sandbox/lib/python3.6/site-packages/airflow/example_dags/example_branch_labels.py
[2022-02-12 15:07:24,333] {logging_mixin.py:104} INFO - [2022-02-12 15:07:24,333] {dag.py:1832} INFO - Sync 1 DAGs
[2022-02-12 15:07:24,365] {logging_mixin.py:104} INFO - [2022-02-12 15:07:24,365] {dag.py:2305} INFO - Setting next_dagrun for example_branch_labels to 2022-02-10 00:00:00+00:00
[2022-02-12 15:07:24,391] {scheduler_job.py:190} INFO - Processing /home/agalli/sandbox/lib/python3.6/site-packages/airflow/example_dags/example_branch_labels.py took 0.153 seconds
[2022-02-12 15:07:54,568] {scheduler_job.py:182} INFO - Started process (PID=21258) to work on /home/agalli/sandbox/lib/python3.6/site-packages/airflow/example_dags/example_branch_labels.py
[2022-02-12 15:07:54,573] {scheduler_job.py:633} INFO - Processing file /home/agalli/sandbox/lib/python3.6/site-packages/airflow/example_dags/example_branch_labels.py for tasks to queue
[2022-02-12 15:07:54,574] {logging_mixin.py:104} INFO - [2022-02-12 15:07:54,574] {dagbag.py:487} INFO - Filling up the DagBag from /home/agalli/sandbox/lib/python3.6/site-packages/airflow/example_dags/example_branch_labels.py
[2022-02-12 15:07:54,594] {scheduler_job.py:643} INFO - DAG(s) dict_keys(['example_branch_labels']) retrieved from /home/agalli/sandbox/lib/python3.6/site-packages/airflow/example_dags/example_branch_labels.py
[2022-02-12 15:07:54,652] {logging_mixin.py:104} INFO - [2022-02-12 15:07:54,652] {dag.py:1832} INFO - Sync 1 DAGs
[2022-02-12 15:07:54,698] {logging_mixin.py:104} INFO - [2022-02-12 15:07:54,697] {dag.py:2305} INFO - Setting next_dagrun for example_branch_labels to 2022-02-10 00:00:00+00:00
[2022-02-12 15:07:54,714] {scheduler_job.py:190} INFO - Processing /home/agalli/sandbox/lib/python3.6/site-packages/airflow/example_dags/example_branch_labels.py took 0.155 seconds
[2022-02-12 15:08:25,412] {scheduler_job.py:182} INFO - Started process (PID=21459) to work on /home/agalli/sandbox/lib/python3.6/site-packages/airflow/example_dags/example_branch_labels.py
[2022-02-12 15:08:25,413] {scheduler_job.py:633} INFO - Processing file /home/agalli/sandbox/lib/python3.6/site-packages/airflow/example_dags/example_branch_labels.py for tasks to queue
[2022-02-12 15:08:25,416] {logging_mixin.py:104} INFO - [2022-02-12 15:08:25,415] {dagbag.py:487} INFO - Filling up the DagBag from /home/agalli/sandbox/lib/python3.6/site-packages/airflow/example_dags/example_branch_labels.py
[2022-02-12 15:08:25,449] {scheduler_job.py:643} INFO - DAG(s) dict_keys(['example_branch_labels']) retrieved from /home/agalli/sandbox/lib/python3.6/site-packages/airflow/example_dags/example_branch_labels.py
[2022-02-12 15:08:25,495] {logging_mixin.py:104} INFO - [2022-02-12 15:08:25,495] {dag.py:1832} INFO - Sync 1 DAGs
[2022-02-12 15:08:25,524] {logging_mixin.py:104} INFO - [2022-02-12 15:08:25,523] {dag.py:2305} INFO - Setting next_dagrun for example_branch_labels to 2022-02-10 00:00:00+00:00
[2022-02-12 15:08:25,539] {scheduler_job.py:190} INFO - Processing /home/agalli/sandbox/lib/python3.6/site-packages/airflow/example_dags/example_branch_labels.py took 0.133 seconds
