[2022-02-12 13:57:28,656] {scheduler_job.py:182} INFO - Started process (PID=1871) to work on /home/agalli/sandbox/lib/python3.6/site-packages/airflow/example_dags/example_complex.py
[2022-02-12 13:57:28,660] {scheduler_job.py:633} INFO - Processing file /home/agalli/sandbox/lib/python3.6/site-packages/airflow/example_dags/example_complex.py for tasks to queue
[2022-02-12 13:57:28,673] {logging_mixin.py:104} INFO - [2022-02-12 13:57:28,672] {dagbag.py:487} INFO - Filling up the DagBag from /home/agalli/sandbox/lib/python3.6/site-packages/airflow/example_dags/example_complex.py
[2022-02-12 13:57:28,865] {scheduler_job.py:643} INFO - DAG(s) dict_keys(['example_complex']) retrieved from /home/agalli/sandbox/lib/python3.6/site-packages/airflow/example_dags/example_complex.py
[2022-02-12 13:57:29,142] {logging_mixin.py:104} INFO - [2022-02-12 13:57:29,142] {dag.py:1832} INFO - Sync 1 DAGs
[2022-02-12 13:57:29,332] {logging_mixin.py:104} INFO - [2022-02-12 13:57:29,331] {dag.py:2305} INFO - Setting next_dagrun for example_complex to None
[2022-02-12 13:57:29,456] {scheduler_job.py:190} INFO - Processing /home/agalli/sandbox/lib/python3.6/site-packages/airflow/example_dags/example_complex.py took 0.828 seconds
[2022-02-12 13:58:00,442] {scheduler_job.py:182} INFO - Started process (PID=2285) to work on /home/agalli/sandbox/lib/python3.6/site-packages/airflow/example_dags/example_complex.py
[2022-02-12 13:58:00,444] {scheduler_job.py:633} INFO - Processing file /home/agalli/sandbox/lib/python3.6/site-packages/airflow/example_dags/example_complex.py for tasks to queue
[2022-02-12 13:58:00,446] {logging_mixin.py:104} INFO - [2022-02-12 13:58:00,445] {dagbag.py:487} INFO - Filling up the DagBag from /home/agalli/sandbox/lib/python3.6/site-packages/airflow/example_dags/example_complex.py
[2022-02-12 13:58:00,578] {scheduler_job.py:643} INFO - DAG(s) dict_keys(['example_complex']) retrieved from /home/agalli/sandbox/lib/python3.6/site-packages/airflow/example_dags/example_complex.py
[2022-02-12 13:58:00,677] {logging_mixin.py:104} INFO - [2022-02-12 13:58:00,677] {dag.py:1832} INFO - Sync 1 DAGs
[2022-02-12 13:58:00,721] {logging_mixin.py:104} INFO - [2022-02-12 13:58:00,720] {dag.py:2305} INFO - Setting next_dagrun for example_complex to None
[2022-02-12 13:58:00,765] {scheduler_job.py:190} INFO - Processing /home/agalli/sandbox/lib/python3.6/site-packages/airflow/example_dags/example_complex.py took 0.340 seconds
[2022-02-12 13:58:31,247] {scheduler_job.py:182} INFO - Started process (PID=2482) to work on /home/agalli/sandbox/lib/python3.6/site-packages/airflow/example_dags/example_complex.py
[2022-02-12 13:58:31,252] {scheduler_job.py:633} INFO - Processing file /home/agalli/sandbox/lib/python3.6/site-packages/airflow/example_dags/example_complex.py for tasks to queue
[2022-02-12 13:58:31,255] {logging_mixin.py:104} INFO - [2022-02-12 13:58:31,254] {dagbag.py:487} INFO - Filling up the DagBag from /home/agalli/sandbox/lib/python3.6/site-packages/airflow/example_dags/example_complex.py
[2022-02-12 13:58:31,351] {scheduler_job.py:643} INFO - DAG(s) dict_keys(['example_complex']) retrieved from /home/agalli/sandbox/lib/python3.6/site-packages/airflow/example_dags/example_complex.py
[2022-02-12 13:58:31,505] {logging_mixin.py:104} INFO - [2022-02-12 13:58:31,496] {dag.py:1832} INFO - Sync 1 DAGs
[2022-02-12 13:58:31,613] {logging_mixin.py:104} INFO - [2022-02-12 13:58:31,613] {dag.py:2305} INFO - Setting next_dagrun for example_complex to None
[2022-02-12 13:58:31,668] {scheduler_job.py:190} INFO - Processing /home/agalli/sandbox/lib/python3.6/site-packages/airflow/example_dags/example_complex.py took 0.430 seconds
[2022-02-12 13:59:02,247] {scheduler_job.py:182} INFO - Started process (PID=2687) to work on /home/agalli/sandbox/lib/python3.6/site-packages/airflow/example_dags/example_complex.py
[2022-02-12 13:59:02,250] {scheduler_job.py:633} INFO - Processing file /home/agalli/sandbox/lib/python3.6/site-packages/airflow/example_dags/example_complex.py for tasks to queue
[2022-02-12 13:59:02,252] {logging_mixin.py:104} INFO - [2022-02-12 13:59:02,251] {dagbag.py:487} INFO - Filling up the DagBag from /home/agalli/sandbox/lib/python3.6/site-packages/airflow/example_dags/example_complex.py
[2022-02-12 13:59:02,303] {scheduler_job.py:643} INFO - DAG(s) dict_keys(['example_complex']) retrieved from /home/agalli/sandbox/lib/python3.6/site-packages/airflow/example_dags/example_complex.py
[2022-02-12 13:59:02,341] {logging_mixin.py:104} INFO - [2022-02-12 13:59:02,341] {dag.py:1832} INFO - Sync 1 DAGs
[2022-02-12 13:59:02,366] {logging_mixin.py:104} INFO - [2022-02-12 13:59:02,366] {dag.py:2305} INFO - Setting next_dagrun for example_complex to None
[2022-02-12 13:59:02,389] {scheduler_job.py:190} INFO - Processing /home/agalli/sandbox/lib/python3.6/site-packages/airflow/example_dags/example_complex.py took 0.153 seconds
[2022-02-12 13:59:32,932] {scheduler_job.py:182} INFO - Started process (PID=2887) to work on /home/agalli/sandbox/lib/python3.6/site-packages/airflow/example_dags/example_complex.py
[2022-02-12 13:59:32,934] {scheduler_job.py:633} INFO - Processing file /home/agalli/sandbox/lib/python3.6/site-packages/airflow/example_dags/example_complex.py for tasks to queue
[2022-02-12 13:59:32,937] {logging_mixin.py:104} INFO - [2022-02-12 13:59:32,937] {dagbag.py:487} INFO - Filling up the DagBag from /home/agalli/sandbox/lib/python3.6/site-packages/airflow/example_dags/example_complex.py
[2022-02-12 13:59:32,970] {scheduler_job.py:643} INFO - DAG(s) dict_keys(['example_complex']) retrieved from /home/agalli/sandbox/lib/python3.6/site-packages/airflow/example_dags/example_complex.py
[2022-02-12 13:59:33,010] {logging_mixin.py:104} INFO - [2022-02-12 13:59:33,010] {dag.py:1832} INFO - Sync 1 DAGs
[2022-02-12 13:59:33,037] {logging_mixin.py:104} INFO - [2022-02-12 13:59:33,037] {dag.py:2305} INFO - Setting next_dagrun for example_complex to None
[2022-02-12 13:59:33,074] {scheduler_job.py:190} INFO - Processing /home/agalli/sandbox/lib/python3.6/site-packages/airflow/example_dags/example_complex.py took 0.150 seconds
[2022-02-12 14:00:04,446] {scheduler_job.py:182} INFO - Started process (PID=3148) to work on /home/agalli/sandbox/lib/python3.6/site-packages/airflow/example_dags/example_complex.py
[2022-02-12 14:00:04,451] {scheduler_job.py:633} INFO - Processing file /home/agalli/sandbox/lib/python3.6/site-packages/airflow/example_dags/example_complex.py for tasks to queue
[2022-02-12 14:00:04,452] {logging_mixin.py:104} INFO - [2022-02-12 14:00:04,452] {dagbag.py:487} INFO - Filling up the DagBag from /home/agalli/sandbox/lib/python3.6/site-packages/airflow/example_dags/example_complex.py
[2022-02-12 14:00:04,496] {scheduler_job.py:643} INFO - DAG(s) dict_keys(['example_complex']) retrieved from /home/agalli/sandbox/lib/python3.6/site-packages/airflow/example_dags/example_complex.py
[2022-02-12 14:00:04,547] {logging_mixin.py:104} INFO - [2022-02-12 14:00:04,547] {dag.py:1832} INFO - Sync 1 DAGs
[2022-02-12 14:00:04,574] {logging_mixin.py:104} INFO - [2022-02-12 14:00:04,574] {dag.py:2305} INFO - Setting next_dagrun for example_complex to None
[2022-02-12 14:00:04,610] {scheduler_job.py:190} INFO - Processing /home/agalli/sandbox/lib/python3.6/site-packages/airflow/example_dags/example_complex.py took 0.168 seconds
[2022-02-12 14:00:35,050] {scheduler_job.py:182} INFO - Started process (PID=3526) to work on /home/agalli/sandbox/lib/python3.6/site-packages/airflow/example_dags/example_complex.py
[2022-02-12 14:00:35,054] {scheduler_job.py:633} INFO - Processing file /home/agalli/sandbox/lib/python3.6/site-packages/airflow/example_dags/example_complex.py for tasks to queue
[2022-02-12 14:00:35,055] {logging_mixin.py:104} INFO - [2022-02-12 14:00:35,055] {dagbag.py:487} INFO - Filling up the DagBag from /home/agalli/sandbox/lib/python3.6/site-packages/airflow/example_dags/example_complex.py
[2022-02-12 14:00:35,103] {scheduler_job.py:643} INFO - DAG(s) dict_keys(['example_complex']) retrieved from /home/agalli/sandbox/lib/python3.6/site-packages/airflow/example_dags/example_complex.py
[2022-02-12 14:00:35,167] {logging_mixin.py:104} INFO - [2022-02-12 14:00:35,167] {dag.py:1832} INFO - Sync 1 DAGs
[2022-02-12 14:00:35,191] {logging_mixin.py:104} INFO - [2022-02-12 14:00:35,191] {dag.py:2305} INFO - Setting next_dagrun for example_complex to None
[2022-02-12 14:00:35,213] {scheduler_job.py:190} INFO - Processing /home/agalli/sandbox/lib/python3.6/site-packages/airflow/example_dags/example_complex.py took 0.180 seconds
[2022-02-12 14:01:10,461] {scheduler_job.py:182} INFO - Started process (PID=4247) to work on /home/agalli/sandbox/lib/python3.6/site-packages/airflow/example_dags/example_complex.py
[2022-02-12 14:01:10,469] {scheduler_job.py:633} INFO - Processing file /home/agalli/sandbox/lib/python3.6/site-packages/airflow/example_dags/example_complex.py for tasks to queue
[2022-02-12 14:01:10,471] {logging_mixin.py:104} INFO - [2022-02-12 14:01:10,470] {dagbag.py:487} INFO - Filling up the DagBag from /home/agalli/sandbox/lib/python3.6/site-packages/airflow/example_dags/example_complex.py
[2022-02-12 14:01:10,694] {scheduler_job.py:643} INFO - DAG(s) dict_keys(['example_complex']) retrieved from /home/agalli/sandbox/lib/python3.6/site-packages/airflow/example_dags/example_complex.py
[2022-02-12 14:01:11,138] {logging_mixin.py:104} INFO - [2022-02-12 14:01:11,138] {dag.py:1832} INFO - Sync 1 DAGs
[2022-02-12 14:01:11,426] {logging_mixin.py:104} INFO - [2022-02-12 14:01:11,426] {dag.py:2305} INFO - Setting next_dagrun for example_complex to None
[2022-02-12 14:01:11,588] {scheduler_job.py:190} INFO - Processing /home/agalli/sandbox/lib/python3.6/site-packages/airflow/example_dags/example_complex.py took 1.147 seconds
[2022-02-12 14:01:41,889] {scheduler_job.py:182} INFO - Started process (PID=5424) to work on /home/agalli/sandbox/lib/python3.6/site-packages/airflow/example_dags/example_complex.py
[2022-02-12 14:01:41,892] {scheduler_job.py:633} INFO - Processing file /home/agalli/sandbox/lib/python3.6/site-packages/airflow/example_dags/example_complex.py for tasks to queue
[2022-02-12 14:01:41,893] {logging_mixin.py:104} INFO - [2022-02-12 14:01:41,892] {dagbag.py:487} INFO - Filling up the DagBag from /home/agalli/sandbox/lib/python3.6/site-packages/airflow/example_dags/example_complex.py
[2022-02-12 14:01:41,928] {scheduler_job.py:643} INFO - DAG(s) dict_keys(['example_complex']) retrieved from /home/agalli/sandbox/lib/python3.6/site-packages/airflow/example_dags/example_complex.py
[2022-02-12 14:01:41,967] {logging_mixin.py:104} INFO - [2022-02-12 14:01:41,966] {dag.py:1832} INFO - Sync 1 DAGs
[2022-02-12 14:01:41,991] {logging_mixin.py:104} INFO - [2022-02-12 14:01:41,991] {dag.py:2305} INFO - Setting next_dagrun for example_complex to None
[2022-02-12 14:01:42,018] {scheduler_job.py:190} INFO - Processing /home/agalli/sandbox/lib/python3.6/site-packages/airflow/example_dags/example_complex.py took 0.135 seconds
[2022-02-12 14:02:12,385] {scheduler_job.py:182} INFO - Started process (PID=5626) to work on /home/agalli/sandbox/lib/python3.6/site-packages/airflow/example_dags/example_complex.py
[2022-02-12 14:02:12,387] {scheduler_job.py:633} INFO - Processing file /home/agalli/sandbox/lib/python3.6/site-packages/airflow/example_dags/example_complex.py for tasks to queue
[2022-02-12 14:02:12,388] {logging_mixin.py:104} INFO - [2022-02-12 14:02:12,388] {dagbag.py:487} INFO - Filling up the DagBag from /home/agalli/sandbox/lib/python3.6/site-packages/airflow/example_dags/example_complex.py
[2022-02-12 14:02:12,414] {scheduler_job.py:643} INFO - DAG(s) dict_keys(['example_complex']) retrieved from /home/agalli/sandbox/lib/python3.6/site-packages/airflow/example_dags/example_complex.py
[2022-02-12 14:02:12,455] {logging_mixin.py:104} INFO - [2022-02-12 14:02:12,455] {dag.py:1832} INFO - Sync 1 DAGs
[2022-02-12 14:02:12,474] {logging_mixin.py:104} INFO - [2022-02-12 14:02:12,474] {dag.py:2305} INFO - Setting next_dagrun for example_complex to None
[2022-02-12 14:02:12,488] {scheduler_job.py:190} INFO - Processing /home/agalli/sandbox/lib/python3.6/site-packages/airflow/example_dags/example_complex.py took 0.110 seconds
[2022-02-12 14:02:43,323] {scheduler_job.py:182} INFO - Started process (PID=5944) to work on /home/agalli/sandbox/lib/python3.6/site-packages/airflow/example_dags/example_complex.py
[2022-02-12 14:02:43,337] {scheduler_job.py:633} INFO - Processing file /home/agalli/sandbox/lib/python3.6/site-packages/airflow/example_dags/example_complex.py for tasks to queue
[2022-02-12 14:02:43,339] {logging_mixin.py:104} INFO - [2022-02-12 14:02:43,339] {dagbag.py:487} INFO - Filling up the DagBag from /home/agalli/sandbox/lib/python3.6/site-packages/airflow/example_dags/example_complex.py
[2022-02-12 14:02:43,471] {scheduler_job.py:643} INFO - DAG(s) dict_keys(['example_complex']) retrieved from /home/agalli/sandbox/lib/python3.6/site-packages/airflow/example_dags/example_complex.py
[2022-02-12 14:02:43,617] {logging_mixin.py:104} INFO - [2022-02-12 14:02:43,617] {dag.py:1832} INFO - Sync 1 DAGs
[2022-02-12 14:02:43,684] {logging_mixin.py:104} INFO - [2022-02-12 14:02:43,684] {dag.py:2305} INFO - Setting next_dagrun for example_complex to None
[2022-02-12 14:02:43,760] {scheduler_job.py:190} INFO - Processing /home/agalli/sandbox/lib/python3.6/site-packages/airflow/example_dags/example_complex.py took 0.468 seconds
[2022-02-12 14:03:14,612] {scheduler_job.py:182} INFO - Started process (PID=6146) to work on /home/agalli/sandbox/lib/python3.6/site-packages/airflow/example_dags/example_complex.py
[2022-02-12 14:03:14,616] {scheduler_job.py:633} INFO - Processing file /home/agalli/sandbox/lib/python3.6/site-packages/airflow/example_dags/example_complex.py for tasks to queue
[2022-02-12 14:03:14,617] {logging_mixin.py:104} INFO - [2022-02-12 14:03:14,617] {dagbag.py:487} INFO - Filling up the DagBag from /home/agalli/sandbox/lib/python3.6/site-packages/airflow/example_dags/example_complex.py
[2022-02-12 14:03:14,637] {scheduler_job.py:643} INFO - DAG(s) dict_keys(['example_complex']) retrieved from /home/agalli/sandbox/lib/python3.6/site-packages/airflow/example_dags/example_complex.py
[2022-02-12 14:03:14,680] {logging_mixin.py:104} INFO - [2022-02-12 14:03:14,679] {dag.py:1832} INFO - Sync 1 DAGs
[2022-02-12 14:03:14,702] {logging_mixin.py:104} INFO - [2022-02-12 14:03:14,702] {dag.py:2305} INFO - Setting next_dagrun for example_complex to None
[2022-02-12 14:03:14,724] {scheduler_job.py:190} INFO - Processing /home/agalli/sandbox/lib/python3.6/site-packages/airflow/example_dags/example_complex.py took 0.116 seconds
[2022-02-12 14:20:20,179] {scheduler_job.py:182} INFO - Started process (PID=7130) to work on /home/agalli/sandbox/lib/python3.6/site-packages/airflow/example_dags/example_complex.py
[2022-02-12 14:20:20,180] {scheduler_job.py:633} INFO - Processing file /home/agalli/sandbox/lib/python3.6/site-packages/airflow/example_dags/example_complex.py for tasks to queue
[2022-02-12 14:20:20,181] {logging_mixin.py:104} INFO - [2022-02-12 14:20:20,180] {dagbag.py:487} INFO - Filling up the DagBag from /home/agalli/sandbox/lib/python3.6/site-packages/airflow/example_dags/example_complex.py
[2022-02-12 14:20:20,211] {scheduler_job.py:643} INFO - DAG(s) dict_keys(['example_complex']) retrieved from /home/agalli/sandbox/lib/python3.6/site-packages/airflow/example_dags/example_complex.py
[2022-02-12 14:20:20,270] {logging_mixin.py:104} INFO - [2022-02-12 14:20:20,270] {dag.py:1832} INFO - Sync 1 DAGs
[2022-02-12 14:20:20,320] {logging_mixin.py:104} INFO - [2022-02-12 14:20:20,320] {dag.py:2305} INFO - Setting next_dagrun for example_complex to None
[2022-02-12 14:20:20,348] {scheduler_job.py:190} INFO - Processing /home/agalli/sandbox/lib/python3.6/site-packages/airflow/example_dags/example_complex.py took 0.173 seconds
[2022-02-12 14:20:50,427] {scheduler_job.py:182} INFO - Started process (PID=7326) to work on /home/agalli/sandbox/lib/python3.6/site-packages/airflow/example_dags/example_complex.py
[2022-02-12 14:20:50,428] {scheduler_job.py:633} INFO - Processing file /home/agalli/sandbox/lib/python3.6/site-packages/airflow/example_dags/example_complex.py for tasks to queue
[2022-02-12 14:20:50,428] {logging_mixin.py:104} INFO - [2022-02-12 14:20:50,428] {dagbag.py:487} INFO - Filling up the DagBag from /home/agalli/sandbox/lib/python3.6/site-packages/airflow/example_dags/example_complex.py
[2022-02-12 14:20:50,456] {scheduler_job.py:643} INFO - DAG(s) dict_keys(['example_complex']) retrieved from /home/agalli/sandbox/lib/python3.6/site-packages/airflow/example_dags/example_complex.py
[2022-02-12 14:20:50,494] {logging_mixin.py:104} INFO - [2022-02-12 14:20:50,494] {dag.py:1832} INFO - Sync 1 DAGs
[2022-02-12 14:20:50,510] {logging_mixin.py:104} INFO - [2022-02-12 14:20:50,509] {dag.py:2305} INFO - Setting next_dagrun for example_complex to None
[2022-02-12 14:20:50,527] {scheduler_job.py:190} INFO - Processing /home/agalli/sandbox/lib/python3.6/site-packages/airflow/example_dags/example_complex.py took 0.103 seconds
[2022-02-12 14:21:21,757] {scheduler_job.py:182} INFO - Started process (PID=7533) to work on /home/agalli/sandbox/lib/python3.6/site-packages/airflow/example_dags/example_complex.py
[2022-02-12 14:21:21,760] {scheduler_job.py:633} INFO - Processing file /home/agalli/sandbox/lib/python3.6/site-packages/airflow/example_dags/example_complex.py for tasks to queue
[2022-02-12 14:21:21,761] {logging_mixin.py:104} INFO - [2022-02-12 14:21:21,761] {dagbag.py:487} INFO - Filling up the DagBag from /home/agalli/sandbox/lib/python3.6/site-packages/airflow/example_dags/example_complex.py
[2022-02-12 14:21:21,806] {scheduler_job.py:643} INFO - DAG(s) dict_keys(['example_complex']) retrieved from /home/agalli/sandbox/lib/python3.6/site-packages/airflow/example_dags/example_complex.py
[2022-02-12 14:21:21,842] {logging_mixin.py:104} INFO - [2022-02-12 14:21:21,842] {dag.py:1832} INFO - Sync 1 DAGs
[2022-02-12 14:21:21,865] {logging_mixin.py:104} INFO - [2022-02-12 14:21:21,864] {dag.py:2305} INFO - Setting next_dagrun for example_complex to None
[2022-02-12 14:21:21,882] {scheduler_job.py:190} INFO - Processing /home/agalli/sandbox/lib/python3.6/site-packages/airflow/example_dags/example_complex.py took 0.130 seconds
[2022-02-12 14:21:52,255] {scheduler_job.py:182} INFO - Started process (PID=7730) to work on /home/agalli/sandbox/lib/python3.6/site-packages/airflow/example_dags/example_complex.py
[2022-02-12 14:21:52,256] {scheduler_job.py:633} INFO - Processing file /home/agalli/sandbox/lib/python3.6/site-packages/airflow/example_dags/example_complex.py for tasks to queue
[2022-02-12 14:21:52,257] {logging_mixin.py:104} INFO - [2022-02-12 14:21:52,257] {dagbag.py:487} INFO - Filling up the DagBag from /home/agalli/sandbox/lib/python3.6/site-packages/airflow/example_dags/example_complex.py
[2022-02-12 14:21:52,285] {scheduler_job.py:643} INFO - DAG(s) dict_keys(['example_complex']) retrieved from /home/agalli/sandbox/lib/python3.6/site-packages/airflow/example_dags/example_complex.py
[2022-02-12 14:21:52,322] {logging_mixin.py:104} INFO - [2022-02-12 14:21:52,322] {dag.py:1832} INFO - Sync 1 DAGs
[2022-02-12 14:21:52,343] {logging_mixin.py:104} INFO - [2022-02-12 14:21:52,343] {dag.py:2305} INFO - Setting next_dagrun for example_complex to None
[2022-02-12 14:21:52,359] {scheduler_job.py:190} INFO - Processing /home/agalli/sandbox/lib/python3.6/site-packages/airflow/example_dags/example_complex.py took 0.108 seconds
[2022-02-12 14:22:23,144] {scheduler_job.py:182} INFO - Started process (PID=7932) to work on /home/agalli/sandbox/lib/python3.6/site-packages/airflow/example_dags/example_complex.py
[2022-02-12 14:22:23,145] {scheduler_job.py:633} INFO - Processing file /home/agalli/sandbox/lib/python3.6/site-packages/airflow/example_dags/example_complex.py for tasks to queue
[2022-02-12 14:22:23,146] {logging_mixin.py:104} INFO - [2022-02-12 14:22:23,146] {dagbag.py:487} INFO - Filling up the DagBag from /home/agalli/sandbox/lib/python3.6/site-packages/airflow/example_dags/example_complex.py
[2022-02-12 14:22:23,176] {scheduler_job.py:643} INFO - DAG(s) dict_keys(['example_complex']) retrieved from /home/agalli/sandbox/lib/python3.6/site-packages/airflow/example_dags/example_complex.py
[2022-02-12 14:22:23,216] {logging_mixin.py:104} INFO - [2022-02-12 14:22:23,216] {dag.py:1832} INFO - Sync 1 DAGs
[2022-02-12 14:22:23,238] {logging_mixin.py:104} INFO - [2022-02-12 14:22:23,238] {dag.py:2305} INFO - Setting next_dagrun for example_complex to None
[2022-02-12 14:22:23,263] {scheduler_job.py:190} INFO - Processing /home/agalli/sandbox/lib/python3.6/site-packages/airflow/example_dags/example_complex.py took 0.124 seconds
[2022-02-12 14:22:54,485] {scheduler_job.py:182} INFO - Started process (PID=8142) to work on /home/agalli/sandbox/lib/python3.6/site-packages/airflow/example_dags/example_complex.py
[2022-02-12 14:22:54,487] {scheduler_job.py:633} INFO - Processing file /home/agalli/sandbox/lib/python3.6/site-packages/airflow/example_dags/example_complex.py for tasks to queue
[2022-02-12 14:22:54,487] {logging_mixin.py:104} INFO - [2022-02-12 14:22:54,487] {dagbag.py:487} INFO - Filling up the DagBag from /home/agalli/sandbox/lib/python3.6/site-packages/airflow/example_dags/example_complex.py
[2022-02-12 14:22:54,512] {scheduler_job.py:643} INFO - DAG(s) dict_keys(['example_complex']) retrieved from /home/agalli/sandbox/lib/python3.6/site-packages/airflow/example_dags/example_complex.py
[2022-02-12 14:22:54,552] {logging_mixin.py:104} INFO - [2022-02-12 14:22:54,552] {dag.py:1832} INFO - Sync 1 DAGs
[2022-02-12 14:22:54,572] {logging_mixin.py:104} INFO - [2022-02-12 14:22:54,572] {dag.py:2305} INFO - Setting next_dagrun for example_complex to None
[2022-02-12 14:22:54,591] {scheduler_job.py:190} INFO - Processing /home/agalli/sandbox/lib/python3.6/site-packages/airflow/example_dags/example_complex.py took 0.110 seconds
[2022-02-12 14:23:25,916] {scheduler_job.py:182} INFO - Started process (PID=8343) to work on /home/agalli/sandbox/lib/python3.6/site-packages/airflow/example_dags/example_complex.py
[2022-02-12 14:23:25,918] {scheduler_job.py:633} INFO - Processing file /home/agalli/sandbox/lib/python3.6/site-packages/airflow/example_dags/example_complex.py for tasks to queue
[2022-02-12 14:23:25,919] {logging_mixin.py:104} INFO - [2022-02-12 14:23:25,919] {dagbag.py:487} INFO - Filling up the DagBag from /home/agalli/sandbox/lib/python3.6/site-packages/airflow/example_dags/example_complex.py
[2022-02-12 14:23:25,955] {scheduler_job.py:643} INFO - DAG(s) dict_keys(['example_complex']) retrieved from /home/agalli/sandbox/lib/python3.6/site-packages/airflow/example_dags/example_complex.py
[2022-02-12 14:23:26,001] {logging_mixin.py:104} INFO - [2022-02-12 14:23:26,000] {dag.py:1832} INFO - Sync 1 DAGs
[2022-02-12 14:23:26,021] {logging_mixin.py:104} INFO - [2022-02-12 14:23:26,021] {dag.py:2305} INFO - Setting next_dagrun for example_complex to None
[2022-02-12 14:23:26,044] {scheduler_job.py:190} INFO - Processing /home/agalli/sandbox/lib/python3.6/site-packages/airflow/example_dags/example_complex.py took 0.137 seconds
[2022-02-12 14:23:56,143] {scheduler_job.py:182} INFO - Started process (PID=8541) to work on /home/agalli/sandbox/lib/python3.6/site-packages/airflow/example_dags/example_complex.py
[2022-02-12 14:23:56,145] {scheduler_job.py:633} INFO - Processing file /home/agalli/sandbox/lib/python3.6/site-packages/airflow/example_dags/example_complex.py for tasks to queue
[2022-02-12 14:23:56,145] {logging_mixin.py:104} INFO - [2022-02-12 14:23:56,145] {dagbag.py:487} INFO - Filling up the DagBag from /home/agalli/sandbox/lib/python3.6/site-packages/airflow/example_dags/example_complex.py
[2022-02-12 14:23:56,165] {scheduler_job.py:643} INFO - DAG(s) dict_keys(['example_complex']) retrieved from /home/agalli/sandbox/lib/python3.6/site-packages/airflow/example_dags/example_complex.py
[2022-02-12 14:23:56,194] {logging_mixin.py:104} INFO - [2022-02-12 14:23:56,194] {dag.py:1832} INFO - Sync 1 DAGs
[2022-02-12 14:23:56,210] {logging_mixin.py:104} INFO - [2022-02-12 14:23:56,209] {dag.py:2305} INFO - Setting next_dagrun for example_complex to None
[2022-02-12 14:23:56,222] {scheduler_job.py:190} INFO - Processing /home/agalli/sandbox/lib/python3.6/site-packages/airflow/example_dags/example_complex.py took 0.082 seconds
[2022-02-12 14:24:29,436] {scheduler_job.py:182} INFO - Started process (PID=8747) to work on /home/agalli/sandbox/lib/python3.6/site-packages/airflow/example_dags/example_complex.py
[2022-02-12 14:24:29,438] {scheduler_job.py:633} INFO - Processing file /home/agalli/sandbox/lib/python3.6/site-packages/airflow/example_dags/example_complex.py for tasks to queue
[2022-02-12 14:24:29,439] {logging_mixin.py:104} INFO - [2022-02-12 14:24:29,439] {dagbag.py:487} INFO - Filling up the DagBag from /home/agalli/sandbox/lib/python3.6/site-packages/airflow/example_dags/example_complex.py
[2022-02-12 14:24:29,474] {scheduler_job.py:643} INFO - DAG(s) dict_keys(['example_complex']) retrieved from /home/agalli/sandbox/lib/python3.6/site-packages/airflow/example_dags/example_complex.py
[2022-02-12 14:24:29,540] {logging_mixin.py:104} INFO - [2022-02-12 14:24:29,539] {dag.py:1832} INFO - Sync 1 DAGs
[2022-02-12 14:24:29,591] {logging_mixin.py:104} INFO - [2022-02-12 14:24:29,591] {dag.py:2305} INFO - Setting next_dagrun for example_complex to None
[2022-02-12 14:24:29,631] {scheduler_job.py:190} INFO - Processing /home/agalli/sandbox/lib/python3.6/site-packages/airflow/example_dags/example_complex.py took 0.200 seconds
[2022-02-12 14:25:01,167] {scheduler_job.py:182} INFO - Started process (PID=8949) to work on /home/agalli/sandbox/lib/python3.6/site-packages/airflow/example_dags/example_complex.py
[2022-02-12 14:25:01,168] {scheduler_job.py:633} INFO - Processing file /home/agalli/sandbox/lib/python3.6/site-packages/airflow/example_dags/example_complex.py for tasks to queue
[2022-02-12 14:25:01,169] {logging_mixin.py:104} INFO - [2022-02-12 14:25:01,169] {dagbag.py:487} INFO - Filling up the DagBag from /home/agalli/sandbox/lib/python3.6/site-packages/airflow/example_dags/example_complex.py
[2022-02-12 14:25:01,218] {scheduler_job.py:643} INFO - DAG(s) dict_keys(['example_complex']) retrieved from /home/agalli/sandbox/lib/python3.6/site-packages/airflow/example_dags/example_complex.py
[2022-02-12 14:25:01,263] {logging_mixin.py:104} INFO - [2022-02-12 14:25:01,262] {dag.py:1832} INFO - Sync 1 DAGs
[2022-02-12 14:25:01,297] {logging_mixin.py:104} INFO - [2022-02-12 14:25:01,297] {dag.py:2305} INFO - Setting next_dagrun for example_complex to None
[2022-02-12 14:25:01,415] {scheduler_job.py:190} INFO - Processing /home/agalli/sandbox/lib/python3.6/site-packages/airflow/example_dags/example_complex.py took 0.255 seconds
[2022-02-12 14:25:32,291] {scheduler_job.py:182} INFO - Started process (PID=9273) to work on /home/agalli/sandbox/lib/python3.6/site-packages/airflow/example_dags/example_complex.py
[2022-02-12 14:25:32,293] {scheduler_job.py:633} INFO - Processing file /home/agalli/sandbox/lib/python3.6/site-packages/airflow/example_dags/example_complex.py for tasks to queue
[2022-02-12 14:25:32,294] {logging_mixin.py:104} INFO - [2022-02-12 14:25:32,293] {dagbag.py:487} INFO - Filling up the DagBag from /home/agalli/sandbox/lib/python3.6/site-packages/airflow/example_dags/example_complex.py
[2022-02-12 14:25:32,330] {scheduler_job.py:643} INFO - DAG(s) dict_keys(['example_complex']) retrieved from /home/agalli/sandbox/lib/python3.6/site-packages/airflow/example_dags/example_complex.py
[2022-02-12 14:25:32,389] {logging_mixin.py:104} INFO - [2022-02-12 14:25:32,389] {dag.py:1832} INFO - Sync 1 DAGs
[2022-02-12 14:25:32,414] {logging_mixin.py:104} INFO - [2022-02-12 14:25:32,414] {dag.py:2305} INFO - Setting next_dagrun for example_complex to None
[2022-02-12 14:25:32,441] {scheduler_job.py:190} INFO - Processing /home/agalli/sandbox/lib/python3.6/site-packages/airflow/example_dags/example_complex.py took 0.156 seconds
[2022-02-12 14:26:03,107] {scheduler_job.py:182} INFO - Started process (PID=9475) to work on /home/agalli/sandbox/lib/python3.6/site-packages/airflow/example_dags/example_complex.py
[2022-02-12 14:26:03,111] {scheduler_job.py:633} INFO - Processing file /home/agalli/sandbox/lib/python3.6/site-packages/airflow/example_dags/example_complex.py for tasks to queue
[2022-02-12 14:26:03,112] {logging_mixin.py:104} INFO - [2022-02-12 14:26:03,112] {dagbag.py:487} INFO - Filling up the DagBag from /home/agalli/sandbox/lib/python3.6/site-packages/airflow/example_dags/example_complex.py
[2022-02-12 14:26:03,135] {scheduler_job.py:643} INFO - DAG(s) dict_keys(['example_complex']) retrieved from /home/agalli/sandbox/lib/python3.6/site-packages/airflow/example_dags/example_complex.py
[2022-02-12 14:26:03,168] {logging_mixin.py:104} INFO - [2022-02-12 14:26:03,168] {dag.py:1832} INFO - Sync 1 DAGs
[2022-02-12 14:26:03,191] {logging_mixin.py:104} INFO - [2022-02-12 14:26:03,191] {dag.py:2305} INFO - Setting next_dagrun for example_complex to None
[2022-02-12 14:26:03,209] {scheduler_job.py:190} INFO - Processing /home/agalli/sandbox/lib/python3.6/site-packages/airflow/example_dags/example_complex.py took 0.108 seconds
[2022-02-12 14:26:34,394] {scheduler_job.py:182} INFO - Started process (PID=9677) to work on /home/agalli/sandbox/lib/python3.6/site-packages/airflow/example_dags/example_complex.py
[2022-02-12 14:26:34,395] {scheduler_job.py:633} INFO - Processing file /home/agalli/sandbox/lib/python3.6/site-packages/airflow/example_dags/example_complex.py for tasks to queue
[2022-02-12 14:26:34,396] {logging_mixin.py:104} INFO - [2022-02-12 14:26:34,396] {dagbag.py:487} INFO - Filling up the DagBag from /home/agalli/sandbox/lib/python3.6/site-packages/airflow/example_dags/example_complex.py
[2022-02-12 14:26:34,416] {scheduler_job.py:643} INFO - DAG(s) dict_keys(['example_complex']) retrieved from /home/agalli/sandbox/lib/python3.6/site-packages/airflow/example_dags/example_complex.py
[2022-02-12 14:26:34,446] {logging_mixin.py:104} INFO - [2022-02-12 14:26:34,446] {dag.py:1832} INFO - Sync 1 DAGs
[2022-02-12 14:26:34,464] {logging_mixin.py:104} INFO - [2022-02-12 14:26:34,464] {dag.py:2305} INFO - Setting next_dagrun for example_complex to None
[2022-02-12 14:26:34,478] {scheduler_job.py:190} INFO - Processing /home/agalli/sandbox/lib/python3.6/site-packages/airflow/example_dags/example_complex.py took 0.088 seconds
[2022-02-12 14:27:05,136] {scheduler_job.py:182} INFO - Started process (PID=9877) to work on /home/agalli/sandbox/lib/python3.6/site-packages/airflow/example_dags/example_complex.py
[2022-02-12 14:27:05,137] {scheduler_job.py:633} INFO - Processing file /home/agalli/sandbox/lib/python3.6/site-packages/airflow/example_dags/example_complex.py for tasks to queue
[2022-02-12 14:27:05,138] {logging_mixin.py:104} INFO - [2022-02-12 14:27:05,138] {dagbag.py:487} INFO - Filling up the DagBag from /home/agalli/sandbox/lib/python3.6/site-packages/airflow/example_dags/example_complex.py
[2022-02-12 14:27:05,160] {scheduler_job.py:643} INFO - DAG(s) dict_keys(['example_complex']) retrieved from /home/agalli/sandbox/lib/python3.6/site-packages/airflow/example_dags/example_complex.py
[2022-02-12 14:27:05,196] {logging_mixin.py:104} INFO - [2022-02-12 14:27:05,196] {dag.py:1832} INFO - Sync 1 DAGs
[2022-02-12 14:27:05,214] {logging_mixin.py:104} INFO - [2022-02-12 14:27:05,214] {dag.py:2305} INFO - Setting next_dagrun for example_complex to None
[2022-02-12 14:27:05,234] {scheduler_job.py:190} INFO - Processing /home/agalli/sandbox/lib/python3.6/site-packages/airflow/example_dags/example_complex.py took 0.103 seconds
[2022-02-12 14:27:35,366] {scheduler_job.py:182} INFO - Started process (PID=10073) to work on /home/agalli/sandbox/lib/python3.6/site-packages/airflow/example_dags/example_complex.py
[2022-02-12 14:27:35,367] {scheduler_job.py:633} INFO - Processing file /home/agalli/sandbox/lib/python3.6/site-packages/airflow/example_dags/example_complex.py for tasks to queue
[2022-02-12 14:27:35,368] {logging_mixin.py:104} INFO - [2022-02-12 14:27:35,368] {dagbag.py:487} INFO - Filling up the DagBag from /home/agalli/sandbox/lib/python3.6/site-packages/airflow/example_dags/example_complex.py
[2022-02-12 14:27:35,406] {scheduler_job.py:643} INFO - DAG(s) dict_keys(['example_complex']) retrieved from /home/agalli/sandbox/lib/python3.6/site-packages/airflow/example_dags/example_complex.py
[2022-02-12 14:27:35,460] {logging_mixin.py:104} INFO - [2022-02-12 14:27:35,460] {dag.py:1832} INFO - Sync 1 DAGs
[2022-02-12 14:27:35,483] {logging_mixin.py:104} INFO - [2022-02-12 14:27:35,483] {dag.py:2305} INFO - Setting next_dagrun for example_complex to None
[2022-02-12 14:27:35,505] {scheduler_job.py:190} INFO - Processing /home/agalli/sandbox/lib/python3.6/site-packages/airflow/example_dags/example_complex.py took 0.144 seconds
[2022-02-12 14:28:06,991] {scheduler_job.py:182} INFO - Started process (PID=10284) to work on /home/agalli/sandbox/lib/python3.6/site-packages/airflow/example_dags/example_complex.py
[2022-02-12 14:28:06,992] {scheduler_job.py:633} INFO - Processing file /home/agalli/sandbox/lib/python3.6/site-packages/airflow/example_dags/example_complex.py for tasks to queue
[2022-02-12 14:28:06,993] {logging_mixin.py:104} INFO - [2022-02-12 14:28:06,993] {dagbag.py:487} INFO - Filling up the DagBag from /home/agalli/sandbox/lib/python3.6/site-packages/airflow/example_dags/example_complex.py
[2022-02-12 14:28:07,017] {scheduler_job.py:643} INFO - DAG(s) dict_keys(['example_complex']) retrieved from /home/agalli/sandbox/lib/python3.6/site-packages/airflow/example_dags/example_complex.py
[2022-02-12 14:28:07,049] {logging_mixin.py:104} INFO - [2022-02-12 14:28:07,049] {dag.py:1832} INFO - Sync 1 DAGs
[2022-02-12 14:28:07,069] {logging_mixin.py:104} INFO - [2022-02-12 14:28:07,069] {dag.py:2305} INFO - Setting next_dagrun for example_complex to None
[2022-02-12 14:28:07,090] {scheduler_job.py:190} INFO - Processing /home/agalli/sandbox/lib/python3.6/site-packages/airflow/example_dags/example_complex.py took 0.102 seconds
[2022-02-12 14:28:37,609] {scheduler_job.py:182} INFO - Started process (PID=10484) to work on /home/agalli/sandbox/lib/python3.6/site-packages/airflow/example_dags/example_complex.py
[2022-02-12 14:28:37,611] {scheduler_job.py:633} INFO - Processing file /home/agalli/sandbox/lib/python3.6/site-packages/airflow/example_dags/example_complex.py for tasks to queue
[2022-02-12 14:28:37,613] {logging_mixin.py:104} INFO - [2022-02-12 14:28:37,612] {dagbag.py:487} INFO - Filling up the DagBag from /home/agalli/sandbox/lib/python3.6/site-packages/airflow/example_dags/example_complex.py
[2022-02-12 14:28:37,641] {scheduler_job.py:643} INFO - DAG(s) dict_keys(['example_complex']) retrieved from /home/agalli/sandbox/lib/python3.6/site-packages/airflow/example_dags/example_complex.py
[2022-02-12 14:28:37,676] {logging_mixin.py:104} INFO - [2022-02-12 14:28:37,676] {dag.py:1832} INFO - Sync 1 DAGs
[2022-02-12 14:28:37,697] {logging_mixin.py:104} INFO - [2022-02-12 14:28:37,697] {dag.py:2305} INFO - Setting next_dagrun for example_complex to None
[2022-02-12 14:28:37,715] {scheduler_job.py:190} INFO - Processing /home/agalli/sandbox/lib/python3.6/site-packages/airflow/example_dags/example_complex.py took 0.111 seconds
[2022-02-12 14:29:08,137] {scheduler_job.py:182} INFO - Started process (PID=10686) to work on /home/agalli/sandbox/lib/python3.6/site-packages/airflow/example_dags/example_complex.py
[2022-02-12 14:29:08,139] {scheduler_job.py:633} INFO - Processing file /home/agalli/sandbox/lib/python3.6/site-packages/airflow/example_dags/example_complex.py for tasks to queue
[2022-02-12 14:29:08,143] {logging_mixin.py:104} INFO - [2022-02-12 14:29:08,142] {dagbag.py:487} INFO - Filling up the DagBag from /home/agalli/sandbox/lib/python3.6/site-packages/airflow/example_dags/example_complex.py
[2022-02-12 14:29:08,173] {scheduler_job.py:643} INFO - DAG(s) dict_keys(['example_complex']) retrieved from /home/agalli/sandbox/lib/python3.6/site-packages/airflow/example_dags/example_complex.py
[2022-02-12 14:29:08,236] {logging_mixin.py:104} INFO - [2022-02-12 14:29:08,236] {dag.py:1832} INFO - Sync 1 DAGs
[2022-02-12 14:29:08,263] {logging_mixin.py:104} INFO - [2022-02-12 14:29:08,263] {dag.py:2305} INFO - Setting next_dagrun for example_complex to None
[2022-02-12 14:29:08,285] {scheduler_job.py:190} INFO - Processing /home/agalli/sandbox/lib/python3.6/site-packages/airflow/example_dags/example_complex.py took 0.152 seconds
[2022-02-12 14:29:38,740] {scheduler_job.py:182} INFO - Started process (PID=10881) to work on /home/agalli/sandbox/lib/python3.6/site-packages/airflow/example_dags/example_complex.py
[2022-02-12 14:29:38,742] {scheduler_job.py:633} INFO - Processing file /home/agalli/sandbox/lib/python3.6/site-packages/airflow/example_dags/example_complex.py for tasks to queue
[2022-02-12 14:29:38,743] {logging_mixin.py:104} INFO - [2022-02-12 14:29:38,742] {dagbag.py:487} INFO - Filling up the DagBag from /home/agalli/sandbox/lib/python3.6/site-packages/airflow/example_dags/example_complex.py
[2022-02-12 14:29:38,768] {scheduler_job.py:643} INFO - DAG(s) dict_keys(['example_complex']) retrieved from /home/agalli/sandbox/lib/python3.6/site-packages/airflow/example_dags/example_complex.py
[2022-02-12 14:29:38,807] {logging_mixin.py:104} INFO - [2022-02-12 14:29:38,807] {dag.py:1832} INFO - Sync 1 DAGs
[2022-02-12 14:29:38,829] {logging_mixin.py:104} INFO - [2022-02-12 14:29:38,829] {dag.py:2305} INFO - Setting next_dagrun for example_complex to None
[2022-02-12 14:29:38,856] {scheduler_job.py:190} INFO - Processing /home/agalli/sandbox/lib/python3.6/site-packages/airflow/example_dags/example_complex.py took 0.120 seconds
[2022-02-12 14:30:10,440] {scheduler_job.py:182} INFO - Started process (PID=11090) to work on /home/agalli/sandbox/lib/python3.6/site-packages/airflow/example_dags/example_complex.py
[2022-02-12 14:30:10,441] {scheduler_job.py:633} INFO - Processing file /home/agalli/sandbox/lib/python3.6/site-packages/airflow/example_dags/example_complex.py for tasks to queue
[2022-02-12 14:30:10,443] {logging_mixin.py:104} INFO - [2022-02-12 14:30:10,443] {dagbag.py:487} INFO - Filling up the DagBag from /home/agalli/sandbox/lib/python3.6/site-packages/airflow/example_dags/example_complex.py
[2022-02-12 14:30:10,470] {scheduler_job.py:643} INFO - DAG(s) dict_keys(['example_complex']) retrieved from /home/agalli/sandbox/lib/python3.6/site-packages/airflow/example_dags/example_complex.py
[2022-02-12 14:30:10,515] {logging_mixin.py:104} INFO - [2022-02-12 14:30:10,514] {dag.py:1832} INFO - Sync 1 DAGs
[2022-02-12 14:30:10,535] {logging_mixin.py:104} INFO - [2022-02-12 14:30:10,535] {dag.py:2305} INFO - Setting next_dagrun for example_complex to None
[2022-02-12 14:30:10,550] {scheduler_job.py:190} INFO - Processing /home/agalli/sandbox/lib/python3.6/site-packages/airflow/example_dags/example_complex.py took 0.116 seconds
[2022-02-12 14:52:20,163] {scheduler_job.py:182} INFO - Started process (PID=14479) to work on /home/agalli/sandbox/lib/python3.6/site-packages/airflow/example_dags/example_complex.py
[2022-02-12 14:52:20,176] {scheduler_job.py:633} INFO - Processing file /home/agalli/sandbox/lib/python3.6/site-packages/airflow/example_dags/example_complex.py for tasks to queue
[2022-02-12 14:52:20,200] {logging_mixin.py:104} INFO - [2022-02-12 14:52:20,194] {dagbag.py:487} INFO - Filling up the DagBag from /home/agalli/sandbox/lib/python3.6/site-packages/airflow/example_dags/example_complex.py
[2022-02-12 14:52:20,289] {scheduler_job.py:643} INFO - DAG(s) dict_keys(['example_complex']) retrieved from /home/agalli/sandbox/lib/python3.6/site-packages/airflow/example_dags/example_complex.py
[2022-02-12 14:52:20,519] {logging_mixin.py:104} INFO - [2022-02-12 14:52:20,519] {dag.py:1832} INFO - Sync 1 DAGs
[2022-02-12 14:52:20,741] {logging_mixin.py:104} INFO - [2022-02-12 14:52:20,741] {dag.py:2305} INFO - Setting next_dagrun for example_complex to None
[2022-02-12 14:52:20,788] {scheduler_job.py:190} INFO - Processing /home/agalli/sandbox/lib/python3.6/site-packages/airflow/example_dags/example_complex.py took 0.677 seconds
[2022-02-12 14:52:51,008] {scheduler_job.py:182} INFO - Started process (PID=14669) to work on /home/agalli/sandbox/lib/python3.6/site-packages/airflow/example_dags/example_complex.py
[2022-02-12 14:52:51,009] {scheduler_job.py:633} INFO - Processing file /home/agalli/sandbox/lib/python3.6/site-packages/airflow/example_dags/example_complex.py for tasks to queue
[2022-02-12 14:52:51,011] {logging_mixin.py:104} INFO - [2022-02-12 14:52:51,010] {dagbag.py:487} INFO - Filling up the DagBag from /home/agalli/sandbox/lib/python3.6/site-packages/airflow/example_dags/example_complex.py
[2022-02-12 14:52:51,045] {scheduler_job.py:643} INFO - DAG(s) dict_keys(['example_complex']) retrieved from /home/agalli/sandbox/lib/python3.6/site-packages/airflow/example_dags/example_complex.py
[2022-02-12 14:52:51,107] {logging_mixin.py:104} INFO - [2022-02-12 14:52:51,107] {dag.py:1832} INFO - Sync 1 DAGs
[2022-02-12 14:52:51,139] {logging_mixin.py:104} INFO - [2022-02-12 14:52:51,139] {dag.py:2305} INFO - Setting next_dagrun for example_complex to None
[2022-02-12 14:52:51,160] {scheduler_job.py:190} INFO - Processing /home/agalli/sandbox/lib/python3.6/site-packages/airflow/example_dags/example_complex.py took 0.159 seconds
[2022-02-12 14:53:23,458] {scheduler_job.py:182} INFO - Started process (PID=14989) to work on /home/agalli/sandbox/lib/python3.6/site-packages/airflow/example_dags/example_complex.py
[2022-02-12 14:53:23,472] {scheduler_job.py:633} INFO - Processing file /home/agalli/sandbox/lib/python3.6/site-packages/airflow/example_dags/example_complex.py for tasks to queue
[2022-02-12 14:53:23,475] {logging_mixin.py:104} INFO - [2022-02-12 14:53:23,475] {dagbag.py:487} INFO - Filling up the DagBag from /home/agalli/sandbox/lib/python3.6/site-packages/airflow/example_dags/example_complex.py
[2022-02-12 14:53:23,580] {scheduler_job.py:643} INFO - DAG(s) dict_keys(['example_complex']) retrieved from /home/agalli/sandbox/lib/python3.6/site-packages/airflow/example_dags/example_complex.py
[2022-02-12 14:53:23,687] {logging_mixin.py:104} INFO - [2022-02-12 14:53:23,687] {dag.py:1832} INFO - Sync 1 DAGs
[2022-02-12 14:53:23,783] {logging_mixin.py:104} INFO - [2022-02-12 14:53:23,783] {dag.py:2305} INFO - Setting next_dagrun for example_complex to None
[2022-02-12 14:53:23,826] {scheduler_job.py:190} INFO - Processing /home/agalli/sandbox/lib/python3.6/site-packages/airflow/example_dags/example_complex.py took 0.409 seconds
[2022-02-12 14:53:54,048] {scheduler_job.py:182} INFO - Started process (PID=15697) to work on /home/agalli/sandbox/lib/python3.6/site-packages/airflow/example_dags/example_complex.py
[2022-02-12 14:53:54,050] {scheduler_job.py:633} INFO - Processing file /home/agalli/sandbox/lib/python3.6/site-packages/airflow/example_dags/example_complex.py for tasks to queue
[2022-02-12 14:53:54,051] {logging_mixin.py:104} INFO - [2022-02-12 14:53:54,051] {dagbag.py:487} INFO - Filling up the DagBag from /home/agalli/sandbox/lib/python3.6/site-packages/airflow/example_dags/example_complex.py
[2022-02-12 14:53:54,085] {scheduler_job.py:643} INFO - DAG(s) dict_keys(['example_complex']) retrieved from /home/agalli/sandbox/lib/python3.6/site-packages/airflow/example_dags/example_complex.py
[2022-02-12 14:53:54,170] {logging_mixin.py:104} INFO - [2022-02-12 14:53:54,169] {dag.py:1832} INFO - Sync 1 DAGs
[2022-02-12 14:53:54,228] {logging_mixin.py:104} INFO - [2022-02-12 14:53:54,228] {dag.py:2305} INFO - Setting next_dagrun for example_complex to None
[2022-02-12 14:53:54,264] {scheduler_job.py:190} INFO - Processing /home/agalli/sandbox/lib/python3.6/site-packages/airflow/example_dags/example_complex.py took 0.226 seconds
[2022-02-12 14:54:24,624] {scheduler_job.py:182} INFO - Started process (PID=15827) to work on /home/agalli/sandbox/lib/python3.6/site-packages/airflow/example_dags/example_complex.py
[2022-02-12 14:54:24,625] {scheduler_job.py:633} INFO - Processing file /home/agalli/sandbox/lib/python3.6/site-packages/airflow/example_dags/example_complex.py for tasks to queue
[2022-02-12 14:54:24,626] {logging_mixin.py:104} INFO - [2022-02-12 14:54:24,626] {dagbag.py:487} INFO - Filling up the DagBag from /home/agalli/sandbox/lib/python3.6/site-packages/airflow/example_dags/example_complex.py
[2022-02-12 14:54:24,657] {scheduler_job.py:643} INFO - DAG(s) dict_keys(['example_complex']) retrieved from /home/agalli/sandbox/lib/python3.6/site-packages/airflow/example_dags/example_complex.py
[2022-02-12 14:54:24,723] {logging_mixin.py:104} INFO - [2022-02-12 14:54:24,723] {dag.py:1832} INFO - Sync 1 DAGs
[2022-02-12 14:54:24,762] {logging_mixin.py:104} INFO - [2022-02-12 14:54:24,761] {dag.py:2305} INFO - Setting next_dagrun for example_complex to None
[2022-02-12 14:54:24,778] {scheduler_job.py:190} INFO - Processing /home/agalli/sandbox/lib/python3.6/site-packages/airflow/example_dags/example_complex.py took 0.159 seconds
[2022-02-12 14:54:55,746] {scheduler_job.py:182} INFO - Started process (PID=15966) to work on /home/agalli/sandbox/lib/python3.6/site-packages/airflow/example_dags/example_complex.py
[2022-02-12 14:54:55,747] {scheduler_job.py:633} INFO - Processing file /home/agalli/sandbox/lib/python3.6/site-packages/airflow/example_dags/example_complex.py for tasks to queue
[2022-02-12 14:54:55,748] {logging_mixin.py:104} INFO - [2022-02-12 14:54:55,747] {dagbag.py:487} INFO - Filling up the DagBag from /home/agalli/sandbox/lib/python3.6/site-packages/airflow/example_dags/example_complex.py
[2022-02-12 14:54:55,768] {scheduler_job.py:643} INFO - DAG(s) dict_keys(['example_complex']) retrieved from /home/agalli/sandbox/lib/python3.6/site-packages/airflow/example_dags/example_complex.py
[2022-02-12 14:54:55,800] {logging_mixin.py:104} INFO - [2022-02-12 14:54:55,800] {dag.py:1832} INFO - Sync 1 DAGs
[2022-02-12 14:54:55,827] {logging_mixin.py:104} INFO - [2022-02-12 14:54:55,827] {dag.py:2305} INFO - Setting next_dagrun for example_complex to None
[2022-02-12 14:54:55,846] {scheduler_job.py:190} INFO - Processing /home/agalli/sandbox/lib/python3.6/site-packages/airflow/example_dags/example_complex.py took 0.104 seconds
[2022-02-12 14:55:26,846] {scheduler_job.py:182} INFO - Started process (PID=16091) to work on /home/agalli/sandbox/lib/python3.6/site-packages/airflow/example_dags/example_complex.py
[2022-02-12 14:55:26,848] {scheduler_job.py:633} INFO - Processing file /home/agalli/sandbox/lib/python3.6/site-packages/airflow/example_dags/example_complex.py for tasks to queue
[2022-02-12 14:55:26,849] {logging_mixin.py:104} INFO - [2022-02-12 14:55:26,849] {dagbag.py:487} INFO - Filling up the DagBag from /home/agalli/sandbox/lib/python3.6/site-packages/airflow/example_dags/example_complex.py
[2022-02-12 14:55:26,872] {scheduler_job.py:643} INFO - DAG(s) dict_keys(['example_complex']) retrieved from /home/agalli/sandbox/lib/python3.6/site-packages/airflow/example_dags/example_complex.py
[2022-02-12 14:55:26,907] {logging_mixin.py:104} INFO - [2022-02-12 14:55:26,907] {dag.py:1832} INFO - Sync 1 DAGs
[2022-02-12 14:55:26,924] {logging_mixin.py:104} INFO - [2022-02-12 14:55:26,924] {dag.py:2305} INFO - Setting next_dagrun for example_complex to None
[2022-02-12 14:55:26,939] {scheduler_job.py:190} INFO - Processing /home/agalli/sandbox/lib/python3.6/site-packages/airflow/example_dags/example_complex.py took 0.097 seconds
[2022-02-12 14:56:41,629] {scheduler_job.py:182} INFO - Started process (PID=16416) to work on /home/agalli/sandbox/lib/python3.6/site-packages/airflow/example_dags/example_complex.py
[2022-02-12 14:56:41,643] {scheduler_job.py:633} INFO - Processing file /home/agalli/sandbox/lib/python3.6/site-packages/airflow/example_dags/example_complex.py for tasks to queue
[2022-02-12 14:56:41,644] {logging_mixin.py:104} INFO - [2022-02-12 14:56:41,644] {dagbag.py:487} INFO - Filling up the DagBag from /home/agalli/sandbox/lib/python3.6/site-packages/airflow/example_dags/example_complex.py
[2022-02-12 14:56:41,757] {scheduler_job.py:643} INFO - DAG(s) dict_keys(['example_complex']) retrieved from /home/agalli/sandbox/lib/python3.6/site-packages/airflow/example_dags/example_complex.py
[2022-02-12 14:56:41,840] {logging_mixin.py:104} INFO - [2022-02-12 14:56:41,840] {dag.py:1832} INFO - Sync 1 DAGs
[2022-02-12 14:56:41,882] {logging_mixin.py:104} INFO - [2022-02-12 14:56:41,882] {dag.py:2305} INFO - Setting next_dagrun for example_complex to None
[2022-02-12 14:56:41,944] {scheduler_job.py:190} INFO - Processing /home/agalli/sandbox/lib/python3.6/site-packages/airflow/example_dags/example_complex.py took 0.336 seconds
[2022-02-12 14:57:12,819] {scheduler_job.py:182} INFO - Started process (PID=16515) to work on /home/agalli/sandbox/lib/python3.6/site-packages/airflow/example_dags/example_complex.py
[2022-02-12 14:57:12,821] {scheduler_job.py:633} INFO - Processing file /home/agalli/sandbox/lib/python3.6/site-packages/airflow/example_dags/example_complex.py for tasks to queue
[2022-02-12 14:57:12,822] {logging_mixin.py:104} INFO - [2022-02-12 14:57:12,822] {dagbag.py:487} INFO - Filling up the DagBag from /home/agalli/sandbox/lib/python3.6/site-packages/airflow/example_dags/example_complex.py
[2022-02-12 14:57:12,853] {scheduler_job.py:643} INFO - DAG(s) dict_keys(['example_complex']) retrieved from /home/agalli/sandbox/lib/python3.6/site-packages/airflow/example_dags/example_complex.py
[2022-02-12 14:57:12,883] {logging_mixin.py:104} INFO - [2022-02-12 14:57:12,883] {dag.py:1832} INFO - Sync 1 DAGs
[2022-02-12 14:57:12,898] {logging_mixin.py:104} INFO - [2022-02-12 14:57:12,898] {dag.py:2305} INFO - Setting next_dagrun for example_complex to None
[2022-02-12 14:57:12,910] {scheduler_job.py:190} INFO - Processing /home/agalli/sandbox/lib/python3.6/site-packages/airflow/example_dags/example_complex.py took 0.097 seconds
[2022-02-12 14:57:43,423] {scheduler_job.py:182} INFO - Started process (PID=16705) to work on /home/agalli/sandbox/lib/python3.6/site-packages/airflow/example_dags/example_complex.py
[2022-02-12 14:57:43,424] {scheduler_job.py:633} INFO - Processing file /home/agalli/sandbox/lib/python3.6/site-packages/airflow/example_dags/example_complex.py for tasks to queue
[2022-02-12 14:57:43,425] {logging_mixin.py:104} INFO - [2022-02-12 14:57:43,425] {dagbag.py:487} INFO - Filling up the DagBag from /home/agalli/sandbox/lib/python3.6/site-packages/airflow/example_dags/example_complex.py
[2022-02-12 14:57:43,446] {scheduler_job.py:643} INFO - DAG(s) dict_keys(['example_complex']) retrieved from /home/agalli/sandbox/lib/python3.6/site-packages/airflow/example_dags/example_complex.py
[2022-02-12 14:57:43,478] {logging_mixin.py:104} INFO - [2022-02-12 14:57:43,478] {dag.py:1832} INFO - Sync 1 DAGs
[2022-02-12 14:57:43,494] {logging_mixin.py:104} INFO - [2022-02-12 14:57:43,494] {dag.py:2305} INFO - Setting next_dagrun for example_complex to None
[2022-02-12 14:57:43,512] {scheduler_job.py:190} INFO - Processing /home/agalli/sandbox/lib/python3.6/site-packages/airflow/example_dags/example_complex.py took 0.092 seconds
[2022-02-12 14:58:13,915] {scheduler_job.py:182} INFO - Started process (PID=16775) to work on /home/agalli/sandbox/lib/python3.6/site-packages/airflow/example_dags/example_complex.py
[2022-02-12 14:58:13,916] {scheduler_job.py:633} INFO - Processing file /home/agalli/sandbox/lib/python3.6/site-packages/airflow/example_dags/example_complex.py for tasks to queue
[2022-02-12 14:58:13,917] {logging_mixin.py:104} INFO - [2022-02-12 14:58:13,917] {dagbag.py:487} INFO - Filling up the DagBag from /home/agalli/sandbox/lib/python3.6/site-packages/airflow/example_dags/example_complex.py
[2022-02-12 14:58:13,937] {scheduler_job.py:643} INFO - DAG(s) dict_keys(['example_complex']) retrieved from /home/agalli/sandbox/lib/python3.6/site-packages/airflow/example_dags/example_complex.py
[2022-02-12 14:58:13,967] {logging_mixin.py:104} INFO - [2022-02-12 14:58:13,966] {dag.py:1832} INFO - Sync 1 DAGs
[2022-02-12 14:58:13,985] {logging_mixin.py:104} INFO - [2022-02-12 14:58:13,985] {dag.py:2305} INFO - Setting next_dagrun for example_complex to None
[2022-02-12 14:58:14,000] {scheduler_job.py:190} INFO - Processing /home/agalli/sandbox/lib/python3.6/site-packages/airflow/example_dags/example_complex.py took 0.088 seconds
[2022-02-12 14:58:44,216] {scheduler_job.py:182} INFO - Started process (PID=16844) to work on /home/agalli/sandbox/lib/python3.6/site-packages/airflow/example_dags/example_complex.py
[2022-02-12 14:58:44,217] {scheduler_job.py:633} INFO - Processing file /home/agalli/sandbox/lib/python3.6/site-packages/airflow/example_dags/example_complex.py for tasks to queue
[2022-02-12 14:58:44,218] {logging_mixin.py:104} INFO - [2022-02-12 14:58:44,217] {dagbag.py:487} INFO - Filling up the DagBag from /home/agalli/sandbox/lib/python3.6/site-packages/airflow/example_dags/example_complex.py
[2022-02-12 14:58:44,251] {scheduler_job.py:643} INFO - DAG(s) dict_keys(['example_complex']) retrieved from /home/agalli/sandbox/lib/python3.6/site-packages/airflow/example_dags/example_complex.py
[2022-02-12 14:58:44,289] {logging_mixin.py:104} INFO - [2022-02-12 14:58:44,289] {dag.py:1832} INFO - Sync 1 DAGs
[2022-02-12 14:58:44,311] {logging_mixin.py:104} INFO - [2022-02-12 14:58:44,311] {dag.py:2305} INFO - Setting next_dagrun for example_complex to None
[2022-02-12 14:58:44,328] {scheduler_job.py:190} INFO - Processing /home/agalli/sandbox/lib/python3.6/site-packages/airflow/example_dags/example_complex.py took 0.116 seconds
[2022-02-12 14:59:14,708] {scheduler_job.py:182} INFO - Started process (PID=16915) to work on /home/agalli/sandbox/lib/python3.6/site-packages/airflow/example_dags/example_complex.py
[2022-02-12 14:59:14,710] {scheduler_job.py:633} INFO - Processing file /home/agalli/sandbox/lib/python3.6/site-packages/airflow/example_dags/example_complex.py for tasks to queue
[2022-02-12 14:59:14,711] {logging_mixin.py:104} INFO - [2022-02-12 14:59:14,711] {dagbag.py:487} INFO - Filling up the DagBag from /home/agalli/sandbox/lib/python3.6/site-packages/airflow/example_dags/example_complex.py
[2022-02-12 14:59:14,774] {scheduler_job.py:643} INFO - DAG(s) dict_keys(['example_complex']) retrieved from /home/agalli/sandbox/lib/python3.6/site-packages/airflow/example_dags/example_complex.py
[2022-02-12 14:59:14,886] {logging_mixin.py:104} INFO - [2022-02-12 14:59:14,886] {dag.py:1832} INFO - Sync 1 DAGs
[2022-02-12 14:59:14,912] {logging_mixin.py:104} INFO - [2022-02-12 14:59:14,911] {dag.py:2305} INFO - Setting next_dagrun for example_complex to None
[2022-02-12 14:59:14,936] {scheduler_job.py:190} INFO - Processing /home/agalli/sandbox/lib/python3.6/site-packages/airflow/example_dags/example_complex.py took 0.243 seconds
[2022-02-12 14:59:45,069] {scheduler_job.py:182} INFO - Started process (PID=16985) to work on /home/agalli/sandbox/lib/python3.6/site-packages/airflow/example_dags/example_complex.py
[2022-02-12 14:59:45,072] {scheduler_job.py:633} INFO - Processing file /home/agalli/sandbox/lib/python3.6/site-packages/airflow/example_dags/example_complex.py for tasks to queue
[2022-02-12 14:59:45,074] {logging_mixin.py:104} INFO - [2022-02-12 14:59:45,073] {dagbag.py:487} INFO - Filling up the DagBag from /home/agalli/sandbox/lib/python3.6/site-packages/airflow/example_dags/example_complex.py
[2022-02-12 14:59:45,123] {scheduler_job.py:643} INFO - DAG(s) dict_keys(['example_complex']) retrieved from /home/agalli/sandbox/lib/python3.6/site-packages/airflow/example_dags/example_complex.py
[2022-02-12 14:59:45,174] {logging_mixin.py:104} INFO - [2022-02-12 14:59:45,173] {dag.py:1832} INFO - Sync 1 DAGs
[2022-02-12 14:59:45,205] {logging_mixin.py:104} INFO - [2022-02-12 14:59:45,205] {dag.py:2305} INFO - Setting next_dagrun for example_complex to None
[2022-02-12 14:59:45,235] {scheduler_job.py:190} INFO - Processing /home/agalli/sandbox/lib/python3.6/site-packages/airflow/example_dags/example_complex.py took 0.178 seconds
[2022-02-12 15:00:16,382] {scheduler_job.py:182} INFO - Started process (PID=17055) to work on /home/agalli/sandbox/lib/python3.6/site-packages/airflow/example_dags/example_complex.py
[2022-02-12 15:00:16,384] {scheduler_job.py:633} INFO - Processing file /home/agalli/sandbox/lib/python3.6/site-packages/airflow/example_dags/example_complex.py for tasks to queue
[2022-02-12 15:00:16,385] {logging_mixin.py:104} INFO - [2022-02-12 15:00:16,385] {dagbag.py:487} INFO - Filling up the DagBag from /home/agalli/sandbox/lib/python3.6/site-packages/airflow/example_dags/example_complex.py
[2022-02-12 15:00:16,424] {scheduler_job.py:643} INFO - DAG(s) dict_keys(['example_complex']) retrieved from /home/agalli/sandbox/lib/python3.6/site-packages/airflow/example_dags/example_complex.py
[2022-02-12 15:00:16,503] {logging_mixin.py:104} INFO - [2022-02-12 15:00:16,502] {dag.py:1832} INFO - Sync 1 DAGs
[2022-02-12 15:00:16,530] {logging_mixin.py:104} INFO - [2022-02-12 15:00:16,530] {dag.py:2305} INFO - Setting next_dagrun for example_complex to None
[2022-02-12 15:00:16,558] {scheduler_job.py:190} INFO - Processing /home/agalli/sandbox/lib/python3.6/site-packages/airflow/example_dags/example_complex.py took 0.183 seconds
[2022-02-12 15:00:48,031] {scheduler_job.py:182} INFO - Started process (PID=17730) to work on /home/agalli/sandbox/lib/python3.6/site-packages/airflow/example_dags/example_complex.py
[2022-02-12 15:00:48,034] {scheduler_job.py:633} INFO - Processing file /home/agalli/sandbox/lib/python3.6/site-packages/airflow/example_dags/example_complex.py for tasks to queue
[2022-02-12 15:00:48,036] {logging_mixin.py:104} INFO - [2022-02-12 15:00:48,036] {dagbag.py:487} INFO - Filling up the DagBag from /home/agalli/sandbox/lib/python3.6/site-packages/airflow/example_dags/example_complex.py
[2022-02-12 15:00:48,254] {scheduler_job.py:643} INFO - DAG(s) dict_keys(['example_complex']) retrieved from /home/agalli/sandbox/lib/python3.6/site-packages/airflow/example_dags/example_complex.py
[2022-02-12 15:00:48,454] {logging_mixin.py:104} INFO - [2022-02-12 15:00:48,453] {dag.py:1832} INFO - Sync 1 DAGs
[2022-02-12 15:00:48,552] {logging_mixin.py:104} INFO - [2022-02-12 15:00:48,552] {dag.py:2305} INFO - Setting next_dagrun for example_complex to None
[2022-02-12 15:00:48,725] {scheduler_job.py:190} INFO - Processing /home/agalli/sandbox/lib/python3.6/site-packages/airflow/example_dags/example_complex.py took 0.725 seconds
[2022-02-12 15:01:18,796] {scheduler_job.py:182} INFO - Started process (PID=17992) to work on /home/agalli/sandbox/lib/python3.6/site-packages/airflow/example_dags/example_complex.py
[2022-02-12 15:01:18,797] {scheduler_job.py:633} INFO - Processing file /home/agalli/sandbox/lib/python3.6/site-packages/airflow/example_dags/example_complex.py for tasks to queue
[2022-02-12 15:01:18,797] {logging_mixin.py:104} INFO - [2022-02-12 15:01:18,797] {dagbag.py:487} INFO - Filling up the DagBag from /home/agalli/sandbox/lib/python3.6/site-packages/airflow/example_dags/example_complex.py
[2022-02-12 15:01:18,816] {scheduler_job.py:643} INFO - DAG(s) dict_keys(['example_complex']) retrieved from /home/agalli/sandbox/lib/python3.6/site-packages/airflow/example_dags/example_complex.py
[2022-02-12 15:01:18,848] {logging_mixin.py:104} INFO - [2022-02-12 15:01:18,848] {dag.py:1832} INFO - Sync 1 DAGs
[2022-02-12 15:01:18,865] {logging_mixin.py:104} INFO - [2022-02-12 15:01:18,865] {dag.py:2305} INFO - Setting next_dagrun for example_complex to None
[2022-02-12 15:01:18,878] {scheduler_job.py:190} INFO - Processing /home/agalli/sandbox/lib/python3.6/site-packages/airflow/example_dags/example_complex.py took 0.086 seconds
[2022-02-12 15:01:49,302] {scheduler_job.py:182} INFO - Started process (PID=18190) to work on /home/agalli/sandbox/lib/python3.6/site-packages/airflow/example_dags/example_complex.py
[2022-02-12 15:01:49,304] {scheduler_job.py:633} INFO - Processing file /home/agalli/sandbox/lib/python3.6/site-packages/airflow/example_dags/example_complex.py for tasks to queue
[2022-02-12 15:01:49,305] {logging_mixin.py:104} INFO - [2022-02-12 15:01:49,305] {dagbag.py:487} INFO - Filling up the DagBag from /home/agalli/sandbox/lib/python3.6/site-packages/airflow/example_dags/example_complex.py
[2022-02-12 15:01:49,328] {scheduler_job.py:643} INFO - DAG(s) dict_keys(['example_complex']) retrieved from /home/agalli/sandbox/lib/python3.6/site-packages/airflow/example_dags/example_complex.py
[2022-02-12 15:01:49,384] {logging_mixin.py:104} INFO - [2022-02-12 15:01:49,384] {dag.py:1832} INFO - Sync 1 DAGs
[2022-02-12 15:01:49,409] {logging_mixin.py:104} INFO - [2022-02-12 15:01:49,408] {dag.py:2305} INFO - Setting next_dagrun for example_complex to None
[2022-02-12 15:01:49,423] {scheduler_job.py:190} INFO - Processing /home/agalli/sandbox/lib/python3.6/site-packages/airflow/example_dags/example_complex.py took 0.126 seconds
[2022-02-12 15:02:19,948] {scheduler_job.py:182} INFO - Started process (PID=18512) to work on /home/agalli/sandbox/lib/python3.6/site-packages/airflow/example_dags/example_complex.py
[2022-02-12 15:02:19,961] {scheduler_job.py:633} INFO - Processing file /home/agalli/sandbox/lib/python3.6/site-packages/airflow/example_dags/example_complex.py for tasks to queue
[2022-02-12 15:02:19,964] {logging_mixin.py:104} INFO - [2022-02-12 15:02:19,964] {dagbag.py:487} INFO - Filling up the DagBag from /home/agalli/sandbox/lib/python3.6/site-packages/airflow/example_dags/example_complex.py
[2022-02-12 15:02:20,105] {scheduler_job.py:643} INFO - DAG(s) dict_keys(['example_complex']) retrieved from /home/agalli/sandbox/lib/python3.6/site-packages/airflow/example_dags/example_complex.py
[2022-02-12 15:02:20,307] {logging_mixin.py:104} INFO - [2022-02-12 15:02:20,307] {dag.py:1832} INFO - Sync 1 DAGs
[2022-02-12 15:02:20,385] {logging_mixin.py:104} INFO - [2022-02-12 15:02:20,384] {dag.py:2305} INFO - Setting next_dagrun for example_complex to None
[2022-02-12 15:02:20,434] {scheduler_job.py:190} INFO - Processing /home/agalli/sandbox/lib/python3.6/site-packages/airflow/example_dags/example_complex.py took 0.507 seconds
[2022-02-12 15:02:51,349] {scheduler_job.py:182} INFO - Started process (PID=18999) to work on /home/agalli/sandbox/lib/python3.6/site-packages/airflow/example_dags/example_complex.py
[2022-02-12 15:02:51,352] {scheduler_job.py:633} INFO - Processing file /home/agalli/sandbox/lib/python3.6/site-packages/airflow/example_dags/example_complex.py for tasks to queue
[2022-02-12 15:02:51,353] {logging_mixin.py:104} INFO - [2022-02-12 15:02:51,353] {dagbag.py:487} INFO - Filling up the DagBag from /home/agalli/sandbox/lib/python3.6/site-packages/airflow/example_dags/example_complex.py
[2022-02-12 15:02:51,383] {scheduler_job.py:643} INFO - DAG(s) dict_keys(['example_complex']) retrieved from /home/agalli/sandbox/lib/python3.6/site-packages/airflow/example_dags/example_complex.py
[2022-02-12 15:02:51,439] {logging_mixin.py:104} INFO - [2022-02-12 15:02:51,439] {dag.py:1832} INFO - Sync 1 DAGs
[2022-02-12 15:02:51,471] {logging_mixin.py:104} INFO - [2022-02-12 15:02:51,470] {dag.py:2305} INFO - Setting next_dagrun for example_complex to None
[2022-02-12 15:02:51,502] {scheduler_job.py:190} INFO - Processing /home/agalli/sandbox/lib/python3.6/site-packages/airflow/example_dags/example_complex.py took 0.156 seconds
[2022-02-12 15:03:21,843] {scheduler_job.py:182} INFO - Started process (PID=19334) to work on /home/agalli/sandbox/lib/python3.6/site-packages/airflow/example_dags/example_complex.py
[2022-02-12 15:03:21,844] {scheduler_job.py:633} INFO - Processing file /home/agalli/sandbox/lib/python3.6/site-packages/airflow/example_dags/example_complex.py for tasks to queue
[2022-02-12 15:03:21,845] {logging_mixin.py:104} INFO - [2022-02-12 15:03:21,845] {dagbag.py:487} INFO - Filling up the DagBag from /home/agalli/sandbox/lib/python3.6/site-packages/airflow/example_dags/example_complex.py
[2022-02-12 15:03:21,868] {scheduler_job.py:643} INFO - DAG(s) dict_keys(['example_complex']) retrieved from /home/agalli/sandbox/lib/python3.6/site-packages/airflow/example_dags/example_complex.py
[2022-02-12 15:03:21,923] {logging_mixin.py:104} INFO - [2022-02-12 15:03:21,923] {dag.py:1832} INFO - Sync 1 DAGs
[2022-02-12 15:03:21,951] {logging_mixin.py:104} INFO - [2022-02-12 15:03:21,950] {dag.py:2305} INFO - Setting next_dagrun for example_complex to None
[2022-02-12 15:03:21,971] {scheduler_job.py:190} INFO - Processing /home/agalli/sandbox/lib/python3.6/site-packages/airflow/example_dags/example_complex.py took 0.135 seconds
[2022-02-12 15:03:52,180] {scheduler_job.py:182} INFO - Started process (PID=19536) to work on /home/agalli/sandbox/lib/python3.6/site-packages/airflow/example_dags/example_complex.py
[2022-02-12 15:03:52,181] {scheduler_job.py:633} INFO - Processing file /home/agalli/sandbox/lib/python3.6/site-packages/airflow/example_dags/example_complex.py for tasks to queue
[2022-02-12 15:03:52,182] {logging_mixin.py:104} INFO - [2022-02-12 15:03:52,182] {dagbag.py:487} INFO - Filling up the DagBag from /home/agalli/sandbox/lib/python3.6/site-packages/airflow/example_dags/example_complex.py
[2022-02-12 15:03:52,228] {scheduler_job.py:643} INFO - DAG(s) dict_keys(['example_complex']) retrieved from /home/agalli/sandbox/lib/python3.6/site-packages/airflow/example_dags/example_complex.py
[2022-02-12 15:03:52,299] {logging_mixin.py:104} INFO - [2022-02-12 15:03:52,297] {dag.py:1832} INFO - Sync 1 DAGs
[2022-02-12 15:03:52,326] {logging_mixin.py:104} INFO - [2022-02-12 15:03:52,326] {dag.py:2305} INFO - Setting next_dagrun for example_complex to None
[2022-02-12 15:03:52,351] {scheduler_job.py:190} INFO - Processing /home/agalli/sandbox/lib/python3.6/site-packages/airflow/example_dags/example_complex.py took 0.175 seconds
[2022-02-12 15:04:22,676] {scheduler_job.py:182} INFO - Started process (PID=19738) to work on /home/agalli/sandbox/lib/python3.6/site-packages/airflow/example_dags/example_complex.py
[2022-02-12 15:04:22,677] {scheduler_job.py:633} INFO - Processing file /home/agalli/sandbox/lib/python3.6/site-packages/airflow/example_dags/example_complex.py for tasks to queue
[2022-02-12 15:04:22,678] {logging_mixin.py:104} INFO - [2022-02-12 15:04:22,678] {dagbag.py:487} INFO - Filling up the DagBag from /home/agalli/sandbox/lib/python3.6/site-packages/airflow/example_dags/example_complex.py
[2022-02-12 15:04:22,701] {scheduler_job.py:643} INFO - DAG(s) dict_keys(['example_complex']) retrieved from /home/agalli/sandbox/lib/python3.6/site-packages/airflow/example_dags/example_complex.py
[2022-02-12 15:04:22,735] {logging_mixin.py:104} INFO - [2022-02-12 15:04:22,735] {dag.py:1832} INFO - Sync 1 DAGs
[2022-02-12 15:04:22,754] {logging_mixin.py:104} INFO - [2022-02-12 15:04:22,754] {dag.py:2305} INFO - Setting next_dagrun for example_complex to None
[2022-02-12 15:04:22,767] {scheduler_job.py:190} INFO - Processing /home/agalli/sandbox/lib/python3.6/site-packages/airflow/example_dags/example_complex.py took 0.095 seconds
[2022-02-12 15:04:52,847] {scheduler_job.py:182} INFO - Started process (PID=19940) to work on /home/agalli/sandbox/lib/python3.6/site-packages/airflow/example_dags/example_complex.py
[2022-02-12 15:04:52,848] {scheduler_job.py:633} INFO - Processing file /home/agalli/sandbox/lib/python3.6/site-packages/airflow/example_dags/example_complex.py for tasks to queue
[2022-02-12 15:04:52,850] {logging_mixin.py:104} INFO - [2022-02-12 15:04:52,850] {dagbag.py:487} INFO - Filling up the DagBag from /home/agalli/sandbox/lib/python3.6/site-packages/airflow/example_dags/example_complex.py
[2022-02-12 15:04:52,878] {scheduler_job.py:643} INFO - DAG(s) dict_keys(['example_complex']) retrieved from /home/agalli/sandbox/lib/python3.6/site-packages/airflow/example_dags/example_complex.py
[2022-02-12 15:04:52,933] {logging_mixin.py:104} INFO - [2022-02-12 15:04:52,933] {dag.py:1832} INFO - Sync 1 DAGs
[2022-02-12 15:04:52,957] {logging_mixin.py:104} INFO - [2022-02-12 15:04:52,957] {dag.py:2305} INFO - Setting next_dagrun for example_complex to None
[2022-02-12 15:04:52,978] {scheduler_job.py:190} INFO - Processing /home/agalli/sandbox/lib/python3.6/site-packages/airflow/example_dags/example_complex.py took 0.135 seconds
[2022-02-12 15:05:23,709] {scheduler_job.py:182} INFO - Started process (PID=20142) to work on /home/agalli/sandbox/lib/python3.6/site-packages/airflow/example_dags/example_complex.py
[2022-02-12 15:05:23,711] {scheduler_job.py:633} INFO - Processing file /home/agalli/sandbox/lib/python3.6/site-packages/airflow/example_dags/example_complex.py for tasks to queue
[2022-02-12 15:05:23,712] {logging_mixin.py:104} INFO - [2022-02-12 15:05:23,712] {dagbag.py:487} INFO - Filling up the DagBag from /home/agalli/sandbox/lib/python3.6/site-packages/airflow/example_dags/example_complex.py
[2022-02-12 15:05:23,736] {scheduler_job.py:643} INFO - DAG(s) dict_keys(['example_complex']) retrieved from /home/agalli/sandbox/lib/python3.6/site-packages/airflow/example_dags/example_complex.py
[2022-02-12 15:05:23,778] {logging_mixin.py:104} INFO - [2022-02-12 15:05:23,778] {dag.py:1832} INFO - Sync 1 DAGs
[2022-02-12 15:05:23,803] {logging_mixin.py:104} INFO - [2022-02-12 15:05:23,803] {dag.py:2305} INFO - Setting next_dagrun for example_complex to None
[2022-02-12 15:05:23,825] {scheduler_job.py:190} INFO - Processing /home/agalli/sandbox/lib/python3.6/site-packages/airflow/example_dags/example_complex.py took 0.122 seconds
[2022-02-12 15:05:54,432] {scheduler_job.py:182} INFO - Started process (PID=20464) to work on /home/agalli/sandbox/lib/python3.6/site-packages/airflow/example_dags/example_complex.py
[2022-02-12 15:05:54,434] {scheduler_job.py:633} INFO - Processing file /home/agalli/sandbox/lib/python3.6/site-packages/airflow/example_dags/example_complex.py for tasks to queue
[2022-02-12 15:05:54,435] {logging_mixin.py:104} INFO - [2022-02-12 15:05:54,435] {dagbag.py:487} INFO - Filling up the DagBag from /home/agalli/sandbox/lib/python3.6/site-packages/airflow/example_dags/example_complex.py
[2022-02-12 15:05:54,463] {scheduler_job.py:643} INFO - DAG(s) dict_keys(['example_complex']) retrieved from /home/agalli/sandbox/lib/python3.6/site-packages/airflow/example_dags/example_complex.py
[2022-02-12 15:05:54,504] {logging_mixin.py:104} INFO - [2022-02-12 15:05:54,504] {dag.py:1832} INFO - Sync 1 DAGs
[2022-02-12 15:05:54,530] {logging_mixin.py:104} INFO - [2022-02-12 15:05:54,530] {dag.py:2305} INFO - Setting next_dagrun for example_complex to None
[2022-02-12 15:05:54,548] {scheduler_job.py:190} INFO - Processing /home/agalli/sandbox/lib/python3.6/site-packages/airflow/example_dags/example_complex.py took 0.121 seconds
[2022-02-12 15:06:25,367] {scheduler_job.py:182} INFO - Started process (PID=20666) to work on /home/agalli/sandbox/lib/python3.6/site-packages/airflow/example_dags/example_complex.py
[2022-02-12 15:06:25,374] {scheduler_job.py:633} INFO - Processing file /home/agalli/sandbox/lib/python3.6/site-packages/airflow/example_dags/example_complex.py for tasks to queue
[2022-02-12 15:06:25,378] {logging_mixin.py:104} INFO - [2022-02-12 15:06:25,378] {dagbag.py:487} INFO - Filling up the DagBag from /home/agalli/sandbox/lib/python3.6/site-packages/airflow/example_dags/example_complex.py
[2022-02-12 15:06:25,423] {scheduler_job.py:643} INFO - DAG(s) dict_keys(['example_complex']) retrieved from /home/agalli/sandbox/lib/python3.6/site-packages/airflow/example_dags/example_complex.py
[2022-02-12 15:06:25,481] {logging_mixin.py:104} INFO - [2022-02-12 15:06:25,481] {dag.py:1832} INFO - Sync 1 DAGs
[2022-02-12 15:06:25,506] {logging_mixin.py:104} INFO - [2022-02-12 15:06:25,505] {dag.py:2305} INFO - Setting next_dagrun for example_complex to None
[2022-02-12 15:06:25,523] {scheduler_job.py:190} INFO - Processing /home/agalli/sandbox/lib/python3.6/site-packages/airflow/example_dags/example_complex.py took 0.173 seconds
[2022-02-12 15:06:55,573] {scheduler_job.py:182} INFO - Started process (PID=20868) to work on /home/agalli/sandbox/lib/python3.6/site-packages/airflow/example_dags/example_complex.py
[2022-02-12 15:06:55,575] {scheduler_job.py:633} INFO - Processing file /home/agalli/sandbox/lib/python3.6/site-packages/airflow/example_dags/example_complex.py for tasks to queue
[2022-02-12 15:06:55,577] {logging_mixin.py:104} INFO - [2022-02-12 15:06:55,577] {dagbag.py:487} INFO - Filling up the DagBag from /home/agalli/sandbox/lib/python3.6/site-packages/airflow/example_dags/example_complex.py
[2022-02-12 15:06:55,629] {scheduler_job.py:643} INFO - DAG(s) dict_keys(['example_complex']) retrieved from /home/agalli/sandbox/lib/python3.6/site-packages/airflow/example_dags/example_complex.py
[2022-02-12 15:06:55,699] {logging_mixin.py:104} INFO - [2022-02-12 15:06:55,698] {dag.py:1832} INFO - Sync 1 DAGs
[2022-02-12 15:06:55,724] {logging_mixin.py:104} INFO - [2022-02-12 15:06:55,724] {dag.py:2305} INFO - Setting next_dagrun for example_complex to None
[2022-02-12 15:06:55,744] {scheduler_job.py:190} INFO - Processing /home/agalli/sandbox/lib/python3.6/site-packages/airflow/example_dags/example_complex.py took 0.177 seconds
[2022-02-12 15:07:26,230] {scheduler_job.py:182} INFO - Started process (PID=21071) to work on /home/agalli/sandbox/lib/python3.6/site-packages/airflow/example_dags/example_complex.py
[2022-02-12 15:07:26,231] {scheduler_job.py:633} INFO - Processing file /home/agalli/sandbox/lib/python3.6/site-packages/airflow/example_dags/example_complex.py for tasks to queue
[2022-02-12 15:07:26,232] {logging_mixin.py:104} INFO - [2022-02-12 15:07:26,232] {dagbag.py:487} INFO - Filling up the DagBag from /home/agalli/sandbox/lib/python3.6/site-packages/airflow/example_dags/example_complex.py
[2022-02-12 15:07:26,273] {scheduler_job.py:643} INFO - DAG(s) dict_keys(['example_complex']) retrieved from /home/agalli/sandbox/lib/python3.6/site-packages/airflow/example_dags/example_complex.py
[2022-02-12 15:07:26,329] {logging_mixin.py:104} INFO - [2022-02-12 15:07:26,329] {dag.py:1832} INFO - Sync 1 DAGs
[2022-02-12 15:07:26,368] {logging_mixin.py:104} INFO - [2022-02-12 15:07:26,367] {dag.py:2305} INFO - Setting next_dagrun for example_complex to None
[2022-02-12 15:07:26,393] {scheduler_job.py:190} INFO - Processing /home/agalli/sandbox/lib/python3.6/site-packages/airflow/example_dags/example_complex.py took 0.175 seconds
[2022-02-12 15:07:56,770] {scheduler_job.py:182} INFO - Started process (PID=21270) to work on /home/agalli/sandbox/lib/python3.6/site-packages/airflow/example_dags/example_complex.py
[2022-02-12 15:07:56,774] {scheduler_job.py:633} INFO - Processing file /home/agalli/sandbox/lib/python3.6/site-packages/airflow/example_dags/example_complex.py for tasks to queue
[2022-02-12 15:07:56,776] {logging_mixin.py:104} INFO - [2022-02-12 15:07:56,775] {dagbag.py:487} INFO - Filling up the DagBag from /home/agalli/sandbox/lib/python3.6/site-packages/airflow/example_dags/example_complex.py
[2022-02-12 15:07:56,837] {scheduler_job.py:643} INFO - DAG(s) dict_keys(['example_complex']) retrieved from /home/agalli/sandbox/lib/python3.6/site-packages/airflow/example_dags/example_complex.py
[2022-02-12 15:07:56,972] {logging_mixin.py:104} INFO - [2022-02-12 15:07:56,972] {dag.py:1832} INFO - Sync 1 DAGs
[2022-02-12 15:07:57,049] {logging_mixin.py:104} INFO - [2022-02-12 15:07:57,049] {dag.py:2305} INFO - Setting next_dagrun for example_complex to None
[2022-02-12 15:07:57,105] {scheduler_job.py:190} INFO - Processing /home/agalli/sandbox/lib/python3.6/site-packages/airflow/example_dags/example_complex.py took 0.346 seconds
[2022-02-12 15:08:27,485] {scheduler_job.py:182} INFO - Started process (PID=21469) to work on /home/agalli/sandbox/lib/python3.6/site-packages/airflow/example_dags/example_complex.py
[2022-02-12 15:08:27,487] {scheduler_job.py:633} INFO - Processing file /home/agalli/sandbox/lib/python3.6/site-packages/airflow/example_dags/example_complex.py for tasks to queue
[2022-02-12 15:08:27,488] {logging_mixin.py:104} INFO - [2022-02-12 15:08:27,487] {dagbag.py:487} INFO - Filling up the DagBag from /home/agalli/sandbox/lib/python3.6/site-packages/airflow/example_dags/example_complex.py
[2022-02-12 15:08:27,526] {scheduler_job.py:643} INFO - DAG(s) dict_keys(['example_complex']) retrieved from /home/agalli/sandbox/lib/python3.6/site-packages/airflow/example_dags/example_complex.py
[2022-02-12 15:08:27,571] {logging_mixin.py:104} INFO - [2022-02-12 15:08:27,571] {dag.py:1832} INFO - Sync 1 DAGs
[2022-02-12 15:08:27,591] {logging_mixin.py:104} INFO - [2022-02-12 15:08:27,591] {dag.py:2305} INFO - Setting next_dagrun for example_complex to None
[2022-02-12 15:08:27,613] {scheduler_job.py:190} INFO - Processing /home/agalli/sandbox/lib/python3.6/site-packages/airflow/example_dags/example_complex.py took 0.133 seconds
