[2022-02-12 13:57:26,940] {scheduler_job.py:182} INFO - Started process (PID=1734) to work on /home/agalli/sandbox/lib/python3.6/site-packages/airflow/example_dags/example_latest_only.py
[2022-02-12 13:57:26,944] {scheduler_job.py:633} INFO - Processing file /home/agalli/sandbox/lib/python3.6/site-packages/airflow/example_dags/example_latest_only.py for tasks to queue
[2022-02-12 13:57:26,945] {logging_mixin.py:104} INFO - [2022-02-12 13:57:26,945] {dagbag.py:487} INFO - Filling up the DagBag from /home/agalli/sandbox/lib/python3.6/site-packages/airflow/example_dags/example_latest_only.py
[2022-02-12 13:57:26,985] {scheduler_job.py:643} INFO - DAG(s) dict_keys(['latest_only']) retrieved from /home/agalli/sandbox/lib/python3.6/site-packages/airflow/example_dags/example_latest_only.py
[2022-02-12 13:57:27,061] {logging_mixin.py:104} INFO - [2022-02-12 13:57:27,061] {dag.py:1832} INFO - Sync 1 DAGs
[2022-02-12 13:57:27,129] {logging_mixin.py:104} INFO - [2022-02-12 13:57:27,129] {dag.py:2305} INFO - Setting next_dagrun for latest_only to 2022-02-10 00:00:00+00:00
[2022-02-12 13:57:27,173] {scheduler_job.py:190} INFO - Processing /home/agalli/sandbox/lib/python3.6/site-packages/airflow/example_dags/example_latest_only.py took 0.243 seconds
[2022-02-12 13:57:58,261] {scheduler_job.py:182} INFO - Started process (PID=2226) to work on /home/agalli/sandbox/lib/python3.6/site-packages/airflow/example_dags/example_latest_only.py
[2022-02-12 13:57:58,266] {scheduler_job.py:633} INFO - Processing file /home/agalli/sandbox/lib/python3.6/site-packages/airflow/example_dags/example_latest_only.py for tasks to queue
[2022-02-12 13:57:58,269] {logging_mixin.py:104} INFO - [2022-02-12 13:57:58,269] {dagbag.py:487} INFO - Filling up the DagBag from /home/agalli/sandbox/lib/python3.6/site-packages/airflow/example_dags/example_latest_only.py
[2022-02-12 13:57:58,302] {scheduler_job.py:643} INFO - DAG(s) dict_keys(['latest_only']) retrieved from /home/agalli/sandbox/lib/python3.6/site-packages/airflow/example_dags/example_latest_only.py
[2022-02-12 13:57:58,394] {logging_mixin.py:104} INFO - [2022-02-12 13:57:58,394] {dag.py:1832} INFO - Sync 1 DAGs
[2022-02-12 13:57:58,450] {logging_mixin.py:104} INFO - [2022-02-12 13:57:58,449] {dag.py:2305} INFO - Setting next_dagrun for latest_only to 2022-02-10 00:00:00+00:00
[2022-02-12 13:57:58,472] {scheduler_job.py:190} INFO - Processing /home/agalli/sandbox/lib/python3.6/site-packages/airflow/example_dags/example_latest_only.py took 0.219 seconds
[2022-02-12 13:58:29,524] {scheduler_job.py:182} INFO - Started process (PID=2427) to work on /home/agalli/sandbox/lib/python3.6/site-packages/airflow/example_dags/example_latest_only.py
[2022-02-12 13:58:29,531] {scheduler_job.py:633} INFO - Processing file /home/agalli/sandbox/lib/python3.6/site-packages/airflow/example_dags/example_latest_only.py for tasks to queue
[2022-02-12 13:58:29,535] {logging_mixin.py:104} INFO - [2022-02-12 13:58:29,533] {dagbag.py:487} INFO - Filling up the DagBag from /home/agalli/sandbox/lib/python3.6/site-packages/airflow/example_dags/example_latest_only.py
[2022-02-12 13:58:29,573] {scheduler_job.py:643} INFO - DAG(s) dict_keys(['latest_only']) retrieved from /home/agalli/sandbox/lib/python3.6/site-packages/airflow/example_dags/example_latest_only.py
[2022-02-12 13:58:29,715] {logging_mixin.py:104} INFO - [2022-02-12 13:58:29,715] {dag.py:1832} INFO - Sync 1 DAGs
[2022-02-12 13:58:29,787] {logging_mixin.py:104} INFO - [2022-02-12 13:58:29,787] {dag.py:2305} INFO - Setting next_dagrun for latest_only to 2022-02-10 00:00:00+00:00
[2022-02-12 13:58:29,822] {scheduler_job.py:190} INFO - Processing /home/agalli/sandbox/lib/python3.6/site-packages/airflow/example_dags/example_latest_only.py took 0.304 seconds
[2022-02-12 13:59:00,499] {scheduler_job.py:182} INFO - Started process (PID=2630) to work on /home/agalli/sandbox/lib/python3.6/site-packages/airflow/example_dags/example_latest_only.py
[2022-02-12 13:59:00,504] {scheduler_job.py:633} INFO - Processing file /home/agalli/sandbox/lib/python3.6/site-packages/airflow/example_dags/example_latest_only.py for tasks to queue
[2022-02-12 13:59:00,505] {logging_mixin.py:104} INFO - [2022-02-12 13:59:00,505] {dagbag.py:487} INFO - Filling up the DagBag from /home/agalli/sandbox/lib/python3.6/site-packages/airflow/example_dags/example_latest_only.py
[2022-02-12 13:59:00,525] {scheduler_job.py:643} INFO - DAG(s) dict_keys(['latest_only']) retrieved from /home/agalli/sandbox/lib/python3.6/site-packages/airflow/example_dags/example_latest_only.py
[2022-02-12 13:59:00,565] {logging_mixin.py:104} INFO - [2022-02-12 13:59:00,565] {dag.py:1832} INFO - Sync 1 DAGs
[2022-02-12 13:59:00,586] {logging_mixin.py:104} INFO - [2022-02-12 13:59:00,586] {dag.py:2305} INFO - Setting next_dagrun for latest_only to 2022-02-10 00:00:00+00:00
[2022-02-12 13:59:00,600] {scheduler_job.py:190} INFO - Processing /home/agalli/sandbox/lib/python3.6/site-packages/airflow/example_dags/example_latest_only.py took 0.108 seconds
[2022-02-12 13:59:31,257] {scheduler_job.py:182} INFO - Started process (PID=2833) to work on /home/agalli/sandbox/lib/python3.6/site-packages/airflow/example_dags/example_latest_only.py
[2022-02-12 13:59:31,260] {scheduler_job.py:633} INFO - Processing file /home/agalli/sandbox/lib/python3.6/site-packages/airflow/example_dags/example_latest_only.py for tasks to queue
[2022-02-12 13:59:31,263] {logging_mixin.py:104} INFO - [2022-02-12 13:59:31,262] {dagbag.py:487} INFO - Filling up the DagBag from /home/agalli/sandbox/lib/python3.6/site-packages/airflow/example_dags/example_latest_only.py
[2022-02-12 13:59:31,284] {scheduler_job.py:643} INFO - DAG(s) dict_keys(['latest_only']) retrieved from /home/agalli/sandbox/lib/python3.6/site-packages/airflow/example_dags/example_latest_only.py
[2022-02-12 13:59:31,323] {logging_mixin.py:104} INFO - [2022-02-12 13:59:31,322] {dag.py:1832} INFO - Sync 1 DAGs
[2022-02-12 13:59:31,346] {logging_mixin.py:104} INFO - [2022-02-12 13:59:31,346] {dag.py:2305} INFO - Setting next_dagrun for latest_only to 2022-02-10 00:00:00+00:00
[2022-02-12 13:59:31,359] {scheduler_job.py:190} INFO - Processing /home/agalli/sandbox/lib/python3.6/site-packages/airflow/example_dags/example_latest_only.py took 0.106 seconds
[2022-02-12 14:00:03,475] {scheduler_job.py:182} INFO - Started process (PID=3097) to work on /home/agalli/sandbox/lib/python3.6/site-packages/airflow/example_dags/example_latest_only.py
[2022-02-12 14:00:03,477] {scheduler_job.py:633} INFO - Processing file /home/agalli/sandbox/lib/python3.6/site-packages/airflow/example_dags/example_latest_only.py for tasks to queue
[2022-02-12 14:00:03,478] {logging_mixin.py:104} INFO - [2022-02-12 14:00:03,478] {dagbag.py:487} INFO - Filling up the DagBag from /home/agalli/sandbox/lib/python3.6/site-packages/airflow/example_dags/example_latest_only.py
[2022-02-12 14:00:03,499] {scheduler_job.py:643} INFO - DAG(s) dict_keys(['latest_only']) retrieved from /home/agalli/sandbox/lib/python3.6/site-packages/airflow/example_dags/example_latest_only.py
[2022-02-12 14:00:03,603] {logging_mixin.py:104} INFO - [2022-02-12 14:00:03,602] {dag.py:1832} INFO - Sync 1 DAGs
[2022-02-12 14:00:03,668] {logging_mixin.py:104} INFO - [2022-02-12 14:00:03,668] {dag.py:2305} INFO - Setting next_dagrun for latest_only to 2022-02-10 00:00:00+00:00
[2022-02-12 14:00:03,697] {scheduler_job.py:190} INFO - Processing /home/agalli/sandbox/lib/python3.6/site-packages/airflow/example_dags/example_latest_only.py took 0.230 seconds
[2022-02-12 14:00:34,156] {scheduler_job.py:182} INFO - Started process (PID=3465) to work on /home/agalli/sandbox/lib/python3.6/site-packages/airflow/example_dags/example_latest_only.py
[2022-02-12 14:00:34,158] {scheduler_job.py:633} INFO - Processing file /home/agalli/sandbox/lib/python3.6/site-packages/airflow/example_dags/example_latest_only.py for tasks to queue
[2022-02-12 14:00:34,159] {logging_mixin.py:104} INFO - [2022-02-12 14:00:34,159] {dagbag.py:487} INFO - Filling up the DagBag from /home/agalli/sandbox/lib/python3.6/site-packages/airflow/example_dags/example_latest_only.py
[2022-02-12 14:00:34,191] {scheduler_job.py:643} INFO - DAG(s) dict_keys(['latest_only']) retrieved from /home/agalli/sandbox/lib/python3.6/site-packages/airflow/example_dags/example_latest_only.py
[2022-02-12 14:00:34,244] {logging_mixin.py:104} INFO - [2022-02-12 14:00:34,244] {dag.py:1832} INFO - Sync 1 DAGs
[2022-02-12 14:00:34,305] {logging_mixin.py:104} INFO - [2022-02-12 14:00:34,304] {dag.py:2305} INFO - Setting next_dagrun for latest_only to 2022-02-10 00:00:00+00:00
[2022-02-12 14:00:34,341] {scheduler_job.py:190} INFO - Processing /home/agalli/sandbox/lib/python3.6/site-packages/airflow/example_dags/example_latest_only.py took 0.191 seconds
[2022-02-12 14:01:07,103] {scheduler_job.py:182} INFO - Started process (PID=4054) to work on /home/agalli/sandbox/lib/python3.6/site-packages/airflow/example_dags/example_latest_only.py
[2022-02-12 14:01:07,108] {scheduler_job.py:633} INFO - Processing file /home/agalli/sandbox/lib/python3.6/site-packages/airflow/example_dags/example_latest_only.py for tasks to queue
[2022-02-12 14:01:07,110] {logging_mixin.py:104} INFO - [2022-02-12 14:01:07,110] {dagbag.py:487} INFO - Filling up the DagBag from /home/agalli/sandbox/lib/python3.6/site-packages/airflow/example_dags/example_latest_only.py
[2022-02-12 14:01:07,176] {scheduler_job.py:643} INFO - DAG(s) dict_keys(['latest_only']) retrieved from /home/agalli/sandbox/lib/python3.6/site-packages/airflow/example_dags/example_latest_only.py
[2022-02-12 14:01:07,251] {logging_mixin.py:104} INFO - [2022-02-12 14:01:07,251] {dag.py:1832} INFO - Sync 1 DAGs
[2022-02-12 14:01:07,298] {logging_mixin.py:104} INFO - [2022-02-12 14:01:07,297] {dag.py:2305} INFO - Setting next_dagrun for latest_only to 2022-02-10 00:00:00+00:00
[2022-02-12 14:01:07,364] {scheduler_job.py:190} INFO - Processing /home/agalli/sandbox/lib/python3.6/site-packages/airflow/example_dags/example_latest_only.py took 0.274 seconds
[2022-02-12 14:01:37,539] {scheduler_job.py:182} INFO - Started process (PID=5337) to work on /home/agalli/sandbox/lib/python3.6/site-packages/airflow/example_dags/example_latest_only.py
[2022-02-12 14:01:37,541] {scheduler_job.py:633} INFO - Processing file /home/agalli/sandbox/lib/python3.6/site-packages/airflow/example_dags/example_latest_only.py for tasks to queue
[2022-02-12 14:01:37,542] {logging_mixin.py:104} INFO - [2022-02-12 14:01:37,542] {dagbag.py:487} INFO - Filling up the DagBag from /home/agalli/sandbox/lib/python3.6/site-packages/airflow/example_dags/example_latest_only.py
[2022-02-12 14:01:37,566] {scheduler_job.py:643} INFO - DAG(s) dict_keys(['latest_only']) retrieved from /home/agalli/sandbox/lib/python3.6/site-packages/airflow/example_dags/example_latest_only.py
[2022-02-12 14:01:37,606] {logging_mixin.py:104} INFO - [2022-02-12 14:01:37,606] {dag.py:1832} INFO - Sync 1 DAGs
[2022-02-12 14:01:37,631] {logging_mixin.py:104} INFO - [2022-02-12 14:01:37,631] {dag.py:2305} INFO - Setting next_dagrun for latest_only to 2022-02-10 00:00:00+00:00
[2022-02-12 14:01:37,650] {scheduler_job.py:190} INFO - Processing /home/agalli/sandbox/lib/python3.6/site-packages/airflow/example_dags/example_latest_only.py took 0.118 seconds
[2022-02-12 14:02:08,209] {scheduler_job.py:182} INFO - Started process (PID=5570) to work on /home/agalli/sandbox/lib/python3.6/site-packages/airflow/example_dags/example_latest_only.py
[2022-02-12 14:02:08,213] {scheduler_job.py:633} INFO - Processing file /home/agalli/sandbox/lib/python3.6/site-packages/airflow/example_dags/example_latest_only.py for tasks to queue
[2022-02-12 14:02:08,214] {logging_mixin.py:104} INFO - [2022-02-12 14:02:08,214] {dagbag.py:487} INFO - Filling up the DagBag from /home/agalli/sandbox/lib/python3.6/site-packages/airflow/example_dags/example_latest_only.py
[2022-02-12 14:02:08,240] {scheduler_job.py:643} INFO - DAG(s) dict_keys(['latest_only']) retrieved from /home/agalli/sandbox/lib/python3.6/site-packages/airflow/example_dags/example_latest_only.py
[2022-02-12 14:02:08,289] {logging_mixin.py:104} INFO - [2022-02-12 14:02:08,288] {dag.py:1832} INFO - Sync 1 DAGs
[2022-02-12 14:02:08,315] {logging_mixin.py:104} INFO - [2022-02-12 14:02:08,315] {dag.py:2305} INFO - Setting next_dagrun for latest_only to 2022-02-10 00:00:00+00:00
[2022-02-12 14:02:08,337] {scheduler_job.py:190} INFO - Processing /home/agalli/sandbox/lib/python3.6/site-packages/airflow/example_dags/example_latest_only.py took 0.136 seconds
[2022-02-12 14:02:38,461] {scheduler_job.py:182} INFO - Started process (PID=5890) to work on /home/agalli/sandbox/lib/python3.6/site-packages/airflow/example_dags/example_latest_only.py
[2022-02-12 14:02:38,463] {scheduler_job.py:633} INFO - Processing file /home/agalli/sandbox/lib/python3.6/site-packages/airflow/example_dags/example_latest_only.py for tasks to queue
[2022-02-12 14:02:38,464] {logging_mixin.py:104} INFO - [2022-02-12 14:02:38,464] {dagbag.py:487} INFO - Filling up the DagBag from /home/agalli/sandbox/lib/python3.6/site-packages/airflow/example_dags/example_latest_only.py
[2022-02-12 14:02:38,486] {scheduler_job.py:643} INFO - DAG(s) dict_keys(['latest_only']) retrieved from /home/agalli/sandbox/lib/python3.6/site-packages/airflow/example_dags/example_latest_only.py
[2022-02-12 14:02:38,526] {logging_mixin.py:104} INFO - [2022-02-12 14:02:38,526] {dag.py:1832} INFO - Sync 1 DAGs
[2022-02-12 14:02:38,553] {logging_mixin.py:104} INFO - [2022-02-12 14:02:38,553] {dag.py:2305} INFO - Setting next_dagrun for latest_only to 2022-02-10 00:00:00+00:00
[2022-02-12 14:02:38,572] {scheduler_job.py:190} INFO - Processing /home/agalli/sandbox/lib/python3.6/site-packages/airflow/example_dags/example_latest_only.py took 0.116 seconds
[2022-02-12 14:03:09,488] {scheduler_job.py:182} INFO - Started process (PID=6093) to work on /home/agalli/sandbox/lib/python3.6/site-packages/airflow/example_dags/example_latest_only.py
[2022-02-12 14:03:09,499] {scheduler_job.py:633} INFO - Processing file /home/agalli/sandbox/lib/python3.6/site-packages/airflow/example_dags/example_latest_only.py for tasks to queue
[2022-02-12 14:03:09,499] {logging_mixin.py:104} INFO - [2022-02-12 14:03:09,499] {dagbag.py:487} INFO - Filling up the DagBag from /home/agalli/sandbox/lib/python3.6/site-packages/airflow/example_dags/example_latest_only.py
[2022-02-12 14:03:09,518] {scheduler_job.py:643} INFO - DAG(s) dict_keys(['latest_only']) retrieved from /home/agalli/sandbox/lib/python3.6/site-packages/airflow/example_dags/example_latest_only.py
[2022-02-12 14:03:09,573] {logging_mixin.py:104} INFO - [2022-02-12 14:03:09,573] {dag.py:1832} INFO - Sync 1 DAGs
[2022-02-12 14:03:09,622] {logging_mixin.py:104} INFO - [2022-02-12 14:03:09,622] {dag.py:2305} INFO - Setting next_dagrun for latest_only to 2022-02-10 00:00:00+00:00
[2022-02-12 14:03:09,649] {scheduler_job.py:190} INFO - Processing /home/agalli/sandbox/lib/python3.6/site-packages/airflow/example_dags/example_latest_only.py took 0.167 seconds
[2022-02-12 14:20:19,090] {scheduler_job.py:182} INFO - Started process (PID=7070) to work on /home/agalli/sandbox/lib/python3.6/site-packages/airflow/example_dags/example_latest_only.py
[2022-02-12 14:20:19,092] {scheduler_job.py:633} INFO - Processing file /home/agalli/sandbox/lib/python3.6/site-packages/airflow/example_dags/example_latest_only.py for tasks to queue
[2022-02-12 14:20:19,092] {logging_mixin.py:104} INFO - [2022-02-12 14:20:19,092] {dagbag.py:487} INFO - Filling up the DagBag from /home/agalli/sandbox/lib/python3.6/site-packages/airflow/example_dags/example_latest_only.py
[2022-02-12 14:20:19,105] {scheduler_job.py:643} INFO - DAG(s) dict_keys(['latest_only']) retrieved from /home/agalli/sandbox/lib/python3.6/site-packages/airflow/example_dags/example_latest_only.py
[2022-02-12 14:20:19,146] {logging_mixin.py:104} INFO - [2022-02-12 14:20:19,146] {dag.py:1832} INFO - Sync 1 DAGs
[2022-02-12 14:20:19,179] {logging_mixin.py:104} INFO - [2022-02-12 14:20:19,179] {dag.py:2305} INFO - Setting next_dagrun for latest_only to 2022-02-10 00:00:00+00:00
[2022-02-12 14:20:19,207] {scheduler_job.py:190} INFO - Processing /home/agalli/sandbox/lib/python3.6/site-packages/airflow/example_dags/example_latest_only.py took 0.120 seconds
[2022-02-12 14:20:49,826] {scheduler_job.py:182} INFO - Started process (PID=7272) to work on /home/agalli/sandbox/lib/python3.6/site-packages/airflow/example_dags/example_latest_only.py
[2022-02-12 14:20:49,827] {scheduler_job.py:633} INFO - Processing file /home/agalli/sandbox/lib/python3.6/site-packages/airflow/example_dags/example_latest_only.py for tasks to queue
[2022-02-12 14:20:49,828] {logging_mixin.py:104} INFO - [2022-02-12 14:20:49,828] {dagbag.py:487} INFO - Filling up the DagBag from /home/agalli/sandbox/lib/python3.6/site-packages/airflow/example_dags/example_latest_only.py
[2022-02-12 14:20:49,842] {scheduler_job.py:643} INFO - DAG(s) dict_keys(['latest_only']) retrieved from /home/agalli/sandbox/lib/python3.6/site-packages/airflow/example_dags/example_latest_only.py
[2022-02-12 14:20:49,874] {logging_mixin.py:104} INFO - [2022-02-12 14:20:49,874] {dag.py:1832} INFO - Sync 1 DAGs
[2022-02-12 14:20:49,900] {logging_mixin.py:104} INFO - [2022-02-12 14:20:49,900] {dag.py:2305} INFO - Setting next_dagrun for latest_only to 2022-02-10 00:00:00+00:00
[2022-02-12 14:20:49,915] {scheduler_job.py:190} INFO - Processing /home/agalli/sandbox/lib/python3.6/site-packages/airflow/example_dags/example_latest_only.py took 0.094 seconds
[2022-02-12 14:21:20,919] {scheduler_job.py:182} INFO - Started process (PID=7473) to work on /home/agalli/sandbox/lib/python3.6/site-packages/airflow/example_dags/example_latest_only.py
[2022-02-12 14:21:20,923] {scheduler_job.py:633} INFO - Processing file /home/agalli/sandbox/lib/python3.6/site-packages/airflow/example_dags/example_latest_only.py for tasks to queue
[2022-02-12 14:21:20,924] {logging_mixin.py:104} INFO - [2022-02-12 14:21:20,924] {dagbag.py:487} INFO - Filling up the DagBag from /home/agalli/sandbox/lib/python3.6/site-packages/airflow/example_dags/example_latest_only.py
[2022-02-12 14:21:20,988] {scheduler_job.py:643} INFO - DAG(s) dict_keys(['latest_only']) retrieved from /home/agalli/sandbox/lib/python3.6/site-packages/airflow/example_dags/example_latest_only.py
[2022-02-12 14:21:21,105] {logging_mixin.py:104} INFO - [2022-02-12 14:21:21,105] {dag.py:1832} INFO - Sync 1 DAGs
[2022-02-12 14:21:21,159] {logging_mixin.py:104} INFO - [2022-02-12 14:21:21,159] {dag.py:2305} INFO - Setting next_dagrun for latest_only to 2022-02-10 00:00:00+00:00
[2022-02-12 14:21:21,176] {scheduler_job.py:190} INFO - Processing /home/agalli/sandbox/lib/python3.6/site-packages/airflow/example_dags/example_latest_only.py took 0.268 seconds
[2022-02-12 14:21:51,467] {scheduler_job.py:182} INFO - Started process (PID=7678) to work on /home/agalli/sandbox/lib/python3.6/site-packages/airflow/example_dags/example_latest_only.py
[2022-02-12 14:21:51,468] {scheduler_job.py:633} INFO - Processing file /home/agalli/sandbox/lib/python3.6/site-packages/airflow/example_dags/example_latest_only.py for tasks to queue
[2022-02-12 14:21:51,469] {logging_mixin.py:104} INFO - [2022-02-12 14:21:51,469] {dagbag.py:487} INFO - Filling up the DagBag from /home/agalli/sandbox/lib/python3.6/site-packages/airflow/example_dags/example_latest_only.py
[2022-02-12 14:21:51,480] {scheduler_job.py:643} INFO - DAG(s) dict_keys(['latest_only']) retrieved from /home/agalli/sandbox/lib/python3.6/site-packages/airflow/example_dags/example_latest_only.py
[2022-02-12 14:21:51,511] {logging_mixin.py:104} INFO - [2022-02-12 14:21:51,511] {dag.py:1832} INFO - Sync 1 DAGs
[2022-02-12 14:21:51,529] {logging_mixin.py:104} INFO - [2022-02-12 14:21:51,529] {dag.py:2305} INFO - Setting next_dagrun for latest_only to 2022-02-10 00:00:00+00:00
[2022-02-12 14:21:51,542] {scheduler_job.py:190} INFO - Processing /home/agalli/sandbox/lib/python3.6/site-packages/airflow/example_dags/example_latest_only.py took 0.079 seconds
[2022-02-12 14:22:22,651] {scheduler_job.py:182} INFO - Started process (PID=7878) to work on /home/agalli/sandbox/lib/python3.6/site-packages/airflow/example_dags/example_latest_only.py
[2022-02-12 14:22:22,652] {scheduler_job.py:633} INFO - Processing file /home/agalli/sandbox/lib/python3.6/site-packages/airflow/example_dags/example_latest_only.py for tasks to queue
[2022-02-12 14:22:22,653] {logging_mixin.py:104} INFO - [2022-02-12 14:22:22,653] {dagbag.py:487} INFO - Filling up the DagBag from /home/agalli/sandbox/lib/python3.6/site-packages/airflow/example_dags/example_latest_only.py
[2022-02-12 14:22:22,666] {scheduler_job.py:643} INFO - DAG(s) dict_keys(['latest_only']) retrieved from /home/agalli/sandbox/lib/python3.6/site-packages/airflow/example_dags/example_latest_only.py
[2022-02-12 14:22:22,700] {logging_mixin.py:104} INFO - [2022-02-12 14:22:22,700] {dag.py:1832} INFO - Sync 1 DAGs
[2022-02-12 14:22:22,721] {logging_mixin.py:104} INFO - [2022-02-12 14:22:22,721] {dag.py:2305} INFO - Setting next_dagrun for latest_only to 2022-02-10 00:00:00+00:00
[2022-02-12 14:22:22,735] {scheduler_job.py:190} INFO - Processing /home/agalli/sandbox/lib/python3.6/site-packages/airflow/example_dags/example_latest_only.py took 0.088 seconds
[2022-02-12 14:22:53,576] {scheduler_job.py:182} INFO - Started process (PID=8080) to work on /home/agalli/sandbox/lib/python3.6/site-packages/airflow/example_dags/example_latest_only.py
[2022-02-12 14:22:53,577] {scheduler_job.py:633} INFO - Processing file /home/agalli/sandbox/lib/python3.6/site-packages/airflow/example_dags/example_latest_only.py for tasks to queue
[2022-02-12 14:22:53,577] {logging_mixin.py:104} INFO - [2022-02-12 14:22:53,577] {dagbag.py:487} INFO - Filling up the DagBag from /home/agalli/sandbox/lib/python3.6/site-packages/airflow/example_dags/example_latest_only.py
[2022-02-12 14:22:53,593] {scheduler_job.py:643} INFO - DAG(s) dict_keys(['latest_only']) retrieved from /home/agalli/sandbox/lib/python3.6/site-packages/airflow/example_dags/example_latest_only.py
[2022-02-12 14:22:53,626] {logging_mixin.py:104} INFO - [2022-02-12 14:22:53,626] {dag.py:1832} INFO - Sync 1 DAGs
[2022-02-12 14:22:53,646] {logging_mixin.py:104} INFO - [2022-02-12 14:22:53,646] {dag.py:2305} INFO - Setting next_dagrun for latest_only to 2022-02-10 00:00:00+00:00
[2022-02-12 14:22:53,676] {scheduler_job.py:190} INFO - Processing /home/agalli/sandbox/lib/python3.6/site-packages/airflow/example_dags/example_latest_only.py took 0.104 seconds
[2022-02-12 14:23:24,787] {scheduler_job.py:182} INFO - Started process (PID=8281) to work on /home/agalli/sandbox/lib/python3.6/site-packages/airflow/example_dags/example_latest_only.py
[2022-02-12 14:23:24,790] {scheduler_job.py:633} INFO - Processing file /home/agalli/sandbox/lib/python3.6/site-packages/airflow/example_dags/example_latest_only.py for tasks to queue
[2022-02-12 14:23:24,792] {logging_mixin.py:104} INFO - [2022-02-12 14:23:24,792] {dagbag.py:487} INFO - Filling up the DagBag from /home/agalli/sandbox/lib/python3.6/site-packages/airflow/example_dags/example_latest_only.py
[2022-02-12 14:23:24,844] {scheduler_job.py:643} INFO - DAG(s) dict_keys(['latest_only']) retrieved from /home/agalli/sandbox/lib/python3.6/site-packages/airflow/example_dags/example_latest_only.py
[2022-02-12 14:23:24,905] {logging_mixin.py:104} INFO - [2022-02-12 14:23:24,905] {dag.py:1832} INFO - Sync 1 DAGs
[2022-02-12 14:23:24,937] {logging_mixin.py:104} INFO - [2022-02-12 14:23:24,937] {dag.py:2305} INFO - Setting next_dagrun for latest_only to 2022-02-10 00:00:00+00:00
[2022-02-12 14:23:24,966] {scheduler_job.py:190} INFO - Processing /home/agalli/sandbox/lib/python3.6/site-packages/airflow/example_dags/example_latest_only.py took 0.190 seconds
[2022-02-12 14:23:55,310] {scheduler_job.py:182} INFO - Started process (PID=8485) to work on /home/agalli/sandbox/lib/python3.6/site-packages/airflow/example_dags/example_latest_only.py
[2022-02-12 14:23:55,311] {scheduler_job.py:633} INFO - Processing file /home/agalli/sandbox/lib/python3.6/site-packages/airflow/example_dags/example_latest_only.py for tasks to queue
[2022-02-12 14:23:55,312] {logging_mixin.py:104} INFO - [2022-02-12 14:23:55,312] {dagbag.py:487} INFO - Filling up the DagBag from /home/agalli/sandbox/lib/python3.6/site-packages/airflow/example_dags/example_latest_only.py
[2022-02-12 14:23:55,324] {scheduler_job.py:643} INFO - DAG(s) dict_keys(['latest_only']) retrieved from /home/agalli/sandbox/lib/python3.6/site-packages/airflow/example_dags/example_latest_only.py
[2022-02-12 14:23:55,356] {logging_mixin.py:104} INFO - [2022-02-12 14:23:55,356] {dag.py:1832} INFO - Sync 1 DAGs
[2022-02-12 14:23:55,376] {logging_mixin.py:104} INFO - [2022-02-12 14:23:55,376] {dag.py:2305} INFO - Setting next_dagrun for latest_only to 2022-02-10 00:00:00+00:00
[2022-02-12 14:23:55,388] {scheduler_job.py:190} INFO - Processing /home/agalli/sandbox/lib/python3.6/site-packages/airflow/example_dags/example_latest_only.py took 0.082 seconds
[2022-02-12 14:24:28,070] {scheduler_job.py:182} INFO - Started process (PID=8687) to work on /home/agalli/sandbox/lib/python3.6/site-packages/airflow/example_dags/example_latest_only.py
[2022-02-12 14:24:28,073] {scheduler_job.py:633} INFO - Processing file /home/agalli/sandbox/lib/python3.6/site-packages/airflow/example_dags/example_latest_only.py for tasks to queue
[2022-02-12 14:24:28,074] {logging_mixin.py:104} INFO - [2022-02-12 14:24:28,074] {dagbag.py:487} INFO - Filling up the DagBag from /home/agalli/sandbox/lib/python3.6/site-packages/airflow/example_dags/example_latest_only.py
[2022-02-12 14:24:28,097] {scheduler_job.py:643} INFO - DAG(s) dict_keys(['latest_only']) retrieved from /home/agalli/sandbox/lib/python3.6/site-packages/airflow/example_dags/example_latest_only.py
[2022-02-12 14:24:28,161] {logging_mixin.py:104} INFO - [2022-02-12 14:24:28,160] {dag.py:1832} INFO - Sync 1 DAGs
[2022-02-12 14:24:28,197] {logging_mixin.py:104} INFO - [2022-02-12 14:24:28,197] {dag.py:2305} INFO - Setting next_dagrun for latest_only to 2022-02-10 00:00:00+00:00
[2022-02-12 14:24:28,217] {scheduler_job.py:190} INFO - Processing /home/agalli/sandbox/lib/python3.6/site-packages/airflow/example_dags/example_latest_only.py took 0.152 seconds
[2022-02-12 14:24:59,227] {scheduler_job.py:182} INFO - Started process (PID=8889) to work on /home/agalli/sandbox/lib/python3.6/site-packages/airflow/example_dags/example_latest_only.py
[2022-02-12 14:24:59,229] {scheduler_job.py:633} INFO - Processing file /home/agalli/sandbox/lib/python3.6/site-packages/airflow/example_dags/example_latest_only.py for tasks to queue
[2022-02-12 14:24:59,231] {logging_mixin.py:104} INFO - [2022-02-12 14:24:59,231] {dagbag.py:487} INFO - Filling up the DagBag from /home/agalli/sandbox/lib/python3.6/site-packages/airflow/example_dags/example_latest_only.py
[2022-02-12 14:24:59,251] {scheduler_job.py:643} INFO - DAG(s) dict_keys(['latest_only']) retrieved from /home/agalli/sandbox/lib/python3.6/site-packages/airflow/example_dags/example_latest_only.py
[2022-02-12 14:24:59,286] {logging_mixin.py:104} INFO - [2022-02-12 14:24:59,286] {dag.py:1832} INFO - Sync 1 DAGs
[2022-02-12 14:24:59,305] {logging_mixin.py:104} INFO - [2022-02-12 14:24:59,305] {dag.py:2305} INFO - Setting next_dagrun for latest_only to 2022-02-10 00:00:00+00:00
[2022-02-12 14:24:59,411] {scheduler_job.py:190} INFO - Processing /home/agalli/sandbox/lib/python3.6/site-packages/airflow/example_dags/example_latest_only.py took 0.189 seconds
[2022-02-12 14:25:30,156] {scheduler_job.py:182} INFO - Started process (PID=9211) to work on /home/agalli/sandbox/lib/python3.6/site-packages/airflow/example_dags/example_latest_only.py
[2022-02-12 14:25:30,158] {scheduler_job.py:633} INFO - Processing file /home/agalli/sandbox/lib/python3.6/site-packages/airflow/example_dags/example_latest_only.py for tasks to queue
[2022-02-12 14:25:30,160] {logging_mixin.py:104} INFO - [2022-02-12 14:25:30,159] {dagbag.py:487} INFO - Filling up the DagBag from /home/agalli/sandbox/lib/python3.6/site-packages/airflow/example_dags/example_latest_only.py
[2022-02-12 14:25:30,188] {scheduler_job.py:643} INFO - DAG(s) dict_keys(['latest_only']) retrieved from /home/agalli/sandbox/lib/python3.6/site-packages/airflow/example_dags/example_latest_only.py
[2022-02-12 14:25:30,232] {logging_mixin.py:104} INFO - [2022-02-12 14:25:30,232] {dag.py:1832} INFO - Sync 1 DAGs
[2022-02-12 14:25:30,267] {logging_mixin.py:104} INFO - [2022-02-12 14:25:30,266] {dag.py:2305} INFO - Setting next_dagrun for latest_only to 2022-02-10 00:00:00+00:00
[2022-02-12 14:25:30,283] {scheduler_job.py:190} INFO - Processing /home/agalli/sandbox/lib/python3.6/site-packages/airflow/example_dags/example_latest_only.py took 0.133 seconds
[2022-02-12 14:26:00,962] {scheduler_job.py:182} INFO - Started process (PID=9415) to work on /home/agalli/sandbox/lib/python3.6/site-packages/airflow/example_dags/example_latest_only.py
[2022-02-12 14:26:00,970] {scheduler_job.py:633} INFO - Processing file /home/agalli/sandbox/lib/python3.6/site-packages/airflow/example_dags/example_latest_only.py for tasks to queue
[2022-02-12 14:26:00,971] {logging_mixin.py:104} INFO - [2022-02-12 14:26:00,971] {dagbag.py:487} INFO - Filling up the DagBag from /home/agalli/sandbox/lib/python3.6/site-packages/airflow/example_dags/example_latest_only.py
[2022-02-12 14:26:00,998] {scheduler_job.py:643} INFO - DAG(s) dict_keys(['latest_only']) retrieved from /home/agalli/sandbox/lib/python3.6/site-packages/airflow/example_dags/example_latest_only.py
[2022-02-12 14:26:01,047] {logging_mixin.py:104} INFO - [2022-02-12 14:26:01,046] {dag.py:1832} INFO - Sync 1 DAGs
[2022-02-12 14:26:01,070] {logging_mixin.py:104} INFO - [2022-02-12 14:26:01,070] {dag.py:2305} INFO - Setting next_dagrun for latest_only to 2022-02-10 00:00:00+00:00
[2022-02-12 14:26:01,087] {scheduler_job.py:190} INFO - Processing /home/agalli/sandbox/lib/python3.6/site-packages/airflow/example_dags/example_latest_only.py took 0.131 seconds
[2022-02-12 14:26:32,303] {scheduler_job.py:182} INFO - Started process (PID=9614) to work on /home/agalli/sandbox/lib/python3.6/site-packages/airflow/example_dags/example_latest_only.py
[2022-02-12 14:26:32,305] {scheduler_job.py:633} INFO - Processing file /home/agalli/sandbox/lib/python3.6/site-packages/airflow/example_dags/example_latest_only.py for tasks to queue
[2022-02-12 14:26:32,306] {logging_mixin.py:104} INFO - [2022-02-12 14:26:32,306] {dagbag.py:487} INFO - Filling up the DagBag from /home/agalli/sandbox/lib/python3.6/site-packages/airflow/example_dags/example_latest_only.py
[2022-02-12 14:26:32,328] {scheduler_job.py:643} INFO - DAG(s) dict_keys(['latest_only']) retrieved from /home/agalli/sandbox/lib/python3.6/site-packages/airflow/example_dags/example_latest_only.py
[2022-02-12 14:26:32,376] {logging_mixin.py:104} INFO - [2022-02-12 14:26:32,376] {dag.py:1832} INFO - Sync 1 DAGs
[2022-02-12 14:26:32,413] {logging_mixin.py:104} INFO - [2022-02-12 14:26:32,413] {dag.py:2305} INFO - Setting next_dagrun for latest_only to 2022-02-10 00:00:00+00:00
[2022-02-12 14:26:32,438] {scheduler_job.py:190} INFO - Processing /home/agalli/sandbox/lib/python3.6/site-packages/airflow/example_dags/example_latest_only.py took 0.140 seconds
[2022-02-12 14:27:03,512] {scheduler_job.py:182} INFO - Started process (PID=9816) to work on /home/agalli/sandbox/lib/python3.6/site-packages/airflow/example_dags/example_latest_only.py
[2022-02-12 14:27:03,513] {scheduler_job.py:633} INFO - Processing file /home/agalli/sandbox/lib/python3.6/site-packages/airflow/example_dags/example_latest_only.py for tasks to queue
[2022-02-12 14:27:03,514] {logging_mixin.py:104} INFO - [2022-02-12 14:27:03,514] {dagbag.py:487} INFO - Filling up the DagBag from /home/agalli/sandbox/lib/python3.6/site-packages/airflow/example_dags/example_latest_only.py
[2022-02-12 14:27:03,528] {scheduler_job.py:643} INFO - DAG(s) dict_keys(['latest_only']) retrieved from /home/agalli/sandbox/lib/python3.6/site-packages/airflow/example_dags/example_latest_only.py
[2022-02-12 14:27:03,557] {logging_mixin.py:104} INFO - [2022-02-12 14:27:03,557] {dag.py:1832} INFO - Sync 1 DAGs
[2022-02-12 14:27:03,581] {logging_mixin.py:104} INFO - [2022-02-12 14:27:03,580] {dag.py:2305} INFO - Setting next_dagrun for latest_only to 2022-02-10 00:00:00+00:00
[2022-02-12 14:27:03,594] {scheduler_job.py:190} INFO - Processing /home/agalli/sandbox/lib/python3.6/site-packages/airflow/example_dags/example_latest_only.py took 0.085 seconds
[2022-02-12 14:27:34,149] {scheduler_job.py:182} INFO - Started process (PID=10018) to work on /home/agalli/sandbox/lib/python3.6/site-packages/airflow/example_dags/example_latest_only.py
[2022-02-12 14:27:34,151] {scheduler_job.py:633} INFO - Processing file /home/agalli/sandbox/lib/python3.6/site-packages/airflow/example_dags/example_latest_only.py for tasks to queue
[2022-02-12 14:27:34,163] {logging_mixin.py:104} INFO - [2022-02-12 14:27:34,163] {dagbag.py:487} INFO - Filling up the DagBag from /home/agalli/sandbox/lib/python3.6/site-packages/airflow/example_dags/example_latest_only.py
[2022-02-12 14:27:34,205] {scheduler_job.py:643} INFO - DAG(s) dict_keys(['latest_only']) retrieved from /home/agalli/sandbox/lib/python3.6/site-packages/airflow/example_dags/example_latest_only.py
[2022-02-12 14:27:34,308] {logging_mixin.py:104} INFO - [2022-02-12 14:27:34,308] {dag.py:1832} INFO - Sync 1 DAGs
[2022-02-12 14:27:34,377] {logging_mixin.py:104} INFO - [2022-02-12 14:27:34,376] {dag.py:2305} INFO - Setting next_dagrun for latest_only to 2022-02-10 00:00:00+00:00
[2022-02-12 14:27:34,421] {scheduler_job.py:190} INFO - Processing /home/agalli/sandbox/lib/python3.6/site-packages/airflow/example_dags/example_latest_only.py took 0.291 seconds
[2022-02-12 14:28:05,282] {scheduler_job.py:182} INFO - Started process (PID=10217) to work on /home/agalli/sandbox/lib/python3.6/site-packages/airflow/example_dags/example_latest_only.py
[2022-02-12 14:28:05,283] {scheduler_job.py:633} INFO - Processing file /home/agalli/sandbox/lib/python3.6/site-packages/airflow/example_dags/example_latest_only.py for tasks to queue
[2022-02-12 14:28:05,284] {logging_mixin.py:104} INFO - [2022-02-12 14:28:05,284] {dagbag.py:487} INFO - Filling up the DagBag from /home/agalli/sandbox/lib/python3.6/site-packages/airflow/example_dags/example_latest_only.py
[2022-02-12 14:28:05,306] {scheduler_job.py:643} INFO - DAG(s) dict_keys(['latest_only']) retrieved from /home/agalli/sandbox/lib/python3.6/site-packages/airflow/example_dags/example_latest_only.py
[2022-02-12 14:28:05,351] {logging_mixin.py:104} INFO - [2022-02-12 14:28:05,350] {dag.py:1832} INFO - Sync 1 DAGs
[2022-02-12 14:28:05,397] {logging_mixin.py:104} INFO - [2022-02-12 14:28:05,396] {dag.py:2305} INFO - Setting next_dagrun for latest_only to 2022-02-10 00:00:00+00:00
[2022-02-12 14:28:05,428] {scheduler_job.py:190} INFO - Processing /home/agalli/sandbox/lib/python3.6/site-packages/airflow/example_dags/example_latest_only.py took 0.151 seconds
[2022-02-12 14:28:35,789] {scheduler_job.py:182} INFO - Started process (PID=10417) to work on /home/agalli/sandbox/lib/python3.6/site-packages/airflow/example_dags/example_latest_only.py
[2022-02-12 14:28:35,791] {scheduler_job.py:633} INFO - Processing file /home/agalli/sandbox/lib/python3.6/site-packages/airflow/example_dags/example_latest_only.py for tasks to queue
[2022-02-12 14:28:35,792] {logging_mixin.py:104} INFO - [2022-02-12 14:28:35,792] {dagbag.py:487} INFO - Filling up the DagBag from /home/agalli/sandbox/lib/python3.6/site-packages/airflow/example_dags/example_latest_only.py
[2022-02-12 14:28:35,807] {scheduler_job.py:643} INFO - DAG(s) dict_keys(['latest_only']) retrieved from /home/agalli/sandbox/lib/python3.6/site-packages/airflow/example_dags/example_latest_only.py
[2022-02-12 14:28:35,838] {logging_mixin.py:104} INFO - [2022-02-12 14:28:35,838] {dag.py:1832} INFO - Sync 1 DAGs
[2022-02-12 14:28:35,856] {logging_mixin.py:104} INFO - [2022-02-12 14:28:35,855] {dag.py:2305} INFO - Setting next_dagrun for latest_only to 2022-02-10 00:00:00+00:00
[2022-02-12 14:28:35,873] {scheduler_job.py:190} INFO - Processing /home/agalli/sandbox/lib/python3.6/site-packages/airflow/example_dags/example_latest_only.py took 0.088 seconds
[2022-02-12 14:29:06,255] {scheduler_job.py:182} INFO - Started process (PID=10619) to work on /home/agalli/sandbox/lib/python3.6/site-packages/airflow/example_dags/example_latest_only.py
[2022-02-12 14:29:06,256] {scheduler_job.py:633} INFO - Processing file /home/agalli/sandbox/lib/python3.6/site-packages/airflow/example_dags/example_latest_only.py for tasks to queue
[2022-02-12 14:29:06,261] {logging_mixin.py:104} INFO - [2022-02-12 14:29:06,259] {dagbag.py:487} INFO - Filling up the DagBag from /home/agalli/sandbox/lib/python3.6/site-packages/airflow/example_dags/example_latest_only.py
[2022-02-12 14:29:06,287] {scheduler_job.py:643} INFO - DAG(s) dict_keys(['latest_only']) retrieved from /home/agalli/sandbox/lib/python3.6/site-packages/airflow/example_dags/example_latest_only.py
[2022-02-12 14:29:06,351] {logging_mixin.py:104} INFO - [2022-02-12 14:29:06,350] {dag.py:1832} INFO - Sync 1 DAGs
[2022-02-12 14:29:06,387] {logging_mixin.py:104} INFO - [2022-02-12 14:29:06,387] {dag.py:2305} INFO - Setting next_dagrun for latest_only to 2022-02-10 00:00:00+00:00
[2022-02-12 14:29:06,420] {scheduler_job.py:190} INFO - Processing /home/agalli/sandbox/lib/python3.6/site-packages/airflow/example_dags/example_latest_only.py took 0.176 seconds
[2022-02-12 14:29:36,877] {scheduler_job.py:182} INFO - Started process (PID=10821) to work on /home/agalli/sandbox/lib/python3.6/site-packages/airflow/example_dags/example_latest_only.py
[2022-02-12 14:29:36,878] {scheduler_job.py:633} INFO - Processing file /home/agalli/sandbox/lib/python3.6/site-packages/airflow/example_dags/example_latest_only.py for tasks to queue
[2022-02-12 14:29:36,880] {logging_mixin.py:104} INFO - [2022-02-12 14:29:36,879] {dagbag.py:487} INFO - Filling up the DagBag from /home/agalli/sandbox/lib/python3.6/site-packages/airflow/example_dags/example_latest_only.py
[2022-02-12 14:29:36,892] {scheduler_job.py:643} INFO - DAG(s) dict_keys(['latest_only']) retrieved from /home/agalli/sandbox/lib/python3.6/site-packages/airflow/example_dags/example_latest_only.py
[2022-02-12 14:29:36,924] {logging_mixin.py:104} INFO - [2022-02-12 14:29:36,924] {dag.py:1832} INFO - Sync 1 DAGs
[2022-02-12 14:29:36,942] {logging_mixin.py:104} INFO - [2022-02-12 14:29:36,942] {dag.py:2305} INFO - Setting next_dagrun for latest_only to 2022-02-10 00:00:00+00:00
[2022-02-12 14:29:36,958] {scheduler_job.py:190} INFO - Processing /home/agalli/sandbox/lib/python3.6/site-packages/airflow/example_dags/example_latest_only.py took 0.085 seconds
[2022-02-12 14:30:07,497] {scheduler_job.py:182} INFO - Started process (PID=11023) to work on /home/agalli/sandbox/lib/python3.6/site-packages/airflow/example_dags/example_latest_only.py
[2022-02-12 14:30:07,499] {scheduler_job.py:633} INFO - Processing file /home/agalli/sandbox/lib/python3.6/site-packages/airflow/example_dags/example_latest_only.py for tasks to queue
[2022-02-12 14:30:07,504] {logging_mixin.py:104} INFO - [2022-02-12 14:30:07,503] {dagbag.py:487} INFO - Filling up the DagBag from /home/agalli/sandbox/lib/python3.6/site-packages/airflow/example_dags/example_latest_only.py
[2022-02-12 14:30:07,526] {scheduler_job.py:643} INFO - DAG(s) dict_keys(['latest_only']) retrieved from /home/agalli/sandbox/lib/python3.6/site-packages/airflow/example_dags/example_latest_only.py
[2022-02-12 14:30:07,572] {logging_mixin.py:104} INFO - [2022-02-12 14:30:07,572] {dag.py:1832} INFO - Sync 1 DAGs
[2022-02-12 14:30:07,607] {logging_mixin.py:104} INFO - [2022-02-12 14:30:07,607] {dag.py:2305} INFO - Setting next_dagrun for latest_only to 2022-02-10 00:00:00+00:00
[2022-02-12 14:30:07,626] {scheduler_job.py:190} INFO - Processing /home/agalli/sandbox/lib/python3.6/site-packages/airflow/example_dags/example_latest_only.py took 0.133 seconds
[2022-02-12 14:52:14,624] {scheduler_job.py:182} INFO - Started process (PID=14459) to work on /home/agalli/sandbox/lib/python3.6/site-packages/airflow/example_dags/example_latest_only.py
[2022-02-12 14:52:14,628] {scheduler_job.py:633} INFO - Processing file /home/agalli/sandbox/lib/python3.6/site-packages/airflow/example_dags/example_latest_only.py for tasks to queue
[2022-02-12 14:52:14,682] {logging_mixin.py:104} INFO - [2022-02-12 14:52:14,682] {dagbag.py:487} INFO - Filling up the DagBag from /home/agalli/sandbox/lib/python3.6/site-packages/airflow/example_dags/example_latest_only.py
[2022-02-12 14:52:14,833] {scheduler_job.py:643} INFO - DAG(s) dict_keys(['latest_only']) retrieved from /home/agalli/sandbox/lib/python3.6/site-packages/airflow/example_dags/example_latest_only.py
[2022-02-12 14:52:15,153] {logging_mixin.py:104} INFO - [2022-02-12 14:52:15,152] {dag.py:1832} INFO - Sync 1 DAGs
[2022-02-12 14:52:15,660] {logging_mixin.py:104} INFO - [2022-02-12 14:52:15,660] {dag.py:2305} INFO - Setting next_dagrun for latest_only to 2022-02-10 00:00:00+00:00
[2022-02-12 14:52:15,878] {scheduler_job.py:190} INFO - Processing /home/agalli/sandbox/lib/python3.6/site-packages/airflow/example_dags/example_latest_only.py took 1.289 seconds
[2022-02-12 14:52:46,000] {scheduler_job.py:182} INFO - Started process (PID=14619) to work on /home/agalli/sandbox/lib/python3.6/site-packages/airflow/example_dags/example_latest_only.py
[2022-02-12 14:52:46,001] {scheduler_job.py:633} INFO - Processing file /home/agalli/sandbox/lib/python3.6/site-packages/airflow/example_dags/example_latest_only.py for tasks to queue
[2022-02-12 14:52:46,004] {logging_mixin.py:104} INFO - [2022-02-12 14:52:46,004] {dagbag.py:487} INFO - Filling up the DagBag from /home/agalli/sandbox/lib/python3.6/site-packages/airflow/example_dags/example_latest_only.py
[2022-02-12 14:52:46,017] {scheduler_job.py:643} INFO - DAG(s) dict_keys(['latest_only']) retrieved from /home/agalli/sandbox/lib/python3.6/site-packages/airflow/example_dags/example_latest_only.py
[2022-02-12 14:52:46,050] {logging_mixin.py:104} INFO - [2022-02-12 14:52:46,050] {dag.py:1832} INFO - Sync 1 DAGs
[2022-02-12 14:52:46,070] {logging_mixin.py:104} INFO - [2022-02-12 14:52:46,070] {dag.py:2305} INFO - Setting next_dagrun for latest_only to 2022-02-10 00:00:00+00:00
[2022-02-12 14:52:46,084] {scheduler_job.py:190} INFO - Processing /home/agalli/sandbox/lib/python3.6/site-packages/airflow/example_dags/example_latest_only.py took 0.088 seconds
[2022-02-12 14:53:16,246] {scheduler_job.py:182} INFO - Started process (PID=14824) to work on /home/agalli/sandbox/lib/python3.6/site-packages/airflow/example_dags/example_latest_only.py
[2022-02-12 14:53:16,247] {scheduler_job.py:633} INFO - Processing file /home/agalli/sandbox/lib/python3.6/site-packages/airflow/example_dags/example_latest_only.py for tasks to queue
[2022-02-12 14:53:16,247] {logging_mixin.py:104} INFO - [2022-02-12 14:53:16,247] {dagbag.py:487} INFO - Filling up the DagBag from /home/agalli/sandbox/lib/python3.6/site-packages/airflow/example_dags/example_latest_only.py
[2022-02-12 14:53:16,262] {scheduler_job.py:643} INFO - DAG(s) dict_keys(['latest_only']) retrieved from /home/agalli/sandbox/lib/python3.6/site-packages/airflow/example_dags/example_latest_only.py
[2022-02-12 14:53:16,295] {logging_mixin.py:104} INFO - [2022-02-12 14:53:16,295] {dag.py:1832} INFO - Sync 1 DAGs
[2022-02-12 14:53:16,311] {logging_mixin.py:104} INFO - [2022-02-12 14:53:16,311] {dag.py:2305} INFO - Setting next_dagrun for latest_only to 2022-02-10 00:00:00+00:00
[2022-02-12 14:53:16,327] {scheduler_job.py:190} INFO - Processing /home/agalli/sandbox/lib/python3.6/site-packages/airflow/example_dags/example_latest_only.py took 0.085 seconds
[2022-02-12 14:53:46,851] {scheduler_job.py:182} INFO - Started process (PID=15677) to work on /home/agalli/sandbox/lib/python3.6/site-packages/airflow/example_dags/example_latest_only.py
[2022-02-12 14:53:46,852] {scheduler_job.py:633} INFO - Processing file /home/agalli/sandbox/lib/python3.6/site-packages/airflow/example_dags/example_latest_only.py for tasks to queue
[2022-02-12 14:53:46,852] {logging_mixin.py:104} INFO - [2022-02-12 14:53:46,852] {dagbag.py:487} INFO - Filling up the DagBag from /home/agalli/sandbox/lib/python3.6/site-packages/airflow/example_dags/example_latest_only.py
[2022-02-12 14:53:46,865] {scheduler_job.py:643} INFO - DAG(s) dict_keys(['latest_only']) retrieved from /home/agalli/sandbox/lib/python3.6/site-packages/airflow/example_dags/example_latest_only.py
[2022-02-12 14:53:46,911] {logging_mixin.py:104} INFO - [2022-02-12 14:53:46,910] {dag.py:1832} INFO - Sync 1 DAGs
[2022-02-12 14:53:46,935] {logging_mixin.py:104} INFO - [2022-02-12 14:53:46,935] {dag.py:2305} INFO - Setting next_dagrun for latest_only to 2022-02-10 00:00:00+00:00
[2022-02-12 14:53:46,953] {scheduler_job.py:190} INFO - Processing /home/agalli/sandbox/lib/python3.6/site-packages/airflow/example_dags/example_latest_only.py took 0.106 seconds
[2022-02-12 14:54:17,024] {scheduler_job.py:182} INFO - Started process (PID=15807) to work on /home/agalli/sandbox/lib/python3.6/site-packages/airflow/example_dags/example_latest_only.py
[2022-02-12 14:54:17,025] {scheduler_job.py:633} INFO - Processing file /home/agalli/sandbox/lib/python3.6/site-packages/airflow/example_dags/example_latest_only.py for tasks to queue
[2022-02-12 14:54:17,026] {logging_mixin.py:104} INFO - [2022-02-12 14:54:17,026] {dagbag.py:487} INFO - Filling up the DagBag from /home/agalli/sandbox/lib/python3.6/site-packages/airflow/example_dags/example_latest_only.py
[2022-02-12 14:54:17,042] {scheduler_job.py:643} INFO - DAG(s) dict_keys(['latest_only']) retrieved from /home/agalli/sandbox/lib/python3.6/site-packages/airflow/example_dags/example_latest_only.py
[2022-02-12 14:54:17,085] {logging_mixin.py:104} INFO - [2022-02-12 14:54:17,085] {dag.py:1832} INFO - Sync 1 DAGs
[2022-02-12 14:54:17,111] {logging_mixin.py:104} INFO - [2022-02-12 14:54:17,111] {dag.py:2305} INFO - Setting next_dagrun for latest_only to 2022-02-10 00:00:00+00:00
[2022-02-12 14:54:17,132] {scheduler_job.py:190} INFO - Processing /home/agalli/sandbox/lib/python3.6/site-packages/airflow/example_dags/example_latest_only.py took 0.112 seconds
[2022-02-12 14:54:47,768] {scheduler_job.py:182} INFO - Started process (PID=15930) to work on /home/agalli/sandbox/lib/python3.6/site-packages/airflow/example_dags/example_latest_only.py
[2022-02-12 14:54:47,770] {scheduler_job.py:633} INFO - Processing file /home/agalli/sandbox/lib/python3.6/site-packages/airflow/example_dags/example_latest_only.py for tasks to queue
[2022-02-12 14:54:47,771] {logging_mixin.py:104} INFO - [2022-02-12 14:54:47,771] {dagbag.py:487} INFO - Filling up the DagBag from /home/agalli/sandbox/lib/python3.6/site-packages/airflow/example_dags/example_latest_only.py
[2022-02-12 14:54:47,805] {scheduler_job.py:643} INFO - DAG(s) dict_keys(['latest_only']) retrieved from /home/agalli/sandbox/lib/python3.6/site-packages/airflow/example_dags/example_latest_only.py
[2022-02-12 14:54:47,885] {logging_mixin.py:104} INFO - [2022-02-12 14:54:47,885] {dag.py:1832} INFO - Sync 1 DAGs
[2022-02-12 14:54:47,926] {logging_mixin.py:104} INFO - [2022-02-12 14:54:47,926] {dag.py:2305} INFO - Setting next_dagrun for latest_only to 2022-02-10 00:00:00+00:00
[2022-02-12 14:54:47,953] {scheduler_job.py:190} INFO - Processing /home/agalli/sandbox/lib/python3.6/site-packages/airflow/example_dags/example_latest_only.py took 0.202 seconds
[2022-02-12 14:55:18,924] {scheduler_job.py:182} INFO - Started process (PID=16027) to work on /home/agalli/sandbox/lib/python3.6/site-packages/airflow/example_dags/example_latest_only.py
[2022-02-12 14:55:18,926] {scheduler_job.py:633} INFO - Processing file /home/agalli/sandbox/lib/python3.6/site-packages/airflow/example_dags/example_latest_only.py for tasks to queue
[2022-02-12 14:55:18,927] {logging_mixin.py:104} INFO - [2022-02-12 14:55:18,926] {dagbag.py:487} INFO - Filling up the DagBag from /home/agalli/sandbox/lib/python3.6/site-packages/airflow/example_dags/example_latest_only.py
[2022-02-12 14:55:18,938] {scheduler_job.py:643} INFO - DAG(s) dict_keys(['latest_only']) retrieved from /home/agalli/sandbox/lib/python3.6/site-packages/airflow/example_dags/example_latest_only.py
[2022-02-12 14:55:18,965] {logging_mixin.py:104} INFO - [2022-02-12 14:55:18,965] {dag.py:1832} INFO - Sync 1 DAGs
[2022-02-12 14:55:18,982] {logging_mixin.py:104} INFO - [2022-02-12 14:55:18,982] {dag.py:2305} INFO - Setting next_dagrun for latest_only to 2022-02-10 00:00:00+00:00
[2022-02-12 14:55:18,998] {scheduler_job.py:190} INFO - Processing /home/agalli/sandbox/lib/python3.6/site-packages/airflow/example_dags/example_latest_only.py took 0.078 seconds
[2022-02-12 14:56:39,143] {scheduler_job.py:182} INFO - Started process (PID=16395) to work on /home/agalli/sandbox/lib/python3.6/site-packages/airflow/example_dags/example_latest_only.py
[2022-02-12 14:56:39,153] {scheduler_job.py:633} INFO - Processing file /home/agalli/sandbox/lib/python3.6/site-packages/airflow/example_dags/example_latest_only.py for tasks to queue
[2022-02-12 14:56:39,154] {logging_mixin.py:104} INFO - [2022-02-12 14:56:39,154] {dagbag.py:487} INFO - Filling up the DagBag from /home/agalli/sandbox/lib/python3.6/site-packages/airflow/example_dags/example_latest_only.py
[2022-02-12 14:56:39,184] {scheduler_job.py:643} INFO - DAG(s) dict_keys(['latest_only']) retrieved from /home/agalli/sandbox/lib/python3.6/site-packages/airflow/example_dags/example_latest_only.py
[2022-02-12 14:56:39,317] {logging_mixin.py:104} INFO - [2022-02-12 14:56:39,316] {dag.py:1832} INFO - Sync 1 DAGs
[2022-02-12 14:56:39,375] {logging_mixin.py:104} INFO - [2022-02-12 14:56:39,375] {dag.py:2305} INFO - Setting next_dagrun for latest_only to 2022-02-10 00:00:00+00:00
[2022-02-12 14:56:39,439] {scheduler_job.py:190} INFO - Processing /home/agalli/sandbox/lib/python3.6/site-packages/airflow/example_dags/example_latest_only.py took 0.311 seconds
[2022-02-12 14:57:10,318] {scheduler_job.py:182} INFO - Started process (PID=16496) to work on /home/agalli/sandbox/lib/python3.6/site-packages/airflow/example_dags/example_latest_only.py
[2022-02-12 14:57:10,322] {scheduler_job.py:633} INFO - Processing file /home/agalli/sandbox/lib/python3.6/site-packages/airflow/example_dags/example_latest_only.py for tasks to queue
[2022-02-12 14:57:10,325] {logging_mixin.py:104} INFO - [2022-02-12 14:57:10,325] {dagbag.py:487} INFO - Filling up the DagBag from /home/agalli/sandbox/lib/python3.6/site-packages/airflow/example_dags/example_latest_only.py
[2022-02-12 14:57:10,349] {scheduler_job.py:643} INFO - DAG(s) dict_keys(['latest_only']) retrieved from /home/agalli/sandbox/lib/python3.6/site-packages/airflow/example_dags/example_latest_only.py
[2022-02-12 14:57:10,410] {logging_mixin.py:104} INFO - [2022-02-12 14:57:10,410] {dag.py:1832} INFO - Sync 1 DAGs
[2022-02-12 14:57:10,451] {logging_mixin.py:104} INFO - [2022-02-12 14:57:10,451] {dag.py:2305} INFO - Setting next_dagrun for latest_only to 2022-02-10 00:00:00+00:00
[2022-02-12 14:57:10,491] {scheduler_job.py:190} INFO - Processing /home/agalli/sandbox/lib/python3.6/site-packages/airflow/example_dags/example_latest_only.py took 0.183 seconds
[2022-02-12 14:57:40,898] {scheduler_job.py:182} INFO - Started process (PID=16686) to work on /home/agalli/sandbox/lib/python3.6/site-packages/airflow/example_dags/example_latest_only.py
[2022-02-12 14:57:40,899] {scheduler_job.py:633} INFO - Processing file /home/agalli/sandbox/lib/python3.6/site-packages/airflow/example_dags/example_latest_only.py for tasks to queue
[2022-02-12 14:57:40,899] {logging_mixin.py:104} INFO - [2022-02-12 14:57:40,899] {dagbag.py:487} INFO - Filling up the DagBag from /home/agalli/sandbox/lib/python3.6/site-packages/airflow/example_dags/example_latest_only.py
[2022-02-12 14:57:40,911] {scheduler_job.py:643} INFO - DAG(s) dict_keys(['latest_only']) retrieved from /home/agalli/sandbox/lib/python3.6/site-packages/airflow/example_dags/example_latest_only.py
[2022-02-12 14:57:40,935] {logging_mixin.py:104} INFO - [2022-02-12 14:57:40,935] {dag.py:1832} INFO - Sync 1 DAGs
[2022-02-12 14:57:40,951] {logging_mixin.py:104} INFO - [2022-02-12 14:57:40,951] {dag.py:2305} INFO - Setting next_dagrun for latest_only to 2022-02-10 00:00:00+00:00
[2022-02-12 14:57:40,963] {scheduler_job.py:190} INFO - Processing /home/agalli/sandbox/lib/python3.6/site-packages/airflow/example_dags/example_latest_only.py took 0.069 seconds
[2022-02-12 14:58:12,220] {scheduler_job.py:182} INFO - Started process (PID=16755) to work on /home/agalli/sandbox/lib/python3.6/site-packages/airflow/example_dags/example_latest_only.py
[2022-02-12 14:58:12,225] {scheduler_job.py:633} INFO - Processing file /home/agalli/sandbox/lib/python3.6/site-packages/airflow/example_dags/example_latest_only.py for tasks to queue
[2022-02-12 14:58:12,226] {logging_mixin.py:104} INFO - [2022-02-12 14:58:12,226] {dagbag.py:487} INFO - Filling up the DagBag from /home/agalli/sandbox/lib/python3.6/site-packages/airflow/example_dags/example_latest_only.py
[2022-02-12 14:58:12,245] {scheduler_job.py:643} INFO - DAG(s) dict_keys(['latest_only']) retrieved from /home/agalli/sandbox/lib/python3.6/site-packages/airflow/example_dags/example_latest_only.py
[2022-02-12 14:58:12,283] {logging_mixin.py:104} INFO - [2022-02-12 14:58:12,283] {dag.py:1832} INFO - Sync 1 DAGs
[2022-02-12 14:58:12,308] {logging_mixin.py:104} INFO - [2022-02-12 14:58:12,308] {dag.py:2305} INFO - Setting next_dagrun for latest_only to 2022-02-10 00:00:00+00:00
[2022-02-12 14:58:12,335] {scheduler_job.py:190} INFO - Processing /home/agalli/sandbox/lib/python3.6/site-packages/airflow/example_dags/example_latest_only.py took 0.122 seconds
[2022-02-12 14:58:42,647] {scheduler_job.py:182} INFO - Started process (PID=16826) to work on /home/agalli/sandbox/lib/python3.6/site-packages/airflow/example_dags/example_latest_only.py
[2022-02-12 14:58:42,648] {scheduler_job.py:633} INFO - Processing file /home/agalli/sandbox/lib/python3.6/site-packages/airflow/example_dags/example_latest_only.py for tasks to queue
[2022-02-12 14:58:42,649] {logging_mixin.py:104} INFO - [2022-02-12 14:58:42,649] {dagbag.py:487} INFO - Filling up the DagBag from /home/agalli/sandbox/lib/python3.6/site-packages/airflow/example_dags/example_latest_only.py
[2022-02-12 14:58:42,666] {scheduler_job.py:643} INFO - DAG(s) dict_keys(['latest_only']) retrieved from /home/agalli/sandbox/lib/python3.6/site-packages/airflow/example_dags/example_latest_only.py
[2022-02-12 14:58:42,707] {logging_mixin.py:104} INFO - [2022-02-12 14:58:42,707] {dag.py:1832} INFO - Sync 1 DAGs
[2022-02-12 14:58:42,733] {logging_mixin.py:104} INFO - [2022-02-12 14:58:42,733] {dag.py:2305} INFO - Setting next_dagrun for latest_only to 2022-02-10 00:00:00+00:00
[2022-02-12 14:58:42,753] {scheduler_job.py:190} INFO - Processing /home/agalli/sandbox/lib/python3.6/site-packages/airflow/example_dags/example_latest_only.py took 0.110 seconds
[2022-02-12 14:59:13,640] {scheduler_job.py:182} INFO - Started process (PID=16896) to work on /home/agalli/sandbox/lib/python3.6/site-packages/airflow/example_dags/example_latest_only.py
[2022-02-12 14:59:13,642] {scheduler_job.py:633} INFO - Processing file /home/agalli/sandbox/lib/python3.6/site-packages/airflow/example_dags/example_latest_only.py for tasks to queue
[2022-02-12 14:59:13,643] {logging_mixin.py:104} INFO - [2022-02-12 14:59:13,643] {dagbag.py:487} INFO - Filling up the DagBag from /home/agalli/sandbox/lib/python3.6/site-packages/airflow/example_dags/example_latest_only.py
[2022-02-12 14:59:13,664] {scheduler_job.py:643} INFO - DAG(s) dict_keys(['latest_only']) retrieved from /home/agalli/sandbox/lib/python3.6/site-packages/airflow/example_dags/example_latest_only.py
[2022-02-12 14:59:13,707] {logging_mixin.py:104} INFO - [2022-02-12 14:59:13,707] {dag.py:1832} INFO - Sync 1 DAGs
[2022-02-12 14:59:13,732] {logging_mixin.py:104} INFO - [2022-02-12 14:59:13,732] {dag.py:2305} INFO - Setting next_dagrun for latest_only to 2022-02-10 00:00:00+00:00
[2022-02-12 14:59:13,753] {scheduler_job.py:190} INFO - Processing /home/agalli/sandbox/lib/python3.6/site-packages/airflow/example_dags/example_latest_only.py took 0.120 seconds
[2022-02-12 14:59:44,153] {scheduler_job.py:182} INFO - Started process (PID=16966) to work on /home/agalli/sandbox/lib/python3.6/site-packages/airflow/example_dags/example_latest_only.py
[2022-02-12 14:59:44,155] {scheduler_job.py:633} INFO - Processing file /home/agalli/sandbox/lib/python3.6/site-packages/airflow/example_dags/example_latest_only.py for tasks to queue
[2022-02-12 14:59:44,157] {logging_mixin.py:104} INFO - [2022-02-12 14:59:44,156] {dagbag.py:487} INFO - Filling up the DagBag from /home/agalli/sandbox/lib/python3.6/site-packages/airflow/example_dags/example_latest_only.py
[2022-02-12 14:59:44,183] {scheduler_job.py:643} INFO - DAG(s) dict_keys(['latest_only']) retrieved from /home/agalli/sandbox/lib/python3.6/site-packages/airflow/example_dags/example_latest_only.py
[2022-02-12 14:59:44,224] {logging_mixin.py:104} INFO - [2022-02-12 14:59:44,224] {dag.py:1832} INFO - Sync 1 DAGs
[2022-02-12 14:59:44,252] {logging_mixin.py:104} INFO - [2022-02-12 14:59:44,251] {dag.py:2305} INFO - Setting next_dagrun for latest_only to 2022-02-10 00:00:00+00:00
[2022-02-12 14:59:44,272] {scheduler_job.py:190} INFO - Processing /home/agalli/sandbox/lib/python3.6/site-packages/airflow/example_dags/example_latest_only.py took 0.126 seconds
[2022-02-12 15:00:15,633] {scheduler_job.py:182} INFO - Started process (PID=17035) to work on /home/agalli/sandbox/lib/python3.6/site-packages/airflow/example_dags/example_latest_only.py
[2022-02-12 15:00:15,635] {scheduler_job.py:633} INFO - Processing file /home/agalli/sandbox/lib/python3.6/site-packages/airflow/example_dags/example_latest_only.py for tasks to queue
[2022-02-12 15:00:15,636] {logging_mixin.py:104} INFO - [2022-02-12 15:00:15,636] {dagbag.py:487} INFO - Filling up the DagBag from /home/agalli/sandbox/lib/python3.6/site-packages/airflow/example_dags/example_latest_only.py
[2022-02-12 15:00:15,653] {scheduler_job.py:643} INFO - DAG(s) dict_keys(['latest_only']) retrieved from /home/agalli/sandbox/lib/python3.6/site-packages/airflow/example_dags/example_latest_only.py
[2022-02-12 15:00:15,685] {logging_mixin.py:104} INFO - [2022-02-12 15:00:15,685] {dag.py:1832} INFO - Sync 1 DAGs
[2022-02-12 15:00:15,707] {logging_mixin.py:104} INFO - [2022-02-12 15:00:15,706] {dag.py:2305} INFO - Setting next_dagrun for latest_only to 2022-02-10 00:00:00+00:00
[2022-02-12 15:00:15,749] {scheduler_job.py:190} INFO - Processing /home/agalli/sandbox/lib/python3.6/site-packages/airflow/example_dags/example_latest_only.py took 0.121 seconds
[2022-02-12 15:00:41,548] {scheduler_job.py:182} INFO - Started process (PID=17615) to work on /home/agalli/sandbox/lib/python3.6/site-packages/airflow/example_dags/example_latest_only.py
[2022-02-12 15:00:41,570] {scheduler_job.py:633} INFO - Processing file /home/agalli/sandbox/lib/python3.6/site-packages/airflow/example_dags/example_latest_only.py for tasks to queue
[2022-02-12 15:00:41,583] {logging_mixin.py:104} INFO - [2022-02-12 15:00:41,582] {dagbag.py:487} INFO - Filling up the DagBag from /home/agalli/sandbox/lib/python3.6/site-packages/airflow/example_dags/example_latest_only.py
[2022-02-12 15:00:41,680] {scheduler_job.py:643} INFO - DAG(s) dict_keys(['latest_only']) retrieved from /home/agalli/sandbox/lib/python3.6/site-packages/airflow/example_dags/example_latest_only.py
[2022-02-12 15:00:41,837] {logging_mixin.py:104} INFO - [2022-02-12 15:00:41,836] {dag.py:1832} INFO - Sync 1 DAGs
[2022-02-12 15:00:41,985] {logging_mixin.py:104} INFO - [2022-02-12 15:00:41,985] {dag.py:2305} INFO - Setting next_dagrun for latest_only to 2022-02-10 00:00:00+00:00
[2022-02-12 15:00:42,159] {scheduler_job.py:190} INFO - Processing /home/agalli/sandbox/lib/python3.6/site-packages/airflow/example_dags/example_latest_only.py took 0.659 seconds
[2022-02-12 15:01:12,327] {scheduler_job.py:182} INFO - Started process (PID=17938) to work on /home/agalli/sandbox/lib/python3.6/site-packages/airflow/example_dags/example_latest_only.py
[2022-02-12 15:01:12,328] {scheduler_job.py:633} INFO - Processing file /home/agalli/sandbox/lib/python3.6/site-packages/airflow/example_dags/example_latest_only.py for tasks to queue
[2022-02-12 15:01:12,329] {logging_mixin.py:104} INFO - [2022-02-12 15:01:12,329] {dagbag.py:487} INFO - Filling up the DagBag from /home/agalli/sandbox/lib/python3.6/site-packages/airflow/example_dags/example_latest_only.py
[2022-02-12 15:01:12,340] {scheduler_job.py:643} INFO - DAG(s) dict_keys(['latest_only']) retrieved from /home/agalli/sandbox/lib/python3.6/site-packages/airflow/example_dags/example_latest_only.py
[2022-02-12 15:01:12,368] {logging_mixin.py:104} INFO - [2022-02-12 15:01:12,368] {dag.py:1832} INFO - Sync 1 DAGs
[2022-02-12 15:01:12,386] {logging_mixin.py:104} INFO - [2022-02-12 15:01:12,386] {dag.py:2305} INFO - Setting next_dagrun for latest_only to 2022-02-10 00:00:00+00:00
[2022-02-12 15:01:12,401] {scheduler_job.py:190} INFO - Processing /home/agalli/sandbox/lib/python3.6/site-packages/airflow/example_dags/example_latest_only.py took 0.077 seconds
[2022-02-12 15:01:42,972] {scheduler_job.py:182} INFO - Started process (PID=18140) to work on /home/agalli/sandbox/lib/python3.6/site-packages/airflow/example_dags/example_latest_only.py
[2022-02-12 15:01:42,973] {scheduler_job.py:633} INFO - Processing file /home/agalli/sandbox/lib/python3.6/site-packages/airflow/example_dags/example_latest_only.py for tasks to queue
[2022-02-12 15:01:42,974] {logging_mixin.py:104} INFO - [2022-02-12 15:01:42,974] {dagbag.py:487} INFO - Filling up the DagBag from /home/agalli/sandbox/lib/python3.6/site-packages/airflow/example_dags/example_latest_only.py
[2022-02-12 15:01:42,991] {scheduler_job.py:643} INFO - DAG(s) dict_keys(['latest_only']) retrieved from /home/agalli/sandbox/lib/python3.6/site-packages/airflow/example_dags/example_latest_only.py
[2022-02-12 15:01:43,029] {logging_mixin.py:104} INFO - [2022-02-12 15:01:43,029] {dag.py:1832} INFO - Sync 1 DAGs
[2022-02-12 15:01:43,047] {logging_mixin.py:104} INFO - [2022-02-12 15:01:43,047] {dag.py:2305} INFO - Setting next_dagrun for latest_only to 2022-02-10 00:00:00+00:00
[2022-02-12 15:01:43,062] {scheduler_job.py:190} INFO - Processing /home/agalli/sandbox/lib/python3.6/site-packages/airflow/example_dags/example_latest_only.py took 0.096 seconds
[2022-02-12 15:02:14,071] {scheduler_job.py:182} INFO - Started process (PID=18432) to work on /home/agalli/sandbox/lib/python3.6/site-packages/airflow/example_dags/example_latest_only.py
[2022-02-12 15:02:14,073] {scheduler_job.py:633} INFO - Processing file /home/agalli/sandbox/lib/python3.6/site-packages/airflow/example_dags/example_latest_only.py for tasks to queue
[2022-02-12 15:02:14,075] {logging_mixin.py:104} INFO - [2022-02-12 15:02:14,074] {dagbag.py:487} INFO - Filling up the DagBag from /home/agalli/sandbox/lib/python3.6/site-packages/airflow/example_dags/example_latest_only.py
[2022-02-12 15:02:14,115] {scheduler_job.py:643} INFO - DAG(s) dict_keys(['latest_only']) retrieved from /home/agalli/sandbox/lib/python3.6/site-packages/airflow/example_dags/example_latest_only.py
[2022-02-12 15:02:14,198] {logging_mixin.py:104} INFO - [2022-02-12 15:02:14,198] {dag.py:1832} INFO - Sync 1 DAGs
[2022-02-12 15:02:14,259] {logging_mixin.py:104} INFO - [2022-02-12 15:02:14,259] {dag.py:2305} INFO - Setting next_dagrun for latest_only to 2022-02-10 00:00:00+00:00
[2022-02-12 15:02:14,322] {scheduler_job.py:190} INFO - Processing /home/agalli/sandbox/lib/python3.6/site-packages/airflow/example_dags/example_latest_only.py took 0.257 seconds
[2022-02-12 15:02:44,521] {scheduler_job.py:182} INFO - Started process (PID=18904) to work on /home/agalli/sandbox/lib/python3.6/site-packages/airflow/example_dags/example_latest_only.py
[2022-02-12 15:02:44,528] {scheduler_job.py:633} INFO - Processing file /home/agalli/sandbox/lib/python3.6/site-packages/airflow/example_dags/example_latest_only.py for tasks to queue
[2022-02-12 15:02:44,529] {logging_mixin.py:104} INFO - [2022-02-12 15:02:44,529] {dagbag.py:487} INFO - Filling up the DagBag from /home/agalli/sandbox/lib/python3.6/site-packages/airflow/example_dags/example_latest_only.py
[2022-02-12 15:02:44,585] {scheduler_job.py:643} INFO - DAG(s) dict_keys(['latest_only']) retrieved from /home/agalli/sandbox/lib/python3.6/site-packages/airflow/example_dags/example_latest_only.py
[2022-02-12 15:02:44,676] {logging_mixin.py:104} INFO - [2022-02-12 15:02:44,675] {dag.py:1832} INFO - Sync 1 DAGs
[2022-02-12 15:02:44,738] {logging_mixin.py:104} INFO - [2022-02-12 15:02:44,737] {dag.py:2305} INFO - Setting next_dagrun for latest_only to 2022-02-10 00:00:00+00:00
[2022-02-12 15:02:44,774] {scheduler_job.py:190} INFO - Processing /home/agalli/sandbox/lib/python3.6/site-packages/airflow/example_dags/example_latest_only.py took 0.266 seconds
[2022-02-12 15:03:16,124] {scheduler_job.py:182} INFO - Started process (PID=19283) to work on /home/agalli/sandbox/lib/python3.6/site-packages/airflow/example_dags/example_latest_only.py
[2022-02-12 15:03:16,128] {scheduler_job.py:633} INFO - Processing file /home/agalli/sandbox/lib/python3.6/site-packages/airflow/example_dags/example_latest_only.py for tasks to queue
[2022-02-12 15:03:16,130] {logging_mixin.py:104} INFO - [2022-02-12 15:03:16,129] {dagbag.py:487} INFO - Filling up the DagBag from /home/agalli/sandbox/lib/python3.6/site-packages/airflow/example_dags/example_latest_only.py
[2022-02-12 15:03:16,159] {scheduler_job.py:643} INFO - DAG(s) dict_keys(['latest_only']) retrieved from /home/agalli/sandbox/lib/python3.6/site-packages/airflow/example_dags/example_latest_only.py
[2022-02-12 15:03:16,218] {logging_mixin.py:104} INFO - [2022-02-12 15:03:16,218] {dag.py:1832} INFO - Sync 1 DAGs
[2022-02-12 15:03:16,254] {logging_mixin.py:104} INFO - [2022-02-12 15:03:16,254] {dag.py:2305} INFO - Setting next_dagrun for latest_only to 2022-02-10 00:00:00+00:00
[2022-02-12 15:03:16,276] {scheduler_job.py:190} INFO - Processing /home/agalli/sandbox/lib/python3.6/site-packages/airflow/example_dags/example_latest_only.py took 0.161 seconds
[2022-02-12 15:03:47,575] {scheduler_job.py:182} INFO - Started process (PID=19486) to work on /home/agalli/sandbox/lib/python3.6/site-packages/airflow/example_dags/example_latest_only.py
[2022-02-12 15:03:47,577] {scheduler_job.py:633} INFO - Processing file /home/agalli/sandbox/lib/python3.6/site-packages/airflow/example_dags/example_latest_only.py for tasks to queue
[2022-02-12 15:03:47,579] {logging_mixin.py:104} INFO - [2022-02-12 15:03:47,579] {dagbag.py:487} INFO - Filling up the DagBag from /home/agalli/sandbox/lib/python3.6/site-packages/airflow/example_dags/example_latest_only.py
[2022-02-12 15:03:47,611] {scheduler_job.py:643} INFO - DAG(s) dict_keys(['latest_only']) retrieved from /home/agalli/sandbox/lib/python3.6/site-packages/airflow/example_dags/example_latest_only.py
[2022-02-12 15:03:47,682] {logging_mixin.py:104} INFO - [2022-02-12 15:03:47,682] {dag.py:1832} INFO - Sync 1 DAGs
[2022-02-12 15:03:47,728] {logging_mixin.py:104} INFO - [2022-02-12 15:03:47,728] {dag.py:2305} INFO - Setting next_dagrun for latest_only to 2022-02-10 00:00:00+00:00
[2022-02-12 15:03:47,756] {scheduler_job.py:190} INFO - Processing /home/agalli/sandbox/lib/python3.6/site-packages/airflow/example_dags/example_latest_only.py took 0.195 seconds
[2022-02-12 15:04:18,011] {scheduler_job.py:182} INFO - Started process (PID=19688) to work on /home/agalli/sandbox/lib/python3.6/site-packages/airflow/example_dags/example_latest_only.py
[2022-02-12 15:04:18,014] {scheduler_job.py:633} INFO - Processing file /home/agalli/sandbox/lib/python3.6/site-packages/airflow/example_dags/example_latest_only.py for tasks to queue
[2022-02-12 15:04:18,016] {logging_mixin.py:104} INFO - [2022-02-12 15:04:18,016] {dagbag.py:487} INFO - Filling up the DagBag from /home/agalli/sandbox/lib/python3.6/site-packages/airflow/example_dags/example_latest_only.py
[2022-02-12 15:04:18,043] {scheduler_job.py:643} INFO - DAG(s) dict_keys(['latest_only']) retrieved from /home/agalli/sandbox/lib/python3.6/site-packages/airflow/example_dags/example_latest_only.py
[2022-02-12 15:04:18,091] {logging_mixin.py:104} INFO - [2022-02-12 15:04:18,090] {dag.py:1832} INFO - Sync 1 DAGs
[2022-02-12 15:04:18,122] {logging_mixin.py:104} INFO - [2022-02-12 15:04:18,121] {dag.py:2305} INFO - Setting next_dagrun for latest_only to 2022-02-10 00:00:00+00:00
[2022-02-12 15:04:18,150] {scheduler_job.py:190} INFO - Processing /home/agalli/sandbox/lib/python3.6/site-packages/airflow/example_dags/example_latest_only.py took 0.147 seconds
[2022-02-12 15:04:49,192] {scheduler_job.py:182} INFO - Started process (PID=19890) to work on /home/agalli/sandbox/lib/python3.6/site-packages/airflow/example_dags/example_latest_only.py
[2022-02-12 15:04:49,194] {scheduler_job.py:633} INFO - Processing file /home/agalli/sandbox/lib/python3.6/site-packages/airflow/example_dags/example_latest_only.py for tasks to queue
[2022-02-12 15:04:49,196] {logging_mixin.py:104} INFO - [2022-02-12 15:04:49,195] {dagbag.py:487} INFO - Filling up the DagBag from /home/agalli/sandbox/lib/python3.6/site-packages/airflow/example_dags/example_latest_only.py
[2022-02-12 15:04:49,212] {scheduler_job.py:643} INFO - DAG(s) dict_keys(['latest_only']) retrieved from /home/agalli/sandbox/lib/python3.6/site-packages/airflow/example_dags/example_latest_only.py
[2022-02-12 15:04:49,261] {logging_mixin.py:104} INFO - [2022-02-12 15:04:49,260] {dag.py:1832} INFO - Sync 1 DAGs
[2022-02-12 15:04:49,289] {logging_mixin.py:104} INFO - [2022-02-12 15:04:49,288] {dag.py:2305} INFO - Setting next_dagrun for latest_only to 2022-02-10 00:00:00+00:00
[2022-02-12 15:04:49,313] {scheduler_job.py:190} INFO - Processing /home/agalli/sandbox/lib/python3.6/site-packages/airflow/example_dags/example_latest_only.py took 0.128 seconds
[2022-02-12 15:05:19,985] {scheduler_job.py:182} INFO - Started process (PID=20091) to work on /home/agalli/sandbox/lib/python3.6/site-packages/airflow/example_dags/example_latest_only.py
[2022-02-12 15:05:19,988] {scheduler_job.py:633} INFO - Processing file /home/agalli/sandbox/lib/python3.6/site-packages/airflow/example_dags/example_latest_only.py for tasks to queue
[2022-02-12 15:05:19,990] {logging_mixin.py:104} INFO - [2022-02-12 15:05:19,989] {dagbag.py:487} INFO - Filling up the DagBag from /home/agalli/sandbox/lib/python3.6/site-packages/airflow/example_dags/example_latest_only.py
[2022-02-12 15:05:20,015] {scheduler_job.py:643} INFO - DAG(s) dict_keys(['latest_only']) retrieved from /home/agalli/sandbox/lib/python3.6/site-packages/airflow/example_dags/example_latest_only.py
[2022-02-12 15:05:20,052] {logging_mixin.py:104} INFO - [2022-02-12 15:05:20,052] {dag.py:1832} INFO - Sync 1 DAGs
[2022-02-12 15:05:20,076] {logging_mixin.py:104} INFO - [2022-02-12 15:05:20,076] {dag.py:2305} INFO - Setting next_dagrun for latest_only to 2022-02-10 00:00:00+00:00
[2022-02-12 15:05:20,105] {scheduler_job.py:190} INFO - Processing /home/agalli/sandbox/lib/python3.6/site-packages/airflow/example_dags/example_latest_only.py took 0.125 seconds
[2022-02-12 15:05:50,190] {scheduler_job.py:182} INFO - Started process (PID=20407) to work on /home/agalli/sandbox/lib/python3.6/site-packages/airflow/example_dags/example_latest_only.py
[2022-02-12 15:05:50,191] {scheduler_job.py:633} INFO - Processing file /home/agalli/sandbox/lib/python3.6/site-packages/airflow/example_dags/example_latest_only.py for tasks to queue
[2022-02-12 15:05:50,192] {logging_mixin.py:104} INFO - [2022-02-12 15:05:50,192] {dagbag.py:487} INFO - Filling up the DagBag from /home/agalli/sandbox/lib/python3.6/site-packages/airflow/example_dags/example_latest_only.py
[2022-02-12 15:05:50,206] {scheduler_job.py:643} INFO - DAG(s) dict_keys(['latest_only']) retrieved from /home/agalli/sandbox/lib/python3.6/site-packages/airflow/example_dags/example_latest_only.py
[2022-02-12 15:05:50,240] {logging_mixin.py:104} INFO - [2022-02-12 15:05:50,239] {dag.py:1832} INFO - Sync 1 DAGs
[2022-02-12 15:05:50,260] {logging_mixin.py:104} INFO - [2022-02-12 15:05:50,260] {dag.py:2305} INFO - Setting next_dagrun for latest_only to 2022-02-10 00:00:00+00:00
[2022-02-12 15:05:50,277] {scheduler_job.py:190} INFO - Processing /home/agalli/sandbox/lib/python3.6/site-packages/airflow/example_dags/example_latest_only.py took 0.091 seconds
[2022-02-12 15:06:20,881] {scheduler_job.py:182} INFO - Started process (PID=20606) to work on /home/agalli/sandbox/lib/python3.6/site-packages/airflow/example_dags/example_latest_only.py
[2022-02-12 15:06:20,882] {scheduler_job.py:633} INFO - Processing file /home/agalli/sandbox/lib/python3.6/site-packages/airflow/example_dags/example_latest_only.py for tasks to queue
[2022-02-12 15:06:20,883] {logging_mixin.py:104} INFO - [2022-02-12 15:06:20,883] {dagbag.py:487} INFO - Filling up the DagBag from /home/agalli/sandbox/lib/python3.6/site-packages/airflow/example_dags/example_latest_only.py
[2022-02-12 15:06:20,903] {scheduler_job.py:643} INFO - DAG(s) dict_keys(['latest_only']) retrieved from /home/agalli/sandbox/lib/python3.6/site-packages/airflow/example_dags/example_latest_only.py
[2022-02-12 15:06:20,936] {logging_mixin.py:104} INFO - [2022-02-12 15:06:20,936] {dag.py:1832} INFO - Sync 1 DAGs
[2022-02-12 15:06:20,968] {logging_mixin.py:104} INFO - [2022-02-12 15:06:20,968] {dag.py:2305} INFO - Setting next_dagrun for latest_only to 2022-02-10 00:00:00+00:00
[2022-02-12 15:06:20,989] {scheduler_job.py:190} INFO - Processing /home/agalli/sandbox/lib/python3.6/site-packages/airflow/example_dags/example_latest_only.py took 0.114 seconds
[2022-02-12 15:06:51,740] {scheduler_job.py:182} INFO - Started process (PID=20809) to work on /home/agalli/sandbox/lib/python3.6/site-packages/airflow/example_dags/example_latest_only.py
[2022-02-12 15:06:51,747] {scheduler_job.py:633} INFO - Processing file /home/agalli/sandbox/lib/python3.6/site-packages/airflow/example_dags/example_latest_only.py for tasks to queue
[2022-02-12 15:06:51,749] {logging_mixin.py:104} INFO - [2022-02-12 15:06:51,749] {dagbag.py:487} INFO - Filling up the DagBag from /home/agalli/sandbox/lib/python3.6/site-packages/airflow/example_dags/example_latest_only.py
[2022-02-12 15:06:51,775] {scheduler_job.py:643} INFO - DAG(s) dict_keys(['latest_only']) retrieved from /home/agalli/sandbox/lib/python3.6/site-packages/airflow/example_dags/example_latest_only.py
[2022-02-12 15:06:51,829] {logging_mixin.py:104} INFO - [2022-02-12 15:06:51,829] {dag.py:1832} INFO - Sync 1 DAGs
[2022-02-12 15:06:51,866] {logging_mixin.py:104} INFO - [2022-02-12 15:06:51,866] {dag.py:2305} INFO - Setting next_dagrun for latest_only to 2022-02-10 00:00:00+00:00
[2022-02-12 15:06:51,901] {scheduler_job.py:190} INFO - Processing /home/agalli/sandbox/lib/python3.6/site-packages/airflow/example_dags/example_latest_only.py took 0.168 seconds
[2022-02-12 15:07:22,680] {scheduler_job.py:182} INFO - Started process (PID=21010) to work on /home/agalli/sandbox/lib/python3.6/site-packages/airflow/example_dags/example_latest_only.py
[2022-02-12 15:07:22,682] {scheduler_job.py:633} INFO - Processing file /home/agalli/sandbox/lib/python3.6/site-packages/airflow/example_dags/example_latest_only.py for tasks to queue
[2022-02-12 15:07:22,683] {logging_mixin.py:104} INFO - [2022-02-12 15:07:22,683] {dagbag.py:487} INFO - Filling up the DagBag from /home/agalli/sandbox/lib/python3.6/site-packages/airflow/example_dags/example_latest_only.py
[2022-02-12 15:07:22,701] {scheduler_job.py:643} INFO - DAG(s) dict_keys(['latest_only']) retrieved from /home/agalli/sandbox/lib/python3.6/site-packages/airflow/example_dags/example_latest_only.py
[2022-02-12 15:07:22,748] {logging_mixin.py:104} INFO - [2022-02-12 15:07:22,747] {dag.py:1832} INFO - Sync 1 DAGs
[2022-02-12 15:07:22,802] {logging_mixin.py:104} INFO - [2022-02-12 15:07:22,802] {dag.py:2305} INFO - Setting next_dagrun for latest_only to 2022-02-10 00:00:00+00:00
[2022-02-12 15:07:22,827] {scheduler_job.py:190} INFO - Processing /home/agalli/sandbox/lib/python3.6/site-packages/airflow/example_dags/example_latest_only.py took 0.153 seconds
[2022-02-12 15:07:53,047] {scheduler_job.py:182} INFO - Started process (PID=21214) to work on /home/agalli/sandbox/lib/python3.6/site-packages/airflow/example_dags/example_latest_only.py
[2022-02-12 15:07:53,050] {scheduler_job.py:633} INFO - Processing file /home/agalli/sandbox/lib/python3.6/site-packages/airflow/example_dags/example_latest_only.py for tasks to queue
[2022-02-12 15:07:53,053] {logging_mixin.py:104} INFO - [2022-02-12 15:07:53,053] {dagbag.py:487} INFO - Filling up the DagBag from /home/agalli/sandbox/lib/python3.6/site-packages/airflow/example_dags/example_latest_only.py
[2022-02-12 15:07:53,076] {scheduler_job.py:643} INFO - DAG(s) dict_keys(['latest_only']) retrieved from /home/agalli/sandbox/lib/python3.6/site-packages/airflow/example_dags/example_latest_only.py
[2022-02-12 15:07:53,123] {logging_mixin.py:104} INFO - [2022-02-12 15:07:53,123] {dag.py:1832} INFO - Sync 1 DAGs
[2022-02-12 15:07:53,157] {logging_mixin.py:104} INFO - [2022-02-12 15:07:53,157] {dag.py:2305} INFO - Setting next_dagrun for latest_only to 2022-02-10 00:00:00+00:00
[2022-02-12 15:07:53,182] {scheduler_job.py:190} INFO - Processing /home/agalli/sandbox/lib/python3.6/site-packages/airflow/example_dags/example_latest_only.py took 0.140 seconds
[2022-02-12 15:08:23,853] {scheduler_job.py:182} INFO - Started process (PID=21418) to work on /home/agalli/sandbox/lib/python3.6/site-packages/airflow/example_dags/example_latest_only.py
[2022-02-12 15:08:23,855] {scheduler_job.py:633} INFO - Processing file /home/agalli/sandbox/lib/python3.6/site-packages/airflow/example_dags/example_latest_only.py for tasks to queue
[2022-02-12 15:08:23,857] {logging_mixin.py:104} INFO - [2022-02-12 15:08:23,857] {dagbag.py:487} INFO - Filling up the DagBag from /home/agalli/sandbox/lib/python3.6/site-packages/airflow/example_dags/example_latest_only.py
[2022-02-12 15:08:23,878] {scheduler_job.py:643} INFO - DAG(s) dict_keys(['latest_only']) retrieved from /home/agalli/sandbox/lib/python3.6/site-packages/airflow/example_dags/example_latest_only.py
[2022-02-12 15:08:23,930] {logging_mixin.py:104} INFO - [2022-02-12 15:08:23,930] {dag.py:1832} INFO - Sync 1 DAGs
[2022-02-12 15:08:23,967] {logging_mixin.py:104} INFO - [2022-02-12 15:08:23,967] {dag.py:2305} INFO - Setting next_dagrun for latest_only to 2022-02-10 00:00:00+00:00
[2022-02-12 15:08:23,992] {scheduler_job.py:190} INFO - Processing /home/agalli/sandbox/lib/python3.6/site-packages/airflow/example_dags/example_latest_only.py took 0.149 seconds
