[2022-02-12 13:57:26,608] {scheduler_job.py:182} INFO - Started process (PID=1728) to work on /home/agalli/sandbox/lib/python3.6/site-packages/airflow/example_dags/example_skip_dag.py
[2022-02-12 13:57:26,622] {scheduler_job.py:633} INFO - Processing file /home/agalli/sandbox/lib/python3.6/site-packages/airflow/example_dags/example_skip_dag.py for tasks to queue
[2022-02-12 13:57:26,625] {logging_mixin.py:104} INFO - [2022-02-12 13:57:26,625] {dagbag.py:487} INFO - Filling up the DagBag from /home/agalli/sandbox/lib/python3.6/site-packages/airflow/example_dags/example_skip_dag.py
[2022-02-12 13:57:26,721] {scheduler_job.py:643} INFO - DAG(s) dict_keys(['example_skip_dag']) retrieved from /home/agalli/sandbox/lib/python3.6/site-packages/airflow/example_dags/example_skip_dag.py
[2022-02-12 13:57:26,839] {logging_mixin.py:104} INFO - [2022-02-12 13:57:26,838] {dag.py:1832} INFO - Sync 1 DAGs
[2022-02-12 13:57:26,929] {logging_mixin.py:104} INFO - [2022-02-12 13:57:26,928] {dag.py:2305} INFO - Setting next_dagrun for example_skip_dag to 2022-02-10 00:00:00+00:00
[2022-02-12 13:57:26,968] {scheduler_job.py:190} INFO - Processing /home/agalli/sandbox/lib/python3.6/site-packages/airflow/example_dags/example_skip_dag.py took 0.368 seconds
[2022-02-12 13:57:58,162] {scheduler_job.py:182} INFO - Started process (PID=2220) to work on /home/agalli/sandbox/lib/python3.6/site-packages/airflow/example_dags/example_skip_dag.py
[2022-02-12 13:57:58,172] {scheduler_job.py:633} INFO - Processing file /home/agalli/sandbox/lib/python3.6/site-packages/airflow/example_dags/example_skip_dag.py for tasks to queue
[2022-02-12 13:57:58,176] {logging_mixin.py:104} INFO - [2022-02-12 13:57:58,176] {dagbag.py:487} INFO - Filling up the DagBag from /home/agalli/sandbox/lib/python3.6/site-packages/airflow/example_dags/example_skip_dag.py
[2022-02-12 13:57:58,225] {scheduler_job.py:643} INFO - DAG(s) dict_keys(['example_skip_dag']) retrieved from /home/agalli/sandbox/lib/python3.6/site-packages/airflow/example_dags/example_skip_dag.py
[2022-02-12 13:57:58,299] {logging_mixin.py:104} INFO - [2022-02-12 13:57:58,299] {dag.py:1832} INFO - Sync 1 DAGs
[2022-02-12 13:57:58,370] {logging_mixin.py:104} INFO - [2022-02-12 13:57:58,370] {dag.py:2305} INFO - Setting next_dagrun for example_skip_dag to 2022-02-10 00:00:00+00:00
[2022-02-12 13:57:58,407] {scheduler_job.py:190} INFO - Processing /home/agalli/sandbox/lib/python3.6/site-packages/airflow/example_dags/example_skip_dag.py took 0.254 seconds
[2022-02-12 13:58:29,503] {scheduler_job.py:182} INFO - Started process (PID=2424) to work on /home/agalli/sandbox/lib/python3.6/site-packages/airflow/example_dags/example_skip_dag.py
[2022-02-12 13:58:29,507] {scheduler_job.py:633} INFO - Processing file /home/agalli/sandbox/lib/python3.6/site-packages/airflow/example_dags/example_skip_dag.py for tasks to queue
[2022-02-12 13:58:29,508] {logging_mixin.py:104} INFO - [2022-02-12 13:58:29,508] {dagbag.py:487} INFO - Filling up the DagBag from /home/agalli/sandbox/lib/python3.6/site-packages/airflow/example_dags/example_skip_dag.py
[2022-02-12 13:58:29,545] {scheduler_job.py:643} INFO - DAG(s) dict_keys(['example_skip_dag']) retrieved from /home/agalli/sandbox/lib/python3.6/site-packages/airflow/example_dags/example_skip_dag.py
[2022-02-12 13:58:29,633] {logging_mixin.py:104} INFO - [2022-02-12 13:58:29,632] {dag.py:1832} INFO - Sync 1 DAGs
[2022-02-12 13:58:29,751] {logging_mixin.py:104} INFO - [2022-02-12 13:58:29,750] {dag.py:2305} INFO - Setting next_dagrun for example_skip_dag to 2022-02-10 00:00:00+00:00
[2022-02-12 13:58:29,796] {scheduler_job.py:190} INFO - Processing /home/agalli/sandbox/lib/python3.6/site-packages/airflow/example_dags/example_skip_dag.py took 0.310 seconds
[2022-02-12 13:59:00,482] {scheduler_job.py:182} INFO - Started process (PID=2627) to work on /home/agalli/sandbox/lib/python3.6/site-packages/airflow/example_dags/example_skip_dag.py
[2022-02-12 13:59:00,484] {scheduler_job.py:633} INFO - Processing file /home/agalli/sandbox/lib/python3.6/site-packages/airflow/example_dags/example_skip_dag.py for tasks to queue
[2022-02-12 13:59:00,489] {logging_mixin.py:104} INFO - [2022-02-12 13:59:00,488] {dagbag.py:487} INFO - Filling up the DagBag from /home/agalli/sandbox/lib/python3.6/site-packages/airflow/example_dags/example_skip_dag.py
[2022-02-12 13:59:00,516] {scheduler_job.py:643} INFO - DAG(s) dict_keys(['example_skip_dag']) retrieved from /home/agalli/sandbox/lib/python3.6/site-packages/airflow/example_dags/example_skip_dag.py
[2022-02-12 13:59:00,559] {logging_mixin.py:104} INFO - [2022-02-12 13:59:00,559] {dag.py:1832} INFO - Sync 1 DAGs
[2022-02-12 13:59:00,580] {logging_mixin.py:104} INFO - [2022-02-12 13:59:00,579] {dag.py:2305} INFO - Setting next_dagrun for example_skip_dag to 2022-02-10 00:00:00+00:00
[2022-02-12 13:59:00,597] {scheduler_job.py:190} INFO - Processing /home/agalli/sandbox/lib/python3.6/site-packages/airflow/example_dags/example_skip_dag.py took 0.123 seconds
[2022-02-12 13:59:31,198] {scheduler_job.py:182} INFO - Started process (PID=2827) to work on /home/agalli/sandbox/lib/python3.6/site-packages/airflow/example_dags/example_skip_dag.py
[2022-02-12 13:59:31,199] {scheduler_job.py:633} INFO - Processing file /home/agalli/sandbox/lib/python3.6/site-packages/airflow/example_dags/example_skip_dag.py for tasks to queue
[2022-02-12 13:59:31,201] {logging_mixin.py:104} INFO - [2022-02-12 13:59:31,200] {dagbag.py:487} INFO - Filling up the DagBag from /home/agalli/sandbox/lib/python3.6/site-packages/airflow/example_dags/example_skip_dag.py
[2022-02-12 13:59:31,221] {scheduler_job.py:643} INFO - DAG(s) dict_keys(['example_skip_dag']) retrieved from /home/agalli/sandbox/lib/python3.6/site-packages/airflow/example_dags/example_skip_dag.py
[2022-02-12 13:59:31,265] {logging_mixin.py:104} INFO - [2022-02-12 13:59:31,265] {dag.py:1832} INFO - Sync 1 DAGs
[2022-02-12 13:59:31,297] {logging_mixin.py:104} INFO - [2022-02-12 13:59:31,297] {dag.py:2305} INFO - Setting next_dagrun for example_skip_dag to 2022-02-10 00:00:00+00:00
[2022-02-12 13:59:31,312] {scheduler_job.py:190} INFO - Processing /home/agalli/sandbox/lib/python3.6/site-packages/airflow/example_dags/example_skip_dag.py took 0.119 seconds
[2022-02-12 14:00:03,445] {scheduler_job.py:182} INFO - Started process (PID=3092) to work on /home/agalli/sandbox/lib/python3.6/site-packages/airflow/example_dags/example_skip_dag.py
[2022-02-12 14:00:03,447] {scheduler_job.py:633} INFO - Processing file /home/agalli/sandbox/lib/python3.6/site-packages/airflow/example_dags/example_skip_dag.py for tasks to queue
[2022-02-12 14:00:03,450] {logging_mixin.py:104} INFO - [2022-02-12 14:00:03,450] {dagbag.py:487} INFO - Filling up the DagBag from /home/agalli/sandbox/lib/python3.6/site-packages/airflow/example_dags/example_skip_dag.py
[2022-02-12 14:00:03,473] {scheduler_job.py:643} INFO - DAG(s) dict_keys(['example_skip_dag']) retrieved from /home/agalli/sandbox/lib/python3.6/site-packages/airflow/example_dags/example_skip_dag.py
[2022-02-12 14:00:03,535] {logging_mixin.py:104} INFO - [2022-02-12 14:00:03,535] {dag.py:1832} INFO - Sync 1 DAGs
[2022-02-12 14:00:03,623] {logging_mixin.py:104} INFO - [2022-02-12 14:00:03,623] {dag.py:2305} INFO - Setting next_dagrun for example_skip_dag to 2022-02-10 00:00:00+00:00
[2022-02-12 14:00:03,662] {scheduler_job.py:190} INFO - Processing /home/agalli/sandbox/lib/python3.6/site-packages/airflow/example_dags/example_skip_dag.py took 0.226 seconds
[2022-02-12 14:00:34,009] {scheduler_job.py:182} INFO - Started process (PID=3458) to work on /home/agalli/sandbox/lib/python3.6/site-packages/airflow/example_dags/example_skip_dag.py
[2022-02-12 14:00:34,011] {scheduler_job.py:633} INFO - Processing file /home/agalli/sandbox/lib/python3.6/site-packages/airflow/example_dags/example_skip_dag.py for tasks to queue
[2022-02-12 14:00:34,013] {logging_mixin.py:104} INFO - [2022-02-12 14:00:34,013] {dagbag.py:487} INFO - Filling up the DagBag from /home/agalli/sandbox/lib/python3.6/site-packages/airflow/example_dags/example_skip_dag.py
[2022-02-12 14:00:34,039] {scheduler_job.py:643} INFO - DAG(s) dict_keys(['example_skip_dag']) retrieved from /home/agalli/sandbox/lib/python3.6/site-packages/airflow/example_dags/example_skip_dag.py
[2022-02-12 14:00:34,091] {logging_mixin.py:104} INFO - [2022-02-12 14:00:34,091] {dag.py:1832} INFO - Sync 1 DAGs
[2022-02-12 14:00:34,134] {logging_mixin.py:104} INFO - [2022-02-12 14:00:34,134] {dag.py:2305} INFO - Setting next_dagrun for example_skip_dag to 2022-02-10 00:00:00+00:00
[2022-02-12 14:00:34,159] {scheduler_job.py:190} INFO - Processing /home/agalli/sandbox/lib/python3.6/site-packages/airflow/example_dags/example_skip_dag.py took 0.158 seconds
[2022-02-12 14:01:06,915] {scheduler_job.py:182} INFO - Started process (PID=4041) to work on /home/agalli/sandbox/lib/python3.6/site-packages/airflow/example_dags/example_skip_dag.py
[2022-02-12 14:01:06,919] {scheduler_job.py:633} INFO - Processing file /home/agalli/sandbox/lib/python3.6/site-packages/airflow/example_dags/example_skip_dag.py for tasks to queue
[2022-02-12 14:01:06,921] {logging_mixin.py:104} INFO - [2022-02-12 14:01:06,920] {dagbag.py:487} INFO - Filling up the DagBag from /home/agalli/sandbox/lib/python3.6/site-packages/airflow/example_dags/example_skip_dag.py
[2022-02-12 14:01:06,953] {scheduler_job.py:643} INFO - DAG(s) dict_keys(['example_skip_dag']) retrieved from /home/agalli/sandbox/lib/python3.6/site-packages/airflow/example_dags/example_skip_dag.py
[2022-02-12 14:01:07,018] {logging_mixin.py:104} INFO - [2022-02-12 14:01:07,018] {dag.py:1832} INFO - Sync 1 DAGs
[2022-02-12 14:01:07,055] {logging_mixin.py:104} INFO - [2022-02-12 14:01:07,055] {dag.py:2305} INFO - Setting next_dagrun for example_skip_dag to 2022-02-10 00:00:00+00:00
[2022-02-12 14:01:07,086] {scheduler_job.py:190} INFO - Processing /home/agalli/sandbox/lib/python3.6/site-packages/airflow/example_dags/example_skip_dag.py took 0.178 seconds
[2022-02-12 14:01:37,527] {scheduler_job.py:182} INFO - Started process (PID=5333) to work on /home/agalli/sandbox/lib/python3.6/site-packages/airflow/example_dags/example_skip_dag.py
[2022-02-12 14:01:37,530] {scheduler_job.py:633} INFO - Processing file /home/agalli/sandbox/lib/python3.6/site-packages/airflow/example_dags/example_skip_dag.py for tasks to queue
[2022-02-12 14:01:37,531] {logging_mixin.py:104} INFO - [2022-02-12 14:01:37,531] {dagbag.py:487} INFO - Filling up the DagBag from /home/agalli/sandbox/lib/python3.6/site-packages/airflow/example_dags/example_skip_dag.py
[2022-02-12 14:01:37,554] {scheduler_job.py:643} INFO - DAG(s) dict_keys(['example_skip_dag']) retrieved from /home/agalli/sandbox/lib/python3.6/site-packages/airflow/example_dags/example_skip_dag.py
[2022-02-12 14:01:37,596] {logging_mixin.py:104} INFO - [2022-02-12 14:01:37,595] {dag.py:1832} INFO - Sync 1 DAGs
[2022-02-12 14:01:37,623] {logging_mixin.py:104} INFO - [2022-02-12 14:01:37,623] {dag.py:2305} INFO - Setting next_dagrun for example_skip_dag to 2022-02-10 00:00:00+00:00
[2022-02-12 14:01:37,640] {scheduler_job.py:190} INFO - Processing /home/agalli/sandbox/lib/python3.6/site-packages/airflow/example_dags/example_skip_dag.py took 0.120 seconds
[2022-02-12 14:02:08,011] {scheduler_job.py:182} INFO - Started process (PID=5564) to work on /home/agalli/sandbox/lib/python3.6/site-packages/airflow/example_dags/example_skip_dag.py
[2022-02-12 14:02:08,013] {scheduler_job.py:633} INFO - Processing file /home/agalli/sandbox/lib/python3.6/site-packages/airflow/example_dags/example_skip_dag.py for tasks to queue
[2022-02-12 14:02:08,015] {logging_mixin.py:104} INFO - [2022-02-12 14:02:08,014] {dagbag.py:487} INFO - Filling up the DagBag from /home/agalli/sandbox/lib/python3.6/site-packages/airflow/example_dags/example_skip_dag.py
[2022-02-12 14:02:08,046] {scheduler_job.py:643} INFO - DAG(s) dict_keys(['example_skip_dag']) retrieved from /home/agalli/sandbox/lib/python3.6/site-packages/airflow/example_dags/example_skip_dag.py
[2022-02-12 14:02:08,100] {logging_mixin.py:104} INFO - [2022-02-12 14:02:08,098] {dag.py:1832} INFO - Sync 1 DAGs
[2022-02-12 14:02:08,135] {logging_mixin.py:104} INFO - [2022-02-12 14:02:08,135] {dag.py:2305} INFO - Setting next_dagrun for example_skip_dag to 2022-02-10 00:00:00+00:00
[2022-02-12 14:02:08,169] {scheduler_job.py:190} INFO - Processing /home/agalli/sandbox/lib/python3.6/site-packages/airflow/example_dags/example_skip_dag.py took 0.165 seconds
[2022-02-12 14:02:38,330] {scheduler_job.py:182} INFO - Started process (PID=5882) to work on /home/agalli/sandbox/lib/python3.6/site-packages/airflow/example_dags/example_skip_dag.py
[2022-02-12 14:02:38,332] {scheduler_job.py:633} INFO - Processing file /home/agalli/sandbox/lib/python3.6/site-packages/airflow/example_dags/example_skip_dag.py for tasks to queue
[2022-02-12 14:02:38,332] {logging_mixin.py:104} INFO - [2022-02-12 14:02:38,332] {dagbag.py:487} INFO - Filling up the DagBag from /home/agalli/sandbox/lib/python3.6/site-packages/airflow/example_dags/example_skip_dag.py
[2022-02-12 14:02:38,348] {scheduler_job.py:643} INFO - DAG(s) dict_keys(['example_skip_dag']) retrieved from /home/agalli/sandbox/lib/python3.6/site-packages/airflow/example_dags/example_skip_dag.py
[2022-02-12 14:02:38,376] {logging_mixin.py:104} INFO - [2022-02-12 14:02:38,375] {dag.py:1832} INFO - Sync 1 DAGs
[2022-02-12 14:02:38,399] {logging_mixin.py:104} INFO - [2022-02-12 14:02:38,399] {dag.py:2305} INFO - Setting next_dagrun for example_skip_dag to 2022-02-10 00:00:00+00:00
[2022-02-12 14:02:38,420] {scheduler_job.py:190} INFO - Processing /home/agalli/sandbox/lib/python3.6/site-packages/airflow/example_dags/example_skip_dag.py took 0.095 seconds
[2022-02-12 14:03:09,303] {scheduler_job.py:182} INFO - Started process (PID=6081) to work on /home/agalli/sandbox/lib/python3.6/site-packages/airflow/example_dags/example_skip_dag.py
[2022-02-12 14:03:09,310] {scheduler_job.py:633} INFO - Processing file /home/agalli/sandbox/lib/python3.6/site-packages/airflow/example_dags/example_skip_dag.py for tasks to queue
[2022-02-12 14:03:09,312] {logging_mixin.py:104} INFO - [2022-02-12 14:03:09,311] {dagbag.py:487} INFO - Filling up the DagBag from /home/agalli/sandbox/lib/python3.6/site-packages/airflow/example_dags/example_skip_dag.py
[2022-02-12 14:03:09,333] {scheduler_job.py:643} INFO - DAG(s) dict_keys(['example_skip_dag']) retrieved from /home/agalli/sandbox/lib/python3.6/site-packages/airflow/example_dags/example_skip_dag.py
[2022-02-12 14:03:09,386] {logging_mixin.py:104} INFO - [2022-02-12 14:03:09,386] {dag.py:1832} INFO - Sync 1 DAGs
[2022-02-12 14:03:09,416] {logging_mixin.py:104} INFO - [2022-02-12 14:03:09,415] {dag.py:2305} INFO - Setting next_dagrun for example_skip_dag to 2022-02-10 00:00:00+00:00
[2022-02-12 14:03:09,439] {scheduler_job.py:190} INFO - Processing /home/agalli/sandbox/lib/python3.6/site-packages/airflow/example_dags/example_skip_dag.py took 0.146 seconds
[2022-02-12 14:20:18,981] {scheduler_job.py:182} INFO - Started process (PID=7063) to work on /home/agalli/sandbox/lib/python3.6/site-packages/airflow/example_dags/example_skip_dag.py
[2022-02-12 14:20:18,983] {scheduler_job.py:633} INFO - Processing file /home/agalli/sandbox/lib/python3.6/site-packages/airflow/example_dags/example_skip_dag.py for tasks to queue
[2022-02-12 14:20:18,984] {logging_mixin.py:104} INFO - [2022-02-12 14:20:18,984] {dagbag.py:487} INFO - Filling up the DagBag from /home/agalli/sandbox/lib/python3.6/site-packages/airflow/example_dags/example_skip_dag.py
[2022-02-12 14:20:18,998] {scheduler_job.py:643} INFO - DAG(s) dict_keys(['example_skip_dag']) retrieved from /home/agalli/sandbox/lib/python3.6/site-packages/airflow/example_dags/example_skip_dag.py
[2022-02-12 14:20:19,029] {logging_mixin.py:104} INFO - [2022-02-12 14:20:19,029] {dag.py:1832} INFO - Sync 1 DAGs
[2022-02-12 14:20:19,054] {logging_mixin.py:104} INFO - [2022-02-12 14:20:19,053] {dag.py:2305} INFO - Setting next_dagrun for example_skip_dag to 2022-02-10 00:00:00+00:00
[2022-02-12 14:20:19,070] {scheduler_job.py:190} INFO - Processing /home/agalli/sandbox/lib/python3.6/site-packages/airflow/example_dags/example_skip_dag.py took 0.094 seconds
[2022-02-12 14:20:49,706] {scheduler_job.py:182} INFO - Started process (PID=7260) to work on /home/agalli/sandbox/lib/python3.6/site-packages/airflow/example_dags/example_skip_dag.py
[2022-02-12 14:20:49,707] {scheduler_job.py:633} INFO - Processing file /home/agalli/sandbox/lib/python3.6/site-packages/airflow/example_dags/example_skip_dag.py for tasks to queue
[2022-02-12 14:20:49,708] {logging_mixin.py:104} INFO - [2022-02-12 14:20:49,708] {dagbag.py:487} INFO - Filling up the DagBag from /home/agalli/sandbox/lib/python3.6/site-packages/airflow/example_dags/example_skip_dag.py
[2022-02-12 14:20:49,725] {scheduler_job.py:643} INFO - DAG(s) dict_keys(['example_skip_dag']) retrieved from /home/agalli/sandbox/lib/python3.6/site-packages/airflow/example_dags/example_skip_dag.py
[2022-02-12 14:20:49,760] {logging_mixin.py:104} INFO - [2022-02-12 14:20:49,760] {dag.py:1832} INFO - Sync 1 DAGs
[2022-02-12 14:20:49,785] {logging_mixin.py:104} INFO - [2022-02-12 14:20:49,785] {dag.py:2305} INFO - Setting next_dagrun for example_skip_dag to 2022-02-10 00:00:00+00:00
[2022-02-12 14:20:49,801] {scheduler_job.py:190} INFO - Processing /home/agalli/sandbox/lib/python3.6/site-packages/airflow/example_dags/example_skip_dag.py took 0.102 seconds
[2022-02-12 14:21:20,911] {scheduler_job.py:182} INFO - Started process (PID=7470) to work on /home/agalli/sandbox/lib/python3.6/site-packages/airflow/example_dags/example_skip_dag.py
[2022-02-12 14:21:20,914] {scheduler_job.py:633} INFO - Processing file /home/agalli/sandbox/lib/python3.6/site-packages/airflow/example_dags/example_skip_dag.py for tasks to queue
[2022-02-12 14:21:20,916] {logging_mixin.py:104} INFO - [2022-02-12 14:21:20,916] {dagbag.py:487} INFO - Filling up the DagBag from /home/agalli/sandbox/lib/python3.6/site-packages/airflow/example_dags/example_skip_dag.py
[2022-02-12 14:21:20,967] {scheduler_job.py:643} INFO - DAG(s) dict_keys(['example_skip_dag']) retrieved from /home/agalli/sandbox/lib/python3.6/site-packages/airflow/example_dags/example_skip_dag.py
[2022-02-12 14:21:21,060] {logging_mixin.py:104} INFO - [2022-02-12 14:21:21,060] {dag.py:1832} INFO - Sync 1 DAGs
[2022-02-12 14:21:21,133] {logging_mixin.py:104} INFO - [2022-02-12 14:21:21,132] {dag.py:2305} INFO - Setting next_dagrun for example_skip_dag to 2022-02-10 00:00:00+00:00
[2022-02-12 14:21:21,167] {scheduler_job.py:190} INFO - Processing /home/agalli/sandbox/lib/python3.6/site-packages/airflow/example_dags/example_skip_dag.py took 0.265 seconds
[2022-02-12 14:21:51,365] {scheduler_job.py:182} INFO - Started process (PID=7668) to work on /home/agalli/sandbox/lib/python3.6/site-packages/airflow/example_dags/example_skip_dag.py
[2022-02-12 14:21:51,366] {scheduler_job.py:633} INFO - Processing file /home/agalli/sandbox/lib/python3.6/site-packages/airflow/example_dags/example_skip_dag.py for tasks to queue
[2022-02-12 14:21:51,367] {logging_mixin.py:104} INFO - [2022-02-12 14:21:51,367] {dagbag.py:487} INFO - Filling up the DagBag from /home/agalli/sandbox/lib/python3.6/site-packages/airflow/example_dags/example_skip_dag.py
[2022-02-12 14:21:51,382] {scheduler_job.py:643} INFO - DAG(s) dict_keys(['example_skip_dag']) retrieved from /home/agalli/sandbox/lib/python3.6/site-packages/airflow/example_dags/example_skip_dag.py
[2022-02-12 14:21:51,415] {logging_mixin.py:104} INFO - [2022-02-12 14:21:51,415] {dag.py:1832} INFO - Sync 1 DAGs
[2022-02-12 14:21:51,432] {logging_mixin.py:104} INFO - [2022-02-12 14:21:51,432] {dag.py:2305} INFO - Setting next_dagrun for example_skip_dag to 2022-02-10 00:00:00+00:00
[2022-02-12 14:21:51,448] {scheduler_job.py:190} INFO - Processing /home/agalli/sandbox/lib/python3.6/site-packages/airflow/example_dags/example_skip_dag.py took 0.087 seconds
[2022-02-12 14:22:22,610] {scheduler_job.py:182} INFO - Started process (PID=7872) to work on /home/agalli/sandbox/lib/python3.6/site-packages/airflow/example_dags/example_skip_dag.py
[2022-02-12 14:22:22,611] {scheduler_job.py:633} INFO - Processing file /home/agalli/sandbox/lib/python3.6/site-packages/airflow/example_dags/example_skip_dag.py for tasks to queue
[2022-02-12 14:22:22,612] {logging_mixin.py:104} INFO - [2022-02-12 14:22:22,612] {dagbag.py:487} INFO - Filling up the DagBag from /home/agalli/sandbox/lib/python3.6/site-packages/airflow/example_dags/example_skip_dag.py
[2022-02-12 14:22:22,623] {scheduler_job.py:643} INFO - DAG(s) dict_keys(['example_skip_dag']) retrieved from /home/agalli/sandbox/lib/python3.6/site-packages/airflow/example_dags/example_skip_dag.py
[2022-02-12 14:22:22,655] {logging_mixin.py:104} INFO - [2022-02-12 14:22:22,655] {dag.py:1832} INFO - Sync 1 DAGs
[2022-02-12 14:22:22,677] {logging_mixin.py:104} INFO - [2022-02-12 14:22:22,677] {dag.py:2305} INFO - Setting next_dagrun for example_skip_dag to 2022-02-10 00:00:00+00:00
[2022-02-12 14:22:22,689] {scheduler_job.py:190} INFO - Processing /home/agalli/sandbox/lib/python3.6/site-packages/airflow/example_dags/example_skip_dag.py took 0.084 seconds
[2022-02-12 14:22:53,500] {scheduler_job.py:182} INFO - Started process (PID=8073) to work on /home/agalli/sandbox/lib/python3.6/site-packages/airflow/example_dags/example_skip_dag.py
[2022-02-12 14:22:53,501] {scheduler_job.py:633} INFO - Processing file /home/agalli/sandbox/lib/python3.6/site-packages/airflow/example_dags/example_skip_dag.py for tasks to queue
[2022-02-12 14:22:53,502] {logging_mixin.py:104} INFO - [2022-02-12 14:22:53,502] {dagbag.py:487} INFO - Filling up the DagBag from /home/agalli/sandbox/lib/python3.6/site-packages/airflow/example_dags/example_skip_dag.py
[2022-02-12 14:22:53,518] {scheduler_job.py:643} INFO - DAG(s) dict_keys(['example_skip_dag']) retrieved from /home/agalli/sandbox/lib/python3.6/site-packages/airflow/example_dags/example_skip_dag.py
[2022-02-12 14:22:53,551] {logging_mixin.py:104} INFO - [2022-02-12 14:22:53,551] {dag.py:1832} INFO - Sync 1 DAGs
[2022-02-12 14:22:53,572] {logging_mixin.py:104} INFO - [2022-02-12 14:22:53,572] {dag.py:2305} INFO - Setting next_dagrun for example_skip_dag to 2022-02-10 00:00:00+00:00
[2022-02-12 14:22:53,583] {scheduler_job.py:190} INFO - Processing /home/agalli/sandbox/lib/python3.6/site-packages/airflow/example_dags/example_skip_dag.py took 0.089 seconds
[2022-02-12 14:23:24,759] {scheduler_job.py:182} INFO - Started process (PID=8276) to work on /home/agalli/sandbox/lib/python3.6/site-packages/airflow/example_dags/example_skip_dag.py
[2022-02-12 14:23:24,762] {scheduler_job.py:633} INFO - Processing file /home/agalli/sandbox/lib/python3.6/site-packages/airflow/example_dags/example_skip_dag.py for tasks to queue
[2022-02-12 14:23:24,764] {logging_mixin.py:104} INFO - [2022-02-12 14:23:24,764] {dagbag.py:487} INFO - Filling up the DagBag from /home/agalli/sandbox/lib/python3.6/site-packages/airflow/example_dags/example_skip_dag.py
[2022-02-12 14:23:24,804] {scheduler_job.py:643} INFO - DAG(s) dict_keys(['example_skip_dag']) retrieved from /home/agalli/sandbox/lib/python3.6/site-packages/airflow/example_dags/example_skip_dag.py
[2022-02-12 14:23:24,881] {logging_mixin.py:104} INFO - [2022-02-12 14:23:24,881] {dag.py:1832} INFO - Sync 1 DAGs
[2022-02-12 14:23:24,906] {logging_mixin.py:104} INFO - [2022-02-12 14:23:24,905] {dag.py:2305} INFO - Setting next_dagrun for example_skip_dag to 2022-02-10 00:00:00+00:00
[2022-02-12 14:23:24,936] {scheduler_job.py:190} INFO - Processing /home/agalli/sandbox/lib/python3.6/site-packages/airflow/example_dags/example_skip_dag.py took 0.194 seconds
[2022-02-12 14:23:55,270] {scheduler_job.py:182} INFO - Started process (PID=8479) to work on /home/agalli/sandbox/lib/python3.6/site-packages/airflow/example_dags/example_skip_dag.py
[2022-02-12 14:23:55,272] {scheduler_job.py:633} INFO - Processing file /home/agalli/sandbox/lib/python3.6/site-packages/airflow/example_dags/example_skip_dag.py for tasks to queue
[2022-02-12 14:23:55,273] {logging_mixin.py:104} INFO - [2022-02-12 14:23:55,273] {dagbag.py:487} INFO - Filling up the DagBag from /home/agalli/sandbox/lib/python3.6/site-packages/airflow/example_dags/example_skip_dag.py
[2022-02-12 14:23:55,289] {scheduler_job.py:643} INFO - DAG(s) dict_keys(['example_skip_dag']) retrieved from /home/agalli/sandbox/lib/python3.6/site-packages/airflow/example_dags/example_skip_dag.py
[2022-02-12 14:23:55,322] {logging_mixin.py:104} INFO - [2022-02-12 14:23:55,322] {dag.py:1832} INFO - Sync 1 DAGs
[2022-02-12 14:23:55,339] {logging_mixin.py:104} INFO - [2022-02-12 14:23:55,339] {dag.py:2305} INFO - Setting next_dagrun for example_skip_dag to 2022-02-10 00:00:00+00:00
[2022-02-12 14:23:55,352] {scheduler_job.py:190} INFO - Processing /home/agalli/sandbox/lib/python3.6/site-packages/airflow/example_dags/example_skip_dag.py took 0.087 seconds
[2022-02-12 14:24:27,989] {scheduler_job.py:182} INFO - Started process (PID=8681) to work on /home/agalli/sandbox/lib/python3.6/site-packages/airflow/example_dags/example_skip_dag.py
[2022-02-12 14:24:27,993] {scheduler_job.py:633} INFO - Processing file /home/agalli/sandbox/lib/python3.6/site-packages/airflow/example_dags/example_skip_dag.py for tasks to queue
[2022-02-12 14:24:27,995] {logging_mixin.py:104} INFO - [2022-02-12 14:24:27,995] {dagbag.py:487} INFO - Filling up the DagBag from /home/agalli/sandbox/lib/python3.6/site-packages/airflow/example_dags/example_skip_dag.py
[2022-02-12 14:24:28,020] {scheduler_job.py:643} INFO - DAG(s) dict_keys(['example_skip_dag']) retrieved from /home/agalli/sandbox/lib/python3.6/site-packages/airflow/example_dags/example_skip_dag.py
[2022-02-12 14:24:28,072] {logging_mixin.py:104} INFO - [2022-02-12 14:24:28,072] {dag.py:1832} INFO - Sync 1 DAGs
[2022-02-12 14:24:28,099] {logging_mixin.py:104} INFO - [2022-02-12 14:24:28,099] {dag.py:2305} INFO - Setting next_dagrun for example_skip_dag to 2022-02-10 00:00:00+00:00
[2022-02-12 14:24:28,123] {scheduler_job.py:190} INFO - Processing /home/agalli/sandbox/lib/python3.6/site-packages/airflow/example_dags/example_skip_dag.py took 0.138 seconds
[2022-02-12 14:24:58,991] {scheduler_job.py:182} INFO - Started process (PID=8883) to work on /home/agalli/sandbox/lib/python3.6/site-packages/airflow/example_dags/example_skip_dag.py
[2022-02-12 14:24:58,993] {scheduler_job.py:633} INFO - Processing file /home/agalli/sandbox/lib/python3.6/site-packages/airflow/example_dags/example_skip_dag.py for tasks to queue
[2022-02-12 14:24:58,994] {logging_mixin.py:104} INFO - [2022-02-12 14:24:58,994] {dagbag.py:487} INFO - Filling up the DagBag from /home/agalli/sandbox/lib/python3.6/site-packages/airflow/example_dags/example_skip_dag.py
[2022-02-12 14:24:59,015] {scheduler_job.py:643} INFO - DAG(s) dict_keys(['example_skip_dag']) retrieved from /home/agalli/sandbox/lib/python3.6/site-packages/airflow/example_dags/example_skip_dag.py
[2022-02-12 14:24:59,065] {logging_mixin.py:104} INFO - [2022-02-12 14:24:59,065] {dag.py:1832} INFO - Sync 1 DAGs
[2022-02-12 14:24:59,086] {logging_mixin.py:104} INFO - [2022-02-12 14:24:59,086] {dag.py:2305} INFO - Setting next_dagrun for example_skip_dag to 2022-02-10 00:00:00+00:00
[2022-02-12 14:24:59,336] {scheduler_job.py:190} INFO - Processing /home/agalli/sandbox/lib/python3.6/site-packages/airflow/example_dags/example_skip_dag.py took 0.350 seconds
[2022-02-12 14:25:30,012] {scheduler_job.py:182} INFO - Started process (PID=9205) to work on /home/agalli/sandbox/lib/python3.6/site-packages/airflow/example_dags/example_skip_dag.py
[2022-02-12 14:25:30,013] {scheduler_job.py:633} INFO - Processing file /home/agalli/sandbox/lib/python3.6/site-packages/airflow/example_dags/example_skip_dag.py for tasks to queue
[2022-02-12 14:25:30,015] {logging_mixin.py:104} INFO - [2022-02-12 14:25:30,014] {dagbag.py:487} INFO - Filling up the DagBag from /home/agalli/sandbox/lib/python3.6/site-packages/airflow/example_dags/example_skip_dag.py
[2022-02-12 14:25:30,033] {scheduler_job.py:643} INFO - DAG(s) dict_keys(['example_skip_dag']) retrieved from /home/agalli/sandbox/lib/python3.6/site-packages/airflow/example_dags/example_skip_dag.py
[2022-02-12 14:25:30,076] {logging_mixin.py:104} INFO - [2022-02-12 14:25:30,075] {dag.py:1832} INFO - Sync 1 DAGs
[2022-02-12 14:25:30,106] {logging_mixin.py:104} INFO - [2022-02-12 14:25:30,106] {dag.py:2305} INFO - Setting next_dagrun for example_skip_dag to 2022-02-10 00:00:00+00:00
[2022-02-12 14:25:30,127] {scheduler_job.py:190} INFO - Processing /home/agalli/sandbox/lib/python3.6/site-packages/airflow/example_dags/example_skip_dag.py took 0.122 seconds
[2022-02-12 14:26:00,809] {scheduler_job.py:182} INFO - Started process (PID=9407) to work on /home/agalli/sandbox/lib/python3.6/site-packages/airflow/example_dags/example_skip_dag.py
[2022-02-12 14:26:00,817] {scheduler_job.py:633} INFO - Processing file /home/agalli/sandbox/lib/python3.6/site-packages/airflow/example_dags/example_skip_dag.py for tasks to queue
[2022-02-12 14:26:00,819] {logging_mixin.py:104} INFO - [2022-02-12 14:26:00,819] {dagbag.py:487} INFO - Filling up the DagBag from /home/agalli/sandbox/lib/python3.6/site-packages/airflow/example_dags/example_skip_dag.py
[2022-02-12 14:26:00,835] {scheduler_job.py:643} INFO - DAG(s) dict_keys(['example_skip_dag']) retrieved from /home/agalli/sandbox/lib/python3.6/site-packages/airflow/example_dags/example_skip_dag.py
[2022-02-12 14:26:00,891] {logging_mixin.py:104} INFO - [2022-02-12 14:26:00,891] {dag.py:1832} INFO - Sync 1 DAGs
[2022-02-12 14:26:00,914] {logging_mixin.py:104} INFO - [2022-02-12 14:26:00,913] {dag.py:2305} INFO - Setting next_dagrun for example_skip_dag to 2022-02-10 00:00:00+00:00
[2022-02-12 14:26:00,934] {scheduler_job.py:190} INFO - Processing /home/agalli/sandbox/lib/python3.6/site-packages/airflow/example_dags/example_skip_dag.py took 0.130 seconds
[2022-02-12 14:26:32,137] {scheduler_job.py:182} INFO - Started process (PID=9608) to work on /home/agalli/sandbox/lib/python3.6/site-packages/airflow/example_dags/example_skip_dag.py
[2022-02-12 14:26:32,140] {scheduler_job.py:633} INFO - Processing file /home/agalli/sandbox/lib/python3.6/site-packages/airflow/example_dags/example_skip_dag.py for tasks to queue
[2022-02-12 14:26:32,142] {logging_mixin.py:104} INFO - [2022-02-12 14:26:32,142] {dagbag.py:487} INFO - Filling up the DagBag from /home/agalli/sandbox/lib/python3.6/site-packages/airflow/example_dags/example_skip_dag.py
[2022-02-12 14:26:32,172] {scheduler_job.py:643} INFO - DAG(s) dict_keys(['example_skip_dag']) retrieved from /home/agalli/sandbox/lib/python3.6/site-packages/airflow/example_dags/example_skip_dag.py
[2022-02-12 14:26:32,224] {logging_mixin.py:104} INFO - [2022-02-12 14:26:32,223] {dag.py:1832} INFO - Sync 1 DAGs
[2022-02-12 14:26:32,252] {logging_mixin.py:104} INFO - [2022-02-12 14:26:32,252] {dag.py:2305} INFO - Setting next_dagrun for example_skip_dag to 2022-02-10 00:00:00+00:00
[2022-02-12 14:26:32,273] {scheduler_job.py:190} INFO - Processing /home/agalli/sandbox/lib/python3.6/site-packages/airflow/example_dags/example_skip_dag.py took 0.141 seconds
[2022-02-12 14:27:03,408] {scheduler_job.py:182} INFO - Started process (PID=9810) to work on /home/agalli/sandbox/lib/python3.6/site-packages/airflow/example_dags/example_skip_dag.py
[2022-02-12 14:27:03,410] {scheduler_job.py:633} INFO - Processing file /home/agalli/sandbox/lib/python3.6/site-packages/airflow/example_dags/example_skip_dag.py for tasks to queue
[2022-02-12 14:27:03,411] {logging_mixin.py:104} INFO - [2022-02-12 14:27:03,411] {dagbag.py:487} INFO - Filling up the DagBag from /home/agalli/sandbox/lib/python3.6/site-packages/airflow/example_dags/example_skip_dag.py
[2022-02-12 14:27:03,427] {scheduler_job.py:643} INFO - DAG(s) dict_keys(['example_skip_dag']) retrieved from /home/agalli/sandbox/lib/python3.6/site-packages/airflow/example_dags/example_skip_dag.py
[2022-02-12 14:27:03,458] {logging_mixin.py:104} INFO - [2022-02-12 14:27:03,458] {dag.py:1832} INFO - Sync 1 DAGs
[2022-02-12 14:27:03,477] {logging_mixin.py:104} INFO - [2022-02-12 14:27:03,476] {dag.py:2305} INFO - Setting next_dagrun for example_skip_dag to 2022-02-10 00:00:00+00:00
[2022-02-12 14:27:03,492] {scheduler_job.py:190} INFO - Processing /home/agalli/sandbox/lib/python3.6/site-packages/airflow/example_dags/example_skip_dag.py took 0.088 seconds
[2022-02-12 14:27:33,988] {scheduler_job.py:182} INFO - Started process (PID=10012) to work on /home/agalli/sandbox/lib/python3.6/site-packages/airflow/example_dags/example_skip_dag.py
[2022-02-12 14:27:33,989] {scheduler_job.py:633} INFO - Processing file /home/agalli/sandbox/lib/python3.6/site-packages/airflow/example_dags/example_skip_dag.py for tasks to queue
[2022-02-12 14:27:33,990] {logging_mixin.py:104} INFO - [2022-02-12 14:27:33,990] {dagbag.py:487} INFO - Filling up the DagBag from /home/agalli/sandbox/lib/python3.6/site-packages/airflow/example_dags/example_skip_dag.py
[2022-02-12 14:27:34,003] {scheduler_job.py:643} INFO - DAG(s) dict_keys(['example_skip_dag']) retrieved from /home/agalli/sandbox/lib/python3.6/site-packages/airflow/example_dags/example_skip_dag.py
[2022-02-12 14:27:34,034] {logging_mixin.py:104} INFO - [2022-02-12 14:27:34,034] {dag.py:1832} INFO - Sync 1 DAGs
[2022-02-12 14:27:34,056] {logging_mixin.py:104} INFO - [2022-02-12 14:27:34,056] {dag.py:2305} INFO - Setting next_dagrun for example_skip_dag to 2022-02-10 00:00:00+00:00
[2022-02-12 14:27:34,080] {scheduler_job.py:190} INFO - Processing /home/agalli/sandbox/lib/python3.6/site-packages/airflow/example_dags/example_skip_dag.py took 0.096 seconds
[2022-02-12 14:28:04,182] {scheduler_job.py:182} INFO - Started process (PID=10207) to work on /home/agalli/sandbox/lib/python3.6/site-packages/airflow/example_dags/example_skip_dag.py
[2022-02-12 14:28:04,184] {scheduler_job.py:633} INFO - Processing file /home/agalli/sandbox/lib/python3.6/site-packages/airflow/example_dags/example_skip_dag.py for tasks to queue
[2022-02-12 14:28:04,185] {logging_mixin.py:104} INFO - [2022-02-12 14:28:04,185] {dagbag.py:487} INFO - Filling up the DagBag from /home/agalli/sandbox/lib/python3.6/site-packages/airflow/example_dags/example_skip_dag.py
[2022-02-12 14:28:04,196] {scheduler_job.py:643} INFO - DAG(s) dict_keys(['example_skip_dag']) retrieved from /home/agalli/sandbox/lib/python3.6/site-packages/airflow/example_dags/example_skip_dag.py
[2022-02-12 14:28:04,223] {logging_mixin.py:104} INFO - [2022-02-12 14:28:04,223] {dag.py:1832} INFO - Sync 1 DAGs
[2022-02-12 14:28:04,241] {logging_mixin.py:104} INFO - [2022-02-12 14:28:04,241] {dag.py:2305} INFO - Setting next_dagrun for example_skip_dag to 2022-02-10 00:00:00+00:00
[2022-02-12 14:28:04,253] {scheduler_job.py:190} INFO - Processing /home/agalli/sandbox/lib/python3.6/site-packages/airflow/example_dags/example_skip_dag.py took 0.076 seconds
[2022-02-12 14:28:34,675] {scheduler_job.py:182} INFO - Started process (PID=10407) to work on /home/agalli/sandbox/lib/python3.6/site-packages/airflow/example_dags/example_skip_dag.py
[2022-02-12 14:28:34,676] {scheduler_job.py:633} INFO - Processing file /home/agalli/sandbox/lib/python3.6/site-packages/airflow/example_dags/example_skip_dag.py for tasks to queue
[2022-02-12 14:28:34,677] {logging_mixin.py:104} INFO - [2022-02-12 14:28:34,677] {dagbag.py:487} INFO - Filling up the DagBag from /home/agalli/sandbox/lib/python3.6/site-packages/airflow/example_dags/example_skip_dag.py
[2022-02-12 14:28:34,692] {scheduler_job.py:643} INFO - DAG(s) dict_keys(['example_skip_dag']) retrieved from /home/agalli/sandbox/lib/python3.6/site-packages/airflow/example_dags/example_skip_dag.py
[2022-02-12 14:28:34,725] {logging_mixin.py:104} INFO - [2022-02-12 14:28:34,725] {dag.py:1832} INFO - Sync 1 DAGs
[2022-02-12 14:28:34,746] {logging_mixin.py:104} INFO - [2022-02-12 14:28:34,746] {dag.py:2305} INFO - Setting next_dagrun for example_skip_dag to 2022-02-10 00:00:00+00:00
[2022-02-12 14:28:34,765] {scheduler_job.py:190} INFO - Processing /home/agalli/sandbox/lib/python3.6/site-packages/airflow/example_dags/example_skip_dag.py took 0.093 seconds
[2022-02-12 14:29:05,118] {scheduler_job.py:182} INFO - Started process (PID=10609) to work on /home/agalli/sandbox/lib/python3.6/site-packages/airflow/example_dags/example_skip_dag.py
[2022-02-12 14:29:05,119] {scheduler_job.py:633} INFO - Processing file /home/agalli/sandbox/lib/python3.6/site-packages/airflow/example_dags/example_skip_dag.py for tasks to queue
[2022-02-12 14:29:05,120] {logging_mixin.py:104} INFO - [2022-02-12 14:29:05,120] {dagbag.py:487} INFO - Filling up the DagBag from /home/agalli/sandbox/lib/python3.6/site-packages/airflow/example_dags/example_skip_dag.py
[2022-02-12 14:29:05,133] {scheduler_job.py:643} INFO - DAG(s) dict_keys(['example_skip_dag']) retrieved from /home/agalli/sandbox/lib/python3.6/site-packages/airflow/example_dags/example_skip_dag.py
[2022-02-12 14:29:05,170] {logging_mixin.py:104} INFO - [2022-02-12 14:29:05,170] {dag.py:1832} INFO - Sync 1 DAGs
[2022-02-12 14:29:05,195] {logging_mixin.py:104} INFO - [2022-02-12 14:29:05,195] {dag.py:2305} INFO - Setting next_dagrun for example_skip_dag to 2022-02-10 00:00:00+00:00
[2022-02-12 14:29:05,214] {scheduler_job.py:190} INFO - Processing /home/agalli/sandbox/lib/python3.6/site-packages/airflow/example_dags/example_skip_dag.py took 0.100 seconds
[2022-02-12 14:29:35,774] {scheduler_job.py:182} INFO - Started process (PID=10811) to work on /home/agalli/sandbox/lib/python3.6/site-packages/airflow/example_dags/example_skip_dag.py
[2022-02-12 14:29:35,776] {scheduler_job.py:633} INFO - Processing file /home/agalli/sandbox/lib/python3.6/site-packages/airflow/example_dags/example_skip_dag.py for tasks to queue
[2022-02-12 14:29:35,777] {logging_mixin.py:104} INFO - [2022-02-12 14:29:35,777] {dagbag.py:487} INFO - Filling up the DagBag from /home/agalli/sandbox/lib/python3.6/site-packages/airflow/example_dags/example_skip_dag.py
[2022-02-12 14:29:35,789] {scheduler_job.py:643} INFO - DAG(s) dict_keys(['example_skip_dag']) retrieved from /home/agalli/sandbox/lib/python3.6/site-packages/airflow/example_dags/example_skip_dag.py
[2022-02-12 14:29:35,819] {logging_mixin.py:104} INFO - [2022-02-12 14:29:35,819] {dag.py:1832} INFO - Sync 1 DAGs
[2022-02-12 14:29:35,840] {logging_mixin.py:104} INFO - [2022-02-12 14:29:35,839] {dag.py:2305} INFO - Setting next_dagrun for example_skip_dag to 2022-02-10 00:00:00+00:00
[2022-02-12 14:29:35,854] {scheduler_job.py:190} INFO - Processing /home/agalli/sandbox/lib/python3.6/site-packages/airflow/example_dags/example_skip_dag.py took 0.084 seconds
[2022-02-12 14:30:05,873] {scheduler_job.py:182} INFO - Started process (PID=11011) to work on /home/agalli/sandbox/lib/python3.6/site-packages/airflow/example_dags/example_skip_dag.py
[2022-02-12 14:30:05,874] {scheduler_job.py:633} INFO - Processing file /home/agalli/sandbox/lib/python3.6/site-packages/airflow/example_dags/example_skip_dag.py for tasks to queue
[2022-02-12 14:30:05,875] {logging_mixin.py:104} INFO - [2022-02-12 14:30:05,875] {dagbag.py:487} INFO - Filling up the DagBag from /home/agalli/sandbox/lib/python3.6/site-packages/airflow/example_dags/example_skip_dag.py
[2022-02-12 14:30:05,885] {scheduler_job.py:643} INFO - DAG(s) dict_keys(['example_skip_dag']) retrieved from /home/agalli/sandbox/lib/python3.6/site-packages/airflow/example_dags/example_skip_dag.py
[2022-02-12 14:30:05,911] {logging_mixin.py:104} INFO - [2022-02-12 14:30:05,910] {dag.py:1832} INFO - Sync 1 DAGs
[2022-02-12 14:30:05,928] {logging_mixin.py:104} INFO - [2022-02-12 14:30:05,928] {dag.py:2305} INFO - Setting next_dagrun for example_skip_dag to 2022-02-10 00:00:00+00:00
[2022-02-12 14:30:05,941] {scheduler_job.py:190} INFO - Processing /home/agalli/sandbox/lib/python3.6/site-packages/airflow/example_dags/example_skip_dag.py took 0.071 seconds
[2022-02-12 14:52:13,628] {scheduler_job.py:182} INFO - Started process (PID=14457) to work on /home/agalli/sandbox/lib/python3.6/site-packages/airflow/example_dags/example_skip_dag.py
[2022-02-12 14:52:13,630] {scheduler_job.py:633} INFO - Processing file /home/agalli/sandbox/lib/python3.6/site-packages/airflow/example_dags/example_skip_dag.py for tasks to queue
[2022-02-12 14:52:13,633] {logging_mixin.py:104} INFO - [2022-02-12 14:52:13,632] {dagbag.py:487} INFO - Filling up the DagBag from /home/agalli/sandbox/lib/python3.6/site-packages/airflow/example_dags/example_skip_dag.py
[2022-02-12 14:52:13,866] {scheduler_job.py:643} INFO - DAG(s) dict_keys(['example_skip_dag']) retrieved from /home/agalli/sandbox/lib/python3.6/site-packages/airflow/example_dags/example_skip_dag.py
[2022-02-12 14:52:14,566] {logging_mixin.py:104} INFO - [2022-02-12 14:52:14,565] {dag.py:1832} INFO - Sync 1 DAGs
[2022-02-12 14:52:14,677] {logging_mixin.py:104} INFO - [2022-02-12 14:52:14,677] {dag.py:2305} INFO - Setting next_dagrun for example_skip_dag to 2022-02-10 00:00:00+00:00
[2022-02-12 14:52:14,743] {scheduler_job.py:190} INFO - Processing /home/agalli/sandbox/lib/python3.6/site-packages/airflow/example_dags/example_skip_dag.py took 1.139 seconds
[2022-02-12 14:52:44,922] {scheduler_job.py:182} INFO - Started process (PID=14617) to work on /home/agalli/sandbox/lib/python3.6/site-packages/airflow/example_dags/example_skip_dag.py
[2022-02-12 14:52:44,924] {scheduler_job.py:633} INFO - Processing file /home/agalli/sandbox/lib/python3.6/site-packages/airflow/example_dags/example_skip_dag.py for tasks to queue
[2022-02-12 14:52:44,926] {logging_mixin.py:104} INFO - [2022-02-12 14:52:44,926] {dagbag.py:487} INFO - Filling up the DagBag from /home/agalli/sandbox/lib/python3.6/site-packages/airflow/example_dags/example_skip_dag.py
[2022-02-12 14:52:44,954] {scheduler_job.py:643} INFO - DAG(s) dict_keys(['example_skip_dag']) retrieved from /home/agalli/sandbox/lib/python3.6/site-packages/airflow/example_dags/example_skip_dag.py
[2022-02-12 14:52:45,043] {logging_mixin.py:104} INFO - [2022-02-12 14:52:45,043] {dag.py:1832} INFO - Sync 1 DAGs
[2022-02-12 14:52:45,085] {logging_mixin.py:104} INFO - [2022-02-12 14:52:45,084] {dag.py:2305} INFO - Setting next_dagrun for example_skip_dag to 2022-02-10 00:00:00+00:00
[2022-02-12 14:52:45,181] {scheduler_job.py:190} INFO - Processing /home/agalli/sandbox/lib/python3.6/site-packages/airflow/example_dags/example_skip_dag.py took 0.268 seconds
[2022-02-12 14:53:15,243] {scheduler_job.py:182} INFO - Started process (PID=14818) to work on /home/agalli/sandbox/lib/python3.6/site-packages/airflow/example_dags/example_skip_dag.py
[2022-02-12 14:53:15,245] {scheduler_job.py:633} INFO - Processing file /home/agalli/sandbox/lib/python3.6/site-packages/airflow/example_dags/example_skip_dag.py for tasks to queue
[2022-02-12 14:53:15,246] {logging_mixin.py:104} INFO - [2022-02-12 14:53:15,246] {dagbag.py:487} INFO - Filling up the DagBag from /home/agalli/sandbox/lib/python3.6/site-packages/airflow/example_dags/example_skip_dag.py
[2022-02-12 14:53:15,260] {scheduler_job.py:643} INFO - DAG(s) dict_keys(['example_skip_dag']) retrieved from /home/agalli/sandbox/lib/python3.6/site-packages/airflow/example_dags/example_skip_dag.py
[2022-02-12 14:53:15,297] {logging_mixin.py:104} INFO - [2022-02-12 14:53:15,297] {dag.py:1832} INFO - Sync 1 DAGs
[2022-02-12 14:53:15,317] {logging_mixin.py:104} INFO - [2022-02-12 14:53:15,316] {dag.py:2305} INFO - Setting next_dagrun for example_skip_dag to 2022-02-10 00:00:00+00:00
[2022-02-12 14:53:15,330] {scheduler_job.py:190} INFO - Processing /home/agalli/sandbox/lib/python3.6/site-packages/airflow/example_dags/example_skip_dag.py took 0.092 seconds
[2022-02-12 14:53:45,496] {scheduler_job.py:182} INFO - Started process (PID=15658) to work on /home/agalli/sandbox/lib/python3.6/site-packages/airflow/example_dags/example_skip_dag.py
[2022-02-12 14:53:45,500] {scheduler_job.py:633} INFO - Processing file /home/agalli/sandbox/lib/python3.6/site-packages/airflow/example_dags/example_skip_dag.py for tasks to queue
[2022-02-12 14:53:45,502] {logging_mixin.py:104} INFO - [2022-02-12 14:53:45,502] {dagbag.py:487} INFO - Filling up the DagBag from /home/agalli/sandbox/lib/python3.6/site-packages/airflow/example_dags/example_skip_dag.py
[2022-02-12 14:53:45,534] {scheduler_job.py:643} INFO - DAG(s) dict_keys(['example_skip_dag']) retrieved from /home/agalli/sandbox/lib/python3.6/site-packages/airflow/example_dags/example_skip_dag.py
[2022-02-12 14:53:45,618] {logging_mixin.py:104} INFO - [2022-02-12 14:53:45,618] {dag.py:1832} INFO - Sync 1 DAGs
[2022-02-12 14:53:45,707] {logging_mixin.py:104} INFO - [2022-02-12 14:53:45,706] {dag.py:2305} INFO - Setting next_dagrun for example_skip_dag to 2022-02-10 00:00:00+00:00
[2022-02-12 14:53:45,822] {scheduler_job.py:190} INFO - Processing /home/agalli/sandbox/lib/python3.6/site-packages/airflow/example_dags/example_skip_dag.py took 0.334 seconds
[2022-02-12 14:54:16,021] {scheduler_job.py:182} INFO - Started process (PID=15805) to work on /home/agalli/sandbox/lib/python3.6/site-packages/airflow/example_dags/example_skip_dag.py
[2022-02-12 14:54:16,024] {scheduler_job.py:633} INFO - Processing file /home/agalli/sandbox/lib/python3.6/site-packages/airflow/example_dags/example_skip_dag.py for tasks to queue
[2022-02-12 14:54:16,026] {logging_mixin.py:104} INFO - [2022-02-12 14:54:16,026] {dagbag.py:487} INFO - Filling up the DagBag from /home/agalli/sandbox/lib/python3.6/site-packages/airflow/example_dags/example_skip_dag.py
[2022-02-12 14:54:16,048] {scheduler_job.py:643} INFO - DAG(s) dict_keys(['example_skip_dag']) retrieved from /home/agalli/sandbox/lib/python3.6/site-packages/airflow/example_dags/example_skip_dag.py
[2022-02-12 14:54:16,090] {logging_mixin.py:104} INFO - [2022-02-12 14:54:16,090] {dag.py:1832} INFO - Sync 1 DAGs
[2022-02-12 14:54:16,112] {logging_mixin.py:104} INFO - [2022-02-12 14:54:16,112] {dag.py:2305} INFO - Setting next_dagrun for example_skip_dag to 2022-02-10 00:00:00+00:00
[2022-02-12 14:54:16,128] {scheduler_job.py:190} INFO - Processing /home/agalli/sandbox/lib/python3.6/site-packages/airflow/example_dags/example_skip_dag.py took 0.114 seconds
[2022-02-12 14:54:46,740] {scheduler_job.py:182} INFO - Started process (PID=15916) to work on /home/agalli/sandbox/lib/python3.6/site-packages/airflow/example_dags/example_skip_dag.py
[2022-02-12 14:54:46,744] {scheduler_job.py:633} INFO - Processing file /home/agalli/sandbox/lib/python3.6/site-packages/airflow/example_dags/example_skip_dag.py for tasks to queue
[2022-02-12 14:54:46,745] {logging_mixin.py:104} INFO - [2022-02-12 14:54:46,745] {dagbag.py:487} INFO - Filling up the DagBag from /home/agalli/sandbox/lib/python3.6/site-packages/airflow/example_dags/example_skip_dag.py
[2022-02-12 14:54:46,783] {scheduler_job.py:643} INFO - DAG(s) dict_keys(['example_skip_dag']) retrieved from /home/agalli/sandbox/lib/python3.6/site-packages/airflow/example_dags/example_skip_dag.py
[2022-02-12 14:54:46,855] {logging_mixin.py:104} INFO - [2022-02-12 14:54:46,855] {dag.py:1832} INFO - Sync 1 DAGs
[2022-02-12 14:54:46,902] {logging_mixin.py:104} INFO - [2022-02-12 14:54:46,902] {dag.py:2305} INFO - Setting next_dagrun for example_skip_dag to 2022-02-10 00:00:00+00:00
[2022-02-12 14:54:46,927] {scheduler_job.py:190} INFO - Processing /home/agalli/sandbox/lib/python3.6/site-packages/airflow/example_dags/example_skip_dag.py took 0.213 seconds
[2022-02-12 14:55:17,846] {scheduler_job.py:182} INFO - Started process (PID=16025) to work on /home/agalli/sandbox/lib/python3.6/site-packages/airflow/example_dags/example_skip_dag.py
[2022-02-12 14:55:17,849] {scheduler_job.py:633} INFO - Processing file /home/agalli/sandbox/lib/python3.6/site-packages/airflow/example_dags/example_skip_dag.py for tasks to queue
[2022-02-12 14:55:17,850] {logging_mixin.py:104} INFO - [2022-02-12 14:55:17,850] {dagbag.py:487} INFO - Filling up the DagBag from /home/agalli/sandbox/lib/python3.6/site-packages/airflow/example_dags/example_skip_dag.py
[2022-02-12 14:55:17,864] {scheduler_job.py:643} INFO - DAG(s) dict_keys(['example_skip_dag']) retrieved from /home/agalli/sandbox/lib/python3.6/site-packages/airflow/example_dags/example_skip_dag.py
[2022-02-12 14:55:17,893] {logging_mixin.py:104} INFO - [2022-02-12 14:55:17,893] {dag.py:1832} INFO - Sync 1 DAGs
[2022-02-12 14:55:17,910] {logging_mixin.py:104} INFO - [2022-02-12 14:55:17,910] {dag.py:2305} INFO - Setting next_dagrun for example_skip_dag to 2022-02-10 00:00:00+00:00
[2022-02-12 14:55:17,927] {scheduler_job.py:190} INFO - Processing /home/agalli/sandbox/lib/python3.6/site-packages/airflow/example_dags/example_skip_dag.py took 0.084 seconds
[2022-02-12 14:56:39,067] {scheduler_job.py:182} INFO - Started process (PID=16394) to work on /home/agalli/sandbox/lib/python3.6/site-packages/airflow/example_dags/example_skip_dag.py
[2022-02-12 14:56:39,074] {scheduler_job.py:633} INFO - Processing file /home/agalli/sandbox/lib/python3.6/site-packages/airflow/example_dags/example_skip_dag.py for tasks to queue
[2022-02-12 14:56:39,076] {logging_mixin.py:104} INFO - [2022-02-12 14:56:39,075] {dagbag.py:487} INFO - Filling up the DagBag from /home/agalli/sandbox/lib/python3.6/site-packages/airflow/example_dags/example_skip_dag.py
[2022-02-12 14:56:39,135] {scheduler_job.py:643} INFO - DAG(s) dict_keys(['example_skip_dag']) retrieved from /home/agalli/sandbox/lib/python3.6/site-packages/airflow/example_dags/example_skip_dag.py
[2022-02-12 14:56:39,227] {logging_mixin.py:104} INFO - [2022-02-12 14:56:39,227] {dag.py:1832} INFO - Sync 1 DAGs
[2022-02-12 14:56:39,284] {logging_mixin.py:104} INFO - [2022-02-12 14:56:39,283] {dag.py:2305} INFO - Setting next_dagrun for example_skip_dag to 2022-02-10 00:00:00+00:00
[2022-02-12 14:56:39,323] {scheduler_job.py:190} INFO - Processing /home/agalli/sandbox/lib/python3.6/site-packages/airflow/example_dags/example_skip_dag.py took 0.284 seconds
[2022-02-12 14:57:10,223] {scheduler_job.py:182} INFO - Started process (PID=16494) to work on /home/agalli/sandbox/lib/python3.6/site-packages/airflow/example_dags/example_skip_dag.py
[2022-02-12 14:57:10,226] {scheduler_job.py:633} INFO - Processing file /home/agalli/sandbox/lib/python3.6/site-packages/airflow/example_dags/example_skip_dag.py for tasks to queue
[2022-02-12 14:57:10,227] {logging_mixin.py:104} INFO - [2022-02-12 14:57:10,227] {dagbag.py:487} INFO - Filling up the DagBag from /home/agalli/sandbox/lib/python3.6/site-packages/airflow/example_dags/example_skip_dag.py
[2022-02-12 14:57:10,259] {scheduler_job.py:643} INFO - DAG(s) dict_keys(['example_skip_dag']) retrieved from /home/agalli/sandbox/lib/python3.6/site-packages/airflow/example_dags/example_skip_dag.py
[2022-02-12 14:57:10,342] {logging_mixin.py:104} INFO - [2022-02-12 14:57:10,342] {dag.py:1832} INFO - Sync 1 DAGs
[2022-02-12 14:57:10,383] {logging_mixin.py:104} INFO - [2022-02-12 14:57:10,382] {dag.py:2305} INFO - Setting next_dagrun for example_skip_dag to 2022-02-10 00:00:00+00:00
[2022-02-12 14:57:10,406] {scheduler_job.py:190} INFO - Processing /home/agalli/sandbox/lib/python3.6/site-packages/airflow/example_dags/example_skip_dag.py took 0.196 seconds
[2022-02-12 14:57:40,810] {scheduler_job.py:182} INFO - Started process (PID=16683) to work on /home/agalli/sandbox/lib/python3.6/site-packages/airflow/example_dags/example_skip_dag.py
[2022-02-12 14:57:40,811] {scheduler_job.py:633} INFO - Processing file /home/agalli/sandbox/lib/python3.6/site-packages/airflow/example_dags/example_skip_dag.py for tasks to queue
[2022-02-12 14:57:40,812] {logging_mixin.py:104} INFO - [2022-02-12 14:57:40,812] {dagbag.py:487} INFO - Filling up the DagBag from /home/agalli/sandbox/lib/python3.6/site-packages/airflow/example_dags/example_skip_dag.py
[2022-02-12 14:57:40,828] {scheduler_job.py:643} INFO - DAG(s) dict_keys(['example_skip_dag']) retrieved from /home/agalli/sandbox/lib/python3.6/site-packages/airflow/example_dags/example_skip_dag.py
[2022-02-12 14:57:40,855] {logging_mixin.py:104} INFO - [2022-02-12 14:57:40,855] {dag.py:1832} INFO - Sync 1 DAGs
[2022-02-12 14:57:40,872] {logging_mixin.py:104} INFO - [2022-02-12 14:57:40,872] {dag.py:2305} INFO - Setting next_dagrun for example_skip_dag to 2022-02-10 00:00:00+00:00
[2022-02-12 14:57:40,883] {scheduler_job.py:190} INFO - Processing /home/agalli/sandbox/lib/python3.6/site-packages/airflow/example_dags/example_skip_dag.py took 0.078 seconds
[2022-02-12 14:58:12,214] {scheduler_job.py:182} INFO - Started process (PID=16754) to work on /home/agalli/sandbox/lib/python3.6/site-packages/airflow/example_dags/example_skip_dag.py
[2022-02-12 14:58:12,216] {scheduler_job.py:633} INFO - Processing file /home/agalli/sandbox/lib/python3.6/site-packages/airflow/example_dags/example_skip_dag.py for tasks to queue
[2022-02-12 14:58:12,217] {logging_mixin.py:104} INFO - [2022-02-12 14:58:12,217] {dagbag.py:487} INFO - Filling up the DagBag from /home/agalli/sandbox/lib/python3.6/site-packages/airflow/example_dags/example_skip_dag.py
[2022-02-12 14:58:12,237] {scheduler_job.py:643} INFO - DAG(s) dict_keys(['example_skip_dag']) retrieved from /home/agalli/sandbox/lib/python3.6/site-packages/airflow/example_dags/example_skip_dag.py
[2022-02-12 14:58:12,282] {logging_mixin.py:104} INFO - [2022-02-12 14:58:12,282] {dag.py:1832} INFO - Sync 1 DAGs
[2022-02-12 14:58:12,309] {logging_mixin.py:104} INFO - [2022-02-12 14:58:12,309] {dag.py:2305} INFO - Setting next_dagrun for example_skip_dag to 2022-02-10 00:00:00+00:00
[2022-02-12 14:58:12,331] {scheduler_job.py:190} INFO - Processing /home/agalli/sandbox/lib/python3.6/site-packages/airflow/example_dags/example_skip_dag.py took 0.123 seconds
[2022-02-12 14:58:42,535] {scheduler_job.py:182} INFO - Started process (PID=16823) to work on /home/agalli/sandbox/lib/python3.6/site-packages/airflow/example_dags/example_skip_dag.py
[2022-02-12 14:58:42,536] {scheduler_job.py:633} INFO - Processing file /home/agalli/sandbox/lib/python3.6/site-packages/airflow/example_dags/example_skip_dag.py for tasks to queue
[2022-02-12 14:58:42,539] {logging_mixin.py:104} INFO - [2022-02-12 14:58:42,539] {dagbag.py:487} INFO - Filling up the DagBag from /home/agalli/sandbox/lib/python3.6/site-packages/airflow/example_dags/example_skip_dag.py
[2022-02-12 14:58:42,554] {scheduler_job.py:643} INFO - DAG(s) dict_keys(['example_skip_dag']) retrieved from /home/agalli/sandbox/lib/python3.6/site-packages/airflow/example_dags/example_skip_dag.py
[2022-02-12 14:58:42,595] {logging_mixin.py:104} INFO - [2022-02-12 14:58:42,595] {dag.py:1832} INFO - Sync 1 DAGs
[2022-02-12 14:58:42,622] {logging_mixin.py:104} INFO - [2022-02-12 14:58:42,622] {dag.py:2305} INFO - Setting next_dagrun for example_skip_dag to 2022-02-10 00:00:00+00:00
[2022-02-12 14:58:42,642] {scheduler_job.py:190} INFO - Processing /home/agalli/sandbox/lib/python3.6/site-packages/airflow/example_dags/example_skip_dag.py took 0.111 seconds
[2022-02-12 14:59:13,457] {scheduler_job.py:182} INFO - Started process (PID=16893) to work on /home/agalli/sandbox/lib/python3.6/site-packages/airflow/example_dags/example_skip_dag.py
[2022-02-12 14:59:13,459] {scheduler_job.py:633} INFO - Processing file /home/agalli/sandbox/lib/python3.6/site-packages/airflow/example_dags/example_skip_dag.py for tasks to queue
[2022-02-12 14:59:13,460] {logging_mixin.py:104} INFO - [2022-02-12 14:59:13,460] {dagbag.py:487} INFO - Filling up the DagBag from /home/agalli/sandbox/lib/python3.6/site-packages/airflow/example_dags/example_skip_dag.py
[2022-02-12 14:59:13,485] {scheduler_job.py:643} INFO - DAG(s) dict_keys(['example_skip_dag']) retrieved from /home/agalli/sandbox/lib/python3.6/site-packages/airflow/example_dags/example_skip_dag.py
[2022-02-12 14:59:13,555] {logging_mixin.py:104} INFO - [2022-02-12 14:59:13,554] {dag.py:1832} INFO - Sync 1 DAGs
[2022-02-12 14:59:13,591] {logging_mixin.py:104} INFO - [2022-02-12 14:59:13,591] {dag.py:2305} INFO - Setting next_dagrun for example_skip_dag to 2022-02-10 00:00:00+00:00
[2022-02-12 14:59:13,614] {scheduler_job.py:190} INFO - Processing /home/agalli/sandbox/lib/python3.6/site-packages/airflow/example_dags/example_skip_dag.py took 0.162 seconds
[2022-02-12 14:59:44,039] {scheduler_job.py:182} INFO - Started process (PID=16963) to work on /home/agalli/sandbox/lib/python3.6/site-packages/airflow/example_dags/example_skip_dag.py
[2022-02-12 14:59:44,040] {scheduler_job.py:633} INFO - Processing file /home/agalli/sandbox/lib/python3.6/site-packages/airflow/example_dags/example_skip_dag.py for tasks to queue
[2022-02-12 14:59:44,041] {logging_mixin.py:104} INFO - [2022-02-12 14:59:44,041] {dagbag.py:487} INFO - Filling up the DagBag from /home/agalli/sandbox/lib/python3.6/site-packages/airflow/example_dags/example_skip_dag.py
[2022-02-12 14:59:44,064] {scheduler_job.py:643} INFO - DAG(s) dict_keys(['example_skip_dag']) retrieved from /home/agalli/sandbox/lib/python3.6/site-packages/airflow/example_dags/example_skip_dag.py
[2022-02-12 14:59:44,103] {logging_mixin.py:104} INFO - [2022-02-12 14:59:44,102] {dag.py:1832} INFO - Sync 1 DAGs
[2022-02-12 14:59:44,135] {logging_mixin.py:104} INFO - [2022-02-12 14:59:44,135] {dag.py:2305} INFO - Setting next_dagrun for example_skip_dag to 2022-02-10 00:00:00+00:00
[2022-02-12 14:59:44,157] {scheduler_job.py:190} INFO - Processing /home/agalli/sandbox/lib/python3.6/site-packages/airflow/example_dags/example_skip_dag.py took 0.124 seconds
[2022-02-12 15:00:15,624] {scheduler_job.py:182} INFO - Started process (PID=17034) to work on /home/agalli/sandbox/lib/python3.6/site-packages/airflow/example_dags/example_skip_dag.py
[2022-02-12 15:00:15,627] {scheduler_job.py:633} INFO - Processing file /home/agalli/sandbox/lib/python3.6/site-packages/airflow/example_dags/example_skip_dag.py for tasks to queue
[2022-02-12 15:00:15,628] {logging_mixin.py:104} INFO - [2022-02-12 15:00:15,627] {dagbag.py:487} INFO - Filling up the DagBag from /home/agalli/sandbox/lib/python3.6/site-packages/airflow/example_dags/example_skip_dag.py
[2022-02-12 15:00:15,645] {scheduler_job.py:643} INFO - DAG(s) dict_keys(['example_skip_dag']) retrieved from /home/agalli/sandbox/lib/python3.6/site-packages/airflow/example_dags/example_skip_dag.py
[2022-02-12 15:00:15,677] {logging_mixin.py:104} INFO - [2022-02-12 15:00:15,677] {dag.py:1832} INFO - Sync 1 DAGs
[2022-02-12 15:00:15,698] {logging_mixin.py:104} INFO - [2022-02-12 15:00:15,698] {dag.py:2305} INFO - Setting next_dagrun for example_skip_dag to 2022-02-10 00:00:00+00:00
[2022-02-12 15:00:15,724] {scheduler_job.py:190} INFO - Processing /home/agalli/sandbox/lib/python3.6/site-packages/airflow/example_dags/example_skip_dag.py took 0.104 seconds
[2022-02-12 15:00:40,994] {scheduler_job.py:182} INFO - Started process (PID=17571) to work on /home/agalli/sandbox/lib/python3.6/site-packages/airflow/example_dags/example_skip_dag.py
[2022-02-12 15:00:40,996] {scheduler_job.py:633} INFO - Processing file /home/agalli/sandbox/lib/python3.6/site-packages/airflow/example_dags/example_skip_dag.py for tasks to queue
[2022-02-12 15:00:40,998] {logging_mixin.py:104} INFO - [2022-02-12 15:00:40,998] {dagbag.py:487} INFO - Filling up the DagBag from /home/agalli/sandbox/lib/python3.6/site-packages/airflow/example_dags/example_skip_dag.py
[2022-02-12 15:00:41,092] {scheduler_job.py:643} INFO - DAG(s) dict_keys(['example_skip_dag']) retrieved from /home/agalli/sandbox/lib/python3.6/site-packages/airflow/example_dags/example_skip_dag.py
[2022-02-12 15:00:41,295] {logging_mixin.py:104} INFO - [2022-02-12 15:00:41,295] {dag.py:1832} INFO - Sync 1 DAGs
[2022-02-12 15:00:41,375] {logging_mixin.py:104} INFO - [2022-02-12 15:00:41,375] {dag.py:2305} INFO - Setting next_dagrun for example_skip_dag to 2022-02-10 00:00:00+00:00
[2022-02-12 15:00:41,512] {scheduler_job.py:190} INFO - Processing /home/agalli/sandbox/lib/python3.6/site-packages/airflow/example_dags/example_skip_dag.py took 0.541 seconds
[2022-02-12 15:01:12,227] {scheduler_job.py:182} INFO - Started process (PID=17928) to work on /home/agalli/sandbox/lib/python3.6/site-packages/airflow/example_dags/example_skip_dag.py
[2022-02-12 15:01:12,228] {scheduler_job.py:633} INFO - Processing file /home/agalli/sandbox/lib/python3.6/site-packages/airflow/example_dags/example_skip_dag.py for tasks to queue
[2022-02-12 15:01:12,229] {logging_mixin.py:104} INFO - [2022-02-12 15:01:12,229] {dagbag.py:487} INFO - Filling up the DagBag from /home/agalli/sandbox/lib/python3.6/site-packages/airflow/example_dags/example_skip_dag.py
[2022-02-12 15:01:12,240] {scheduler_job.py:643} INFO - DAG(s) dict_keys(['example_skip_dag']) retrieved from /home/agalli/sandbox/lib/python3.6/site-packages/airflow/example_dags/example_skip_dag.py
[2022-02-12 15:01:12,270] {logging_mixin.py:104} INFO - [2022-02-12 15:01:12,270] {dag.py:1832} INFO - Sync 1 DAGs
[2022-02-12 15:01:12,288] {logging_mixin.py:104} INFO - [2022-02-12 15:01:12,288] {dag.py:2305} INFO - Setting next_dagrun for example_skip_dag to 2022-02-10 00:00:00+00:00
[2022-02-12 15:01:12,308] {scheduler_job.py:190} INFO - Processing /home/agalli/sandbox/lib/python3.6/site-packages/airflow/example_dags/example_skip_dag.py took 0.084 seconds
[2022-02-12 15:01:42,780] {scheduler_job.py:182} INFO - Started process (PID=18130) to work on /home/agalli/sandbox/lib/python3.6/site-packages/airflow/example_dags/example_skip_dag.py
[2022-02-12 15:01:42,782] {scheduler_job.py:633} INFO - Processing file /home/agalli/sandbox/lib/python3.6/site-packages/airflow/example_dags/example_skip_dag.py for tasks to queue
[2022-02-12 15:01:42,783] {logging_mixin.py:104} INFO - [2022-02-12 15:01:42,783] {dagbag.py:487} INFO - Filling up the DagBag from /home/agalli/sandbox/lib/python3.6/site-packages/airflow/example_dags/example_skip_dag.py
[2022-02-12 15:01:42,805] {scheduler_job.py:643} INFO - DAG(s) dict_keys(['example_skip_dag']) retrieved from /home/agalli/sandbox/lib/python3.6/site-packages/airflow/example_dags/example_skip_dag.py
[2022-02-12 15:01:42,880] {logging_mixin.py:104} INFO - [2022-02-12 15:01:42,880] {dag.py:1832} INFO - Sync 1 DAGs
[2022-02-12 15:01:42,913] {logging_mixin.py:104} INFO - [2022-02-12 15:01:42,913] {dag.py:2305} INFO - Setting next_dagrun for example_skip_dag to 2022-02-10 00:00:00+00:00
[2022-02-12 15:01:42,940] {scheduler_job.py:190} INFO - Processing /home/agalli/sandbox/lib/python3.6/site-packages/airflow/example_dags/example_skip_dag.py took 0.165 seconds
[2022-02-12 15:02:13,748] {scheduler_job.py:182} INFO - Started process (PID=18423) to work on /home/agalli/sandbox/lib/python3.6/site-packages/airflow/example_dags/example_skip_dag.py
[2022-02-12 15:02:13,763] {scheduler_job.py:633} INFO - Processing file /home/agalli/sandbox/lib/python3.6/site-packages/airflow/example_dags/example_skip_dag.py for tasks to queue
[2022-02-12 15:02:13,776] {logging_mixin.py:104} INFO - [2022-02-12 15:02:13,775] {dagbag.py:487} INFO - Filling up the DagBag from /home/agalli/sandbox/lib/python3.6/site-packages/airflow/example_dags/example_skip_dag.py
[2022-02-12 15:02:13,826] {scheduler_job.py:643} INFO - DAG(s) dict_keys(['example_skip_dag']) retrieved from /home/agalli/sandbox/lib/python3.6/site-packages/airflow/example_dags/example_skip_dag.py
[2022-02-12 15:02:13,933] {logging_mixin.py:104} INFO - [2022-02-12 15:02:13,933] {dag.py:1832} INFO - Sync 1 DAGs
[2022-02-12 15:02:13,987] {logging_mixin.py:104} INFO - [2022-02-12 15:02:13,987] {dag.py:2305} INFO - Setting next_dagrun for example_skip_dag to 2022-02-10 00:00:00+00:00
[2022-02-12 15:02:14,032] {scheduler_job.py:190} INFO - Processing /home/agalli/sandbox/lib/python3.6/site-packages/airflow/example_dags/example_skip_dag.py took 0.320 seconds
[2022-02-12 15:02:44,286] {scheduler_job.py:182} INFO - Started process (PID=18896) to work on /home/agalli/sandbox/lib/python3.6/site-packages/airflow/example_dags/example_skip_dag.py
[2022-02-12 15:02:44,287] {scheduler_job.py:633} INFO - Processing file /home/agalli/sandbox/lib/python3.6/site-packages/airflow/example_dags/example_skip_dag.py for tasks to queue
[2022-02-12 15:02:44,288] {logging_mixin.py:104} INFO - [2022-02-12 15:02:44,288] {dagbag.py:487} INFO - Filling up the DagBag from /home/agalli/sandbox/lib/python3.6/site-packages/airflow/example_dags/example_skip_dag.py
[2022-02-12 15:02:44,305] {scheduler_job.py:643} INFO - DAG(s) dict_keys(['example_skip_dag']) retrieved from /home/agalli/sandbox/lib/python3.6/site-packages/airflow/example_dags/example_skip_dag.py
[2022-02-12 15:02:44,367] {logging_mixin.py:104} INFO - [2022-02-12 15:02:44,367] {dag.py:1832} INFO - Sync 1 DAGs
[2022-02-12 15:02:44,420] {logging_mixin.py:104} INFO - [2022-02-12 15:02:44,419] {dag.py:2305} INFO - Setting next_dagrun for example_skip_dag to 2022-02-10 00:00:00+00:00
[2022-02-12 15:02:44,459] {scheduler_job.py:190} INFO - Processing /home/agalli/sandbox/lib/python3.6/site-packages/airflow/example_dags/example_skip_dag.py took 0.178 seconds
[2022-02-12 15:03:16,100] {scheduler_job.py:182} INFO - Started process (PID=19278) to work on /home/agalli/sandbox/lib/python3.6/site-packages/airflow/example_dags/example_skip_dag.py
[2022-02-12 15:03:16,102] {scheduler_job.py:633} INFO - Processing file /home/agalli/sandbox/lib/python3.6/site-packages/airflow/example_dags/example_skip_dag.py for tasks to queue
[2022-02-12 15:03:16,104] {logging_mixin.py:104} INFO - [2022-02-12 15:03:16,103] {dagbag.py:487} INFO - Filling up the DagBag from /home/agalli/sandbox/lib/python3.6/site-packages/airflow/example_dags/example_skip_dag.py
[2022-02-12 15:03:16,135] {scheduler_job.py:643} INFO - DAG(s) dict_keys(['example_skip_dag']) retrieved from /home/agalli/sandbox/lib/python3.6/site-packages/airflow/example_dags/example_skip_dag.py
[2022-02-12 15:03:16,192] {logging_mixin.py:104} INFO - [2022-02-12 15:03:16,192] {dag.py:1832} INFO - Sync 1 DAGs
[2022-02-12 15:03:16,224] {logging_mixin.py:104} INFO - [2022-02-12 15:03:16,223] {dag.py:2305} INFO - Setting next_dagrun for example_skip_dag to 2022-02-10 00:00:00+00:00
[2022-02-12 15:03:16,250] {scheduler_job.py:190} INFO - Processing /home/agalli/sandbox/lib/python3.6/site-packages/airflow/example_dags/example_skip_dag.py took 0.154 seconds
[2022-02-12 15:03:47,464] {scheduler_job.py:182} INFO - Started process (PID=19480) to work on /home/agalli/sandbox/lib/python3.6/site-packages/airflow/example_dags/example_skip_dag.py
[2022-02-12 15:03:47,469] {scheduler_job.py:633} INFO - Processing file /home/agalli/sandbox/lib/python3.6/site-packages/airflow/example_dags/example_skip_dag.py for tasks to queue
[2022-02-12 15:03:47,471] {logging_mixin.py:104} INFO - [2022-02-12 15:03:47,471] {dagbag.py:487} INFO - Filling up the DagBag from /home/agalli/sandbox/lib/python3.6/site-packages/airflow/example_dags/example_skip_dag.py
[2022-02-12 15:03:47,494] {scheduler_job.py:643} INFO - DAG(s) dict_keys(['example_skip_dag']) retrieved from /home/agalli/sandbox/lib/python3.6/site-packages/airflow/example_dags/example_skip_dag.py
[2022-02-12 15:03:47,575] {logging_mixin.py:104} INFO - [2022-02-12 15:03:47,575] {dag.py:1832} INFO - Sync 1 DAGs
[2022-02-12 15:03:47,613] {logging_mixin.py:104} INFO - [2022-02-12 15:03:47,612] {dag.py:2305} INFO - Setting next_dagrun for example_skip_dag to 2022-02-10 00:00:00+00:00
[2022-02-12 15:03:47,644] {scheduler_job.py:190} INFO - Processing /home/agalli/sandbox/lib/python3.6/site-packages/airflow/example_dags/example_skip_dag.py took 0.185 seconds
[2022-02-12 15:04:17,921] {scheduler_job.py:182} INFO - Started process (PID=19681) to work on /home/agalli/sandbox/lib/python3.6/site-packages/airflow/example_dags/example_skip_dag.py
[2022-02-12 15:04:17,922] {scheduler_job.py:633} INFO - Processing file /home/agalli/sandbox/lib/python3.6/site-packages/airflow/example_dags/example_skip_dag.py for tasks to queue
[2022-02-12 15:04:17,923] {logging_mixin.py:104} INFO - [2022-02-12 15:04:17,923] {dagbag.py:487} INFO - Filling up the DagBag from /home/agalli/sandbox/lib/python3.6/site-packages/airflow/example_dags/example_skip_dag.py
[2022-02-12 15:04:17,937] {scheduler_job.py:643} INFO - DAG(s) dict_keys(['example_skip_dag']) retrieved from /home/agalli/sandbox/lib/python3.6/site-packages/airflow/example_dags/example_skip_dag.py
[2022-02-12 15:04:17,968] {logging_mixin.py:104} INFO - [2022-02-12 15:04:17,968] {dag.py:1832} INFO - Sync 1 DAGs
[2022-02-12 15:04:17,989] {logging_mixin.py:104} INFO - [2022-02-12 15:04:17,989] {dag.py:2305} INFO - Setting next_dagrun for example_skip_dag to 2022-02-10 00:00:00+00:00
[2022-02-12 15:04:18,014] {scheduler_job.py:190} INFO - Processing /home/agalli/sandbox/lib/python3.6/site-packages/airflow/example_dags/example_skip_dag.py took 0.097 seconds
[2022-02-12 15:04:49,135] {scheduler_job.py:182} INFO - Started process (PID=19884) to work on /home/agalli/sandbox/lib/python3.6/site-packages/airflow/example_dags/example_skip_dag.py
[2022-02-12 15:04:49,138] {scheduler_job.py:633} INFO - Processing file /home/agalli/sandbox/lib/python3.6/site-packages/airflow/example_dags/example_skip_dag.py for tasks to queue
[2022-02-12 15:04:49,139] {logging_mixin.py:104} INFO - [2022-02-12 15:04:49,139] {dagbag.py:487} INFO - Filling up the DagBag from /home/agalli/sandbox/lib/python3.6/site-packages/airflow/example_dags/example_skip_dag.py
[2022-02-12 15:04:49,158] {scheduler_job.py:643} INFO - DAG(s) dict_keys(['example_skip_dag']) retrieved from /home/agalli/sandbox/lib/python3.6/site-packages/airflow/example_dags/example_skip_dag.py
[2022-02-12 15:04:49,206] {logging_mixin.py:104} INFO - [2022-02-12 15:04:49,206] {dag.py:1832} INFO - Sync 1 DAGs
[2022-02-12 15:04:49,237] {logging_mixin.py:104} INFO - [2022-02-12 15:04:49,237] {dag.py:2305} INFO - Setting next_dagrun for example_skip_dag to 2022-02-10 00:00:00+00:00
[2022-02-12 15:04:49,257] {scheduler_job.py:190} INFO - Processing /home/agalli/sandbox/lib/python3.6/site-packages/airflow/example_dags/example_skip_dag.py took 0.128 seconds
[2022-02-12 15:05:19,830] {scheduler_job.py:182} INFO - Started process (PID=20085) to work on /home/agalli/sandbox/lib/python3.6/site-packages/airflow/example_dags/example_skip_dag.py
[2022-02-12 15:05:19,832] {scheduler_job.py:633} INFO - Processing file /home/agalli/sandbox/lib/python3.6/site-packages/airflow/example_dags/example_skip_dag.py for tasks to queue
[2022-02-12 15:05:19,833] {logging_mixin.py:104} INFO - [2022-02-12 15:05:19,833] {dagbag.py:487} INFO - Filling up the DagBag from /home/agalli/sandbox/lib/python3.6/site-packages/airflow/example_dags/example_skip_dag.py
[2022-02-12 15:05:19,852] {scheduler_job.py:643} INFO - DAG(s) dict_keys(['example_skip_dag']) retrieved from /home/agalli/sandbox/lib/python3.6/site-packages/airflow/example_dags/example_skip_dag.py
[2022-02-12 15:05:19,900] {logging_mixin.py:104} INFO - [2022-02-12 15:05:19,900] {dag.py:1832} INFO - Sync 1 DAGs
[2022-02-12 15:05:19,931] {logging_mixin.py:104} INFO - [2022-02-12 15:05:19,931] {dag.py:2305} INFO - Setting next_dagrun for example_skip_dag to 2022-02-10 00:00:00+00:00
[2022-02-12 15:05:19,951] {scheduler_job.py:190} INFO - Processing /home/agalli/sandbox/lib/python3.6/site-packages/airflow/example_dags/example_skip_dag.py took 0.127 seconds
[2022-02-12 15:05:50,079] {scheduler_job.py:182} INFO - Started process (PID=20401) to work on /home/agalli/sandbox/lib/python3.6/site-packages/airflow/example_dags/example_skip_dag.py
[2022-02-12 15:05:50,080] {scheduler_job.py:633} INFO - Processing file /home/agalli/sandbox/lib/python3.6/site-packages/airflow/example_dags/example_skip_dag.py for tasks to queue
[2022-02-12 15:05:50,081] {logging_mixin.py:104} INFO - [2022-02-12 15:05:50,081] {dagbag.py:487} INFO - Filling up the DagBag from /home/agalli/sandbox/lib/python3.6/site-packages/airflow/example_dags/example_skip_dag.py
[2022-02-12 15:05:50,095] {scheduler_job.py:643} INFO - DAG(s) dict_keys(['example_skip_dag']) retrieved from /home/agalli/sandbox/lib/python3.6/site-packages/airflow/example_dags/example_skip_dag.py
[2022-02-12 15:05:50,128] {logging_mixin.py:104} INFO - [2022-02-12 15:05:50,128] {dag.py:1832} INFO - Sync 1 DAGs
[2022-02-12 15:05:50,150] {logging_mixin.py:104} INFO - [2022-02-12 15:05:50,150] {dag.py:2305} INFO - Setting next_dagrun for example_skip_dag to 2022-02-10 00:00:00+00:00
[2022-02-12 15:05:50,168] {scheduler_job.py:190} INFO - Processing /home/agalli/sandbox/lib/python3.6/site-packages/airflow/example_dags/example_skip_dag.py took 0.092 seconds
[2022-02-12 15:06:20,839] {scheduler_job.py:182} INFO - Started process (PID=20601) to work on /home/agalli/sandbox/lib/python3.6/site-packages/airflow/example_dags/example_skip_dag.py
[2022-02-12 15:06:20,841] {scheduler_job.py:633} INFO - Processing file /home/agalli/sandbox/lib/python3.6/site-packages/airflow/example_dags/example_skip_dag.py for tasks to queue
[2022-02-12 15:06:20,843] {logging_mixin.py:104} INFO - [2022-02-12 15:06:20,842] {dagbag.py:487} INFO - Filling up the DagBag from /home/agalli/sandbox/lib/python3.6/site-packages/airflow/example_dags/example_skip_dag.py
[2022-02-12 15:06:20,864] {scheduler_job.py:643} INFO - DAG(s) dict_keys(['example_skip_dag']) retrieved from /home/agalli/sandbox/lib/python3.6/site-packages/airflow/example_dags/example_skip_dag.py
[2022-02-12 15:06:20,906] {logging_mixin.py:104} INFO - [2022-02-12 15:06:20,905] {dag.py:1832} INFO - Sync 1 DAGs
[2022-02-12 15:06:20,932] {logging_mixin.py:104} INFO - [2022-02-12 15:06:20,932] {dag.py:2305} INFO - Setting next_dagrun for example_skip_dag to 2022-02-10 00:00:00+00:00
[2022-02-12 15:06:20,947] {scheduler_job.py:190} INFO - Processing /home/agalli/sandbox/lib/python3.6/site-packages/airflow/example_dags/example_skip_dag.py took 0.113 seconds
[2022-02-12 15:06:51,599] {scheduler_job.py:182} INFO - Started process (PID=20802) to work on /home/agalli/sandbox/lib/python3.6/site-packages/airflow/example_dags/example_skip_dag.py
[2022-02-12 15:06:51,600] {scheduler_job.py:633} INFO - Processing file /home/agalli/sandbox/lib/python3.6/site-packages/airflow/example_dags/example_skip_dag.py for tasks to queue
[2022-02-12 15:06:51,601] {logging_mixin.py:104} INFO - [2022-02-12 15:06:51,601] {dagbag.py:487} INFO - Filling up the DagBag from /home/agalli/sandbox/lib/python3.6/site-packages/airflow/example_dags/example_skip_dag.py
[2022-02-12 15:06:51,621] {scheduler_job.py:643} INFO - DAG(s) dict_keys(['example_skip_dag']) retrieved from /home/agalli/sandbox/lib/python3.6/site-packages/airflow/example_dags/example_skip_dag.py
[2022-02-12 15:06:51,668] {logging_mixin.py:104} INFO - [2022-02-12 15:06:51,668] {dag.py:1832} INFO - Sync 1 DAGs
[2022-02-12 15:06:51,699] {logging_mixin.py:104} INFO - [2022-02-12 15:06:51,699] {dag.py:2305} INFO - Setting next_dagrun for example_skip_dag to 2022-02-10 00:00:00+00:00
[2022-02-12 15:06:51,720] {scheduler_job.py:190} INFO - Processing /home/agalli/sandbox/lib/python3.6/site-packages/airflow/example_dags/example_skip_dag.py took 0.130 seconds
[2022-02-12 15:07:22,630] {scheduler_job.py:182} INFO - Started process (PID=21005) to work on /home/agalli/sandbox/lib/python3.6/site-packages/airflow/example_dags/example_skip_dag.py
[2022-02-12 15:07:22,632] {scheduler_job.py:633} INFO - Processing file /home/agalli/sandbox/lib/python3.6/site-packages/airflow/example_dags/example_skip_dag.py for tasks to queue
[2022-02-12 15:07:22,633] {logging_mixin.py:104} INFO - [2022-02-12 15:07:22,633] {dagbag.py:487} INFO - Filling up the DagBag from /home/agalli/sandbox/lib/python3.6/site-packages/airflow/example_dags/example_skip_dag.py
[2022-02-12 15:07:22,661] {scheduler_job.py:643} INFO - DAG(s) dict_keys(['example_skip_dag']) retrieved from /home/agalli/sandbox/lib/python3.6/site-packages/airflow/example_dags/example_skip_dag.py
[2022-02-12 15:07:22,703] {logging_mixin.py:104} INFO - [2022-02-12 15:07:22,703] {dag.py:1832} INFO - Sync 1 DAGs
[2022-02-12 15:07:22,735] {logging_mixin.py:104} INFO - [2022-02-12 15:07:22,735] {dag.py:2305} INFO - Setting next_dagrun for example_skip_dag to 2022-02-10 00:00:00+00:00
[2022-02-12 15:07:22,762] {scheduler_job.py:190} INFO - Processing /home/agalli/sandbox/lib/python3.6/site-packages/airflow/example_dags/example_skip_dag.py took 0.143 seconds
[2022-02-12 15:07:53,013] {scheduler_job.py:182} INFO - Started process (PID=21209) to work on /home/agalli/sandbox/lib/python3.6/site-packages/airflow/example_dags/example_skip_dag.py
[2022-02-12 15:07:53,017] {scheduler_job.py:633} INFO - Processing file /home/agalli/sandbox/lib/python3.6/site-packages/airflow/example_dags/example_skip_dag.py for tasks to queue
[2022-02-12 15:07:53,021] {logging_mixin.py:104} INFO - [2022-02-12 15:07:53,020] {dagbag.py:487} INFO - Filling up the DagBag from /home/agalli/sandbox/lib/python3.6/site-packages/airflow/example_dags/example_skip_dag.py
[2022-02-12 15:07:53,043] {scheduler_job.py:643} INFO - DAG(s) dict_keys(['example_skip_dag']) retrieved from /home/agalli/sandbox/lib/python3.6/site-packages/airflow/example_dags/example_skip_dag.py
[2022-02-12 15:07:53,085] {logging_mixin.py:104} INFO - [2022-02-12 15:07:53,084] {dag.py:1832} INFO - Sync 1 DAGs
[2022-02-12 15:07:53,117] {logging_mixin.py:104} INFO - [2022-02-12 15:07:53,117] {dag.py:2305} INFO - Setting next_dagrun for example_skip_dag to 2022-02-10 00:00:00+00:00
[2022-02-12 15:07:53,142] {scheduler_job.py:190} INFO - Processing /home/agalli/sandbox/lib/python3.6/site-packages/airflow/example_dags/example_skip_dag.py took 0.134 seconds
[2022-02-12 15:08:23,774] {scheduler_job.py:182} INFO - Started process (PID=21412) to work on /home/agalli/sandbox/lib/python3.6/site-packages/airflow/example_dags/example_skip_dag.py
[2022-02-12 15:08:23,777] {scheduler_job.py:633} INFO - Processing file /home/agalli/sandbox/lib/python3.6/site-packages/airflow/example_dags/example_skip_dag.py for tasks to queue
[2022-02-12 15:08:23,778] {logging_mixin.py:104} INFO - [2022-02-12 15:08:23,778] {dagbag.py:487} INFO - Filling up the DagBag from /home/agalli/sandbox/lib/python3.6/site-packages/airflow/example_dags/example_skip_dag.py
[2022-02-12 15:08:23,808] {scheduler_job.py:643} INFO - DAG(s) dict_keys(['example_skip_dag']) retrieved from /home/agalli/sandbox/lib/python3.6/site-packages/airflow/example_dags/example_skip_dag.py
[2022-02-12 15:08:23,875] {logging_mixin.py:104} INFO - [2022-02-12 15:08:23,875] {dag.py:1832} INFO - Sync 1 DAGs
[2022-02-12 15:08:23,904] {logging_mixin.py:104} INFO - [2022-02-12 15:08:23,904] {dag.py:2305} INFO - Setting next_dagrun for example_skip_dag to 2022-02-10 00:00:00+00:00
[2022-02-12 15:08:23,925] {scheduler_job.py:190} INFO - Processing /home/agalli/sandbox/lib/python3.6/site-packages/airflow/example_dags/example_skip_dag.py took 0.163 seconds
