[2022-02-12 13:57:26,395] {scheduler_job.py:182} INFO - Started process (PID=1722) to work on /home/agalli/sandbox/lib/python3.6/site-packages/airflow/example_dags/example_task_group.py
[2022-02-12 13:57:26,398] {scheduler_job.py:633} INFO - Processing file /home/agalli/sandbox/lib/python3.6/site-packages/airflow/example_dags/example_task_group.py for tasks to queue
[2022-02-12 13:57:26,402] {logging_mixin.py:104} INFO - [2022-02-12 13:57:26,402] {dagbag.py:487} INFO - Filling up the DagBag from /home/agalli/sandbox/lib/python3.6/site-packages/airflow/example_dags/example_task_group.py
[2022-02-12 13:57:26,452] {scheduler_job.py:643} INFO - DAG(s) dict_keys(['example_task_group']) retrieved from /home/agalli/sandbox/lib/python3.6/site-packages/airflow/example_dags/example_task_group.py
[2022-02-12 13:57:26,593] {logging_mixin.py:104} INFO - [2022-02-12 13:57:26,590] {dag.py:1832} INFO - Sync 1 DAGs
[2022-02-12 13:57:26,690] {logging_mixin.py:104} INFO - [2022-02-12 13:57:26,690] {dag.py:2305} INFO - Setting next_dagrun for example_task_group to 2022-02-10 00:00:00+00:00
[2022-02-12 13:57:26,742] {scheduler_job.py:190} INFO - Processing /home/agalli/sandbox/lib/python3.6/site-packages/airflow/example_dags/example_task_group.py took 0.363 seconds
[2022-02-12 13:57:58,007] {scheduler_job.py:182} INFO - Started process (PID=2213) to work on /home/agalli/sandbox/lib/python3.6/site-packages/airflow/example_dags/example_task_group.py
[2022-02-12 13:57:58,009] {scheduler_job.py:633} INFO - Processing file /home/agalli/sandbox/lib/python3.6/site-packages/airflow/example_dags/example_task_group.py for tasks to queue
[2022-02-12 13:57:58,013] {logging_mixin.py:104} INFO - [2022-02-12 13:57:58,012] {dagbag.py:487} INFO - Filling up the DagBag from /home/agalli/sandbox/lib/python3.6/site-packages/airflow/example_dags/example_task_group.py
[2022-02-12 13:57:58,047] {scheduler_job.py:643} INFO - DAG(s) dict_keys(['example_task_group']) retrieved from /home/agalli/sandbox/lib/python3.6/site-packages/airflow/example_dags/example_task_group.py
[2022-02-12 13:57:58,110] {logging_mixin.py:104} INFO - [2022-02-12 13:57:58,109] {dag.py:1832} INFO - Sync 1 DAGs
[2022-02-12 13:57:58,160] {logging_mixin.py:104} INFO - [2022-02-12 13:57:58,160] {dag.py:2305} INFO - Setting next_dagrun for example_task_group to 2022-02-10 00:00:00+00:00
[2022-02-12 13:57:58,206] {scheduler_job.py:190} INFO - Processing /home/agalli/sandbox/lib/python3.6/site-packages/airflow/example_dags/example_task_group.py took 0.220 seconds
[2022-02-12 13:58:29,163] {scheduler_job.py:182} INFO - Started process (PID=2414) to work on /home/agalli/sandbox/lib/python3.6/site-packages/airflow/example_dags/example_task_group.py
[2022-02-12 13:58:29,165] {scheduler_job.py:633} INFO - Processing file /home/agalli/sandbox/lib/python3.6/site-packages/airflow/example_dags/example_task_group.py for tasks to queue
[2022-02-12 13:58:29,167] {logging_mixin.py:104} INFO - [2022-02-12 13:58:29,167] {dagbag.py:487} INFO - Filling up the DagBag from /home/agalli/sandbox/lib/python3.6/site-packages/airflow/example_dags/example_task_group.py
[2022-02-12 13:58:29,218] {scheduler_job.py:643} INFO - DAG(s) dict_keys(['example_task_group']) retrieved from /home/agalli/sandbox/lib/python3.6/site-packages/airflow/example_dags/example_task_group.py
[2022-02-12 13:58:29,352] {logging_mixin.py:104} INFO - [2022-02-12 13:58:29,351] {dag.py:1832} INFO - Sync 1 DAGs
[2022-02-12 13:58:29,397] {logging_mixin.py:104} INFO - [2022-02-12 13:58:29,397] {dag.py:2305} INFO - Setting next_dagrun for example_task_group to 2022-02-10 00:00:00+00:00
[2022-02-12 13:58:29,432] {scheduler_job.py:190} INFO - Processing /home/agalli/sandbox/lib/python3.6/site-packages/airflow/example_dags/example_task_group.py took 0.278 seconds
[2022-02-12 13:59:00,252] {scheduler_job.py:182} INFO - Started process (PID=2617) to work on /home/agalli/sandbox/lib/python3.6/site-packages/airflow/example_dags/example_task_group.py
[2022-02-12 13:59:00,254] {scheduler_job.py:633} INFO - Processing file /home/agalli/sandbox/lib/python3.6/site-packages/airflow/example_dags/example_task_group.py for tasks to queue
[2022-02-12 13:59:00,255] {logging_mixin.py:104} INFO - [2022-02-12 13:59:00,255] {dagbag.py:487} INFO - Filling up the DagBag from /home/agalli/sandbox/lib/python3.6/site-packages/airflow/example_dags/example_task_group.py
[2022-02-12 13:59:00,287] {scheduler_job.py:643} INFO - DAG(s) dict_keys(['example_task_group']) retrieved from /home/agalli/sandbox/lib/python3.6/site-packages/airflow/example_dags/example_task_group.py
[2022-02-12 13:59:00,331] {logging_mixin.py:104} INFO - [2022-02-12 13:59:00,331] {dag.py:1832} INFO - Sync 1 DAGs
[2022-02-12 13:59:00,355] {logging_mixin.py:104} INFO - [2022-02-12 13:59:00,355] {dag.py:2305} INFO - Setting next_dagrun for example_task_group to 2022-02-10 00:00:00+00:00
[2022-02-12 13:59:00,431] {scheduler_job.py:190} INFO - Processing /home/agalli/sandbox/lib/python3.6/site-packages/airflow/example_dags/example_task_group.py took 0.184 seconds
[2022-02-12 13:59:31,130] {scheduler_job.py:182} INFO - Started process (PID=2821) to work on /home/agalli/sandbox/lib/python3.6/site-packages/airflow/example_dags/example_task_group.py
[2022-02-12 13:59:31,131] {scheduler_job.py:633} INFO - Processing file /home/agalli/sandbox/lib/python3.6/site-packages/airflow/example_dags/example_task_group.py for tasks to queue
[2022-02-12 13:59:31,132] {logging_mixin.py:104} INFO - [2022-02-12 13:59:31,132] {dagbag.py:487} INFO - Filling up the DagBag from /home/agalli/sandbox/lib/python3.6/site-packages/airflow/example_dags/example_task_group.py
[2022-02-12 13:59:31,150] {scheduler_job.py:643} INFO - DAG(s) dict_keys(['example_task_group']) retrieved from /home/agalli/sandbox/lib/python3.6/site-packages/airflow/example_dags/example_task_group.py
[2022-02-12 13:59:31,188] {logging_mixin.py:104} INFO - [2022-02-12 13:59:31,188] {dag.py:1832} INFO - Sync 1 DAGs
[2022-02-12 13:59:31,215] {logging_mixin.py:104} INFO - [2022-02-12 13:59:31,215] {dag.py:2305} INFO - Setting next_dagrun for example_task_group to 2022-02-10 00:00:00+00:00
[2022-02-12 13:59:31,232] {scheduler_job.py:190} INFO - Processing /home/agalli/sandbox/lib/python3.6/site-packages/airflow/example_dags/example_task_group.py took 0.107 seconds
[2022-02-12 14:00:03,262] {scheduler_job.py:182} INFO - Started process (PID=3085) to work on /home/agalli/sandbox/lib/python3.6/site-packages/airflow/example_dags/example_task_group.py
[2022-02-12 14:00:03,269] {scheduler_job.py:633} INFO - Processing file /home/agalli/sandbox/lib/python3.6/site-packages/airflow/example_dags/example_task_group.py for tasks to queue
[2022-02-12 14:00:03,270] {logging_mixin.py:104} INFO - [2022-02-12 14:00:03,270] {dagbag.py:487} INFO - Filling up the DagBag from /home/agalli/sandbox/lib/python3.6/site-packages/airflow/example_dags/example_task_group.py
[2022-02-12 14:00:03,313] {scheduler_job.py:643} INFO - DAG(s) dict_keys(['example_task_group']) retrieved from /home/agalli/sandbox/lib/python3.6/site-packages/airflow/example_dags/example_task_group.py
[2022-02-12 14:00:03,366] {logging_mixin.py:104} INFO - [2022-02-12 14:00:03,366] {dag.py:1832} INFO - Sync 1 DAGs
[2022-02-12 14:00:03,407] {logging_mixin.py:104} INFO - [2022-02-12 14:00:03,407] {dag.py:2305} INFO - Setting next_dagrun for example_task_group to 2022-02-10 00:00:00+00:00
[2022-02-12 14:00:03,438] {scheduler_job.py:190} INFO - Processing /home/agalli/sandbox/lib/python3.6/site-packages/airflow/example_dags/example_task_group.py took 0.185 seconds
[2022-02-12 14:00:33,946] {scheduler_job.py:182} INFO - Started process (PID=3453) to work on /home/agalli/sandbox/lib/python3.6/site-packages/airflow/example_dags/example_task_group.py
[2022-02-12 14:00:33,950] {scheduler_job.py:633} INFO - Processing file /home/agalli/sandbox/lib/python3.6/site-packages/airflow/example_dags/example_task_group.py for tasks to queue
[2022-02-12 14:00:33,953] {logging_mixin.py:104} INFO - [2022-02-12 14:00:33,952] {dagbag.py:487} INFO - Filling up the DagBag from /home/agalli/sandbox/lib/python3.6/site-packages/airflow/example_dags/example_task_group.py
[2022-02-12 14:00:34,002] {scheduler_job.py:643} INFO - DAG(s) dict_keys(['example_task_group']) retrieved from /home/agalli/sandbox/lib/python3.6/site-packages/airflow/example_dags/example_task_group.py
[2022-02-12 14:00:34,056] {logging_mixin.py:104} INFO - [2022-02-12 14:00:34,056] {dag.py:1832} INFO - Sync 1 DAGs
[2022-02-12 14:00:34,092] {logging_mixin.py:104} INFO - [2022-02-12 14:00:34,092] {dag.py:2305} INFO - Setting next_dagrun for example_task_group to 2022-02-10 00:00:00+00:00
[2022-02-12 14:00:34,121] {scheduler_job.py:190} INFO - Processing /home/agalli/sandbox/lib/python3.6/site-packages/airflow/example_dags/example_task_group.py took 0.184 seconds
[2022-02-12 14:01:06,864] {scheduler_job.py:182} INFO - Started process (PID=4033) to work on /home/agalli/sandbox/lib/python3.6/site-packages/airflow/example_dags/example_task_group.py
[2022-02-12 14:01:06,866] {scheduler_job.py:633} INFO - Processing file /home/agalli/sandbox/lib/python3.6/site-packages/airflow/example_dags/example_task_group.py for tasks to queue
[2022-02-12 14:01:06,867] {logging_mixin.py:104} INFO - [2022-02-12 14:01:06,867] {dagbag.py:487} INFO - Filling up the DagBag from /home/agalli/sandbox/lib/python3.6/site-packages/airflow/example_dags/example_task_group.py
[2022-02-12 14:01:06,915] {scheduler_job.py:643} INFO - DAG(s) dict_keys(['example_task_group']) retrieved from /home/agalli/sandbox/lib/python3.6/site-packages/airflow/example_dags/example_task_group.py
[2022-02-12 14:01:06,982] {logging_mixin.py:104} INFO - [2022-02-12 14:01:06,981] {dag.py:1832} INFO - Sync 1 DAGs
[2022-02-12 14:01:07,021] {logging_mixin.py:104} INFO - [2022-02-12 14:01:07,020] {dag.py:2305} INFO - Setting next_dagrun for example_task_group to 2022-02-10 00:00:00+00:00
[2022-02-12 14:01:07,047] {scheduler_job.py:190} INFO - Processing /home/agalli/sandbox/lib/python3.6/site-packages/airflow/example_dags/example_task_group.py took 0.195 seconds
[2022-02-12 14:01:37,354] {scheduler_job.py:182} INFO - Started process (PID=5324) to work on /home/agalli/sandbox/lib/python3.6/site-packages/airflow/example_dags/example_task_group.py
[2022-02-12 14:01:37,358] {scheduler_job.py:633} INFO - Processing file /home/agalli/sandbox/lib/python3.6/site-packages/airflow/example_dags/example_task_group.py for tasks to queue
[2022-02-12 14:01:37,361] {logging_mixin.py:104} INFO - [2022-02-12 14:01:37,360] {dagbag.py:487} INFO - Filling up the DagBag from /home/agalli/sandbox/lib/python3.6/site-packages/airflow/example_dags/example_task_group.py
[2022-02-12 14:01:37,402] {scheduler_job.py:643} INFO - DAG(s) dict_keys(['example_task_group']) retrieved from /home/agalli/sandbox/lib/python3.6/site-packages/airflow/example_dags/example_task_group.py
[2022-02-12 14:01:37,455] {logging_mixin.py:104} INFO - [2022-02-12 14:01:37,455] {dag.py:1832} INFO - Sync 1 DAGs
[2022-02-12 14:01:37,480] {logging_mixin.py:104} INFO - [2022-02-12 14:01:37,480] {dag.py:2305} INFO - Setting next_dagrun for example_task_group to 2022-02-10 00:00:00+00:00
[2022-02-12 14:01:37,499] {scheduler_job.py:190} INFO - Processing /home/agalli/sandbox/lib/python3.6/site-packages/airflow/example_dags/example_task_group.py took 0.152 seconds
[2022-02-12 14:02:07,823] {scheduler_job.py:182} INFO - Started process (PID=5558) to work on /home/agalli/sandbox/lib/python3.6/site-packages/airflow/example_dags/example_task_group.py
[2022-02-12 14:02:07,827] {scheduler_job.py:633} INFO - Processing file /home/agalli/sandbox/lib/python3.6/site-packages/airflow/example_dags/example_task_group.py for tasks to queue
[2022-02-12 14:02:07,828] {logging_mixin.py:104} INFO - [2022-02-12 14:02:07,828] {dagbag.py:487} INFO - Filling up the DagBag from /home/agalli/sandbox/lib/python3.6/site-packages/airflow/example_dags/example_task_group.py
[2022-02-12 14:02:07,870] {scheduler_job.py:643} INFO - DAG(s) dict_keys(['example_task_group']) retrieved from /home/agalli/sandbox/lib/python3.6/site-packages/airflow/example_dags/example_task_group.py
[2022-02-12 14:02:07,912] {logging_mixin.py:104} INFO - [2022-02-12 14:02:07,912] {dag.py:1832} INFO - Sync 1 DAGs
[2022-02-12 14:02:07,947] {logging_mixin.py:104} INFO - [2022-02-12 14:02:07,947] {dag.py:2305} INFO - Setting next_dagrun for example_task_group to 2022-02-10 00:00:00+00:00
[2022-02-12 14:02:07,971] {scheduler_job.py:190} INFO - Processing /home/agalli/sandbox/lib/python3.6/site-packages/airflow/example_dags/example_task_group.py took 0.163 seconds
[2022-02-12 14:02:38,177] {scheduler_job.py:182} INFO - Started process (PID=5876) to work on /home/agalli/sandbox/lib/python3.6/site-packages/airflow/example_dags/example_task_group.py
[2022-02-12 14:02:38,182] {scheduler_job.py:633} INFO - Processing file /home/agalli/sandbox/lib/python3.6/site-packages/airflow/example_dags/example_task_group.py for tasks to queue
[2022-02-12 14:02:38,184] {logging_mixin.py:104} INFO - [2022-02-12 14:02:38,184] {dagbag.py:487} INFO - Filling up the DagBag from /home/agalli/sandbox/lib/python3.6/site-packages/airflow/example_dags/example_task_group.py
[2022-02-12 14:02:38,207] {scheduler_job.py:643} INFO - DAG(s) dict_keys(['example_task_group']) retrieved from /home/agalli/sandbox/lib/python3.6/site-packages/airflow/example_dags/example_task_group.py
[2022-02-12 14:02:38,262] {logging_mixin.py:104} INFO - [2022-02-12 14:02:38,262] {dag.py:1832} INFO - Sync 1 DAGs
[2022-02-12 14:02:38,287] {logging_mixin.py:104} INFO - [2022-02-12 14:02:38,287] {dag.py:2305} INFO - Setting next_dagrun for example_task_group to 2022-02-10 00:00:00+00:00
[2022-02-12 14:02:38,304] {scheduler_job.py:190} INFO - Processing /home/agalli/sandbox/lib/python3.6/site-packages/airflow/example_dags/example_task_group.py took 0.135 seconds
[2022-02-12 14:03:09,239] {scheduler_job.py:182} INFO - Started process (PID=6076) to work on /home/agalli/sandbox/lib/python3.6/site-packages/airflow/example_dags/example_task_group.py
[2022-02-12 14:03:09,250] {scheduler_job.py:633} INFO - Processing file /home/agalli/sandbox/lib/python3.6/site-packages/airflow/example_dags/example_task_group.py for tasks to queue
[2022-02-12 14:03:09,253] {logging_mixin.py:104} INFO - [2022-02-12 14:03:09,253] {dagbag.py:487} INFO - Filling up the DagBag from /home/agalli/sandbox/lib/python3.6/site-packages/airflow/example_dags/example_task_group.py
[2022-02-12 14:03:09,283] {scheduler_job.py:643} INFO - DAG(s) dict_keys(['example_task_group']) retrieved from /home/agalli/sandbox/lib/python3.6/site-packages/airflow/example_dags/example_task_group.py
[2022-02-12 14:03:09,337] {logging_mixin.py:104} INFO - [2022-02-12 14:03:09,337] {dag.py:1832} INFO - Sync 1 DAGs
[2022-02-12 14:03:09,375] {logging_mixin.py:104} INFO - [2022-02-12 14:03:09,374] {dag.py:2305} INFO - Setting next_dagrun for example_task_group to 2022-02-10 00:00:00+00:00
[2022-02-12 14:03:09,402] {scheduler_job.py:190} INFO - Processing /home/agalli/sandbox/lib/python3.6/site-packages/airflow/example_dags/example_task_group.py took 0.172 seconds
[2022-02-12 14:20:18,966] {scheduler_job.py:182} INFO - Started process (PID=7058) to work on /home/agalli/sandbox/lib/python3.6/site-packages/airflow/example_dags/example_task_group.py
[2022-02-12 14:20:18,967] {scheduler_job.py:633} INFO - Processing file /home/agalli/sandbox/lib/python3.6/site-packages/airflow/example_dags/example_task_group.py for tasks to queue
[2022-02-12 14:20:18,967] {logging_mixin.py:104} INFO - [2022-02-12 14:20:18,967] {dagbag.py:487} INFO - Filling up the DagBag from /home/agalli/sandbox/lib/python3.6/site-packages/airflow/example_dags/example_task_group.py
[2022-02-12 14:20:18,986] {scheduler_job.py:643} INFO - DAG(s) dict_keys(['example_task_group']) retrieved from /home/agalli/sandbox/lib/python3.6/site-packages/airflow/example_dags/example_task_group.py
[2022-02-12 14:20:19,374] {logging_mixin.py:104} INFO - [2022-02-12 14:20:19,374] {dag.py:1832} INFO - Sync 1 DAGs
[2022-02-12 14:20:19,414] {logging_mixin.py:104} INFO - [2022-02-12 14:20:19,414] {dag.py:2305} INFO - Setting next_dagrun for example_task_group to 2022-02-10 00:00:00+00:00
[2022-02-12 14:20:19,437] {scheduler_job.py:190} INFO - Processing /home/agalli/sandbox/lib/python3.6/site-packages/airflow/example_dags/example_task_group.py took 0.476 seconds
[2022-02-12 14:20:49,775] {scheduler_job.py:182} INFO - Started process (PID=7266) to work on /home/agalli/sandbox/lib/python3.6/site-packages/airflow/example_dags/example_task_group.py
[2022-02-12 14:20:49,776] {scheduler_job.py:633} INFO - Processing file /home/agalli/sandbox/lib/python3.6/site-packages/airflow/example_dags/example_task_group.py for tasks to queue
[2022-02-12 14:20:49,778] {logging_mixin.py:104} INFO - [2022-02-12 14:20:49,778] {dagbag.py:487} INFO - Filling up the DagBag from /home/agalli/sandbox/lib/python3.6/site-packages/airflow/example_dags/example_task_group.py
[2022-02-12 14:20:49,799] {scheduler_job.py:643} INFO - DAG(s) dict_keys(['example_task_group']) retrieved from /home/agalli/sandbox/lib/python3.6/site-packages/airflow/example_dags/example_task_group.py
[2022-02-12 14:20:49,840] {logging_mixin.py:104} INFO - [2022-02-12 14:20:49,840] {dag.py:1832} INFO - Sync 1 DAGs
[2022-02-12 14:20:49,863] {logging_mixin.py:104} INFO - [2022-02-12 14:20:49,863] {dag.py:2305} INFO - Setting next_dagrun for example_task_group to 2022-02-10 00:00:00+00:00
[2022-02-12 14:20:49,875] {scheduler_job.py:190} INFO - Processing /home/agalli/sandbox/lib/python3.6/site-packages/airflow/example_dags/example_task_group.py took 0.104 seconds
[2022-02-12 14:21:20,740] {scheduler_job.py:182} INFO - Started process (PID=7461) to work on /home/agalli/sandbox/lib/python3.6/site-packages/airflow/example_dags/example_task_group.py
[2022-02-12 14:21:20,742] {scheduler_job.py:633} INFO - Processing file /home/agalli/sandbox/lib/python3.6/site-packages/airflow/example_dags/example_task_group.py for tasks to queue
[2022-02-12 14:21:20,743] {logging_mixin.py:104} INFO - [2022-02-12 14:21:20,743] {dagbag.py:487} INFO - Filling up the DagBag from /home/agalli/sandbox/lib/python3.6/site-packages/airflow/example_dags/example_task_group.py
[2022-02-12 14:21:20,768] {scheduler_job.py:643} INFO - DAG(s) dict_keys(['example_task_group']) retrieved from /home/agalli/sandbox/lib/python3.6/site-packages/airflow/example_dags/example_task_group.py
[2022-02-12 14:21:20,822] {logging_mixin.py:104} INFO - [2022-02-12 14:21:20,822] {dag.py:1832} INFO - Sync 1 DAGs
[2022-02-12 14:21:20,853] {logging_mixin.py:104} INFO - [2022-02-12 14:21:20,853] {dag.py:2305} INFO - Setting next_dagrun for example_task_group to 2022-02-10 00:00:00+00:00
[2022-02-12 14:21:20,876] {scheduler_job.py:190} INFO - Processing /home/agalli/sandbox/lib/python3.6/site-packages/airflow/example_dags/example_task_group.py took 0.140 seconds
[2022-02-12 14:21:51,363] {scheduler_job.py:182} INFO - Started process (PID=7666) to work on /home/agalli/sandbox/lib/python3.6/site-packages/airflow/example_dags/example_task_group.py
[2022-02-12 14:21:51,364] {scheduler_job.py:633} INFO - Processing file /home/agalli/sandbox/lib/python3.6/site-packages/airflow/example_dags/example_task_group.py for tasks to queue
[2022-02-12 14:21:51,365] {logging_mixin.py:104} INFO - [2022-02-12 14:21:51,365] {dagbag.py:487} INFO - Filling up the DagBag from /home/agalli/sandbox/lib/python3.6/site-packages/airflow/example_dags/example_task_group.py
[2022-02-12 14:21:51,382] {scheduler_job.py:643} INFO - DAG(s) dict_keys(['example_task_group']) retrieved from /home/agalli/sandbox/lib/python3.6/site-packages/airflow/example_dags/example_task_group.py
[2022-02-12 14:21:51,415] {logging_mixin.py:104} INFO - [2022-02-12 14:21:51,415] {dag.py:1832} INFO - Sync 1 DAGs
[2022-02-12 14:21:51,432] {logging_mixin.py:104} INFO - [2022-02-12 14:21:51,432] {dag.py:2305} INFO - Setting next_dagrun for example_task_group to 2022-02-10 00:00:00+00:00
[2022-02-12 14:21:51,448] {scheduler_job.py:190} INFO - Processing /home/agalli/sandbox/lib/python3.6/site-packages/airflow/example_dags/example_task_group.py took 0.090 seconds
[2022-02-12 14:22:22,544] {scheduler_job.py:182} INFO - Started process (PID=7866) to work on /home/agalli/sandbox/lib/python3.6/site-packages/airflow/example_dags/example_task_group.py
[2022-02-12 14:22:22,546] {scheduler_job.py:633} INFO - Processing file /home/agalli/sandbox/lib/python3.6/site-packages/airflow/example_dags/example_task_group.py for tasks to queue
[2022-02-12 14:22:22,546] {logging_mixin.py:104} INFO - [2022-02-12 14:22:22,546] {dagbag.py:487} INFO - Filling up the DagBag from /home/agalli/sandbox/lib/python3.6/site-packages/airflow/example_dags/example_task_group.py
[2022-02-12 14:22:22,563] {scheduler_job.py:643} INFO - DAG(s) dict_keys(['example_task_group']) retrieved from /home/agalli/sandbox/lib/python3.6/site-packages/airflow/example_dags/example_task_group.py
[2022-02-12 14:22:22,598] {logging_mixin.py:104} INFO - [2022-02-12 14:22:22,598] {dag.py:1832} INFO - Sync 1 DAGs
[2022-02-12 14:22:22,618] {logging_mixin.py:104} INFO - [2022-02-12 14:22:22,618] {dag.py:2305} INFO - Setting next_dagrun for example_task_group to 2022-02-10 00:00:00+00:00
[2022-02-12 14:22:22,630] {scheduler_job.py:190} INFO - Processing /home/agalli/sandbox/lib/python3.6/site-packages/airflow/example_dags/example_task_group.py took 0.093 seconds
[2022-02-12 14:22:53,455] {scheduler_job.py:182} INFO - Started process (PID=8068) to work on /home/agalli/sandbox/lib/python3.6/site-packages/airflow/example_dags/example_task_group.py
[2022-02-12 14:22:53,457] {scheduler_job.py:633} INFO - Processing file /home/agalli/sandbox/lib/python3.6/site-packages/airflow/example_dags/example_task_group.py for tasks to queue
[2022-02-12 14:22:53,458] {logging_mixin.py:104} INFO - [2022-02-12 14:22:53,457] {dagbag.py:487} INFO - Filling up the DagBag from /home/agalli/sandbox/lib/python3.6/site-packages/airflow/example_dags/example_task_group.py
[2022-02-12 14:22:53,480] {scheduler_job.py:643} INFO - DAG(s) dict_keys(['example_task_group']) retrieved from /home/agalli/sandbox/lib/python3.6/site-packages/airflow/example_dags/example_task_group.py
[2022-02-12 14:22:53,516] {logging_mixin.py:104} INFO - [2022-02-12 14:22:53,516] {dag.py:1832} INFO - Sync 1 DAGs
[2022-02-12 14:22:53,536] {logging_mixin.py:104} INFO - [2022-02-12 14:22:53,536] {dag.py:2305} INFO - Setting next_dagrun for example_task_group to 2022-02-10 00:00:00+00:00
[2022-02-12 14:22:53,555] {scheduler_job.py:190} INFO - Processing /home/agalli/sandbox/lib/python3.6/site-packages/airflow/example_dags/example_task_group.py took 0.104 seconds
[2022-02-12 14:23:24,606] {scheduler_job.py:182} INFO - Started process (PID=8269) to work on /home/agalli/sandbox/lib/python3.6/site-packages/airflow/example_dags/example_task_group.py
[2022-02-12 14:23:24,609] {scheduler_job.py:633} INFO - Processing file /home/agalli/sandbox/lib/python3.6/site-packages/airflow/example_dags/example_task_group.py for tasks to queue
[2022-02-12 14:23:24,610] {logging_mixin.py:104} INFO - [2022-02-12 14:23:24,610] {dagbag.py:487} INFO - Filling up the DagBag from /home/agalli/sandbox/lib/python3.6/site-packages/airflow/example_dags/example_task_group.py
[2022-02-12 14:23:24,650] {scheduler_job.py:643} INFO - DAG(s) dict_keys(['example_task_group']) retrieved from /home/agalli/sandbox/lib/python3.6/site-packages/airflow/example_dags/example_task_group.py
[2022-02-12 14:23:24,693] {logging_mixin.py:104} INFO - [2022-02-12 14:23:24,693] {dag.py:1832} INFO - Sync 1 DAGs
[2022-02-12 14:23:24,716] {logging_mixin.py:104} INFO - [2022-02-12 14:23:24,716] {dag.py:2305} INFO - Setting next_dagrun for example_task_group to 2022-02-10 00:00:00+00:00
[2022-02-12 14:23:24,739] {scheduler_job.py:190} INFO - Processing /home/agalli/sandbox/lib/python3.6/site-packages/airflow/example_dags/example_task_group.py took 0.162 seconds
[2022-02-12 14:23:55,189] {scheduler_job.py:182} INFO - Started process (PID=8472) to work on /home/agalli/sandbox/lib/python3.6/site-packages/airflow/example_dags/example_task_group.py
[2022-02-12 14:23:55,190] {scheduler_job.py:633} INFO - Processing file /home/agalli/sandbox/lib/python3.6/site-packages/airflow/example_dags/example_task_group.py for tasks to queue
[2022-02-12 14:23:55,191] {logging_mixin.py:104} INFO - [2022-02-12 14:23:55,191] {dagbag.py:487} INFO - Filling up the DagBag from /home/agalli/sandbox/lib/python3.6/site-packages/airflow/example_dags/example_task_group.py
[2022-02-12 14:23:55,212] {scheduler_job.py:643} INFO - DAG(s) dict_keys(['example_task_group']) retrieved from /home/agalli/sandbox/lib/python3.6/site-packages/airflow/example_dags/example_task_group.py
[2022-02-12 14:23:55,249] {logging_mixin.py:104} INFO - [2022-02-12 14:23:55,249] {dag.py:1832} INFO - Sync 1 DAGs
[2022-02-12 14:23:55,275] {logging_mixin.py:104} INFO - [2022-02-12 14:23:55,275] {dag.py:2305} INFO - Setting next_dagrun for example_task_group to 2022-02-10 00:00:00+00:00
[2022-02-12 14:23:55,289] {scheduler_job.py:190} INFO - Processing /home/agalli/sandbox/lib/python3.6/site-packages/airflow/example_dags/example_task_group.py took 0.105 seconds
[2022-02-12 14:24:27,901] {scheduler_job.py:182} INFO - Started process (PID=8675) to work on /home/agalli/sandbox/lib/python3.6/site-packages/airflow/example_dags/example_task_group.py
[2022-02-12 14:24:27,903] {scheduler_job.py:633} INFO - Processing file /home/agalli/sandbox/lib/python3.6/site-packages/airflow/example_dags/example_task_group.py for tasks to queue
[2022-02-12 14:24:27,904] {logging_mixin.py:104} INFO - [2022-02-12 14:24:27,904] {dagbag.py:487} INFO - Filling up the DagBag from /home/agalli/sandbox/lib/python3.6/site-packages/airflow/example_dags/example_task_group.py
[2022-02-12 14:24:27,933] {scheduler_job.py:643} INFO - DAG(s) dict_keys(['example_task_group']) retrieved from /home/agalli/sandbox/lib/python3.6/site-packages/airflow/example_dags/example_task_group.py
[2022-02-12 14:24:27,982] {logging_mixin.py:104} INFO - [2022-02-12 14:24:27,982] {dag.py:1832} INFO - Sync 1 DAGs
[2022-02-12 14:24:28,007] {logging_mixin.py:104} INFO - [2022-02-12 14:24:28,007] {dag.py:2305} INFO - Setting next_dagrun for example_task_group to 2022-02-10 00:00:00+00:00
[2022-02-12 14:24:28,033] {scheduler_job.py:190} INFO - Processing /home/agalli/sandbox/lib/python3.6/site-packages/airflow/example_dags/example_task_group.py took 0.138 seconds
[2022-02-12 14:24:58,917] {scheduler_job.py:182} INFO - Started process (PID=8877) to work on /home/agalli/sandbox/lib/python3.6/site-packages/airflow/example_dags/example_task_group.py
[2022-02-12 14:24:58,919] {scheduler_job.py:633} INFO - Processing file /home/agalli/sandbox/lib/python3.6/site-packages/airflow/example_dags/example_task_group.py for tasks to queue
[2022-02-12 14:24:58,920] {logging_mixin.py:104} INFO - [2022-02-12 14:24:58,920] {dagbag.py:487} INFO - Filling up the DagBag from /home/agalli/sandbox/lib/python3.6/site-packages/airflow/example_dags/example_task_group.py
[2022-02-12 14:24:58,959] {scheduler_job.py:643} INFO - DAG(s) dict_keys(['example_task_group']) retrieved from /home/agalli/sandbox/lib/python3.6/site-packages/airflow/example_dags/example_task_group.py
[2022-02-12 14:24:59,008] {logging_mixin.py:104} INFO - [2022-02-12 14:24:59,008] {dag.py:1832} INFO - Sync 1 DAGs
[2022-02-12 14:24:59,037] {logging_mixin.py:104} INFO - [2022-02-12 14:24:59,037] {dag.py:2305} INFO - Setting next_dagrun for example_task_group to 2022-02-10 00:00:00+00:00
[2022-02-12 14:24:59,195] {scheduler_job.py:190} INFO - Processing /home/agalli/sandbox/lib/python3.6/site-packages/airflow/example_dags/example_task_group.py took 0.286 seconds
[2022-02-12 14:25:29,865] {scheduler_job.py:182} INFO - Started process (PID=9199) to work on /home/agalli/sandbox/lib/python3.6/site-packages/airflow/example_dags/example_task_group.py
[2022-02-12 14:25:29,867] {scheduler_job.py:633} INFO - Processing file /home/agalli/sandbox/lib/python3.6/site-packages/airflow/example_dags/example_task_group.py for tasks to queue
[2022-02-12 14:25:29,870] {logging_mixin.py:104} INFO - [2022-02-12 14:25:29,870] {dagbag.py:487} INFO - Filling up the DagBag from /home/agalli/sandbox/lib/python3.6/site-packages/airflow/example_dags/example_task_group.py
[2022-02-12 14:25:29,893] {scheduler_job.py:643} INFO - DAG(s) dict_keys(['example_task_group']) retrieved from /home/agalli/sandbox/lib/python3.6/site-packages/airflow/example_dags/example_task_group.py
[2022-02-12 14:25:29,929] {logging_mixin.py:104} INFO - [2022-02-12 14:25:29,929] {dag.py:1832} INFO - Sync 1 DAGs
[2022-02-12 14:25:29,961] {logging_mixin.py:104} INFO - [2022-02-12 14:25:29,960] {dag.py:2305} INFO - Setting next_dagrun for example_task_group to 2022-02-10 00:00:00+00:00
[2022-02-12 14:25:29,981] {scheduler_job.py:190} INFO - Processing /home/agalli/sandbox/lib/python3.6/site-packages/airflow/example_dags/example_task_group.py took 0.119 seconds
[2022-02-12 14:26:00,248] {scheduler_job.py:182} INFO - Started process (PID=9394) to work on /home/agalli/sandbox/lib/python3.6/site-packages/airflow/example_dags/example_task_group.py
[2022-02-12 14:26:00,258] {scheduler_job.py:633} INFO - Processing file /home/agalli/sandbox/lib/python3.6/site-packages/airflow/example_dags/example_task_group.py for tasks to queue
[2022-02-12 14:26:00,259] {logging_mixin.py:104} INFO - [2022-02-12 14:26:00,259] {dagbag.py:487} INFO - Filling up the DagBag from /home/agalli/sandbox/lib/python3.6/site-packages/airflow/example_dags/example_task_group.py
[2022-02-12 14:26:00,283] {scheduler_job.py:643} INFO - DAG(s) dict_keys(['example_task_group']) retrieved from /home/agalli/sandbox/lib/python3.6/site-packages/airflow/example_dags/example_task_group.py
[2022-02-12 14:26:00,323] {logging_mixin.py:104} INFO - [2022-02-12 14:26:00,323] {dag.py:1832} INFO - Sync 1 DAGs
[2022-02-12 14:26:00,351] {logging_mixin.py:104} INFO - [2022-02-12 14:26:00,350] {dag.py:2305} INFO - Setting next_dagrun for example_task_group to 2022-02-10 00:00:00+00:00
[2022-02-12 14:26:00,368] {scheduler_job.py:190} INFO - Processing /home/agalli/sandbox/lib/python3.6/site-packages/airflow/example_dags/example_task_group.py took 0.126 seconds
[2022-02-12 14:26:30,498] {scheduler_job.py:182} INFO - Started process (PID=9588) to work on /home/agalli/sandbox/lib/python3.6/site-packages/airflow/example_dags/example_task_group.py
[2022-02-12 14:26:30,504] {scheduler_job.py:633} INFO - Processing file /home/agalli/sandbox/lib/python3.6/site-packages/airflow/example_dags/example_task_group.py for tasks to queue
[2022-02-12 14:26:30,505] {logging_mixin.py:104} INFO - [2022-02-12 14:26:30,505] {dagbag.py:487} INFO - Filling up the DagBag from /home/agalli/sandbox/lib/python3.6/site-packages/airflow/example_dags/example_task_group.py
[2022-02-12 14:26:30,523] {scheduler_job.py:643} INFO - DAG(s) dict_keys(['example_task_group']) retrieved from /home/agalli/sandbox/lib/python3.6/site-packages/airflow/example_dags/example_task_group.py
[2022-02-12 14:26:30,554] {logging_mixin.py:104} INFO - [2022-02-12 14:26:30,554] {dag.py:1832} INFO - Sync 1 DAGs
[2022-02-12 14:26:30,570] {logging_mixin.py:104} INFO - [2022-02-12 14:26:30,570] {dag.py:2305} INFO - Setting next_dagrun for example_task_group to 2022-02-10 00:00:00+00:00
[2022-02-12 14:26:30,581] {scheduler_job.py:190} INFO - Processing /home/agalli/sandbox/lib/python3.6/site-packages/airflow/example_dags/example_task_group.py took 0.088 seconds
[2022-02-12 14:27:00,767] {scheduler_job.py:182} INFO - Started process (PID=9790) to work on /home/agalli/sandbox/lib/python3.6/site-packages/airflow/example_dags/example_task_group.py
[2022-02-12 14:27:00,771] {scheduler_job.py:633} INFO - Processing file /home/agalli/sandbox/lib/python3.6/site-packages/airflow/example_dags/example_task_group.py for tasks to queue
[2022-02-12 14:27:00,772] {logging_mixin.py:104} INFO - [2022-02-12 14:27:00,772] {dagbag.py:487} INFO - Filling up the DagBag from /home/agalli/sandbox/lib/python3.6/site-packages/airflow/example_dags/example_task_group.py
[2022-02-12 14:27:00,797] {scheduler_job.py:643} INFO - DAG(s) dict_keys(['example_task_group']) retrieved from /home/agalli/sandbox/lib/python3.6/site-packages/airflow/example_dags/example_task_group.py
[2022-02-12 14:27:00,831] {logging_mixin.py:104} INFO - [2022-02-12 14:27:00,831] {dag.py:1832} INFO - Sync 1 DAGs
[2022-02-12 14:27:00,850] {logging_mixin.py:104} INFO - [2022-02-12 14:27:00,849] {dag.py:2305} INFO - Setting next_dagrun for example_task_group to 2022-02-10 00:00:00+00:00
[2022-02-12 14:27:00,868] {scheduler_job.py:190} INFO - Processing /home/agalli/sandbox/lib/python3.6/site-packages/airflow/example_dags/example_task_group.py took 0.120 seconds
[2022-02-12 14:27:31,722] {scheduler_job.py:182} INFO - Started process (PID=9992) to work on /home/agalli/sandbox/lib/python3.6/site-packages/airflow/example_dags/example_task_group.py
[2022-02-12 14:27:31,723] {scheduler_job.py:633} INFO - Processing file /home/agalli/sandbox/lib/python3.6/site-packages/airflow/example_dags/example_task_group.py for tasks to queue
[2022-02-12 14:27:31,724] {logging_mixin.py:104} INFO - [2022-02-12 14:27:31,724] {dagbag.py:487} INFO - Filling up the DagBag from /home/agalli/sandbox/lib/python3.6/site-packages/airflow/example_dags/example_task_group.py
[2022-02-12 14:27:31,743] {scheduler_job.py:643} INFO - DAG(s) dict_keys(['example_task_group']) retrieved from /home/agalli/sandbox/lib/python3.6/site-packages/airflow/example_dags/example_task_group.py
[2022-02-12 14:27:31,772] {logging_mixin.py:104} INFO - [2022-02-12 14:27:31,772] {dag.py:1832} INFO - Sync 1 DAGs
[2022-02-12 14:27:31,790] {logging_mixin.py:104} INFO - [2022-02-12 14:27:31,789] {dag.py:2305} INFO - Setting next_dagrun for example_task_group to 2022-02-10 00:00:00+00:00
[2022-02-12 14:27:31,800] {scheduler_job.py:190} INFO - Processing /home/agalli/sandbox/lib/python3.6/site-packages/airflow/example_dags/example_task_group.py took 0.083 seconds
[2022-02-12 14:28:02,081] {scheduler_job.py:182} INFO - Started process (PID=10197) to work on /home/agalli/sandbox/lib/python3.6/site-packages/airflow/example_dags/example_task_group.py
[2022-02-12 14:28:02,082] {scheduler_job.py:633} INFO - Processing file /home/agalli/sandbox/lib/python3.6/site-packages/airflow/example_dags/example_task_group.py for tasks to queue
[2022-02-12 14:28:02,083] {logging_mixin.py:104} INFO - [2022-02-12 14:28:02,083] {dagbag.py:487} INFO - Filling up the DagBag from /home/agalli/sandbox/lib/python3.6/site-packages/airflow/example_dags/example_task_group.py
[2022-02-12 14:28:02,097] {scheduler_job.py:643} INFO - DAG(s) dict_keys(['example_task_group']) retrieved from /home/agalli/sandbox/lib/python3.6/site-packages/airflow/example_dags/example_task_group.py
[2022-02-12 14:28:02,127] {logging_mixin.py:104} INFO - [2022-02-12 14:28:02,127] {dag.py:1832} INFO - Sync 1 DAGs
[2022-02-12 14:28:02,144] {logging_mixin.py:104} INFO - [2022-02-12 14:28:02,144] {dag.py:2305} INFO - Setting next_dagrun for example_task_group to 2022-02-10 00:00:00+00:00
[2022-02-12 14:28:02,155] {scheduler_job.py:190} INFO - Processing /home/agalli/sandbox/lib/python3.6/site-packages/airflow/example_dags/example_task_group.py took 0.078 seconds
[2022-02-12 14:28:32,601] {scheduler_job.py:182} INFO - Started process (PID=10397) to work on /home/agalli/sandbox/lib/python3.6/site-packages/airflow/example_dags/example_task_group.py
[2022-02-12 14:28:32,603] {scheduler_job.py:633} INFO - Processing file /home/agalli/sandbox/lib/python3.6/site-packages/airflow/example_dags/example_task_group.py for tasks to queue
[2022-02-12 14:28:32,604] {logging_mixin.py:104} INFO - [2022-02-12 14:28:32,604] {dagbag.py:487} INFO - Filling up the DagBag from /home/agalli/sandbox/lib/python3.6/site-packages/airflow/example_dags/example_task_group.py
[2022-02-12 14:28:32,624] {scheduler_job.py:643} INFO - DAG(s) dict_keys(['example_task_group']) retrieved from /home/agalli/sandbox/lib/python3.6/site-packages/airflow/example_dags/example_task_group.py
[2022-02-12 14:28:32,651] {logging_mixin.py:104} INFO - [2022-02-12 14:28:32,651] {dag.py:1832} INFO - Sync 1 DAGs
[2022-02-12 14:28:32,666] {logging_mixin.py:104} INFO - [2022-02-12 14:28:32,666] {dag.py:2305} INFO - Setting next_dagrun for example_task_group to 2022-02-10 00:00:00+00:00
[2022-02-12 14:28:32,676] {scheduler_job.py:190} INFO - Processing /home/agalli/sandbox/lib/python3.6/site-packages/airflow/example_dags/example_task_group.py took 0.080 seconds
[2022-02-12 14:29:02,866] {scheduler_job.py:182} INFO - Started process (PID=10599) to work on /home/agalli/sandbox/lib/python3.6/site-packages/airflow/example_dags/example_task_group.py
[2022-02-12 14:29:02,868] {scheduler_job.py:633} INFO - Processing file /home/agalli/sandbox/lib/python3.6/site-packages/airflow/example_dags/example_task_group.py for tasks to queue
[2022-02-12 14:29:02,868] {logging_mixin.py:104} INFO - [2022-02-12 14:29:02,868] {dagbag.py:487} INFO - Filling up the DagBag from /home/agalli/sandbox/lib/python3.6/site-packages/airflow/example_dags/example_task_group.py
[2022-02-12 14:29:02,920] {scheduler_job.py:643} INFO - DAG(s) dict_keys(['example_task_group']) retrieved from /home/agalli/sandbox/lib/python3.6/site-packages/airflow/example_dags/example_task_group.py
[2022-02-12 14:29:02,989] {logging_mixin.py:104} INFO - [2022-02-12 14:29:02,989] {dag.py:1832} INFO - Sync 1 DAGs
[2022-02-12 14:29:03,038] {logging_mixin.py:104} INFO - [2022-02-12 14:29:03,037] {dag.py:2305} INFO - Setting next_dagrun for example_task_group to 2022-02-10 00:00:00+00:00
[2022-02-12 14:29:03,073] {scheduler_job.py:190} INFO - Processing /home/agalli/sandbox/lib/python3.6/site-packages/airflow/example_dags/example_task_group.py took 0.213 seconds
[2022-02-12 14:29:33,652] {scheduler_job.py:182} INFO - Started process (PID=10794) to work on /home/agalli/sandbox/lib/python3.6/site-packages/airflow/example_dags/example_task_group.py
[2022-02-12 14:29:33,654] {scheduler_job.py:633} INFO - Processing file /home/agalli/sandbox/lib/python3.6/site-packages/airflow/example_dags/example_task_group.py for tasks to queue
[2022-02-12 14:29:33,656] {logging_mixin.py:104} INFO - [2022-02-12 14:29:33,655] {dagbag.py:487} INFO - Filling up the DagBag from /home/agalli/sandbox/lib/python3.6/site-packages/airflow/example_dags/example_task_group.py
[2022-02-12 14:29:33,674] {scheduler_job.py:643} INFO - DAG(s) dict_keys(['example_task_group']) retrieved from /home/agalli/sandbox/lib/python3.6/site-packages/airflow/example_dags/example_task_group.py
[2022-02-12 14:29:33,707] {logging_mixin.py:104} INFO - [2022-02-12 14:29:33,707] {dag.py:1832} INFO - Sync 1 DAGs
[2022-02-12 14:29:33,729] {logging_mixin.py:104} INFO - [2022-02-12 14:29:33,729] {dag.py:2305} INFO - Setting next_dagrun for example_task_group to 2022-02-10 00:00:00+00:00
[2022-02-12 14:29:33,744] {scheduler_job.py:190} INFO - Processing /home/agalli/sandbox/lib/python3.6/site-packages/airflow/example_dags/example_task_group.py took 0.095 seconds
[2022-02-12 14:30:04,722] {scheduler_job.py:182} INFO - Started process (PID=11003) to work on /home/agalli/sandbox/lib/python3.6/site-packages/airflow/example_dags/example_task_group.py
[2022-02-12 14:30:04,723] {scheduler_job.py:633} INFO - Processing file /home/agalli/sandbox/lib/python3.6/site-packages/airflow/example_dags/example_task_group.py for tasks to queue
[2022-02-12 14:30:04,724] {logging_mixin.py:104} INFO - [2022-02-12 14:30:04,724] {dagbag.py:487} INFO - Filling up the DagBag from /home/agalli/sandbox/lib/python3.6/site-packages/airflow/example_dags/example_task_group.py
[2022-02-12 14:30:04,759] {scheduler_job.py:643} INFO - DAG(s) dict_keys(['example_task_group']) retrieved from /home/agalli/sandbox/lib/python3.6/site-packages/airflow/example_dags/example_task_group.py
[2022-02-12 14:30:04,806] {logging_mixin.py:104} INFO - [2022-02-12 14:30:04,806] {dag.py:1832} INFO - Sync 1 DAGs
[2022-02-12 14:30:04,829] {logging_mixin.py:104} INFO - [2022-02-12 14:30:04,828] {dag.py:2305} INFO - Setting next_dagrun for example_task_group to 2022-02-10 00:00:00+00:00
[2022-02-12 14:30:04,853] {scheduler_job.py:190} INFO - Processing /home/agalli/sandbox/lib/python3.6/site-packages/airflow/example_dags/example_task_group.py took 0.136 seconds
[2022-02-12 14:52:13,325] {scheduler_job.py:182} INFO - Started process (PID=14455) to work on /home/agalli/sandbox/lib/python3.6/site-packages/airflow/example_dags/example_task_group.py
[2022-02-12 14:52:13,329] {scheduler_job.py:633} INFO - Processing file /home/agalli/sandbox/lib/python3.6/site-packages/airflow/example_dags/example_task_group.py for tasks to queue
[2022-02-12 14:52:13,343] {logging_mixin.py:104} INFO - [2022-02-12 14:52:13,342] {dagbag.py:487} INFO - Filling up the DagBag from /home/agalli/sandbox/lib/python3.6/site-packages/airflow/example_dags/example_task_group.py
[2022-02-12 14:52:13,529] {scheduler_job.py:643} INFO - DAG(s) dict_keys(['example_task_group']) retrieved from /home/agalli/sandbox/lib/python3.6/site-packages/airflow/example_dags/example_task_group.py
[2022-02-12 14:52:13,877] {logging_mixin.py:104} INFO - [2022-02-12 14:52:13,877] {dag.py:1832} INFO - Sync 1 DAGs
[2022-02-12 14:52:14,149] {logging_mixin.py:104} INFO - [2022-02-12 14:52:14,136] {dag.py:2305} INFO - Setting next_dagrun for example_task_group to 2022-02-10 00:00:00+00:00
[2022-02-12 14:52:14,439] {scheduler_job.py:190} INFO - Processing /home/agalli/sandbox/lib/python3.6/site-packages/airflow/example_dags/example_task_group.py took 1.133 seconds
[2022-02-12 14:52:44,757] {scheduler_job.py:182} INFO - Started process (PID=14615) to work on /home/agalli/sandbox/lib/python3.6/site-packages/airflow/example_dags/example_task_group.py
[2022-02-12 14:52:44,761] {scheduler_job.py:633} INFO - Processing file /home/agalli/sandbox/lib/python3.6/site-packages/airflow/example_dags/example_task_group.py for tasks to queue
[2022-02-12 14:52:44,771] {logging_mixin.py:104} INFO - [2022-02-12 14:52:44,771] {dagbag.py:487} INFO - Filling up the DagBag from /home/agalli/sandbox/lib/python3.6/site-packages/airflow/example_dags/example_task_group.py
[2022-02-12 14:52:44,824] {scheduler_job.py:643} INFO - DAG(s) dict_keys(['example_task_group']) retrieved from /home/agalli/sandbox/lib/python3.6/site-packages/airflow/example_dags/example_task_group.py
[2022-02-12 14:52:44,893] {logging_mixin.py:104} INFO - [2022-02-12 14:52:44,892] {dag.py:1832} INFO - Sync 1 DAGs
[2022-02-12 14:52:44,936] {logging_mixin.py:104} INFO - [2022-02-12 14:52:44,936] {dag.py:2305} INFO - Setting next_dagrun for example_task_group to 2022-02-10 00:00:00+00:00
[2022-02-12 14:52:44,967] {scheduler_job.py:190} INFO - Processing /home/agalli/sandbox/lib/python3.6/site-packages/airflow/example_dags/example_task_group.py took 0.222 seconds
[2022-02-12 14:53:15,138] {scheduler_job.py:182} INFO - Started process (PID=14805) to work on /home/agalli/sandbox/lib/python3.6/site-packages/airflow/example_dags/example_task_group.py
[2022-02-12 14:53:15,139] {scheduler_job.py:633} INFO - Processing file /home/agalli/sandbox/lib/python3.6/site-packages/airflow/example_dags/example_task_group.py for tasks to queue
[2022-02-12 14:53:15,139] {logging_mixin.py:104} INFO - [2022-02-12 14:53:15,139] {dagbag.py:487} INFO - Filling up the DagBag from /home/agalli/sandbox/lib/python3.6/site-packages/airflow/example_dags/example_task_group.py
[2022-02-12 14:53:15,154] {scheduler_job.py:643} INFO - DAG(s) dict_keys(['example_task_group']) retrieved from /home/agalli/sandbox/lib/python3.6/site-packages/airflow/example_dags/example_task_group.py
[2022-02-12 14:53:15,182] {logging_mixin.py:104} INFO - [2022-02-12 14:53:15,182] {dag.py:1832} INFO - Sync 1 DAGs
[2022-02-12 14:53:15,203] {logging_mixin.py:104} INFO - [2022-02-12 14:53:15,203] {dag.py:2305} INFO - Setting next_dagrun for example_task_group to 2022-02-10 00:00:00+00:00
[2022-02-12 14:53:15,222] {scheduler_job.py:190} INFO - Processing /home/agalli/sandbox/lib/python3.6/site-packages/airflow/example_dags/example_task_group.py took 0.088 seconds
[2022-02-12 14:53:45,479] {scheduler_job.py:182} INFO - Started process (PID=15656) to work on /home/agalli/sandbox/lib/python3.6/site-packages/airflow/example_dags/example_task_group.py
[2022-02-12 14:53:45,488] {scheduler_job.py:633} INFO - Processing file /home/agalli/sandbox/lib/python3.6/site-packages/airflow/example_dags/example_task_group.py for tasks to queue
[2022-02-12 14:53:45,490] {logging_mixin.py:104} INFO - [2022-02-12 14:53:45,489] {dagbag.py:487} INFO - Filling up the DagBag from /home/agalli/sandbox/lib/python3.6/site-packages/airflow/example_dags/example_task_group.py
[2022-02-12 14:53:45,531] {scheduler_job.py:643} INFO - DAG(s) dict_keys(['example_task_group']) retrieved from /home/agalli/sandbox/lib/python3.6/site-packages/airflow/example_dags/example_task_group.py
[2022-02-12 14:53:45,619] {logging_mixin.py:104} INFO - [2022-02-12 14:53:45,619] {dag.py:1832} INFO - Sync 1 DAGs
[2022-02-12 14:53:45,701] {logging_mixin.py:104} INFO - [2022-02-12 14:53:45,701] {dag.py:2305} INFO - Setting next_dagrun for example_task_group to 2022-02-10 00:00:00+00:00
[2022-02-12 14:53:45,806] {scheduler_job.py:190} INFO - Processing /home/agalli/sandbox/lib/python3.6/site-packages/airflow/example_dags/example_task_group.py took 0.348 seconds
[2022-02-12 14:54:15,877] {scheduler_job.py:182} INFO - Started process (PID=15803) to work on /home/agalli/sandbox/lib/python3.6/site-packages/airflow/example_dags/example_task_group.py
[2022-02-12 14:54:15,880] {scheduler_job.py:633} INFO - Processing file /home/agalli/sandbox/lib/python3.6/site-packages/airflow/example_dags/example_task_group.py for tasks to queue
[2022-02-12 14:54:15,881] {logging_mixin.py:104} INFO - [2022-02-12 14:54:15,881] {dagbag.py:487} INFO - Filling up the DagBag from /home/agalli/sandbox/lib/python3.6/site-packages/airflow/example_dags/example_task_group.py
[2022-02-12 14:54:15,916] {scheduler_job.py:643} INFO - DAG(s) dict_keys(['example_task_group']) retrieved from /home/agalli/sandbox/lib/python3.6/site-packages/airflow/example_dags/example_task_group.py
[2022-02-12 14:54:15,954] {logging_mixin.py:104} INFO - [2022-02-12 14:54:15,954] {dag.py:1832} INFO - Sync 1 DAGs
[2022-02-12 14:54:15,978] {logging_mixin.py:104} INFO - [2022-02-12 14:54:15,978] {dag.py:2305} INFO - Setting next_dagrun for example_task_group to 2022-02-10 00:00:00+00:00
[2022-02-12 14:54:15,996] {scheduler_job.py:190} INFO - Processing /home/agalli/sandbox/lib/python3.6/site-packages/airflow/example_dags/example_task_group.py took 0.132 seconds
[2022-02-12 14:54:46,439] {scheduler_job.py:182} INFO - Started process (PID=15913) to work on /home/agalli/sandbox/lib/python3.6/site-packages/airflow/example_dags/example_task_group.py
[2022-02-12 14:54:46,441] {scheduler_job.py:633} INFO - Processing file /home/agalli/sandbox/lib/python3.6/site-packages/airflow/example_dags/example_task_group.py for tasks to queue
[2022-02-12 14:54:46,442] {logging_mixin.py:104} INFO - [2022-02-12 14:54:46,442] {dagbag.py:487} INFO - Filling up the DagBag from /home/agalli/sandbox/lib/python3.6/site-packages/airflow/example_dags/example_task_group.py
[2022-02-12 14:54:46,498] {scheduler_job.py:643} INFO - DAG(s) dict_keys(['example_task_group']) retrieved from /home/agalli/sandbox/lib/python3.6/site-packages/airflow/example_dags/example_task_group.py
[2022-02-12 14:54:46,618] {logging_mixin.py:104} INFO - [2022-02-12 14:54:46,618] {dag.py:1832} INFO - Sync 1 DAGs
[2022-02-12 14:54:46,668] {logging_mixin.py:104} INFO - [2022-02-12 14:54:46,667] {dag.py:2305} INFO - Setting next_dagrun for example_task_group to 2022-02-10 00:00:00+00:00
[2022-02-12 14:54:46,714] {scheduler_job.py:190} INFO - Processing /home/agalli/sandbox/lib/python3.6/site-packages/airflow/example_dags/example_task_group.py took 0.289 seconds
[2022-02-12 14:55:16,834] {scheduler_job.py:182} INFO - Started process (PID=16023) to work on /home/agalli/sandbox/lib/python3.6/site-packages/airflow/example_dags/example_task_group.py
[2022-02-12 14:55:16,835] {scheduler_job.py:633} INFO - Processing file /home/agalli/sandbox/lib/python3.6/site-packages/airflow/example_dags/example_task_group.py for tasks to queue
[2022-02-12 14:55:16,836] {logging_mixin.py:104} INFO - [2022-02-12 14:55:16,836] {dagbag.py:487} INFO - Filling up the DagBag from /home/agalli/sandbox/lib/python3.6/site-packages/airflow/example_dags/example_task_group.py
[2022-02-12 14:55:16,850] {scheduler_job.py:643} INFO - DAG(s) dict_keys(['example_task_group']) retrieved from /home/agalli/sandbox/lib/python3.6/site-packages/airflow/example_dags/example_task_group.py
[2022-02-12 14:55:16,876] {logging_mixin.py:104} INFO - [2022-02-12 14:55:16,876] {dag.py:1832} INFO - Sync 1 DAGs
[2022-02-12 14:55:16,893] {logging_mixin.py:104} INFO - [2022-02-12 14:55:16,893] {dag.py:2305} INFO - Setting next_dagrun for example_task_group to 2022-02-10 00:00:00+00:00
[2022-02-12 14:55:16,905] {scheduler_job.py:190} INFO - Processing /home/agalli/sandbox/lib/python3.6/site-packages/airflow/example_dags/example_task_group.py took 0.076 seconds
[2022-02-12 14:56:38,830] {scheduler_job.py:182} INFO - Started process (PID=16391) to work on /home/agalli/sandbox/lib/python3.6/site-packages/airflow/example_dags/example_task_group.py
[2022-02-12 14:56:38,833] {scheduler_job.py:633} INFO - Processing file /home/agalli/sandbox/lib/python3.6/site-packages/airflow/example_dags/example_task_group.py for tasks to queue
[2022-02-12 14:56:38,835] {logging_mixin.py:104} INFO - [2022-02-12 14:56:38,835] {dagbag.py:487} INFO - Filling up the DagBag from /home/agalli/sandbox/lib/python3.6/site-packages/airflow/example_dags/example_task_group.py
[2022-02-12 14:56:38,889] {scheduler_job.py:643} INFO - DAG(s) dict_keys(['example_task_group']) retrieved from /home/agalli/sandbox/lib/python3.6/site-packages/airflow/example_dags/example_task_group.py
[2022-02-12 14:56:38,985] {logging_mixin.py:104} INFO - [2022-02-12 14:56:38,985] {dag.py:1832} INFO - Sync 1 DAGs
[2022-02-12 14:56:39,054] {logging_mixin.py:104} INFO - [2022-02-12 14:56:39,054] {dag.py:2305} INFO - Setting next_dagrun for example_task_group to 2022-02-10 00:00:00+00:00
[2022-02-12 14:56:39,089] {scheduler_job.py:190} INFO - Processing /home/agalli/sandbox/lib/python3.6/site-packages/airflow/example_dags/example_task_group.py took 0.267 seconds
[2022-02-12 14:57:10,056] {scheduler_job.py:182} INFO - Started process (PID=16487) to work on /home/agalli/sandbox/lib/python3.6/site-packages/airflow/example_dags/example_task_group.py
[2022-02-12 14:57:10,059] {scheduler_job.py:633} INFO - Processing file /home/agalli/sandbox/lib/python3.6/site-packages/airflow/example_dags/example_task_group.py for tasks to queue
[2022-02-12 14:57:10,060] {logging_mixin.py:104} INFO - [2022-02-12 14:57:10,060] {dagbag.py:487} INFO - Filling up the DagBag from /home/agalli/sandbox/lib/python3.6/site-packages/airflow/example_dags/example_task_group.py
[2022-02-12 14:57:10,119] {scheduler_job.py:643} INFO - DAG(s) dict_keys(['example_task_group']) retrieved from /home/agalli/sandbox/lib/python3.6/site-packages/airflow/example_dags/example_task_group.py
[2022-02-12 14:57:10,187] {logging_mixin.py:104} INFO - [2022-02-12 14:57:10,187] {dag.py:1832} INFO - Sync 1 DAGs
[2022-02-12 14:57:10,234] {logging_mixin.py:104} INFO - [2022-02-12 14:57:10,233] {dag.py:2305} INFO - Setting next_dagrun for example_task_group to 2022-02-10 00:00:00+00:00
[2022-02-12 14:57:10,278] {scheduler_job.py:190} INFO - Processing /home/agalli/sandbox/lib/python3.6/site-packages/airflow/example_dags/example_task_group.py took 0.237 seconds
[2022-02-12 14:57:40,806] {scheduler_job.py:182} INFO - Started process (PID=16682) to work on /home/agalli/sandbox/lib/python3.6/site-packages/airflow/example_dags/example_task_group.py
[2022-02-12 14:57:40,807] {scheduler_job.py:633} INFO - Processing file /home/agalli/sandbox/lib/python3.6/site-packages/airflow/example_dags/example_task_group.py for tasks to queue
[2022-02-12 14:57:40,808] {logging_mixin.py:104} INFO - [2022-02-12 14:57:40,808] {dagbag.py:487} INFO - Filling up the DagBag from /home/agalli/sandbox/lib/python3.6/site-packages/airflow/example_dags/example_task_group.py
[2022-02-12 14:57:40,828] {scheduler_job.py:643} INFO - DAG(s) dict_keys(['example_task_group']) retrieved from /home/agalli/sandbox/lib/python3.6/site-packages/airflow/example_dags/example_task_group.py
[2022-02-12 14:57:40,855] {logging_mixin.py:104} INFO - [2022-02-12 14:57:40,855] {dag.py:1832} INFO - Sync 1 DAGs
[2022-02-12 14:57:40,872] {logging_mixin.py:104} INFO - [2022-02-12 14:57:40,872] {dag.py:2305} INFO - Setting next_dagrun for example_task_group to 2022-02-10 00:00:00+00:00
[2022-02-12 14:57:40,883] {scheduler_job.py:190} INFO - Processing /home/agalli/sandbox/lib/python3.6/site-packages/airflow/example_dags/example_task_group.py took 0.082 seconds
[2022-02-12 14:58:12,092] {scheduler_job.py:182} INFO - Started process (PID=16752) to work on /home/agalli/sandbox/lib/python3.6/site-packages/airflow/example_dags/example_task_group.py
[2022-02-12 14:58:12,094] {scheduler_job.py:633} INFO - Processing file /home/agalli/sandbox/lib/python3.6/site-packages/airflow/example_dags/example_task_group.py for tasks to queue
[2022-02-12 14:58:12,095] {logging_mixin.py:104} INFO - [2022-02-12 14:58:12,094] {dagbag.py:487} INFO - Filling up the DagBag from /home/agalli/sandbox/lib/python3.6/site-packages/airflow/example_dags/example_task_group.py
[2022-02-12 14:58:12,112] {scheduler_job.py:643} INFO - DAG(s) dict_keys(['example_task_group']) retrieved from /home/agalli/sandbox/lib/python3.6/site-packages/airflow/example_dags/example_task_group.py
[2022-02-12 14:58:12,147] {logging_mixin.py:104} INFO - [2022-02-12 14:58:12,147] {dag.py:1832} INFO - Sync 1 DAGs
[2022-02-12 14:58:12,170] {logging_mixin.py:104} INFO - [2022-02-12 14:58:12,170] {dag.py:2305} INFO - Setting next_dagrun for example_task_group to 2022-02-10 00:00:00+00:00
[2022-02-12 14:58:12,194] {scheduler_job.py:190} INFO - Processing /home/agalli/sandbox/lib/python3.6/site-packages/airflow/example_dags/example_task_group.py took 0.106 seconds
[2022-02-12 14:58:42,525] {scheduler_job.py:182} INFO - Started process (PID=16822) to work on /home/agalli/sandbox/lib/python3.6/site-packages/airflow/example_dags/example_task_group.py
[2022-02-12 14:58:42,527] {scheduler_job.py:633} INFO - Processing file /home/agalli/sandbox/lib/python3.6/site-packages/airflow/example_dags/example_task_group.py for tasks to queue
[2022-02-12 14:58:42,528] {logging_mixin.py:104} INFO - [2022-02-12 14:58:42,528] {dagbag.py:487} INFO - Filling up the DagBag from /home/agalli/sandbox/lib/python3.6/site-packages/airflow/example_dags/example_task_group.py
[2022-02-12 14:58:42,548] {scheduler_job.py:643} INFO - DAG(s) dict_keys(['example_task_group']) retrieved from /home/agalli/sandbox/lib/python3.6/site-packages/airflow/example_dags/example_task_group.py
[2022-02-12 14:58:42,583] {logging_mixin.py:104} INFO - [2022-02-12 14:58:42,583] {dag.py:1832} INFO - Sync 1 DAGs
[2022-02-12 14:58:42,610] {logging_mixin.py:104} INFO - [2022-02-12 14:58:42,610] {dag.py:2305} INFO - Setting next_dagrun for example_task_group to 2022-02-10 00:00:00+00:00
[2022-02-12 14:58:42,626] {scheduler_job.py:190} INFO - Processing /home/agalli/sandbox/lib/python3.6/site-packages/airflow/example_dags/example_task_group.py took 0.107 seconds
[2022-02-12 14:59:13,444] {scheduler_job.py:182} INFO - Started process (PID=16892) to work on /home/agalli/sandbox/lib/python3.6/site-packages/airflow/example_dags/example_task_group.py
[2022-02-12 14:59:13,445] {scheduler_job.py:633} INFO - Processing file /home/agalli/sandbox/lib/python3.6/site-packages/airflow/example_dags/example_task_group.py for tasks to queue
[2022-02-12 14:59:13,447] {logging_mixin.py:104} INFO - [2022-02-12 14:59:13,446] {dagbag.py:487} INFO - Filling up the DagBag from /home/agalli/sandbox/lib/python3.6/site-packages/airflow/example_dags/example_task_group.py
[2022-02-12 14:59:13,476] {scheduler_job.py:643} INFO - DAG(s) dict_keys(['example_task_group']) retrieved from /home/agalli/sandbox/lib/python3.6/site-packages/airflow/example_dags/example_task_group.py
[2022-02-12 14:59:13,539] {logging_mixin.py:104} INFO - [2022-02-12 14:59:13,539] {dag.py:1832} INFO - Sync 1 DAGs
[2022-02-12 14:59:13,586] {logging_mixin.py:104} INFO - [2022-02-12 14:59:13,586] {dag.py:2305} INFO - Setting next_dagrun for example_task_group to 2022-02-10 00:00:00+00:00
[2022-02-12 14:59:13,612] {scheduler_job.py:190} INFO - Processing /home/agalli/sandbox/lib/python3.6/site-packages/airflow/example_dags/example_task_group.py took 0.173 seconds
[2022-02-12 14:59:44,007] {scheduler_job.py:182} INFO - Started process (PID=16962) to work on /home/agalli/sandbox/lib/python3.6/site-packages/airflow/example_dags/example_task_group.py
[2022-02-12 14:59:44,008] {scheduler_job.py:633} INFO - Processing file /home/agalli/sandbox/lib/python3.6/site-packages/airflow/example_dags/example_task_group.py for tasks to queue
[2022-02-12 14:59:44,010] {logging_mixin.py:104} INFO - [2022-02-12 14:59:44,010] {dagbag.py:487} INFO - Filling up the DagBag from /home/agalli/sandbox/lib/python3.6/site-packages/airflow/example_dags/example_task_group.py
[2022-02-12 14:59:44,035] {scheduler_job.py:643} INFO - DAG(s) dict_keys(['example_task_group']) retrieved from /home/agalli/sandbox/lib/python3.6/site-packages/airflow/example_dags/example_task_group.py
[2022-02-12 14:59:44,077] {logging_mixin.py:104} INFO - [2022-02-12 14:59:44,077] {dag.py:1832} INFO - Sync 1 DAGs
[2022-02-12 14:59:44,103] {logging_mixin.py:104} INFO - [2022-02-12 14:59:44,103] {dag.py:2305} INFO - Setting next_dagrun for example_task_group to 2022-02-10 00:00:00+00:00
[2022-02-12 14:59:44,127] {scheduler_job.py:190} INFO - Processing /home/agalli/sandbox/lib/python3.6/site-packages/airflow/example_dags/example_task_group.py took 0.124 seconds
[2022-02-12 15:00:15,432] {scheduler_job.py:182} INFO - Started process (PID=17031) to work on /home/agalli/sandbox/lib/python3.6/site-packages/airflow/example_dags/example_task_group.py
[2022-02-12 15:00:15,435] {scheduler_job.py:633} INFO - Processing file /home/agalli/sandbox/lib/python3.6/site-packages/airflow/example_dags/example_task_group.py for tasks to queue
[2022-02-12 15:00:15,437] {logging_mixin.py:104} INFO - [2022-02-12 15:00:15,436] {dagbag.py:487} INFO - Filling up the DagBag from /home/agalli/sandbox/lib/python3.6/site-packages/airflow/example_dags/example_task_group.py
[2022-02-12 15:00:15,467] {scheduler_job.py:643} INFO - DAG(s) dict_keys(['example_task_group']) retrieved from /home/agalli/sandbox/lib/python3.6/site-packages/airflow/example_dags/example_task_group.py
[2022-02-12 15:00:15,555] {logging_mixin.py:104} INFO - [2022-02-12 15:00:15,554] {dag.py:1832} INFO - Sync 1 DAGs
[2022-02-12 15:00:15,587] {logging_mixin.py:104} INFO - [2022-02-12 15:00:15,586] {dag.py:2305} INFO - Setting next_dagrun for example_task_group to 2022-02-10 00:00:00+00:00
[2022-02-12 15:00:15,606] {scheduler_job.py:190} INFO - Processing /home/agalli/sandbox/lib/python3.6/site-packages/airflow/example_dags/example_task_group.py took 0.192 seconds
[2022-02-12 15:00:40,685] {scheduler_job.py:182} INFO - Started process (PID=17566) to work on /home/agalli/sandbox/lib/python3.6/site-packages/airflow/example_dags/example_task_group.py
[2022-02-12 15:00:40,714] {scheduler_job.py:633} INFO - Processing file /home/agalli/sandbox/lib/python3.6/site-packages/airflow/example_dags/example_task_group.py for tasks to queue
[2022-02-12 15:00:40,716] {logging_mixin.py:104} INFO - [2022-02-12 15:00:40,716] {dagbag.py:487} INFO - Filling up the DagBag from /home/agalli/sandbox/lib/python3.6/site-packages/airflow/example_dags/example_task_group.py
[2022-02-12 15:00:40,884] {scheduler_job.py:643} INFO - DAG(s) dict_keys(['example_task_group']) retrieved from /home/agalli/sandbox/lib/python3.6/site-packages/airflow/example_dags/example_task_group.py
[2022-02-12 15:00:41,013] {logging_mixin.py:104} INFO - [2022-02-12 15:00:41,013] {dag.py:1832} INFO - Sync 1 DAGs
[2022-02-12 15:00:41,125] {logging_mixin.py:104} INFO - [2022-02-12 15:00:41,124] {dag.py:2305} INFO - Setting next_dagrun for example_task_group to 2022-02-10 00:00:00+00:00
[2022-02-12 15:00:41,377] {scheduler_job.py:190} INFO - Processing /home/agalli/sandbox/lib/python3.6/site-packages/airflow/example_dags/example_task_group.py took 0.713 seconds
[2022-02-12 15:01:12,222] {scheduler_job.py:182} INFO - Started process (PID=17926) to work on /home/agalli/sandbox/lib/python3.6/site-packages/airflow/example_dags/example_task_group.py
[2022-02-12 15:01:12,224] {scheduler_job.py:633} INFO - Processing file /home/agalli/sandbox/lib/python3.6/site-packages/airflow/example_dags/example_task_group.py for tasks to queue
[2022-02-12 15:01:12,225] {logging_mixin.py:104} INFO - [2022-02-12 15:01:12,225] {dagbag.py:487} INFO - Filling up the DagBag from /home/agalli/sandbox/lib/python3.6/site-packages/airflow/example_dags/example_task_group.py
[2022-02-12 15:01:12,239] {scheduler_job.py:643} INFO - DAG(s) dict_keys(['example_task_group']) retrieved from /home/agalli/sandbox/lib/python3.6/site-packages/airflow/example_dags/example_task_group.py
[2022-02-12 15:01:12,270] {logging_mixin.py:104} INFO - [2022-02-12 15:01:12,270] {dag.py:1832} INFO - Sync 1 DAGs
[2022-02-12 15:01:12,293] {logging_mixin.py:104} INFO - [2022-02-12 15:01:12,293] {dag.py:2305} INFO - Setting next_dagrun for example_task_group to 2022-02-10 00:00:00+00:00
[2022-02-12 15:01:12,309] {scheduler_job.py:190} INFO - Processing /home/agalli/sandbox/lib/python3.6/site-packages/airflow/example_dags/example_task_group.py took 0.090 seconds
[2022-02-12 15:01:42,774] {scheduler_job.py:182} INFO - Started process (PID=18128) to work on /home/agalli/sandbox/lib/python3.6/site-packages/airflow/example_dags/example_task_group.py
[2022-02-12 15:01:42,776] {scheduler_job.py:633} INFO - Processing file /home/agalli/sandbox/lib/python3.6/site-packages/airflow/example_dags/example_task_group.py for tasks to queue
[2022-02-12 15:01:42,777] {logging_mixin.py:104} INFO - [2022-02-12 15:01:42,777] {dagbag.py:487} INFO - Filling up the DagBag from /home/agalli/sandbox/lib/python3.6/site-packages/airflow/example_dags/example_task_group.py
[2022-02-12 15:01:42,810] {scheduler_job.py:643} INFO - DAG(s) dict_keys(['example_task_group']) retrieved from /home/agalli/sandbox/lib/python3.6/site-packages/airflow/example_dags/example_task_group.py
[2022-02-12 15:01:42,878] {logging_mixin.py:104} INFO - [2022-02-12 15:01:42,878] {dag.py:1832} INFO - Sync 1 DAGs
[2022-02-12 15:01:42,903] {logging_mixin.py:104} INFO - [2022-02-12 15:01:42,903] {dag.py:2305} INFO - Setting next_dagrun for example_task_group to 2022-02-10 00:00:00+00:00
[2022-02-12 15:01:42,937] {scheduler_job.py:190} INFO - Processing /home/agalli/sandbox/lib/python3.6/site-packages/airflow/example_dags/example_task_group.py took 0.168 seconds
[2022-02-12 15:02:13,691] {scheduler_job.py:182} INFO - Started process (PID=18420) to work on /home/agalli/sandbox/lib/python3.6/site-packages/airflow/example_dags/example_task_group.py
[2022-02-12 15:02:13,698] {scheduler_job.py:633} INFO - Processing file /home/agalli/sandbox/lib/python3.6/site-packages/airflow/example_dags/example_task_group.py for tasks to queue
[2022-02-12 15:02:13,705] {logging_mixin.py:104} INFO - [2022-02-12 15:02:13,704] {dagbag.py:487} INFO - Filling up the DagBag from /home/agalli/sandbox/lib/python3.6/site-packages/airflow/example_dags/example_task_group.py
[2022-02-12 15:02:13,802] {scheduler_job.py:643} INFO - DAG(s) dict_keys(['example_task_group']) retrieved from /home/agalli/sandbox/lib/python3.6/site-packages/airflow/example_dags/example_task_group.py
[2022-02-12 15:02:13,920] {logging_mixin.py:104} INFO - [2022-02-12 15:02:13,919] {dag.py:1832} INFO - Sync 1 DAGs
[2022-02-12 15:02:13,964] {logging_mixin.py:104} INFO - [2022-02-12 15:02:13,963] {dag.py:2305} INFO - Setting next_dagrun for example_task_group to 2022-02-10 00:00:00+00:00
[2022-02-12 15:02:14,019] {scheduler_job.py:190} INFO - Processing /home/agalli/sandbox/lib/python3.6/site-packages/airflow/example_dags/example_task_group.py took 0.361 seconds
[2022-02-12 15:02:44,160] {scheduler_job.py:182} INFO - Started process (PID=18890) to work on /home/agalli/sandbox/lib/python3.6/site-packages/airflow/example_dags/example_task_group.py
[2022-02-12 15:02:44,172] {scheduler_job.py:633} INFO - Processing file /home/agalli/sandbox/lib/python3.6/site-packages/airflow/example_dags/example_task_group.py for tasks to queue
[2022-02-12 15:02:44,174] {logging_mixin.py:104} INFO - [2022-02-12 15:02:44,174] {dagbag.py:487} INFO - Filling up the DagBag from /home/agalli/sandbox/lib/python3.6/site-packages/airflow/example_dags/example_task_group.py
[2022-02-12 15:02:44,227] {scheduler_job.py:643} INFO - DAG(s) dict_keys(['example_task_group']) retrieved from /home/agalli/sandbox/lib/python3.6/site-packages/airflow/example_dags/example_task_group.py
[2022-02-12 15:02:44,280] {logging_mixin.py:104} INFO - [2022-02-12 15:02:44,279] {dag.py:1832} INFO - Sync 1 DAGs
[2022-02-12 15:02:44,302] {logging_mixin.py:104} INFO - [2022-02-12 15:02:44,302] {dag.py:2305} INFO - Setting next_dagrun for example_task_group to 2022-02-10 00:00:00+00:00
[2022-02-12 15:02:44,319] {scheduler_job.py:190} INFO - Processing /home/agalli/sandbox/lib/python3.6/site-packages/airflow/example_dags/example_task_group.py took 0.166 seconds
[2022-02-12 15:03:15,957] {scheduler_job.py:182} INFO - Started process (PID=19271) to work on /home/agalli/sandbox/lib/python3.6/site-packages/airflow/example_dags/example_task_group.py
[2022-02-12 15:03:15,959] {scheduler_job.py:633} INFO - Processing file /home/agalli/sandbox/lib/python3.6/site-packages/airflow/example_dags/example_task_group.py for tasks to queue
[2022-02-12 15:03:15,961] {logging_mixin.py:104} INFO - [2022-02-12 15:03:15,961] {dagbag.py:487} INFO - Filling up the DagBag from /home/agalli/sandbox/lib/python3.6/site-packages/airflow/example_dags/example_task_group.py
[2022-02-12 15:03:15,990] {scheduler_job.py:643} INFO - DAG(s) dict_keys(['example_task_group']) retrieved from /home/agalli/sandbox/lib/python3.6/site-packages/airflow/example_dags/example_task_group.py
[2022-02-12 15:03:16,038] {logging_mixin.py:104} INFO - [2022-02-12 15:03:16,038] {dag.py:1832} INFO - Sync 1 DAGs
[2022-02-12 15:03:16,062] {logging_mixin.py:104} INFO - [2022-02-12 15:03:16,062] {dag.py:2305} INFO - Setting next_dagrun for example_task_group to 2022-02-10 00:00:00+00:00
[2022-02-12 15:03:16,082] {scheduler_job.py:190} INFO - Processing /home/agalli/sandbox/lib/python3.6/site-packages/airflow/example_dags/example_task_group.py took 0.132 seconds
[2022-02-12 15:03:47,359] {scheduler_job.py:182} INFO - Started process (PID=19474) to work on /home/agalli/sandbox/lib/python3.6/site-packages/airflow/example_dags/example_task_group.py
[2022-02-12 15:03:47,361] {scheduler_job.py:633} INFO - Processing file /home/agalli/sandbox/lib/python3.6/site-packages/airflow/example_dags/example_task_group.py for tasks to queue
[2022-02-12 15:03:47,364] {logging_mixin.py:104} INFO - [2022-02-12 15:03:47,363] {dagbag.py:487} INFO - Filling up the DagBag from /home/agalli/sandbox/lib/python3.6/site-packages/airflow/example_dags/example_task_group.py
[2022-02-12 15:03:47,404] {scheduler_job.py:643} INFO - DAG(s) dict_keys(['example_task_group']) retrieved from /home/agalli/sandbox/lib/python3.6/site-packages/airflow/example_dags/example_task_group.py
[2022-02-12 15:03:47,455] {logging_mixin.py:104} INFO - [2022-02-12 15:03:47,455] {dag.py:1832} INFO - Sync 1 DAGs
[2022-02-12 15:03:47,486] {logging_mixin.py:104} INFO - [2022-02-12 15:03:47,486] {dag.py:2305} INFO - Setting next_dagrun for example_task_group to 2022-02-10 00:00:00+00:00
[2022-02-12 15:03:47,513] {scheduler_job.py:190} INFO - Processing /home/agalli/sandbox/lib/python3.6/site-packages/airflow/example_dags/example_task_group.py took 0.162 seconds
[2022-02-12 15:04:17,889] {scheduler_job.py:182} INFO - Started process (PID=19676) to work on /home/agalli/sandbox/lib/python3.6/site-packages/airflow/example_dags/example_task_group.py
[2022-02-12 15:04:17,890] {scheduler_job.py:633} INFO - Processing file /home/agalli/sandbox/lib/python3.6/site-packages/airflow/example_dags/example_task_group.py for tasks to queue
[2022-02-12 15:04:17,891] {logging_mixin.py:104} INFO - [2022-02-12 15:04:17,891] {dagbag.py:487} INFO - Filling up the DagBag from /home/agalli/sandbox/lib/python3.6/site-packages/airflow/example_dags/example_task_group.py
[2022-02-12 15:04:17,910] {scheduler_job.py:643} INFO - DAG(s) dict_keys(['example_task_group']) retrieved from /home/agalli/sandbox/lib/python3.6/site-packages/airflow/example_dags/example_task_group.py
[2022-02-12 15:04:17,944] {logging_mixin.py:104} INFO - [2022-02-12 15:04:17,944] {dag.py:1832} INFO - Sync 1 DAGs
[2022-02-12 15:04:17,964] {logging_mixin.py:104} INFO - [2022-02-12 15:04:17,964] {dag.py:2305} INFO - Setting next_dagrun for example_task_group to 2022-02-10 00:00:00+00:00
[2022-02-12 15:04:17,980] {scheduler_job.py:190} INFO - Processing /home/agalli/sandbox/lib/python3.6/site-packages/airflow/example_dags/example_task_group.py took 0.096 seconds
[2022-02-12 15:04:49,032] {scheduler_job.py:182} INFO - Started process (PID=19878) to work on /home/agalli/sandbox/lib/python3.6/site-packages/airflow/example_dags/example_task_group.py
[2022-02-12 15:04:49,033] {scheduler_job.py:633} INFO - Processing file /home/agalli/sandbox/lib/python3.6/site-packages/airflow/example_dags/example_task_group.py for tasks to queue
[2022-02-12 15:04:49,034] {logging_mixin.py:104} INFO - [2022-02-12 15:04:49,034] {dagbag.py:487} INFO - Filling up the DagBag from /home/agalli/sandbox/lib/python3.6/site-packages/airflow/example_dags/example_task_group.py
[2022-02-12 15:04:49,054] {scheduler_job.py:643} INFO - DAG(s) dict_keys(['example_task_group']) retrieved from /home/agalli/sandbox/lib/python3.6/site-packages/airflow/example_dags/example_task_group.py
[2022-02-12 15:04:49,103] {logging_mixin.py:104} INFO - [2022-02-12 15:04:49,103] {dag.py:1832} INFO - Sync 1 DAGs
[2022-02-12 15:04:49,141] {logging_mixin.py:104} INFO - [2022-02-12 15:04:49,141] {dag.py:2305} INFO - Setting next_dagrun for example_task_group to 2022-02-10 00:00:00+00:00
[2022-02-12 15:04:49,157] {scheduler_job.py:190} INFO - Processing /home/agalli/sandbox/lib/python3.6/site-packages/airflow/example_dags/example_task_group.py took 0.132 seconds
[2022-02-12 15:05:19,663] {scheduler_job.py:182} INFO - Started process (PID=20079) to work on /home/agalli/sandbox/lib/python3.6/site-packages/airflow/example_dags/example_task_group.py
[2022-02-12 15:05:19,665] {scheduler_job.py:633} INFO - Processing file /home/agalli/sandbox/lib/python3.6/site-packages/airflow/example_dags/example_task_group.py for tasks to queue
[2022-02-12 15:05:19,667] {logging_mixin.py:104} INFO - [2022-02-12 15:05:19,666] {dagbag.py:487} INFO - Filling up the DagBag from /home/agalli/sandbox/lib/python3.6/site-packages/airflow/example_dags/example_task_group.py
[2022-02-12 15:05:19,697] {scheduler_job.py:643} INFO - DAG(s) dict_keys(['example_task_group']) retrieved from /home/agalli/sandbox/lib/python3.6/site-packages/airflow/example_dags/example_task_group.py
[2022-02-12 15:05:19,740] {logging_mixin.py:104} INFO - [2022-02-12 15:05:19,739] {dag.py:1832} INFO - Sync 1 DAGs
[2022-02-12 15:05:19,774] {logging_mixin.py:104} INFO - [2022-02-12 15:05:19,774] {dag.py:2305} INFO - Setting next_dagrun for example_task_group to 2022-02-10 00:00:00+00:00
[2022-02-12 15:05:19,797] {scheduler_job.py:190} INFO - Processing /home/agalli/sandbox/lib/python3.6/site-packages/airflow/example_dags/example_task_group.py took 0.140 seconds
[2022-02-12 15:05:49,948] {scheduler_job.py:182} INFO - Started process (PID=20395) to work on /home/agalli/sandbox/lib/python3.6/site-packages/airflow/example_dags/example_task_group.py
[2022-02-12 15:05:49,950] {scheduler_job.py:633} INFO - Processing file /home/agalli/sandbox/lib/python3.6/site-packages/airflow/example_dags/example_task_group.py for tasks to queue
[2022-02-12 15:05:49,953] {logging_mixin.py:104} INFO - [2022-02-12 15:05:49,953] {dagbag.py:487} INFO - Filling up the DagBag from /home/agalli/sandbox/lib/python3.6/site-packages/airflow/example_dags/example_task_group.py
[2022-02-12 15:05:49,982] {scheduler_job.py:643} INFO - DAG(s) dict_keys(['example_task_group']) retrieved from /home/agalli/sandbox/lib/python3.6/site-packages/airflow/example_dags/example_task_group.py
[2022-02-12 15:05:50,020] {logging_mixin.py:104} INFO - [2022-02-12 15:05:50,020] {dag.py:1832} INFO - Sync 1 DAGs
[2022-02-12 15:05:50,040] {logging_mixin.py:104} INFO - [2022-02-12 15:05:50,039] {dag.py:2305} INFO - Setting next_dagrun for example_task_group to 2022-02-10 00:00:00+00:00
[2022-02-12 15:05:50,058] {scheduler_job.py:190} INFO - Processing /home/agalli/sandbox/lib/python3.6/site-packages/airflow/example_dags/example_task_group.py took 0.118 seconds
[2022-02-12 15:06:20,729] {scheduler_job.py:182} INFO - Started process (PID=20594) to work on /home/agalli/sandbox/lib/python3.6/site-packages/airflow/example_dags/example_task_group.py
[2022-02-12 15:06:20,732] {scheduler_job.py:633} INFO - Processing file /home/agalli/sandbox/lib/python3.6/site-packages/airflow/example_dags/example_task_group.py for tasks to queue
[2022-02-12 15:06:20,734] {logging_mixin.py:104} INFO - [2022-02-12 15:06:20,733] {dagbag.py:487} INFO - Filling up the DagBag from /home/agalli/sandbox/lib/python3.6/site-packages/airflow/example_dags/example_task_group.py
[2022-02-12 15:06:20,760] {scheduler_job.py:643} INFO - DAG(s) dict_keys(['example_task_group']) retrieved from /home/agalli/sandbox/lib/python3.6/site-packages/airflow/example_dags/example_task_group.py
[2022-02-12 15:06:20,801] {logging_mixin.py:104} INFO - [2022-02-12 15:06:20,801] {dag.py:1832} INFO - Sync 1 DAGs
[2022-02-12 15:06:20,833] {logging_mixin.py:104} INFO - [2022-02-12 15:06:20,833] {dag.py:2305} INFO - Setting next_dagrun for example_task_group to 2022-02-10 00:00:00+00:00
[2022-02-12 15:06:20,849] {scheduler_job.py:190} INFO - Processing /home/agalli/sandbox/lib/python3.6/site-packages/airflow/example_dags/example_task_group.py took 0.127 seconds
[2022-02-12 15:06:51,580] {scheduler_job.py:182} INFO - Started process (PID=20798) to work on /home/agalli/sandbox/lib/python3.6/site-packages/airflow/example_dags/example_task_group.py
[2022-02-12 15:06:51,582] {scheduler_job.py:633} INFO - Processing file /home/agalli/sandbox/lib/python3.6/site-packages/airflow/example_dags/example_task_group.py for tasks to queue
[2022-02-12 15:06:51,583] {logging_mixin.py:104} INFO - [2022-02-12 15:06:51,583] {dagbag.py:487} INFO - Filling up the DagBag from /home/agalli/sandbox/lib/python3.6/site-packages/airflow/example_dags/example_task_group.py
[2022-02-12 15:06:51,611] {scheduler_job.py:643} INFO - DAG(s) dict_keys(['example_task_group']) retrieved from /home/agalli/sandbox/lib/python3.6/site-packages/airflow/example_dags/example_task_group.py
[2022-02-12 15:06:51,655] {logging_mixin.py:104} INFO - [2022-02-12 15:06:51,655] {dag.py:1832} INFO - Sync 1 DAGs
[2022-02-12 15:06:51,682] {logging_mixin.py:104} INFO - [2022-02-12 15:06:51,682] {dag.py:2305} INFO - Setting next_dagrun for example_task_group to 2022-02-10 00:00:00+00:00
[2022-02-12 15:06:51,700] {scheduler_job.py:190} INFO - Processing /home/agalli/sandbox/lib/python3.6/site-packages/airflow/example_dags/example_task_group.py took 0.128 seconds
[2022-02-12 15:07:22,479] {scheduler_job.py:182} INFO - Started process (PID=20998) to work on /home/agalli/sandbox/lib/python3.6/site-packages/airflow/example_dags/example_task_group.py
[2022-02-12 15:07:22,481] {scheduler_job.py:633} INFO - Processing file /home/agalli/sandbox/lib/python3.6/site-packages/airflow/example_dags/example_task_group.py for tasks to queue
[2022-02-12 15:07:22,482] {logging_mixin.py:104} INFO - [2022-02-12 15:07:22,482] {dagbag.py:487} INFO - Filling up the DagBag from /home/agalli/sandbox/lib/python3.6/site-packages/airflow/example_dags/example_task_group.py
[2022-02-12 15:07:22,516] {scheduler_job.py:643} INFO - DAG(s) dict_keys(['example_task_group']) retrieved from /home/agalli/sandbox/lib/python3.6/site-packages/airflow/example_dags/example_task_group.py
[2022-02-12 15:07:22,570] {logging_mixin.py:104} INFO - [2022-02-12 15:07:22,570] {dag.py:1832} INFO - Sync 1 DAGs
[2022-02-12 15:07:22,618] {logging_mixin.py:104} INFO - [2022-02-12 15:07:22,617] {dag.py:2305} INFO - Setting next_dagrun for example_task_group to 2022-02-10 00:00:00+00:00
[2022-02-12 15:07:22,644] {scheduler_job.py:190} INFO - Processing /home/agalli/sandbox/lib/python3.6/site-packages/airflow/example_dags/example_task_group.py took 0.172 seconds
[2022-02-12 15:07:52,868] {scheduler_job.py:182} INFO - Started process (PID=21202) to work on /home/agalli/sandbox/lib/python3.6/site-packages/airflow/example_dags/example_task_group.py
[2022-02-12 15:07:52,876] {scheduler_job.py:633} INFO - Processing file /home/agalli/sandbox/lib/python3.6/site-packages/airflow/example_dags/example_task_group.py for tasks to queue
[2022-02-12 15:07:52,878] {logging_mixin.py:104} INFO - [2022-02-12 15:07:52,877] {dagbag.py:487} INFO - Filling up the DagBag from /home/agalli/sandbox/lib/python3.6/site-packages/airflow/example_dags/example_task_group.py
[2022-02-12 15:07:52,920] {scheduler_job.py:643} INFO - DAG(s) dict_keys(['example_task_group']) retrieved from /home/agalli/sandbox/lib/python3.6/site-packages/airflow/example_dags/example_task_group.py
[2022-02-12 15:07:52,974] {logging_mixin.py:104} INFO - [2022-02-12 15:07:52,974] {dag.py:1832} INFO - Sync 1 DAGs
[2022-02-12 15:07:52,998] {logging_mixin.py:104} INFO - [2022-02-12 15:07:52,998] {dag.py:2305} INFO - Setting next_dagrun for example_task_group to 2022-02-10 00:00:00+00:00
[2022-02-12 15:07:53,017] {scheduler_job.py:190} INFO - Processing /home/agalli/sandbox/lib/python3.6/site-packages/airflow/example_dags/example_task_group.py took 0.158 seconds
[2022-02-12 15:08:23,650] {scheduler_job.py:182} INFO - Started process (PID=21405) to work on /home/agalli/sandbox/lib/python3.6/site-packages/airflow/example_dags/example_task_group.py
[2022-02-12 15:08:23,652] {scheduler_job.py:633} INFO - Processing file /home/agalli/sandbox/lib/python3.6/site-packages/airflow/example_dags/example_task_group.py for tasks to queue
[2022-02-12 15:08:23,653] {logging_mixin.py:104} INFO - [2022-02-12 15:08:23,653] {dagbag.py:487} INFO - Filling up the DagBag from /home/agalli/sandbox/lib/python3.6/site-packages/airflow/example_dags/example_task_group.py
[2022-02-12 15:08:23,679] {scheduler_job.py:643} INFO - DAG(s) dict_keys(['example_task_group']) retrieved from /home/agalli/sandbox/lib/python3.6/site-packages/airflow/example_dags/example_task_group.py
[2022-02-12 15:08:23,727] {logging_mixin.py:104} INFO - [2022-02-12 15:08:23,727] {dag.py:1832} INFO - Sync 1 DAGs
[2022-02-12 15:08:23,769] {logging_mixin.py:104} INFO - [2022-02-12 15:08:23,769] {dag.py:2305} INFO - Setting next_dagrun for example_task_group to 2022-02-10 00:00:00+00:00
[2022-02-12 15:08:23,806] {scheduler_job.py:190} INFO - Processing /home/agalli/sandbox/lib/python3.6/site-packages/airflow/example_dags/example_task_group.py took 0.164 seconds
