[2022-02-12 13:57:27,298] {scheduler_job.py:182} INFO - Started process (PID=1794) to work on /home/agalli/sandbox/lib/python3.6/site-packages/airflow/example_dags/example_latest_only_with_trigger.py
[2022-02-12 13:57:27,302] {scheduler_job.py:633} INFO - Processing file /home/agalli/sandbox/lib/python3.6/site-packages/airflow/example_dags/example_latest_only_with_trigger.py for tasks to queue
[2022-02-12 13:57:27,303] {logging_mixin.py:104} INFO - [2022-02-12 13:57:27,303] {dagbag.py:487} INFO - Filling up the DagBag from /home/agalli/sandbox/lib/python3.6/site-packages/airflow/example_dags/example_latest_only_with_trigger.py
[2022-02-12 13:57:27,335] {scheduler_job.py:643} INFO - DAG(s) dict_keys(['latest_only_with_trigger']) retrieved from /home/agalli/sandbox/lib/python3.6/site-packages/airflow/example_dags/example_latest_only_with_trigger.py
[2022-02-12 13:57:27,435] {logging_mixin.py:104} INFO - [2022-02-12 13:57:27,435] {dag.py:1832} INFO - Sync 1 DAGs
[2022-02-12 13:57:27,485] {logging_mixin.py:104} INFO - [2022-02-12 13:57:27,484] {dag.py:2305} INFO - Setting next_dagrun for latest_only_with_trigger to 2022-02-10 00:00:00+00:00
[2022-02-12 13:57:27,508] {scheduler_job.py:190} INFO - Processing /home/agalli/sandbox/lib/python3.6/site-packages/airflow/example_dags/example_latest_only_with_trigger.py took 0.219 seconds
[2022-02-12 13:57:58,740] {scheduler_job.py:182} INFO - Started process (PID=2244) to work on /home/agalli/sandbox/lib/python3.6/site-packages/airflow/example_dags/example_latest_only_with_trigger.py
[2022-02-12 13:57:58,742] {scheduler_job.py:633} INFO - Processing file /home/agalli/sandbox/lib/python3.6/site-packages/airflow/example_dags/example_latest_only_with_trigger.py for tasks to queue
[2022-02-12 13:57:58,744] {logging_mixin.py:104} INFO - [2022-02-12 13:57:58,743] {dagbag.py:487} INFO - Filling up the DagBag from /home/agalli/sandbox/lib/python3.6/site-packages/airflow/example_dags/example_latest_only_with_trigger.py
[2022-02-12 13:57:58,785] {scheduler_job.py:643} INFO - DAG(s) dict_keys(['latest_only_with_trigger']) retrieved from /home/agalli/sandbox/lib/python3.6/site-packages/airflow/example_dags/example_latest_only_with_trigger.py
[2022-02-12 13:57:58,859] {logging_mixin.py:104} INFO - [2022-02-12 13:57:58,859] {dag.py:1832} INFO - Sync 1 DAGs
[2022-02-12 13:57:58,910] {logging_mixin.py:104} INFO - [2022-02-12 13:57:58,910] {dag.py:2305} INFO - Setting next_dagrun for latest_only_with_trigger to 2022-02-10 00:00:00+00:00
[2022-02-12 13:57:58,934] {scheduler_job.py:190} INFO - Processing /home/agalli/sandbox/lib/python3.6/site-packages/airflow/example_dags/example_latest_only_with_trigger.py took 0.201 seconds
[2022-02-12 13:58:30,106] {scheduler_job.py:182} INFO - Started process (PID=2446) to work on /home/agalli/sandbox/lib/python3.6/site-packages/airflow/example_dags/example_latest_only_with_trigger.py
[2022-02-12 13:58:30,124] {scheduler_job.py:633} INFO - Processing file /home/agalli/sandbox/lib/python3.6/site-packages/airflow/example_dags/example_latest_only_with_trigger.py for tasks to queue
[2022-02-12 13:58:30,126] {logging_mixin.py:104} INFO - [2022-02-12 13:58:30,125] {dagbag.py:487} INFO - Filling up the DagBag from /home/agalli/sandbox/lib/python3.6/site-packages/airflow/example_dags/example_latest_only_with_trigger.py
[2022-02-12 13:58:30,156] {scheduler_job.py:643} INFO - DAG(s) dict_keys(['latest_only_with_trigger']) retrieved from /home/agalli/sandbox/lib/python3.6/site-packages/airflow/example_dags/example_latest_only_with_trigger.py
[2022-02-12 13:58:30,233] {logging_mixin.py:104} INFO - [2022-02-12 13:58:30,233] {dag.py:1832} INFO - Sync 1 DAGs
[2022-02-12 13:58:30,327] {logging_mixin.py:104} INFO - [2022-02-12 13:58:30,327] {dag.py:2305} INFO - Setting next_dagrun for latest_only_with_trigger to 2022-02-10 00:00:00+00:00
[2022-02-12 13:58:30,412] {scheduler_job.py:190} INFO - Processing /home/agalli/sandbox/lib/python3.6/site-packages/airflow/example_dags/example_latest_only_with_trigger.py took 0.323 seconds
[2022-02-12 13:59:00,779] {scheduler_job.py:182} INFO - Started process (PID=2649) to work on /home/agalli/sandbox/lib/python3.6/site-packages/airflow/example_dags/example_latest_only_with_trigger.py
[2022-02-12 13:59:00,783] {scheduler_job.py:633} INFO - Processing file /home/agalli/sandbox/lib/python3.6/site-packages/airflow/example_dags/example_latest_only_with_trigger.py for tasks to queue
[2022-02-12 13:59:00,786] {logging_mixin.py:104} INFO - [2022-02-12 13:59:00,785] {dagbag.py:487} INFO - Filling up the DagBag from /home/agalli/sandbox/lib/python3.6/site-packages/airflow/example_dags/example_latest_only_with_trigger.py
[2022-02-12 13:59:00,829] {scheduler_job.py:643} INFO - DAG(s) dict_keys(['latest_only_with_trigger']) retrieved from /home/agalli/sandbox/lib/python3.6/site-packages/airflow/example_dags/example_latest_only_with_trigger.py
[2022-02-12 13:59:00,897] {logging_mixin.py:104} INFO - [2022-02-12 13:59:00,897] {dag.py:1832} INFO - Sync 1 DAGs
[2022-02-12 13:59:00,928] {logging_mixin.py:104} INFO - [2022-02-12 13:59:00,928] {dag.py:2305} INFO - Setting next_dagrun for latest_only_with_trigger to 2022-02-10 00:00:00+00:00
[2022-02-12 13:59:00,943] {scheduler_job.py:190} INFO - Processing /home/agalli/sandbox/lib/python3.6/site-packages/airflow/example_dags/example_latest_only_with_trigger.py took 0.175 seconds
[2022-02-12 13:59:31,449] {scheduler_job.py:182} INFO - Started process (PID=2851) to work on /home/agalli/sandbox/lib/python3.6/site-packages/airflow/example_dags/example_latest_only_with_trigger.py
[2022-02-12 13:59:31,450] {scheduler_job.py:633} INFO - Processing file /home/agalli/sandbox/lib/python3.6/site-packages/airflow/example_dags/example_latest_only_with_trigger.py for tasks to queue
[2022-02-12 13:59:31,451] {logging_mixin.py:104} INFO - [2022-02-12 13:59:31,451] {dagbag.py:487} INFO - Filling up the DagBag from /home/agalli/sandbox/lib/python3.6/site-packages/airflow/example_dags/example_latest_only_with_trigger.py
[2022-02-12 13:59:31,468] {scheduler_job.py:643} INFO - DAG(s) dict_keys(['latest_only_with_trigger']) retrieved from /home/agalli/sandbox/lib/python3.6/site-packages/airflow/example_dags/example_latest_only_with_trigger.py
[2022-02-12 13:59:31,510] {logging_mixin.py:104} INFO - [2022-02-12 13:59:31,510] {dag.py:1832} INFO - Sync 1 DAGs
[2022-02-12 13:59:31,535] {logging_mixin.py:104} INFO - [2022-02-12 13:59:31,535] {dag.py:2305} INFO - Setting next_dagrun for latest_only_with_trigger to 2022-02-10 00:00:00+00:00
[2022-02-12 13:59:31,550] {scheduler_job.py:190} INFO - Processing /home/agalli/sandbox/lib/python3.6/site-packages/airflow/example_dags/example_latest_only_with_trigger.py took 0.106 seconds
[2022-02-12 14:00:03,909] {scheduler_job.py:182} INFO - Started process (PID=3116) to work on /home/agalli/sandbox/lib/python3.6/site-packages/airflow/example_dags/example_latest_only_with_trigger.py
[2022-02-12 14:00:03,911] {scheduler_job.py:633} INFO - Processing file /home/agalli/sandbox/lib/python3.6/site-packages/airflow/example_dags/example_latest_only_with_trigger.py for tasks to queue
[2022-02-12 14:00:03,912] {logging_mixin.py:104} INFO - [2022-02-12 14:00:03,912] {dagbag.py:487} INFO - Filling up the DagBag from /home/agalli/sandbox/lib/python3.6/site-packages/airflow/example_dags/example_latest_only_with_trigger.py
[2022-02-12 14:00:03,943] {scheduler_job.py:643} INFO - DAG(s) dict_keys(['latest_only_with_trigger']) retrieved from /home/agalli/sandbox/lib/python3.6/site-packages/airflow/example_dags/example_latest_only_with_trigger.py
[2022-02-12 14:00:04,003] {logging_mixin.py:104} INFO - [2022-02-12 14:00:04,002] {dag.py:1832} INFO - Sync 1 DAGs
[2022-02-12 14:00:04,039] {logging_mixin.py:104} INFO - [2022-02-12 14:00:04,039] {dag.py:2305} INFO - Setting next_dagrun for latest_only_with_trigger to 2022-02-10 00:00:00+00:00
[2022-02-12 14:00:04,062] {scheduler_job.py:190} INFO - Processing /home/agalli/sandbox/lib/python3.6/site-packages/airflow/example_dags/example_latest_only_with_trigger.py took 0.161 seconds
[2022-02-12 14:00:34,435] {scheduler_job.py:182} INFO - Started process (PID=3482) to work on /home/agalli/sandbox/lib/python3.6/site-packages/airflow/example_dags/example_latest_only_with_trigger.py
[2022-02-12 14:00:34,439] {scheduler_job.py:633} INFO - Processing file /home/agalli/sandbox/lib/python3.6/site-packages/airflow/example_dags/example_latest_only_with_trigger.py for tasks to queue
[2022-02-12 14:00:34,440] {logging_mixin.py:104} INFO - [2022-02-12 14:00:34,440] {dagbag.py:487} INFO - Filling up the DagBag from /home/agalli/sandbox/lib/python3.6/site-packages/airflow/example_dags/example_latest_only_with_trigger.py
[2022-02-12 14:00:34,465] {scheduler_job.py:643} INFO - DAG(s) dict_keys(['latest_only_with_trigger']) retrieved from /home/agalli/sandbox/lib/python3.6/site-packages/airflow/example_dags/example_latest_only_with_trigger.py
[2022-02-12 14:00:34,576] {logging_mixin.py:104} INFO - [2022-02-12 14:00:34,576] {dag.py:1832} INFO - Sync 1 DAGs
[2022-02-12 14:00:34,639] {logging_mixin.py:104} INFO - [2022-02-12 14:00:34,639] {dag.py:2305} INFO - Setting next_dagrun for latest_only_with_trigger to 2022-02-10 00:00:00+00:00
[2022-02-12 14:00:34,674] {scheduler_job.py:190} INFO - Processing /home/agalli/sandbox/lib/python3.6/site-packages/airflow/example_dags/example_latest_only_with_trigger.py took 0.244 seconds
[2022-02-12 14:01:07,611] {scheduler_job.py:182} INFO - Started process (PID=4127) to work on /home/agalli/sandbox/lib/python3.6/site-packages/airflow/example_dags/example_latest_only_with_trigger.py
[2022-02-12 14:01:07,614] {scheduler_job.py:633} INFO - Processing file /home/agalli/sandbox/lib/python3.6/site-packages/airflow/example_dags/example_latest_only_with_trigger.py for tasks to queue
[2022-02-12 14:01:07,615] {logging_mixin.py:104} INFO - [2022-02-12 14:01:07,615] {dagbag.py:487} INFO - Filling up the DagBag from /home/agalli/sandbox/lib/python3.6/site-packages/airflow/example_dags/example_latest_only_with_trigger.py
[2022-02-12 14:01:07,656] {scheduler_job.py:643} INFO - DAG(s) dict_keys(['latest_only_with_trigger']) retrieved from /home/agalli/sandbox/lib/python3.6/site-packages/airflow/example_dags/example_latest_only_with_trigger.py
[2022-02-12 14:01:07,771] {logging_mixin.py:104} INFO - [2022-02-12 14:01:07,771] {dag.py:1832} INFO - Sync 1 DAGs
[2022-02-12 14:01:07,828] {logging_mixin.py:104} INFO - [2022-02-12 14:01:07,828] {dag.py:2305} INFO - Setting next_dagrun for latest_only_with_trigger to 2022-02-10 00:00:00+00:00
[2022-02-12 14:01:07,857] {scheduler_job.py:190} INFO - Processing /home/agalli/sandbox/lib/python3.6/site-packages/airflow/example_dags/example_latest_only_with_trigger.py took 0.255 seconds
[2022-02-12 14:01:38,688] {scheduler_job.py:182} INFO - Started process (PID=5354) to work on /home/agalli/sandbox/lib/python3.6/site-packages/airflow/example_dags/example_latest_only_with_trigger.py
[2022-02-12 14:01:38,690] {scheduler_job.py:633} INFO - Processing file /home/agalli/sandbox/lib/python3.6/site-packages/airflow/example_dags/example_latest_only_with_trigger.py for tasks to queue
[2022-02-12 14:01:38,691] {logging_mixin.py:104} INFO - [2022-02-12 14:01:38,691] {dagbag.py:487} INFO - Filling up the DagBag from /home/agalli/sandbox/lib/python3.6/site-packages/airflow/example_dags/example_latest_only_with_trigger.py
[2022-02-12 14:01:38,711] {scheduler_job.py:643} INFO - DAG(s) dict_keys(['latest_only_with_trigger']) retrieved from /home/agalli/sandbox/lib/python3.6/site-packages/airflow/example_dags/example_latest_only_with_trigger.py
[2022-02-12 14:01:38,747] {logging_mixin.py:104} INFO - [2022-02-12 14:01:38,746] {dag.py:1832} INFO - Sync 1 DAGs
[2022-02-12 14:01:38,770] {logging_mixin.py:104} INFO - [2022-02-12 14:01:38,770] {dag.py:2305} INFO - Setting next_dagrun for latest_only_with_trigger to 2022-02-10 00:00:00+00:00
[2022-02-12 14:01:38,784] {scheduler_job.py:190} INFO - Processing /home/agalli/sandbox/lib/python3.6/site-packages/airflow/example_dags/example_latest_only_with_trigger.py took 0.100 seconds
[2022-02-12 14:02:09,377] {scheduler_job.py:182} INFO - Started process (PID=5586) to work on /home/agalli/sandbox/lib/python3.6/site-packages/airflow/example_dags/example_latest_only_with_trigger.py
[2022-02-12 14:02:09,378] {scheduler_job.py:633} INFO - Processing file /home/agalli/sandbox/lib/python3.6/site-packages/airflow/example_dags/example_latest_only_with_trigger.py for tasks to queue
[2022-02-12 14:02:09,379] {logging_mixin.py:104} INFO - [2022-02-12 14:02:09,379] {dagbag.py:487} INFO - Filling up the DagBag from /home/agalli/sandbox/lib/python3.6/site-packages/airflow/example_dags/example_latest_only_with_trigger.py
[2022-02-12 14:02:09,404] {scheduler_job.py:643} INFO - DAG(s) dict_keys(['latest_only_with_trigger']) retrieved from /home/agalli/sandbox/lib/python3.6/site-packages/airflow/example_dags/example_latest_only_with_trigger.py
[2022-02-12 14:02:09,466] {logging_mixin.py:104} INFO - [2022-02-12 14:02:09,466] {dag.py:1832} INFO - Sync 1 DAGs
[2022-02-12 14:02:09,503] {logging_mixin.py:104} INFO - [2022-02-12 14:02:09,503] {dag.py:2305} INFO - Setting next_dagrun for latest_only_with_trigger to 2022-02-10 00:00:00+00:00
[2022-02-12 14:02:09,525] {scheduler_job.py:190} INFO - Processing /home/agalli/sandbox/lib/python3.6/site-packages/airflow/example_dags/example_latest_only_with_trigger.py took 0.154 seconds
[2022-02-12 14:02:39,784] {scheduler_job.py:182} INFO - Started process (PID=5908) to work on /home/agalli/sandbox/lib/python3.6/site-packages/airflow/example_dags/example_latest_only_with_trigger.py
[2022-02-12 14:02:39,785] {scheduler_job.py:633} INFO - Processing file /home/agalli/sandbox/lib/python3.6/site-packages/airflow/example_dags/example_latest_only_with_trigger.py for tasks to queue
[2022-02-12 14:02:39,786] {logging_mixin.py:104} INFO - [2022-02-12 14:02:39,786] {dagbag.py:487} INFO - Filling up the DagBag from /home/agalli/sandbox/lib/python3.6/site-packages/airflow/example_dags/example_latest_only_with_trigger.py
[2022-02-12 14:02:39,804] {scheduler_job.py:643} INFO - DAG(s) dict_keys(['latest_only_with_trigger']) retrieved from /home/agalli/sandbox/lib/python3.6/site-packages/airflow/example_dags/example_latest_only_with_trigger.py
[2022-02-12 14:02:39,843] {logging_mixin.py:104} INFO - [2022-02-12 14:02:39,843] {dag.py:1832} INFO - Sync 1 DAGs
[2022-02-12 14:02:39,870] {logging_mixin.py:104} INFO - [2022-02-12 14:02:39,870] {dag.py:2305} INFO - Setting next_dagrun for latest_only_with_trigger to 2022-02-10 00:00:00+00:00
[2022-02-12 14:02:39,888] {scheduler_job.py:190} INFO - Processing /home/agalli/sandbox/lib/python3.6/site-packages/airflow/example_dags/example_latest_only_with_trigger.py took 0.112 seconds
[2022-02-12 14:03:10,122] {scheduler_job.py:182} INFO - Started process (PID=6112) to work on /home/agalli/sandbox/lib/python3.6/site-packages/airflow/example_dags/example_latest_only_with_trigger.py
[2022-02-12 14:03:10,133] {scheduler_job.py:633} INFO - Processing file /home/agalli/sandbox/lib/python3.6/site-packages/airflow/example_dags/example_latest_only_with_trigger.py for tasks to queue
[2022-02-12 14:03:10,135] {logging_mixin.py:104} INFO - [2022-02-12 14:03:10,134] {dagbag.py:487} INFO - Filling up the DagBag from /home/agalli/sandbox/lib/python3.6/site-packages/airflow/example_dags/example_latest_only_with_trigger.py
[2022-02-12 14:03:10,164] {scheduler_job.py:643} INFO - DAG(s) dict_keys(['latest_only_with_trigger']) retrieved from /home/agalli/sandbox/lib/python3.6/site-packages/airflow/example_dags/example_latest_only_with_trigger.py
[2022-02-12 14:03:10,213] {logging_mixin.py:104} INFO - [2022-02-12 14:03:10,213] {dag.py:1832} INFO - Sync 1 DAGs
[2022-02-12 14:03:10,250] {logging_mixin.py:104} INFO - [2022-02-12 14:03:10,249] {dag.py:2305} INFO - Setting next_dagrun for latest_only_with_trigger to 2022-02-10 00:00:00+00:00
[2022-02-12 14:03:10,276] {scheduler_job.py:190} INFO - Processing /home/agalli/sandbox/lib/python3.6/site-packages/airflow/example_dags/example_latest_only_with_trigger.py took 0.158 seconds
[2022-02-12 14:20:19,460] {scheduler_job.py:182} INFO - Started process (PID=7088) to work on /home/agalli/sandbox/lib/python3.6/site-packages/airflow/example_dags/example_latest_only_with_trigger.py
[2022-02-12 14:20:19,461] {scheduler_job.py:633} INFO - Processing file /home/agalli/sandbox/lib/python3.6/site-packages/airflow/example_dags/example_latest_only_with_trigger.py for tasks to queue
[2022-02-12 14:20:19,462] {logging_mixin.py:104} INFO - [2022-02-12 14:20:19,461] {dagbag.py:487} INFO - Filling up the DagBag from /home/agalli/sandbox/lib/python3.6/site-packages/airflow/example_dags/example_latest_only_with_trigger.py
[2022-02-12 14:20:19,478] {scheduler_job.py:643} INFO - DAG(s) dict_keys(['latest_only_with_trigger']) retrieved from /home/agalli/sandbox/lib/python3.6/site-packages/airflow/example_dags/example_latest_only_with_trigger.py
[2022-02-12 14:20:19,530] {logging_mixin.py:104} INFO - [2022-02-12 14:20:19,530] {dag.py:1832} INFO - Sync 1 DAGs
[2022-02-12 14:20:19,567] {logging_mixin.py:104} INFO - [2022-02-12 14:20:19,567] {dag.py:2305} INFO - Setting next_dagrun for latest_only_with_trigger to 2022-02-10 00:00:00+00:00
[2022-02-12 14:20:19,584] {scheduler_job.py:190} INFO - Processing /home/agalli/sandbox/lib/python3.6/site-packages/airflow/example_dags/example_latest_only_with_trigger.py took 0.129 seconds
[2022-02-12 14:20:50,026] {scheduler_job.py:182} INFO - Started process (PID=7290) to work on /home/agalli/sandbox/lib/python3.6/site-packages/airflow/example_dags/example_latest_only_with_trigger.py
[2022-02-12 14:20:50,027] {scheduler_job.py:633} INFO - Processing file /home/agalli/sandbox/lib/python3.6/site-packages/airflow/example_dags/example_latest_only_with_trigger.py for tasks to queue
[2022-02-12 14:20:50,028] {logging_mixin.py:104} INFO - [2022-02-12 14:20:50,028] {dagbag.py:487} INFO - Filling up the DagBag from /home/agalli/sandbox/lib/python3.6/site-packages/airflow/example_dags/example_latest_only_with_trigger.py
[2022-02-12 14:20:50,045] {scheduler_job.py:643} INFO - DAG(s) dict_keys(['latest_only_with_trigger']) retrieved from /home/agalli/sandbox/lib/python3.6/site-packages/airflow/example_dags/example_latest_only_with_trigger.py
[2022-02-12 14:20:50,082] {logging_mixin.py:104} INFO - [2022-02-12 14:20:50,082] {dag.py:1832} INFO - Sync 1 DAGs
[2022-02-12 14:20:50,106] {logging_mixin.py:104} INFO - [2022-02-12 14:20:50,106] {dag.py:2305} INFO - Setting next_dagrun for latest_only_with_trigger to 2022-02-10 00:00:00+00:00
[2022-02-12 14:20:50,122] {scheduler_job.py:190} INFO - Processing /home/agalli/sandbox/lib/python3.6/site-packages/airflow/example_dags/example_latest_only_with_trigger.py took 0.102 seconds
[2022-02-12 14:21:21,357] {scheduler_job.py:182} INFO - Started process (PID=7493) to work on /home/agalli/sandbox/lib/python3.6/site-packages/airflow/example_dags/example_latest_only_with_trigger.py
[2022-02-12 14:21:21,360] {scheduler_job.py:633} INFO - Processing file /home/agalli/sandbox/lib/python3.6/site-packages/airflow/example_dags/example_latest_only_with_trigger.py for tasks to queue
[2022-02-12 14:21:21,361] {logging_mixin.py:104} INFO - [2022-02-12 14:21:21,361] {dagbag.py:487} INFO - Filling up the DagBag from /home/agalli/sandbox/lib/python3.6/site-packages/airflow/example_dags/example_latest_only_with_trigger.py
[2022-02-12 14:21:21,390] {scheduler_job.py:643} INFO - DAG(s) dict_keys(['latest_only_with_trigger']) retrieved from /home/agalli/sandbox/lib/python3.6/site-packages/airflow/example_dags/example_latest_only_with_trigger.py
[2022-02-12 14:21:21,431] {logging_mixin.py:104} INFO - [2022-02-12 14:21:21,431] {dag.py:1832} INFO - Sync 1 DAGs
[2022-02-12 14:21:21,458] {logging_mixin.py:104} INFO - [2022-02-12 14:21:21,458] {dag.py:2305} INFO - Setting next_dagrun for latest_only_with_trigger to 2022-02-10 00:00:00+00:00
[2022-02-12 14:21:21,474] {scheduler_job.py:190} INFO - Processing /home/agalli/sandbox/lib/python3.6/site-packages/airflow/example_dags/example_latest_only_with_trigger.py took 0.135 seconds
[2022-02-12 14:21:51,675] {scheduler_job.py:182} INFO - Started process (PID=7696) to work on /home/agalli/sandbox/lib/python3.6/site-packages/airflow/example_dags/example_latest_only_with_trigger.py
[2022-02-12 14:21:51,676] {scheduler_job.py:633} INFO - Processing file /home/agalli/sandbox/lib/python3.6/site-packages/airflow/example_dags/example_latest_only_with_trigger.py for tasks to queue
[2022-02-12 14:21:51,677] {logging_mixin.py:104} INFO - [2022-02-12 14:21:51,676] {dagbag.py:487} INFO - Filling up the DagBag from /home/agalli/sandbox/lib/python3.6/site-packages/airflow/example_dags/example_latest_only_with_trigger.py
[2022-02-12 14:21:51,687] {scheduler_job.py:643} INFO - DAG(s) dict_keys(['latest_only_with_trigger']) retrieved from /home/agalli/sandbox/lib/python3.6/site-packages/airflow/example_dags/example_latest_only_with_trigger.py
[2022-02-12 14:21:51,716] {logging_mixin.py:104} INFO - [2022-02-12 14:21:51,716] {dag.py:1832} INFO - Sync 1 DAGs
[2022-02-12 14:21:51,731] {logging_mixin.py:104} INFO - [2022-02-12 14:21:51,731] {dag.py:2305} INFO - Setting next_dagrun for latest_only_with_trigger to 2022-02-10 00:00:00+00:00
[2022-02-12 14:21:51,742] {scheduler_job.py:190} INFO - Processing /home/agalli/sandbox/lib/python3.6/site-packages/airflow/example_dags/example_latest_only_with_trigger.py took 0.070 seconds
[2022-02-12 14:22:22,825] {scheduler_job.py:182} INFO - Started process (PID=7896) to work on /home/agalli/sandbox/lib/python3.6/site-packages/airflow/example_dags/example_latest_only_with_trigger.py
[2022-02-12 14:22:22,827] {scheduler_job.py:633} INFO - Processing file /home/agalli/sandbox/lib/python3.6/site-packages/airflow/example_dags/example_latest_only_with_trigger.py for tasks to queue
[2022-02-12 14:22:22,828] {logging_mixin.py:104} INFO - [2022-02-12 14:22:22,828] {dagbag.py:487} INFO - Filling up the DagBag from /home/agalli/sandbox/lib/python3.6/site-packages/airflow/example_dags/example_latest_only_with_trigger.py
[2022-02-12 14:22:22,842] {scheduler_job.py:643} INFO - DAG(s) dict_keys(['latest_only_with_trigger']) retrieved from /home/agalli/sandbox/lib/python3.6/site-packages/airflow/example_dags/example_latest_only_with_trigger.py
[2022-02-12 14:22:22,875] {logging_mixin.py:104} INFO - [2022-02-12 14:22:22,875] {dag.py:1832} INFO - Sync 1 DAGs
[2022-02-12 14:22:22,895] {logging_mixin.py:104} INFO - [2022-02-12 14:22:22,895] {dag.py:2305} INFO - Setting next_dagrun for latest_only_with_trigger to 2022-02-10 00:00:00+00:00
[2022-02-12 14:22:22,906] {scheduler_job.py:190} INFO - Processing /home/agalli/sandbox/lib/python3.6/site-packages/airflow/example_dags/example_latest_only_with_trigger.py took 0.085 seconds
[2022-02-12 14:22:53,733] {scheduler_job.py:182} INFO - Started process (PID=8097) to work on /home/agalli/sandbox/lib/python3.6/site-packages/airflow/example_dags/example_latest_only_with_trigger.py
[2022-02-12 14:22:53,735] {scheduler_job.py:633} INFO - Processing file /home/agalli/sandbox/lib/python3.6/site-packages/airflow/example_dags/example_latest_only_with_trigger.py for tasks to queue
[2022-02-12 14:22:53,735] {logging_mixin.py:104} INFO - [2022-02-12 14:22:53,735] {dagbag.py:487} INFO - Filling up the DagBag from /home/agalli/sandbox/lib/python3.6/site-packages/airflow/example_dags/example_latest_only_with_trigger.py
[2022-02-12 14:22:53,751] {scheduler_job.py:643} INFO - DAG(s) dict_keys(['latest_only_with_trigger']) retrieved from /home/agalli/sandbox/lib/python3.6/site-packages/airflow/example_dags/example_latest_only_with_trigger.py
[2022-02-12 14:22:53,781] {logging_mixin.py:104} INFO - [2022-02-12 14:22:53,781] {dag.py:1832} INFO - Sync 1 DAGs
[2022-02-12 14:22:53,802] {logging_mixin.py:104} INFO - [2022-02-12 14:22:53,802] {dag.py:2305} INFO - Setting next_dagrun for latest_only_with_trigger to 2022-02-10 00:00:00+00:00
[2022-02-12 14:22:53,815] {scheduler_job.py:190} INFO - Processing /home/agalli/sandbox/lib/python3.6/site-packages/airflow/example_dags/example_latest_only_with_trigger.py took 0.086 seconds
[2022-02-12 14:23:25,234] {scheduler_job.py:182} INFO - Started process (PID=8301) to work on /home/agalli/sandbox/lib/python3.6/site-packages/airflow/example_dags/example_latest_only_with_trigger.py
[2022-02-12 14:23:25,236] {scheduler_job.py:633} INFO - Processing file /home/agalli/sandbox/lib/python3.6/site-packages/airflow/example_dags/example_latest_only_with_trigger.py for tasks to queue
[2022-02-12 14:23:25,238] {logging_mixin.py:104} INFO - [2022-02-12 14:23:25,238] {dagbag.py:487} INFO - Filling up the DagBag from /home/agalli/sandbox/lib/python3.6/site-packages/airflow/example_dags/example_latest_only_with_trigger.py
[2022-02-12 14:23:25,270] {scheduler_job.py:643} INFO - DAG(s) dict_keys(['latest_only_with_trigger']) retrieved from /home/agalli/sandbox/lib/python3.6/site-packages/airflow/example_dags/example_latest_only_with_trigger.py
[2022-02-12 14:23:25,327] {logging_mixin.py:104} INFO - [2022-02-12 14:23:25,327] {dag.py:1832} INFO - Sync 1 DAGs
[2022-02-12 14:23:25,362] {logging_mixin.py:104} INFO - [2022-02-12 14:23:25,362] {dag.py:2305} INFO - Setting next_dagrun for latest_only_with_trigger to 2022-02-10 00:00:00+00:00
[2022-02-12 14:23:25,388] {scheduler_job.py:190} INFO - Processing /home/agalli/sandbox/lib/python3.6/site-packages/airflow/example_dags/example_latest_only_with_trigger.py took 0.161 seconds
[2022-02-12 14:23:55,484] {scheduler_job.py:182} INFO - Started process (PID=8503) to work on /home/agalli/sandbox/lib/python3.6/site-packages/airflow/example_dags/example_latest_only_with_trigger.py
[2022-02-12 14:23:55,486] {scheduler_job.py:633} INFO - Processing file /home/agalli/sandbox/lib/python3.6/site-packages/airflow/example_dags/example_latest_only_with_trigger.py for tasks to queue
[2022-02-12 14:23:55,487] {logging_mixin.py:104} INFO - [2022-02-12 14:23:55,487] {dagbag.py:487} INFO - Filling up the DagBag from /home/agalli/sandbox/lib/python3.6/site-packages/airflow/example_dags/example_latest_only_with_trigger.py
[2022-02-12 14:23:55,504] {scheduler_job.py:643} INFO - DAG(s) dict_keys(['latest_only_with_trigger']) retrieved from /home/agalli/sandbox/lib/python3.6/site-packages/airflow/example_dags/example_latest_only_with_trigger.py
[2022-02-12 14:23:55,539] {logging_mixin.py:104} INFO - [2022-02-12 14:23:55,539] {dag.py:1832} INFO - Sync 1 DAGs
[2022-02-12 14:23:55,557] {logging_mixin.py:104} INFO - [2022-02-12 14:23:55,557] {dag.py:2305} INFO - Setting next_dagrun for latest_only_with_trigger to 2022-02-10 00:00:00+00:00
[2022-02-12 14:23:55,572] {scheduler_job.py:190} INFO - Processing /home/agalli/sandbox/lib/python3.6/site-packages/airflow/example_dags/example_latest_only_with_trigger.py took 0.094 seconds
[2022-02-12 14:24:28,345] {scheduler_job.py:182} INFO - Started process (PID=8705) to work on /home/agalli/sandbox/lib/python3.6/site-packages/airflow/example_dags/example_latest_only_with_trigger.py
[2022-02-12 14:24:28,348] {scheduler_job.py:633} INFO - Processing file /home/agalli/sandbox/lib/python3.6/site-packages/airflow/example_dags/example_latest_only_with_trigger.py for tasks to queue
[2022-02-12 14:24:28,348] {logging_mixin.py:104} INFO - [2022-02-12 14:24:28,348] {dagbag.py:487} INFO - Filling up the DagBag from /home/agalli/sandbox/lib/python3.6/site-packages/airflow/example_dags/example_latest_only_with_trigger.py
[2022-02-12 14:24:28,369] {scheduler_job.py:643} INFO - DAG(s) dict_keys(['latest_only_with_trigger']) retrieved from /home/agalli/sandbox/lib/python3.6/site-packages/airflow/example_dags/example_latest_only_with_trigger.py
[2022-02-12 14:24:28,430] {logging_mixin.py:104} INFO - [2022-02-12 14:24:28,430] {dag.py:1832} INFO - Sync 1 DAGs
[2022-02-12 14:24:28,465] {logging_mixin.py:104} INFO - [2022-02-12 14:24:28,465] {dag.py:2305} INFO - Setting next_dagrun for latest_only_with_trigger to 2022-02-10 00:00:00+00:00
[2022-02-12 14:24:28,483] {scheduler_job.py:190} INFO - Processing /home/agalli/sandbox/lib/python3.6/site-packages/airflow/example_dags/example_latest_only_with_trigger.py took 0.144 seconds
[2022-02-12 14:24:59,682] {scheduler_job.py:182} INFO - Started process (PID=8907) to work on /home/agalli/sandbox/lib/python3.6/site-packages/airflow/example_dags/example_latest_only_with_trigger.py
[2022-02-12 14:24:59,684] {scheduler_job.py:633} INFO - Processing file /home/agalli/sandbox/lib/python3.6/site-packages/airflow/example_dags/example_latest_only_with_trigger.py for tasks to queue
[2022-02-12 14:24:59,685] {logging_mixin.py:104} INFO - [2022-02-12 14:24:59,685] {dagbag.py:487} INFO - Filling up the DagBag from /home/agalli/sandbox/lib/python3.6/site-packages/airflow/example_dags/example_latest_only_with_trigger.py
[2022-02-12 14:24:59,719] {scheduler_job.py:643} INFO - DAG(s) dict_keys(['latest_only_with_trigger']) retrieved from /home/agalli/sandbox/lib/python3.6/site-packages/airflow/example_dags/example_latest_only_with_trigger.py
[2022-02-12 14:24:59,760] {logging_mixin.py:104} INFO - [2022-02-12 14:24:59,760] {dag.py:1832} INFO - Sync 1 DAGs
[2022-02-12 14:24:59,793] {logging_mixin.py:104} INFO - [2022-02-12 14:24:59,792] {dag.py:2305} INFO - Setting next_dagrun for latest_only_with_trigger to 2022-02-10 00:00:00+00:00
[2022-02-12 14:24:59,945] {scheduler_job.py:190} INFO - Processing /home/agalli/sandbox/lib/python3.6/site-packages/airflow/example_dags/example_latest_only_with_trigger.py took 0.275 seconds
[2022-02-12 14:25:30,353] {scheduler_job.py:182} INFO - Started process (PID=9228) to work on /home/agalli/sandbox/lib/python3.6/site-packages/airflow/example_dags/example_latest_only_with_trigger.py
[2022-02-12 14:25:30,355] {scheduler_job.py:633} INFO - Processing file /home/agalli/sandbox/lib/python3.6/site-packages/airflow/example_dags/example_latest_only_with_trigger.py for tasks to queue
[2022-02-12 14:25:30,356] {logging_mixin.py:104} INFO - [2022-02-12 14:25:30,356] {dagbag.py:487} INFO - Filling up the DagBag from /home/agalli/sandbox/lib/python3.6/site-packages/airflow/example_dags/example_latest_only_with_trigger.py
[2022-02-12 14:25:30,377] {scheduler_job.py:643} INFO - DAG(s) dict_keys(['latest_only_with_trigger']) retrieved from /home/agalli/sandbox/lib/python3.6/site-packages/airflow/example_dags/example_latest_only_with_trigger.py
[2022-02-12 14:25:30,422] {logging_mixin.py:104} INFO - [2022-02-12 14:25:30,422] {dag.py:1832} INFO - Sync 1 DAGs
[2022-02-12 14:25:30,461] {logging_mixin.py:104} INFO - [2022-02-12 14:25:30,461] {dag.py:2305} INFO - Setting next_dagrun for latest_only_with_trigger to 2022-02-10 00:00:00+00:00
[2022-02-12 14:25:30,483] {scheduler_job.py:190} INFO - Processing /home/agalli/sandbox/lib/python3.6/site-packages/airflow/example_dags/example_latest_only_with_trigger.py took 0.136 seconds
[2022-02-12 14:26:01,126] {scheduler_job.py:182} INFO - Started process (PID=9430) to work on /home/agalli/sandbox/lib/python3.6/site-packages/airflow/example_dags/example_latest_only_with_trigger.py
[2022-02-12 14:26:01,132] {scheduler_job.py:633} INFO - Processing file /home/agalli/sandbox/lib/python3.6/site-packages/airflow/example_dags/example_latest_only_with_trigger.py for tasks to queue
[2022-02-12 14:26:01,133] {logging_mixin.py:104} INFO - [2022-02-12 14:26:01,133] {dagbag.py:487} INFO - Filling up the DagBag from /home/agalli/sandbox/lib/python3.6/site-packages/airflow/example_dags/example_latest_only_with_trigger.py
[2022-02-12 14:26:01,153] {scheduler_job.py:643} INFO - DAG(s) dict_keys(['latest_only_with_trigger']) retrieved from /home/agalli/sandbox/lib/python3.6/site-packages/airflow/example_dags/example_latest_only_with_trigger.py
[2022-02-12 14:26:01,195] {logging_mixin.py:104} INFO - [2022-02-12 14:26:01,194] {dag.py:1832} INFO - Sync 1 DAGs
[2022-02-12 14:26:01,226] {logging_mixin.py:104} INFO - [2022-02-12 14:26:01,225] {dag.py:2305} INFO - Setting next_dagrun for latest_only_with_trigger to 2022-02-10 00:00:00+00:00
[2022-02-12 14:26:01,244] {scheduler_job.py:190} INFO - Processing /home/agalli/sandbox/lib/python3.6/site-packages/airflow/example_dags/example_latest_only_with_trigger.py took 0.123 seconds
[2022-02-12 14:26:32,587] {scheduler_job.py:182} INFO - Started process (PID=9633) to work on /home/agalli/sandbox/lib/python3.6/site-packages/airflow/example_dags/example_latest_only_with_trigger.py
[2022-02-12 14:26:32,589] {scheduler_job.py:633} INFO - Processing file /home/agalli/sandbox/lib/python3.6/site-packages/airflow/example_dags/example_latest_only_with_trigger.py for tasks to queue
[2022-02-12 14:26:32,590] {logging_mixin.py:104} INFO - [2022-02-12 14:26:32,589] {dagbag.py:487} INFO - Filling up the DagBag from /home/agalli/sandbox/lib/python3.6/site-packages/airflow/example_dags/example_latest_only_with_trigger.py
[2022-02-12 14:26:32,605] {scheduler_job.py:643} INFO - DAG(s) dict_keys(['latest_only_with_trigger']) retrieved from /home/agalli/sandbox/lib/python3.6/site-packages/airflow/example_dags/example_latest_only_with_trigger.py
[2022-02-12 14:26:32,638] {logging_mixin.py:104} INFO - [2022-02-12 14:26:32,638] {dag.py:1832} INFO - Sync 1 DAGs
[2022-02-12 14:26:32,662] {logging_mixin.py:104} INFO - [2022-02-12 14:26:32,662] {dag.py:2305} INFO - Setting next_dagrun for latest_only_with_trigger to 2022-02-10 00:00:00+00:00
[2022-02-12 14:26:32,675] {scheduler_job.py:190} INFO - Processing /home/agalli/sandbox/lib/python3.6/site-packages/airflow/example_dags/example_latest_only_with_trigger.py took 0.093 seconds
[2022-02-12 14:27:03,727] {scheduler_job.py:182} INFO - Started process (PID=9834) to work on /home/agalli/sandbox/lib/python3.6/site-packages/airflow/example_dags/example_latest_only_with_trigger.py
[2022-02-12 14:27:03,728] {scheduler_job.py:633} INFO - Processing file /home/agalli/sandbox/lib/python3.6/site-packages/airflow/example_dags/example_latest_only_with_trigger.py for tasks to queue
[2022-02-12 14:27:03,730] {logging_mixin.py:104} INFO - [2022-02-12 14:27:03,729] {dagbag.py:487} INFO - Filling up the DagBag from /home/agalli/sandbox/lib/python3.6/site-packages/airflow/example_dags/example_latest_only_with_trigger.py
[2022-02-12 14:27:03,748] {scheduler_job.py:643} INFO - DAG(s) dict_keys(['latest_only_with_trigger']) retrieved from /home/agalli/sandbox/lib/python3.6/site-packages/airflow/example_dags/example_latest_only_with_trigger.py
[2022-02-12 14:27:03,781] {logging_mixin.py:104} INFO - [2022-02-12 14:27:03,781] {dag.py:1832} INFO - Sync 1 DAGs
[2022-02-12 14:27:03,804] {logging_mixin.py:104} INFO - [2022-02-12 14:27:03,804] {dag.py:2305} INFO - Setting next_dagrun for latest_only_with_trigger to 2022-02-10 00:00:00+00:00
[2022-02-12 14:27:03,822] {scheduler_job.py:190} INFO - Processing /home/agalli/sandbox/lib/python3.6/site-packages/airflow/example_dags/example_latest_only_with_trigger.py took 0.099 seconds
[2022-02-12 14:27:34,786] {scheduler_job.py:182} INFO - Started process (PID=10036) to work on /home/agalli/sandbox/lib/python3.6/site-packages/airflow/example_dags/example_latest_only_with_trigger.py
[2022-02-12 14:27:34,789] {scheduler_job.py:633} INFO - Processing file /home/agalli/sandbox/lib/python3.6/site-packages/airflow/example_dags/example_latest_only_with_trigger.py for tasks to queue
[2022-02-12 14:27:34,791] {logging_mixin.py:104} INFO - [2022-02-12 14:27:34,791] {dagbag.py:487} INFO - Filling up the DagBag from /home/agalli/sandbox/lib/python3.6/site-packages/airflow/example_dags/example_latest_only_with_trigger.py
[2022-02-12 14:27:34,812] {scheduler_job.py:643} INFO - DAG(s) dict_keys(['latest_only_with_trigger']) retrieved from /home/agalli/sandbox/lib/python3.6/site-packages/airflow/example_dags/example_latest_only_with_trigger.py
[2022-02-12 14:27:34,852] {logging_mixin.py:104} INFO - [2022-02-12 14:27:34,851] {dag.py:1832} INFO - Sync 1 DAGs
[2022-02-12 14:27:34,884] {logging_mixin.py:104} INFO - [2022-02-12 14:27:34,884] {dag.py:2305} INFO - Setting next_dagrun for latest_only_with_trigger to 2022-02-10 00:00:00+00:00
[2022-02-12 14:27:34,911] {scheduler_job.py:190} INFO - Processing /home/agalli/sandbox/lib/python3.6/site-packages/airflow/example_dags/example_latest_only_with_trigger.py took 0.131 seconds
[2022-02-12 14:28:05,694] {scheduler_job.py:182} INFO - Started process (PID=10239) to work on /home/agalli/sandbox/lib/python3.6/site-packages/airflow/example_dags/example_latest_only_with_trigger.py
[2022-02-12 14:28:05,696] {scheduler_job.py:633} INFO - Processing file /home/agalli/sandbox/lib/python3.6/site-packages/airflow/example_dags/example_latest_only_with_trigger.py for tasks to queue
[2022-02-12 14:28:05,697] {logging_mixin.py:104} INFO - [2022-02-12 14:28:05,696] {dagbag.py:487} INFO - Filling up the DagBag from /home/agalli/sandbox/lib/python3.6/site-packages/airflow/example_dags/example_latest_only_with_trigger.py
[2022-02-12 14:28:05,710] {scheduler_job.py:643} INFO - DAG(s) dict_keys(['latest_only_with_trigger']) retrieved from /home/agalli/sandbox/lib/python3.6/site-packages/airflow/example_dags/example_latest_only_with_trigger.py
[2022-02-12 14:28:05,737] {logging_mixin.py:104} INFO - [2022-02-12 14:28:05,737] {dag.py:1832} INFO - Sync 1 DAGs
[2022-02-12 14:28:05,758] {logging_mixin.py:104} INFO - [2022-02-12 14:28:05,757] {dag.py:2305} INFO - Setting next_dagrun for latest_only_with_trigger to 2022-02-10 00:00:00+00:00
[2022-02-12 14:28:05,770] {scheduler_job.py:190} INFO - Processing /home/agalli/sandbox/lib/python3.6/site-packages/airflow/example_dags/example_latest_only_with_trigger.py took 0.080 seconds
[2022-02-12 14:28:35,997] {scheduler_job.py:182} INFO - Started process (PID=10435) to work on /home/agalli/sandbox/lib/python3.6/site-packages/airflow/example_dags/example_latest_only_with_trigger.py
[2022-02-12 14:28:35,998] {scheduler_job.py:633} INFO - Processing file /home/agalli/sandbox/lib/python3.6/site-packages/airflow/example_dags/example_latest_only_with_trigger.py for tasks to queue
[2022-02-12 14:28:35,999] {logging_mixin.py:104} INFO - [2022-02-12 14:28:35,999] {dagbag.py:487} INFO - Filling up the DagBag from /home/agalli/sandbox/lib/python3.6/site-packages/airflow/example_dags/example_latest_only_with_trigger.py
[2022-02-12 14:28:36,015] {scheduler_job.py:643} INFO - DAG(s) dict_keys(['latest_only_with_trigger']) retrieved from /home/agalli/sandbox/lib/python3.6/site-packages/airflow/example_dags/example_latest_only_with_trigger.py
[2022-02-12 14:28:36,045] {logging_mixin.py:104} INFO - [2022-02-12 14:28:36,044] {dag.py:1832} INFO - Sync 1 DAGs
[2022-02-12 14:28:36,065] {logging_mixin.py:104} INFO - [2022-02-12 14:28:36,065] {dag.py:2305} INFO - Setting next_dagrun for latest_only_with_trigger to 2022-02-10 00:00:00+00:00
[2022-02-12 14:28:36,085] {scheduler_job.py:190} INFO - Processing /home/agalli/sandbox/lib/python3.6/site-packages/airflow/example_dags/example_latest_only_with_trigger.py took 0.093 seconds
[2022-02-12 14:29:06,474] {scheduler_job.py:182} INFO - Started process (PID=10634) to work on /home/agalli/sandbox/lib/python3.6/site-packages/airflow/example_dags/example_latest_only_with_trigger.py
[2022-02-12 14:29:06,477] {scheduler_job.py:633} INFO - Processing file /home/agalli/sandbox/lib/python3.6/site-packages/airflow/example_dags/example_latest_only_with_trigger.py for tasks to queue
[2022-02-12 14:29:06,479] {logging_mixin.py:104} INFO - [2022-02-12 14:29:06,479] {dagbag.py:487} INFO - Filling up the DagBag from /home/agalli/sandbox/lib/python3.6/site-packages/airflow/example_dags/example_latest_only_with_trigger.py
[2022-02-12 14:29:06,514] {scheduler_job.py:643} INFO - DAG(s) dict_keys(['latest_only_with_trigger']) retrieved from /home/agalli/sandbox/lib/python3.6/site-packages/airflow/example_dags/example_latest_only_with_trigger.py
[2022-02-12 14:29:06,569] {logging_mixin.py:104} INFO - [2022-02-12 14:29:06,569] {dag.py:1832} INFO - Sync 1 DAGs
[2022-02-12 14:29:06,607] {logging_mixin.py:104} INFO - [2022-02-12 14:29:06,606] {dag.py:2305} INFO - Setting next_dagrun for latest_only_with_trigger to 2022-02-10 00:00:00+00:00
[2022-02-12 14:29:06,629] {scheduler_job.py:190} INFO - Processing /home/agalli/sandbox/lib/python3.6/site-packages/airflow/example_dags/example_latest_only_with_trigger.py took 0.160 seconds
[2022-02-12 14:29:37,071] {scheduler_job.py:182} INFO - Started process (PID=10839) to work on /home/agalli/sandbox/lib/python3.6/site-packages/airflow/example_dags/example_latest_only_with_trigger.py
[2022-02-12 14:29:37,072] {scheduler_job.py:633} INFO - Processing file /home/agalli/sandbox/lib/python3.6/site-packages/airflow/example_dags/example_latest_only_with_trigger.py for tasks to queue
[2022-02-12 14:29:37,073] {logging_mixin.py:104} INFO - [2022-02-12 14:29:37,072] {dagbag.py:487} INFO - Filling up the DagBag from /home/agalli/sandbox/lib/python3.6/site-packages/airflow/example_dags/example_latest_only_with_trigger.py
[2022-02-12 14:29:37,090] {scheduler_job.py:643} INFO - DAG(s) dict_keys(['latest_only_with_trigger']) retrieved from /home/agalli/sandbox/lib/python3.6/site-packages/airflow/example_dags/example_latest_only_with_trigger.py
[2022-02-12 14:29:37,117] {logging_mixin.py:104} INFO - [2022-02-12 14:29:37,117] {dag.py:1832} INFO - Sync 1 DAGs
[2022-02-12 14:29:37,136] {logging_mixin.py:104} INFO - [2022-02-12 14:29:37,135] {dag.py:2305} INFO - Setting next_dagrun for latest_only_with_trigger to 2022-02-10 00:00:00+00:00
[2022-02-12 14:29:37,149] {scheduler_job.py:190} INFO - Processing /home/agalli/sandbox/lib/python3.6/site-packages/airflow/example_dags/example_latest_only_with_trigger.py took 0.082 seconds
[2022-02-12 14:30:07,792] {scheduler_job.py:182} INFO - Started process (PID=11041) to work on /home/agalli/sandbox/lib/python3.6/site-packages/airflow/example_dags/example_latest_only_with_trigger.py
[2022-02-12 14:30:07,793] {scheduler_job.py:633} INFO - Processing file /home/agalli/sandbox/lib/python3.6/site-packages/airflow/example_dags/example_latest_only_with_trigger.py for tasks to queue
[2022-02-12 14:30:07,795] {logging_mixin.py:104} INFO - [2022-02-12 14:30:07,794] {dagbag.py:487} INFO - Filling up the DagBag from /home/agalli/sandbox/lib/python3.6/site-packages/airflow/example_dags/example_latest_only_with_trigger.py
[2022-02-12 14:30:07,813] {scheduler_job.py:643} INFO - DAG(s) dict_keys(['latest_only_with_trigger']) retrieved from /home/agalli/sandbox/lib/python3.6/site-packages/airflow/example_dags/example_latest_only_with_trigger.py
[2022-02-12 14:30:07,863] {logging_mixin.py:104} INFO - [2022-02-12 14:30:07,863] {dag.py:1832} INFO - Sync 1 DAGs
[2022-02-12 14:30:07,894] {logging_mixin.py:104} INFO - [2022-02-12 14:30:07,894] {dag.py:2305} INFO - Setting next_dagrun for latest_only_with_trigger to 2022-02-10 00:00:00+00:00
[2022-02-12 14:30:07,910] {scheduler_job.py:190} INFO - Processing /home/agalli/sandbox/lib/python3.6/site-packages/airflow/example_dags/example_latest_only_with_trigger.py took 0.124 seconds
[2022-02-12 14:52:16,605] {scheduler_job.py:182} INFO - Started process (PID=14465) to work on /home/agalli/sandbox/lib/python3.6/site-packages/airflow/example_dags/example_latest_only_with_trigger.py
[2022-02-12 14:52:16,621] {scheduler_job.py:633} INFO - Processing file /home/agalli/sandbox/lib/python3.6/site-packages/airflow/example_dags/example_latest_only_with_trigger.py for tasks to queue
[2022-02-12 14:52:16,623] {logging_mixin.py:104} INFO - [2022-02-12 14:52:16,623] {dagbag.py:487} INFO - Filling up the DagBag from /home/agalli/sandbox/lib/python3.6/site-packages/airflow/example_dags/example_latest_only_with_trigger.py
[2022-02-12 14:52:16,708] {scheduler_job.py:643} INFO - DAG(s) dict_keys(['latest_only_with_trigger']) retrieved from /home/agalli/sandbox/lib/python3.6/site-packages/airflow/example_dags/example_latest_only_with_trigger.py
[2022-02-12 14:52:16,889] {logging_mixin.py:104} INFO - [2022-02-12 14:52:16,888] {dag.py:1832} INFO - Sync 1 DAGs
[2022-02-12 14:52:16,983] {logging_mixin.py:104} INFO - [2022-02-12 14:52:16,982] {dag.py:2305} INFO - Setting next_dagrun for latest_only_with_trigger to 2022-02-10 00:00:00+00:00
[2022-02-12 14:52:17,041] {scheduler_job.py:190} INFO - Processing /home/agalli/sandbox/lib/python3.6/site-packages/airflow/example_dags/example_latest_only_with_trigger.py took 0.485 seconds
[2022-02-12 14:52:47,164] {scheduler_job.py:182} INFO - Started process (PID=14640) to work on /home/agalli/sandbox/lib/python3.6/site-packages/airflow/example_dags/example_latest_only_with_trigger.py
[2022-02-12 14:52:47,167] {scheduler_job.py:633} INFO - Processing file /home/agalli/sandbox/lib/python3.6/site-packages/airflow/example_dags/example_latest_only_with_trigger.py for tasks to queue
[2022-02-12 14:52:47,168] {logging_mixin.py:104} INFO - [2022-02-12 14:52:47,168] {dagbag.py:487} INFO - Filling up the DagBag from /home/agalli/sandbox/lib/python3.6/site-packages/airflow/example_dags/example_latest_only_with_trigger.py
[2022-02-12 14:52:47,189] {scheduler_job.py:643} INFO - DAG(s) dict_keys(['latest_only_with_trigger']) retrieved from /home/agalli/sandbox/lib/python3.6/site-packages/airflow/example_dags/example_latest_only_with_trigger.py
[2022-02-12 14:52:47,223] {logging_mixin.py:104} INFO - [2022-02-12 14:52:47,223] {dag.py:1832} INFO - Sync 1 DAGs
[2022-02-12 14:52:47,245] {logging_mixin.py:104} INFO - [2022-02-12 14:52:47,245] {dag.py:2305} INFO - Setting next_dagrun for latest_only_with_trigger to 2022-02-10 00:00:00+00:00
[2022-02-12 14:52:47,266] {scheduler_job.py:190} INFO - Processing /home/agalli/sandbox/lib/python3.6/site-packages/airflow/example_dags/example_latest_only_with_trigger.py took 0.122 seconds
[2022-02-12 14:53:17,449] {scheduler_job.py:182} INFO - Started process (PID=14845) to work on /home/agalli/sandbox/lib/python3.6/site-packages/airflow/example_dags/example_latest_only_with_trigger.py
[2022-02-12 14:53:17,450] {scheduler_job.py:633} INFO - Processing file /home/agalli/sandbox/lib/python3.6/site-packages/airflow/example_dags/example_latest_only_with_trigger.py for tasks to queue
[2022-02-12 14:53:17,451] {logging_mixin.py:104} INFO - [2022-02-12 14:53:17,451] {dagbag.py:487} INFO - Filling up the DagBag from /home/agalli/sandbox/lib/python3.6/site-packages/airflow/example_dags/example_latest_only_with_trigger.py
[2022-02-12 14:53:17,472] {scheduler_job.py:643} INFO - DAG(s) dict_keys(['latest_only_with_trigger']) retrieved from /home/agalli/sandbox/lib/python3.6/site-packages/airflow/example_dags/example_latest_only_with_trigger.py
[2022-02-12 14:53:17,517] {logging_mixin.py:104} INFO - [2022-02-12 14:53:17,517] {dag.py:1832} INFO - Sync 1 DAGs
[2022-02-12 14:53:17,550] {logging_mixin.py:104} INFO - [2022-02-12 14:53:17,550] {dag.py:2305} INFO - Setting next_dagrun for latest_only_with_trigger to 2022-02-10 00:00:00+00:00
[2022-02-12 14:53:17,573] {scheduler_job.py:190} INFO - Processing /home/agalli/sandbox/lib/python3.6/site-packages/airflow/example_dags/example_latest_only_with_trigger.py took 0.130 seconds
[2022-02-12 14:53:48,012] {scheduler_job.py:182} INFO - Started process (PID=15683) to work on /home/agalli/sandbox/lib/python3.6/site-packages/airflow/example_dags/example_latest_only_with_trigger.py
[2022-02-12 14:53:48,013] {scheduler_job.py:633} INFO - Processing file /home/agalli/sandbox/lib/python3.6/site-packages/airflow/example_dags/example_latest_only_with_trigger.py for tasks to queue
[2022-02-12 14:53:48,014] {logging_mixin.py:104} INFO - [2022-02-12 14:53:48,013] {dagbag.py:487} INFO - Filling up the DagBag from /home/agalli/sandbox/lib/python3.6/site-packages/airflow/example_dags/example_latest_only_with_trigger.py
[2022-02-12 14:53:48,028] {scheduler_job.py:643} INFO - DAG(s) dict_keys(['latest_only_with_trigger']) retrieved from /home/agalli/sandbox/lib/python3.6/site-packages/airflow/example_dags/example_latest_only_with_trigger.py
[2022-02-12 14:53:48,060] {logging_mixin.py:104} INFO - [2022-02-12 14:53:48,060] {dag.py:1832} INFO - Sync 1 DAGs
[2022-02-12 14:53:48,080] {logging_mixin.py:104} INFO - [2022-02-12 14:53:48,080] {dag.py:2305} INFO - Setting next_dagrun for latest_only_with_trigger to 2022-02-10 00:00:00+00:00
[2022-02-12 14:53:48,094] {scheduler_job.py:190} INFO - Processing /home/agalli/sandbox/lib/python3.6/site-packages/airflow/example_dags/example_latest_only_with_trigger.py took 0.087 seconds
[2022-02-12 14:54:18,413] {scheduler_job.py:182} INFO - Started process (PID=15813) to work on /home/agalli/sandbox/lib/python3.6/site-packages/airflow/example_dags/example_latest_only_with_trigger.py
[2022-02-12 14:54:18,417] {scheduler_job.py:633} INFO - Processing file /home/agalli/sandbox/lib/python3.6/site-packages/airflow/example_dags/example_latest_only_with_trigger.py for tasks to queue
[2022-02-12 14:54:18,419] {logging_mixin.py:104} INFO - [2022-02-12 14:54:18,419] {dagbag.py:487} INFO - Filling up the DagBag from /home/agalli/sandbox/lib/python3.6/site-packages/airflow/example_dags/example_latest_only_with_trigger.py
[2022-02-12 14:54:18,451] {scheduler_job.py:643} INFO - DAG(s) dict_keys(['latest_only_with_trigger']) retrieved from /home/agalli/sandbox/lib/python3.6/site-packages/airflow/example_dags/example_latest_only_with_trigger.py
[2022-02-12 14:54:18,517] {logging_mixin.py:104} INFO - [2022-02-12 14:54:18,517] {dag.py:1832} INFO - Sync 1 DAGs
[2022-02-12 14:54:18,567] {logging_mixin.py:104} INFO - [2022-02-12 14:54:18,567] {dag.py:2305} INFO - Setting next_dagrun for latest_only_with_trigger to 2022-02-10 00:00:00+00:00
[2022-02-12 14:54:18,599] {scheduler_job.py:190} INFO - Processing /home/agalli/sandbox/lib/python3.6/site-packages/airflow/example_dags/example_latest_only_with_trigger.py took 0.201 seconds
[2022-02-12 14:54:49,071] {scheduler_job.py:182} INFO - Started process (PID=15939) to work on /home/agalli/sandbox/lib/python3.6/site-packages/airflow/example_dags/example_latest_only_with_trigger.py
[2022-02-12 14:54:49,072] {scheduler_job.py:633} INFO - Processing file /home/agalli/sandbox/lib/python3.6/site-packages/airflow/example_dags/example_latest_only_with_trigger.py for tasks to queue
[2022-02-12 14:54:49,073] {logging_mixin.py:104} INFO - [2022-02-12 14:54:49,073] {dagbag.py:487} INFO - Filling up the DagBag from /home/agalli/sandbox/lib/python3.6/site-packages/airflow/example_dags/example_latest_only_with_trigger.py
[2022-02-12 14:54:49,085] {scheduler_job.py:643} INFO - DAG(s) dict_keys(['latest_only_with_trigger']) retrieved from /home/agalli/sandbox/lib/python3.6/site-packages/airflow/example_dags/example_latest_only_with_trigger.py
[2022-02-12 14:54:49,115] {logging_mixin.py:104} INFO - [2022-02-12 14:54:49,115] {dag.py:1832} INFO - Sync 1 DAGs
[2022-02-12 14:54:49,134] {logging_mixin.py:104} INFO - [2022-02-12 14:54:49,134] {dag.py:2305} INFO - Setting next_dagrun for latest_only_with_trigger to 2022-02-10 00:00:00+00:00
[2022-02-12 14:54:49,147] {scheduler_job.py:190} INFO - Processing /home/agalli/sandbox/lib/python3.6/site-packages/airflow/example_dags/example_latest_only_with_trigger.py took 0.079 seconds
[2022-02-12 14:55:20,052] {scheduler_job.py:182} INFO - Started process (PID=16034) to work on /home/agalli/sandbox/lib/python3.6/site-packages/airflow/example_dags/example_latest_only_with_trigger.py
[2022-02-12 14:55:20,054] {scheduler_job.py:633} INFO - Processing file /home/agalli/sandbox/lib/python3.6/site-packages/airflow/example_dags/example_latest_only_with_trigger.py for tasks to queue
[2022-02-12 14:55:20,055] {logging_mixin.py:104} INFO - [2022-02-12 14:55:20,055] {dagbag.py:487} INFO - Filling up the DagBag from /home/agalli/sandbox/lib/python3.6/site-packages/airflow/example_dags/example_latest_only_with_trigger.py
[2022-02-12 14:55:20,068] {scheduler_job.py:643} INFO - DAG(s) dict_keys(['latest_only_with_trigger']) retrieved from /home/agalli/sandbox/lib/python3.6/site-packages/airflow/example_dags/example_latest_only_with_trigger.py
[2022-02-12 14:55:20,097] {logging_mixin.py:104} INFO - [2022-02-12 14:55:20,096] {dag.py:1832} INFO - Sync 1 DAGs
[2022-02-12 14:55:20,113] {logging_mixin.py:104} INFO - [2022-02-12 14:55:20,113] {dag.py:2305} INFO - Setting next_dagrun for latest_only_with_trigger to 2022-02-10 00:00:00+00:00
[2022-02-12 14:55:20,126] {scheduler_job.py:190} INFO - Processing /home/agalli/sandbox/lib/python3.6/site-packages/airflow/example_dags/example_latest_only_with_trigger.py took 0.077 seconds
[2022-02-12 14:56:39,712] {scheduler_job.py:182} INFO - Started process (PID=16402) to work on /home/agalli/sandbox/lib/python3.6/site-packages/airflow/example_dags/example_latest_only_with_trigger.py
[2022-02-12 14:56:39,716] {scheduler_job.py:633} INFO - Processing file /home/agalli/sandbox/lib/python3.6/site-packages/airflow/example_dags/example_latest_only_with_trigger.py for tasks to queue
[2022-02-12 14:56:39,717] {logging_mixin.py:104} INFO - [2022-02-12 14:56:39,717] {dagbag.py:487} INFO - Filling up the DagBag from /home/agalli/sandbox/lib/python3.6/site-packages/airflow/example_dags/example_latest_only_with_trigger.py
[2022-02-12 14:56:39,757] {scheduler_job.py:643} INFO - DAG(s) dict_keys(['latest_only_with_trigger']) retrieved from /home/agalli/sandbox/lib/python3.6/site-packages/airflow/example_dags/example_latest_only_with_trigger.py
[2022-02-12 14:56:39,812] {logging_mixin.py:104} INFO - [2022-02-12 14:56:39,812] {dag.py:1832} INFO - Sync 1 DAGs
[2022-02-12 14:56:39,857] {logging_mixin.py:104} INFO - [2022-02-12 14:56:39,857] {dag.py:2305} INFO - Setting next_dagrun for latest_only_with_trigger to 2022-02-10 00:00:00+00:00
[2022-02-12 14:56:39,905] {scheduler_job.py:190} INFO - Processing /home/agalli/sandbox/lib/python3.6/site-packages/airflow/example_dags/example_latest_only_with_trigger.py took 0.235 seconds
[2022-02-12 14:57:10,675] {scheduler_job.py:182} INFO - Started process (PID=16502) to work on /home/agalli/sandbox/lib/python3.6/site-packages/airflow/example_dags/example_latest_only_with_trigger.py
[2022-02-12 14:57:10,684] {scheduler_job.py:633} INFO - Processing file /home/agalli/sandbox/lib/python3.6/site-packages/airflow/example_dags/example_latest_only_with_trigger.py for tasks to queue
[2022-02-12 14:57:10,685] {logging_mixin.py:104} INFO - [2022-02-12 14:57:10,685] {dagbag.py:487} INFO - Filling up the DagBag from /home/agalli/sandbox/lib/python3.6/site-packages/airflow/example_dags/example_latest_only_with_trigger.py
[2022-02-12 14:57:10,738] {scheduler_job.py:643} INFO - DAG(s) dict_keys(['latest_only_with_trigger']) retrieved from /home/agalli/sandbox/lib/python3.6/site-packages/airflow/example_dags/example_latest_only_with_trigger.py
[2022-02-12 14:57:10,825] {logging_mixin.py:104} INFO - [2022-02-12 14:57:10,825] {dag.py:1832} INFO - Sync 1 DAGs
[2022-02-12 14:57:10,862] {logging_mixin.py:104} INFO - [2022-02-12 14:57:10,862] {dag.py:2305} INFO - Setting next_dagrun for latest_only_with_trigger to 2022-02-10 00:00:00+00:00
[2022-02-12 14:57:10,888] {scheduler_job.py:190} INFO - Processing /home/agalli/sandbox/lib/python3.6/site-packages/airflow/example_dags/example_latest_only_with_trigger.py took 0.222 seconds
[2022-02-12 14:57:41,074] {scheduler_job.py:182} INFO - Started process (PID=16692) to work on /home/agalli/sandbox/lib/python3.6/site-packages/airflow/example_dags/example_latest_only_with_trigger.py
[2022-02-12 14:57:41,075] {scheduler_job.py:633} INFO - Processing file /home/agalli/sandbox/lib/python3.6/site-packages/airflow/example_dags/example_latest_only_with_trigger.py for tasks to queue
[2022-02-12 14:57:41,076] {logging_mixin.py:104} INFO - [2022-02-12 14:57:41,076] {dagbag.py:487} INFO - Filling up the DagBag from /home/agalli/sandbox/lib/python3.6/site-packages/airflow/example_dags/example_latest_only_with_trigger.py
[2022-02-12 14:57:41,087] {scheduler_job.py:643} INFO - DAG(s) dict_keys(['latest_only_with_trigger']) retrieved from /home/agalli/sandbox/lib/python3.6/site-packages/airflow/example_dags/example_latest_only_with_trigger.py
[2022-02-12 14:57:41,114] {logging_mixin.py:104} INFO - [2022-02-12 14:57:41,113] {dag.py:1832} INFO - Sync 1 DAGs
[2022-02-12 14:57:41,130] {logging_mixin.py:104} INFO - [2022-02-12 14:57:41,130] {dag.py:2305} INFO - Setting next_dagrun for latest_only_with_trigger to 2022-02-10 00:00:00+00:00
[2022-02-12 14:57:41,141] {scheduler_job.py:190} INFO - Processing /home/agalli/sandbox/lib/python3.6/site-packages/airflow/example_dags/example_latest_only_with_trigger.py took 0.070 seconds
[2022-02-12 14:58:12,466] {scheduler_job.py:182} INFO - Started process (PID=16761) to work on /home/agalli/sandbox/lib/python3.6/site-packages/airflow/example_dags/example_latest_only_with_trigger.py
[2022-02-12 14:58:12,468] {scheduler_job.py:633} INFO - Processing file /home/agalli/sandbox/lib/python3.6/site-packages/airflow/example_dags/example_latest_only_with_trigger.py for tasks to queue
[2022-02-12 14:58:12,469] {logging_mixin.py:104} INFO - [2022-02-12 14:58:12,469] {dagbag.py:487} INFO - Filling up the DagBag from /home/agalli/sandbox/lib/python3.6/site-packages/airflow/example_dags/example_latest_only_with_trigger.py
[2022-02-12 14:58:12,488] {scheduler_job.py:643} INFO - DAG(s) dict_keys(['latest_only_with_trigger']) retrieved from /home/agalli/sandbox/lib/python3.6/site-packages/airflow/example_dags/example_latest_only_with_trigger.py
[2022-02-12 14:58:12,535] {logging_mixin.py:104} INFO - [2022-02-12 14:58:12,534] {dag.py:1832} INFO - Sync 1 DAGs
[2022-02-12 14:58:12,559] {logging_mixin.py:104} INFO - [2022-02-12 14:58:12,559] {dag.py:2305} INFO - Setting next_dagrun for latest_only_with_trigger to 2022-02-10 00:00:00+00:00
[2022-02-12 14:58:12,578] {scheduler_job.py:190} INFO - Processing /home/agalli/sandbox/lib/python3.6/site-packages/airflow/example_dags/example_latest_only_with_trigger.py took 0.120 seconds
[2022-02-12 14:58:42,787] {scheduler_job.py:182} INFO - Started process (PID=16831) to work on /home/agalli/sandbox/lib/python3.6/site-packages/airflow/example_dags/example_latest_only_with_trigger.py
[2022-02-12 14:58:42,789] {scheduler_job.py:633} INFO - Processing file /home/agalli/sandbox/lib/python3.6/site-packages/airflow/example_dags/example_latest_only_with_trigger.py for tasks to queue
[2022-02-12 14:58:42,790] {logging_mixin.py:104} INFO - [2022-02-12 14:58:42,790] {dagbag.py:487} INFO - Filling up the DagBag from /home/agalli/sandbox/lib/python3.6/site-packages/airflow/example_dags/example_latest_only_with_trigger.py
[2022-02-12 14:58:42,811] {scheduler_job.py:643} INFO - DAG(s) dict_keys(['latest_only_with_trigger']) retrieved from /home/agalli/sandbox/lib/python3.6/site-packages/airflow/example_dags/example_latest_only_with_trigger.py
[2022-02-12 14:58:42,848] {logging_mixin.py:104} INFO - [2022-02-12 14:58:42,847] {dag.py:1832} INFO - Sync 1 DAGs
[2022-02-12 14:58:42,868] {logging_mixin.py:104} INFO - [2022-02-12 14:58:42,868] {dag.py:2305} INFO - Setting next_dagrun for latest_only_with_trigger to 2022-02-10 00:00:00+00:00
[2022-02-12 14:58:42,884] {scheduler_job.py:190} INFO - Processing /home/agalli/sandbox/lib/python3.6/site-packages/airflow/example_dags/example_latest_only_with_trigger.py took 0.102 seconds
[2022-02-12 14:59:14,114] {scheduler_job.py:182} INFO - Started process (PID=16902) to work on /home/agalli/sandbox/lib/python3.6/site-packages/airflow/example_dags/example_latest_only_with_trigger.py
[2022-02-12 14:59:14,116] {scheduler_job.py:633} INFO - Processing file /home/agalli/sandbox/lib/python3.6/site-packages/airflow/example_dags/example_latest_only_with_trigger.py for tasks to queue
[2022-02-12 14:59:14,117] {logging_mixin.py:104} INFO - [2022-02-12 14:59:14,117] {dagbag.py:487} INFO - Filling up the DagBag from /home/agalli/sandbox/lib/python3.6/site-packages/airflow/example_dags/example_latest_only_with_trigger.py
[2022-02-12 14:59:14,155] {scheduler_job.py:643} INFO - DAG(s) dict_keys(['latest_only_with_trigger']) retrieved from /home/agalli/sandbox/lib/python3.6/site-packages/airflow/example_dags/example_latest_only_with_trigger.py
[2022-02-12 14:59:14,242] {logging_mixin.py:104} INFO - [2022-02-12 14:59:14,242] {dag.py:1832} INFO - Sync 1 DAGs
[2022-02-12 14:59:14,298] {logging_mixin.py:104} INFO - [2022-02-12 14:59:14,297] {dag.py:2305} INFO - Setting next_dagrun for latest_only_with_trigger to 2022-02-10 00:00:00+00:00
[2022-02-12 14:59:14,350] {scheduler_job.py:190} INFO - Processing /home/agalli/sandbox/lib/python3.6/site-packages/airflow/example_dags/example_latest_only_with_trigger.py took 0.270 seconds
[2022-02-12 14:59:44,426] {scheduler_job.py:182} INFO - Started process (PID=16972) to work on /home/agalli/sandbox/lib/python3.6/site-packages/airflow/example_dags/example_latest_only_with_trigger.py
[2022-02-12 14:59:44,428] {scheduler_job.py:633} INFO - Processing file /home/agalli/sandbox/lib/python3.6/site-packages/airflow/example_dags/example_latest_only_with_trigger.py for tasks to queue
[2022-02-12 14:59:44,431] {logging_mixin.py:104} INFO - [2022-02-12 14:59:44,431] {dagbag.py:487} INFO - Filling up the DagBag from /home/agalli/sandbox/lib/python3.6/site-packages/airflow/example_dags/example_latest_only_with_trigger.py
[2022-02-12 14:59:44,455] {scheduler_job.py:643} INFO - DAG(s) dict_keys(['latest_only_with_trigger']) retrieved from /home/agalli/sandbox/lib/python3.6/site-packages/airflow/example_dags/example_latest_only_with_trigger.py
[2022-02-12 14:59:44,497] {logging_mixin.py:104} INFO - [2022-02-12 14:59:44,497] {dag.py:1832} INFO - Sync 1 DAGs
[2022-02-12 14:59:44,526] {logging_mixin.py:104} INFO - [2022-02-12 14:59:44,526] {dag.py:2305} INFO - Setting next_dagrun for latest_only_with_trigger to 2022-02-10 00:00:00+00:00
[2022-02-12 14:59:44,548] {scheduler_job.py:190} INFO - Processing /home/agalli/sandbox/lib/python3.6/site-packages/airflow/example_dags/example_latest_only_with_trigger.py took 0.128 seconds
[2022-02-12 15:00:15,920] {scheduler_job.py:182} INFO - Started process (PID=17042) to work on /home/agalli/sandbox/lib/python3.6/site-packages/airflow/example_dags/example_latest_only_with_trigger.py
[2022-02-12 15:00:15,922] {scheduler_job.py:633} INFO - Processing file /home/agalli/sandbox/lib/python3.6/site-packages/airflow/example_dags/example_latest_only_with_trigger.py for tasks to queue
[2022-02-12 15:00:15,923] {logging_mixin.py:104} INFO - [2022-02-12 15:00:15,923] {dagbag.py:487} INFO - Filling up the DagBag from /home/agalli/sandbox/lib/python3.6/site-packages/airflow/example_dags/example_latest_only_with_trigger.py
[2022-02-12 15:00:15,938] {scheduler_job.py:643} INFO - DAG(s) dict_keys(['latest_only_with_trigger']) retrieved from /home/agalli/sandbox/lib/python3.6/site-packages/airflow/example_dags/example_latest_only_with_trigger.py
[2022-02-12 15:00:15,977] {logging_mixin.py:104} INFO - [2022-02-12 15:00:15,976] {dag.py:1832} INFO - Sync 1 DAGs
[2022-02-12 15:00:16,023] {logging_mixin.py:104} INFO - [2022-02-12 15:00:16,023] {dag.py:2305} INFO - Setting next_dagrun for latest_only_with_trigger to 2022-02-10 00:00:00+00:00
[2022-02-12 15:00:16,040] {scheduler_job.py:190} INFO - Processing /home/agalli/sandbox/lib/python3.6/site-packages/airflow/example_dags/example_latest_only_with_trigger.py took 0.126 seconds
[2022-02-12 15:00:42,707] {scheduler_job.py:182} INFO - Started process (PID=17685) to work on /home/agalli/sandbox/lib/python3.6/site-packages/airflow/example_dags/example_latest_only_with_trigger.py
[2022-02-12 15:00:42,746] {scheduler_job.py:633} INFO - Processing file /home/agalli/sandbox/lib/python3.6/site-packages/airflow/example_dags/example_latest_only_with_trigger.py for tasks to queue
[2022-02-12 15:00:42,747] {logging_mixin.py:104} INFO - [2022-02-12 15:00:42,747] {dagbag.py:487} INFO - Filling up the DagBag from /home/agalli/sandbox/lib/python3.6/site-packages/airflow/example_dags/example_latest_only_with_trigger.py
[2022-02-12 15:00:42,894] {scheduler_job.py:643} INFO - DAG(s) dict_keys(['latest_only_with_trigger']) retrieved from /home/agalli/sandbox/lib/python3.6/site-packages/airflow/example_dags/example_latest_only_with_trigger.py
[2022-02-12 15:00:43,318] {logging_mixin.py:104} INFO - [2022-02-12 15:00:43,317] {dag.py:1832} INFO - Sync 1 DAGs
[2022-02-12 15:00:43,502] {logging_mixin.py:104} INFO - [2022-02-12 15:00:43,499] {dag.py:2305} INFO - Setting next_dagrun for latest_only_with_trigger to 2022-02-10 00:00:00+00:00
[2022-02-12 15:00:43,863] {scheduler_job.py:190} INFO - Processing /home/agalli/sandbox/lib/python3.6/site-packages/airflow/example_dags/example_latest_only_with_trigger.py took 1.257 seconds
[2022-02-12 15:01:14,433] {scheduler_job.py:182} INFO - Started process (PID=17956) to work on /home/agalli/sandbox/lib/python3.6/site-packages/airflow/example_dags/example_latest_only_with_trigger.py
[2022-02-12 15:01:14,434] {scheduler_job.py:633} INFO - Processing file /home/agalli/sandbox/lib/python3.6/site-packages/airflow/example_dags/example_latest_only_with_trigger.py for tasks to queue
[2022-02-12 15:01:14,435] {logging_mixin.py:104} INFO - [2022-02-12 15:01:14,435] {dagbag.py:487} INFO - Filling up the DagBag from /home/agalli/sandbox/lib/python3.6/site-packages/airflow/example_dags/example_latest_only_with_trigger.py
[2022-02-12 15:01:14,447] {scheduler_job.py:643} INFO - DAG(s) dict_keys(['latest_only_with_trigger']) retrieved from /home/agalli/sandbox/lib/python3.6/site-packages/airflow/example_dags/example_latest_only_with_trigger.py
[2022-02-12 15:01:14,480] {logging_mixin.py:104} INFO - [2022-02-12 15:01:14,480] {dag.py:1832} INFO - Sync 1 DAGs
[2022-02-12 15:01:14,498] {logging_mixin.py:104} INFO - [2022-02-12 15:01:14,498] {dag.py:2305} INFO - Setting next_dagrun for latest_only_with_trigger to 2022-02-10 00:00:00+00:00
[2022-02-12 15:01:14,509] {scheduler_job.py:190} INFO - Processing /home/agalli/sandbox/lib/python3.6/site-packages/airflow/example_dags/example_latest_only_with_trigger.py took 0.080 seconds
[2022-02-12 15:01:45,093] {scheduler_job.py:182} INFO - Started process (PID=18158) to work on /home/agalli/sandbox/lib/python3.6/site-packages/airflow/example_dags/example_latest_only_with_trigger.py
[2022-02-12 15:01:45,094] {scheduler_job.py:633} INFO - Processing file /home/agalli/sandbox/lib/python3.6/site-packages/airflow/example_dags/example_latest_only_with_trigger.py for tasks to queue
[2022-02-12 15:01:45,095] {logging_mixin.py:104} INFO - [2022-02-12 15:01:45,095] {dagbag.py:487} INFO - Filling up the DagBag from /home/agalli/sandbox/lib/python3.6/site-packages/airflow/example_dags/example_latest_only_with_trigger.py
[2022-02-12 15:01:45,108] {scheduler_job.py:643} INFO - DAG(s) dict_keys(['latest_only_with_trigger']) retrieved from /home/agalli/sandbox/lib/python3.6/site-packages/airflow/example_dags/example_latest_only_with_trigger.py
[2022-02-12 15:01:45,138] {logging_mixin.py:104} INFO - [2022-02-12 15:01:45,138] {dag.py:1832} INFO - Sync 1 DAGs
[2022-02-12 15:01:45,158] {logging_mixin.py:104} INFO - [2022-02-12 15:01:45,157] {dag.py:2305} INFO - Setting next_dagrun for latest_only_with_trigger to 2022-02-10 00:00:00+00:00
[2022-02-12 15:01:45,174] {scheduler_job.py:190} INFO - Processing /home/agalli/sandbox/lib/python3.6/site-packages/airflow/example_dags/example_latest_only_with_trigger.py took 0.084 seconds
[2022-02-12 15:02:15,440] {scheduler_job.py:182} INFO - Started process (PID=18465) to work on /home/agalli/sandbox/lib/python3.6/site-packages/airflow/example_dags/example_latest_only_with_trigger.py
[2022-02-12 15:02:15,442] {scheduler_job.py:633} INFO - Processing file /home/agalli/sandbox/lib/python3.6/site-packages/airflow/example_dags/example_latest_only_with_trigger.py for tasks to queue
[2022-02-12 15:02:15,444] {logging_mixin.py:104} INFO - [2022-02-12 15:02:15,444] {dagbag.py:487} INFO - Filling up the DagBag from /home/agalli/sandbox/lib/python3.6/site-packages/airflow/example_dags/example_latest_only_with_trigger.py
[2022-02-12 15:02:15,533] {scheduler_job.py:643} INFO - DAG(s) dict_keys(['latest_only_with_trigger']) retrieved from /home/agalli/sandbox/lib/python3.6/site-packages/airflow/example_dags/example_latest_only_with_trigger.py
[2022-02-12 15:02:15,696] {logging_mixin.py:104} INFO - [2022-02-12 15:02:15,695] {dag.py:1832} INFO - Sync 1 DAGs
[2022-02-12 15:02:15,808] {logging_mixin.py:104} INFO - [2022-02-12 15:02:15,807] {dag.py:2305} INFO - Setting next_dagrun for latest_only_with_trigger to 2022-02-10 00:00:00+00:00
[2022-02-12 15:02:15,900] {scheduler_job.py:190} INFO - Processing /home/agalli/sandbox/lib/python3.6/site-packages/airflow/example_dags/example_latest_only_with_trigger.py took 0.485 seconds
[2022-02-12 15:02:46,054] {scheduler_job.py:182} INFO - Started process (PID=18937) to work on /home/agalli/sandbox/lib/python3.6/site-packages/airflow/example_dags/example_latest_only_with_trigger.py
[2022-02-12 15:02:46,056] {scheduler_job.py:633} INFO - Processing file /home/agalli/sandbox/lib/python3.6/site-packages/airflow/example_dags/example_latest_only_with_trigger.py for tasks to queue
[2022-02-12 15:02:46,058] {logging_mixin.py:104} INFO - [2022-02-12 15:02:46,058] {dagbag.py:487} INFO - Filling up the DagBag from /home/agalli/sandbox/lib/python3.6/site-packages/airflow/example_dags/example_latest_only_with_trigger.py
[2022-02-12 15:02:46,088] {scheduler_job.py:643} INFO - DAG(s) dict_keys(['latest_only_with_trigger']) retrieved from /home/agalli/sandbox/lib/python3.6/site-packages/airflow/example_dags/example_latest_only_with_trigger.py
[2022-02-12 15:02:46,139] {logging_mixin.py:104} INFO - [2022-02-12 15:02:46,138] {dag.py:1832} INFO - Sync 1 DAGs
[2022-02-12 15:02:46,181] {logging_mixin.py:104} INFO - [2022-02-12 15:02:46,181] {dag.py:2305} INFO - Setting next_dagrun for latest_only_with_trigger to 2022-02-10 00:00:00+00:00
[2022-02-12 15:02:46,203] {scheduler_job.py:190} INFO - Processing /home/agalli/sandbox/lib/python3.6/site-packages/airflow/example_dags/example_latest_only_with_trigger.py took 0.154 seconds
[2022-02-12 15:03:16,470] {scheduler_job.py:182} INFO - Started process (PID=19302) to work on /home/agalli/sandbox/lib/python3.6/site-packages/airflow/example_dags/example_latest_only_with_trigger.py
[2022-02-12 15:03:16,475] {scheduler_job.py:633} INFO - Processing file /home/agalli/sandbox/lib/python3.6/site-packages/airflow/example_dags/example_latest_only_with_trigger.py for tasks to queue
[2022-02-12 15:03:16,477] {logging_mixin.py:104} INFO - [2022-02-12 15:03:16,477] {dagbag.py:487} INFO - Filling up the DagBag from /home/agalli/sandbox/lib/python3.6/site-packages/airflow/example_dags/example_latest_only_with_trigger.py
[2022-02-12 15:03:16,499] {scheduler_job.py:643} INFO - DAG(s) dict_keys(['latest_only_with_trigger']) retrieved from /home/agalli/sandbox/lib/python3.6/site-packages/airflow/example_dags/example_latest_only_with_trigger.py
[2022-02-12 15:03:16,535] {logging_mixin.py:104} INFO - [2022-02-12 15:03:16,535] {dag.py:1832} INFO - Sync 1 DAGs
[2022-02-12 15:03:16,561] {logging_mixin.py:104} INFO - [2022-02-12 15:03:16,561] {dag.py:2305} INFO - Setting next_dagrun for latest_only_with_trigger to 2022-02-10 00:00:00+00:00
[2022-02-12 15:03:16,580] {scheduler_job.py:190} INFO - Processing /home/agalli/sandbox/lib/python3.6/site-packages/airflow/example_dags/example_latest_only_with_trigger.py took 0.118 seconds
[2022-02-12 15:03:47,945] {scheduler_job.py:182} INFO - Started process (PID=19504) to work on /home/agalli/sandbox/lib/python3.6/site-packages/airflow/example_dags/example_latest_only_with_trigger.py
[2022-02-12 15:03:47,947] {scheduler_job.py:633} INFO - Processing file /home/agalli/sandbox/lib/python3.6/site-packages/airflow/example_dags/example_latest_only_with_trigger.py for tasks to queue
[2022-02-12 15:03:47,950] {logging_mixin.py:104} INFO - [2022-02-12 15:03:47,949] {dagbag.py:487} INFO - Filling up the DagBag from /home/agalli/sandbox/lib/python3.6/site-packages/airflow/example_dags/example_latest_only_with_trigger.py
[2022-02-12 15:03:47,973] {scheduler_job.py:643} INFO - DAG(s) dict_keys(['latest_only_with_trigger']) retrieved from /home/agalli/sandbox/lib/python3.6/site-packages/airflow/example_dags/example_latest_only_with_trigger.py
[2022-02-12 15:03:48,018] {logging_mixin.py:104} INFO - [2022-02-12 15:03:48,018] {dag.py:1832} INFO - Sync 1 DAGs
[2022-02-12 15:03:48,057] {logging_mixin.py:104} INFO - [2022-02-12 15:03:48,057] {dag.py:2305} INFO - Setting next_dagrun for latest_only_with_trigger to 2022-02-10 00:00:00+00:00
[2022-02-12 15:03:48,116] {scheduler_job.py:190} INFO - Processing /home/agalli/sandbox/lib/python3.6/site-packages/airflow/example_dags/example_latest_only_with_trigger.py took 0.178 seconds
[2022-02-12 15:04:18,400] {scheduler_job.py:182} INFO - Started process (PID=19706) to work on /home/agalli/sandbox/lib/python3.6/site-packages/airflow/example_dags/example_latest_only_with_trigger.py
[2022-02-12 15:04:18,403] {scheduler_job.py:633} INFO - Processing file /home/agalli/sandbox/lib/python3.6/site-packages/airflow/example_dags/example_latest_only_with_trigger.py for tasks to queue
[2022-02-12 15:04:18,404] {logging_mixin.py:104} INFO - [2022-02-12 15:04:18,404] {dagbag.py:487} INFO - Filling up the DagBag from /home/agalli/sandbox/lib/python3.6/site-packages/airflow/example_dags/example_latest_only_with_trigger.py
[2022-02-12 15:04:18,426] {scheduler_job.py:643} INFO - DAG(s) dict_keys(['latest_only_with_trigger']) retrieved from /home/agalli/sandbox/lib/python3.6/site-packages/airflow/example_dags/example_latest_only_with_trigger.py
[2022-02-12 15:04:18,472] {logging_mixin.py:104} INFO - [2022-02-12 15:04:18,472] {dag.py:1832} INFO - Sync 1 DAGs
[2022-02-12 15:04:18,493] {logging_mixin.py:104} INFO - [2022-02-12 15:04:18,493] {dag.py:2305} INFO - Setting next_dagrun for latest_only_with_trigger to 2022-02-10 00:00:00+00:00
[2022-02-12 15:04:18,507] {scheduler_job.py:190} INFO - Processing /home/agalli/sandbox/lib/python3.6/site-packages/airflow/example_dags/example_latest_only_with_trigger.py took 0.131 seconds
[2022-02-12 15:04:49,463] {scheduler_job.py:182} INFO - Started process (PID=19908) to work on /home/agalli/sandbox/lib/python3.6/site-packages/airflow/example_dags/example_latest_only_with_trigger.py
[2022-02-12 15:04:49,465] {scheduler_job.py:633} INFO - Processing file /home/agalli/sandbox/lib/python3.6/site-packages/airflow/example_dags/example_latest_only_with_trigger.py for tasks to queue
[2022-02-12 15:04:49,466] {logging_mixin.py:104} INFO - [2022-02-12 15:04:49,466] {dagbag.py:487} INFO - Filling up the DagBag from /home/agalli/sandbox/lib/python3.6/site-packages/airflow/example_dags/example_latest_only_with_trigger.py
[2022-02-12 15:04:49,487] {scheduler_job.py:643} INFO - DAG(s) dict_keys(['latest_only_with_trigger']) retrieved from /home/agalli/sandbox/lib/python3.6/site-packages/airflow/example_dags/example_latest_only_with_trigger.py
[2022-02-12 15:04:49,533] {logging_mixin.py:104} INFO - [2022-02-12 15:04:49,533] {dag.py:1832} INFO - Sync 1 DAGs
[2022-02-12 15:04:49,555] {logging_mixin.py:104} INFO - [2022-02-12 15:04:49,555] {dag.py:2305} INFO - Setting next_dagrun for latest_only_with_trigger to 2022-02-10 00:00:00+00:00
[2022-02-12 15:04:49,574] {scheduler_job.py:190} INFO - Processing /home/agalli/sandbox/lib/python3.6/site-packages/airflow/example_dags/example_latest_only_with_trigger.py took 0.120 seconds
[2022-02-12 15:05:20,385] {scheduler_job.py:182} INFO - Started process (PID=20110) to work on /home/agalli/sandbox/lib/python3.6/site-packages/airflow/example_dags/example_latest_only_with_trigger.py
[2022-02-12 15:05:20,386] {scheduler_job.py:633} INFO - Processing file /home/agalli/sandbox/lib/python3.6/site-packages/airflow/example_dags/example_latest_only_with_trigger.py for tasks to queue
[2022-02-12 15:05:20,388] {logging_mixin.py:104} INFO - [2022-02-12 15:05:20,387] {dagbag.py:487} INFO - Filling up the DagBag from /home/agalli/sandbox/lib/python3.6/site-packages/airflow/example_dags/example_latest_only_with_trigger.py
[2022-02-12 15:05:20,413] {scheduler_job.py:643} INFO - DAG(s) dict_keys(['latest_only_with_trigger']) retrieved from /home/agalli/sandbox/lib/python3.6/site-packages/airflow/example_dags/example_latest_only_with_trigger.py
[2022-02-12 15:05:20,461] {logging_mixin.py:104} INFO - [2022-02-12 15:05:20,460] {dag.py:1832} INFO - Sync 1 DAGs
[2022-02-12 15:05:20,484] {logging_mixin.py:104} INFO - [2022-02-12 15:05:20,484] {dag.py:2305} INFO - Setting next_dagrun for latest_only_with_trigger to 2022-02-10 00:00:00+00:00
[2022-02-12 15:05:20,502] {scheduler_job.py:190} INFO - Processing /home/agalli/sandbox/lib/python3.6/site-packages/airflow/example_dags/example_latest_only_with_trigger.py took 0.123 seconds
[2022-02-12 15:05:51,223] {scheduler_job.py:182} INFO - Started process (PID=20431) to work on /home/agalli/sandbox/lib/python3.6/site-packages/airflow/example_dags/example_latest_only_with_trigger.py
[2022-02-12 15:05:51,224] {scheduler_job.py:633} INFO - Processing file /home/agalli/sandbox/lib/python3.6/site-packages/airflow/example_dags/example_latest_only_with_trigger.py for tasks to queue
[2022-02-12 15:05:51,225] {logging_mixin.py:104} INFO - [2022-02-12 15:05:51,225] {dagbag.py:487} INFO - Filling up the DagBag from /home/agalli/sandbox/lib/python3.6/site-packages/airflow/example_dags/example_latest_only_with_trigger.py
[2022-02-12 15:05:51,245] {scheduler_job.py:643} INFO - DAG(s) dict_keys(['latest_only_with_trigger']) retrieved from /home/agalli/sandbox/lib/python3.6/site-packages/airflow/example_dags/example_latest_only_with_trigger.py
[2022-02-12 15:05:51,293] {logging_mixin.py:104} INFO - [2022-02-12 15:05:51,292] {dag.py:1832} INFO - Sync 1 DAGs
[2022-02-12 15:05:51,315] {logging_mixin.py:104} INFO - [2022-02-12 15:05:51,315] {dag.py:2305} INFO - Setting next_dagrun for latest_only_with_trigger to 2022-02-10 00:00:00+00:00
[2022-02-12 15:05:51,340] {scheduler_job.py:190} INFO - Processing /home/agalli/sandbox/lib/python3.6/site-packages/airflow/example_dags/example_latest_only_with_trigger.py took 0.126 seconds
[2022-02-12 15:06:22,277] {scheduler_job.py:182} INFO - Started process (PID=20633) to work on /home/agalli/sandbox/lib/python3.6/site-packages/airflow/example_dags/example_latest_only_with_trigger.py
[2022-02-12 15:06:22,280] {scheduler_job.py:633} INFO - Processing file /home/agalli/sandbox/lib/python3.6/site-packages/airflow/example_dags/example_latest_only_with_trigger.py for tasks to queue
[2022-02-12 15:06:22,281] {logging_mixin.py:104} INFO - [2022-02-12 15:06:22,281] {dagbag.py:487} INFO - Filling up the DagBag from /home/agalli/sandbox/lib/python3.6/site-packages/airflow/example_dags/example_latest_only_with_trigger.py
[2022-02-12 15:06:22,336] {scheduler_job.py:643} INFO - DAG(s) dict_keys(['latest_only_with_trigger']) retrieved from /home/agalli/sandbox/lib/python3.6/site-packages/airflow/example_dags/example_latest_only_with_trigger.py
[2022-02-12 15:06:22,382] {logging_mixin.py:104} INFO - [2022-02-12 15:06:22,382] {dag.py:1832} INFO - Sync 1 DAGs
[2022-02-12 15:06:22,420] {logging_mixin.py:104} INFO - [2022-02-12 15:06:22,419] {dag.py:2305} INFO - Setting next_dagrun for latest_only_with_trigger to 2022-02-10 00:00:00+00:00
[2022-02-12 15:06:22,531] {scheduler_job.py:190} INFO - Processing /home/agalli/sandbox/lib/python3.6/site-packages/airflow/example_dags/example_latest_only_with_trigger.py took 0.261 seconds
[2022-02-12 15:06:52,969] {scheduler_job.py:182} INFO - Started process (PID=20826) to work on /home/agalli/sandbox/lib/python3.6/site-packages/airflow/example_dags/example_latest_only_with_trigger.py
[2022-02-12 15:06:52,974] {scheduler_job.py:633} INFO - Processing file /home/agalli/sandbox/lib/python3.6/site-packages/airflow/example_dags/example_latest_only_with_trigger.py for tasks to queue
[2022-02-12 15:06:52,975] {logging_mixin.py:104} INFO - [2022-02-12 15:06:52,975] {dagbag.py:487} INFO - Filling up the DagBag from /home/agalli/sandbox/lib/python3.6/site-packages/airflow/example_dags/example_latest_only_with_trigger.py
[2022-02-12 15:06:53,014] {scheduler_job.py:643} INFO - DAG(s) dict_keys(['latest_only_with_trigger']) retrieved from /home/agalli/sandbox/lib/python3.6/site-packages/airflow/example_dags/example_latest_only_with_trigger.py
[2022-02-12 15:06:53,103] {logging_mixin.py:104} INFO - [2022-02-12 15:06:53,102] {dag.py:1832} INFO - Sync 1 DAGs
[2022-02-12 15:06:53,138] {logging_mixin.py:104} INFO - [2022-02-12 15:06:53,138] {dag.py:2305} INFO - Setting next_dagrun for latest_only_with_trigger to 2022-02-10 00:00:00+00:00
[2022-02-12 15:06:53,157] {scheduler_job.py:190} INFO - Processing /home/agalli/sandbox/lib/python3.6/site-packages/airflow/example_dags/example_latest_only_with_trigger.py took 0.195 seconds
[2022-02-12 15:07:23,864] {scheduler_job.py:182} INFO - Started process (PID=21027) to work on /home/agalli/sandbox/lib/python3.6/site-packages/airflow/example_dags/example_latest_only_with_trigger.py
[2022-02-12 15:07:23,866] {scheduler_job.py:633} INFO - Processing file /home/agalli/sandbox/lib/python3.6/site-packages/airflow/example_dags/example_latest_only_with_trigger.py for tasks to queue
[2022-02-12 15:07:23,867] {logging_mixin.py:104} INFO - [2022-02-12 15:07:23,867] {dagbag.py:487} INFO - Filling up the DagBag from /home/agalli/sandbox/lib/python3.6/site-packages/airflow/example_dags/example_latest_only_with_trigger.py
[2022-02-12 15:07:23,888] {scheduler_job.py:643} INFO - DAG(s) dict_keys(['latest_only_with_trigger']) retrieved from /home/agalli/sandbox/lib/python3.6/site-packages/airflow/example_dags/example_latest_only_with_trigger.py
[2022-02-12 15:07:23,924] {logging_mixin.py:104} INFO - [2022-02-12 15:07:23,924] {dag.py:1832} INFO - Sync 1 DAGs
[2022-02-12 15:07:23,952] {logging_mixin.py:104} INFO - [2022-02-12 15:07:23,952] {dag.py:2305} INFO - Setting next_dagrun for latest_only_with_trigger to 2022-02-10 00:00:00+00:00
[2022-02-12 15:07:23,976] {scheduler_job.py:190} INFO - Processing /home/agalli/sandbox/lib/python3.6/site-packages/airflow/example_dags/example_latest_only_with_trigger.py took 0.119 seconds
[2022-02-12 15:07:54,233] {scheduler_job.py:182} INFO - Started process (PID=21232) to work on /home/agalli/sandbox/lib/python3.6/site-packages/airflow/example_dags/example_latest_only_with_trigger.py
[2022-02-12 15:07:54,240] {scheduler_job.py:633} INFO - Processing file /home/agalli/sandbox/lib/python3.6/site-packages/airflow/example_dags/example_latest_only_with_trigger.py for tasks to queue
[2022-02-12 15:07:54,242] {logging_mixin.py:104} INFO - [2022-02-12 15:07:54,242] {dagbag.py:487} INFO - Filling up the DagBag from /home/agalli/sandbox/lib/python3.6/site-packages/airflow/example_dags/example_latest_only_with_trigger.py
[2022-02-12 15:07:54,260] {scheduler_job.py:643} INFO - DAG(s) dict_keys(['latest_only_with_trigger']) retrieved from /home/agalli/sandbox/lib/python3.6/site-packages/airflow/example_dags/example_latest_only_with_trigger.py
[2022-02-12 15:07:54,308] {logging_mixin.py:104} INFO - [2022-02-12 15:07:54,308] {dag.py:1832} INFO - Sync 1 DAGs
[2022-02-12 15:07:54,333] {logging_mixin.py:104} INFO - [2022-02-12 15:07:54,332] {dag.py:2305} INFO - Setting next_dagrun for latest_only_with_trigger to 2022-02-10 00:00:00+00:00
[2022-02-12 15:07:54,352] {scheduler_job.py:190} INFO - Processing /home/agalli/sandbox/lib/python3.6/site-packages/airflow/example_dags/example_latest_only_with_trigger.py took 0.126 seconds
[2022-02-12 15:08:25,039] {scheduler_job.py:182} INFO - Started process (PID=21434) to work on /home/agalli/sandbox/lib/python3.6/site-packages/airflow/example_dags/example_latest_only_with_trigger.py
[2022-02-12 15:08:25,040] {scheduler_job.py:633} INFO - Processing file /home/agalli/sandbox/lib/python3.6/site-packages/airflow/example_dags/example_latest_only_with_trigger.py for tasks to queue
[2022-02-12 15:08:25,041] {logging_mixin.py:104} INFO - [2022-02-12 15:08:25,041] {dagbag.py:487} INFO - Filling up the DagBag from /home/agalli/sandbox/lib/python3.6/site-packages/airflow/example_dags/example_latest_only_with_trigger.py
[2022-02-12 15:08:25,068] {scheduler_job.py:643} INFO - DAG(s) dict_keys(['latest_only_with_trigger']) retrieved from /home/agalli/sandbox/lib/python3.6/site-packages/airflow/example_dags/example_latest_only_with_trigger.py
[2022-02-12 15:08:25,121] {logging_mixin.py:104} INFO - [2022-02-12 15:08:25,120] {dag.py:1832} INFO - Sync 1 DAGs
[2022-02-12 15:08:25,146] {logging_mixin.py:104} INFO - [2022-02-12 15:08:25,146] {dag.py:2305} INFO - Setting next_dagrun for latest_only_with_trigger to 2022-02-10 00:00:00+00:00
[2022-02-12 15:08:25,164] {scheduler_job.py:190} INFO - Processing /home/agalli/sandbox/lib/python3.6/site-packages/airflow/example_dags/example_latest_only_with_trigger.py took 0.135 seconds
