[2022-02-12 13:57:27,844] {scheduler_job.py:182} INFO - Started process (PID=1852) to work on /home/agalli/sandbox/lib/python3.6/site-packages/airflow/example_dags/example_external_task_marker_dag.py
[2022-02-12 13:57:27,845] {scheduler_job.py:633} INFO - Processing file /home/agalli/sandbox/lib/python3.6/site-packages/airflow/example_dags/example_external_task_marker_dag.py for tasks to queue
[2022-02-12 13:57:27,846] {logging_mixin.py:104} INFO - [2022-02-12 13:57:27,846] {dagbag.py:487} INFO - Filling up the DagBag from /home/agalli/sandbox/lib/python3.6/site-packages/airflow/example_dags/example_external_task_marker_dag.py
[2022-02-12 13:57:27,865] {scheduler_job.py:643} INFO - DAG(s) dict_keys(['example_external_task_marker_parent', 'example_external_task_marker_child']) retrieved from /home/agalli/sandbox/lib/python3.6/site-packages/airflow/example_dags/example_external_task_marker_dag.py
[2022-02-12 13:57:28,311] {logging_mixin.py:104} INFO - [2022-02-12 13:57:28,311] {dag.py:1832} INFO - Sync 2 DAGs
[2022-02-12 13:57:28,359] {logging_mixin.py:104} INFO - [2022-02-12 13:57:28,359] {dag.py:2305} INFO - Setting next_dagrun for example_external_task_marker_child to None
[2022-02-12 13:57:28,361] {logging_mixin.py:104} INFO - [2022-02-12 13:57:28,361] {dag.py:2305} INFO - Setting next_dagrun for example_external_task_marker_parent to None
[2022-02-12 13:57:28,574] {scheduler_job.py:190} INFO - Processing /home/agalli/sandbox/lib/python3.6/site-packages/airflow/example_dags/example_external_task_marker_dag.py took 0.736 seconds
[2022-02-12 13:57:59,176] {scheduler_job.py:182} INFO - Started process (PID=2268) to work on /home/agalli/sandbox/lib/python3.6/site-packages/airflow/example_dags/example_external_task_marker_dag.py
[2022-02-12 13:57:59,178] {scheduler_job.py:633} INFO - Processing file /home/agalli/sandbox/lib/python3.6/site-packages/airflow/example_dags/example_external_task_marker_dag.py for tasks to queue
[2022-02-12 13:57:59,179] {logging_mixin.py:104} INFO - [2022-02-12 13:57:59,179] {dagbag.py:487} INFO - Filling up the DagBag from /home/agalli/sandbox/lib/python3.6/site-packages/airflow/example_dags/example_external_task_marker_dag.py
[2022-02-12 13:57:59,206] {scheduler_job.py:643} INFO - DAG(s) dict_keys(['example_external_task_marker_parent', 'example_external_task_marker_child']) retrieved from /home/agalli/sandbox/lib/python3.6/site-packages/airflow/example_dags/example_external_task_marker_dag.py
[2022-02-12 13:57:59,277] {logging_mixin.py:104} INFO - [2022-02-12 13:57:59,276] {dag.py:1832} INFO - Sync 2 DAGs
[2022-02-12 13:57:59,326] {logging_mixin.py:104} INFO - [2022-02-12 13:57:59,325] {dag.py:2305} INFO - Setting next_dagrun for example_external_task_marker_child to None
[2022-02-12 13:57:59,332] {logging_mixin.py:104} INFO - [2022-02-12 13:57:59,329] {dag.py:2305} INFO - Setting next_dagrun for example_external_task_marker_parent to None
[2022-02-12 13:57:59,366] {scheduler_job.py:190} INFO - Processing /home/agalli/sandbox/lib/python3.6/site-packages/airflow/example_dags/example_external_task_marker_dag.py took 0.197 seconds
[2022-02-12 13:58:30,858] {scheduler_job.py:182} INFO - Started process (PID=2468) to work on /home/agalli/sandbox/lib/python3.6/site-packages/airflow/example_dags/example_external_task_marker_dag.py
[2022-02-12 13:58:30,862] {scheduler_job.py:633} INFO - Processing file /home/agalli/sandbox/lib/python3.6/site-packages/airflow/example_dags/example_external_task_marker_dag.py for tasks to queue
[2022-02-12 13:58:30,864] {logging_mixin.py:104} INFO - [2022-02-12 13:58:30,863] {dagbag.py:487} INFO - Filling up the DagBag from /home/agalli/sandbox/lib/python3.6/site-packages/airflow/example_dags/example_external_task_marker_dag.py
[2022-02-12 13:58:30,895] {scheduler_job.py:643} INFO - DAG(s) dict_keys(['example_external_task_marker_parent', 'example_external_task_marker_child']) retrieved from /home/agalli/sandbox/lib/python3.6/site-packages/airflow/example_dags/example_external_task_marker_dag.py
[2022-02-12 13:58:31,905] {logging_mixin.py:104} INFO - [2022-02-12 13:58:31,905] {dag.py:1832} INFO - Sync 2 DAGs
[2022-02-12 13:58:31,930] {logging_mixin.py:104} INFO - [2022-02-12 13:58:31,929] {dag.py:2305} INFO - Setting next_dagrun for example_external_task_marker_child to None
[2022-02-12 13:58:31,931] {logging_mixin.py:104} INFO - [2022-02-12 13:58:31,931] {dag.py:2305} INFO - Setting next_dagrun for example_external_task_marker_parent to None
[2022-02-12 13:58:31,958] {scheduler_job.py:190} INFO - Processing /home/agalli/sandbox/lib/python3.6/site-packages/airflow/example_dags/example_external_task_marker_dag.py took 1.106 seconds
[2022-02-12 13:59:02,078] {scheduler_job.py:182} INFO - Started process (PID=2675) to work on /home/agalli/sandbox/lib/python3.6/site-packages/airflow/example_dags/example_external_task_marker_dag.py
[2022-02-12 13:59:02,079] {scheduler_job.py:633} INFO - Processing file /home/agalli/sandbox/lib/python3.6/site-packages/airflow/example_dags/example_external_task_marker_dag.py for tasks to queue
[2022-02-12 13:59:02,080] {logging_mixin.py:104} INFO - [2022-02-12 13:59:02,080] {dagbag.py:487} INFO - Filling up the DagBag from /home/agalli/sandbox/lib/python3.6/site-packages/airflow/example_dags/example_external_task_marker_dag.py
[2022-02-12 13:59:02,102] {scheduler_job.py:643} INFO - DAG(s) dict_keys(['example_external_task_marker_parent', 'example_external_task_marker_child']) retrieved from /home/agalli/sandbox/lib/python3.6/site-packages/airflow/example_dags/example_external_task_marker_dag.py
[2022-02-12 13:59:02,145] {logging_mixin.py:104} INFO - [2022-02-12 13:59:02,145] {dag.py:1832} INFO - Sync 2 DAGs
[2022-02-12 13:59:02,165] {logging_mixin.py:104} INFO - [2022-02-12 13:59:02,164] {dag.py:2305} INFO - Setting next_dagrun for example_external_task_marker_child to None
[2022-02-12 13:59:02,166] {logging_mixin.py:104} INFO - [2022-02-12 13:59:02,166] {dag.py:2305} INFO - Setting next_dagrun for example_external_task_marker_parent to None
[2022-02-12 13:59:02,197] {scheduler_job.py:190} INFO - Processing /home/agalli/sandbox/lib/python3.6/site-packages/airflow/example_dags/example_external_task_marker_dag.py took 0.124 seconds
[2022-02-12 13:59:32,709] {scheduler_job.py:182} INFO - Started process (PID=2877) to work on /home/agalli/sandbox/lib/python3.6/site-packages/airflow/example_dags/example_external_task_marker_dag.py
[2022-02-12 13:59:32,711] {scheduler_job.py:633} INFO - Processing file /home/agalli/sandbox/lib/python3.6/site-packages/airflow/example_dags/example_external_task_marker_dag.py for tasks to queue
[2022-02-12 13:59:32,712] {logging_mixin.py:104} INFO - [2022-02-12 13:59:32,712] {dagbag.py:487} INFO - Filling up the DagBag from /home/agalli/sandbox/lib/python3.6/site-packages/airflow/example_dags/example_external_task_marker_dag.py
[2022-02-12 13:59:32,738] {scheduler_job.py:643} INFO - DAG(s) dict_keys(['example_external_task_marker_parent', 'example_external_task_marker_child']) retrieved from /home/agalli/sandbox/lib/python3.6/site-packages/airflow/example_dags/example_external_task_marker_dag.py
[2022-02-12 13:59:33,166] {logging_mixin.py:104} INFO - [2022-02-12 13:59:33,166] {dag.py:1832} INFO - Sync 2 DAGs
[2022-02-12 13:59:33,190] {logging_mixin.py:104} INFO - [2022-02-12 13:59:33,189] {dag.py:2305} INFO - Setting next_dagrun for example_external_task_marker_child to None
[2022-02-12 13:59:33,191] {logging_mixin.py:104} INFO - [2022-02-12 13:59:33,190] {dag.py:2305} INFO - Setting next_dagrun for example_external_task_marker_parent to None
[2022-02-12 13:59:33,209] {scheduler_job.py:190} INFO - Processing /home/agalli/sandbox/lib/python3.6/site-packages/airflow/example_dags/example_external_task_marker_dag.py took 0.508 seconds
[2022-02-12 14:00:04,646] {scheduler_job.py:182} INFO - Started process (PID=3154) to work on /home/agalli/sandbox/lib/python3.6/site-packages/airflow/example_dags/example_external_task_marker_dag.py
[2022-02-12 14:00:04,650] {scheduler_job.py:633} INFO - Processing file /home/agalli/sandbox/lib/python3.6/site-packages/airflow/example_dags/example_external_task_marker_dag.py for tasks to queue
[2022-02-12 14:00:04,652] {logging_mixin.py:104} INFO - [2022-02-12 14:00:04,651] {dagbag.py:487} INFO - Filling up the DagBag from /home/agalli/sandbox/lib/python3.6/site-packages/airflow/example_dags/example_external_task_marker_dag.py
[2022-02-12 14:00:04,678] {scheduler_job.py:643} INFO - DAG(s) dict_keys(['example_external_task_marker_parent', 'example_external_task_marker_child']) retrieved from /home/agalli/sandbox/lib/python3.6/site-packages/airflow/example_dags/example_external_task_marker_dag.py
[2022-02-12 14:00:04,790] {logging_mixin.py:104} INFO - [2022-02-12 14:00:04,789] {dag.py:1832} INFO - Sync 2 DAGs
[2022-02-12 14:00:04,836] {logging_mixin.py:104} INFO - [2022-02-12 14:00:04,836] {dag.py:2305} INFO - Setting next_dagrun for example_external_task_marker_child to None
[2022-02-12 14:00:04,838] {logging_mixin.py:104} INFO - [2022-02-12 14:00:04,838] {dag.py:2305} INFO - Setting next_dagrun for example_external_task_marker_parent to None
[2022-02-12 14:00:04,861] {scheduler_job.py:190} INFO - Processing /home/agalli/sandbox/lib/python3.6/site-packages/airflow/example_dags/example_external_task_marker_dag.py took 0.222 seconds
[2022-02-12 14:00:35,230] {scheduler_job.py:182} INFO - Started process (PID=3534) to work on /home/agalli/sandbox/lib/python3.6/site-packages/airflow/example_dags/example_external_task_marker_dag.py
[2022-02-12 14:00:35,232] {scheduler_job.py:633} INFO - Processing file /home/agalli/sandbox/lib/python3.6/site-packages/airflow/example_dags/example_external_task_marker_dag.py for tasks to queue
[2022-02-12 14:00:35,235] {logging_mixin.py:104} INFO - [2022-02-12 14:00:35,234] {dagbag.py:487} INFO - Filling up the DagBag from /home/agalli/sandbox/lib/python3.6/site-packages/airflow/example_dags/example_external_task_marker_dag.py
[2022-02-12 14:00:35,267] {scheduler_job.py:643} INFO - DAG(s) dict_keys(['example_external_task_marker_parent', 'example_external_task_marker_child']) retrieved from /home/agalli/sandbox/lib/python3.6/site-packages/airflow/example_dags/example_external_task_marker_dag.py
[2022-02-12 14:00:36,071] {logging_mixin.py:104} INFO - [2022-02-12 14:00:36,071] {dag.py:1832} INFO - Sync 2 DAGs
[2022-02-12 14:00:36,104] {logging_mixin.py:104} INFO - [2022-02-12 14:00:36,104] {dag.py:2305} INFO - Setting next_dagrun for example_external_task_marker_child to None
[2022-02-12 14:00:36,105] {logging_mixin.py:104} INFO - [2022-02-12 14:00:36,105] {dag.py:2305} INFO - Setting next_dagrun for example_external_task_marker_parent to None
[2022-02-12 14:00:36,134] {scheduler_job.py:190} INFO - Processing /home/agalli/sandbox/lib/python3.6/site-packages/airflow/example_dags/example_external_task_marker_dag.py took 0.911 seconds
[2022-02-12 14:01:08,331] {scheduler_job.py:182} INFO - Started process (PID=4195) to work on /home/agalli/sandbox/lib/python3.6/site-packages/airflow/example_dags/example_external_task_marker_dag.py
[2022-02-12 14:01:08,346] {scheduler_job.py:633} INFO - Processing file /home/agalli/sandbox/lib/python3.6/site-packages/airflow/example_dags/example_external_task_marker_dag.py for tasks to queue
[2022-02-12 14:01:08,349] {logging_mixin.py:104} INFO - [2022-02-12 14:01:08,349] {dagbag.py:487} INFO - Filling up the DagBag from /home/agalli/sandbox/lib/python3.6/site-packages/airflow/example_dags/example_external_task_marker_dag.py
[2022-02-12 14:01:08,533] {scheduler_job.py:643} INFO - DAG(s) dict_keys(['example_external_task_marker_parent', 'example_external_task_marker_child']) retrieved from /home/agalli/sandbox/lib/python3.6/site-packages/airflow/example_dags/example_external_task_marker_dag.py
[2022-02-12 14:01:09,987] {logging_mixin.py:104} INFO - [2022-02-12 14:01:09,985] {dag.py:1832} INFO - Sync 2 DAGs
[2022-02-12 14:01:10,108] {logging_mixin.py:104} INFO - [2022-02-12 14:01:10,108] {dag.py:2305} INFO - Setting next_dagrun for example_external_task_marker_child to None
[2022-02-12 14:01:10,116] {logging_mixin.py:104} INFO - [2022-02-12 14:01:10,111] {dag.py:2305} INFO - Setting next_dagrun for example_external_task_marker_parent to None
[2022-02-12 14:01:10,252] {scheduler_job.py:190} INFO - Processing /home/agalli/sandbox/lib/python3.6/site-packages/airflow/example_dags/example_external_task_marker_dag.py took 1.938 seconds
[2022-02-12 14:01:41,157] {scheduler_job.py:182} INFO - Started process (PID=5418) to work on /home/agalli/sandbox/lib/python3.6/site-packages/airflow/example_dags/example_external_task_marker_dag.py
[2022-02-12 14:01:41,160] {scheduler_job.py:633} INFO - Processing file /home/agalli/sandbox/lib/python3.6/site-packages/airflow/example_dags/example_external_task_marker_dag.py for tasks to queue
[2022-02-12 14:01:41,165] {logging_mixin.py:104} INFO - [2022-02-12 14:01:41,165] {dagbag.py:487} INFO - Filling up the DagBag from /home/agalli/sandbox/lib/python3.6/site-packages/airflow/example_dags/example_external_task_marker_dag.py
[2022-02-12 14:01:41,196] {scheduler_job.py:643} INFO - DAG(s) dict_keys(['example_external_task_marker_parent', 'example_external_task_marker_child']) retrieved from /home/agalli/sandbox/lib/python3.6/site-packages/airflow/example_dags/example_external_task_marker_dag.py
[2022-02-12 14:01:41,790] {logging_mixin.py:104} INFO - [2022-02-12 14:01:41,790] {dag.py:1832} INFO - Sync 2 DAGs
[2022-02-12 14:01:41,822] {logging_mixin.py:104} INFO - [2022-02-12 14:01:41,822] {dag.py:2305} INFO - Setting next_dagrun for example_external_task_marker_child to None
[2022-02-12 14:01:41,826] {logging_mixin.py:104} INFO - [2022-02-12 14:01:41,825] {dag.py:2305} INFO - Setting next_dagrun for example_external_task_marker_parent to None
[2022-02-12 14:01:41,856] {scheduler_job.py:190} INFO - Processing /home/agalli/sandbox/lib/python3.6/site-packages/airflow/example_dags/example_external_task_marker_dag.py took 0.706 seconds
[2022-02-12 14:02:11,931] {scheduler_job.py:182} INFO - Started process (PID=5620) to work on /home/agalli/sandbox/lib/python3.6/site-packages/airflow/example_dags/example_external_task_marker_dag.py
[2022-02-12 14:02:11,933] {scheduler_job.py:633} INFO - Processing file /home/agalli/sandbox/lib/python3.6/site-packages/airflow/example_dags/example_external_task_marker_dag.py for tasks to queue
[2022-02-12 14:02:11,934] {logging_mixin.py:104} INFO - [2022-02-12 14:02:11,934] {dagbag.py:487} INFO - Filling up the DagBag from /home/agalli/sandbox/lib/python3.6/site-packages/airflow/example_dags/example_external_task_marker_dag.py
[2022-02-12 14:02:11,948] {scheduler_job.py:643} INFO - DAG(s) dict_keys(['example_external_task_marker_parent', 'example_external_task_marker_child']) retrieved from /home/agalli/sandbox/lib/python3.6/site-packages/airflow/example_dags/example_external_task_marker_dag.py
[2022-02-12 14:02:12,306] {logging_mixin.py:104} INFO - [2022-02-12 14:02:12,306] {dag.py:1832} INFO - Sync 2 DAGs
[2022-02-12 14:02:12,336] {logging_mixin.py:104} INFO - [2022-02-12 14:02:12,336] {dag.py:2305} INFO - Setting next_dagrun for example_external_task_marker_child to None
[2022-02-12 14:02:12,337] {logging_mixin.py:104} INFO - [2022-02-12 14:02:12,337] {dag.py:2305} INFO - Setting next_dagrun for example_external_task_marker_parent to None
[2022-02-12 14:02:12,356] {scheduler_job.py:190} INFO - Processing /home/agalli/sandbox/lib/python3.6/site-packages/airflow/example_dags/example_external_task_marker_dag.py took 0.428 seconds
[2022-02-12 14:02:43,299] {scheduler_job.py:182} INFO - Started process (PID=5942) to work on /home/agalli/sandbox/lib/python3.6/site-packages/airflow/example_dags/example_external_task_marker_dag.py
[2022-02-12 14:02:43,301] {scheduler_job.py:633} INFO - Processing file /home/agalli/sandbox/lib/python3.6/site-packages/airflow/example_dags/example_external_task_marker_dag.py for tasks to queue
[2022-02-12 14:02:43,304] {logging_mixin.py:104} INFO - [2022-02-12 14:02:43,303] {dagbag.py:487} INFO - Filling up the DagBag from /home/agalli/sandbox/lib/python3.6/site-packages/airflow/example_dags/example_external_task_marker_dag.py
[2022-02-12 14:02:43,392] {scheduler_job.py:643} INFO - DAG(s) dict_keys(['example_external_task_marker_parent', 'example_external_task_marker_child']) retrieved from /home/agalli/sandbox/lib/python3.6/site-packages/airflow/example_dags/example_external_task_marker_dag.py
[2022-02-12 14:02:43,550] {logging_mixin.py:104} INFO - [2022-02-12 14:02:43,550] {dag.py:1832} INFO - Sync 2 DAGs
[2022-02-12 14:02:43,622] {logging_mixin.py:104} INFO - [2022-02-12 14:02:43,621] {dag.py:2305} INFO - Setting next_dagrun for example_external_task_marker_child to None
[2022-02-12 14:02:43,627] {logging_mixin.py:104} INFO - [2022-02-12 14:02:43,626] {dag.py:2305} INFO - Setting next_dagrun for example_external_task_marker_parent to None
[2022-02-12 14:02:43,667] {scheduler_job.py:190} INFO - Processing /home/agalli/sandbox/lib/python3.6/site-packages/airflow/example_dags/example_external_task_marker_dag.py took 0.391 seconds
[2022-02-12 14:03:14,608] {scheduler_job.py:182} INFO - Started process (PID=6144) to work on /home/agalli/sandbox/lib/python3.6/site-packages/airflow/example_dags/example_external_task_marker_dag.py
[2022-02-12 14:03:14,612] {scheduler_job.py:633} INFO - Processing file /home/agalli/sandbox/lib/python3.6/site-packages/airflow/example_dags/example_external_task_marker_dag.py for tasks to queue
[2022-02-12 14:03:14,613] {logging_mixin.py:104} INFO - [2022-02-12 14:03:14,613] {dagbag.py:487} INFO - Filling up the DagBag from /home/agalli/sandbox/lib/python3.6/site-packages/airflow/example_dags/example_external_task_marker_dag.py
[2022-02-12 14:03:14,626] {scheduler_job.py:643} INFO - DAG(s) dict_keys(['example_external_task_marker_parent', 'example_external_task_marker_child']) retrieved from /home/agalli/sandbox/lib/python3.6/site-packages/airflow/example_dags/example_external_task_marker_dag.py
[2022-02-12 14:03:15,063] {logging_mixin.py:104} INFO - [2022-02-12 14:03:15,063] {dag.py:1832} INFO - Sync 2 DAGs
[2022-02-12 14:03:15,082] {logging_mixin.py:104} INFO - [2022-02-12 14:03:15,082] {dag.py:2305} INFO - Setting next_dagrun for example_external_task_marker_child to None
[2022-02-12 14:03:15,083] {logging_mixin.py:104} INFO - [2022-02-12 14:03:15,083] {dag.py:2305} INFO - Setting next_dagrun for example_external_task_marker_parent to None
[2022-02-12 14:03:15,099] {scheduler_job.py:190} INFO - Processing /home/agalli/sandbox/lib/python3.6/site-packages/airflow/example_dags/example_external_task_marker_dag.py took 0.496 seconds
[2022-02-12 14:20:19,746] {scheduler_job.py:182} INFO - Started process (PID=7114) to work on /home/agalli/sandbox/lib/python3.6/site-packages/airflow/example_dags/example_external_task_marker_dag.py
[2022-02-12 14:20:19,747] {scheduler_job.py:633} INFO - Processing file /home/agalli/sandbox/lib/python3.6/site-packages/airflow/example_dags/example_external_task_marker_dag.py for tasks to queue
[2022-02-12 14:20:19,747] {logging_mixin.py:104} INFO - [2022-02-12 14:20:19,747] {dagbag.py:487} INFO - Filling up the DagBag from /home/agalli/sandbox/lib/python3.6/site-packages/airflow/example_dags/example_external_task_marker_dag.py
[2022-02-12 14:20:19,759] {scheduler_job.py:643} INFO - DAG(s) dict_keys(['example_external_task_marker_parent', 'example_external_task_marker_child']) retrieved from /home/agalli/sandbox/lib/python3.6/site-packages/airflow/example_dags/example_external_task_marker_dag.py
[2022-02-12 14:20:20,013] {logging_mixin.py:104} INFO - [2022-02-12 14:20:20,013] {dag.py:1832} INFO - Sync 2 DAGs
[2022-02-12 14:20:20,028] {logging_mixin.py:104} INFO - [2022-02-12 14:20:20,028] {dag.py:2305} INFO - Setting next_dagrun for example_external_task_marker_child to None
[2022-02-12 14:20:20,028] {logging_mixin.py:104} INFO - [2022-02-12 14:20:20,028] {dag.py:2305} INFO - Setting next_dagrun for example_external_task_marker_parent to None
[2022-02-12 14:20:20,047] {scheduler_job.py:190} INFO - Processing /home/agalli/sandbox/lib/python3.6/site-packages/airflow/example_dags/example_external_task_marker_dag.py took 0.305 seconds
[2022-02-12 14:20:50,296] {scheduler_job.py:182} INFO - Started process (PID=7314) to work on /home/agalli/sandbox/lib/python3.6/site-packages/airflow/example_dags/example_external_task_marker_dag.py
[2022-02-12 14:20:50,297] {scheduler_job.py:633} INFO - Processing file /home/agalli/sandbox/lib/python3.6/site-packages/airflow/example_dags/example_external_task_marker_dag.py for tasks to queue
[2022-02-12 14:20:50,298] {logging_mixin.py:104} INFO - [2022-02-12 14:20:50,297] {dagbag.py:487} INFO - Filling up the DagBag from /home/agalli/sandbox/lib/python3.6/site-packages/airflow/example_dags/example_external_task_marker_dag.py
[2022-02-12 14:20:50,315] {scheduler_job.py:643} INFO - DAG(s) dict_keys(['example_external_task_marker_parent', 'example_external_task_marker_child']) retrieved from /home/agalli/sandbox/lib/python3.6/site-packages/airflow/example_dags/example_external_task_marker_dag.py
[2022-02-12 14:20:50,358] {logging_mixin.py:104} INFO - [2022-02-12 14:20:50,358] {dag.py:1832} INFO - Sync 2 DAGs
[2022-02-12 14:20:50,379] {logging_mixin.py:104} INFO - [2022-02-12 14:20:50,378] {dag.py:2305} INFO - Setting next_dagrun for example_external_task_marker_child to None
[2022-02-12 14:20:50,379] {logging_mixin.py:104} INFO - [2022-02-12 14:20:50,379] {dag.py:2305} INFO - Setting next_dagrun for example_external_task_marker_parent to None
[2022-02-12 14:20:50,396] {scheduler_job.py:190} INFO - Processing /home/agalli/sandbox/lib/python3.6/site-packages/airflow/example_dags/example_external_task_marker_dag.py took 0.106 seconds
[2022-02-12 14:21:21,609] {scheduler_job.py:182} INFO - Started process (PID=7516) to work on /home/agalli/sandbox/lib/python3.6/site-packages/airflow/example_dags/example_external_task_marker_dag.py
[2022-02-12 14:21:21,611] {scheduler_job.py:633} INFO - Processing file /home/agalli/sandbox/lib/python3.6/site-packages/airflow/example_dags/example_external_task_marker_dag.py for tasks to queue
[2022-02-12 14:21:21,612] {logging_mixin.py:104} INFO - [2022-02-12 14:21:21,612] {dagbag.py:487} INFO - Filling up the DagBag from /home/agalli/sandbox/lib/python3.6/site-packages/airflow/example_dags/example_external_task_marker_dag.py
[2022-02-12 14:21:21,631] {scheduler_job.py:643} INFO - DAG(s) dict_keys(['example_external_task_marker_parent', 'example_external_task_marker_child']) retrieved from /home/agalli/sandbox/lib/python3.6/site-packages/airflow/example_dags/example_external_task_marker_dag.py
[2022-02-12 14:21:21,670] {logging_mixin.py:104} INFO - [2022-02-12 14:21:21,670] {dag.py:1832} INFO - Sync 2 DAGs
[2022-02-12 14:21:21,690] {logging_mixin.py:104} INFO - [2022-02-12 14:21:21,690] {dag.py:2305} INFO - Setting next_dagrun for example_external_task_marker_child to None
[2022-02-12 14:21:21,691] {logging_mixin.py:104} INFO - [2022-02-12 14:21:21,691] {dag.py:2305} INFO - Setting next_dagrun for example_external_task_marker_parent to None
[2022-02-12 14:21:21,703] {scheduler_job.py:190} INFO - Processing /home/agalli/sandbox/lib/python3.6/site-packages/airflow/example_dags/example_external_task_marker_dag.py took 0.097 seconds
[2022-02-12 14:21:52,020] {scheduler_job.py:182} INFO - Started process (PID=7718) to work on /home/agalli/sandbox/lib/python3.6/site-packages/airflow/example_dags/example_external_task_marker_dag.py
[2022-02-12 14:21:52,022] {scheduler_job.py:633} INFO - Processing file /home/agalli/sandbox/lib/python3.6/site-packages/airflow/example_dags/example_external_task_marker_dag.py for tasks to queue
[2022-02-12 14:21:52,022] {logging_mixin.py:104} INFO - [2022-02-12 14:21:52,022] {dagbag.py:487} INFO - Filling up the DagBag from /home/agalli/sandbox/lib/python3.6/site-packages/airflow/example_dags/example_external_task_marker_dag.py
[2022-02-12 14:21:52,044] {scheduler_job.py:643} INFO - DAG(s) dict_keys(['example_external_task_marker_parent', 'example_external_task_marker_child']) retrieved from /home/agalli/sandbox/lib/python3.6/site-packages/airflow/example_dags/example_external_task_marker_dag.py
[2022-02-12 14:21:52,443] {logging_mixin.py:104} INFO - [2022-02-12 14:21:52,443] {dag.py:1832} INFO - Sync 2 DAGs
[2022-02-12 14:21:52,466] {logging_mixin.py:104} INFO - [2022-02-12 14:21:52,465] {dag.py:2305} INFO - Setting next_dagrun for example_external_task_marker_child to None
[2022-02-12 14:21:52,467] {logging_mixin.py:104} INFO - [2022-02-12 14:21:52,467] {dag.py:2305} INFO - Setting next_dagrun for example_external_task_marker_parent to None
[2022-02-12 14:21:52,496] {scheduler_job.py:190} INFO - Processing /home/agalli/sandbox/lib/python3.6/site-packages/airflow/example_dags/example_external_task_marker_dag.py took 0.481 seconds
[2022-02-12 14:22:23,029] {scheduler_job.py:182} INFO - Started process (PID=7919) to work on /home/agalli/sandbox/lib/python3.6/site-packages/airflow/example_dags/example_external_task_marker_dag.py
[2022-02-12 14:22:23,031] {scheduler_job.py:633} INFO - Processing file /home/agalli/sandbox/lib/python3.6/site-packages/airflow/example_dags/example_external_task_marker_dag.py for tasks to queue
[2022-02-12 14:22:23,032] {logging_mixin.py:104} INFO - [2022-02-12 14:22:23,031] {dagbag.py:487} INFO - Filling up the DagBag from /home/agalli/sandbox/lib/python3.6/site-packages/airflow/example_dags/example_external_task_marker_dag.py
[2022-02-12 14:22:23,049] {scheduler_job.py:643} INFO - DAG(s) dict_keys(['example_external_task_marker_parent', 'example_external_task_marker_child']) retrieved from /home/agalli/sandbox/lib/python3.6/site-packages/airflow/example_dags/example_external_task_marker_dag.py
[2022-02-12 14:22:23,085] {logging_mixin.py:104} INFO - [2022-02-12 14:22:23,084] {dag.py:1832} INFO - Sync 2 DAGs
[2022-02-12 14:22:23,105] {logging_mixin.py:104} INFO - [2022-02-12 14:22:23,105] {dag.py:2305} INFO - Setting next_dagrun for example_external_task_marker_child to None
[2022-02-12 14:22:23,106] {logging_mixin.py:104} INFO - [2022-02-12 14:22:23,106] {dag.py:2305} INFO - Setting next_dagrun for example_external_task_marker_parent to None
[2022-02-12 14:22:23,122] {scheduler_job.py:190} INFO - Processing /home/agalli/sandbox/lib/python3.6/site-packages/airflow/example_dags/example_external_task_marker_dag.py took 0.097 seconds
[2022-02-12 14:22:54,020] {scheduler_job.py:182} INFO - Started process (PID=8124) to work on /home/agalli/sandbox/lib/python3.6/site-packages/airflow/example_dags/example_external_task_marker_dag.py
[2022-02-12 14:22:54,022] {scheduler_job.py:633} INFO - Processing file /home/agalli/sandbox/lib/python3.6/site-packages/airflow/example_dags/example_external_task_marker_dag.py for tasks to queue
[2022-02-12 14:22:54,023] {logging_mixin.py:104} INFO - [2022-02-12 14:22:54,023] {dagbag.py:487} INFO - Filling up the DagBag from /home/agalli/sandbox/lib/python3.6/site-packages/airflow/example_dags/example_external_task_marker_dag.py
[2022-02-12 14:22:54,040] {scheduler_job.py:643} INFO - DAG(s) dict_keys(['example_external_task_marker_parent', 'example_external_task_marker_child']) retrieved from /home/agalli/sandbox/lib/python3.6/site-packages/airflow/example_dags/example_external_task_marker_dag.py
[2022-02-12 14:22:54,077] {logging_mixin.py:104} INFO - [2022-02-12 14:22:54,077] {dag.py:1832} INFO - Sync 2 DAGs
[2022-02-12 14:22:54,098] {logging_mixin.py:104} INFO - [2022-02-12 14:22:54,097] {dag.py:2305} INFO - Setting next_dagrun for example_external_task_marker_child to None
[2022-02-12 14:22:54,099] {logging_mixin.py:104} INFO - [2022-02-12 14:22:54,098] {dag.py:2305} INFO - Setting next_dagrun for example_external_task_marker_parent to None
[2022-02-12 14:22:54,113] {scheduler_job.py:190} INFO - Processing /home/agalli/sandbox/lib/python3.6/site-packages/airflow/example_dags/example_external_task_marker_dag.py took 0.098 seconds
[2022-02-12 14:23:25,611] {scheduler_job.py:182} INFO - Started process (PID=8327) to work on /home/agalli/sandbox/lib/python3.6/site-packages/airflow/example_dags/example_external_task_marker_dag.py
[2022-02-12 14:23:25,612] {scheduler_job.py:633} INFO - Processing file /home/agalli/sandbox/lib/python3.6/site-packages/airflow/example_dags/example_external_task_marker_dag.py for tasks to queue
[2022-02-12 14:23:25,613] {logging_mixin.py:104} INFO - [2022-02-12 14:23:25,613] {dagbag.py:487} INFO - Filling up the DagBag from /home/agalli/sandbox/lib/python3.6/site-packages/airflow/example_dags/example_external_task_marker_dag.py
[2022-02-12 14:23:25,627] {scheduler_job.py:643} INFO - DAG(s) dict_keys(['example_external_task_marker_parent', 'example_external_task_marker_child']) retrieved from /home/agalli/sandbox/lib/python3.6/site-packages/airflow/example_dags/example_external_task_marker_dag.py
[2022-02-12 14:23:25,662] {logging_mixin.py:104} INFO - [2022-02-12 14:23:25,662] {dag.py:1832} INFO - Sync 2 DAGs
[2022-02-12 14:23:25,684] {logging_mixin.py:104} INFO - [2022-02-12 14:23:25,684] {dag.py:2305} INFO - Setting next_dagrun for example_external_task_marker_child to None
[2022-02-12 14:23:25,685] {logging_mixin.py:104} INFO - [2022-02-12 14:23:25,685] {dag.py:2305} INFO - Setting next_dagrun for example_external_task_marker_parent to None
[2022-02-12 14:23:25,711] {scheduler_job.py:190} INFO - Processing /home/agalli/sandbox/lib/python3.6/site-packages/airflow/example_dags/example_external_task_marker_dag.py took 0.104 seconds
[2022-02-12 14:23:55,743] {scheduler_job.py:182} INFO - Started process (PID=8529) to work on /home/agalli/sandbox/lib/python3.6/site-packages/airflow/example_dags/example_external_task_marker_dag.py
[2022-02-12 14:23:55,744] {scheduler_job.py:633} INFO - Processing file /home/agalli/sandbox/lib/python3.6/site-packages/airflow/example_dags/example_external_task_marker_dag.py for tasks to queue
[2022-02-12 14:23:55,745] {logging_mixin.py:104} INFO - [2022-02-12 14:23:55,745] {dagbag.py:487} INFO - Filling up the DagBag from /home/agalli/sandbox/lib/python3.6/site-packages/airflow/example_dags/example_external_task_marker_dag.py
[2022-02-12 14:23:55,762] {scheduler_job.py:643} INFO - DAG(s) dict_keys(['example_external_task_marker_parent', 'example_external_task_marker_child']) retrieved from /home/agalli/sandbox/lib/python3.6/site-packages/airflow/example_dags/example_external_task_marker_dag.py
[2022-02-12 14:23:56,011] {logging_mixin.py:104} INFO - [2022-02-12 14:23:56,011] {dag.py:1832} INFO - Sync 2 DAGs
[2022-02-12 14:23:56,025] {logging_mixin.py:104} INFO - [2022-02-12 14:23:56,025] {dag.py:2305} INFO - Setting next_dagrun for example_external_task_marker_child to None
[2022-02-12 14:23:56,026] {logging_mixin.py:104} INFO - [2022-02-12 14:23:56,026] {dag.py:2305} INFO - Setting next_dagrun for example_external_task_marker_parent to None
[2022-02-12 14:23:56,040] {scheduler_job.py:190} INFO - Processing /home/agalli/sandbox/lib/python3.6/site-packages/airflow/example_dags/example_external_task_marker_dag.py took 0.301 seconds
[2022-02-12 14:24:28,699] {scheduler_job.py:182} INFO - Started process (PID=8728) to work on /home/agalli/sandbox/lib/python3.6/site-packages/airflow/example_dags/example_external_task_marker_dag.py
[2022-02-12 14:24:28,702] {scheduler_job.py:633} INFO - Processing file /home/agalli/sandbox/lib/python3.6/site-packages/airflow/example_dags/example_external_task_marker_dag.py for tasks to queue
[2022-02-12 14:24:28,704] {logging_mixin.py:104} INFO - [2022-02-12 14:24:28,704] {dagbag.py:487} INFO - Filling up the DagBag from /home/agalli/sandbox/lib/python3.6/site-packages/airflow/example_dags/example_external_task_marker_dag.py
[2022-02-12 14:24:28,748] {scheduler_job.py:643} INFO - DAG(s) dict_keys(['example_external_task_marker_parent', 'example_external_task_marker_child']) retrieved from /home/agalli/sandbox/lib/python3.6/site-packages/airflow/example_dags/example_external_task_marker_dag.py
[2022-02-12 14:24:29,332] {logging_mixin.py:104} INFO - [2022-02-12 14:24:29,332] {dag.py:1832} INFO - Sync 2 DAGs
[2022-02-12 14:24:29,363] {logging_mixin.py:104} INFO - [2022-02-12 14:24:29,363] {dag.py:2305} INFO - Setting next_dagrun for example_external_task_marker_child to None
[2022-02-12 14:24:29,366] {logging_mixin.py:104} INFO - [2022-02-12 14:24:29,366] {dag.py:2305} INFO - Setting next_dagrun for example_external_task_marker_parent to None
[2022-02-12 14:24:29,404] {scheduler_job.py:190} INFO - Processing /home/agalli/sandbox/lib/python3.6/site-packages/airflow/example_dags/example_external_task_marker_dag.py took 0.713 seconds
[2022-02-12 14:25:00,359] {scheduler_job.py:182} INFO - Started process (PID=8937) to work on /home/agalli/sandbox/lib/python3.6/site-packages/airflow/example_dags/example_external_task_marker_dag.py
[2022-02-12 14:25:00,361] {scheduler_job.py:633} INFO - Processing file /home/agalli/sandbox/lib/python3.6/site-packages/airflow/example_dags/example_external_task_marker_dag.py for tasks to queue
[2022-02-12 14:25:00,362] {logging_mixin.py:104} INFO - [2022-02-12 14:25:00,362] {dagbag.py:487} INFO - Filling up the DagBag from /home/agalli/sandbox/lib/python3.6/site-packages/airflow/example_dags/example_external_task_marker_dag.py
[2022-02-12 14:25:00,395] {scheduler_job.py:643} INFO - DAG(s) dict_keys(['example_external_task_marker_parent', 'example_external_task_marker_child']) retrieved from /home/agalli/sandbox/lib/python3.6/site-packages/airflow/example_dags/example_external_task_marker_dag.py
[2022-02-12 14:25:00,932] {logging_mixin.py:104} INFO - [2022-02-12 14:25:00,932] {dag.py:1832} INFO - Sync 2 DAGs
[2022-02-12 14:25:00,967] {logging_mixin.py:104} INFO - [2022-02-12 14:25:00,967] {dag.py:2305} INFO - Setting next_dagrun for example_external_task_marker_child to None
[2022-02-12 14:25:00,968] {logging_mixin.py:104} INFO - [2022-02-12 14:25:00,968] {dag.py:2305} INFO - Setting next_dagrun for example_external_task_marker_parent to None
[2022-02-12 14:25:01,120] {scheduler_job.py:190} INFO - Processing /home/agalli/sandbox/lib/python3.6/site-packages/airflow/example_dags/example_external_task_marker_dag.py took 0.769 seconds
[2022-02-12 14:25:31,775] {scheduler_job.py:182} INFO - Started process (PID=9261) to work on /home/agalli/sandbox/lib/python3.6/site-packages/airflow/example_dags/example_external_task_marker_dag.py
[2022-02-12 14:25:31,776] {scheduler_job.py:633} INFO - Processing file /home/agalli/sandbox/lib/python3.6/site-packages/airflow/example_dags/example_external_task_marker_dag.py for tasks to queue
[2022-02-12 14:25:31,776] {logging_mixin.py:104} INFO - [2022-02-12 14:25:31,776] {dagbag.py:487} INFO - Filling up the DagBag from /home/agalli/sandbox/lib/python3.6/site-packages/airflow/example_dags/example_external_task_marker_dag.py
[2022-02-12 14:25:31,796] {scheduler_job.py:643} INFO - DAG(s) dict_keys(['example_external_task_marker_parent', 'example_external_task_marker_child']) retrieved from /home/agalli/sandbox/lib/python3.6/site-packages/airflow/example_dags/example_external_task_marker_dag.py
[2022-02-12 14:25:32,195] {logging_mixin.py:104} INFO - [2022-02-12 14:25:32,195] {dag.py:1832} INFO - Sync 2 DAGs
[2022-02-12 14:25:32,223] {logging_mixin.py:104} INFO - [2022-02-12 14:25:32,223] {dag.py:2305} INFO - Setting next_dagrun for example_external_task_marker_child to None
[2022-02-12 14:25:32,225] {logging_mixin.py:104} INFO - [2022-02-12 14:25:32,225] {dag.py:2305} INFO - Setting next_dagrun for example_external_task_marker_parent to None
[2022-02-12 14:25:32,250] {scheduler_job.py:190} INFO - Processing /home/agalli/sandbox/lib/python3.6/site-packages/airflow/example_dags/example_external_task_marker_dag.py took 0.482 seconds
[2022-02-12 14:26:02,573] {scheduler_job.py:182} INFO - Started process (PID=9463) to work on /home/agalli/sandbox/lib/python3.6/site-packages/airflow/example_dags/example_external_task_marker_dag.py
[2022-02-12 14:26:02,579] {scheduler_job.py:633} INFO - Processing file /home/agalli/sandbox/lib/python3.6/site-packages/airflow/example_dags/example_external_task_marker_dag.py for tasks to queue
[2022-02-12 14:26:02,580] {logging_mixin.py:104} INFO - [2022-02-12 14:26:02,580] {dagbag.py:487} INFO - Filling up the DagBag from /home/agalli/sandbox/lib/python3.6/site-packages/airflow/example_dags/example_external_task_marker_dag.py
[2022-02-12 14:26:02,599] {scheduler_job.py:643} INFO - DAG(s) dict_keys(['example_external_task_marker_parent', 'example_external_task_marker_child']) retrieved from /home/agalli/sandbox/lib/python3.6/site-packages/airflow/example_dags/example_external_task_marker_dag.py
[2022-02-12 14:26:03,029] {logging_mixin.py:104} INFO - [2022-02-12 14:26:03,029] {dag.py:1832} INFO - Sync 2 DAGs
[2022-02-12 14:26:03,051] {logging_mixin.py:104} INFO - [2022-02-12 14:26:03,050] {dag.py:2305} INFO - Setting next_dagrun for example_external_task_marker_child to None
[2022-02-12 14:26:03,053] {logging_mixin.py:104} INFO - [2022-02-12 14:26:03,053] {dag.py:2305} INFO - Setting next_dagrun for example_external_task_marker_parent to None
[2022-02-12 14:26:03,075] {scheduler_job.py:190} INFO - Processing /home/agalli/sandbox/lib/python3.6/site-packages/airflow/example_dags/example_external_task_marker_dag.py took 0.508 seconds
[2022-02-12 14:26:33,909] {scheduler_job.py:182} INFO - Started process (PID=9665) to work on /home/agalli/sandbox/lib/python3.6/site-packages/airflow/example_dags/example_external_task_marker_dag.py
[2022-02-12 14:26:33,916] {scheduler_job.py:633} INFO - Processing file /home/agalli/sandbox/lib/python3.6/site-packages/airflow/example_dags/example_external_task_marker_dag.py for tasks to queue
[2022-02-12 14:26:33,917] {logging_mixin.py:104} INFO - [2022-02-12 14:26:33,916] {dagbag.py:487} INFO - Filling up the DagBag from /home/agalli/sandbox/lib/python3.6/site-packages/airflow/example_dags/example_external_task_marker_dag.py
[2022-02-12 14:26:33,931] {scheduler_job.py:643} INFO - DAG(s) dict_keys(['example_external_task_marker_parent', 'example_external_task_marker_child']) retrieved from /home/agalli/sandbox/lib/python3.6/site-packages/airflow/example_dags/example_external_task_marker_dag.py
[2022-02-12 14:26:34,332] {logging_mixin.py:104} INFO - [2022-02-12 14:26:34,331] {dag.py:1832} INFO - Sync 2 DAGs
[2022-02-12 14:26:34,349] {logging_mixin.py:104} INFO - [2022-02-12 14:26:34,349] {dag.py:2305} INFO - Setting next_dagrun for example_external_task_marker_child to None
[2022-02-12 14:26:34,350] {logging_mixin.py:104} INFO - [2022-02-12 14:26:34,350] {dag.py:2305} INFO - Setting next_dagrun for example_external_task_marker_parent to None
[2022-02-12 14:26:34,369] {scheduler_job.py:190} INFO - Processing /home/agalli/sandbox/lib/python3.6/site-packages/airflow/example_dags/example_external_task_marker_dag.py took 0.467 seconds
[2022-02-12 14:27:05,022] {scheduler_job.py:182} INFO - Started process (PID=9867) to work on /home/agalli/sandbox/lib/python3.6/site-packages/airflow/example_dags/example_external_task_marker_dag.py
[2022-02-12 14:27:05,023] {scheduler_job.py:633} INFO - Processing file /home/agalli/sandbox/lib/python3.6/site-packages/airflow/example_dags/example_external_task_marker_dag.py for tasks to queue
[2022-02-12 14:27:05,024] {logging_mixin.py:104} INFO - [2022-02-12 14:27:05,024] {dagbag.py:487} INFO - Filling up the DagBag from /home/agalli/sandbox/lib/python3.6/site-packages/airflow/example_dags/example_external_task_marker_dag.py
[2022-02-12 14:27:05,038] {scheduler_job.py:643} INFO - DAG(s) dict_keys(['example_external_task_marker_parent', 'example_external_task_marker_child']) retrieved from /home/agalli/sandbox/lib/python3.6/site-packages/airflow/example_dags/example_external_task_marker_dag.py
[2022-02-12 14:27:05,348] {logging_mixin.py:104} INFO - [2022-02-12 14:27:05,348] {dag.py:1832} INFO - Sync 2 DAGs
[2022-02-12 14:27:05,366] {logging_mixin.py:104} INFO - [2022-02-12 14:27:05,366] {dag.py:2305} INFO - Setting next_dagrun for example_external_task_marker_child to None
[2022-02-12 14:27:05,367] {logging_mixin.py:104} INFO - [2022-02-12 14:27:05,367] {dag.py:2305} INFO - Setting next_dagrun for example_external_task_marker_parent to None
[2022-02-12 14:27:05,381] {scheduler_job.py:190} INFO - Processing /home/agalli/sandbox/lib/python3.6/site-packages/airflow/example_dags/example_external_task_marker_dag.py took 0.364 seconds
[2022-02-12 14:27:35,526] {scheduler_job.py:182} INFO - Started process (PID=10087) to work on /home/agalli/sandbox/lib/python3.6/site-packages/airflow/example_dags/example_external_task_marker_dag.py
[2022-02-12 14:27:35,527] {scheduler_job.py:633} INFO - Processing file /home/agalli/sandbox/lib/python3.6/site-packages/airflow/example_dags/example_external_task_marker_dag.py for tasks to queue
[2022-02-12 14:27:35,528] {logging_mixin.py:104} INFO - [2022-02-12 14:27:35,527] {dagbag.py:487} INFO - Filling up the DagBag from /home/agalli/sandbox/lib/python3.6/site-packages/airflow/example_dags/example_external_task_marker_dag.py
[2022-02-12 14:27:35,540] {scheduler_job.py:643} INFO - DAG(s) dict_keys(['example_external_task_marker_parent', 'example_external_task_marker_child']) retrieved from /home/agalli/sandbox/lib/python3.6/site-packages/airflow/example_dags/example_external_task_marker_dag.py
[2022-02-12 14:27:35,568] {logging_mixin.py:104} INFO - [2022-02-12 14:27:35,568] {dag.py:1832} INFO - Sync 2 DAGs
[2022-02-12 14:27:35,591] {logging_mixin.py:104} INFO - [2022-02-12 14:27:35,591] {dag.py:2305} INFO - Setting next_dagrun for example_external_task_marker_child to None
[2022-02-12 14:27:35,592] {logging_mixin.py:104} INFO - [2022-02-12 14:27:35,592] {dag.py:2305} INFO - Setting next_dagrun for example_external_task_marker_parent to None
[2022-02-12 14:27:35,605] {scheduler_job.py:190} INFO - Processing /home/agalli/sandbox/lib/python3.6/site-packages/airflow/example_dags/example_external_task_marker_dag.py took 0.082 seconds
[2022-02-12 14:28:06,057] {scheduler_job.py:182} INFO - Started process (PID=10264) to work on /home/agalli/sandbox/lib/python3.6/site-packages/airflow/example_dags/example_external_task_marker_dag.py
[2022-02-12 14:28:06,058] {scheduler_job.py:633} INFO - Processing file /home/agalli/sandbox/lib/python3.6/site-packages/airflow/example_dags/example_external_task_marker_dag.py for tasks to queue
[2022-02-12 14:28:06,059] {logging_mixin.py:104} INFO - [2022-02-12 14:28:06,058] {dagbag.py:487} INFO - Filling up the DagBag from /home/agalli/sandbox/lib/python3.6/site-packages/airflow/example_dags/example_external_task_marker_dag.py
[2022-02-12 14:28:06,075] {scheduler_job.py:643} INFO - DAG(s) dict_keys(['example_external_task_marker_parent', 'example_external_task_marker_child']) retrieved from /home/agalli/sandbox/lib/python3.6/site-packages/airflow/example_dags/example_external_task_marker_dag.py
[2022-02-12 14:28:06,719] {logging_mixin.py:104} INFO - [2022-02-12 14:28:06,719] {dag.py:1832} INFO - Sync 2 DAGs
[2022-02-12 14:28:06,736] {logging_mixin.py:104} INFO - [2022-02-12 14:28:06,735] {dag.py:2305} INFO - Setting next_dagrun for example_external_task_marker_child to None
[2022-02-12 14:28:06,737] {logging_mixin.py:104} INFO - [2022-02-12 14:28:06,736] {dag.py:2305} INFO - Setting next_dagrun for example_external_task_marker_parent to None
[2022-02-12 14:28:06,969] {scheduler_job.py:190} INFO - Processing /home/agalli/sandbox/lib/python3.6/site-packages/airflow/example_dags/example_external_task_marker_dag.py took 0.916 seconds
[2022-02-12 14:28:37,469] {scheduler_job.py:182} INFO - Started process (PID=10474) to work on /home/agalli/sandbox/lib/python3.6/site-packages/airflow/example_dags/example_external_task_marker_dag.py
[2022-02-12 14:28:37,472] {scheduler_job.py:633} INFO - Processing file /home/agalli/sandbox/lib/python3.6/site-packages/airflow/example_dags/example_external_task_marker_dag.py for tasks to queue
[2022-02-12 14:28:37,473] {logging_mixin.py:104} INFO - [2022-02-12 14:28:37,473] {dagbag.py:487} INFO - Filling up the DagBag from /home/agalli/sandbox/lib/python3.6/site-packages/airflow/example_dags/example_external_task_marker_dag.py
[2022-02-12 14:28:37,494] {scheduler_job.py:643} INFO - DAG(s) dict_keys(['example_external_task_marker_parent', 'example_external_task_marker_child']) retrieved from /home/agalli/sandbox/lib/python3.6/site-packages/airflow/example_dags/example_external_task_marker_dag.py
[2022-02-12 14:28:37,880] {logging_mixin.py:104} INFO - [2022-02-12 14:28:37,880] {dag.py:1832} INFO - Sync 2 DAGs
[2022-02-12 14:28:37,898] {logging_mixin.py:104} INFO - [2022-02-12 14:28:37,898] {dag.py:2305} INFO - Setting next_dagrun for example_external_task_marker_child to None
[2022-02-12 14:28:37,899] {logging_mixin.py:104} INFO - [2022-02-12 14:28:37,899] {dag.py:2305} INFO - Setting next_dagrun for example_external_task_marker_parent to None
[2022-02-12 14:28:37,915] {scheduler_job.py:190} INFO - Processing /home/agalli/sandbox/lib/python3.6/site-packages/airflow/example_dags/example_external_task_marker_dag.py took 0.453 seconds
[2022-02-12 14:29:08,082] {scheduler_job.py:182} INFO - Started process (PID=10680) to work on /home/agalli/sandbox/lib/python3.6/site-packages/airflow/example_dags/example_external_task_marker_dag.py
[2022-02-12 14:29:08,084] {scheduler_job.py:633} INFO - Processing file /home/agalli/sandbox/lib/python3.6/site-packages/airflow/example_dags/example_external_task_marker_dag.py for tasks to queue
[2022-02-12 14:29:08,085] {logging_mixin.py:104} INFO - [2022-02-12 14:29:08,085] {dagbag.py:487} INFO - Filling up the DagBag from /home/agalli/sandbox/lib/python3.6/site-packages/airflow/example_dags/example_external_task_marker_dag.py
[2022-02-12 14:29:08,099] {scheduler_job.py:643} INFO - DAG(s) dict_keys(['example_external_task_marker_parent', 'example_external_task_marker_child']) retrieved from /home/agalli/sandbox/lib/python3.6/site-packages/airflow/example_dags/example_external_task_marker_dag.py
[2022-02-12 14:29:08,548] {logging_mixin.py:104} INFO - [2022-02-12 14:29:08,548] {dag.py:1832} INFO - Sync 2 DAGs
[2022-02-12 14:29:08,569] {logging_mixin.py:104} INFO - [2022-02-12 14:29:08,569] {dag.py:2305} INFO - Setting next_dagrun for example_external_task_marker_child to None
[2022-02-12 14:29:08,570] {logging_mixin.py:104} INFO - [2022-02-12 14:29:08,570] {dag.py:2305} INFO - Setting next_dagrun for example_external_task_marker_parent to None
[2022-02-12 14:29:08,596] {scheduler_job.py:190} INFO - Processing /home/agalli/sandbox/lib/python3.6/site-packages/airflow/example_dags/example_external_task_marker_dag.py took 0.518 seconds
[2022-02-12 14:29:38,879] {scheduler_job.py:182} INFO - Started process (PID=10887) to work on /home/agalli/sandbox/lib/python3.6/site-packages/airflow/example_dags/example_external_task_marker_dag.py
[2022-02-12 14:29:38,880] {scheduler_job.py:633} INFO - Processing file /home/agalli/sandbox/lib/python3.6/site-packages/airflow/example_dags/example_external_task_marker_dag.py for tasks to queue
[2022-02-12 14:29:38,881] {logging_mixin.py:104} INFO - [2022-02-12 14:29:38,881] {dagbag.py:487} INFO - Filling up the DagBag from /home/agalli/sandbox/lib/python3.6/site-packages/airflow/example_dags/example_external_task_marker_dag.py
[2022-02-12 14:29:38,898] {scheduler_job.py:643} INFO - DAG(s) dict_keys(['example_external_task_marker_parent', 'example_external_task_marker_child']) retrieved from /home/agalli/sandbox/lib/python3.6/site-packages/airflow/example_dags/example_external_task_marker_dag.py
[2022-02-12 14:29:39,238] {logging_mixin.py:104} INFO - [2022-02-12 14:29:39,238] {dag.py:1832} INFO - Sync 2 DAGs
[2022-02-12 14:29:39,260] {logging_mixin.py:104} INFO - [2022-02-12 14:29:39,260] {dag.py:2305} INFO - Setting next_dagrun for example_external_task_marker_child to None
[2022-02-12 14:29:39,262] {logging_mixin.py:104} INFO - [2022-02-12 14:29:39,262] {dag.py:2305} INFO - Setting next_dagrun for example_external_task_marker_parent to None
[2022-02-12 14:29:39,284] {scheduler_job.py:190} INFO - Processing /home/agalli/sandbox/lib/python3.6/site-packages/airflow/example_dags/example_external_task_marker_dag.py took 0.409 seconds
[2022-02-12 14:30:09,319] {scheduler_job.py:182} INFO - Started process (PID=11073) to work on /home/agalli/sandbox/lib/python3.6/site-packages/airflow/example_dags/example_external_task_marker_dag.py
[2022-02-12 14:30:09,320] {scheduler_job.py:633} INFO - Processing file /home/agalli/sandbox/lib/python3.6/site-packages/airflow/example_dags/example_external_task_marker_dag.py for tasks to queue
[2022-02-12 14:30:09,321] {logging_mixin.py:104} INFO - [2022-02-12 14:30:09,321] {dagbag.py:487} INFO - Filling up the DagBag from /home/agalli/sandbox/lib/python3.6/site-packages/airflow/example_dags/example_external_task_marker_dag.py
[2022-02-12 14:30:09,339] {scheduler_job.py:643} INFO - DAG(s) dict_keys(['example_external_task_marker_parent', 'example_external_task_marker_child']) retrieved from /home/agalli/sandbox/lib/python3.6/site-packages/airflow/example_dags/example_external_task_marker_dag.py
[2022-02-12 14:30:09,958] {logging_mixin.py:104} INFO - [2022-02-12 14:30:09,958] {dag.py:1832} INFO - Sync 2 DAGs
[2022-02-12 14:30:10,002] {logging_mixin.py:104} INFO - [2022-02-12 14:30:10,001] {dag.py:2305} INFO - Setting next_dagrun for example_external_task_marker_child to None
[2022-02-12 14:30:10,003] {logging_mixin.py:104} INFO - [2022-02-12 14:30:10,003] {dag.py:2305} INFO - Setting next_dagrun for example_external_task_marker_parent to None
[2022-02-12 14:30:10,031] {scheduler_job.py:190} INFO - Processing /home/agalli/sandbox/lib/python3.6/site-packages/airflow/example_dags/example_external_task_marker_dag.py took 0.716 seconds
[2022-02-12 14:52:17,959] {scheduler_job.py:182} INFO - Started process (PID=14473) to work on /home/agalli/sandbox/lib/python3.6/site-packages/airflow/example_dags/example_external_task_marker_dag.py
[2022-02-12 14:52:17,980] {scheduler_job.py:633} INFO - Processing file /home/agalli/sandbox/lib/python3.6/site-packages/airflow/example_dags/example_external_task_marker_dag.py for tasks to queue
[2022-02-12 14:52:17,990] {logging_mixin.py:104} INFO - [2022-02-12 14:52:17,989] {dagbag.py:487} INFO - Filling up the DagBag from /home/agalli/sandbox/lib/python3.6/site-packages/airflow/example_dags/example_external_task_marker_dag.py
[2022-02-12 14:52:18,040] {scheduler_job.py:643} INFO - DAG(s) dict_keys(['example_external_task_marker_parent', 'example_external_task_marker_child']) retrieved from /home/agalli/sandbox/lib/python3.6/site-packages/airflow/example_dags/example_external_task_marker_dag.py
[2022-02-12 14:52:19,819] {logging_mixin.py:104} INFO - [2022-02-12 14:52:19,818] {dag.py:1832} INFO - Sync 2 DAGs
[2022-02-12 14:52:19,907] {logging_mixin.py:104} INFO - [2022-02-12 14:52:19,907] {dag.py:2305} INFO - Setting next_dagrun for example_external_task_marker_child to None
[2022-02-12 14:52:19,910] {logging_mixin.py:104} INFO - [2022-02-12 14:52:19,910] {dag.py:2305} INFO - Setting next_dagrun for example_external_task_marker_parent to None
[2022-02-12 14:52:20,010] {scheduler_job.py:190} INFO - Processing /home/agalli/sandbox/lib/python3.6/site-packages/airflow/example_dags/example_external_task_marker_dag.py took 2.075 seconds
[2022-02-12 14:52:50,837] {scheduler_job.py:182} INFO - Started process (PID=14665) to work on /home/agalli/sandbox/lib/python3.6/site-packages/airflow/example_dags/example_external_task_marker_dag.py
[2022-02-12 14:52:50,838] {scheduler_job.py:633} INFO - Processing file /home/agalli/sandbox/lib/python3.6/site-packages/airflow/example_dags/example_external_task_marker_dag.py for tasks to queue
[2022-02-12 14:52:50,839] {logging_mixin.py:104} INFO - [2022-02-12 14:52:50,839] {dagbag.py:487} INFO - Filling up the DagBag from /home/agalli/sandbox/lib/python3.6/site-packages/airflow/example_dags/example_external_task_marker_dag.py
[2022-02-12 14:52:50,863] {scheduler_job.py:643} INFO - DAG(s) dict_keys(['example_external_task_marker_parent', 'example_external_task_marker_child']) retrieved from /home/agalli/sandbox/lib/python3.6/site-packages/airflow/example_dags/example_external_task_marker_dag.py
[2022-02-12 14:52:50,909] {logging_mixin.py:104} INFO - [2022-02-12 14:52:50,908] {dag.py:1832} INFO - Sync 2 DAGs
[2022-02-12 14:52:50,947] {logging_mixin.py:104} INFO - [2022-02-12 14:52:50,947] {dag.py:2305} INFO - Setting next_dagrun for example_external_task_marker_child to None
[2022-02-12 14:52:50,949] {logging_mixin.py:104} INFO - [2022-02-12 14:52:50,949] {dag.py:2305} INFO - Setting next_dagrun for example_external_task_marker_parent to None
[2022-02-12 14:52:50,979] {scheduler_job.py:190} INFO - Processing /home/agalli/sandbox/lib/python3.6/site-packages/airflow/example_dags/example_external_task_marker_dag.py took 0.147 seconds
[2022-02-12 14:53:21,826] {scheduler_job.py:182} INFO - Started process (PID=14949) to work on /home/agalli/sandbox/lib/python3.6/site-packages/airflow/example_dags/example_external_task_marker_dag.py
[2022-02-12 14:53:21,834] {scheduler_job.py:633} INFO - Processing file /home/agalli/sandbox/lib/python3.6/site-packages/airflow/example_dags/example_external_task_marker_dag.py for tasks to queue
[2022-02-12 14:53:21,836] {logging_mixin.py:104} INFO - [2022-02-12 14:53:21,836] {dagbag.py:487} INFO - Filling up the DagBag from /home/agalli/sandbox/lib/python3.6/site-packages/airflow/example_dags/example_external_task_marker_dag.py
[2022-02-12 14:53:21,942] {scheduler_job.py:643} INFO - DAG(s) dict_keys(['example_external_task_marker_parent', 'example_external_task_marker_child']) retrieved from /home/agalli/sandbox/lib/python3.6/site-packages/airflow/example_dags/example_external_task_marker_dag.py
[2022-02-12 14:53:23,287] {logging_mixin.py:104} INFO - [2022-02-12 14:53:23,287] {dag.py:1832} INFO - Sync 2 DAGs
[2022-02-12 14:53:23,327] {logging_mixin.py:104} INFO - [2022-02-12 14:53:23,325] {dag.py:2305} INFO - Setting next_dagrun for example_external_task_marker_child to None
[2022-02-12 14:53:23,330] {logging_mixin.py:104} INFO - [2022-02-12 14:53:23,329] {dag.py:2305} INFO - Setting next_dagrun for example_external_task_marker_parent to None
[2022-02-12 14:53:23,516] {scheduler_job.py:190} INFO - Processing /home/agalli/sandbox/lib/python3.6/site-packages/airflow/example_dags/example_external_task_marker_dag.py took 1.712 seconds
[2022-02-12 14:53:53,867] {scheduler_job.py:182} INFO - Started process (PID=15695) to work on /home/agalli/sandbox/lib/python3.6/site-packages/airflow/example_dags/example_external_task_marker_dag.py
[2022-02-12 14:53:53,880] {scheduler_job.py:633} INFO - Processing file /home/agalli/sandbox/lib/python3.6/site-packages/airflow/example_dags/example_external_task_marker_dag.py for tasks to queue
[2022-02-12 14:53:53,882] {logging_mixin.py:104} INFO - [2022-02-12 14:53:53,882] {dagbag.py:487} INFO - Filling up the DagBag from /home/agalli/sandbox/lib/python3.6/site-packages/airflow/example_dags/example_external_task_marker_dag.py
[2022-02-12 14:53:53,918] {scheduler_job.py:643} INFO - DAG(s) dict_keys(['example_external_task_marker_parent', 'example_external_task_marker_child']) retrieved from /home/agalli/sandbox/lib/python3.6/site-packages/airflow/example_dags/example_external_task_marker_dag.py
[2022-02-12 14:53:53,968] {logging_mixin.py:104} INFO - [2022-02-12 14:53:53,968] {dag.py:1832} INFO - Sync 2 DAGs
[2022-02-12 14:53:53,999] {logging_mixin.py:104} INFO - [2022-02-12 14:53:53,999] {dag.py:2305} INFO - Setting next_dagrun for example_external_task_marker_child to None
[2022-02-12 14:53:54,001] {logging_mixin.py:104} INFO - [2022-02-12 14:53:54,001] {dag.py:2305} INFO - Setting next_dagrun for example_external_task_marker_parent to None
[2022-02-12 14:53:54,021] {scheduler_job.py:190} INFO - Processing /home/agalli/sandbox/lib/python3.6/site-packages/airflow/example_dags/example_external_task_marker_dag.py took 0.182 seconds
[2022-02-12 14:54:24,151] {scheduler_job.py:182} INFO - Started process (PID=15823) to work on /home/agalli/sandbox/lib/python3.6/site-packages/airflow/example_dags/example_external_task_marker_dag.py
[2022-02-12 14:54:24,153] {scheduler_job.py:633} INFO - Processing file /home/agalli/sandbox/lib/python3.6/site-packages/airflow/example_dags/example_external_task_marker_dag.py for tasks to queue
[2022-02-12 14:54:24,153] {logging_mixin.py:104} INFO - [2022-02-12 14:54:24,153] {dagbag.py:487} INFO - Filling up the DagBag from /home/agalli/sandbox/lib/python3.6/site-packages/airflow/example_dags/example_external_task_marker_dag.py
[2022-02-12 14:54:24,170] {scheduler_job.py:643} INFO - DAG(s) dict_keys(['example_external_task_marker_parent', 'example_external_task_marker_child']) retrieved from /home/agalli/sandbox/lib/python3.6/site-packages/airflow/example_dags/example_external_task_marker_dag.py
[2022-02-12 14:54:24,550] {logging_mixin.py:104} INFO - [2022-02-12 14:54:24,550] {dag.py:1832} INFO - Sync 2 DAGs
[2022-02-12 14:54:24,579] {logging_mixin.py:104} INFO - [2022-02-12 14:54:24,579] {dag.py:2305} INFO - Setting next_dagrun for example_external_task_marker_child to None
[2022-02-12 14:54:24,581] {logging_mixin.py:104} INFO - [2022-02-12 14:54:24,580] {dag.py:2305} INFO - Setting next_dagrun for example_external_task_marker_parent to None
[2022-02-12 14:54:24,603] {scheduler_job.py:190} INFO - Processing /home/agalli/sandbox/lib/python3.6/site-packages/airflow/example_dags/example_external_task_marker_dag.py took 0.457 seconds
[2022-02-12 14:54:55,389] {scheduler_job.py:182} INFO - Started process (PID=15961) to work on /home/agalli/sandbox/lib/python3.6/site-packages/airflow/example_dags/example_external_task_marker_dag.py
[2022-02-12 14:54:55,391] {scheduler_job.py:633} INFO - Processing file /home/agalli/sandbox/lib/python3.6/site-packages/airflow/example_dags/example_external_task_marker_dag.py for tasks to queue
[2022-02-12 14:54:55,391] {logging_mixin.py:104} INFO - [2022-02-12 14:54:55,391] {dagbag.py:487} INFO - Filling up the DagBag from /home/agalli/sandbox/lib/python3.6/site-packages/airflow/example_dags/example_external_task_marker_dag.py
[2022-02-12 14:54:55,406] {scheduler_job.py:643} INFO - DAG(s) dict_keys(['example_external_task_marker_parent', 'example_external_task_marker_child']) retrieved from /home/agalli/sandbox/lib/python3.6/site-packages/airflow/example_dags/example_external_task_marker_dag.py
[2022-02-12 14:54:55,696] {logging_mixin.py:104} INFO - [2022-02-12 14:54:55,695] {dag.py:1832} INFO - Sync 2 DAGs
[2022-02-12 14:54:55,712] {logging_mixin.py:104} INFO - [2022-02-12 14:54:55,712] {dag.py:2305} INFO - Setting next_dagrun for example_external_task_marker_child to None
[2022-02-12 14:54:55,713] {logging_mixin.py:104} INFO - [2022-02-12 14:54:55,713] {dag.py:2305} INFO - Setting next_dagrun for example_external_task_marker_parent to None
[2022-02-12 14:54:55,728] {scheduler_job.py:190} INFO - Processing /home/agalli/sandbox/lib/python3.6/site-packages/airflow/example_dags/example_external_task_marker_dag.py took 0.342 seconds
[2022-02-12 14:55:26,306] {scheduler_job.py:182} INFO - Started process (PID=16087) to work on /home/agalli/sandbox/lib/python3.6/site-packages/airflow/example_dags/example_external_task_marker_dag.py
[2022-02-12 14:55:26,309] {scheduler_job.py:633} INFO - Processing file /home/agalli/sandbox/lib/python3.6/site-packages/airflow/example_dags/example_external_task_marker_dag.py for tasks to queue
[2022-02-12 14:55:26,312] {logging_mixin.py:104} INFO - [2022-02-12 14:55:26,311] {dagbag.py:487} INFO - Filling up the DagBag from /home/agalli/sandbox/lib/python3.6/site-packages/airflow/example_dags/example_external_task_marker_dag.py
[2022-02-12 14:55:26,335] {scheduler_job.py:643} INFO - DAG(s) dict_keys(['example_external_task_marker_parent', 'example_external_task_marker_child']) retrieved from /home/agalli/sandbox/lib/python3.6/site-packages/airflow/example_dags/example_external_task_marker_dag.py
[2022-02-12 14:55:26,793] {logging_mixin.py:104} INFO - [2022-02-12 14:55:26,792] {dag.py:1832} INFO - Sync 2 DAGs
[2022-02-12 14:55:26,815] {logging_mixin.py:104} INFO - [2022-02-12 14:55:26,815] {dag.py:2305} INFO - Setting next_dagrun for example_external_task_marker_child to None
[2022-02-12 14:55:26,816] {logging_mixin.py:104} INFO - [2022-02-12 14:55:26,816] {dag.py:2305} INFO - Setting next_dagrun for example_external_task_marker_parent to None
[2022-02-12 14:55:26,837] {scheduler_job.py:190} INFO - Processing /home/agalli/sandbox/lib/python3.6/site-packages/airflow/example_dags/example_external_task_marker_dag.py took 0.540 seconds
[2022-02-12 14:56:40,357] {scheduler_job.py:182} INFO - Started process (PID=16410) to work on /home/agalli/sandbox/lib/python3.6/site-packages/airflow/example_dags/example_external_task_marker_dag.py
[2022-02-12 14:56:40,359] {scheduler_job.py:633} INFO - Processing file /home/agalli/sandbox/lib/python3.6/site-packages/airflow/example_dags/example_external_task_marker_dag.py for tasks to queue
[2022-02-12 14:56:40,360] {logging_mixin.py:104} INFO - [2022-02-12 14:56:40,360] {dagbag.py:487} INFO - Filling up the DagBag from /home/agalli/sandbox/lib/python3.6/site-packages/airflow/example_dags/example_external_task_marker_dag.py
[2022-02-12 14:56:40,388] {scheduler_job.py:643} INFO - DAG(s) dict_keys(['example_external_task_marker_parent', 'example_external_task_marker_child']) retrieved from /home/agalli/sandbox/lib/python3.6/site-packages/airflow/example_dags/example_external_task_marker_dag.py
[2022-02-12 14:56:41,073] {logging_mixin.py:104} INFO - [2022-02-12 14:56:41,073] {dag.py:1832} INFO - Sync 2 DAGs
[2022-02-12 14:56:41,116] {logging_mixin.py:104} INFO - [2022-02-12 14:56:41,116] {dag.py:2305} INFO - Setting next_dagrun for example_external_task_marker_child to None
[2022-02-12 14:56:41,119] {logging_mixin.py:104} INFO - [2022-02-12 14:56:41,119] {dag.py:2305} INFO - Setting next_dagrun for example_external_task_marker_parent to None
[2022-02-12 14:56:41,196] {scheduler_job.py:190} INFO - Processing /home/agalli/sandbox/lib/python3.6/site-packages/airflow/example_dags/example_external_task_marker_dag.py took 0.847 seconds
[2022-02-12 14:57:11,220] {scheduler_job.py:182} INFO - Started process (PID=16510) to work on /home/agalli/sandbox/lib/python3.6/site-packages/airflow/example_dags/example_external_task_marker_dag.py
[2022-02-12 14:57:11,222] {scheduler_job.py:633} INFO - Processing file /home/agalli/sandbox/lib/python3.6/site-packages/airflow/example_dags/example_external_task_marker_dag.py for tasks to queue
[2022-02-12 14:57:11,223] {logging_mixin.py:104} INFO - [2022-02-12 14:57:11,223] {dagbag.py:487} INFO - Filling up the DagBag from /home/agalli/sandbox/lib/python3.6/site-packages/airflow/example_dags/example_external_task_marker_dag.py
[2022-02-12 14:57:11,250] {scheduler_job.py:643} INFO - DAG(s) dict_keys(['example_external_task_marker_parent', 'example_external_task_marker_child']) retrieved from /home/agalli/sandbox/lib/python3.6/site-packages/airflow/example_dags/example_external_task_marker_dag.py
[2022-02-12 14:57:11,718] {logging_mixin.py:104} INFO - [2022-02-12 14:57:11,718] {dag.py:1832} INFO - Sync 2 DAGs
[2022-02-12 14:57:11,757] {logging_mixin.py:104} INFO - [2022-02-12 14:57:11,757] {dag.py:2305} INFO - Setting next_dagrun for example_external_task_marker_child to None
[2022-02-12 14:57:11,759] {logging_mixin.py:104} INFO - [2022-02-12 14:57:11,759] {dag.py:2305} INFO - Setting next_dagrun for example_external_task_marker_parent to None
[2022-02-12 14:57:11,785] {scheduler_job.py:190} INFO - Processing /home/agalli/sandbox/lib/python3.6/site-packages/airflow/example_dags/example_external_task_marker_dag.py took 0.572 seconds
[2022-02-12 14:57:42,310] {scheduler_job.py:182} INFO - Started process (PID=16700) to work on /home/agalli/sandbox/lib/python3.6/site-packages/airflow/example_dags/example_external_task_marker_dag.py
[2022-02-12 14:57:42,312] {scheduler_job.py:633} INFO - Processing file /home/agalli/sandbox/lib/python3.6/site-packages/airflow/example_dags/example_external_task_marker_dag.py for tasks to queue
[2022-02-12 14:57:42,312] {logging_mixin.py:104} INFO - [2022-02-12 14:57:42,312] {dagbag.py:487} INFO - Filling up the DagBag from /home/agalli/sandbox/lib/python3.6/site-packages/airflow/example_dags/example_external_task_marker_dag.py
[2022-02-12 14:57:42,333] {scheduler_job.py:643} INFO - DAG(s) dict_keys(['example_external_task_marker_parent', 'example_external_task_marker_child']) retrieved from /home/agalli/sandbox/lib/python3.6/site-packages/airflow/example_dags/example_external_task_marker_dag.py
[2022-02-12 14:57:42,552] {logging_mixin.py:104} INFO - [2022-02-12 14:57:42,552] {dag.py:1832} INFO - Sync 2 DAGs
[2022-02-12 14:57:42,575] {logging_mixin.py:104} INFO - [2022-02-12 14:57:42,575] {dag.py:2305} INFO - Setting next_dagrun for example_external_task_marker_child to None
[2022-02-12 14:57:42,576] {logging_mixin.py:104} INFO - [2022-02-12 14:57:42,576] {dag.py:2305} INFO - Setting next_dagrun for example_external_task_marker_parent to None
[2022-02-12 14:57:42,592] {scheduler_job.py:190} INFO - Processing /home/agalli/sandbox/lib/python3.6/site-packages/airflow/example_dags/example_external_task_marker_dag.py took 0.285 seconds
[2022-02-12 14:58:12,764] {scheduler_job.py:182} INFO - Started process (PID=16769) to work on /home/agalli/sandbox/lib/python3.6/site-packages/airflow/example_dags/example_external_task_marker_dag.py
[2022-02-12 14:58:12,766] {scheduler_job.py:633} INFO - Processing file /home/agalli/sandbox/lib/python3.6/site-packages/airflow/example_dags/example_external_task_marker_dag.py for tasks to queue
[2022-02-12 14:58:12,767] {logging_mixin.py:104} INFO - [2022-02-12 14:58:12,767] {dagbag.py:487} INFO - Filling up the DagBag from /home/agalli/sandbox/lib/python3.6/site-packages/airflow/example_dags/example_external_task_marker_dag.py
[2022-02-12 14:58:12,783] {scheduler_job.py:643} INFO - DAG(s) dict_keys(['example_external_task_marker_parent', 'example_external_task_marker_child']) retrieved from /home/agalli/sandbox/lib/python3.6/site-packages/airflow/example_dags/example_external_task_marker_dag.py
[2022-02-12 14:58:13,018] {logging_mixin.py:104} INFO - [2022-02-12 14:58:13,018] {dag.py:1832} INFO - Sync 2 DAGs
[2022-02-12 14:58:13,033] {logging_mixin.py:104} INFO - [2022-02-12 14:58:13,033] {dag.py:2305} INFO - Setting next_dagrun for example_external_task_marker_child to None
[2022-02-12 14:58:13,034] {logging_mixin.py:104} INFO - [2022-02-12 14:58:13,034] {dag.py:2305} INFO - Setting next_dagrun for example_external_task_marker_parent to None
[2022-02-12 14:58:13,051] {scheduler_job.py:190} INFO - Processing /home/agalli/sandbox/lib/python3.6/site-packages/airflow/example_dags/example_external_task_marker_dag.py took 0.291 seconds
[2022-02-12 14:58:43,151] {scheduler_job.py:182} INFO - Started process (PID=16842) to work on /home/agalli/sandbox/lib/python3.6/site-packages/airflow/example_dags/example_external_task_marker_dag.py
[2022-02-12 14:58:43,153] {scheduler_job.py:633} INFO - Processing file /home/agalli/sandbox/lib/python3.6/site-packages/airflow/example_dags/example_external_task_marker_dag.py for tasks to queue
[2022-02-12 14:58:43,154] {logging_mixin.py:104} INFO - [2022-02-12 14:58:43,154] {dagbag.py:487} INFO - Filling up the DagBag from /home/agalli/sandbox/lib/python3.6/site-packages/airflow/example_dags/example_external_task_marker_dag.py
[2022-02-12 14:58:43,174] {scheduler_job.py:643} INFO - DAG(s) dict_keys(['example_external_task_marker_parent', 'example_external_task_marker_child']) retrieved from /home/agalli/sandbox/lib/python3.6/site-packages/airflow/example_dags/example_external_task_marker_dag.py
[2022-02-12 14:58:43,213] {logging_mixin.py:104} INFO - [2022-02-12 14:58:43,213] {dag.py:1832} INFO - Sync 2 DAGs
[2022-02-12 14:58:43,233] {logging_mixin.py:104} INFO - [2022-02-12 14:58:43,233] {dag.py:2305} INFO - Setting next_dagrun for example_external_task_marker_child to None
[2022-02-12 14:58:43,235] {logging_mixin.py:104} INFO - [2022-02-12 14:58:43,235] {dag.py:2305} INFO - Setting next_dagrun for example_external_task_marker_parent to None
[2022-02-12 14:58:43,248] {scheduler_job.py:190} INFO - Processing /home/agalli/sandbox/lib/python3.6/site-packages/airflow/example_dags/example_external_task_marker_dag.py took 0.101 seconds
[2022-02-12 14:59:14,479] {scheduler_job.py:182} INFO - Started process (PID=16910) to work on /home/agalli/sandbox/lib/python3.6/site-packages/airflow/example_dags/example_external_task_marker_dag.py
[2022-02-12 14:59:14,480] {scheduler_job.py:633} INFO - Processing file /home/agalli/sandbox/lib/python3.6/site-packages/airflow/example_dags/example_external_task_marker_dag.py for tasks to queue
[2022-02-12 14:59:14,481] {logging_mixin.py:104} INFO - [2022-02-12 14:59:14,481] {dagbag.py:487} INFO - Filling up the DagBag from /home/agalli/sandbox/lib/python3.6/site-packages/airflow/example_dags/example_external_task_marker_dag.py
[2022-02-12 14:59:14,505] {scheduler_job.py:643} INFO - DAG(s) dict_keys(['example_external_task_marker_parent', 'example_external_task_marker_child']) retrieved from /home/agalli/sandbox/lib/python3.6/site-packages/airflow/example_dags/example_external_task_marker_dag.py
[2022-02-12 14:59:14,585] {logging_mixin.py:104} INFO - [2022-02-12 14:59:14,585] {dag.py:1832} INFO - Sync 2 DAGs
[2022-02-12 14:59:14,619] {logging_mixin.py:104} INFO - [2022-02-12 14:59:14,619] {dag.py:2305} INFO - Setting next_dagrun for example_external_task_marker_child to None
[2022-02-12 14:59:14,621] {logging_mixin.py:104} INFO - [2022-02-12 14:59:14,621] {dag.py:2305} INFO - Setting next_dagrun for example_external_task_marker_parent to None
[2022-02-12 14:59:14,647] {scheduler_job.py:190} INFO - Processing /home/agalli/sandbox/lib/python3.6/site-packages/airflow/example_dags/example_external_task_marker_dag.py took 0.174 seconds
[2022-02-12 14:59:44,744] {scheduler_job.py:182} INFO - Started process (PID=16980) to work on /home/agalli/sandbox/lib/python3.6/site-packages/airflow/example_dags/example_external_task_marker_dag.py
[2022-02-12 14:59:44,748] {scheduler_job.py:633} INFO - Processing file /home/agalli/sandbox/lib/python3.6/site-packages/airflow/example_dags/example_external_task_marker_dag.py for tasks to queue
[2022-02-12 14:59:44,751] {logging_mixin.py:104} INFO - [2022-02-12 14:59:44,751] {dagbag.py:487} INFO - Filling up the DagBag from /home/agalli/sandbox/lib/python3.6/site-packages/airflow/example_dags/example_external_task_marker_dag.py
[2022-02-12 14:59:44,773] {scheduler_job.py:643} INFO - DAG(s) dict_keys(['example_external_task_marker_parent', 'example_external_task_marker_child']) retrieved from /home/agalli/sandbox/lib/python3.6/site-packages/airflow/example_dags/example_external_task_marker_dag.py
[2022-02-12 14:59:44,873] {logging_mixin.py:104} INFO - [2022-02-12 14:59:44,862] {dag.py:1832} INFO - Sync 2 DAGs
[2022-02-12 14:59:44,950] {logging_mixin.py:104} INFO - [2022-02-12 14:59:44,950] {dag.py:2305} INFO - Setting next_dagrun for example_external_task_marker_child to None
[2022-02-12 14:59:44,953] {logging_mixin.py:104} INFO - [2022-02-12 14:59:44,952] {dag.py:2305} INFO - Setting next_dagrun for example_external_task_marker_parent to None
[2022-02-12 14:59:44,987] {scheduler_job.py:190} INFO - Processing /home/agalli/sandbox/lib/python3.6/site-packages/airflow/example_dags/example_external_task_marker_dag.py took 0.248 seconds
[2022-02-12 15:00:16,175] {scheduler_job.py:182} INFO - Started process (PID=17050) to work on /home/agalli/sandbox/lib/python3.6/site-packages/airflow/example_dags/example_external_task_marker_dag.py
[2022-02-12 15:00:16,177] {scheduler_job.py:633} INFO - Processing file /home/agalli/sandbox/lib/python3.6/site-packages/airflow/example_dags/example_external_task_marker_dag.py for tasks to queue
[2022-02-12 15:00:16,178] {logging_mixin.py:104} INFO - [2022-02-12 15:00:16,178] {dagbag.py:487} INFO - Filling up the DagBag from /home/agalli/sandbox/lib/python3.6/site-packages/airflow/example_dags/example_external_task_marker_dag.py
[2022-02-12 15:00:16,195] {scheduler_job.py:643} INFO - DAG(s) dict_keys(['example_external_task_marker_parent', 'example_external_task_marker_child']) retrieved from /home/agalli/sandbox/lib/python3.6/site-packages/airflow/example_dags/example_external_task_marker_dag.py
[2022-02-12 15:00:16,294] {logging_mixin.py:104} INFO - [2022-02-12 15:00:16,294] {dag.py:1832} INFO - Sync 2 DAGs
[2022-02-12 15:00:16,325] {logging_mixin.py:104} INFO - [2022-02-12 15:00:16,325] {dag.py:2305} INFO - Setting next_dagrun for example_external_task_marker_child to None
[2022-02-12 15:00:16,327] {logging_mixin.py:104} INFO - [2022-02-12 15:00:16,327] {dag.py:2305} INFO - Setting next_dagrun for example_external_task_marker_parent to None
[2022-02-12 15:00:16,342] {scheduler_job.py:190} INFO - Processing /home/agalli/sandbox/lib/python3.6/site-packages/airflow/example_dags/example_external_task_marker_dag.py took 0.172 seconds
[2022-02-12 15:00:45,622] {scheduler_job.py:182} INFO - Started process (PID=17710) to work on /home/agalli/sandbox/lib/python3.6/site-packages/airflow/example_dags/example_external_task_marker_dag.py
[2022-02-12 15:00:45,625] {scheduler_job.py:633} INFO - Processing file /home/agalli/sandbox/lib/python3.6/site-packages/airflow/example_dags/example_external_task_marker_dag.py for tasks to queue
[2022-02-12 15:00:45,655] {logging_mixin.py:104} INFO - [2022-02-12 15:00:45,655] {dagbag.py:487} INFO - Filling up the DagBag from /home/agalli/sandbox/lib/python3.6/site-packages/airflow/example_dags/example_external_task_marker_dag.py
[2022-02-12 15:00:45,780] {scheduler_job.py:643} INFO - DAG(s) dict_keys(['example_external_task_marker_parent', 'example_external_task_marker_child']) retrieved from /home/agalli/sandbox/lib/python3.6/site-packages/airflow/example_dags/example_external_task_marker_dag.py
[2022-02-12 15:00:47,592] {logging_mixin.py:104} INFO - [2022-02-12 15:00:47,592] {dag.py:1832} INFO - Sync 2 DAGs
[2022-02-12 15:00:47,683] {logging_mixin.py:104} INFO - [2022-02-12 15:00:47,683] {dag.py:2305} INFO - Setting next_dagrun for example_external_task_marker_child to None
[2022-02-12 15:00:47,685] {logging_mixin.py:104} INFO - [2022-02-12 15:00:47,685] {dag.py:2305} INFO - Setting next_dagrun for example_external_task_marker_parent to None
[2022-02-12 15:00:47,857] {scheduler_job.py:190} INFO - Processing /home/agalli/sandbox/lib/python3.6/site-packages/airflow/example_dags/example_external_task_marker_dag.py took 2.297 seconds
[2022-02-12 15:01:18,701] {scheduler_job.py:182} INFO - Started process (PID=17986) to work on /home/agalli/sandbox/lib/python3.6/site-packages/airflow/example_dags/example_external_task_marker_dag.py
[2022-02-12 15:01:18,702] {scheduler_job.py:633} INFO - Processing file /home/agalli/sandbox/lib/python3.6/site-packages/airflow/example_dags/example_external_task_marker_dag.py for tasks to queue
[2022-02-12 15:01:18,703] {logging_mixin.py:104} INFO - [2022-02-12 15:01:18,703] {dagbag.py:487} INFO - Filling up the DagBag from /home/agalli/sandbox/lib/python3.6/site-packages/airflow/example_dags/example_external_task_marker_dag.py
[2022-02-12 15:01:18,713] {scheduler_job.py:643} INFO - DAG(s) dict_keys(['example_external_task_marker_parent', 'example_external_task_marker_child']) retrieved from /home/agalli/sandbox/lib/python3.6/site-packages/airflow/example_dags/example_external_task_marker_dag.py
[2022-02-12 15:01:18,744] {logging_mixin.py:104} INFO - [2022-02-12 15:01:18,744] {dag.py:1832} INFO - Sync 2 DAGs
[2022-02-12 15:01:18,760] {logging_mixin.py:104} INFO - [2022-02-12 15:01:18,759] {dag.py:2305} INFO - Setting next_dagrun for example_external_task_marker_child to None
[2022-02-12 15:01:18,761] {logging_mixin.py:104} INFO - [2022-02-12 15:01:18,761] {dag.py:2305} INFO - Setting next_dagrun for example_external_task_marker_parent to None
[2022-02-12 15:01:18,777] {scheduler_job.py:190} INFO - Processing /home/agalli/sandbox/lib/python3.6/site-packages/airflow/example_dags/example_external_task_marker_dag.py took 0.079 seconds
[2022-02-12 15:01:49,298] {scheduler_job.py:182} INFO - Started process (PID=18188) to work on /home/agalli/sandbox/lib/python3.6/site-packages/airflow/example_dags/example_external_task_marker_dag.py
[2022-02-12 15:01:49,299] {scheduler_job.py:633} INFO - Processing file /home/agalli/sandbox/lib/python3.6/site-packages/airflow/example_dags/example_external_task_marker_dag.py for tasks to queue
[2022-02-12 15:01:49,300] {logging_mixin.py:104} INFO - [2022-02-12 15:01:49,300] {dagbag.py:487} INFO - Filling up the DagBag from /home/agalli/sandbox/lib/python3.6/site-packages/airflow/example_dags/example_external_task_marker_dag.py
[2022-02-12 15:01:49,316] {scheduler_job.py:643} INFO - DAG(s) dict_keys(['example_external_task_marker_parent', 'example_external_task_marker_child']) retrieved from /home/agalli/sandbox/lib/python3.6/site-packages/airflow/example_dags/example_external_task_marker_dag.py
[2022-02-12 15:01:49,351] {logging_mixin.py:104} INFO - [2022-02-12 15:01:49,350] {dag.py:1832} INFO - Sync 2 DAGs
[2022-02-12 15:01:49,386] {logging_mixin.py:104} INFO - [2022-02-12 15:01:49,386] {dag.py:2305} INFO - Setting next_dagrun for example_external_task_marker_child to None
[2022-02-12 15:01:49,387] {logging_mixin.py:104} INFO - [2022-02-12 15:01:49,387] {dag.py:2305} INFO - Setting next_dagrun for example_external_task_marker_parent to None
[2022-02-12 15:01:49,406] {scheduler_job.py:190} INFO - Processing /home/agalli/sandbox/lib/python3.6/site-packages/airflow/example_dags/example_external_task_marker_dag.py took 0.113 seconds
[2022-02-12 15:02:19,933] {scheduler_job.py:182} INFO - Started process (PID=18510) to work on /home/agalli/sandbox/lib/python3.6/site-packages/airflow/example_dags/example_external_task_marker_dag.py
[2022-02-12 15:02:19,945] {scheduler_job.py:633} INFO - Processing file /home/agalli/sandbox/lib/python3.6/site-packages/airflow/example_dags/example_external_task_marker_dag.py for tasks to queue
[2022-02-12 15:02:19,948] {logging_mixin.py:104} INFO - [2022-02-12 15:02:19,948] {dagbag.py:487} INFO - Filling up the DagBag from /home/agalli/sandbox/lib/python3.6/site-packages/airflow/example_dags/example_external_task_marker_dag.py
[2022-02-12 15:02:20,072] {scheduler_job.py:643} INFO - DAG(s) dict_keys(['example_external_task_marker_parent', 'example_external_task_marker_child']) retrieved from /home/agalli/sandbox/lib/python3.6/site-packages/airflow/example_dags/example_external_task_marker_dag.py
[2022-02-12 15:02:20,854] {logging_mixin.py:104} INFO - [2022-02-12 15:02:20,854] {dag.py:1832} INFO - Sync 2 DAGs
[2022-02-12 15:02:20,878] {logging_mixin.py:104} INFO - [2022-02-12 15:02:20,878] {dag.py:2305} INFO - Setting next_dagrun for example_external_task_marker_child to None
[2022-02-12 15:02:20,880] {logging_mixin.py:104} INFO - [2022-02-12 15:02:20,880] {dag.py:2305} INFO - Setting next_dagrun for example_external_task_marker_parent to None
[2022-02-12 15:02:20,901] {scheduler_job.py:190} INFO - Processing /home/agalli/sandbox/lib/python3.6/site-packages/airflow/example_dags/example_external_task_marker_dag.py took 0.977 seconds
[2022-02-12 15:02:51,346] {scheduler_job.py:182} INFO - Started process (PID=18997) to work on /home/agalli/sandbox/lib/python3.6/site-packages/airflow/example_dags/example_external_task_marker_dag.py
[2022-02-12 15:02:51,348] {scheduler_job.py:633} INFO - Processing file /home/agalli/sandbox/lib/python3.6/site-packages/airflow/example_dags/example_external_task_marker_dag.py for tasks to queue
[2022-02-12 15:02:51,349] {logging_mixin.py:104} INFO - [2022-02-12 15:02:51,349] {dagbag.py:487} INFO - Filling up the DagBag from /home/agalli/sandbox/lib/python3.6/site-packages/airflow/example_dags/example_external_task_marker_dag.py
[2022-02-12 15:02:51,364] {scheduler_job.py:643} INFO - DAG(s) dict_keys(['example_external_task_marker_parent', 'example_external_task_marker_child']) retrieved from /home/agalli/sandbox/lib/python3.6/site-packages/airflow/example_dags/example_external_task_marker_dag.py
[2022-02-12 15:02:51,908] {logging_mixin.py:104} INFO - [2022-02-12 15:02:51,908] {dag.py:1832} INFO - Sync 2 DAGs
[2022-02-12 15:02:51,929] {logging_mixin.py:104} INFO - [2022-02-12 15:02:51,928] {dag.py:2305} INFO - Setting next_dagrun for example_external_task_marker_child to None
[2022-02-12 15:02:51,930] {logging_mixin.py:104} INFO - [2022-02-12 15:02:51,929] {dag.py:2305} INFO - Setting next_dagrun for example_external_task_marker_parent to None
[2022-02-12 15:02:51,945] {scheduler_job.py:190} INFO - Processing /home/agalli/sandbox/lib/python3.6/site-packages/airflow/example_dags/example_external_task_marker_dag.py took 0.603 seconds
[2022-02-12 15:03:22,140] {scheduler_job.py:182} INFO - Started process (PID=19352) to work on /home/agalli/sandbox/lib/python3.6/site-packages/airflow/example_dags/example_external_task_marker_dag.py
[2022-02-12 15:03:22,141] {scheduler_job.py:633} INFO - Processing file /home/agalli/sandbox/lib/python3.6/site-packages/airflow/example_dags/example_external_task_marker_dag.py for tasks to queue
[2022-02-12 15:03:22,142] {logging_mixin.py:104} INFO - [2022-02-12 15:03:22,142] {dagbag.py:487} INFO - Filling up the DagBag from /home/agalli/sandbox/lib/python3.6/site-packages/airflow/example_dags/example_external_task_marker_dag.py
[2022-02-12 15:03:22,157] {scheduler_job.py:643} INFO - DAG(s) dict_keys(['example_external_task_marker_parent', 'example_external_task_marker_child']) retrieved from /home/agalli/sandbox/lib/python3.6/site-packages/airflow/example_dags/example_external_task_marker_dag.py
[2022-02-12 15:03:22,850] {logging_mixin.py:104} INFO - [2022-02-12 15:03:22,850] {dag.py:1832} INFO - Sync 2 DAGs
[2022-02-12 15:03:22,879] {logging_mixin.py:104} INFO - [2022-02-12 15:03:22,879] {dag.py:2305} INFO - Setting next_dagrun for example_external_task_marker_child to None
[2022-02-12 15:03:22,880] {logging_mixin.py:104} INFO - [2022-02-12 15:03:22,880] {dag.py:2305} INFO - Setting next_dagrun for example_external_task_marker_parent to None
[2022-02-12 15:03:22,899] {scheduler_job.py:190} INFO - Processing /home/agalli/sandbox/lib/python3.6/site-packages/airflow/example_dags/example_external_task_marker_dag.py took 0.767 seconds
[2022-02-12 15:03:53,414] {scheduler_job.py:182} INFO - Started process (PID=19554) to work on /home/agalli/sandbox/lib/python3.6/site-packages/airflow/example_dags/example_external_task_marker_dag.py
[2022-02-12 15:03:53,418] {scheduler_job.py:633} INFO - Processing file /home/agalli/sandbox/lib/python3.6/site-packages/airflow/example_dags/example_external_task_marker_dag.py for tasks to queue
[2022-02-12 15:03:53,426] {logging_mixin.py:104} INFO - [2022-02-12 15:03:53,426] {dagbag.py:487} INFO - Filling up the DagBag from /home/agalli/sandbox/lib/python3.6/site-packages/airflow/example_dags/example_external_task_marker_dag.py
[2022-02-12 15:03:53,460] {scheduler_job.py:643} INFO - DAG(s) dict_keys(['example_external_task_marker_parent', 'example_external_task_marker_child']) retrieved from /home/agalli/sandbox/lib/python3.6/site-packages/airflow/example_dags/example_external_task_marker_dag.py
[2022-02-12 15:03:53,613] {logging_mixin.py:104} INFO - [2022-02-12 15:03:53,612] {dag.py:1832} INFO - Sync 2 DAGs
[2022-02-12 15:03:53,683] {logging_mixin.py:104} INFO - [2022-02-12 15:03:53,683] {dag.py:2305} INFO - Setting next_dagrun for example_external_task_marker_child to None
[2022-02-12 15:03:53,685] {logging_mixin.py:104} INFO - [2022-02-12 15:03:53,685] {dag.py:2305} INFO - Setting next_dagrun for example_external_task_marker_parent to None
[2022-02-12 15:03:53,733] {scheduler_job.py:190} INFO - Processing /home/agalli/sandbox/lib/python3.6/site-packages/airflow/example_dags/example_external_task_marker_dag.py took 0.348 seconds
[2022-02-12 15:04:23,793] {scheduler_job.py:182} INFO - Started process (PID=19756) to work on /home/agalli/sandbox/lib/python3.6/site-packages/airflow/example_dags/example_external_task_marker_dag.py
[2022-02-12 15:04:23,796] {scheduler_job.py:633} INFO - Processing file /home/agalli/sandbox/lib/python3.6/site-packages/airflow/example_dags/example_external_task_marker_dag.py for tasks to queue
[2022-02-12 15:04:23,797] {logging_mixin.py:104} INFO - [2022-02-12 15:04:23,797] {dagbag.py:487} INFO - Filling up the DagBag from /home/agalli/sandbox/lib/python3.6/site-packages/airflow/example_dags/example_external_task_marker_dag.py
[2022-02-12 15:04:23,814] {scheduler_job.py:643} INFO - DAG(s) dict_keys(['example_external_task_marker_parent', 'example_external_task_marker_child']) retrieved from /home/agalli/sandbox/lib/python3.6/site-packages/airflow/example_dags/example_external_task_marker_dag.py
[2022-02-12 15:04:23,895] {logging_mixin.py:104} INFO - [2022-02-12 15:04:23,894] {dag.py:1832} INFO - Sync 2 DAGs
[2022-02-12 15:04:23,976] {logging_mixin.py:104} INFO - [2022-02-12 15:04:23,967] {dag.py:2305} INFO - Setting next_dagrun for example_external_task_marker_child to None
[2022-02-12 15:04:23,979] {logging_mixin.py:104} INFO - [2022-02-12 15:04:23,978] {dag.py:2305} INFO - Setting next_dagrun for example_external_task_marker_parent to None
[2022-02-12 15:04:24,048] {scheduler_job.py:190} INFO - Processing /home/agalli/sandbox/lib/python3.6/site-packages/airflow/example_dags/example_external_task_marker_dag.py took 0.258 seconds
[2022-02-12 15:04:54,113] {scheduler_job.py:182} INFO - Started process (PID=19958) to work on /home/agalli/sandbox/lib/python3.6/site-packages/airflow/example_dags/example_external_task_marker_dag.py
[2022-02-12 15:04:54,115] {scheduler_job.py:633} INFO - Processing file /home/agalli/sandbox/lib/python3.6/site-packages/airflow/example_dags/example_external_task_marker_dag.py for tasks to queue
[2022-02-12 15:04:54,116] {logging_mixin.py:104} INFO - [2022-02-12 15:04:54,116] {dagbag.py:487} INFO - Filling up the DagBag from /home/agalli/sandbox/lib/python3.6/site-packages/airflow/example_dags/example_external_task_marker_dag.py
[2022-02-12 15:04:54,130] {scheduler_job.py:643} INFO - DAG(s) dict_keys(['example_external_task_marker_parent', 'example_external_task_marker_child']) retrieved from /home/agalli/sandbox/lib/python3.6/site-packages/airflow/example_dags/example_external_task_marker_dag.py
[2022-02-12 15:04:54,437] {logging_mixin.py:104} INFO - [2022-02-12 15:04:54,437] {dag.py:1832} INFO - Sync 2 DAGs
[2022-02-12 15:04:54,453] {logging_mixin.py:104} INFO - [2022-02-12 15:04:54,453] {dag.py:2305} INFO - Setting next_dagrun for example_external_task_marker_child to None
[2022-02-12 15:04:54,454] {logging_mixin.py:104} INFO - [2022-02-12 15:04:54,454] {dag.py:2305} INFO - Setting next_dagrun for example_external_task_marker_parent to None
[2022-02-12 15:04:54,477] {scheduler_job.py:190} INFO - Processing /home/agalli/sandbox/lib/python3.6/site-packages/airflow/example_dags/example_external_task_marker_dag.py took 0.367 seconds
[2022-02-12 15:05:24,863] {scheduler_job.py:182} INFO - Started process (PID=20160) to work on /home/agalli/sandbox/lib/python3.6/site-packages/airflow/example_dags/example_external_task_marker_dag.py
[2022-02-12 15:05:24,865] {scheduler_job.py:633} INFO - Processing file /home/agalli/sandbox/lib/python3.6/site-packages/airflow/example_dags/example_external_task_marker_dag.py for tasks to queue
[2022-02-12 15:05:24,866] {logging_mixin.py:104} INFO - [2022-02-12 15:05:24,866] {dagbag.py:487} INFO - Filling up the DagBag from /home/agalli/sandbox/lib/python3.6/site-packages/airflow/example_dags/example_external_task_marker_dag.py
[2022-02-12 15:05:24,883] {scheduler_job.py:643} INFO - DAG(s) dict_keys(['example_external_task_marker_parent', 'example_external_task_marker_child']) retrieved from /home/agalli/sandbox/lib/python3.6/site-packages/airflow/example_dags/example_external_task_marker_dag.py
[2022-02-12 15:05:25,230] {logging_mixin.py:104} INFO - [2022-02-12 15:05:25,230] {dag.py:1832} INFO - Sync 2 DAGs
[2022-02-12 15:05:25,250] {logging_mixin.py:104} INFO - [2022-02-12 15:05:25,250] {dag.py:2305} INFO - Setting next_dagrun for example_external_task_marker_child to None
[2022-02-12 15:05:25,252] {logging_mixin.py:104} INFO - [2022-02-12 15:05:25,251] {dag.py:2305} INFO - Setting next_dagrun for example_external_task_marker_parent to None
[2022-02-12 15:05:25,273] {scheduler_job.py:190} INFO - Processing /home/agalli/sandbox/lib/python3.6/site-packages/airflow/example_dags/example_external_task_marker_dag.py took 0.416 seconds
[2022-02-12 15:05:55,582] {scheduler_job.py:182} INFO - Started process (PID=20482) to work on /home/agalli/sandbox/lib/python3.6/site-packages/airflow/example_dags/example_external_task_marker_dag.py
[2022-02-12 15:05:55,586] {scheduler_job.py:633} INFO - Processing file /home/agalli/sandbox/lib/python3.6/site-packages/airflow/example_dags/example_external_task_marker_dag.py for tasks to queue
[2022-02-12 15:05:55,587] {logging_mixin.py:104} INFO - [2022-02-12 15:05:55,587] {dagbag.py:487} INFO - Filling up the DagBag from /home/agalli/sandbox/lib/python3.6/site-packages/airflow/example_dags/example_external_task_marker_dag.py
[2022-02-12 15:05:55,602] {scheduler_job.py:643} INFO - DAG(s) dict_keys(['example_external_task_marker_parent', 'example_external_task_marker_child']) retrieved from /home/agalli/sandbox/lib/python3.6/site-packages/airflow/example_dags/example_external_task_marker_dag.py
[2022-02-12 15:05:56,279] {logging_mixin.py:104} INFO - [2022-02-12 15:05:56,279] {dag.py:1832} INFO - Sync 2 DAGs
[2022-02-12 15:05:56,306] {logging_mixin.py:104} INFO - [2022-02-12 15:05:56,306] {dag.py:2305} INFO - Setting next_dagrun for example_external_task_marker_child to None
[2022-02-12 15:05:56,307] {logging_mixin.py:104} INFO - [2022-02-12 15:05:56,307] {dag.py:2305} INFO - Setting next_dagrun for example_external_task_marker_parent to None
[2022-02-12 15:05:56,330] {scheduler_job.py:190} INFO - Processing /home/agalli/sandbox/lib/python3.6/site-packages/airflow/example_dags/example_external_task_marker_dag.py took 0.753 seconds
[2022-02-12 15:06:26,584] {scheduler_job.py:182} INFO - Started process (PID=20685) to work on /home/agalli/sandbox/lib/python3.6/site-packages/airflow/example_dags/example_external_task_marker_dag.py
[2022-02-12 15:06:26,586] {scheduler_job.py:633} INFO - Processing file /home/agalli/sandbox/lib/python3.6/site-packages/airflow/example_dags/example_external_task_marker_dag.py for tasks to queue
[2022-02-12 15:06:26,588] {logging_mixin.py:104} INFO - [2022-02-12 15:06:26,588] {dagbag.py:487} INFO - Filling up the DagBag from /home/agalli/sandbox/lib/python3.6/site-packages/airflow/example_dags/example_external_task_marker_dag.py
[2022-02-12 15:06:26,644] {scheduler_job.py:643} INFO - DAG(s) dict_keys(['example_external_task_marker_parent', 'example_external_task_marker_child']) retrieved from /home/agalli/sandbox/lib/python3.6/site-packages/airflow/example_dags/example_external_task_marker_dag.py
[2022-02-12 15:06:27,200] {logging_mixin.py:104} INFO - [2022-02-12 15:06:27,200] {dag.py:1832} INFO - Sync 2 DAGs
[2022-02-12 15:06:27,226] {logging_mixin.py:104} INFO - [2022-02-12 15:06:27,226] {dag.py:2305} INFO - Setting next_dagrun for example_external_task_marker_child to None
[2022-02-12 15:06:27,227] {logging_mixin.py:104} INFO - [2022-02-12 15:06:27,227] {dag.py:2305} INFO - Setting next_dagrun for example_external_task_marker_parent to None
[2022-02-12 15:06:27,253] {scheduler_job.py:190} INFO - Processing /home/agalli/sandbox/lib/python3.6/site-packages/airflow/example_dags/example_external_task_marker_dag.py took 0.683 seconds
[2022-02-12 15:06:57,931] {scheduler_job.py:182} INFO - Started process (PID=20893) to work on /home/agalli/sandbox/lib/python3.6/site-packages/airflow/example_dags/example_external_task_marker_dag.py
[2022-02-12 15:06:57,932] {scheduler_job.py:633} INFO - Processing file /home/agalli/sandbox/lib/python3.6/site-packages/airflow/example_dags/example_external_task_marker_dag.py for tasks to queue
[2022-02-12 15:06:57,933] {logging_mixin.py:104} INFO - [2022-02-12 15:06:57,932] {dagbag.py:487} INFO - Filling up the DagBag from /home/agalli/sandbox/lib/python3.6/site-packages/airflow/example_dags/example_external_task_marker_dag.py
[2022-02-12 15:06:57,946] {scheduler_job.py:643} INFO - DAG(s) dict_keys(['example_external_task_marker_parent', 'example_external_task_marker_child']) retrieved from /home/agalli/sandbox/lib/python3.6/site-packages/airflow/example_dags/example_external_task_marker_dag.py
[2022-02-12 15:06:58,463] {logging_mixin.py:104} INFO - [2022-02-12 15:06:58,462] {dag.py:1832} INFO - Sync 2 DAGs
[2022-02-12 15:06:58,506] {logging_mixin.py:104} INFO - [2022-02-12 15:06:58,506] {dag.py:2305} INFO - Setting next_dagrun for example_external_task_marker_child to None
[2022-02-12 15:06:58,509] {logging_mixin.py:104} INFO - [2022-02-12 15:06:58,508] {dag.py:2305} INFO - Setting next_dagrun for example_external_task_marker_parent to None
[2022-02-12 15:06:58,543] {scheduler_job.py:190} INFO - Processing /home/agalli/sandbox/lib/python3.6/site-packages/airflow/example_dags/example_external_task_marker_dag.py took 0.619 seconds
[2022-02-12 15:07:29,567] {scheduler_job.py:182} INFO - Started process (PID=21095) to work on /home/agalli/sandbox/lib/python3.6/site-packages/airflow/example_dags/example_external_task_marker_dag.py
[2022-02-12 15:07:29,568] {scheduler_job.py:633} INFO - Processing file /home/agalli/sandbox/lib/python3.6/site-packages/airflow/example_dags/example_external_task_marker_dag.py for tasks to queue
[2022-02-12 15:07:29,569] {logging_mixin.py:104} INFO - [2022-02-12 15:07:29,569] {dagbag.py:487} INFO - Filling up the DagBag from /home/agalli/sandbox/lib/python3.6/site-packages/airflow/example_dags/example_external_task_marker_dag.py
[2022-02-12 15:07:29,585] {scheduler_job.py:643} INFO - DAG(s) dict_keys(['example_external_task_marker_parent', 'example_external_task_marker_child']) retrieved from /home/agalli/sandbox/lib/python3.6/site-packages/airflow/example_dags/example_external_task_marker_dag.py
[2022-02-12 15:07:30,024] {logging_mixin.py:104} INFO - [2022-02-12 15:07:30,023] {dag.py:1832} INFO - Sync 2 DAGs
[2022-02-12 15:07:30,043] {logging_mixin.py:104} INFO - [2022-02-12 15:07:30,043] {dag.py:2305} INFO - Setting next_dagrun for example_external_task_marker_child to None
[2022-02-12 15:07:30,044] {logging_mixin.py:104} INFO - [2022-02-12 15:07:30,044] {dag.py:2305} INFO - Setting next_dagrun for example_external_task_marker_parent to None
[2022-02-12 15:07:30,071] {scheduler_job.py:190} INFO - Processing /home/agalli/sandbox/lib/python3.6/site-packages/airflow/example_dags/example_external_task_marker_dag.py took 0.509 seconds
[2022-02-12 15:08:00,300] {scheduler_job.py:182} INFO - Started process (PID=21300) to work on /home/agalli/sandbox/lib/python3.6/site-packages/airflow/example_dags/example_external_task_marker_dag.py
[2022-02-12 15:08:00,304] {scheduler_job.py:633} INFO - Processing file /home/agalli/sandbox/lib/python3.6/site-packages/airflow/example_dags/example_external_task_marker_dag.py for tasks to queue
[2022-02-12 15:08:00,306] {logging_mixin.py:104} INFO - [2022-02-12 15:08:00,305] {dagbag.py:487} INFO - Filling up the DagBag from /home/agalli/sandbox/lib/python3.6/site-packages/airflow/example_dags/example_external_task_marker_dag.py
[2022-02-12 15:08:00,339] {scheduler_job.py:643} INFO - DAG(s) dict_keys(['example_external_task_marker_parent', 'example_external_task_marker_child']) retrieved from /home/agalli/sandbox/lib/python3.6/site-packages/airflow/example_dags/example_external_task_marker_dag.py
[2022-02-12 15:08:01,096] {logging_mixin.py:104} INFO - [2022-02-12 15:08:01,095] {dag.py:1832} INFO - Sync 2 DAGs
[2022-02-12 15:08:01,129] {logging_mixin.py:104} INFO - [2022-02-12 15:08:01,128] {dag.py:2305} INFO - Setting next_dagrun for example_external_task_marker_child to None
[2022-02-12 15:08:01,130] {logging_mixin.py:104} INFO - [2022-02-12 15:08:01,130] {dag.py:2305} INFO - Setting next_dagrun for example_external_task_marker_parent to None
[2022-02-12 15:08:01,153] {scheduler_job.py:190} INFO - Processing /home/agalli/sandbox/lib/python3.6/site-packages/airflow/example_dags/example_external_task_marker_dag.py took 0.866 seconds
[2022-02-12 15:08:31,791] {scheduler_job.py:182} INFO - Started process (PID=21508) to work on /home/agalli/sandbox/lib/python3.6/site-packages/airflow/example_dags/example_external_task_marker_dag.py
[2022-02-12 15:08:31,793] {scheduler_job.py:633} INFO - Processing file /home/agalli/sandbox/lib/python3.6/site-packages/airflow/example_dags/example_external_task_marker_dag.py for tasks to queue
[2022-02-12 15:08:31,794] {logging_mixin.py:104} INFO - [2022-02-12 15:08:31,794] {dagbag.py:487} INFO - Filling up the DagBag from /home/agalli/sandbox/lib/python3.6/site-packages/airflow/example_dags/example_external_task_marker_dag.py
[2022-02-12 15:08:31,815] {scheduler_job.py:643} INFO - DAG(s) dict_keys(['example_external_task_marker_parent', 'example_external_task_marker_child']) retrieved from /home/agalli/sandbox/lib/python3.6/site-packages/airflow/example_dags/example_external_task_marker_dag.py
[2022-02-12 15:08:32,246] {logging_mixin.py:104} INFO - [2022-02-12 15:08:32,246] {dag.py:1832} INFO - Sync 2 DAGs
[2022-02-12 15:08:32,269] {logging_mixin.py:104} INFO - [2022-02-12 15:08:32,269] {dag.py:2305} INFO - Setting next_dagrun for example_external_task_marker_child to None
[2022-02-12 15:08:32,270] {logging_mixin.py:104} INFO - [2022-02-12 15:08:32,270] {dag.py:2305} INFO - Setting next_dagrun for example_external_task_marker_parent to None
[2022-02-12 15:08:32,298] {scheduler_job.py:190} INFO - Processing /home/agalli/sandbox/lib/python3.6/site-packages/airflow/example_dags/example_external_task_marker_dag.py took 0.515 seconds
