[2022-02-12 13:57:29,994] {scheduler_job.py:182} INFO - Started process (PID=1883) to work on /home/agalli/sandbox/lib/python3.6/site-packages/airflow/example_dags/example_branch_operator.py
[2022-02-12 13:57:29,998] {scheduler_job.py:633} INFO - Processing file /home/agalli/sandbox/lib/python3.6/site-packages/airflow/example_dags/example_branch_operator.py for tasks to queue
[2022-02-12 13:57:30,010] {logging_mixin.py:104} INFO - [2022-02-12 13:57:29,999] {dagbag.py:487} INFO - Filling up the DagBag from /home/agalli/sandbox/lib/python3.6/site-packages/airflow/example_dags/example_branch_operator.py
[2022-02-12 13:57:30,146] {scheduler_job.py:643} INFO - DAG(s) dict_keys(['example_branch_operator']) retrieved from /home/agalli/sandbox/lib/python3.6/site-packages/airflow/example_dags/example_branch_operator.py
[2022-02-12 13:57:30,313] {logging_mixin.py:104} INFO - [2022-02-12 13:57:30,313] {dag.py:1832} INFO - Sync 1 DAGs
[2022-02-12 13:57:30,438] {logging_mixin.py:104} INFO - [2022-02-12 13:57:30,438] {dag.py:2305} INFO - Setting next_dagrun for example_branch_operator to 2022-02-10 00:00:00+00:00
[2022-02-12 13:57:30,480] {scheduler_job.py:190} INFO - Processing /home/agalli/sandbox/lib/python3.6/site-packages/airflow/example_dags/example_branch_operator.py took 0.529 seconds
[2022-02-12 13:58:01,042] {scheduler_job.py:182} INFO - Started process (PID=2298) to work on /home/agalli/sandbox/lib/python3.6/site-packages/airflow/example_dags/example_branch_operator.py
[2022-02-12 13:58:01,044] {scheduler_job.py:633} INFO - Processing file /home/agalli/sandbox/lib/python3.6/site-packages/airflow/example_dags/example_branch_operator.py for tasks to queue
[2022-02-12 13:58:01,045] {logging_mixin.py:104} INFO - [2022-02-12 13:58:01,045] {dagbag.py:487} INFO - Filling up the DagBag from /home/agalli/sandbox/lib/python3.6/site-packages/airflow/example_dags/example_branch_operator.py
[2022-02-12 13:58:01,076] {scheduler_job.py:643} INFO - DAG(s) dict_keys(['example_branch_operator']) retrieved from /home/agalli/sandbox/lib/python3.6/site-packages/airflow/example_dags/example_branch_operator.py
[2022-02-12 13:58:01,126] {logging_mixin.py:104} INFO - [2022-02-12 13:58:01,126] {dag.py:1832} INFO - Sync 1 DAGs
[2022-02-12 13:58:01,178] {logging_mixin.py:104} INFO - [2022-02-12 13:58:01,178] {dag.py:2305} INFO - Setting next_dagrun for example_branch_operator to 2022-02-10 00:00:00+00:00
[2022-02-12 13:58:01,211] {scheduler_job.py:190} INFO - Processing /home/agalli/sandbox/lib/python3.6/site-packages/airflow/example_dags/example_branch_operator.py took 0.176 seconds
[2022-02-12 13:58:32,022] {scheduler_job.py:182} INFO - Started process (PID=2499) to work on /home/agalli/sandbox/lib/python3.6/site-packages/airflow/example_dags/example_branch_operator.py
[2022-02-12 13:58:32,025] {scheduler_job.py:633} INFO - Processing file /home/agalli/sandbox/lib/python3.6/site-packages/airflow/example_dags/example_branch_operator.py for tasks to queue
[2022-02-12 13:58:32,028] {logging_mixin.py:104} INFO - [2022-02-12 13:58:32,027] {dagbag.py:487} INFO - Filling up the DagBag from /home/agalli/sandbox/lib/python3.6/site-packages/airflow/example_dags/example_branch_operator.py
[2022-02-12 13:58:32,068] {scheduler_job.py:643} INFO - DAG(s) dict_keys(['example_branch_operator']) retrieved from /home/agalli/sandbox/lib/python3.6/site-packages/airflow/example_dags/example_branch_operator.py
[2022-02-12 13:58:32,202] {logging_mixin.py:104} INFO - [2022-02-12 13:58:32,202] {dag.py:1832} INFO - Sync 1 DAGs
[2022-02-12 13:58:32,258] {logging_mixin.py:104} INFO - [2022-02-12 13:58:32,258] {dag.py:2305} INFO - Setting next_dagrun for example_branch_operator to 2022-02-10 00:00:00+00:00
[2022-02-12 13:58:32,288] {scheduler_job.py:190} INFO - Processing /home/agalli/sandbox/lib/python3.6/site-packages/airflow/example_dags/example_branch_operator.py took 0.280 seconds
[2022-02-12 13:59:02,546] {scheduler_job.py:182} INFO - Started process (PID=2699) to work on /home/agalli/sandbox/lib/python3.6/site-packages/airflow/example_dags/example_branch_operator.py
[2022-02-12 13:59:02,548] {scheduler_job.py:633} INFO - Processing file /home/agalli/sandbox/lib/python3.6/site-packages/airflow/example_dags/example_branch_operator.py for tasks to queue
[2022-02-12 13:59:02,549] {logging_mixin.py:104} INFO - [2022-02-12 13:59:02,549] {dagbag.py:487} INFO - Filling up the DagBag from /home/agalli/sandbox/lib/python3.6/site-packages/airflow/example_dags/example_branch_operator.py
[2022-02-12 13:59:02,571] {scheduler_job.py:643} INFO - DAG(s) dict_keys(['example_branch_operator']) retrieved from /home/agalli/sandbox/lib/python3.6/site-packages/airflow/example_dags/example_branch_operator.py
[2022-02-12 13:59:02,600] {logging_mixin.py:104} INFO - [2022-02-12 13:59:02,600] {dag.py:1832} INFO - Sync 1 DAGs
[2022-02-12 13:59:02,626] {logging_mixin.py:104} INFO - [2022-02-12 13:59:02,626] {dag.py:2305} INFO - Setting next_dagrun for example_branch_operator to 2022-02-10 00:00:00+00:00
[2022-02-12 13:59:02,645] {scheduler_job.py:190} INFO - Processing /home/agalli/sandbox/lib/python3.6/site-packages/airflow/example_dags/example_branch_operator.py took 0.103 seconds
[2022-02-12 13:59:33,220] {scheduler_job.py:182} INFO - Started process (PID=2899) to work on /home/agalli/sandbox/lib/python3.6/site-packages/airflow/example_dags/example_branch_operator.py
[2022-02-12 13:59:33,221] {scheduler_job.py:633} INFO - Processing file /home/agalli/sandbox/lib/python3.6/site-packages/airflow/example_dags/example_branch_operator.py for tasks to queue
[2022-02-12 13:59:33,222] {logging_mixin.py:104} INFO - [2022-02-12 13:59:33,222] {dagbag.py:487} INFO - Filling up the DagBag from /home/agalli/sandbox/lib/python3.6/site-packages/airflow/example_dags/example_branch_operator.py
[2022-02-12 13:59:33,244] {scheduler_job.py:643} INFO - DAG(s) dict_keys(['example_branch_operator']) retrieved from /home/agalli/sandbox/lib/python3.6/site-packages/airflow/example_dags/example_branch_operator.py
[2022-02-12 13:59:33,282] {logging_mixin.py:104} INFO - [2022-02-12 13:59:33,282] {dag.py:1832} INFO - Sync 1 DAGs
[2022-02-12 13:59:33,316] {logging_mixin.py:104} INFO - [2022-02-12 13:59:33,316] {dag.py:2305} INFO - Setting next_dagrun for example_branch_operator to 2022-02-10 00:00:00+00:00
[2022-02-12 13:59:33,340] {scheduler_job.py:190} INFO - Processing /home/agalli/sandbox/lib/python3.6/site-packages/airflow/example_dags/example_branch_operator.py took 0.124 seconds
[2022-02-12 14:00:05,121] {scheduler_job.py:182} INFO - Started process (PID=3170) to work on /home/agalli/sandbox/lib/python3.6/site-packages/airflow/example_dags/example_branch_operator.py
[2022-02-12 14:00:05,123] {scheduler_job.py:633} INFO - Processing file /home/agalli/sandbox/lib/python3.6/site-packages/airflow/example_dags/example_branch_operator.py for tasks to queue
[2022-02-12 14:00:05,124] {logging_mixin.py:104} INFO - [2022-02-12 14:00:05,124] {dagbag.py:487} INFO - Filling up the DagBag from /home/agalli/sandbox/lib/python3.6/site-packages/airflow/example_dags/example_branch_operator.py
[2022-02-12 14:00:05,163] {scheduler_job.py:643} INFO - DAG(s) dict_keys(['example_branch_operator']) retrieved from /home/agalli/sandbox/lib/python3.6/site-packages/airflow/example_dags/example_branch_operator.py
[2022-02-12 14:00:05,212] {logging_mixin.py:104} INFO - [2022-02-12 14:00:05,212] {dag.py:1832} INFO - Sync 1 DAGs
[2022-02-12 14:00:05,271] {logging_mixin.py:104} INFO - [2022-02-12 14:00:05,270] {dag.py:2305} INFO - Setting next_dagrun for example_branch_operator to 2022-02-10 00:00:00+00:00
[2022-02-12 14:00:05,308] {scheduler_job.py:190} INFO - Processing /home/agalli/sandbox/lib/python3.6/site-packages/airflow/example_dags/example_branch_operator.py took 0.192 seconds
[2022-02-12 14:00:36,209] {scheduler_job.py:182} INFO - Started process (PID=3552) to work on /home/agalli/sandbox/lib/python3.6/site-packages/airflow/example_dags/example_branch_operator.py
[2022-02-12 14:00:36,215] {scheduler_job.py:633} INFO - Processing file /home/agalli/sandbox/lib/python3.6/site-packages/airflow/example_dags/example_branch_operator.py for tasks to queue
[2022-02-12 14:00:36,217] {logging_mixin.py:104} INFO - [2022-02-12 14:00:36,217] {dagbag.py:487} INFO - Filling up the DagBag from /home/agalli/sandbox/lib/python3.6/site-packages/airflow/example_dags/example_branch_operator.py
[2022-02-12 14:00:36,259] {scheduler_job.py:643} INFO - DAG(s) dict_keys(['example_branch_operator']) retrieved from /home/agalli/sandbox/lib/python3.6/site-packages/airflow/example_dags/example_branch_operator.py
[2022-02-12 14:00:36,320] {logging_mixin.py:104} INFO - [2022-02-12 14:00:36,320] {dag.py:1832} INFO - Sync 1 DAGs
[2022-02-12 14:00:36,359] {logging_mixin.py:104} INFO - [2022-02-12 14:00:36,359] {dag.py:2305} INFO - Setting next_dagrun for example_branch_operator to 2022-02-10 00:00:00+00:00
[2022-02-12 14:00:36,431] {scheduler_job.py:190} INFO - Processing /home/agalli/sandbox/lib/python3.6/site-packages/airflow/example_dags/example_branch_operator.py took 0.234 seconds
[2022-02-12 14:01:12,212] {scheduler_job.py:182} INFO - Started process (PID=4318) to work on /home/agalli/sandbox/lib/python3.6/site-packages/airflow/example_dags/example_branch_operator.py
[2022-02-12 14:01:12,218] {scheduler_job.py:633} INFO - Processing file /home/agalli/sandbox/lib/python3.6/site-packages/airflow/example_dags/example_branch_operator.py for tasks to queue
[2022-02-12 14:01:12,222] {logging_mixin.py:104} INFO - [2022-02-12 14:01:12,221] {dagbag.py:487} INFO - Filling up the DagBag from /home/agalli/sandbox/lib/python3.6/site-packages/airflow/example_dags/example_branch_operator.py
[2022-02-12 14:01:12,420] {scheduler_job.py:643} INFO - DAG(s) dict_keys(['example_branch_operator']) retrieved from /home/agalli/sandbox/lib/python3.6/site-packages/airflow/example_dags/example_branch_operator.py
[2022-02-12 14:01:12,601] {logging_mixin.py:104} INFO - [2022-02-12 14:01:12,601] {dag.py:1832} INFO - Sync 1 DAGs
[2022-02-12 14:01:12,810] {logging_mixin.py:104} INFO - [2022-02-12 14:01:12,809] {dag.py:2305} INFO - Setting next_dagrun for example_branch_operator to 2022-02-10 00:00:00+00:00
[2022-02-12 14:01:12,854] {scheduler_job.py:190} INFO - Processing /home/agalli/sandbox/lib/python3.6/site-packages/airflow/example_dags/example_branch_operator.py took 0.696 seconds
[2022-02-12 14:01:43,102] {scheduler_job.py:182} INFO - Started process (PID=5438) to work on /home/agalli/sandbox/lib/python3.6/site-packages/airflow/example_dags/example_branch_operator.py
[2022-02-12 14:01:43,108] {scheduler_job.py:633} INFO - Processing file /home/agalli/sandbox/lib/python3.6/site-packages/airflow/example_dags/example_branch_operator.py for tasks to queue
[2022-02-12 14:01:43,110] {logging_mixin.py:104} INFO - [2022-02-12 14:01:43,109] {dagbag.py:487} INFO - Filling up the DagBag from /home/agalli/sandbox/lib/python3.6/site-packages/airflow/example_dags/example_branch_operator.py
[2022-02-12 14:01:43,144] {scheduler_job.py:643} INFO - DAG(s) dict_keys(['example_branch_operator']) retrieved from /home/agalli/sandbox/lib/python3.6/site-packages/airflow/example_dags/example_branch_operator.py
[2022-02-12 14:01:43,201] {logging_mixin.py:104} INFO - [2022-02-12 14:01:43,201] {dag.py:1832} INFO - Sync 1 DAGs
[2022-02-12 14:01:43,240] {logging_mixin.py:104} INFO - [2022-02-12 14:01:43,240] {dag.py:2305} INFO - Setting next_dagrun for example_branch_operator to 2022-02-10 00:00:00+00:00
[2022-02-12 14:01:43,258] {scheduler_job.py:190} INFO - Processing /home/agalli/sandbox/lib/python3.6/site-packages/airflow/example_dags/example_branch_operator.py took 0.163 seconds
[2022-02-12 14:02:13,561] {scheduler_job.py:182} INFO - Started process (PID=5642) to work on /home/agalli/sandbox/lib/python3.6/site-packages/airflow/example_dags/example_branch_operator.py
[2022-02-12 14:02:13,562] {scheduler_job.py:633} INFO - Processing file /home/agalli/sandbox/lib/python3.6/site-packages/airflow/example_dags/example_branch_operator.py for tasks to queue
[2022-02-12 14:02:13,564] {logging_mixin.py:104} INFO - [2022-02-12 14:02:13,564] {dagbag.py:487} INFO - Filling up the DagBag from /home/agalli/sandbox/lib/python3.6/site-packages/airflow/example_dags/example_branch_operator.py
[2022-02-12 14:02:13,603] {scheduler_job.py:643} INFO - DAG(s) dict_keys(['example_branch_operator']) retrieved from /home/agalli/sandbox/lib/python3.6/site-packages/airflow/example_dags/example_branch_operator.py
[2022-02-12 14:02:13,673] {logging_mixin.py:104} INFO - [2022-02-12 14:02:13,672] {dag.py:1832} INFO - Sync 1 DAGs
[2022-02-12 14:02:13,711] {logging_mixin.py:104} INFO - [2022-02-12 14:02:13,711] {dag.py:2305} INFO - Setting next_dagrun for example_branch_operator to 2022-02-10 00:00:00+00:00
[2022-02-12 14:02:13,736] {scheduler_job.py:190} INFO - Processing /home/agalli/sandbox/lib/python3.6/site-packages/airflow/example_dags/example_branch_operator.py took 0.179 seconds
[2022-02-12 14:02:43,817] {scheduler_job.py:182} INFO - Started process (PID=5957) to work on /home/agalli/sandbox/lib/python3.6/site-packages/airflow/example_dags/example_branch_operator.py
[2022-02-12 14:02:43,827] {scheduler_job.py:633} INFO - Processing file /home/agalli/sandbox/lib/python3.6/site-packages/airflow/example_dags/example_branch_operator.py for tasks to queue
[2022-02-12 14:02:43,831] {logging_mixin.py:104} INFO - [2022-02-12 14:02:43,830] {dagbag.py:487} INFO - Filling up the DagBag from /home/agalli/sandbox/lib/python3.6/site-packages/airflow/example_dags/example_branch_operator.py
[2022-02-12 14:02:43,886] {scheduler_job.py:643} INFO - DAG(s) dict_keys(['example_branch_operator']) retrieved from /home/agalli/sandbox/lib/python3.6/site-packages/airflow/example_dags/example_branch_operator.py
[2022-02-12 14:02:43,976] {logging_mixin.py:104} INFO - [2022-02-12 14:02:43,976] {dag.py:1832} INFO - Sync 1 DAGs
[2022-02-12 14:02:44,043] {logging_mixin.py:104} INFO - [2022-02-12 14:02:44,043] {dag.py:2305} INFO - Setting next_dagrun for example_branch_operator to 2022-02-10 00:00:00+00:00
[2022-02-12 14:02:44,089] {scheduler_job.py:190} INFO - Processing /home/agalli/sandbox/lib/python3.6/site-packages/airflow/example_dags/example_branch_operator.py took 0.281 seconds
[2022-02-12 14:03:14,934] {scheduler_job.py:182} INFO - Started process (PID=6160) to work on /home/agalli/sandbox/lib/python3.6/site-packages/airflow/example_dags/example_branch_operator.py
[2022-02-12 14:03:14,942] {scheduler_job.py:633} INFO - Processing file /home/agalli/sandbox/lib/python3.6/site-packages/airflow/example_dags/example_branch_operator.py for tasks to queue
[2022-02-12 14:03:14,943] {logging_mixin.py:104} INFO - [2022-02-12 14:03:14,943] {dagbag.py:487} INFO - Filling up the DagBag from /home/agalli/sandbox/lib/python3.6/site-packages/airflow/example_dags/example_branch_operator.py
[2022-02-12 14:03:14,966] {scheduler_job.py:643} INFO - DAG(s) dict_keys(['example_branch_operator']) retrieved from /home/agalli/sandbox/lib/python3.6/site-packages/airflow/example_dags/example_branch_operator.py
[2022-02-12 14:03:15,004] {logging_mixin.py:104} INFO - [2022-02-12 14:03:15,004] {dag.py:1832} INFO - Sync 1 DAGs
[2022-02-12 14:03:15,035] {logging_mixin.py:104} INFO - [2022-02-12 14:03:15,035] {dag.py:2305} INFO - Setting next_dagrun for example_branch_operator to 2022-02-10 00:00:00+00:00
[2022-02-12 14:03:15,057] {scheduler_job.py:190} INFO - Processing /home/agalli/sandbox/lib/python3.6/site-packages/airflow/example_dags/example_branch_operator.py took 0.132 seconds
[2022-02-12 14:20:20,530] {scheduler_job.py:182} INFO - Started process (PID=7142) to work on /home/agalli/sandbox/lib/python3.6/site-packages/airflow/example_dags/example_branch_operator.py
[2022-02-12 14:20:20,532] {scheduler_job.py:633} INFO - Processing file /home/agalli/sandbox/lib/python3.6/site-packages/airflow/example_dags/example_branch_operator.py for tasks to queue
[2022-02-12 14:20:20,533] {logging_mixin.py:104} INFO - [2022-02-12 14:20:20,533] {dagbag.py:487} INFO - Filling up the DagBag from /home/agalli/sandbox/lib/python3.6/site-packages/airflow/example_dags/example_branch_operator.py
[2022-02-12 14:20:20,562] {scheduler_job.py:643} INFO - DAG(s) dict_keys(['example_branch_operator']) retrieved from /home/agalli/sandbox/lib/python3.6/site-packages/airflow/example_dags/example_branch_operator.py
[2022-02-12 14:20:20,603] {logging_mixin.py:104} INFO - [2022-02-12 14:20:20,603] {dag.py:1832} INFO - Sync 1 DAGs
[2022-02-12 14:20:20,626] {logging_mixin.py:104} INFO - [2022-02-12 14:20:20,626] {dag.py:2305} INFO - Setting next_dagrun for example_branch_operator to 2022-02-10 00:00:00+00:00
[2022-02-12 14:20:20,639] {scheduler_job.py:190} INFO - Processing /home/agalli/sandbox/lib/python3.6/site-packages/airflow/example_dags/example_branch_operator.py took 0.114 seconds
[2022-02-12 14:20:51,024] {scheduler_job.py:182} INFO - Started process (PID=7346) to work on /home/agalli/sandbox/lib/python3.6/site-packages/airflow/example_dags/example_branch_operator.py
[2022-02-12 14:20:51,025] {scheduler_job.py:633} INFO - Processing file /home/agalli/sandbox/lib/python3.6/site-packages/airflow/example_dags/example_branch_operator.py for tasks to queue
[2022-02-12 14:20:51,026] {logging_mixin.py:104} INFO - [2022-02-12 14:20:51,026] {dagbag.py:487} INFO - Filling up the DagBag from /home/agalli/sandbox/lib/python3.6/site-packages/airflow/example_dags/example_branch_operator.py
[2022-02-12 14:20:51,045] {scheduler_job.py:643} INFO - DAG(s) dict_keys(['example_branch_operator']) retrieved from /home/agalli/sandbox/lib/python3.6/site-packages/airflow/example_dags/example_branch_operator.py
[2022-02-12 14:20:51,082] {logging_mixin.py:104} INFO - [2022-02-12 14:20:51,082] {dag.py:1832} INFO - Sync 1 DAGs
[2022-02-12 14:20:51,110] {logging_mixin.py:104} INFO - [2022-02-12 14:20:51,110] {dag.py:2305} INFO - Setting next_dagrun for example_branch_operator to 2022-02-10 00:00:00+00:00
[2022-02-12 14:20:51,130] {scheduler_job.py:190} INFO - Processing /home/agalli/sandbox/lib/python3.6/site-packages/airflow/example_dags/example_branch_operator.py took 0.112 seconds
[2022-02-12 14:21:22,057] {scheduler_job.py:182} INFO - Started process (PID=7546) to work on /home/agalli/sandbox/lib/python3.6/site-packages/airflow/example_dags/example_branch_operator.py
[2022-02-12 14:21:22,058] {scheduler_job.py:633} INFO - Processing file /home/agalli/sandbox/lib/python3.6/site-packages/airflow/example_dags/example_branch_operator.py for tasks to queue
[2022-02-12 14:21:22,059] {logging_mixin.py:104} INFO - [2022-02-12 14:21:22,059] {dagbag.py:487} INFO - Filling up the DagBag from /home/agalli/sandbox/lib/python3.6/site-packages/airflow/example_dags/example_branch_operator.py
[2022-02-12 14:21:22,078] {scheduler_job.py:643} INFO - DAG(s) dict_keys(['example_branch_operator']) retrieved from /home/agalli/sandbox/lib/python3.6/site-packages/airflow/example_dags/example_branch_operator.py
[2022-02-12 14:21:22,141] {logging_mixin.py:104} INFO - [2022-02-12 14:21:22,138] {dag.py:1832} INFO - Sync 1 DAGs
[2022-02-12 14:21:22,185] {logging_mixin.py:104} INFO - [2022-02-12 14:21:22,185] {dag.py:2305} INFO - Setting next_dagrun for example_branch_operator to 2022-02-10 00:00:00+00:00
[2022-02-12 14:21:22,206] {scheduler_job.py:190} INFO - Processing /home/agalli/sandbox/lib/python3.6/site-packages/airflow/example_dags/example_branch_operator.py took 0.156 seconds
[2022-02-12 14:21:52,675] {scheduler_job.py:182} INFO - Started process (PID=7748) to work on /home/agalli/sandbox/lib/python3.6/site-packages/airflow/example_dags/example_branch_operator.py
[2022-02-12 14:21:52,676] {scheduler_job.py:633} INFO - Processing file /home/agalli/sandbox/lib/python3.6/site-packages/airflow/example_dags/example_branch_operator.py for tasks to queue
[2022-02-12 14:21:52,677] {logging_mixin.py:104} INFO - [2022-02-12 14:21:52,677] {dagbag.py:487} INFO - Filling up the DagBag from /home/agalli/sandbox/lib/python3.6/site-packages/airflow/example_dags/example_branch_operator.py
[2022-02-12 14:21:52,699] {scheduler_job.py:643} INFO - DAG(s) dict_keys(['example_branch_operator']) retrieved from /home/agalli/sandbox/lib/python3.6/site-packages/airflow/example_dags/example_branch_operator.py
[2022-02-12 14:21:52,730] {logging_mixin.py:104} INFO - [2022-02-12 14:21:52,730] {dag.py:1832} INFO - Sync 1 DAGs
[2022-02-12 14:21:52,753] {logging_mixin.py:104} INFO - [2022-02-12 14:21:52,753] {dag.py:2305} INFO - Setting next_dagrun for example_branch_operator to 2022-02-10 00:00:00+00:00
[2022-02-12 14:21:52,769] {scheduler_job.py:190} INFO - Processing /home/agalli/sandbox/lib/python3.6/site-packages/airflow/example_dags/example_branch_operator.py took 0.098 seconds
[2022-02-12 14:22:23,380] {scheduler_job.py:182} INFO - Started process (PID=7952) to work on /home/agalli/sandbox/lib/python3.6/site-packages/airflow/example_dags/example_branch_operator.py
[2022-02-12 14:22:23,382] {scheduler_job.py:633} INFO - Processing file /home/agalli/sandbox/lib/python3.6/site-packages/airflow/example_dags/example_branch_operator.py for tasks to queue
[2022-02-12 14:22:23,383] {logging_mixin.py:104} INFO - [2022-02-12 14:22:23,383] {dagbag.py:487} INFO - Filling up the DagBag from /home/agalli/sandbox/lib/python3.6/site-packages/airflow/example_dags/example_branch_operator.py
[2022-02-12 14:22:23,402] {scheduler_job.py:643} INFO - DAG(s) dict_keys(['example_branch_operator']) retrieved from /home/agalli/sandbox/lib/python3.6/site-packages/airflow/example_dags/example_branch_operator.py
[2022-02-12 14:22:23,433] {logging_mixin.py:104} INFO - [2022-02-12 14:22:23,433] {dag.py:1832} INFO - Sync 1 DAGs
[2022-02-12 14:22:23,454] {logging_mixin.py:104} INFO - [2022-02-12 14:22:23,454] {dag.py:2305} INFO - Setting next_dagrun for example_branch_operator to 2022-02-10 00:00:00+00:00
[2022-02-12 14:22:23,469] {scheduler_job.py:190} INFO - Processing /home/agalli/sandbox/lib/python3.6/site-packages/airflow/example_dags/example_branch_operator.py took 0.094 seconds
[2022-02-12 14:22:54,616] {scheduler_job.py:182} INFO - Started process (PID=8154) to work on /home/agalli/sandbox/lib/python3.6/site-packages/airflow/example_dags/example_branch_operator.py
[2022-02-12 14:22:54,617] {scheduler_job.py:633} INFO - Processing file /home/agalli/sandbox/lib/python3.6/site-packages/airflow/example_dags/example_branch_operator.py for tasks to queue
[2022-02-12 14:22:54,618] {logging_mixin.py:104} INFO - [2022-02-12 14:22:54,618] {dagbag.py:487} INFO - Filling up the DagBag from /home/agalli/sandbox/lib/python3.6/site-packages/airflow/example_dags/example_branch_operator.py
[2022-02-12 14:22:54,638] {scheduler_job.py:643} INFO - DAG(s) dict_keys(['example_branch_operator']) retrieved from /home/agalli/sandbox/lib/python3.6/site-packages/airflow/example_dags/example_branch_operator.py
[2022-02-12 14:22:54,674] {logging_mixin.py:104} INFO - [2022-02-12 14:22:54,673] {dag.py:1832} INFO - Sync 1 DAGs
[2022-02-12 14:22:54,697] {logging_mixin.py:104} INFO - [2022-02-12 14:22:54,697] {dag.py:2305} INFO - Setting next_dagrun for example_branch_operator to 2022-02-10 00:00:00+00:00
[2022-02-12 14:22:54,711] {scheduler_job.py:190} INFO - Processing /home/agalli/sandbox/lib/python3.6/site-packages/airflow/example_dags/example_branch_operator.py took 0.099 seconds
[2022-02-12 14:23:26,414] {scheduler_job.py:182} INFO - Started process (PID=8355) to work on /home/agalli/sandbox/lib/python3.6/site-packages/airflow/example_dags/example_branch_operator.py
[2022-02-12 14:23:26,415] {scheduler_job.py:633} INFO - Processing file /home/agalli/sandbox/lib/python3.6/site-packages/airflow/example_dags/example_branch_operator.py for tasks to queue
[2022-02-12 14:23:26,416] {logging_mixin.py:104} INFO - [2022-02-12 14:23:26,416] {dagbag.py:487} INFO - Filling up the DagBag from /home/agalli/sandbox/lib/python3.6/site-packages/airflow/example_dags/example_branch_operator.py
[2022-02-12 14:23:26,448] {scheduler_job.py:643} INFO - DAG(s) dict_keys(['example_branch_operator']) retrieved from /home/agalli/sandbox/lib/python3.6/site-packages/airflow/example_dags/example_branch_operator.py
[2022-02-12 14:23:26,488] {logging_mixin.py:104} INFO - [2022-02-12 14:23:26,487] {dag.py:1832} INFO - Sync 1 DAGs
[2022-02-12 14:23:26,519] {logging_mixin.py:104} INFO - [2022-02-12 14:23:26,519] {dag.py:2305} INFO - Setting next_dagrun for example_branch_operator to 2022-02-10 00:00:00+00:00
[2022-02-12 14:23:26,536] {scheduler_job.py:190} INFO - Processing /home/agalli/sandbox/lib/python3.6/site-packages/airflow/example_dags/example_branch_operator.py took 0.127 seconds
[2022-02-12 14:23:57,264] {scheduler_job.py:182} INFO - Started process (PID=8557) to work on /home/agalli/sandbox/lib/python3.6/site-packages/airflow/example_dags/example_branch_operator.py
[2022-02-12 14:23:57,265] {scheduler_job.py:633} INFO - Processing file /home/agalli/sandbox/lib/python3.6/site-packages/airflow/example_dags/example_branch_operator.py for tasks to queue
[2022-02-12 14:23:57,266] {logging_mixin.py:104} INFO - [2022-02-12 14:23:57,266] {dagbag.py:487} INFO - Filling up the DagBag from /home/agalli/sandbox/lib/python3.6/site-packages/airflow/example_dags/example_branch_operator.py
[2022-02-12 14:23:57,284] {scheduler_job.py:643} INFO - DAG(s) dict_keys(['example_branch_operator']) retrieved from /home/agalli/sandbox/lib/python3.6/site-packages/airflow/example_dags/example_branch_operator.py
[2022-02-12 14:23:57,311] {logging_mixin.py:104} INFO - [2022-02-12 14:23:57,311] {dag.py:1832} INFO - Sync 1 DAGs
[2022-02-12 14:23:57,331] {logging_mixin.py:104} INFO - [2022-02-12 14:23:57,330] {dag.py:2305} INFO - Setting next_dagrun for example_branch_operator to 2022-02-10 00:00:00+00:00
[2022-02-12 14:23:57,342] {scheduler_job.py:190} INFO - Processing /home/agalli/sandbox/lib/python3.6/site-packages/airflow/example_dags/example_branch_operator.py took 0.083 seconds
[2022-02-12 14:24:29,684] {scheduler_job.py:182} INFO - Started process (PID=8758) to work on /home/agalli/sandbox/lib/python3.6/site-packages/airflow/example_dags/example_branch_operator.py
[2022-02-12 14:24:29,686] {scheduler_job.py:633} INFO - Processing file /home/agalli/sandbox/lib/python3.6/site-packages/airflow/example_dags/example_branch_operator.py for tasks to queue
[2022-02-12 14:24:29,687] {logging_mixin.py:104} INFO - [2022-02-12 14:24:29,687] {dagbag.py:487} INFO - Filling up the DagBag from /home/agalli/sandbox/lib/python3.6/site-packages/airflow/example_dags/example_branch_operator.py
[2022-02-12 14:24:29,724] {scheduler_job.py:643} INFO - DAG(s) dict_keys(['example_branch_operator']) retrieved from /home/agalli/sandbox/lib/python3.6/site-packages/airflow/example_dags/example_branch_operator.py
[2022-02-12 14:24:29,790] {logging_mixin.py:104} INFO - [2022-02-12 14:24:29,790] {dag.py:1832} INFO - Sync 1 DAGs
[2022-02-12 14:24:29,844] {logging_mixin.py:104} INFO - [2022-02-12 14:24:29,842] {dag.py:2305} INFO - Setting next_dagrun for example_branch_operator to 2022-02-10 00:00:00+00:00
[2022-02-12 14:24:29,864] {scheduler_job.py:190} INFO - Processing /home/agalli/sandbox/lib/python3.6/site-packages/airflow/example_dags/example_branch_operator.py took 0.184 seconds
[2022-02-12 14:25:01,450] {scheduler_job.py:182} INFO - Started process (PID=8961) to work on /home/agalli/sandbox/lib/python3.6/site-packages/airflow/example_dags/example_branch_operator.py
[2022-02-12 14:25:01,452] {scheduler_job.py:633} INFO - Processing file /home/agalli/sandbox/lib/python3.6/site-packages/airflow/example_dags/example_branch_operator.py for tasks to queue
[2022-02-12 14:25:01,453] {logging_mixin.py:104} INFO - [2022-02-12 14:25:01,453] {dagbag.py:487} INFO - Filling up the DagBag from /home/agalli/sandbox/lib/python3.6/site-packages/airflow/example_dags/example_branch_operator.py
[2022-02-12 14:25:01,501] {scheduler_job.py:643} INFO - DAG(s) dict_keys(['example_branch_operator']) retrieved from /home/agalli/sandbox/lib/python3.6/site-packages/airflow/example_dags/example_branch_operator.py
[2022-02-12 14:25:01,549] {logging_mixin.py:104} INFO - [2022-02-12 14:25:01,549] {dag.py:1832} INFO - Sync 1 DAGs
[2022-02-12 14:25:01,582] {logging_mixin.py:104} INFO - [2022-02-12 14:25:01,582] {dag.py:2305} INFO - Setting next_dagrun for example_branch_operator to 2022-02-10 00:00:00+00:00
[2022-02-12 14:25:01,663] {scheduler_job.py:190} INFO - Processing /home/agalli/sandbox/lib/python3.6/site-packages/airflow/example_dags/example_branch_operator.py took 0.221 seconds
[2022-02-12 14:25:32,448] {scheduler_job.py:182} INFO - Started process (PID=9283) to work on /home/agalli/sandbox/lib/python3.6/site-packages/airflow/example_dags/example_branch_operator.py
[2022-02-12 14:25:32,450] {scheduler_job.py:633} INFO - Processing file /home/agalli/sandbox/lib/python3.6/site-packages/airflow/example_dags/example_branch_operator.py for tasks to queue
[2022-02-12 14:25:32,451] {logging_mixin.py:104} INFO - [2022-02-12 14:25:32,451] {dagbag.py:487} INFO - Filling up the DagBag from /home/agalli/sandbox/lib/python3.6/site-packages/airflow/example_dags/example_branch_operator.py
[2022-02-12 14:25:32,481] {scheduler_job.py:643} INFO - DAG(s) dict_keys(['example_branch_operator']) retrieved from /home/agalli/sandbox/lib/python3.6/site-packages/airflow/example_dags/example_branch_operator.py
[2022-02-12 14:25:32,529] {logging_mixin.py:104} INFO - [2022-02-12 14:25:32,529] {dag.py:1832} INFO - Sync 1 DAGs
[2022-02-12 14:25:32,579] {logging_mixin.py:104} INFO - [2022-02-12 14:25:32,579] {dag.py:2305} INFO - Setting next_dagrun for example_branch_operator to 2022-02-10 00:00:00+00:00
[2022-02-12 14:25:32,600] {scheduler_job.py:190} INFO - Processing /home/agalli/sandbox/lib/python3.6/site-packages/airflow/example_dags/example_branch_operator.py took 0.157 seconds
[2022-02-12 14:26:03,339] {scheduler_job.py:182} INFO - Started process (PID=9487) to work on /home/agalli/sandbox/lib/python3.6/site-packages/airflow/example_dags/example_branch_operator.py
[2022-02-12 14:26:03,347] {scheduler_job.py:633} INFO - Processing file /home/agalli/sandbox/lib/python3.6/site-packages/airflow/example_dags/example_branch_operator.py for tasks to queue
[2022-02-12 14:26:03,349] {logging_mixin.py:104} INFO - [2022-02-12 14:26:03,349] {dagbag.py:487} INFO - Filling up the DagBag from /home/agalli/sandbox/lib/python3.6/site-packages/airflow/example_dags/example_branch_operator.py
[2022-02-12 14:26:03,375] {scheduler_job.py:643} INFO - DAG(s) dict_keys(['example_branch_operator']) retrieved from /home/agalli/sandbox/lib/python3.6/site-packages/airflow/example_dags/example_branch_operator.py
[2022-02-12 14:26:03,419] {logging_mixin.py:104} INFO - [2022-02-12 14:26:03,419] {dag.py:1832} INFO - Sync 1 DAGs
[2022-02-12 14:26:03,446] {logging_mixin.py:104} INFO - [2022-02-12 14:26:03,445] {dag.py:2305} INFO - Setting next_dagrun for example_branch_operator to 2022-02-10 00:00:00+00:00
[2022-02-12 14:26:03,473] {scheduler_job.py:190} INFO - Processing /home/agalli/sandbox/lib/python3.6/site-packages/airflow/example_dags/example_branch_operator.py took 0.140 seconds
[2022-02-12 14:26:34,502] {scheduler_job.py:182} INFO - Started process (PID=9685) to work on /home/agalli/sandbox/lib/python3.6/site-packages/airflow/example_dags/example_branch_operator.py
[2022-02-12 14:26:34,503] {scheduler_job.py:633} INFO - Processing file /home/agalli/sandbox/lib/python3.6/site-packages/airflow/example_dags/example_branch_operator.py for tasks to queue
[2022-02-12 14:26:34,504] {logging_mixin.py:104} INFO - [2022-02-12 14:26:34,504] {dagbag.py:487} INFO - Filling up the DagBag from /home/agalli/sandbox/lib/python3.6/site-packages/airflow/example_dags/example_branch_operator.py
[2022-02-12 14:26:34,522] {scheduler_job.py:643} INFO - DAG(s) dict_keys(['example_branch_operator']) retrieved from /home/agalli/sandbox/lib/python3.6/site-packages/airflow/example_dags/example_branch_operator.py
[2022-02-12 14:26:34,558] {logging_mixin.py:104} INFO - [2022-02-12 14:26:34,558] {dag.py:1832} INFO - Sync 1 DAGs
[2022-02-12 14:26:34,588] {logging_mixin.py:104} INFO - [2022-02-12 14:26:34,588] {dag.py:2305} INFO - Setting next_dagrun for example_branch_operator to 2022-02-10 00:00:00+00:00
[2022-02-12 14:26:34,602] {scheduler_job.py:190} INFO - Processing /home/agalli/sandbox/lib/python3.6/site-packages/airflow/example_dags/example_branch_operator.py took 0.104 seconds
[2022-02-12 14:27:05,366] {scheduler_job.py:182} INFO - Started process (PID=9889) to work on /home/agalli/sandbox/lib/python3.6/site-packages/airflow/example_dags/example_branch_operator.py
[2022-02-12 14:27:05,367] {scheduler_job.py:633} INFO - Processing file /home/agalli/sandbox/lib/python3.6/site-packages/airflow/example_dags/example_branch_operator.py for tasks to queue
[2022-02-12 14:27:05,367] {logging_mixin.py:104} INFO - [2022-02-12 14:27:05,367] {dagbag.py:487} INFO - Filling up the DagBag from /home/agalli/sandbox/lib/python3.6/site-packages/airflow/example_dags/example_branch_operator.py
[2022-02-12 14:27:05,386] {scheduler_job.py:643} INFO - DAG(s) dict_keys(['example_branch_operator']) retrieved from /home/agalli/sandbox/lib/python3.6/site-packages/airflow/example_dags/example_branch_operator.py
[2022-02-12 14:27:05,455] {logging_mixin.py:104} INFO - [2022-02-12 14:27:05,455] {dag.py:1832} INFO - Sync 1 DAGs
[2022-02-12 14:27:05,539] {logging_mixin.py:104} INFO - [2022-02-12 14:27:05,539] {dag.py:2305} INFO - Setting next_dagrun for example_branch_operator to 2022-02-10 00:00:00+00:00
[2022-02-12 14:27:05,572] {scheduler_job.py:190} INFO - Processing /home/agalli/sandbox/lib/python3.6/site-packages/airflow/example_dags/example_branch_operator.py took 0.210 seconds
[2022-02-12 14:27:35,625] {scheduler_job.py:182} INFO - Started process (PID=10093) to work on /home/agalli/sandbox/lib/python3.6/site-packages/airflow/example_dags/example_branch_operator.py
[2022-02-12 14:27:35,628] {scheduler_job.py:633} INFO - Processing file /home/agalli/sandbox/lib/python3.6/site-packages/airflow/example_dags/example_branch_operator.py for tasks to queue
[2022-02-12 14:27:35,630] {logging_mixin.py:104} INFO - [2022-02-12 14:27:35,630] {dagbag.py:487} INFO - Filling up the DagBag from /home/agalli/sandbox/lib/python3.6/site-packages/airflow/example_dags/example_branch_operator.py
[2022-02-12 14:27:35,714] {scheduler_job.py:643} INFO - DAG(s) dict_keys(['example_branch_operator']) retrieved from /home/agalli/sandbox/lib/python3.6/site-packages/airflow/example_dags/example_branch_operator.py
[2022-02-12 14:27:35,790] {logging_mixin.py:104} INFO - [2022-02-12 14:27:35,790] {dag.py:1832} INFO - Sync 1 DAGs
[2022-02-12 14:27:35,892] {logging_mixin.py:104} INFO - [2022-02-12 14:27:35,892] {dag.py:2305} INFO - Setting next_dagrun for example_branch_operator to 2022-02-10 00:00:00+00:00
[2022-02-12 14:27:35,944] {scheduler_job.py:190} INFO - Processing /home/agalli/sandbox/lib/python3.6/site-packages/airflow/example_dags/example_branch_operator.py took 0.322 seconds
[2022-02-12 14:28:07,108] {scheduler_job.py:182} INFO - Started process (PID=10296) to work on /home/agalli/sandbox/lib/python3.6/site-packages/airflow/example_dags/example_branch_operator.py
[2022-02-12 14:28:07,109] {scheduler_job.py:633} INFO - Processing file /home/agalli/sandbox/lib/python3.6/site-packages/airflow/example_dags/example_branch_operator.py for tasks to queue
[2022-02-12 14:28:07,110] {logging_mixin.py:104} INFO - [2022-02-12 14:28:07,110] {dagbag.py:487} INFO - Filling up the DagBag from /home/agalli/sandbox/lib/python3.6/site-packages/airflow/example_dags/example_branch_operator.py
[2022-02-12 14:28:07,124] {scheduler_job.py:643} INFO - DAG(s) dict_keys(['example_branch_operator']) retrieved from /home/agalli/sandbox/lib/python3.6/site-packages/airflow/example_dags/example_branch_operator.py
[2022-02-12 14:28:07,151] {logging_mixin.py:104} INFO - [2022-02-12 14:28:07,150] {dag.py:1832} INFO - Sync 1 DAGs
[2022-02-12 14:28:07,169] {logging_mixin.py:104} INFO - [2022-02-12 14:28:07,169] {dag.py:2305} INFO - Setting next_dagrun for example_branch_operator to 2022-02-10 00:00:00+00:00
[2022-02-12 14:28:07,181] {scheduler_job.py:190} INFO - Processing /home/agalli/sandbox/lib/python3.6/site-packages/airflow/example_dags/example_branch_operator.py took 0.077 seconds
[2022-02-12 14:28:37,871] {scheduler_job.py:182} INFO - Started process (PID=10496) to work on /home/agalli/sandbox/lib/python3.6/site-packages/airflow/example_dags/example_branch_operator.py
[2022-02-12 14:28:37,872] {scheduler_job.py:633} INFO - Processing file /home/agalli/sandbox/lib/python3.6/site-packages/airflow/example_dags/example_branch_operator.py for tasks to queue
[2022-02-12 14:28:37,873] {logging_mixin.py:104} INFO - [2022-02-12 14:28:37,873] {dagbag.py:487} INFO - Filling up the DagBag from /home/agalli/sandbox/lib/python3.6/site-packages/airflow/example_dags/example_branch_operator.py
[2022-02-12 14:28:37,893] {scheduler_job.py:643} INFO - DAG(s) dict_keys(['example_branch_operator']) retrieved from /home/agalli/sandbox/lib/python3.6/site-packages/airflow/example_dags/example_branch_operator.py
[2022-02-12 14:28:37,928] {logging_mixin.py:104} INFO - [2022-02-12 14:28:37,927] {dag.py:1832} INFO - Sync 1 DAGs
[2022-02-12 14:28:37,952] {logging_mixin.py:104} INFO - [2022-02-12 14:28:37,952] {dag.py:2305} INFO - Setting next_dagrun for example_branch_operator to 2022-02-10 00:00:00+00:00
[2022-02-12 14:28:37,966] {scheduler_job.py:190} INFO - Processing /home/agalli/sandbox/lib/python3.6/site-packages/airflow/example_dags/example_branch_operator.py took 0.101 seconds
[2022-02-12 14:29:08,449] {scheduler_job.py:182} INFO - Started process (PID=10698) to work on /home/agalli/sandbox/lib/python3.6/site-packages/airflow/example_dags/example_branch_operator.py
[2022-02-12 14:29:08,451] {scheduler_job.py:633} INFO - Processing file /home/agalli/sandbox/lib/python3.6/site-packages/airflow/example_dags/example_branch_operator.py for tasks to queue
[2022-02-12 14:29:08,452] {logging_mixin.py:104} INFO - [2022-02-12 14:29:08,452] {dagbag.py:487} INFO - Filling up the DagBag from /home/agalli/sandbox/lib/python3.6/site-packages/airflow/example_dags/example_branch_operator.py
[2022-02-12 14:29:08,477] {scheduler_job.py:643} INFO - DAG(s) dict_keys(['example_branch_operator']) retrieved from /home/agalli/sandbox/lib/python3.6/site-packages/airflow/example_dags/example_branch_operator.py
[2022-02-12 14:29:08,519] {logging_mixin.py:104} INFO - [2022-02-12 14:29:08,519] {dag.py:1832} INFO - Sync 1 DAGs
[2022-02-12 14:29:08,553] {logging_mixin.py:104} INFO - [2022-02-12 14:29:08,553] {dag.py:2305} INFO - Setting next_dagrun for example_branch_operator to 2022-02-10 00:00:00+00:00
[2022-02-12 14:29:08,572] {scheduler_job.py:190} INFO - Processing /home/agalli/sandbox/lib/python3.6/site-packages/airflow/example_dags/example_branch_operator.py took 0.132 seconds
[2022-02-12 14:29:39,195] {scheduler_job.py:182} INFO - Started process (PID=10900) to work on /home/agalli/sandbox/lib/python3.6/site-packages/airflow/example_dags/example_branch_operator.py
[2022-02-12 14:29:39,196] {scheduler_job.py:633} INFO - Processing file /home/agalli/sandbox/lib/python3.6/site-packages/airflow/example_dags/example_branch_operator.py for tasks to queue
[2022-02-12 14:29:39,197] {logging_mixin.py:104} INFO - [2022-02-12 14:29:39,197] {dagbag.py:487} INFO - Filling up the DagBag from /home/agalli/sandbox/lib/python3.6/site-packages/airflow/example_dags/example_branch_operator.py
[2022-02-12 14:29:39,215] {scheduler_job.py:643} INFO - DAG(s) dict_keys(['example_branch_operator']) retrieved from /home/agalli/sandbox/lib/python3.6/site-packages/airflow/example_dags/example_branch_operator.py
[2022-02-12 14:29:39,254] {logging_mixin.py:104} INFO - [2022-02-12 14:29:39,254] {dag.py:1832} INFO - Sync 1 DAGs
[2022-02-12 14:29:39,280] {logging_mixin.py:104} INFO - [2022-02-12 14:29:39,279] {dag.py:2305} INFO - Setting next_dagrun for example_branch_operator to 2022-02-10 00:00:00+00:00
[2022-02-12 14:29:39,294] {scheduler_job.py:190} INFO - Processing /home/agalli/sandbox/lib/python3.6/site-packages/airflow/example_dags/example_branch_operator.py took 0.103 seconds
[2022-02-12 14:30:10,575] {scheduler_job.py:182} INFO - Started process (PID=11101) to work on /home/agalli/sandbox/lib/python3.6/site-packages/airflow/example_dags/example_branch_operator.py
[2022-02-12 14:30:10,577] {scheduler_job.py:633} INFO - Processing file /home/agalli/sandbox/lib/python3.6/site-packages/airflow/example_dags/example_branch_operator.py for tasks to queue
[2022-02-12 14:30:10,578] {logging_mixin.py:104} INFO - [2022-02-12 14:30:10,578] {dagbag.py:487} INFO - Filling up the DagBag from /home/agalli/sandbox/lib/python3.6/site-packages/airflow/example_dags/example_branch_operator.py
[2022-02-12 14:30:10,597] {scheduler_job.py:643} INFO - DAG(s) dict_keys(['example_branch_operator']) retrieved from /home/agalli/sandbox/lib/python3.6/site-packages/airflow/example_dags/example_branch_operator.py
[2022-02-12 14:30:10,634] {logging_mixin.py:104} INFO - [2022-02-12 14:30:10,634] {dag.py:1832} INFO - Sync 1 DAGs
[2022-02-12 14:30:10,668] {logging_mixin.py:104} INFO - [2022-02-12 14:30:10,668] {dag.py:2305} INFO - Setting next_dagrun for example_branch_operator to 2022-02-10 00:00:00+00:00
[2022-02-12 14:30:10,725] {scheduler_job.py:190} INFO - Processing /home/agalli/sandbox/lib/python3.6/site-packages/airflow/example_dags/example_branch_operator.py took 0.154 seconds
[2022-02-12 14:52:20,926] {scheduler_job.py:182} INFO - Started process (PID=14482) to work on /home/agalli/sandbox/lib/python3.6/site-packages/airflow/example_dags/example_branch_operator.py
[2022-02-12 14:52:20,957] {scheduler_job.py:633} INFO - Processing file /home/agalli/sandbox/lib/python3.6/site-packages/airflow/example_dags/example_branch_operator.py for tasks to queue
[2022-02-12 14:52:20,959] {logging_mixin.py:104} INFO - [2022-02-12 14:52:20,958] {dagbag.py:487} INFO - Filling up the DagBag from /home/agalli/sandbox/lib/python3.6/site-packages/airflow/example_dags/example_branch_operator.py
[2022-02-12 14:52:21,099] {scheduler_job.py:643} INFO - DAG(s) dict_keys(['example_branch_operator']) retrieved from /home/agalli/sandbox/lib/python3.6/site-packages/airflow/example_dags/example_branch_operator.py
[2022-02-12 14:52:21,362] {logging_mixin.py:104} INFO - [2022-02-12 14:52:21,362] {dag.py:1832} INFO - Sync 1 DAGs
[2022-02-12 14:52:21,518] {logging_mixin.py:104} INFO - [2022-02-12 14:52:21,518] {dag.py:2305} INFO - Setting next_dagrun for example_branch_operator to 2022-02-10 00:00:00+00:00
[2022-02-12 14:52:21,565] {scheduler_job.py:190} INFO - Processing /home/agalli/sandbox/lib/python3.6/site-packages/airflow/example_dags/example_branch_operator.py took 0.654 seconds
[2022-02-12 14:52:51,699] {scheduler_job.py:182} INFO - Started process (PID=14688) to work on /home/agalli/sandbox/lib/python3.6/site-packages/airflow/example_dags/example_branch_operator.py
[2022-02-12 14:52:51,701] {scheduler_job.py:633} INFO - Processing file /home/agalli/sandbox/lib/python3.6/site-packages/airflow/example_dags/example_branch_operator.py for tasks to queue
[2022-02-12 14:52:51,702] {logging_mixin.py:104} INFO - [2022-02-12 14:52:51,702] {dagbag.py:487} INFO - Filling up the DagBag from /home/agalli/sandbox/lib/python3.6/site-packages/airflow/example_dags/example_branch_operator.py
[2022-02-12 14:52:51,723] {scheduler_job.py:643} INFO - DAG(s) dict_keys(['example_branch_operator']) retrieved from /home/agalli/sandbox/lib/python3.6/site-packages/airflow/example_dags/example_branch_operator.py
[2022-02-12 14:52:51,774] {logging_mixin.py:104} INFO - [2022-02-12 14:52:51,774] {dag.py:1832} INFO - Sync 1 DAGs
[2022-02-12 14:52:51,813] {logging_mixin.py:104} INFO - [2022-02-12 14:52:51,813] {dag.py:2305} INFO - Setting next_dagrun for example_branch_operator to 2022-02-10 00:00:00+00:00
[2022-02-12 14:52:51,836] {scheduler_job.py:190} INFO - Processing /home/agalli/sandbox/lib/python3.6/site-packages/airflow/example_dags/example_branch_operator.py took 0.143 seconds
[2022-02-12 14:53:23,857] {scheduler_job.py:182} INFO - Started process (PID=15011) to work on /home/agalli/sandbox/lib/python3.6/site-packages/airflow/example_dags/example_branch_operator.py
[2022-02-12 14:53:23,859] {scheduler_job.py:633} INFO - Processing file /home/agalli/sandbox/lib/python3.6/site-packages/airflow/example_dags/example_branch_operator.py for tasks to queue
[2022-02-12 14:53:23,860] {logging_mixin.py:104} INFO - [2022-02-12 14:53:23,860] {dagbag.py:487} INFO - Filling up the DagBag from /home/agalli/sandbox/lib/python3.6/site-packages/airflow/example_dags/example_branch_operator.py
[2022-02-12 14:53:23,894] {scheduler_job.py:643} INFO - DAG(s) dict_keys(['example_branch_operator']) retrieved from /home/agalli/sandbox/lib/python3.6/site-packages/airflow/example_dags/example_branch_operator.py
[2022-02-12 14:53:24,067] {logging_mixin.py:104} INFO - [2022-02-12 14:53:24,067] {dag.py:1832} INFO - Sync 1 DAGs
[2022-02-12 14:53:24,138] {logging_mixin.py:104} INFO - [2022-02-12 14:53:24,138] {dag.py:2305} INFO - Setting next_dagrun for example_branch_operator to 2022-02-10 00:00:00+00:00
[2022-02-12 14:53:24,173] {scheduler_job.py:190} INFO - Processing /home/agalli/sandbox/lib/python3.6/site-packages/airflow/example_dags/example_branch_operator.py took 0.323 seconds
[2022-02-12 14:53:54,256] {scheduler_job.py:182} INFO - Started process (PID=15701) to work on /home/agalli/sandbox/lib/python3.6/site-packages/airflow/example_dags/example_branch_operator.py
[2022-02-12 14:53:54,260] {scheduler_job.py:633} INFO - Processing file /home/agalli/sandbox/lib/python3.6/site-packages/airflow/example_dags/example_branch_operator.py for tasks to queue
[2022-02-12 14:53:54,261] {logging_mixin.py:104} INFO - [2022-02-12 14:53:54,261] {dagbag.py:487} INFO - Filling up the DagBag from /home/agalli/sandbox/lib/python3.6/site-packages/airflow/example_dags/example_branch_operator.py
[2022-02-12 14:53:54,329] {scheduler_job.py:643} INFO - DAG(s) dict_keys(['example_branch_operator']) retrieved from /home/agalli/sandbox/lib/python3.6/site-packages/airflow/example_dags/example_branch_operator.py
[2022-02-12 14:53:54,386] {logging_mixin.py:104} INFO - [2022-02-12 14:53:54,386] {dag.py:1832} INFO - Sync 1 DAGs
[2022-02-12 14:53:54,460] {logging_mixin.py:104} INFO - [2022-02-12 14:53:54,459] {dag.py:2305} INFO - Setting next_dagrun for example_branch_operator to 2022-02-10 00:00:00+00:00
[2022-02-12 14:53:54,494] {scheduler_job.py:190} INFO - Processing /home/agalli/sandbox/lib/python3.6/site-packages/airflow/example_dags/example_branch_operator.py took 0.245 seconds
[2022-02-12 14:54:24,800] {scheduler_job.py:182} INFO - Started process (PID=15831) to work on /home/agalli/sandbox/lib/python3.6/site-packages/airflow/example_dags/example_branch_operator.py
[2022-02-12 14:54:24,803] {scheduler_job.py:633} INFO - Processing file /home/agalli/sandbox/lib/python3.6/site-packages/airflow/example_dags/example_branch_operator.py for tasks to queue
[2022-02-12 14:54:24,804] {logging_mixin.py:104} INFO - [2022-02-12 14:54:24,804] {dagbag.py:487} INFO - Filling up the DagBag from /home/agalli/sandbox/lib/python3.6/site-packages/airflow/example_dags/example_branch_operator.py
[2022-02-12 14:54:24,827] {scheduler_job.py:643} INFO - DAG(s) dict_keys(['example_branch_operator']) retrieved from /home/agalli/sandbox/lib/python3.6/site-packages/airflow/example_dags/example_branch_operator.py
[2022-02-12 14:54:24,866] {logging_mixin.py:104} INFO - [2022-02-12 14:54:24,866] {dag.py:1832} INFO - Sync 1 DAGs
[2022-02-12 14:54:24,895] {logging_mixin.py:104} INFO - [2022-02-12 14:54:24,894] {dag.py:2305} INFO - Setting next_dagrun for example_branch_operator to 2022-02-10 00:00:00+00:00
[2022-02-12 14:54:24,915] {scheduler_job.py:190} INFO - Processing /home/agalli/sandbox/lib/python3.6/site-packages/airflow/example_dags/example_branch_operator.py took 0.121 seconds
[2022-02-12 14:54:55,867] {scheduler_job.py:182} INFO - Started process (PID=15969) to work on /home/agalli/sandbox/lib/python3.6/site-packages/airflow/example_dags/example_branch_operator.py
[2022-02-12 14:54:55,869] {scheduler_job.py:633} INFO - Processing file /home/agalli/sandbox/lib/python3.6/site-packages/airflow/example_dags/example_branch_operator.py for tasks to queue
[2022-02-12 14:54:55,870] {logging_mixin.py:104} INFO - [2022-02-12 14:54:55,870] {dagbag.py:487} INFO - Filling up the DagBag from /home/agalli/sandbox/lib/python3.6/site-packages/airflow/example_dags/example_branch_operator.py
[2022-02-12 14:54:55,890] {scheduler_job.py:643} INFO - DAG(s) dict_keys(['example_branch_operator']) retrieved from /home/agalli/sandbox/lib/python3.6/site-packages/airflow/example_dags/example_branch_operator.py
[2022-02-12 14:54:55,920] {logging_mixin.py:104} INFO - [2022-02-12 14:54:55,920] {dag.py:1832} INFO - Sync 1 DAGs
[2022-02-12 14:54:55,945] {logging_mixin.py:104} INFO - [2022-02-12 14:54:55,945] {dag.py:2305} INFO - Setting next_dagrun for example_branch_operator to 2022-02-10 00:00:00+00:00
[2022-02-12 14:54:55,960] {scheduler_job.py:190} INFO - Processing /home/agalli/sandbox/lib/python3.6/site-packages/airflow/example_dags/example_branch_operator.py took 0.098 seconds
[2022-02-12 14:55:26,954] {scheduler_job.py:182} INFO - Started process (PID=16095) to work on /home/agalli/sandbox/lib/python3.6/site-packages/airflow/example_dags/example_branch_operator.py
[2022-02-12 14:55:26,956] {scheduler_job.py:633} INFO - Processing file /home/agalli/sandbox/lib/python3.6/site-packages/airflow/example_dags/example_branch_operator.py for tasks to queue
[2022-02-12 14:55:26,957] {logging_mixin.py:104} INFO - [2022-02-12 14:55:26,957] {dagbag.py:487} INFO - Filling up the DagBag from /home/agalli/sandbox/lib/python3.6/site-packages/airflow/example_dags/example_branch_operator.py
[2022-02-12 14:55:26,971] {scheduler_job.py:643} INFO - DAG(s) dict_keys(['example_branch_operator']) retrieved from /home/agalli/sandbox/lib/python3.6/site-packages/airflow/example_dags/example_branch_operator.py
[2022-02-12 14:55:26,997] {logging_mixin.py:104} INFO - [2022-02-12 14:55:26,997] {dag.py:1832} INFO - Sync 1 DAGs
[2022-02-12 14:55:27,019] {logging_mixin.py:104} INFO - [2022-02-12 14:55:27,018] {dag.py:2305} INFO - Setting next_dagrun for example_branch_operator to 2022-02-10 00:00:00+00:00
[2022-02-12 14:55:27,031] {scheduler_job.py:190} INFO - Processing /home/agalli/sandbox/lib/python3.6/site-packages/airflow/example_dags/example_branch_operator.py took 0.080 seconds
[2022-02-12 14:56:42,386] {scheduler_job.py:182} INFO - Started process (PID=16420) to work on /home/agalli/sandbox/lib/python3.6/site-packages/airflow/example_dags/example_branch_operator.py
[2022-02-12 14:56:42,402] {scheduler_job.py:633} INFO - Processing file /home/agalli/sandbox/lib/python3.6/site-packages/airflow/example_dags/example_branch_operator.py for tasks to queue
[2022-02-12 14:56:42,404] {logging_mixin.py:104} INFO - [2022-02-12 14:56:42,403] {dagbag.py:487} INFO - Filling up the DagBag from /home/agalli/sandbox/lib/python3.6/site-packages/airflow/example_dags/example_branch_operator.py
[2022-02-12 14:56:42,466] {scheduler_job.py:643} INFO - DAG(s) dict_keys(['example_branch_operator']) retrieved from /home/agalli/sandbox/lib/python3.6/site-packages/airflow/example_dags/example_branch_operator.py
[2022-02-12 14:56:42,622] {logging_mixin.py:104} INFO - [2022-02-12 14:56:42,622] {dag.py:1832} INFO - Sync 1 DAGs
[2022-02-12 14:56:42,710] {logging_mixin.py:104} INFO - [2022-02-12 14:56:42,710] {dag.py:2305} INFO - Setting next_dagrun for example_branch_operator to 2022-02-10 00:00:00+00:00
[2022-02-12 14:56:42,780] {scheduler_job.py:190} INFO - Processing /home/agalli/sandbox/lib/python3.6/site-packages/airflow/example_dags/example_branch_operator.py took 0.411 seconds
[2022-02-12 14:57:13,246] {scheduler_job.py:182} INFO - Started process (PID=16522) to work on /home/agalli/sandbox/lib/python3.6/site-packages/airflow/example_dags/example_branch_operator.py
[2022-02-12 14:57:13,249] {scheduler_job.py:633} INFO - Processing file /home/agalli/sandbox/lib/python3.6/site-packages/airflow/example_dags/example_branch_operator.py for tasks to queue
[2022-02-12 14:57:13,251] {logging_mixin.py:104} INFO - [2022-02-12 14:57:13,250] {dagbag.py:487} INFO - Filling up the DagBag from /home/agalli/sandbox/lib/python3.6/site-packages/airflow/example_dags/example_branch_operator.py
[2022-02-12 14:57:13,290] {scheduler_job.py:643} INFO - DAG(s) dict_keys(['example_branch_operator']) retrieved from /home/agalli/sandbox/lib/python3.6/site-packages/airflow/example_dags/example_branch_operator.py
[2022-02-12 14:57:13,337] {logging_mixin.py:104} INFO - [2022-02-12 14:57:13,337] {dag.py:1832} INFO - Sync 1 DAGs
[2022-02-12 14:57:13,363] {logging_mixin.py:104} INFO - [2022-02-12 14:57:13,363] {dag.py:2305} INFO - Setting next_dagrun for example_branch_operator to 2022-02-10 00:00:00+00:00
[2022-02-12 14:57:13,377] {scheduler_job.py:190} INFO - Processing /home/agalli/sandbox/lib/python3.6/site-packages/airflow/example_dags/example_branch_operator.py took 0.136 seconds
[2022-02-12 14:57:43,624] {scheduler_job.py:182} INFO - Started process (PID=16710) to work on /home/agalli/sandbox/lib/python3.6/site-packages/airflow/example_dags/example_branch_operator.py
[2022-02-12 14:57:43,625] {scheduler_job.py:633} INFO - Processing file /home/agalli/sandbox/lib/python3.6/site-packages/airflow/example_dags/example_branch_operator.py for tasks to queue
[2022-02-12 14:57:43,626] {logging_mixin.py:104} INFO - [2022-02-12 14:57:43,625] {dagbag.py:487} INFO - Filling up the DagBag from /home/agalli/sandbox/lib/python3.6/site-packages/airflow/example_dags/example_branch_operator.py
[2022-02-12 14:57:43,641] {scheduler_job.py:643} INFO - DAG(s) dict_keys(['example_branch_operator']) retrieved from /home/agalli/sandbox/lib/python3.6/site-packages/airflow/example_dags/example_branch_operator.py
[2022-02-12 14:57:43,669] {logging_mixin.py:104} INFO - [2022-02-12 14:57:43,669] {dag.py:1832} INFO - Sync 1 DAGs
[2022-02-12 14:57:43,691] {logging_mixin.py:104} INFO - [2022-02-12 14:57:43,691] {dag.py:2305} INFO - Setting next_dagrun for example_branch_operator to 2022-02-10 00:00:00+00:00
[2022-02-12 14:57:43,705] {scheduler_job.py:190} INFO - Processing /home/agalli/sandbox/lib/python3.6/site-packages/airflow/example_dags/example_branch_operator.py took 0.085 seconds
[2022-02-12 14:58:14,115] {scheduler_job.py:182} INFO - Started process (PID=16780) to work on /home/agalli/sandbox/lib/python3.6/site-packages/airflow/example_dags/example_branch_operator.py
[2022-02-12 14:58:14,116] {scheduler_job.py:633} INFO - Processing file /home/agalli/sandbox/lib/python3.6/site-packages/airflow/example_dags/example_branch_operator.py for tasks to queue
[2022-02-12 14:58:14,117] {logging_mixin.py:104} INFO - [2022-02-12 14:58:14,117] {dagbag.py:487} INFO - Filling up the DagBag from /home/agalli/sandbox/lib/python3.6/site-packages/airflow/example_dags/example_branch_operator.py
[2022-02-12 14:58:14,138] {scheduler_job.py:643} INFO - DAG(s) dict_keys(['example_branch_operator']) retrieved from /home/agalli/sandbox/lib/python3.6/site-packages/airflow/example_dags/example_branch_operator.py
[2022-02-12 14:58:14,166] {logging_mixin.py:104} INFO - [2022-02-12 14:58:14,166] {dag.py:1832} INFO - Sync 1 DAGs
[2022-02-12 14:58:14,190] {logging_mixin.py:104} INFO - [2022-02-12 14:58:14,189] {dag.py:2305} INFO - Setting next_dagrun for example_branch_operator to 2022-02-10 00:00:00+00:00
[2022-02-12 14:58:14,201] {scheduler_job.py:190} INFO - Processing /home/agalli/sandbox/lib/python3.6/site-packages/airflow/example_dags/example_branch_operator.py took 0.089 seconds
[2022-02-12 14:58:44,673] {scheduler_job.py:182} INFO - Started process (PID=16850) to work on /home/agalli/sandbox/lib/python3.6/site-packages/airflow/example_dags/example_branch_operator.py
[2022-02-12 14:58:44,675] {scheduler_job.py:633} INFO - Processing file /home/agalli/sandbox/lib/python3.6/site-packages/airflow/example_dags/example_branch_operator.py for tasks to queue
[2022-02-12 14:58:44,676] {logging_mixin.py:104} INFO - [2022-02-12 14:58:44,676] {dagbag.py:487} INFO - Filling up the DagBag from /home/agalli/sandbox/lib/python3.6/site-packages/airflow/example_dags/example_branch_operator.py
[2022-02-12 14:58:44,692] {scheduler_job.py:643} INFO - DAG(s) dict_keys(['example_branch_operator']) retrieved from /home/agalli/sandbox/lib/python3.6/site-packages/airflow/example_dags/example_branch_operator.py
[2022-02-12 14:58:44,723] {logging_mixin.py:104} INFO - [2022-02-12 14:58:44,723] {dag.py:1832} INFO - Sync 1 DAGs
[2022-02-12 14:58:44,749] {logging_mixin.py:104} INFO - [2022-02-12 14:58:44,749] {dag.py:2305} INFO - Setting next_dagrun for example_branch_operator to 2022-02-10 00:00:00+00:00
[2022-02-12 14:58:44,767] {scheduler_job.py:190} INFO - Processing /home/agalli/sandbox/lib/python3.6/site-packages/airflow/example_dags/example_branch_operator.py took 0.100 seconds
[2022-02-12 14:59:14,957] {scheduler_job.py:182} INFO - Started process (PID=16919) to work on /home/agalli/sandbox/lib/python3.6/site-packages/airflow/example_dags/example_branch_operator.py
[2022-02-12 14:59:14,958] {scheduler_job.py:633} INFO - Processing file /home/agalli/sandbox/lib/python3.6/site-packages/airflow/example_dags/example_branch_operator.py for tasks to queue
[2022-02-12 14:59:14,959] {logging_mixin.py:104} INFO - [2022-02-12 14:59:14,959] {dagbag.py:487} INFO - Filling up the DagBag from /home/agalli/sandbox/lib/python3.6/site-packages/airflow/example_dags/example_branch_operator.py
[2022-02-12 14:59:14,982] {scheduler_job.py:643} INFO - DAG(s) dict_keys(['example_branch_operator']) retrieved from /home/agalli/sandbox/lib/python3.6/site-packages/airflow/example_dags/example_branch_operator.py
[2022-02-12 14:59:15,015] {logging_mixin.py:104} INFO - [2022-02-12 14:59:15,014] {dag.py:1832} INFO - Sync 1 DAGs
[2022-02-12 14:59:15,044] {logging_mixin.py:104} INFO - [2022-02-12 14:59:15,043] {dag.py:2305} INFO - Setting next_dagrun for example_branch_operator to 2022-02-10 00:00:00+00:00
[2022-02-12 14:59:15,059] {scheduler_job.py:190} INFO - Processing /home/agalli/sandbox/lib/python3.6/site-packages/airflow/example_dags/example_branch_operator.py took 0.106 seconds
[2022-02-12 14:59:45,469] {scheduler_job.py:182} INFO - Started process (PID=16990) to work on /home/agalli/sandbox/lib/python3.6/site-packages/airflow/example_dags/example_branch_operator.py
[2022-02-12 14:59:45,471] {scheduler_job.py:633} INFO - Processing file /home/agalli/sandbox/lib/python3.6/site-packages/airflow/example_dags/example_branch_operator.py for tasks to queue
[2022-02-12 14:59:45,473] {logging_mixin.py:104} INFO - [2022-02-12 14:59:45,472] {dagbag.py:487} INFO - Filling up the DagBag from /home/agalli/sandbox/lib/python3.6/site-packages/airflow/example_dags/example_branch_operator.py
[2022-02-12 14:59:45,498] {scheduler_job.py:643} INFO - DAG(s) dict_keys(['example_branch_operator']) retrieved from /home/agalli/sandbox/lib/python3.6/site-packages/airflow/example_dags/example_branch_operator.py
[2022-02-12 14:59:45,546] {logging_mixin.py:104} INFO - [2022-02-12 14:59:45,544] {dag.py:1832} INFO - Sync 1 DAGs
[2022-02-12 14:59:45,577] {logging_mixin.py:104} INFO - [2022-02-12 14:59:45,577] {dag.py:2305} INFO - Setting next_dagrun for example_branch_operator to 2022-02-10 00:00:00+00:00
[2022-02-12 14:59:45,598] {scheduler_job.py:190} INFO - Processing /home/agalli/sandbox/lib/python3.6/site-packages/airflow/example_dags/example_branch_operator.py took 0.136 seconds
[2022-02-12 15:00:16,699] {scheduler_job.py:182} INFO - Started process (PID=17060) to work on /home/agalli/sandbox/lib/python3.6/site-packages/airflow/example_dags/example_branch_operator.py
[2022-02-12 15:00:16,701] {scheduler_job.py:633} INFO - Processing file /home/agalli/sandbox/lib/python3.6/site-packages/airflow/example_dags/example_branch_operator.py for tasks to queue
[2022-02-12 15:00:16,702] {logging_mixin.py:104} INFO - [2022-02-12 15:00:16,702] {dagbag.py:487} INFO - Filling up the DagBag from /home/agalli/sandbox/lib/python3.6/site-packages/airflow/example_dags/example_branch_operator.py
[2022-02-12 15:00:16,731] {scheduler_job.py:643} INFO - DAG(s) dict_keys(['example_branch_operator']) retrieved from /home/agalli/sandbox/lib/python3.6/site-packages/airflow/example_dags/example_branch_operator.py
[2022-02-12 15:00:16,782] {logging_mixin.py:104} INFO - [2022-02-12 15:00:16,782] {dag.py:1832} INFO - Sync 1 DAGs
[2022-02-12 15:00:16,839] {logging_mixin.py:104} INFO - [2022-02-12 15:00:16,839] {dag.py:2305} INFO - Setting next_dagrun for example_branch_operator to 2022-02-10 00:00:00+00:00
[2022-02-12 15:00:16,870] {scheduler_job.py:190} INFO - Processing /home/agalli/sandbox/lib/python3.6/site-packages/airflow/example_dags/example_branch_operator.py took 0.175 seconds
[2022-02-12 15:00:49,390] {scheduler_job.py:182} INFO - Started process (PID=17746) to work on /home/agalli/sandbox/lib/python3.6/site-packages/airflow/example_dags/example_branch_operator.py
[2022-02-12 15:00:49,408] {scheduler_job.py:633} INFO - Processing file /home/agalli/sandbox/lib/python3.6/site-packages/airflow/example_dags/example_branch_operator.py for tasks to queue
[2022-02-12 15:00:49,410] {logging_mixin.py:104} INFO - [2022-02-12 15:00:49,409] {dagbag.py:487} INFO - Filling up the DagBag from /home/agalli/sandbox/lib/python3.6/site-packages/airflow/example_dags/example_branch_operator.py
[2022-02-12 15:00:49,551] {scheduler_job.py:643} INFO - DAG(s) dict_keys(['example_branch_operator']) retrieved from /home/agalli/sandbox/lib/python3.6/site-packages/airflow/example_dags/example_branch_operator.py
[2022-02-12 15:00:49,779] {logging_mixin.py:104} INFO - [2022-02-12 15:00:49,778] {dag.py:1832} INFO - Sync 1 DAGs
[2022-02-12 15:00:49,920] {logging_mixin.py:104} INFO - [2022-02-12 15:00:49,919] {dag.py:2305} INFO - Setting next_dagrun for example_branch_operator to 2022-02-10 00:00:00+00:00
[2022-02-12 15:00:50,043] {scheduler_job.py:190} INFO - Processing /home/agalli/sandbox/lib/python3.6/site-packages/airflow/example_dags/example_branch_operator.py took 0.677 seconds
[2022-02-12 15:01:20,160] {scheduler_job.py:182} INFO - Started process (PID=18010) to work on /home/agalli/sandbox/lib/python3.6/site-packages/airflow/example_dags/example_branch_operator.py
[2022-02-12 15:01:20,162] {scheduler_job.py:633} INFO - Processing file /home/agalli/sandbox/lib/python3.6/site-packages/airflow/example_dags/example_branch_operator.py for tasks to queue
[2022-02-12 15:01:20,162] {logging_mixin.py:104} INFO - [2022-02-12 15:01:20,162] {dagbag.py:487} INFO - Filling up the DagBag from /home/agalli/sandbox/lib/python3.6/site-packages/airflow/example_dags/example_branch_operator.py
[2022-02-12 15:01:20,176] {scheduler_job.py:643} INFO - DAG(s) dict_keys(['example_branch_operator']) retrieved from /home/agalli/sandbox/lib/python3.6/site-packages/airflow/example_dags/example_branch_operator.py
[2022-02-12 15:01:20,205] {logging_mixin.py:104} INFO - [2022-02-12 15:01:20,205] {dag.py:1832} INFO - Sync 1 DAGs
[2022-02-12 15:01:20,225] {logging_mixin.py:104} INFO - [2022-02-12 15:01:20,225] {dag.py:2305} INFO - Setting next_dagrun for example_branch_operator to 2022-02-10 00:00:00+00:00
[2022-02-12 15:01:20,238] {scheduler_job.py:190} INFO - Processing /home/agalli/sandbox/lib/python3.6/site-packages/airflow/example_dags/example_branch_operator.py took 0.081 seconds
[2022-02-12 15:01:50,689] {scheduler_job.py:182} INFO - Started process (PID=18210) to work on /home/agalli/sandbox/lib/python3.6/site-packages/airflow/example_dags/example_branch_operator.py
[2022-02-12 15:01:50,690] {scheduler_job.py:633} INFO - Processing file /home/agalli/sandbox/lib/python3.6/site-packages/airflow/example_dags/example_branch_operator.py for tasks to queue
[2022-02-12 15:01:50,692] {logging_mixin.py:104} INFO - [2022-02-12 15:01:50,691] {dagbag.py:487} INFO - Filling up the DagBag from /home/agalli/sandbox/lib/python3.6/site-packages/airflow/example_dags/example_branch_operator.py
[2022-02-12 15:01:50,728] {scheduler_job.py:643} INFO - DAG(s) dict_keys(['example_branch_operator']) retrieved from /home/agalli/sandbox/lib/python3.6/site-packages/airflow/example_dags/example_branch_operator.py
[2022-02-12 15:01:50,790] {logging_mixin.py:104} INFO - [2022-02-12 15:01:50,789] {dag.py:1832} INFO - Sync 1 DAGs
[2022-02-12 15:01:50,825] {logging_mixin.py:104} INFO - [2022-02-12 15:01:50,825] {dag.py:2305} INFO - Setting next_dagrun for example_branch_operator to 2022-02-10 00:00:00+00:00
[2022-02-12 15:01:50,852] {scheduler_job.py:190} INFO - Processing /home/agalli/sandbox/lib/python3.6/site-packages/airflow/example_dags/example_branch_operator.py took 0.170 seconds
[2022-02-12 15:02:20,966] {scheduler_job.py:182} INFO - Started process (PID=18524) to work on /home/agalli/sandbox/lib/python3.6/site-packages/airflow/example_dags/example_branch_operator.py
[2022-02-12 15:02:20,970] {scheduler_job.py:633} INFO - Processing file /home/agalli/sandbox/lib/python3.6/site-packages/airflow/example_dags/example_branch_operator.py for tasks to queue
[2022-02-12 15:02:20,974] {logging_mixin.py:104} INFO - [2022-02-12 15:02:20,974] {dagbag.py:487} INFO - Filling up the DagBag from /home/agalli/sandbox/lib/python3.6/site-packages/airflow/example_dags/example_branch_operator.py
[2022-02-12 15:02:21,023] {scheduler_job.py:643} INFO - DAG(s) dict_keys(['example_branch_operator']) retrieved from /home/agalli/sandbox/lib/python3.6/site-packages/airflow/example_dags/example_branch_operator.py
[2022-02-12 15:02:21,103] {logging_mixin.py:104} INFO - [2022-02-12 15:02:21,103] {dag.py:1832} INFO - Sync 1 DAGs
[2022-02-12 15:02:21,158] {logging_mixin.py:104} INFO - [2022-02-12 15:02:21,158] {dag.py:2305} INFO - Setting next_dagrun for example_branch_operator to 2022-02-10 00:00:00+00:00
[2022-02-12 15:02:21,222] {scheduler_job.py:190} INFO - Processing /home/agalli/sandbox/lib/python3.6/site-packages/airflow/example_dags/example_branch_operator.py took 0.268 seconds
[2022-02-12 15:02:51,717] {scheduler_job.py:182} INFO - Started process (PID=19013) to work on /home/agalli/sandbox/lib/python3.6/site-packages/airflow/example_dags/example_branch_operator.py
[2022-02-12 15:02:51,719] {scheduler_job.py:633} INFO - Processing file /home/agalli/sandbox/lib/python3.6/site-packages/airflow/example_dags/example_branch_operator.py for tasks to queue
[2022-02-12 15:02:51,720] {logging_mixin.py:104} INFO - [2022-02-12 15:02:51,720] {dagbag.py:487} INFO - Filling up the DagBag from /home/agalli/sandbox/lib/python3.6/site-packages/airflow/example_dags/example_branch_operator.py
[2022-02-12 15:02:51,738] {scheduler_job.py:643} INFO - DAG(s) dict_keys(['example_branch_operator']) retrieved from /home/agalli/sandbox/lib/python3.6/site-packages/airflow/example_dags/example_branch_operator.py
[2022-02-12 15:02:51,810] {logging_mixin.py:104} INFO - [2022-02-12 15:02:51,810] {dag.py:1832} INFO - Sync 1 DAGs
[2022-02-12 15:02:51,843] {logging_mixin.py:104} INFO - [2022-02-12 15:02:51,842] {dag.py:2305} INFO - Setting next_dagrun for example_branch_operator to 2022-02-10 00:00:00+00:00
[2022-02-12 15:02:51,868] {scheduler_job.py:190} INFO - Processing /home/agalli/sandbox/lib/python3.6/site-packages/airflow/example_dags/example_branch_operator.py took 0.157 seconds
[2022-02-12 15:03:21,992] {scheduler_job.py:182} INFO - Started process (PID=19346) to work on /home/agalli/sandbox/lib/python3.6/site-packages/airflow/example_dags/example_branch_operator.py
[2022-02-12 15:03:21,993] {scheduler_job.py:633} INFO - Processing file /home/agalli/sandbox/lib/python3.6/site-packages/airflow/example_dags/example_branch_operator.py for tasks to queue
[2022-02-12 15:03:21,994] {logging_mixin.py:104} INFO - [2022-02-12 15:03:21,994] {dagbag.py:487} INFO - Filling up the DagBag from /home/agalli/sandbox/lib/python3.6/site-packages/airflow/example_dags/example_branch_operator.py
[2022-02-12 15:03:22,016] {scheduler_job.py:643} INFO - DAG(s) dict_keys(['example_branch_operator']) retrieved from /home/agalli/sandbox/lib/python3.6/site-packages/airflow/example_dags/example_branch_operator.py
[2022-02-12 15:03:22,054] {logging_mixin.py:104} INFO - [2022-02-12 15:03:22,054] {dag.py:1832} INFO - Sync 1 DAGs
[2022-02-12 15:03:22,090] {logging_mixin.py:104} INFO - [2022-02-12 15:03:22,090] {dag.py:2305} INFO - Setting next_dagrun for example_branch_operator to 2022-02-10 00:00:00+00:00
[2022-02-12 15:03:22,110] {scheduler_job.py:190} INFO - Processing /home/agalli/sandbox/lib/python3.6/site-packages/airflow/example_dags/example_branch_operator.py took 0.122 seconds
[2022-02-12 15:03:52,357] {scheduler_job.py:182} INFO - Started process (PID=19546) to work on /home/agalli/sandbox/lib/python3.6/site-packages/airflow/example_dags/example_branch_operator.py
[2022-02-12 15:03:52,359] {scheduler_job.py:633} INFO - Processing file /home/agalli/sandbox/lib/python3.6/site-packages/airflow/example_dags/example_branch_operator.py for tasks to queue
[2022-02-12 15:03:52,360] {logging_mixin.py:104} INFO - [2022-02-12 15:03:52,360] {dagbag.py:487} INFO - Filling up the DagBag from /home/agalli/sandbox/lib/python3.6/site-packages/airflow/example_dags/example_branch_operator.py
[2022-02-12 15:03:52,382] {scheduler_job.py:643} INFO - DAG(s) dict_keys(['example_branch_operator']) retrieved from /home/agalli/sandbox/lib/python3.6/site-packages/airflow/example_dags/example_branch_operator.py
[2022-02-12 15:03:52,416] {logging_mixin.py:104} INFO - [2022-02-12 15:03:52,416] {dag.py:1832} INFO - Sync 1 DAGs
[2022-02-12 15:03:52,449] {logging_mixin.py:104} INFO - [2022-02-12 15:03:52,449] {dag.py:2305} INFO - Setting next_dagrun for example_branch_operator to 2022-02-10 00:00:00+00:00
[2022-02-12 15:03:52,463] {scheduler_job.py:190} INFO - Processing /home/agalli/sandbox/lib/python3.6/site-packages/airflow/example_dags/example_branch_operator.py took 0.113 seconds
[2022-02-12 15:04:22,785] {scheduler_job.py:182} INFO - Started process (PID=19750) to work on /home/agalli/sandbox/lib/python3.6/site-packages/airflow/example_dags/example_branch_operator.py
[2022-02-12 15:04:22,786] {scheduler_job.py:633} INFO - Processing file /home/agalli/sandbox/lib/python3.6/site-packages/airflow/example_dags/example_branch_operator.py for tasks to queue
[2022-02-12 15:04:22,787] {logging_mixin.py:104} INFO - [2022-02-12 15:04:22,787] {dagbag.py:487} INFO - Filling up the DagBag from /home/agalli/sandbox/lib/python3.6/site-packages/airflow/example_dags/example_branch_operator.py
[2022-02-12 15:04:22,801] {scheduler_job.py:643} INFO - DAG(s) dict_keys(['example_branch_operator']) retrieved from /home/agalli/sandbox/lib/python3.6/site-packages/airflow/example_dags/example_branch_operator.py
[2022-02-12 15:04:22,828] {logging_mixin.py:104} INFO - [2022-02-12 15:04:22,828] {dag.py:1832} INFO - Sync 1 DAGs
[2022-02-12 15:04:22,849] {logging_mixin.py:104} INFO - [2022-02-12 15:04:22,849] {dag.py:2305} INFO - Setting next_dagrun for example_branch_operator to 2022-02-10 00:00:00+00:00
[2022-02-12 15:04:22,861] {scheduler_job.py:190} INFO - Processing /home/agalli/sandbox/lib/python3.6/site-packages/airflow/example_dags/example_branch_operator.py took 0.080 seconds
[2022-02-12 15:04:52,993] {scheduler_job.py:182} INFO - Started process (PID=19950) to work on /home/agalli/sandbox/lib/python3.6/site-packages/airflow/example_dags/example_branch_operator.py
[2022-02-12 15:04:52,996] {scheduler_job.py:633} INFO - Processing file /home/agalli/sandbox/lib/python3.6/site-packages/airflow/example_dags/example_branch_operator.py for tasks to queue
[2022-02-12 15:04:52,997] {logging_mixin.py:104} INFO - [2022-02-12 15:04:52,996] {dagbag.py:487} INFO - Filling up the DagBag from /home/agalli/sandbox/lib/python3.6/site-packages/airflow/example_dags/example_branch_operator.py
[2022-02-12 15:04:53,017] {scheduler_job.py:643} INFO - DAG(s) dict_keys(['example_branch_operator']) retrieved from /home/agalli/sandbox/lib/python3.6/site-packages/airflow/example_dags/example_branch_operator.py
[2022-02-12 15:04:53,047] {logging_mixin.py:104} INFO - [2022-02-12 15:04:53,047] {dag.py:1832} INFO - Sync 1 DAGs
[2022-02-12 15:04:53,070] {logging_mixin.py:104} INFO - [2022-02-12 15:04:53,070] {dag.py:2305} INFO - Setting next_dagrun for example_branch_operator to 2022-02-10 00:00:00+00:00
[2022-02-12 15:04:53,087] {scheduler_job.py:190} INFO - Processing /home/agalli/sandbox/lib/python3.6/site-packages/airflow/example_dags/example_branch_operator.py took 0.100 seconds
[2022-02-12 15:05:23,860] {scheduler_job.py:182} INFO - Started process (PID=20154) to work on /home/agalli/sandbox/lib/python3.6/site-packages/airflow/example_dags/example_branch_operator.py
[2022-02-12 15:05:23,861] {scheduler_job.py:633} INFO - Processing file /home/agalli/sandbox/lib/python3.6/site-packages/airflow/example_dags/example_branch_operator.py for tasks to queue
[2022-02-12 15:05:23,862] {logging_mixin.py:104} INFO - [2022-02-12 15:05:23,862] {dagbag.py:487} INFO - Filling up the DagBag from /home/agalli/sandbox/lib/python3.6/site-packages/airflow/example_dags/example_branch_operator.py
[2022-02-12 15:05:23,879] {scheduler_job.py:643} INFO - DAG(s) dict_keys(['example_branch_operator']) retrieved from /home/agalli/sandbox/lib/python3.6/site-packages/airflow/example_dags/example_branch_operator.py
[2022-02-12 15:05:23,909] {logging_mixin.py:104} INFO - [2022-02-12 15:05:23,909] {dag.py:1832} INFO - Sync 1 DAGs
[2022-02-12 15:05:23,932] {logging_mixin.py:104} INFO - [2022-02-12 15:05:23,932] {dag.py:2305} INFO - Setting next_dagrun for example_branch_operator to 2022-02-10 00:00:00+00:00
[2022-02-12 15:05:23,949] {scheduler_job.py:190} INFO - Processing /home/agalli/sandbox/lib/python3.6/site-packages/airflow/example_dags/example_branch_operator.py took 0.096 seconds
[2022-02-12 15:05:54,573] {scheduler_job.py:182} INFO - Started process (PID=20476) to work on /home/agalli/sandbox/lib/python3.6/site-packages/airflow/example_dags/example_branch_operator.py
[2022-02-12 15:05:54,574] {scheduler_job.py:633} INFO - Processing file /home/agalli/sandbox/lib/python3.6/site-packages/airflow/example_dags/example_branch_operator.py for tasks to queue
[2022-02-12 15:05:54,575] {logging_mixin.py:104} INFO - [2022-02-12 15:05:54,575] {dagbag.py:487} INFO - Filling up the DagBag from /home/agalli/sandbox/lib/python3.6/site-packages/airflow/example_dags/example_branch_operator.py
[2022-02-12 15:05:54,594] {scheduler_job.py:643} INFO - DAG(s) dict_keys(['example_branch_operator']) retrieved from /home/agalli/sandbox/lib/python3.6/site-packages/airflow/example_dags/example_branch_operator.py
[2022-02-12 15:05:54,633] {logging_mixin.py:104} INFO - [2022-02-12 15:05:54,633] {dag.py:1832} INFO - Sync 1 DAGs
[2022-02-12 15:05:54,660] {logging_mixin.py:104} INFO - [2022-02-12 15:05:54,660] {dag.py:2305} INFO - Setting next_dagrun for example_branch_operator to 2022-02-10 00:00:00+00:00
[2022-02-12 15:05:54,678] {scheduler_job.py:190} INFO - Processing /home/agalli/sandbox/lib/python3.6/site-packages/airflow/example_dags/example_branch_operator.py took 0.109 seconds
[2022-02-12 15:06:25,547] {scheduler_job.py:182} INFO - Started process (PID=20678) to work on /home/agalli/sandbox/lib/python3.6/site-packages/airflow/example_dags/example_branch_operator.py
[2022-02-12 15:06:25,548] {scheduler_job.py:633} INFO - Processing file /home/agalli/sandbox/lib/python3.6/site-packages/airflow/example_dags/example_branch_operator.py for tasks to queue
[2022-02-12 15:06:25,549] {logging_mixin.py:104} INFO - [2022-02-12 15:06:25,549] {dagbag.py:487} INFO - Filling up the DagBag from /home/agalli/sandbox/lib/python3.6/site-packages/airflow/example_dags/example_branch_operator.py
[2022-02-12 15:06:25,569] {scheduler_job.py:643} INFO - DAG(s) dict_keys(['example_branch_operator']) retrieved from /home/agalli/sandbox/lib/python3.6/site-packages/airflow/example_dags/example_branch_operator.py
[2022-02-12 15:06:25,608] {logging_mixin.py:104} INFO - [2022-02-12 15:06:25,608] {dag.py:1832} INFO - Sync 1 DAGs
[2022-02-12 15:06:25,634] {logging_mixin.py:104} INFO - [2022-02-12 15:06:25,634] {dag.py:2305} INFO - Setting next_dagrun for example_branch_operator to 2022-02-10 00:00:00+00:00
[2022-02-12 15:06:25,654] {scheduler_job.py:190} INFO - Processing /home/agalli/sandbox/lib/python3.6/site-packages/airflow/example_dags/example_branch_operator.py took 0.112 seconds
[2022-02-12 15:06:55,765] {scheduler_job.py:182} INFO - Started process (PID=20878) to work on /home/agalli/sandbox/lib/python3.6/site-packages/airflow/example_dags/example_branch_operator.py
[2022-02-12 15:06:55,766] {scheduler_job.py:633} INFO - Processing file /home/agalli/sandbox/lib/python3.6/site-packages/airflow/example_dags/example_branch_operator.py for tasks to queue
[2022-02-12 15:06:55,767] {logging_mixin.py:104} INFO - [2022-02-12 15:06:55,767] {dagbag.py:487} INFO - Filling up the DagBag from /home/agalli/sandbox/lib/python3.6/site-packages/airflow/example_dags/example_branch_operator.py
[2022-02-12 15:06:55,790] {scheduler_job.py:643} INFO - DAG(s) dict_keys(['example_branch_operator']) retrieved from /home/agalli/sandbox/lib/python3.6/site-packages/airflow/example_dags/example_branch_operator.py
[2022-02-12 15:06:55,831] {logging_mixin.py:104} INFO - [2022-02-12 15:06:55,831] {dag.py:1832} INFO - Sync 1 DAGs
[2022-02-12 15:06:55,866] {logging_mixin.py:104} INFO - [2022-02-12 15:06:55,866] {dag.py:2305} INFO - Setting next_dagrun for example_branch_operator to 2022-02-10 00:00:00+00:00
[2022-02-12 15:06:55,883] {scheduler_job.py:190} INFO - Processing /home/agalli/sandbox/lib/python3.6/site-packages/airflow/example_dags/example_branch_operator.py took 0.127 seconds
[2022-02-12 15:07:26,421] {scheduler_job.py:182} INFO - Started process (PID=21083) to work on /home/agalli/sandbox/lib/python3.6/site-packages/airflow/example_dags/example_branch_operator.py
[2022-02-12 15:07:26,424] {scheduler_job.py:633} INFO - Processing file /home/agalli/sandbox/lib/python3.6/site-packages/airflow/example_dags/example_branch_operator.py for tasks to queue
[2022-02-12 15:07:26,425] {logging_mixin.py:104} INFO - [2022-02-12 15:07:26,425] {dagbag.py:487} INFO - Filling up the DagBag from /home/agalli/sandbox/lib/python3.6/site-packages/airflow/example_dags/example_branch_operator.py
[2022-02-12 15:07:26,450] {scheduler_job.py:643} INFO - DAG(s) dict_keys(['example_branch_operator']) retrieved from /home/agalli/sandbox/lib/python3.6/site-packages/airflow/example_dags/example_branch_operator.py
[2022-02-12 15:07:26,486] {logging_mixin.py:104} INFO - [2022-02-12 15:07:26,486] {dag.py:1832} INFO - Sync 1 DAGs
[2022-02-12 15:07:26,515] {logging_mixin.py:104} INFO - [2022-02-12 15:07:26,515] {dag.py:2305} INFO - Setting next_dagrun for example_branch_operator to 2022-02-10 00:00:00+00:00
[2022-02-12 15:07:26,534] {scheduler_job.py:190} INFO - Processing /home/agalli/sandbox/lib/python3.6/site-packages/airflow/example_dags/example_branch_operator.py took 0.118 seconds
[2022-02-12 15:07:57,446] {scheduler_job.py:182} INFO - Started process (PID=21285) to work on /home/agalli/sandbox/lib/python3.6/site-packages/airflow/example_dags/example_branch_operator.py
[2022-02-12 15:07:57,450] {scheduler_job.py:633} INFO - Processing file /home/agalli/sandbox/lib/python3.6/site-packages/airflow/example_dags/example_branch_operator.py for tasks to queue
[2022-02-12 15:07:57,451] {logging_mixin.py:104} INFO - [2022-02-12 15:07:57,451] {dagbag.py:487} INFO - Filling up the DagBag from /home/agalli/sandbox/lib/python3.6/site-packages/airflow/example_dags/example_branch_operator.py
[2022-02-12 15:07:57,534] {scheduler_job.py:643} INFO - DAG(s) dict_keys(['example_branch_operator']) retrieved from /home/agalli/sandbox/lib/python3.6/site-packages/airflow/example_dags/example_branch_operator.py
[2022-02-12 15:07:57,712] {logging_mixin.py:104} INFO - [2022-02-12 15:07:57,712] {dag.py:1832} INFO - Sync 1 DAGs
[2022-02-12 15:07:57,860] {logging_mixin.py:104} INFO - [2022-02-12 15:07:57,859] {dag.py:2305} INFO - Setting next_dagrun for example_branch_operator to 2022-02-10 00:00:00+00:00
[2022-02-12 15:07:57,933] {scheduler_job.py:190} INFO - Processing /home/agalli/sandbox/lib/python3.6/site-packages/airflow/example_dags/example_branch_operator.py took 0.496 seconds
[2022-02-12 15:08:28,639] {scheduler_job.py:182} INFO - Started process (PID=21481) to work on /home/agalli/sandbox/lib/python3.6/site-packages/airflow/example_dags/example_branch_operator.py
[2022-02-12 15:08:28,641] {scheduler_job.py:633} INFO - Processing file /home/agalli/sandbox/lib/python3.6/site-packages/airflow/example_dags/example_branch_operator.py for tasks to queue
[2022-02-12 15:08:28,642] {logging_mixin.py:104} INFO - [2022-02-12 15:08:28,641] {dagbag.py:487} INFO - Filling up the DagBag from /home/agalli/sandbox/lib/python3.6/site-packages/airflow/example_dags/example_branch_operator.py
[2022-02-12 15:08:28,669] {scheduler_job.py:643} INFO - DAG(s) dict_keys(['example_branch_operator']) retrieved from /home/agalli/sandbox/lib/python3.6/site-packages/airflow/example_dags/example_branch_operator.py
[2022-02-12 15:08:28,704] {logging_mixin.py:104} INFO - [2022-02-12 15:08:28,704] {dag.py:1832} INFO - Sync 1 DAGs
[2022-02-12 15:08:28,728] {logging_mixin.py:104} INFO - [2022-02-12 15:08:28,728] {dag.py:2305} INFO - Setting next_dagrun for example_branch_operator to 2022-02-10 00:00:00+00:00
[2022-02-12 15:08:28,751] {scheduler_job.py:190} INFO - Processing /home/agalli/sandbox/lib/python3.6/site-packages/airflow/example_dags/example_branch_operator.py took 0.122 seconds
