[2022-02-12 13:57:20,856] {scheduler_job.py:182} INFO - Started process (PID=1545) to work on /home/agalli/sandbox/lib/python3.6/site-packages/airflow/example_dags/tutorial_taskflow_api_etl.py
[2022-02-12 13:57:20,876] {scheduler_job.py:633} INFO - Processing file /home/agalli/sandbox/lib/python3.6/site-packages/airflow/example_dags/tutorial_taskflow_api_etl.py for tasks to queue
[2022-02-12 13:57:20,880] {logging_mixin.py:104} INFO - [2022-02-12 13:57:20,880] {dagbag.py:487} INFO - Filling up the DagBag from /home/agalli/sandbox/lib/python3.6/site-packages/airflow/example_dags/tutorial_taskflow_api_etl.py
[2022-02-12 13:57:20,982] {scheduler_job.py:643} INFO - DAG(s) dict_keys(['tutorial_taskflow_api_etl']) retrieved from /home/agalli/sandbox/lib/python3.6/site-packages/airflow/example_dags/tutorial_taskflow_api_etl.py
[2022-02-12 13:57:22,661] {logging_mixin.py:104} INFO - [2022-02-12 13:57:22,661] {dag.py:1832} INFO - Sync 1 DAGs
[2022-02-12 13:57:22,735] {logging_mixin.py:104} INFO - [2022-02-12 13:57:22,735] {dag.py:2305} INFO - Setting next_dagrun for tutorial_taskflow_api_etl to None
[2022-02-12 13:57:22,804] {scheduler_job.py:190} INFO - Processing /home/agalli/sandbox/lib/python3.6/site-packages/airflow/example_dags/tutorial_taskflow_api_etl.py took 1.968 seconds
[2022-02-12 13:57:53,435] {scheduler_job.py:182} INFO - Started process (PID=2163) to work on /home/agalli/sandbox/lib/python3.6/site-packages/airflow/example_dags/tutorial_taskflow_api_etl.py
[2022-02-12 13:57:53,444] {scheduler_job.py:633} INFO - Processing file /home/agalli/sandbox/lib/python3.6/site-packages/airflow/example_dags/tutorial_taskflow_api_etl.py for tasks to queue
[2022-02-12 13:57:53,445] {logging_mixin.py:104} INFO - [2022-02-12 13:57:53,445] {dagbag.py:487} INFO - Filling up the DagBag from /home/agalli/sandbox/lib/python3.6/site-packages/airflow/example_dags/tutorial_taskflow_api_etl.py
[2022-02-12 13:57:53,508] {scheduler_job.py:643} INFO - DAG(s) dict_keys(['tutorial_taskflow_api_etl']) retrieved from /home/agalli/sandbox/lib/python3.6/site-packages/airflow/example_dags/tutorial_taskflow_api_etl.py
[2022-02-12 13:57:54,335] {logging_mixin.py:104} INFO - [2022-02-12 13:57:54,335] {dag.py:1832} INFO - Sync 1 DAGs
[2022-02-12 13:57:54,373] {logging_mixin.py:104} INFO - [2022-02-12 13:57:54,373] {dag.py:2305} INFO - Setting next_dagrun for tutorial_taskflow_api_etl to None
[2022-02-12 13:57:54,408] {scheduler_job.py:190} INFO - Processing /home/agalli/sandbox/lib/python3.6/site-packages/airflow/example_dags/tutorial_taskflow_api_etl.py took 0.985 seconds
[2022-02-12 13:58:25,112] {scheduler_job.py:182} INFO - Started process (PID=2380) to work on /home/agalli/sandbox/lib/python3.6/site-packages/airflow/example_dags/tutorial_taskflow_api_etl.py
[2022-02-12 13:58:25,119] {scheduler_job.py:633} INFO - Processing file /home/agalli/sandbox/lib/python3.6/site-packages/airflow/example_dags/tutorial_taskflow_api_etl.py for tasks to queue
[2022-02-12 13:58:25,120] {logging_mixin.py:104} INFO - [2022-02-12 13:58:25,120] {dagbag.py:487} INFO - Filling up the DagBag from /home/agalli/sandbox/lib/python3.6/site-packages/airflow/example_dags/tutorial_taskflow_api_etl.py
[2022-02-12 13:58:25,183] {scheduler_job.py:643} INFO - DAG(s) dict_keys(['tutorial_taskflow_api_etl']) retrieved from /home/agalli/sandbox/lib/python3.6/site-packages/airflow/example_dags/tutorial_taskflow_api_etl.py
[2022-02-12 13:58:26,049] {logging_mixin.py:104} INFO - [2022-02-12 13:58:26,049] {dag.py:1832} INFO - Sync 1 DAGs
[2022-02-12 13:58:26,092] {logging_mixin.py:104} INFO - [2022-02-12 13:58:26,092] {dag.py:2305} INFO - Setting next_dagrun for tutorial_taskflow_api_etl to None
[2022-02-12 13:58:26,117] {scheduler_job.py:190} INFO - Processing /home/agalli/sandbox/lib/python3.6/site-packages/airflow/example_dags/tutorial_taskflow_api_etl.py took 1.011 seconds
[2022-02-12 13:58:56,758] {scheduler_job.py:182} INFO - Started process (PID=2582) to work on /home/agalli/sandbox/lib/python3.6/site-packages/airflow/example_dags/tutorial_taskflow_api_etl.py
[2022-02-12 13:58:56,761] {scheduler_job.py:633} INFO - Processing file /home/agalli/sandbox/lib/python3.6/site-packages/airflow/example_dags/tutorial_taskflow_api_etl.py for tasks to queue
[2022-02-12 13:58:56,762] {logging_mixin.py:104} INFO - [2022-02-12 13:58:56,762] {dagbag.py:487} INFO - Filling up the DagBag from /home/agalli/sandbox/lib/python3.6/site-packages/airflow/example_dags/tutorial_taskflow_api_etl.py
[2022-02-12 13:58:56,808] {scheduler_job.py:643} INFO - DAG(s) dict_keys(['tutorial_taskflow_api_etl']) retrieved from /home/agalli/sandbox/lib/python3.6/site-packages/airflow/example_dags/tutorial_taskflow_api_etl.py
[2022-02-12 13:58:57,208] {logging_mixin.py:104} INFO - [2022-02-12 13:58:57,207] {dag.py:1832} INFO - Sync 1 DAGs
[2022-02-12 13:58:57,228] {logging_mixin.py:104} INFO - [2022-02-12 13:58:57,228] {dag.py:2305} INFO - Setting next_dagrun for tutorial_taskflow_api_etl to None
[2022-02-12 13:58:57,246] {scheduler_job.py:190} INFO - Processing /home/agalli/sandbox/lib/python3.6/site-packages/airflow/example_dags/tutorial_taskflow_api_etl.py took 0.495 seconds
[2022-02-12 13:59:27,581] {scheduler_job.py:182} INFO - Started process (PID=2787) to work on /home/agalli/sandbox/lib/python3.6/site-packages/airflow/example_dags/tutorial_taskflow_api_etl.py
[2022-02-12 13:59:27,584] {scheduler_job.py:633} INFO - Processing file /home/agalli/sandbox/lib/python3.6/site-packages/airflow/example_dags/tutorial_taskflow_api_etl.py for tasks to queue
[2022-02-12 13:59:27,585] {logging_mixin.py:104} INFO - [2022-02-12 13:59:27,585] {dagbag.py:487} INFO - Filling up the DagBag from /home/agalli/sandbox/lib/python3.6/site-packages/airflow/example_dags/tutorial_taskflow_api_etl.py
[2022-02-12 13:59:27,615] {scheduler_job.py:643} INFO - DAG(s) dict_keys(['tutorial_taskflow_api_etl']) retrieved from /home/agalli/sandbox/lib/python3.6/site-packages/airflow/example_dags/tutorial_taskflow_api_etl.py
[2022-02-12 13:59:27,870] {logging_mixin.py:104} INFO - [2022-02-12 13:59:27,870] {dag.py:1832} INFO - Sync 1 DAGs
[2022-02-12 13:59:27,899] {logging_mixin.py:104} INFO - [2022-02-12 13:59:27,899] {dag.py:2305} INFO - Setting next_dagrun for tutorial_taskflow_api_etl to None
[2022-02-12 13:59:27,920] {scheduler_job.py:190} INFO - Processing /home/agalli/sandbox/lib/python3.6/site-packages/airflow/example_dags/tutorial_taskflow_api_etl.py took 0.344 seconds
[2022-02-12 13:59:58,355] {scheduler_job.py:182} INFO - Started process (PID=3049) to work on /home/agalli/sandbox/lib/python3.6/site-packages/airflow/example_dags/tutorial_taskflow_api_etl.py
[2022-02-12 13:59:58,357] {scheduler_job.py:633} INFO - Processing file /home/agalli/sandbox/lib/python3.6/site-packages/airflow/example_dags/tutorial_taskflow_api_etl.py for tasks to queue
[2022-02-12 13:59:58,368] {logging_mixin.py:104} INFO - [2022-02-12 13:59:58,364] {dagbag.py:487} INFO - Filling up the DagBag from /home/agalli/sandbox/lib/python3.6/site-packages/airflow/example_dags/tutorial_taskflow_api_etl.py
[2022-02-12 13:59:58,442] {scheduler_job.py:643} INFO - DAG(s) dict_keys(['tutorial_taskflow_api_etl']) retrieved from /home/agalli/sandbox/lib/python3.6/site-packages/airflow/example_dags/tutorial_taskflow_api_etl.py
[2022-02-12 13:59:59,049] {logging_mixin.py:104} INFO - [2022-02-12 13:59:59,049] {dag.py:1832} INFO - Sync 1 DAGs
[2022-02-12 13:59:59,065] {logging_mixin.py:104} INFO - [2022-02-12 13:59:59,065] {dag.py:2305} INFO - Setting next_dagrun for tutorial_taskflow_api_etl to None
[2022-02-12 13:59:59,087] {scheduler_job.py:190} INFO - Processing /home/agalli/sandbox/lib/python3.6/site-packages/airflow/example_dags/tutorial_taskflow_api_etl.py took 0.740 seconds
[2022-02-12 14:00:29,584] {scheduler_job.py:182} INFO - Started process (PID=3401) to work on /home/agalli/sandbox/lib/python3.6/site-packages/airflow/example_dags/tutorial_taskflow_api_etl.py
[2022-02-12 14:00:29,585] {scheduler_job.py:633} INFO - Processing file /home/agalli/sandbox/lib/python3.6/site-packages/airflow/example_dags/tutorial_taskflow_api_etl.py for tasks to queue
[2022-02-12 14:00:29,587] {logging_mixin.py:104} INFO - [2022-02-12 14:00:29,586] {dagbag.py:487} INFO - Filling up the DagBag from /home/agalli/sandbox/lib/python3.6/site-packages/airflow/example_dags/tutorial_taskflow_api_etl.py
[2022-02-12 14:00:29,693] {scheduler_job.py:643} INFO - DAG(s) dict_keys(['tutorial_taskflow_api_etl']) retrieved from /home/agalli/sandbox/lib/python3.6/site-packages/airflow/example_dags/tutorial_taskflow_api_etl.py
[2022-02-12 14:00:30,619] {logging_mixin.py:104} INFO - [2022-02-12 14:00:30,619] {dag.py:1832} INFO - Sync 1 DAGs
[2022-02-12 14:00:30,717] {logging_mixin.py:104} INFO - [2022-02-12 14:00:30,717] {dag.py:2305} INFO - Setting next_dagrun for tutorial_taskflow_api_etl to None
[2022-02-12 14:00:30,759] {scheduler_job.py:190} INFO - Processing /home/agalli/sandbox/lib/python3.6/site-packages/airflow/example_dags/tutorial_taskflow_api_etl.py took 1.187 seconds
[2022-02-12 14:01:01,157] {scheduler_job.py:182} INFO - Started process (PID=3839) to work on /home/agalli/sandbox/lib/python3.6/site-packages/airflow/example_dags/tutorial_taskflow_api_etl.py
[2022-02-12 14:01:01,160] {scheduler_job.py:633} INFO - Processing file /home/agalli/sandbox/lib/python3.6/site-packages/airflow/example_dags/tutorial_taskflow_api_etl.py for tasks to queue
[2022-02-12 14:01:01,162] {logging_mixin.py:104} INFO - [2022-02-12 14:01:01,162] {dagbag.py:487} INFO - Filling up the DagBag from /home/agalli/sandbox/lib/python3.6/site-packages/airflow/example_dags/tutorial_taskflow_api_etl.py
[2022-02-12 14:01:01,219] {scheduler_job.py:643} INFO - DAG(s) dict_keys(['tutorial_taskflow_api_etl']) retrieved from /home/agalli/sandbox/lib/python3.6/site-packages/airflow/example_dags/tutorial_taskflow_api_etl.py
[2022-02-12 14:01:02,468] {logging_mixin.py:104} INFO - [2022-02-12 14:01:02,468] {dag.py:1832} INFO - Sync 1 DAGs
[2022-02-12 14:01:02,536] {logging_mixin.py:104} INFO - [2022-02-12 14:01:02,535] {dag.py:2305} INFO - Setting next_dagrun for tutorial_taskflow_api_etl to None
[2022-02-12 14:01:02,624] {scheduler_job.py:190} INFO - Processing /home/agalli/sandbox/lib/python3.6/site-packages/airflow/example_dags/tutorial_taskflow_api_etl.py took 1.482 seconds
[2022-02-12 14:01:32,907] {scheduler_job.py:182} INFO - Started process (PID=5253) to work on /home/agalli/sandbox/lib/python3.6/site-packages/airflow/example_dags/tutorial_taskflow_api_etl.py
[2022-02-12 14:01:32,910] {scheduler_job.py:633} INFO - Processing file /home/agalli/sandbox/lib/python3.6/site-packages/airflow/example_dags/tutorial_taskflow_api_etl.py for tasks to queue
[2022-02-12 14:01:32,913] {logging_mixin.py:104} INFO - [2022-02-12 14:01:32,912] {dagbag.py:487} INFO - Filling up the DagBag from /home/agalli/sandbox/lib/python3.6/site-packages/airflow/example_dags/tutorial_taskflow_api_etl.py
[2022-02-12 14:01:32,985] {scheduler_job.py:643} INFO - DAG(s) dict_keys(['tutorial_taskflow_api_etl']) retrieved from /home/agalli/sandbox/lib/python3.6/site-packages/airflow/example_dags/tutorial_taskflow_api_etl.py
[2022-02-12 14:01:33,473] {logging_mixin.py:104} INFO - [2022-02-12 14:01:33,472] {dag.py:1832} INFO - Sync 1 DAGs
[2022-02-12 14:01:33,499] {logging_mixin.py:104} INFO - [2022-02-12 14:01:33,499] {dag.py:2305} INFO - Setting next_dagrun for tutorial_taskflow_api_etl to None
[2022-02-12 14:01:33,527] {scheduler_job.py:190} INFO - Processing /home/agalli/sandbox/lib/python3.6/site-packages/airflow/example_dags/tutorial_taskflow_api_etl.py took 0.623 seconds
[2022-02-12 14:02:03,633] {scheduler_job.py:182} INFO - Started process (PID=5515) to work on /home/agalli/sandbox/lib/python3.6/site-packages/airflow/example_dags/tutorial_taskflow_api_etl.py
[2022-02-12 14:02:03,635] {scheduler_job.py:633} INFO - Processing file /home/agalli/sandbox/lib/python3.6/site-packages/airflow/example_dags/tutorial_taskflow_api_etl.py for tasks to queue
[2022-02-12 14:02:03,636] {logging_mixin.py:104} INFO - [2022-02-12 14:02:03,636] {dagbag.py:487} INFO - Filling up the DagBag from /home/agalli/sandbox/lib/python3.6/site-packages/airflow/example_dags/tutorial_taskflow_api_etl.py
[2022-02-12 14:02:03,659] {scheduler_job.py:643} INFO - DAG(s) dict_keys(['tutorial_taskflow_api_etl']) retrieved from /home/agalli/sandbox/lib/python3.6/site-packages/airflow/example_dags/tutorial_taskflow_api_etl.py
[2022-02-12 14:02:04,010] {logging_mixin.py:104} INFO - [2022-02-12 14:02:04,010] {dag.py:1832} INFO - Sync 1 DAGs
[2022-02-12 14:02:04,028] {logging_mixin.py:104} INFO - [2022-02-12 14:02:04,028] {dag.py:2305} INFO - Setting next_dagrun for tutorial_taskflow_api_etl to None
[2022-02-12 14:02:04,052] {scheduler_job.py:190} INFO - Processing /home/agalli/sandbox/lib/python3.6/site-packages/airflow/example_dags/tutorial_taskflow_api_etl.py took 0.422 seconds
[2022-02-12 14:02:34,514] {scheduler_job.py:182} INFO - Started process (PID=5837) to work on /home/agalli/sandbox/lib/python3.6/site-packages/airflow/example_dags/tutorial_taskflow_api_etl.py
[2022-02-12 14:02:34,516] {scheduler_job.py:633} INFO - Processing file /home/agalli/sandbox/lib/python3.6/site-packages/airflow/example_dags/tutorial_taskflow_api_etl.py for tasks to queue
[2022-02-12 14:02:34,517] {logging_mixin.py:104} INFO - [2022-02-12 14:02:34,517] {dagbag.py:487} INFO - Filling up the DagBag from /home/agalli/sandbox/lib/python3.6/site-packages/airflow/example_dags/tutorial_taskflow_api_etl.py
[2022-02-12 14:02:34,535] {scheduler_job.py:643} INFO - DAG(s) dict_keys(['tutorial_taskflow_api_etl']) retrieved from /home/agalli/sandbox/lib/python3.6/site-packages/airflow/example_dags/tutorial_taskflow_api_etl.py
[2022-02-12 14:02:34,835] {logging_mixin.py:104} INFO - [2022-02-12 14:02:34,834] {dag.py:1832} INFO - Sync 1 DAGs
[2022-02-12 14:02:34,853] {logging_mixin.py:104} INFO - [2022-02-12 14:02:34,853] {dag.py:2305} INFO - Setting next_dagrun for tutorial_taskflow_api_etl to None
[2022-02-12 14:02:34,869] {scheduler_job.py:190} INFO - Processing /home/agalli/sandbox/lib/python3.6/site-packages/airflow/example_dags/tutorial_taskflow_api_etl.py took 0.360 seconds
[2022-02-12 14:03:05,678] {scheduler_job.py:182} INFO - Started process (PID=6039) to work on /home/agalli/sandbox/lib/python3.6/site-packages/airflow/example_dags/tutorial_taskflow_api_etl.py
[2022-02-12 14:03:05,680] {scheduler_job.py:633} INFO - Processing file /home/agalli/sandbox/lib/python3.6/site-packages/airflow/example_dags/tutorial_taskflow_api_etl.py for tasks to queue
[2022-02-12 14:03:05,681] {logging_mixin.py:104} INFO - [2022-02-12 14:03:05,681] {dagbag.py:487} INFO - Filling up the DagBag from /home/agalli/sandbox/lib/python3.6/site-packages/airflow/example_dags/tutorial_taskflow_api_etl.py
[2022-02-12 14:03:05,711] {scheduler_job.py:643} INFO - DAG(s) dict_keys(['tutorial_taskflow_api_etl']) retrieved from /home/agalli/sandbox/lib/python3.6/site-packages/airflow/example_dags/tutorial_taskflow_api_etl.py
[2022-02-12 14:03:06,038] {logging_mixin.py:104} INFO - [2022-02-12 14:03:06,038] {dag.py:1832} INFO - Sync 1 DAGs
[2022-02-12 14:03:06,057] {logging_mixin.py:104} INFO - [2022-02-12 14:03:06,057] {dag.py:2305} INFO - Setting next_dagrun for tutorial_taskflow_api_etl to None
[2022-02-12 14:03:06,073] {scheduler_job.py:190} INFO - Processing /home/agalli/sandbox/lib/python3.6/site-packages/airflow/example_dags/tutorial_taskflow_api_etl.py took 0.400 seconds
[2022-02-12 14:20:16,866] {scheduler_job.py:182} INFO - Started process (PID=6991) to work on /home/agalli/sandbox/lib/python3.6/site-packages/airflow/example_dags/tutorial_taskflow_api_etl.py
[2022-02-12 14:20:16,873] {scheduler_job.py:633} INFO - Processing file /home/agalli/sandbox/lib/python3.6/site-packages/airflow/example_dags/tutorial_taskflow_api_etl.py for tasks to queue
[2022-02-12 14:20:16,874] {logging_mixin.py:104} INFO - [2022-02-12 14:20:16,874] {dagbag.py:487} INFO - Filling up the DagBag from /home/agalli/sandbox/lib/python3.6/site-packages/airflow/example_dags/tutorial_taskflow_api_etl.py
[2022-02-12 14:20:16,908] {scheduler_job.py:643} INFO - DAG(s) dict_keys(['tutorial_taskflow_api_etl']) retrieved from /home/agalli/sandbox/lib/python3.6/site-packages/airflow/example_dags/tutorial_taskflow_api_etl.py
[2022-02-12 14:20:17,912] {logging_mixin.py:104} INFO - [2022-02-12 14:20:17,912] {dag.py:1832} INFO - Sync 1 DAGs
[2022-02-12 14:20:17,974] {logging_mixin.py:104} INFO - [2022-02-12 14:20:17,974] {dag.py:2305} INFO - Setting next_dagrun for tutorial_taskflow_api_etl to None
[2022-02-12 14:20:18,011] {scheduler_job.py:190} INFO - Processing /home/agalli/sandbox/lib/python3.6/site-packages/airflow/example_dags/tutorial_taskflow_api_etl.py took 1.158 seconds
[2022-02-12 14:20:48,098] {scheduler_job.py:182} INFO - Started process (PID=7226) to work on /home/agalli/sandbox/lib/python3.6/site-packages/airflow/example_dags/tutorial_taskflow_api_etl.py
[2022-02-12 14:20:48,099] {scheduler_job.py:633} INFO - Processing file /home/agalli/sandbox/lib/python3.6/site-packages/airflow/example_dags/tutorial_taskflow_api_etl.py for tasks to queue
[2022-02-12 14:20:48,100] {logging_mixin.py:104} INFO - [2022-02-12 14:20:48,100] {dagbag.py:487} INFO - Filling up the DagBag from /home/agalli/sandbox/lib/python3.6/site-packages/airflow/example_dags/tutorial_taskflow_api_etl.py
[2022-02-12 14:20:48,124] {scheduler_job.py:643} INFO - DAG(s) dict_keys(['tutorial_taskflow_api_etl']) retrieved from /home/agalli/sandbox/lib/python3.6/site-packages/airflow/example_dags/tutorial_taskflow_api_etl.py
[2022-02-12 14:20:48,413] {logging_mixin.py:104} INFO - [2022-02-12 14:20:48,413] {dag.py:1832} INFO - Sync 1 DAGs
[2022-02-12 14:20:48,429] {logging_mixin.py:104} INFO - [2022-02-12 14:20:48,429] {dag.py:2305} INFO - Setting next_dagrun for tutorial_taskflow_api_etl to None
[2022-02-12 14:20:48,447] {scheduler_job.py:190} INFO - Processing /home/agalli/sandbox/lib/python3.6/site-packages/airflow/example_dags/tutorial_taskflow_api_etl.py took 0.353 seconds
[2022-02-12 14:21:18,749] {scheduler_job.py:182} INFO - Started process (PID=7409) to work on /home/agalli/sandbox/lib/python3.6/site-packages/airflow/example_dags/tutorial_taskflow_api_etl.py
[2022-02-12 14:21:18,752] {scheduler_job.py:633} INFO - Processing file /home/agalli/sandbox/lib/python3.6/site-packages/airflow/example_dags/tutorial_taskflow_api_etl.py for tasks to queue
[2022-02-12 14:21:18,754] {logging_mixin.py:104} INFO - [2022-02-12 14:21:18,753] {dagbag.py:487} INFO - Filling up the DagBag from /home/agalli/sandbox/lib/python3.6/site-packages/airflow/example_dags/tutorial_taskflow_api_etl.py
[2022-02-12 14:21:18,793] {scheduler_job.py:643} INFO - DAG(s) dict_keys(['tutorial_taskflow_api_etl']) retrieved from /home/agalli/sandbox/lib/python3.6/site-packages/airflow/example_dags/tutorial_taskflow_api_etl.py
[2022-02-12 14:21:19,356] {logging_mixin.py:104} INFO - [2022-02-12 14:21:19,356] {dag.py:1832} INFO - Sync 1 DAGs
[2022-02-12 14:21:19,374] {logging_mixin.py:104} INFO - [2022-02-12 14:21:19,373] {dag.py:2305} INFO - Setting next_dagrun for tutorial_taskflow_api_etl to None
[2022-02-12 14:21:19,399] {scheduler_job.py:190} INFO - Processing /home/agalli/sandbox/lib/python3.6/site-packages/airflow/example_dags/tutorial_taskflow_api_etl.py took 0.656 seconds
[2022-02-12 14:21:50,017] {scheduler_job.py:182} INFO - Started process (PID=7611) to work on /home/agalli/sandbox/lib/python3.6/site-packages/airflow/example_dags/tutorial_taskflow_api_etl.py
[2022-02-12 14:21:50,018] {scheduler_job.py:633} INFO - Processing file /home/agalli/sandbox/lib/python3.6/site-packages/airflow/example_dags/tutorial_taskflow_api_etl.py for tasks to queue
[2022-02-12 14:21:50,018] {logging_mixin.py:104} INFO - [2022-02-12 14:21:50,018] {dagbag.py:487} INFO - Filling up the DagBag from /home/agalli/sandbox/lib/python3.6/site-packages/airflow/example_dags/tutorial_taskflow_api_etl.py
[2022-02-12 14:21:50,046] {scheduler_job.py:643} INFO - DAG(s) dict_keys(['tutorial_taskflow_api_etl']) retrieved from /home/agalli/sandbox/lib/python3.6/site-packages/airflow/example_dags/tutorial_taskflow_api_etl.py
[2022-02-12 14:21:50,373] {logging_mixin.py:104} INFO - [2022-02-12 14:21:50,372] {dag.py:1832} INFO - Sync 1 DAGs
[2022-02-12 14:21:50,388] {logging_mixin.py:104} INFO - [2022-02-12 14:21:50,387] {dag.py:2305} INFO - Setting next_dagrun for tutorial_taskflow_api_etl to None
[2022-02-12 14:21:50,422] {scheduler_job.py:190} INFO - Processing /home/agalli/sandbox/lib/python3.6/site-packages/airflow/example_dags/tutorial_taskflow_api_etl.py took 0.409 seconds
[2022-02-12 14:22:20,699] {scheduler_job.py:182} INFO - Started process (PID=7811) to work on /home/agalli/sandbox/lib/python3.6/site-packages/airflow/example_dags/tutorial_taskflow_api_etl.py
[2022-02-12 14:22:20,702] {scheduler_job.py:633} INFO - Processing file /home/agalli/sandbox/lib/python3.6/site-packages/airflow/example_dags/tutorial_taskflow_api_etl.py for tasks to queue
[2022-02-12 14:22:20,714] {logging_mixin.py:104} INFO - [2022-02-12 14:22:20,703] {dagbag.py:487} INFO - Filling up the DagBag from /home/agalli/sandbox/lib/python3.6/site-packages/airflow/example_dags/tutorial_taskflow_api_etl.py
[2022-02-12 14:22:20,773] {scheduler_job.py:643} INFO - DAG(s) dict_keys(['tutorial_taskflow_api_etl']) retrieved from /home/agalli/sandbox/lib/python3.6/site-packages/airflow/example_dags/tutorial_taskflow_api_etl.py
[2022-02-12 14:22:21,252] {logging_mixin.py:104} INFO - [2022-02-12 14:22:21,252] {dag.py:1832} INFO - Sync 1 DAGs
[2022-02-12 14:22:21,270] {logging_mixin.py:104} INFO - [2022-02-12 14:22:21,270] {dag.py:2305} INFO - Setting next_dagrun for tutorial_taskflow_api_etl to None
[2022-02-12 14:22:21,287] {scheduler_job.py:190} INFO - Processing /home/agalli/sandbox/lib/python3.6/site-packages/airflow/example_dags/tutorial_taskflow_api_etl.py took 0.602 seconds
[2022-02-12 14:22:52,172] {scheduler_job.py:182} INFO - Started process (PID=8021) to work on /home/agalli/sandbox/lib/python3.6/site-packages/airflow/example_dags/tutorial_taskflow_api_etl.py
[2022-02-12 14:22:52,173] {scheduler_job.py:633} INFO - Processing file /home/agalli/sandbox/lib/python3.6/site-packages/airflow/example_dags/tutorial_taskflow_api_etl.py for tasks to queue
[2022-02-12 14:22:52,174] {logging_mixin.py:104} INFO - [2022-02-12 14:22:52,174] {dagbag.py:487} INFO - Filling up the DagBag from /home/agalli/sandbox/lib/python3.6/site-packages/airflow/example_dags/tutorial_taskflow_api_etl.py
[2022-02-12 14:22:52,199] {scheduler_job.py:643} INFO - DAG(s) dict_keys(['tutorial_taskflow_api_etl']) retrieved from /home/agalli/sandbox/lib/python3.6/site-packages/airflow/example_dags/tutorial_taskflow_api_etl.py
[2022-02-12 14:22:52,556] {logging_mixin.py:104} INFO - [2022-02-12 14:22:52,556] {dag.py:1832} INFO - Sync 1 DAGs
[2022-02-12 14:22:52,571] {logging_mixin.py:104} INFO - [2022-02-12 14:22:52,571] {dag.py:2305} INFO - Setting next_dagrun for tutorial_taskflow_api_etl to None
[2022-02-12 14:22:52,588] {scheduler_job.py:190} INFO - Processing /home/agalli/sandbox/lib/python3.6/site-packages/airflow/example_dags/tutorial_taskflow_api_etl.py took 0.420 seconds
[2022-02-12 14:23:22,742] {scheduler_job.py:182} INFO - Started process (PID=8221) to work on /home/agalli/sandbox/lib/python3.6/site-packages/airflow/example_dags/tutorial_taskflow_api_etl.py
[2022-02-12 14:23:22,744] {scheduler_job.py:633} INFO - Processing file /home/agalli/sandbox/lib/python3.6/site-packages/airflow/example_dags/tutorial_taskflow_api_etl.py for tasks to queue
[2022-02-12 14:23:22,744] {logging_mixin.py:104} INFO - [2022-02-12 14:23:22,744] {dagbag.py:487} INFO - Filling up the DagBag from /home/agalli/sandbox/lib/python3.6/site-packages/airflow/example_dags/tutorial_taskflow_api_etl.py
[2022-02-12 14:23:22,769] {scheduler_job.py:643} INFO - DAG(s) dict_keys(['tutorial_taskflow_api_etl']) retrieved from /home/agalli/sandbox/lib/python3.6/site-packages/airflow/example_dags/tutorial_taskflow_api_etl.py
[2022-02-12 14:23:23,023] {logging_mixin.py:104} INFO - [2022-02-12 14:23:23,023] {dag.py:1832} INFO - Sync 1 DAGs
[2022-02-12 14:23:23,041] {logging_mixin.py:104} INFO - [2022-02-12 14:23:23,040] {dag.py:2305} INFO - Setting next_dagrun for tutorial_taskflow_api_etl to None
[2022-02-12 14:23:23,058] {scheduler_job.py:190} INFO - Processing /home/agalli/sandbox/lib/python3.6/site-packages/airflow/example_dags/tutorial_taskflow_api_etl.py took 0.321 seconds
[2022-02-12 14:23:53,152] {scheduler_job.py:182} INFO - Started process (PID=8429) to work on /home/agalli/sandbox/lib/python3.6/site-packages/airflow/example_dags/tutorial_taskflow_api_etl.py
[2022-02-12 14:23:53,153] {scheduler_job.py:633} INFO - Processing file /home/agalli/sandbox/lib/python3.6/site-packages/airflow/example_dags/tutorial_taskflow_api_etl.py for tasks to queue
[2022-02-12 14:23:53,154] {logging_mixin.py:104} INFO - [2022-02-12 14:23:53,154] {dagbag.py:487} INFO - Filling up the DagBag from /home/agalli/sandbox/lib/python3.6/site-packages/airflow/example_dags/tutorial_taskflow_api_etl.py
[2022-02-12 14:23:53,175] {scheduler_job.py:643} INFO - DAG(s) dict_keys(['tutorial_taskflow_api_etl']) retrieved from /home/agalli/sandbox/lib/python3.6/site-packages/airflow/example_dags/tutorial_taskflow_api_etl.py
[2022-02-12 14:23:53,449] {logging_mixin.py:104} INFO - [2022-02-12 14:23:53,449] {dag.py:1832} INFO - Sync 1 DAGs
[2022-02-12 14:23:53,467] {logging_mixin.py:104} INFO - [2022-02-12 14:23:53,467] {dag.py:2305} INFO - Setting next_dagrun for tutorial_taskflow_api_etl to None
[2022-02-12 14:23:53,487] {scheduler_job.py:190} INFO - Processing /home/agalli/sandbox/lib/python3.6/site-packages/airflow/example_dags/tutorial_taskflow_api_etl.py took 0.338 seconds
[2022-02-12 14:24:24,386] {scheduler_job.py:182} INFO - Started process (PID=8631) to work on /home/agalli/sandbox/lib/python3.6/site-packages/airflow/example_dags/tutorial_taskflow_api_etl.py
[2022-02-12 14:24:24,391] {scheduler_job.py:633} INFO - Processing file /home/agalli/sandbox/lib/python3.6/site-packages/airflow/example_dags/tutorial_taskflow_api_etl.py for tasks to queue
[2022-02-12 14:24:24,391] {logging_mixin.py:104} INFO - [2022-02-12 14:24:24,391] {dagbag.py:487} INFO - Filling up the DagBag from /home/agalli/sandbox/lib/python3.6/site-packages/airflow/example_dags/tutorial_taskflow_api_etl.py
[2022-02-12 14:24:24,420] {scheduler_job.py:643} INFO - DAG(s) dict_keys(['tutorial_taskflow_api_etl']) retrieved from /home/agalli/sandbox/lib/python3.6/site-packages/airflow/example_dags/tutorial_taskflow_api_etl.py
[2022-02-12 14:24:24,792] {logging_mixin.py:104} INFO - [2022-02-12 14:24:24,792] {dag.py:1832} INFO - Sync 1 DAGs
[2022-02-12 14:24:24,820] {logging_mixin.py:104} INFO - [2022-02-12 14:24:24,819] {dag.py:2305} INFO - Setting next_dagrun for tutorial_taskflow_api_etl to None
[2022-02-12 14:24:24,841] {scheduler_job.py:190} INFO - Processing /home/agalli/sandbox/lib/python3.6/site-packages/airflow/example_dags/tutorial_taskflow_api_etl.py took 0.460 seconds
[2022-02-12 14:24:55,804] {scheduler_job.py:182} INFO - Started process (PID=8834) to work on /home/agalli/sandbox/lib/python3.6/site-packages/airflow/example_dags/tutorial_taskflow_api_etl.py
[2022-02-12 14:24:55,805] {scheduler_job.py:633} INFO - Processing file /home/agalli/sandbox/lib/python3.6/site-packages/airflow/example_dags/tutorial_taskflow_api_etl.py for tasks to queue
[2022-02-12 14:24:55,807] {logging_mixin.py:104} INFO - [2022-02-12 14:24:55,806] {dagbag.py:487} INFO - Filling up the DagBag from /home/agalli/sandbox/lib/python3.6/site-packages/airflow/example_dags/tutorial_taskflow_api_etl.py
[2022-02-12 14:24:55,827] {scheduler_job.py:643} INFO - DAG(s) dict_keys(['tutorial_taskflow_api_etl']) retrieved from /home/agalli/sandbox/lib/python3.6/site-packages/airflow/example_dags/tutorial_taskflow_api_etl.py
[2022-02-12 14:24:56,194] {logging_mixin.py:104} INFO - [2022-02-12 14:24:56,194] {dag.py:1832} INFO - Sync 1 DAGs
[2022-02-12 14:24:56,215] {logging_mixin.py:104} INFO - [2022-02-12 14:24:56,215] {dag.py:2305} INFO - Setting next_dagrun for tutorial_taskflow_api_etl to None
[2022-02-12 14:24:56,288] {scheduler_job.py:190} INFO - Processing /home/agalli/sandbox/lib/python3.6/site-packages/airflow/example_dags/tutorial_taskflow_api_etl.py took 0.488 seconds
[2022-02-12 14:25:26,445] {scheduler_job.py:182} INFO - Started process (PID=9156) to work on /home/agalli/sandbox/lib/python3.6/site-packages/airflow/example_dags/tutorial_taskflow_api_etl.py
[2022-02-12 14:25:26,446] {scheduler_job.py:633} INFO - Processing file /home/agalli/sandbox/lib/python3.6/site-packages/airflow/example_dags/tutorial_taskflow_api_etl.py for tasks to queue
[2022-02-12 14:25:26,446] {logging_mixin.py:104} INFO - [2022-02-12 14:25:26,446] {dagbag.py:487} INFO - Filling up the DagBag from /home/agalli/sandbox/lib/python3.6/site-packages/airflow/example_dags/tutorial_taskflow_api_etl.py
[2022-02-12 14:25:26,464] {scheduler_job.py:643} INFO - DAG(s) dict_keys(['tutorial_taskflow_api_etl']) retrieved from /home/agalli/sandbox/lib/python3.6/site-packages/airflow/example_dags/tutorial_taskflow_api_etl.py
[2022-02-12 14:25:26,746] {logging_mixin.py:104} INFO - [2022-02-12 14:25:26,746] {dag.py:1832} INFO - Sync 1 DAGs
[2022-02-12 14:25:26,763] {logging_mixin.py:104} INFO - [2022-02-12 14:25:26,763] {dag.py:2305} INFO - Setting next_dagrun for tutorial_taskflow_api_etl to None
[2022-02-12 14:25:26,783] {scheduler_job.py:190} INFO - Processing /home/agalli/sandbox/lib/python3.6/site-packages/airflow/example_dags/tutorial_taskflow_api_etl.py took 0.342 seconds
[2022-02-12 14:25:57,263] {scheduler_job.py:182} INFO - Started process (PID=9358) to work on /home/agalli/sandbox/lib/python3.6/site-packages/airflow/example_dags/tutorial_taskflow_api_etl.py
[2022-02-12 14:25:57,264] {scheduler_job.py:633} INFO - Processing file /home/agalli/sandbox/lib/python3.6/site-packages/airflow/example_dags/tutorial_taskflow_api_etl.py for tasks to queue
[2022-02-12 14:25:57,265] {logging_mixin.py:104} INFO - [2022-02-12 14:25:57,265] {dagbag.py:487} INFO - Filling up the DagBag from /home/agalli/sandbox/lib/python3.6/site-packages/airflow/example_dags/tutorial_taskflow_api_etl.py
[2022-02-12 14:25:57,285] {scheduler_job.py:643} INFO - DAG(s) dict_keys(['tutorial_taskflow_api_etl']) retrieved from /home/agalli/sandbox/lib/python3.6/site-packages/airflow/example_dags/tutorial_taskflow_api_etl.py
[2022-02-12 14:25:57,545] {logging_mixin.py:104} INFO - [2022-02-12 14:25:57,544] {dag.py:1832} INFO - Sync 1 DAGs
[2022-02-12 14:25:57,561] {logging_mixin.py:104} INFO - [2022-02-12 14:25:57,561] {dag.py:2305} INFO - Setting next_dagrun for tutorial_taskflow_api_etl to None
[2022-02-12 14:25:57,578] {scheduler_job.py:190} INFO - Processing /home/agalli/sandbox/lib/python3.6/site-packages/airflow/example_dags/tutorial_taskflow_api_etl.py took 0.319 seconds
[2022-02-12 14:26:28,163] {scheduler_job.py:182} INFO - Started process (PID=9560) to work on /home/agalli/sandbox/lib/python3.6/site-packages/airflow/example_dags/tutorial_taskflow_api_etl.py
[2022-02-12 14:26:28,166] {scheduler_job.py:633} INFO - Processing file /home/agalli/sandbox/lib/python3.6/site-packages/airflow/example_dags/tutorial_taskflow_api_etl.py for tasks to queue
[2022-02-12 14:26:28,167] {logging_mixin.py:104} INFO - [2022-02-12 14:26:28,167] {dagbag.py:487} INFO - Filling up the DagBag from /home/agalli/sandbox/lib/python3.6/site-packages/airflow/example_dags/tutorial_taskflow_api_etl.py
[2022-02-12 14:26:28,182] {scheduler_job.py:643} INFO - DAG(s) dict_keys(['tutorial_taskflow_api_etl']) retrieved from /home/agalli/sandbox/lib/python3.6/site-packages/airflow/example_dags/tutorial_taskflow_api_etl.py
[2022-02-12 14:26:28,406] {logging_mixin.py:104} INFO - [2022-02-12 14:26:28,406] {dag.py:1832} INFO - Sync 1 DAGs
[2022-02-12 14:26:28,422] {logging_mixin.py:104} INFO - [2022-02-12 14:26:28,421] {dag.py:2305} INFO - Setting next_dagrun for tutorial_taskflow_api_etl to None
[2022-02-12 14:26:28,438] {scheduler_job.py:190} INFO - Processing /home/agalli/sandbox/lib/python3.6/site-packages/airflow/example_dags/tutorial_taskflow_api_etl.py took 0.279 seconds
[2022-02-12 14:26:58,462] {scheduler_job.py:182} INFO - Started process (PID=9762) to work on /home/agalli/sandbox/lib/python3.6/site-packages/airflow/example_dags/tutorial_taskflow_api_etl.py
[2022-02-12 14:26:58,463] {scheduler_job.py:633} INFO - Processing file /home/agalli/sandbox/lib/python3.6/site-packages/airflow/example_dags/tutorial_taskflow_api_etl.py for tasks to queue
[2022-02-12 14:26:58,463] {logging_mixin.py:104} INFO - [2022-02-12 14:26:58,463] {dagbag.py:487} INFO - Filling up the DagBag from /home/agalli/sandbox/lib/python3.6/site-packages/airflow/example_dags/tutorial_taskflow_api_etl.py
[2022-02-12 14:26:58,478] {scheduler_job.py:643} INFO - DAG(s) dict_keys(['tutorial_taskflow_api_etl']) retrieved from /home/agalli/sandbox/lib/python3.6/site-packages/airflow/example_dags/tutorial_taskflow_api_etl.py
[2022-02-12 14:26:58,700] {logging_mixin.py:104} INFO - [2022-02-12 14:26:58,700] {dag.py:1832} INFO - Sync 1 DAGs
[2022-02-12 14:26:58,715] {logging_mixin.py:104} INFO - [2022-02-12 14:26:58,715] {dag.py:2305} INFO - Setting next_dagrun for tutorial_taskflow_api_etl to None
[2022-02-12 14:26:58,731] {scheduler_job.py:190} INFO - Processing /home/agalli/sandbox/lib/python3.6/site-packages/airflow/example_dags/tutorial_taskflow_api_etl.py took 0.272 seconds
[2022-02-12 14:27:29,130] {scheduler_job.py:182} INFO - Started process (PID=9964) to work on /home/agalli/sandbox/lib/python3.6/site-packages/airflow/example_dags/tutorial_taskflow_api_etl.py
[2022-02-12 14:27:29,131] {scheduler_job.py:633} INFO - Processing file /home/agalli/sandbox/lib/python3.6/site-packages/airflow/example_dags/tutorial_taskflow_api_etl.py for tasks to queue
[2022-02-12 14:27:29,132] {logging_mixin.py:104} INFO - [2022-02-12 14:27:29,132] {dagbag.py:487} INFO - Filling up the DagBag from /home/agalli/sandbox/lib/python3.6/site-packages/airflow/example_dags/tutorial_taskflow_api_etl.py
[2022-02-12 14:27:29,146] {scheduler_job.py:643} INFO - DAG(s) dict_keys(['tutorial_taskflow_api_etl']) retrieved from /home/agalli/sandbox/lib/python3.6/site-packages/airflow/example_dags/tutorial_taskflow_api_etl.py
[2022-02-12 14:27:29,363] {logging_mixin.py:104} INFO - [2022-02-12 14:27:29,363] {dag.py:1832} INFO - Sync 1 DAGs
[2022-02-12 14:27:29,376] {logging_mixin.py:104} INFO - [2022-02-12 14:27:29,376] {dag.py:2305} INFO - Setting next_dagrun for tutorial_taskflow_api_etl to None
[2022-02-12 14:27:29,392] {scheduler_job.py:190} INFO - Processing /home/agalli/sandbox/lib/python3.6/site-packages/airflow/example_dags/tutorial_taskflow_api_etl.py took 0.265 seconds
[2022-02-12 14:27:59,591] {scheduler_job.py:182} INFO - Started process (PID=10167) to work on /home/agalli/sandbox/lib/python3.6/site-packages/airflow/example_dags/tutorial_taskflow_api_etl.py
[2022-02-12 14:27:59,592] {scheduler_job.py:633} INFO - Processing file /home/agalli/sandbox/lib/python3.6/site-packages/airflow/example_dags/tutorial_taskflow_api_etl.py for tasks to queue
[2022-02-12 14:27:59,592] {logging_mixin.py:104} INFO - [2022-02-12 14:27:59,592] {dagbag.py:487} INFO - Filling up the DagBag from /home/agalli/sandbox/lib/python3.6/site-packages/airflow/example_dags/tutorial_taskflow_api_etl.py
[2022-02-12 14:27:59,609] {scheduler_job.py:643} INFO - DAG(s) dict_keys(['tutorial_taskflow_api_etl']) retrieved from /home/agalli/sandbox/lib/python3.6/site-packages/airflow/example_dags/tutorial_taskflow_api_etl.py
[2022-02-12 14:27:59,842] {logging_mixin.py:104} INFO - [2022-02-12 14:27:59,842] {dag.py:1832} INFO - Sync 1 DAGs
[2022-02-12 14:27:59,862] {logging_mixin.py:104} INFO - [2022-02-12 14:27:59,861] {dag.py:2305} INFO - Setting next_dagrun for tutorial_taskflow_api_etl to None
[2022-02-12 14:27:59,886] {scheduler_job.py:190} INFO - Processing /home/agalli/sandbox/lib/python3.6/site-packages/airflow/example_dags/tutorial_taskflow_api_etl.py took 0.299 seconds
[2022-02-12 14:28:29,950] {scheduler_job.py:182} INFO - Started process (PID=10369) to work on /home/agalli/sandbox/lib/python3.6/site-packages/airflow/example_dags/tutorial_taskflow_api_etl.py
[2022-02-12 14:28:29,952] {scheduler_job.py:633} INFO - Processing file /home/agalli/sandbox/lib/python3.6/site-packages/airflow/example_dags/tutorial_taskflow_api_etl.py for tasks to queue
[2022-02-12 14:28:29,953] {logging_mixin.py:104} INFO - [2022-02-12 14:28:29,953] {dagbag.py:487} INFO - Filling up the DagBag from /home/agalli/sandbox/lib/python3.6/site-packages/airflow/example_dags/tutorial_taskflow_api_etl.py
[2022-02-12 14:28:29,974] {scheduler_job.py:643} INFO - DAG(s) dict_keys(['tutorial_taskflow_api_etl']) retrieved from /home/agalli/sandbox/lib/python3.6/site-packages/airflow/example_dags/tutorial_taskflow_api_etl.py
[2022-02-12 14:28:30,216] {logging_mixin.py:104} INFO - [2022-02-12 14:28:30,216] {dag.py:1832} INFO - Sync 1 DAGs
[2022-02-12 14:28:30,237] {logging_mixin.py:104} INFO - [2022-02-12 14:28:30,237] {dag.py:2305} INFO - Setting next_dagrun for tutorial_taskflow_api_etl to None
[2022-02-12 14:28:30,257] {scheduler_job.py:190} INFO - Processing /home/agalli/sandbox/lib/python3.6/site-packages/airflow/example_dags/tutorial_taskflow_api_etl.py took 0.313 seconds
[2022-02-12 14:29:00,479] {scheduler_job.py:182} INFO - Started process (PID=10571) to work on /home/agalli/sandbox/lib/python3.6/site-packages/airflow/example_dags/tutorial_taskflow_api_etl.py
[2022-02-12 14:29:00,480] {scheduler_job.py:633} INFO - Processing file /home/agalli/sandbox/lib/python3.6/site-packages/airflow/example_dags/tutorial_taskflow_api_etl.py for tasks to queue
[2022-02-12 14:29:00,481] {logging_mixin.py:104} INFO - [2022-02-12 14:29:00,480] {dagbag.py:487} INFO - Filling up the DagBag from /home/agalli/sandbox/lib/python3.6/site-packages/airflow/example_dags/tutorial_taskflow_api_etl.py
[2022-02-12 14:29:00,501] {scheduler_job.py:643} INFO - DAG(s) dict_keys(['tutorial_taskflow_api_etl']) retrieved from /home/agalli/sandbox/lib/python3.6/site-packages/airflow/example_dags/tutorial_taskflow_api_etl.py
[2022-02-12 14:29:00,554] {logging_mixin.py:104} INFO - [2022-02-12 14:29:00,554] {dag.py:1832} INFO - Sync 1 DAGs
[2022-02-12 14:29:00,610] {logging_mixin.py:104} INFO - [2022-02-12 14:29:00,610] {dag.py:2305} INFO - Setting next_dagrun for tutorial_taskflow_api_etl to None
[2022-02-12 14:29:00,658] {scheduler_job.py:190} INFO - Processing /home/agalli/sandbox/lib/python3.6/site-packages/airflow/example_dags/tutorial_taskflow_api_etl.py took 0.182 seconds
[2022-02-12 14:29:31,153] {scheduler_job.py:182} INFO - Started process (PID=10773) to work on /home/agalli/sandbox/lib/python3.6/site-packages/airflow/example_dags/tutorial_taskflow_api_etl.py
[2022-02-12 14:29:31,155] {scheduler_job.py:633} INFO - Processing file /home/agalli/sandbox/lib/python3.6/site-packages/airflow/example_dags/tutorial_taskflow_api_etl.py for tasks to queue
[2022-02-12 14:29:31,158] {logging_mixin.py:104} INFO - [2022-02-12 14:29:31,157] {dagbag.py:487} INFO - Filling up the DagBag from /home/agalli/sandbox/lib/python3.6/site-packages/airflow/example_dags/tutorial_taskflow_api_etl.py
[2022-02-12 14:29:31,184] {scheduler_job.py:643} INFO - DAG(s) dict_keys(['tutorial_taskflow_api_etl']) retrieved from /home/agalli/sandbox/lib/python3.6/site-packages/airflow/example_dags/tutorial_taskflow_api_etl.py
[2022-02-12 14:29:31,506] {logging_mixin.py:104} INFO - [2022-02-12 14:29:31,506] {dag.py:1832} INFO - Sync 1 DAGs
[2022-02-12 14:29:31,523] {logging_mixin.py:104} INFO - [2022-02-12 14:29:31,523] {dag.py:2305} INFO - Setting next_dagrun for tutorial_taskflow_api_etl to None
[2022-02-12 14:29:31,541] {scheduler_job.py:190} INFO - Processing /home/agalli/sandbox/lib/python3.6/site-packages/airflow/example_dags/tutorial_taskflow_api_etl.py took 0.392 seconds
[2022-02-12 14:30:01,927] {scheduler_job.py:182} INFO - Started process (PID=10975) to work on /home/agalli/sandbox/lib/python3.6/site-packages/airflow/example_dags/tutorial_taskflow_api_etl.py
[2022-02-12 14:30:01,929] {scheduler_job.py:633} INFO - Processing file /home/agalli/sandbox/lib/python3.6/site-packages/airflow/example_dags/tutorial_taskflow_api_etl.py for tasks to queue
[2022-02-12 14:30:01,930] {logging_mixin.py:104} INFO - [2022-02-12 14:30:01,930] {dagbag.py:487} INFO - Filling up the DagBag from /home/agalli/sandbox/lib/python3.6/site-packages/airflow/example_dags/tutorial_taskflow_api_etl.py
[2022-02-12 14:30:01,958] {scheduler_job.py:643} INFO - DAG(s) dict_keys(['tutorial_taskflow_api_etl']) retrieved from /home/agalli/sandbox/lib/python3.6/site-packages/airflow/example_dags/tutorial_taskflow_api_etl.py
[2022-02-12 14:30:02,513] {logging_mixin.py:104} INFO - [2022-02-12 14:30:02,513] {dag.py:1832} INFO - Sync 1 DAGs
[2022-02-12 14:30:02,542] {logging_mixin.py:104} INFO - [2022-02-12 14:30:02,541] {dag.py:2305} INFO - Setting next_dagrun for tutorial_taskflow_api_etl to None
[2022-02-12 14:30:02,565] {scheduler_job.py:190} INFO - Processing /home/agalli/sandbox/lib/python3.6/site-packages/airflow/example_dags/tutorial_taskflow_api_etl.py took 0.643 seconds
[2022-02-12 14:52:03,265] {scheduler_job.py:182} INFO - Started process (PID=14433) to work on /home/agalli/sandbox/lib/python3.6/site-packages/airflow/example_dags/tutorial_taskflow_api_etl.py
[2022-02-12 14:52:03,286] {scheduler_job.py:633} INFO - Processing file /home/agalli/sandbox/lib/python3.6/site-packages/airflow/example_dags/tutorial_taskflow_api_etl.py for tasks to queue
[2022-02-12 14:52:03,289] {logging_mixin.py:104} INFO - [2022-02-12 14:52:03,289] {dagbag.py:487} INFO - Filling up the DagBag from /home/agalli/sandbox/lib/python3.6/site-packages/airflow/example_dags/tutorial_taskflow_api_etl.py
[2022-02-12 14:52:03,550] {scheduler_job.py:643} INFO - DAG(s) dict_keys(['tutorial_taskflow_api_etl']) retrieved from /home/agalli/sandbox/lib/python3.6/site-packages/airflow/example_dags/tutorial_taskflow_api_etl.py
[2022-02-12 14:52:07,174] {logging_mixin.py:104} INFO - [2022-02-12 14:52:07,173] {dag.py:1832} INFO - Sync 1 DAGs
[2022-02-12 14:52:07,311] {logging_mixin.py:104} INFO - [2022-02-12 14:52:07,310] {dag.py:2305} INFO - Setting next_dagrun for tutorial_taskflow_api_etl to None
[2022-02-12 14:52:07,544] {scheduler_job.py:190} INFO - Processing /home/agalli/sandbox/lib/python3.6/site-packages/airflow/example_dags/tutorial_taskflow_api_etl.py took 4.315 seconds
[2022-02-12 14:52:38,012] {scheduler_job.py:182} INFO - Started process (PID=14573) to work on /home/agalli/sandbox/lib/python3.6/site-packages/airflow/example_dags/tutorial_taskflow_api_etl.py
[2022-02-12 14:52:38,018] {scheduler_job.py:633} INFO - Processing file /home/agalli/sandbox/lib/python3.6/site-packages/airflow/example_dags/tutorial_taskflow_api_etl.py for tasks to queue
[2022-02-12 14:52:38,022] {logging_mixin.py:104} INFO - [2022-02-12 14:52:38,021] {dagbag.py:487} INFO - Filling up the DagBag from /home/agalli/sandbox/lib/python3.6/site-packages/airflow/example_dags/tutorial_taskflow_api_etl.py
[2022-02-12 14:52:38,080] {scheduler_job.py:643} INFO - DAG(s) dict_keys(['tutorial_taskflow_api_etl']) retrieved from /home/agalli/sandbox/lib/python3.6/site-packages/airflow/example_dags/tutorial_taskflow_api_etl.py
[2022-02-12 14:52:39,175] {logging_mixin.py:104} INFO - [2022-02-12 14:52:39,175] {dag.py:1832} INFO - Sync 1 DAGs
[2022-02-12 14:52:39,214] {logging_mixin.py:104} INFO - [2022-02-12 14:52:39,213] {dag.py:2305} INFO - Setting next_dagrun for tutorial_taskflow_api_etl to None
[2022-02-12 14:52:39,253] {scheduler_job.py:190} INFO - Processing /home/agalli/sandbox/lib/python3.6/site-packages/airflow/example_dags/tutorial_taskflow_api_etl.py took 1.249 seconds
[2022-02-12 14:53:09,387] {scheduler_job.py:182} INFO - Started process (PID=14793) to work on /home/agalli/sandbox/lib/python3.6/site-packages/airflow/example_dags/tutorial_taskflow_api_etl.py
[2022-02-12 14:53:09,389] {scheduler_job.py:633} INFO - Processing file /home/agalli/sandbox/lib/python3.6/site-packages/airflow/example_dags/tutorial_taskflow_api_etl.py for tasks to queue
[2022-02-12 14:53:09,391] {logging_mixin.py:104} INFO - [2022-02-12 14:53:09,390] {dagbag.py:487} INFO - Filling up the DagBag from /home/agalli/sandbox/lib/python3.6/site-packages/airflow/example_dags/tutorial_taskflow_api_etl.py
[2022-02-12 14:53:09,424] {scheduler_job.py:643} INFO - DAG(s) dict_keys(['tutorial_taskflow_api_etl']) retrieved from /home/agalli/sandbox/lib/python3.6/site-packages/airflow/example_dags/tutorial_taskflow_api_etl.py
[2022-02-12 14:53:10,680] {logging_mixin.py:104} INFO - [2022-02-12 14:53:10,679] {dag.py:1832} INFO - Sync 1 DAGs
[2022-02-12 14:53:10,747] {logging_mixin.py:104} INFO - [2022-02-12 14:53:10,746] {dag.py:2305} INFO - Setting next_dagrun for tutorial_taskflow_api_etl to None
[2022-02-12 14:53:10,790] {scheduler_job.py:190} INFO - Processing /home/agalli/sandbox/lib/python3.6/site-packages/airflow/example_dags/tutorial_taskflow_api_etl.py took 1.408 seconds
[2022-02-12 14:53:41,072] {scheduler_job.py:182} INFO - Started process (PID=15533) to work on /home/agalli/sandbox/lib/python3.6/site-packages/airflow/example_dags/tutorial_taskflow_api_etl.py
[2022-02-12 14:53:41,073] {scheduler_job.py:633} INFO - Processing file /home/agalli/sandbox/lib/python3.6/site-packages/airflow/example_dags/tutorial_taskflow_api_etl.py for tasks to queue
[2022-02-12 14:53:41,077] {logging_mixin.py:104} INFO - [2022-02-12 14:53:41,077] {dagbag.py:487} INFO - Filling up the DagBag from /home/agalli/sandbox/lib/python3.6/site-packages/airflow/example_dags/tutorial_taskflow_api_etl.py
[2022-02-12 14:53:41,162] {scheduler_job.py:643} INFO - DAG(s) dict_keys(['tutorial_taskflow_api_etl']) retrieved from /home/agalli/sandbox/lib/python3.6/site-packages/airflow/example_dags/tutorial_taskflow_api_etl.py
[2022-02-12 14:53:41,995] {logging_mixin.py:104} INFO - [2022-02-12 14:53:41,995] {dag.py:1832} INFO - Sync 1 DAGs
[2022-02-12 14:53:42,043] {logging_mixin.py:104} INFO - [2022-02-12 14:53:42,040] {dag.py:2305} INFO - Setting next_dagrun for tutorial_taskflow_api_etl to None
[2022-02-12 14:53:42,093] {scheduler_job.py:190} INFO - Processing /home/agalli/sandbox/lib/python3.6/site-packages/airflow/example_dags/tutorial_taskflow_api_etl.py took 1.028 seconds
[2022-02-12 14:54:12,933] {scheduler_job.py:182} INFO - Started process (PID=15791) to work on /home/agalli/sandbox/lib/python3.6/site-packages/airflow/example_dags/tutorial_taskflow_api_etl.py
[2022-02-12 14:54:12,936] {scheduler_job.py:633} INFO - Processing file /home/agalli/sandbox/lib/python3.6/site-packages/airflow/example_dags/tutorial_taskflow_api_etl.py for tasks to queue
[2022-02-12 14:54:12,939] {logging_mixin.py:104} INFO - [2022-02-12 14:54:12,937] {dagbag.py:487} INFO - Filling up the DagBag from /home/agalli/sandbox/lib/python3.6/site-packages/airflow/example_dags/tutorial_taskflow_api_etl.py
[2022-02-12 14:54:12,962] {scheduler_job.py:643} INFO - DAG(s) dict_keys(['tutorial_taskflow_api_etl']) retrieved from /home/agalli/sandbox/lib/python3.6/site-packages/airflow/example_dags/tutorial_taskflow_api_etl.py
[2022-02-12 14:54:13,356] {logging_mixin.py:104} INFO - [2022-02-12 14:54:13,355] {dag.py:1832} INFO - Sync 1 DAGs
[2022-02-12 14:54:13,380] {logging_mixin.py:104} INFO - [2022-02-12 14:54:13,380] {dag.py:2305} INFO - Setting next_dagrun for tutorial_taskflow_api_etl to None
[2022-02-12 14:54:13,401] {scheduler_job.py:190} INFO - Processing /home/agalli/sandbox/lib/python3.6/site-packages/airflow/example_dags/tutorial_taskflow_api_etl.py took 0.472 seconds
[2022-02-12 14:54:43,443] {scheduler_job.py:182} INFO - Started process (PID=15872) to work on /home/agalli/sandbox/lib/python3.6/site-packages/airflow/example_dags/tutorial_taskflow_api_etl.py
[2022-02-12 14:54:43,444] {scheduler_job.py:633} INFO - Processing file /home/agalli/sandbox/lib/python3.6/site-packages/airflow/example_dags/tutorial_taskflow_api_etl.py for tasks to queue
[2022-02-12 14:54:43,445] {logging_mixin.py:104} INFO - [2022-02-12 14:54:43,445] {dagbag.py:487} INFO - Filling up the DagBag from /home/agalli/sandbox/lib/python3.6/site-packages/airflow/example_dags/tutorial_taskflow_api_etl.py
[2022-02-12 14:54:43,487] {scheduler_job.py:643} INFO - DAG(s) dict_keys(['tutorial_taskflow_api_etl']) retrieved from /home/agalli/sandbox/lib/python3.6/site-packages/airflow/example_dags/tutorial_taskflow_api_etl.py
[2022-02-12 14:54:43,552] {logging_mixin.py:104} INFO - [2022-02-12 14:54:43,552] {dag.py:1832} INFO - Sync 1 DAGs
[2022-02-12 14:54:43,595] {logging_mixin.py:104} INFO - [2022-02-12 14:54:43,595] {dag.py:2305} INFO - Setting next_dagrun for tutorial_taskflow_api_etl to None
[2022-02-12 14:54:43,649] {scheduler_job.py:190} INFO - Processing /home/agalli/sandbox/lib/python3.6/site-packages/airflow/example_dags/tutorial_taskflow_api_etl.py took 0.211 seconds
[2022-02-12 14:55:14,178] {scheduler_job.py:182} INFO - Started process (PID=16008) to work on /home/agalli/sandbox/lib/python3.6/site-packages/airflow/example_dags/tutorial_taskflow_api_etl.py
[2022-02-12 14:55:14,180] {scheduler_job.py:633} INFO - Processing file /home/agalli/sandbox/lib/python3.6/site-packages/airflow/example_dags/tutorial_taskflow_api_etl.py for tasks to queue
[2022-02-12 14:55:14,181] {logging_mixin.py:104} INFO - [2022-02-12 14:55:14,181] {dagbag.py:487} INFO - Filling up the DagBag from /home/agalli/sandbox/lib/python3.6/site-packages/airflow/example_dags/tutorial_taskflow_api_etl.py
[2022-02-12 14:55:14,200] {scheduler_job.py:643} INFO - DAG(s) dict_keys(['tutorial_taskflow_api_etl']) retrieved from /home/agalli/sandbox/lib/python3.6/site-packages/airflow/example_dags/tutorial_taskflow_api_etl.py
[2022-02-12 14:55:14,230] {logging_mixin.py:104} INFO - [2022-02-12 14:55:14,230] {dag.py:1832} INFO - Sync 1 DAGs
[2022-02-12 14:55:14,251] {logging_mixin.py:104} INFO - [2022-02-12 14:55:14,251] {dag.py:2305} INFO - Setting next_dagrun for tutorial_taskflow_api_etl to None
[2022-02-12 14:55:14,284] {scheduler_job.py:190} INFO - Processing /home/agalli/sandbox/lib/python3.6/site-packages/airflow/example_dags/tutorial_taskflow_api_etl.py took 0.111 seconds
[2022-02-12 14:56:35,646] {scheduler_job.py:182} INFO - Started process (PID=16353) to work on /home/agalli/sandbox/lib/python3.6/site-packages/airflow/example_dags/tutorial_taskflow_api_etl.py
[2022-02-12 14:56:35,648] {scheduler_job.py:633} INFO - Processing file /home/agalli/sandbox/lib/python3.6/site-packages/airflow/example_dags/tutorial_taskflow_api_etl.py for tasks to queue
[2022-02-12 14:56:35,650] {logging_mixin.py:104} INFO - [2022-02-12 14:56:35,650] {dagbag.py:487} INFO - Filling up the DagBag from /home/agalli/sandbox/lib/python3.6/site-packages/airflow/example_dags/tutorial_taskflow_api_etl.py
[2022-02-12 14:56:35,765] {scheduler_job.py:643} INFO - DAG(s) dict_keys(['tutorial_taskflow_api_etl']) retrieved from /home/agalli/sandbox/lib/python3.6/site-packages/airflow/example_dags/tutorial_taskflow_api_etl.py
[2022-02-12 14:56:36,993] {logging_mixin.py:104} INFO - [2022-02-12 14:56:36,993] {dag.py:1832} INFO - Sync 1 DAGs
[2022-02-12 14:56:37,072] {logging_mixin.py:104} INFO - [2022-02-12 14:56:37,071] {dag.py:2305} INFO - Setting next_dagrun for tutorial_taskflow_api_etl to None
[2022-02-12 14:56:37,138] {scheduler_job.py:190} INFO - Processing /home/agalli/sandbox/lib/python3.6/site-packages/airflow/example_dags/tutorial_taskflow_api_etl.py took 1.528 seconds
[2022-02-12 14:57:07,309] {scheduler_job.py:182} INFO - Started process (PID=16448) to work on /home/agalli/sandbox/lib/python3.6/site-packages/airflow/example_dags/tutorial_taskflow_api_etl.py
[2022-02-12 14:57:07,311] {scheduler_job.py:633} INFO - Processing file /home/agalli/sandbox/lib/python3.6/site-packages/airflow/example_dags/tutorial_taskflow_api_etl.py for tasks to queue
[2022-02-12 14:57:07,312] {logging_mixin.py:104} INFO - [2022-02-12 14:57:07,312] {dagbag.py:487} INFO - Filling up the DagBag from /home/agalli/sandbox/lib/python3.6/site-packages/airflow/example_dags/tutorial_taskflow_api_etl.py
[2022-02-12 14:57:07,329] {scheduler_job.py:643} INFO - DAG(s) dict_keys(['tutorial_taskflow_api_etl']) retrieved from /home/agalli/sandbox/lib/python3.6/site-packages/airflow/example_dags/tutorial_taskflow_api_etl.py
[2022-02-12 14:57:07,655] {logging_mixin.py:104} INFO - [2022-02-12 14:57:07,655] {dag.py:1832} INFO - Sync 1 DAGs
[2022-02-12 14:57:07,671] {logging_mixin.py:104} INFO - [2022-02-12 14:57:07,671] {dag.py:2305} INFO - Setting next_dagrun for tutorial_taskflow_api_etl to None
[2022-02-12 14:57:07,690] {scheduler_job.py:190} INFO - Processing /home/agalli/sandbox/lib/python3.6/site-packages/airflow/example_dags/tutorial_taskflow_api_etl.py took 0.386 seconds
[2022-02-12 14:57:38,189] {scheduler_job.py:182} INFO - Started process (PID=16668) to work on /home/agalli/sandbox/lib/python3.6/site-packages/airflow/example_dags/tutorial_taskflow_api_etl.py
[2022-02-12 14:57:38,190] {scheduler_job.py:633} INFO - Processing file /home/agalli/sandbox/lib/python3.6/site-packages/airflow/example_dags/tutorial_taskflow_api_etl.py for tasks to queue
[2022-02-12 14:57:38,190] {logging_mixin.py:104} INFO - [2022-02-12 14:57:38,190] {dagbag.py:487} INFO - Filling up the DagBag from /home/agalli/sandbox/lib/python3.6/site-packages/airflow/example_dags/tutorial_taskflow_api_etl.py
[2022-02-12 14:57:38,213] {scheduler_job.py:643} INFO - DAG(s) dict_keys(['tutorial_taskflow_api_etl']) retrieved from /home/agalli/sandbox/lib/python3.6/site-packages/airflow/example_dags/tutorial_taskflow_api_etl.py
[2022-02-12 14:57:38,427] {logging_mixin.py:104} INFO - [2022-02-12 14:57:38,427] {dag.py:1832} INFO - Sync 1 DAGs
[2022-02-12 14:57:38,442] {logging_mixin.py:104} INFO - [2022-02-12 14:57:38,441] {dag.py:2305} INFO - Setting next_dagrun for tutorial_taskflow_api_etl to None
[2022-02-12 14:57:38,458] {scheduler_job.py:190} INFO - Processing /home/agalli/sandbox/lib/python3.6/site-packages/airflow/example_dags/tutorial_taskflow_api_etl.py took 0.273 seconds
[2022-02-12 14:58:09,320] {scheduler_job.py:182} INFO - Started process (PID=16740) to work on /home/agalli/sandbox/lib/python3.6/site-packages/airflow/example_dags/tutorial_taskflow_api_etl.py
[2022-02-12 14:58:09,321] {scheduler_job.py:633} INFO - Processing file /home/agalli/sandbox/lib/python3.6/site-packages/airflow/example_dags/tutorial_taskflow_api_etl.py for tasks to queue
[2022-02-12 14:58:09,322] {logging_mixin.py:104} INFO - [2022-02-12 14:58:09,322] {dagbag.py:487} INFO - Filling up the DagBag from /home/agalli/sandbox/lib/python3.6/site-packages/airflow/example_dags/tutorial_taskflow_api_etl.py
[2022-02-12 14:58:09,339] {scheduler_job.py:643} INFO - DAG(s) dict_keys(['tutorial_taskflow_api_etl']) retrieved from /home/agalli/sandbox/lib/python3.6/site-packages/airflow/example_dags/tutorial_taskflow_api_etl.py
[2022-02-12 14:58:09,563] {logging_mixin.py:104} INFO - [2022-02-12 14:58:09,563] {dag.py:1832} INFO - Sync 1 DAGs
[2022-02-12 14:58:09,577] {logging_mixin.py:104} INFO - [2022-02-12 14:58:09,577] {dag.py:2305} INFO - Setting next_dagrun for tutorial_taskflow_api_etl to None
[2022-02-12 14:58:09,590] {scheduler_job.py:190} INFO - Processing /home/agalli/sandbox/lib/python3.6/site-packages/airflow/example_dags/tutorial_taskflow_api_etl.py took 0.274 seconds
[2022-02-12 14:58:39,662] {scheduler_job.py:182} INFO - Started process (PID=16812) to work on /home/agalli/sandbox/lib/python3.6/site-packages/airflow/example_dags/tutorial_taskflow_api_etl.py
[2022-02-12 14:58:39,664] {scheduler_job.py:633} INFO - Processing file /home/agalli/sandbox/lib/python3.6/site-packages/airflow/example_dags/tutorial_taskflow_api_etl.py for tasks to queue
[2022-02-12 14:58:39,664] {logging_mixin.py:104} INFO - [2022-02-12 14:58:39,664] {dagbag.py:487} INFO - Filling up the DagBag from /home/agalli/sandbox/lib/python3.6/site-packages/airflow/example_dags/tutorial_taskflow_api_etl.py
[2022-02-12 14:58:39,683] {scheduler_job.py:643} INFO - DAG(s) dict_keys(['tutorial_taskflow_api_etl']) retrieved from /home/agalli/sandbox/lib/python3.6/site-packages/airflow/example_dags/tutorial_taskflow_api_etl.py
[2022-02-12 14:58:39,943] {logging_mixin.py:104} INFO - [2022-02-12 14:58:39,943] {dag.py:1832} INFO - Sync 1 DAGs
[2022-02-12 14:58:39,958] {logging_mixin.py:104} INFO - [2022-02-12 14:58:39,958] {dag.py:2305} INFO - Setting next_dagrun for tutorial_taskflow_api_etl to None
[2022-02-12 14:58:39,977] {scheduler_job.py:190} INFO - Processing /home/agalli/sandbox/lib/python3.6/site-packages/airflow/example_dags/tutorial_taskflow_api_etl.py took 0.319 seconds
[2022-02-12 14:59:10,210] {scheduler_job.py:182} INFO - Started process (PID=16880) to work on /home/agalli/sandbox/lib/python3.6/site-packages/airflow/example_dags/tutorial_taskflow_api_etl.py
[2022-02-12 14:59:10,211] {scheduler_job.py:633} INFO - Processing file /home/agalli/sandbox/lib/python3.6/site-packages/airflow/example_dags/tutorial_taskflow_api_etl.py for tasks to queue
[2022-02-12 14:59:10,212] {logging_mixin.py:104} INFO - [2022-02-12 14:59:10,212] {dagbag.py:487} INFO - Filling up the DagBag from /home/agalli/sandbox/lib/python3.6/site-packages/airflow/example_dags/tutorial_taskflow_api_etl.py
[2022-02-12 14:59:10,231] {scheduler_job.py:643} INFO - DAG(s) dict_keys(['tutorial_taskflow_api_etl']) retrieved from /home/agalli/sandbox/lib/python3.6/site-packages/airflow/example_dags/tutorial_taskflow_api_etl.py
[2022-02-12 14:59:10,552] {logging_mixin.py:104} INFO - [2022-02-12 14:59:10,552] {dag.py:1832} INFO - Sync 1 DAGs
[2022-02-12 14:59:10,572] {logging_mixin.py:104} INFO - [2022-02-12 14:59:10,572] {dag.py:2305} INFO - Setting next_dagrun for tutorial_taskflow_api_etl to None
[2022-02-12 14:59:10,591] {scheduler_job.py:190} INFO - Processing /home/agalli/sandbox/lib/python3.6/site-packages/airflow/example_dags/tutorial_taskflow_api_etl.py took 0.385 seconds
[2022-02-12 14:59:40,637] {scheduler_job.py:182} INFO - Started process (PID=16946) to work on /home/agalli/sandbox/lib/python3.6/site-packages/airflow/example_dags/tutorial_taskflow_api_etl.py
[2022-02-12 14:59:40,639] {scheduler_job.py:633} INFO - Processing file /home/agalli/sandbox/lib/python3.6/site-packages/airflow/example_dags/tutorial_taskflow_api_etl.py for tasks to queue
[2022-02-12 14:59:40,640] {logging_mixin.py:104} INFO - [2022-02-12 14:59:40,640] {dagbag.py:487} INFO - Filling up the DagBag from /home/agalli/sandbox/lib/python3.6/site-packages/airflow/example_dags/tutorial_taskflow_api_etl.py
[2022-02-12 14:59:40,669] {scheduler_job.py:643} INFO - DAG(s) dict_keys(['tutorial_taskflow_api_etl']) retrieved from /home/agalli/sandbox/lib/python3.6/site-packages/airflow/example_dags/tutorial_taskflow_api_etl.py
[2022-02-12 14:59:41,106] {logging_mixin.py:104} INFO - [2022-02-12 14:59:41,106] {dag.py:1832} INFO - Sync 1 DAGs
[2022-02-12 14:59:41,135] {logging_mixin.py:104} INFO - [2022-02-12 14:59:41,135] {dag.py:2305} INFO - Setting next_dagrun for tutorial_taskflow_api_etl to None
[2022-02-12 14:59:41,172] {scheduler_job.py:190} INFO - Processing /home/agalli/sandbox/lib/python3.6/site-packages/airflow/example_dags/tutorial_taskflow_api_etl.py took 0.540 seconds
[2022-02-12 15:00:12,045] {scheduler_job.py:182} INFO - Started process (PID=17016) to work on /home/agalli/sandbox/lib/python3.6/site-packages/airflow/example_dags/tutorial_taskflow_api_etl.py
[2022-02-12 15:00:12,050] {scheduler_job.py:633} INFO - Processing file /home/agalli/sandbox/lib/python3.6/site-packages/airflow/example_dags/tutorial_taskflow_api_etl.py for tasks to queue
[2022-02-12 15:00:12,051] {logging_mixin.py:104} INFO - [2022-02-12 15:00:12,051] {dagbag.py:487} INFO - Filling up the DagBag from /home/agalli/sandbox/lib/python3.6/site-packages/airflow/example_dags/tutorial_taskflow_api_etl.py
[2022-02-12 15:00:12,085] {scheduler_job.py:643} INFO - DAG(s) dict_keys(['tutorial_taskflow_api_etl']) retrieved from /home/agalli/sandbox/lib/python3.6/site-packages/airflow/example_dags/tutorial_taskflow_api_etl.py
[2022-02-12 15:00:12,509] {logging_mixin.py:104} INFO - [2022-02-12 15:00:12,509] {dag.py:1832} INFO - Sync 1 DAGs
[2022-02-12 15:00:12,531] {logging_mixin.py:104} INFO - [2022-02-12 15:00:12,531] {dag.py:2305} INFO - Setting next_dagrun for tutorial_taskflow_api_etl to None
[2022-02-12 15:00:12,554] {scheduler_job.py:190} INFO - Processing /home/agalli/sandbox/lib/python3.6/site-packages/airflow/example_dags/tutorial_taskflow_api_etl.py took 0.514 seconds
[2022-02-12 15:00:36,984] {scheduler_job.py:182} INFO - Started process (PID=17446) to work on /home/agalli/sandbox/lib/python3.6/site-packages/airflow/example_dags/tutorial_taskflow_api_etl.py
[2022-02-12 15:00:36,994] {scheduler_job.py:633} INFO - Processing file /home/agalli/sandbox/lib/python3.6/site-packages/airflow/example_dags/tutorial_taskflow_api_etl.py for tasks to queue
[2022-02-12 15:00:36,995] {logging_mixin.py:104} INFO - [2022-02-12 15:00:36,995] {dagbag.py:487} INFO - Filling up the DagBag from /home/agalli/sandbox/lib/python3.6/site-packages/airflow/example_dags/tutorial_taskflow_api_etl.py
[2022-02-12 15:00:37,124] {scheduler_job.py:643} INFO - DAG(s) dict_keys(['tutorial_taskflow_api_etl']) retrieved from /home/agalli/sandbox/lib/python3.6/site-packages/airflow/example_dags/tutorial_taskflow_api_etl.py
[2022-02-12 15:00:37,246] {logging_mixin.py:104} INFO - [2022-02-12 15:00:37,246] {dag.py:1832} INFO - Sync 1 DAGs
[2022-02-12 15:00:37,350] {logging_mixin.py:104} INFO - [2022-02-12 15:00:37,350] {dag.py:2305} INFO - Setting next_dagrun for tutorial_taskflow_api_etl to None
[2022-02-12 15:00:37,478] {scheduler_job.py:190} INFO - Processing /home/agalli/sandbox/lib/python3.6/site-packages/airflow/example_dags/tutorial_taskflow_api_etl.py took 0.517 seconds
[2022-02-12 15:01:07,938] {scheduler_job.py:182} INFO - Started process (PID=17844) to work on /home/agalli/sandbox/lib/python3.6/site-packages/airflow/example_dags/tutorial_taskflow_api_etl.py
[2022-02-12 15:01:07,939] {scheduler_job.py:633} INFO - Processing file /home/agalli/sandbox/lib/python3.6/site-packages/airflow/example_dags/tutorial_taskflow_api_etl.py for tasks to queue
[2022-02-12 15:01:07,940] {logging_mixin.py:104} INFO - [2022-02-12 15:01:07,940] {dagbag.py:487} INFO - Filling up the DagBag from /home/agalli/sandbox/lib/python3.6/site-packages/airflow/example_dags/tutorial_taskflow_api_etl.py
[2022-02-12 15:01:07,964] {scheduler_job.py:643} INFO - DAG(s) dict_keys(['tutorial_taskflow_api_etl']) retrieved from /home/agalli/sandbox/lib/python3.6/site-packages/airflow/example_dags/tutorial_taskflow_api_etl.py
[2022-02-12 15:01:08,349] {logging_mixin.py:104} INFO - [2022-02-12 15:01:08,349] {dag.py:1832} INFO - Sync 1 DAGs
[2022-02-12 15:01:08,366] {logging_mixin.py:104} INFO - [2022-02-12 15:01:08,366] {dag.py:2305} INFO - Setting next_dagrun for tutorial_taskflow_api_etl to None
[2022-02-12 15:01:08,388] {scheduler_job.py:190} INFO - Processing /home/agalli/sandbox/lib/python3.6/site-packages/airflow/example_dags/tutorial_taskflow_api_etl.py took 0.455 seconds
[2022-02-12 15:01:39,195] {scheduler_job.py:182} INFO - Started process (PID=18077) to work on /home/agalli/sandbox/lib/python3.6/site-packages/airflow/example_dags/tutorial_taskflow_api_etl.py
[2022-02-12 15:01:39,197] {scheduler_job.py:633} INFO - Processing file /home/agalli/sandbox/lib/python3.6/site-packages/airflow/example_dags/tutorial_taskflow_api_etl.py for tasks to queue
[2022-02-12 15:01:39,199] {logging_mixin.py:104} INFO - [2022-02-12 15:01:39,198] {dagbag.py:487} INFO - Filling up the DagBag from /home/agalli/sandbox/lib/python3.6/site-packages/airflow/example_dags/tutorial_taskflow_api_etl.py
[2022-02-12 15:01:39,231] {scheduler_job.py:643} INFO - DAG(s) dict_keys(['tutorial_taskflow_api_etl']) retrieved from /home/agalli/sandbox/lib/python3.6/site-packages/airflow/example_dags/tutorial_taskflow_api_etl.py
[2022-02-12 15:01:39,772] {logging_mixin.py:104} INFO - [2022-02-12 15:01:39,772] {dag.py:1832} INFO - Sync 1 DAGs
[2022-02-12 15:01:39,802] {logging_mixin.py:104} INFO - [2022-02-12 15:01:39,802] {dag.py:2305} INFO - Setting next_dagrun for tutorial_taskflow_api_etl to None
[2022-02-12 15:01:39,820] {scheduler_job.py:190} INFO - Processing /home/agalli/sandbox/lib/python3.6/site-packages/airflow/example_dags/tutorial_taskflow_api_etl.py took 0.630 seconds
[2022-02-12 15:02:09,958] {scheduler_job.py:182} INFO - Started process (PID=18345) to work on /home/agalli/sandbox/lib/python3.6/site-packages/airflow/example_dags/tutorial_taskflow_api_etl.py
[2022-02-12 15:02:09,959] {scheduler_job.py:633} INFO - Processing file /home/agalli/sandbox/lib/python3.6/site-packages/airflow/example_dags/tutorial_taskflow_api_etl.py for tasks to queue
[2022-02-12 15:02:09,961] {logging_mixin.py:104} INFO - [2022-02-12 15:02:09,961] {dagbag.py:487} INFO - Filling up the DagBag from /home/agalli/sandbox/lib/python3.6/site-packages/airflow/example_dags/tutorial_taskflow_api_etl.py
[2022-02-12 15:02:10,000] {scheduler_job.py:643} INFO - DAG(s) dict_keys(['tutorial_taskflow_api_etl']) retrieved from /home/agalli/sandbox/lib/python3.6/site-packages/airflow/example_dags/tutorial_taskflow_api_etl.py
[2022-02-12 15:02:10,417] {logging_mixin.py:104} INFO - [2022-02-12 15:02:10,417] {dag.py:1832} INFO - Sync 1 DAGs
[2022-02-12 15:02:10,446] {logging_mixin.py:104} INFO - [2022-02-12 15:02:10,446] {dag.py:2305} INFO - Setting next_dagrun for tutorial_taskflow_api_etl to None
[2022-02-12 15:02:10,471] {scheduler_job.py:190} INFO - Processing /home/agalli/sandbox/lib/python3.6/site-packages/airflow/example_dags/tutorial_taskflow_api_etl.py took 0.521 seconds
[2022-02-12 15:02:41,456] {scheduler_job.py:182} INFO - Started process (PID=18828) to work on /home/agalli/sandbox/lib/python3.6/site-packages/airflow/example_dags/tutorial_taskflow_api_etl.py
[2022-02-12 15:02:41,458] {scheduler_job.py:633} INFO - Processing file /home/agalli/sandbox/lib/python3.6/site-packages/airflow/example_dags/tutorial_taskflow_api_etl.py for tasks to queue
[2022-02-12 15:02:41,460] {logging_mixin.py:104} INFO - [2022-02-12 15:02:41,460] {dagbag.py:487} INFO - Filling up the DagBag from /home/agalli/sandbox/lib/python3.6/site-packages/airflow/example_dags/tutorial_taskflow_api_etl.py
[2022-02-12 15:02:41,495] {scheduler_job.py:643} INFO - DAG(s) dict_keys(['tutorial_taskflow_api_etl']) retrieved from /home/agalli/sandbox/lib/python3.6/site-packages/airflow/example_dags/tutorial_taskflow_api_etl.py
[2022-02-12 15:02:42,003] {logging_mixin.py:104} INFO - [2022-02-12 15:02:42,002] {dag.py:1832} INFO - Sync 1 DAGs
[2022-02-12 15:02:42,027] {logging_mixin.py:104} INFO - [2022-02-12 15:02:42,027] {dag.py:2305} INFO - Setting next_dagrun for tutorial_taskflow_api_etl to None
[2022-02-12 15:02:42,050] {scheduler_job.py:190} INFO - Processing /home/agalli/sandbox/lib/python3.6/site-packages/airflow/example_dags/tutorial_taskflow_api_etl.py took 0.598 seconds
[2022-02-12 15:03:13,005] {scheduler_job.py:182} INFO - Started process (PID=19226) to work on /home/agalli/sandbox/lib/python3.6/site-packages/airflow/example_dags/tutorial_taskflow_api_etl.py
[2022-02-12 15:03:13,008] {scheduler_job.py:633} INFO - Processing file /home/agalli/sandbox/lib/python3.6/site-packages/airflow/example_dags/tutorial_taskflow_api_etl.py for tasks to queue
[2022-02-12 15:03:13,009] {logging_mixin.py:104} INFO - [2022-02-12 15:03:13,009] {dagbag.py:487} INFO - Filling up the DagBag from /home/agalli/sandbox/lib/python3.6/site-packages/airflow/example_dags/tutorial_taskflow_api_etl.py
[2022-02-12 15:03:13,086] {scheduler_job.py:643} INFO - DAG(s) dict_keys(['tutorial_taskflow_api_etl']) retrieved from /home/agalli/sandbox/lib/python3.6/site-packages/airflow/example_dags/tutorial_taskflow_api_etl.py
[2022-02-12 15:03:14,260] {logging_mixin.py:104} INFO - [2022-02-12 15:03:14,253] {dag.py:1832} INFO - Sync 1 DAGs
[2022-02-12 15:03:14,326] {logging_mixin.py:104} INFO - [2022-02-12 15:03:14,325] {dag.py:2305} INFO - Setting next_dagrun for tutorial_taskflow_api_etl to None
[2022-02-12 15:03:14,392] {scheduler_job.py:190} INFO - Processing /home/agalli/sandbox/lib/python3.6/site-packages/airflow/example_dags/tutorial_taskflow_api_etl.py took 1.400 seconds
[2022-02-12 15:03:44,630] {scheduler_job.py:182} INFO - Started process (PID=19425) to work on /home/agalli/sandbox/lib/python3.6/site-packages/airflow/example_dags/tutorial_taskflow_api_etl.py
[2022-02-12 15:03:44,631] {scheduler_job.py:633} INFO - Processing file /home/agalli/sandbox/lib/python3.6/site-packages/airflow/example_dags/tutorial_taskflow_api_etl.py for tasks to queue
[2022-02-12 15:03:44,631] {logging_mixin.py:104} INFO - [2022-02-12 15:03:44,631] {dagbag.py:487} INFO - Filling up the DagBag from /home/agalli/sandbox/lib/python3.6/site-packages/airflow/example_dags/tutorial_taskflow_api_etl.py
[2022-02-12 15:03:44,654] {scheduler_job.py:643} INFO - DAG(s) dict_keys(['tutorial_taskflow_api_etl']) retrieved from /home/agalli/sandbox/lib/python3.6/site-packages/airflow/example_dags/tutorial_taskflow_api_etl.py
[2022-02-12 15:03:45,139] {logging_mixin.py:104} INFO - [2022-02-12 15:03:45,139] {dag.py:1832} INFO - Sync 1 DAGs
[2022-02-12 15:03:45,163] {logging_mixin.py:104} INFO - [2022-02-12 15:03:45,163] {dag.py:2305} INFO - Setting next_dagrun for tutorial_taskflow_api_etl to None
[2022-02-12 15:03:45,193] {scheduler_job.py:190} INFO - Processing /home/agalli/sandbox/lib/python3.6/site-packages/airflow/example_dags/tutorial_taskflow_api_etl.py took 0.567 seconds
[2022-02-12 15:04:15,909] {scheduler_job.py:182} INFO - Started process (PID=19627) to work on /home/agalli/sandbox/lib/python3.6/site-packages/airflow/example_dags/tutorial_taskflow_api_etl.py
[2022-02-12 15:04:15,910] {scheduler_job.py:633} INFO - Processing file /home/agalli/sandbox/lib/python3.6/site-packages/airflow/example_dags/tutorial_taskflow_api_etl.py for tasks to queue
[2022-02-12 15:04:15,911] {logging_mixin.py:104} INFO - [2022-02-12 15:04:15,911] {dagbag.py:487} INFO - Filling up the DagBag from /home/agalli/sandbox/lib/python3.6/site-packages/airflow/example_dags/tutorial_taskflow_api_etl.py
[2022-02-12 15:04:15,933] {scheduler_job.py:643} INFO - DAG(s) dict_keys(['tutorial_taskflow_api_etl']) retrieved from /home/agalli/sandbox/lib/python3.6/site-packages/airflow/example_dags/tutorial_taskflow_api_etl.py
[2022-02-12 15:04:16,177] {logging_mixin.py:104} INFO - [2022-02-12 15:04:16,177] {dag.py:1832} INFO - Sync 1 DAGs
[2022-02-12 15:04:16,192] {logging_mixin.py:104} INFO - [2022-02-12 15:04:16,191] {dag.py:2305} INFO - Setting next_dagrun for tutorial_taskflow_api_etl to None
[2022-02-12 15:04:16,205] {scheduler_job.py:190} INFO - Processing /home/agalli/sandbox/lib/python3.6/site-packages/airflow/example_dags/tutorial_taskflow_api_etl.py took 0.301 seconds
[2022-02-12 15:04:46,281] {scheduler_job.py:182} INFO - Started process (PID=19835) to work on /home/agalli/sandbox/lib/python3.6/site-packages/airflow/example_dags/tutorial_taskflow_api_etl.py
[2022-02-12 15:04:46,282] {scheduler_job.py:633} INFO - Processing file /home/agalli/sandbox/lib/python3.6/site-packages/airflow/example_dags/tutorial_taskflow_api_etl.py for tasks to queue
[2022-02-12 15:04:46,283] {logging_mixin.py:104} INFO - [2022-02-12 15:04:46,283] {dagbag.py:487} INFO - Filling up the DagBag from /home/agalli/sandbox/lib/python3.6/site-packages/airflow/example_dags/tutorial_taskflow_api_etl.py
[2022-02-12 15:04:46,301] {scheduler_job.py:643} INFO - DAG(s) dict_keys(['tutorial_taskflow_api_etl']) retrieved from /home/agalli/sandbox/lib/python3.6/site-packages/airflow/example_dags/tutorial_taskflow_api_etl.py
[2022-02-12 15:04:46,593] {logging_mixin.py:104} INFO - [2022-02-12 15:04:46,591] {dag.py:1832} INFO - Sync 1 DAGs
[2022-02-12 15:04:46,615] {logging_mixin.py:104} INFO - [2022-02-12 15:04:46,615] {dag.py:2305} INFO - Setting next_dagrun for tutorial_taskflow_api_etl to None
[2022-02-12 15:04:46,633] {scheduler_job.py:190} INFO - Processing /home/agalli/sandbox/lib/python3.6/site-packages/airflow/example_dags/tutorial_taskflow_api_etl.py took 0.355 seconds
[2022-02-12 15:05:17,334] {scheduler_job.py:182} INFO - Started process (PID=20037) to work on /home/agalli/sandbox/lib/python3.6/site-packages/airflow/example_dags/tutorial_taskflow_api_etl.py
[2022-02-12 15:05:17,335] {scheduler_job.py:633} INFO - Processing file /home/agalli/sandbox/lib/python3.6/site-packages/airflow/example_dags/tutorial_taskflow_api_etl.py for tasks to queue
[2022-02-12 15:05:17,335] {logging_mixin.py:104} INFO - [2022-02-12 15:05:17,335] {dagbag.py:487} INFO - Filling up the DagBag from /home/agalli/sandbox/lib/python3.6/site-packages/airflow/example_dags/tutorial_taskflow_api_etl.py
[2022-02-12 15:05:17,352] {scheduler_job.py:643} INFO - DAG(s) dict_keys(['tutorial_taskflow_api_etl']) retrieved from /home/agalli/sandbox/lib/python3.6/site-packages/airflow/example_dags/tutorial_taskflow_api_etl.py
[2022-02-12 15:05:17,382] {logging_mixin.py:104} INFO - [2022-02-12 15:05:17,382] {dag.py:1832} INFO - Sync 1 DAGs
[2022-02-12 15:05:17,404] {logging_mixin.py:104} INFO - [2022-02-12 15:05:17,404] {dag.py:2305} INFO - Setting next_dagrun for tutorial_taskflow_api_etl to None
[2022-02-12 15:05:17,423] {scheduler_job.py:190} INFO - Processing /home/agalli/sandbox/lib/python3.6/site-packages/airflow/example_dags/tutorial_taskflow_api_etl.py took 0.093 seconds
[2022-02-12 15:05:47,522] {scheduler_job.py:182} INFO - Started process (PID=20359) to work on /home/agalli/sandbox/lib/python3.6/site-packages/airflow/example_dags/tutorial_taskflow_api_etl.py
[2022-02-12 15:05:47,523] {scheduler_job.py:633} INFO - Processing file /home/agalli/sandbox/lib/python3.6/site-packages/airflow/example_dags/tutorial_taskflow_api_etl.py for tasks to queue
[2022-02-12 15:05:47,524] {logging_mixin.py:104} INFO - [2022-02-12 15:05:47,524] {dagbag.py:487} INFO - Filling up the DagBag from /home/agalli/sandbox/lib/python3.6/site-packages/airflow/example_dags/tutorial_taskflow_api_etl.py
[2022-02-12 15:05:47,540] {scheduler_job.py:643} INFO - DAG(s) dict_keys(['tutorial_taskflow_api_etl']) retrieved from /home/agalli/sandbox/lib/python3.6/site-packages/airflow/example_dags/tutorial_taskflow_api_etl.py
[2022-02-12 15:05:47,812] {logging_mixin.py:104} INFO - [2022-02-12 15:05:47,812] {dag.py:1832} INFO - Sync 1 DAGs
[2022-02-12 15:05:47,829] {logging_mixin.py:104} INFO - [2022-02-12 15:05:47,829] {dag.py:2305} INFO - Setting next_dagrun for tutorial_taskflow_api_etl to None
[2022-02-12 15:05:47,848] {scheduler_job.py:190} INFO - Processing /home/agalli/sandbox/lib/python3.6/site-packages/airflow/example_dags/tutorial_taskflow_api_etl.py took 0.332 seconds
[2022-02-12 15:06:18,698] {scheduler_job.py:182} INFO - Started process (PID=20561) to work on /home/agalli/sandbox/lib/python3.6/site-packages/airflow/example_dags/tutorial_taskflow_api_etl.py
[2022-02-12 15:06:18,700] {scheduler_job.py:633} INFO - Processing file /home/agalli/sandbox/lib/python3.6/site-packages/airflow/example_dags/tutorial_taskflow_api_etl.py for tasks to queue
[2022-02-12 15:06:18,700] {logging_mixin.py:104} INFO - [2022-02-12 15:06:18,700] {dagbag.py:487} INFO - Filling up the DagBag from /home/agalli/sandbox/lib/python3.6/site-packages/airflow/example_dags/tutorial_taskflow_api_etl.py
[2022-02-12 15:06:18,727] {scheduler_job.py:643} INFO - DAG(s) dict_keys(['tutorial_taskflow_api_etl']) retrieved from /home/agalli/sandbox/lib/python3.6/site-packages/airflow/example_dags/tutorial_taskflow_api_etl.py
[2022-02-12 15:06:19,087] {logging_mixin.py:104} INFO - [2022-02-12 15:06:19,087] {dag.py:1832} INFO - Sync 1 DAGs
[2022-02-12 15:06:19,102] {logging_mixin.py:104} INFO - [2022-02-12 15:06:19,102] {dag.py:2305} INFO - Setting next_dagrun for tutorial_taskflow_api_etl to None
[2022-02-12 15:06:19,118] {scheduler_job.py:190} INFO - Processing /home/agalli/sandbox/lib/python3.6/site-packages/airflow/example_dags/tutorial_taskflow_api_etl.py took 0.425 seconds
[2022-02-12 15:06:49,208] {scheduler_job.py:182} INFO - Started process (PID=20763) to work on /home/agalli/sandbox/lib/python3.6/site-packages/airflow/example_dags/tutorial_taskflow_api_etl.py
[2022-02-12 15:06:49,211] {scheduler_job.py:633} INFO - Processing file /home/agalli/sandbox/lib/python3.6/site-packages/airflow/example_dags/tutorial_taskflow_api_etl.py for tasks to queue
[2022-02-12 15:06:49,212] {logging_mixin.py:104} INFO - [2022-02-12 15:06:49,212] {dagbag.py:487} INFO - Filling up the DagBag from /home/agalli/sandbox/lib/python3.6/site-packages/airflow/example_dags/tutorial_taskflow_api_etl.py
[2022-02-12 15:06:49,230] {scheduler_job.py:643} INFO - DAG(s) dict_keys(['tutorial_taskflow_api_etl']) retrieved from /home/agalli/sandbox/lib/python3.6/site-packages/airflow/example_dags/tutorial_taskflow_api_etl.py
[2022-02-12 15:06:49,572] {logging_mixin.py:104} INFO - [2022-02-12 15:06:49,572] {dag.py:1832} INFO - Sync 1 DAGs
[2022-02-12 15:06:49,593] {logging_mixin.py:104} INFO - [2022-02-12 15:06:49,593] {dag.py:2305} INFO - Setting next_dagrun for tutorial_taskflow_api_etl to None
[2022-02-12 15:06:49,614] {scheduler_job.py:190} INFO - Processing /home/agalli/sandbox/lib/python3.6/site-packages/airflow/example_dags/tutorial_taskflow_api_etl.py took 0.410 seconds
[2022-02-12 15:07:20,463] {scheduler_job.py:182} INFO - Started process (PID=20965) to work on /home/agalli/sandbox/lib/python3.6/site-packages/airflow/example_dags/tutorial_taskflow_api_etl.py
[2022-02-12 15:07:20,464] {scheduler_job.py:633} INFO - Processing file /home/agalli/sandbox/lib/python3.6/site-packages/airflow/example_dags/tutorial_taskflow_api_etl.py for tasks to queue
[2022-02-12 15:07:20,465] {logging_mixin.py:104} INFO - [2022-02-12 15:07:20,465] {dagbag.py:487} INFO - Filling up the DagBag from /home/agalli/sandbox/lib/python3.6/site-packages/airflow/example_dags/tutorial_taskflow_api_etl.py
[2022-02-12 15:07:20,488] {scheduler_job.py:643} INFO - DAG(s) dict_keys(['tutorial_taskflow_api_etl']) retrieved from /home/agalli/sandbox/lib/python3.6/site-packages/airflow/example_dags/tutorial_taskflow_api_etl.py
[2022-02-12 15:07:20,821] {logging_mixin.py:104} INFO - [2022-02-12 15:07:20,821] {dag.py:1832} INFO - Sync 1 DAGs
[2022-02-12 15:07:20,843] {logging_mixin.py:104} INFO - [2022-02-12 15:07:20,843] {dag.py:2305} INFO - Setting next_dagrun for tutorial_taskflow_api_etl to None
[2022-02-12 15:07:20,862] {scheduler_job.py:190} INFO - Processing /home/agalli/sandbox/lib/python3.6/site-packages/airflow/example_dags/tutorial_taskflow_api_etl.py took 0.404 seconds
[2022-02-12 15:07:50,922] {scheduler_job.py:182} INFO - Started process (PID=21169) to work on /home/agalli/sandbox/lib/python3.6/site-packages/airflow/example_dags/tutorial_taskflow_api_etl.py
[2022-02-12 15:07:50,924] {scheduler_job.py:633} INFO - Processing file /home/agalli/sandbox/lib/python3.6/site-packages/airflow/example_dags/tutorial_taskflow_api_etl.py for tasks to queue
[2022-02-12 15:07:50,924] {logging_mixin.py:104} INFO - [2022-02-12 15:07:50,924] {dagbag.py:487} INFO - Filling up the DagBag from /home/agalli/sandbox/lib/python3.6/site-packages/airflow/example_dags/tutorial_taskflow_api_etl.py
[2022-02-12 15:07:50,940] {scheduler_job.py:643} INFO - DAG(s) dict_keys(['tutorial_taskflow_api_etl']) retrieved from /home/agalli/sandbox/lib/python3.6/site-packages/airflow/example_dags/tutorial_taskflow_api_etl.py
[2022-02-12 15:07:51,200] {logging_mixin.py:104} INFO - [2022-02-12 15:07:51,200] {dag.py:1832} INFO - Sync 1 DAGs
[2022-02-12 15:07:51,218] {logging_mixin.py:104} INFO - [2022-02-12 15:07:51,217] {dag.py:2305} INFO - Setting next_dagrun for tutorial_taskflow_api_etl to None
[2022-02-12 15:07:51,239] {scheduler_job.py:190} INFO - Processing /home/agalli/sandbox/lib/python3.6/site-packages/airflow/example_dags/tutorial_taskflow_api_etl.py took 0.322 seconds
[2022-02-12 15:08:21,418] {scheduler_job.py:182} INFO - Started process (PID=21372) to work on /home/agalli/sandbox/lib/python3.6/site-packages/airflow/example_dags/tutorial_taskflow_api_etl.py
[2022-02-12 15:08:21,419] {scheduler_job.py:633} INFO - Processing file /home/agalli/sandbox/lib/python3.6/site-packages/airflow/example_dags/tutorial_taskflow_api_etl.py for tasks to queue
[2022-02-12 15:08:21,420] {logging_mixin.py:104} INFO - [2022-02-12 15:08:21,420] {dagbag.py:487} INFO - Filling up the DagBag from /home/agalli/sandbox/lib/python3.6/site-packages/airflow/example_dags/tutorial_taskflow_api_etl.py
[2022-02-12 15:08:21,451] {scheduler_job.py:643} INFO - DAG(s) dict_keys(['tutorial_taskflow_api_etl']) retrieved from /home/agalli/sandbox/lib/python3.6/site-packages/airflow/example_dags/tutorial_taskflow_api_etl.py
[2022-02-12 15:08:21,758] {logging_mixin.py:104} INFO - [2022-02-12 15:08:21,758] {dag.py:1832} INFO - Sync 1 DAGs
[2022-02-12 15:08:21,778] {logging_mixin.py:104} INFO - [2022-02-12 15:08:21,778] {dag.py:2305} INFO - Setting next_dagrun for tutorial_taskflow_api_etl to None
[2022-02-12 15:08:21,800] {scheduler_job.py:190} INFO - Processing /home/agalli/sandbox/lib/python3.6/site-packages/airflow/example_dags/tutorial_taskflow_api_etl.py took 0.387 seconds
