[2022-02-12 13:57:17,198] {scheduler_job.py:182} INFO - Started process (PID=1471) to work on /home/agalli/sandbox/lib/python3.6/site-packages/airflow/example_dags/tutorial_taskflow_api_etl_virtualenv.py
[2022-02-12 13:57:17,221] {scheduler_job.py:633} INFO - Processing file /home/agalli/sandbox/lib/python3.6/site-packages/airflow/example_dags/tutorial_taskflow_api_etl_virtualenv.py for tasks to queue
[2022-02-12 13:57:17,223] {logging_mixin.py:104} INFO - [2022-02-12 13:57:17,222] {dagbag.py:487} INFO - Filling up the DagBag from /home/agalli/sandbox/lib/python3.6/site-packages/airflow/example_dags/tutorial_taskflow_api_etl_virtualenv.py
[2022-02-12 13:57:17,311] {scheduler_job.py:643} INFO - DAG(s) dict_keys(['tutorial_taskflow_api_etl_virtualenv']) retrieved from /home/agalli/sandbox/lib/python3.6/site-packages/airflow/example_dags/tutorial_taskflow_api_etl_virtualenv.py
[2022-02-12 13:57:18,935] {logging_mixin.py:104} INFO - [2022-02-12 13:57:18,934] {dag.py:1832} INFO - Sync 1 DAGs
[2022-02-12 13:57:19,049] {logging_mixin.py:104} INFO - [2022-02-12 13:57:19,049] {dag.py:2305} INFO - Setting next_dagrun for tutorial_taskflow_api_etl_virtualenv to None
[2022-02-12 13:57:19,114] {scheduler_job.py:190} INFO - Processing /home/agalli/sandbox/lib/python3.6/site-packages/airflow/example_dags/tutorial_taskflow_api_etl_virtualenv.py took 1.926 seconds
[2022-02-12 13:57:49,250] {scheduler_job.py:182} INFO - Started process (PID=2098) to work on /home/agalli/sandbox/lib/python3.6/site-packages/airflow/example_dags/tutorial_taskflow_api_etl_virtualenv.py
[2022-02-12 13:57:49,253] {scheduler_job.py:633} INFO - Processing file /home/agalli/sandbox/lib/python3.6/site-packages/airflow/example_dags/tutorial_taskflow_api_etl_virtualenv.py for tasks to queue
[2022-02-12 13:57:49,254] {logging_mixin.py:104} INFO - [2022-02-12 13:57:49,254] {dagbag.py:487} INFO - Filling up the DagBag from /home/agalli/sandbox/lib/python3.6/site-packages/airflow/example_dags/tutorial_taskflow_api_etl_virtualenv.py
[2022-02-12 13:57:49,301] {scheduler_job.py:643} INFO - DAG(s) dict_keys(['tutorial_taskflow_api_etl_virtualenv']) retrieved from /home/agalli/sandbox/lib/python3.6/site-packages/airflow/example_dags/tutorial_taskflow_api_etl_virtualenv.py
[2022-02-12 13:57:50,809] {logging_mixin.py:104} INFO - [2022-02-12 13:57:50,808] {dag.py:1832} INFO - Sync 1 DAGs
[2022-02-12 13:57:50,871] {logging_mixin.py:104} INFO - [2022-02-12 13:57:50,871] {dag.py:2305} INFO - Setting next_dagrun for tutorial_taskflow_api_etl_virtualenv to None
[2022-02-12 13:57:50,935] {scheduler_job.py:190} INFO - Processing /home/agalli/sandbox/lib/python3.6/site-packages/airflow/example_dags/tutorial_taskflow_api_etl_virtualenv.py took 1.692 seconds
[2022-02-12 13:58:21,690] {scheduler_job.py:182} INFO - Started process (PID=2337) to work on /home/agalli/sandbox/lib/python3.6/site-packages/airflow/example_dags/tutorial_taskflow_api_etl_virtualenv.py
[2022-02-12 13:58:21,692] {scheduler_job.py:633} INFO - Processing file /home/agalli/sandbox/lib/python3.6/site-packages/airflow/example_dags/tutorial_taskflow_api_etl_virtualenv.py for tasks to queue
[2022-02-12 13:58:21,692] {logging_mixin.py:104} INFO - [2022-02-12 13:58:21,692] {dagbag.py:487} INFO - Filling up the DagBag from /home/agalli/sandbox/lib/python3.6/site-packages/airflow/example_dags/tutorial_taskflow_api_etl_virtualenv.py
[2022-02-12 13:58:21,715] {scheduler_job.py:643} INFO - DAG(s) dict_keys(['tutorial_taskflow_api_etl_virtualenv']) retrieved from /home/agalli/sandbox/lib/python3.6/site-packages/airflow/example_dags/tutorial_taskflow_api_etl_virtualenv.py
[2022-02-12 13:58:21,747] {logging_mixin.py:104} INFO - [2022-02-12 13:58:21,747] {dag.py:1832} INFO - Sync 1 DAGs
[2022-02-12 13:58:21,766] {logging_mixin.py:104} INFO - [2022-02-12 13:58:21,766] {dag.py:2305} INFO - Setting next_dagrun for tutorial_taskflow_api_etl_virtualenv to None
[2022-02-12 13:58:21,781] {scheduler_job.py:190} INFO - Processing /home/agalli/sandbox/lib/python3.6/site-packages/airflow/example_dags/tutorial_taskflow_api_etl_virtualenv.py took 0.095 seconds
[2022-02-12 13:58:52,025] {scheduler_job.py:182} INFO - Started process (PID=2539) to work on /home/agalli/sandbox/lib/python3.6/site-packages/airflow/example_dags/tutorial_taskflow_api_etl_virtualenv.py
[2022-02-12 13:58:52,027] {scheduler_job.py:633} INFO - Processing file /home/agalli/sandbox/lib/python3.6/site-packages/airflow/example_dags/tutorial_taskflow_api_etl_virtualenv.py for tasks to queue
[2022-02-12 13:58:52,029] {logging_mixin.py:104} INFO - [2022-02-12 13:58:52,029] {dagbag.py:487} INFO - Filling up the DagBag from /home/agalli/sandbox/lib/python3.6/site-packages/airflow/example_dags/tutorial_taskflow_api_etl_virtualenv.py
[2022-02-12 13:58:52,068] {scheduler_job.py:643} INFO - DAG(s) dict_keys(['tutorial_taskflow_api_etl_virtualenv']) retrieved from /home/agalli/sandbox/lib/python3.6/site-packages/airflow/example_dags/tutorial_taskflow_api_etl_virtualenv.py
[2022-02-12 13:58:52,630] {logging_mixin.py:104} INFO - [2022-02-12 13:58:52,630] {dag.py:1832} INFO - Sync 1 DAGs
[2022-02-12 13:58:52,658] {logging_mixin.py:104} INFO - [2022-02-12 13:58:52,658] {dag.py:2305} INFO - Setting next_dagrun for tutorial_taskflow_api_etl_virtualenv to None
[2022-02-12 13:58:52,681] {scheduler_job.py:190} INFO - Processing /home/agalli/sandbox/lib/python3.6/site-packages/airflow/example_dags/tutorial_taskflow_api_etl_virtualenv.py took 0.661 seconds
[2022-02-12 13:59:23,534] {scheduler_job.py:182} INFO - Started process (PID=2754) to work on /home/agalli/sandbox/lib/python3.6/site-packages/airflow/example_dags/tutorial_taskflow_api_etl_virtualenv.py
[2022-02-12 13:59:23,536] {scheduler_job.py:633} INFO - Processing file /home/agalli/sandbox/lib/python3.6/site-packages/airflow/example_dags/tutorial_taskflow_api_etl_virtualenv.py for tasks to queue
[2022-02-12 13:59:23,537] {logging_mixin.py:104} INFO - [2022-02-12 13:59:23,537] {dagbag.py:487} INFO - Filling up the DagBag from /home/agalli/sandbox/lib/python3.6/site-packages/airflow/example_dags/tutorial_taskflow_api_etl_virtualenv.py
[2022-02-12 13:59:23,558] {scheduler_job.py:643} INFO - DAG(s) dict_keys(['tutorial_taskflow_api_etl_virtualenv']) retrieved from /home/agalli/sandbox/lib/python3.6/site-packages/airflow/example_dags/tutorial_taskflow_api_etl_virtualenv.py
[2022-02-12 13:59:23,806] {logging_mixin.py:104} INFO - [2022-02-12 13:59:23,805] {dag.py:1832} INFO - Sync 1 DAGs
[2022-02-12 13:59:23,820] {logging_mixin.py:104} INFO - [2022-02-12 13:59:23,819] {dag.py:2305} INFO - Setting next_dagrun for tutorial_taskflow_api_etl_virtualenv to None
[2022-02-12 13:59:23,838] {scheduler_job.py:190} INFO - Processing /home/agalli/sandbox/lib/python3.6/site-packages/airflow/example_dags/tutorial_taskflow_api_etl_virtualenv.py took 0.307 seconds
[2022-02-12 13:59:54,028] {scheduler_job.py:182} INFO - Started process (PID=3019) to work on /home/agalli/sandbox/lib/python3.6/site-packages/airflow/example_dags/tutorial_taskflow_api_etl_virtualenv.py
[2022-02-12 13:59:54,029] {scheduler_job.py:633} INFO - Processing file /home/agalli/sandbox/lib/python3.6/site-packages/airflow/example_dags/tutorial_taskflow_api_etl_virtualenv.py for tasks to queue
[2022-02-12 13:59:54,030] {logging_mixin.py:104} INFO - [2022-02-12 13:59:54,030] {dagbag.py:487} INFO - Filling up the DagBag from /home/agalli/sandbox/lib/python3.6/site-packages/airflow/example_dags/tutorial_taskflow_api_etl_virtualenv.py
[2022-02-12 13:59:54,056] {scheduler_job.py:643} INFO - DAG(s) dict_keys(['tutorial_taskflow_api_etl_virtualenv']) retrieved from /home/agalli/sandbox/lib/python3.6/site-packages/airflow/example_dags/tutorial_taskflow_api_etl_virtualenv.py
[2022-02-12 13:59:55,544] {logging_mixin.py:104} INFO - [2022-02-12 13:59:55,543] {dag.py:1832} INFO - Sync 1 DAGs
[2022-02-12 13:59:55,598] {logging_mixin.py:104} INFO - [2022-02-12 13:59:55,597] {dag.py:2305} INFO - Setting next_dagrun for tutorial_taskflow_api_etl_virtualenv to None
[2022-02-12 13:59:55,636] {scheduler_job.py:190} INFO - Processing /home/agalli/sandbox/lib/python3.6/site-packages/airflow/example_dags/tutorial_taskflow_api_etl_virtualenv.py took 1.612 seconds
[2022-02-12 14:00:25,876] {scheduler_job.py:182} INFO - Started process (PID=3353) to work on /home/agalli/sandbox/lib/python3.6/site-packages/airflow/example_dags/tutorial_taskflow_api_etl_virtualenv.py
[2022-02-12 14:00:25,877] {scheduler_job.py:633} INFO - Processing file /home/agalli/sandbox/lib/python3.6/site-packages/airflow/example_dags/tutorial_taskflow_api_etl_virtualenv.py for tasks to queue
[2022-02-12 14:00:25,877] {logging_mixin.py:104} INFO - [2022-02-12 14:00:25,877] {dagbag.py:487} INFO - Filling up the DagBag from /home/agalli/sandbox/lib/python3.6/site-packages/airflow/example_dags/tutorial_taskflow_api_etl_virtualenv.py
[2022-02-12 14:00:25,908] {scheduler_job.py:643} INFO - DAG(s) dict_keys(['tutorial_taskflow_api_etl_virtualenv']) retrieved from /home/agalli/sandbox/lib/python3.6/site-packages/airflow/example_dags/tutorial_taskflow_api_etl_virtualenv.py
[2022-02-12 14:00:26,456] {logging_mixin.py:104} INFO - [2022-02-12 14:00:26,456] {dag.py:1832} INFO - Sync 1 DAGs
[2022-02-12 14:00:26,486] {logging_mixin.py:104} INFO - [2022-02-12 14:00:26,486] {dag.py:2305} INFO - Setting next_dagrun for tutorial_taskflow_api_etl_virtualenv to None
[2022-02-12 14:00:26,515] {scheduler_job.py:190} INFO - Processing /home/agalli/sandbox/lib/python3.6/site-packages/airflow/example_dags/tutorial_taskflow_api_etl_virtualenv.py took 0.644 seconds
[2022-02-12 14:00:56,930] {scheduler_job.py:182} INFO - Started process (PID=3690) to work on /home/agalli/sandbox/lib/python3.6/site-packages/airflow/example_dags/tutorial_taskflow_api_etl_virtualenv.py
[2022-02-12 14:00:56,933] {scheduler_job.py:633} INFO - Processing file /home/agalli/sandbox/lib/python3.6/site-packages/airflow/example_dags/tutorial_taskflow_api_etl_virtualenv.py for tasks to queue
[2022-02-12 14:00:56,945] {logging_mixin.py:104} INFO - [2022-02-12 14:00:56,935] {dagbag.py:487} INFO - Filling up the DagBag from /home/agalli/sandbox/lib/python3.6/site-packages/airflow/example_dags/tutorial_taskflow_api_etl_virtualenv.py
[2022-02-12 14:00:57,108] {scheduler_job.py:643} INFO - DAG(s) dict_keys(['tutorial_taskflow_api_etl_virtualenv']) retrieved from /home/agalli/sandbox/lib/python3.6/site-packages/airflow/example_dags/tutorial_taskflow_api_etl_virtualenv.py
[2022-02-12 14:00:58,457] {logging_mixin.py:104} INFO - [2022-02-12 14:00:58,457] {dag.py:1832} INFO - Sync 1 DAGs
[2022-02-12 14:00:58,487] {logging_mixin.py:104} INFO - [2022-02-12 14:00:58,487] {dag.py:2305} INFO - Setting next_dagrun for tutorial_taskflow_api_etl_virtualenv to None
[2022-02-12 14:00:58,519] {scheduler_job.py:190} INFO - Processing /home/agalli/sandbox/lib/python3.6/site-packages/airflow/example_dags/tutorial_taskflow_api_etl_virtualenv.py took 1.607 seconds
[2022-02-12 14:01:28,790] {scheduler_job.py:182} INFO - Started process (PID=5097) to work on /home/agalli/sandbox/lib/python3.6/site-packages/airflow/example_dags/tutorial_taskflow_api_etl_virtualenv.py
[2022-02-12 14:01:28,791] {scheduler_job.py:633} INFO - Processing file /home/agalli/sandbox/lib/python3.6/site-packages/airflow/example_dags/tutorial_taskflow_api_etl_virtualenv.py for tasks to queue
[2022-02-12 14:01:28,792] {logging_mixin.py:104} INFO - [2022-02-12 14:01:28,792] {dagbag.py:487} INFO - Filling up the DagBag from /home/agalli/sandbox/lib/python3.6/site-packages/airflow/example_dags/tutorial_taskflow_api_etl_virtualenv.py
[2022-02-12 14:01:28,809] {scheduler_job.py:643} INFO - DAG(s) dict_keys(['tutorial_taskflow_api_etl_virtualenv']) retrieved from /home/agalli/sandbox/lib/python3.6/site-packages/airflow/example_dags/tutorial_taskflow_api_etl_virtualenv.py
[2022-02-12 14:01:29,215] {logging_mixin.py:104} INFO - [2022-02-12 14:01:29,215] {dag.py:1832} INFO - Sync 1 DAGs
[2022-02-12 14:01:29,242] {logging_mixin.py:104} INFO - [2022-02-12 14:01:29,242] {dag.py:2305} INFO - Setting next_dagrun for tutorial_taskflow_api_etl_virtualenv to None
[2022-02-12 14:01:29,266] {scheduler_job.py:190} INFO - Processing /home/agalli/sandbox/lib/python3.6/site-packages/airflow/example_dags/tutorial_taskflow_api_etl_virtualenv.py took 0.480 seconds
[2022-02-12 14:01:59,780] {scheduler_job.py:182} INFO - Started process (PID=5509) to work on /home/agalli/sandbox/lib/python3.6/site-packages/airflow/example_dags/tutorial_taskflow_api_etl_virtualenv.py
[2022-02-12 14:01:59,781] {scheduler_job.py:633} INFO - Processing file /home/agalli/sandbox/lib/python3.6/site-packages/airflow/example_dags/tutorial_taskflow_api_etl_virtualenv.py for tasks to queue
[2022-02-12 14:01:59,782] {logging_mixin.py:104} INFO - [2022-02-12 14:01:59,782] {dagbag.py:487} INFO - Filling up the DagBag from /home/agalli/sandbox/lib/python3.6/site-packages/airflow/example_dags/tutorial_taskflow_api_etl_virtualenv.py
[2022-02-12 14:01:59,815] {scheduler_job.py:643} INFO - DAG(s) dict_keys(['tutorial_taskflow_api_etl_virtualenv']) retrieved from /home/agalli/sandbox/lib/python3.6/site-packages/airflow/example_dags/tutorial_taskflow_api_etl_virtualenv.py
[2022-02-12 14:02:00,507] {logging_mixin.py:104} INFO - [2022-02-12 14:02:00,507] {dag.py:1832} INFO - Sync 1 DAGs
[2022-02-12 14:02:00,548] {logging_mixin.py:104} INFO - [2022-02-12 14:02:00,548] {dag.py:2305} INFO - Setting next_dagrun for tutorial_taskflow_api_etl_virtualenv to None
[2022-02-12 14:02:00,581] {scheduler_job.py:190} INFO - Processing /home/agalli/sandbox/lib/python3.6/site-packages/airflow/example_dags/tutorial_taskflow_api_etl_virtualenv.py took 0.804 seconds
[2022-02-12 14:02:31,394] {scheduler_job.py:182} INFO - Started process (PID=5831) to work on /home/agalli/sandbox/lib/python3.6/site-packages/airflow/example_dags/tutorial_taskflow_api_etl_virtualenv.py
[2022-02-12 14:02:31,395] {scheduler_job.py:633} INFO - Processing file /home/agalli/sandbox/lib/python3.6/site-packages/airflow/example_dags/tutorial_taskflow_api_etl_virtualenv.py for tasks to queue
[2022-02-12 14:02:31,395] {logging_mixin.py:104} INFO - [2022-02-12 14:02:31,395] {dagbag.py:487} INFO - Filling up the DagBag from /home/agalli/sandbox/lib/python3.6/site-packages/airflow/example_dags/tutorial_taskflow_api_etl_virtualenv.py
[2022-02-12 14:02:31,416] {scheduler_job.py:643} INFO - DAG(s) dict_keys(['tutorial_taskflow_api_etl_virtualenv']) retrieved from /home/agalli/sandbox/lib/python3.6/site-packages/airflow/example_dags/tutorial_taskflow_api_etl_virtualenv.py
[2022-02-12 14:02:31,699] {logging_mixin.py:104} INFO - [2022-02-12 14:02:31,699] {dag.py:1832} INFO - Sync 1 DAGs
[2022-02-12 14:02:31,713] {logging_mixin.py:104} INFO - [2022-02-12 14:02:31,712] {dag.py:2305} INFO - Setting next_dagrun for tutorial_taskflow_api_etl_virtualenv to None
[2022-02-12 14:02:31,735] {scheduler_job.py:190} INFO - Processing /home/agalli/sandbox/lib/python3.6/site-packages/airflow/example_dags/tutorial_taskflow_api_etl_virtualenv.py took 0.344 seconds
[2022-02-12 14:03:01,803] {scheduler_job.py:182} INFO - Started process (PID=6033) to work on /home/agalli/sandbox/lib/python3.6/site-packages/airflow/example_dags/tutorial_taskflow_api_etl_virtualenv.py
[2022-02-12 14:03:01,814] {scheduler_job.py:633} INFO - Processing file /home/agalli/sandbox/lib/python3.6/site-packages/airflow/example_dags/tutorial_taskflow_api_etl_virtualenv.py for tasks to queue
[2022-02-12 14:03:01,816] {logging_mixin.py:104} INFO - [2022-02-12 14:03:01,816] {dagbag.py:487} INFO - Filling up the DagBag from /home/agalli/sandbox/lib/python3.6/site-packages/airflow/example_dags/tutorial_taskflow_api_etl_virtualenv.py
[2022-02-12 14:03:01,906] {scheduler_job.py:643} INFO - DAG(s) dict_keys(['tutorial_taskflow_api_etl_virtualenv']) retrieved from /home/agalli/sandbox/lib/python3.6/site-packages/airflow/example_dags/tutorial_taskflow_api_etl_virtualenv.py
[2022-02-12 14:03:02,607] {logging_mixin.py:104} INFO - [2022-02-12 14:03:02,607] {dag.py:1832} INFO - Sync 1 DAGs
[2022-02-12 14:03:02,622] {logging_mixin.py:104} INFO - [2022-02-12 14:03:02,622] {dag.py:2305} INFO - Setting next_dagrun for tutorial_taskflow_api_etl_virtualenv to None
[2022-02-12 14:03:02,646] {scheduler_job.py:190} INFO - Processing /home/agalli/sandbox/lib/python3.6/site-packages/airflow/example_dags/tutorial_taskflow_api_etl_virtualenv.py took 0.856 seconds
[2022-02-12 14:20:14,022] {scheduler_job.py:182} INFO - Started process (PID=6855) to work on /home/agalli/sandbox/lib/python3.6/site-packages/airflow/example_dags/tutorial_taskflow_api_etl_virtualenv.py
[2022-02-12 14:20:14,024] {scheduler_job.py:633} INFO - Processing file /home/agalli/sandbox/lib/python3.6/site-packages/airflow/example_dags/tutorial_taskflow_api_etl_virtualenv.py for tasks to queue
[2022-02-12 14:20:14,025] {logging_mixin.py:104} INFO - [2022-02-12 14:20:14,025] {dagbag.py:487} INFO - Filling up the DagBag from /home/agalli/sandbox/lib/python3.6/site-packages/airflow/example_dags/tutorial_taskflow_api_etl_virtualenv.py
[2022-02-12 14:20:14,086] {scheduler_job.py:643} INFO - DAG(s) dict_keys(['tutorial_taskflow_api_etl_virtualenv']) retrieved from /home/agalli/sandbox/lib/python3.6/site-packages/airflow/example_dags/tutorial_taskflow_api_etl_virtualenv.py
[2022-02-12 14:20:15,371] {logging_mixin.py:104} INFO - [2022-02-12 14:20:15,360] {dag.py:1832} INFO - Sync 1 DAGs
[2022-02-12 14:20:15,561] {logging_mixin.py:104} INFO - [2022-02-12 14:20:15,561] {dag.py:2305} INFO - Setting next_dagrun for tutorial_taskflow_api_etl_virtualenv to None
[2022-02-12 14:20:15,647] {scheduler_job.py:190} INFO - Processing /home/agalli/sandbox/lib/python3.6/site-packages/airflow/example_dags/tutorial_taskflow_api_etl_virtualenv.py took 1.629 seconds
[2022-02-12 14:20:45,915] {scheduler_job.py:182} INFO - Started process (PID=7175) to work on /home/agalli/sandbox/lib/python3.6/site-packages/airflow/example_dags/tutorial_taskflow_api_etl_virtualenv.py
[2022-02-12 14:20:45,917] {scheduler_job.py:633} INFO - Processing file /home/agalli/sandbox/lib/python3.6/site-packages/airflow/example_dags/tutorial_taskflow_api_etl_virtualenv.py for tasks to queue
[2022-02-12 14:20:45,917] {logging_mixin.py:104} INFO - [2022-02-12 14:20:45,917] {dagbag.py:487} INFO - Filling up the DagBag from /home/agalli/sandbox/lib/python3.6/site-packages/airflow/example_dags/tutorial_taskflow_api_etl_virtualenv.py
[2022-02-12 14:20:45,940] {scheduler_job.py:643} INFO - DAG(s) dict_keys(['tutorial_taskflow_api_etl_virtualenv']) retrieved from /home/agalli/sandbox/lib/python3.6/site-packages/airflow/example_dags/tutorial_taskflow_api_etl_virtualenv.py
[2022-02-12 14:20:46,230] {logging_mixin.py:104} INFO - [2022-02-12 14:20:46,229] {dag.py:1832} INFO - Sync 1 DAGs
[2022-02-12 14:20:46,246] {logging_mixin.py:104} INFO - [2022-02-12 14:20:46,246] {dag.py:2305} INFO - Setting next_dagrun for tutorial_taskflow_api_etl_virtualenv to None
[2022-02-12 14:20:46,263] {scheduler_job.py:190} INFO - Processing /home/agalli/sandbox/lib/python3.6/site-packages/airflow/example_dags/tutorial_taskflow_api_etl_virtualenv.py took 0.352 seconds
[2022-02-12 14:21:16,443] {scheduler_job.py:182} INFO - Started process (PID=7377) to work on /home/agalli/sandbox/lib/python3.6/site-packages/airflow/example_dags/tutorial_taskflow_api_etl_virtualenv.py
[2022-02-12 14:21:16,445] {scheduler_job.py:633} INFO - Processing file /home/agalli/sandbox/lib/python3.6/site-packages/airflow/example_dags/tutorial_taskflow_api_etl_virtualenv.py for tasks to queue
[2022-02-12 14:21:16,446] {logging_mixin.py:104} INFO - [2022-02-12 14:21:16,446] {dagbag.py:487} INFO - Filling up the DagBag from /home/agalli/sandbox/lib/python3.6/site-packages/airflow/example_dags/tutorial_taskflow_api_etl_virtualenv.py
[2022-02-12 14:21:16,472] {scheduler_job.py:643} INFO - DAG(s) dict_keys(['tutorial_taskflow_api_etl_virtualenv']) retrieved from /home/agalli/sandbox/lib/python3.6/site-packages/airflow/example_dags/tutorial_taskflow_api_etl_virtualenv.py
[2022-02-12 14:21:16,762] {logging_mixin.py:104} INFO - [2022-02-12 14:21:16,762] {dag.py:1832} INFO - Sync 1 DAGs
[2022-02-12 14:21:16,778] {logging_mixin.py:104} INFO - [2022-02-12 14:21:16,778] {dag.py:2305} INFO - Setting next_dagrun for tutorial_taskflow_api_etl_virtualenv to None
[2022-02-12 14:21:16,795] {scheduler_job.py:190} INFO - Processing /home/agalli/sandbox/lib/python3.6/site-packages/airflow/example_dags/tutorial_taskflow_api_etl_virtualenv.py took 0.356 seconds
[2022-02-12 14:21:47,615] {scheduler_job.py:182} INFO - Started process (PID=7585) to work on /home/agalli/sandbox/lib/python3.6/site-packages/airflow/example_dags/tutorial_taskflow_api_etl_virtualenv.py
[2022-02-12 14:21:47,616] {scheduler_job.py:633} INFO - Processing file /home/agalli/sandbox/lib/python3.6/site-packages/airflow/example_dags/tutorial_taskflow_api_etl_virtualenv.py for tasks to queue
[2022-02-12 14:21:47,618] {logging_mixin.py:104} INFO - [2022-02-12 14:21:47,617] {dagbag.py:487} INFO - Filling up the DagBag from /home/agalli/sandbox/lib/python3.6/site-packages/airflow/example_dags/tutorial_taskflow_api_etl_virtualenv.py
[2022-02-12 14:21:47,654] {scheduler_job.py:643} INFO - DAG(s) dict_keys(['tutorial_taskflow_api_etl_virtualenv']) retrieved from /home/agalli/sandbox/lib/python3.6/site-packages/airflow/example_dags/tutorial_taskflow_api_etl_virtualenv.py
[2022-02-12 14:21:48,021] {logging_mixin.py:104} INFO - [2022-02-12 14:21:48,021] {dag.py:1832} INFO - Sync 1 DAGs
[2022-02-12 14:21:48,038] {logging_mixin.py:104} INFO - [2022-02-12 14:21:48,038] {dag.py:2305} INFO - Setting next_dagrun for tutorial_taskflow_api_etl_virtualenv to None
[2022-02-12 14:21:48,051] {scheduler_job.py:190} INFO - Processing /home/agalli/sandbox/lib/python3.6/site-packages/airflow/example_dags/tutorial_taskflow_api_etl_virtualenv.py took 0.442 seconds
[2022-02-12 14:22:18,255] {scheduler_job.py:182} INFO - Started process (PID=7805) to work on /home/agalli/sandbox/lib/python3.6/site-packages/airflow/example_dags/tutorial_taskflow_api_etl_virtualenv.py
[2022-02-12 14:22:18,256] {scheduler_job.py:633} INFO - Processing file /home/agalli/sandbox/lib/python3.6/site-packages/airflow/example_dags/tutorial_taskflow_api_etl_virtualenv.py for tasks to queue
[2022-02-12 14:22:18,256] {logging_mixin.py:104} INFO - [2022-02-12 14:22:18,256] {dagbag.py:487} INFO - Filling up the DagBag from /home/agalli/sandbox/lib/python3.6/site-packages/airflow/example_dags/tutorial_taskflow_api_etl_virtualenv.py
[2022-02-12 14:22:18,273] {scheduler_job.py:643} INFO - DAG(s) dict_keys(['tutorial_taskflow_api_etl_virtualenv']) retrieved from /home/agalli/sandbox/lib/python3.6/site-packages/airflow/example_dags/tutorial_taskflow_api_etl_virtualenv.py
[2022-02-12 14:22:18,624] {logging_mixin.py:104} INFO - [2022-02-12 14:22:18,624] {dag.py:1832} INFO - Sync 1 DAGs
[2022-02-12 14:22:18,644] {logging_mixin.py:104} INFO - [2022-02-12 14:22:18,644] {dag.py:2305} INFO - Setting next_dagrun for tutorial_taskflow_api_etl_virtualenv to None
[2022-02-12 14:22:18,661] {scheduler_job.py:190} INFO - Processing /home/agalli/sandbox/lib/python3.6/site-packages/airflow/example_dags/tutorial_taskflow_api_etl_virtualenv.py took 0.410 seconds
[2022-02-12 14:22:48,784] {scheduler_job.py:182} INFO - Started process (PID=7989) to work on /home/agalli/sandbox/lib/python3.6/site-packages/airflow/example_dags/tutorial_taskflow_api_etl_virtualenv.py
[2022-02-12 14:22:48,787] {scheduler_job.py:633} INFO - Processing file /home/agalli/sandbox/lib/python3.6/site-packages/airflow/example_dags/tutorial_taskflow_api_etl_virtualenv.py for tasks to queue
[2022-02-12 14:22:48,788] {logging_mixin.py:104} INFO - [2022-02-12 14:22:48,788] {dagbag.py:487} INFO - Filling up the DagBag from /home/agalli/sandbox/lib/python3.6/site-packages/airflow/example_dags/tutorial_taskflow_api_etl_virtualenv.py
[2022-02-12 14:22:48,822] {scheduler_job.py:643} INFO - DAG(s) dict_keys(['tutorial_taskflow_api_etl_virtualenv']) retrieved from /home/agalli/sandbox/lib/python3.6/site-packages/airflow/example_dags/tutorial_taskflow_api_etl_virtualenv.py
[2022-02-12 14:22:49,115] {logging_mixin.py:104} INFO - [2022-02-12 14:22:49,115] {dag.py:1832} INFO - Sync 1 DAGs
[2022-02-12 14:22:49,128] {logging_mixin.py:104} INFO - [2022-02-12 14:22:49,128] {dag.py:2305} INFO - Setting next_dagrun for tutorial_taskflow_api_etl_virtualenv to None
[2022-02-12 14:22:49,141] {scheduler_job.py:190} INFO - Processing /home/agalli/sandbox/lib/python3.6/site-packages/airflow/example_dags/tutorial_taskflow_api_etl_virtualenv.py took 0.363 seconds
[2022-02-12 14:23:19,393] {scheduler_job.py:182} INFO - Started process (PID=8209) to work on /home/agalli/sandbox/lib/python3.6/site-packages/airflow/example_dags/tutorial_taskflow_api_etl_virtualenv.py
[2022-02-12 14:23:19,395] {scheduler_job.py:633} INFO - Processing file /home/agalli/sandbox/lib/python3.6/site-packages/airflow/example_dags/tutorial_taskflow_api_etl_virtualenv.py for tasks to queue
[2022-02-12 14:23:19,396] {logging_mixin.py:104} INFO - [2022-02-12 14:23:19,395] {dagbag.py:487} INFO - Filling up the DagBag from /home/agalli/sandbox/lib/python3.6/site-packages/airflow/example_dags/tutorial_taskflow_api_etl_virtualenv.py
[2022-02-12 14:23:19,429] {scheduler_job.py:643} INFO - DAG(s) dict_keys(['tutorial_taskflow_api_etl_virtualenv']) retrieved from /home/agalli/sandbox/lib/python3.6/site-packages/airflow/example_dags/tutorial_taskflow_api_etl_virtualenv.py
[2022-02-12 14:23:20,182] {logging_mixin.py:104} INFO - [2022-02-12 14:23:20,182] {dag.py:1832} INFO - Sync 1 DAGs
[2022-02-12 14:23:20,219] {logging_mixin.py:104} INFO - [2022-02-12 14:23:20,219] {dag.py:2305} INFO - Setting next_dagrun for tutorial_taskflow_api_etl_virtualenv to None
[2022-02-12 14:23:20,271] {scheduler_job.py:190} INFO - Processing /home/agalli/sandbox/lib/python3.6/site-packages/airflow/example_dags/tutorial_taskflow_api_etl_virtualenv.py took 0.884 seconds
[2022-02-12 14:23:50,971] {scheduler_job.py:182} INFO - Started process (PID=8411) to work on /home/agalli/sandbox/lib/python3.6/site-packages/airflow/example_dags/tutorial_taskflow_api_etl_virtualenv.py
[2022-02-12 14:23:50,972] {scheduler_job.py:633} INFO - Processing file /home/agalli/sandbox/lib/python3.6/site-packages/airflow/example_dags/tutorial_taskflow_api_etl_virtualenv.py for tasks to queue
[2022-02-12 14:23:50,973] {logging_mixin.py:104} INFO - [2022-02-12 14:23:50,973] {dagbag.py:487} INFO - Filling up the DagBag from /home/agalli/sandbox/lib/python3.6/site-packages/airflow/example_dags/tutorial_taskflow_api_etl_virtualenv.py
[2022-02-12 14:23:50,995] {scheduler_job.py:643} INFO - DAG(s) dict_keys(['tutorial_taskflow_api_etl_virtualenv']) retrieved from /home/agalli/sandbox/lib/python3.6/site-packages/airflow/example_dags/tutorial_taskflow_api_etl_virtualenv.py
[2022-02-12 14:23:51,252] {logging_mixin.py:104} INFO - [2022-02-12 14:23:51,252] {dag.py:1832} INFO - Sync 1 DAGs
[2022-02-12 14:23:51,266] {logging_mixin.py:104} INFO - [2022-02-12 14:23:51,266] {dag.py:2305} INFO - Setting next_dagrun for tutorial_taskflow_api_etl_virtualenv to None
[2022-02-12 14:23:51,282] {scheduler_job.py:190} INFO - Processing /home/agalli/sandbox/lib/python3.6/site-packages/airflow/example_dags/tutorial_taskflow_api_etl_virtualenv.py took 0.315 seconds
[2022-02-12 14:24:22,141] {scheduler_job.py:182} INFO - Started process (PID=8613) to work on /home/agalli/sandbox/lib/python3.6/site-packages/airflow/example_dags/tutorial_taskflow_api_etl_virtualenv.py
[2022-02-12 14:24:22,143] {scheduler_job.py:633} INFO - Processing file /home/agalli/sandbox/lib/python3.6/site-packages/airflow/example_dags/tutorial_taskflow_api_etl_virtualenv.py for tasks to queue
[2022-02-12 14:24:22,145] {logging_mixin.py:104} INFO - [2022-02-12 14:24:22,145] {dagbag.py:487} INFO - Filling up the DagBag from /home/agalli/sandbox/lib/python3.6/site-packages/airflow/example_dags/tutorial_taskflow_api_etl_virtualenv.py
[2022-02-12 14:24:22,165] {scheduler_job.py:643} INFO - DAG(s) dict_keys(['tutorial_taskflow_api_etl_virtualenv']) retrieved from /home/agalli/sandbox/lib/python3.6/site-packages/airflow/example_dags/tutorial_taskflow_api_etl_virtualenv.py
[2022-02-12 14:24:22,527] {logging_mixin.py:104} INFO - [2022-02-12 14:24:22,527] {dag.py:1832} INFO - Sync 1 DAGs
[2022-02-12 14:24:22,545] {logging_mixin.py:104} INFO - [2022-02-12 14:24:22,543] {dag.py:2305} INFO - Setting next_dagrun for tutorial_taskflow_api_etl_virtualenv to None
[2022-02-12 14:24:22,562] {scheduler_job.py:190} INFO - Processing /home/agalli/sandbox/lib/python3.6/site-packages/airflow/example_dags/tutorial_taskflow_api_etl_virtualenv.py took 0.425 seconds
[2022-02-12 14:24:52,730] {scheduler_job.py:182} INFO - Started process (PID=8821) to work on /home/agalli/sandbox/lib/python3.6/site-packages/airflow/example_dags/tutorial_taskflow_api_etl_virtualenv.py
[2022-02-12 14:24:52,732] {scheduler_job.py:633} INFO - Processing file /home/agalli/sandbox/lib/python3.6/site-packages/airflow/example_dags/tutorial_taskflow_api_etl_virtualenv.py for tasks to queue
[2022-02-12 14:24:52,732] {logging_mixin.py:104} INFO - [2022-02-12 14:24:52,732] {dagbag.py:487} INFO - Filling up the DagBag from /home/agalli/sandbox/lib/python3.6/site-packages/airflow/example_dags/tutorial_taskflow_api_etl_virtualenv.py
[2022-02-12 14:24:52,780] {scheduler_job.py:643} INFO - DAG(s) dict_keys(['tutorial_taskflow_api_etl_virtualenv']) retrieved from /home/agalli/sandbox/lib/python3.6/site-packages/airflow/example_dags/tutorial_taskflow_api_etl_virtualenv.py
[2022-02-12 14:24:53,533] {logging_mixin.py:104} INFO - [2022-02-12 14:24:53,532] {dag.py:1832} INFO - Sync 1 DAGs
[2022-02-12 14:24:53,588] {logging_mixin.py:104} INFO - [2022-02-12 14:24:53,587] {dag.py:2305} INFO - Setting next_dagrun for tutorial_taskflow_api_etl_virtualenv to None
[2022-02-12 14:24:53,761] {scheduler_job.py:190} INFO - Processing /home/agalli/sandbox/lib/python3.6/site-packages/airflow/example_dags/tutorial_taskflow_api_etl_virtualenv.py took 1.035 seconds
[2022-02-12 14:25:24,306] {scheduler_job.py:182} INFO - Started process (PID=9143) to work on /home/agalli/sandbox/lib/python3.6/site-packages/airflow/example_dags/tutorial_taskflow_api_etl_virtualenv.py
[2022-02-12 14:25:24,308] {scheduler_job.py:633} INFO - Processing file /home/agalli/sandbox/lib/python3.6/site-packages/airflow/example_dags/tutorial_taskflow_api_etl_virtualenv.py for tasks to queue
[2022-02-12 14:25:24,309] {logging_mixin.py:104} INFO - [2022-02-12 14:25:24,308] {dagbag.py:487} INFO - Filling up the DagBag from /home/agalli/sandbox/lib/python3.6/site-packages/airflow/example_dags/tutorial_taskflow_api_etl_virtualenv.py
[2022-02-12 14:25:24,334] {scheduler_job.py:643} INFO - DAG(s) dict_keys(['tutorial_taskflow_api_etl_virtualenv']) retrieved from /home/agalli/sandbox/lib/python3.6/site-packages/airflow/example_dags/tutorial_taskflow_api_etl_virtualenv.py
[2022-02-12 14:25:24,664] {logging_mixin.py:104} INFO - [2022-02-12 14:25:24,664] {dag.py:1832} INFO - Sync 1 DAGs
[2022-02-12 14:25:24,684] {logging_mixin.py:104} INFO - [2022-02-12 14:25:24,683] {dag.py:2305} INFO - Setting next_dagrun for tutorial_taskflow_api_etl_virtualenv to None
[2022-02-12 14:25:24,707] {scheduler_job.py:190} INFO - Processing /home/agalli/sandbox/lib/python3.6/site-packages/airflow/example_dags/tutorial_taskflow_api_etl_virtualenv.py took 0.408 seconds
[2022-02-12 14:25:55,135] {scheduler_job.py:182} INFO - Started process (PID=9346) to work on /home/agalli/sandbox/lib/python3.6/site-packages/airflow/example_dags/tutorial_taskflow_api_etl_virtualenv.py
[2022-02-12 14:25:55,137] {scheduler_job.py:633} INFO - Processing file /home/agalli/sandbox/lib/python3.6/site-packages/airflow/example_dags/tutorial_taskflow_api_etl_virtualenv.py for tasks to queue
[2022-02-12 14:25:55,139] {logging_mixin.py:104} INFO - [2022-02-12 14:25:55,139] {dagbag.py:487} INFO - Filling up the DagBag from /home/agalli/sandbox/lib/python3.6/site-packages/airflow/example_dags/tutorial_taskflow_api_etl_virtualenv.py
[2022-02-12 14:25:55,168] {scheduler_job.py:643} INFO - DAG(s) dict_keys(['tutorial_taskflow_api_etl_virtualenv']) retrieved from /home/agalli/sandbox/lib/python3.6/site-packages/airflow/example_dags/tutorial_taskflow_api_etl_virtualenv.py
[2022-02-12 14:25:55,455] {logging_mixin.py:104} INFO - [2022-02-12 14:25:55,454] {dag.py:1832} INFO - Sync 1 DAGs
[2022-02-12 14:25:55,473] {logging_mixin.py:104} INFO - [2022-02-12 14:25:55,473] {dag.py:2305} INFO - Setting next_dagrun for tutorial_taskflow_api_etl_virtualenv to None
[2022-02-12 14:25:55,497] {scheduler_job.py:190} INFO - Processing /home/agalli/sandbox/lib/python3.6/site-packages/airflow/example_dags/tutorial_taskflow_api_etl_virtualenv.py took 0.366 seconds
[2022-02-12 14:26:26,034] {scheduler_job.py:182} INFO - Started process (PID=9548) to work on /home/agalli/sandbox/lib/python3.6/site-packages/airflow/example_dags/tutorial_taskflow_api_etl_virtualenv.py
[2022-02-12 14:26:26,038] {scheduler_job.py:633} INFO - Processing file /home/agalli/sandbox/lib/python3.6/site-packages/airflow/example_dags/tutorial_taskflow_api_etl_virtualenv.py for tasks to queue
[2022-02-12 14:26:26,039] {logging_mixin.py:104} INFO - [2022-02-12 14:26:26,039] {dagbag.py:487} INFO - Filling up the DagBag from /home/agalli/sandbox/lib/python3.6/site-packages/airflow/example_dags/tutorial_taskflow_api_etl_virtualenv.py
[2022-02-12 14:26:26,062] {scheduler_job.py:643} INFO - DAG(s) dict_keys(['tutorial_taskflow_api_etl_virtualenv']) retrieved from /home/agalli/sandbox/lib/python3.6/site-packages/airflow/example_dags/tutorial_taskflow_api_etl_virtualenv.py
[2022-02-12 14:26:26,424] {logging_mixin.py:104} INFO - [2022-02-12 14:26:26,423] {dag.py:1832} INFO - Sync 1 DAGs
[2022-02-12 14:26:26,451] {logging_mixin.py:104} INFO - [2022-02-12 14:26:26,451] {dag.py:2305} INFO - Setting next_dagrun for tutorial_taskflow_api_etl_virtualenv to None
[2022-02-12 14:26:26,487] {scheduler_job.py:190} INFO - Processing /home/agalli/sandbox/lib/python3.6/site-packages/airflow/example_dags/tutorial_taskflow_api_etl_virtualenv.py took 0.457 seconds
[2022-02-12 14:26:57,173] {scheduler_job.py:182} INFO - Started process (PID=9756) to work on /home/agalli/sandbox/lib/python3.6/site-packages/airflow/example_dags/tutorial_taskflow_api_etl_virtualenv.py
[2022-02-12 14:26:57,174] {scheduler_job.py:633} INFO - Processing file /home/agalli/sandbox/lib/python3.6/site-packages/airflow/example_dags/tutorial_taskflow_api_etl_virtualenv.py for tasks to queue
[2022-02-12 14:26:57,174] {logging_mixin.py:104} INFO - [2022-02-12 14:26:57,174] {dagbag.py:487} INFO - Filling up the DagBag from /home/agalli/sandbox/lib/python3.6/site-packages/airflow/example_dags/tutorial_taskflow_api_etl_virtualenv.py
[2022-02-12 14:26:57,189] {scheduler_job.py:643} INFO - DAG(s) dict_keys(['tutorial_taskflow_api_etl_virtualenv']) retrieved from /home/agalli/sandbox/lib/python3.6/site-packages/airflow/example_dags/tutorial_taskflow_api_etl_virtualenv.py
[2022-02-12 14:26:57,412] {logging_mixin.py:104} INFO - [2022-02-12 14:26:57,412] {dag.py:1832} INFO - Sync 1 DAGs
[2022-02-12 14:26:57,426] {logging_mixin.py:104} INFO - [2022-02-12 14:26:57,426] {dag.py:2305} INFO - Setting next_dagrun for tutorial_taskflow_api_etl_virtualenv to None
[2022-02-12 14:26:57,439] {scheduler_job.py:190} INFO - Processing /home/agalli/sandbox/lib/python3.6/site-packages/airflow/example_dags/tutorial_taskflow_api_etl_virtualenv.py took 0.270 seconds
[2022-02-12 14:27:28,122] {scheduler_job.py:182} INFO - Started process (PID=9958) to work on /home/agalli/sandbox/lib/python3.6/site-packages/airflow/example_dags/tutorial_taskflow_api_etl_virtualenv.py
[2022-02-12 14:27:28,123] {scheduler_job.py:633} INFO - Processing file /home/agalli/sandbox/lib/python3.6/site-packages/airflow/example_dags/tutorial_taskflow_api_etl_virtualenv.py for tasks to queue
[2022-02-12 14:27:28,124] {logging_mixin.py:104} INFO - [2022-02-12 14:27:28,124] {dagbag.py:487} INFO - Filling up the DagBag from /home/agalli/sandbox/lib/python3.6/site-packages/airflow/example_dags/tutorial_taskflow_api_etl_virtualenv.py
[2022-02-12 14:27:28,138] {scheduler_job.py:643} INFO - DAG(s) dict_keys(['tutorial_taskflow_api_etl_virtualenv']) retrieved from /home/agalli/sandbox/lib/python3.6/site-packages/airflow/example_dags/tutorial_taskflow_api_etl_virtualenv.py
[2022-02-12 14:27:28,358] {logging_mixin.py:104} INFO - [2022-02-12 14:27:28,358] {dag.py:1832} INFO - Sync 1 DAGs
[2022-02-12 14:27:28,372] {logging_mixin.py:104} INFO - [2022-02-12 14:27:28,371] {dag.py:2305} INFO - Setting next_dagrun for tutorial_taskflow_api_etl_virtualenv to None
[2022-02-12 14:27:28,388] {scheduler_job.py:190} INFO - Processing /home/agalli/sandbox/lib/python3.6/site-packages/airflow/example_dags/tutorial_taskflow_api_etl_virtualenv.py took 0.268 seconds
[2022-02-12 14:27:58,578] {scheduler_job.py:182} INFO - Started process (PID=10161) to work on /home/agalli/sandbox/lib/python3.6/site-packages/airflow/example_dags/tutorial_taskflow_api_etl_virtualenv.py
[2022-02-12 14:27:58,579] {scheduler_job.py:633} INFO - Processing file /home/agalli/sandbox/lib/python3.6/site-packages/airflow/example_dags/tutorial_taskflow_api_etl_virtualenv.py for tasks to queue
[2022-02-12 14:27:58,580] {logging_mixin.py:104} INFO - [2022-02-12 14:27:58,580] {dagbag.py:487} INFO - Filling up the DagBag from /home/agalli/sandbox/lib/python3.6/site-packages/airflow/example_dags/tutorial_taskflow_api_etl_virtualenv.py
[2022-02-12 14:27:58,594] {scheduler_job.py:643} INFO - DAG(s) dict_keys(['tutorial_taskflow_api_etl_virtualenv']) retrieved from /home/agalli/sandbox/lib/python3.6/site-packages/airflow/example_dags/tutorial_taskflow_api_etl_virtualenv.py
[2022-02-12 14:27:58,813] {logging_mixin.py:104} INFO - [2022-02-12 14:27:58,813] {dag.py:1832} INFO - Sync 1 DAGs
[2022-02-12 14:27:58,827] {logging_mixin.py:104} INFO - [2022-02-12 14:27:58,827] {dag.py:2305} INFO - Setting next_dagrun for tutorial_taskflow_api_etl_virtualenv to None
[2022-02-12 14:27:58,843] {scheduler_job.py:190} INFO - Processing /home/agalli/sandbox/lib/python3.6/site-packages/airflow/example_dags/tutorial_taskflow_api_etl_virtualenv.py took 0.268 seconds
[2022-02-12 14:28:28,943] {scheduler_job.py:182} INFO - Started process (PID=10363) to work on /home/agalli/sandbox/lib/python3.6/site-packages/airflow/example_dags/tutorial_taskflow_api_etl_virtualenv.py
[2022-02-12 14:28:28,944] {scheduler_job.py:633} INFO - Processing file /home/agalli/sandbox/lib/python3.6/site-packages/airflow/example_dags/tutorial_taskflow_api_etl_virtualenv.py for tasks to queue
[2022-02-12 14:28:28,946] {logging_mixin.py:104} INFO - [2022-02-12 14:28:28,945] {dagbag.py:487} INFO - Filling up the DagBag from /home/agalli/sandbox/lib/python3.6/site-packages/airflow/example_dags/tutorial_taskflow_api_etl_virtualenv.py
[2022-02-12 14:28:28,970] {scheduler_job.py:643} INFO - DAG(s) dict_keys(['tutorial_taskflow_api_etl_virtualenv']) retrieved from /home/agalli/sandbox/lib/python3.6/site-packages/airflow/example_dags/tutorial_taskflow_api_etl_virtualenv.py
[2022-02-12 14:28:29,261] {logging_mixin.py:104} INFO - [2022-02-12 14:28:29,261] {dag.py:1832} INFO - Sync 1 DAGs
[2022-02-12 14:28:29,275] {logging_mixin.py:104} INFO - [2022-02-12 14:28:29,275] {dag.py:2305} INFO - Setting next_dagrun for tutorial_taskflow_api_etl_virtualenv to None
[2022-02-12 14:28:29,293] {scheduler_job.py:190} INFO - Processing /home/agalli/sandbox/lib/python3.6/site-packages/airflow/example_dags/tutorial_taskflow_api_etl_virtualenv.py took 0.354 seconds
[2022-02-12 14:28:59,472] {scheduler_job.py:182} INFO - Started process (PID=10565) to work on /home/agalli/sandbox/lib/python3.6/site-packages/airflow/example_dags/tutorial_taskflow_api_etl_virtualenv.py
[2022-02-12 14:28:59,473] {scheduler_job.py:633} INFO - Processing file /home/agalli/sandbox/lib/python3.6/site-packages/airflow/example_dags/tutorial_taskflow_api_etl_virtualenv.py for tasks to queue
[2022-02-12 14:28:59,474] {logging_mixin.py:104} INFO - [2022-02-12 14:28:59,474] {dagbag.py:487} INFO - Filling up the DagBag from /home/agalli/sandbox/lib/python3.6/site-packages/airflow/example_dags/tutorial_taskflow_api_etl_virtualenv.py
[2022-02-12 14:28:59,494] {scheduler_job.py:643} INFO - DAG(s) dict_keys(['tutorial_taskflow_api_etl_virtualenv']) retrieved from /home/agalli/sandbox/lib/python3.6/site-packages/airflow/example_dags/tutorial_taskflow_api_etl_virtualenv.py
[2022-02-12 14:28:59,527] {logging_mixin.py:104} INFO - [2022-02-12 14:28:59,526] {dag.py:1832} INFO - Sync 1 DAGs
[2022-02-12 14:28:59,547] {logging_mixin.py:104} INFO - [2022-02-12 14:28:59,547] {dag.py:2305} INFO - Setting next_dagrun for tutorial_taskflow_api_etl_virtualenv to None
[2022-02-12 14:28:59,564] {scheduler_job.py:190} INFO - Processing /home/agalli/sandbox/lib/python3.6/site-packages/airflow/example_dags/tutorial_taskflow_api_etl_virtualenv.py took 0.097 seconds
[2022-02-12 14:29:30,141] {scheduler_job.py:182} INFO - Started process (PID=10767) to work on /home/agalli/sandbox/lib/python3.6/site-packages/airflow/example_dags/tutorial_taskflow_api_etl_virtualenv.py
[2022-02-12 14:29:30,143] {scheduler_job.py:633} INFO - Processing file /home/agalli/sandbox/lib/python3.6/site-packages/airflow/example_dags/tutorial_taskflow_api_etl_virtualenv.py for tasks to queue
[2022-02-12 14:29:30,143] {logging_mixin.py:104} INFO - [2022-02-12 14:29:30,143] {dagbag.py:487} INFO - Filling up the DagBag from /home/agalli/sandbox/lib/python3.6/site-packages/airflow/example_dags/tutorial_taskflow_api_etl_virtualenv.py
[2022-02-12 14:29:30,159] {scheduler_job.py:643} INFO - DAG(s) dict_keys(['tutorial_taskflow_api_etl_virtualenv']) retrieved from /home/agalli/sandbox/lib/python3.6/site-packages/airflow/example_dags/tutorial_taskflow_api_etl_virtualenv.py
[2022-02-12 14:29:30,456] {logging_mixin.py:104} INFO - [2022-02-12 14:29:30,456] {dag.py:1832} INFO - Sync 1 DAGs
[2022-02-12 14:29:30,477] {logging_mixin.py:104} INFO - [2022-02-12 14:29:30,477] {dag.py:2305} INFO - Setting next_dagrun for tutorial_taskflow_api_etl_virtualenv to None
[2022-02-12 14:29:30,494] {scheduler_job.py:190} INFO - Processing /home/agalli/sandbox/lib/python3.6/site-packages/airflow/example_dags/tutorial_taskflow_api_etl_virtualenv.py took 0.356 seconds
[2022-02-12 14:30:00,912] {scheduler_job.py:182} INFO - Started process (PID=10969) to work on /home/agalli/sandbox/lib/python3.6/site-packages/airflow/example_dags/tutorial_taskflow_api_etl_virtualenv.py
[2022-02-12 14:30:00,913] {scheduler_job.py:633} INFO - Processing file /home/agalli/sandbox/lib/python3.6/site-packages/airflow/example_dags/tutorial_taskflow_api_etl_virtualenv.py for tasks to queue
[2022-02-12 14:30:00,914] {logging_mixin.py:104} INFO - [2022-02-12 14:30:00,913] {dagbag.py:487} INFO - Filling up the DagBag from /home/agalli/sandbox/lib/python3.6/site-packages/airflow/example_dags/tutorial_taskflow_api_etl_virtualenv.py
[2022-02-12 14:30:00,933] {scheduler_job.py:643} INFO - DAG(s) dict_keys(['tutorial_taskflow_api_etl_virtualenv']) retrieved from /home/agalli/sandbox/lib/python3.6/site-packages/airflow/example_dags/tutorial_taskflow_api_etl_virtualenv.py
[2022-02-12 14:30:01,290] {logging_mixin.py:104} INFO - [2022-02-12 14:30:01,290] {dag.py:1832} INFO - Sync 1 DAGs
[2022-02-12 14:30:01,315] {logging_mixin.py:104} INFO - [2022-02-12 14:30:01,315] {dag.py:2305} INFO - Setting next_dagrun for tutorial_taskflow_api_etl_virtualenv to None
[2022-02-12 14:30:01,333] {scheduler_job.py:190} INFO - Processing /home/agalli/sandbox/lib/python3.6/site-packages/airflow/example_dags/tutorial_taskflow_api_etl_virtualenv.py took 0.425 seconds
[2022-02-12 14:51:56,972] {scheduler_job.py:182} INFO - Started process (PID=14399) to work on /home/agalli/sandbox/lib/python3.6/site-packages/airflow/example_dags/tutorial_taskflow_api_etl_virtualenv.py
[2022-02-12 14:51:56,985] {scheduler_job.py:633} INFO - Processing file /home/agalli/sandbox/lib/python3.6/site-packages/airflow/example_dags/tutorial_taskflow_api_etl_virtualenv.py for tasks to queue
[2022-02-12 14:51:56,988] {logging_mixin.py:104} INFO - [2022-02-12 14:51:56,987] {dagbag.py:487} INFO - Filling up the DagBag from /home/agalli/sandbox/lib/python3.6/site-packages/airflow/example_dags/tutorial_taskflow_api_etl_virtualenv.py
[2022-02-12 14:51:57,091] {scheduler_job.py:643} INFO - DAG(s) dict_keys(['tutorial_taskflow_api_etl_virtualenv']) retrieved from /home/agalli/sandbox/lib/python3.6/site-packages/airflow/example_dags/tutorial_taskflow_api_etl_virtualenv.py
[2022-02-12 14:52:00,233] {logging_mixin.py:104} INFO - [2022-02-12 14:52:00,220] {dag.py:1832} INFO - Sync 1 DAGs
[2022-02-12 14:52:00,441] {logging_mixin.py:104} INFO - [2022-02-12 14:52:00,441] {dag.py:2305} INFO - Setting next_dagrun for tutorial_taskflow_api_etl_virtualenv to None
[2022-02-12 14:52:00,688] {scheduler_job.py:190} INFO - Processing /home/agalli/sandbox/lib/python3.6/site-packages/airflow/example_dags/tutorial_taskflow_api_etl_virtualenv.py took 3.755 seconds
[2022-02-12 14:52:30,819] {scheduler_job.py:182} INFO - Started process (PID=14494) to work on /home/agalli/sandbox/lib/python3.6/site-packages/airflow/example_dags/tutorial_taskflow_api_etl_virtualenv.py
[2022-02-12 14:52:30,824] {scheduler_job.py:633} INFO - Processing file /home/agalli/sandbox/lib/python3.6/site-packages/airflow/example_dags/tutorial_taskflow_api_etl_virtualenv.py for tasks to queue
[2022-02-12 14:52:30,825] {logging_mixin.py:104} INFO - [2022-02-12 14:52:30,825] {dagbag.py:487} INFO - Filling up the DagBag from /home/agalli/sandbox/lib/python3.6/site-packages/airflow/example_dags/tutorial_taskflow_api_etl_virtualenv.py
[2022-02-12 14:52:30,900] {scheduler_job.py:643} INFO - DAG(s) dict_keys(['tutorial_taskflow_api_etl_virtualenv']) retrieved from /home/agalli/sandbox/lib/python3.6/site-packages/airflow/example_dags/tutorial_taskflow_api_etl_virtualenv.py
[2022-02-12 14:52:31,746] {logging_mixin.py:104} INFO - [2022-02-12 14:52:31,746] {dag.py:1832} INFO - Sync 1 DAGs
[2022-02-12 14:52:31,786] {logging_mixin.py:104} INFO - [2022-02-12 14:52:31,786] {dag.py:2305} INFO - Setting next_dagrun for tutorial_taskflow_api_etl_virtualenv to None
[2022-02-12 14:52:31,816] {scheduler_job.py:190} INFO - Processing /home/agalli/sandbox/lib/python3.6/site-packages/airflow/example_dags/tutorial_taskflow_api_etl_virtualenv.py took 1.006 seconds
[2022-02-12 14:53:02,041] {scheduler_job.py:182} INFO - Started process (PID=14744) to work on /home/agalli/sandbox/lib/python3.6/site-packages/airflow/example_dags/tutorial_taskflow_api_etl_virtualenv.py
[2022-02-12 14:53:02,053] {scheduler_job.py:633} INFO - Processing file /home/agalli/sandbox/lib/python3.6/site-packages/airflow/example_dags/tutorial_taskflow_api_etl_virtualenv.py for tasks to queue
[2022-02-12 14:53:02,055] {logging_mixin.py:104} INFO - [2022-02-12 14:53:02,054] {dagbag.py:487} INFO - Filling up the DagBag from /home/agalli/sandbox/lib/python3.6/site-packages/airflow/example_dags/tutorial_taskflow_api_etl_virtualenv.py
[2022-02-12 14:53:02,159] {scheduler_job.py:643} INFO - DAG(s) dict_keys(['tutorial_taskflow_api_etl_virtualenv']) retrieved from /home/agalli/sandbox/lib/python3.6/site-packages/airflow/example_dags/tutorial_taskflow_api_etl_virtualenv.py
[2022-02-12 14:53:03,211] {logging_mixin.py:104} INFO - [2022-02-12 14:53:03,211] {dag.py:1832} INFO - Sync 1 DAGs
[2022-02-12 14:53:03,242] {logging_mixin.py:104} INFO - [2022-02-12 14:53:03,242] {dag.py:2305} INFO - Setting next_dagrun for tutorial_taskflow_api_etl_virtualenv to None
[2022-02-12 14:53:03,266] {scheduler_job.py:190} INFO - Processing /home/agalli/sandbox/lib/python3.6/site-packages/airflow/example_dags/tutorial_taskflow_api_etl_virtualenv.py took 1.242 seconds
[2022-02-12 14:53:33,757] {scheduler_job.py:182} INFO - Started process (PID=15363) to work on /home/agalli/sandbox/lib/python3.6/site-packages/airflow/example_dags/tutorial_taskflow_api_etl_virtualenv.py
[2022-02-12 14:53:33,764] {scheduler_job.py:633} INFO - Processing file /home/agalli/sandbox/lib/python3.6/site-packages/airflow/example_dags/tutorial_taskflow_api_etl_virtualenv.py for tasks to queue
[2022-02-12 14:53:33,767] {logging_mixin.py:104} INFO - [2022-02-12 14:53:33,767] {dagbag.py:487} INFO - Filling up the DagBag from /home/agalli/sandbox/lib/python3.6/site-packages/airflow/example_dags/tutorial_taskflow_api_etl_virtualenv.py
[2022-02-12 14:53:33,932] {scheduler_job.py:643} INFO - DAG(s) dict_keys(['tutorial_taskflow_api_etl_virtualenv']) retrieved from /home/agalli/sandbox/lib/python3.6/site-packages/airflow/example_dags/tutorial_taskflow_api_etl_virtualenv.py
[2022-02-12 14:53:34,916] {logging_mixin.py:104} INFO - [2022-02-12 14:53:34,915] {dag.py:1832} INFO - Sync 1 DAGs
[2022-02-12 14:53:34,966] {logging_mixin.py:104} INFO - [2022-02-12 14:53:34,965] {dag.py:2305} INFO - Setting next_dagrun for tutorial_taskflow_api_etl_virtualenv to None
[2022-02-12 14:53:35,057] {scheduler_job.py:190} INFO - Processing /home/agalli/sandbox/lib/python3.6/site-packages/airflow/example_dags/tutorial_taskflow_api_etl_virtualenv.py took 1.323 seconds
[2022-02-12 14:54:05,908] {scheduler_job.py:182} INFO - Started process (PID=15746) to work on /home/agalli/sandbox/lib/python3.6/site-packages/airflow/example_dags/tutorial_taskflow_api_etl_virtualenv.py
[2022-02-12 14:54:05,910] {scheduler_job.py:633} INFO - Processing file /home/agalli/sandbox/lib/python3.6/site-packages/airflow/example_dags/tutorial_taskflow_api_etl_virtualenv.py for tasks to queue
[2022-02-12 14:54:05,912] {logging_mixin.py:104} INFO - [2022-02-12 14:54:05,912] {dagbag.py:487} INFO - Filling up the DagBag from /home/agalli/sandbox/lib/python3.6/site-packages/airflow/example_dags/tutorial_taskflow_api_etl_virtualenv.py
[2022-02-12 14:54:05,986] {scheduler_job.py:643} INFO - DAG(s) dict_keys(['tutorial_taskflow_api_etl_virtualenv']) retrieved from /home/agalli/sandbox/lib/python3.6/site-packages/airflow/example_dags/tutorial_taskflow_api_etl_virtualenv.py
[2022-02-12 14:54:06,789] {logging_mixin.py:104} INFO - [2022-02-12 14:54:06,788] {dag.py:1832} INFO - Sync 1 DAGs
[2022-02-12 14:54:06,810] {logging_mixin.py:104} INFO - [2022-02-12 14:54:06,809] {dag.py:2305} INFO - Setting next_dagrun for tutorial_taskflow_api_etl_virtualenv to None
[2022-02-12 14:54:06,829] {scheduler_job.py:190} INFO - Processing /home/agalli/sandbox/lib/python3.6/site-packages/airflow/example_dags/tutorial_taskflow_api_etl_virtualenv.py took 0.935 seconds
[2022-02-12 14:54:37,113] {scheduler_job.py:182} INFO - Started process (PID=15846) to work on /home/agalli/sandbox/lib/python3.6/site-packages/airflow/example_dags/tutorial_taskflow_api_etl_virtualenv.py
[2022-02-12 14:54:37,114] {scheduler_job.py:633} INFO - Processing file /home/agalli/sandbox/lib/python3.6/site-packages/airflow/example_dags/tutorial_taskflow_api_etl_virtualenv.py for tasks to queue
[2022-02-12 14:54:37,115] {logging_mixin.py:104} INFO - [2022-02-12 14:54:37,115] {dagbag.py:487} INFO - Filling up the DagBag from /home/agalli/sandbox/lib/python3.6/site-packages/airflow/example_dags/tutorial_taskflow_api_etl_virtualenv.py
[2022-02-12 14:54:37,139] {scheduler_job.py:643} INFO - DAG(s) dict_keys(['tutorial_taskflow_api_etl_virtualenv']) retrieved from /home/agalli/sandbox/lib/python3.6/site-packages/airflow/example_dags/tutorial_taskflow_api_etl_virtualenv.py
[2022-02-12 14:54:37,375] {logging_mixin.py:104} INFO - [2022-02-12 14:54:37,375] {dag.py:1832} INFO - Sync 1 DAGs
[2022-02-12 14:54:37,390] {logging_mixin.py:104} INFO - [2022-02-12 14:54:37,390] {dag.py:2305} INFO - Setting next_dagrun for tutorial_taskflow_api_etl_virtualenv to None
[2022-02-12 14:54:37,403] {scheduler_job.py:190} INFO - Processing /home/agalli/sandbox/lib/python3.6/site-packages/airflow/example_dags/tutorial_taskflow_api_etl_virtualenv.py took 0.295 seconds
[2022-02-12 14:55:07,462] {scheduler_job.py:182} INFO - Started process (PID=15988) to work on /home/agalli/sandbox/lib/python3.6/site-packages/airflow/example_dags/tutorial_taskflow_api_etl_virtualenv.py
[2022-02-12 14:55:07,463] {scheduler_job.py:633} INFO - Processing file /home/agalli/sandbox/lib/python3.6/site-packages/airflow/example_dags/tutorial_taskflow_api_etl_virtualenv.py for tasks to queue
[2022-02-12 14:55:07,464] {logging_mixin.py:104} INFO - [2022-02-12 14:55:07,464] {dagbag.py:487} INFO - Filling up the DagBag from /home/agalli/sandbox/lib/python3.6/site-packages/airflow/example_dags/tutorial_taskflow_api_etl_virtualenv.py
[2022-02-12 14:55:07,479] {scheduler_job.py:643} INFO - DAG(s) dict_keys(['tutorial_taskflow_api_etl_virtualenv']) retrieved from /home/agalli/sandbox/lib/python3.6/site-packages/airflow/example_dags/tutorial_taskflow_api_etl_virtualenv.py
[2022-02-12 14:55:07,507] {logging_mixin.py:104} INFO - [2022-02-12 14:55:07,507] {dag.py:1832} INFO - Sync 1 DAGs
[2022-02-12 14:55:07,523] {logging_mixin.py:104} INFO - [2022-02-12 14:55:07,523] {dag.py:2305} INFO - Setting next_dagrun for tutorial_taskflow_api_etl_virtualenv to None
[2022-02-12 14:55:07,535] {scheduler_job.py:190} INFO - Processing /home/agalli/sandbox/lib/python3.6/site-packages/airflow/example_dags/tutorial_taskflow_api_etl_virtualenv.py took 0.077 seconds
[2022-02-12 14:56:33,181] {scheduler_job.py:182} INFO - Started process (PID=16331) to work on /home/agalli/sandbox/lib/python3.6/site-packages/airflow/example_dags/tutorial_taskflow_api_etl_virtualenv.py
[2022-02-12 14:56:33,184] {scheduler_job.py:633} INFO - Processing file /home/agalli/sandbox/lib/python3.6/site-packages/airflow/example_dags/tutorial_taskflow_api_etl_virtualenv.py for tasks to queue
[2022-02-12 14:56:33,192] {logging_mixin.py:104} INFO - [2022-02-12 14:56:33,192] {dagbag.py:487} INFO - Filling up the DagBag from /home/agalli/sandbox/lib/python3.6/site-packages/airflow/example_dags/tutorial_taskflow_api_etl_virtualenv.py
[2022-02-12 14:56:33,301] {scheduler_job.py:643} INFO - DAG(s) dict_keys(['tutorial_taskflow_api_etl_virtualenv']) retrieved from /home/agalli/sandbox/lib/python3.6/site-packages/airflow/example_dags/tutorial_taskflow_api_etl_virtualenv.py
[2022-02-12 14:56:34,466] {logging_mixin.py:104} INFO - [2022-02-12 14:56:34,465] {dag.py:1832} INFO - Sync 1 DAGs
[2022-02-12 14:56:34,572] {logging_mixin.py:104} INFO - [2022-02-12 14:56:34,572] {dag.py:2305} INFO - Setting next_dagrun for tutorial_taskflow_api_etl_virtualenv to None
[2022-02-12 14:56:34,612] {scheduler_job.py:190} INFO - Processing /home/agalli/sandbox/lib/python3.6/site-packages/airflow/example_dags/tutorial_taskflow_api_etl_virtualenv.py took 1.469 seconds
[2022-02-12 14:57:05,280] {scheduler_job.py:182} INFO - Started process (PID=16431) to work on /home/agalli/sandbox/lib/python3.6/site-packages/airflow/example_dags/tutorial_taskflow_api_etl_virtualenv.py
[2022-02-12 14:57:05,284] {scheduler_job.py:633} INFO - Processing file /home/agalli/sandbox/lib/python3.6/site-packages/airflow/example_dags/tutorial_taskflow_api_etl_virtualenv.py for tasks to queue
[2022-02-12 14:57:05,287] {logging_mixin.py:104} INFO - [2022-02-12 14:57:05,287] {dagbag.py:487} INFO - Filling up the DagBag from /home/agalli/sandbox/lib/python3.6/site-packages/airflow/example_dags/tutorial_taskflow_api_etl_virtualenv.py
[2022-02-12 14:57:05,311] {scheduler_job.py:643} INFO - DAG(s) dict_keys(['tutorial_taskflow_api_etl_virtualenv']) retrieved from /home/agalli/sandbox/lib/python3.6/site-packages/airflow/example_dags/tutorial_taskflow_api_etl_virtualenv.py
[2022-02-12 14:57:05,625] {logging_mixin.py:104} INFO - [2022-02-12 14:57:05,625] {dag.py:1832} INFO - Sync 1 DAGs
[2022-02-12 14:57:05,641] {logging_mixin.py:104} INFO - [2022-02-12 14:57:05,640] {dag.py:2305} INFO - Setting next_dagrun for tutorial_taskflow_api_etl_virtualenv to None
[2022-02-12 14:57:05,656] {scheduler_job.py:190} INFO - Processing /home/agalli/sandbox/lib/python3.6/site-packages/airflow/example_dags/tutorial_taskflow_api_etl_virtualenv.py took 0.382 seconds
[2022-02-12 14:57:36,585] {scheduler_job.py:182} INFO - Started process (PID=16656) to work on /home/agalli/sandbox/lib/python3.6/site-packages/airflow/example_dags/tutorial_taskflow_api_etl_virtualenv.py
[2022-02-12 14:57:36,586] {scheduler_job.py:633} INFO - Processing file /home/agalli/sandbox/lib/python3.6/site-packages/airflow/example_dags/tutorial_taskflow_api_etl_virtualenv.py for tasks to queue
[2022-02-12 14:57:36,586] {logging_mixin.py:104} INFO - [2022-02-12 14:57:36,586] {dagbag.py:487} INFO - Filling up the DagBag from /home/agalli/sandbox/lib/python3.6/site-packages/airflow/example_dags/tutorial_taskflow_api_etl_virtualenv.py
[2022-02-12 14:57:36,612] {scheduler_job.py:643} INFO - DAG(s) dict_keys(['tutorial_taskflow_api_etl_virtualenv']) retrieved from /home/agalli/sandbox/lib/python3.6/site-packages/airflow/example_dags/tutorial_taskflow_api_etl_virtualenv.py
[2022-02-12 14:57:36,870] {logging_mixin.py:104} INFO - [2022-02-12 14:57:36,870] {dag.py:1832} INFO - Sync 1 DAGs
[2022-02-12 14:57:36,889] {logging_mixin.py:104} INFO - [2022-02-12 14:57:36,888] {dag.py:2305} INFO - Setting next_dagrun for tutorial_taskflow_api_etl_virtualenv to None
[2022-02-12 14:57:36,906] {scheduler_job.py:190} INFO - Processing /home/agalli/sandbox/lib/python3.6/site-packages/airflow/example_dags/tutorial_taskflow_api_etl_virtualenv.py took 0.325 seconds
[2022-02-12 14:58:06,997] {scheduler_job.py:182} INFO - Started process (PID=16725) to work on /home/agalli/sandbox/lib/python3.6/site-packages/airflow/example_dags/tutorial_taskflow_api_etl_virtualenv.py
[2022-02-12 14:58:06,998] {scheduler_job.py:633} INFO - Processing file /home/agalli/sandbox/lib/python3.6/site-packages/airflow/example_dags/tutorial_taskflow_api_etl_virtualenv.py for tasks to queue
[2022-02-12 14:58:06,998] {logging_mixin.py:104} INFO - [2022-02-12 14:58:06,998] {dagbag.py:487} INFO - Filling up the DagBag from /home/agalli/sandbox/lib/python3.6/site-packages/airflow/example_dags/tutorial_taskflow_api_etl_virtualenv.py
[2022-02-12 14:58:07,013] {scheduler_job.py:643} INFO - DAG(s) dict_keys(['tutorial_taskflow_api_etl_virtualenv']) retrieved from /home/agalli/sandbox/lib/python3.6/site-packages/airflow/example_dags/tutorial_taskflow_api_etl_virtualenv.py
[2022-02-12 14:58:07,256] {logging_mixin.py:104} INFO - [2022-02-12 14:58:07,256] {dag.py:1832} INFO - Sync 1 DAGs
[2022-02-12 14:58:07,273] {logging_mixin.py:104} INFO - [2022-02-12 14:58:07,273] {dag.py:2305} INFO - Setting next_dagrun for tutorial_taskflow_api_etl_virtualenv to None
[2022-02-12 14:58:07,289] {scheduler_job.py:190} INFO - Processing /home/agalli/sandbox/lib/python3.6/site-packages/airflow/example_dags/tutorial_taskflow_api_etl_virtualenv.py took 0.296 seconds
[2022-02-12 14:58:37,513] {scheduler_job.py:182} INFO - Started process (PID=16795) to work on /home/agalli/sandbox/lib/python3.6/site-packages/airflow/example_dags/tutorial_taskflow_api_etl_virtualenv.py
[2022-02-12 14:58:37,515] {scheduler_job.py:633} INFO - Processing file /home/agalli/sandbox/lib/python3.6/site-packages/airflow/example_dags/tutorial_taskflow_api_etl_virtualenv.py for tasks to queue
[2022-02-12 14:58:37,516] {logging_mixin.py:104} INFO - [2022-02-12 14:58:37,515] {dagbag.py:487} INFO - Filling up the DagBag from /home/agalli/sandbox/lib/python3.6/site-packages/airflow/example_dags/tutorial_taskflow_api_etl_virtualenv.py
[2022-02-12 14:58:37,542] {scheduler_job.py:643} INFO - DAG(s) dict_keys(['tutorial_taskflow_api_etl_virtualenv']) retrieved from /home/agalli/sandbox/lib/python3.6/site-packages/airflow/example_dags/tutorial_taskflow_api_etl_virtualenv.py
[2022-02-12 14:58:37,866] {logging_mixin.py:104} INFO - [2022-02-12 14:58:37,866] {dag.py:1832} INFO - Sync 1 DAGs
[2022-02-12 14:58:37,886] {logging_mixin.py:104} INFO - [2022-02-12 14:58:37,886] {dag.py:2305} INFO - Setting next_dagrun for tutorial_taskflow_api_etl_virtualenv to None
[2022-02-12 14:58:37,912] {scheduler_job.py:190} INFO - Processing /home/agalli/sandbox/lib/python3.6/site-packages/airflow/example_dags/tutorial_taskflow_api_etl_virtualenv.py took 0.405 seconds
[2022-02-12 14:59:08,116] {scheduler_job.py:182} INFO - Started process (PID=16865) to work on /home/agalli/sandbox/lib/python3.6/site-packages/airflow/example_dags/tutorial_taskflow_api_etl_virtualenv.py
[2022-02-12 14:59:08,117] {scheduler_job.py:633} INFO - Processing file /home/agalli/sandbox/lib/python3.6/site-packages/airflow/example_dags/tutorial_taskflow_api_etl_virtualenv.py for tasks to queue
[2022-02-12 14:59:08,119] {logging_mixin.py:104} INFO - [2022-02-12 14:59:08,118] {dagbag.py:487} INFO - Filling up the DagBag from /home/agalli/sandbox/lib/python3.6/site-packages/airflow/example_dags/tutorial_taskflow_api_etl_virtualenv.py
[2022-02-12 14:59:08,140] {scheduler_job.py:643} INFO - DAG(s) dict_keys(['tutorial_taskflow_api_etl_virtualenv']) retrieved from /home/agalli/sandbox/lib/python3.6/site-packages/airflow/example_dags/tutorial_taskflow_api_etl_virtualenv.py
[2022-02-12 14:59:08,448] {logging_mixin.py:104} INFO - [2022-02-12 14:59:08,448] {dag.py:1832} INFO - Sync 1 DAGs
[2022-02-12 14:59:08,464] {logging_mixin.py:104} INFO - [2022-02-12 14:59:08,463] {dag.py:2305} INFO - Setting next_dagrun for tutorial_taskflow_api_etl_virtualenv to None
[2022-02-12 14:59:08,479] {scheduler_job.py:190} INFO - Processing /home/agalli/sandbox/lib/python3.6/site-packages/airflow/example_dags/tutorial_taskflow_api_etl_virtualenv.py took 0.367 seconds
[2022-02-12 14:59:38,622] {scheduler_job.py:182} INFO - Started process (PID=16941) to work on /home/agalli/sandbox/lib/python3.6/site-packages/airflow/example_dags/tutorial_taskflow_api_etl_virtualenv.py
[2022-02-12 14:59:38,624] {scheduler_job.py:633} INFO - Processing file /home/agalli/sandbox/lib/python3.6/site-packages/airflow/example_dags/tutorial_taskflow_api_etl_virtualenv.py for tasks to queue
[2022-02-12 14:59:38,624] {logging_mixin.py:104} INFO - [2022-02-12 14:59:38,624] {dagbag.py:487} INFO - Filling up the DagBag from /home/agalli/sandbox/lib/python3.6/site-packages/airflow/example_dags/tutorial_taskflow_api_etl_virtualenv.py
[2022-02-12 14:59:38,642] {scheduler_job.py:643} INFO - DAG(s) dict_keys(['tutorial_taskflow_api_etl_virtualenv']) retrieved from /home/agalli/sandbox/lib/python3.6/site-packages/airflow/example_dags/tutorial_taskflow_api_etl_virtualenv.py
[2022-02-12 14:59:38,953] {logging_mixin.py:104} INFO - [2022-02-12 14:59:38,952] {dag.py:1832} INFO - Sync 1 DAGs
[2022-02-12 14:59:38,970] {logging_mixin.py:104} INFO - [2022-02-12 14:59:38,970] {dag.py:2305} INFO - Setting next_dagrun for tutorial_taskflow_api_etl_virtualenv to None
[2022-02-12 14:59:38,987] {scheduler_job.py:190} INFO - Processing /home/agalli/sandbox/lib/python3.6/site-packages/airflow/example_dags/tutorial_taskflow_api_etl_virtualenv.py took 0.368 seconds
[2022-02-12 15:00:09,484] {scheduler_job.py:182} INFO - Started process (PID=17011) to work on /home/agalli/sandbox/lib/python3.6/site-packages/airflow/example_dags/tutorial_taskflow_api_etl_virtualenv.py
[2022-02-12 15:00:09,486] {scheduler_job.py:633} INFO - Processing file /home/agalli/sandbox/lib/python3.6/site-packages/airflow/example_dags/tutorial_taskflow_api_etl_virtualenv.py for tasks to queue
[2022-02-12 15:00:09,487] {logging_mixin.py:104} INFO - [2022-02-12 15:00:09,486] {dagbag.py:487} INFO - Filling up the DagBag from /home/agalli/sandbox/lib/python3.6/site-packages/airflow/example_dags/tutorial_taskflow_api_etl_virtualenv.py
[2022-02-12 15:00:09,502] {scheduler_job.py:643} INFO - DAG(s) dict_keys(['tutorial_taskflow_api_etl_virtualenv']) retrieved from /home/agalli/sandbox/lib/python3.6/site-packages/airflow/example_dags/tutorial_taskflow_api_etl_virtualenv.py
[2022-02-12 15:00:09,947] {logging_mixin.py:104} INFO - [2022-02-12 15:00:09,947] {dag.py:1832} INFO - Sync 1 DAGs
[2022-02-12 15:00:09,985] {logging_mixin.py:104} INFO - [2022-02-12 15:00:09,985] {dag.py:2305} INFO - Setting next_dagrun for tutorial_taskflow_api_etl_virtualenv to None
[2022-02-12 15:00:10,015] {scheduler_job.py:190} INFO - Processing /home/agalli/sandbox/lib/python3.6/site-packages/airflow/example_dags/tutorial_taskflow_api_etl_virtualenv.py took 0.534 seconds
[2022-02-12 15:00:35,147] {scheduler_job.py:182} INFO - Started process (PID=17368) to work on /home/agalli/sandbox/lib/python3.6/site-packages/airflow/example_dags/tutorial_taskflow_api_etl_virtualenv.py
[2022-02-12 15:00:35,150] {scheduler_job.py:633} INFO - Processing file /home/agalli/sandbox/lib/python3.6/site-packages/airflow/example_dags/tutorial_taskflow_api_etl_virtualenv.py for tasks to queue
[2022-02-12 15:00:35,152] {logging_mixin.py:104} INFO - [2022-02-12 15:00:35,151] {dagbag.py:487} INFO - Filling up the DagBag from /home/agalli/sandbox/lib/python3.6/site-packages/airflow/example_dags/tutorial_taskflow_api_etl_virtualenv.py
[2022-02-12 15:00:35,226] {scheduler_job.py:643} INFO - DAG(s) dict_keys(['tutorial_taskflow_api_etl_virtualenv']) retrieved from /home/agalli/sandbox/lib/python3.6/site-packages/airflow/example_dags/tutorial_taskflow_api_etl_virtualenv.py
[2022-02-12 15:00:35,311] {logging_mixin.py:104} INFO - [2022-02-12 15:00:35,310] {dag.py:1832} INFO - Sync 1 DAGs
[2022-02-12 15:00:35,404] {logging_mixin.py:104} INFO - [2022-02-12 15:00:35,403] {dag.py:2305} INFO - Setting next_dagrun for tutorial_taskflow_api_etl_virtualenv to None
[2022-02-12 15:00:35,581] {scheduler_job.py:190} INFO - Processing /home/agalli/sandbox/lib/python3.6/site-packages/airflow/example_dags/tutorial_taskflow_api_etl_virtualenv.py took 0.446 seconds
[2022-02-12 15:01:05,677] {scheduler_job.py:182} INFO - Started process (PID=17809) to work on /home/agalli/sandbox/lib/python3.6/site-packages/airflow/example_dags/tutorial_taskflow_api_etl_virtualenv.py
[2022-02-12 15:01:05,687] {scheduler_job.py:633} INFO - Processing file /home/agalli/sandbox/lib/python3.6/site-packages/airflow/example_dags/tutorial_taskflow_api_etl_virtualenv.py for tasks to queue
[2022-02-12 15:01:05,689] {logging_mixin.py:104} INFO - [2022-02-12 15:01:05,689] {dagbag.py:487} INFO - Filling up the DagBag from /home/agalli/sandbox/lib/python3.6/site-packages/airflow/example_dags/tutorial_taskflow_api_etl_virtualenv.py
[2022-02-12 15:01:05,764] {scheduler_job.py:643} INFO - DAG(s) dict_keys(['tutorial_taskflow_api_etl_virtualenv']) retrieved from /home/agalli/sandbox/lib/python3.6/site-packages/airflow/example_dags/tutorial_taskflow_api_etl_virtualenv.py
[2022-02-12 15:01:06,621] {logging_mixin.py:104} INFO - [2022-02-12 15:01:06,620] {dag.py:1832} INFO - Sync 1 DAGs
[2022-02-12 15:01:06,676] {logging_mixin.py:104} INFO - [2022-02-12 15:01:06,676] {dag.py:2305} INFO - Setting next_dagrun for tutorial_taskflow_api_etl_virtualenv to None
[2022-02-12 15:01:06,729] {scheduler_job.py:190} INFO - Processing /home/agalli/sandbox/lib/python3.6/site-packages/airflow/example_dags/tutorial_taskflow_api_etl_virtualenv.py took 1.062 seconds
[2022-02-12 15:01:37,415] {scheduler_job.py:182} INFO - Started process (PID=18041) to work on /home/agalli/sandbox/lib/python3.6/site-packages/airflow/example_dags/tutorial_taskflow_api_etl_virtualenv.py
[2022-02-12 15:01:37,418] {scheduler_job.py:633} INFO - Processing file /home/agalli/sandbox/lib/python3.6/site-packages/airflow/example_dags/tutorial_taskflow_api_etl_virtualenv.py for tasks to queue
[2022-02-12 15:01:37,419] {logging_mixin.py:104} INFO - [2022-02-12 15:01:37,419] {dagbag.py:487} INFO - Filling up the DagBag from /home/agalli/sandbox/lib/python3.6/site-packages/airflow/example_dags/tutorial_taskflow_api_etl_virtualenv.py
[2022-02-12 15:01:37,447] {scheduler_job.py:643} INFO - DAG(s) dict_keys(['tutorial_taskflow_api_etl_virtualenv']) retrieved from /home/agalli/sandbox/lib/python3.6/site-packages/airflow/example_dags/tutorial_taskflow_api_etl_virtualenv.py
[2022-02-12 15:01:37,900] {logging_mixin.py:104} INFO - [2022-02-12 15:01:37,900] {dag.py:1832} INFO - Sync 1 DAGs
[2022-02-12 15:01:37,918] {logging_mixin.py:104} INFO - [2022-02-12 15:01:37,918] {dag.py:2305} INFO - Setting next_dagrun for tutorial_taskflow_api_etl_virtualenv to None
[2022-02-12 15:01:37,937] {scheduler_job.py:190} INFO - Processing /home/agalli/sandbox/lib/python3.6/site-packages/airflow/example_dags/tutorial_taskflow_api_etl_virtualenv.py took 0.528 seconds
[2022-02-12 15:02:08,224] {scheduler_job.py:182} INFO - Started process (PID=18303) to work on /home/agalli/sandbox/lib/python3.6/site-packages/airflow/example_dags/tutorial_taskflow_api_etl_virtualenv.py
[2022-02-12 15:02:08,226] {scheduler_job.py:633} INFO - Processing file /home/agalli/sandbox/lib/python3.6/site-packages/airflow/example_dags/tutorial_taskflow_api_etl_virtualenv.py for tasks to queue
[2022-02-12 15:02:08,227] {logging_mixin.py:104} INFO - [2022-02-12 15:02:08,227] {dagbag.py:487} INFO - Filling up the DagBag from /home/agalli/sandbox/lib/python3.6/site-packages/airflow/example_dags/tutorial_taskflow_api_etl_virtualenv.py
[2022-02-12 15:02:08,249] {scheduler_job.py:643} INFO - DAG(s) dict_keys(['tutorial_taskflow_api_etl_virtualenv']) retrieved from /home/agalli/sandbox/lib/python3.6/site-packages/airflow/example_dags/tutorial_taskflow_api_etl_virtualenv.py
[2022-02-12 15:02:08,687] {logging_mixin.py:104} INFO - [2022-02-12 15:02:08,687] {dag.py:1832} INFO - Sync 1 DAGs
[2022-02-12 15:02:08,705] {logging_mixin.py:104} INFO - [2022-02-12 15:02:08,705] {dag.py:2305} INFO - Setting next_dagrun for tutorial_taskflow_api_etl_virtualenv to None
[2022-02-12 15:02:08,723] {scheduler_job.py:190} INFO - Processing /home/agalli/sandbox/lib/python3.6/site-packages/airflow/example_dags/tutorial_taskflow_api_etl_virtualenv.py took 0.504 seconds
[2022-02-12 15:02:38,831] {scheduler_job.py:182} INFO - Started process (PID=18775) to work on /home/agalli/sandbox/lib/python3.6/site-packages/airflow/example_dags/tutorial_taskflow_api_etl_virtualenv.py
[2022-02-12 15:02:38,833] {scheduler_job.py:633} INFO - Processing file /home/agalli/sandbox/lib/python3.6/site-packages/airflow/example_dags/tutorial_taskflow_api_etl_virtualenv.py for tasks to queue
[2022-02-12 15:02:38,834] {logging_mixin.py:104} INFO - [2022-02-12 15:02:38,834] {dagbag.py:487} INFO - Filling up the DagBag from /home/agalli/sandbox/lib/python3.6/site-packages/airflow/example_dags/tutorial_taskflow_api_etl_virtualenv.py
[2022-02-12 15:02:38,871] {scheduler_job.py:643} INFO - DAG(s) dict_keys(['tutorial_taskflow_api_etl_virtualenv']) retrieved from /home/agalli/sandbox/lib/python3.6/site-packages/airflow/example_dags/tutorial_taskflow_api_etl_virtualenv.py
[2022-02-12 15:02:39,409] {logging_mixin.py:104} INFO - [2022-02-12 15:02:39,409] {dag.py:1832} INFO - Sync 1 DAGs
[2022-02-12 15:02:39,427] {logging_mixin.py:104} INFO - [2022-02-12 15:02:39,427] {dag.py:2305} INFO - Setting next_dagrun for tutorial_taskflow_api_etl_virtualenv to None
[2022-02-12 15:02:39,444] {scheduler_job.py:190} INFO - Processing /home/agalli/sandbox/lib/python3.6/site-packages/airflow/example_dags/tutorial_taskflow_api_etl_virtualenv.py took 0.623 seconds
[2022-02-12 15:03:09,657] {scheduler_job.py:182} INFO - Started process (PID=19157) to work on /home/agalli/sandbox/lib/python3.6/site-packages/airflow/example_dags/tutorial_taskflow_api_etl_virtualenv.py
[2022-02-12 15:03:09,659] {scheduler_job.py:633} INFO - Processing file /home/agalli/sandbox/lib/python3.6/site-packages/airflow/example_dags/tutorial_taskflow_api_etl_virtualenv.py for tasks to queue
[2022-02-12 15:03:09,660] {logging_mixin.py:104} INFO - [2022-02-12 15:03:09,660] {dagbag.py:487} INFO - Filling up the DagBag from /home/agalli/sandbox/lib/python3.6/site-packages/airflow/example_dags/tutorial_taskflow_api_etl_virtualenv.py
[2022-02-12 15:03:09,692] {scheduler_job.py:643} INFO - DAG(s) dict_keys(['tutorial_taskflow_api_etl_virtualenv']) retrieved from /home/agalli/sandbox/lib/python3.6/site-packages/airflow/example_dags/tutorial_taskflow_api_etl_virtualenv.py
[2022-02-12 15:03:09,732] {logging_mixin.py:104} INFO - [2022-02-12 15:03:09,732] {dag.py:1832} INFO - Sync 1 DAGs
[2022-02-12 15:03:09,754] {logging_mixin.py:104} INFO - [2022-02-12 15:03:09,754] {dag.py:2305} INFO - Setting next_dagrun for tutorial_taskflow_api_etl_virtualenv to None
[2022-02-12 15:03:09,770] {scheduler_job.py:190} INFO - Processing /home/agalli/sandbox/lib/python3.6/site-packages/airflow/example_dags/tutorial_taskflow_api_etl_virtualenv.py took 0.121 seconds
[2022-02-12 15:03:39,850] {scheduler_job.py:182} INFO - Started process (PID=19389) to work on /home/agalli/sandbox/lib/python3.6/site-packages/airflow/example_dags/tutorial_taskflow_api_etl_virtualenv.py
[2022-02-12 15:03:39,852] {scheduler_job.py:633} INFO - Processing file /home/agalli/sandbox/lib/python3.6/site-packages/airflow/example_dags/tutorial_taskflow_api_etl_virtualenv.py for tasks to queue
[2022-02-12 15:03:39,853] {logging_mixin.py:104} INFO - [2022-02-12 15:03:39,853] {dagbag.py:487} INFO - Filling up the DagBag from /home/agalli/sandbox/lib/python3.6/site-packages/airflow/example_dags/tutorial_taskflow_api_etl_virtualenv.py
[2022-02-12 15:03:39,884] {scheduler_job.py:643} INFO - DAG(s) dict_keys(['tutorial_taskflow_api_etl_virtualenv']) retrieved from /home/agalli/sandbox/lib/python3.6/site-packages/airflow/example_dags/tutorial_taskflow_api_etl_virtualenv.py
[2022-02-12 15:03:40,523] {logging_mixin.py:104} INFO - [2022-02-12 15:03:40,523] {dag.py:1832} INFO - Sync 1 DAGs
[2022-02-12 15:03:40,553] {logging_mixin.py:104} INFO - [2022-02-12 15:03:40,553] {dag.py:2305} INFO - Setting next_dagrun for tutorial_taskflow_api_etl_virtualenv to None
[2022-02-12 15:03:40,574] {scheduler_job.py:190} INFO - Processing /home/agalli/sandbox/lib/python3.6/site-packages/airflow/example_dags/tutorial_taskflow_api_etl_virtualenv.py took 0.728 seconds
[2022-02-12 15:04:10,714] {scheduler_job.py:182} INFO - Started process (PID=19607) to work on /home/agalli/sandbox/lib/python3.6/site-packages/airflow/example_dags/tutorial_taskflow_api_etl_virtualenv.py
[2022-02-12 15:04:10,722] {scheduler_job.py:633} INFO - Processing file /home/agalli/sandbox/lib/python3.6/site-packages/airflow/example_dags/tutorial_taskflow_api_etl_virtualenv.py for tasks to queue
[2022-02-12 15:04:10,724] {logging_mixin.py:104} INFO - [2022-02-12 15:04:10,724] {dagbag.py:487} INFO - Filling up the DagBag from /home/agalli/sandbox/lib/python3.6/site-packages/airflow/example_dags/tutorial_taskflow_api_etl_virtualenv.py
[2022-02-12 15:04:10,775] {scheduler_job.py:643} INFO - DAG(s) dict_keys(['tutorial_taskflow_api_etl_virtualenv']) retrieved from /home/agalli/sandbox/lib/python3.6/site-packages/airflow/example_dags/tutorial_taskflow_api_etl_virtualenv.py
[2022-02-12 15:04:11,079] {logging_mixin.py:104} INFO - [2022-02-12 15:04:11,079] {dag.py:1832} INFO - Sync 1 DAGs
[2022-02-12 15:04:11,095] {logging_mixin.py:104} INFO - [2022-02-12 15:04:11,095] {dag.py:2305} INFO - Setting next_dagrun for tutorial_taskflow_api_etl_virtualenv to None
[2022-02-12 15:04:11,113] {scheduler_job.py:190} INFO - Processing /home/agalli/sandbox/lib/python3.6/site-packages/airflow/example_dags/tutorial_taskflow_api_etl_virtualenv.py took 0.405 seconds
[2022-02-12 15:04:41,865] {scheduler_job.py:182} INFO - Started process (PID=19811) to work on /home/agalli/sandbox/lib/python3.6/site-packages/airflow/example_dags/tutorial_taskflow_api_etl_virtualenv.py
[2022-02-12 15:04:41,866] {scheduler_job.py:633} INFO - Processing file /home/agalli/sandbox/lib/python3.6/site-packages/airflow/example_dags/tutorial_taskflow_api_etl_virtualenv.py for tasks to queue
[2022-02-12 15:04:41,867] {logging_mixin.py:104} INFO - [2022-02-12 15:04:41,867] {dagbag.py:487} INFO - Filling up the DagBag from /home/agalli/sandbox/lib/python3.6/site-packages/airflow/example_dags/tutorial_taskflow_api_etl_virtualenv.py
[2022-02-12 15:04:41,884] {scheduler_job.py:643} INFO - DAG(s) dict_keys(['tutorial_taskflow_api_etl_virtualenv']) retrieved from /home/agalli/sandbox/lib/python3.6/site-packages/airflow/example_dags/tutorial_taskflow_api_etl_virtualenv.py
[2022-02-12 15:04:42,246] {logging_mixin.py:104} INFO - [2022-02-12 15:04:42,246] {dag.py:1832} INFO - Sync 1 DAGs
[2022-02-12 15:04:42,263] {logging_mixin.py:104} INFO - [2022-02-12 15:04:42,262] {dag.py:2305} INFO - Setting next_dagrun for tutorial_taskflow_api_etl_virtualenv to None
[2022-02-12 15:04:42,282] {scheduler_job.py:190} INFO - Processing /home/agalli/sandbox/lib/python3.6/site-packages/airflow/example_dags/tutorial_taskflow_api_etl_virtualenv.py took 0.421 seconds
[2022-02-12 15:05:12,310] {scheduler_job.py:182} INFO - Started process (PID=20025) to work on /home/agalli/sandbox/lib/python3.6/site-packages/airflow/example_dags/tutorial_taskflow_api_etl_virtualenv.py
[2022-02-12 15:05:12,311] {scheduler_job.py:633} INFO - Processing file /home/agalli/sandbox/lib/python3.6/site-packages/airflow/example_dags/tutorial_taskflow_api_etl_virtualenv.py for tasks to queue
[2022-02-12 15:05:12,312] {logging_mixin.py:104} INFO - [2022-02-12 15:05:12,312] {dagbag.py:487} INFO - Filling up the DagBag from /home/agalli/sandbox/lib/python3.6/site-packages/airflow/example_dags/tutorial_taskflow_api_etl_virtualenv.py
[2022-02-12 15:05:12,332] {scheduler_job.py:643} INFO - DAG(s) dict_keys(['tutorial_taskflow_api_etl_virtualenv']) retrieved from /home/agalli/sandbox/lib/python3.6/site-packages/airflow/example_dags/tutorial_taskflow_api_etl_virtualenv.py
[2022-02-12 15:05:12,627] {logging_mixin.py:104} INFO - [2022-02-12 15:05:12,627] {dag.py:1832} INFO - Sync 1 DAGs
[2022-02-12 15:05:12,643] {logging_mixin.py:104} INFO - [2022-02-12 15:05:12,643] {dag.py:2305} INFO - Setting next_dagrun for tutorial_taskflow_api_etl_virtualenv to None
[2022-02-12 15:05:12,662] {scheduler_job.py:190} INFO - Processing /home/agalli/sandbox/lib/python3.6/site-packages/airflow/example_dags/tutorial_taskflow_api_etl_virtualenv.py took 0.355 seconds
[2022-02-12 15:05:43,503] {scheduler_job.py:182} INFO - Started process (PID=20347) to work on /home/agalli/sandbox/lib/python3.6/site-packages/airflow/example_dags/tutorial_taskflow_api_etl_virtualenv.py
[2022-02-12 15:05:43,504] {scheduler_job.py:633} INFO - Processing file /home/agalli/sandbox/lib/python3.6/site-packages/airflow/example_dags/tutorial_taskflow_api_etl_virtualenv.py for tasks to queue
[2022-02-12 15:05:43,505] {logging_mixin.py:104} INFO - [2022-02-12 15:05:43,505] {dagbag.py:487} INFO - Filling up the DagBag from /home/agalli/sandbox/lib/python3.6/site-packages/airflow/example_dags/tutorial_taskflow_api_etl_virtualenv.py
[2022-02-12 15:05:43,523] {scheduler_job.py:643} INFO - DAG(s) dict_keys(['tutorial_taskflow_api_etl_virtualenv']) retrieved from /home/agalli/sandbox/lib/python3.6/site-packages/airflow/example_dags/tutorial_taskflow_api_etl_virtualenv.py
[2022-02-12 15:05:43,810] {logging_mixin.py:104} INFO - [2022-02-12 15:05:43,810] {dag.py:1832} INFO - Sync 1 DAGs
[2022-02-12 15:05:43,828] {logging_mixin.py:104} INFO - [2022-02-12 15:05:43,828] {dag.py:2305} INFO - Setting next_dagrun for tutorial_taskflow_api_etl_virtualenv to None
[2022-02-12 15:05:43,847] {scheduler_job.py:190} INFO - Processing /home/agalli/sandbox/lib/python3.6/site-packages/airflow/example_dags/tutorial_taskflow_api_etl_virtualenv.py took 0.348 seconds
[2022-02-12 15:06:14,623] {scheduler_job.py:182} INFO - Started process (PID=20549) to work on /home/agalli/sandbox/lib/python3.6/site-packages/airflow/example_dags/tutorial_taskflow_api_etl_virtualenv.py
[2022-02-12 15:06:14,625] {scheduler_job.py:633} INFO - Processing file /home/agalli/sandbox/lib/python3.6/site-packages/airflow/example_dags/tutorial_taskflow_api_etl_virtualenv.py for tasks to queue
[2022-02-12 15:06:14,626] {logging_mixin.py:104} INFO - [2022-02-12 15:06:14,626] {dagbag.py:487} INFO - Filling up the DagBag from /home/agalli/sandbox/lib/python3.6/site-packages/airflow/example_dags/tutorial_taskflow_api_etl_virtualenv.py
[2022-02-12 15:06:14,658] {scheduler_job.py:643} INFO - DAG(s) dict_keys(['tutorial_taskflow_api_etl_virtualenv']) retrieved from /home/agalli/sandbox/lib/python3.6/site-packages/airflow/example_dags/tutorial_taskflow_api_etl_virtualenv.py
[2022-02-12 15:06:14,988] {logging_mixin.py:104} INFO - [2022-02-12 15:06:14,988] {dag.py:1832} INFO - Sync 1 DAGs
[2022-02-12 15:06:15,016] {logging_mixin.py:104} INFO - [2022-02-12 15:06:15,016] {dag.py:2305} INFO - Setting next_dagrun for tutorial_taskflow_api_etl_virtualenv to None
[2022-02-12 15:06:15,045] {scheduler_job.py:190} INFO - Processing /home/agalli/sandbox/lib/python3.6/site-packages/airflow/example_dags/tutorial_taskflow_api_etl_virtualenv.py took 0.426 seconds
[2022-02-12 15:06:45,624] {scheduler_job.py:182} INFO - Started process (PID=20751) to work on /home/agalli/sandbox/lib/python3.6/site-packages/airflow/example_dags/tutorial_taskflow_api_etl_virtualenv.py
[2022-02-12 15:06:45,625] {scheduler_job.py:633} INFO - Processing file /home/agalli/sandbox/lib/python3.6/site-packages/airflow/example_dags/tutorial_taskflow_api_etl_virtualenv.py for tasks to queue
[2022-02-12 15:06:45,626] {logging_mixin.py:104} INFO - [2022-02-12 15:06:45,626] {dagbag.py:487} INFO - Filling up the DagBag from /home/agalli/sandbox/lib/python3.6/site-packages/airflow/example_dags/tutorial_taskflow_api_etl_virtualenv.py
[2022-02-12 15:06:45,644] {scheduler_job.py:643} INFO - DAG(s) dict_keys(['tutorial_taskflow_api_etl_virtualenv']) retrieved from /home/agalli/sandbox/lib/python3.6/site-packages/airflow/example_dags/tutorial_taskflow_api_etl_virtualenv.py
[2022-02-12 15:06:46,019] {logging_mixin.py:104} INFO - [2022-02-12 15:06:46,018] {dag.py:1832} INFO - Sync 1 DAGs
[2022-02-12 15:06:46,041] {logging_mixin.py:104} INFO - [2022-02-12 15:06:46,041] {dag.py:2305} INFO - Setting next_dagrun for tutorial_taskflow_api_etl_virtualenv to None
[2022-02-12 15:06:46,065] {scheduler_job.py:190} INFO - Processing /home/agalli/sandbox/lib/python3.6/site-packages/airflow/example_dags/tutorial_taskflow_api_etl_virtualenv.py took 0.444 seconds
[2022-02-12 15:07:17,045] {scheduler_job.py:182} INFO - Started process (PID=20953) to work on /home/agalli/sandbox/lib/python3.6/site-packages/airflow/example_dags/tutorial_taskflow_api_etl_virtualenv.py
[2022-02-12 15:07:17,046] {scheduler_job.py:633} INFO - Processing file /home/agalli/sandbox/lib/python3.6/site-packages/airflow/example_dags/tutorial_taskflow_api_etl_virtualenv.py for tasks to queue
[2022-02-12 15:07:17,047] {logging_mixin.py:104} INFO - [2022-02-12 15:07:17,047] {dagbag.py:487} INFO - Filling up the DagBag from /home/agalli/sandbox/lib/python3.6/site-packages/airflow/example_dags/tutorial_taskflow_api_etl_virtualenv.py
[2022-02-12 15:07:17,067] {scheduler_job.py:643} INFO - DAG(s) dict_keys(['tutorial_taskflow_api_etl_virtualenv']) retrieved from /home/agalli/sandbox/lib/python3.6/site-packages/airflow/example_dags/tutorial_taskflow_api_etl_virtualenv.py
[2022-02-12 15:07:17,380] {logging_mixin.py:104} INFO - [2022-02-12 15:07:17,380] {dag.py:1832} INFO - Sync 1 DAGs
[2022-02-12 15:07:17,402] {logging_mixin.py:104} INFO - [2022-02-12 15:07:17,402] {dag.py:2305} INFO - Setting next_dagrun for tutorial_taskflow_api_etl_virtualenv to None
[2022-02-12 15:07:17,428] {scheduler_job.py:190} INFO - Processing /home/agalli/sandbox/lib/python3.6/site-packages/airflow/example_dags/tutorial_taskflow_api_etl_virtualenv.py took 0.387 seconds
[2022-02-12 15:07:48,378] {scheduler_job.py:182} INFO - Started process (PID=21157) to work on /home/agalli/sandbox/lib/python3.6/site-packages/airflow/example_dags/tutorial_taskflow_api_etl_virtualenv.py
[2022-02-12 15:07:48,386] {scheduler_job.py:633} INFO - Processing file /home/agalli/sandbox/lib/python3.6/site-packages/airflow/example_dags/tutorial_taskflow_api_etl_virtualenv.py for tasks to queue
[2022-02-12 15:07:48,387] {logging_mixin.py:104} INFO - [2022-02-12 15:07:48,387] {dagbag.py:487} INFO - Filling up the DagBag from /home/agalli/sandbox/lib/python3.6/site-packages/airflow/example_dags/tutorial_taskflow_api_etl_virtualenv.py
[2022-02-12 15:07:48,444] {scheduler_job.py:643} INFO - DAG(s) dict_keys(['tutorial_taskflow_api_etl_virtualenv']) retrieved from /home/agalli/sandbox/lib/python3.6/site-packages/airflow/example_dags/tutorial_taskflow_api_etl_virtualenv.py
[2022-02-12 15:07:48,863] {logging_mixin.py:104} INFO - [2022-02-12 15:07:48,863] {dag.py:1832} INFO - Sync 1 DAGs
[2022-02-12 15:07:48,878] {logging_mixin.py:104} INFO - [2022-02-12 15:07:48,878] {dag.py:2305} INFO - Setting next_dagrun for tutorial_taskflow_api_etl_virtualenv to None
[2022-02-12 15:07:48,895] {scheduler_job.py:190} INFO - Processing /home/agalli/sandbox/lib/python3.6/site-packages/airflow/example_dags/tutorial_taskflow_api_etl_virtualenv.py took 0.524 seconds
[2022-02-12 15:08:18,993] {scheduler_job.py:182} INFO - Started process (PID=21366) to work on /home/agalli/sandbox/lib/python3.6/site-packages/airflow/example_dags/tutorial_taskflow_api_etl_virtualenv.py
[2022-02-12 15:08:18,994] {scheduler_job.py:633} INFO - Processing file /home/agalli/sandbox/lib/python3.6/site-packages/airflow/example_dags/tutorial_taskflow_api_etl_virtualenv.py for tasks to queue
[2022-02-12 15:08:18,995] {logging_mixin.py:104} INFO - [2022-02-12 15:08:18,995] {dagbag.py:487} INFO - Filling up the DagBag from /home/agalli/sandbox/lib/python3.6/site-packages/airflow/example_dags/tutorial_taskflow_api_etl_virtualenv.py
[2022-02-12 15:08:19,022] {scheduler_job.py:643} INFO - DAG(s) dict_keys(['tutorial_taskflow_api_etl_virtualenv']) retrieved from /home/agalli/sandbox/lib/python3.6/site-packages/airflow/example_dags/tutorial_taskflow_api_etl_virtualenv.py
[2022-02-12 15:08:19,327] {logging_mixin.py:104} INFO - [2022-02-12 15:08:19,326] {dag.py:1832} INFO - Sync 1 DAGs
[2022-02-12 15:08:19,348] {logging_mixin.py:104} INFO - [2022-02-12 15:08:19,348] {dag.py:2305} INFO - Setting next_dagrun for tutorial_taskflow_api_etl_virtualenv to None
[2022-02-12 15:08:19,378] {scheduler_job.py:190} INFO - Processing /home/agalli/sandbox/lib/python3.6/site-packages/airflow/example_dags/tutorial_taskflow_api_etl_virtualenv.py took 0.389 seconds
