[2022-02-12 13:57:20,214] {scheduler_job.py:182} INFO - Started process (PID=1504) to work on /home/agalli/sandbox/lib/python3.6/site-packages/airflow/example_dags/tutorial_etl_dag.py
[2022-02-12 13:57:20,243] {scheduler_job.py:633} INFO - Processing file /home/agalli/sandbox/lib/python3.6/site-packages/airflow/example_dags/tutorial_etl_dag.py for tasks to queue
[2022-02-12 13:57:20,245] {logging_mixin.py:104} INFO - [2022-02-12 13:57:20,245] {dagbag.py:487} INFO - Filling up the DagBag from /home/agalli/sandbox/lib/python3.6/site-packages/airflow/example_dags/tutorial_etl_dag.py
[2022-02-12 13:57:20,325] {scheduler_job.py:643} INFO - DAG(s) dict_keys(['tutorial_etl_dag']) retrieved from /home/agalli/sandbox/lib/python3.6/site-packages/airflow/example_dags/tutorial_etl_dag.py
[2022-02-12 13:57:20,427] {logging_mixin.py:104} INFO - [2022-02-12 13:57:20,427] {dag.py:1832} INFO - Sync 1 DAGs
[2022-02-12 13:57:20,599] {logging_mixin.py:104} INFO - [2022-02-12 13:57:20,599] {dag.py:2305} INFO - Setting next_dagrun for tutorial_etl_dag to None
[2022-02-12 13:57:20,709] {scheduler_job.py:190} INFO - Processing /home/agalli/sandbox/lib/python3.6/site-packages/airflow/example_dags/tutorial_etl_dag.py took 0.505 seconds
[2022-02-12 13:57:51,031] {scheduler_job.py:182} INFO - Started process (PID=2119) to work on /home/agalli/sandbox/lib/python3.6/site-packages/airflow/example_dags/tutorial_etl_dag.py
[2022-02-12 13:57:51,035] {scheduler_job.py:633} INFO - Processing file /home/agalli/sandbox/lib/python3.6/site-packages/airflow/example_dags/tutorial_etl_dag.py for tasks to queue
[2022-02-12 13:57:51,037] {logging_mixin.py:104} INFO - [2022-02-12 13:57:51,036] {dagbag.py:487} INFO - Filling up the DagBag from /home/agalli/sandbox/lib/python3.6/site-packages/airflow/example_dags/tutorial_etl_dag.py
[2022-02-12 13:57:51,135] {scheduler_job.py:643} INFO - DAG(s) dict_keys(['tutorial_etl_dag']) retrieved from /home/agalli/sandbox/lib/python3.6/site-packages/airflow/example_dags/tutorial_etl_dag.py
[2022-02-12 13:57:51,259] {logging_mixin.py:104} INFO - [2022-02-12 13:57:51,259] {dag.py:1832} INFO - Sync 1 DAGs
[2022-02-12 13:57:51,330] {logging_mixin.py:104} INFO - [2022-02-12 13:57:51,330] {dag.py:2305} INFO - Setting next_dagrun for tutorial_etl_dag to None
[2022-02-12 13:57:51,370] {scheduler_job.py:190} INFO - Processing /home/agalli/sandbox/lib/python3.6/site-packages/airflow/example_dags/tutorial_etl_dag.py took 0.373 seconds
[2022-02-12 13:58:21,805] {scheduler_job.py:182} INFO - Started process (PID=2349) to work on /home/agalli/sandbox/lib/python3.6/site-packages/airflow/example_dags/tutorial_etl_dag.py
[2022-02-12 13:58:21,807] {scheduler_job.py:633} INFO - Processing file /home/agalli/sandbox/lib/python3.6/site-packages/airflow/example_dags/tutorial_etl_dag.py for tasks to queue
[2022-02-12 13:58:21,808] {logging_mixin.py:104} INFO - [2022-02-12 13:58:21,808] {dagbag.py:487} INFO - Filling up the DagBag from /home/agalli/sandbox/lib/python3.6/site-packages/airflow/example_dags/tutorial_etl_dag.py
[2022-02-12 13:58:21,820] {scheduler_job.py:643} INFO - DAG(s) dict_keys(['tutorial_etl_dag']) retrieved from /home/agalli/sandbox/lib/python3.6/site-packages/airflow/example_dags/tutorial_etl_dag.py
[2022-02-12 13:58:21,853] {logging_mixin.py:104} INFO - [2022-02-12 13:58:21,852] {dag.py:1832} INFO - Sync 1 DAGs
[2022-02-12 13:58:21,872] {logging_mixin.py:104} INFO - [2022-02-12 13:58:21,872] {dag.py:2305} INFO - Setting next_dagrun for tutorial_etl_dag to None
[2022-02-12 13:58:21,897] {scheduler_job.py:190} INFO - Processing /home/agalli/sandbox/lib/python3.6/site-packages/airflow/example_dags/tutorial_etl_dag.py took 0.095 seconds
[2022-02-12 13:58:52,221] {scheduler_job.py:182} INFO - Started process (PID=2549) to work on /home/agalli/sandbox/lib/python3.6/site-packages/airflow/example_dags/tutorial_etl_dag.py
[2022-02-12 13:58:52,223] {scheduler_job.py:633} INFO - Processing file /home/agalli/sandbox/lib/python3.6/site-packages/airflow/example_dags/tutorial_etl_dag.py for tasks to queue
[2022-02-12 13:58:52,224] {logging_mixin.py:104} INFO - [2022-02-12 13:58:52,224] {dagbag.py:487} INFO - Filling up the DagBag from /home/agalli/sandbox/lib/python3.6/site-packages/airflow/example_dags/tutorial_etl_dag.py
[2022-02-12 13:58:52,240] {scheduler_job.py:643} INFO - DAG(s) dict_keys(['tutorial_etl_dag']) retrieved from /home/agalli/sandbox/lib/python3.6/site-packages/airflow/example_dags/tutorial_etl_dag.py
[2022-02-12 13:58:52,288] {logging_mixin.py:104} INFO - [2022-02-12 13:58:52,288] {dag.py:1832} INFO - Sync 1 DAGs
[2022-02-12 13:58:52,318] {logging_mixin.py:104} INFO - [2022-02-12 13:58:52,318] {dag.py:2305} INFO - Setting next_dagrun for tutorial_etl_dag to None
[2022-02-12 13:58:52,337] {scheduler_job.py:190} INFO - Processing /home/agalli/sandbox/lib/python3.6/site-packages/airflow/example_dags/tutorial_etl_dag.py took 0.119 seconds
[2022-02-12 13:59:22,423] {scheduler_job.py:182} INFO - Started process (PID=2744) to work on /home/agalli/sandbox/lib/python3.6/site-packages/airflow/example_dags/tutorial_etl_dag.py
[2022-02-12 13:59:22,424] {scheduler_job.py:633} INFO - Processing file /home/agalli/sandbox/lib/python3.6/site-packages/airflow/example_dags/tutorial_etl_dag.py for tasks to queue
[2022-02-12 13:59:22,425] {logging_mixin.py:104} INFO - [2022-02-12 13:59:22,425] {dagbag.py:487} INFO - Filling up the DagBag from /home/agalli/sandbox/lib/python3.6/site-packages/airflow/example_dags/tutorial_etl_dag.py
[2022-02-12 13:59:22,438] {scheduler_job.py:643} INFO - DAG(s) dict_keys(['tutorial_etl_dag']) retrieved from /home/agalli/sandbox/lib/python3.6/site-packages/airflow/example_dags/tutorial_etl_dag.py
[2022-02-12 13:59:22,472] {logging_mixin.py:104} INFO - [2022-02-12 13:59:22,472] {dag.py:1832} INFO - Sync 1 DAGs
[2022-02-12 13:59:22,492] {logging_mixin.py:104} INFO - [2022-02-12 13:59:22,491] {dag.py:2305} INFO - Setting next_dagrun for tutorial_etl_dag to None
[2022-02-12 13:59:22,510] {scheduler_job.py:190} INFO - Processing /home/agalli/sandbox/lib/python3.6/site-packages/airflow/example_dags/tutorial_etl_dag.py took 0.091 seconds
[2022-02-12 13:59:52,878] {scheduler_job.py:182} INFO - Started process (PID=3009) to work on /home/agalli/sandbox/lib/python3.6/site-packages/airflow/example_dags/tutorial_etl_dag.py
[2022-02-12 13:59:52,879] {scheduler_job.py:633} INFO - Processing file /home/agalli/sandbox/lib/python3.6/site-packages/airflow/example_dags/tutorial_etl_dag.py for tasks to queue
[2022-02-12 13:59:52,880] {logging_mixin.py:104} INFO - [2022-02-12 13:59:52,880] {dagbag.py:487} INFO - Filling up the DagBag from /home/agalli/sandbox/lib/python3.6/site-packages/airflow/example_dags/tutorial_etl_dag.py
[2022-02-12 13:59:52,903] {scheduler_job.py:643} INFO - DAG(s) dict_keys(['tutorial_etl_dag']) retrieved from /home/agalli/sandbox/lib/python3.6/site-packages/airflow/example_dags/tutorial_etl_dag.py
[2022-02-12 13:59:52,947] {logging_mixin.py:104} INFO - [2022-02-12 13:59:52,947] {dag.py:1832} INFO - Sync 1 DAGs
[2022-02-12 13:59:52,971] {logging_mixin.py:104} INFO - [2022-02-12 13:59:52,970] {dag.py:2305} INFO - Setting next_dagrun for tutorial_etl_dag to None
[2022-02-12 13:59:52,996] {scheduler_job.py:190} INFO - Processing /home/agalli/sandbox/lib/python3.6/site-packages/airflow/example_dags/tutorial_etl_dag.py took 0.124 seconds
[2022-02-12 14:00:23,720] {scheduler_job.py:182} INFO - Started process (PID=3316) to work on /home/agalli/sandbox/lib/python3.6/site-packages/airflow/example_dags/tutorial_etl_dag.py
[2022-02-12 14:00:23,721] {scheduler_job.py:633} INFO - Processing file /home/agalli/sandbox/lib/python3.6/site-packages/airflow/example_dags/tutorial_etl_dag.py for tasks to queue
[2022-02-12 14:00:23,725] {logging_mixin.py:104} INFO - [2022-02-12 14:00:23,724] {dagbag.py:487} INFO - Filling up the DagBag from /home/agalli/sandbox/lib/python3.6/site-packages/airflow/example_dags/tutorial_etl_dag.py
[2022-02-12 14:00:23,758] {scheduler_job.py:643} INFO - DAG(s) dict_keys(['tutorial_etl_dag']) retrieved from /home/agalli/sandbox/lib/python3.6/site-packages/airflow/example_dags/tutorial_etl_dag.py
[2022-02-12 14:00:23,800] {logging_mixin.py:104} INFO - [2022-02-12 14:00:23,799] {dag.py:1832} INFO - Sync 1 DAGs
[2022-02-12 14:00:23,824] {logging_mixin.py:104} INFO - [2022-02-12 14:00:23,824] {dag.py:2305} INFO - Setting next_dagrun for tutorial_etl_dag to None
[2022-02-12 14:00:23,843] {scheduler_job.py:190} INFO - Processing /home/agalli/sandbox/lib/python3.6/site-packages/airflow/example_dags/tutorial_etl_dag.py took 0.128 seconds
[2022-02-12 14:00:54,328] {scheduler_job.py:182} INFO - Started process (PID=3656) to work on /home/agalli/sandbox/lib/python3.6/site-packages/airflow/example_dags/tutorial_etl_dag.py
[2022-02-12 14:00:54,342] {scheduler_job.py:633} INFO - Processing file /home/agalli/sandbox/lib/python3.6/site-packages/airflow/example_dags/tutorial_etl_dag.py for tasks to queue
[2022-02-12 14:00:54,345] {logging_mixin.py:104} INFO - [2022-02-12 14:00:54,344] {dagbag.py:487} INFO - Filling up the DagBag from /home/agalli/sandbox/lib/python3.6/site-packages/airflow/example_dags/tutorial_etl_dag.py
[2022-02-12 14:00:54,625] {scheduler_job.py:643} INFO - DAG(s) dict_keys(['tutorial_etl_dag']) retrieved from /home/agalli/sandbox/lib/python3.6/site-packages/airflow/example_dags/tutorial_etl_dag.py
[2022-02-12 14:00:54,903] {logging_mixin.py:104} INFO - [2022-02-12 14:00:54,903] {dag.py:1832} INFO - Sync 1 DAGs
[2022-02-12 14:00:55,028] {logging_mixin.py:104} INFO - [2022-02-12 14:00:55,027] {dag.py:2305} INFO - Setting next_dagrun for tutorial_etl_dag to None
[2022-02-12 14:00:55,143] {scheduler_job.py:190} INFO - Processing /home/agalli/sandbox/lib/python3.6/site-packages/airflow/example_dags/tutorial_etl_dag.py took 0.845 seconds
[2022-02-12 14:01:25,526] {scheduler_job.py:182} INFO - Started process (PID=4982) to work on /home/agalli/sandbox/lib/python3.6/site-packages/airflow/example_dags/tutorial_etl_dag.py
[2022-02-12 14:01:25,528] {scheduler_job.py:633} INFO - Processing file /home/agalli/sandbox/lib/python3.6/site-packages/airflow/example_dags/tutorial_etl_dag.py for tasks to queue
[2022-02-12 14:01:25,529] {logging_mixin.py:104} INFO - [2022-02-12 14:01:25,529] {dagbag.py:487} INFO - Filling up the DagBag from /home/agalli/sandbox/lib/python3.6/site-packages/airflow/example_dags/tutorial_etl_dag.py
[2022-02-12 14:01:25,546] {scheduler_job.py:643} INFO - DAG(s) dict_keys(['tutorial_etl_dag']) retrieved from /home/agalli/sandbox/lib/python3.6/site-packages/airflow/example_dags/tutorial_etl_dag.py
[2022-02-12 14:01:25,575] {logging_mixin.py:104} INFO - [2022-02-12 14:01:25,575] {dag.py:1832} INFO - Sync 1 DAGs
[2022-02-12 14:01:25,599] {logging_mixin.py:104} INFO - [2022-02-12 14:01:25,599] {dag.py:2305} INFO - Setting next_dagrun for tutorial_etl_dag to None
[2022-02-12 14:01:25,614] {scheduler_job.py:190} INFO - Processing /home/agalli/sandbox/lib/python3.6/site-packages/airflow/example_dags/tutorial_etl_dag.py took 0.093 seconds
[2022-02-12 14:01:56,292] {scheduler_job.py:182} INFO - Started process (PID=5482) to work on /home/agalli/sandbox/lib/python3.6/site-packages/airflow/example_dags/tutorial_etl_dag.py
[2022-02-12 14:01:56,294] {scheduler_job.py:633} INFO - Processing file /home/agalli/sandbox/lib/python3.6/site-packages/airflow/example_dags/tutorial_etl_dag.py for tasks to queue
[2022-02-12 14:01:56,295] {logging_mixin.py:104} INFO - [2022-02-12 14:01:56,295] {dagbag.py:487} INFO - Filling up the DagBag from /home/agalli/sandbox/lib/python3.6/site-packages/airflow/example_dags/tutorial_etl_dag.py
[2022-02-12 14:01:56,350] {scheduler_job.py:643} INFO - DAG(s) dict_keys(['tutorial_etl_dag']) retrieved from /home/agalli/sandbox/lib/python3.6/site-packages/airflow/example_dags/tutorial_etl_dag.py
[2022-02-12 14:01:56,455] {logging_mixin.py:104} INFO - [2022-02-12 14:01:56,455] {dag.py:1832} INFO - Sync 1 DAGs
[2022-02-12 14:01:56,493] {logging_mixin.py:104} INFO - [2022-02-12 14:01:56,492] {dag.py:2305} INFO - Setting next_dagrun for tutorial_etl_dag to None
[2022-02-12 14:01:56,513] {scheduler_job.py:190} INFO - Processing /home/agalli/sandbox/lib/python3.6/site-packages/airflow/example_dags/tutorial_etl_dag.py took 0.235 seconds
[2022-02-12 14:02:27,222] {scheduler_job.py:182} INFO - Started process (PID=5803) to work on /home/agalli/sandbox/lib/python3.6/site-packages/airflow/example_dags/tutorial_etl_dag.py
[2022-02-12 14:02:27,223] {scheduler_job.py:633} INFO - Processing file /home/agalli/sandbox/lib/python3.6/site-packages/airflow/example_dags/tutorial_etl_dag.py for tasks to queue
[2022-02-12 14:02:27,224] {logging_mixin.py:104} INFO - [2022-02-12 14:02:27,224] {dagbag.py:487} INFO - Filling up the DagBag from /home/agalli/sandbox/lib/python3.6/site-packages/airflow/example_dags/tutorial_etl_dag.py
[2022-02-12 14:02:27,241] {scheduler_job.py:643} INFO - DAG(s) dict_keys(['tutorial_etl_dag']) retrieved from /home/agalli/sandbox/lib/python3.6/site-packages/airflow/example_dags/tutorial_etl_dag.py
[2022-02-12 14:02:27,274] {logging_mixin.py:104} INFO - [2022-02-12 14:02:27,274] {dag.py:1832} INFO - Sync 1 DAGs
[2022-02-12 14:02:27,294] {logging_mixin.py:104} INFO - [2022-02-12 14:02:27,293] {dag.py:2305} INFO - Setting next_dagrun for tutorial_etl_dag to None
[2022-02-12 14:02:27,322] {scheduler_job.py:190} INFO - Processing /home/agalli/sandbox/lib/python3.6/site-packages/airflow/example_dags/tutorial_etl_dag.py took 0.105 seconds
[2022-02-12 14:02:57,986] {scheduler_job.py:182} INFO - Started process (PID=6005) to work on /home/agalli/sandbox/lib/python3.6/site-packages/airflow/example_dags/tutorial_etl_dag.py
[2022-02-12 14:02:57,987] {scheduler_job.py:633} INFO - Processing file /home/agalli/sandbox/lib/python3.6/site-packages/airflow/example_dags/tutorial_etl_dag.py for tasks to queue
[2022-02-12 14:02:57,992] {logging_mixin.py:104} INFO - [2022-02-12 14:02:57,991] {dagbag.py:487} INFO - Filling up the DagBag from /home/agalli/sandbox/lib/python3.6/site-packages/airflow/example_dags/tutorial_etl_dag.py
[2022-02-12 14:02:58,025] {scheduler_job.py:643} INFO - DAG(s) dict_keys(['tutorial_etl_dag']) retrieved from /home/agalli/sandbox/lib/python3.6/site-packages/airflow/example_dags/tutorial_etl_dag.py
[2022-02-12 14:02:58,090] {logging_mixin.py:104} INFO - [2022-02-12 14:02:58,089] {dag.py:1832} INFO - Sync 1 DAGs
[2022-02-12 14:02:58,140] {logging_mixin.py:104} INFO - [2022-02-12 14:02:58,140] {dag.py:2305} INFO - Setting next_dagrun for tutorial_etl_dag to None
[2022-02-12 14:02:58,162] {scheduler_job.py:190} INFO - Processing /home/agalli/sandbox/lib/python3.6/site-packages/airflow/example_dags/tutorial_etl_dag.py took 0.181 seconds
[2022-02-12 14:20:16,566] {scheduler_job.py:182} INFO - Started process (PID=6957) to work on /home/agalli/sandbox/lib/python3.6/site-packages/airflow/example_dags/tutorial_etl_dag.py
[2022-02-12 14:20:16,568] {scheduler_job.py:633} INFO - Processing file /home/agalli/sandbox/lib/python3.6/site-packages/airflow/example_dags/tutorial_etl_dag.py for tasks to queue
[2022-02-12 14:20:16,570] {logging_mixin.py:104} INFO - [2022-02-12 14:20:16,569] {dagbag.py:487} INFO - Filling up the DagBag from /home/agalli/sandbox/lib/python3.6/site-packages/airflow/example_dags/tutorial_etl_dag.py
[2022-02-12 14:20:16,605] {scheduler_job.py:643} INFO - DAG(s) dict_keys(['tutorial_etl_dag']) retrieved from /home/agalli/sandbox/lib/python3.6/site-packages/airflow/example_dags/tutorial_etl_dag.py
[2022-02-12 14:20:16,670] {logging_mixin.py:104} INFO - [2022-02-12 14:20:16,670] {dag.py:1832} INFO - Sync 1 DAGs
[2022-02-12 14:20:16,736] {logging_mixin.py:104} INFO - [2022-02-12 14:20:16,736] {dag.py:2305} INFO - Setting next_dagrun for tutorial_etl_dag to None
[2022-02-12 14:20:16,788] {scheduler_job.py:190} INFO - Processing /home/agalli/sandbox/lib/python3.6/site-packages/airflow/example_dags/tutorial_etl_dag.py took 0.232 seconds
[2022-02-12 14:20:47,462] {scheduler_job.py:182} INFO - Started process (PID=7199) to work on /home/agalli/sandbox/lib/python3.6/site-packages/airflow/example_dags/tutorial_etl_dag.py
[2022-02-12 14:20:47,464] {scheduler_job.py:633} INFO - Processing file /home/agalli/sandbox/lib/python3.6/site-packages/airflow/example_dags/tutorial_etl_dag.py for tasks to queue
[2022-02-12 14:20:47,465] {logging_mixin.py:104} INFO - [2022-02-12 14:20:47,465] {dagbag.py:487} INFO - Filling up the DagBag from /home/agalli/sandbox/lib/python3.6/site-packages/airflow/example_dags/tutorial_etl_dag.py
[2022-02-12 14:20:47,480] {scheduler_job.py:643} INFO - DAG(s) dict_keys(['tutorial_etl_dag']) retrieved from /home/agalli/sandbox/lib/python3.6/site-packages/airflow/example_dags/tutorial_etl_dag.py
[2022-02-12 14:20:47,511] {logging_mixin.py:104} INFO - [2022-02-12 14:20:47,511] {dag.py:1832} INFO - Sync 1 DAGs
[2022-02-12 14:20:47,534] {logging_mixin.py:104} INFO - [2022-02-12 14:20:47,533] {dag.py:2305} INFO - Setting next_dagrun for tutorial_etl_dag to None
[2022-02-12 14:20:47,550] {scheduler_job.py:190} INFO - Processing /home/agalli/sandbox/lib/python3.6/site-packages/airflow/example_dags/tutorial_etl_dag.py took 0.092 seconds
[2022-02-12 14:21:17,608] {scheduler_job.py:182} INFO - Started process (PID=7395) to work on /home/agalli/sandbox/lib/python3.6/site-packages/airflow/example_dags/tutorial_etl_dag.py
[2022-02-12 14:21:17,609] {scheduler_job.py:633} INFO - Processing file /home/agalli/sandbox/lib/python3.6/site-packages/airflow/example_dags/tutorial_etl_dag.py for tasks to queue
[2022-02-12 14:21:17,609] {logging_mixin.py:104} INFO - [2022-02-12 14:21:17,609] {dagbag.py:487} INFO - Filling up the DagBag from /home/agalli/sandbox/lib/python3.6/site-packages/airflow/example_dags/tutorial_etl_dag.py
[2022-02-12 14:21:17,625] {scheduler_job.py:643} INFO - DAG(s) dict_keys(['tutorial_etl_dag']) retrieved from /home/agalli/sandbox/lib/python3.6/site-packages/airflow/example_dags/tutorial_etl_dag.py
[2022-02-12 14:21:17,656] {logging_mixin.py:104} INFO - [2022-02-12 14:21:17,656] {dag.py:1832} INFO - Sync 1 DAGs
[2022-02-12 14:21:17,672] {logging_mixin.py:104} INFO - [2022-02-12 14:21:17,672] {dag.py:2305} INFO - Setting next_dagrun for tutorial_etl_dag to None
[2022-02-12 14:21:17,689] {scheduler_job.py:190} INFO - Processing /home/agalli/sandbox/lib/python3.6/site-packages/airflow/example_dags/tutorial_etl_dag.py took 0.085 seconds
[2022-02-12 14:21:47,781] {scheduler_job.py:182} INFO - Started process (PID=7595) to work on /home/agalli/sandbox/lib/python3.6/site-packages/airflow/example_dags/tutorial_etl_dag.py
[2022-02-12 14:21:47,783] {scheduler_job.py:633} INFO - Processing file /home/agalli/sandbox/lib/python3.6/site-packages/airflow/example_dags/tutorial_etl_dag.py for tasks to queue
[2022-02-12 14:21:47,784] {logging_mixin.py:104} INFO - [2022-02-12 14:21:47,783] {dagbag.py:487} INFO - Filling up the DagBag from /home/agalli/sandbox/lib/python3.6/site-packages/airflow/example_dags/tutorial_etl_dag.py
[2022-02-12 14:21:47,806] {scheduler_job.py:643} INFO - DAG(s) dict_keys(['tutorial_etl_dag']) retrieved from /home/agalli/sandbox/lib/python3.6/site-packages/airflow/example_dags/tutorial_etl_dag.py
[2022-02-12 14:21:47,855] {logging_mixin.py:104} INFO - [2022-02-12 14:21:47,855] {dag.py:1832} INFO - Sync 1 DAGs
[2022-02-12 14:21:47,873] {logging_mixin.py:104} INFO - [2022-02-12 14:21:47,873] {dag.py:2305} INFO - Setting next_dagrun for tutorial_etl_dag to None
[2022-02-12 14:21:47,895] {scheduler_job.py:190} INFO - Processing /home/agalli/sandbox/lib/python3.6/site-packages/airflow/example_dags/tutorial_etl_dag.py took 0.121 seconds
[2022-02-12 14:22:18,067] {scheduler_job.py:182} INFO - Started process (PID=7789) to work on /home/agalli/sandbox/lib/python3.6/site-packages/airflow/example_dags/tutorial_etl_dag.py
[2022-02-12 14:22:18,068] {scheduler_job.py:633} INFO - Processing file /home/agalli/sandbox/lib/python3.6/site-packages/airflow/example_dags/tutorial_etl_dag.py for tasks to queue
[2022-02-12 14:22:18,069] {logging_mixin.py:104} INFO - [2022-02-12 14:22:18,069] {dagbag.py:487} INFO - Filling up the DagBag from /home/agalli/sandbox/lib/python3.6/site-packages/airflow/example_dags/tutorial_etl_dag.py
[2022-02-12 14:22:18,085] {scheduler_job.py:643} INFO - DAG(s) dict_keys(['tutorial_etl_dag']) retrieved from /home/agalli/sandbox/lib/python3.6/site-packages/airflow/example_dags/tutorial_etl_dag.py
[2022-02-12 14:22:18,121] {logging_mixin.py:104} INFO - [2022-02-12 14:22:18,121] {dag.py:1832} INFO - Sync 1 DAGs
[2022-02-12 14:22:18,139] {logging_mixin.py:104} INFO - [2022-02-12 14:22:18,139] {dag.py:2305} INFO - Setting next_dagrun for tutorial_etl_dag to None
[2022-02-12 14:22:18,151] {scheduler_job.py:190} INFO - Processing /home/agalli/sandbox/lib/python3.6/site-packages/airflow/example_dags/tutorial_etl_dag.py took 0.088 seconds
[2022-02-12 14:22:48,896] {scheduler_job.py:182} INFO - Started process (PID=7999) to work on /home/agalli/sandbox/lib/python3.6/site-packages/airflow/example_dags/tutorial_etl_dag.py
[2022-02-12 14:22:48,897] {scheduler_job.py:633} INFO - Processing file /home/agalli/sandbox/lib/python3.6/site-packages/airflow/example_dags/tutorial_etl_dag.py for tasks to queue
[2022-02-12 14:22:48,898] {logging_mixin.py:104} INFO - [2022-02-12 14:22:48,898] {dagbag.py:487} INFO - Filling up the DagBag from /home/agalli/sandbox/lib/python3.6/site-packages/airflow/example_dags/tutorial_etl_dag.py
[2022-02-12 14:22:48,912] {scheduler_job.py:643} INFO - DAG(s) dict_keys(['tutorial_etl_dag']) retrieved from /home/agalli/sandbox/lib/python3.6/site-packages/airflow/example_dags/tutorial_etl_dag.py
[2022-02-12 14:22:48,939] {logging_mixin.py:104} INFO - [2022-02-12 14:22:48,939] {dag.py:1832} INFO - Sync 1 DAGs
[2022-02-12 14:22:48,956] {logging_mixin.py:104} INFO - [2022-02-12 14:22:48,956] {dag.py:2305} INFO - Setting next_dagrun for tutorial_etl_dag to None
[2022-02-12 14:22:48,967] {scheduler_job.py:190} INFO - Processing /home/agalli/sandbox/lib/python3.6/site-packages/airflow/example_dags/tutorial_etl_dag.py took 0.075 seconds
[2022-02-12 14:23:19,097] {scheduler_job.py:182} INFO - Started process (PID=8193) to work on /home/agalli/sandbox/lib/python3.6/site-packages/airflow/example_dags/tutorial_etl_dag.py
[2022-02-12 14:23:19,099] {scheduler_job.py:633} INFO - Processing file /home/agalli/sandbox/lib/python3.6/site-packages/airflow/example_dags/tutorial_etl_dag.py for tasks to queue
[2022-02-12 14:23:19,102] {logging_mixin.py:104} INFO - [2022-02-12 14:23:19,100] {dagbag.py:487} INFO - Filling up the DagBag from /home/agalli/sandbox/lib/python3.6/site-packages/airflow/example_dags/tutorial_etl_dag.py
[2022-02-12 14:23:19,126] {scheduler_job.py:643} INFO - DAG(s) dict_keys(['tutorial_etl_dag']) retrieved from /home/agalli/sandbox/lib/python3.6/site-packages/airflow/example_dags/tutorial_etl_dag.py
[2022-02-12 14:23:19,162] {logging_mixin.py:104} INFO - [2022-02-12 14:23:19,162] {dag.py:1832} INFO - Sync 1 DAGs
[2022-02-12 14:23:19,205] {logging_mixin.py:104} INFO - [2022-02-12 14:23:19,205] {dag.py:2305} INFO - Setting next_dagrun for tutorial_etl_dag to None
[2022-02-12 14:23:19,227] {scheduler_job.py:190} INFO - Processing /home/agalli/sandbox/lib/python3.6/site-packages/airflow/example_dags/tutorial_etl_dag.py took 0.135 seconds
[2022-02-12 14:23:49,866] {scheduler_job.py:182} INFO - Started process (PID=8395) to work on /home/agalli/sandbox/lib/python3.6/site-packages/airflow/example_dags/tutorial_etl_dag.py
[2022-02-12 14:23:49,867] {scheduler_job.py:633} INFO - Processing file /home/agalli/sandbox/lib/python3.6/site-packages/airflow/example_dags/tutorial_etl_dag.py for tasks to queue
[2022-02-12 14:23:49,868] {logging_mixin.py:104} INFO - [2022-02-12 14:23:49,868] {dagbag.py:487} INFO - Filling up the DagBag from /home/agalli/sandbox/lib/python3.6/site-packages/airflow/example_dags/tutorial_etl_dag.py
[2022-02-12 14:23:49,885] {scheduler_job.py:643} INFO - DAG(s) dict_keys(['tutorial_etl_dag']) retrieved from /home/agalli/sandbox/lib/python3.6/site-packages/airflow/example_dags/tutorial_etl_dag.py
[2022-02-12 14:23:49,914] {logging_mixin.py:104} INFO - [2022-02-12 14:23:49,914] {dag.py:1832} INFO - Sync 1 DAGs
[2022-02-12 14:23:49,931] {logging_mixin.py:104} INFO - [2022-02-12 14:23:49,931] {dag.py:2305} INFO - Setting next_dagrun for tutorial_etl_dag to None
[2022-02-12 14:23:49,945] {scheduler_job.py:190} INFO - Processing /home/agalli/sandbox/lib/python3.6/site-packages/airflow/example_dags/tutorial_etl_dag.py took 0.082 seconds
[2022-02-12 14:24:20,015] {scheduler_job.py:182} INFO - Started process (PID=8597) to work on /home/agalli/sandbox/lib/python3.6/site-packages/airflow/example_dags/tutorial_etl_dag.py
[2022-02-12 14:24:20,017] {scheduler_job.py:633} INFO - Processing file /home/agalli/sandbox/lib/python3.6/site-packages/airflow/example_dags/tutorial_etl_dag.py for tasks to queue
[2022-02-12 14:24:20,018] {logging_mixin.py:104} INFO - [2022-02-12 14:24:20,017] {dagbag.py:487} INFO - Filling up the DagBag from /home/agalli/sandbox/lib/python3.6/site-packages/airflow/example_dags/tutorial_etl_dag.py
[2022-02-12 14:24:20,038] {scheduler_job.py:643} INFO - DAG(s) dict_keys(['tutorial_etl_dag']) retrieved from /home/agalli/sandbox/lib/python3.6/site-packages/airflow/example_dags/tutorial_etl_dag.py
[2022-02-12 14:24:20,069] {logging_mixin.py:104} INFO - [2022-02-12 14:24:20,069] {dag.py:1832} INFO - Sync 1 DAGs
[2022-02-12 14:24:20,088] {logging_mixin.py:104} INFO - [2022-02-12 14:24:20,088] {dag.py:2305} INFO - Setting next_dagrun for tutorial_etl_dag to None
[2022-02-12 14:24:20,105] {scheduler_job.py:190} INFO - Processing /home/agalli/sandbox/lib/python3.6/site-packages/airflow/example_dags/tutorial_etl_dag.py took 0.099 seconds
[2022-02-12 14:24:50,285] {scheduler_job.py:182} INFO - Started process (PID=8799) to work on /home/agalli/sandbox/lib/python3.6/site-packages/airflow/example_dags/tutorial_etl_dag.py
[2022-02-12 14:24:50,287] {scheduler_job.py:633} INFO - Processing file /home/agalli/sandbox/lib/python3.6/site-packages/airflow/example_dags/tutorial_etl_dag.py for tasks to queue
[2022-02-12 14:24:50,287] {logging_mixin.py:104} INFO - [2022-02-12 14:24:50,287] {dagbag.py:487} INFO - Filling up the DagBag from /home/agalli/sandbox/lib/python3.6/site-packages/airflow/example_dags/tutorial_etl_dag.py
[2022-02-12 14:24:50,314] {scheduler_job.py:643} INFO - DAG(s) dict_keys(['tutorial_etl_dag']) retrieved from /home/agalli/sandbox/lib/python3.6/site-packages/airflow/example_dags/tutorial_etl_dag.py
[2022-02-12 14:24:50,350] {logging_mixin.py:104} INFO - [2022-02-12 14:24:50,350] {dag.py:1832} INFO - Sync 1 DAGs
[2022-02-12 14:24:50,385] {logging_mixin.py:104} INFO - [2022-02-12 14:24:50,385] {dag.py:2305} INFO - Setting next_dagrun for tutorial_etl_dag to None
[2022-02-12 14:24:50,519] {scheduler_job.py:190} INFO - Processing /home/agalli/sandbox/lib/python3.6/site-packages/airflow/example_dags/tutorial_etl_dag.py took 0.238 seconds
[2022-02-12 14:25:21,068] {scheduler_job.py:182} INFO - Started process (PID=9121) to work on /home/agalli/sandbox/lib/python3.6/site-packages/airflow/example_dags/tutorial_etl_dag.py
[2022-02-12 14:25:21,071] {scheduler_job.py:633} INFO - Processing file /home/agalli/sandbox/lib/python3.6/site-packages/airflow/example_dags/tutorial_etl_dag.py for tasks to queue
[2022-02-12 14:25:21,073] {logging_mixin.py:104} INFO - [2022-02-12 14:25:21,073] {dagbag.py:487} INFO - Filling up the DagBag from /home/agalli/sandbox/lib/python3.6/site-packages/airflow/example_dags/tutorial_etl_dag.py
[2022-02-12 14:25:21,091] {scheduler_job.py:643} INFO - DAG(s) dict_keys(['tutorial_etl_dag']) retrieved from /home/agalli/sandbox/lib/python3.6/site-packages/airflow/example_dags/tutorial_etl_dag.py
[2022-02-12 14:25:21,125] {logging_mixin.py:104} INFO - [2022-02-12 14:25:21,125] {dag.py:1832} INFO - Sync 1 DAGs
[2022-02-12 14:25:21,145] {logging_mixin.py:104} INFO - [2022-02-12 14:25:21,145] {dag.py:2305} INFO - Setting next_dagrun for tutorial_etl_dag to None
[2022-02-12 14:25:21,162] {scheduler_job.py:190} INFO - Processing /home/agalli/sandbox/lib/python3.6/site-packages/airflow/example_dags/tutorial_etl_dag.py took 0.099 seconds
[2022-02-12 14:25:51,906] {scheduler_job.py:182} INFO - Started process (PID=9323) to work on /home/agalli/sandbox/lib/python3.6/site-packages/airflow/example_dags/tutorial_etl_dag.py
[2022-02-12 14:25:51,908] {scheduler_job.py:633} INFO - Processing file /home/agalli/sandbox/lib/python3.6/site-packages/airflow/example_dags/tutorial_etl_dag.py for tasks to queue
[2022-02-12 14:25:51,909] {logging_mixin.py:104} INFO - [2022-02-12 14:25:51,909] {dagbag.py:487} INFO - Filling up the DagBag from /home/agalli/sandbox/lib/python3.6/site-packages/airflow/example_dags/tutorial_etl_dag.py
[2022-02-12 14:25:51,930] {scheduler_job.py:643} INFO - DAG(s) dict_keys(['tutorial_etl_dag']) retrieved from /home/agalli/sandbox/lib/python3.6/site-packages/airflow/example_dags/tutorial_etl_dag.py
[2022-02-12 14:25:51,964] {logging_mixin.py:104} INFO - [2022-02-12 14:25:51,964] {dag.py:1832} INFO - Sync 1 DAGs
[2022-02-12 14:25:51,988] {logging_mixin.py:104} INFO - [2022-02-12 14:25:51,988] {dag.py:2305} INFO - Setting next_dagrun for tutorial_etl_dag to None
[2022-02-12 14:25:52,007] {scheduler_job.py:190} INFO - Processing /home/agalli/sandbox/lib/python3.6/site-packages/airflow/example_dags/tutorial_etl_dag.py took 0.106 seconds
[2022-02-12 14:26:22,820] {scheduler_job.py:182} INFO - Started process (PID=9525) to work on /home/agalli/sandbox/lib/python3.6/site-packages/airflow/example_dags/tutorial_etl_dag.py
[2022-02-12 14:26:22,824] {scheduler_job.py:633} INFO - Processing file /home/agalli/sandbox/lib/python3.6/site-packages/airflow/example_dags/tutorial_etl_dag.py for tasks to queue
[2022-02-12 14:26:22,824] {logging_mixin.py:104} INFO - [2022-02-12 14:26:22,824] {dagbag.py:487} INFO - Filling up the DagBag from /home/agalli/sandbox/lib/python3.6/site-packages/airflow/example_dags/tutorial_etl_dag.py
[2022-02-12 14:26:22,836] {scheduler_job.py:643} INFO - DAG(s) dict_keys(['tutorial_etl_dag']) retrieved from /home/agalli/sandbox/lib/python3.6/site-packages/airflow/example_dags/tutorial_etl_dag.py
[2022-02-12 14:26:22,866] {logging_mixin.py:104} INFO - [2022-02-12 14:26:22,865] {dag.py:1832} INFO - Sync 1 DAGs
[2022-02-12 14:26:22,886] {logging_mixin.py:104} INFO - [2022-02-12 14:26:22,886] {dag.py:2305} INFO - Setting next_dagrun for tutorial_etl_dag to None
[2022-02-12 14:26:22,901] {scheduler_job.py:190} INFO - Processing /home/agalli/sandbox/lib/python3.6/site-packages/airflow/example_dags/tutorial_etl_dag.py took 0.085 seconds
[2022-02-12 14:26:52,968] {scheduler_job.py:182} INFO - Started process (PID=9727) to work on /home/agalli/sandbox/lib/python3.6/site-packages/airflow/example_dags/tutorial_etl_dag.py
[2022-02-12 14:26:52,970] {scheduler_job.py:633} INFO - Processing file /home/agalli/sandbox/lib/python3.6/site-packages/airflow/example_dags/tutorial_etl_dag.py for tasks to queue
[2022-02-12 14:26:52,971] {logging_mixin.py:104} INFO - [2022-02-12 14:26:52,970] {dagbag.py:487} INFO - Filling up the DagBag from /home/agalli/sandbox/lib/python3.6/site-packages/airflow/example_dags/tutorial_etl_dag.py
[2022-02-12 14:26:52,985] {scheduler_job.py:643} INFO - DAG(s) dict_keys(['tutorial_etl_dag']) retrieved from /home/agalli/sandbox/lib/python3.6/site-packages/airflow/example_dags/tutorial_etl_dag.py
[2022-02-12 14:26:53,015] {logging_mixin.py:104} INFO - [2022-02-12 14:26:53,015] {dag.py:1832} INFO - Sync 1 DAGs
[2022-02-12 14:26:53,033] {logging_mixin.py:104} INFO - [2022-02-12 14:26:53,032] {dag.py:2305} INFO - Setting next_dagrun for tutorial_etl_dag to None
[2022-02-12 14:26:53,046] {scheduler_job.py:190} INFO - Processing /home/agalli/sandbox/lib/python3.6/site-packages/airflow/example_dags/tutorial_etl_dag.py took 0.081 seconds
[2022-02-12 14:27:23,912] {scheduler_job.py:182} INFO - Started process (PID=9929) to work on /home/agalli/sandbox/lib/python3.6/site-packages/airflow/example_dags/tutorial_etl_dag.py
[2022-02-12 14:27:23,913] {scheduler_job.py:633} INFO - Processing file /home/agalli/sandbox/lib/python3.6/site-packages/airflow/example_dags/tutorial_etl_dag.py for tasks to queue
[2022-02-12 14:27:23,914] {logging_mixin.py:104} INFO - [2022-02-12 14:27:23,913] {dagbag.py:487} INFO - Filling up the DagBag from /home/agalli/sandbox/lib/python3.6/site-packages/airflow/example_dags/tutorial_etl_dag.py
[2022-02-12 14:27:23,928] {scheduler_job.py:643} INFO - DAG(s) dict_keys(['tutorial_etl_dag']) retrieved from /home/agalli/sandbox/lib/python3.6/site-packages/airflow/example_dags/tutorial_etl_dag.py
[2022-02-12 14:27:23,958] {logging_mixin.py:104} INFO - [2022-02-12 14:27:23,958] {dag.py:1832} INFO - Sync 1 DAGs
[2022-02-12 14:27:23,976] {logging_mixin.py:104} INFO - [2022-02-12 14:27:23,976] {dag.py:2305} INFO - Setting next_dagrun for tutorial_etl_dag to None
[2022-02-12 14:27:23,991] {scheduler_job.py:190} INFO - Processing /home/agalli/sandbox/lib/python3.6/site-packages/airflow/example_dags/tutorial_etl_dag.py took 0.082 seconds
[2022-02-12 14:27:54,326] {scheduler_job.py:182} INFO - Started process (PID=10132) to work on /home/agalli/sandbox/lib/python3.6/site-packages/airflow/example_dags/tutorial_etl_dag.py
[2022-02-12 14:27:54,327] {scheduler_job.py:633} INFO - Processing file /home/agalli/sandbox/lib/python3.6/site-packages/airflow/example_dags/tutorial_etl_dag.py for tasks to queue
[2022-02-12 14:27:54,328] {logging_mixin.py:104} INFO - [2022-02-12 14:27:54,328] {dagbag.py:487} INFO - Filling up the DagBag from /home/agalli/sandbox/lib/python3.6/site-packages/airflow/example_dags/tutorial_etl_dag.py
[2022-02-12 14:27:54,343] {scheduler_job.py:643} INFO - DAG(s) dict_keys(['tutorial_etl_dag']) retrieved from /home/agalli/sandbox/lib/python3.6/site-packages/airflow/example_dags/tutorial_etl_dag.py
[2022-02-12 14:27:54,384] {logging_mixin.py:104} INFO - [2022-02-12 14:27:54,383] {dag.py:1832} INFO - Sync 1 DAGs
[2022-02-12 14:27:54,404] {logging_mixin.py:104} INFO - [2022-02-12 14:27:54,403] {dag.py:2305} INFO - Setting next_dagrun for tutorial_etl_dag to None
[2022-02-12 14:27:54,416] {scheduler_job.py:190} INFO - Processing /home/agalli/sandbox/lib/python3.6/site-packages/airflow/example_dags/tutorial_etl_dag.py took 0.094 seconds
[2022-02-12 14:28:24,520] {scheduler_job.py:182} INFO - Started process (PID=10335) to work on /home/agalli/sandbox/lib/python3.6/site-packages/airflow/example_dags/tutorial_etl_dag.py
[2022-02-12 14:28:24,523] {scheduler_job.py:633} INFO - Processing file /home/agalli/sandbox/lib/python3.6/site-packages/airflow/example_dags/tutorial_etl_dag.py for tasks to queue
[2022-02-12 14:28:24,523] {logging_mixin.py:104} INFO - [2022-02-12 14:28:24,523] {dagbag.py:487} INFO - Filling up the DagBag from /home/agalli/sandbox/lib/python3.6/site-packages/airflow/example_dags/tutorial_etl_dag.py
[2022-02-12 14:28:24,544] {scheduler_job.py:643} INFO - DAG(s) dict_keys(['tutorial_etl_dag']) retrieved from /home/agalli/sandbox/lib/python3.6/site-packages/airflow/example_dags/tutorial_etl_dag.py
[2022-02-12 14:28:24,642] {logging_mixin.py:104} INFO - [2022-02-12 14:28:24,633] {dag.py:1832} INFO - Sync 1 DAGs
[2022-02-12 14:28:24,723] {logging_mixin.py:104} INFO - [2022-02-12 14:28:24,723] {dag.py:2305} INFO - Setting next_dagrun for tutorial_etl_dag to None
[2022-02-12 14:28:24,778] {scheduler_job.py:190} INFO - Processing /home/agalli/sandbox/lib/python3.6/site-packages/airflow/example_dags/tutorial_etl_dag.py took 0.265 seconds
[2022-02-12 14:28:55,235] {scheduler_job.py:182} INFO - Started process (PID=10537) to work on /home/agalli/sandbox/lib/python3.6/site-packages/airflow/example_dags/tutorial_etl_dag.py
[2022-02-12 14:28:55,236] {scheduler_job.py:633} INFO - Processing file /home/agalli/sandbox/lib/python3.6/site-packages/airflow/example_dags/tutorial_etl_dag.py for tasks to queue
[2022-02-12 14:28:55,237] {logging_mixin.py:104} INFO - [2022-02-12 14:28:55,237] {dagbag.py:487} INFO - Filling up the DagBag from /home/agalli/sandbox/lib/python3.6/site-packages/airflow/example_dags/tutorial_etl_dag.py
[2022-02-12 14:28:55,254] {scheduler_job.py:643} INFO - DAG(s) dict_keys(['tutorial_etl_dag']) retrieved from /home/agalli/sandbox/lib/python3.6/site-packages/airflow/example_dags/tutorial_etl_dag.py
[2022-02-12 14:28:55,296] {logging_mixin.py:104} INFO - [2022-02-12 14:28:55,295] {dag.py:1832} INFO - Sync 1 DAGs
[2022-02-12 14:28:55,316] {logging_mixin.py:104} INFO - [2022-02-12 14:28:55,316] {dag.py:2305} INFO - Setting next_dagrun for tutorial_etl_dag to None
[2022-02-12 14:28:55,331] {scheduler_job.py:190} INFO - Processing /home/agalli/sandbox/lib/python3.6/site-packages/airflow/example_dags/tutorial_etl_dag.py took 0.101 seconds
[2022-02-12 14:29:25,914] {scheduler_job.py:182} INFO - Started process (PID=10739) to work on /home/agalli/sandbox/lib/python3.6/site-packages/airflow/example_dags/tutorial_etl_dag.py
[2022-02-12 14:29:25,916] {scheduler_job.py:633} INFO - Processing file /home/agalli/sandbox/lib/python3.6/site-packages/airflow/example_dags/tutorial_etl_dag.py for tasks to queue
[2022-02-12 14:29:25,917] {logging_mixin.py:104} INFO - [2022-02-12 14:29:25,917] {dagbag.py:487} INFO - Filling up the DagBag from /home/agalli/sandbox/lib/python3.6/site-packages/airflow/example_dags/tutorial_etl_dag.py
[2022-02-12 14:29:25,932] {scheduler_job.py:643} INFO - DAG(s) dict_keys(['tutorial_etl_dag']) retrieved from /home/agalli/sandbox/lib/python3.6/site-packages/airflow/example_dags/tutorial_etl_dag.py
[2022-02-12 14:29:25,966] {logging_mixin.py:104} INFO - [2022-02-12 14:29:25,965] {dag.py:1832} INFO - Sync 1 DAGs
[2022-02-12 14:29:25,985] {logging_mixin.py:104} INFO - [2022-02-12 14:29:25,985] {dag.py:2305} INFO - Setting next_dagrun for tutorial_etl_dag to None
[2022-02-12 14:29:25,999] {scheduler_job.py:190} INFO - Processing /home/agalli/sandbox/lib/python3.6/site-packages/airflow/example_dags/tutorial_etl_dag.py took 0.090 seconds
[2022-02-12 14:29:56,591] {scheduler_job.py:182} INFO - Started process (PID=10941) to work on /home/agalli/sandbox/lib/python3.6/site-packages/airflow/example_dags/tutorial_etl_dag.py
[2022-02-12 14:29:56,594] {scheduler_job.py:633} INFO - Processing file /home/agalli/sandbox/lib/python3.6/site-packages/airflow/example_dags/tutorial_etl_dag.py for tasks to queue
[2022-02-12 14:29:56,596] {logging_mixin.py:104} INFO - [2022-02-12 14:29:56,595] {dagbag.py:487} INFO - Filling up the DagBag from /home/agalli/sandbox/lib/python3.6/site-packages/airflow/example_dags/tutorial_etl_dag.py
[2022-02-12 14:29:56,622] {scheduler_job.py:643} INFO - DAG(s) dict_keys(['tutorial_etl_dag']) retrieved from /home/agalli/sandbox/lib/python3.6/site-packages/airflow/example_dags/tutorial_etl_dag.py
[2022-02-12 14:29:56,693] {logging_mixin.py:104} INFO - [2022-02-12 14:29:56,693] {dag.py:1832} INFO - Sync 1 DAGs
[2022-02-12 14:29:56,727] {logging_mixin.py:104} INFO - [2022-02-12 14:29:56,727] {dag.py:2305} INFO - Setting next_dagrun for tutorial_etl_dag to None
[2022-02-12 14:29:56,753] {scheduler_job.py:190} INFO - Processing /home/agalli/sandbox/lib/python3.6/site-packages/airflow/example_dags/tutorial_etl_dag.py took 0.171 seconds
[2022-02-12 14:30:27,302] {scheduler_job.py:182} INFO - Started process (PID=11263) to work on /home/agalli/sandbox/lib/python3.6/site-packages/airflow/example_dags/tutorial_etl_dag.py
[2022-02-12 14:30:27,303] {scheduler_job.py:633} INFO - Processing file /home/agalli/sandbox/lib/python3.6/site-packages/airflow/example_dags/tutorial_etl_dag.py for tasks to queue
[2022-02-12 14:30:27,304] {logging_mixin.py:104} INFO - [2022-02-12 14:30:27,304] {dagbag.py:487} INFO - Filling up the DagBag from /home/agalli/sandbox/lib/python3.6/site-packages/airflow/example_dags/tutorial_etl_dag.py
[2022-02-12 14:30:27,318] {scheduler_job.py:643} INFO - DAG(s) dict_keys(['tutorial_etl_dag']) retrieved from /home/agalli/sandbox/lib/python3.6/site-packages/airflow/example_dags/tutorial_etl_dag.py
[2022-02-12 14:30:27,344] {logging_mixin.py:104} INFO - [2022-02-12 14:30:27,343] {dag.py:1832} INFO - Sync 1 DAGs
[2022-02-12 14:30:27,365] {logging_mixin.py:104} INFO - [2022-02-12 14:30:27,365] {dag.py:2305} INFO - Setting next_dagrun for tutorial_etl_dag to None
[2022-02-12 14:30:27,385] {scheduler_job.py:190} INFO - Processing /home/agalli/sandbox/lib/python3.6/site-packages/airflow/example_dags/tutorial_etl_dag.py took 0.086 seconds
[2022-02-12 14:52:02,502] {scheduler_job.py:182} INFO - Started process (PID=14430) to work on /home/agalli/sandbox/lib/python3.6/site-packages/airflow/example_dags/tutorial_etl_dag.py
[2022-02-12 14:52:02,509] {scheduler_job.py:633} INFO - Processing file /home/agalli/sandbox/lib/python3.6/site-packages/airflow/example_dags/tutorial_etl_dag.py for tasks to queue
[2022-02-12 14:52:02,512] {logging_mixin.py:104} INFO - [2022-02-12 14:52:02,511] {dagbag.py:487} INFO - Filling up the DagBag from /home/agalli/sandbox/lib/python3.6/site-packages/airflow/example_dags/tutorial_etl_dag.py
[2022-02-12 14:52:02,606] {scheduler_job.py:643} INFO - DAG(s) dict_keys(['tutorial_etl_dag']) retrieved from /home/agalli/sandbox/lib/python3.6/site-packages/airflow/example_dags/tutorial_etl_dag.py
[2022-02-12 14:52:02,805] {logging_mixin.py:104} INFO - [2022-02-12 14:52:02,804] {dag.py:1832} INFO - Sync 1 DAGs
[2022-02-12 14:52:02,942] {logging_mixin.py:104} INFO - [2022-02-12 14:52:02,941] {dag.py:2305} INFO - Setting next_dagrun for tutorial_etl_dag to None
[2022-02-12 14:52:03,002] {scheduler_job.py:190} INFO - Processing /home/agalli/sandbox/lib/python3.6/site-packages/airflow/example_dags/tutorial_etl_dag.py took 0.508 seconds
[2022-02-12 14:52:33,868] {scheduler_job.py:182} INFO - Started process (PID=14534) to work on /home/agalli/sandbox/lib/python3.6/site-packages/airflow/example_dags/tutorial_etl_dag.py
[2022-02-12 14:52:33,874] {scheduler_job.py:633} INFO - Processing file /home/agalli/sandbox/lib/python3.6/site-packages/airflow/example_dags/tutorial_etl_dag.py for tasks to queue
[2022-02-12 14:52:33,876] {logging_mixin.py:104} INFO - [2022-02-12 14:52:33,876] {dagbag.py:487} INFO - Filling up the DagBag from /home/agalli/sandbox/lib/python3.6/site-packages/airflow/example_dags/tutorial_etl_dag.py
[2022-02-12 14:52:33,936] {scheduler_job.py:643} INFO - DAG(s) dict_keys(['tutorial_etl_dag']) retrieved from /home/agalli/sandbox/lib/python3.6/site-packages/airflow/example_dags/tutorial_etl_dag.py
[2022-02-12 14:52:34,070] {logging_mixin.py:104} INFO - [2022-02-12 14:52:34,070] {dag.py:1832} INFO - Sync 1 DAGs
[2022-02-12 14:52:34,140] {logging_mixin.py:104} INFO - [2022-02-12 14:52:34,140] {dag.py:2305} INFO - Setting next_dagrun for tutorial_etl_dag to None
[2022-02-12 14:52:34,231] {scheduler_job.py:190} INFO - Processing /home/agalli/sandbox/lib/python3.6/site-packages/airflow/example_dags/tutorial_etl_dag.py took 0.374 seconds
[2022-02-12 14:53:04,291] {scheduler_job.py:182} INFO - Started process (PID=14750) to work on /home/agalli/sandbox/lib/python3.6/site-packages/airflow/example_dags/tutorial_etl_dag.py
[2022-02-12 14:53:04,292] {scheduler_job.py:633} INFO - Processing file /home/agalli/sandbox/lib/python3.6/site-packages/airflow/example_dags/tutorial_etl_dag.py for tasks to queue
[2022-02-12 14:53:04,293] {logging_mixin.py:104} INFO - [2022-02-12 14:53:04,293] {dagbag.py:487} INFO - Filling up the DagBag from /home/agalli/sandbox/lib/python3.6/site-packages/airflow/example_dags/tutorial_etl_dag.py
[2022-02-12 14:53:04,324] {scheduler_job.py:643} INFO - DAG(s) dict_keys(['tutorial_etl_dag']) retrieved from /home/agalli/sandbox/lib/python3.6/site-packages/airflow/example_dags/tutorial_etl_dag.py
[2022-02-12 14:53:04,371] {logging_mixin.py:104} INFO - [2022-02-12 14:53:04,371] {dag.py:1832} INFO - Sync 1 DAGs
[2022-02-12 14:53:04,393] {logging_mixin.py:104} INFO - [2022-02-12 14:53:04,393] {dag.py:2305} INFO - Setting next_dagrun for tutorial_etl_dag to None
[2022-02-12 14:53:04,409] {scheduler_job.py:190} INFO - Processing /home/agalli/sandbox/lib/python3.6/site-packages/airflow/example_dags/tutorial_etl_dag.py took 0.124 seconds
[2022-02-12 14:53:34,882] {scheduler_job.py:182} INFO - Started process (PID=15371) to work on /home/agalli/sandbox/lib/python3.6/site-packages/airflow/example_dags/tutorial_etl_dag.py
[2022-02-12 14:53:34,885] {scheduler_job.py:633} INFO - Processing file /home/agalli/sandbox/lib/python3.6/site-packages/airflow/example_dags/tutorial_etl_dag.py for tasks to queue
[2022-02-12 14:53:34,891] {logging_mixin.py:104} INFO - [2022-02-12 14:53:34,889] {dagbag.py:487} INFO - Filling up the DagBag from /home/agalli/sandbox/lib/python3.6/site-packages/airflow/example_dags/tutorial_etl_dag.py
[2022-02-12 14:53:34,952] {scheduler_job.py:643} INFO - DAG(s) dict_keys(['tutorial_etl_dag']) retrieved from /home/agalli/sandbox/lib/python3.6/site-packages/airflow/example_dags/tutorial_etl_dag.py
[2022-02-12 14:53:35,097] {logging_mixin.py:104} INFO - [2022-02-12 14:53:35,097] {dag.py:1832} INFO - Sync 1 DAGs
[2022-02-12 14:53:35,241] {logging_mixin.py:104} INFO - [2022-02-12 14:53:35,241] {dag.py:2305} INFO - Setting next_dagrun for tutorial_etl_dag to None
[2022-02-12 14:53:35,369] {scheduler_job.py:190} INFO - Processing /home/agalli/sandbox/lib/python3.6/site-packages/airflow/example_dags/tutorial_etl_dag.py took 0.502 seconds
[2022-02-12 14:54:05,917] {scheduler_job.py:182} INFO - Started process (PID=15747) to work on /home/agalli/sandbox/lib/python3.6/site-packages/airflow/example_dags/tutorial_etl_dag.py
[2022-02-12 14:54:05,920] {scheduler_job.py:633} INFO - Processing file /home/agalli/sandbox/lib/python3.6/site-packages/airflow/example_dags/tutorial_etl_dag.py for tasks to queue
[2022-02-12 14:54:05,921] {logging_mixin.py:104} INFO - [2022-02-12 14:54:05,921] {dagbag.py:487} INFO - Filling up the DagBag from /home/agalli/sandbox/lib/python3.6/site-packages/airflow/example_dags/tutorial_etl_dag.py
[2022-02-12 14:54:05,967] {scheduler_job.py:643} INFO - DAG(s) dict_keys(['tutorial_etl_dag']) retrieved from /home/agalli/sandbox/lib/python3.6/site-packages/airflow/example_dags/tutorial_etl_dag.py
[2022-02-12 14:54:06,055] {logging_mixin.py:104} INFO - [2022-02-12 14:54:06,055] {dag.py:1832} INFO - Sync 1 DAGs
[2022-02-12 14:54:06,137] {logging_mixin.py:104} INFO - [2022-02-12 14:54:06,137] {dag.py:2305} INFO - Setting next_dagrun for tutorial_etl_dag to None
[2022-02-12 14:54:06,182] {scheduler_job.py:190} INFO - Processing /home/agalli/sandbox/lib/python3.6/site-packages/airflow/example_dags/tutorial_etl_dag.py took 0.278 seconds
[2022-02-12 14:54:37,116] {scheduler_job.py:182} INFO - Started process (PID=15847) to work on /home/agalli/sandbox/lib/python3.6/site-packages/airflow/example_dags/tutorial_etl_dag.py
[2022-02-12 14:54:37,118] {scheduler_job.py:633} INFO - Processing file /home/agalli/sandbox/lib/python3.6/site-packages/airflow/example_dags/tutorial_etl_dag.py for tasks to queue
[2022-02-12 14:54:37,119] {logging_mixin.py:104} INFO - [2022-02-12 14:54:37,119] {dagbag.py:487} INFO - Filling up the DagBag from /home/agalli/sandbox/lib/python3.6/site-packages/airflow/example_dags/tutorial_etl_dag.py
[2022-02-12 14:54:37,137] {scheduler_job.py:643} INFO - DAG(s) dict_keys(['tutorial_etl_dag']) retrieved from /home/agalli/sandbox/lib/python3.6/site-packages/airflow/example_dags/tutorial_etl_dag.py
[2022-02-12 14:54:37,163] {logging_mixin.py:104} INFO - [2022-02-12 14:54:37,163] {dag.py:1832} INFO - Sync 1 DAGs
[2022-02-12 14:54:37,187] {logging_mixin.py:104} INFO - [2022-02-12 14:54:37,187] {dag.py:2305} INFO - Setting next_dagrun for tutorial_etl_dag to None
[2022-02-12 14:54:37,200] {scheduler_job.py:190} INFO - Processing /home/agalli/sandbox/lib/python3.6/site-packages/airflow/example_dags/tutorial_etl_dag.py took 0.088 seconds
[2022-02-12 14:55:07,278] {scheduler_job.py:182} INFO - Started process (PID=15984) to work on /home/agalli/sandbox/lib/python3.6/site-packages/airflow/example_dags/tutorial_etl_dag.py
[2022-02-12 14:55:07,280] {scheduler_job.py:633} INFO - Processing file /home/agalli/sandbox/lib/python3.6/site-packages/airflow/example_dags/tutorial_etl_dag.py for tasks to queue
[2022-02-12 14:55:07,280] {logging_mixin.py:104} INFO - [2022-02-12 14:55:07,280] {dagbag.py:487} INFO - Filling up the DagBag from /home/agalli/sandbox/lib/python3.6/site-packages/airflow/example_dags/tutorial_etl_dag.py
[2022-02-12 14:55:07,292] {scheduler_job.py:643} INFO - DAG(s) dict_keys(['tutorial_etl_dag']) retrieved from /home/agalli/sandbox/lib/python3.6/site-packages/airflow/example_dags/tutorial_etl_dag.py
[2022-02-12 14:55:07,319] {logging_mixin.py:104} INFO - [2022-02-12 14:55:07,319] {dag.py:1832} INFO - Sync 1 DAGs
[2022-02-12 14:55:07,335] {logging_mixin.py:104} INFO - [2022-02-12 14:55:07,335] {dag.py:2305} INFO - Setting next_dagrun for tutorial_etl_dag to None
[2022-02-12 14:55:07,347] {scheduler_job.py:190} INFO - Processing /home/agalli/sandbox/lib/python3.6/site-packages/airflow/example_dags/tutorial_etl_dag.py took 0.072 seconds
[2022-02-12 14:56:35,330] {scheduler_job.py:182} INFO - Started process (PID=16349) to work on /home/agalli/sandbox/lib/python3.6/site-packages/airflow/example_dags/tutorial_etl_dag.py
[2022-02-12 14:56:35,336] {scheduler_job.py:633} INFO - Processing file /home/agalli/sandbox/lib/python3.6/site-packages/airflow/example_dags/tutorial_etl_dag.py for tasks to queue
[2022-02-12 14:56:35,338] {logging_mixin.py:104} INFO - [2022-02-12 14:56:35,338] {dagbag.py:487} INFO - Filling up the DagBag from /home/agalli/sandbox/lib/python3.6/site-packages/airflow/example_dags/tutorial_etl_dag.py
[2022-02-12 14:56:35,370] {scheduler_job.py:643} INFO - DAG(s) dict_keys(['tutorial_etl_dag']) retrieved from /home/agalli/sandbox/lib/python3.6/site-packages/airflow/example_dags/tutorial_etl_dag.py
[2022-02-12 14:56:35,433] {logging_mixin.py:104} INFO - [2022-02-12 14:56:35,432] {dag.py:1832} INFO - Sync 1 DAGs
[2022-02-12 14:56:35,501] {logging_mixin.py:104} INFO - [2022-02-12 14:56:35,500] {dag.py:2305} INFO - Setting next_dagrun for tutorial_etl_dag to None
[2022-02-12 14:56:35,564] {scheduler_job.py:190} INFO - Processing /home/agalli/sandbox/lib/python3.6/site-packages/airflow/example_dags/tutorial_etl_dag.py took 0.286 seconds
[2022-02-12 14:57:05,673] {scheduler_job.py:182} INFO - Started process (PID=16441) to work on /home/agalli/sandbox/lib/python3.6/site-packages/airflow/example_dags/tutorial_etl_dag.py
[2022-02-12 14:57:05,676] {scheduler_job.py:633} INFO - Processing file /home/agalli/sandbox/lib/python3.6/site-packages/airflow/example_dags/tutorial_etl_dag.py for tasks to queue
[2022-02-12 14:57:05,677] {logging_mixin.py:104} INFO - [2022-02-12 14:57:05,676] {dagbag.py:487} INFO - Filling up the DagBag from /home/agalli/sandbox/lib/python3.6/site-packages/airflow/example_dags/tutorial_etl_dag.py
[2022-02-12 14:57:05,694] {scheduler_job.py:643} INFO - DAG(s) dict_keys(['tutorial_etl_dag']) retrieved from /home/agalli/sandbox/lib/python3.6/site-packages/airflow/example_dags/tutorial_etl_dag.py
[2022-02-12 14:57:05,734] {logging_mixin.py:104} INFO - [2022-02-12 14:57:05,725] {dag.py:1832} INFO - Sync 1 DAGs
[2022-02-12 14:57:05,763] {logging_mixin.py:104} INFO - [2022-02-12 14:57:05,763] {dag.py:2305} INFO - Setting next_dagrun for tutorial_etl_dag to None
[2022-02-12 14:57:05,793] {scheduler_job.py:190} INFO - Processing /home/agalli/sandbox/lib/python3.6/site-packages/airflow/example_dags/tutorial_etl_dag.py took 0.123 seconds
[2022-02-12 14:57:36,925] {scheduler_job.py:182} INFO - Started process (PID=16661) to work on /home/agalli/sandbox/lib/python3.6/site-packages/airflow/example_dags/tutorial_etl_dag.py
[2022-02-12 14:57:36,926] {scheduler_job.py:633} INFO - Processing file /home/agalli/sandbox/lib/python3.6/site-packages/airflow/example_dags/tutorial_etl_dag.py for tasks to queue
[2022-02-12 14:57:36,927] {logging_mixin.py:104} INFO - [2022-02-12 14:57:36,926] {dagbag.py:487} INFO - Filling up the DagBag from /home/agalli/sandbox/lib/python3.6/site-packages/airflow/example_dags/tutorial_etl_dag.py
[2022-02-12 14:57:36,940] {scheduler_job.py:643} INFO - DAG(s) dict_keys(['tutorial_etl_dag']) retrieved from /home/agalli/sandbox/lib/python3.6/site-packages/airflow/example_dags/tutorial_etl_dag.py
[2022-02-12 14:57:36,969] {logging_mixin.py:104} INFO - [2022-02-12 14:57:36,969] {dag.py:1832} INFO - Sync 1 DAGs
[2022-02-12 14:57:36,987] {logging_mixin.py:104} INFO - [2022-02-12 14:57:36,987] {dag.py:2305} INFO - Setting next_dagrun for tutorial_etl_dag to None
[2022-02-12 14:57:36,997] {scheduler_job.py:190} INFO - Processing /home/agalli/sandbox/lib/python3.6/site-packages/airflow/example_dags/tutorial_etl_dag.py took 0.077 seconds
[2022-02-12 14:58:07,046] {scheduler_job.py:182} INFO - Started process (PID=16727) to work on /home/agalli/sandbox/lib/python3.6/site-packages/airflow/example_dags/tutorial_etl_dag.py
[2022-02-12 14:58:07,047] {scheduler_job.py:633} INFO - Processing file /home/agalli/sandbox/lib/python3.6/site-packages/airflow/example_dags/tutorial_etl_dag.py for tasks to queue
[2022-02-12 14:58:07,048] {logging_mixin.py:104} INFO - [2022-02-12 14:58:07,048] {dagbag.py:487} INFO - Filling up the DagBag from /home/agalli/sandbox/lib/python3.6/site-packages/airflow/example_dags/tutorial_etl_dag.py
[2022-02-12 14:58:07,060] {scheduler_job.py:643} INFO - DAG(s) dict_keys(['tutorial_etl_dag']) retrieved from /home/agalli/sandbox/lib/python3.6/site-packages/airflow/example_dags/tutorial_etl_dag.py
[2022-02-12 14:58:07,088] {logging_mixin.py:104} INFO - [2022-02-12 14:58:07,087] {dag.py:1832} INFO - Sync 1 DAGs
[2022-02-12 14:58:07,104] {logging_mixin.py:104} INFO - [2022-02-12 14:58:07,104] {dag.py:2305} INFO - Setting next_dagrun for tutorial_etl_dag to None
[2022-02-12 14:58:07,119] {scheduler_job.py:190} INFO - Processing /home/agalli/sandbox/lib/python3.6/site-packages/airflow/example_dags/tutorial_etl_dag.py took 0.076 seconds
[2022-02-12 14:58:37,517] {scheduler_job.py:182} INFO - Started process (PID=16796) to work on /home/agalli/sandbox/lib/python3.6/site-packages/airflow/example_dags/tutorial_etl_dag.py
[2022-02-12 14:58:37,518] {scheduler_job.py:633} INFO - Processing file /home/agalli/sandbox/lib/python3.6/site-packages/airflow/example_dags/tutorial_etl_dag.py for tasks to queue
[2022-02-12 14:58:37,519] {logging_mixin.py:104} INFO - [2022-02-12 14:58:37,519] {dagbag.py:487} INFO - Filling up the DagBag from /home/agalli/sandbox/lib/python3.6/site-packages/airflow/example_dags/tutorial_etl_dag.py
[2022-02-12 14:58:37,540] {scheduler_job.py:643} INFO - DAG(s) dict_keys(['tutorial_etl_dag']) retrieved from /home/agalli/sandbox/lib/python3.6/site-packages/airflow/example_dags/tutorial_etl_dag.py
[2022-02-12 14:58:37,577] {logging_mixin.py:104} INFO - [2022-02-12 14:58:37,577] {dag.py:1832} INFO - Sync 1 DAGs
[2022-02-12 14:58:37,598] {logging_mixin.py:104} INFO - [2022-02-12 14:58:37,598] {dag.py:2305} INFO - Setting next_dagrun for tutorial_etl_dag to None
[2022-02-12 14:58:37,616] {scheduler_job.py:190} INFO - Processing /home/agalli/sandbox/lib/python3.6/site-packages/airflow/example_dags/tutorial_etl_dag.py took 0.103 seconds
[2022-02-12 14:59:08,120] {scheduler_job.py:182} INFO - Started process (PID=16866) to work on /home/agalli/sandbox/lib/python3.6/site-packages/airflow/example_dags/tutorial_etl_dag.py
[2022-02-12 14:59:08,121] {scheduler_job.py:633} INFO - Processing file /home/agalli/sandbox/lib/python3.6/site-packages/airflow/example_dags/tutorial_etl_dag.py for tasks to queue
[2022-02-12 14:59:08,122] {logging_mixin.py:104} INFO - [2022-02-12 14:59:08,122] {dagbag.py:487} INFO - Filling up the DagBag from /home/agalli/sandbox/lib/python3.6/site-packages/airflow/example_dags/tutorial_etl_dag.py
[2022-02-12 14:59:08,142] {scheduler_job.py:643} INFO - DAG(s) dict_keys(['tutorial_etl_dag']) retrieved from /home/agalli/sandbox/lib/python3.6/site-packages/airflow/example_dags/tutorial_etl_dag.py
[2022-02-12 14:59:08,176] {logging_mixin.py:104} INFO - [2022-02-12 14:59:08,176] {dag.py:1832} INFO - Sync 1 DAGs
[2022-02-12 14:59:08,205] {logging_mixin.py:104} INFO - [2022-02-12 14:59:08,205] {dag.py:2305} INFO - Setting next_dagrun for tutorial_etl_dag to None
[2022-02-12 14:59:08,220] {scheduler_job.py:190} INFO - Processing /home/agalli/sandbox/lib/python3.6/site-packages/airflow/example_dags/tutorial_etl_dag.py took 0.105 seconds
[2022-02-12 14:59:38,402] {scheduler_job.py:182} INFO - Started process (PID=16935) to work on /home/agalli/sandbox/lib/python3.6/site-packages/airflow/example_dags/tutorial_etl_dag.py
[2022-02-12 14:59:38,403] {scheduler_job.py:633} INFO - Processing file /home/agalli/sandbox/lib/python3.6/site-packages/airflow/example_dags/tutorial_etl_dag.py for tasks to queue
[2022-02-12 14:59:38,403] {logging_mixin.py:104} INFO - [2022-02-12 14:59:38,403] {dagbag.py:487} INFO - Filling up the DagBag from /home/agalli/sandbox/lib/python3.6/site-packages/airflow/example_dags/tutorial_etl_dag.py
[2022-02-12 14:59:38,421] {scheduler_job.py:643} INFO - DAG(s) dict_keys(['tutorial_etl_dag']) retrieved from /home/agalli/sandbox/lib/python3.6/site-packages/airflow/example_dags/tutorial_etl_dag.py
[2022-02-12 14:59:38,454] {logging_mixin.py:104} INFO - [2022-02-12 14:59:38,454] {dag.py:1832} INFO - Sync 1 DAGs
[2022-02-12 14:59:38,476] {logging_mixin.py:104} INFO - [2022-02-12 14:59:38,476] {dag.py:2305} INFO - Setting next_dagrun for tutorial_etl_dag to None
[2022-02-12 14:59:38,502] {scheduler_job.py:190} INFO - Processing /home/agalli/sandbox/lib/python3.6/site-packages/airflow/example_dags/tutorial_etl_dag.py took 0.105 seconds
[2022-02-12 15:00:08,980] {scheduler_job.py:182} INFO - Started process (PID=17005) to work on /home/agalli/sandbox/lib/python3.6/site-packages/airflow/example_dags/tutorial_etl_dag.py
[2022-02-12 15:00:08,982] {scheduler_job.py:633} INFO - Processing file /home/agalli/sandbox/lib/python3.6/site-packages/airflow/example_dags/tutorial_etl_dag.py for tasks to queue
[2022-02-12 15:00:08,984] {logging_mixin.py:104} INFO - [2022-02-12 15:00:08,983] {dagbag.py:487} INFO - Filling up the DagBag from /home/agalli/sandbox/lib/python3.6/site-packages/airflow/example_dags/tutorial_etl_dag.py
[2022-02-12 15:00:09,045] {scheduler_job.py:643} INFO - DAG(s) dict_keys(['tutorial_etl_dag']) retrieved from /home/agalli/sandbox/lib/python3.6/site-packages/airflow/example_dags/tutorial_etl_dag.py
[2022-02-12 15:00:09,173] {logging_mixin.py:104} INFO - [2022-02-12 15:00:09,173] {dag.py:1832} INFO - Sync 1 DAGs
[2022-02-12 15:00:09,269] {logging_mixin.py:104} INFO - [2022-02-12 15:00:09,269] {dag.py:2305} INFO - Setting next_dagrun for tutorial_etl_dag to None
[2022-02-12 15:00:09,332] {scheduler_job.py:190} INFO - Processing /home/agalli/sandbox/lib/python3.6/site-packages/airflow/example_dags/tutorial_etl_dag.py took 0.366 seconds
[2022-02-12 15:00:36,165] {scheduler_job.py:182} INFO - Started process (PID=17429) to work on /home/agalli/sandbox/lib/python3.6/site-packages/airflow/example_dags/tutorial_etl_dag.py
[2022-02-12 15:00:36,194] {scheduler_job.py:633} INFO - Processing file /home/agalli/sandbox/lib/python3.6/site-packages/airflow/example_dags/tutorial_etl_dag.py for tasks to queue
[2022-02-12 15:00:36,196] {logging_mixin.py:104} INFO - [2022-02-12 15:00:36,196] {dagbag.py:487} INFO - Filling up the DagBag from /home/agalli/sandbox/lib/python3.6/site-packages/airflow/example_dags/tutorial_etl_dag.py
[2022-02-12 15:00:36,228] {scheduler_job.py:643} INFO - DAG(s) dict_keys(['tutorial_etl_dag']) retrieved from /home/agalli/sandbox/lib/python3.6/site-packages/airflow/example_dags/tutorial_etl_dag.py
[2022-02-12 15:00:36,295] {logging_mixin.py:104} INFO - [2022-02-12 15:00:36,294] {dag.py:1832} INFO - Sync 1 DAGs
[2022-02-12 15:00:36,345] {logging_mixin.py:104} INFO - [2022-02-12 15:00:36,345] {dag.py:2305} INFO - Setting next_dagrun for tutorial_etl_dag to None
[2022-02-12 15:00:36,462] {scheduler_job.py:190} INFO - Processing /home/agalli/sandbox/lib/python3.6/site-packages/airflow/example_dags/tutorial_etl_dag.py took 0.308 seconds
[2022-02-12 15:01:06,808] {scheduler_job.py:182} INFO - Started process (PID=17825) to work on /home/agalli/sandbox/lib/python3.6/site-packages/airflow/example_dags/tutorial_etl_dag.py
[2022-02-12 15:01:06,809] {scheduler_job.py:633} INFO - Processing file /home/agalli/sandbox/lib/python3.6/site-packages/airflow/example_dags/tutorial_etl_dag.py for tasks to queue
[2022-02-12 15:01:06,811] {logging_mixin.py:104} INFO - [2022-02-12 15:01:06,811] {dagbag.py:487} INFO - Filling up the DagBag from /home/agalli/sandbox/lib/python3.6/site-packages/airflow/example_dags/tutorial_etl_dag.py
[2022-02-12 15:01:06,849] {scheduler_job.py:643} INFO - DAG(s) dict_keys(['tutorial_etl_dag']) retrieved from /home/agalli/sandbox/lib/python3.6/site-packages/airflow/example_dags/tutorial_etl_dag.py
[2022-02-12 15:01:06,949] {logging_mixin.py:104} INFO - [2022-02-12 15:01:06,948] {dag.py:1832} INFO - Sync 1 DAGs
[2022-02-12 15:01:07,026] {logging_mixin.py:104} INFO - [2022-02-12 15:01:07,026] {dag.py:2305} INFO - Setting next_dagrun for tutorial_etl_dag to None
[2022-02-12 15:01:07,099] {scheduler_job.py:190} INFO - Processing /home/agalli/sandbox/lib/python3.6/site-packages/airflow/example_dags/tutorial_etl_dag.py took 0.302 seconds
[2022-02-12 15:01:37,618] {scheduler_job.py:182} INFO - Started process (PID=18057) to work on /home/agalli/sandbox/lib/python3.6/site-packages/airflow/example_dags/tutorial_etl_dag.py
[2022-02-12 15:01:37,620] {scheduler_job.py:633} INFO - Processing file /home/agalli/sandbox/lib/python3.6/site-packages/airflow/example_dags/tutorial_etl_dag.py for tasks to queue
[2022-02-12 15:01:37,621] {logging_mixin.py:104} INFO - [2022-02-12 15:01:37,621] {dagbag.py:487} INFO - Filling up the DagBag from /home/agalli/sandbox/lib/python3.6/site-packages/airflow/example_dags/tutorial_etl_dag.py
[2022-02-12 15:01:37,643] {scheduler_job.py:643} INFO - DAG(s) dict_keys(['tutorial_etl_dag']) retrieved from /home/agalli/sandbox/lib/python3.6/site-packages/airflow/example_dags/tutorial_etl_dag.py
[2022-02-12 15:01:37,686] {logging_mixin.py:104} INFO - [2022-02-12 15:01:37,686] {dag.py:1832} INFO - Sync 1 DAGs
[2022-02-12 15:01:37,719] {logging_mixin.py:104} INFO - [2022-02-12 15:01:37,719] {dag.py:2305} INFO - Setting next_dagrun for tutorial_etl_dag to None
[2022-02-12 15:01:37,745] {scheduler_job.py:190} INFO - Processing /home/agalli/sandbox/lib/python3.6/site-packages/airflow/example_dags/tutorial_etl_dag.py took 0.133 seconds
[2022-02-12 15:02:08,412] {scheduler_job.py:182} INFO - Started process (PID=18319) to work on /home/agalli/sandbox/lib/python3.6/site-packages/airflow/example_dags/tutorial_etl_dag.py
[2022-02-12 15:02:08,414] {scheduler_job.py:633} INFO - Processing file /home/agalli/sandbox/lib/python3.6/site-packages/airflow/example_dags/tutorial_etl_dag.py for tasks to queue
[2022-02-12 15:02:08,415] {logging_mixin.py:104} INFO - [2022-02-12 15:02:08,415] {dagbag.py:487} INFO - Filling up the DagBag from /home/agalli/sandbox/lib/python3.6/site-packages/airflow/example_dags/tutorial_etl_dag.py
[2022-02-12 15:02:08,434] {scheduler_job.py:643} INFO - DAG(s) dict_keys(['tutorial_etl_dag']) retrieved from /home/agalli/sandbox/lib/python3.6/site-packages/airflow/example_dags/tutorial_etl_dag.py
[2022-02-12 15:02:08,522] {logging_mixin.py:104} INFO - [2022-02-12 15:02:08,522] {dag.py:1832} INFO - Sync 1 DAGs
[2022-02-12 15:02:08,566] {logging_mixin.py:104} INFO - [2022-02-12 15:02:08,565] {dag.py:2305} INFO - Setting next_dagrun for tutorial_etl_dag to None
[2022-02-12 15:02:08,585] {scheduler_job.py:190} INFO - Processing /home/agalli/sandbox/lib/python3.6/site-packages/airflow/example_dags/tutorial_etl_dag.py took 0.179 seconds
[2022-02-12 15:02:39,071] {scheduler_job.py:182} INFO - Started process (PID=18791) to work on /home/agalli/sandbox/lib/python3.6/site-packages/airflow/example_dags/tutorial_etl_dag.py
[2022-02-12 15:02:39,073] {scheduler_job.py:633} INFO - Processing file /home/agalli/sandbox/lib/python3.6/site-packages/airflow/example_dags/tutorial_etl_dag.py for tasks to queue
[2022-02-12 15:02:39,076] {logging_mixin.py:104} INFO - [2022-02-12 15:02:39,076] {dagbag.py:487} INFO - Filling up the DagBag from /home/agalli/sandbox/lib/python3.6/site-packages/airflow/example_dags/tutorial_etl_dag.py
[2022-02-12 15:02:39,104] {scheduler_job.py:643} INFO - DAG(s) dict_keys(['tutorial_etl_dag']) retrieved from /home/agalli/sandbox/lib/python3.6/site-packages/airflow/example_dags/tutorial_etl_dag.py
[2022-02-12 15:02:39,171] {logging_mixin.py:104} INFO - [2022-02-12 15:02:39,171] {dag.py:1832} INFO - Sync 1 DAGs
[2022-02-12 15:02:39,213] {logging_mixin.py:104} INFO - [2022-02-12 15:02:39,213] {dag.py:2305} INFO - Setting next_dagrun for tutorial_etl_dag to None
[2022-02-12 15:02:39,270] {scheduler_job.py:190} INFO - Processing /home/agalli/sandbox/lib/python3.6/site-packages/airflow/example_dags/tutorial_etl_dag.py took 0.204 seconds
[2022-02-12 15:03:09,793] {scheduler_job.py:182} INFO - Started process (PID=19173) to work on /home/agalli/sandbox/lib/python3.6/site-packages/airflow/example_dags/tutorial_etl_dag.py
[2022-02-12 15:03:09,795] {scheduler_job.py:633} INFO - Processing file /home/agalli/sandbox/lib/python3.6/site-packages/airflow/example_dags/tutorial_etl_dag.py for tasks to queue
[2022-02-12 15:03:09,796] {logging_mixin.py:104} INFO - [2022-02-12 15:03:09,796] {dagbag.py:487} INFO - Filling up the DagBag from /home/agalli/sandbox/lib/python3.6/site-packages/airflow/example_dags/tutorial_etl_dag.py
[2022-02-12 15:03:09,813] {scheduler_job.py:643} INFO - DAG(s) dict_keys(['tutorial_etl_dag']) retrieved from /home/agalli/sandbox/lib/python3.6/site-packages/airflow/example_dags/tutorial_etl_dag.py
[2022-02-12 15:03:09,843] {logging_mixin.py:104} INFO - [2022-02-12 15:03:09,842] {dag.py:1832} INFO - Sync 1 DAGs
[2022-02-12 15:03:09,860] {logging_mixin.py:104} INFO - [2022-02-12 15:03:09,860] {dag.py:2305} INFO - Setting next_dagrun for tutorial_etl_dag to None
[2022-02-12 15:03:09,874] {scheduler_job.py:190} INFO - Processing /home/agalli/sandbox/lib/python3.6/site-packages/airflow/example_dags/tutorial_etl_dag.py took 0.086 seconds
[2022-02-12 15:03:40,114] {scheduler_job.py:182} INFO - Started process (PID=19405) to work on /home/agalli/sandbox/lib/python3.6/site-packages/airflow/example_dags/tutorial_etl_dag.py
[2022-02-12 15:03:40,117] {scheduler_job.py:633} INFO - Processing file /home/agalli/sandbox/lib/python3.6/site-packages/airflow/example_dags/tutorial_etl_dag.py for tasks to queue
[2022-02-12 15:03:40,119] {logging_mixin.py:104} INFO - [2022-02-12 15:03:40,119] {dagbag.py:487} INFO - Filling up the DagBag from /home/agalli/sandbox/lib/python3.6/site-packages/airflow/example_dags/tutorial_etl_dag.py
[2022-02-12 15:03:40,144] {scheduler_job.py:643} INFO - DAG(s) dict_keys(['tutorial_etl_dag']) retrieved from /home/agalli/sandbox/lib/python3.6/site-packages/airflow/example_dags/tutorial_etl_dag.py
[2022-02-12 15:03:40,226] {logging_mixin.py:104} INFO - [2022-02-12 15:03:40,225] {dag.py:1832} INFO - Sync 1 DAGs
[2022-02-12 15:03:40,288] {logging_mixin.py:104} INFO - [2022-02-12 15:03:40,288] {dag.py:2305} INFO - Setting next_dagrun for tutorial_etl_dag to None
[2022-02-12 15:03:40,316] {scheduler_job.py:190} INFO - Processing /home/agalli/sandbox/lib/python3.6/site-packages/airflow/example_dags/tutorial_etl_dag.py took 0.207 seconds
[2022-02-12 15:04:10,587] {scheduler_job.py:182} INFO - Started process (PID=19601) to work on /home/agalli/sandbox/lib/python3.6/site-packages/airflow/example_dags/tutorial_etl_dag.py
[2022-02-12 15:04:10,589] {scheduler_job.py:633} INFO - Processing file /home/agalli/sandbox/lib/python3.6/site-packages/airflow/example_dags/tutorial_etl_dag.py for tasks to queue
[2022-02-12 15:04:10,590] {logging_mixin.py:104} INFO - [2022-02-12 15:04:10,590] {dagbag.py:487} INFO - Filling up the DagBag from /home/agalli/sandbox/lib/python3.6/site-packages/airflow/example_dags/tutorial_etl_dag.py
[2022-02-12 15:04:10,624] {scheduler_job.py:643} INFO - DAG(s) dict_keys(['tutorial_etl_dag']) retrieved from /home/agalli/sandbox/lib/python3.6/site-packages/airflow/example_dags/tutorial_etl_dag.py
[2022-02-12 15:04:10,690] {logging_mixin.py:104} INFO - [2022-02-12 15:04:10,690] {dag.py:1832} INFO - Sync 1 DAGs
[2022-02-12 15:04:10,727] {logging_mixin.py:104} INFO - [2022-02-12 15:04:10,727] {dag.py:2305} INFO - Setting next_dagrun for tutorial_etl_dag to None
[2022-02-12 15:04:10,761] {scheduler_job.py:190} INFO - Processing /home/agalli/sandbox/lib/python3.6/site-packages/airflow/example_dags/tutorial_etl_dag.py took 0.190 seconds
[2022-02-12 15:04:40,795] {scheduler_job.py:182} INFO - Started process (PID=19803) to work on /home/agalli/sandbox/lib/python3.6/site-packages/airflow/example_dags/tutorial_etl_dag.py
[2022-02-12 15:04:40,797] {scheduler_job.py:633} INFO - Processing file /home/agalli/sandbox/lib/python3.6/site-packages/airflow/example_dags/tutorial_etl_dag.py for tasks to queue
[2022-02-12 15:04:40,798] {logging_mixin.py:104} INFO - [2022-02-12 15:04:40,798] {dagbag.py:487} INFO - Filling up the DagBag from /home/agalli/sandbox/lib/python3.6/site-packages/airflow/example_dags/tutorial_etl_dag.py
[2022-02-12 15:04:40,813] {scheduler_job.py:643} INFO - DAG(s) dict_keys(['tutorial_etl_dag']) retrieved from /home/agalli/sandbox/lib/python3.6/site-packages/airflow/example_dags/tutorial_etl_dag.py
[2022-02-12 15:04:40,847] {logging_mixin.py:104} INFO - [2022-02-12 15:04:40,846] {dag.py:1832} INFO - Sync 1 DAGs
[2022-02-12 15:04:40,866] {logging_mixin.py:104} INFO - [2022-02-12 15:04:40,866] {dag.py:2305} INFO - Setting next_dagrun for tutorial_etl_dag to None
[2022-02-12 15:04:40,880] {scheduler_job.py:190} INFO - Processing /home/agalli/sandbox/lib/python3.6/site-packages/airflow/example_dags/tutorial_etl_dag.py took 0.091 seconds
[2022-02-12 15:05:11,108] {scheduler_job.py:182} INFO - Started process (PID=20005) to work on /home/agalli/sandbox/lib/python3.6/site-packages/airflow/example_dags/tutorial_etl_dag.py
[2022-02-12 15:05:11,109] {scheduler_job.py:633} INFO - Processing file /home/agalli/sandbox/lib/python3.6/site-packages/airflow/example_dags/tutorial_etl_dag.py for tasks to queue
[2022-02-12 15:05:11,110] {logging_mixin.py:104} INFO - [2022-02-12 15:05:11,110] {dagbag.py:487} INFO - Filling up the DagBag from /home/agalli/sandbox/lib/python3.6/site-packages/airflow/example_dags/tutorial_etl_dag.py
[2022-02-12 15:05:11,129] {scheduler_job.py:643} INFO - DAG(s) dict_keys(['tutorial_etl_dag']) retrieved from /home/agalli/sandbox/lib/python3.6/site-packages/airflow/example_dags/tutorial_etl_dag.py
[2022-02-12 15:05:11,163] {logging_mixin.py:104} INFO - [2022-02-12 15:05:11,163] {dag.py:1832} INFO - Sync 1 DAGs
[2022-02-12 15:05:11,182] {logging_mixin.py:104} INFO - [2022-02-12 15:05:11,182] {dag.py:2305} INFO - Setting next_dagrun for tutorial_etl_dag to None
[2022-02-12 15:05:11,195] {scheduler_job.py:190} INFO - Processing /home/agalli/sandbox/lib/python3.6/site-packages/airflow/example_dags/tutorial_etl_dag.py took 0.092 seconds
[2022-02-12 15:05:41,300] {scheduler_job.py:182} INFO - Started process (PID=20327) to work on /home/agalli/sandbox/lib/python3.6/site-packages/airflow/example_dags/tutorial_etl_dag.py
[2022-02-12 15:05:41,302] {scheduler_job.py:633} INFO - Processing file /home/agalli/sandbox/lib/python3.6/site-packages/airflow/example_dags/tutorial_etl_dag.py for tasks to queue
[2022-02-12 15:05:41,304] {logging_mixin.py:104} INFO - [2022-02-12 15:05:41,304] {dagbag.py:487} INFO - Filling up the DagBag from /home/agalli/sandbox/lib/python3.6/site-packages/airflow/example_dags/tutorial_etl_dag.py
[2022-02-12 15:05:41,321] {scheduler_job.py:643} INFO - DAG(s) dict_keys(['tutorial_etl_dag']) retrieved from /home/agalli/sandbox/lib/python3.6/site-packages/airflow/example_dags/tutorial_etl_dag.py
[2022-02-12 15:05:41,352] {logging_mixin.py:104} INFO - [2022-02-12 15:05:41,351] {dag.py:1832} INFO - Sync 1 DAGs
[2022-02-12 15:05:41,373] {logging_mixin.py:104} INFO - [2022-02-12 15:05:41,373] {dag.py:2305} INFO - Setting next_dagrun for tutorial_etl_dag to None
[2022-02-12 15:05:41,387] {scheduler_job.py:190} INFO - Processing /home/agalli/sandbox/lib/python3.6/site-packages/airflow/example_dags/tutorial_etl_dag.py took 0.090 seconds
[2022-02-12 15:06:11,510] {scheduler_job.py:182} INFO - Started process (PID=20531) to work on /home/agalli/sandbox/lib/python3.6/site-packages/airflow/example_dags/tutorial_etl_dag.py
[2022-02-12 15:06:11,511] {scheduler_job.py:633} INFO - Processing file /home/agalli/sandbox/lib/python3.6/site-packages/airflow/example_dags/tutorial_etl_dag.py for tasks to queue
[2022-02-12 15:06:11,512] {logging_mixin.py:104} INFO - [2022-02-12 15:06:11,512] {dagbag.py:487} INFO - Filling up the DagBag from /home/agalli/sandbox/lib/python3.6/site-packages/airflow/example_dags/tutorial_etl_dag.py
[2022-02-12 15:06:11,525] {scheduler_job.py:643} INFO - DAG(s) dict_keys(['tutorial_etl_dag']) retrieved from /home/agalli/sandbox/lib/python3.6/site-packages/airflow/example_dags/tutorial_etl_dag.py
[2022-02-12 15:06:11,553] {logging_mixin.py:104} INFO - [2022-02-12 15:06:11,553] {dag.py:1832} INFO - Sync 1 DAGs
[2022-02-12 15:06:11,573] {logging_mixin.py:104} INFO - [2022-02-12 15:06:11,573] {dag.py:2305} INFO - Setting next_dagrun for tutorial_etl_dag to None
[2022-02-12 15:06:11,588] {scheduler_job.py:190} INFO - Processing /home/agalli/sandbox/lib/python3.6/site-packages/airflow/example_dags/tutorial_etl_dag.py took 0.082 seconds
[2022-02-12 15:06:42,448] {scheduler_job.py:182} INFO - Started process (PID=20731) to work on /home/agalli/sandbox/lib/python3.6/site-packages/airflow/example_dags/tutorial_etl_dag.py
[2022-02-12 15:06:42,450] {scheduler_job.py:633} INFO - Processing file /home/agalli/sandbox/lib/python3.6/site-packages/airflow/example_dags/tutorial_etl_dag.py for tasks to queue
[2022-02-12 15:06:42,452] {logging_mixin.py:104} INFO - [2022-02-12 15:06:42,452] {dagbag.py:487} INFO - Filling up the DagBag from /home/agalli/sandbox/lib/python3.6/site-packages/airflow/example_dags/tutorial_etl_dag.py
[2022-02-12 15:06:42,491] {scheduler_job.py:643} INFO - DAG(s) dict_keys(['tutorial_etl_dag']) retrieved from /home/agalli/sandbox/lib/python3.6/site-packages/airflow/example_dags/tutorial_etl_dag.py
[2022-02-12 15:06:42,547] {logging_mixin.py:104} INFO - [2022-02-12 15:06:42,547] {dag.py:1832} INFO - Sync 1 DAGs
[2022-02-12 15:06:42,573] {logging_mixin.py:104} INFO - [2022-02-12 15:06:42,572] {dag.py:2305} INFO - Setting next_dagrun for tutorial_etl_dag to None
[2022-02-12 15:06:42,589] {scheduler_job.py:190} INFO - Processing /home/agalli/sandbox/lib/python3.6/site-packages/airflow/example_dags/tutorial_etl_dag.py took 0.155 seconds
[2022-02-12 15:07:12,806] {scheduler_job.py:182} INFO - Started process (PID=20933) to work on /home/agalli/sandbox/lib/python3.6/site-packages/airflow/example_dags/tutorial_etl_dag.py
[2022-02-12 15:07:12,810] {scheduler_job.py:633} INFO - Processing file /home/agalli/sandbox/lib/python3.6/site-packages/airflow/example_dags/tutorial_etl_dag.py for tasks to queue
[2022-02-12 15:07:12,812] {logging_mixin.py:104} INFO - [2022-02-12 15:07:12,811] {dagbag.py:487} INFO - Filling up the DagBag from /home/agalli/sandbox/lib/python3.6/site-packages/airflow/example_dags/tutorial_etl_dag.py
[2022-02-12 15:07:12,835] {scheduler_job.py:643} INFO - DAG(s) dict_keys(['tutorial_etl_dag']) retrieved from /home/agalli/sandbox/lib/python3.6/site-packages/airflow/example_dags/tutorial_etl_dag.py
[2022-02-12 15:07:12,876] {logging_mixin.py:104} INFO - [2022-02-12 15:07:12,876] {dag.py:1832} INFO - Sync 1 DAGs
[2022-02-12 15:07:12,903] {logging_mixin.py:104} INFO - [2022-02-12 15:07:12,903] {dag.py:2305} INFO - Setting next_dagrun for tutorial_etl_dag to None
[2022-02-12 15:07:12,918] {scheduler_job.py:190} INFO - Processing /home/agalli/sandbox/lib/python3.6/site-packages/airflow/example_dags/tutorial_etl_dag.py took 0.119 seconds
[2022-02-12 15:07:43,217] {scheduler_job.py:182} INFO - Started process (PID=21135) to work on /home/agalli/sandbox/lib/python3.6/site-packages/airflow/example_dags/tutorial_etl_dag.py
[2022-02-12 15:07:43,222] {scheduler_job.py:633} INFO - Processing file /home/agalli/sandbox/lib/python3.6/site-packages/airflow/example_dags/tutorial_etl_dag.py for tasks to queue
[2022-02-12 15:07:43,227] {logging_mixin.py:104} INFO - [2022-02-12 15:07:43,227] {dagbag.py:487} INFO - Filling up the DagBag from /home/agalli/sandbox/lib/python3.6/site-packages/airflow/example_dags/tutorial_etl_dag.py
[2022-02-12 15:07:43,244] {scheduler_job.py:643} INFO - DAG(s) dict_keys(['tutorial_etl_dag']) retrieved from /home/agalli/sandbox/lib/python3.6/site-packages/airflow/example_dags/tutorial_etl_dag.py
[2022-02-12 15:07:43,279] {logging_mixin.py:104} INFO - [2022-02-12 15:07:43,279] {dag.py:1832} INFO - Sync 1 DAGs
[2022-02-12 15:07:43,298] {logging_mixin.py:104} INFO - [2022-02-12 15:07:43,297] {dag.py:2305} INFO - Setting next_dagrun for tutorial_etl_dag to None
[2022-02-12 15:07:43,308] {scheduler_job.py:190} INFO - Processing /home/agalli/sandbox/lib/python3.6/site-packages/airflow/example_dags/tutorial_etl_dag.py took 0.097 seconds
[2022-02-12 15:08:13,554] {scheduler_job.py:182} INFO - Started process (PID=21340) to work on /home/agalli/sandbox/lib/python3.6/site-packages/airflow/example_dags/tutorial_etl_dag.py
[2022-02-12 15:08:13,557] {scheduler_job.py:633} INFO - Processing file /home/agalli/sandbox/lib/python3.6/site-packages/airflow/example_dags/tutorial_etl_dag.py for tasks to queue
[2022-02-12 15:08:13,559] {logging_mixin.py:104} INFO - [2022-02-12 15:08:13,559] {dagbag.py:487} INFO - Filling up the DagBag from /home/agalli/sandbox/lib/python3.6/site-packages/airflow/example_dags/tutorial_etl_dag.py
[2022-02-12 15:08:13,615] {scheduler_job.py:643} INFO - DAG(s) dict_keys(['tutorial_etl_dag']) retrieved from /home/agalli/sandbox/lib/python3.6/site-packages/airflow/example_dags/tutorial_etl_dag.py
[2022-02-12 15:08:13,689] {logging_mixin.py:104} INFO - [2022-02-12 15:08:13,689] {dag.py:1832} INFO - Sync 1 DAGs
[2022-02-12 15:08:13,720] {logging_mixin.py:104} INFO - [2022-02-12 15:08:13,720] {dag.py:2305} INFO - Setting next_dagrun for tutorial_etl_dag to None
[2022-02-12 15:08:13,739] {scheduler_job.py:190} INFO - Processing /home/agalli/sandbox/lib/python3.6/site-packages/airflow/example_dags/tutorial_etl_dag.py took 0.199 seconds
[2022-02-12 15:08:43,881] {scheduler_job.py:182} INFO - Started process (PID=21542) to work on /home/agalli/sandbox/lib/python3.6/site-packages/airflow/example_dags/tutorial_etl_dag.py
[2022-02-12 15:08:43,883] {scheduler_job.py:633} INFO - Processing file /home/agalli/sandbox/lib/python3.6/site-packages/airflow/example_dags/tutorial_etl_dag.py for tasks to queue
[2022-02-12 15:08:43,884] {logging_mixin.py:104} INFO - [2022-02-12 15:08:43,884] {dagbag.py:487} INFO - Filling up the DagBag from /home/agalli/sandbox/lib/python3.6/site-packages/airflow/example_dags/tutorial_etl_dag.py
[2022-02-12 15:08:43,904] {scheduler_job.py:643} INFO - DAG(s) dict_keys(['tutorial_etl_dag']) retrieved from /home/agalli/sandbox/lib/python3.6/site-packages/airflow/example_dags/tutorial_etl_dag.py
[2022-02-12 15:08:43,946] {logging_mixin.py:104} INFO - [2022-02-12 15:08:43,946] {dag.py:1832} INFO - Sync 1 DAGs
[2022-02-12 15:08:43,990] {logging_mixin.py:104} INFO - [2022-02-12 15:08:43,990] {dag.py:2305} INFO - Setting next_dagrun for tutorial_etl_dag to None
[2022-02-12 15:08:44,004] {scheduler_job.py:190} INFO - Processing /home/agalli/sandbox/lib/python3.6/site-packages/airflow/example_dags/tutorial_etl_dag.py took 0.128 seconds
