[2021-12-10 16:33:24,124] {taskinstance.py:876} INFO - Dependencies all met for <TaskInstance: user_processing.extracting_user 2021-12-09T00:00:00+00:00 [queued]>
[2021-12-10 16:33:24,142] {taskinstance.py:876} INFO - Dependencies all met for <TaskInstance: user_processing.extracting_user 2021-12-09T00:00:00+00:00 [queued]>
[2021-12-10 16:33:24,142] {taskinstance.py:1067} INFO - 
--------------------------------------------------------------------------------
[2021-12-10 16:33:24,143] {taskinstance.py:1068} INFO - Starting attempt 1 of 1
[2021-12-10 16:33:24,143] {taskinstance.py:1069} INFO - 
--------------------------------------------------------------------------------
[2021-12-10 16:33:24,173] {taskinstance.py:1087} INFO - Executing <Task(SimpleHttpOperator): extracting_user> on 2021-12-09T00:00:00+00:00
[2021-12-10 16:33:24,179] {standard_task_runner.py:52} INFO - Started process 3501 to run task
[2021-12-10 16:33:24,188] {standard_task_runner.py:76} INFO - Running: ['airflow', 'tasks', 'run', 'user_processing', 'extracting_user', '2021-12-09T00:00:00+00:00', '--job-id', '21', '--pool', 'default_pool', '--raw', '--subdir', 'DAGS_FOLDER/user_processing.py', '--cfg-path', '/tmp/tmpbvww4rfi', '--error-file', '/tmp/tmpmxz9elsp']
[2021-12-10 16:33:24,196] {standard_task_runner.py:77} INFO - Job 21: Subtask extracting_user
[2021-12-10 16:33:24,253] {logging_mixin.py:104} INFO - Running <TaskInstance: user_processing.extracting_user 2021-12-09T00:00:00+00:00 [running]> on host ALE-LAPTOP.localdomain
[2021-12-10 16:33:24,368] {taskinstance.py:1282} INFO - Exporting the following env vars:
AIRFLOW_CTX_DAG_OWNER=airflow
AIRFLOW_CTX_DAG_ID=user_processing
AIRFLOW_CTX_TASK_ID=extracting_user
AIRFLOW_CTX_EXECUTION_DATE=2021-12-09T00:00:00+00:00
AIRFLOW_CTX_DAG_RUN_ID=scheduled__2021-12-09T00:00:00+00:00
[2021-12-10 16:33:24,371] {http.py:111} INFO - Calling HTTP method
[2021-12-10 16:33:24,384] {base.py:78} INFO - Using connection to: id: user_api. Host: https://randomuser.me/, Port: None, Schema: , Login: , Password: None, extra: {}
[2021-12-10 16:33:24,389] {http.py:140} INFO - Sending 'GET' to url: https://randomuser.me/api/
[2021-12-10 16:33:25,126] {http.py:115} INFO - {"results":[{"gender":"female","name":{"title":"Mrs","first":"Isobel","last":"Moore"},"location":{"street":{"number":750,"name":"Sunset St"},"city":"Salem","state":"Kentucky","country":"United States","postcode":94556,"coordinates":{"latitude":"86.2573","longitude":"127.1977"},"timezone":{"offset":"+9:00","description":"Tokyo, Seoul, Osaka, Sapporo, Yakutsk"}},"email":"isobel.moore@example.com","login":{"uuid":"695e1cc5-f93e-49d3-abd8-5ac5ee95649b","username":"orangegoose676","password":"storms","salt":"Kp5M3o5R","md5":"ec1b32c98aad19d3befe2f481037b149","sha1":"7049fab597b75a670015ded42b6c31ea287fc776","sha256":"80cc8167a9b17203affc4ccab9aa8b60dd4603ff37680515c0833054dfd38f6d"},"dob":{"date":"1985-07-25T20:46:20.520Z","age":36},"registered":{"date":"2008-09-03T08:27:24.151Z","age":13},"phone":"(953)-325-7381","cell":"(965)-762-5097","id":{"name":"SSN","value":"361-25-5668"},"picture":{"large":"https://randomuser.me/api/portraits/women/90.jpg","medium":"https://randomuser.me/api/portraits/med/women/90.jpg","thumbnail":"https://randomuser.me/api/portraits/thumb/women/90.jpg"},"nat":"US"}],"info":{"seed":"9f8ebf707ec03396","results":1,"page":1,"version":"1.3"}}
[2021-12-10 16:33:25,154] {taskinstance.py:1191} INFO - Marking task as SUCCESS. dag_id=user_processing, task_id=extracting_user, execution_date=20211209T000000, start_date=20211210T193324, end_date=20211210T193325
[2021-12-10 16:33:25,210] {taskinstance.py:1245} INFO - 1 downstream tasks scheduled from follow-on schedule check
[2021-12-10 16:33:25,246] {local_task_job.py:151} INFO - Task exited with return code 0
