[2022-02-12 13:57:16,603] {scheduler_job.py:182} INFO - Started process (PID=1453) to work on /home/agalli/airflow/dags/parallel_process.py
[2022-02-12 13:57:16,620] {scheduler_job.py:633} INFO - Processing file /home/agalli/airflow/dags/parallel_process.py for tasks to queue
[2022-02-12 13:57:16,622] {logging_mixin.py:104} INFO - [2022-02-12 13:57:16,622] {dagbag.py:487} INFO - Filling up the DagBag from /home/agalli/airflow/dags/parallel_process.py
[2022-02-12 13:57:16,660] {logging_mixin.py:104} INFO - [2022-02-12 13:57:16,626] {dagbag.py:320} ERROR - Failed to import: /home/agalli/airflow/dags/parallel_process.py
Traceback (most recent call last):
  File "/home/agalli/sandbox/lib/python3.6/site-packages/airflow/models/dagbag.py", line 317, in _load_modules_from_file
    loader.exec_module(new_module)
  File "<frozen importlib._bootstrap_external>", line 678, in exec_module
  File "<frozen importlib._bootstrap>", line 219, in _call_with_frames_removed
  File "/home/agalli/airflow/dags/parallel_process.py", line 2, in <module>
    from airflow.operators import BashOperator
ImportError: cannot import name 'BashOperator'
[2022-02-12 13:57:16,661] {scheduler_job.py:645} WARNING - No viable dags retrieved from /home/agalli/airflow/dags/parallel_process.py
[2022-02-12 13:57:17,089] {scheduler_job.py:190} INFO - Processing /home/agalli/airflow/dags/parallel_process.py took 0.522 seconds
[2022-02-12 13:57:47,154] {scheduler_job.py:182} INFO - Started process (PID=2062) to work on /home/agalli/airflow/dags/parallel_process.py
[2022-02-12 13:57:47,155] {scheduler_job.py:633} INFO - Processing file /home/agalli/airflow/dags/parallel_process.py for tasks to queue
[2022-02-12 13:57:47,156] {logging_mixin.py:104} INFO - [2022-02-12 13:57:47,156] {dagbag.py:487} INFO - Filling up the DagBag from /home/agalli/airflow/dags/parallel_process.py
[2022-02-12 13:57:47,163] {logging_mixin.py:104} INFO - [2022-02-12 13:57:47,160] {dagbag.py:320} ERROR - Failed to import: /home/agalli/airflow/dags/parallel_process.py
Traceback (most recent call last):
  File "/home/agalli/sandbox/lib/python3.6/site-packages/airflow/models/dagbag.py", line 317, in _load_modules_from_file
    loader.exec_module(new_module)
  File "<frozen importlib._bootstrap_external>", line 678, in exec_module
  File "<frozen importlib._bootstrap>", line 219, in _call_with_frames_removed
  File "/home/agalli/airflow/dags/parallel_process.py", line 2, in <module>
    from airflow.operators import BashOperator
ImportError: cannot import name 'BashOperator'
[2022-02-12 13:57:47,163] {scheduler_job.py:645} WARNING - No viable dags retrieved from /home/agalli/airflow/dags/parallel_process.py
[2022-02-12 13:57:47,214] {scheduler_job.py:190} INFO - Processing /home/agalli/airflow/dags/parallel_process.py took 0.066 seconds
[2022-02-12 13:58:17,600] {scheduler_job.py:182} INFO - Started process (PID=2324) to work on /home/agalli/airflow/dags/parallel_process.py
[2022-02-12 13:58:17,602] {scheduler_job.py:633} INFO - Processing file /home/agalli/airflow/dags/parallel_process.py for tasks to queue
[2022-02-12 13:58:17,603] {logging_mixin.py:104} INFO - [2022-02-12 13:58:17,603] {dagbag.py:487} INFO - Filling up the DagBag from /home/agalli/airflow/dags/parallel_process.py
[2022-02-12 13:58:17,610] {logging_mixin.py:104} INFO - [2022-02-12 13:58:17,608] {dagbag.py:320} ERROR - Failed to import: /home/agalli/airflow/dags/parallel_process.py
Traceback (most recent call last):
  File "/home/agalli/sandbox/lib/python3.6/site-packages/airflow/models/dagbag.py", line 317, in _load_modules_from_file
    loader.exec_module(new_module)
  File "<frozen importlib._bootstrap_external>", line 678, in exec_module
  File "<frozen importlib._bootstrap>", line 219, in _call_with_frames_removed
  File "/home/agalli/airflow/dags/parallel_process.py", line 2, in <module>
    from airflow.operators import BashOperator
ImportError: cannot import name 'BashOperator'
[2022-02-12 13:58:17,611] {scheduler_job.py:645} WARNING - No viable dags retrieved from /home/agalli/airflow/dags/parallel_process.py
[2022-02-12 13:58:17,651] {scheduler_job.py:190} INFO - Processing /home/agalli/airflow/dags/parallel_process.py took 0.056 seconds
[2022-02-12 13:58:47,920] {scheduler_job.py:182} INFO - Started process (PID=2526) to work on /home/agalli/airflow/dags/parallel_process.py
[2022-02-12 13:58:47,922] {scheduler_job.py:633} INFO - Processing file /home/agalli/airflow/dags/parallel_process.py for tasks to queue
[2022-02-12 13:58:47,922] {logging_mixin.py:104} INFO - [2022-02-12 13:58:47,922] {dagbag.py:487} INFO - Filling up the DagBag from /home/agalli/airflow/dags/parallel_process.py
[2022-02-12 13:58:47,927] {logging_mixin.py:104} INFO - [2022-02-12 13:58:47,925] {dagbag.py:320} ERROR - Failed to import: /home/agalli/airflow/dags/parallel_process.py
Traceback (most recent call last):
  File "/home/agalli/sandbox/lib/python3.6/site-packages/airflow/models/dagbag.py", line 317, in _load_modules_from_file
    loader.exec_module(new_module)
  File "<frozen importlib._bootstrap_external>", line 678, in exec_module
  File "<frozen importlib._bootstrap>", line 219, in _call_with_frames_removed
  File "/home/agalli/airflow/dags/parallel_process.py", line 2, in <module>
    from airflow.operators import BashOperator
ImportError: cannot import name 'BashOperator'
[2022-02-12 13:58:47,928] {scheduler_job.py:645} WARNING - No viable dags retrieved from /home/agalli/airflow/dags/parallel_process.py
[2022-02-12 13:58:47,979] {scheduler_job.py:190} INFO - Processing /home/agalli/airflow/dags/parallel_process.py took 0.067 seconds
[2022-02-12 13:59:18,360] {scheduler_job.py:182} INFO - Started process (PID=2729) to work on /home/agalli/airflow/dags/parallel_process.py
[2022-02-12 13:59:18,362] {scheduler_job.py:633} INFO - Processing file /home/agalli/airflow/dags/parallel_process.py for tasks to queue
[2022-02-12 13:59:18,362] {logging_mixin.py:104} INFO - [2022-02-12 13:59:18,362] {dagbag.py:487} INFO - Filling up the DagBag from /home/agalli/airflow/dags/parallel_process.py
[2022-02-12 13:59:18,364] {logging_mixin.py:104} INFO - [2022-02-12 13:59:18,364] {dagbag.py:320} ERROR - Failed to import: /home/agalli/airflow/dags/parallel_process.py
Traceback (most recent call last):
  File "/home/agalli/sandbox/lib/python3.6/site-packages/airflow/models/dagbag.py", line 317, in _load_modules_from_file
    loader.exec_module(new_module)
  File "<frozen importlib._bootstrap_external>", line 678, in exec_module
  File "<frozen importlib._bootstrap>", line 219, in _call_with_frames_removed
  File "/home/agalli/airflow/dags/parallel_process.py", line 2, in <module>
    from airflow.operators import BashOperator
ImportError: cannot import name 'BashOperator'
[2022-02-12 13:59:18,365] {scheduler_job.py:645} WARNING - No viable dags retrieved from /home/agalli/airflow/dags/parallel_process.py
[2022-02-12 13:59:18,388] {scheduler_job.py:190} INFO - Processing /home/agalli/airflow/dags/parallel_process.py took 0.031 seconds
[2022-02-12 13:59:48,721] {scheduler_job.py:182} INFO - Started process (PID=2961) to work on /home/agalli/airflow/dags/parallel_process.py
[2022-02-12 13:59:48,723] {scheduler_job.py:633} INFO - Processing file /home/agalli/airflow/dags/parallel_process.py for tasks to queue
[2022-02-12 13:59:48,725] {logging_mixin.py:104} INFO - [2022-02-12 13:59:48,724] {dagbag.py:487} INFO - Filling up the DagBag from /home/agalli/airflow/dags/parallel_process.py
[2022-02-12 13:59:48,743] {scheduler_job.py:643} INFO - DAG(s) dict_keys(['parallel_dag']) retrieved from /home/agalli/airflow/dags/parallel_process.py
[2022-02-12 13:59:50,014] {logging_mixin.py:104} INFO - [2022-02-12 13:59:50,013] {dag.py:1832} INFO - Sync 1 DAGs
[2022-02-12 13:59:50,029] {logging_mixin.py:104} INFO - [2022-02-12 13:59:50,028] {dag.py:1851} INFO - Creating ORM DAG for parallel_dag
[2022-02-12 13:59:50,041] {logging_mixin.py:104} INFO - [2022-02-12 13:59:50,041] {dag.py:2305} INFO - Setting next_dagrun for parallel_dag to 2022-02-11 00:00:00+00:00
[2022-02-12 13:59:50,057] {scheduler_job.py:190} INFO - Processing /home/agalli/airflow/dags/parallel_process.py took 1.339 seconds
[2022-02-12 14:00:20,696] {scheduler_job.py:182} INFO - Started process (PID=3286) to work on /home/agalli/airflow/dags/parallel_process.py
[2022-02-12 14:00:20,697] {scheduler_job.py:633} INFO - Processing file /home/agalli/airflow/dags/parallel_process.py for tasks to queue
[2022-02-12 14:00:20,698] {logging_mixin.py:104} INFO - [2022-02-12 14:00:20,698] {dagbag.py:487} INFO - Filling up the DagBag from /home/agalli/airflow/dags/parallel_process.py
[2022-02-12 14:00:20,710] {scheduler_job.py:643} INFO - DAG(s) dict_keys(['parallel_dag']) retrieved from /home/agalli/airflow/dags/parallel_process.py
[2022-02-12 14:00:20,740] {logging_mixin.py:104} INFO - [2022-02-12 14:00:20,740] {dag.py:1832} INFO - Sync 1 DAGs
[2022-02-12 14:00:20,763] {logging_mixin.py:104} INFO - [2022-02-12 14:00:20,763] {dag.py:2305} INFO - Setting next_dagrun for parallel_dag to 2022-02-11 00:00:00+00:00
[2022-02-12 14:00:20,774] {scheduler_job.py:190} INFO - Processing /home/agalli/airflow/dags/parallel_process.py took 0.081 seconds
[2022-02-12 14:00:51,085] {scheduler_job.py:182} INFO - Started process (PID=3638) to work on /home/agalli/airflow/dags/parallel_process.py
[2022-02-12 14:00:51,096] {scheduler_job.py:633} INFO - Processing file /home/agalli/airflow/dags/parallel_process.py for tasks to queue
[2022-02-12 14:00:51,097] {logging_mixin.py:104} INFO - [2022-02-12 14:00:51,097] {dagbag.py:487} INFO - Filling up the DagBag from /home/agalli/airflow/dags/parallel_process.py
[2022-02-12 14:00:51,184] {scheduler_job.py:643} INFO - DAG(s) dict_keys(['parallel_dag']) retrieved from /home/agalli/airflow/dags/parallel_process.py
[2022-02-12 14:00:51,264] {logging_mixin.py:104} INFO - [2022-02-12 14:00:51,264] {dag.py:1832} INFO - Sync 1 DAGs
[2022-02-12 14:00:51,304] {logging_mixin.py:104} INFO - [2022-02-12 14:00:51,304] {dag.py:2305} INFO - Setting next_dagrun for parallel_dag to 2022-02-11 00:00:00+00:00
[2022-02-12 14:00:51,318] {scheduler_job.py:190} INFO - Processing /home/agalli/airflow/dags/parallel_process.py took 0.251 seconds
[2022-02-12 14:01:21,503] {scheduler_job.py:182} INFO - Started process (PID=4856) to work on /home/agalli/airflow/dags/parallel_process.py
[2022-02-12 14:01:21,504] {scheduler_job.py:633} INFO - Processing file /home/agalli/airflow/dags/parallel_process.py for tasks to queue
[2022-02-12 14:01:21,505] {logging_mixin.py:104} INFO - [2022-02-12 14:01:21,504] {dagbag.py:487} INFO - Filling up the DagBag from /home/agalli/airflow/dags/parallel_process.py
[2022-02-12 14:01:21,520] {scheduler_job.py:643} INFO - DAG(s) dict_keys(['parallel_dag']) retrieved from /home/agalli/airflow/dags/parallel_process.py
[2022-02-12 14:01:21,547] {logging_mixin.py:104} INFO - [2022-02-12 14:01:21,547] {dag.py:1832} INFO - Sync 1 DAGs
[2022-02-12 14:01:21,570] {logging_mixin.py:104} INFO - [2022-02-12 14:01:21,570] {dag.py:2305} INFO - Setting next_dagrun for parallel_dag to 2022-02-12 00:00:00+00:00
[2022-02-12 14:01:21,585] {scheduler_job.py:190} INFO - Processing /home/agalli/airflow/dags/parallel_process.py took 0.085 seconds
[2022-02-12 14:01:52,228] {scheduler_job.py:182} INFO - Started process (PID=5467) to work on /home/agalli/airflow/dags/parallel_process.py
[2022-02-12 14:01:52,229] {scheduler_job.py:633} INFO - Processing file /home/agalli/airflow/dags/parallel_process.py for tasks to queue
[2022-02-12 14:01:52,229] {logging_mixin.py:104} INFO - [2022-02-12 14:01:52,229] {dagbag.py:487} INFO - Filling up the DagBag from /home/agalli/airflow/dags/parallel_process.py
[2022-02-12 14:01:52,246] {scheduler_job.py:643} INFO - DAG(s) dict_keys(['parallel_dag']) retrieved from /home/agalli/airflow/dags/parallel_process.py
[2022-02-12 14:01:52,278] {logging_mixin.py:104} INFO - [2022-02-12 14:01:52,278] {dag.py:1832} INFO - Sync 1 DAGs
[2022-02-12 14:01:52,298] {logging_mixin.py:104} INFO - [2022-02-12 14:01:52,297] {dag.py:2305} INFO - Setting next_dagrun for parallel_dag to 2022-02-12 00:00:00+00:00
[2022-02-12 14:01:52,314] {scheduler_job.py:190} INFO - Processing /home/agalli/airflow/dags/parallel_process.py took 0.090 seconds
[2022-02-12 14:02:23,188] {scheduler_job.py:182} INFO - Started process (PID=5789) to work on /home/agalli/airflow/dags/parallel_process.py
[2022-02-12 14:02:23,189] {scheduler_job.py:633} INFO - Processing file /home/agalli/airflow/dags/parallel_process.py for tasks to queue
[2022-02-12 14:02:23,190] {logging_mixin.py:104} INFO - [2022-02-12 14:02:23,190] {dagbag.py:487} INFO - Filling up the DagBag from /home/agalli/airflow/dags/parallel_process.py
[2022-02-12 14:02:23,213] {scheduler_job.py:643} INFO - DAG(s) dict_keys(['parallel_dag']) retrieved from /home/agalli/airflow/dags/parallel_process.py
[2022-02-12 14:02:23,244] {logging_mixin.py:104} INFO - [2022-02-12 14:02:23,244] {dag.py:1832} INFO - Sync 1 DAGs
[2022-02-12 14:02:23,266] {logging_mixin.py:104} INFO - [2022-02-12 14:02:23,266] {dag.py:2305} INFO - Setting next_dagrun for parallel_dag to 2022-02-12 00:00:00+00:00
[2022-02-12 14:02:23,281] {scheduler_job.py:190} INFO - Processing /home/agalli/airflow/dags/parallel_process.py took 0.096 seconds
[2022-02-12 14:02:53,717] {scheduler_job.py:182} INFO - Started process (PID=5991) to work on /home/agalli/airflow/dags/parallel_process.py
[2022-02-12 14:02:53,726] {scheduler_job.py:633} INFO - Processing file /home/agalli/airflow/dags/parallel_process.py for tasks to queue
[2022-02-12 14:02:53,729] {logging_mixin.py:104} INFO - [2022-02-12 14:02:53,729] {dagbag.py:487} INFO - Filling up the DagBag from /home/agalli/airflow/dags/parallel_process.py
[2022-02-12 14:02:53,776] {scheduler_job.py:643} INFO - DAG(s) dict_keys(['parallel_dag']) retrieved from /home/agalli/airflow/dags/parallel_process.py
[2022-02-12 14:02:53,846] {logging_mixin.py:104} INFO - [2022-02-12 14:02:53,846] {dag.py:1832} INFO - Sync 1 DAGs
[2022-02-12 14:02:53,895] {logging_mixin.py:104} INFO - [2022-02-12 14:02:53,893] {dag.py:2305} INFO - Setting next_dagrun for parallel_dag to 2022-02-12 00:00:00+00:00
[2022-02-12 14:02:53,933] {scheduler_job.py:190} INFO - Processing /home/agalli/airflow/dags/parallel_process.py took 0.221 seconds
[2022-02-12 14:20:13,204] {scheduler_job.py:182} INFO - Started process (PID=6843) to work on /home/agalli/airflow/dags/parallel_process.py
[2022-02-12 14:20:13,212] {scheduler_job.py:633} INFO - Processing file /home/agalli/airflow/dags/parallel_process.py for tasks to queue
[2022-02-12 14:20:13,213] {logging_mixin.py:104} INFO - [2022-02-12 14:20:13,213] {dagbag.py:487} INFO - Filling up the DagBag from /home/agalli/airflow/dags/parallel_process.py
[2022-02-12 14:20:13,255] {scheduler_job.py:643} INFO - DAG(s) dict_keys(['parallel_dag']) retrieved from /home/agalli/airflow/dags/parallel_process.py
[2022-02-12 14:20:13,540] {logging_mixin.py:104} INFO - [2022-02-12 14:20:13,540] {dag.py:1832} INFO - Sync 1 DAGs
[2022-02-12 14:20:13,820] {logging_mixin.py:104} INFO - [2022-02-12 14:20:13,820] {dag.py:2305} INFO - Setting next_dagrun for parallel_dag to 2022-02-12 00:00:00+00:00
[2022-02-12 14:20:13,899] {scheduler_job.py:190} INFO - Processing /home/agalli/airflow/dags/parallel_process.py took 0.701 seconds
[2022-02-12 14:20:44,886] {scheduler_job.py:182} INFO - Started process (PID=7169) to work on /home/agalli/airflow/dags/parallel_process.py
[2022-02-12 14:20:44,888] {scheduler_job.py:633} INFO - Processing file /home/agalli/airflow/dags/parallel_process.py for tasks to queue
[2022-02-12 14:20:44,889] {logging_mixin.py:104} INFO - [2022-02-12 14:20:44,889] {dagbag.py:487} INFO - Filling up the DagBag from /home/agalli/airflow/dags/parallel_process.py
[2022-02-12 14:20:44,902] {scheduler_job.py:643} INFO - DAG(s) dict_keys(['parallel_dag']) retrieved from /home/agalli/airflow/dags/parallel_process.py
[2022-02-12 14:20:44,932] {logging_mixin.py:104} INFO - [2022-02-12 14:20:44,931] {dag.py:1832} INFO - Sync 1 DAGs
[2022-02-12 14:20:44,952] {logging_mixin.py:104} INFO - [2022-02-12 14:20:44,952] {dag.py:2305} INFO - Setting next_dagrun for parallel_dag to 2022-02-12 00:00:00+00:00
[2022-02-12 14:20:44,969] {scheduler_job.py:190} INFO - Processing /home/agalli/airflow/dags/parallel_process.py took 0.086 seconds
[2022-02-12 14:21:15,348] {scheduler_job.py:182} INFO - Started process (PID=7371) to work on /home/agalli/airflow/dags/parallel_process.py
[2022-02-12 14:21:15,349] {scheduler_job.py:633} INFO - Processing file /home/agalli/airflow/dags/parallel_process.py for tasks to queue
[2022-02-12 14:21:15,353] {logging_mixin.py:104} INFO - [2022-02-12 14:21:15,353] {dagbag.py:487} INFO - Filling up the DagBag from /home/agalli/airflow/dags/parallel_process.py
[2022-02-12 14:21:15,365] {scheduler_job.py:643} INFO - DAG(s) dict_keys(['parallel_dag']) retrieved from /home/agalli/airflow/dags/parallel_process.py
[2022-02-12 14:21:15,397] {logging_mixin.py:104} INFO - [2022-02-12 14:21:15,397] {dag.py:1832} INFO - Sync 1 DAGs
[2022-02-12 14:21:15,433] {logging_mixin.py:104} INFO - [2022-02-12 14:21:15,433] {dag.py:2305} INFO - Setting next_dagrun for parallel_dag to 2022-02-12 00:00:00+00:00
[2022-02-12 14:21:15,445] {scheduler_job.py:190} INFO - Processing /home/agalli/airflow/dags/parallel_process.py took 0.100 seconds
[2022-02-12 14:21:45,594] {scheduler_job.py:182} INFO - Started process (PID=7573) to work on /home/agalli/airflow/dags/parallel_process.py
[2022-02-12 14:21:45,595] {scheduler_job.py:633} INFO - Processing file /home/agalli/airflow/dags/parallel_process.py for tasks to queue
[2022-02-12 14:21:45,596] {logging_mixin.py:104} INFO - [2022-02-12 14:21:45,596] {dagbag.py:487} INFO - Filling up the DagBag from /home/agalli/airflow/dags/parallel_process.py
[2022-02-12 14:21:45,608] {scheduler_job.py:643} INFO - DAG(s) dict_keys(['parallel_dag']) retrieved from /home/agalli/airflow/dags/parallel_process.py
[2022-02-12 14:21:45,638] {logging_mixin.py:104} INFO - [2022-02-12 14:21:45,638] {dag.py:1832} INFO - Sync 1 DAGs
[2022-02-12 14:21:45,655] {logging_mixin.py:104} INFO - [2022-02-12 14:21:45,655] {dag.py:2305} INFO - Setting next_dagrun for parallel_dag to 2022-02-12 00:00:00+00:00
[2022-02-12 14:21:45,669] {scheduler_job.py:190} INFO - Processing /home/agalli/airflow/dags/parallel_process.py took 0.078 seconds
[2022-02-12 14:22:16,041] {scheduler_job.py:182} INFO - Started process (PID=7775) to work on /home/agalli/airflow/dags/parallel_process.py
[2022-02-12 14:22:16,042] {scheduler_job.py:633} INFO - Processing file /home/agalli/airflow/dags/parallel_process.py for tasks to queue
[2022-02-12 14:22:16,042] {logging_mixin.py:104} INFO - [2022-02-12 14:22:16,042] {dagbag.py:487} INFO - Filling up the DagBag from /home/agalli/airflow/dags/parallel_process.py
[2022-02-12 14:22:16,054] {scheduler_job.py:643} INFO - DAG(s) dict_keys(['parallel_dag']) retrieved from /home/agalli/airflow/dags/parallel_process.py
[2022-02-12 14:22:16,084] {logging_mixin.py:104} INFO - [2022-02-12 14:22:16,084] {dag.py:1832} INFO - Sync 1 DAGs
[2022-02-12 14:22:16,104] {logging_mixin.py:104} INFO - [2022-02-12 14:22:16,104] {dag.py:2305} INFO - Setting next_dagrun for parallel_dag to 2022-02-12 00:00:00+00:00
[2022-02-12 14:22:16,118] {scheduler_job.py:190} INFO - Processing /home/agalli/airflow/dags/parallel_process.py took 0.080 seconds
[2022-02-12 14:22:46,679] {scheduler_job.py:182} INFO - Started process (PID=7977) to work on /home/agalli/airflow/dags/parallel_process.py
[2022-02-12 14:22:46,681] {scheduler_job.py:633} INFO - Processing file /home/agalli/airflow/dags/parallel_process.py for tasks to queue
[2022-02-12 14:22:46,683] {logging_mixin.py:104} INFO - [2022-02-12 14:22:46,683] {dagbag.py:487} INFO - Filling up the DagBag from /home/agalli/airflow/dags/parallel_process.py
[2022-02-12 14:22:46,696] {scheduler_job.py:643} INFO - DAG(s) dict_keys(['parallel_dag']) retrieved from /home/agalli/airflow/dags/parallel_process.py
[2022-02-12 14:22:46,724] {logging_mixin.py:104} INFO - [2022-02-12 14:22:46,724] {dag.py:1832} INFO - Sync 1 DAGs
[2022-02-12 14:22:46,745] {logging_mixin.py:104} INFO - [2022-02-12 14:22:46,745] {dag.py:2305} INFO - Setting next_dagrun for parallel_dag to 2022-02-12 00:00:00+00:00
[2022-02-12 14:22:46,755] {scheduler_job.py:190} INFO - Processing /home/agalli/airflow/dags/parallel_process.py took 0.081 seconds
[2022-02-12 14:23:16,957] {scheduler_job.py:182} INFO - Started process (PID=8179) to work on /home/agalli/airflow/dags/parallel_process.py
[2022-02-12 14:23:16,958] {scheduler_job.py:633} INFO - Processing file /home/agalli/airflow/dags/parallel_process.py for tasks to queue
[2022-02-12 14:23:16,959] {logging_mixin.py:104} INFO - [2022-02-12 14:23:16,958] {dagbag.py:487} INFO - Filling up the DagBag from /home/agalli/airflow/dags/parallel_process.py
[2022-02-12 14:23:16,975] {scheduler_job.py:643} INFO - DAG(s) dict_keys(['parallel_dag']) retrieved from /home/agalli/airflow/dags/parallel_process.py
[2022-02-12 14:23:17,014] {logging_mixin.py:104} INFO - [2022-02-12 14:23:17,014] {dag.py:1832} INFO - Sync 1 DAGs
[2022-02-12 14:23:17,046] {logging_mixin.py:104} INFO - [2022-02-12 14:23:17,046] {dag.py:2305} INFO - Setting next_dagrun for parallel_dag to 2022-02-12 00:00:00+00:00
[2022-02-12 14:23:17,060] {scheduler_job.py:190} INFO - Processing /home/agalli/airflow/dags/parallel_process.py took 0.108 seconds
[2022-02-12 14:23:47,806] {scheduler_job.py:182} INFO - Started process (PID=8381) to work on /home/agalli/airflow/dags/parallel_process.py
[2022-02-12 14:23:47,808] {scheduler_job.py:633} INFO - Processing file /home/agalli/airflow/dags/parallel_process.py for tasks to queue
[2022-02-12 14:23:47,809] {logging_mixin.py:104} INFO - [2022-02-12 14:23:47,809] {dagbag.py:487} INFO - Filling up the DagBag from /home/agalli/airflow/dags/parallel_process.py
[2022-02-12 14:23:47,835] {scheduler_job.py:643} INFO - DAG(s) dict_keys(['parallel_dag']) retrieved from /home/agalli/airflow/dags/parallel_process.py
[2022-02-12 14:23:47,863] {logging_mixin.py:104} INFO - [2022-02-12 14:23:47,862] {dag.py:1832} INFO - Sync 1 DAGs
[2022-02-12 14:23:47,893] {logging_mixin.py:104} INFO - [2022-02-12 14:23:47,892] {dag.py:2305} INFO - Setting next_dagrun for parallel_dag to 2022-02-12 00:00:00+00:00
[2022-02-12 14:23:47,930] {scheduler_job.py:190} INFO - Processing /home/agalli/airflow/dags/parallel_process.py took 0.127 seconds
[2022-02-12 14:24:18,728] {scheduler_job.py:182} INFO - Started process (PID=8583) to work on /home/agalli/airflow/dags/parallel_process.py
[2022-02-12 14:24:18,731] {scheduler_job.py:633} INFO - Processing file /home/agalli/airflow/dags/parallel_process.py for tasks to queue
[2022-02-12 14:24:18,732] {logging_mixin.py:104} INFO - [2022-02-12 14:24:18,732] {dagbag.py:487} INFO - Filling up the DagBag from /home/agalli/airflow/dags/parallel_process.py
[2022-02-12 14:24:18,769] {scheduler_job.py:643} INFO - DAG(s) dict_keys(['parallel_dag']) retrieved from /home/agalli/airflow/dags/parallel_process.py
[2022-02-12 14:24:18,825] {logging_mixin.py:104} INFO - [2022-02-12 14:24:18,825] {dag.py:1832} INFO - Sync 1 DAGs
[2022-02-12 14:24:18,867] {logging_mixin.py:104} INFO - [2022-02-12 14:24:18,867] {dag.py:2305} INFO - Setting next_dagrun for parallel_dag to 2022-02-12 00:00:00+00:00
[2022-02-12 14:24:18,895] {scheduler_job.py:190} INFO - Processing /home/agalli/airflow/dags/parallel_process.py took 0.176 seconds
[2022-02-12 14:24:49,156] {scheduler_job.py:182} INFO - Started process (PID=8785) to work on /home/agalli/airflow/dags/parallel_process.py
[2022-02-12 14:24:49,160] {scheduler_job.py:633} INFO - Processing file /home/agalli/airflow/dags/parallel_process.py for tasks to queue
[2022-02-12 14:24:49,161] {logging_mixin.py:104} INFO - [2022-02-12 14:24:49,160] {dagbag.py:487} INFO - Filling up the DagBag from /home/agalli/airflow/dags/parallel_process.py
[2022-02-12 14:24:49,213] {scheduler_job.py:643} INFO - DAG(s) dict_keys(['parallel_dag']) retrieved from /home/agalli/airflow/dags/parallel_process.py
[2022-02-12 14:24:49,316] {logging_mixin.py:104} INFO - [2022-02-12 14:24:49,316] {dag.py:1832} INFO - Sync 1 DAGs
[2022-02-12 14:24:49,355] {logging_mixin.py:104} INFO - [2022-02-12 14:24:49,355] {dag.py:2305} INFO - Setting next_dagrun for parallel_dag to 2022-02-12 00:00:00+00:00
[2022-02-12 14:24:49,485] {scheduler_job.py:190} INFO - Processing /home/agalli/airflow/dags/parallel_process.py took 0.349 seconds
[2022-02-12 14:25:19,996] {scheduler_job.py:182} INFO - Started process (PID=9107) to work on /home/agalli/airflow/dags/parallel_process.py
[2022-02-12 14:25:19,997] {scheduler_job.py:633} INFO - Processing file /home/agalli/airflow/dags/parallel_process.py for tasks to queue
[2022-02-12 14:25:19,998] {logging_mixin.py:104} INFO - [2022-02-12 14:25:19,998] {dagbag.py:487} INFO - Filling up the DagBag from /home/agalli/airflow/dags/parallel_process.py
[2022-02-12 14:25:20,020] {scheduler_job.py:643} INFO - DAG(s) dict_keys(['parallel_dag']) retrieved from /home/agalli/airflow/dags/parallel_process.py
[2022-02-12 14:25:20,051] {logging_mixin.py:104} INFO - [2022-02-12 14:25:20,051] {dag.py:1832} INFO - Sync 1 DAGs
[2022-02-12 14:25:20,077] {logging_mixin.py:104} INFO - [2022-02-12 14:25:20,077] {dag.py:2305} INFO - Setting next_dagrun for parallel_dag to 2022-02-12 00:00:00+00:00
[2022-02-12 14:25:20,091] {scheduler_job.py:190} INFO - Processing /home/agalli/airflow/dags/parallel_process.py took 0.099 seconds
[2022-02-12 14:25:50,833] {scheduler_job.py:182} INFO - Started process (PID=9309) to work on /home/agalli/airflow/dags/parallel_process.py
[2022-02-12 14:25:50,835] {scheduler_job.py:633} INFO - Processing file /home/agalli/airflow/dags/parallel_process.py for tasks to queue
[2022-02-12 14:25:50,835] {logging_mixin.py:104} INFO - [2022-02-12 14:25:50,835] {dagbag.py:487} INFO - Filling up the DagBag from /home/agalli/airflow/dags/parallel_process.py
[2022-02-12 14:25:50,858] {scheduler_job.py:643} INFO - DAG(s) dict_keys(['parallel_dag']) retrieved from /home/agalli/airflow/dags/parallel_process.py
[2022-02-12 14:25:50,891] {logging_mixin.py:104} INFO - [2022-02-12 14:25:50,891] {dag.py:1832} INFO - Sync 1 DAGs
[2022-02-12 14:25:50,910] {logging_mixin.py:104} INFO - [2022-02-12 14:25:50,910] {dag.py:2305} INFO - Setting next_dagrun for parallel_dag to 2022-02-12 00:00:00+00:00
[2022-02-12 14:25:50,927] {scheduler_job.py:190} INFO - Processing /home/agalli/airflow/dags/parallel_process.py took 0.098 seconds
[2022-02-12 14:26:21,760] {scheduler_job.py:182} INFO - Started process (PID=9511) to work on /home/agalli/airflow/dags/parallel_process.py
[2022-02-12 14:26:21,765] {scheduler_job.py:633} INFO - Processing file /home/agalli/airflow/dags/parallel_process.py for tasks to queue
[2022-02-12 14:26:21,766] {logging_mixin.py:104} INFO - [2022-02-12 14:26:21,766] {dagbag.py:487} INFO - Filling up the DagBag from /home/agalli/airflow/dags/parallel_process.py
[2022-02-12 14:26:21,780] {scheduler_job.py:643} INFO - DAG(s) dict_keys(['parallel_dag']) retrieved from /home/agalli/airflow/dags/parallel_process.py
[2022-02-12 14:26:21,806] {logging_mixin.py:104} INFO - [2022-02-12 14:26:21,805] {dag.py:1832} INFO - Sync 1 DAGs
[2022-02-12 14:26:21,836] {logging_mixin.py:104} INFO - [2022-02-12 14:26:21,836] {dag.py:2305} INFO - Setting next_dagrun for parallel_dag to 2022-02-12 00:00:00+00:00
[2022-02-12 14:26:21,859] {scheduler_job.py:190} INFO - Processing /home/agalli/airflow/dags/parallel_process.py took 0.103 seconds
[2022-02-12 14:26:51,916] {scheduler_job.py:182} INFO - Started process (PID=9713) to work on /home/agalli/airflow/dags/parallel_process.py
[2022-02-12 14:26:51,917] {scheduler_job.py:633} INFO - Processing file /home/agalli/airflow/dags/parallel_process.py for tasks to queue
[2022-02-12 14:26:51,917] {logging_mixin.py:104} INFO - [2022-02-12 14:26:51,917] {dagbag.py:487} INFO - Filling up the DagBag from /home/agalli/airflow/dags/parallel_process.py
[2022-02-12 14:26:51,932] {scheduler_job.py:643} INFO - DAG(s) dict_keys(['parallel_dag']) retrieved from /home/agalli/airflow/dags/parallel_process.py
[2022-02-12 14:26:51,959] {logging_mixin.py:104} INFO - [2022-02-12 14:26:51,959] {dag.py:1832} INFO - Sync 1 DAGs
[2022-02-12 14:26:51,979] {logging_mixin.py:104} INFO - [2022-02-12 14:26:51,979] {dag.py:2305} INFO - Setting next_dagrun for parallel_dag to 2022-02-12 00:00:00+00:00
[2022-02-12 14:26:51,990] {scheduler_job.py:190} INFO - Processing /home/agalli/airflow/dags/parallel_process.py took 0.079 seconds
[2022-02-12 14:27:22,857] {scheduler_job.py:182} INFO - Started process (PID=9915) to work on /home/agalli/airflow/dags/parallel_process.py
[2022-02-12 14:27:22,858] {scheduler_job.py:633} INFO - Processing file /home/agalli/airflow/dags/parallel_process.py for tasks to queue
[2022-02-12 14:27:22,859] {logging_mixin.py:104} INFO - [2022-02-12 14:27:22,859] {dagbag.py:487} INFO - Filling up the DagBag from /home/agalli/airflow/dags/parallel_process.py
[2022-02-12 14:27:22,873] {scheduler_job.py:643} INFO - DAG(s) dict_keys(['parallel_dag']) retrieved from /home/agalli/airflow/dags/parallel_process.py
[2022-02-12 14:27:22,903] {logging_mixin.py:104} INFO - [2022-02-12 14:27:22,903] {dag.py:1832} INFO - Sync 1 DAGs
[2022-02-12 14:27:22,921] {logging_mixin.py:104} INFO - [2022-02-12 14:27:22,921] {dag.py:2305} INFO - Setting next_dagrun for parallel_dag to 2022-02-12 00:00:00+00:00
[2022-02-12 14:27:22,934] {scheduler_job.py:190} INFO - Processing /home/agalli/airflow/dags/parallel_process.py took 0.080 seconds
[2022-02-12 14:27:53,258] {scheduler_job.py:182} INFO - Started process (PID=10118) to work on /home/agalli/airflow/dags/parallel_process.py
[2022-02-12 14:27:53,260] {scheduler_job.py:633} INFO - Processing file /home/agalli/airflow/dags/parallel_process.py for tasks to queue
[2022-02-12 14:27:53,261] {logging_mixin.py:104} INFO - [2022-02-12 14:27:53,260] {dagbag.py:487} INFO - Filling up the DagBag from /home/agalli/airflow/dags/parallel_process.py
[2022-02-12 14:27:53,275] {scheduler_job.py:643} INFO - DAG(s) dict_keys(['parallel_dag']) retrieved from /home/agalli/airflow/dags/parallel_process.py
[2022-02-12 14:27:53,307] {logging_mixin.py:104} INFO - [2022-02-12 14:27:53,307] {dag.py:1832} INFO - Sync 1 DAGs
[2022-02-12 14:27:53,326] {logging_mixin.py:104} INFO - [2022-02-12 14:27:53,325] {dag.py:2305} INFO - Setting next_dagrun for parallel_dag to 2022-02-12 00:00:00+00:00
[2022-02-12 14:27:53,340] {scheduler_job.py:190} INFO - Processing /home/agalli/airflow/dags/parallel_process.py took 0.085 seconds
[2022-02-12 14:28:23,367] {scheduler_job.py:182} INFO - Started process (PID=10320) to work on /home/agalli/airflow/dags/parallel_process.py
[2022-02-12 14:28:23,368] {scheduler_job.py:633} INFO - Processing file /home/agalli/airflow/dags/parallel_process.py for tasks to queue
[2022-02-12 14:28:23,369] {logging_mixin.py:104} INFO - [2022-02-12 14:28:23,369] {dagbag.py:487} INFO - Filling up the DagBag from /home/agalli/airflow/dags/parallel_process.py
[2022-02-12 14:28:23,386] {scheduler_job.py:643} INFO - DAG(s) dict_keys(['parallel_dag']) retrieved from /home/agalli/airflow/dags/parallel_process.py
[2022-02-12 14:28:23,431] {logging_mixin.py:104} INFO - [2022-02-12 14:28:23,431] {dag.py:1832} INFO - Sync 1 DAGs
[2022-02-12 14:28:23,454] {logging_mixin.py:104} INFO - [2022-02-12 14:28:23,454] {dag.py:2305} INFO - Setting next_dagrun for parallel_dag to 2022-02-12 00:00:00+00:00
[2022-02-12 14:28:23,471] {scheduler_job.py:190} INFO - Processing /home/agalli/airflow/dags/parallel_process.py took 0.107 seconds
[2022-02-12 14:28:54,166] {scheduler_job.py:182} INFO - Started process (PID=10522) to work on /home/agalli/airflow/dags/parallel_process.py
[2022-02-12 14:28:54,167] {scheduler_job.py:633} INFO - Processing file /home/agalli/airflow/dags/parallel_process.py for tasks to queue
[2022-02-12 14:28:54,168] {logging_mixin.py:104} INFO - [2022-02-12 14:28:54,168] {dagbag.py:487} INFO - Filling up the DagBag from /home/agalli/airflow/dags/parallel_process.py
[2022-02-12 14:28:54,184] {scheduler_job.py:643} INFO - DAG(s) dict_keys(['parallel_dag']) retrieved from /home/agalli/airflow/dags/parallel_process.py
[2022-02-12 14:28:54,212] {logging_mixin.py:104} INFO - [2022-02-12 14:28:54,212] {dag.py:1832} INFO - Sync 1 DAGs
[2022-02-12 14:28:54,231] {logging_mixin.py:104} INFO - [2022-02-12 14:28:54,231] {dag.py:2305} INFO - Setting next_dagrun for parallel_dag to 2022-02-12 00:00:00+00:00
[2022-02-12 14:28:54,244] {scheduler_job.py:190} INFO - Processing /home/agalli/airflow/dags/parallel_process.py took 0.082 seconds
[2022-02-12 14:29:24,830] {scheduler_job.py:182} INFO - Started process (PID=10724) to work on /home/agalli/airflow/dags/parallel_process.py
[2022-02-12 14:29:24,833] {scheduler_job.py:633} INFO - Processing file /home/agalli/airflow/dags/parallel_process.py for tasks to queue
[2022-02-12 14:29:24,834] {logging_mixin.py:104} INFO - [2022-02-12 14:29:24,834] {dagbag.py:487} INFO - Filling up the DagBag from /home/agalli/airflow/dags/parallel_process.py
[2022-02-12 14:29:24,857] {scheduler_job.py:643} INFO - DAG(s) dict_keys(['parallel_dag']) retrieved from /home/agalli/airflow/dags/parallel_process.py
[2022-02-12 14:29:24,895] {logging_mixin.py:104} INFO - [2022-02-12 14:29:24,894] {dag.py:1832} INFO - Sync 1 DAGs
[2022-02-12 14:29:24,914] {logging_mixin.py:104} INFO - [2022-02-12 14:29:24,914] {dag.py:2305} INFO - Setting next_dagrun for parallel_dag to 2022-02-12 00:00:00+00:00
[2022-02-12 14:29:24,926] {scheduler_job.py:190} INFO - Processing /home/agalli/airflow/dags/parallel_process.py took 0.100 seconds
[2022-02-12 14:29:55,489] {scheduler_job.py:182} INFO - Started process (PID=10927) to work on /home/agalli/airflow/dags/parallel_process.py
[2022-02-12 14:29:55,490] {scheduler_job.py:633} INFO - Processing file /home/agalli/airflow/dags/parallel_process.py for tasks to queue
[2022-02-12 14:29:55,491] {logging_mixin.py:104} INFO - [2022-02-12 14:29:55,491] {dagbag.py:487} INFO - Filling up the DagBag from /home/agalli/airflow/dags/parallel_process.py
[2022-02-12 14:29:55,516] {scheduler_job.py:643} INFO - DAG(s) dict_keys(['parallel_dag']) retrieved from /home/agalli/airflow/dags/parallel_process.py
[2022-02-12 14:29:55,557] {logging_mixin.py:104} INFO - [2022-02-12 14:29:55,557] {dag.py:1832} INFO - Sync 1 DAGs
[2022-02-12 14:29:55,593] {logging_mixin.py:104} INFO - [2022-02-12 14:29:55,593] {dag.py:2305} INFO - Setting next_dagrun for parallel_dag to 2022-02-12 00:00:00+00:00
[2022-02-12 14:29:55,616] {scheduler_job.py:190} INFO - Processing /home/agalli/airflow/dags/parallel_process.py took 0.136 seconds
[2022-02-12 14:30:26,136] {scheduler_job.py:182} INFO - Started process (PID=11249) to work on /home/agalli/airflow/dags/parallel_process.py
[2022-02-12 14:30:26,149] {scheduler_job.py:633} INFO - Processing file /home/agalli/airflow/dags/parallel_process.py for tasks to queue
[2022-02-12 14:30:26,150] {logging_mixin.py:104} INFO - [2022-02-12 14:30:26,150] {dagbag.py:487} INFO - Filling up the DagBag from /home/agalli/airflow/dags/parallel_process.py
[2022-02-12 14:30:26,234] {scheduler_job.py:643} INFO - DAG(s) dict_keys(['parallel_dag']) retrieved from /home/agalli/airflow/dags/parallel_process.py
[2022-02-12 14:30:26,312] {logging_mixin.py:104} INFO - [2022-02-12 14:30:26,312] {dag.py:1832} INFO - Sync 1 DAGs
[2022-02-12 14:30:26,351] {logging_mixin.py:104} INFO - [2022-02-12 14:30:26,351] {dag.py:2305} INFO - Setting next_dagrun for parallel_dag to 2022-02-12 00:00:00+00:00
[2022-02-12 14:30:26,366] {scheduler_job.py:190} INFO - Processing /home/agalli/airflow/dags/parallel_process.py took 0.250 seconds
[2022-02-12 14:51:55,620] {scheduler_job.py:182} INFO - Started process (PID=14387) to work on /home/agalli/airflow/dags/parallel_process.py
[2022-02-12 14:51:55,715] {scheduler_job.py:633} INFO - Processing file /home/agalli/airflow/dags/parallel_process.py for tasks to queue
[2022-02-12 14:51:55,728] {logging_mixin.py:104} INFO - [2022-02-12 14:51:55,728] {dagbag.py:487} INFO - Filling up the DagBag from /home/agalli/airflow/dags/parallel_process.py
[2022-02-12 14:51:55,960] {scheduler_job.py:643} INFO - DAG(s) dict_keys(['parallel_dag']) retrieved from /home/agalli/airflow/dags/parallel_process.py
[2022-02-12 14:51:56,495] {logging_mixin.py:104} INFO - [2022-02-12 14:51:56,495] {dag.py:1832} INFO - Sync 1 DAGs
[2022-02-12 14:51:56,667] {logging_mixin.py:104} INFO - [2022-02-12 14:51:56,666] {dag.py:2305} INFO - Setting next_dagrun for parallel_dag to 2022-02-12 00:00:00+00:00
[2022-02-12 14:51:56,778] {scheduler_job.py:190} INFO - Processing /home/agalli/airflow/dags/parallel_process.py took 1.206 seconds
[2022-02-12 14:52:27,414] {scheduler_job.py:182} INFO - Started process (PID=14492) to work on /home/agalli/airflow/dags/parallel_process.py
[2022-02-12 14:52:27,420] {scheduler_job.py:633} INFO - Processing file /home/agalli/airflow/dags/parallel_process.py for tasks to queue
[2022-02-12 14:52:27,443] {logging_mixin.py:104} INFO - [2022-02-12 14:52:27,443] {dagbag.py:487} INFO - Filling up the DagBag from /home/agalli/airflow/dags/parallel_process.py
[2022-02-12 14:52:27,532] {scheduler_job.py:643} INFO - DAG(s) dict_keys(['parallel_dag']) retrieved from /home/agalli/airflow/dags/parallel_process.py
[2022-02-12 14:52:27,642] {logging_mixin.py:104} INFO - [2022-02-12 14:52:27,641] {dag.py:1832} INFO - Sync 1 DAGs
[2022-02-12 14:52:27,742] {logging_mixin.py:104} INFO - [2022-02-12 14:52:27,741] {dag.py:2305} INFO - Setting next_dagrun for parallel_dag to 2022-02-12 00:00:00+00:00
[2022-02-12 14:52:27,770] {scheduler_job.py:190} INFO - Processing /home/agalli/airflow/dags/parallel_process.py took 0.364 seconds
[2022-02-12 14:52:57,999] {scheduler_job.py:182} INFO - Started process (PID=14712) to work on /home/agalli/airflow/dags/parallel_process.py
[2022-02-12 14:52:58,000] {scheduler_job.py:633} INFO - Processing file /home/agalli/airflow/dags/parallel_process.py for tasks to queue
[2022-02-12 14:52:58,001] {logging_mixin.py:104} INFO - [2022-02-12 14:52:58,001] {dagbag.py:487} INFO - Filling up the DagBag from /home/agalli/airflow/dags/parallel_process.py
[2022-02-12 14:52:58,020] {scheduler_job.py:643} INFO - DAG(s) dict_keys(['parallel_dag']) retrieved from /home/agalli/airflow/dags/parallel_process.py
[2022-02-12 14:52:58,078] {logging_mixin.py:104} INFO - [2022-02-12 14:52:58,078] {dag.py:1832} INFO - Sync 1 DAGs
[2022-02-12 14:52:58,134] {logging_mixin.py:104} INFO - [2022-02-12 14:52:58,134] {dag.py:2305} INFO - Setting next_dagrun for parallel_dag to 2022-02-12 00:00:00+00:00
[2022-02-12 14:52:58,160] {scheduler_job.py:190} INFO - Processing /home/agalli/airflow/dags/parallel_process.py took 0.166 seconds
[2022-02-12 14:53:28,699] {scheduler_job.py:182} INFO - Started process (PID=15206) to work on /home/agalli/airflow/dags/parallel_process.py
[2022-02-12 14:53:28,702] {scheduler_job.py:633} INFO - Processing file /home/agalli/airflow/dags/parallel_process.py for tasks to queue
[2022-02-12 14:53:28,703] {logging_mixin.py:104} INFO - [2022-02-12 14:53:28,703] {dagbag.py:487} INFO - Filling up the DagBag from /home/agalli/airflow/dags/parallel_process.py
[2022-02-12 14:53:28,745] {scheduler_job.py:643} INFO - DAG(s) dict_keys(['parallel_dag']) retrieved from /home/agalli/airflow/dags/parallel_process.py
[2022-02-12 14:53:28,788] {logging_mixin.py:104} INFO - [2022-02-12 14:53:28,788] {dag.py:1832} INFO - Sync 1 DAGs
[2022-02-12 14:53:28,830] {logging_mixin.py:104} INFO - [2022-02-12 14:53:28,830] {dag.py:2305} INFO - Setting next_dagrun for parallel_dag to 2022-02-12 00:00:00+00:00
[2022-02-12 14:53:28,852] {scheduler_job.py:190} INFO - Processing /home/agalli/airflow/dags/parallel_process.py took 0.163 seconds
[2022-02-12 14:53:59,675] {scheduler_job.py:182} INFO - Started process (PID=15710) to work on /home/agalli/airflow/dags/parallel_process.py
[2022-02-12 14:53:59,686] {scheduler_job.py:633} INFO - Processing file /home/agalli/airflow/dags/parallel_process.py for tasks to queue
[2022-02-12 14:53:59,688] {logging_mixin.py:104} INFO - [2022-02-12 14:53:59,688] {dagbag.py:487} INFO - Filling up the DagBag from /home/agalli/airflow/dags/parallel_process.py
[2022-02-12 14:53:59,728] {scheduler_job.py:643} INFO - DAG(s) dict_keys(['parallel_dag']) retrieved from /home/agalli/airflow/dags/parallel_process.py
[2022-02-12 14:53:59,779] {logging_mixin.py:104} INFO - [2022-02-12 14:53:59,778] {dag.py:1832} INFO - Sync 1 DAGs
[2022-02-12 14:53:59,818] {logging_mixin.py:104} INFO - [2022-02-12 14:53:59,818] {dag.py:2305} INFO - Setting next_dagrun for parallel_dag to 2022-02-12 00:00:00+00:00
[2022-02-12 14:53:59,841] {scheduler_job.py:190} INFO - Processing /home/agalli/airflow/dags/parallel_process.py took 0.185 seconds
[2022-02-12 14:54:29,960] {scheduler_job.py:182} INFO - Started process (PID=15840) to work on /home/agalli/airflow/dags/parallel_process.py
[2022-02-12 14:54:29,961] {scheduler_job.py:633} INFO - Processing file /home/agalli/airflow/dags/parallel_process.py for tasks to queue
[2022-02-12 14:54:29,961] {logging_mixin.py:104} INFO - [2022-02-12 14:54:29,961] {dagbag.py:487} INFO - Filling up the DagBag from /home/agalli/airflow/dags/parallel_process.py
[2022-02-12 14:54:29,975] {scheduler_job.py:643} INFO - DAG(s) dict_keys(['parallel_dag']) retrieved from /home/agalli/airflow/dags/parallel_process.py
[2022-02-12 14:54:30,003] {logging_mixin.py:104} INFO - [2022-02-12 14:54:30,003] {dag.py:1832} INFO - Sync 1 DAGs
[2022-02-12 14:54:30,022] {logging_mixin.py:104} INFO - [2022-02-12 14:54:30,022] {dag.py:2305} INFO - Setting next_dagrun for parallel_dag to 2022-02-12 00:00:00+00:00
[2022-02-12 14:54:30,036] {scheduler_job.py:190} INFO - Processing /home/agalli/airflow/dags/parallel_process.py took 0.080 seconds
[2022-02-12 14:55:00,117] {scheduler_job.py:182} INFO - Started process (PID=15978) to work on /home/agalli/airflow/dags/parallel_process.py
[2022-02-12 14:55:00,118] {scheduler_job.py:633} INFO - Processing file /home/agalli/airflow/dags/parallel_process.py for tasks to queue
[2022-02-12 14:55:00,119] {logging_mixin.py:104} INFO - [2022-02-12 14:55:00,119] {dagbag.py:487} INFO - Filling up the DagBag from /home/agalli/airflow/dags/parallel_process.py
[2022-02-12 14:55:00,134] {scheduler_job.py:643} INFO - DAG(s) dict_keys(['parallel_dag']) retrieved from /home/agalli/airflow/dags/parallel_process.py
[2022-02-12 14:55:00,162] {logging_mixin.py:104} INFO - [2022-02-12 14:55:00,161] {dag.py:1832} INFO - Sync 1 DAGs
[2022-02-12 14:55:00,181] {logging_mixin.py:104} INFO - [2022-02-12 14:55:00,181] {dag.py:2305} INFO - Setting next_dagrun for parallel_dag to 2022-02-12 00:00:00+00:00
[2022-02-12 14:55:00,196] {scheduler_job.py:190} INFO - Processing /home/agalli/airflow/dags/parallel_process.py took 0.082 seconds
[2022-02-12 14:56:32,537] {scheduler_job.py:182} INFO - Started process (PID=16322) to work on /home/agalli/airflow/dags/parallel_process.py
[2022-02-12 14:56:32,592] {scheduler_job.py:633} INFO - Processing file /home/agalli/airflow/dags/parallel_process.py for tasks to queue
[2022-02-12 14:56:32,596] {logging_mixin.py:104} INFO - [2022-02-12 14:56:32,593] {dagbag.py:487} INFO - Filling up the DagBag from /home/agalli/airflow/dags/parallel_process.py
[2022-02-12 14:56:32,729] {scheduler_job.py:643} INFO - DAG(s) dict_keys(['parallel_dag']) retrieved from /home/agalli/airflow/dags/parallel_process.py
[2022-02-12 14:56:32,859] {logging_mixin.py:104} INFO - [2022-02-12 14:56:32,859] {dag.py:1832} INFO - Sync 1 DAGs
[2022-02-12 14:56:32,977] {logging_mixin.py:104} INFO - [2022-02-12 14:56:32,976] {dag.py:2305} INFO - Setting next_dagrun for parallel_dag to 2022-02-12 00:00:00+00:00
[2022-02-12 14:56:33,021] {scheduler_job.py:190} INFO - Processing /home/agalli/airflow/dags/parallel_process.py took 0.513 seconds
[2022-02-12 14:57:03,254] {scheduler_job.py:182} INFO - Started process (PID=16429) to work on /home/agalli/airflow/dags/parallel_process.py
[2022-02-12 14:57:03,258] {scheduler_job.py:633} INFO - Processing file /home/agalli/airflow/dags/parallel_process.py for tasks to queue
[2022-02-12 14:57:03,258] {logging_mixin.py:104} INFO - [2022-02-12 14:57:03,258] {dagbag.py:487} INFO - Filling up the DagBag from /home/agalli/airflow/dags/parallel_process.py
[2022-02-12 14:57:03,274] {scheduler_job.py:643} INFO - DAG(s) dict_keys(['parallel_dag']) retrieved from /home/agalli/airflow/dags/parallel_process.py
[2022-02-12 14:57:03,364] {logging_mixin.py:104} INFO - [2022-02-12 14:57:03,364] {dag.py:1832} INFO - Sync 1 DAGs
[2022-02-12 14:57:03,394] {logging_mixin.py:104} INFO - [2022-02-12 14:57:03,394] {dag.py:2305} INFO - Setting next_dagrun for parallel_dag to 2022-02-12 00:00:00+00:00
[2022-02-12 14:57:03,411] {scheduler_job.py:190} INFO - Processing /home/agalli/airflow/dags/parallel_process.py took 0.162 seconds
[2022-02-12 14:57:33,509] {scheduler_job.py:182} INFO - Started process (PID=16649) to work on /home/agalli/airflow/dags/parallel_process.py
[2022-02-12 14:57:33,510] {scheduler_job.py:633} INFO - Processing file /home/agalli/airflow/dags/parallel_process.py for tasks to queue
[2022-02-12 14:57:33,511] {logging_mixin.py:104} INFO - [2022-02-12 14:57:33,511] {dagbag.py:487} INFO - Filling up the DagBag from /home/agalli/airflow/dags/parallel_process.py
[2022-02-12 14:57:33,523] {scheduler_job.py:643} INFO - DAG(s) dict_keys(['parallel_dag']) retrieved from /home/agalli/airflow/dags/parallel_process.py
[2022-02-12 14:57:33,550] {logging_mixin.py:104} INFO - [2022-02-12 14:57:33,550] {dag.py:1832} INFO - Sync 1 DAGs
[2022-02-12 14:57:33,567] {logging_mixin.py:104} INFO - [2022-02-12 14:57:33,567] {dag.py:2305} INFO - Setting next_dagrun for parallel_dag to 2022-02-12 00:00:00+00:00
[2022-02-12 14:57:33,580] {scheduler_job.py:190} INFO - Processing /home/agalli/airflow/dags/parallel_process.py took 0.074 seconds
[2022-02-12 14:58:03,883] {scheduler_job.py:182} INFO - Started process (PID=16719) to work on /home/agalli/airflow/dags/parallel_process.py
[2022-02-12 14:58:03,884] {scheduler_job.py:633} INFO - Processing file /home/agalli/airflow/dags/parallel_process.py for tasks to queue
[2022-02-12 14:58:03,884] {logging_mixin.py:104} INFO - [2022-02-12 14:58:03,884] {dagbag.py:487} INFO - Filling up the DagBag from /home/agalli/airflow/dags/parallel_process.py
[2022-02-12 14:58:03,896] {scheduler_job.py:643} INFO - DAG(s) dict_keys(['parallel_dag']) retrieved from /home/agalli/airflow/dags/parallel_process.py
[2022-02-12 14:58:03,924] {logging_mixin.py:104} INFO - [2022-02-12 14:58:03,924] {dag.py:1832} INFO - Sync 1 DAGs
[2022-02-12 14:58:03,941] {logging_mixin.py:104} INFO - [2022-02-12 14:58:03,941] {dag.py:2305} INFO - Setting next_dagrun for parallel_dag to 2022-02-12 00:00:00+00:00
[2022-02-12 14:58:03,955] {scheduler_job.py:190} INFO - Processing /home/agalli/airflow/dags/parallel_process.py took 0.076 seconds
[2022-02-12 14:58:34,402] {scheduler_job.py:182} INFO - Started process (PID=16789) to work on /home/agalli/airflow/dags/parallel_process.py
[2022-02-12 14:58:34,403] {scheduler_job.py:633} INFO - Processing file /home/agalli/airflow/dags/parallel_process.py for tasks to queue
[2022-02-12 14:58:34,406] {logging_mixin.py:104} INFO - [2022-02-12 14:58:34,406] {dagbag.py:487} INFO - Filling up the DagBag from /home/agalli/airflow/dags/parallel_process.py
[2022-02-12 14:58:34,429] {scheduler_job.py:643} INFO - DAG(s) dict_keys(['parallel_dag']) retrieved from /home/agalli/airflow/dags/parallel_process.py
[2022-02-12 14:58:34,463] {logging_mixin.py:104} INFO - [2022-02-12 14:58:34,463] {dag.py:1832} INFO - Sync 1 DAGs
[2022-02-12 14:58:34,483] {logging_mixin.py:104} INFO - [2022-02-12 14:58:34,483] {dag.py:2305} INFO - Setting next_dagrun for parallel_dag to 2022-02-12 00:00:00+00:00
[2022-02-12 14:58:34,502] {scheduler_job.py:190} INFO - Processing /home/agalli/airflow/dags/parallel_process.py took 0.103 seconds
[2022-02-12 14:59:04,989] {scheduler_job.py:182} INFO - Started process (PID=16859) to work on /home/agalli/airflow/dags/parallel_process.py
[2022-02-12 14:59:04,990] {scheduler_job.py:633} INFO - Processing file /home/agalli/airflow/dags/parallel_process.py for tasks to queue
[2022-02-12 14:59:04,992] {logging_mixin.py:104} INFO - [2022-02-12 14:59:04,991] {dagbag.py:487} INFO - Filling up the DagBag from /home/agalli/airflow/dags/parallel_process.py
[2022-02-12 14:59:05,006] {scheduler_job.py:643} INFO - DAG(s) dict_keys(['parallel_dag']) retrieved from /home/agalli/airflow/dags/parallel_process.py
[2022-02-12 14:59:05,039] {logging_mixin.py:104} INFO - [2022-02-12 14:59:05,039] {dag.py:1832} INFO - Sync 1 DAGs
[2022-02-12 14:59:05,063] {logging_mixin.py:104} INFO - [2022-02-12 14:59:05,063] {dag.py:2305} INFO - Setting next_dagrun for parallel_dag to 2022-02-12 00:00:00+00:00
[2022-02-12 14:59:05,081] {scheduler_job.py:190} INFO - Processing /home/agalli/airflow/dags/parallel_process.py took 0.096 seconds
[2022-02-12 14:59:35,294] {scheduler_job.py:182} INFO - Started process (PID=16929) to work on /home/agalli/airflow/dags/parallel_process.py
[2022-02-12 14:59:35,298] {scheduler_job.py:633} INFO - Processing file /home/agalli/airflow/dags/parallel_process.py for tasks to queue
[2022-02-12 14:59:35,300] {logging_mixin.py:104} INFO - [2022-02-12 14:59:35,300] {dagbag.py:487} INFO - Filling up the DagBag from /home/agalli/airflow/dags/parallel_process.py
[2022-02-12 14:59:35,333] {scheduler_job.py:643} INFO - DAG(s) dict_keys(['parallel_dag']) retrieved from /home/agalli/airflow/dags/parallel_process.py
[2022-02-12 14:59:35,395] {logging_mixin.py:104} INFO - [2022-02-12 14:59:35,395] {dag.py:1832} INFO - Sync 1 DAGs
[2022-02-12 14:59:35,438] {logging_mixin.py:104} INFO - [2022-02-12 14:59:35,437] {dag.py:2305} INFO - Setting next_dagrun for parallel_dag to 2022-02-12 00:00:00+00:00
[2022-02-12 14:59:35,462] {scheduler_job.py:190} INFO - Processing /home/agalli/airflow/dags/parallel_process.py took 0.177 seconds
[2022-02-12 15:00:05,890] {scheduler_job.py:182} INFO - Started process (PID=16999) to work on /home/agalli/airflow/dags/parallel_process.py
[2022-02-12 15:00:05,892] {scheduler_job.py:633} INFO - Processing file /home/agalli/airflow/dags/parallel_process.py for tasks to queue
[2022-02-12 15:00:05,893] {logging_mixin.py:104} INFO - [2022-02-12 15:00:05,893] {dagbag.py:487} INFO - Filling up the DagBag from /home/agalli/airflow/dags/parallel_process.py
[2022-02-12 15:00:05,904] {scheduler_job.py:643} INFO - DAG(s) dict_keys(['parallel_dag']) retrieved from /home/agalli/airflow/dags/parallel_process.py
[2022-02-12 15:00:05,931] {logging_mixin.py:104} INFO - [2022-02-12 15:00:05,931] {dag.py:1832} INFO - Sync 1 DAGs
[2022-02-12 15:00:05,951] {logging_mixin.py:104} INFO - [2022-02-12 15:00:05,950] {dag.py:2305} INFO - Setting next_dagrun for parallel_dag to 2022-02-12 00:00:00+00:00
[2022-02-12 15:00:05,964] {scheduler_job.py:190} INFO - Processing /home/agalli/airflow/dags/parallel_process.py took 0.077 seconds
[2022-02-12 15:00:34,751] {scheduler_job.py:182} INFO - Started process (PID=17348) to work on /home/agalli/airflow/dags/parallel_process.py
[2022-02-12 15:00:34,760] {scheduler_job.py:633} INFO - Processing file /home/agalli/airflow/dags/parallel_process.py for tasks to queue
[2022-02-12 15:00:34,765] {logging_mixin.py:104} INFO - [2022-02-12 15:00:34,764] {dagbag.py:487} INFO - Filling up the DagBag from /home/agalli/airflow/dags/parallel_process.py
[2022-02-12 15:00:34,841] {scheduler_job.py:643} INFO - DAG(s) dict_keys(['parallel_dag']) retrieved from /home/agalli/airflow/dags/parallel_process.py
[2022-02-12 15:00:34,972] {logging_mixin.py:104} INFO - [2022-02-12 15:00:34,972] {dag.py:1832} INFO - Sync 1 DAGs
[2022-02-12 15:00:35,028] {logging_mixin.py:104} INFO - [2022-02-12 15:00:35,028] {dag.py:2305} INFO - Setting next_dagrun for parallel_dag to 2022-02-12 00:00:00+00:00
[2022-02-12 15:00:35,104] {scheduler_job.py:190} INFO - Processing /home/agalli/airflow/dags/parallel_process.py took 0.366 seconds
[2022-02-12 15:01:05,437] {scheduler_job.py:182} INFO - Started process (PID=17803) to work on /home/agalli/airflow/dags/parallel_process.py
[2022-02-12 15:01:05,442] {scheduler_job.py:633} INFO - Processing file /home/agalli/airflow/dags/parallel_process.py for tasks to queue
[2022-02-12 15:01:05,445] {logging_mixin.py:104} INFO - [2022-02-12 15:01:05,445] {dagbag.py:487} INFO - Filling up the DagBag from /home/agalli/airflow/dags/parallel_process.py
[2022-02-12 15:01:05,476] {scheduler_job.py:643} INFO - DAG(s) dict_keys(['parallel_dag']) retrieved from /home/agalli/airflow/dags/parallel_process.py
[2022-02-12 15:01:05,558] {logging_mixin.py:104} INFO - [2022-02-12 15:01:05,557] {dag.py:1832} INFO - Sync 1 DAGs
[2022-02-12 15:01:05,601] {logging_mixin.py:104} INFO - [2022-02-12 15:01:05,601] {dag.py:2305} INFO - Setting next_dagrun for parallel_dag to 2022-02-12 00:00:00+00:00
[2022-02-12 15:01:05,631] {scheduler_job.py:190} INFO - Processing /home/agalli/airflow/dags/parallel_process.py took 0.214 seconds
[2022-02-12 15:01:36,336] {scheduler_job.py:182} INFO - Started process (PID=18035) to work on /home/agalli/airflow/dags/parallel_process.py
[2022-02-12 15:01:36,337] {scheduler_job.py:633} INFO - Processing file /home/agalli/airflow/dags/parallel_process.py for tasks to queue
[2022-02-12 15:01:36,338] {logging_mixin.py:104} INFO - [2022-02-12 15:01:36,338] {dagbag.py:487} INFO - Filling up the DagBag from /home/agalli/airflow/dags/parallel_process.py
[2022-02-12 15:01:36,350] {scheduler_job.py:643} INFO - DAG(s) dict_keys(['parallel_dag']) retrieved from /home/agalli/airflow/dags/parallel_process.py
[2022-02-12 15:01:36,377] {logging_mixin.py:104} INFO - [2022-02-12 15:01:36,376] {dag.py:1832} INFO - Sync 1 DAGs
[2022-02-12 15:01:36,394] {logging_mixin.py:104} INFO - [2022-02-12 15:01:36,394] {dag.py:2305} INFO - Setting next_dagrun for parallel_dag to 2022-02-12 00:00:00+00:00
[2022-02-12 15:01:36,408] {scheduler_job.py:190} INFO - Processing /home/agalli/airflow/dags/parallel_process.py took 0.076 seconds
[2022-02-12 15:02:07,117] {scheduler_job.py:182} INFO - Started process (PID=18297) to work on /home/agalli/airflow/dags/parallel_process.py
[2022-02-12 15:02:07,119] {scheduler_job.py:633} INFO - Processing file /home/agalli/airflow/dags/parallel_process.py for tasks to queue
[2022-02-12 15:02:07,120] {logging_mixin.py:104} INFO - [2022-02-12 15:02:07,120] {dagbag.py:487} INFO - Filling up the DagBag from /home/agalli/airflow/dags/parallel_process.py
[2022-02-12 15:02:07,151] {scheduler_job.py:643} INFO - DAG(s) dict_keys(['parallel_dag']) retrieved from /home/agalli/airflow/dags/parallel_process.py
[2022-02-12 15:02:07,200] {logging_mixin.py:104} INFO - [2022-02-12 15:02:07,200] {dag.py:1832} INFO - Sync 1 DAGs
[2022-02-12 15:02:07,237] {logging_mixin.py:104} INFO - [2022-02-12 15:02:07,237] {dag.py:2305} INFO - Setting next_dagrun for parallel_dag to 2022-02-11 00:00:00+00:00
[2022-02-12 15:02:07,251] {scheduler_job.py:190} INFO - Processing /home/agalli/airflow/dags/parallel_process.py took 0.138 seconds
[2022-02-12 15:02:37,805] {scheduler_job.py:182} INFO - Started process (PID=18769) to work on /home/agalli/airflow/dags/parallel_process.py
[2022-02-12 15:02:37,806] {scheduler_job.py:633} INFO - Processing file /home/agalli/airflow/dags/parallel_process.py for tasks to queue
[2022-02-12 15:02:37,806] {logging_mixin.py:104} INFO - [2022-02-12 15:02:37,806] {dagbag.py:487} INFO - Filling up the DagBag from /home/agalli/airflow/dags/parallel_process.py
[2022-02-12 15:02:37,818] {scheduler_job.py:643} INFO - DAG(s) dict_keys(['parallel_dag']) retrieved from /home/agalli/airflow/dags/parallel_process.py
[2022-02-12 15:02:37,845] {logging_mixin.py:104} INFO - [2022-02-12 15:02:37,845] {dag.py:1832} INFO - Sync 1 DAGs
[2022-02-12 15:02:37,863] {logging_mixin.py:104} INFO - [2022-02-12 15:02:37,863] {dag.py:2305} INFO - Setting next_dagrun for parallel_dag to 2022-02-12 00:00:00+00:00
[2022-02-12 15:02:37,877] {scheduler_job.py:190} INFO - Processing /home/agalli/airflow/dags/parallel_process.py took 0.076 seconds
[2022-02-12 15:03:08,642] {scheduler_job.py:182} INFO - Started process (PID=19151) to work on /home/agalli/airflow/dags/parallel_process.py
[2022-02-12 15:03:08,643] {scheduler_job.py:633} INFO - Processing file /home/agalli/airflow/dags/parallel_process.py for tasks to queue
[2022-02-12 15:03:08,645] {logging_mixin.py:104} INFO - [2022-02-12 15:03:08,644] {dagbag.py:487} INFO - Filling up the DagBag from /home/agalli/airflow/dags/parallel_process.py
[2022-02-12 15:03:08,665] {scheduler_job.py:643} INFO - DAG(s) dict_keys(['parallel_dag']) retrieved from /home/agalli/airflow/dags/parallel_process.py
[2022-02-12 15:03:08,698] {logging_mixin.py:104} INFO - [2022-02-12 15:03:08,698] {dag.py:1832} INFO - Sync 1 DAGs
[2022-02-12 15:03:08,724] {logging_mixin.py:104} INFO - [2022-02-12 15:03:08,724] {dag.py:2305} INFO - Setting next_dagrun for parallel_dag to 2022-02-12 00:00:00+00:00
[2022-02-12 15:03:08,740] {scheduler_job.py:190} INFO - Processing /home/agalli/airflow/dags/parallel_process.py took 0.105 seconds
[2022-02-12 15:03:38,843] {scheduler_job.py:182} INFO - Started process (PID=19383) to work on /home/agalli/airflow/dags/parallel_process.py
[2022-02-12 15:03:38,844] {scheduler_job.py:633} INFO - Processing file /home/agalli/airflow/dags/parallel_process.py for tasks to queue
[2022-02-12 15:03:38,844] {logging_mixin.py:104} INFO - [2022-02-12 15:03:38,844] {dagbag.py:487} INFO - Filling up the DagBag from /home/agalli/airflow/dags/parallel_process.py
[2022-02-12 15:03:38,870] {scheduler_job.py:643} INFO - DAG(s) dict_keys(['parallel_dag']) retrieved from /home/agalli/airflow/dags/parallel_process.py
[2022-02-12 15:03:38,937] {logging_mixin.py:104} INFO - [2022-02-12 15:03:38,936] {dag.py:1832} INFO - Sync 1 DAGs
[2022-02-12 15:03:38,991] {logging_mixin.py:104} INFO - [2022-02-12 15:03:38,991] {dag.py:2305} INFO - Setting next_dagrun for parallel_dag to 2022-02-12 00:00:00+00:00
[2022-02-12 15:03:39,016] {scheduler_job.py:190} INFO - Processing /home/agalli/airflow/dags/parallel_process.py took 0.177 seconds
[2022-02-12 15:04:09,477] {scheduler_job.py:182} INFO - Started process (PID=19585) to work on /home/agalli/airflow/dags/parallel_process.py
[2022-02-12 15:04:09,478] {scheduler_job.py:633} INFO - Processing file /home/agalli/airflow/dags/parallel_process.py for tasks to queue
[2022-02-12 15:04:09,479] {logging_mixin.py:104} INFO - [2022-02-12 15:04:09,479] {dagbag.py:487} INFO - Filling up the DagBag from /home/agalli/airflow/dags/parallel_process.py
[2022-02-12 15:04:09,491] {scheduler_job.py:643} INFO - DAG(s) dict_keys(['parallel_dag']) retrieved from /home/agalli/airflow/dags/parallel_process.py
[2022-02-12 15:04:09,517] {logging_mixin.py:104} INFO - [2022-02-12 15:04:09,517] {dag.py:1832} INFO - Sync 1 DAGs
[2022-02-12 15:04:09,535] {logging_mixin.py:104} INFO - [2022-02-12 15:04:09,535] {dag.py:2305} INFO - Setting next_dagrun for parallel_dag to 2022-02-12 00:00:00+00:00
[2022-02-12 15:04:09,548] {scheduler_job.py:190} INFO - Processing /home/agalli/airflow/dags/parallel_process.py took 0.074 seconds
[2022-02-12 15:04:39,724] {scheduler_job.py:182} INFO - Started process (PID=19787) to work on /home/agalli/airflow/dags/parallel_process.py
[2022-02-12 15:04:39,727] {scheduler_job.py:633} INFO - Processing file /home/agalli/airflow/dags/parallel_process.py for tasks to queue
[2022-02-12 15:04:39,728] {logging_mixin.py:104} INFO - [2022-02-12 15:04:39,728] {dagbag.py:487} INFO - Filling up the DagBag from /home/agalli/airflow/dags/parallel_process.py
[2022-02-12 15:04:39,742] {scheduler_job.py:643} INFO - DAG(s) dict_keys(['parallel_dag']) retrieved from /home/agalli/airflow/dags/parallel_process.py
[2022-02-12 15:04:39,772] {logging_mixin.py:104} INFO - [2022-02-12 15:04:39,772] {dag.py:1832} INFO - Sync 1 DAGs
[2022-02-12 15:04:39,795] {logging_mixin.py:104} INFO - [2022-02-12 15:04:39,795] {dag.py:2305} INFO - Setting next_dagrun for parallel_dag to 2022-02-12 00:00:00+00:00
[2022-02-12 15:04:39,812] {scheduler_job.py:190} INFO - Processing /home/agalli/airflow/dags/parallel_process.py took 0.091 seconds
[2022-02-12 15:05:10,038] {scheduler_job.py:182} INFO - Started process (PID=19989) to work on /home/agalli/airflow/dags/parallel_process.py
[2022-02-12 15:05:10,040] {scheduler_job.py:633} INFO - Processing file /home/agalli/airflow/dags/parallel_process.py for tasks to queue
[2022-02-12 15:05:10,041] {logging_mixin.py:104} INFO - [2022-02-12 15:05:10,041] {dagbag.py:487} INFO - Filling up the DagBag from /home/agalli/airflow/dags/parallel_process.py
[2022-02-12 15:05:10,054] {scheduler_job.py:643} INFO - DAG(s) dict_keys(['parallel_dag']) retrieved from /home/agalli/airflow/dags/parallel_process.py
[2022-02-12 15:05:10,085] {logging_mixin.py:104} INFO - [2022-02-12 15:05:10,085] {dag.py:1832} INFO - Sync 1 DAGs
[2022-02-12 15:05:10,107] {logging_mixin.py:104} INFO - [2022-02-12 15:05:10,107] {dag.py:2305} INFO - Setting next_dagrun for parallel_dag to 2022-02-12 00:00:00+00:00
[2022-02-12 15:05:10,127] {scheduler_job.py:190} INFO - Processing /home/agalli/airflow/dags/parallel_process.py took 0.093 seconds
[2022-02-12 15:05:40,233] {scheduler_job.py:182} INFO - Started process (PID=20311) to work on /home/agalli/airflow/dags/parallel_process.py
[2022-02-12 15:05:40,233] {scheduler_job.py:633} INFO - Processing file /home/agalli/airflow/dags/parallel_process.py for tasks to queue
[2022-02-12 15:05:40,234] {logging_mixin.py:104} INFO - [2022-02-12 15:05:40,234] {dagbag.py:487} INFO - Filling up the DagBag from /home/agalli/airflow/dags/parallel_process.py
[2022-02-12 15:05:40,248] {scheduler_job.py:643} INFO - DAG(s) dict_keys(['parallel_dag']) retrieved from /home/agalli/airflow/dags/parallel_process.py
[2022-02-12 15:05:40,279] {logging_mixin.py:104} INFO - [2022-02-12 15:05:40,279] {dag.py:1832} INFO - Sync 1 DAGs
[2022-02-12 15:05:40,303] {logging_mixin.py:104} INFO - [2022-02-12 15:05:40,302] {dag.py:2305} INFO - Setting next_dagrun for parallel_dag to 2022-02-12 00:00:00+00:00
[2022-02-12 15:05:40,313] {scheduler_job.py:190} INFO - Processing /home/agalli/airflow/dags/parallel_process.py took 0.084 seconds
[2022-02-12 15:06:10,373] {scheduler_job.py:182} INFO - Started process (PID=20513) to work on /home/agalli/airflow/dags/parallel_process.py
[2022-02-12 15:06:10,376] {scheduler_job.py:633} INFO - Processing file /home/agalli/airflow/dags/parallel_process.py for tasks to queue
[2022-02-12 15:06:10,387] {logging_mixin.py:104} INFO - [2022-02-12 15:06:10,387] {dagbag.py:487} INFO - Filling up the DagBag from /home/agalli/airflow/dags/parallel_process.py
[2022-02-12 15:06:10,434] {scheduler_job.py:643} INFO - DAG(s) dict_keys(['parallel_dag']) retrieved from /home/agalli/airflow/dags/parallel_process.py
[2022-02-12 15:06:10,467] {logging_mixin.py:104} INFO - [2022-02-12 15:06:10,466] {dag.py:1832} INFO - Sync 1 DAGs
[2022-02-12 15:06:10,490] {logging_mixin.py:104} INFO - [2022-02-12 15:06:10,490] {dag.py:2305} INFO - Setting next_dagrun for parallel_dag to 2022-02-12 00:00:00+00:00
[2022-02-12 15:06:10,505] {scheduler_job.py:190} INFO - Processing /home/agalli/airflow/dags/parallel_process.py took 0.147 seconds
[2022-02-12 15:06:41,178] {scheduler_job.py:182} INFO - Started process (PID=20715) to work on /home/agalli/airflow/dags/parallel_process.py
[2022-02-12 15:06:41,179] {scheduler_job.py:633} INFO - Processing file /home/agalli/airflow/dags/parallel_process.py for tasks to queue
[2022-02-12 15:06:41,180] {logging_mixin.py:104} INFO - [2022-02-12 15:06:41,180] {dagbag.py:487} INFO - Filling up the DagBag from /home/agalli/airflow/dags/parallel_process.py
[2022-02-12 15:06:41,192] {scheduler_job.py:643} INFO - DAG(s) dict_keys(['parallel_dag']) retrieved from /home/agalli/airflow/dags/parallel_process.py
[2022-02-12 15:06:41,219] {logging_mixin.py:104} INFO - [2022-02-12 15:06:41,218] {dag.py:1832} INFO - Sync 1 DAGs
[2022-02-12 15:06:41,239] {logging_mixin.py:104} INFO - [2022-02-12 15:06:41,238] {dag.py:2305} INFO - Setting next_dagrun for parallel_dag to 2022-02-12 00:00:00+00:00
[2022-02-12 15:06:41,252] {scheduler_job.py:190} INFO - Processing /home/agalli/airflow/dags/parallel_process.py took 0.077 seconds
[2022-02-12 15:07:11,685] {scheduler_job.py:182} INFO - Started process (PID=20917) to work on /home/agalli/airflow/dags/parallel_process.py
[2022-02-12 15:07:11,687] {scheduler_job.py:633} INFO - Processing file /home/agalli/airflow/dags/parallel_process.py for tasks to queue
[2022-02-12 15:07:11,687] {logging_mixin.py:104} INFO - [2022-02-12 15:07:11,687] {dagbag.py:487} INFO - Filling up the DagBag from /home/agalli/airflow/dags/parallel_process.py
[2022-02-12 15:07:11,704] {scheduler_job.py:643} INFO - DAG(s) dict_keys(['parallel_dag']) retrieved from /home/agalli/airflow/dags/parallel_process.py
[2022-02-12 15:07:11,745] {logging_mixin.py:104} INFO - [2022-02-12 15:07:11,745] {dag.py:1832} INFO - Sync 1 DAGs
[2022-02-12 15:07:11,771] {logging_mixin.py:104} INFO - [2022-02-12 15:07:11,771] {dag.py:2305} INFO - Setting next_dagrun for parallel_dag to 2022-02-12 00:00:00+00:00
[2022-02-12 15:07:11,787] {scheduler_job.py:190} INFO - Processing /home/agalli/airflow/dags/parallel_process.py took 0.107 seconds
[2022-02-12 15:07:42,154] {scheduler_job.py:182} INFO - Started process (PID=21119) to work on /home/agalli/airflow/dags/parallel_process.py
[2022-02-12 15:07:42,156] {scheduler_job.py:633} INFO - Processing file /home/agalli/airflow/dags/parallel_process.py for tasks to queue
[2022-02-12 15:07:42,157] {logging_mixin.py:104} INFO - [2022-02-12 15:07:42,157] {dagbag.py:487} INFO - Filling up the DagBag from /home/agalli/airflow/dags/parallel_process.py
[2022-02-12 15:07:42,168] {scheduler_job.py:643} INFO - DAG(s) dict_keys(['parallel_dag']) retrieved from /home/agalli/airflow/dags/parallel_process.py
[2022-02-12 15:07:42,206] {logging_mixin.py:104} INFO - [2022-02-12 15:07:42,206] {dag.py:1832} INFO - Sync 1 DAGs
[2022-02-12 15:07:42,226] {logging_mixin.py:104} INFO - [2022-02-12 15:07:42,226] {dag.py:2305} INFO - Setting next_dagrun for parallel_dag to 2022-02-12 00:00:00+00:00
[2022-02-12 15:07:42,239] {scheduler_job.py:190} INFO - Processing /home/agalli/airflow/dags/parallel_process.py took 0.088 seconds
[2022-02-12 15:08:12,391] {scheduler_job.py:182} INFO - Started process (PID=21324) to work on /home/agalli/airflow/dags/parallel_process.py
[2022-02-12 15:08:12,392] {scheduler_job.py:633} INFO - Processing file /home/agalli/airflow/dags/parallel_process.py for tasks to queue
[2022-02-12 15:08:12,393] {logging_mixin.py:104} INFO - [2022-02-12 15:08:12,393] {dagbag.py:487} INFO - Filling up the DagBag from /home/agalli/airflow/dags/parallel_process.py
[2022-02-12 15:08:12,408] {scheduler_job.py:643} INFO - DAG(s) dict_keys(['parallel_dag']) retrieved from /home/agalli/airflow/dags/parallel_process.py
[2022-02-12 15:08:12,441] {logging_mixin.py:104} INFO - [2022-02-12 15:08:12,440] {dag.py:1832} INFO - Sync 1 DAGs
[2022-02-12 15:08:12,462] {logging_mixin.py:104} INFO - [2022-02-12 15:08:12,462] {dag.py:2305} INFO - Setting next_dagrun for parallel_dag to 2022-02-12 00:00:00+00:00
[2022-02-12 15:08:12,483] {scheduler_job.py:190} INFO - Processing /home/agalli/airflow/dags/parallel_process.py took 0.096 seconds
[2022-02-12 15:08:43,416] {scheduler_job.py:182} INFO - Started process (PID=21526) to work on /home/agalli/airflow/dags/parallel_process.py
[2022-02-12 15:08:43,428] {scheduler_job.py:633} INFO - Processing file /home/agalli/airflow/dags/parallel_process.py for tasks to queue
[2022-02-12 15:08:43,430] {logging_mixin.py:104} INFO - [2022-02-12 15:08:43,430] {dagbag.py:487} INFO - Filling up the DagBag from /home/agalli/airflow/dags/parallel_process.py
[2022-02-12 15:08:43,491] {scheduler_job.py:643} INFO - DAG(s) dict_keys(['parallel_dag']) retrieved from /home/agalli/airflow/dags/parallel_process.py
[2022-02-12 15:08:43,592] {logging_mixin.py:104} INFO - [2022-02-12 15:08:43,591] {dag.py:1832} INFO - Sync 1 DAGs
[2022-02-12 15:08:43,692] {logging_mixin.py:104} INFO - [2022-02-12 15:08:43,692] {dag.py:2305} INFO - Setting next_dagrun for parallel_dag to 2022-02-12 00:00:00+00:00
[2022-02-12 15:08:43,747] {scheduler_job.py:190} INFO - Processing /home/agalli/airflow/dags/parallel_process.py took 0.353 seconds
