[2022-02-12 13:57:16,633] {scheduler_job.py:182} INFO - Started process (PID=1454) to work on /home/agalli/airflow/dags/user_processing.py
[2022-02-12 13:57:16,635] {scheduler_job.py:633} INFO - Processing file /home/agalli/airflow/dags/user_processing.py for tasks to queue
[2022-02-12 13:57:16,637] {logging_mixin.py:104} INFO - [2022-02-12 13:57:16,636] {dagbag.py:487} INFO - Filling up the DagBag from /home/agalli/airflow/dags/user_processing.py
[2022-02-12 13:57:19,424] {logging_mixin.py:104} WARNING - /home/agalli/sandbox/lib/python3.6/site-packages/airflow/providers/sqlite/operators/sqlite.py:25 DeprecationWarning: This decorator is deprecated. 

In previous versions, all subclasses of BaseOperator must use apply_default decorator for the`default_args` feature to work properly.

In current version, it is optional. The decorator is applied automatically using the metaclass.
[2022-02-12 13:57:19,812] {scheduler_job.py:643} INFO - DAG(s) dict_keys(['user_processing']) retrieved from /home/agalli/airflow/dags/user_processing.py
[2022-02-12 13:57:19,963] {logging_mixin.py:104} INFO - [2022-02-12 13:57:19,963] {dag.py:1832} INFO - Sync 1 DAGs
[2022-02-12 13:57:20,127] {logging_mixin.py:104} INFO - [2022-02-12 13:57:20,126] {dag.py:2305} INFO - Setting next_dagrun for user_processing to 2022-02-11 00:00:00+00:00
[2022-02-12 13:57:20,169] {scheduler_job.py:190} INFO - Processing /home/agalli/airflow/dags/user_processing.py took 3.569 seconds
[2022-02-12 13:57:50,927] {scheduler_job.py:182} INFO - Started process (PID=2114) to work on /home/agalli/airflow/dags/user_processing.py
[2022-02-12 13:57:50,930] {scheduler_job.py:633} INFO - Processing file /home/agalli/airflow/dags/user_processing.py for tasks to queue
[2022-02-12 13:57:50,942] {logging_mixin.py:104} INFO - [2022-02-12 13:57:50,941] {dagbag.py:487} INFO - Filling up the DagBag from /home/agalli/airflow/dags/user_processing.py
[2022-02-12 13:57:53,194] {logging_mixin.py:104} WARNING - /home/agalli/sandbox/lib/python3.6/site-packages/airflow/providers/sqlite/operators/sqlite.py:25 DeprecationWarning: This decorator is deprecated. 

In previous versions, all subclasses of BaseOperator must use apply_default decorator for the`default_args` feature to work properly.

In current version, it is optional. The decorator is applied automatically using the metaclass.
[2022-02-12 13:57:53,369] {scheduler_job.py:643} INFO - DAG(s) dict_keys(['user_processing']) retrieved from /home/agalli/airflow/dags/user_processing.py
[2022-02-12 13:57:53,460] {logging_mixin.py:104} INFO - [2022-02-12 13:57:53,460] {dag.py:1832} INFO - Sync 1 DAGs
[2022-02-12 13:57:53,527] {logging_mixin.py:104} INFO - [2022-02-12 13:57:53,527] {dag.py:2305} INFO - Setting next_dagrun for user_processing to 2022-02-11 00:00:00+00:00
[2022-02-12 13:57:53,558] {scheduler_job.py:190} INFO - Processing /home/agalli/airflow/dags/user_processing.py took 2.651 seconds
[2022-02-12 13:58:24,092] {scheduler_job.py:182} INFO - Started process (PID=2373) to work on /home/agalli/airflow/dags/user_processing.py
[2022-02-12 13:58:24,093] {scheduler_job.py:633} INFO - Processing file /home/agalli/airflow/dags/user_processing.py for tasks to queue
[2022-02-12 13:58:24,094] {logging_mixin.py:104} INFO - [2022-02-12 13:58:24,094] {dagbag.py:487} INFO - Filling up the DagBag from /home/agalli/airflow/dags/user_processing.py
[2022-02-12 13:58:24,851] {logging_mixin.py:104} WARNING - /home/agalli/sandbox/lib/python3.6/site-packages/airflow/providers/sqlite/operators/sqlite.py:25 DeprecationWarning: This decorator is deprecated. 

In previous versions, all subclasses of BaseOperator must use apply_default decorator for the`default_args` feature to work properly.

In current version, it is optional. The decorator is applied automatically using the metaclass.
[2022-02-12 13:58:25,035] {scheduler_job.py:643} INFO - DAG(s) dict_keys(['user_processing']) retrieved from /home/agalli/airflow/dags/user_processing.py
[2022-02-12 13:58:25,085] {logging_mixin.py:104} INFO - [2022-02-12 13:58:25,085] {dag.py:1832} INFO - Sync 1 DAGs
[2022-02-12 13:58:25,139] {logging_mixin.py:104} INFO - [2022-02-12 13:58:25,139] {dag.py:2305} INFO - Setting next_dagrun for user_processing to 2022-02-11 00:00:00+00:00
[2022-02-12 13:58:25,188] {scheduler_job.py:190} INFO - Processing /home/agalli/airflow/dags/user_processing.py took 1.100 seconds
[2022-02-12 13:58:55,762] {scheduler_job.py:182} INFO - Started process (PID=2575) to work on /home/agalli/airflow/dags/user_processing.py
[2022-02-12 13:58:55,775] {scheduler_job.py:633} INFO - Processing file /home/agalli/airflow/dags/user_processing.py for tasks to queue
[2022-02-12 13:58:55,776] {logging_mixin.py:104} INFO - [2022-02-12 13:58:55,776] {dagbag.py:487} INFO - Filling up the DagBag from /home/agalli/airflow/dags/user_processing.py
[2022-02-12 13:58:56,582] {logging_mixin.py:104} WARNING - /home/agalli/sandbox/lib/python3.6/site-packages/airflow/providers/sqlite/operators/sqlite.py:25 DeprecationWarning: This decorator is deprecated. 

In previous versions, all subclasses of BaseOperator must use apply_default decorator for the`default_args` feature to work properly.

In current version, it is optional. The decorator is applied automatically using the metaclass.
[2022-02-12 13:58:56,688] {scheduler_job.py:643} INFO - DAG(s) dict_keys(['user_processing']) retrieved from /home/agalli/airflow/dags/user_processing.py
[2022-02-12 13:58:56,723] {logging_mixin.py:104} INFO - [2022-02-12 13:58:56,723] {dag.py:1832} INFO - Sync 1 DAGs
[2022-02-12 13:58:56,758] {logging_mixin.py:104} INFO - [2022-02-12 13:58:56,758] {dag.py:2305} INFO - Setting next_dagrun for user_processing to 2022-02-11 00:00:00+00:00
[2022-02-12 13:58:56,774] {scheduler_job.py:190} INFO - Processing /home/agalli/airflow/dags/user_processing.py took 1.019 seconds
[2022-02-12 13:59:26,871] {scheduler_job.py:182} INFO - Started process (PID=2778) to work on /home/agalli/airflow/dags/user_processing.py
[2022-02-12 13:59:26,872] {scheduler_job.py:633} INFO - Processing file /home/agalli/airflow/dags/user_processing.py for tasks to queue
[2022-02-12 13:59:26,873] {logging_mixin.py:104} INFO - [2022-02-12 13:59:26,873] {dagbag.py:487} INFO - Filling up the DagBag from /home/agalli/airflow/dags/user_processing.py
[2022-02-12 13:59:27,374] {logging_mixin.py:104} WARNING - /home/agalli/sandbox/lib/python3.6/site-packages/airflow/providers/sqlite/operators/sqlite.py:25 DeprecationWarning: This decorator is deprecated. 

In previous versions, all subclasses of BaseOperator must use apply_default decorator for the`default_args` feature to work properly.

In current version, it is optional. The decorator is applied automatically using the metaclass.
[2022-02-12 13:59:27,434] {scheduler_job.py:643} INFO - DAG(s) dict_keys(['user_processing']) retrieved from /home/agalli/airflow/dags/user_processing.py
[2022-02-12 13:59:27,472] {logging_mixin.py:104} INFO - [2022-02-12 13:59:27,472] {dag.py:1832} INFO - Sync 1 DAGs
[2022-02-12 13:59:27,508] {logging_mixin.py:104} INFO - [2022-02-12 13:59:27,507] {dag.py:2305} INFO - Setting next_dagrun for user_processing to 2022-02-11 00:00:00+00:00
[2022-02-12 13:59:27,527] {scheduler_job.py:190} INFO - Processing /home/agalli/airflow/dags/user_processing.py took 0.659 seconds
[2022-02-12 13:59:57,686] {scheduler_job.py:182} INFO - Started process (PID=3043) to work on /home/agalli/airflow/dags/user_processing.py
[2022-02-12 13:59:57,688] {scheduler_job.py:633} INFO - Processing file /home/agalli/airflow/dags/user_processing.py for tasks to queue
[2022-02-12 13:59:57,690] {logging_mixin.py:104} INFO - [2022-02-12 13:59:57,689] {dagbag.py:487} INFO - Filling up the DagBag from /home/agalli/airflow/dags/user_processing.py
[2022-02-12 13:59:58,731] {logging_mixin.py:104} WARNING - /home/agalli/sandbox/lib/python3.6/site-packages/airflow/providers/sqlite/operators/sqlite.py:25 DeprecationWarning: This decorator is deprecated. 

In previous versions, all subclasses of BaseOperator must use apply_default decorator for the`default_args` feature to work properly.

In current version, it is optional. The decorator is applied automatically using the metaclass.
[2022-02-12 13:59:58,873] {scheduler_job.py:643} INFO - DAG(s) dict_keys(['user_processing']) retrieved from /home/agalli/airflow/dags/user_processing.py
[2022-02-12 13:59:58,925] {logging_mixin.py:104} INFO - [2022-02-12 13:59:58,925] {dag.py:1832} INFO - Sync 1 DAGs
[2022-02-12 13:59:58,960] {logging_mixin.py:104} INFO - [2022-02-12 13:59:58,960] {dag.py:2305} INFO - Setting next_dagrun for user_processing to 2022-02-11 00:00:00+00:00
[2022-02-12 13:59:58,975] {scheduler_job.py:190} INFO - Processing /home/agalli/airflow/dags/user_processing.py took 1.296 seconds
[2022-02-12 14:00:29,155] {scheduler_job.py:182} INFO - Started process (PID=3380) to work on /home/agalli/airflow/dags/user_processing.py
[2022-02-12 14:00:29,157] {scheduler_job.py:633} INFO - Processing file /home/agalli/airflow/dags/user_processing.py for tasks to queue
[2022-02-12 14:00:29,159] {logging_mixin.py:104} INFO - [2022-02-12 14:00:29,158] {dagbag.py:487} INFO - Filling up the DagBag from /home/agalli/airflow/dags/user_processing.py
[2022-02-12 14:00:30,791] {logging_mixin.py:104} WARNING - /home/agalli/sandbox/lib/python3.6/site-packages/airflow/providers/sqlite/operators/sqlite.py:25 DeprecationWarning: This decorator is deprecated. 

In previous versions, all subclasses of BaseOperator must use apply_default decorator for the`default_args` feature to work properly.

In current version, it is optional. The decorator is applied automatically using the metaclass.
[2022-02-12 14:00:30,990] {scheduler_job.py:643} INFO - DAG(s) dict_keys(['user_processing']) retrieved from /home/agalli/airflow/dags/user_processing.py
[2022-02-12 14:00:31,041] {logging_mixin.py:104} INFO - [2022-02-12 14:00:31,040] {dag.py:1832} INFO - Sync 1 DAGs
[2022-02-12 14:00:31,083] {logging_mixin.py:104} INFO - [2022-02-12 14:00:31,083] {dag.py:2305} INFO - Setting next_dagrun for user_processing to 2022-02-11 00:00:00+00:00
[2022-02-12 14:00:31,098] {scheduler_job.py:190} INFO - Processing /home/agalli/airflow/dags/user_processing.py took 1.959 seconds
[2022-02-12 14:01:01,698] {scheduler_job.py:182} INFO - Started process (PID=3894) to work on /home/agalli/airflow/dags/user_processing.py
[2022-02-12 14:01:01,699] {scheduler_job.py:633} INFO - Processing file /home/agalli/airflow/dags/user_processing.py for tasks to queue
[2022-02-12 14:01:01,702] {logging_mixin.py:104} INFO - [2022-02-12 14:01:01,702] {dagbag.py:487} INFO - Filling up the DagBag from /home/agalli/airflow/dags/user_processing.py
[2022-02-12 14:01:03,314] {logging_mixin.py:104} WARNING - /home/agalli/sandbox/lib/python3.6/site-packages/airflow/providers/sqlite/operators/sqlite.py:25 DeprecationWarning: This decorator is deprecated. 

In previous versions, all subclasses of BaseOperator must use apply_default decorator for the`default_args` feature to work properly.

In current version, it is optional. The decorator is applied automatically using the metaclass.
[2022-02-12 14:01:03,577] {scheduler_job.py:643} INFO - DAG(s) dict_keys(['user_processing']) retrieved from /home/agalli/airflow/dags/user_processing.py
[2022-02-12 14:01:03,761] {logging_mixin.py:104} INFO - [2022-02-12 14:01:03,760] {dag.py:1832} INFO - Sync 1 DAGs
[2022-02-12 14:01:03,854] {logging_mixin.py:104} INFO - [2022-02-12 14:01:03,854] {dag.py:2305} INFO - Setting next_dagrun for user_processing to 2022-02-11 00:00:00+00:00
[2022-02-12 14:01:03,902] {scheduler_job.py:190} INFO - Processing /home/agalli/airflow/dags/user_processing.py took 2.250 seconds
[2022-02-12 14:01:34,311] {scheduler_job.py:182} INFO - Started process (PID=5273) to work on /home/agalli/airflow/dags/user_processing.py
[2022-02-12 14:01:34,313] {scheduler_job.py:633} INFO - Processing file /home/agalli/airflow/dags/user_processing.py for tasks to queue
[2022-02-12 14:01:34,313] {logging_mixin.py:104} INFO - [2022-02-12 14:01:34,313] {dagbag.py:487} INFO - Filling up the DagBag from /home/agalli/airflow/dags/user_processing.py
[2022-02-12 14:01:34,974] {logging_mixin.py:104} WARNING - /home/agalli/sandbox/lib/python3.6/site-packages/airflow/providers/sqlite/operators/sqlite.py:25 DeprecationWarning: This decorator is deprecated. 

In previous versions, all subclasses of BaseOperator must use apply_default decorator for the`default_args` feature to work properly.

In current version, it is optional. The decorator is applied automatically using the metaclass.
[2022-02-12 14:01:35,063] {scheduler_job.py:643} INFO - DAG(s) dict_keys(['user_processing']) retrieved from /home/agalli/airflow/dags/user_processing.py
[2022-02-12 14:01:35,098] {logging_mixin.py:104} INFO - [2022-02-12 14:01:35,097] {dag.py:1832} INFO - Sync 1 DAGs
[2022-02-12 14:01:35,144] {logging_mixin.py:104} INFO - [2022-02-12 14:01:35,143] {dag.py:2305} INFO - Setting next_dagrun for user_processing to 2022-02-11 00:00:00+00:00
[2022-02-12 14:01:35,158] {scheduler_job.py:190} INFO - Processing /home/agalli/airflow/dags/user_processing.py took 0.850 seconds
[2022-02-12 14:02:05,944] {scheduler_job.py:182} INFO - Started process (PID=5527) to work on /home/agalli/airflow/dags/user_processing.py
[2022-02-12 14:02:05,945] {scheduler_job.py:633} INFO - Processing file /home/agalli/airflow/dags/user_processing.py for tasks to queue
[2022-02-12 14:02:05,945] {logging_mixin.py:104} INFO - [2022-02-12 14:02:05,945] {dagbag.py:487} INFO - Filling up the DagBag from /home/agalli/airflow/dags/user_processing.py
[2022-02-12 14:02:06,579] {logging_mixin.py:104} WARNING - /home/agalli/sandbox/lib/python3.6/site-packages/airflow/providers/sqlite/operators/sqlite.py:25 DeprecationWarning: This decorator is deprecated. 

In previous versions, all subclasses of BaseOperator must use apply_default decorator for the`default_args` feature to work properly.

In current version, it is optional. The decorator is applied automatically using the metaclass.
[2022-02-12 14:02:06,675] {scheduler_job.py:643} INFO - DAG(s) dict_keys(['user_processing']) retrieved from /home/agalli/airflow/dags/user_processing.py
[2022-02-12 14:02:06,710] {logging_mixin.py:104} INFO - [2022-02-12 14:02:06,710] {dag.py:1832} INFO - Sync 1 DAGs
[2022-02-12 14:02:06,742] {logging_mixin.py:104} INFO - [2022-02-12 14:02:06,742] {dag.py:2305} INFO - Setting next_dagrun for user_processing to 2022-02-11 00:00:00+00:00
[2022-02-12 14:02:06,755] {scheduler_job.py:190} INFO - Processing /home/agalli/airflow/dags/user_processing.py took 0.815 seconds
[2022-02-12 14:02:36,871] {scheduler_job.py:182} INFO - Started process (PID=5849) to work on /home/agalli/airflow/dags/user_processing.py
[2022-02-12 14:02:36,872] {scheduler_job.py:633} INFO - Processing file /home/agalli/airflow/dags/user_processing.py for tasks to queue
[2022-02-12 14:02:36,873] {logging_mixin.py:104} INFO - [2022-02-12 14:02:36,873] {dagbag.py:487} INFO - Filling up the DagBag from /home/agalli/airflow/dags/user_processing.py
[2022-02-12 14:02:37,450] {logging_mixin.py:104} WARNING - /home/agalli/sandbox/lib/python3.6/site-packages/airflow/providers/sqlite/operators/sqlite.py:25 DeprecationWarning: This decorator is deprecated. 

In previous versions, all subclasses of BaseOperator must use apply_default decorator for the`default_args` feature to work properly.

In current version, it is optional. The decorator is applied automatically using the metaclass.
[2022-02-12 14:02:37,523] {scheduler_job.py:643} INFO - DAG(s) dict_keys(['user_processing']) retrieved from /home/agalli/airflow/dags/user_processing.py
[2022-02-12 14:02:37,550] {logging_mixin.py:104} INFO - [2022-02-12 14:02:37,550] {dag.py:1832} INFO - Sync 1 DAGs
[2022-02-12 14:02:37,568] {logging_mixin.py:104} INFO - [2022-02-12 14:02:37,568] {dag.py:2305} INFO - Setting next_dagrun for user_processing to 2022-02-11 00:00:00+00:00
[2022-02-12 14:02:37,582] {scheduler_job.py:190} INFO - Processing /home/agalli/airflow/dags/user_processing.py took 0.715 seconds
[2022-02-12 14:03:08,118] {scheduler_job.py:182} INFO - Started process (PID=6051) to work on /home/agalli/airflow/dags/user_processing.py
[2022-02-12 14:03:08,123] {scheduler_job.py:633} INFO - Processing file /home/agalli/airflow/dags/user_processing.py for tasks to queue
[2022-02-12 14:03:08,124] {logging_mixin.py:104} INFO - [2022-02-12 14:03:08,124] {dagbag.py:487} INFO - Filling up the DagBag from /home/agalli/airflow/dags/user_processing.py
[2022-02-12 14:03:09,054] {logging_mixin.py:104} WARNING - /home/agalli/sandbox/lib/python3.6/site-packages/airflow/providers/sqlite/operators/sqlite.py:25 DeprecationWarning: This decorator is deprecated. 

In previous versions, all subclasses of BaseOperator must use apply_default decorator for the`default_args` feature to work properly.

In current version, it is optional. The decorator is applied automatically using the metaclass.
[2022-02-12 14:03:09,156] {scheduler_job.py:643} INFO - DAG(s) dict_keys(['user_processing']) retrieved from /home/agalli/airflow/dags/user_processing.py
[2022-02-12 14:03:09,194] {logging_mixin.py:104} INFO - [2022-02-12 14:03:09,194] {dag.py:1832} INFO - Sync 1 DAGs
[2022-02-12 14:03:09,239] {logging_mixin.py:104} INFO - [2022-02-12 14:03:09,238] {dag.py:2305} INFO - Setting next_dagrun for user_processing to 2022-02-11 00:00:00+00:00
[2022-02-12 14:03:09,262] {scheduler_job.py:190} INFO - Processing /home/agalli/airflow/dags/user_processing.py took 1.148 seconds
[2022-02-12 14:20:13,238] {scheduler_job.py:182} INFO - Started process (PID=6845) to work on /home/agalli/airflow/dags/user_processing.py
[2022-02-12 14:20:13,240] {scheduler_job.py:633} INFO - Processing file /home/agalli/airflow/dags/user_processing.py for tasks to queue
[2022-02-12 14:20:13,240] {logging_mixin.py:104} INFO - [2022-02-12 14:20:13,240] {dagbag.py:487} INFO - Filling up the DagBag from /home/agalli/airflow/dags/user_processing.py
[2022-02-12 14:20:15,775] {logging_mixin.py:104} WARNING - /home/agalli/sandbox/lib/python3.6/site-packages/airflow/providers/sqlite/operators/sqlite.py:25 DeprecationWarning: This decorator is deprecated. 

In previous versions, all subclasses of BaseOperator must use apply_default decorator for the`default_args` feature to work properly.

In current version, it is optional. The decorator is applied automatically using the metaclass.
[2022-02-12 14:20:16,181] {scheduler_job.py:643} INFO - DAG(s) dict_keys(['user_processing']) retrieved from /home/agalli/airflow/dags/user_processing.py
[2022-02-12 14:20:16,378] {logging_mixin.py:104} INFO - [2022-02-12 14:20:16,378] {dag.py:1832} INFO - Sync 1 DAGs
[2022-02-12 14:20:16,467] {logging_mixin.py:104} INFO - [2022-02-12 14:20:16,467] {dag.py:2305} INFO - Setting next_dagrun for user_processing to 2022-02-11 00:00:00+00:00
[2022-02-12 14:20:16,515] {scheduler_job.py:190} INFO - Processing /home/agalli/airflow/dags/user_processing.py took 3.282 seconds
[2022-02-12 14:20:47,294] {scheduler_job.py:182} INFO - Started process (PID=7187) to work on /home/agalli/airflow/dags/user_processing.py
[2022-02-12 14:20:47,296] {scheduler_job.py:633} INFO - Processing file /home/agalli/airflow/dags/user_processing.py for tasks to queue
[2022-02-12 14:20:47,297] {logging_mixin.py:104} INFO - [2022-02-12 14:20:47,297] {dagbag.py:487} INFO - Filling up the DagBag from /home/agalli/airflow/dags/user_processing.py
[2022-02-12 14:20:47,944] {logging_mixin.py:104} WARNING - /home/agalli/sandbox/lib/python3.6/site-packages/airflow/providers/sqlite/operators/sqlite.py:25 DeprecationWarning: This decorator is deprecated. 

In previous versions, all subclasses of BaseOperator must use apply_default decorator for the`default_args` feature to work properly.

In current version, it is optional. The decorator is applied automatically using the metaclass.
[2022-02-12 14:20:48,008] {scheduler_job.py:643} INFO - DAG(s) dict_keys(['user_processing']) retrieved from /home/agalli/airflow/dags/user_processing.py
[2022-02-12 14:20:48,035] {logging_mixin.py:104} INFO - [2022-02-12 14:20:48,034] {dag.py:1832} INFO - Sync 1 DAGs
[2022-02-12 14:20:48,059] {logging_mixin.py:104} INFO - [2022-02-12 14:20:48,059] {dag.py:2305} INFO - Setting next_dagrun for user_processing to 2022-02-11 00:00:00+00:00
[2022-02-12 14:20:48,074] {scheduler_job.py:190} INFO - Processing /home/agalli/airflow/dags/user_processing.py took 0.786 seconds
[2022-02-12 14:21:18,741] {scheduler_job.py:182} INFO - Started process (PID=7407) to work on /home/agalli/airflow/dags/user_processing.py
[2022-02-12 14:21:18,743] {scheduler_job.py:633} INFO - Processing file /home/agalli/airflow/dags/user_processing.py for tasks to queue
[2022-02-12 14:21:18,744] {logging_mixin.py:104} INFO - [2022-02-12 14:21:18,744] {dagbag.py:487} INFO - Filling up the DagBag from /home/agalli/airflow/dags/user_processing.py
[2022-02-12 14:21:19,577] {logging_mixin.py:104} WARNING - /home/agalli/sandbox/lib/python3.6/site-packages/airflow/providers/sqlite/operators/sqlite.py:25 DeprecationWarning: This decorator is deprecated. 

In previous versions, all subclasses of BaseOperator must use apply_default decorator for the`default_args` feature to work properly.

In current version, it is optional. The decorator is applied automatically using the metaclass.
[2022-02-12 14:21:19,649] {scheduler_job.py:643} INFO - DAG(s) dict_keys(['user_processing']) retrieved from /home/agalli/airflow/dags/user_processing.py
[2022-02-12 14:21:19,677] {logging_mixin.py:104} INFO - [2022-02-12 14:21:19,677] {dag.py:1832} INFO - Sync 1 DAGs
[2022-02-12 14:21:19,697] {logging_mixin.py:104} INFO - [2022-02-12 14:21:19,697] {dag.py:2305} INFO - Setting next_dagrun for user_processing to 2022-02-11 00:00:00+00:00
[2022-02-12 14:21:19,708] {scheduler_job.py:190} INFO - Processing /home/agalli/airflow/dags/user_processing.py took 0.985 seconds
[2022-02-12 14:21:50,014] {scheduler_job.py:182} INFO - Started process (PID=7609) to work on /home/agalli/airflow/dags/user_processing.py
[2022-02-12 14:21:50,015] {scheduler_job.py:633} INFO - Processing file /home/agalli/airflow/dags/user_processing.py for tasks to queue
[2022-02-12 14:21:50,016] {logging_mixin.py:104} INFO - [2022-02-12 14:21:50,016] {dagbag.py:487} INFO - Filling up the DagBag from /home/agalli/airflow/dags/user_processing.py
[2022-02-12 14:21:50,696] {logging_mixin.py:104} WARNING - /home/agalli/sandbox/lib/python3.6/site-packages/airflow/providers/sqlite/operators/sqlite.py:25 DeprecationWarning: This decorator is deprecated. 

In previous versions, all subclasses of BaseOperator must use apply_default decorator for the`default_args` feature to work properly.

In current version, it is optional. The decorator is applied automatically using the metaclass.
[2022-02-12 14:21:50,758] {scheduler_job.py:643} INFO - DAG(s) dict_keys(['user_processing']) retrieved from /home/agalli/airflow/dags/user_processing.py
[2022-02-12 14:21:50,787] {logging_mixin.py:104} INFO - [2022-02-12 14:21:50,787] {dag.py:1832} INFO - Sync 1 DAGs
[2022-02-12 14:21:50,808] {logging_mixin.py:104} INFO - [2022-02-12 14:21:50,808] {dag.py:2305} INFO - Setting next_dagrun for user_processing to 2022-02-11 00:00:00+00:00
[2022-02-12 14:21:50,818] {scheduler_job.py:190} INFO - Processing /home/agalli/airflow/dags/user_processing.py took 0.808 seconds
[2022-02-12 14:22:20,876] {scheduler_job.py:182} INFO - Started process (PID=7821) to work on /home/agalli/airflow/dags/user_processing.py
[2022-02-12 14:22:20,878] {scheduler_job.py:633} INFO - Processing file /home/agalli/airflow/dags/user_processing.py for tasks to queue
[2022-02-12 14:22:20,880] {logging_mixin.py:104} INFO - [2022-02-12 14:22:20,879] {dagbag.py:487} INFO - Filling up the DagBag from /home/agalli/airflow/dags/user_processing.py
[2022-02-12 14:22:21,729] {logging_mixin.py:104} WARNING - /home/agalli/sandbox/lib/python3.6/site-packages/airflow/providers/sqlite/operators/sqlite.py:25 DeprecationWarning: This decorator is deprecated. 

In previous versions, all subclasses of BaseOperator must use apply_default decorator for the`default_args` feature to work properly.

In current version, it is optional. The decorator is applied automatically using the metaclass.
[2022-02-12 14:22:21,831] {scheduler_job.py:643} INFO - DAG(s) dict_keys(['user_processing']) retrieved from /home/agalli/airflow/dags/user_processing.py
[2022-02-12 14:22:21,903] {logging_mixin.py:104} INFO - [2022-02-12 14:22:21,902] {dag.py:1832} INFO - Sync 1 DAGs
[2022-02-12 14:22:21,953] {logging_mixin.py:104} INFO - [2022-02-12 14:22:21,953] {dag.py:2305} INFO - Setting next_dagrun for user_processing to 2022-02-11 00:00:00+00:00
[2022-02-12 14:22:21,982] {scheduler_job.py:190} INFO - Processing /home/agalli/airflow/dags/user_processing.py took 1.112 seconds
[2022-02-12 14:22:52,168] {scheduler_job.py:182} INFO - Started process (PID=8019) to work on /home/agalli/airflow/dags/user_processing.py
[2022-02-12 14:22:52,170] {scheduler_job.py:633} INFO - Processing file /home/agalli/airflow/dags/user_processing.py for tasks to queue
[2022-02-12 14:22:52,171] {logging_mixin.py:104} INFO - [2022-02-12 14:22:52,170] {dagbag.py:487} INFO - Filling up the DagBag from /home/agalli/airflow/dags/user_processing.py
[2022-02-12 14:22:52,737] {logging_mixin.py:104} WARNING - /home/agalli/sandbox/lib/python3.6/site-packages/airflow/providers/sqlite/operators/sqlite.py:25 DeprecationWarning: This decorator is deprecated. 

In previous versions, all subclasses of BaseOperator must use apply_default decorator for the`default_args` feature to work properly.

In current version, it is optional. The decorator is applied automatically using the metaclass.
[2022-02-12 14:22:52,813] {scheduler_job.py:643} INFO - DAG(s) dict_keys(['user_processing']) retrieved from /home/agalli/airflow/dags/user_processing.py
[2022-02-12 14:22:52,848] {logging_mixin.py:104} INFO - [2022-02-12 14:22:52,848] {dag.py:1832} INFO - Sync 1 DAGs
[2022-02-12 14:22:52,874] {logging_mixin.py:104} INFO - [2022-02-12 14:22:52,873] {dag.py:2305} INFO - Setting next_dagrun for user_processing to 2022-02-11 00:00:00+00:00
[2022-02-12 14:22:52,884] {scheduler_job.py:190} INFO - Processing /home/agalli/airflow/dags/user_processing.py took 0.720 seconds
[2022-02-12 14:23:23,081] {scheduler_job.py:182} INFO - Started process (PID=8233) to work on /home/agalli/airflow/dags/user_processing.py
[2022-02-12 14:23:23,082] {scheduler_job.py:633} INFO - Processing file /home/agalli/airflow/dags/user_processing.py for tasks to queue
[2022-02-12 14:23:23,083] {logging_mixin.py:104} INFO - [2022-02-12 14:23:23,083] {dagbag.py:487} INFO - Filling up the DagBag from /home/agalli/airflow/dags/user_processing.py
[2022-02-12 14:23:23,590] {logging_mixin.py:104} WARNING - /home/agalli/sandbox/lib/python3.6/site-packages/airflow/providers/sqlite/operators/sqlite.py:25 DeprecationWarning: This decorator is deprecated. 

In previous versions, all subclasses of BaseOperator must use apply_default decorator for the`default_args` feature to work properly.

In current version, it is optional. The decorator is applied automatically using the metaclass.
[2022-02-12 14:23:23,645] {scheduler_job.py:643} INFO - DAG(s) dict_keys(['user_processing']) retrieved from /home/agalli/airflow/dags/user_processing.py
[2022-02-12 14:23:23,673] {logging_mixin.py:104} INFO - [2022-02-12 14:23:23,673] {dag.py:1832} INFO - Sync 1 DAGs
[2022-02-12 14:23:23,700] {logging_mixin.py:104} INFO - [2022-02-12 14:23:23,700] {dag.py:2305} INFO - Setting next_dagrun for user_processing to 2022-02-11 00:00:00+00:00
[2022-02-12 14:23:23,715] {scheduler_job.py:190} INFO - Processing /home/agalli/airflow/dags/user_processing.py took 0.639 seconds
[2022-02-12 14:23:54,156] {scheduler_job.py:182} INFO - Started process (PID=8435) to work on /home/agalli/airflow/dags/user_processing.py
[2022-02-12 14:23:54,157] {scheduler_job.py:633} INFO - Processing file /home/agalli/airflow/dags/user_processing.py for tasks to queue
[2022-02-12 14:23:54,158] {logging_mixin.py:104} INFO - [2022-02-12 14:23:54,158] {dagbag.py:487} INFO - Filling up the DagBag from /home/agalli/airflow/dags/user_processing.py
[2022-02-12 14:23:54,613] {logging_mixin.py:104} WARNING - /home/agalli/sandbox/lib/python3.6/site-packages/airflow/providers/sqlite/operators/sqlite.py:25 DeprecationWarning: This decorator is deprecated. 

In previous versions, all subclasses of BaseOperator must use apply_default decorator for the`default_args` feature to work properly.

In current version, it is optional. The decorator is applied automatically using the metaclass.
[2022-02-12 14:23:54,682] {scheduler_job.py:643} INFO - DAG(s) dict_keys(['user_processing']) retrieved from /home/agalli/airflow/dags/user_processing.py
[2022-02-12 14:23:54,713] {logging_mixin.py:104} INFO - [2022-02-12 14:23:54,713] {dag.py:1832} INFO - Sync 1 DAGs
[2022-02-12 14:23:54,738] {logging_mixin.py:104} INFO - [2022-02-12 14:23:54,738] {dag.py:2305} INFO - Setting next_dagrun for user_processing to 2022-02-11 00:00:00+00:00
[2022-02-12 14:23:54,752] {scheduler_job.py:190} INFO - Processing /home/agalli/airflow/dags/user_processing.py took 0.599 seconds
[2022-02-12 14:24:24,881] {scheduler_job.py:182} INFO - Started process (PID=8637) to work on /home/agalli/airflow/dags/user_processing.py
[2022-02-12 14:24:24,883] {scheduler_job.py:633} INFO - Processing file /home/agalli/airflow/dags/user_processing.py for tasks to queue
[2022-02-12 14:24:24,884] {logging_mixin.py:104} INFO - [2022-02-12 14:24:24,884] {dagbag.py:487} INFO - Filling up the DagBag from /home/agalli/airflow/dags/user_processing.py
[2022-02-12 14:24:26,073] {logging_mixin.py:104} WARNING - /home/agalli/sandbox/lib/python3.6/site-packages/airflow/providers/sqlite/operators/sqlite.py:25 DeprecationWarning: This decorator is deprecated. 

In previous versions, all subclasses of BaseOperator must use apply_default decorator for the`default_args` feature to work properly.

In current version, it is optional. The decorator is applied automatically using the metaclass.
[2022-02-12 14:24:26,346] {scheduler_job.py:643} INFO - DAG(s) dict_keys(['user_processing']) retrieved from /home/agalli/airflow/dags/user_processing.py
[2022-02-12 14:24:26,493] {logging_mixin.py:104} INFO - [2022-02-12 14:24:26,493] {dag.py:1832} INFO - Sync 1 DAGs
[2022-02-12 14:24:26,552] {logging_mixin.py:104} INFO - [2022-02-12 14:24:26,552] {dag.py:2305} INFO - Setting next_dagrun for user_processing to 2022-02-11 00:00:00+00:00
[2022-02-12 14:24:26,583] {scheduler_job.py:190} INFO - Processing /home/agalli/airflow/dags/user_processing.py took 1.714 seconds
[2022-02-12 14:24:56,878] {scheduler_job.py:182} INFO - Started process (PID=8840) to work on /home/agalli/airflow/dags/user_processing.py
[2022-02-12 14:24:56,879] {scheduler_job.py:633} INFO - Processing file /home/agalli/airflow/dags/user_processing.py for tasks to queue
[2022-02-12 14:24:56,880] {logging_mixin.py:104} INFO - [2022-02-12 14:24:56,880] {dagbag.py:487} INFO - Filling up the DagBag from /home/agalli/airflow/dags/user_processing.py
[2022-02-12 14:24:57,727] {logging_mixin.py:104} WARNING - /home/agalli/sandbox/lib/python3.6/site-packages/airflow/providers/sqlite/operators/sqlite.py:25 DeprecationWarning: This decorator is deprecated. 

In previous versions, all subclasses of BaseOperator must use apply_default decorator for the`default_args` feature to work properly.

In current version, it is optional. The decorator is applied automatically using the metaclass.
[2022-02-12 14:24:57,817] {scheduler_job.py:643} INFO - DAG(s) dict_keys(['user_processing']) retrieved from /home/agalli/airflow/dags/user_processing.py
[2022-02-12 14:24:57,856] {logging_mixin.py:104} INFO - [2022-02-12 14:24:57,856] {dag.py:1832} INFO - Sync 1 DAGs
[2022-02-12 14:24:57,883] {logging_mixin.py:104} INFO - [2022-02-12 14:24:57,883] {dag.py:2305} INFO - Setting next_dagrun for user_processing to 2022-02-11 00:00:00+00:00
[2022-02-12 14:24:58,145] {scheduler_job.py:190} INFO - Processing /home/agalli/airflow/dags/user_processing.py took 1.275 seconds
[2022-02-12 14:25:28,745] {scheduler_job.py:182} INFO - Started process (PID=9162) to work on /home/agalli/airflow/dags/user_processing.py
[2022-02-12 14:25:28,747] {scheduler_job.py:633} INFO - Processing file /home/agalli/airflow/dags/user_processing.py for tasks to queue
[2022-02-12 14:25:28,748] {logging_mixin.py:104} INFO - [2022-02-12 14:25:28,748] {dagbag.py:487} INFO - Filling up the DagBag from /home/agalli/airflow/dags/user_processing.py
[2022-02-12 14:25:29,503] {logging_mixin.py:104} WARNING - /home/agalli/sandbox/lib/python3.6/site-packages/airflow/providers/sqlite/operators/sqlite.py:25 DeprecationWarning: This decorator is deprecated. 

In previous versions, all subclasses of BaseOperator must use apply_default decorator for the`default_args` feature to work properly.

In current version, it is optional. The decorator is applied automatically using the metaclass.
[2022-02-12 14:25:29,599] {scheduler_job.py:643} INFO - DAG(s) dict_keys(['user_processing']) retrieved from /home/agalli/airflow/dags/user_processing.py
[2022-02-12 14:25:29,637] {logging_mixin.py:104} INFO - [2022-02-12 14:25:29,637] {dag.py:1832} INFO - Sync 1 DAGs
[2022-02-12 14:25:29,663] {logging_mixin.py:104} INFO - [2022-02-12 14:25:29,663] {dag.py:2305} INFO - Setting next_dagrun for user_processing to 2022-02-11 00:00:00+00:00
[2022-02-12 14:25:29,678] {scheduler_job.py:190} INFO - Processing /home/agalli/airflow/dags/user_processing.py took 0.942 seconds
[2022-02-12 14:25:59,801] {scheduler_job.py:182} INFO - Started process (PID=9380) to work on /home/agalli/airflow/dags/user_processing.py
[2022-02-12 14:25:59,803] {scheduler_job.py:633} INFO - Processing file /home/agalli/airflow/dags/user_processing.py for tasks to queue
[2022-02-12 14:25:59,803] {logging_mixin.py:104} INFO - [2022-02-12 14:25:59,803] {dagbag.py:487} INFO - Filling up the DagBag from /home/agalli/airflow/dags/user_processing.py
[2022-02-12 14:26:00,606] {logging_mixin.py:104} WARNING - /home/agalli/sandbox/lib/python3.6/site-packages/airflow/providers/sqlite/operators/sqlite.py:25 DeprecationWarning: This decorator is deprecated. 

In previous versions, all subclasses of BaseOperator must use apply_default decorator for the`default_args` feature to work properly.

In current version, it is optional. The decorator is applied automatically using the metaclass.
[2022-02-12 14:26:00,693] {scheduler_job.py:643} INFO - DAG(s) dict_keys(['user_processing']) retrieved from /home/agalli/airflow/dags/user_processing.py
[2022-02-12 14:26:00,734] {logging_mixin.py:104} INFO - [2022-02-12 14:26:00,733] {dag.py:1832} INFO - Sync 1 DAGs
[2022-02-12 14:26:00,761] {logging_mixin.py:104} INFO - [2022-02-12 14:26:00,761] {dag.py:2305} INFO - Setting next_dagrun for user_processing to 2022-02-11 00:00:00+00:00
[2022-02-12 14:26:00,775] {scheduler_job.py:190} INFO - Processing /home/agalli/airflow/dags/user_processing.py took 0.979 seconds
[2022-02-12 14:26:31,577] {scheduler_job.py:182} INFO - Started process (PID=9596) to work on /home/agalli/airflow/dags/user_processing.py
[2022-02-12 14:26:31,578] {scheduler_job.py:633} INFO - Processing file /home/agalli/airflow/dags/user_processing.py for tasks to queue
[2022-02-12 14:26:31,579] {logging_mixin.py:104} INFO - [2022-02-12 14:26:31,579] {dagbag.py:487} INFO - Filling up the DagBag from /home/agalli/airflow/dags/user_processing.py
[2022-02-12 14:26:32,298] {logging_mixin.py:104} WARNING - /home/agalli/sandbox/lib/python3.6/site-packages/airflow/providers/sqlite/operators/sqlite.py:25 DeprecationWarning: This decorator is deprecated. 

In previous versions, all subclasses of BaseOperator must use apply_default decorator for the`default_args` feature to work properly.

In current version, it is optional. The decorator is applied automatically using the metaclass.
[2022-02-12 14:26:32,402] {scheduler_job.py:643} INFO - DAG(s) dict_keys(['user_processing']) retrieved from /home/agalli/airflow/dags/user_processing.py
[2022-02-12 14:26:32,442] {logging_mixin.py:104} INFO - [2022-02-12 14:26:32,442] {dag.py:1832} INFO - Sync 1 DAGs
[2022-02-12 14:26:32,479] {logging_mixin.py:104} INFO - [2022-02-12 14:26:32,478] {dag.py:2305} INFO - Setting next_dagrun for user_processing to 2022-02-11 00:00:00+00:00
[2022-02-12 14:26:32,495] {scheduler_job.py:190} INFO - Processing /home/agalli/airflow/dags/user_processing.py took 0.922 seconds
[2022-02-12 14:27:02,908] {scheduler_job.py:182} INFO - Started process (PID=9798) to work on /home/agalli/airflow/dags/user_processing.py
[2022-02-12 14:27:02,911] {scheduler_job.py:633} INFO - Processing file /home/agalli/airflow/dags/user_processing.py for tasks to queue
[2022-02-12 14:27:02,912] {logging_mixin.py:104} INFO - [2022-02-12 14:27:02,912] {dagbag.py:487} INFO - Filling up the DagBag from /home/agalli/airflow/dags/user_processing.py
[2022-02-12 14:27:03,541] {logging_mixin.py:104} WARNING - /home/agalli/sandbox/lib/python3.6/site-packages/airflow/providers/sqlite/operators/sqlite.py:25 DeprecationWarning: This decorator is deprecated. 

In previous versions, all subclasses of BaseOperator must use apply_default decorator for the`default_args` feature to work properly.

In current version, it is optional. The decorator is applied automatically using the metaclass.
[2022-02-12 14:27:03,613] {scheduler_job.py:643} INFO - DAG(s) dict_keys(['user_processing']) retrieved from /home/agalli/airflow/dags/user_processing.py
[2022-02-12 14:27:03,638] {logging_mixin.py:104} INFO - [2022-02-12 14:27:03,638] {dag.py:1832} INFO - Sync 1 DAGs
[2022-02-12 14:27:03,659] {logging_mixin.py:104} INFO - [2022-02-12 14:27:03,659] {dag.py:2305} INFO - Setting next_dagrun for user_processing to 2022-02-11 00:00:00+00:00
[2022-02-12 14:27:03,670] {scheduler_job.py:190} INFO - Processing /home/agalli/airflow/dags/user_processing.py took 0.769 seconds
[2022-02-12 14:27:33,807] {scheduler_job.py:182} INFO - Started process (PID=10000) to work on /home/agalli/airflow/dags/user_processing.py
[2022-02-12 14:27:33,809] {scheduler_job.py:633} INFO - Processing file /home/agalli/airflow/dags/user_processing.py for tasks to queue
[2022-02-12 14:27:33,810] {logging_mixin.py:104} INFO - [2022-02-12 14:27:33,810] {dagbag.py:487} INFO - Filling up the DagBag from /home/agalli/airflow/dags/user_processing.py
[2022-02-12 14:27:34,817] {logging_mixin.py:104} WARNING - /home/agalli/sandbox/lib/python3.6/site-packages/airflow/providers/sqlite/operators/sqlite.py:25 DeprecationWarning: This decorator is deprecated. 

In previous versions, all subclasses of BaseOperator must use apply_default decorator for the`default_args` feature to work properly.

In current version, it is optional. The decorator is applied automatically using the metaclass.
[2022-02-12 14:27:34,920] {scheduler_job.py:643} INFO - DAG(s) dict_keys(['user_processing']) retrieved from /home/agalli/airflow/dags/user_processing.py
[2022-02-12 14:27:34,962] {logging_mixin.py:104} INFO - [2022-02-12 14:27:34,961] {dag.py:1832} INFO - Sync 1 DAGs
[2022-02-12 14:27:34,995] {logging_mixin.py:104} INFO - [2022-02-12 14:27:34,995] {dag.py:2305} INFO - Setting next_dagrun for user_processing to 2022-02-11 00:00:00+00:00
[2022-02-12 14:27:35,009] {scheduler_job.py:190} INFO - Processing /home/agalli/airflow/dags/user_processing.py took 1.206 seconds
[2022-02-12 14:28:05,277] {scheduler_job.py:182} INFO - Started process (PID=10215) to work on /home/agalli/airflow/dags/user_processing.py
[2022-02-12 14:28:05,279] {scheduler_job.py:633} INFO - Processing file /home/agalli/airflow/dags/user_processing.py for tasks to queue
[2022-02-12 14:28:05,280] {logging_mixin.py:104} INFO - [2022-02-12 14:28:05,280] {dagbag.py:487} INFO - Filling up the DagBag from /home/agalli/airflow/dags/user_processing.py
[2022-02-12 14:28:05,919] {logging_mixin.py:104} WARNING - /home/agalli/sandbox/lib/python3.6/site-packages/airflow/providers/sqlite/operators/sqlite.py:25 DeprecationWarning: This decorator is deprecated. 

In previous versions, all subclasses of BaseOperator must use apply_default decorator for the`default_args` feature to work properly.

In current version, it is optional. The decorator is applied automatically using the metaclass.
[2022-02-12 14:28:05,974] {scheduler_job.py:643} INFO - DAG(s) dict_keys(['user_processing']) retrieved from /home/agalli/airflow/dags/user_processing.py
[2022-02-12 14:28:06,000] {logging_mixin.py:104} INFO - [2022-02-12 14:28:06,000] {dag.py:1832} INFO - Sync 1 DAGs
[2022-02-12 14:28:06,023] {logging_mixin.py:104} INFO - [2022-02-12 14:28:06,023] {dag.py:2305} INFO - Setting next_dagrun for user_processing to 2022-02-11 00:00:00+00:00
[2022-02-12 14:28:06,032] {scheduler_job.py:190} INFO - Processing /home/agalli/airflow/dags/user_processing.py took 0.760 seconds
[2022-02-12 14:28:36,108] {scheduler_job.py:182} INFO - Started process (PID=10445) to work on /home/agalli/airflow/dags/user_processing.py
[2022-02-12 14:28:36,109] {scheduler_job.py:633} INFO - Processing file /home/agalli/airflow/dags/user_processing.py for tasks to queue
[2022-02-12 14:28:36,110] {logging_mixin.py:104} INFO - [2022-02-12 14:28:36,110] {dagbag.py:487} INFO - Filling up the DagBag from /home/agalli/airflow/dags/user_processing.py
[2022-02-12 14:28:36,667] {logging_mixin.py:104} WARNING - /home/agalli/sandbox/lib/python3.6/site-packages/airflow/providers/sqlite/operators/sqlite.py:25 DeprecationWarning: This decorator is deprecated. 

In previous versions, all subclasses of BaseOperator must use apply_default decorator for the`default_args` feature to work properly.

In current version, it is optional. The decorator is applied automatically using the metaclass.
[2022-02-12 14:28:36,720] {scheduler_job.py:643} INFO - DAG(s) dict_keys(['user_processing']) retrieved from /home/agalli/airflow/dags/user_processing.py
[2022-02-12 14:28:36,749] {logging_mixin.py:104} INFO - [2022-02-12 14:28:36,749] {dag.py:1832} INFO - Sync 1 DAGs
[2022-02-12 14:28:36,768] {logging_mixin.py:104} INFO - [2022-02-12 14:28:36,768] {dag.py:2305} INFO - Setting next_dagrun for user_processing to 2022-02-11 00:00:00+00:00
[2022-02-12 14:28:36,782] {scheduler_job.py:190} INFO - Processing /home/agalli/airflow/dags/user_processing.py took 0.678 seconds
[2022-02-12 14:29:06,957] {scheduler_job.py:182} INFO - Started process (PID=10665) to work on /home/agalli/airflow/dags/user_processing.py
[2022-02-12 14:29:06,961] {scheduler_job.py:633} INFO - Processing file /home/agalli/airflow/dags/user_processing.py for tasks to queue
[2022-02-12 14:29:06,962] {logging_mixin.py:104} INFO - [2022-02-12 14:29:06,961] {dagbag.py:487} INFO - Filling up the DagBag from /home/agalli/airflow/dags/user_processing.py
[2022-02-12 14:29:07,550] {logging_mixin.py:104} WARNING - /home/agalli/sandbox/lib/python3.6/site-packages/airflow/providers/sqlite/operators/sqlite.py:25 DeprecationWarning: This decorator is deprecated. 

In previous versions, all subclasses of BaseOperator must use apply_default decorator for the`default_args` feature to work properly.

In current version, it is optional. The decorator is applied automatically using the metaclass.
[2022-02-12 14:29:07,619] {scheduler_job.py:643} INFO - DAG(s) dict_keys(['user_processing']) retrieved from /home/agalli/airflow/dags/user_processing.py
[2022-02-12 14:29:07,649] {logging_mixin.py:104} INFO - [2022-02-12 14:29:07,649] {dag.py:1832} INFO - Sync 1 DAGs
[2022-02-12 14:29:07,670] {logging_mixin.py:104} INFO - [2022-02-12 14:29:07,670] {dag.py:2305} INFO - Setting next_dagrun for user_processing to 2022-02-11 00:00:00+00:00
[2022-02-12 14:29:07,688] {scheduler_job.py:190} INFO - Processing /home/agalli/airflow/dags/user_processing.py took 0.737 seconds
[2022-02-12 14:29:38,304] {scheduler_job.py:182} INFO - Started process (PID=10869) to work on /home/agalli/airflow/dags/user_processing.py
[2022-02-12 14:29:38,306] {scheduler_job.py:633} INFO - Processing file /home/agalli/airflow/dags/user_processing.py for tasks to queue
[2022-02-12 14:29:38,307] {logging_mixin.py:104} INFO - [2022-02-12 14:29:38,306] {dagbag.py:487} INFO - Filling up the DagBag from /home/agalli/airflow/dags/user_processing.py
[2022-02-12 14:29:38,917] {logging_mixin.py:104} WARNING - /home/agalli/sandbox/lib/python3.6/site-packages/airflow/providers/sqlite/operators/sqlite.py:25 DeprecationWarning: This decorator is deprecated. 

In previous versions, all subclasses of BaseOperator must use apply_default decorator for the`default_args` feature to work properly.

In current version, it is optional. The decorator is applied automatically using the metaclass.
[2022-02-12 14:29:38,988] {scheduler_job.py:643} INFO - DAG(s) dict_keys(['user_processing']) retrieved from /home/agalli/airflow/dags/user_processing.py
[2022-02-12 14:29:39,015] {logging_mixin.py:104} INFO - [2022-02-12 14:29:39,015] {dag.py:1832} INFO - Sync 1 DAGs
[2022-02-12 14:29:39,042] {logging_mixin.py:104} INFO - [2022-02-12 14:29:39,041] {dag.py:2305} INFO - Setting next_dagrun for user_processing to 2022-02-11 00:00:00+00:00
[2022-02-12 14:29:39,058] {scheduler_job.py:190} INFO - Processing /home/agalli/airflow/dags/user_processing.py took 0.759 seconds
[2022-02-12 14:30:09,316] {scheduler_job.py:182} INFO - Started process (PID=11071) to work on /home/agalli/airflow/dags/user_processing.py
[2022-02-12 14:30:09,318] {scheduler_job.py:633} INFO - Processing file /home/agalli/airflow/dags/user_processing.py for tasks to queue
[2022-02-12 14:30:09,319] {logging_mixin.py:104} INFO - [2022-02-12 14:30:09,319] {dagbag.py:487} INFO - Filling up the DagBag from /home/agalli/airflow/dags/user_processing.py
[2022-02-12 14:30:10,241] {logging_mixin.py:104} WARNING - /home/agalli/sandbox/lib/python3.6/site-packages/airflow/providers/sqlite/operators/sqlite.py:25 DeprecationWarning: This decorator is deprecated. 

In previous versions, all subclasses of BaseOperator must use apply_default decorator for the`default_args` feature to work properly.

In current version, it is optional. The decorator is applied automatically using the metaclass.
[2022-02-12 14:30:10,333] {scheduler_job.py:643} INFO - DAG(s) dict_keys(['user_processing']) retrieved from /home/agalli/airflow/dags/user_processing.py
[2022-02-12 14:30:10,369] {logging_mixin.py:104} INFO - [2022-02-12 14:30:10,369] {dag.py:1832} INFO - Sync 1 DAGs
[2022-02-12 14:30:10,396] {logging_mixin.py:104} INFO - [2022-02-12 14:30:10,396] {dag.py:2305} INFO - Setting next_dagrun for user_processing to 2022-02-11 00:00:00+00:00
[2022-02-12 14:30:10,409] {scheduler_job.py:190} INFO - Processing /home/agalli/airflow/dags/user_processing.py took 1.098 seconds
[2022-02-12 14:51:55,601] {scheduler_job.py:182} INFO - Started process (PID=14388) to work on /home/agalli/airflow/dags/user_processing.py
[2022-02-12 14:51:55,678] {scheduler_job.py:633} INFO - Processing file /home/agalli/airflow/dags/user_processing.py for tasks to queue
[2022-02-12 14:51:55,680] {logging_mixin.py:104} INFO - [2022-02-12 14:51:55,679] {dagbag.py:487} INFO - Filling up the DagBag from /home/agalli/airflow/dags/user_processing.py
[2022-02-12 14:52:00,823] {logging_mixin.py:104} WARNING - /home/agalli/sandbox/lib/python3.6/site-packages/airflow/providers/sqlite/operators/sqlite.py:25 DeprecationWarning: This decorator is deprecated. 

In previous versions, all subclasses of BaseOperator must use apply_default decorator for the`default_args` feature to work properly.

In current version, it is optional. The decorator is applied automatically using the metaclass.
[2022-02-12 14:52:01,802] {scheduler_job.py:643} INFO - DAG(s) dict_keys(['user_processing']) retrieved from /home/agalli/airflow/dags/user_processing.py
[2022-02-12 14:52:02,102] {logging_mixin.py:104} INFO - [2022-02-12 14:52:02,101] {dag.py:1832} INFO - Sync 1 DAGs
[2022-02-12 14:52:02,275] {logging_mixin.py:104} INFO - [2022-02-12 14:52:02,275] {dag.py:2305} INFO - Setting next_dagrun for user_processing to 2022-02-11 00:00:00+00:00
[2022-02-12 14:52:02,388] {scheduler_job.py:190} INFO - Processing /home/agalli/airflow/dags/user_processing.py took 6.875 seconds
[2022-02-12 14:52:32,675] {scheduler_job.py:182} INFO - Started process (PID=14513) to work on /home/agalli/airflow/dags/user_processing.py
[2022-02-12 14:52:32,678] {scheduler_job.py:633} INFO - Processing file /home/agalli/airflow/dags/user_processing.py for tasks to queue
[2022-02-12 14:52:32,679] {logging_mixin.py:104} INFO - [2022-02-12 14:52:32,679] {dagbag.py:487} INFO - Filling up the DagBag from /home/agalli/airflow/dags/user_processing.py
[2022-02-12 14:52:34,272] {logging_mixin.py:104} WARNING - /home/agalli/sandbox/lib/python3.6/site-packages/airflow/providers/sqlite/operators/sqlite.py:25 DeprecationWarning: This decorator is deprecated. 

In previous versions, all subclasses of BaseOperator must use apply_default decorator for the`default_args` feature to work properly.

In current version, it is optional. The decorator is applied automatically using the metaclass.
[2022-02-12 14:52:34,557] {scheduler_job.py:643} INFO - DAG(s) dict_keys(['user_processing']) retrieved from /home/agalli/airflow/dags/user_processing.py
[2022-02-12 14:52:34,709] {logging_mixin.py:104} INFO - [2022-02-12 14:52:34,708] {dag.py:1832} INFO - Sync 1 DAGs
[2022-02-12 14:52:34,855] {logging_mixin.py:104} INFO - [2022-02-12 14:52:34,855] {dag.py:2305} INFO - Setting next_dagrun for user_processing to 2022-02-11 00:00:00+00:00
[2022-02-12 14:52:34,903] {scheduler_job.py:190} INFO - Processing /home/agalli/airflow/dags/user_processing.py took 2.235 seconds
[2022-02-12 14:53:05,339] {scheduler_job.py:182} INFO - Started process (PID=14767) to work on /home/agalli/airflow/dags/user_processing.py
[2022-02-12 14:53:05,341] {scheduler_job.py:633} INFO - Processing file /home/agalli/airflow/dags/user_processing.py for tasks to queue
[2022-02-12 14:53:05,342] {logging_mixin.py:104} INFO - [2022-02-12 14:53:05,342] {dagbag.py:487} INFO - Filling up the DagBag from /home/agalli/airflow/dags/user_processing.py
[2022-02-12 14:53:06,152] {logging_mixin.py:104} WARNING - /home/agalli/sandbox/lib/python3.6/site-packages/airflow/providers/sqlite/operators/sqlite.py:25 DeprecationWarning: This decorator is deprecated. 

In previous versions, all subclasses of BaseOperator must use apply_default decorator for the`default_args` feature to work properly.

In current version, it is optional. The decorator is applied automatically using the metaclass.
[2022-02-12 14:53:06,234] {scheduler_job.py:643} INFO - DAG(s) dict_keys(['user_processing']) retrieved from /home/agalli/airflow/dags/user_processing.py
[2022-02-12 14:53:06,265] {logging_mixin.py:104} INFO - [2022-02-12 14:53:06,265] {dag.py:1832} INFO - Sync 1 DAGs
[2022-02-12 14:53:06,291] {logging_mixin.py:104} INFO - [2022-02-12 14:53:06,291] {dag.py:2305} INFO - Setting next_dagrun for user_processing to 2022-02-11 00:00:00+00:00
[2022-02-12 14:53:06,306] {scheduler_job.py:190} INFO - Processing /home/agalli/airflow/dags/user_processing.py took 0.972 seconds
[2022-02-12 14:53:36,505] {scheduler_job.py:182} INFO - Started process (PID=15403) to work on /home/agalli/airflow/dags/user_processing.py
[2022-02-12 14:53:36,506] {scheduler_job.py:633} INFO - Processing file /home/agalli/airflow/dags/user_processing.py for tasks to queue
[2022-02-12 14:53:36,507] {logging_mixin.py:104} INFO - [2022-02-12 14:53:36,507] {dagbag.py:487} INFO - Filling up the DagBag from /home/agalli/airflow/dags/user_processing.py
[2022-02-12 14:53:38,702] {logging_mixin.py:104} WARNING - /home/agalli/sandbox/lib/python3.6/site-packages/airflow/providers/sqlite/operators/sqlite.py:25 DeprecationWarning: This decorator is deprecated. 

In previous versions, all subclasses of BaseOperator must use apply_default decorator for the`default_args` feature to work properly.

In current version, it is optional. The decorator is applied automatically using the metaclass.
[2022-02-12 14:53:38,919] {scheduler_job.py:643} INFO - DAG(s) dict_keys(['user_processing']) retrieved from /home/agalli/airflow/dags/user_processing.py
[2022-02-12 14:53:38,973] {logging_mixin.py:104} INFO - [2022-02-12 14:53:38,973] {dag.py:1832} INFO - Sync 1 DAGs
[2022-02-12 14:53:39,014] {logging_mixin.py:104} INFO - [2022-02-12 14:53:39,014] {dag.py:2305} INFO - Setting next_dagrun for user_processing to 2022-02-11 00:00:00+00:00
[2022-02-12 14:53:39,037] {scheduler_job.py:190} INFO - Processing /home/agalli/airflow/dags/user_processing.py took 2.548 seconds
[2022-02-12 14:54:09,978] {scheduler_job.py:182} INFO - Started process (PID=15786) to work on /home/agalli/airflow/dags/user_processing.py
[2022-02-12 14:54:09,979] {scheduler_job.py:633} INFO - Processing file /home/agalli/airflow/dags/user_processing.py for tasks to queue
[2022-02-12 14:54:09,980] {logging_mixin.py:104} INFO - [2022-02-12 14:54:09,980] {dagbag.py:487} INFO - Filling up the DagBag from /home/agalli/airflow/dags/user_processing.py
[2022-02-12 14:54:10,726] {logging_mixin.py:104} WARNING - /home/agalli/sandbox/lib/python3.6/site-packages/airflow/providers/sqlite/operators/sqlite.py:25 DeprecationWarning: This decorator is deprecated. 

In previous versions, all subclasses of BaseOperator must use apply_default decorator for the`default_args` feature to work properly.

In current version, it is optional. The decorator is applied automatically using the metaclass.
[2022-02-12 14:54:10,825] {scheduler_job.py:643} INFO - DAG(s) dict_keys(['user_processing']) retrieved from /home/agalli/airflow/dags/user_processing.py
[2022-02-12 14:54:10,864] {logging_mixin.py:104} INFO - [2022-02-12 14:54:10,863] {dag.py:1832} INFO - Sync 1 DAGs
[2022-02-12 14:54:10,888] {logging_mixin.py:104} INFO - [2022-02-12 14:54:10,888] {dag.py:2305} INFO - Setting next_dagrun for user_processing to 2022-02-11 00:00:00+00:00
[2022-02-12 14:54:10,899] {scheduler_job.py:190} INFO - Processing /home/agalli/airflow/dags/user_processing.py took 0.924 seconds
[2022-02-12 14:54:41,427] {scheduler_job.py:182} INFO - Started process (PID=15856) to work on /home/agalli/airflow/dags/user_processing.py
[2022-02-12 14:54:41,428] {scheduler_job.py:633} INFO - Processing file /home/agalli/airflow/dags/user_processing.py for tasks to queue
[2022-02-12 14:54:41,428] {logging_mixin.py:104} INFO - [2022-02-12 14:54:41,428] {dagbag.py:487} INFO - Filling up the DagBag from /home/agalli/airflow/dags/user_processing.py
[2022-02-12 14:54:41,971] {logging_mixin.py:104} WARNING - /home/agalli/sandbox/lib/python3.6/site-packages/airflow/providers/sqlite/operators/sqlite.py:25 DeprecationWarning: This decorator is deprecated. 

In previous versions, all subclasses of BaseOperator must use apply_default decorator for the`default_args` feature to work properly.

In current version, it is optional. The decorator is applied automatically using the metaclass.
[2022-02-12 14:54:42,021] {scheduler_job.py:643} INFO - DAG(s) dict_keys(['user_processing']) retrieved from /home/agalli/airflow/dags/user_processing.py
[2022-02-12 14:54:42,042] {logging_mixin.py:104} INFO - [2022-02-12 14:54:42,042] {dag.py:1832} INFO - Sync 1 DAGs
[2022-02-12 14:54:42,059] {logging_mixin.py:104} INFO - [2022-02-12 14:54:42,059] {dag.py:2305} INFO - Setting next_dagrun for user_processing to 2022-02-11 00:00:00+00:00
[2022-02-12 14:54:42,069] {scheduler_job.py:190} INFO - Processing /home/agalli/airflow/dags/user_processing.py took 0.645 seconds
[2022-02-12 14:55:12,573] {scheduler_job.py:182} INFO - Started process (PID=15994) to work on /home/agalli/airflow/dags/user_processing.py
[2022-02-12 14:55:12,574] {scheduler_job.py:633} INFO - Processing file /home/agalli/airflow/dags/user_processing.py for tasks to queue
[2022-02-12 14:55:12,575] {logging_mixin.py:104} INFO - [2022-02-12 14:55:12,575] {dagbag.py:487} INFO - Filling up the DagBag from /home/agalli/airflow/dags/user_processing.py
[2022-02-12 14:55:13,050] {logging_mixin.py:104} WARNING - /home/agalli/sandbox/lib/python3.6/site-packages/airflow/providers/sqlite/operators/sqlite.py:25 DeprecationWarning: This decorator is deprecated. 

In previous versions, all subclasses of BaseOperator must use apply_default decorator for the`default_args` feature to work properly.

In current version, it is optional. The decorator is applied automatically using the metaclass.
[2022-02-12 14:55:13,096] {scheduler_job.py:643} INFO - DAG(s) dict_keys(['user_processing']) retrieved from /home/agalli/airflow/dags/user_processing.py
[2022-02-12 14:55:13,122] {logging_mixin.py:104} INFO - [2022-02-12 14:55:13,121] {dag.py:1832} INFO - Sync 1 DAGs
[2022-02-12 14:55:13,139] {logging_mixin.py:104} INFO - [2022-02-12 14:55:13,139] {dag.py:2305} INFO - Setting next_dagrun for user_processing to 2022-02-11 00:00:00+00:00
[2022-02-12 14:55:13,152] {scheduler_job.py:190} INFO - Processing /home/agalli/airflow/dags/user_processing.py took 0.582 seconds
[2022-02-12 14:56:32,582] {scheduler_job.py:182} INFO - Started process (PID=16324) to work on /home/agalli/airflow/dags/user_processing.py
[2022-02-12 14:56:32,586] {scheduler_job.py:633} INFO - Processing file /home/agalli/airflow/dags/user_processing.py for tasks to queue
[2022-02-12 14:56:32,589] {logging_mixin.py:104} INFO - [2022-02-12 14:56:32,589] {dagbag.py:487} INFO - Filling up the DagBag from /home/agalli/airflow/dags/user_processing.py
[2022-02-12 14:56:34,693] {logging_mixin.py:104} WARNING - /home/agalli/sandbox/lib/python3.6/site-packages/airflow/providers/sqlite/operators/sqlite.py:25 DeprecationWarning: This decorator is deprecated. 

In previous versions, all subclasses of BaseOperator must use apply_default decorator for the`default_args` feature to work properly.

In current version, it is optional. The decorator is applied automatically using the metaclass.
[2022-02-12 14:56:35,027] {scheduler_job.py:643} INFO - DAG(s) dict_keys(['user_processing']) retrieved from /home/agalli/airflow/dags/user_processing.py
[2022-02-12 14:56:35,146] {logging_mixin.py:104} INFO - [2022-02-12 14:56:35,146] {dag.py:1832} INFO - Sync 1 DAGs
[2022-02-12 14:56:35,240] {logging_mixin.py:104} INFO - [2022-02-12 14:56:35,239] {dag.py:2305} INFO - Setting next_dagrun for user_processing to 2022-02-11 00:00:00+00:00
[2022-02-12 14:56:35,268] {scheduler_job.py:190} INFO - Processing /home/agalli/airflow/dags/user_processing.py took 2.743 seconds
[2022-02-12 14:57:05,459] {scheduler_job.py:182} INFO - Started process (PID=16437) to work on /home/agalli/airflow/dags/user_processing.py
[2022-02-12 14:57:05,461] {scheduler_job.py:633} INFO - Processing file /home/agalli/airflow/dags/user_processing.py for tasks to queue
[2022-02-12 14:57:05,461] {logging_mixin.py:104} INFO - [2022-02-12 14:57:05,461] {dagbag.py:487} INFO - Filling up the DagBag from /home/agalli/airflow/dags/user_processing.py
[2022-02-12 14:57:06,163] {logging_mixin.py:104} WARNING - /home/agalli/sandbox/lib/python3.6/site-packages/airflow/providers/sqlite/operators/sqlite.py:25 DeprecationWarning: This decorator is deprecated. 

In previous versions, all subclasses of BaseOperator must use apply_default decorator for the`default_args` feature to work properly.

In current version, it is optional. The decorator is applied automatically using the metaclass.
[2022-02-12 14:57:06,234] {scheduler_job.py:643} INFO - DAG(s) dict_keys(['user_processing']) retrieved from /home/agalli/airflow/dags/user_processing.py
[2022-02-12 14:57:06,256] {logging_mixin.py:104} INFO - [2022-02-12 14:57:06,256] {dag.py:1832} INFO - Sync 1 DAGs
[2022-02-12 14:57:06,274] {logging_mixin.py:104} INFO - [2022-02-12 14:57:06,274] {dag.py:2305} INFO - Setting next_dagrun for user_processing to 2022-02-11 00:00:00+00:00
[2022-02-12 14:57:06,286] {scheduler_job.py:190} INFO - Processing /home/agalli/airflow/dags/user_processing.py took 0.832 seconds
[2022-02-12 14:57:36,580] {scheduler_job.py:182} INFO - Started process (PID=16655) to work on /home/agalli/airflow/dags/user_processing.py
[2022-02-12 14:57:36,581] {scheduler_job.py:633} INFO - Processing file /home/agalli/airflow/dags/user_processing.py for tasks to queue
[2022-02-12 14:57:36,582] {logging_mixin.py:104} INFO - [2022-02-12 14:57:36,582] {dagbag.py:487} INFO - Filling up the DagBag from /home/agalli/airflow/dags/user_processing.py
[2022-02-12 14:57:37,100] {logging_mixin.py:104} WARNING - /home/agalli/sandbox/lib/python3.6/site-packages/airflow/providers/sqlite/operators/sqlite.py:25 DeprecationWarning: This decorator is deprecated. 

In previous versions, all subclasses of BaseOperator must use apply_default decorator for the`default_args` feature to work properly.

In current version, it is optional. The decorator is applied automatically using the metaclass.
[2022-02-12 14:57:37,160] {scheduler_job.py:643} INFO - DAG(s) dict_keys(['user_processing']) retrieved from /home/agalli/airflow/dags/user_processing.py
[2022-02-12 14:57:37,190] {logging_mixin.py:104} INFO - [2022-02-12 14:57:37,190] {dag.py:1832} INFO - Sync 1 DAGs
[2022-02-12 14:57:37,207] {logging_mixin.py:104} INFO - [2022-02-12 14:57:37,207] {dag.py:2305} INFO - Setting next_dagrun for user_processing to 2022-02-11 00:00:00+00:00
[2022-02-12 14:57:37,217] {scheduler_job.py:190} INFO - Processing /home/agalli/airflow/dags/user_processing.py took 0.640 seconds
[2022-02-12 14:58:07,308] {scheduler_job.py:182} INFO - Started process (PID=16733) to work on /home/agalli/airflow/dags/user_processing.py
[2022-02-12 14:58:07,309] {scheduler_job.py:633} INFO - Processing file /home/agalli/airflow/dags/user_processing.py for tasks to queue
[2022-02-12 14:58:07,310] {logging_mixin.py:104} INFO - [2022-02-12 14:58:07,309] {dagbag.py:487} INFO - Filling up the DagBag from /home/agalli/airflow/dags/user_processing.py
[2022-02-12 14:58:07,747] {logging_mixin.py:104} WARNING - /home/agalli/sandbox/lib/python3.6/site-packages/airflow/providers/sqlite/operators/sqlite.py:25 DeprecationWarning: This decorator is deprecated. 

In previous versions, all subclasses of BaseOperator must use apply_default decorator for the`default_args` feature to work properly.

In current version, it is optional. The decorator is applied automatically using the metaclass.
[2022-02-12 14:58:07,791] {scheduler_job.py:643} INFO - DAG(s) dict_keys(['user_processing']) retrieved from /home/agalli/airflow/dags/user_processing.py
[2022-02-12 14:58:07,816] {logging_mixin.py:104} INFO - [2022-02-12 14:58:07,816] {dag.py:1832} INFO - Sync 1 DAGs
[2022-02-12 14:58:07,833] {logging_mixin.py:104} INFO - [2022-02-12 14:58:07,833] {dag.py:2305} INFO - Setting next_dagrun for user_processing to 2022-02-11 00:00:00+00:00
[2022-02-12 14:58:07,846] {scheduler_job.py:190} INFO - Processing /home/agalli/airflow/dags/user_processing.py took 0.542 seconds
[2022-02-12 14:58:37,876] {scheduler_job.py:182} INFO - Started process (PID=16803) to work on /home/agalli/airflow/dags/user_processing.py
[2022-02-12 14:58:37,877] {scheduler_job.py:633} INFO - Processing file /home/agalli/airflow/dags/user_processing.py for tasks to queue
[2022-02-12 14:58:37,878] {logging_mixin.py:104} INFO - [2022-02-12 14:58:37,878] {dagbag.py:487} INFO - Filling up the DagBag from /home/agalli/airflow/dags/user_processing.py
[2022-02-12 14:58:38,417] {logging_mixin.py:104} WARNING - /home/agalli/sandbox/lib/python3.6/site-packages/airflow/providers/sqlite/operators/sqlite.py:25 DeprecationWarning: This decorator is deprecated. 

In previous versions, all subclasses of BaseOperator must use apply_default decorator for the`default_args` feature to work properly.

In current version, it is optional. The decorator is applied automatically using the metaclass.
[2022-02-12 14:58:38,475] {scheduler_job.py:643} INFO - DAG(s) dict_keys(['user_processing']) retrieved from /home/agalli/airflow/dags/user_processing.py
[2022-02-12 14:58:38,501] {logging_mixin.py:104} INFO - [2022-02-12 14:58:38,501] {dag.py:1832} INFO - Sync 1 DAGs
[2022-02-12 14:58:38,525] {logging_mixin.py:104} INFO - [2022-02-12 14:58:38,525] {dag.py:2305} INFO - Setting next_dagrun for user_processing to 2022-02-11 00:00:00+00:00
[2022-02-12 14:58:38,542] {scheduler_job.py:190} INFO - Processing /home/agalli/airflow/dags/user_processing.py took 0.673 seconds
[2022-02-12 14:59:09,454] {scheduler_job.py:182} INFO - Started process (PID=16873) to work on /home/agalli/airflow/dags/user_processing.py
[2022-02-12 14:59:09,455] {scheduler_job.py:633} INFO - Processing file /home/agalli/airflow/dags/user_processing.py for tasks to queue
[2022-02-12 14:59:09,456] {logging_mixin.py:104} INFO - [2022-02-12 14:59:09,456] {dagbag.py:487} INFO - Filling up the DagBag from /home/agalli/airflow/dags/user_processing.py
[2022-02-12 14:59:10,045] {logging_mixin.py:104} WARNING - /home/agalli/sandbox/lib/python3.6/site-packages/airflow/providers/sqlite/operators/sqlite.py:25 DeprecationWarning: This decorator is deprecated. 

In previous versions, all subclasses of BaseOperator must use apply_default decorator for the`default_args` feature to work properly.

In current version, it is optional. The decorator is applied automatically using the metaclass.
[2022-02-12 14:59:10,121] {scheduler_job.py:643} INFO - DAG(s) dict_keys(['user_processing']) retrieved from /home/agalli/airflow/dags/user_processing.py
[2022-02-12 14:59:10,152] {logging_mixin.py:104} INFO - [2022-02-12 14:59:10,152] {dag.py:1832} INFO - Sync 1 DAGs
[2022-02-12 14:59:10,177] {logging_mixin.py:104} INFO - [2022-02-12 14:59:10,176] {dag.py:2305} INFO - Setting next_dagrun for user_processing to 2022-02-11 00:00:00+00:00
[2022-02-12 14:59:10,188] {scheduler_job.py:190} INFO - Processing /home/agalli/airflow/dags/user_processing.py took 0.741 seconds
[2022-02-12 14:59:40,634] {scheduler_job.py:182} INFO - Started process (PID=16945) to work on /home/agalli/airflow/dags/user_processing.py
[2022-02-12 14:59:40,635] {scheduler_job.py:633} INFO - Processing file /home/agalli/airflow/dags/user_processing.py for tasks to queue
[2022-02-12 14:59:40,637] {logging_mixin.py:104} INFO - [2022-02-12 14:59:40,636] {dagbag.py:487} INFO - Filling up the DagBag from /home/agalli/airflow/dags/user_processing.py
[2022-02-12 14:59:41,468] {logging_mixin.py:104} WARNING - /home/agalli/sandbox/lib/python3.6/site-packages/airflow/providers/sqlite/operators/sqlite.py:25 DeprecationWarning: This decorator is deprecated. 

In previous versions, all subclasses of BaseOperator must use apply_default decorator for the`default_args` feature to work properly.

In current version, it is optional. The decorator is applied automatically using the metaclass.
[2022-02-12 14:59:41,540] {scheduler_job.py:643} INFO - DAG(s) dict_keys(['user_processing']) retrieved from /home/agalli/airflow/dags/user_processing.py
[2022-02-12 14:59:41,568] {logging_mixin.py:104} INFO - [2022-02-12 14:59:41,568] {dag.py:1832} INFO - Sync 1 DAGs
[2022-02-12 14:59:41,590] {logging_mixin.py:104} INFO - [2022-02-12 14:59:41,590] {dag.py:2305} INFO - Setting next_dagrun for user_processing to 2022-02-11 00:00:00+00:00
[2022-02-12 14:59:41,600] {scheduler_job.py:190} INFO - Processing /home/agalli/airflow/dags/user_processing.py took 0.972 seconds
[2022-02-12 15:00:12,039] {scheduler_job.py:182} INFO - Started process (PID=17015) to work on /home/agalli/airflow/dags/user_processing.py
[2022-02-12 15:00:12,041] {scheduler_job.py:633} INFO - Processing file /home/agalli/airflow/dags/user_processing.py for tasks to queue
[2022-02-12 15:00:12,042] {logging_mixin.py:104} INFO - [2022-02-12 15:00:12,042] {dagbag.py:487} INFO - Filling up the DagBag from /home/agalli/airflow/dags/user_processing.py
[2022-02-12 15:00:12,814] {logging_mixin.py:104} WARNING - /home/agalli/sandbox/lib/python3.6/site-packages/airflow/providers/sqlite/operators/sqlite.py:25 DeprecationWarning: This decorator is deprecated. 

In previous versions, all subclasses of BaseOperator must use apply_default decorator for the`default_args` feature to work properly.

In current version, it is optional. The decorator is applied automatically using the metaclass.
[2022-02-12 15:00:12,883] {scheduler_job.py:643} INFO - DAG(s) dict_keys(['user_processing']) retrieved from /home/agalli/airflow/dags/user_processing.py
[2022-02-12 15:00:12,918] {logging_mixin.py:104} INFO - [2022-02-12 15:00:12,918] {dag.py:1832} INFO - Sync 1 DAGs
[2022-02-12 15:00:12,940] {logging_mixin.py:104} INFO - [2022-02-12 15:00:12,940] {dag.py:2305} INFO - Setting next_dagrun for user_processing to 2022-02-11 00:00:00+00:00
[2022-02-12 15:00:12,957] {scheduler_job.py:190} INFO - Processing /home/agalli/airflow/dags/user_processing.py took 0.921 seconds
[2022-02-12 15:00:34,771] {scheduler_job.py:182} INFO - Started process (PID=17350) to work on /home/agalli/airflow/dags/user_processing.py
[2022-02-12 15:00:34,776] {scheduler_job.py:633} INFO - Processing file /home/agalli/airflow/dags/user_processing.py for tasks to queue
[2022-02-12 15:00:34,782] {logging_mixin.py:104} INFO - [2022-02-12 15:00:34,782] {dagbag.py:487} INFO - Filling up the DagBag from /home/agalli/airflow/dags/user_processing.py
[2022-02-12 15:00:36,228] {logging_mixin.py:104} WARNING - /home/agalli/sandbox/lib/python3.6/site-packages/airflow/providers/sqlite/operators/sqlite.py:25 DeprecationWarning: This decorator is deprecated. 

In previous versions, all subclasses of BaseOperator must use apply_default decorator for the`default_args` feature to work properly.

In current version, it is optional. The decorator is applied automatically using the metaclass.
[2022-02-12 15:00:36,415] {scheduler_job.py:643} INFO - DAG(s) dict_keys(['user_processing']) retrieved from /home/agalli/airflow/dags/user_processing.py
[2022-02-12 15:00:36,513] {logging_mixin.py:104} INFO - [2022-02-12 15:00:36,512] {dag.py:1832} INFO - Sync 1 DAGs
[2022-02-12 15:00:36,610] {logging_mixin.py:104} INFO - [2022-02-12 15:00:36,609] {dag.py:2305} INFO - Setting next_dagrun for user_processing to 2022-02-11 00:00:00+00:00
[2022-02-12 15:00:36,787] {scheduler_job.py:190} INFO - Processing /home/agalli/airflow/dags/user_processing.py took 2.033 seconds
[2022-02-12 15:01:06,975] {scheduler_job.py:182} INFO - Started process (PID=17831) to work on /home/agalli/airflow/dags/user_processing.py
[2022-02-12 15:01:06,978] {scheduler_job.py:633} INFO - Processing file /home/agalli/airflow/dags/user_processing.py for tasks to queue
[2022-02-12 15:01:06,982] {logging_mixin.py:104} INFO - [2022-02-12 15:01:06,981] {dagbag.py:487} INFO - Filling up the DagBag from /home/agalli/airflow/dags/user_processing.py
[2022-02-12 15:01:07,757] {logging_mixin.py:104} WARNING - /home/agalli/sandbox/lib/python3.6/site-packages/airflow/providers/sqlite/operators/sqlite.py:25 DeprecationWarning: This decorator is deprecated. 

In previous versions, all subclasses of BaseOperator must use apply_default decorator for the`default_args` feature to work properly.

In current version, it is optional. The decorator is applied automatically using the metaclass.
[2022-02-12 15:01:07,838] {scheduler_job.py:643} INFO - DAG(s) dict_keys(['user_processing']) retrieved from /home/agalli/airflow/dags/user_processing.py
[2022-02-12 15:01:07,870] {logging_mixin.py:104} INFO - [2022-02-12 15:01:07,870] {dag.py:1832} INFO - Sync 1 DAGs
[2022-02-12 15:01:07,892] {logging_mixin.py:104} INFO - [2022-02-12 15:01:07,892] {dag.py:2305} INFO - Setting next_dagrun for user_processing to 2022-02-11 00:00:00+00:00
[2022-02-12 15:01:07,906] {scheduler_job.py:190} INFO - Processing /home/agalli/airflow/dags/user_processing.py took 0.959 seconds
[2022-02-12 15:01:37,960] {scheduler_job.py:182} INFO - Started process (PID=18065) to work on /home/agalli/airflow/dags/user_processing.py
[2022-02-12 15:01:37,961] {scheduler_job.py:633} INFO - Processing file /home/agalli/airflow/dags/user_processing.py for tasks to queue
[2022-02-12 15:01:37,962] {logging_mixin.py:104} INFO - [2022-02-12 15:01:37,962] {dagbag.py:487} INFO - Filling up the DagBag from /home/agalli/airflow/dags/user_processing.py
[2022-02-12 15:01:39,160] {logging_mixin.py:104} WARNING - /home/agalli/sandbox/lib/python3.6/site-packages/airflow/providers/sqlite/operators/sqlite.py:25 DeprecationWarning: This decorator is deprecated. 

In previous versions, all subclasses of BaseOperator must use apply_default decorator for the`default_args` feature to work properly.

In current version, it is optional. The decorator is applied automatically using the metaclass.
[2022-02-12 15:01:39,295] {scheduler_job.py:643} INFO - DAG(s) dict_keys(['user_processing']) retrieved from /home/agalli/airflow/dags/user_processing.py
[2022-02-12 15:01:39,341] {logging_mixin.py:104} INFO - [2022-02-12 15:01:39,341] {dag.py:1832} INFO - Sync 1 DAGs
[2022-02-12 15:01:39,384] {logging_mixin.py:104} INFO - [2022-02-12 15:01:39,383] {dag.py:2305} INFO - Setting next_dagrun for user_processing to 2022-02-11 00:00:00+00:00
[2022-02-12 15:01:39,402] {scheduler_job.py:190} INFO - Processing /home/agalli/airflow/dags/user_processing.py took 1.447 seconds
[2022-02-12 15:02:09,616] {scheduler_job.py:182} INFO - Started process (PID=18327) to work on /home/agalli/airflow/dags/user_processing.py
[2022-02-12 15:02:09,618] {scheduler_job.py:633} INFO - Processing file /home/agalli/airflow/dags/user_processing.py for tasks to queue
[2022-02-12 15:02:09,619] {logging_mixin.py:104} INFO - [2022-02-12 15:02:09,619] {dagbag.py:487} INFO - Filling up the DagBag from /home/agalli/airflow/dags/user_processing.py
[2022-02-12 15:02:10,413] {logging_mixin.py:104} WARNING - /home/agalli/sandbox/lib/python3.6/site-packages/airflow/providers/sqlite/operators/sqlite.py:25 DeprecationWarning: This decorator is deprecated. 

In previous versions, all subclasses of BaseOperator must use apply_default decorator for the`default_args` feature to work properly.

In current version, it is optional. The decorator is applied automatically using the metaclass.
[2022-02-12 15:02:10,511] {scheduler_job.py:643} INFO - DAG(s) dict_keys(['user_processing']) retrieved from /home/agalli/airflow/dags/user_processing.py
[2022-02-12 15:02:10,542] {logging_mixin.py:104} INFO - [2022-02-12 15:02:10,542] {dag.py:1832} INFO - Sync 1 DAGs
[2022-02-12 15:02:10,572] {logging_mixin.py:104} INFO - [2022-02-12 15:02:10,572] {dag.py:2305} INFO - Setting next_dagrun for user_processing to 2022-02-11 00:00:00+00:00
[2022-02-12 15:02:10,587] {scheduler_job.py:190} INFO - Processing /home/agalli/airflow/dags/user_processing.py took 0.977 seconds
[2022-02-12 15:02:41,451] {scheduler_job.py:182} INFO - Started process (PID=18826) to work on /home/agalli/airflow/dags/user_processing.py
[2022-02-12 15:02:41,452] {scheduler_job.py:633} INFO - Processing file /home/agalli/airflow/dags/user_processing.py for tasks to queue
[2022-02-12 15:02:41,453] {logging_mixin.py:104} INFO - [2022-02-12 15:02:41,453] {dagbag.py:487} INFO - Filling up the DagBag from /home/agalli/airflow/dags/user_processing.py
[2022-02-12 15:02:42,317] {logging_mixin.py:104} WARNING - /home/agalli/sandbox/lib/python3.6/site-packages/airflow/providers/sqlite/operators/sqlite.py:25 DeprecationWarning: This decorator is deprecated. 

In previous versions, all subclasses of BaseOperator must use apply_default decorator for the`default_args` feature to work properly.

In current version, it is optional. The decorator is applied automatically using the metaclass.
[2022-02-12 15:02:42,444] {scheduler_job.py:643} INFO - DAG(s) dict_keys(['user_processing']) retrieved from /home/agalli/airflow/dags/user_processing.py
[2022-02-12 15:02:42,488] {logging_mixin.py:104} INFO - [2022-02-12 15:02:42,488] {dag.py:1832} INFO - Sync 1 DAGs
[2022-02-12 15:02:42,536] {logging_mixin.py:104} INFO - [2022-02-12 15:02:42,535] {dag.py:2305} INFO - Setting next_dagrun for user_processing to 2022-02-11 00:00:00+00:00
[2022-02-12 15:02:42,554] {scheduler_job.py:190} INFO - Processing /home/agalli/airflow/dags/user_processing.py took 1.107 seconds
[2022-02-12 15:03:12,989] {scheduler_job.py:182} INFO - Started process (PID=19223) to work on /home/agalli/airflow/dags/user_processing.py
[2022-02-12 15:03:12,992] {scheduler_job.py:633} INFO - Processing file /home/agalli/airflow/dags/user_processing.py for tasks to queue
[2022-02-12 15:03:12,993] {logging_mixin.py:104} INFO - [2022-02-12 15:03:12,993] {dagbag.py:487} INFO - Filling up the DagBag from /home/agalli/airflow/dags/user_processing.py
[2022-02-12 15:03:14,884] {logging_mixin.py:104} WARNING - /home/agalli/sandbox/lib/python3.6/site-packages/airflow/providers/sqlite/operators/sqlite.py:25 DeprecationWarning: This decorator is deprecated. 

In previous versions, all subclasses of BaseOperator must use apply_default decorator for the`default_args` feature to work properly.

In current version, it is optional. The decorator is applied automatically using the metaclass.
[2022-02-12 15:03:15,020] {scheduler_job.py:643} INFO - DAG(s) dict_keys(['user_processing']) retrieved from /home/agalli/airflow/dags/user_processing.py
[2022-02-12 15:03:15,082] {logging_mixin.py:104} INFO - [2022-02-12 15:03:15,082] {dag.py:1832} INFO - Sync 1 DAGs
[2022-02-12 15:03:15,118] {logging_mixin.py:104} INFO - [2022-02-12 15:03:15,118] {dag.py:2305} INFO - Setting next_dagrun for user_processing to 2022-02-11 00:00:00+00:00
[2022-02-12 15:03:15,132] {scheduler_job.py:190} INFO - Processing /home/agalli/airflow/dags/user_processing.py took 2.155 seconds
[2022-02-12 15:03:45,269] {scheduler_job.py:182} INFO - Started process (PID=19431) to work on /home/agalli/airflow/dags/user_processing.py
[2022-02-12 15:03:45,279] {scheduler_job.py:633} INFO - Processing file /home/agalli/airflow/dags/user_processing.py for tasks to queue
[2022-02-12 15:03:45,281] {logging_mixin.py:104} INFO - [2022-02-12 15:03:45,280] {dagbag.py:487} INFO - Filling up the DagBag from /home/agalli/airflow/dags/user_processing.py
[2022-02-12 15:03:46,083] {logging_mixin.py:104} WARNING - /home/agalli/sandbox/lib/python3.6/site-packages/airflow/providers/sqlite/operators/sqlite.py:25 DeprecationWarning: This decorator is deprecated. 

In previous versions, all subclasses of BaseOperator must use apply_default decorator for the`default_args` feature to work properly.

In current version, it is optional. The decorator is applied automatically using the metaclass.
[2022-02-12 15:03:46,160] {scheduler_job.py:643} INFO - DAG(s) dict_keys(['user_processing']) retrieved from /home/agalli/airflow/dags/user_processing.py
[2022-02-12 15:03:46,192] {logging_mixin.py:104} INFO - [2022-02-12 15:03:46,192] {dag.py:1832} INFO - Sync 1 DAGs
[2022-02-12 15:03:46,218] {logging_mixin.py:104} INFO - [2022-02-12 15:03:46,218] {dag.py:2305} INFO - Setting next_dagrun for user_processing to 2022-02-11 00:00:00+00:00
[2022-02-12 15:03:46,235] {scheduler_job.py:190} INFO - Processing /home/agalli/airflow/dags/user_processing.py took 0.987 seconds
[2022-02-12 15:04:17,020] {scheduler_job.py:182} INFO - Started process (PID=19639) to work on /home/agalli/airflow/dags/user_processing.py
[2022-02-12 15:04:17,021] {scheduler_job.py:633} INFO - Processing file /home/agalli/airflow/dags/user_processing.py for tasks to queue
[2022-02-12 15:04:17,022] {logging_mixin.py:104} INFO - [2022-02-12 15:04:17,021] {dagbag.py:487} INFO - Filling up the DagBag from /home/agalli/airflow/dags/user_processing.py
[2022-02-12 15:04:17,539] {logging_mixin.py:104} WARNING - /home/agalli/sandbox/lib/python3.6/site-packages/airflow/providers/sqlite/operators/sqlite.py:25 DeprecationWarning: This decorator is deprecated. 

In previous versions, all subclasses of BaseOperator must use apply_default decorator for the`default_args` feature to work properly.

In current version, it is optional. The decorator is applied automatically using the metaclass.
[2022-02-12 15:04:17,611] {scheduler_job.py:643} INFO - DAG(s) dict_keys(['user_processing']) retrieved from /home/agalli/airflow/dags/user_processing.py
[2022-02-12 15:04:17,639] {logging_mixin.py:104} INFO - [2022-02-12 15:04:17,639] {dag.py:1832} INFO - Sync 1 DAGs
[2022-02-12 15:04:17,659] {logging_mixin.py:104} INFO - [2022-02-12 15:04:17,659] {dag.py:2305} INFO - Setting next_dagrun for user_processing to 2022-02-11 00:00:00+00:00
[2022-02-12 15:04:17,671] {scheduler_job.py:190} INFO - Processing /home/agalli/airflow/dags/user_processing.py took 0.654 seconds
[2022-02-12 15:04:48,042] {scheduler_job.py:182} INFO - Started process (PID=19847) to work on /home/agalli/airflow/dags/user_processing.py
[2022-02-12 15:04:48,044] {scheduler_job.py:633} INFO - Processing file /home/agalli/airflow/dags/user_processing.py for tasks to queue
[2022-02-12 15:04:48,045] {logging_mixin.py:104} INFO - [2022-02-12 15:04:48,045] {dagbag.py:487} INFO - Filling up the DagBag from /home/agalli/airflow/dags/user_processing.py
[2022-02-12 15:04:48,832] {logging_mixin.py:104} WARNING - /home/agalli/sandbox/lib/python3.6/site-packages/airflow/providers/sqlite/operators/sqlite.py:25 DeprecationWarning: This decorator is deprecated. 

In previous versions, all subclasses of BaseOperator must use apply_default decorator for the`default_args` feature to work properly.

In current version, it is optional. The decorator is applied automatically using the metaclass.
[2022-02-12 15:04:48,910] {scheduler_job.py:643} INFO - DAG(s) dict_keys(['user_processing']) retrieved from /home/agalli/airflow/dags/user_processing.py
[2022-02-12 15:04:48,947] {logging_mixin.py:104} INFO - [2022-02-12 15:04:48,947] {dag.py:1832} INFO - Sync 1 DAGs
[2022-02-12 15:04:48,980] {logging_mixin.py:104} INFO - [2022-02-12 15:04:48,980] {dag.py:2305} INFO - Setting next_dagrun for user_processing to 2022-02-11 00:00:00+00:00
[2022-02-12 15:04:48,995] {scheduler_job.py:190} INFO - Processing /home/agalli/airflow/dags/user_processing.py took 0.958 seconds
[2022-02-12 15:05:19,250] {scheduler_job.py:182} INFO - Started process (PID=20061) to work on /home/agalli/airflow/dags/user_processing.py
[2022-02-12 15:05:19,251] {scheduler_job.py:633} INFO - Processing file /home/agalli/airflow/dags/user_processing.py for tasks to queue
[2022-02-12 15:05:19,252] {logging_mixin.py:104} INFO - [2022-02-12 15:05:19,251] {dagbag.py:487} INFO - Filling up the DagBag from /home/agalli/airflow/dags/user_processing.py
[2022-02-12 15:05:20,160] {logging_mixin.py:104} WARNING - /home/agalli/sandbox/lib/python3.6/site-packages/airflow/providers/sqlite/operators/sqlite.py:25 DeprecationWarning: This decorator is deprecated. 

In previous versions, all subclasses of BaseOperator must use apply_default decorator for the`default_args` feature to work properly.

In current version, it is optional. The decorator is applied automatically using the metaclass.
[2022-02-12 15:05:20,261] {scheduler_job.py:643} INFO - DAG(s) dict_keys(['user_processing']) retrieved from /home/agalli/airflow/dags/user_processing.py
[2022-02-12 15:05:20,297] {logging_mixin.py:104} INFO - [2022-02-12 15:05:20,297] {dag.py:1832} INFO - Sync 1 DAGs
[2022-02-12 15:05:20,326] {logging_mixin.py:104} INFO - [2022-02-12 15:05:20,326] {dag.py:2305} INFO - Setting next_dagrun for user_processing to 2022-02-11 00:00:00+00:00
[2022-02-12 15:05:20,340] {scheduler_job.py:190} INFO - Processing /home/agalli/airflow/dags/user_processing.py took 1.095 seconds
[2022-02-12 15:05:50,416] {scheduler_job.py:182} INFO - Started process (PID=20419) to work on /home/agalli/airflow/dags/user_processing.py
[2022-02-12 15:05:50,419] {scheduler_job.py:633} INFO - Processing file /home/agalli/airflow/dags/user_processing.py for tasks to queue
[2022-02-12 15:05:50,420] {logging_mixin.py:104} INFO - [2022-02-12 15:05:50,420] {dagbag.py:487} INFO - Filling up the DagBag from /home/agalli/airflow/dags/user_processing.py
[2022-02-12 15:05:51,039] {logging_mixin.py:104} WARNING - /home/agalli/sandbox/lib/python3.6/site-packages/airflow/providers/sqlite/operators/sqlite.py:25 DeprecationWarning: This decorator is deprecated. 

In previous versions, all subclasses of BaseOperator must use apply_default decorator for the`default_args` feature to work properly.

In current version, it is optional. The decorator is applied automatically using the metaclass.
[2022-02-12 15:05:51,119] {scheduler_job.py:643} INFO - DAG(s) dict_keys(['user_processing']) retrieved from /home/agalli/airflow/dags/user_processing.py
[2022-02-12 15:05:51,152] {logging_mixin.py:104} INFO - [2022-02-12 15:05:51,152] {dag.py:1832} INFO - Sync 1 DAGs
[2022-02-12 15:05:51,172] {logging_mixin.py:104} INFO - [2022-02-12 15:05:51,172] {dag.py:2305} INFO - Setting next_dagrun for user_processing to 2022-02-11 00:00:00+00:00
[2022-02-12 15:05:51,188] {scheduler_job.py:190} INFO - Processing /home/agalli/airflow/dags/user_processing.py took 0.775 seconds
[2022-02-12 15:06:22,025] {scheduler_job.py:182} INFO - Started process (PID=20621) to work on /home/agalli/airflow/dags/user_processing.py
[2022-02-12 15:06:22,027] {scheduler_job.py:633} INFO - Processing file /home/agalli/airflow/dags/user_processing.py for tasks to queue
[2022-02-12 15:06:22,028] {logging_mixin.py:104} INFO - [2022-02-12 15:06:22,028] {dagbag.py:487} INFO - Filling up the DagBag from /home/agalli/airflow/dags/user_processing.py
[2022-02-12 15:06:23,221] {logging_mixin.py:104} WARNING - /home/agalli/sandbox/lib/python3.6/site-packages/airflow/providers/sqlite/operators/sqlite.py:25 DeprecationWarning: This decorator is deprecated. 

In previous versions, all subclasses of BaseOperator must use apply_default decorator for the`default_args` feature to work properly.

In current version, it is optional. The decorator is applied automatically using the metaclass.
[2022-02-12 15:06:23,320] {scheduler_job.py:643} INFO - DAG(s) dict_keys(['user_processing']) retrieved from /home/agalli/airflow/dags/user_processing.py
[2022-02-12 15:06:23,351] {logging_mixin.py:104} INFO - [2022-02-12 15:06:23,351] {dag.py:1832} INFO - Sync 1 DAGs
[2022-02-12 15:06:23,373] {logging_mixin.py:104} INFO - [2022-02-12 15:06:23,373] {dag.py:2305} INFO - Setting next_dagrun for user_processing to 2022-02-11 00:00:00+00:00
[2022-02-12 15:06:23,383] {scheduler_job.py:190} INFO - Processing /home/agalli/airflow/dags/user_processing.py took 1.365 seconds
[2022-02-12 15:06:53,622] {scheduler_job.py:182} INFO - Started process (PID=20857) to work on /home/agalli/airflow/dags/user_processing.py
[2022-02-12 15:06:53,623] {scheduler_job.py:633} INFO - Processing file /home/agalli/airflow/dags/user_processing.py for tasks to queue
[2022-02-12 15:06:53,625] {logging_mixin.py:104} INFO - [2022-02-12 15:06:53,624] {dagbag.py:487} INFO - Filling up the DagBag from /home/agalli/airflow/dags/user_processing.py
[2022-02-12 15:06:54,368] {logging_mixin.py:104} WARNING - /home/agalli/sandbox/lib/python3.6/site-packages/airflow/providers/sqlite/operators/sqlite.py:25 DeprecationWarning: This decorator is deprecated. 

In previous versions, all subclasses of BaseOperator must use apply_default decorator for the`default_args` feature to work properly.

In current version, it is optional. The decorator is applied automatically using the metaclass.
[2022-02-12 15:06:54,454] {scheduler_job.py:643} INFO - DAG(s) dict_keys(['user_processing']) retrieved from /home/agalli/airflow/dags/user_processing.py
[2022-02-12 15:06:54,487] {logging_mixin.py:104} INFO - [2022-02-12 15:06:54,487] {dag.py:1832} INFO - Sync 1 DAGs
[2022-02-12 15:06:54,519] {logging_mixin.py:104} INFO - [2022-02-12 15:06:54,519] {dag.py:2305} INFO - Setting next_dagrun for user_processing to 2022-02-11 00:00:00+00:00
[2022-02-12 15:06:54,538] {scheduler_job.py:190} INFO - Processing /home/agalli/airflow/dags/user_processing.py took 0.920 seconds
[2022-02-12 15:07:25,297] {scheduler_job.py:182} INFO - Started process (PID=21061) to work on /home/agalli/airflow/dags/user_processing.py
[2022-02-12 15:07:25,298] {scheduler_job.py:633} INFO - Processing file /home/agalli/airflow/dags/user_processing.py for tasks to queue
[2022-02-12 15:07:25,302] {logging_mixin.py:104} INFO - [2022-02-12 15:07:25,302] {dagbag.py:487} INFO - Filling up the DagBag from /home/agalli/airflow/dags/user_processing.py
[2022-02-12 15:07:26,003] {logging_mixin.py:104} WARNING - /home/agalli/sandbox/lib/python3.6/site-packages/airflow/providers/sqlite/operators/sqlite.py:25 DeprecationWarning: This decorator is deprecated. 

In previous versions, all subclasses of BaseOperator must use apply_default decorator for the`default_args` feature to work properly.

In current version, it is optional. The decorator is applied automatically using the metaclass.
[2022-02-12 15:07:26,097] {scheduler_job.py:643} INFO - DAG(s) dict_keys(['user_processing']) retrieved from /home/agalli/airflow/dags/user_processing.py
[2022-02-12 15:07:26,144] {logging_mixin.py:104} INFO - [2022-02-12 15:07:26,144] {dag.py:1832} INFO - Sync 1 DAGs
[2022-02-12 15:07:26,170] {logging_mixin.py:104} INFO - [2022-02-12 15:07:26,170] {dag.py:2305} INFO - Setting next_dagrun for user_processing to 2022-02-11 00:00:00+00:00
[2022-02-12 15:07:26,186] {scheduler_job.py:190} INFO - Processing /home/agalli/airflow/dags/user_processing.py took 0.892 seconds
[2022-02-12 15:07:56,766] {scheduler_job.py:182} INFO - Started process (PID=21267) to work on /home/agalli/airflow/dags/user_processing.py
[2022-02-12 15:07:56,772] {scheduler_job.py:633} INFO - Processing file /home/agalli/airflow/dags/user_processing.py for tasks to queue
[2022-02-12 15:07:56,774] {logging_mixin.py:104} INFO - [2022-02-12 15:07:56,774] {dagbag.py:487} INFO - Filling up the DagBag from /home/agalli/airflow/dags/user_processing.py
[2022-02-12 15:07:58,465] {logging_mixin.py:104} WARNING - /home/agalli/sandbox/lib/python3.6/site-packages/airflow/providers/sqlite/operators/sqlite.py:25 DeprecationWarning: This decorator is deprecated. 

In previous versions, all subclasses of BaseOperator must use apply_default decorator for the`default_args` feature to work properly.

In current version, it is optional. The decorator is applied automatically using the metaclass.
[2022-02-12 15:07:58,559] {scheduler_job.py:643} INFO - DAG(s) dict_keys(['user_processing']) retrieved from /home/agalli/airflow/dags/user_processing.py
[2022-02-12 15:07:58,621] {logging_mixin.py:104} INFO - [2022-02-12 15:07:58,621] {dag.py:1832} INFO - Sync 1 DAGs
[2022-02-12 15:07:58,648] {logging_mixin.py:104} INFO - [2022-02-12 15:07:58,648] {dag.py:2305} INFO - Setting next_dagrun for user_processing to 2022-02-11 00:00:00+00:00
[2022-02-12 15:07:58,669] {scheduler_job.py:190} INFO - Processing /home/agalli/airflow/dags/user_processing.py took 1.912 seconds
[2022-02-12 15:08:28,776] {scheduler_job.py:182} INFO - Started process (PID=21493) to work on /home/agalli/airflow/dags/user_processing.py
[2022-02-12 15:08:28,778] {scheduler_job.py:633} INFO - Processing file /home/agalli/airflow/dags/user_processing.py for tasks to queue
[2022-02-12 15:08:28,778] {logging_mixin.py:104} INFO - [2022-02-12 15:08:28,778] {dagbag.py:487} INFO - Filling up the DagBag from /home/agalli/airflow/dags/user_processing.py
[2022-02-12 15:08:29,447] {logging_mixin.py:104} WARNING - /home/agalli/sandbox/lib/python3.6/site-packages/airflow/providers/sqlite/operators/sqlite.py:25 DeprecationWarning: This decorator is deprecated. 

In previous versions, all subclasses of BaseOperator must use apply_default decorator for the`default_args` feature to work properly.

In current version, it is optional. The decorator is applied automatically using the metaclass.
[2022-02-12 15:08:29,541] {scheduler_job.py:643} INFO - DAG(s) dict_keys(['user_processing']) retrieved from /home/agalli/airflow/dags/user_processing.py
[2022-02-12 15:08:29,574] {logging_mixin.py:104} INFO - [2022-02-12 15:08:29,574] {dag.py:1832} INFO - Sync 1 DAGs
[2022-02-12 15:08:29,602] {logging_mixin.py:104} INFO - [2022-02-12 15:08:29,602] {dag.py:2305} INFO - Setting next_dagrun for user_processing to 2022-02-11 00:00:00+00:00
[2022-02-12 15:08:29,618] {scheduler_job.py:190} INFO - Processing /home/agalli/airflow/dags/user_processing.py took 0.846 seconds
