[2021-12-10 16:23:03,872] {scheduler_job.py:182} INFO - Started process (PID=1569) to work on /home/agalli/sandbox/lib/python3.6/site-packages/airflow/example_dags/subdags/subdag.py
[2021-12-10 16:23:03,876] {scheduler_job.py:633} INFO - Processing file /home/agalli/sandbox/lib/python3.6/site-packages/airflow/example_dags/subdags/subdag.py for tasks to queue
[2021-12-10 16:23:03,877] {logging_mixin.py:104} INFO - [2021-12-10 16:23:03,877] {dagbag.py:487} INFO - Filling up the DagBag from /home/agalli/sandbox/lib/python3.6/site-packages/airflow/example_dags/subdags/subdag.py
[2021-12-10 16:23:03,879] {scheduler_job.py:645} WARNING - No viable dags retrieved from /home/agalli/sandbox/lib/python3.6/site-packages/airflow/example_dags/subdags/subdag.py
[2021-12-10 16:23:03,886] {scheduler_job.py:190} INFO - Processing /home/agalli/sandbox/lib/python3.6/site-packages/airflow/example_dags/subdags/subdag.py took 0.017 seconds
[2021-12-10 16:24:04,418] {scheduler_job.py:182} INFO - Started process (PID=1685) to work on /home/agalli/sandbox/lib/python3.6/site-packages/airflow/example_dags/subdags/subdag.py
[2021-12-10 16:24:04,431] {scheduler_job.py:633} INFO - Processing file /home/agalli/sandbox/lib/python3.6/site-packages/airflow/example_dags/subdags/subdag.py for tasks to queue
[2021-12-10 16:24:04,446] {logging_mixin.py:104} INFO - [2021-12-10 16:24:04,446] {dagbag.py:487} INFO - Filling up the DagBag from /home/agalli/sandbox/lib/python3.6/site-packages/airflow/example_dags/subdags/subdag.py
[2021-12-10 16:24:04,477] {scheduler_job.py:645} WARNING - No viable dags retrieved from /home/agalli/sandbox/lib/python3.6/site-packages/airflow/example_dags/subdags/subdag.py
[2021-12-10 16:24:04,528] {scheduler_job.py:190} INFO - Processing /home/agalli/sandbox/lib/python3.6/site-packages/airflow/example_dags/subdags/subdag.py took 0.125 seconds
[2021-12-10 16:24:59,498] {scheduler_job.py:182} INFO - Started process (PID=1720) to work on /home/agalli/sandbox/lib/python3.6/site-packages/airflow/example_dags/subdags/subdag.py
[2021-12-10 16:24:59,500] {scheduler_job.py:633} INFO - Processing file /home/agalli/sandbox/lib/python3.6/site-packages/airflow/example_dags/subdags/subdag.py for tasks to queue
[2021-12-10 16:24:59,501] {logging_mixin.py:104} INFO - [2021-12-10 16:24:59,501] {dagbag.py:487} INFO - Filling up the DagBag from /home/agalli/sandbox/lib/python3.6/site-packages/airflow/example_dags/subdags/subdag.py
[2021-12-10 16:24:59,505] {scheduler_job.py:645} WARNING - No viable dags retrieved from /home/agalli/sandbox/lib/python3.6/site-packages/airflow/example_dags/subdags/subdag.py
[2021-12-10 16:24:59,520] {scheduler_job.py:190} INFO - Processing /home/agalli/sandbox/lib/python3.6/site-packages/airflow/example_dags/subdags/subdag.py took 0.028 seconds
[2021-12-10 16:25:44,955] {scheduler_job.py:182} INFO - Started process (PID=1813) to work on /home/agalli/sandbox/lib/python3.6/site-packages/airflow/example_dags/subdags/subdag.py
[2021-12-10 16:25:44,963] {scheduler_job.py:633} INFO - Processing file /home/agalli/sandbox/lib/python3.6/site-packages/airflow/example_dags/subdags/subdag.py for tasks to queue
[2021-12-10 16:25:44,966] {logging_mixin.py:104} INFO - [2021-12-10 16:25:44,965] {dagbag.py:487} INFO - Filling up the DagBag from /home/agalli/sandbox/lib/python3.6/site-packages/airflow/example_dags/subdags/subdag.py
[2021-12-10 16:25:44,985] {scheduler_job.py:645} WARNING - No viable dags retrieved from /home/agalli/sandbox/lib/python3.6/site-packages/airflow/example_dags/subdags/subdag.py
[2021-12-10 16:25:45,047] {scheduler_job.py:190} INFO - Processing /home/agalli/sandbox/lib/python3.6/site-packages/airflow/example_dags/subdags/subdag.py took 0.098 seconds
[2021-12-10 16:26:26,259] {scheduler_job.py:182} INFO - Started process (PID=2021) to work on /home/agalli/sandbox/lib/python3.6/site-packages/airflow/example_dags/subdags/subdag.py
[2021-12-10 16:26:26,262] {scheduler_job.py:633} INFO - Processing file /home/agalli/sandbox/lib/python3.6/site-packages/airflow/example_dags/subdags/subdag.py for tasks to queue
[2021-12-10 16:26:26,274] {logging_mixin.py:104} INFO - [2021-12-10 16:26:26,274] {dagbag.py:487} INFO - Filling up the DagBag from /home/agalli/sandbox/lib/python3.6/site-packages/airflow/example_dags/subdags/subdag.py
[2021-12-10 16:26:26,291] {scheduler_job.py:645} WARNING - No viable dags retrieved from /home/agalli/sandbox/lib/python3.6/site-packages/airflow/example_dags/subdags/subdag.py
[2021-12-10 16:26:26,309] {scheduler_job.py:190} INFO - Processing /home/agalli/sandbox/lib/python3.6/site-packages/airflow/example_dags/subdags/subdag.py took 0.069 seconds
[2021-12-10 16:27:06,338] {scheduler_job.py:182} INFO - Started process (PID=2228) to work on /home/agalli/sandbox/lib/python3.6/site-packages/airflow/example_dags/subdags/subdag.py
[2021-12-10 16:27:06,343] {scheduler_job.py:633} INFO - Processing file /home/agalli/sandbox/lib/python3.6/site-packages/airflow/example_dags/subdags/subdag.py for tasks to queue
[2021-12-10 16:27:06,345] {logging_mixin.py:104} INFO - [2021-12-10 16:27:06,344] {dagbag.py:487} INFO - Filling up the DagBag from /home/agalli/sandbox/lib/python3.6/site-packages/airflow/example_dags/subdags/subdag.py
[2021-12-10 16:27:06,351] {scheduler_job.py:645} WARNING - No viable dags retrieved from /home/agalli/sandbox/lib/python3.6/site-packages/airflow/example_dags/subdags/subdag.py
[2021-12-10 16:27:06,368] {scheduler_job.py:190} INFO - Processing /home/agalli/sandbox/lib/python3.6/site-packages/airflow/example_dags/subdags/subdag.py took 0.034 seconds
[2021-12-10 16:27:42,505] {scheduler_job.py:182} INFO - Started process (PID=2287) to work on /home/agalli/sandbox/lib/python3.6/site-packages/airflow/example_dags/subdags/subdag.py
[2021-12-10 16:27:42,507] {scheduler_job.py:633} INFO - Processing file /home/agalli/sandbox/lib/python3.6/site-packages/airflow/example_dags/subdags/subdag.py for tasks to queue
[2021-12-10 16:27:42,509] {logging_mixin.py:104} INFO - [2021-12-10 16:27:42,509] {dagbag.py:487} INFO - Filling up the DagBag from /home/agalli/sandbox/lib/python3.6/site-packages/airflow/example_dags/subdags/subdag.py
[2021-12-10 16:27:42,516] {scheduler_job.py:645} WARNING - No viable dags retrieved from /home/agalli/sandbox/lib/python3.6/site-packages/airflow/example_dags/subdags/subdag.py
[2021-12-10 16:27:42,543] {scheduler_job.py:190} INFO - Processing /home/agalli/sandbox/lib/python3.6/site-packages/airflow/example_dags/subdags/subdag.py took 0.045 seconds
[2021-12-10 16:28:29,470] {scheduler_job.py:182} INFO - Started process (PID=2546) to work on /home/agalli/sandbox/lib/python3.6/site-packages/airflow/example_dags/subdags/subdag.py
[2021-12-10 16:28:29,484] {scheduler_job.py:633} INFO - Processing file /home/agalli/sandbox/lib/python3.6/site-packages/airflow/example_dags/subdags/subdag.py for tasks to queue
[2021-12-10 16:28:29,486] {logging_mixin.py:104} INFO - [2021-12-10 16:28:29,485] {dagbag.py:487} INFO - Filling up the DagBag from /home/agalli/sandbox/lib/python3.6/site-packages/airflow/example_dags/subdags/subdag.py
[2021-12-10 16:28:29,505] {scheduler_job.py:645} WARNING - No viable dags retrieved from /home/agalli/sandbox/lib/python3.6/site-packages/airflow/example_dags/subdags/subdag.py
[2021-12-10 16:28:29,553] {scheduler_job.py:190} INFO - Processing /home/agalli/sandbox/lib/python3.6/site-packages/airflow/example_dags/subdags/subdag.py took 0.133 seconds
[2021-12-10 16:29:23,887] {scheduler_job.py:182} INFO - Started process (PID=2640) to work on /home/agalli/sandbox/lib/python3.6/site-packages/airflow/example_dags/subdags/subdag.py
[2021-12-10 16:29:23,890] {scheduler_job.py:633} INFO - Processing file /home/agalli/sandbox/lib/python3.6/site-packages/airflow/example_dags/subdags/subdag.py for tasks to queue
[2021-12-10 16:29:23,893] {logging_mixin.py:104} INFO - [2021-12-10 16:29:23,892] {dagbag.py:487} INFO - Filling up the DagBag from /home/agalli/sandbox/lib/python3.6/site-packages/airflow/example_dags/subdags/subdag.py
[2021-12-10 16:29:23,898] {scheduler_job.py:645} WARNING - No viable dags retrieved from /home/agalli/sandbox/lib/python3.6/site-packages/airflow/example_dags/subdags/subdag.py
[2021-12-10 16:29:23,913] {scheduler_job.py:190} INFO - Processing /home/agalli/sandbox/lib/python3.6/site-packages/airflow/example_dags/subdags/subdag.py took 0.032 seconds
[2021-12-10 16:30:08,094] {scheduler_job.py:182} INFO - Started process (PID=2672) to work on /home/agalli/sandbox/lib/python3.6/site-packages/airflow/example_dags/subdags/subdag.py
[2021-12-10 16:30:08,096] {scheduler_job.py:633} INFO - Processing file /home/agalli/sandbox/lib/python3.6/site-packages/airflow/example_dags/subdags/subdag.py for tasks to queue
[2021-12-10 16:30:08,098] {logging_mixin.py:104} INFO - [2021-12-10 16:30:08,098] {dagbag.py:487} INFO - Filling up the DagBag from /home/agalli/sandbox/lib/python3.6/site-packages/airflow/example_dags/subdags/subdag.py
[2021-12-10 16:30:08,119] {scheduler_job.py:645} WARNING - No viable dags retrieved from /home/agalli/sandbox/lib/python3.6/site-packages/airflow/example_dags/subdags/subdag.py
[2021-12-10 16:30:08,145] {scheduler_job.py:190} INFO - Processing /home/agalli/sandbox/lib/python3.6/site-packages/airflow/example_dags/subdags/subdag.py took 0.065 seconds
[2021-12-10 16:31:02,401] {scheduler_job.py:182} INFO - Started process (PID=2833) to work on /home/agalli/sandbox/lib/python3.6/site-packages/airflow/example_dags/subdags/subdag.py
[2021-12-10 16:31:02,405] {scheduler_job.py:633} INFO - Processing file /home/agalli/sandbox/lib/python3.6/site-packages/airflow/example_dags/subdags/subdag.py for tasks to queue
[2021-12-10 16:31:02,408] {logging_mixin.py:104} INFO - [2021-12-10 16:31:02,408] {dagbag.py:487} INFO - Filling up the DagBag from /home/agalli/sandbox/lib/python3.6/site-packages/airflow/example_dags/subdags/subdag.py
[2021-12-10 16:31:02,416] {scheduler_job.py:645} WARNING - No viable dags retrieved from /home/agalli/sandbox/lib/python3.6/site-packages/airflow/example_dags/subdags/subdag.py
[2021-12-10 16:31:02,432] {scheduler_job.py:190} INFO - Processing /home/agalli/sandbox/lib/python3.6/site-packages/airflow/example_dags/subdags/subdag.py took 0.039 seconds
[2021-12-10 16:31:48,136] {scheduler_job.py:182} INFO - Started process (PID=3008) to work on /home/agalli/sandbox/lib/python3.6/site-packages/airflow/example_dags/subdags/subdag.py
[2021-12-10 16:31:48,140] {scheduler_job.py:633} INFO - Processing file /home/agalli/sandbox/lib/python3.6/site-packages/airflow/example_dags/subdags/subdag.py for tasks to queue
[2021-12-10 16:31:48,151] {logging_mixin.py:104} INFO - [2021-12-10 16:31:48,151] {dagbag.py:487} INFO - Filling up the DagBag from /home/agalli/sandbox/lib/python3.6/site-packages/airflow/example_dags/subdags/subdag.py
[2021-12-10 16:31:48,158] {scheduler_job.py:645} WARNING - No viable dags retrieved from /home/agalli/sandbox/lib/python3.6/site-packages/airflow/example_dags/subdags/subdag.py
[2021-12-10 16:31:48,173] {scheduler_job.py:190} INFO - Processing /home/agalli/sandbox/lib/python3.6/site-packages/airflow/example_dags/subdags/subdag.py took 0.066 seconds
[2021-12-10 16:32:27,224] {scheduler_job.py:182} INFO - Started process (PID=3050) to work on /home/agalli/sandbox/lib/python3.6/site-packages/airflow/example_dags/subdags/subdag.py
[2021-12-10 16:32:27,227] {scheduler_job.py:633} INFO - Processing file /home/agalli/sandbox/lib/python3.6/site-packages/airflow/example_dags/subdags/subdag.py for tasks to queue
[2021-12-10 16:32:27,230] {logging_mixin.py:104} INFO - [2021-12-10 16:32:27,230] {dagbag.py:487} INFO - Filling up the DagBag from /home/agalli/sandbox/lib/python3.6/site-packages/airflow/example_dags/subdags/subdag.py
[2021-12-10 16:32:27,238] {scheduler_job.py:645} WARNING - No viable dags retrieved from /home/agalli/sandbox/lib/python3.6/site-packages/airflow/example_dags/subdags/subdag.py
[2021-12-10 16:32:27,354] {scheduler_job.py:190} INFO - Processing /home/agalli/sandbox/lib/python3.6/site-packages/airflow/example_dags/subdags/subdag.py took 0.139 seconds
[2021-12-10 16:32:59,900] {scheduler_job.py:182} INFO - Started process (PID=3272) to work on /home/agalli/sandbox/lib/python3.6/site-packages/airflow/example_dags/subdags/subdag.py
[2021-12-10 16:32:59,903] {scheduler_job.py:633} INFO - Processing file /home/agalli/sandbox/lib/python3.6/site-packages/airflow/example_dags/subdags/subdag.py for tasks to queue
[2021-12-10 16:32:59,905] {logging_mixin.py:104} INFO - [2021-12-10 16:32:59,905] {dagbag.py:487} INFO - Filling up the DagBag from /home/agalli/sandbox/lib/python3.6/site-packages/airflow/example_dags/subdags/subdag.py
[2021-12-10 16:32:59,912] {scheduler_job.py:645} WARNING - No viable dags retrieved from /home/agalli/sandbox/lib/python3.6/site-packages/airflow/example_dags/subdags/subdag.py
[2021-12-10 16:32:59,927] {scheduler_job.py:190} INFO - Processing /home/agalli/sandbox/lib/python3.6/site-packages/airflow/example_dags/subdags/subdag.py took 0.033 seconds
[2021-12-10 16:33:49,679] {scheduler_job.py:182} INFO - Started process (PID=3757) to work on /home/agalli/sandbox/lib/python3.6/site-packages/airflow/example_dags/subdags/subdag.py
[2021-12-10 16:33:49,681] {scheduler_job.py:633} INFO - Processing file /home/agalli/sandbox/lib/python3.6/site-packages/airflow/example_dags/subdags/subdag.py for tasks to queue
[2021-12-10 16:33:49,682] {logging_mixin.py:104} INFO - [2021-12-10 16:33:49,681] {dagbag.py:487} INFO - Filling up the DagBag from /home/agalli/sandbox/lib/python3.6/site-packages/airflow/example_dags/subdags/subdag.py
[2021-12-10 16:33:49,685] {scheduler_job.py:645} WARNING - No viable dags retrieved from /home/agalli/sandbox/lib/python3.6/site-packages/airflow/example_dags/subdags/subdag.py
[2021-12-10 16:33:49,694] {scheduler_job.py:190} INFO - Processing /home/agalli/sandbox/lib/python3.6/site-packages/airflow/example_dags/subdags/subdag.py took 0.020 seconds
[2021-12-10 16:34:27,729] {scheduler_job.py:182} INFO - Started process (PID=3799) to work on /home/agalli/sandbox/lib/python3.6/site-packages/airflow/example_dags/subdags/subdag.py
[2021-12-10 16:34:27,731] {scheduler_job.py:633} INFO - Processing file /home/agalli/sandbox/lib/python3.6/site-packages/airflow/example_dags/subdags/subdag.py for tasks to queue
[2021-12-10 16:34:27,733] {logging_mixin.py:104} INFO - [2021-12-10 16:34:27,733] {dagbag.py:487} INFO - Filling up the DagBag from /home/agalli/sandbox/lib/python3.6/site-packages/airflow/example_dags/subdags/subdag.py
[2021-12-10 16:34:27,738] {scheduler_job.py:645} WARNING - No viable dags retrieved from /home/agalli/sandbox/lib/python3.6/site-packages/airflow/example_dags/subdags/subdag.py
[2021-12-10 16:34:27,752] {scheduler_job.py:190} INFO - Processing /home/agalli/sandbox/lib/python3.6/site-packages/airflow/example_dags/subdags/subdag.py took 0.029 seconds
[2021-12-10 16:35:05,440] {scheduler_job.py:182} INFO - Started process (PID=3834) to work on /home/agalli/sandbox/lib/python3.6/site-packages/airflow/example_dags/subdags/subdag.py
[2021-12-10 16:35:05,442] {scheduler_job.py:633} INFO - Processing file /home/agalli/sandbox/lib/python3.6/site-packages/airflow/example_dags/subdags/subdag.py for tasks to queue
[2021-12-10 16:35:05,444] {logging_mixin.py:104} INFO - [2021-12-10 16:35:05,443] {dagbag.py:487} INFO - Filling up the DagBag from /home/agalli/sandbox/lib/python3.6/site-packages/airflow/example_dags/subdags/subdag.py
[2021-12-10 16:35:05,467] {scheduler_job.py:645} WARNING - No viable dags retrieved from /home/agalli/sandbox/lib/python3.6/site-packages/airflow/example_dags/subdags/subdag.py
[2021-12-10 16:35:05,490] {scheduler_job.py:190} INFO - Processing /home/agalli/sandbox/lib/python3.6/site-packages/airflow/example_dags/subdags/subdag.py took 0.064 seconds
[2021-12-10 16:35:52,803] {scheduler_job.py:182} INFO - Started process (PID=3867) to work on /home/agalli/sandbox/lib/python3.6/site-packages/airflow/example_dags/subdags/subdag.py
[2021-12-10 16:35:52,812] {scheduler_job.py:633} INFO - Processing file /home/agalli/sandbox/lib/python3.6/site-packages/airflow/example_dags/subdags/subdag.py for tasks to queue
[2021-12-10 16:35:52,815] {logging_mixin.py:104} INFO - [2021-12-10 16:35:52,814] {dagbag.py:487} INFO - Filling up the DagBag from /home/agalli/sandbox/lib/python3.6/site-packages/airflow/example_dags/subdags/subdag.py
[2021-12-10 16:35:52,822] {scheduler_job.py:645} WARNING - No viable dags retrieved from /home/agalli/sandbox/lib/python3.6/site-packages/airflow/example_dags/subdags/subdag.py
[2021-12-10 16:35:52,837] {scheduler_job.py:190} INFO - Processing /home/agalli/sandbox/lib/python3.6/site-packages/airflow/example_dags/subdags/subdag.py took 0.047 seconds
