[2021-12-02 15:03:20,277] {taskinstance.py:876} INFO - Dependencies all met for <TaskInstance: example_bash_operator.run_after_loop 2021-11-30T00:00:00+00:00 [queued]>
[2021-12-02 15:03:20,310] {taskinstance.py:876} INFO - Dependencies all met for <TaskInstance: example_bash_operator.run_after_loop 2021-11-30T00:00:00+00:00 [queued]>
[2021-12-02 15:03:20,310] {taskinstance.py:1067} INFO - 
--------------------------------------------------------------------------------
[2021-12-02 15:03:20,310] {taskinstance.py:1068} INFO - Starting attempt 1 of 1
[2021-12-02 15:03:20,310] {taskinstance.py:1069} INFO - 
--------------------------------------------------------------------------------
[2021-12-02 15:03:20,793] {taskinstance.py:1087} INFO - Executing <Task(BashOperator): run_after_loop> on 2021-11-30T00:00:00+00:00
[2021-12-02 15:03:20,797] {standard_task_runner.py:52} INFO - Started process 2269 to run task
[2021-12-02 15:03:20,817] {standard_task_runner.py:76} INFO - Running: ['airflow', 'tasks', 'run', 'example_bash_operator', 'run_after_loop', '2021-11-30T00:00:00+00:00', '--job-id', '10', '--pool', 'default_pool', '--raw', '--subdir', '/home/agalli/sandbox/lib/python3.6/site-packages/airflow/example_dags/example_bash_operator.py', '--cfg-path', '/tmp/tmp4woho8dt', '--error-file', '/tmp/tmp2f8gd5r_']
[2021-12-02 15:03:20,820] {standard_task_runner.py:77} INFO - Job 10: Subtask run_after_loop
[2021-12-02 15:03:21,787] {logging_mixin.py:104} INFO - Running <TaskInstance: example_bash_operator.run_after_loop 2021-11-30T00:00:00+00:00 [running]> on host ALE-LAPTOP.localdomain
[2021-12-02 15:03:25,052] {taskinstance.py:1282} INFO - Exporting the following env vars:
AIRFLOW_CTX_DAG_OWNER=airflow
AIRFLOW_CTX_DAG_ID=example_bash_operator
AIRFLOW_CTX_TASK_ID=run_after_loop
AIRFLOW_CTX_EXECUTION_DATE=2021-11-30T00:00:00+00:00
AIRFLOW_CTX_DAG_RUN_ID=scheduled__2021-11-30T00:00:00+00:00
[2021-12-02 15:03:25,053] {subprocess.py:52} INFO - Tmp dir root location: 
 /tmp
[2021-12-02 15:03:25,055] {subprocess.py:63} INFO - Running command: ['bash', '-c', 'echo 1']
[2021-12-02 15:03:25,068] {subprocess.py:75} INFO - Output:
[2021-12-02 15:03:25,072] {subprocess.py:79} INFO - 1
[2021-12-02 15:03:25,073] {subprocess.py:83} INFO - Command exited with return code 0
[2021-12-02 15:03:25,491] {taskinstance.py:1191} INFO - Marking task as SUCCESS. dag_id=example_bash_operator, task_id=run_after_loop, execution_date=20211130T000000, start_date=20211202T180320, end_date=20211202T180325
[2021-12-02 15:03:25,790] {taskinstance.py:1245} INFO - 0 downstream tasks scheduled from follow-on schedule check
[2021-12-02 15:03:25,830] {local_task_job.py:151} INFO - Task exited with return code 0
