[2021-12-02 14:51:02,426] {scheduler_job.py:182} INFO - Started process (PID=1567) to work on /home/agalli/sandbox/lib/python3.6/site-packages/airflow/example_dags/subdags/subdag.py
[2021-12-02 14:51:02,432] {scheduler_job.py:633} INFO - Processing file /home/agalli/sandbox/lib/python3.6/site-packages/airflow/example_dags/subdags/subdag.py for tasks to queue
[2021-12-02 14:51:02,433] {logging_mixin.py:104} INFO - [2021-12-02 14:51:02,433] {dagbag.py:487} INFO - Filling up the DagBag from /home/agalli/sandbox/lib/python3.6/site-packages/airflow/example_dags/subdags/subdag.py
[2021-12-02 14:51:02,437] {scheduler_job.py:645} WARNING - No viable dags retrieved from /home/agalli/sandbox/lib/python3.6/site-packages/airflow/example_dags/subdags/subdag.py
[2021-12-02 14:51:02,449] {scheduler_job.py:190} INFO - Processing /home/agalli/sandbox/lib/python3.6/site-packages/airflow/example_dags/subdags/subdag.py took 0.027 seconds
[2021-12-02 14:51:51,171] {scheduler_job.py:182} INFO - Started process (PID=1629) to work on /home/agalli/sandbox/lib/python3.6/site-packages/airflow/example_dags/subdags/subdag.py
[2021-12-02 14:51:51,173] {scheduler_job.py:633} INFO - Processing file /home/agalli/sandbox/lib/python3.6/site-packages/airflow/example_dags/subdags/subdag.py for tasks to queue
[2021-12-02 14:51:51,175] {logging_mixin.py:104} INFO - [2021-12-02 14:51:51,175] {dagbag.py:487} INFO - Filling up the DagBag from /home/agalli/sandbox/lib/python3.6/site-packages/airflow/example_dags/subdags/subdag.py
[2021-12-02 14:51:51,181] {scheduler_job.py:645} WARNING - No viable dags retrieved from /home/agalli/sandbox/lib/python3.6/site-packages/airflow/example_dags/subdags/subdag.py
[2021-12-02 14:51:51,196] {scheduler_job.py:190} INFO - Processing /home/agalli/sandbox/lib/python3.6/site-packages/airflow/example_dags/subdags/subdag.py took 0.032 seconds
[2021-12-02 14:52:23,246] {scheduler_job.py:182} INFO - Started process (PID=1702) to work on /home/agalli/sandbox/lib/python3.6/site-packages/airflow/example_dags/subdags/subdag.py
[2021-12-02 14:52:23,247] {scheduler_job.py:633} INFO - Processing file /home/agalli/sandbox/lib/python3.6/site-packages/airflow/example_dags/subdags/subdag.py for tasks to queue
[2021-12-02 14:52:23,248] {logging_mixin.py:104} INFO - [2021-12-02 14:52:23,248] {dagbag.py:487} INFO - Filling up the DagBag from /home/agalli/sandbox/lib/python3.6/site-packages/airflow/example_dags/subdags/subdag.py
[2021-12-02 14:52:23,251] {scheduler_job.py:645} WARNING - No viable dags retrieved from /home/agalli/sandbox/lib/python3.6/site-packages/airflow/example_dags/subdags/subdag.py
[2021-12-02 14:52:23,261] {scheduler_job.py:190} INFO - Processing /home/agalli/sandbox/lib/python3.6/site-packages/airflow/example_dags/subdags/subdag.py took 0.019 seconds
[2021-12-02 14:52:59,292] {scheduler_job.py:182} INFO - Started process (PID=1733) to work on /home/agalli/sandbox/lib/python3.6/site-packages/airflow/example_dags/subdags/subdag.py
[2021-12-02 14:52:59,298] {scheduler_job.py:633} INFO - Processing file /home/agalli/sandbox/lib/python3.6/site-packages/airflow/example_dags/subdags/subdag.py for tasks to queue
[2021-12-02 14:52:59,301] {logging_mixin.py:104} INFO - [2021-12-02 14:52:59,300] {dagbag.py:487} INFO - Filling up the DagBag from /home/agalli/sandbox/lib/python3.6/site-packages/airflow/example_dags/subdags/subdag.py
[2021-12-02 14:52:59,336] {scheduler_job.py:645} WARNING - No viable dags retrieved from /home/agalli/sandbox/lib/python3.6/site-packages/airflow/example_dags/subdags/subdag.py
[2021-12-02 14:52:59,389] {scheduler_job.py:190} INFO - Processing /home/agalli/sandbox/lib/python3.6/site-packages/airflow/example_dags/subdags/subdag.py took 0.120 seconds
[2021-12-02 14:53:31,656] {scheduler_job.py:182} INFO - Started process (PID=1760) to work on /home/agalli/sandbox/lib/python3.6/site-packages/airflow/example_dags/subdags/subdag.py
[2021-12-02 14:53:31,658] {scheduler_job.py:633} INFO - Processing file /home/agalli/sandbox/lib/python3.6/site-packages/airflow/example_dags/subdags/subdag.py for tasks to queue
[2021-12-02 14:53:31,659] {logging_mixin.py:104} INFO - [2021-12-02 14:53:31,659] {dagbag.py:487} INFO - Filling up the DagBag from /home/agalli/sandbox/lib/python3.6/site-packages/airflow/example_dags/subdags/subdag.py
[2021-12-02 14:53:31,670] {scheduler_job.py:645} WARNING - No viable dags retrieved from /home/agalli/sandbox/lib/python3.6/site-packages/airflow/example_dags/subdags/subdag.py
[2021-12-02 14:53:31,684] {scheduler_job.py:190} INFO - Processing /home/agalli/sandbox/lib/python3.6/site-packages/airflow/example_dags/subdags/subdag.py took 0.035 seconds
[2021-12-02 14:54:04,699] {scheduler_job.py:182} INFO - Started process (PID=1790) to work on /home/agalli/sandbox/lib/python3.6/site-packages/airflow/example_dags/subdags/subdag.py
[2021-12-02 14:54:04,701] {scheduler_job.py:633} INFO - Processing file /home/agalli/sandbox/lib/python3.6/site-packages/airflow/example_dags/subdags/subdag.py for tasks to queue
[2021-12-02 14:54:04,701] {logging_mixin.py:104} INFO - [2021-12-02 14:54:04,701] {dagbag.py:487} INFO - Filling up the DagBag from /home/agalli/sandbox/lib/python3.6/site-packages/airflow/example_dags/subdags/subdag.py
[2021-12-02 14:54:04,705] {scheduler_job.py:645} WARNING - No viable dags retrieved from /home/agalli/sandbox/lib/python3.6/site-packages/airflow/example_dags/subdags/subdag.py
[2021-12-02 14:54:04,714] {scheduler_job.py:190} INFO - Processing /home/agalli/sandbox/lib/python3.6/site-packages/airflow/example_dags/subdags/subdag.py took 0.020 seconds
[2021-12-02 14:54:37,947] {scheduler_job.py:182} INFO - Started process (PID=1819) to work on /home/agalli/sandbox/lib/python3.6/site-packages/airflow/example_dags/subdags/subdag.py
[2021-12-02 14:54:37,950] {scheduler_job.py:633} INFO - Processing file /home/agalli/sandbox/lib/python3.6/site-packages/airflow/example_dags/subdags/subdag.py for tasks to queue
[2021-12-02 14:54:37,952] {logging_mixin.py:104} INFO - [2021-12-02 14:54:37,951] {dagbag.py:487} INFO - Filling up the DagBag from /home/agalli/sandbox/lib/python3.6/site-packages/airflow/example_dags/subdags/subdag.py
[2021-12-02 14:54:37,962] {scheduler_job.py:645} WARNING - No viable dags retrieved from /home/agalli/sandbox/lib/python3.6/site-packages/airflow/example_dags/subdags/subdag.py
[2021-12-02 14:54:37,984] {scheduler_job.py:190} INFO - Processing /home/agalli/sandbox/lib/python3.6/site-packages/airflow/example_dags/subdags/subdag.py took 0.044 seconds
[2021-12-02 14:55:13,062] {scheduler_job.py:182} INFO - Started process (PID=1866) to work on /home/agalli/sandbox/lib/python3.6/site-packages/airflow/example_dags/subdags/subdag.py
[2021-12-02 14:55:13,064] {scheduler_job.py:633} INFO - Processing file /home/agalli/sandbox/lib/python3.6/site-packages/airflow/example_dags/subdags/subdag.py for tasks to queue
[2021-12-02 14:55:13,065] {logging_mixin.py:104} INFO - [2021-12-02 14:55:13,064] {dagbag.py:487} INFO - Filling up the DagBag from /home/agalli/sandbox/lib/python3.6/site-packages/airflow/example_dags/subdags/subdag.py
[2021-12-02 14:55:13,069] {scheduler_job.py:645} WARNING - No viable dags retrieved from /home/agalli/sandbox/lib/python3.6/site-packages/airflow/example_dags/subdags/subdag.py
[2021-12-02 14:55:13,079] {scheduler_job.py:190} INFO - Processing /home/agalli/sandbox/lib/python3.6/site-packages/airflow/example_dags/subdags/subdag.py took 0.021 seconds
[2021-12-02 14:55:50,610] {scheduler_job.py:182} INFO - Started process (PID=1963) to work on /home/agalli/sandbox/lib/python3.6/site-packages/airflow/example_dags/subdags/subdag.py
[2021-12-02 14:55:50,614] {scheduler_job.py:633} INFO - Processing file /home/agalli/sandbox/lib/python3.6/site-packages/airflow/example_dags/subdags/subdag.py for tasks to queue
[2021-12-02 14:55:50,617] {logging_mixin.py:104} INFO - [2021-12-02 14:55:50,616] {dagbag.py:487} INFO - Filling up the DagBag from /home/agalli/sandbox/lib/python3.6/site-packages/airflow/example_dags/subdags/subdag.py
[2021-12-02 14:55:50,622] {scheduler_job.py:645} WARNING - No viable dags retrieved from /home/agalli/sandbox/lib/python3.6/site-packages/airflow/example_dags/subdags/subdag.py
[2021-12-02 14:55:50,641] {scheduler_job.py:190} INFO - Processing /home/agalli/sandbox/lib/python3.6/site-packages/airflow/example_dags/subdags/subdag.py took 0.043 seconds
[2021-12-02 14:56:28,640] {scheduler_job.py:182} INFO - Started process (PID=1994) to work on /home/agalli/sandbox/lib/python3.6/site-packages/airflow/example_dags/subdags/subdag.py
[2021-12-02 14:56:28,646] {scheduler_job.py:633} INFO - Processing file /home/agalli/sandbox/lib/python3.6/site-packages/airflow/example_dags/subdags/subdag.py for tasks to queue
[2021-12-02 14:56:28,658] {logging_mixin.py:104} INFO - [2021-12-02 14:56:28,657] {dagbag.py:487} INFO - Filling up the DagBag from /home/agalli/sandbox/lib/python3.6/site-packages/airflow/example_dags/subdags/subdag.py
[2021-12-02 14:56:28,679] {scheduler_job.py:645} WARNING - No viable dags retrieved from /home/agalli/sandbox/lib/python3.6/site-packages/airflow/example_dags/subdags/subdag.py
[2021-12-02 14:56:28,714] {scheduler_job.py:190} INFO - Processing /home/agalli/sandbox/lib/python3.6/site-packages/airflow/example_dags/subdags/subdag.py took 0.081 seconds
[2021-12-02 14:57:00,971] {scheduler_job.py:182} INFO - Started process (PID=2019) to work on /home/agalli/sandbox/lib/python3.6/site-packages/airflow/example_dags/subdags/subdag.py
[2021-12-02 14:57:00,973] {scheduler_job.py:633} INFO - Processing file /home/agalli/sandbox/lib/python3.6/site-packages/airflow/example_dags/subdags/subdag.py for tasks to queue
[2021-12-02 14:57:00,974] {logging_mixin.py:104} INFO - [2021-12-02 14:57:00,973] {dagbag.py:487} INFO - Filling up the DagBag from /home/agalli/sandbox/lib/python3.6/site-packages/airflow/example_dags/subdags/subdag.py
[2021-12-02 14:57:00,980] {scheduler_job.py:645} WARNING - No viable dags retrieved from /home/agalli/sandbox/lib/python3.6/site-packages/airflow/example_dags/subdags/subdag.py
[2021-12-02 14:57:00,999] {scheduler_job.py:190} INFO - Processing /home/agalli/sandbox/lib/python3.6/site-packages/airflow/example_dags/subdags/subdag.py took 0.034 seconds
[2021-12-02 14:57:39,633] {scheduler_job.py:182} INFO - Started process (PID=2049) to work on /home/agalli/sandbox/lib/python3.6/site-packages/airflow/example_dags/subdags/subdag.py
[2021-12-02 14:57:39,635] {scheduler_job.py:633} INFO - Processing file /home/agalli/sandbox/lib/python3.6/site-packages/airflow/example_dags/subdags/subdag.py for tasks to queue
[2021-12-02 14:57:39,636] {logging_mixin.py:104} INFO - [2021-12-02 14:57:39,636] {dagbag.py:487} INFO - Filling up the DagBag from /home/agalli/sandbox/lib/python3.6/site-packages/airflow/example_dags/subdags/subdag.py
[2021-12-02 14:57:39,646] {scheduler_job.py:645} WARNING - No viable dags retrieved from /home/agalli/sandbox/lib/python3.6/site-packages/airflow/example_dags/subdags/subdag.py
[2021-12-02 14:57:39,664] {scheduler_job.py:190} INFO - Processing /home/agalli/sandbox/lib/python3.6/site-packages/airflow/example_dags/subdags/subdag.py took 0.038 seconds
[2021-12-02 14:58:23,708] {scheduler_job.py:182} INFO - Started process (PID=2080) to work on /home/agalli/sandbox/lib/python3.6/site-packages/airflow/example_dags/subdags/subdag.py
[2021-12-02 14:58:23,711] {scheduler_job.py:633} INFO - Processing file /home/agalli/sandbox/lib/python3.6/site-packages/airflow/example_dags/subdags/subdag.py for tasks to queue
[2021-12-02 14:58:23,712] {logging_mixin.py:104} INFO - [2021-12-02 14:58:23,712] {dagbag.py:487} INFO - Filling up the DagBag from /home/agalli/sandbox/lib/python3.6/site-packages/airflow/example_dags/subdags/subdag.py
[2021-12-02 14:58:23,719] {scheduler_job.py:645} WARNING - No viable dags retrieved from /home/agalli/sandbox/lib/python3.6/site-packages/airflow/example_dags/subdags/subdag.py
[2021-12-02 14:58:23,736] {scheduler_job.py:190} INFO - Processing /home/agalli/sandbox/lib/python3.6/site-packages/airflow/example_dags/subdags/subdag.py took 0.035 seconds
[2021-12-02 14:59:10,562] {scheduler_job.py:182} INFO - Started process (PID=2104) to work on /home/agalli/sandbox/lib/python3.6/site-packages/airflow/example_dags/subdags/subdag.py
[2021-12-02 14:59:10,565] {scheduler_job.py:633} INFO - Processing file /home/agalli/sandbox/lib/python3.6/site-packages/airflow/example_dags/subdags/subdag.py for tasks to queue
[2021-12-02 14:59:10,577] {logging_mixin.py:104} INFO - [2021-12-02 14:59:10,577] {dagbag.py:487} INFO - Filling up the DagBag from /home/agalli/sandbox/lib/python3.6/site-packages/airflow/example_dags/subdags/subdag.py
[2021-12-02 14:59:10,594] {scheduler_job.py:645} WARNING - No viable dags retrieved from /home/agalli/sandbox/lib/python3.6/site-packages/airflow/example_dags/subdags/subdag.py
[2021-12-02 14:59:10,646] {scheduler_job.py:190} INFO - Processing /home/agalli/sandbox/lib/python3.6/site-packages/airflow/example_dags/subdags/subdag.py took 0.100 seconds
[2021-12-02 14:59:47,413] {scheduler_job.py:182} INFO - Started process (PID=2123) to work on /home/agalli/sandbox/lib/python3.6/site-packages/airflow/example_dags/subdags/subdag.py
[2021-12-02 14:59:47,415] {scheduler_job.py:633} INFO - Processing file /home/agalli/sandbox/lib/python3.6/site-packages/airflow/example_dags/subdags/subdag.py for tasks to queue
[2021-12-02 14:59:47,418] {logging_mixin.py:104} INFO - [2021-12-02 14:59:47,417] {dagbag.py:487} INFO - Filling up the DagBag from /home/agalli/sandbox/lib/python3.6/site-packages/airflow/example_dags/subdags/subdag.py
[2021-12-02 14:59:47,428] {scheduler_job.py:645} WARNING - No viable dags retrieved from /home/agalli/sandbox/lib/python3.6/site-packages/airflow/example_dags/subdags/subdag.py
[2021-12-02 14:59:47,462] {scheduler_job.py:190} INFO - Processing /home/agalli/sandbox/lib/python3.6/site-packages/airflow/example_dags/subdags/subdag.py took 0.053 seconds
[2021-12-02 15:00:19,677] {scheduler_job.py:182} INFO - Started process (PID=2148) to work on /home/agalli/sandbox/lib/python3.6/site-packages/airflow/example_dags/subdags/subdag.py
[2021-12-02 15:00:19,681] {scheduler_job.py:633} INFO - Processing file /home/agalli/sandbox/lib/python3.6/site-packages/airflow/example_dags/subdags/subdag.py for tasks to queue
[2021-12-02 15:00:19,683] {logging_mixin.py:104} INFO - [2021-12-02 15:00:19,683] {dagbag.py:487} INFO - Filling up the DagBag from /home/agalli/sandbox/lib/python3.6/site-packages/airflow/example_dags/subdags/subdag.py
[2021-12-02 15:00:19,695] {scheduler_job.py:645} WARNING - No viable dags retrieved from /home/agalli/sandbox/lib/python3.6/site-packages/airflow/example_dags/subdags/subdag.py
[2021-12-02 15:00:19,723] {scheduler_job.py:190} INFO - Processing /home/agalli/sandbox/lib/python3.6/site-packages/airflow/example_dags/subdags/subdag.py took 0.049 seconds
[2021-12-02 15:00:53,822] {scheduler_job.py:182} INFO - Started process (PID=2174) to work on /home/agalli/sandbox/lib/python3.6/site-packages/airflow/example_dags/subdags/subdag.py
[2021-12-02 15:00:53,824] {scheduler_job.py:633} INFO - Processing file /home/agalli/sandbox/lib/python3.6/site-packages/airflow/example_dags/subdags/subdag.py for tasks to queue
[2021-12-02 15:00:53,825] {logging_mixin.py:104} INFO - [2021-12-02 15:00:53,825] {dagbag.py:487} INFO - Filling up the DagBag from /home/agalli/sandbox/lib/python3.6/site-packages/airflow/example_dags/subdags/subdag.py
[2021-12-02 15:00:53,829] {scheduler_job.py:645} WARNING - No viable dags retrieved from /home/agalli/sandbox/lib/python3.6/site-packages/airflow/example_dags/subdags/subdag.py
[2021-12-02 15:00:53,842] {scheduler_job.py:190} INFO - Processing /home/agalli/sandbox/lib/python3.6/site-packages/airflow/example_dags/subdags/subdag.py took 0.027 seconds
[2021-12-02 15:01:30,143] {scheduler_job.py:182} INFO - Started process (PID=2199) to work on /home/agalli/sandbox/lib/python3.6/site-packages/airflow/example_dags/subdags/subdag.py
[2021-12-02 15:01:30,147] {scheduler_job.py:633} INFO - Processing file /home/agalli/sandbox/lib/python3.6/site-packages/airflow/example_dags/subdags/subdag.py for tasks to queue
[2021-12-02 15:01:30,149] {logging_mixin.py:104} INFO - [2021-12-02 15:01:30,148] {dagbag.py:487} INFO - Filling up the DagBag from /home/agalli/sandbox/lib/python3.6/site-packages/airflow/example_dags/subdags/subdag.py
[2021-12-02 15:01:30,154] {scheduler_job.py:645} WARNING - No viable dags retrieved from /home/agalli/sandbox/lib/python3.6/site-packages/airflow/example_dags/subdags/subdag.py
[2021-12-02 15:01:30,173] {scheduler_job.py:190} INFO - Processing /home/agalli/sandbox/lib/python3.6/site-packages/airflow/example_dags/subdags/subdag.py took 0.043 seconds
[2021-12-02 15:03:44,799] {scheduler_job.py:182} INFO - Started process (PID=2283) to work on /home/agalli/sandbox/lib/python3.6/site-packages/airflow/example_dags/subdags/subdag.py
[2021-12-02 15:03:44,802] {scheduler_job.py:633} INFO - Processing file /home/agalli/sandbox/lib/python3.6/site-packages/airflow/example_dags/subdags/subdag.py for tasks to queue
[2021-12-02 15:03:44,814] {logging_mixin.py:104} INFO - [2021-12-02 15:03:44,814] {dagbag.py:487} INFO - Filling up the DagBag from /home/agalli/sandbox/lib/python3.6/site-packages/airflow/example_dags/subdags/subdag.py
[2021-12-02 15:03:44,831] {scheduler_job.py:645} WARNING - No viable dags retrieved from /home/agalli/sandbox/lib/python3.6/site-packages/airflow/example_dags/subdags/subdag.py
[2021-12-02 15:03:44,879] {scheduler_job.py:190} INFO - Processing /home/agalli/sandbox/lib/python3.6/site-packages/airflow/example_dags/subdags/subdag.py took 0.109 seconds
[2021-12-02 15:04:44,599] {scheduler_job.py:182} INFO - Started process (PID=2320) to work on /home/agalli/sandbox/lib/python3.6/site-packages/airflow/example_dags/subdags/subdag.py
[2021-12-02 15:04:44,602] {scheduler_job.py:633} INFO - Processing file /home/agalli/sandbox/lib/python3.6/site-packages/airflow/example_dags/subdags/subdag.py for tasks to queue
[2021-12-02 15:04:44,605] {logging_mixin.py:104} INFO - [2021-12-02 15:04:44,605] {dagbag.py:487} INFO - Filling up the DagBag from /home/agalli/sandbox/lib/python3.6/site-packages/airflow/example_dags/subdags/subdag.py
[2021-12-02 15:04:44,610] {scheduler_job.py:645} WARNING - No viable dags retrieved from /home/agalli/sandbox/lib/python3.6/site-packages/airflow/example_dags/subdags/subdag.py
[2021-12-02 15:04:44,632] {scheduler_job.py:190} INFO - Processing /home/agalli/sandbox/lib/python3.6/site-packages/airflow/example_dags/subdags/subdag.py took 0.038 seconds
[2021-12-02 15:05:19,130] {scheduler_job.py:182} INFO - Started process (PID=2344) to work on /home/agalli/sandbox/lib/python3.6/site-packages/airflow/example_dags/subdags/subdag.py
[2021-12-02 15:05:19,134] {scheduler_job.py:633} INFO - Processing file /home/agalli/sandbox/lib/python3.6/site-packages/airflow/example_dags/subdags/subdag.py for tasks to queue
[2021-12-02 15:05:19,136] {logging_mixin.py:104} INFO - [2021-12-02 15:05:19,135] {dagbag.py:487} INFO - Filling up the DagBag from /home/agalli/sandbox/lib/python3.6/site-packages/airflow/example_dags/subdags/subdag.py
[2021-12-02 15:05:19,144] {scheduler_job.py:645} WARNING - No viable dags retrieved from /home/agalli/sandbox/lib/python3.6/site-packages/airflow/example_dags/subdags/subdag.py
[2021-12-02 15:05:19,159] {scheduler_job.py:190} INFO - Processing /home/agalli/sandbox/lib/python3.6/site-packages/airflow/example_dags/subdags/subdag.py took 0.036 seconds
[2021-12-02 15:06:04,872] {scheduler_job.py:182} INFO - Started process (PID=2375) to work on /home/agalli/sandbox/lib/python3.6/site-packages/airflow/example_dags/subdags/subdag.py
[2021-12-02 15:06:04,875] {scheduler_job.py:633} INFO - Processing file /home/agalli/sandbox/lib/python3.6/site-packages/airflow/example_dags/subdags/subdag.py for tasks to queue
[2021-12-02 15:06:04,877] {logging_mixin.py:104} INFO - [2021-12-02 15:06:04,877] {dagbag.py:487} INFO - Filling up the DagBag from /home/agalli/sandbox/lib/python3.6/site-packages/airflow/example_dags/subdags/subdag.py
[2021-12-02 15:06:04,884] {scheduler_job.py:645} WARNING - No viable dags retrieved from /home/agalli/sandbox/lib/python3.6/site-packages/airflow/example_dags/subdags/subdag.py
[2021-12-02 15:06:04,900] {scheduler_job.py:190} INFO - Processing /home/agalli/sandbox/lib/python3.6/site-packages/airflow/example_dags/subdags/subdag.py took 0.043 seconds
[2021-12-02 15:06:35,535] {scheduler_job.py:182} INFO - Started process (PID=2395) to work on /home/agalli/sandbox/lib/python3.6/site-packages/airflow/example_dags/subdags/subdag.py
[2021-12-02 15:06:35,536] {scheduler_job.py:633} INFO - Processing file /home/agalli/sandbox/lib/python3.6/site-packages/airflow/example_dags/subdags/subdag.py for tasks to queue
[2021-12-02 15:06:35,537] {logging_mixin.py:104} INFO - [2021-12-02 15:06:35,537] {dagbag.py:487} INFO - Filling up the DagBag from /home/agalli/sandbox/lib/python3.6/site-packages/airflow/example_dags/subdags/subdag.py
[2021-12-02 15:06:35,553] {scheduler_job.py:645} WARNING - No viable dags retrieved from /home/agalli/sandbox/lib/python3.6/site-packages/airflow/example_dags/subdags/subdag.py
[2021-12-02 15:06:35,568] {scheduler_job.py:190} INFO - Processing /home/agalli/sandbox/lib/python3.6/site-packages/airflow/example_dags/subdags/subdag.py took 0.038 seconds
[2021-12-02 15:07:09,798] {scheduler_job.py:182} INFO - Started process (PID=2418) to work on /home/agalli/sandbox/lib/python3.6/site-packages/airflow/example_dags/subdags/subdag.py
[2021-12-02 15:07:09,801] {scheduler_job.py:633} INFO - Processing file /home/agalli/sandbox/lib/python3.6/site-packages/airflow/example_dags/subdags/subdag.py for tasks to queue
[2021-12-02 15:07:09,804] {logging_mixin.py:104} INFO - [2021-12-02 15:07:09,803] {dagbag.py:487} INFO - Filling up the DagBag from /home/agalli/sandbox/lib/python3.6/site-packages/airflow/example_dags/subdags/subdag.py
[2021-12-02 15:07:09,820] {scheduler_job.py:645} WARNING - No viable dags retrieved from /home/agalli/sandbox/lib/python3.6/site-packages/airflow/example_dags/subdags/subdag.py
[2021-12-02 15:07:09,846] {scheduler_job.py:190} INFO - Processing /home/agalli/sandbox/lib/python3.6/site-packages/airflow/example_dags/subdags/subdag.py took 0.065 seconds
[2021-12-02 15:07:49,678] {scheduler_job.py:182} INFO - Started process (PID=2449) to work on /home/agalli/sandbox/lib/python3.6/site-packages/airflow/example_dags/subdags/subdag.py
[2021-12-02 15:07:49,687] {scheduler_job.py:633} INFO - Processing file /home/agalli/sandbox/lib/python3.6/site-packages/airflow/example_dags/subdags/subdag.py for tasks to queue
[2021-12-02 15:07:49,689] {logging_mixin.py:104} INFO - [2021-12-02 15:07:49,689] {dagbag.py:487} INFO - Filling up the DagBag from /home/agalli/sandbox/lib/python3.6/site-packages/airflow/example_dags/subdags/subdag.py
[2021-12-02 15:07:49,704] {scheduler_job.py:645} WARNING - No viable dags retrieved from /home/agalli/sandbox/lib/python3.6/site-packages/airflow/example_dags/subdags/subdag.py
[2021-12-02 15:07:49,732] {scheduler_job.py:190} INFO - Processing /home/agalli/sandbox/lib/python3.6/site-packages/airflow/example_dags/subdags/subdag.py took 0.060 seconds
[2021-12-02 15:08:27,165] {scheduler_job.py:182} INFO - Started process (PID=2471) to work on /home/agalli/sandbox/lib/python3.6/site-packages/airflow/example_dags/subdags/subdag.py
[2021-12-02 15:08:27,167] {scheduler_job.py:633} INFO - Processing file /home/agalli/sandbox/lib/python3.6/site-packages/airflow/example_dags/subdags/subdag.py for tasks to queue
[2021-12-02 15:08:27,168] {logging_mixin.py:104} INFO - [2021-12-02 15:08:27,168] {dagbag.py:487} INFO - Filling up the DagBag from /home/agalli/sandbox/lib/python3.6/site-packages/airflow/example_dags/subdags/subdag.py
[2021-12-02 15:08:27,172] {scheduler_job.py:645} WARNING - No viable dags retrieved from /home/agalli/sandbox/lib/python3.6/site-packages/airflow/example_dags/subdags/subdag.py
[2021-12-02 15:08:27,182] {scheduler_job.py:190} INFO - Processing /home/agalli/sandbox/lib/python3.6/site-packages/airflow/example_dags/subdags/subdag.py took 0.032 seconds
[2021-12-02 15:09:04,463] {scheduler_job.py:182} INFO - Started process (PID=2496) to work on /home/agalli/sandbox/lib/python3.6/site-packages/airflow/example_dags/subdags/subdag.py
[2021-12-02 15:09:04,466] {scheduler_job.py:633} INFO - Processing file /home/agalli/sandbox/lib/python3.6/site-packages/airflow/example_dags/subdags/subdag.py for tasks to queue
[2021-12-02 15:09:04,468] {logging_mixin.py:104} INFO - [2021-12-02 15:09:04,468] {dagbag.py:487} INFO - Filling up the DagBag from /home/agalli/sandbox/lib/python3.6/site-packages/airflow/example_dags/subdags/subdag.py
[2021-12-02 15:09:04,475] {scheduler_job.py:645} WARNING - No viable dags retrieved from /home/agalli/sandbox/lib/python3.6/site-packages/airflow/example_dags/subdags/subdag.py
[2021-12-02 15:09:04,495] {scheduler_job.py:190} INFO - Processing /home/agalli/sandbox/lib/python3.6/site-packages/airflow/example_dags/subdags/subdag.py took 0.039 seconds
[2021-12-02 15:09:47,259] {scheduler_job.py:182} INFO - Started process (PID=2527) to work on /home/agalli/sandbox/lib/python3.6/site-packages/airflow/example_dags/subdags/subdag.py
[2021-12-02 15:09:47,261] {scheduler_job.py:633} INFO - Processing file /home/agalli/sandbox/lib/python3.6/site-packages/airflow/example_dags/subdags/subdag.py for tasks to queue
[2021-12-02 15:09:47,263] {logging_mixin.py:104} INFO - [2021-12-02 15:09:47,262] {dagbag.py:487} INFO - Filling up the DagBag from /home/agalli/sandbox/lib/python3.6/site-packages/airflow/example_dags/subdags/subdag.py
[2021-12-02 15:09:47,268] {scheduler_job.py:645} WARNING - No viable dags retrieved from /home/agalli/sandbox/lib/python3.6/site-packages/airflow/example_dags/subdags/subdag.py
[2021-12-02 15:09:47,283] {scheduler_job.py:190} INFO - Processing /home/agalli/sandbox/lib/python3.6/site-packages/airflow/example_dags/subdags/subdag.py took 0.031 seconds
[2021-12-02 15:10:24,622] {scheduler_job.py:182} INFO - Started process (PID=2558) to work on /home/agalli/sandbox/lib/python3.6/site-packages/airflow/example_dags/subdags/subdag.py
[2021-12-02 15:10:24,624] {scheduler_job.py:633} INFO - Processing file /home/agalli/sandbox/lib/python3.6/site-packages/airflow/example_dags/subdags/subdag.py for tasks to queue
[2021-12-02 15:10:24,626] {logging_mixin.py:104} INFO - [2021-12-02 15:10:24,625] {dagbag.py:487} INFO - Filling up the DagBag from /home/agalli/sandbox/lib/python3.6/site-packages/airflow/example_dags/subdags/subdag.py
[2021-12-02 15:10:24,630] {scheduler_job.py:645} WARNING - No viable dags retrieved from /home/agalli/sandbox/lib/python3.6/site-packages/airflow/example_dags/subdags/subdag.py
[2021-12-02 15:10:24,646] {scheduler_job.py:190} INFO - Processing /home/agalli/sandbox/lib/python3.6/site-packages/airflow/example_dags/subdags/subdag.py took 0.030 seconds
[2021-12-02 15:11:00,907] {scheduler_job.py:182} INFO - Started process (PID=2589) to work on /home/agalli/sandbox/lib/python3.6/site-packages/airflow/example_dags/subdags/subdag.py
[2021-12-02 15:11:00,909] {scheduler_job.py:633} INFO - Processing file /home/agalli/sandbox/lib/python3.6/site-packages/airflow/example_dags/subdags/subdag.py for tasks to queue
[2021-12-02 15:11:00,909] {logging_mixin.py:104} INFO - [2021-12-02 15:11:00,909] {dagbag.py:487} INFO - Filling up the DagBag from /home/agalli/sandbox/lib/python3.6/site-packages/airflow/example_dags/subdags/subdag.py
[2021-12-02 15:11:00,913] {scheduler_job.py:645} WARNING - No viable dags retrieved from /home/agalli/sandbox/lib/python3.6/site-packages/airflow/example_dags/subdags/subdag.py
[2021-12-02 15:11:00,922] {scheduler_job.py:190} INFO - Processing /home/agalli/sandbox/lib/python3.6/site-packages/airflow/example_dags/subdags/subdag.py took 0.020 seconds
[2021-12-02 15:11:35,196] {scheduler_job.py:182} INFO - Started process (PID=2620) to work on /home/agalli/sandbox/lib/python3.6/site-packages/airflow/example_dags/subdags/subdag.py
[2021-12-02 15:11:35,198] {scheduler_job.py:633} INFO - Processing file /home/agalli/sandbox/lib/python3.6/site-packages/airflow/example_dags/subdags/subdag.py for tasks to queue
[2021-12-02 15:11:35,199] {logging_mixin.py:104} INFO - [2021-12-02 15:11:35,199] {dagbag.py:487} INFO - Filling up the DagBag from /home/agalli/sandbox/lib/python3.6/site-packages/airflow/example_dags/subdags/subdag.py
[2021-12-02 15:11:35,204] {scheduler_job.py:645} WARNING - No viable dags retrieved from /home/agalli/sandbox/lib/python3.6/site-packages/airflow/example_dags/subdags/subdag.py
[2021-12-02 15:11:35,216] {scheduler_job.py:190} INFO - Processing /home/agalli/sandbox/lib/python3.6/site-packages/airflow/example_dags/subdags/subdag.py took 0.026 seconds
[2021-12-02 15:12:09,382] {scheduler_job.py:182} INFO - Started process (PID=2651) to work on /home/agalli/sandbox/lib/python3.6/site-packages/airflow/example_dags/subdags/subdag.py
[2021-12-02 15:12:09,384] {scheduler_job.py:633} INFO - Processing file /home/agalli/sandbox/lib/python3.6/site-packages/airflow/example_dags/subdags/subdag.py for tasks to queue
[2021-12-02 15:12:09,385] {logging_mixin.py:104} INFO - [2021-12-02 15:12:09,384] {dagbag.py:487} INFO - Filling up the DagBag from /home/agalli/sandbox/lib/python3.6/site-packages/airflow/example_dags/subdags/subdag.py
[2021-12-02 15:12:09,389] {scheduler_job.py:645} WARNING - No viable dags retrieved from /home/agalli/sandbox/lib/python3.6/site-packages/airflow/example_dags/subdags/subdag.py
[2021-12-02 15:12:09,401] {scheduler_job.py:190} INFO - Processing /home/agalli/sandbox/lib/python3.6/site-packages/airflow/example_dags/subdags/subdag.py took 0.024 seconds
[2021-12-02 15:12:41,319] {scheduler_job.py:182} INFO - Started process (PID=2678) to work on /home/agalli/sandbox/lib/python3.6/site-packages/airflow/example_dags/subdags/subdag.py
[2021-12-02 15:12:41,321] {scheduler_job.py:633} INFO - Processing file /home/agalli/sandbox/lib/python3.6/site-packages/airflow/example_dags/subdags/subdag.py for tasks to queue
[2021-12-02 15:12:41,321] {logging_mixin.py:104} INFO - [2021-12-02 15:12:41,321] {dagbag.py:487} INFO - Filling up the DagBag from /home/agalli/sandbox/lib/python3.6/site-packages/airflow/example_dags/subdags/subdag.py
[2021-12-02 15:12:41,324] {scheduler_job.py:645} WARNING - No viable dags retrieved from /home/agalli/sandbox/lib/python3.6/site-packages/airflow/example_dags/subdags/subdag.py
[2021-12-02 15:12:41,333] {scheduler_job.py:190} INFO - Processing /home/agalli/sandbox/lib/python3.6/site-packages/airflow/example_dags/subdags/subdag.py took 0.018 seconds
[2021-12-02 15:13:15,151] {scheduler_job.py:182} INFO - Started process (PID=2708) to work on /home/agalli/sandbox/lib/python3.6/site-packages/airflow/example_dags/subdags/subdag.py
[2021-12-02 15:13:15,152] {scheduler_job.py:633} INFO - Processing file /home/agalli/sandbox/lib/python3.6/site-packages/airflow/example_dags/subdags/subdag.py for tasks to queue
[2021-12-02 15:13:15,153] {logging_mixin.py:104} INFO - [2021-12-02 15:13:15,153] {dagbag.py:487} INFO - Filling up the DagBag from /home/agalli/sandbox/lib/python3.6/site-packages/airflow/example_dags/subdags/subdag.py
[2021-12-02 15:13:15,156] {scheduler_job.py:645} WARNING - No viable dags retrieved from /home/agalli/sandbox/lib/python3.6/site-packages/airflow/example_dags/subdags/subdag.py
[2021-12-02 15:13:15,165] {scheduler_job.py:190} INFO - Processing /home/agalli/sandbox/lib/python3.6/site-packages/airflow/example_dags/subdags/subdag.py took 0.017 seconds
[2021-12-02 15:13:45,565] {scheduler_job.py:182} INFO - Started process (PID=2736) to work on /home/agalli/sandbox/lib/python3.6/site-packages/airflow/example_dags/subdags/subdag.py
[2021-12-02 15:13:45,567] {scheduler_job.py:633} INFO - Processing file /home/agalli/sandbox/lib/python3.6/site-packages/airflow/example_dags/subdags/subdag.py for tasks to queue
[2021-12-02 15:13:45,568] {logging_mixin.py:104} INFO - [2021-12-02 15:13:45,567] {dagbag.py:487} INFO - Filling up the DagBag from /home/agalli/sandbox/lib/python3.6/site-packages/airflow/example_dags/subdags/subdag.py
[2021-12-02 15:13:45,571] {scheduler_job.py:645} WARNING - No viable dags retrieved from /home/agalli/sandbox/lib/python3.6/site-packages/airflow/example_dags/subdags/subdag.py
[2021-12-02 15:13:45,579] {scheduler_job.py:190} INFO - Processing /home/agalli/sandbox/lib/python3.6/site-packages/airflow/example_dags/subdags/subdag.py took 0.016 seconds
[2021-12-02 15:14:18,529] {scheduler_job.py:182} INFO - Started process (PID=2766) to work on /home/agalli/sandbox/lib/python3.6/site-packages/airflow/example_dags/subdags/subdag.py
[2021-12-02 15:14:18,530] {scheduler_job.py:633} INFO - Processing file /home/agalli/sandbox/lib/python3.6/site-packages/airflow/example_dags/subdags/subdag.py for tasks to queue
[2021-12-02 15:14:18,531] {logging_mixin.py:104} INFO - [2021-12-02 15:14:18,531] {dagbag.py:487} INFO - Filling up the DagBag from /home/agalli/sandbox/lib/python3.6/site-packages/airflow/example_dags/subdags/subdag.py
[2021-12-02 15:14:18,535] {scheduler_job.py:645} WARNING - No viable dags retrieved from /home/agalli/sandbox/lib/python3.6/site-packages/airflow/example_dags/subdags/subdag.py
[2021-12-02 15:14:18,547] {scheduler_job.py:190} INFO - Processing /home/agalli/sandbox/lib/python3.6/site-packages/airflow/example_dags/subdags/subdag.py took 0.023 seconds
[2021-12-02 15:14:53,983] {scheduler_job.py:182} INFO - Started process (PID=2796) to work on /home/agalli/sandbox/lib/python3.6/site-packages/airflow/example_dags/subdags/subdag.py
[2021-12-02 15:14:53,985] {scheduler_job.py:633} INFO - Processing file /home/agalli/sandbox/lib/python3.6/site-packages/airflow/example_dags/subdags/subdag.py for tasks to queue
[2021-12-02 15:14:53,986] {logging_mixin.py:104} INFO - [2021-12-02 15:14:53,986] {dagbag.py:487} INFO - Filling up the DagBag from /home/agalli/sandbox/lib/python3.6/site-packages/airflow/example_dags/subdags/subdag.py
[2021-12-02 15:14:53,990] {scheduler_job.py:645} WARNING - No viable dags retrieved from /home/agalli/sandbox/lib/python3.6/site-packages/airflow/example_dags/subdags/subdag.py
[2021-12-02 15:14:54,005] {scheduler_job.py:190} INFO - Processing /home/agalli/sandbox/lib/python3.6/site-packages/airflow/example_dags/subdags/subdag.py took 0.032 seconds
[2021-12-02 15:15:26,268] {scheduler_job.py:182} INFO - Started process (PID=2822) to work on /home/agalli/sandbox/lib/python3.6/site-packages/airflow/example_dags/subdags/subdag.py
[2021-12-02 15:15:26,272] {scheduler_job.py:633} INFO - Processing file /home/agalli/sandbox/lib/python3.6/site-packages/airflow/example_dags/subdags/subdag.py for tasks to queue
[2021-12-02 15:15:26,273] {logging_mixin.py:104} INFO - [2021-12-02 15:15:26,273] {dagbag.py:487} INFO - Filling up the DagBag from /home/agalli/sandbox/lib/python3.6/site-packages/airflow/example_dags/subdags/subdag.py
[2021-12-02 15:15:26,278] {scheduler_job.py:645} WARNING - No viable dags retrieved from /home/agalli/sandbox/lib/python3.6/site-packages/airflow/example_dags/subdags/subdag.py
[2021-12-02 15:15:26,292] {scheduler_job.py:190} INFO - Processing /home/agalli/sandbox/lib/python3.6/site-packages/airflow/example_dags/subdags/subdag.py took 0.030 seconds
[2021-12-02 15:16:00,535] {scheduler_job.py:182} INFO - Started process (PID=2851) to work on /home/agalli/sandbox/lib/python3.6/site-packages/airflow/example_dags/subdags/subdag.py
[2021-12-02 15:16:00,537] {scheduler_job.py:633} INFO - Processing file /home/agalli/sandbox/lib/python3.6/site-packages/airflow/example_dags/subdags/subdag.py for tasks to queue
[2021-12-02 15:16:00,538] {logging_mixin.py:104} INFO - [2021-12-02 15:16:00,538] {dagbag.py:487} INFO - Filling up the DagBag from /home/agalli/sandbox/lib/python3.6/site-packages/airflow/example_dags/subdags/subdag.py
[2021-12-02 15:16:00,542] {scheduler_job.py:645} WARNING - No viable dags retrieved from /home/agalli/sandbox/lib/python3.6/site-packages/airflow/example_dags/subdags/subdag.py
[2021-12-02 15:16:00,553] {scheduler_job.py:190} INFO - Processing /home/agalli/sandbox/lib/python3.6/site-packages/airflow/example_dags/subdags/subdag.py took 0.023 seconds
[2021-12-02 15:16:35,844] {scheduler_job.py:182} INFO - Started process (PID=2882) to work on /home/agalli/sandbox/lib/python3.6/site-packages/airflow/example_dags/subdags/subdag.py
[2021-12-02 15:16:35,846] {scheduler_job.py:633} INFO - Processing file /home/agalli/sandbox/lib/python3.6/site-packages/airflow/example_dags/subdags/subdag.py for tasks to queue
[2021-12-02 15:16:35,847] {logging_mixin.py:104} INFO - [2021-12-02 15:16:35,847] {dagbag.py:487} INFO - Filling up the DagBag from /home/agalli/sandbox/lib/python3.6/site-packages/airflow/example_dags/subdags/subdag.py
[2021-12-02 15:16:35,851] {scheduler_job.py:645} WARNING - No viable dags retrieved from /home/agalli/sandbox/lib/python3.6/site-packages/airflow/example_dags/subdags/subdag.py
[2021-12-02 15:16:35,863] {scheduler_job.py:190} INFO - Processing /home/agalli/sandbox/lib/python3.6/site-packages/airflow/example_dags/subdags/subdag.py took 0.024 seconds
[2021-12-02 15:17:08,299] {scheduler_job.py:182} INFO - Started process (PID=2912) to work on /home/agalli/sandbox/lib/python3.6/site-packages/airflow/example_dags/subdags/subdag.py
[2021-12-02 15:17:08,300] {scheduler_job.py:633} INFO - Processing file /home/agalli/sandbox/lib/python3.6/site-packages/airflow/example_dags/subdags/subdag.py for tasks to queue
[2021-12-02 15:17:08,301] {logging_mixin.py:104} INFO - [2021-12-02 15:17:08,301] {dagbag.py:487} INFO - Filling up the DagBag from /home/agalli/sandbox/lib/python3.6/site-packages/airflow/example_dags/subdags/subdag.py
[2021-12-02 15:17:08,304] {scheduler_job.py:645} WARNING - No viable dags retrieved from /home/agalli/sandbox/lib/python3.6/site-packages/airflow/example_dags/subdags/subdag.py
[2021-12-02 15:17:08,312] {scheduler_job.py:190} INFO - Processing /home/agalli/sandbox/lib/python3.6/site-packages/airflow/example_dags/subdags/subdag.py took 0.016 seconds
[2021-12-02 15:17:39,865] {scheduler_job.py:182} INFO - Started process (PID=2941) to work on /home/agalli/sandbox/lib/python3.6/site-packages/airflow/example_dags/subdags/subdag.py
[2021-12-02 15:17:39,866] {scheduler_job.py:633} INFO - Processing file /home/agalli/sandbox/lib/python3.6/site-packages/airflow/example_dags/subdags/subdag.py for tasks to queue
[2021-12-02 15:17:39,867] {logging_mixin.py:104} INFO - [2021-12-02 15:17:39,867] {dagbag.py:487} INFO - Filling up the DagBag from /home/agalli/sandbox/lib/python3.6/site-packages/airflow/example_dags/subdags/subdag.py
[2021-12-02 15:17:39,871] {scheduler_job.py:645} WARNING - No viable dags retrieved from /home/agalli/sandbox/lib/python3.6/site-packages/airflow/example_dags/subdags/subdag.py
[2021-12-02 15:17:39,881] {scheduler_job.py:190} INFO - Processing /home/agalli/sandbox/lib/python3.6/site-packages/airflow/example_dags/subdags/subdag.py took 0.020 seconds
[2021-12-02 15:18:11,223] {scheduler_job.py:182} INFO - Started process (PID=2970) to work on /home/agalli/sandbox/lib/python3.6/site-packages/airflow/example_dags/subdags/subdag.py
[2021-12-02 15:18:11,225] {scheduler_job.py:633} INFO - Processing file /home/agalli/sandbox/lib/python3.6/site-packages/airflow/example_dags/subdags/subdag.py for tasks to queue
[2021-12-02 15:18:11,226] {logging_mixin.py:104} INFO - [2021-12-02 15:18:11,226] {dagbag.py:487} INFO - Filling up the DagBag from /home/agalli/sandbox/lib/python3.6/site-packages/airflow/example_dags/subdags/subdag.py
[2021-12-02 15:18:11,230] {scheduler_job.py:645} WARNING - No viable dags retrieved from /home/agalli/sandbox/lib/python3.6/site-packages/airflow/example_dags/subdags/subdag.py
[2021-12-02 15:18:11,241] {scheduler_job.py:190} INFO - Processing /home/agalli/sandbox/lib/python3.6/site-packages/airflow/example_dags/subdags/subdag.py took 0.023 seconds
[2021-12-02 15:18:43,072] {scheduler_job.py:182} INFO - Started process (PID=2998) to work on /home/agalli/sandbox/lib/python3.6/site-packages/airflow/example_dags/subdags/subdag.py
[2021-12-02 15:18:43,073] {scheduler_job.py:633} INFO - Processing file /home/agalli/sandbox/lib/python3.6/site-packages/airflow/example_dags/subdags/subdag.py for tasks to queue
[2021-12-02 15:18:43,074] {logging_mixin.py:104} INFO - [2021-12-02 15:18:43,074] {dagbag.py:487} INFO - Filling up the DagBag from /home/agalli/sandbox/lib/python3.6/site-packages/airflow/example_dags/subdags/subdag.py
[2021-12-02 15:18:43,077] {scheduler_job.py:645} WARNING - No viable dags retrieved from /home/agalli/sandbox/lib/python3.6/site-packages/airflow/example_dags/subdags/subdag.py
[2021-12-02 15:18:43,086] {scheduler_job.py:190} INFO - Processing /home/agalli/sandbox/lib/python3.6/site-packages/airflow/example_dags/subdags/subdag.py took 0.017 seconds
[2021-12-02 15:19:14,858] {scheduler_job.py:182} INFO - Started process (PID=3027) to work on /home/agalli/sandbox/lib/python3.6/site-packages/airflow/example_dags/subdags/subdag.py
[2021-12-02 15:19:14,859] {scheduler_job.py:633} INFO - Processing file /home/agalli/sandbox/lib/python3.6/site-packages/airflow/example_dags/subdags/subdag.py for tasks to queue
[2021-12-02 15:19:14,860] {logging_mixin.py:104} INFO - [2021-12-02 15:19:14,860] {dagbag.py:487} INFO - Filling up the DagBag from /home/agalli/sandbox/lib/python3.6/site-packages/airflow/example_dags/subdags/subdag.py
[2021-12-02 15:19:14,863] {scheduler_job.py:645} WARNING - No viable dags retrieved from /home/agalli/sandbox/lib/python3.6/site-packages/airflow/example_dags/subdags/subdag.py
[2021-12-02 15:19:14,872] {scheduler_job.py:190} INFO - Processing /home/agalli/sandbox/lib/python3.6/site-packages/airflow/example_dags/subdags/subdag.py took 0.018 seconds
[2021-12-02 15:19:49,938] {scheduler_job.py:182} INFO - Started process (PID=3056) to work on /home/agalli/sandbox/lib/python3.6/site-packages/airflow/example_dags/subdags/subdag.py
[2021-12-02 15:19:49,945] {scheduler_job.py:633} INFO - Processing file /home/agalli/sandbox/lib/python3.6/site-packages/airflow/example_dags/subdags/subdag.py for tasks to queue
[2021-12-02 15:19:49,950] {logging_mixin.py:104} INFO - [2021-12-02 15:19:49,949] {dagbag.py:487} INFO - Filling up the DagBag from /home/agalli/sandbox/lib/python3.6/site-packages/airflow/example_dags/subdags/subdag.py
[2021-12-02 15:19:49,959] {scheduler_job.py:645} WARNING - No viable dags retrieved from /home/agalli/sandbox/lib/python3.6/site-packages/airflow/example_dags/subdags/subdag.py
[2021-12-02 15:19:49,980] {scheduler_job.py:190} INFO - Processing /home/agalli/sandbox/lib/python3.6/site-packages/airflow/example_dags/subdags/subdag.py took 0.061 seconds
[2021-12-02 15:20:29,832] {scheduler_job.py:182} INFO - Started process (PID=3086) to work on /home/agalli/sandbox/lib/python3.6/site-packages/airflow/example_dags/subdags/subdag.py
[2021-12-02 15:20:29,838] {scheduler_job.py:633} INFO - Processing file /home/agalli/sandbox/lib/python3.6/site-packages/airflow/example_dags/subdags/subdag.py for tasks to queue
[2021-12-02 15:20:29,840] {logging_mixin.py:104} INFO - [2021-12-02 15:20:29,840] {dagbag.py:487} INFO - Filling up the DagBag from /home/agalli/sandbox/lib/python3.6/site-packages/airflow/example_dags/subdags/subdag.py
[2021-12-02 15:20:29,845] {scheduler_job.py:645} WARNING - No viable dags retrieved from /home/agalli/sandbox/lib/python3.6/site-packages/airflow/example_dags/subdags/subdag.py
[2021-12-02 15:20:29,860] {scheduler_job.py:190} INFO - Processing /home/agalli/sandbox/lib/python3.6/site-packages/airflow/example_dags/subdags/subdag.py took 0.033 seconds
