[2021-12-10 16:23:54,891] {scheduler_job.py:182} INFO - Started process (PID=1679) to work on /home/agalli/sandbox/lib/python3.6/site-packages/airflow/example_dags/example_branch_python_dop_operator_3.py
[2021-12-10 16:23:54,894] {scheduler_job.py:633} INFO - Processing file /home/agalli/sandbox/lib/python3.6/site-packages/airflow/example_dags/example_branch_python_dop_operator_3.py for tasks to queue
[2021-12-10 16:23:54,921] {logging_mixin.py:104} INFO - [2021-12-10 16:23:54,921] {dagbag.py:487} INFO - Filling up the DagBag from /home/agalli/sandbox/lib/python3.6/site-packages/airflow/example_dags/example_branch_python_dop_operator_3.py
[2021-12-10 16:23:54,973] {scheduler_job.py:643} INFO - DAG(s) dict_keys(['example_branch_dop_operator_v3']) retrieved from /home/agalli/sandbox/lib/python3.6/site-packages/airflow/example_dags/example_branch_python_dop_operator_3.py
[2021-12-10 16:23:55,922] {logging_mixin.py:104} INFO - [2021-12-10 16:23:55,922] {dag.py:1832} INFO - Sync 1 DAGs
[2021-12-10 16:23:55,954] {logging_mixin.py:104} INFO - [2021-12-10 16:23:55,953] {dag.py:2305} INFO - Setting next_dagrun for example_branch_dop_operator_v3 to 2021-12-08 00:00:00+00:00
[2021-12-10 16:23:55,986] {scheduler_job.py:190} INFO - Processing /home/agalli/sandbox/lib/python3.6/site-packages/airflow/example_dags/example_branch_python_dop_operator_3.py took 1.137 seconds
[2021-12-10 16:24:52,133] {scheduler_job.py:182} INFO - Started process (PID=1714) to work on /home/agalli/sandbox/lib/python3.6/site-packages/airflow/example_dags/example_branch_python_dop_operator_3.py
[2021-12-10 16:24:52,137] {scheduler_job.py:633} INFO - Processing file /home/agalli/sandbox/lib/python3.6/site-packages/airflow/example_dags/example_branch_python_dop_operator_3.py for tasks to queue
[2021-12-10 16:24:52,154] {logging_mixin.py:104} INFO - [2021-12-10 16:24:52,153] {dagbag.py:487} INFO - Filling up the DagBag from /home/agalli/sandbox/lib/python3.6/site-packages/airflow/example_dags/example_branch_python_dop_operator_3.py
[2021-12-10 16:24:52,221] {scheduler_job.py:643} INFO - DAG(s) dict_keys(['example_branch_dop_operator_v3']) retrieved from /home/agalli/sandbox/lib/python3.6/site-packages/airflow/example_dags/example_branch_python_dop_operator_3.py
[2021-12-10 16:24:52,359] {logging_mixin.py:104} INFO - [2021-12-10 16:24:52,359] {dag.py:1832} INFO - Sync 1 DAGs
[2021-12-10 16:24:52,488] {logging_mixin.py:104} INFO - [2021-12-10 16:24:52,488] {dag.py:2305} INFO - Setting next_dagrun for example_branch_dop_operator_v3 to 2021-12-08 00:00:00+00:00
[2021-12-10 16:24:52,566] {scheduler_job.py:190} INFO - Processing /home/agalli/sandbox/lib/python3.6/site-packages/airflow/example_dags/example_branch_python_dop_operator_3.py took 0.457 seconds
[2021-12-10 16:25:57,510] {scheduler_job.py:182} INFO - Started process (PID=1881) to work on /home/agalli/sandbox/lib/python3.6/site-packages/airflow/example_dags/example_branch_python_dop_operator_3.py
[2021-12-10 16:25:57,514] {scheduler_job.py:633} INFO - Processing file /home/agalli/sandbox/lib/python3.6/site-packages/airflow/example_dags/example_branch_python_dop_operator_3.py for tasks to queue
[2021-12-10 16:25:57,517] {logging_mixin.py:104} INFO - [2021-12-10 16:25:57,516] {dagbag.py:487} INFO - Filling up the DagBag from /home/agalli/sandbox/lib/python3.6/site-packages/airflow/example_dags/example_branch_python_dop_operator_3.py
[2021-12-10 16:25:57,564] {scheduler_job.py:643} INFO - DAG(s) dict_keys(['example_branch_dop_operator_v3']) retrieved from /home/agalli/sandbox/lib/python3.6/site-packages/airflow/example_dags/example_branch_python_dop_operator_3.py
[2021-12-10 16:25:57,672] {logging_mixin.py:104} INFO - [2021-12-10 16:25:57,664] {dag.py:1832} INFO - Sync 1 DAGs
[2021-12-10 16:25:57,851] {logging_mixin.py:104} INFO - [2021-12-10 16:25:57,851] {dag.py:2305} INFO - Setting next_dagrun for example_branch_dop_operator_v3 to 2021-12-08 00:00:00+00:00
[2021-12-10 16:25:57,914] {scheduler_job.py:190} INFO - Processing /home/agalli/sandbox/lib/python3.6/site-packages/airflow/example_dags/example_branch_python_dop_operator_3.py took 0.415 seconds
[2021-12-10 16:27:00,584] {scheduler_job.py:182} INFO - Started process (PID=2192) to work on /home/agalli/sandbox/lib/python3.6/site-packages/airflow/example_dags/example_branch_python_dop_operator_3.py
[2021-12-10 16:27:00,587] {scheduler_job.py:633} INFO - Processing file /home/agalli/sandbox/lib/python3.6/site-packages/airflow/example_dags/example_branch_python_dop_operator_3.py for tasks to queue
[2021-12-10 16:27:00,589] {logging_mixin.py:104} INFO - [2021-12-10 16:27:00,589] {dagbag.py:487} INFO - Filling up the DagBag from /home/agalli/sandbox/lib/python3.6/site-packages/airflow/example_dags/example_branch_python_dop_operator_3.py
[2021-12-10 16:27:00,617] {scheduler_job.py:643} INFO - DAG(s) dict_keys(['example_branch_dop_operator_v3']) retrieved from /home/agalli/sandbox/lib/python3.6/site-packages/airflow/example_dags/example_branch_python_dop_operator_3.py
[2021-12-10 16:27:00,643] {logging_mixin.py:104} INFO - [2021-12-10 16:27:00,643] {dag.py:1832} INFO - Sync 1 DAGs
[2021-12-10 16:27:00,673] {logging_mixin.py:104} INFO - [2021-12-10 16:27:00,673] {dag.py:2305} INFO - Setting next_dagrun for example_branch_dop_operator_v3 to 2021-12-08 00:00:00+00:00
[2021-12-10 16:27:00,698] {scheduler_job.py:190} INFO - Processing /home/agalli/sandbox/lib/python3.6/site-packages/airflow/example_dags/example_branch_python_dop_operator_3.py took 0.124 seconds
[2021-12-10 16:27:55,998] {scheduler_job.py:182} INFO - Started process (PID=2305) to work on /home/agalli/sandbox/lib/python3.6/site-packages/airflow/example_dags/example_branch_python_dop_operator_3.py
[2021-12-10 16:27:56,001] {scheduler_job.py:633} INFO - Processing file /home/agalli/sandbox/lib/python3.6/site-packages/airflow/example_dags/example_branch_python_dop_operator_3.py for tasks to queue
[2021-12-10 16:27:56,013] {logging_mixin.py:104} INFO - [2021-12-10 16:27:56,012] {dagbag.py:487} INFO - Filling up the DagBag from /home/agalli/sandbox/lib/python3.6/site-packages/airflow/example_dags/example_branch_python_dop_operator_3.py
[2021-12-10 16:27:56,096] {scheduler_job.py:643} INFO - DAG(s) dict_keys(['example_branch_dop_operator_v3']) retrieved from /home/agalli/sandbox/lib/python3.6/site-packages/airflow/example_dags/example_branch_python_dop_operator_3.py
[2021-12-10 16:27:56,207] {logging_mixin.py:104} INFO - [2021-12-10 16:27:56,207] {dag.py:1832} INFO - Sync 1 DAGs
[2021-12-10 16:27:56,627] {logging_mixin.py:104} INFO - [2021-12-10 16:27:56,627] {dag.py:2305} INFO - Setting next_dagrun for example_branch_dop_operator_v3 to 2021-12-08 00:00:00+00:00
[2021-12-10 16:27:56,861] {scheduler_job.py:190} INFO - Processing /home/agalli/sandbox/lib/python3.6/site-packages/airflow/example_dags/example_branch_python_dop_operator_3.py took 0.892 seconds
[2021-12-10 16:29:15,614] {scheduler_job.py:182} INFO - Started process (PID=2634) to work on /home/agalli/sandbox/lib/python3.6/site-packages/airflow/example_dags/example_branch_python_dop_operator_3.py
[2021-12-10 16:29:15,617] {scheduler_job.py:633} INFO - Processing file /home/agalli/sandbox/lib/python3.6/site-packages/airflow/example_dags/example_branch_python_dop_operator_3.py for tasks to queue
[2021-12-10 16:29:15,618] {logging_mixin.py:104} INFO - [2021-12-10 16:29:15,618] {dagbag.py:487} INFO - Filling up the DagBag from /home/agalli/sandbox/lib/python3.6/site-packages/airflow/example_dags/example_branch_python_dop_operator_3.py
[2021-12-10 16:29:15,665] {scheduler_job.py:643} INFO - DAG(s) dict_keys(['example_branch_dop_operator_v3']) retrieved from /home/agalli/sandbox/lib/python3.6/site-packages/airflow/example_dags/example_branch_python_dop_operator_3.py
[2021-12-10 16:29:15,712] {logging_mixin.py:104} INFO - [2021-12-10 16:29:15,711] {dag.py:1832} INFO - Sync 1 DAGs
[2021-12-10 16:29:15,848] {logging_mixin.py:104} INFO - [2021-12-10 16:29:15,848] {dag.py:2305} INFO - Setting next_dagrun for example_branch_dop_operator_v3 to 2021-12-08 00:00:00+00:00
[2021-12-10 16:29:16,010] {scheduler_job.py:190} INFO - Processing /home/agalli/sandbox/lib/python3.6/site-packages/airflow/example_dags/example_branch_python_dop_operator_3.py took 0.410 seconds
[2021-12-10 16:30:20,577] {scheduler_job.py:182} INFO - Started process (PID=2681) to work on /home/agalli/sandbox/lib/python3.6/site-packages/airflow/example_dags/example_branch_python_dop_operator_3.py
[2021-12-10 16:30:20,581] {scheduler_job.py:633} INFO - Processing file /home/agalli/sandbox/lib/python3.6/site-packages/airflow/example_dags/example_branch_python_dop_operator_3.py for tasks to queue
[2021-12-10 16:30:20,583] {logging_mixin.py:104} INFO - [2021-12-10 16:30:20,583] {dagbag.py:487} INFO - Filling up the DagBag from /home/agalli/sandbox/lib/python3.6/site-packages/airflow/example_dags/example_branch_python_dop_operator_3.py
[2021-12-10 16:30:20,607] {scheduler_job.py:643} INFO - DAG(s) dict_keys(['example_branch_dop_operator_v3']) retrieved from /home/agalli/sandbox/lib/python3.6/site-packages/airflow/example_dags/example_branch_python_dop_operator_3.py
[2021-12-10 16:30:20,628] {logging_mixin.py:104} INFO - [2021-12-10 16:30:20,627] {dag.py:1832} INFO - Sync 1 DAGs
[2021-12-10 16:30:20,680] {logging_mixin.py:104} INFO - [2021-12-10 16:30:20,680] {dag.py:2305} INFO - Setting next_dagrun for example_branch_dop_operator_v3 to 2021-12-08 00:00:00+00:00
[2021-12-10 16:30:20,717] {scheduler_job.py:190} INFO - Processing /home/agalli/sandbox/lib/python3.6/site-packages/airflow/example_dags/example_branch_python_dop_operator_3.py took 0.148 seconds
[2021-12-10 16:31:44,934] {scheduler_job.py:182} INFO - Started process (PID=3006) to work on /home/agalli/sandbox/lib/python3.6/site-packages/airflow/example_dags/example_branch_python_dop_operator_3.py
[2021-12-10 16:31:44,937] {scheduler_job.py:633} INFO - Processing file /home/agalli/sandbox/lib/python3.6/site-packages/airflow/example_dags/example_branch_python_dop_operator_3.py for tasks to queue
[2021-12-10 16:31:44,938] {logging_mixin.py:104} INFO - [2021-12-10 16:31:44,938] {dagbag.py:487} INFO - Filling up the DagBag from /home/agalli/sandbox/lib/python3.6/site-packages/airflow/example_dags/example_branch_python_dop_operator_3.py
[2021-12-10 16:31:44,981] {scheduler_job.py:643} INFO - DAG(s) dict_keys(['example_branch_dop_operator_v3']) retrieved from /home/agalli/sandbox/lib/python3.6/site-packages/airflow/example_dags/example_branch_python_dop_operator_3.py
[2021-12-10 16:31:45,193] {logging_mixin.py:104} INFO - [2021-12-10 16:31:45,193] {dag.py:1832} INFO - Sync 1 DAGs
[2021-12-10 16:31:45,275] {logging_mixin.py:104} INFO - [2021-12-10 16:31:45,271] {dag.py:2305} INFO - Setting next_dagrun for example_branch_dop_operator_v3 to 2021-12-08 00:00:00+00:00
[2021-12-10 16:31:45,470] {scheduler_job.py:190} INFO - Processing /home/agalli/sandbox/lib/python3.6/site-packages/airflow/example_dags/example_branch_python_dop_operator_3.py took 0.554 seconds
[2021-12-10 16:32:40,711] {scheduler_job.py:182} INFO - Started process (PID=3136) to work on /home/agalli/sandbox/lib/python3.6/site-packages/airflow/example_dags/example_branch_python_dop_operator_3.py
[2021-12-10 16:32:40,735] {scheduler_job.py:633} INFO - Processing file /home/agalli/sandbox/lib/python3.6/site-packages/airflow/example_dags/example_branch_python_dop_operator_3.py for tasks to queue
[2021-12-10 16:32:40,742] {logging_mixin.py:104} INFO - [2021-12-10 16:32:40,742] {dagbag.py:487} INFO - Filling up the DagBag from /home/agalli/sandbox/lib/python3.6/site-packages/airflow/example_dags/example_branch_python_dop_operator_3.py
[2021-12-10 16:32:40,803] {scheduler_job.py:643} INFO - DAG(s) dict_keys(['example_branch_dop_operator_v3']) retrieved from /home/agalli/sandbox/lib/python3.6/site-packages/airflow/example_dags/example_branch_python_dop_operator_3.py
[2021-12-10 16:32:40,839] {logging_mixin.py:104} INFO - [2021-12-10 16:32:40,839] {dag.py:1832} INFO - Sync 1 DAGs
[2021-12-10 16:32:40,912] {logging_mixin.py:104} INFO - [2021-12-10 16:32:40,912] {dag.py:2305} INFO - Setting next_dagrun for example_branch_dop_operator_v3 to 2021-12-08 00:00:00+00:00
[2021-12-10 16:32:40,958] {scheduler_job.py:190} INFO - Processing /home/agalli/sandbox/lib/python3.6/site-packages/airflow/example_dags/example_branch_python_dop_operator_3.py took 0.255 seconds
[2021-12-10 16:34:22,424] {scheduler_job.py:182} INFO - Started process (PID=3793) to work on /home/agalli/sandbox/lib/python3.6/site-packages/airflow/example_dags/example_branch_python_dop_operator_3.py
[2021-12-10 16:34:22,426] {scheduler_job.py:633} INFO - Processing file /home/agalli/sandbox/lib/python3.6/site-packages/airflow/example_dags/example_branch_python_dop_operator_3.py for tasks to queue
[2021-12-10 16:34:22,428] {logging_mixin.py:104} INFO - [2021-12-10 16:34:22,428] {dagbag.py:487} INFO - Filling up the DagBag from /home/agalli/sandbox/lib/python3.6/site-packages/airflow/example_dags/example_branch_python_dop_operator_3.py
[2021-12-10 16:34:22,474] {scheduler_job.py:643} INFO - DAG(s) dict_keys(['example_branch_dop_operator_v3']) retrieved from /home/agalli/sandbox/lib/python3.6/site-packages/airflow/example_dags/example_branch_python_dop_operator_3.py
[2021-12-10 16:34:22,523] {logging_mixin.py:104} INFO - [2021-12-10 16:34:22,522] {dag.py:1832} INFO - Sync 1 DAGs
[2021-12-10 16:34:22,607] {logging_mixin.py:104} INFO - [2021-12-10 16:34:22,607] {dag.py:2305} INFO - Setting next_dagrun for example_branch_dop_operator_v3 to 2021-12-08 00:00:00+00:00
[2021-12-10 16:34:22,653] {scheduler_job.py:190} INFO - Processing /home/agalli/sandbox/lib/python3.6/site-packages/airflow/example_dags/example_branch_python_dop_operator_3.py took 0.241 seconds
[2021-12-10 16:35:01,115] {scheduler_job.py:182} INFO - Started process (PID=3828) to work on /home/agalli/sandbox/lib/python3.6/site-packages/airflow/example_dags/example_branch_python_dop_operator_3.py
[2021-12-10 16:35:01,116] {scheduler_job.py:633} INFO - Processing file /home/agalli/sandbox/lib/python3.6/site-packages/airflow/example_dags/example_branch_python_dop_operator_3.py for tasks to queue
[2021-12-10 16:35:01,117] {logging_mixin.py:104} INFO - [2021-12-10 16:35:01,117] {dagbag.py:487} INFO - Filling up the DagBag from /home/agalli/sandbox/lib/python3.6/site-packages/airflow/example_dags/example_branch_python_dop_operator_3.py
[2021-12-10 16:35:01,139] {scheduler_job.py:643} INFO - DAG(s) dict_keys(['example_branch_dop_operator_v3']) retrieved from /home/agalli/sandbox/lib/python3.6/site-packages/airflow/example_dags/example_branch_python_dop_operator_3.py
[2021-12-10 16:35:01,158] {logging_mixin.py:104} INFO - [2021-12-10 16:35:01,158] {dag.py:1832} INFO - Sync 1 DAGs
[2021-12-10 16:35:01,188] {logging_mixin.py:104} INFO - [2021-12-10 16:35:01,188] {dag.py:2305} INFO - Setting next_dagrun for example_branch_dop_operator_v3 to 2021-12-08 00:00:00+00:00
[2021-12-10 16:35:01,213] {scheduler_job.py:190} INFO - Processing /home/agalli/sandbox/lib/python3.6/site-packages/airflow/example_dags/example_branch_python_dop_operator_3.py took 0.103 seconds
[2021-12-10 16:36:04,765] {scheduler_job.py:182} INFO - Started process (PID=3876) to work on /home/agalli/sandbox/lib/python3.6/site-packages/airflow/example_dags/example_branch_python_dop_operator_3.py
[2021-12-10 16:36:04,769] {scheduler_job.py:633} INFO - Processing file /home/agalli/sandbox/lib/python3.6/site-packages/airflow/example_dags/example_branch_python_dop_operator_3.py for tasks to queue
[2021-12-10 16:36:04,772] {logging_mixin.py:104} INFO - [2021-12-10 16:36:04,771] {dagbag.py:487} INFO - Filling up the DagBag from /home/agalli/sandbox/lib/python3.6/site-packages/airflow/example_dags/example_branch_python_dop_operator_3.py
[2021-12-10 16:36:04,801] {scheduler_job.py:643} INFO - DAG(s) dict_keys(['example_branch_dop_operator_v3']) retrieved from /home/agalli/sandbox/lib/python3.6/site-packages/airflow/example_dags/example_branch_python_dop_operator_3.py
[2021-12-10 16:36:04,836] {logging_mixin.py:104} INFO - [2021-12-10 16:36:04,835] {dag.py:1832} INFO - Sync 1 DAGs
[2021-12-10 16:36:04,885] {logging_mixin.py:104} INFO - [2021-12-10 16:36:04,885] {dag.py:2305} INFO - Setting next_dagrun for example_branch_dop_operator_v3 to 2021-12-08 00:00:00+00:00
[2021-12-10 16:36:04,949] {scheduler_job.py:190} INFO - Processing /home/agalli/sandbox/lib/python3.6/site-packages/airflow/example_dags/example_branch_python_dop_operator_3.py took 0.189 seconds
