[2021-12-10 16:23:47,055] {scheduler_job.py:182} INFO - Started process (PID=1675) to work on /home/agalli/sandbox/lib/python3.6/site-packages/airflow/example_dags/example_branch_day_of_week_operator.py
[2021-12-10 16:23:47,057] {scheduler_job.py:633} INFO - Processing file /home/agalli/sandbox/lib/python3.6/site-packages/airflow/example_dags/example_branch_day_of_week_operator.py for tasks to queue
[2021-12-10 16:23:47,059] {logging_mixin.py:104} INFO - [2021-12-10 16:23:47,058] {dagbag.py:487} INFO - Filling up the DagBag from /home/agalli/sandbox/lib/python3.6/site-packages/airflow/example_dags/example_branch_day_of_week_operator.py
[2021-12-10 16:23:47,095] {scheduler_job.py:643} INFO - DAG(s) dict_keys(['example_weekday_branch_operator']) retrieved from /home/agalli/sandbox/lib/python3.6/site-packages/airflow/example_dags/example_branch_day_of_week_operator.py
[2021-12-10 16:23:47,773] {logging_mixin.py:104} INFO - [2021-12-10 16:23:47,773] {dag.py:1832} INFO - Sync 1 DAGs
[2021-12-10 16:23:47,825] {logging_mixin.py:104} INFO - [2021-12-10 16:23:47,824] {dag.py:2305} INFO - Setting next_dagrun for example_weekday_branch_operator to 2021-12-08 00:00:00+00:00
[2021-12-10 16:23:47,878] {scheduler_job.py:190} INFO - Processing /home/agalli/sandbox/lib/python3.6/site-packages/airflow/example_dags/example_branch_day_of_week_operator.py took 0.832 seconds
[2021-12-10 16:24:45,229] {scheduler_job.py:182} INFO - Started process (PID=1710) to work on /home/agalli/sandbox/lib/python3.6/site-packages/airflow/example_dags/example_branch_day_of_week_operator.py
[2021-12-10 16:24:45,232] {scheduler_job.py:633} INFO - Processing file /home/agalli/sandbox/lib/python3.6/site-packages/airflow/example_dags/example_branch_day_of_week_operator.py for tasks to queue
[2021-12-10 16:24:45,235] {logging_mixin.py:104} INFO - [2021-12-10 16:24:45,235] {dagbag.py:487} INFO - Filling up the DagBag from /home/agalli/sandbox/lib/python3.6/site-packages/airflow/example_dags/example_branch_day_of_week_operator.py
[2021-12-10 16:24:45,290] {scheduler_job.py:643} INFO - DAG(s) dict_keys(['example_weekday_branch_operator']) retrieved from /home/agalli/sandbox/lib/python3.6/site-packages/airflow/example_dags/example_branch_day_of_week_operator.py
[2021-12-10 16:24:45,337] {logging_mixin.py:104} INFO - [2021-12-10 16:24:45,337] {dag.py:1832} INFO - Sync 1 DAGs
[2021-12-10 16:24:45,388] {logging_mixin.py:104} INFO - [2021-12-10 16:24:45,387] {dag.py:2305} INFO - Setting next_dagrun for example_weekday_branch_operator to 2021-12-08 00:00:00+00:00
[2021-12-10 16:24:45,432] {scheduler_job.py:190} INFO - Processing /home/agalli/sandbox/lib/python3.6/site-packages/airflow/example_dags/example_branch_day_of_week_operator.py took 0.209 seconds
[2021-12-10 16:25:36,574] {scheduler_job.py:182} INFO - Started process (PID=1760) to work on /home/agalli/sandbox/lib/python3.6/site-packages/airflow/example_dags/example_branch_day_of_week_operator.py
[2021-12-10 16:25:36,577] {scheduler_job.py:633} INFO - Processing file /home/agalli/sandbox/lib/python3.6/site-packages/airflow/example_dags/example_branch_day_of_week_operator.py for tasks to queue
[2021-12-10 16:25:36,591] {logging_mixin.py:104} INFO - [2021-12-10 16:25:36,580] {dagbag.py:487} INFO - Filling up the DagBag from /home/agalli/sandbox/lib/python3.6/site-packages/airflow/example_dags/example_branch_day_of_week_operator.py
[2021-12-10 16:25:36,689] {scheduler_job.py:643} INFO - DAG(s) dict_keys(['example_weekday_branch_operator']) retrieved from /home/agalli/sandbox/lib/python3.6/site-packages/airflow/example_dags/example_branch_day_of_week_operator.py
[2021-12-10 16:25:36,776] {logging_mixin.py:104} INFO - [2021-12-10 16:25:36,775] {dag.py:1832} INFO - Sync 1 DAGs
[2021-12-10 16:25:36,856] {logging_mixin.py:104} INFO - [2021-12-10 16:25:36,856] {dag.py:2305} INFO - Setting next_dagrun for example_weekday_branch_operator to 2021-12-08 00:00:00+00:00
[2021-12-10 16:25:36,913] {scheduler_job.py:190} INFO - Processing /home/agalli/sandbox/lib/python3.6/site-packages/airflow/example_dags/example_branch_day_of_week_operator.py took 0.358 seconds
[2021-12-10 16:26:37,336] {scheduler_job.py:182} INFO - Started process (PID=2029) to work on /home/agalli/sandbox/lib/python3.6/site-packages/airflow/example_dags/example_branch_day_of_week_operator.py
[2021-12-10 16:26:37,340] {scheduler_job.py:633} INFO - Processing file /home/agalli/sandbox/lib/python3.6/site-packages/airflow/example_dags/example_branch_day_of_week_operator.py for tasks to queue
[2021-12-10 16:26:37,341] {logging_mixin.py:104} INFO - [2021-12-10 16:26:37,341] {dagbag.py:487} INFO - Filling up the DagBag from /home/agalli/sandbox/lib/python3.6/site-packages/airflow/example_dags/example_branch_day_of_week_operator.py
[2021-12-10 16:26:37,389] {scheduler_job.py:643} INFO - DAG(s) dict_keys(['example_weekday_branch_operator']) retrieved from /home/agalli/sandbox/lib/python3.6/site-packages/airflow/example_dags/example_branch_day_of_week_operator.py
[2021-12-10 16:26:37,436] {logging_mixin.py:104} INFO - [2021-12-10 16:26:37,436] {dag.py:1832} INFO - Sync 1 DAGs
[2021-12-10 16:26:37,486] {logging_mixin.py:104} INFO - [2021-12-10 16:26:37,486] {dag.py:2305} INFO - Setting next_dagrun for example_weekday_branch_operator to 2021-12-08 00:00:00+00:00
[2021-12-10 16:26:37,518] {scheduler_job.py:190} INFO - Processing /home/agalli/sandbox/lib/python3.6/site-packages/airflow/example_dags/example_branch_day_of_week_operator.py took 0.196 seconds
[2021-12-10 16:27:33,928] {scheduler_job.py:182} INFO - Started process (PID=2278) to work on /home/agalli/sandbox/lib/python3.6/site-packages/airflow/example_dags/example_branch_day_of_week_operator.py
[2021-12-10 16:27:33,931] {scheduler_job.py:633} INFO - Processing file /home/agalli/sandbox/lib/python3.6/site-packages/airflow/example_dags/example_branch_day_of_week_operator.py for tasks to queue
[2021-12-10 16:27:33,932] {logging_mixin.py:104} INFO - [2021-12-10 16:27:33,932] {dagbag.py:487} INFO - Filling up the DagBag from /home/agalli/sandbox/lib/python3.6/site-packages/airflow/example_dags/example_branch_day_of_week_operator.py
[2021-12-10 16:27:33,960] {scheduler_job.py:643} INFO - DAG(s) dict_keys(['example_weekday_branch_operator']) retrieved from /home/agalli/sandbox/lib/python3.6/site-packages/airflow/example_dags/example_branch_day_of_week_operator.py
[2021-12-10 16:27:33,999] {logging_mixin.py:104} INFO - [2021-12-10 16:27:33,999] {dag.py:1832} INFO - Sync 1 DAGs
[2021-12-10 16:27:34,050] {logging_mixin.py:104} INFO - [2021-12-10 16:27:34,049] {dag.py:2305} INFO - Setting next_dagrun for example_weekday_branch_operator to 2021-12-08 00:00:00+00:00
[2021-12-10 16:27:34,091] {scheduler_job.py:190} INFO - Processing /home/agalli/sandbox/lib/python3.6/site-packages/airflow/example_dags/example_branch_day_of_week_operator.py took 0.167 seconds
[2021-12-10 16:28:44,935] {scheduler_job.py:182} INFO - Started process (PID=2615) to work on /home/agalli/sandbox/lib/python3.6/site-packages/airflow/example_dags/example_branch_day_of_week_operator.py
[2021-12-10 16:28:44,939] {scheduler_job.py:633} INFO - Processing file /home/agalli/sandbox/lib/python3.6/site-packages/airflow/example_dags/example_branch_day_of_week_operator.py for tasks to queue
[2021-12-10 16:28:44,941] {logging_mixin.py:104} INFO - [2021-12-10 16:28:44,940] {dagbag.py:487} INFO - Filling up the DagBag from /home/agalli/sandbox/lib/python3.6/site-packages/airflow/example_dags/example_branch_day_of_week_operator.py
[2021-12-10 16:28:45,022] {scheduler_job.py:643} INFO - DAG(s) dict_keys(['example_weekday_branch_operator']) retrieved from /home/agalli/sandbox/lib/python3.6/site-packages/airflow/example_dags/example_branch_day_of_week_operator.py
[2021-12-10 16:28:45,073] {logging_mixin.py:104} INFO - [2021-12-10 16:28:45,072] {dag.py:1832} INFO - Sync 1 DAGs
[2021-12-10 16:28:45,147] {logging_mixin.py:104} INFO - [2021-12-10 16:28:45,147] {dag.py:2305} INFO - Setting next_dagrun for example_weekday_branch_operator to 2021-12-08 00:00:00+00:00
[2021-12-10 16:28:45,202] {scheduler_job.py:190} INFO - Processing /home/agalli/sandbox/lib/python3.6/site-packages/airflow/example_dags/example_branch_day_of_week_operator.py took 0.286 seconds
[2021-12-10 16:29:39,102] {scheduler_job.py:182} INFO - Started process (PID=2650) to work on /home/agalli/sandbox/lib/python3.6/site-packages/airflow/example_dags/example_branch_day_of_week_operator.py
[2021-12-10 16:29:39,105] {scheduler_job.py:633} INFO - Processing file /home/agalli/sandbox/lib/python3.6/site-packages/airflow/example_dags/example_branch_day_of_week_operator.py for tasks to queue
[2021-12-10 16:29:39,114] {logging_mixin.py:104} INFO - [2021-12-10 16:29:39,114] {dagbag.py:487} INFO - Filling up the DagBag from /home/agalli/sandbox/lib/python3.6/site-packages/airflow/example_dags/example_branch_day_of_week_operator.py
[2021-12-10 16:29:39,175] {scheduler_job.py:643} INFO - DAG(s) dict_keys(['example_weekday_branch_operator']) retrieved from /home/agalli/sandbox/lib/python3.6/site-packages/airflow/example_dags/example_branch_day_of_week_operator.py
[2021-12-10 16:29:39,235] {logging_mixin.py:104} INFO - [2021-12-10 16:29:39,234] {dag.py:1832} INFO - Sync 1 DAGs
[2021-12-10 16:29:39,290] {logging_mixin.py:104} INFO - [2021-12-10 16:29:39,290] {dag.py:2305} INFO - Setting next_dagrun for example_weekday_branch_operator to 2021-12-08 00:00:00+00:00
[2021-12-10 16:29:39,361] {scheduler_job.py:190} INFO - Processing /home/agalli/sandbox/lib/python3.6/site-packages/airflow/example_dags/example_branch_day_of_week_operator.py took 0.279 seconds
[2021-12-10 16:30:33,756] {scheduler_job.py:182} INFO - Started process (PID=2692) to work on /home/agalli/sandbox/lib/python3.6/site-packages/airflow/example_dags/example_branch_day_of_week_operator.py
[2021-12-10 16:30:33,758] {scheduler_job.py:633} INFO - Processing file /home/agalli/sandbox/lib/python3.6/site-packages/airflow/example_dags/example_branch_day_of_week_operator.py for tasks to queue
[2021-12-10 16:30:33,759] {logging_mixin.py:104} INFO - [2021-12-10 16:30:33,759] {dagbag.py:487} INFO - Filling up the DagBag from /home/agalli/sandbox/lib/python3.6/site-packages/airflow/example_dags/example_branch_day_of_week_operator.py
[2021-12-10 16:30:33,783] {scheduler_job.py:643} INFO - DAG(s) dict_keys(['example_weekday_branch_operator']) retrieved from /home/agalli/sandbox/lib/python3.6/site-packages/airflow/example_dags/example_branch_day_of_week_operator.py
[2021-12-10 16:30:33,808] {logging_mixin.py:104} INFO - [2021-12-10 16:30:33,807] {dag.py:1832} INFO - Sync 1 DAGs
[2021-12-10 16:30:33,850] {logging_mixin.py:104} INFO - [2021-12-10 16:30:33,850] {dag.py:2305} INFO - Setting next_dagrun for example_weekday_branch_operator to 2021-12-08 00:00:00+00:00
[2021-12-10 16:30:33,902] {scheduler_job.py:190} INFO - Processing /home/agalli/sandbox/lib/python3.6/site-packages/airflow/example_dags/example_branch_day_of_week_operator.py took 0.151 seconds
[2021-12-10 16:31:40,695] {scheduler_job.py:182} INFO - Started process (PID=3003) to work on /home/agalli/sandbox/lib/python3.6/site-packages/airflow/example_dags/example_branch_day_of_week_operator.py
[2021-12-10 16:31:40,698] {scheduler_job.py:633} INFO - Processing file /home/agalli/sandbox/lib/python3.6/site-packages/airflow/example_dags/example_branch_day_of_week_operator.py for tasks to queue
[2021-12-10 16:31:40,700] {logging_mixin.py:104} INFO - [2021-12-10 16:31:40,700] {dagbag.py:487} INFO - Filling up the DagBag from /home/agalli/sandbox/lib/python3.6/site-packages/airflow/example_dags/example_branch_day_of_week_operator.py
[2021-12-10 16:31:40,731] {scheduler_job.py:643} INFO - DAG(s) dict_keys(['example_weekday_branch_operator']) retrieved from /home/agalli/sandbox/lib/python3.6/site-packages/airflow/example_dags/example_branch_day_of_week_operator.py
[2021-12-10 16:31:40,763] {logging_mixin.py:104} INFO - [2021-12-10 16:31:40,762] {dag.py:1832} INFO - Sync 1 DAGs
[2021-12-10 16:31:40,814] {logging_mixin.py:104} INFO - [2021-12-10 16:31:40,814] {dag.py:2305} INFO - Setting next_dagrun for example_weekday_branch_operator to 2021-12-08 00:00:00+00:00
[2021-12-10 16:31:40,872] {scheduler_job.py:190} INFO - Processing /home/agalli/sandbox/lib/python3.6/site-packages/airflow/example_dags/example_branch_day_of_week_operator.py took 0.186 seconds
[2021-12-10 16:32:36,583] {scheduler_job.py:182} INFO - Started process (PID=3103) to work on /home/agalli/sandbox/lib/python3.6/site-packages/airflow/example_dags/example_branch_day_of_week_operator.py
[2021-12-10 16:32:36,586] {scheduler_job.py:633} INFO - Processing file /home/agalli/sandbox/lib/python3.6/site-packages/airflow/example_dags/example_branch_day_of_week_operator.py for tasks to queue
[2021-12-10 16:32:36,588] {logging_mixin.py:104} INFO - [2021-12-10 16:32:36,588] {dagbag.py:487} INFO - Filling up the DagBag from /home/agalli/sandbox/lib/python3.6/site-packages/airflow/example_dags/example_branch_day_of_week_operator.py
[2021-12-10 16:32:36,618] {scheduler_job.py:643} INFO - DAG(s) dict_keys(['example_weekday_branch_operator']) retrieved from /home/agalli/sandbox/lib/python3.6/site-packages/airflow/example_dags/example_branch_day_of_week_operator.py
[2021-12-10 16:32:36,649] {logging_mixin.py:104} INFO - [2021-12-10 16:32:36,648] {dag.py:1832} INFO - Sync 1 DAGs
[2021-12-10 16:32:36,683] {logging_mixin.py:104} INFO - [2021-12-10 16:32:36,682] {dag.py:2305} INFO - Setting next_dagrun for example_weekday_branch_operator to 2021-12-08 00:00:00+00:00
[2021-12-10 16:32:36,708] {scheduler_job.py:190} INFO - Processing /home/agalli/sandbox/lib/python3.6/site-packages/airflow/example_dags/example_branch_day_of_week_operator.py took 0.132 seconds
[2021-12-10 16:34:18,053] {scheduler_job.py:182} INFO - Started process (PID=3789) to work on /home/agalli/sandbox/lib/python3.6/site-packages/airflow/example_dags/example_branch_day_of_week_operator.py
[2021-12-10 16:34:18,055] {scheduler_job.py:633} INFO - Processing file /home/agalli/sandbox/lib/python3.6/site-packages/airflow/example_dags/example_branch_day_of_week_operator.py for tasks to queue
[2021-12-10 16:34:18,057] {logging_mixin.py:104} INFO - [2021-12-10 16:34:18,057] {dagbag.py:487} INFO - Filling up the DagBag from /home/agalli/sandbox/lib/python3.6/site-packages/airflow/example_dags/example_branch_day_of_week_operator.py
[2021-12-10 16:34:18,087] {scheduler_job.py:643} INFO - DAG(s) dict_keys(['example_weekday_branch_operator']) retrieved from /home/agalli/sandbox/lib/python3.6/site-packages/airflow/example_dags/example_branch_day_of_week_operator.py
[2021-12-10 16:34:18,123] {logging_mixin.py:104} INFO - [2021-12-10 16:34:18,122] {dag.py:1832} INFO - Sync 1 DAGs
[2021-12-10 16:34:18,149] {logging_mixin.py:104} INFO - [2021-12-10 16:34:18,149] {dag.py:2305} INFO - Setting next_dagrun for example_weekday_branch_operator to 2021-12-08 00:00:00+00:00
[2021-12-10 16:34:18,183] {scheduler_job.py:190} INFO - Processing /home/agalli/sandbox/lib/python3.6/site-packages/airflow/example_dags/example_branch_day_of_week_operator.py took 0.137 seconds
[2021-12-10 16:34:57,123] {scheduler_job.py:182} INFO - Started process (PID=3824) to work on /home/agalli/sandbox/lib/python3.6/site-packages/airflow/example_dags/example_branch_day_of_week_operator.py
[2021-12-10 16:34:57,126] {scheduler_job.py:633} INFO - Processing file /home/agalli/sandbox/lib/python3.6/site-packages/airflow/example_dags/example_branch_day_of_week_operator.py for tasks to queue
[2021-12-10 16:34:57,128] {logging_mixin.py:104} INFO - [2021-12-10 16:34:57,128] {dagbag.py:487} INFO - Filling up the DagBag from /home/agalli/sandbox/lib/python3.6/site-packages/airflow/example_dags/example_branch_day_of_week_operator.py
[2021-12-10 16:34:57,157] {scheduler_job.py:643} INFO - DAG(s) dict_keys(['example_weekday_branch_operator']) retrieved from /home/agalli/sandbox/lib/python3.6/site-packages/airflow/example_dags/example_branch_day_of_week_operator.py
[2021-12-10 16:34:57,183] {logging_mixin.py:104} INFO - [2021-12-10 16:34:57,182] {dag.py:1832} INFO - Sync 1 DAGs
[2021-12-10 16:34:57,221] {logging_mixin.py:104} INFO - [2021-12-10 16:34:57,221] {dag.py:2305} INFO - Setting next_dagrun for example_weekday_branch_operator to 2021-12-08 00:00:00+00:00
[2021-12-10 16:34:57,259] {scheduler_job.py:190} INFO - Processing /home/agalli/sandbox/lib/python3.6/site-packages/airflow/example_dags/example_branch_day_of_week_operator.py took 0.144 seconds
[2021-12-10 16:35:40,904] {scheduler_job.py:182} INFO - Started process (PID=3859) to work on /home/agalli/sandbox/lib/python3.6/site-packages/airflow/example_dags/example_branch_day_of_week_operator.py
[2021-12-10 16:35:40,907] {scheduler_job.py:633} INFO - Processing file /home/agalli/sandbox/lib/python3.6/site-packages/airflow/example_dags/example_branch_day_of_week_operator.py for tasks to queue
[2021-12-10 16:35:40,908] {logging_mixin.py:104} INFO - [2021-12-10 16:35:40,908] {dagbag.py:487} INFO - Filling up the DagBag from /home/agalli/sandbox/lib/python3.6/site-packages/airflow/example_dags/example_branch_day_of_week_operator.py
[2021-12-10 16:35:40,937] {scheduler_job.py:643} INFO - DAG(s) dict_keys(['example_weekday_branch_operator']) retrieved from /home/agalli/sandbox/lib/python3.6/site-packages/airflow/example_dags/example_branch_day_of_week_operator.py
[2021-12-10 16:35:40,978] {logging_mixin.py:104} INFO - [2021-12-10 16:35:40,978] {dag.py:1832} INFO - Sync 1 DAGs
[2021-12-10 16:35:41,059] {logging_mixin.py:104} INFO - [2021-12-10 16:35:41,059] {dag.py:2305} INFO - Setting next_dagrun for example_weekday_branch_operator to 2021-12-08 00:00:00+00:00
[2021-12-10 16:35:41,106] {scheduler_job.py:190} INFO - Processing /home/agalli/sandbox/lib/python3.6/site-packages/airflow/example_dags/example_branch_day_of_week_operator.py took 0.206 seconds
