[2021-12-10 16:23:25,898] {scheduler_job.py:182} INFO - Started process (PID=1663) to work on /home/agalli/sandbox/lib/python3.6/site-packages/airflow/example_dags/example_skip_dag.py
[2021-12-10 16:23:25,900] {scheduler_job.py:633} INFO - Processing file /home/agalli/sandbox/lib/python3.6/site-packages/airflow/example_dags/example_skip_dag.py for tasks to queue
[2021-12-10 16:23:25,904] {logging_mixin.py:104} INFO - [2021-12-10 16:23:25,903] {dagbag.py:487} INFO - Filling up the DagBag from /home/agalli/sandbox/lib/python3.6/site-packages/airflow/example_dags/example_skip_dag.py
[2021-12-10 16:23:25,931] {scheduler_job.py:643} INFO - DAG(s) dict_keys(['example_skip_dag']) retrieved from /home/agalli/sandbox/lib/python3.6/site-packages/airflow/example_dags/example_skip_dag.py
[2021-12-10 16:23:26,463] {logging_mixin.py:104} INFO - [2021-12-10 16:23:26,463] {dag.py:1832} INFO - Sync 1 DAGs
[2021-12-10 16:23:26,482] {logging_mixin.py:104} INFO - [2021-12-10 16:23:26,481] {dag.py:2305} INFO - Setting next_dagrun for example_skip_dag to 2021-12-08 00:00:00+00:00
[2021-12-10 16:23:26,516] {scheduler_job.py:190} INFO - Processing /home/agalli/sandbox/lib/python3.6/site-packages/airflow/example_dags/example_skip_dag.py took 0.622 seconds
[2021-12-10 16:24:24,584] {scheduler_job.py:182} INFO - Started process (PID=1698) to work on /home/agalli/sandbox/lib/python3.6/site-packages/airflow/example_dags/example_skip_dag.py
[2021-12-10 16:24:24,598] {scheduler_job.py:633} INFO - Processing file /home/agalli/sandbox/lib/python3.6/site-packages/airflow/example_dags/example_skip_dag.py for tasks to queue
[2021-12-10 16:24:24,600] {logging_mixin.py:104} INFO - [2021-12-10 16:24:24,600] {dagbag.py:487} INFO - Filling up the DagBag from /home/agalli/sandbox/lib/python3.6/site-packages/airflow/example_dags/example_skip_dag.py
[2021-12-10 16:24:24,700] {scheduler_job.py:643} INFO - DAG(s) dict_keys(['example_skip_dag']) retrieved from /home/agalli/sandbox/lib/python3.6/site-packages/airflow/example_dags/example_skip_dag.py
[2021-12-10 16:24:24,911] {logging_mixin.py:104} INFO - [2021-12-10 16:24:24,911] {dag.py:1832} INFO - Sync 1 DAGs
[2021-12-10 16:24:25,273] {logging_mixin.py:104} INFO - [2021-12-10 16:24:25,272] {dag.py:2305} INFO - Setting next_dagrun for example_skip_dag to 2021-12-08 00:00:00+00:00
[2021-12-10 16:24:25,485] {scheduler_job.py:190} INFO - Processing /home/agalli/sandbox/lib/python3.6/site-packages/airflow/example_dags/example_skip_dag.py took 0.919 seconds
[2021-12-10 16:25:19,848] {scheduler_job.py:182} INFO - Started process (PID=1733) to work on /home/agalli/sandbox/lib/python3.6/site-packages/airflow/example_dags/example_skip_dag.py
[2021-12-10 16:25:19,853] {scheduler_job.py:633} INFO - Processing file /home/agalli/sandbox/lib/python3.6/site-packages/airflow/example_dags/example_skip_dag.py for tasks to queue
[2021-12-10 16:25:19,855] {logging_mixin.py:104} INFO - [2021-12-10 16:25:19,855] {dagbag.py:487} INFO - Filling up the DagBag from /home/agalli/sandbox/lib/python3.6/site-packages/airflow/example_dags/example_skip_dag.py
[2021-12-10 16:25:19,893] {scheduler_job.py:643} INFO - DAG(s) dict_keys(['example_skip_dag']) retrieved from /home/agalli/sandbox/lib/python3.6/site-packages/airflow/example_dags/example_skip_dag.py
[2021-12-10 16:25:19,935] {logging_mixin.py:104} INFO - [2021-12-10 16:25:19,934] {dag.py:1832} INFO - Sync 1 DAGs
[2021-12-10 16:25:19,979] {logging_mixin.py:104} INFO - [2021-12-10 16:25:19,979] {dag.py:2305} INFO - Setting next_dagrun for example_skip_dag to 2021-12-08 00:00:00+00:00
[2021-12-10 16:25:20,012] {scheduler_job.py:190} INFO - Processing /home/agalli/sandbox/lib/python3.6/site-packages/airflow/example_dags/example_skip_dag.py took 0.168 seconds
[2021-12-10 16:26:10,295] {scheduler_job.py:182} INFO - Started process (PID=1963) to work on /home/agalli/sandbox/lib/python3.6/site-packages/airflow/example_dags/example_skip_dag.py
[2021-12-10 16:26:10,298] {scheduler_job.py:633} INFO - Processing file /home/agalli/sandbox/lib/python3.6/site-packages/airflow/example_dags/example_skip_dag.py for tasks to queue
[2021-12-10 16:26:10,310] {logging_mixin.py:104} INFO - [2021-12-10 16:26:10,300] {dagbag.py:487} INFO - Filling up the DagBag from /home/agalli/sandbox/lib/python3.6/site-packages/airflow/example_dags/example_skip_dag.py
[2021-12-10 16:26:10,386] {scheduler_job.py:643} INFO - DAG(s) dict_keys(['example_skip_dag']) retrieved from /home/agalli/sandbox/lib/python3.6/site-packages/airflow/example_dags/example_skip_dag.py
[2021-12-10 16:26:10,702] {logging_mixin.py:104} INFO - [2021-12-10 16:26:10,701] {dag.py:1832} INFO - Sync 1 DAGs
[2021-12-10 16:26:10,850] {logging_mixin.py:104} INFO - [2021-12-10 16:26:10,849] {dag.py:2305} INFO - Setting next_dagrun for example_skip_dag to 2021-12-08 00:00:00+00:00
[2021-12-10 16:26:11,148] {scheduler_job.py:190} INFO - Processing /home/agalli/sandbox/lib/python3.6/site-packages/airflow/example_dags/example_skip_dag.py took 0.873 seconds
[2021-12-10 16:27:10,366] {scheduler_job.py:182} INFO - Started process (PID=2262) to work on /home/agalli/sandbox/lib/python3.6/site-packages/airflow/example_dags/example_skip_dag.py
[2021-12-10 16:27:10,369] {scheduler_job.py:633} INFO - Processing file /home/agalli/sandbox/lib/python3.6/site-packages/airflow/example_dags/example_skip_dag.py for tasks to queue
[2021-12-10 16:27:10,380] {logging_mixin.py:104} INFO - [2021-12-10 16:27:10,380] {dagbag.py:487} INFO - Filling up the DagBag from /home/agalli/sandbox/lib/python3.6/site-packages/airflow/example_dags/example_skip_dag.py
[2021-12-10 16:27:10,415] {scheduler_job.py:643} INFO - DAG(s) dict_keys(['example_skip_dag']) retrieved from /home/agalli/sandbox/lib/python3.6/site-packages/airflow/example_dags/example_skip_dag.py
[2021-12-10 16:27:10,577] {logging_mixin.py:104} INFO - [2021-12-10 16:27:10,576] {dag.py:1832} INFO - Sync 1 DAGs
[2021-12-10 16:27:10,633] {logging_mixin.py:104} INFO - [2021-12-10 16:27:10,632] {dag.py:2305} INFO - Setting next_dagrun for example_skip_dag to 2021-12-08 00:00:00+00:00
[2021-12-10 16:27:10,669] {scheduler_job.py:190} INFO - Processing /home/agalli/sandbox/lib/python3.6/site-packages/airflow/example_dags/example_skip_dag.py took 0.321 seconds
[2021-12-10 16:28:07,726] {scheduler_job.py:182} INFO - Started process (PID=2413) to work on /home/agalli/sandbox/lib/python3.6/site-packages/airflow/example_dags/example_skip_dag.py
[2021-12-10 16:28:07,729] {scheduler_job.py:633} INFO - Processing file /home/agalli/sandbox/lib/python3.6/site-packages/airflow/example_dags/example_skip_dag.py for tasks to queue
[2021-12-10 16:28:07,730] {logging_mixin.py:104} INFO - [2021-12-10 16:28:07,730] {dagbag.py:487} INFO - Filling up the DagBag from /home/agalli/sandbox/lib/python3.6/site-packages/airflow/example_dags/example_skip_dag.py
[2021-12-10 16:28:07,779] {scheduler_job.py:643} INFO - DAG(s) dict_keys(['example_skip_dag']) retrieved from /home/agalli/sandbox/lib/python3.6/site-packages/airflow/example_dags/example_skip_dag.py
[2021-12-10 16:28:07,848] {logging_mixin.py:104} INFO - [2021-12-10 16:28:07,848] {dag.py:1832} INFO - Sync 1 DAGs
[2021-12-10 16:28:07,926] {logging_mixin.py:104} INFO - [2021-12-10 16:28:07,926] {dag.py:2305} INFO - Setting next_dagrun for example_skip_dag to 2021-12-08 00:00:00+00:00
[2021-12-10 16:28:07,970] {scheduler_job.py:190} INFO - Processing /home/agalli/sandbox/lib/python3.6/site-packages/airflow/example_dags/example_skip_dag.py took 0.259 seconds
[2021-12-10 16:29:03,136] {scheduler_job.py:182} INFO - Started process (PID=2626) to work on /home/agalli/sandbox/lib/python3.6/site-packages/airflow/example_dags/example_skip_dag.py
[2021-12-10 16:29:03,141] {scheduler_job.py:633} INFO - Processing file /home/agalli/sandbox/lib/python3.6/site-packages/airflow/example_dags/example_skip_dag.py for tasks to queue
[2021-12-10 16:29:03,143] {logging_mixin.py:104} INFO - [2021-12-10 16:29:03,143] {dagbag.py:487} INFO - Filling up the DagBag from /home/agalli/sandbox/lib/python3.6/site-packages/airflow/example_dags/example_skip_dag.py
[2021-12-10 16:29:03,178] {scheduler_job.py:643} INFO - DAG(s) dict_keys(['example_skip_dag']) retrieved from /home/agalli/sandbox/lib/python3.6/site-packages/airflow/example_dags/example_skip_dag.py
[2021-12-10 16:29:03,208] {logging_mixin.py:104} INFO - [2021-12-10 16:29:03,207] {dag.py:1832} INFO - Sync 1 DAGs
[2021-12-10 16:29:03,231] {logging_mixin.py:104} INFO - [2021-12-10 16:29:03,231] {dag.py:2305} INFO - Setting next_dagrun for example_skip_dag to 2021-12-08 00:00:00+00:00
[2021-12-10 16:29:03,260] {scheduler_job.py:190} INFO - Processing /home/agalli/sandbox/lib/python3.6/site-packages/airflow/example_dags/example_skip_dag.py took 0.133 seconds
[2021-12-10 16:29:52,596] {scheduler_job.py:182} INFO - Started process (PID=2660) to work on /home/agalli/sandbox/lib/python3.6/site-packages/airflow/example_dags/example_skip_dag.py
[2021-12-10 16:29:52,601] {scheduler_job.py:633} INFO - Processing file /home/agalli/sandbox/lib/python3.6/site-packages/airflow/example_dags/example_skip_dag.py for tasks to queue
[2021-12-10 16:29:52,616] {logging_mixin.py:104} INFO - [2021-12-10 16:29:52,615] {dagbag.py:487} INFO - Filling up the DagBag from /home/agalli/sandbox/lib/python3.6/site-packages/airflow/example_dags/example_skip_dag.py
[2021-12-10 16:29:52,793] {scheduler_job.py:643} INFO - DAG(s) dict_keys(['example_skip_dag']) retrieved from /home/agalli/sandbox/lib/python3.6/site-packages/airflow/example_dags/example_skip_dag.py
[2021-12-10 16:29:53,047] {logging_mixin.py:104} INFO - [2021-12-10 16:29:53,047] {dag.py:1832} INFO - Sync 1 DAGs
[2021-12-10 16:29:53,192] {logging_mixin.py:104} INFO - [2021-12-10 16:29:53,192] {dag.py:2305} INFO - Setting next_dagrun for example_skip_dag to 2021-12-08 00:00:00+00:00
[2021-12-10 16:29:53,347] {scheduler_job.py:190} INFO - Processing /home/agalli/sandbox/lib/python3.6/site-packages/airflow/example_dags/example_skip_dag.py took 0.762 seconds
[2021-12-10 16:30:39,075] {scheduler_job.py:182} INFO - Started process (PID=2699) to work on /home/agalli/sandbox/lib/python3.6/site-packages/airflow/example_dags/example_skip_dag.py
[2021-12-10 16:30:39,094] {scheduler_job.py:633} INFO - Processing file /home/agalli/sandbox/lib/python3.6/site-packages/airflow/example_dags/example_skip_dag.py for tasks to queue
[2021-12-10 16:30:39,121] {logging_mixin.py:104} INFO - [2021-12-10 16:30:39,119] {dagbag.py:487} INFO - Filling up the DagBag from /home/agalli/sandbox/lib/python3.6/site-packages/airflow/example_dags/example_skip_dag.py
[2021-12-10 16:30:39,250] {scheduler_job.py:643} INFO - DAG(s) dict_keys(['example_skip_dag']) retrieved from /home/agalli/sandbox/lib/python3.6/site-packages/airflow/example_dags/example_skip_dag.py
[2021-12-10 16:30:39,289] {logging_mixin.py:104} INFO - [2021-12-10 16:30:39,289] {dag.py:1832} INFO - Sync 1 DAGs
[2021-12-10 16:30:39,324] {logging_mixin.py:104} INFO - [2021-12-10 16:30:39,324] {dag.py:2305} INFO - Setting next_dagrun for example_skip_dag to 2021-12-08 00:00:00+00:00
[2021-12-10 16:30:39,361] {scheduler_job.py:190} INFO - Processing /home/agalli/sandbox/lib/python3.6/site-packages/airflow/example_dags/example_skip_dag.py took 0.301 seconds
[2021-12-10 16:31:28,880] {scheduler_job.py:182} INFO - Started process (PID=2995) to work on /home/agalli/sandbox/lib/python3.6/site-packages/airflow/example_dags/example_skip_dag.py
[2021-12-10 16:31:28,883] {scheduler_job.py:633} INFO - Processing file /home/agalli/sandbox/lib/python3.6/site-packages/airflow/example_dags/example_skip_dag.py for tasks to queue
[2021-12-10 16:31:28,885] {logging_mixin.py:104} INFO - [2021-12-10 16:31:28,885] {dagbag.py:487} INFO - Filling up the DagBag from /home/agalli/sandbox/lib/python3.6/site-packages/airflow/example_dags/example_skip_dag.py
[2021-12-10 16:31:28,914] {scheduler_job.py:643} INFO - DAG(s) dict_keys(['example_skip_dag']) retrieved from /home/agalli/sandbox/lib/python3.6/site-packages/airflow/example_dags/example_skip_dag.py
[2021-12-10 16:31:28,966] {logging_mixin.py:104} INFO - [2021-12-10 16:31:28,966] {dag.py:1832} INFO - Sync 1 DAGs
[2021-12-10 16:31:29,031] {logging_mixin.py:104} INFO - [2021-12-10 16:31:29,030] {dag.py:2305} INFO - Setting next_dagrun for example_skip_dag to 2021-12-08 00:00:00+00:00
[2021-12-10 16:31:29,080] {scheduler_job.py:190} INFO - Processing /home/agalli/sandbox/lib/python3.6/site-packages/airflow/example_dags/example_skip_dag.py took 0.208 seconds
[2021-12-10 16:32:19,029] {scheduler_job.py:182} INFO - Started process (PID=3030) to work on /home/agalli/sandbox/lib/python3.6/site-packages/airflow/example_dags/example_skip_dag.py
[2021-12-10 16:32:19,031] {scheduler_job.py:633} INFO - Processing file /home/agalli/sandbox/lib/python3.6/site-packages/airflow/example_dags/example_skip_dag.py for tasks to queue
[2021-12-10 16:32:19,032] {logging_mixin.py:104} INFO - [2021-12-10 16:32:19,032] {dagbag.py:487} INFO - Filling up the DagBag from /home/agalli/sandbox/lib/python3.6/site-packages/airflow/example_dags/example_skip_dag.py
[2021-12-10 16:32:19,082] {scheduler_job.py:643} INFO - DAG(s) dict_keys(['example_skip_dag']) retrieved from /home/agalli/sandbox/lib/python3.6/site-packages/airflow/example_dags/example_skip_dag.py
[2021-12-10 16:32:19,262] {logging_mixin.py:104} INFO - [2021-12-10 16:32:19,261] {dag.py:1832} INFO - Sync 1 DAGs
[2021-12-10 16:32:19,301] {logging_mixin.py:104} INFO - [2021-12-10 16:32:19,301] {dag.py:2305} INFO - Setting next_dagrun for example_skip_dag to 2021-12-08 00:00:00+00:00
[2021-12-10 16:32:19,341] {scheduler_job.py:190} INFO - Processing /home/agalli/sandbox/lib/python3.6/site-packages/airflow/example_dags/example_skip_dag.py took 0.317 seconds
[2021-12-10 16:33:40,805] {scheduler_job.py:182} INFO - Started process (PID=3682) to work on /home/agalli/sandbox/lib/python3.6/site-packages/airflow/example_dags/example_skip_dag.py
[2021-12-10 16:33:40,809] {scheduler_job.py:633} INFO - Processing file /home/agalli/sandbox/lib/python3.6/site-packages/airflow/example_dags/example_skip_dag.py for tasks to queue
[2021-12-10 16:33:40,811] {logging_mixin.py:104} INFO - [2021-12-10 16:33:40,811] {dagbag.py:487} INFO - Filling up the DagBag from /home/agalli/sandbox/lib/python3.6/site-packages/airflow/example_dags/example_skip_dag.py
[2021-12-10 16:33:40,846] {scheduler_job.py:643} INFO - DAG(s) dict_keys(['example_skip_dag']) retrieved from /home/agalli/sandbox/lib/python3.6/site-packages/airflow/example_dags/example_skip_dag.py
[2021-12-10 16:33:40,893] {logging_mixin.py:104} INFO - [2021-12-10 16:33:40,893] {dag.py:1832} INFO - Sync 1 DAGs
[2021-12-10 16:33:40,920] {logging_mixin.py:104} INFO - [2021-12-10 16:33:40,920] {dag.py:2305} INFO - Setting next_dagrun for example_skip_dag to 2021-12-08 00:00:00+00:00
[2021-12-10 16:33:40,961] {scheduler_job.py:190} INFO - Processing /home/agalli/sandbox/lib/python3.6/site-packages/airflow/example_dags/example_skip_dag.py took 0.173 seconds
[2021-12-10 16:34:36,387] {scheduler_job.py:182} INFO - Started process (PID=3806) to work on /home/agalli/sandbox/lib/python3.6/site-packages/airflow/example_dags/example_skip_dag.py
[2021-12-10 16:34:36,392] {scheduler_job.py:633} INFO - Processing file /home/agalli/sandbox/lib/python3.6/site-packages/airflow/example_dags/example_skip_dag.py for tasks to queue
[2021-12-10 16:34:36,394] {logging_mixin.py:104} INFO - [2021-12-10 16:34:36,393] {dagbag.py:487} INFO - Filling up the DagBag from /home/agalli/sandbox/lib/python3.6/site-packages/airflow/example_dags/example_skip_dag.py
[2021-12-10 16:34:36,421] {scheduler_job.py:643} INFO - DAG(s) dict_keys(['example_skip_dag']) retrieved from /home/agalli/sandbox/lib/python3.6/site-packages/airflow/example_dags/example_skip_dag.py
[2021-12-10 16:34:36,462] {logging_mixin.py:104} INFO - [2021-12-10 16:34:36,462] {dag.py:1832} INFO - Sync 1 DAGs
[2021-12-10 16:34:36,492] {logging_mixin.py:104} INFO - [2021-12-10 16:34:36,492] {dag.py:2305} INFO - Setting next_dagrun for example_skip_dag to 2021-12-08 00:00:00+00:00
[2021-12-10 16:34:36,536] {scheduler_job.py:190} INFO - Processing /home/agalli/sandbox/lib/python3.6/site-packages/airflow/example_dags/example_skip_dag.py took 0.154 seconds
[2021-12-10 16:35:14,315] {scheduler_job.py:182} INFO - Started process (PID=3841) to work on /home/agalli/sandbox/lib/python3.6/site-packages/airflow/example_dags/example_skip_dag.py
[2021-12-10 16:35:14,318] {scheduler_job.py:633} INFO - Processing file /home/agalli/sandbox/lib/python3.6/site-packages/airflow/example_dags/example_skip_dag.py for tasks to queue
[2021-12-10 16:35:14,320] {logging_mixin.py:104} INFO - [2021-12-10 16:35:14,320] {dagbag.py:487} INFO - Filling up the DagBag from /home/agalli/sandbox/lib/python3.6/site-packages/airflow/example_dags/example_skip_dag.py
[2021-12-10 16:35:14,355] {scheduler_job.py:643} INFO - DAG(s) dict_keys(['example_skip_dag']) retrieved from /home/agalli/sandbox/lib/python3.6/site-packages/airflow/example_dags/example_skip_dag.py
[2021-12-10 16:35:14,389] {logging_mixin.py:104} INFO - [2021-12-10 16:35:14,389] {dag.py:1832} INFO - Sync 1 DAGs
[2021-12-10 16:35:14,500] {logging_mixin.py:104} INFO - [2021-12-10 16:35:14,497] {dag.py:2305} INFO - Setting next_dagrun for example_skip_dag to 2021-12-08 00:00:00+00:00
[2021-12-10 16:35:14,556] {scheduler_job.py:190} INFO - Processing /home/agalli/sandbox/lib/python3.6/site-packages/airflow/example_dags/example_skip_dag.py took 0.252 seconds
[2021-12-10 16:36:02,437] {scheduler_job.py:182} INFO - Started process (PID=3874) to work on /home/agalli/sandbox/lib/python3.6/site-packages/airflow/example_dags/example_skip_dag.py
[2021-12-10 16:36:02,449] {scheduler_job.py:633} INFO - Processing file /home/agalli/sandbox/lib/python3.6/site-packages/airflow/example_dags/example_skip_dag.py for tasks to queue
[2021-12-10 16:36:02,451] {logging_mixin.py:104} INFO - [2021-12-10 16:36:02,451] {dagbag.py:487} INFO - Filling up the DagBag from /home/agalli/sandbox/lib/python3.6/site-packages/airflow/example_dags/example_skip_dag.py
[2021-12-10 16:36:02,486] {scheduler_job.py:643} INFO - DAG(s) dict_keys(['example_skip_dag']) retrieved from /home/agalli/sandbox/lib/python3.6/site-packages/airflow/example_dags/example_skip_dag.py
[2021-12-10 16:36:02,530] {logging_mixin.py:104} INFO - [2021-12-10 16:36:02,530] {dag.py:1832} INFO - Sync 1 DAGs
[2021-12-10 16:36:02,559] {logging_mixin.py:104} INFO - [2021-12-10 16:36:02,559] {dag.py:2305} INFO - Setting next_dagrun for example_skip_dag to 2021-12-08 00:00:00+00:00
[2021-12-10 16:36:02,614] {scheduler_job.py:190} INFO - Processing /home/agalli/sandbox/lib/python3.6/site-packages/airflow/example_dags/example_skip_dag.py took 0.183 seconds
