[2021-12-10 16:23:27,639] {scheduler_job.py:182} INFO - Started process (PID=1664) to work on /home/agalli/sandbox/lib/python3.6/site-packages/airflow/example_dags/example_latest_only.py
[2021-12-10 16:23:27,641] {scheduler_job.py:633} INFO - Processing file /home/agalli/sandbox/lib/python3.6/site-packages/airflow/example_dags/example_latest_only.py for tasks to queue
[2021-12-10 16:23:27,643] {logging_mixin.py:104} INFO - [2021-12-10 16:23:27,643] {dagbag.py:487} INFO - Filling up the DagBag from /home/agalli/sandbox/lib/python3.6/site-packages/airflow/example_dags/example_latest_only.py
[2021-12-10 16:23:27,672] {scheduler_job.py:643} INFO - DAG(s) dict_keys(['latest_only']) retrieved from /home/agalli/sandbox/lib/python3.6/site-packages/airflow/example_dags/example_latest_only.py
[2021-12-10 16:23:28,173] {logging_mixin.py:104} INFO - [2021-12-10 16:23:28,173] {dag.py:1832} INFO - Sync 1 DAGs
[2021-12-10 16:23:28,195] {logging_mixin.py:104} INFO - [2021-12-10 16:23:28,195] {dag.py:2305} INFO - Setting next_dagrun for latest_only to 2021-12-08 00:00:00+00:00
[2021-12-10 16:23:28,245] {scheduler_job.py:190} INFO - Processing /home/agalli/sandbox/lib/python3.6/site-packages/airflow/example_dags/example_latest_only.py took 0.612 seconds
[2021-12-10 16:24:26,725] {scheduler_job.py:182} INFO - Started process (PID=1699) to work on /home/agalli/sandbox/lib/python3.6/site-packages/airflow/example_dags/example_latest_only.py
[2021-12-10 16:24:26,740] {scheduler_job.py:633} INFO - Processing file /home/agalli/sandbox/lib/python3.6/site-packages/airflow/example_dags/example_latest_only.py for tasks to queue
[2021-12-10 16:24:26,742] {logging_mixin.py:104} INFO - [2021-12-10 16:24:26,742] {dagbag.py:487} INFO - Filling up the DagBag from /home/agalli/sandbox/lib/python3.6/site-packages/airflow/example_dags/example_latest_only.py
[2021-12-10 16:24:26,839] {scheduler_job.py:643} INFO - DAG(s) dict_keys(['latest_only']) retrieved from /home/agalli/sandbox/lib/python3.6/site-packages/airflow/example_dags/example_latest_only.py
[2021-12-10 16:24:26,962] {logging_mixin.py:104} INFO - [2021-12-10 16:24:26,962] {dag.py:1832} INFO - Sync 1 DAGs
[2021-12-10 16:24:27,128] {logging_mixin.py:104} INFO - [2021-12-10 16:24:27,117] {dag.py:2305} INFO - Setting next_dagrun for latest_only to 2021-12-08 00:00:00+00:00
[2021-12-10 16:24:27,250] {scheduler_job.py:190} INFO - Processing /home/agalli/sandbox/lib/python3.6/site-packages/airflow/example_dags/example_latest_only.py took 0.541 seconds
[2021-12-10 16:25:21,139] {scheduler_job.py:182} INFO - Started process (PID=1734) to work on /home/agalli/sandbox/lib/python3.6/site-packages/airflow/example_dags/example_latest_only.py
[2021-12-10 16:25:21,143] {scheduler_job.py:633} INFO - Processing file /home/agalli/sandbox/lib/python3.6/site-packages/airflow/example_dags/example_latest_only.py for tasks to queue
[2021-12-10 16:25:21,150] {logging_mixin.py:104} INFO - [2021-12-10 16:25:21,149] {dagbag.py:487} INFO - Filling up the DagBag from /home/agalli/sandbox/lib/python3.6/site-packages/airflow/example_dags/example_latest_only.py
[2021-12-10 16:25:21,199] {scheduler_job.py:643} INFO - DAG(s) dict_keys(['latest_only']) retrieved from /home/agalli/sandbox/lib/python3.6/site-packages/airflow/example_dags/example_latest_only.py
[2021-12-10 16:25:21,243] {logging_mixin.py:104} INFO - [2021-12-10 16:25:21,243] {dag.py:1832} INFO - Sync 1 DAGs
[2021-12-10 16:25:21,268] {logging_mixin.py:104} INFO - [2021-12-10 16:25:21,268] {dag.py:2305} INFO - Setting next_dagrun for latest_only to 2021-12-08 00:00:00+00:00
[2021-12-10 16:25:21,308] {scheduler_job.py:190} INFO - Processing /home/agalli/sandbox/lib/python3.6/site-packages/airflow/example_dags/example_latest_only.py took 0.176 seconds
[2021-12-10 16:26:12,585] {scheduler_job.py:182} INFO - Started process (PID=1979) to work on /home/agalli/sandbox/lib/python3.6/site-packages/airflow/example_dags/example_latest_only.py
[2021-12-10 16:26:12,602] {scheduler_job.py:633} INFO - Processing file /home/agalli/sandbox/lib/python3.6/site-packages/airflow/example_dags/example_latest_only.py for tasks to queue
[2021-12-10 16:26:12,604] {logging_mixin.py:104} INFO - [2021-12-10 16:26:12,603] {dagbag.py:487} INFO - Filling up the DagBag from /home/agalli/sandbox/lib/python3.6/site-packages/airflow/example_dags/example_latest_only.py
[2021-12-10 16:26:12,643] {scheduler_job.py:643} INFO - DAG(s) dict_keys(['latest_only']) retrieved from /home/agalli/sandbox/lib/python3.6/site-packages/airflow/example_dags/example_latest_only.py
[2021-12-10 16:26:12,697] {logging_mixin.py:104} INFO - [2021-12-10 16:26:12,696] {dag.py:1832} INFO - Sync 1 DAGs
[2021-12-10 16:26:12,762] {logging_mixin.py:104} INFO - [2021-12-10 16:26:12,761] {dag.py:2305} INFO - Setting next_dagrun for latest_only to 2021-12-08 00:00:00+00:00
[2021-12-10 16:26:12,812] {scheduler_job.py:190} INFO - Processing /home/agalli/sandbox/lib/python3.6/site-packages/airflow/example_dags/example_latest_only.py took 0.260 seconds
[2021-12-10 16:27:11,719] {scheduler_job.py:182} INFO - Started process (PID=2263) to work on /home/agalli/sandbox/lib/python3.6/site-packages/airflow/example_dags/example_latest_only.py
[2021-12-10 16:27:11,721] {scheduler_job.py:633} INFO - Processing file /home/agalli/sandbox/lib/python3.6/site-packages/airflow/example_dags/example_latest_only.py for tasks to queue
[2021-12-10 16:27:11,723] {logging_mixin.py:104} INFO - [2021-12-10 16:27:11,722] {dagbag.py:487} INFO - Filling up the DagBag from /home/agalli/sandbox/lib/python3.6/site-packages/airflow/example_dags/example_latest_only.py
[2021-12-10 16:27:11,787] {scheduler_job.py:643} INFO - DAG(s) dict_keys(['latest_only']) retrieved from /home/agalli/sandbox/lib/python3.6/site-packages/airflow/example_dags/example_latest_only.py
[2021-12-10 16:27:11,858] {logging_mixin.py:104} INFO - [2021-12-10 16:27:11,857] {dag.py:1832} INFO - Sync 1 DAGs
[2021-12-10 16:27:11,918] {logging_mixin.py:104} INFO - [2021-12-10 16:27:11,918] {dag.py:2305} INFO - Setting next_dagrun for latest_only to 2021-12-08 00:00:00+00:00
[2021-12-10 16:27:12,174] {scheduler_job.py:190} INFO - Processing /home/agalli/sandbox/lib/python3.6/site-packages/airflow/example_dags/example_latest_only.py took 0.474 seconds
[2021-12-10 16:28:09,155] {scheduler_job.py:182} INFO - Started process (PID=2414) to work on /home/agalli/sandbox/lib/python3.6/site-packages/airflow/example_dags/example_latest_only.py
[2021-12-10 16:28:09,163] {scheduler_job.py:633} INFO - Processing file /home/agalli/sandbox/lib/python3.6/site-packages/airflow/example_dags/example_latest_only.py for tasks to queue
[2021-12-10 16:28:09,169] {logging_mixin.py:104} INFO - [2021-12-10 16:28:09,168] {dagbag.py:487} INFO - Filling up the DagBag from /home/agalli/sandbox/lib/python3.6/site-packages/airflow/example_dags/example_latest_only.py
[2021-12-10 16:28:09,198] {scheduler_job.py:643} INFO - DAG(s) dict_keys(['latest_only']) retrieved from /home/agalli/sandbox/lib/python3.6/site-packages/airflow/example_dags/example_latest_only.py
[2021-12-10 16:28:09,269] {logging_mixin.py:104} INFO - [2021-12-10 16:28:09,269] {dag.py:1832} INFO - Sync 1 DAGs
[2021-12-10 16:28:09,308] {logging_mixin.py:104} INFO - [2021-12-10 16:28:09,307] {dag.py:2305} INFO - Setting next_dagrun for latest_only to 2021-12-08 00:00:00+00:00
[2021-12-10 16:28:09,373] {scheduler_job.py:190} INFO - Processing /home/agalli/sandbox/lib/python3.6/site-packages/airflow/example_dags/example_latest_only.py took 0.225 seconds
[2021-12-10 16:29:04,407] {scheduler_job.py:182} INFO - Started process (PID=2627) to work on /home/agalli/sandbox/lib/python3.6/site-packages/airflow/example_dags/example_latest_only.py
[2021-12-10 16:29:04,415] {scheduler_job.py:633} INFO - Processing file /home/agalli/sandbox/lib/python3.6/site-packages/airflow/example_dags/example_latest_only.py for tasks to queue
[2021-12-10 16:29:04,418] {logging_mixin.py:104} INFO - [2021-12-10 16:29:04,417] {dagbag.py:487} INFO - Filling up the DagBag from /home/agalli/sandbox/lib/python3.6/site-packages/airflow/example_dags/example_latest_only.py
[2021-12-10 16:29:04,676] {scheduler_job.py:643} INFO - DAG(s) dict_keys(['latest_only']) retrieved from /home/agalli/sandbox/lib/python3.6/site-packages/airflow/example_dags/example_latest_only.py
[2021-12-10 16:29:04,833] {logging_mixin.py:104} INFO - [2021-12-10 16:29:04,822] {dag.py:1832} INFO - Sync 1 DAGs
[2021-12-10 16:29:05,034] {logging_mixin.py:104} INFO - [2021-12-10 16:29:05,034] {dag.py:2305} INFO - Setting next_dagrun for latest_only to 2021-12-08 00:00:00+00:00
[2021-12-10 16:29:05,239] {scheduler_job.py:190} INFO - Processing /home/agalli/sandbox/lib/python3.6/site-packages/airflow/example_dags/example_latest_only.py took 0.841 seconds
[2021-12-10 16:29:54,643] {scheduler_job.py:182} INFO - Started process (PID=2661) to work on /home/agalli/sandbox/lib/python3.6/site-packages/airflow/example_dags/example_latest_only.py
[2021-12-10 16:29:54,658] {scheduler_job.py:633} INFO - Processing file /home/agalli/sandbox/lib/python3.6/site-packages/airflow/example_dags/example_latest_only.py for tasks to queue
[2021-12-10 16:29:54,660] {logging_mixin.py:104} INFO - [2021-12-10 16:29:54,659] {dagbag.py:487} INFO - Filling up the DagBag from /home/agalli/sandbox/lib/python3.6/site-packages/airflow/example_dags/example_latest_only.py
[2021-12-10 16:29:54,785] {scheduler_job.py:643} INFO - DAG(s) dict_keys(['latest_only']) retrieved from /home/agalli/sandbox/lib/python3.6/site-packages/airflow/example_dags/example_latest_only.py
[2021-12-10 16:29:54,897] {logging_mixin.py:104} INFO - [2021-12-10 16:29:54,896] {dag.py:1832} INFO - Sync 1 DAGs
[2021-12-10 16:29:54,961] {logging_mixin.py:104} INFO - [2021-12-10 16:29:54,961] {dag.py:2305} INFO - Setting next_dagrun for latest_only to 2021-12-08 00:00:00+00:00
[2021-12-10 16:29:55,022] {scheduler_job.py:190} INFO - Processing /home/agalli/sandbox/lib/python3.6/site-packages/airflow/example_dags/example_latest_only.py took 0.399 seconds
[2021-12-10 16:30:40,458] {scheduler_job.py:182} INFO - Started process (PID=2700) to work on /home/agalli/sandbox/lib/python3.6/site-packages/airflow/example_dags/example_latest_only.py
[2021-12-10 16:30:40,461] {scheduler_job.py:633} INFO - Processing file /home/agalli/sandbox/lib/python3.6/site-packages/airflow/example_dags/example_latest_only.py for tasks to queue
[2021-12-10 16:30:40,462] {logging_mixin.py:104} INFO - [2021-12-10 16:30:40,462] {dagbag.py:487} INFO - Filling up the DagBag from /home/agalli/sandbox/lib/python3.6/site-packages/airflow/example_dags/example_latest_only.py
[2021-12-10 16:30:40,490] {scheduler_job.py:643} INFO - DAG(s) dict_keys(['latest_only']) retrieved from /home/agalli/sandbox/lib/python3.6/site-packages/airflow/example_dags/example_latest_only.py
[2021-12-10 16:30:40,527] {logging_mixin.py:104} INFO - [2021-12-10 16:30:40,526] {dag.py:1832} INFO - Sync 1 DAGs
[2021-12-10 16:30:40,578] {logging_mixin.py:104} INFO - [2021-12-10 16:30:40,577] {dag.py:2305} INFO - Setting next_dagrun for latest_only to 2021-12-08 00:00:00+00:00
[2021-12-10 16:30:40,676] {scheduler_job.py:190} INFO - Processing /home/agalli/sandbox/lib/python3.6/site-packages/airflow/example_dags/example_latest_only.py took 0.223 seconds
[2021-12-10 16:31:30,089] {scheduler_job.py:182} INFO - Started process (PID=2996) to work on /home/agalli/sandbox/lib/python3.6/site-packages/airflow/example_dags/example_latest_only.py
[2021-12-10 16:31:30,095] {scheduler_job.py:633} INFO - Processing file /home/agalli/sandbox/lib/python3.6/site-packages/airflow/example_dags/example_latest_only.py for tasks to queue
[2021-12-10 16:31:30,097] {logging_mixin.py:104} INFO - [2021-12-10 16:31:30,097] {dagbag.py:487} INFO - Filling up the DagBag from /home/agalli/sandbox/lib/python3.6/site-packages/airflow/example_dags/example_latest_only.py
[2021-12-10 16:31:30,137] {scheduler_job.py:643} INFO - DAG(s) dict_keys(['latest_only']) retrieved from /home/agalli/sandbox/lib/python3.6/site-packages/airflow/example_dags/example_latest_only.py
[2021-12-10 16:31:30,171] {logging_mixin.py:104} INFO - [2021-12-10 16:31:30,171] {dag.py:1832} INFO - Sync 1 DAGs
[2021-12-10 16:31:30,198] {logging_mixin.py:104} INFO - [2021-12-10 16:31:30,198] {dag.py:2305} INFO - Setting next_dagrun for latest_only to 2021-12-08 00:00:00+00:00
[2021-12-10 16:31:30,256] {scheduler_job.py:190} INFO - Processing /home/agalli/sandbox/lib/python3.6/site-packages/airflow/example_dags/example_latest_only.py took 0.177 seconds
[2021-12-10 16:32:20,057] {scheduler_job.py:182} INFO - Started process (PID=3031) to work on /home/agalli/sandbox/lib/python3.6/site-packages/airflow/example_dags/example_latest_only.py
[2021-12-10 16:32:20,060] {scheduler_job.py:633} INFO - Processing file /home/agalli/sandbox/lib/python3.6/site-packages/airflow/example_dags/example_latest_only.py for tasks to queue
[2021-12-10 16:32:20,063] {logging_mixin.py:104} INFO - [2021-12-10 16:32:20,063] {dagbag.py:487} INFO - Filling up the DagBag from /home/agalli/sandbox/lib/python3.6/site-packages/airflow/example_dags/example_latest_only.py
[2021-12-10 16:32:20,089] {scheduler_job.py:643} INFO - DAG(s) dict_keys(['latest_only']) retrieved from /home/agalli/sandbox/lib/python3.6/site-packages/airflow/example_dags/example_latest_only.py
[2021-12-10 16:32:20,124] {logging_mixin.py:104} INFO - [2021-12-10 16:32:20,124] {dag.py:1832} INFO - Sync 1 DAGs
[2021-12-10 16:32:20,165] {logging_mixin.py:104} INFO - [2021-12-10 16:32:20,164] {dag.py:2305} INFO - Setting next_dagrun for latest_only to 2021-12-08 00:00:00+00:00
[2021-12-10 16:32:20,276] {scheduler_job.py:190} INFO - Processing /home/agalli/sandbox/lib/python3.6/site-packages/airflow/example_dags/example_latest_only.py took 0.223 seconds
[2021-12-10 16:33:42,267] {scheduler_job.py:182} INFO - Started process (PID=3698) to work on /home/agalli/sandbox/lib/python3.6/site-packages/airflow/example_dags/example_latest_only.py
[2021-12-10 16:33:42,270] {scheduler_job.py:633} INFO - Processing file /home/agalli/sandbox/lib/python3.6/site-packages/airflow/example_dags/example_latest_only.py for tasks to queue
[2021-12-10 16:33:42,283] {logging_mixin.py:104} INFO - [2021-12-10 16:33:42,282] {dagbag.py:487} INFO - Filling up the DagBag from /home/agalli/sandbox/lib/python3.6/site-packages/airflow/example_dags/example_latest_only.py
[2021-12-10 16:33:42,395] {scheduler_job.py:643} INFO - DAG(s) dict_keys(['latest_only']) retrieved from /home/agalli/sandbox/lib/python3.6/site-packages/airflow/example_dags/example_latest_only.py
[2021-12-10 16:33:42,530] {logging_mixin.py:104} INFO - [2021-12-10 16:33:42,530] {dag.py:1832} INFO - Sync 1 DAGs
[2021-12-10 16:33:42,604] {logging_mixin.py:104} INFO - [2021-12-10 16:33:42,603] {dag.py:2305} INFO - Setting next_dagrun for latest_only to 2021-12-08 00:00:00+00:00
[2021-12-10 16:33:42,717] {scheduler_job.py:190} INFO - Processing /home/agalli/sandbox/lib/python3.6/site-packages/airflow/example_dags/example_latest_only.py took 0.477 seconds
[2021-12-10 16:34:37,657] {scheduler_job.py:182} INFO - Started process (PID=3807) to work on /home/agalli/sandbox/lib/python3.6/site-packages/airflow/example_dags/example_latest_only.py
[2021-12-10 16:34:37,660] {scheduler_job.py:633} INFO - Processing file /home/agalli/sandbox/lib/python3.6/site-packages/airflow/example_dags/example_latest_only.py for tasks to queue
[2021-12-10 16:34:37,662] {logging_mixin.py:104} INFO - [2021-12-10 16:34:37,662] {dagbag.py:487} INFO - Filling up the DagBag from /home/agalli/sandbox/lib/python3.6/site-packages/airflow/example_dags/example_latest_only.py
[2021-12-10 16:34:37,701] {scheduler_job.py:643} INFO - DAG(s) dict_keys(['latest_only']) retrieved from /home/agalli/sandbox/lib/python3.6/site-packages/airflow/example_dags/example_latest_only.py
[2021-12-10 16:34:37,748] {logging_mixin.py:104} INFO - [2021-12-10 16:34:37,747] {dag.py:1832} INFO - Sync 1 DAGs
[2021-12-10 16:34:37,781] {logging_mixin.py:104} INFO - [2021-12-10 16:34:37,781] {dag.py:2305} INFO - Setting next_dagrun for latest_only to 2021-12-08 00:00:00+00:00
[2021-12-10 16:34:37,806] {scheduler_job.py:190} INFO - Processing /home/agalli/sandbox/lib/python3.6/site-packages/airflow/example_dags/example_latest_only.py took 0.164 seconds
[2021-12-10 16:35:15,699] {scheduler_job.py:182} INFO - Started process (PID=3842) to work on /home/agalli/sandbox/lib/python3.6/site-packages/airflow/example_dags/example_latest_only.py
[2021-12-10 16:35:15,745] {scheduler_job.py:633} INFO - Processing file /home/agalli/sandbox/lib/python3.6/site-packages/airflow/example_dags/example_latest_only.py for tasks to queue
[2021-12-10 16:35:15,761] {logging_mixin.py:104} INFO - [2021-12-10 16:35:15,759] {dagbag.py:487} INFO - Filling up the DagBag from /home/agalli/sandbox/lib/python3.6/site-packages/airflow/example_dags/example_latest_only.py
[2021-12-10 16:35:15,833] {scheduler_job.py:643} INFO - DAG(s) dict_keys(['latest_only']) retrieved from /home/agalli/sandbox/lib/python3.6/site-packages/airflow/example_dags/example_latest_only.py
[2021-12-10 16:35:15,867] {logging_mixin.py:104} INFO - [2021-12-10 16:35:15,867] {dag.py:1832} INFO - Sync 1 DAGs
[2021-12-10 16:35:15,901] {logging_mixin.py:104} INFO - [2021-12-10 16:35:15,901] {dag.py:2305} INFO - Setting next_dagrun for latest_only to 2021-12-08 00:00:00+00:00
[2021-12-10 16:35:15,938] {scheduler_job.py:190} INFO - Processing /home/agalli/sandbox/lib/python3.6/site-packages/airflow/example_dags/example_latest_only.py took 0.261 seconds
[2021-12-10 16:36:19,502] {scheduler_job.py:182} INFO - Started process (PID=3883) to work on /home/agalli/sandbox/lib/python3.6/site-packages/airflow/example_dags/example_latest_only.py
[2021-12-10 16:36:19,513] {scheduler_job.py:633} INFO - Processing file /home/agalli/sandbox/lib/python3.6/site-packages/airflow/example_dags/example_latest_only.py for tasks to queue
[2021-12-10 16:36:19,516] {logging_mixin.py:104} INFO - [2021-12-10 16:36:19,515] {dagbag.py:487} INFO - Filling up the DagBag from /home/agalli/sandbox/lib/python3.6/site-packages/airflow/example_dags/example_latest_only.py
[2021-12-10 16:36:19,574] {scheduler_job.py:643} INFO - DAG(s) dict_keys(['latest_only']) retrieved from /home/agalli/sandbox/lib/python3.6/site-packages/airflow/example_dags/example_latest_only.py
[2021-12-10 16:36:19,636] {logging_mixin.py:104} INFO - [2021-12-10 16:36:19,635] {dag.py:1832} INFO - Sync 1 DAGs
[2021-12-10 16:36:19,869] {logging_mixin.py:104} INFO - [2021-12-10 16:36:19,869] {dag.py:2305} INFO - Setting next_dagrun for latest_only to 2021-12-08 00:00:00+00:00
[2021-12-10 16:36:19,915] {scheduler_job.py:190} INFO - Processing /home/agalli/sandbox/lib/python3.6/site-packages/airflow/example_dags/example_latest_only.py took 0.419 seconds
