[2021-12-10 16:23:40,832] {scheduler_job.py:182} INFO - Started process (PID=1672) to work on /home/agalli/sandbox/lib/python3.6/site-packages/airflow/example_dags/example_branch_labels.py
[2021-12-10 16:23:40,835] {scheduler_job.py:633} INFO - Processing file /home/agalli/sandbox/lib/python3.6/site-packages/airflow/example_dags/example_branch_labels.py for tasks to queue
[2021-12-10 16:23:40,836] {logging_mixin.py:104} INFO - [2021-12-10 16:23:40,836] {dagbag.py:487} INFO - Filling up the DagBag from /home/agalli/sandbox/lib/python3.6/site-packages/airflow/example_dags/example_branch_labels.py
[2021-12-10 16:23:40,902] {scheduler_job.py:643} INFO - DAG(s) dict_keys(['example_branch_labels']) retrieved from /home/agalli/sandbox/lib/python3.6/site-packages/airflow/example_dags/example_branch_labels.py
[2021-12-10 16:23:42,028] {logging_mixin.py:104} INFO - [2021-12-10 16:23:42,027] {dag.py:1832} INFO - Sync 1 DAGs
[2021-12-10 16:23:42,072] {logging_mixin.py:104} INFO - [2021-12-10 16:23:42,072] {dag.py:2305} INFO - Setting next_dagrun for example_branch_labels to 2021-12-08 00:00:00+00:00
[2021-12-10 16:23:42,126] {scheduler_job.py:190} INFO - Processing /home/agalli/sandbox/lib/python3.6/site-packages/airflow/example_dags/example_branch_labels.py took 1.299 seconds
[2021-12-10 16:24:40,542] {scheduler_job.py:182} INFO - Started process (PID=1707) to work on /home/agalli/sandbox/lib/python3.6/site-packages/airflow/example_dags/example_branch_labels.py
[2021-12-10 16:24:40,548] {scheduler_job.py:633} INFO - Processing file /home/agalli/sandbox/lib/python3.6/site-packages/airflow/example_dags/example_branch_labels.py for tasks to queue
[2021-12-10 16:24:40,552] {logging_mixin.py:104} INFO - [2021-12-10 16:24:40,551] {dagbag.py:487} INFO - Filling up the DagBag from /home/agalli/sandbox/lib/python3.6/site-packages/airflow/example_dags/example_branch_labels.py
[2021-12-10 16:24:40,580] {scheduler_job.py:643} INFO - DAG(s) dict_keys(['example_branch_labels']) retrieved from /home/agalli/sandbox/lib/python3.6/site-packages/airflow/example_dags/example_branch_labels.py
[2021-12-10 16:24:40,610] {logging_mixin.py:104} INFO - [2021-12-10 16:24:40,610] {dag.py:1832} INFO - Sync 1 DAGs
[2021-12-10 16:24:40,635] {logging_mixin.py:104} INFO - [2021-12-10 16:24:40,635] {dag.py:2305} INFO - Setting next_dagrun for example_branch_labels to 2021-12-08 00:00:00+00:00
[2021-12-10 16:24:40,665] {scheduler_job.py:190} INFO - Processing /home/agalli/sandbox/lib/python3.6/site-packages/airflow/example_dags/example_branch_labels.py took 0.128 seconds
[2021-12-10 16:25:30,589] {scheduler_job.py:182} INFO - Started process (PID=1742) to work on /home/agalli/sandbox/lib/python3.6/site-packages/airflow/example_dags/example_branch_labels.py
[2021-12-10 16:25:30,593] {scheduler_job.py:633} INFO - Processing file /home/agalli/sandbox/lib/python3.6/site-packages/airflow/example_dags/example_branch_labels.py for tasks to queue
[2021-12-10 16:25:30,600] {logging_mixin.py:104} INFO - [2021-12-10 16:25:30,599] {dagbag.py:487} INFO - Filling up the DagBag from /home/agalli/sandbox/lib/python3.6/site-packages/airflow/example_dags/example_branch_labels.py
[2021-12-10 16:25:30,663] {scheduler_job.py:643} INFO - DAG(s) dict_keys(['example_branch_labels']) retrieved from /home/agalli/sandbox/lib/python3.6/site-packages/airflow/example_dags/example_branch_labels.py
[2021-12-10 16:25:30,738] {logging_mixin.py:104} INFO - [2021-12-10 16:25:30,738] {dag.py:1832} INFO - Sync 1 DAGs
[2021-12-10 16:25:30,813] {logging_mixin.py:104} INFO - [2021-12-10 16:25:30,813] {dag.py:2305} INFO - Setting next_dagrun for example_branch_labels to 2021-12-08 00:00:00+00:00
[2021-12-10 16:25:31,159] {scheduler_job.py:190} INFO - Processing /home/agalli/sandbox/lib/python3.6/site-packages/airflow/example_dags/example_branch_labels.py took 0.588 seconds
[2021-12-10 16:26:33,574] {scheduler_job.py:182} INFO - Started process (PID=2026) to work on /home/agalli/sandbox/lib/python3.6/site-packages/airflow/example_dags/example_branch_labels.py
[2021-12-10 16:26:33,577] {scheduler_job.py:633} INFO - Processing file /home/agalli/sandbox/lib/python3.6/site-packages/airflow/example_dags/example_branch_labels.py for tasks to queue
[2021-12-10 16:26:33,579] {logging_mixin.py:104} INFO - [2021-12-10 16:26:33,579] {dagbag.py:487} INFO - Filling up the DagBag from /home/agalli/sandbox/lib/python3.6/site-packages/airflow/example_dags/example_branch_labels.py
[2021-12-10 16:26:33,604] {scheduler_job.py:643} INFO - DAG(s) dict_keys(['example_branch_labels']) retrieved from /home/agalli/sandbox/lib/python3.6/site-packages/airflow/example_dags/example_branch_labels.py
[2021-12-10 16:26:33,628] {logging_mixin.py:104} INFO - [2021-12-10 16:26:33,628] {dag.py:1832} INFO - Sync 1 DAGs
[2021-12-10 16:26:33,670] {logging_mixin.py:104} INFO - [2021-12-10 16:26:33,670] {dag.py:2305} INFO - Setting next_dagrun for example_branch_labels to 2021-12-08 00:00:00+00:00
[2021-12-10 16:26:33,701] {scheduler_job.py:190} INFO - Processing /home/agalli/sandbox/lib/python3.6/site-packages/airflow/example_dags/example_branch_labels.py took 0.132 seconds
[2021-12-10 16:27:30,004] {scheduler_job.py:182} INFO - Started process (PID=2275) to work on /home/agalli/sandbox/lib/python3.6/site-packages/airflow/example_dags/example_branch_labels.py
[2021-12-10 16:27:30,010] {scheduler_job.py:633} INFO - Processing file /home/agalli/sandbox/lib/python3.6/site-packages/airflow/example_dags/example_branch_labels.py for tasks to queue
[2021-12-10 16:27:30,012] {logging_mixin.py:104} INFO - [2021-12-10 16:27:30,011] {dagbag.py:487} INFO - Filling up the DagBag from /home/agalli/sandbox/lib/python3.6/site-packages/airflow/example_dags/example_branch_labels.py
[2021-12-10 16:27:30,044] {scheduler_job.py:643} INFO - DAG(s) dict_keys(['example_branch_labels']) retrieved from /home/agalli/sandbox/lib/python3.6/site-packages/airflow/example_dags/example_branch_labels.py
[2021-12-10 16:27:30,073] {logging_mixin.py:104} INFO - [2021-12-10 16:27:30,073] {dag.py:1832} INFO - Sync 1 DAGs
[2021-12-10 16:27:30,108] {logging_mixin.py:104} INFO - [2021-12-10 16:27:30,108] {dag.py:2305} INFO - Setting next_dagrun for example_branch_labels to 2021-12-08 00:00:00+00:00
[2021-12-10 16:27:30,158] {scheduler_job.py:190} INFO - Processing /home/agalli/sandbox/lib/python3.6/site-packages/airflow/example_dags/example_branch_labels.py took 0.159 seconds
[2021-12-10 16:28:40,143] {scheduler_job.py:182} INFO - Started process (PID=2612) to work on /home/agalli/sandbox/lib/python3.6/site-packages/airflow/example_dags/example_branch_labels.py
[2021-12-10 16:28:40,149] {scheduler_job.py:633} INFO - Processing file /home/agalli/sandbox/lib/python3.6/site-packages/airflow/example_dags/example_branch_labels.py for tasks to queue
[2021-12-10 16:28:40,151] {logging_mixin.py:104} INFO - [2021-12-10 16:28:40,151] {dagbag.py:487} INFO - Filling up the DagBag from /home/agalli/sandbox/lib/python3.6/site-packages/airflow/example_dags/example_branch_labels.py
[2021-12-10 16:28:40,204] {scheduler_job.py:643} INFO - DAG(s) dict_keys(['example_branch_labels']) retrieved from /home/agalli/sandbox/lib/python3.6/site-packages/airflow/example_dags/example_branch_labels.py
[2021-12-10 16:28:40,237] {logging_mixin.py:104} INFO - [2021-12-10 16:28:40,237] {dag.py:1832} INFO - Sync 1 DAGs
[2021-12-10 16:28:40,286] {logging_mixin.py:104} INFO - [2021-12-10 16:28:40,285] {dag.py:2305} INFO - Setting next_dagrun for example_branch_labels to 2021-12-08 00:00:00+00:00
[2021-12-10 16:28:40,392] {scheduler_job.py:190} INFO - Processing /home/agalli/sandbox/lib/python3.6/site-packages/airflow/example_dags/example_branch_labels.py took 0.258 seconds
[2021-12-10 16:29:34,081] {scheduler_job.py:182} INFO - Started process (PID=2647) to work on /home/agalli/sandbox/lib/python3.6/site-packages/airflow/example_dags/example_branch_labels.py
[2021-12-10 16:29:34,083] {scheduler_job.py:633} INFO - Processing file /home/agalli/sandbox/lib/python3.6/site-packages/airflow/example_dags/example_branch_labels.py for tasks to queue
[2021-12-10 16:29:34,084] {logging_mixin.py:104} INFO - [2021-12-10 16:29:34,084] {dagbag.py:487} INFO - Filling up the DagBag from /home/agalli/sandbox/lib/python3.6/site-packages/airflow/example_dags/example_branch_labels.py
[2021-12-10 16:29:34,112] {scheduler_job.py:643} INFO - DAG(s) dict_keys(['example_branch_labels']) retrieved from /home/agalli/sandbox/lib/python3.6/site-packages/airflow/example_dags/example_branch_labels.py
[2021-12-10 16:29:34,160] {logging_mixin.py:104} INFO - [2021-12-10 16:29:34,160] {dag.py:1832} INFO - Sync 1 DAGs
[2021-12-10 16:29:34,225] {logging_mixin.py:104} INFO - [2021-12-10 16:29:34,224] {dag.py:2305} INFO - Setting next_dagrun for example_branch_labels to 2021-12-08 00:00:00+00:00
[2021-12-10 16:29:34,267] {scheduler_job.py:190} INFO - Processing /home/agalli/sandbox/lib/python3.6/site-packages/airflow/example_dags/example_branch_labels.py took 0.191 seconds
[2021-12-10 16:30:29,713] {scheduler_job.py:182} INFO - Started process (PID=2689) to work on /home/agalli/sandbox/lib/python3.6/site-packages/airflow/example_dags/example_branch_labels.py
[2021-12-10 16:30:29,715] {scheduler_job.py:633} INFO - Processing file /home/agalli/sandbox/lib/python3.6/site-packages/airflow/example_dags/example_branch_labels.py for tasks to queue
[2021-12-10 16:30:29,716] {logging_mixin.py:104} INFO - [2021-12-10 16:30:29,715] {dagbag.py:487} INFO - Filling up the DagBag from /home/agalli/sandbox/lib/python3.6/site-packages/airflow/example_dags/example_branch_labels.py
[2021-12-10 16:30:29,730] {scheduler_job.py:643} INFO - DAG(s) dict_keys(['example_branch_labels']) retrieved from /home/agalli/sandbox/lib/python3.6/site-packages/airflow/example_dags/example_branch_labels.py
[2021-12-10 16:30:29,744] {logging_mixin.py:104} INFO - [2021-12-10 16:30:29,744] {dag.py:1832} INFO - Sync 1 DAGs
[2021-12-10 16:30:29,759] {logging_mixin.py:104} INFO - [2021-12-10 16:30:29,759] {dag.py:2305} INFO - Setting next_dagrun for example_branch_labels to 2021-12-08 00:00:00+00:00
[2021-12-10 16:30:29,781] {scheduler_job.py:190} INFO - Processing /home/agalli/sandbox/lib/python3.6/site-packages/airflow/example_dags/example_branch_labels.py took 0.071 seconds
[2021-12-10 16:31:35,399] {scheduler_job.py:182} INFO - Started process (PID=3000) to work on /home/agalli/sandbox/lib/python3.6/site-packages/airflow/example_dags/example_branch_labels.py
[2021-12-10 16:31:35,401] {scheduler_job.py:633} INFO - Processing file /home/agalli/sandbox/lib/python3.6/site-packages/airflow/example_dags/example_branch_labels.py for tasks to queue
[2021-12-10 16:31:35,403] {logging_mixin.py:104} INFO - [2021-12-10 16:31:35,403] {dagbag.py:487} INFO - Filling up the DagBag from /home/agalli/sandbox/lib/python3.6/site-packages/airflow/example_dags/example_branch_labels.py
[2021-12-10 16:31:35,434] {scheduler_job.py:643} INFO - DAG(s) dict_keys(['example_branch_labels']) retrieved from /home/agalli/sandbox/lib/python3.6/site-packages/airflow/example_dags/example_branch_labels.py
[2021-12-10 16:31:35,468] {logging_mixin.py:104} INFO - [2021-12-10 16:31:35,468] {dag.py:1832} INFO - Sync 1 DAGs
[2021-12-10 16:31:35,521] {logging_mixin.py:104} INFO - [2021-12-10 16:31:35,521] {dag.py:2305} INFO - Setting next_dagrun for example_branch_labels to 2021-12-08 00:00:00+00:00
[2021-12-10 16:31:35,578] {scheduler_job.py:190} INFO - Processing /home/agalli/sandbox/lib/python3.6/site-packages/airflow/example_dags/example_branch_labels.py took 0.184 seconds
[2021-12-10 16:32:32,807] {scheduler_job.py:182} INFO - Started process (PID=3085) to work on /home/agalli/sandbox/lib/python3.6/site-packages/airflow/example_dags/example_branch_labels.py
[2021-12-10 16:32:32,845] {scheduler_job.py:633} INFO - Processing file /home/agalli/sandbox/lib/python3.6/site-packages/airflow/example_dags/example_branch_labels.py for tasks to queue
[2021-12-10 16:32:32,867] {logging_mixin.py:104} INFO - [2021-12-10 16:32:32,866] {dagbag.py:487} INFO - Filling up the DagBag from /home/agalli/sandbox/lib/python3.6/site-packages/airflow/example_dags/example_branch_labels.py
[2021-12-10 16:32:32,952] {scheduler_job.py:643} INFO - DAG(s) dict_keys(['example_branch_labels']) retrieved from /home/agalli/sandbox/lib/python3.6/site-packages/airflow/example_dags/example_branch_labels.py
[2021-12-10 16:32:32,991] {logging_mixin.py:104} INFO - [2021-12-10 16:32:32,991] {dag.py:1832} INFO - Sync 1 DAGs
[2021-12-10 16:32:33,026] {logging_mixin.py:104} INFO - [2021-12-10 16:32:33,026] {dag.py:2305} INFO - Setting next_dagrun for example_branch_labels to 2021-12-08 00:00:00+00:00
[2021-12-10 16:32:33,054] {scheduler_job.py:190} INFO - Processing /home/agalli/sandbox/lib/python3.6/site-packages/airflow/example_dags/example_branch_labels.py took 0.258 seconds
[2021-12-10 16:34:13,200] {scheduler_job.py:182} INFO - Started process (PID=3786) to work on /home/agalli/sandbox/lib/python3.6/site-packages/airflow/example_dags/example_branch_labels.py
[2021-12-10 16:34:13,205] {scheduler_job.py:633} INFO - Processing file /home/agalli/sandbox/lib/python3.6/site-packages/airflow/example_dags/example_branch_labels.py for tasks to queue
[2021-12-10 16:34:13,207] {logging_mixin.py:104} INFO - [2021-12-10 16:34:13,207] {dagbag.py:487} INFO - Filling up the DagBag from /home/agalli/sandbox/lib/python3.6/site-packages/airflow/example_dags/example_branch_labels.py
[2021-12-10 16:34:13,234] {scheduler_job.py:643} INFO - DAG(s) dict_keys(['example_branch_labels']) retrieved from /home/agalli/sandbox/lib/python3.6/site-packages/airflow/example_dags/example_branch_labels.py
[2021-12-10 16:34:13,267] {logging_mixin.py:104} INFO - [2021-12-10 16:34:13,267] {dag.py:1832} INFO - Sync 1 DAGs
[2021-12-10 16:34:13,303] {logging_mixin.py:104} INFO - [2021-12-10 16:34:13,302] {dag.py:2305} INFO - Setting next_dagrun for example_branch_labels to 2021-12-08 00:00:00+00:00
[2021-12-10 16:34:13,368] {scheduler_job.py:190} INFO - Processing /home/agalli/sandbox/lib/python3.6/site-packages/airflow/example_dags/example_branch_labels.py took 0.175 seconds
[2021-12-10 16:34:54,529] {scheduler_job.py:182} INFO - Started process (PID=3821) to work on /home/agalli/sandbox/lib/python3.6/site-packages/airflow/example_dags/example_branch_labels.py
[2021-12-10 16:34:54,531] {scheduler_job.py:633} INFO - Processing file /home/agalli/sandbox/lib/python3.6/site-packages/airflow/example_dags/example_branch_labels.py for tasks to queue
[2021-12-10 16:34:54,532] {logging_mixin.py:104} INFO - [2021-12-10 16:34:54,532] {dagbag.py:487} INFO - Filling up the DagBag from /home/agalli/sandbox/lib/python3.6/site-packages/airflow/example_dags/example_branch_labels.py
[2021-12-10 16:34:54,547] {scheduler_job.py:643} INFO - DAG(s) dict_keys(['example_branch_labels']) retrieved from /home/agalli/sandbox/lib/python3.6/site-packages/airflow/example_dags/example_branch_labels.py
[2021-12-10 16:34:54,562] {logging_mixin.py:104} INFO - [2021-12-10 16:34:54,562] {dag.py:1832} INFO - Sync 1 DAGs
[2021-12-10 16:34:54,578] {logging_mixin.py:104} INFO - [2021-12-10 16:34:54,578] {dag.py:2305} INFO - Setting next_dagrun for example_branch_labels to 2021-12-08 00:00:00+00:00
[2021-12-10 16:34:54,597] {scheduler_job.py:190} INFO - Processing /home/agalli/sandbox/lib/python3.6/site-packages/airflow/example_dags/example_branch_labels.py took 0.072 seconds
[2021-12-10 16:35:36,883] {scheduler_job.py:182} INFO - Started process (PID=3856) to work on /home/agalli/sandbox/lib/python3.6/site-packages/airflow/example_dags/example_branch_labels.py
[2021-12-10 16:35:36,886] {scheduler_job.py:633} INFO - Processing file /home/agalli/sandbox/lib/python3.6/site-packages/airflow/example_dags/example_branch_labels.py for tasks to queue
[2021-12-10 16:35:36,887] {logging_mixin.py:104} INFO - [2021-12-10 16:35:36,887] {dagbag.py:487} INFO - Filling up the DagBag from /home/agalli/sandbox/lib/python3.6/site-packages/airflow/example_dags/example_branch_labels.py
[2021-12-10 16:35:36,909] {scheduler_job.py:643} INFO - DAG(s) dict_keys(['example_branch_labels']) retrieved from /home/agalli/sandbox/lib/python3.6/site-packages/airflow/example_dags/example_branch_labels.py
[2021-12-10 16:35:36,941] {logging_mixin.py:104} INFO - [2021-12-10 16:35:36,940] {dag.py:1832} INFO - Sync 1 DAGs
[2021-12-10 16:35:36,975] {logging_mixin.py:104} INFO - [2021-12-10 16:35:36,975] {dag.py:2305} INFO - Setting next_dagrun for example_branch_labels to 2021-12-08 00:00:00+00:00
[2021-12-10 16:35:37,005] {scheduler_job.py:190} INFO - Processing /home/agalli/sandbox/lib/python3.6/site-packages/airflow/example_dags/example_branch_labels.py took 0.128 seconds
