[2021-12-10 16:23:43,369] {scheduler_job.py:182} INFO - Started process (PID=1673) to work on /home/agalli/sandbox/lib/python3.6/site-packages/airflow/example_dags/example_dag_decorator.py
[2021-12-10 16:23:43,375] {scheduler_job.py:633} INFO - Processing file /home/agalli/sandbox/lib/python3.6/site-packages/airflow/example_dags/example_dag_decorator.py for tasks to queue
[2021-12-10 16:23:43,377] {logging_mixin.py:104} INFO - [2021-12-10 16:23:43,377] {dagbag.py:487} INFO - Filling up the DagBag from /home/agalli/sandbox/lib/python3.6/site-packages/airflow/example_dags/example_dag_decorator.py
[2021-12-10 16:23:43,453] {scheduler_job.py:643} INFO - DAG(s) dict_keys(['example_dag_decorator']) retrieved from /home/agalli/sandbox/lib/python3.6/site-packages/airflow/example_dags/example_dag_decorator.py
[2021-12-10 16:23:44,243] {logging_mixin.py:104} INFO - [2021-12-10 16:23:44,243] {dag.py:1832} INFO - Sync 1 DAGs
[2021-12-10 16:23:44,261] {logging_mixin.py:104} INFO - [2021-12-10 16:23:44,261] {dag.py:2305} INFO - Setting next_dagrun for example_dag_decorator to None
[2021-12-10 16:23:44,291] {scheduler_job.py:190} INFO - Processing /home/agalli/sandbox/lib/python3.6/site-packages/airflow/example_dags/example_dag_decorator.py took 0.930 seconds
[2021-12-10 16:24:41,889] {scheduler_job.py:182} INFO - Started process (PID=1708) to work on /home/agalli/sandbox/lib/python3.6/site-packages/airflow/example_dags/example_dag_decorator.py
[2021-12-10 16:24:41,914] {scheduler_job.py:633} INFO - Processing file /home/agalli/sandbox/lib/python3.6/site-packages/airflow/example_dags/example_dag_decorator.py for tasks to queue
[2021-12-10 16:24:41,923] {logging_mixin.py:104} INFO - [2021-12-10 16:24:41,923] {dagbag.py:487} INFO - Filling up the DagBag from /home/agalli/sandbox/lib/python3.6/site-packages/airflow/example_dags/example_dag_decorator.py
[2021-12-10 16:24:42,010] {scheduler_job.py:643} INFO - DAG(s) dict_keys(['example_dag_decorator']) retrieved from /home/agalli/sandbox/lib/python3.6/site-packages/airflow/example_dags/example_dag_decorator.py
[2021-12-10 16:24:42,645] {logging_mixin.py:104} INFO - [2021-12-10 16:24:42,645] {dag.py:1832} INFO - Sync 1 DAGs
[2021-12-10 16:24:42,673] {logging_mixin.py:104} INFO - [2021-12-10 16:24:42,673] {dag.py:2305} INFO - Setting next_dagrun for example_dag_decorator to None
[2021-12-10 16:24:42,706] {scheduler_job.py:190} INFO - Processing /home/agalli/sandbox/lib/python3.6/site-packages/airflow/example_dags/example_dag_decorator.py took 0.834 seconds
[2021-12-10 16:25:32,533] {scheduler_job.py:182} INFO - Started process (PID=1743) to work on /home/agalli/sandbox/lib/python3.6/site-packages/airflow/example_dags/example_dag_decorator.py
[2021-12-10 16:25:32,546] {scheduler_job.py:633} INFO - Processing file /home/agalli/sandbox/lib/python3.6/site-packages/airflow/example_dags/example_dag_decorator.py for tasks to queue
[2021-12-10 16:25:32,548] {logging_mixin.py:104} INFO - [2021-12-10 16:25:32,548] {dagbag.py:487} INFO - Filling up the DagBag from /home/agalli/sandbox/lib/python3.6/site-packages/airflow/example_dags/example_dag_decorator.py
[2021-12-10 16:25:32,707] {scheduler_job.py:643} INFO - DAG(s) dict_keys(['example_dag_decorator']) retrieved from /home/agalli/sandbox/lib/python3.6/site-packages/airflow/example_dags/example_dag_decorator.py
[2021-12-10 16:25:33,643] {logging_mixin.py:104} INFO - [2021-12-10 16:25:33,643] {dag.py:1832} INFO - Sync 1 DAGs
[2021-12-10 16:25:33,667] {logging_mixin.py:104} INFO - [2021-12-10 16:25:33,667] {dag.py:2305} INFO - Setting next_dagrun for example_dag_decorator to None
[2021-12-10 16:25:33,711] {scheduler_job.py:190} INFO - Processing /home/agalli/sandbox/lib/python3.6/site-packages/airflow/example_dags/example_dag_decorator.py took 1.186 seconds
[2021-12-10 16:26:33,898] {scheduler_job.py:182} INFO - Started process (PID=2027) to work on /home/agalli/sandbox/lib/python3.6/site-packages/airflow/example_dags/example_dag_decorator.py
[2021-12-10 16:26:33,901] {scheduler_job.py:633} INFO - Processing file /home/agalli/sandbox/lib/python3.6/site-packages/airflow/example_dags/example_dag_decorator.py for tasks to queue
[2021-12-10 16:26:33,904] {logging_mixin.py:104} INFO - [2021-12-10 16:26:33,903] {dagbag.py:487} INFO - Filling up the DagBag from /home/agalli/sandbox/lib/python3.6/site-packages/airflow/example_dags/example_dag_decorator.py
[2021-12-10 16:26:33,971] {scheduler_job.py:643} INFO - DAG(s) dict_keys(['example_dag_decorator']) retrieved from /home/agalli/sandbox/lib/python3.6/site-packages/airflow/example_dags/example_dag_decorator.py
[2021-12-10 16:26:34,646] {logging_mixin.py:104} INFO - [2021-12-10 16:26:34,646] {dag.py:1832} INFO - Sync 1 DAGs
[2021-12-10 16:26:34,666] {logging_mixin.py:104} INFO - [2021-12-10 16:26:34,665] {dag.py:2305} INFO - Setting next_dagrun for example_dag_decorator to None
[2021-12-10 16:26:34,700] {scheduler_job.py:190} INFO - Processing /home/agalli/sandbox/lib/python3.6/site-packages/airflow/example_dags/example_dag_decorator.py took 0.814 seconds
[2021-12-10 16:27:31,261] {scheduler_job.py:182} INFO - Started process (PID=2276) to work on /home/agalli/sandbox/lib/python3.6/site-packages/airflow/example_dags/example_dag_decorator.py
[2021-12-10 16:27:31,263] {scheduler_job.py:633} INFO - Processing file /home/agalli/sandbox/lib/python3.6/site-packages/airflow/example_dags/example_dag_decorator.py for tasks to queue
[2021-12-10 16:27:31,265] {logging_mixin.py:104} INFO - [2021-12-10 16:27:31,265] {dagbag.py:487} INFO - Filling up the DagBag from /home/agalli/sandbox/lib/python3.6/site-packages/airflow/example_dags/example_dag_decorator.py
[2021-12-10 16:27:31,361] {scheduler_job.py:643} INFO - DAG(s) dict_keys(['example_dag_decorator']) retrieved from /home/agalli/sandbox/lib/python3.6/site-packages/airflow/example_dags/example_dag_decorator.py
[2021-12-10 16:27:32,128] {logging_mixin.py:104} INFO - [2021-12-10 16:27:32,126] {dag.py:1832} INFO - Sync 1 DAGs
[2021-12-10 16:27:32,240] {logging_mixin.py:104} INFO - [2021-12-10 16:27:32,240] {dag.py:2305} INFO - Setting next_dagrun for example_dag_decorator to None
[2021-12-10 16:27:32,295] {scheduler_job.py:190} INFO - Processing /home/agalli/sandbox/lib/python3.6/site-packages/airflow/example_dags/example_dag_decorator.py took 1.042 seconds
[2021-12-10 16:28:41,681] {scheduler_job.py:182} INFO - Started process (PID=2613) to work on /home/agalli/sandbox/lib/python3.6/site-packages/airflow/example_dags/example_dag_decorator.py
[2021-12-10 16:28:41,743] {scheduler_job.py:633} INFO - Processing file /home/agalli/sandbox/lib/python3.6/site-packages/airflow/example_dags/example_dag_decorator.py for tasks to queue
[2021-12-10 16:28:41,759] {logging_mixin.py:104} INFO - [2021-12-10 16:28:41,758] {dagbag.py:487} INFO - Filling up the DagBag from /home/agalli/sandbox/lib/python3.6/site-packages/airflow/example_dags/example_dag_decorator.py
[2021-12-10 16:28:42,037] {scheduler_job.py:643} INFO - DAG(s) dict_keys(['example_dag_decorator']) retrieved from /home/agalli/sandbox/lib/python3.6/site-packages/airflow/example_dags/example_dag_decorator.py
[2021-12-10 16:28:43,498] {logging_mixin.py:104} INFO - [2021-12-10 16:28:43,497] {dag.py:1832} INFO - Sync 1 DAGs
[2021-12-10 16:28:43,574] {logging_mixin.py:104} INFO - [2021-12-10 16:28:43,574] {dag.py:2305} INFO - Setting next_dagrun for example_dag_decorator to None
[2021-12-10 16:28:43,720] {scheduler_job.py:190} INFO - Processing /home/agalli/sandbox/lib/python3.6/site-packages/airflow/example_dags/example_dag_decorator.py took 2.108 seconds
[2021-12-10 16:29:35,532] {scheduler_job.py:182} INFO - Started process (PID=2648) to work on /home/agalli/sandbox/lib/python3.6/site-packages/airflow/example_dags/example_dag_decorator.py
[2021-12-10 16:29:35,591] {scheduler_job.py:633} INFO - Processing file /home/agalli/sandbox/lib/python3.6/site-packages/airflow/example_dags/example_dag_decorator.py for tasks to queue
[2021-12-10 16:29:35,610] {logging_mixin.py:104} INFO - [2021-12-10 16:29:35,610] {dagbag.py:487} INFO - Filling up the DagBag from /home/agalli/sandbox/lib/python3.6/site-packages/airflow/example_dags/example_dag_decorator.py
[2021-12-10 16:29:35,718] {scheduler_job.py:643} INFO - DAG(s) dict_keys(['example_dag_decorator']) retrieved from /home/agalli/sandbox/lib/python3.6/site-packages/airflow/example_dags/example_dag_decorator.py
[2021-12-10 16:29:36,460] {logging_mixin.py:104} INFO - [2021-12-10 16:29:36,460] {dag.py:1832} INFO - Sync 1 DAGs
[2021-12-10 16:29:36,503] {logging_mixin.py:104} INFO - [2021-12-10 16:29:36,503] {dag.py:2305} INFO - Setting next_dagrun for example_dag_decorator to None
[2021-12-10 16:29:36,579] {scheduler_job.py:190} INFO - Processing /home/agalli/sandbox/lib/python3.6/site-packages/airflow/example_dags/example_dag_decorator.py took 1.091 seconds
[2021-12-10 16:30:30,844] {scheduler_job.py:182} INFO - Started process (PID=2690) to work on /home/agalli/sandbox/lib/python3.6/site-packages/airflow/example_dags/example_dag_decorator.py
[2021-12-10 16:30:30,845] {scheduler_job.py:633} INFO - Processing file /home/agalli/sandbox/lib/python3.6/site-packages/airflow/example_dags/example_dag_decorator.py for tasks to queue
[2021-12-10 16:30:30,846] {logging_mixin.py:104} INFO - [2021-12-10 16:30:30,846] {dagbag.py:487} INFO - Filling up the DagBag from /home/agalli/sandbox/lib/python3.6/site-packages/airflow/example_dags/example_dag_decorator.py
[2021-12-10 16:30:30,866] {scheduler_job.py:643} INFO - DAG(s) dict_keys(['example_dag_decorator']) retrieved from /home/agalli/sandbox/lib/python3.6/site-packages/airflow/example_dags/example_dag_decorator.py
[2021-12-10 16:30:31,214] {logging_mixin.py:104} INFO - [2021-12-10 16:30:31,213] {dag.py:1832} INFO - Sync 1 DAGs
[2021-12-10 16:30:31,226] {logging_mixin.py:104} INFO - [2021-12-10 16:30:31,226] {dag.py:2305} INFO - Setting next_dagrun for example_dag_decorator to None
[2021-12-10 16:30:31,250] {scheduler_job.py:190} INFO - Processing /home/agalli/sandbox/lib/python3.6/site-packages/airflow/example_dags/example_dag_decorator.py took 0.408 seconds
[2021-12-10 16:31:36,692] {scheduler_job.py:182} INFO - Started process (PID=3001) to work on /home/agalli/sandbox/lib/python3.6/site-packages/airflow/example_dags/example_dag_decorator.py
[2021-12-10 16:31:36,697] {scheduler_job.py:633} INFO - Processing file /home/agalli/sandbox/lib/python3.6/site-packages/airflow/example_dags/example_dag_decorator.py for tasks to queue
[2021-12-10 16:31:36,700] {logging_mixin.py:104} INFO - [2021-12-10 16:31:36,699] {dagbag.py:487} INFO - Filling up the DagBag from /home/agalli/sandbox/lib/python3.6/site-packages/airflow/example_dags/example_dag_decorator.py
[2021-12-10 16:31:36,880] {scheduler_job.py:643} INFO - DAG(s) dict_keys(['example_dag_decorator']) retrieved from /home/agalli/sandbox/lib/python3.6/site-packages/airflow/example_dags/example_dag_decorator.py
[2021-12-10 16:31:37,967] {logging_mixin.py:104} INFO - [2021-12-10 16:31:37,967] {dag.py:1832} INFO - Sync 1 DAGs
[2021-12-10 16:31:37,996] {logging_mixin.py:104} INFO - [2021-12-10 16:31:37,995] {dag.py:2305} INFO - Setting next_dagrun for example_dag_decorator to None
[2021-12-10 16:31:38,040] {scheduler_job.py:190} INFO - Processing /home/agalli/sandbox/lib/python3.6/site-packages/airflow/example_dags/example_dag_decorator.py took 1.355 seconds
[2021-12-10 16:32:34,175] {scheduler_job.py:182} INFO - Started process (PID=3101) to work on /home/agalli/sandbox/lib/python3.6/site-packages/airflow/example_dags/example_dag_decorator.py
[2021-12-10 16:32:34,179] {scheduler_job.py:633} INFO - Processing file /home/agalli/sandbox/lib/python3.6/site-packages/airflow/example_dags/example_dag_decorator.py for tasks to queue
[2021-12-10 16:32:34,181] {logging_mixin.py:104} INFO - [2021-12-10 16:32:34,180] {dagbag.py:487} INFO - Filling up the DagBag from /home/agalli/sandbox/lib/python3.6/site-packages/airflow/example_dags/example_dag_decorator.py
[2021-12-10 16:32:34,232] {scheduler_job.py:643} INFO - DAG(s) dict_keys(['example_dag_decorator']) retrieved from /home/agalli/sandbox/lib/python3.6/site-packages/airflow/example_dags/example_dag_decorator.py
[2021-12-10 16:32:35,136] {logging_mixin.py:104} INFO - [2021-12-10 16:32:35,135] {dag.py:1832} INFO - Sync 1 DAGs
[2021-12-10 16:32:35,165] {logging_mixin.py:104} INFO - [2021-12-10 16:32:35,165] {dag.py:2305} INFO - Setting next_dagrun for example_dag_decorator to None
[2021-12-10 16:32:35,196] {scheduler_job.py:190} INFO - Processing /home/agalli/sandbox/lib/python3.6/site-packages/airflow/example_dags/example_dag_decorator.py took 1.033 seconds
[2021-12-10 16:34:14,527] {scheduler_job.py:182} INFO - Started process (PID=3787) to work on /home/agalli/sandbox/lib/python3.6/site-packages/airflow/example_dags/example_dag_decorator.py
[2021-12-10 16:34:14,531] {scheduler_job.py:633} INFO - Processing file /home/agalli/sandbox/lib/python3.6/site-packages/airflow/example_dags/example_dag_decorator.py for tasks to queue
[2021-12-10 16:34:14,533] {logging_mixin.py:104} INFO - [2021-12-10 16:34:14,532] {dagbag.py:487} INFO - Filling up the DagBag from /home/agalli/sandbox/lib/python3.6/site-packages/airflow/example_dags/example_dag_decorator.py
[2021-12-10 16:34:14,593] {scheduler_job.py:643} INFO - DAG(s) dict_keys(['example_dag_decorator']) retrieved from /home/agalli/sandbox/lib/python3.6/site-packages/airflow/example_dags/example_dag_decorator.py
[2021-12-10 16:34:15,291] {logging_mixin.py:104} INFO - [2021-12-10 16:34:15,291] {dag.py:1832} INFO - Sync 1 DAGs
[2021-12-10 16:34:15,310] {logging_mixin.py:104} INFO - [2021-12-10 16:34:15,310] {dag.py:2305} INFO - Setting next_dagrun for example_dag_decorator to None
[2021-12-10 16:34:15,434] {scheduler_job.py:190} INFO - Processing /home/agalli/sandbox/lib/python3.6/site-packages/airflow/example_dags/example_dag_decorator.py took 0.913 seconds
[2021-12-10 16:34:55,664] {scheduler_job.py:182} INFO - Started process (PID=3822) to work on /home/agalli/sandbox/lib/python3.6/site-packages/airflow/example_dags/example_dag_decorator.py
[2021-12-10 16:34:55,666] {scheduler_job.py:633} INFO - Processing file /home/agalli/sandbox/lib/python3.6/site-packages/airflow/example_dags/example_dag_decorator.py for tasks to queue
[2021-12-10 16:34:55,667] {logging_mixin.py:104} INFO - [2021-12-10 16:34:55,667] {dagbag.py:487} INFO - Filling up the DagBag from /home/agalli/sandbox/lib/python3.6/site-packages/airflow/example_dags/example_dag_decorator.py
[2021-12-10 16:34:55,693] {scheduler_job.py:643} INFO - DAG(s) dict_keys(['example_dag_decorator']) retrieved from /home/agalli/sandbox/lib/python3.6/site-packages/airflow/example_dags/example_dag_decorator.py
[2021-12-10 16:34:55,712] {logging_mixin.py:104} INFO - [2021-12-10 16:34:55,712] {dag.py:1832} INFO - Sync 1 DAGs
[2021-12-10 16:34:55,730] {logging_mixin.py:104} INFO - [2021-12-10 16:34:55,729] {dag.py:2305} INFO - Setting next_dagrun for example_dag_decorator to None
[2021-12-10 16:34:55,753] {scheduler_job.py:190} INFO - Processing /home/agalli/sandbox/lib/python3.6/site-packages/airflow/example_dags/example_dag_decorator.py took 0.093 seconds
[2021-12-10 16:35:38,173] {scheduler_job.py:182} INFO - Started process (PID=3857) to work on /home/agalli/sandbox/lib/python3.6/site-packages/airflow/example_dags/example_dag_decorator.py
[2021-12-10 16:35:38,176] {scheduler_job.py:633} INFO - Processing file /home/agalli/sandbox/lib/python3.6/site-packages/airflow/example_dags/example_dag_decorator.py for tasks to queue
[2021-12-10 16:35:38,178] {logging_mixin.py:104} INFO - [2021-12-10 16:35:38,177] {dagbag.py:487} INFO - Filling up the DagBag from /home/agalli/sandbox/lib/python3.6/site-packages/airflow/example_dags/example_dag_decorator.py
[2021-12-10 16:35:38,355] {scheduler_job.py:643} INFO - DAG(s) dict_keys(['example_dag_decorator']) retrieved from /home/agalli/sandbox/lib/python3.6/site-packages/airflow/example_dags/example_dag_decorator.py
[2021-12-10 16:35:39,165] {logging_mixin.py:104} INFO - [2021-12-10 16:35:39,164] {dag.py:1832} INFO - Sync 1 DAGs
[2021-12-10 16:35:39,205] {logging_mixin.py:104} INFO - [2021-12-10 16:35:39,205] {dag.py:2305} INFO - Setting next_dagrun for example_dag_decorator to None
[2021-12-10 16:35:39,252] {scheduler_job.py:190} INFO - Processing /home/agalli/sandbox/lib/python3.6/site-packages/airflow/example_dags/example_dag_decorator.py took 1.086 seconds
