[2021-12-10 16:23:17,098] {scheduler_job.py:182} INFO - Started process (PID=1630) to work on /home/agalli/sandbox/lib/python3.6/site-packages/airflow/example_dags/example_trigger_controller_dag.py
[2021-12-10 16:23:17,110] {scheduler_job.py:633} INFO - Processing file /home/agalli/sandbox/lib/python3.6/site-packages/airflow/example_dags/example_trigger_controller_dag.py for tasks to queue
[2021-12-10 16:23:17,112] {logging_mixin.py:104} INFO - [2021-12-10 16:23:17,111] {dagbag.py:487} INFO - Filling up the DagBag from /home/agalli/sandbox/lib/python3.6/site-packages/airflow/example_dags/example_trigger_controller_dag.py
[2021-12-10 16:23:17,192] {scheduler_job.py:643} INFO - DAG(s) dict_keys(['example_trigger_controller_dag']) retrieved from /home/agalli/sandbox/lib/python3.6/site-packages/airflow/example_dags/example_trigger_controller_dag.py
[2021-12-10 16:23:18,671] {logging_mixin.py:104} INFO - [2021-12-10 16:23:18,671] {dag.py:1832} INFO - Sync 1 DAGs
[2021-12-10 16:23:18,732] {logging_mixin.py:104} INFO - [2021-12-10 16:23:18,732] {dag.py:2305} INFO - Setting next_dagrun for example_trigger_controller_dag to 2021-12-08 00:00:00+00:00
[2021-12-10 16:23:18,818] {scheduler_job.py:190} INFO - Processing /home/agalli/sandbox/lib/python3.6/site-packages/airflow/example_dags/example_trigger_controller_dag.py took 1.724 seconds
[2021-12-10 16:24:18,392] {scheduler_job.py:182} INFO - Started process (PID=1694) to work on /home/agalli/sandbox/lib/python3.6/site-packages/airflow/example_dags/example_trigger_controller_dag.py
[2021-12-10 16:24:18,397] {scheduler_job.py:633} INFO - Processing file /home/agalli/sandbox/lib/python3.6/site-packages/airflow/example_dags/example_trigger_controller_dag.py for tasks to queue
[2021-12-10 16:24:18,400] {logging_mixin.py:104} INFO - [2021-12-10 16:24:18,398] {dagbag.py:487} INFO - Filling up the DagBag from /home/agalli/sandbox/lib/python3.6/site-packages/airflow/example_dags/example_trigger_controller_dag.py
[2021-12-10 16:24:18,424] {scheduler_job.py:643} INFO - DAG(s) dict_keys(['example_trigger_controller_dag']) retrieved from /home/agalli/sandbox/lib/python3.6/site-packages/airflow/example_dags/example_trigger_controller_dag.py
[2021-12-10 16:24:18,457] {logging_mixin.py:104} INFO - [2021-12-10 16:24:18,456] {dag.py:1832} INFO - Sync 1 DAGs
[2021-12-10 16:24:18,491] {logging_mixin.py:104} INFO - [2021-12-10 16:24:18,491] {dag.py:2305} INFO - Setting next_dagrun for example_trigger_controller_dag to 2021-12-08 00:00:00+00:00
[2021-12-10 16:24:18,525] {scheduler_job.py:190} INFO - Processing /home/agalli/sandbox/lib/python3.6/site-packages/airflow/example_dags/example_trigger_controller_dag.py took 0.137 seconds
[2021-12-10 16:25:14,443] {scheduler_job.py:182} INFO - Started process (PID=1729) to work on /home/agalli/sandbox/lib/python3.6/site-packages/airflow/example_dags/example_trigger_controller_dag.py
[2021-12-10 16:25:14,445] {scheduler_job.py:633} INFO - Processing file /home/agalli/sandbox/lib/python3.6/site-packages/airflow/example_dags/example_trigger_controller_dag.py for tasks to queue
[2021-12-10 16:25:14,447] {logging_mixin.py:104} INFO - [2021-12-10 16:25:14,447] {dagbag.py:487} INFO - Filling up the DagBag from /home/agalli/sandbox/lib/python3.6/site-packages/airflow/example_dags/example_trigger_controller_dag.py
[2021-12-10 16:25:14,485] {scheduler_job.py:643} INFO - DAG(s) dict_keys(['example_trigger_controller_dag']) retrieved from /home/agalli/sandbox/lib/python3.6/site-packages/airflow/example_dags/example_trigger_controller_dag.py
[2021-12-10 16:25:14,528] {logging_mixin.py:104} INFO - [2021-12-10 16:25:14,528] {dag.py:1832} INFO - Sync 1 DAGs
[2021-12-10 16:25:14,603] {logging_mixin.py:104} INFO - [2021-12-10 16:25:14,602] {dag.py:2305} INFO - Setting next_dagrun for example_trigger_controller_dag to 2021-12-08 00:00:00+00:00
[2021-12-10 16:25:14,671] {scheduler_job.py:190} INFO - Processing /home/agalli/sandbox/lib/python3.6/site-packages/airflow/example_dags/example_trigger_controller_dag.py took 0.237 seconds
[2021-12-10 16:26:03,030] {scheduler_job.py:182} INFO - Started process (PID=1914) to work on /home/agalli/sandbox/lib/python3.6/site-packages/airflow/example_dags/example_trigger_controller_dag.py
[2021-12-10 16:26:03,039] {scheduler_job.py:633} INFO - Processing file /home/agalli/sandbox/lib/python3.6/site-packages/airflow/example_dags/example_trigger_controller_dag.py for tasks to queue
[2021-12-10 16:26:03,041] {logging_mixin.py:104} INFO - [2021-12-10 16:26:03,041] {dagbag.py:487} INFO - Filling up the DagBag from /home/agalli/sandbox/lib/python3.6/site-packages/airflow/example_dags/example_trigger_controller_dag.py
[2021-12-10 16:26:03,071] {scheduler_job.py:643} INFO - DAG(s) dict_keys(['example_trigger_controller_dag']) retrieved from /home/agalli/sandbox/lib/python3.6/site-packages/airflow/example_dags/example_trigger_controller_dag.py
[2021-12-10 16:26:03,126] {logging_mixin.py:104} INFO - [2021-12-10 16:26:03,125] {dag.py:1832} INFO - Sync 1 DAGs
[2021-12-10 16:26:03,162] {logging_mixin.py:104} INFO - [2021-12-10 16:26:03,162] {dag.py:2305} INFO - Setting next_dagrun for example_trigger_controller_dag to 2021-12-08 00:00:00+00:00
[2021-12-10 16:26:03,219] {scheduler_job.py:190} INFO - Processing /home/agalli/sandbox/lib/python3.6/site-packages/airflow/example_dags/example_trigger_controller_dag.py took 0.195 seconds
[2021-12-10 16:26:53,734] {scheduler_job.py:182} INFO - Started process (PID=2142) to work on /home/agalli/sandbox/lib/python3.6/site-packages/airflow/example_dags/example_trigger_controller_dag.py
[2021-12-10 16:26:53,737] {scheduler_job.py:633} INFO - Processing file /home/agalli/sandbox/lib/python3.6/site-packages/airflow/example_dags/example_trigger_controller_dag.py for tasks to queue
[2021-12-10 16:26:53,750] {logging_mixin.py:104} INFO - [2021-12-10 16:26:53,750] {dagbag.py:487} INFO - Filling up the DagBag from /home/agalli/sandbox/lib/python3.6/site-packages/airflow/example_dags/example_trigger_controller_dag.py
[2021-12-10 16:26:53,774] {scheduler_job.py:643} INFO - DAG(s) dict_keys(['example_trigger_controller_dag']) retrieved from /home/agalli/sandbox/lib/python3.6/site-packages/airflow/example_dags/example_trigger_controller_dag.py
[2021-12-10 16:26:53,834] {logging_mixin.py:104} INFO - [2021-12-10 16:26:53,834] {dag.py:1832} INFO - Sync 1 DAGs
[2021-12-10 16:26:53,871] {logging_mixin.py:104} INFO - [2021-12-10 16:26:53,870] {dag.py:2305} INFO - Setting next_dagrun for example_trigger_controller_dag to 2021-12-08 00:00:00+00:00
[2021-12-10 16:26:54,012] {scheduler_job.py:190} INFO - Processing /home/agalli/sandbox/lib/python3.6/site-packages/airflow/example_dags/example_trigger_controller_dag.py took 0.322 seconds
[2021-12-10 16:27:47,252] {scheduler_job.py:182} INFO - Started process (PID=2290) to work on /home/agalli/sandbox/lib/python3.6/site-packages/airflow/example_dags/example_trigger_controller_dag.py
[2021-12-10 16:27:47,255] {scheduler_job.py:633} INFO - Processing file /home/agalli/sandbox/lib/python3.6/site-packages/airflow/example_dags/example_trigger_controller_dag.py for tasks to queue
[2021-12-10 16:27:47,269] {logging_mixin.py:104} INFO - [2021-12-10 16:27:47,269] {dagbag.py:487} INFO - Filling up the DagBag from /home/agalli/sandbox/lib/python3.6/site-packages/airflow/example_dags/example_trigger_controller_dag.py
[2021-12-10 16:27:47,415] {scheduler_job.py:643} INFO - DAG(s) dict_keys(['example_trigger_controller_dag']) retrieved from /home/agalli/sandbox/lib/python3.6/site-packages/airflow/example_dags/example_trigger_controller_dag.py
[2021-12-10 16:27:47,572] {logging_mixin.py:104} INFO - [2021-12-10 16:27:47,571] {dag.py:1832} INFO - Sync 1 DAGs
[2021-12-10 16:27:47,666] {logging_mixin.py:104} INFO - [2021-12-10 16:27:47,665] {dag.py:2305} INFO - Setting next_dagrun for example_trigger_controller_dag to 2021-12-08 00:00:00+00:00
[2021-12-10 16:27:47,717] {scheduler_job.py:190} INFO - Processing /home/agalli/sandbox/lib/python3.6/site-packages/airflow/example_dags/example_trigger_controller_dag.py took 0.483 seconds
[2021-12-10 16:28:33,821] {scheduler_job.py:182} INFO - Started process (PID=2579) to work on /home/agalli/sandbox/lib/python3.6/site-packages/airflow/example_dags/example_trigger_controller_dag.py
[2021-12-10 16:28:33,825] {scheduler_job.py:633} INFO - Processing file /home/agalli/sandbox/lib/python3.6/site-packages/airflow/example_dags/example_trigger_controller_dag.py for tasks to queue
[2021-12-10 16:28:33,827] {logging_mixin.py:104} INFO - [2021-12-10 16:28:33,827] {dagbag.py:487} INFO - Filling up the DagBag from /home/agalli/sandbox/lib/python3.6/site-packages/airflow/example_dags/example_trigger_controller_dag.py
[2021-12-10 16:28:33,862] {scheduler_job.py:643} INFO - DAG(s) dict_keys(['example_trigger_controller_dag']) retrieved from /home/agalli/sandbox/lib/python3.6/site-packages/airflow/example_dags/example_trigger_controller_dag.py
[2021-12-10 16:28:33,915] {logging_mixin.py:104} INFO - [2021-12-10 16:28:33,915] {dag.py:1832} INFO - Sync 1 DAGs
[2021-12-10 16:28:33,950] {logging_mixin.py:104} INFO - [2021-12-10 16:28:33,950] {dag.py:2305} INFO - Setting next_dagrun for example_trigger_controller_dag to 2021-12-08 00:00:00+00:00
[2021-12-10 16:28:34,002] {scheduler_job.py:190} INFO - Processing /home/agalli/sandbox/lib/python3.6/site-packages/airflow/example_dags/example_trigger_controller_dag.py took 0.200 seconds
[2021-12-10 16:29:28,445] {scheduler_job.py:182} INFO - Started process (PID=2643) to work on /home/agalli/sandbox/lib/python3.6/site-packages/airflow/example_dags/example_trigger_controller_dag.py
[2021-12-10 16:29:28,448] {scheduler_job.py:633} INFO - Processing file /home/agalli/sandbox/lib/python3.6/site-packages/airflow/example_dags/example_trigger_controller_dag.py for tasks to queue
[2021-12-10 16:29:28,450] {logging_mixin.py:104} INFO - [2021-12-10 16:29:28,449] {dagbag.py:487} INFO - Filling up the DagBag from /home/agalli/sandbox/lib/python3.6/site-packages/airflow/example_dags/example_trigger_controller_dag.py
[2021-12-10 16:29:28,472] {scheduler_job.py:643} INFO - DAG(s) dict_keys(['example_trigger_controller_dag']) retrieved from /home/agalli/sandbox/lib/python3.6/site-packages/airflow/example_dags/example_trigger_controller_dag.py
[2021-12-10 16:29:28,502] {logging_mixin.py:104} INFO - [2021-12-10 16:29:28,502] {dag.py:1832} INFO - Sync 1 DAGs
[2021-12-10 16:29:28,540] {logging_mixin.py:104} INFO - [2021-12-10 16:29:28,539] {dag.py:2305} INFO - Setting next_dagrun for example_trigger_controller_dag to 2021-12-08 00:00:00+00:00
[2021-12-10 16:29:28,578] {scheduler_job.py:190} INFO - Processing /home/agalli/sandbox/lib/python3.6/site-packages/airflow/example_dags/example_trigger_controller_dag.py took 0.137 seconds
[2021-12-10 16:30:12,010] {scheduler_job.py:182} INFO - Started process (PID=2675) to work on /home/agalli/sandbox/lib/python3.6/site-packages/airflow/example_dags/example_trigger_controller_dag.py
[2021-12-10 16:30:12,014] {scheduler_job.py:633} INFO - Processing file /home/agalli/sandbox/lib/python3.6/site-packages/airflow/example_dags/example_trigger_controller_dag.py for tasks to queue
[2021-12-10 16:30:12,016] {logging_mixin.py:104} INFO - [2021-12-10 16:30:12,016] {dagbag.py:487} INFO - Filling up the DagBag from /home/agalli/sandbox/lib/python3.6/site-packages/airflow/example_dags/example_trigger_controller_dag.py
[2021-12-10 16:30:12,054] {scheduler_job.py:643} INFO - DAG(s) dict_keys(['example_trigger_controller_dag']) retrieved from /home/agalli/sandbox/lib/python3.6/site-packages/airflow/example_dags/example_trigger_controller_dag.py
[2021-12-10 16:30:12,099] {logging_mixin.py:104} INFO - [2021-12-10 16:30:12,099] {dag.py:1832} INFO - Sync 1 DAGs
[2021-12-10 16:30:12,142] {logging_mixin.py:104} INFO - [2021-12-10 16:30:12,142] {dag.py:2305} INFO - Setting next_dagrun for example_trigger_controller_dag to 2021-12-08 00:00:00+00:00
[2021-12-10 16:30:12,258] {scheduler_job.py:190} INFO - Processing /home/agalli/sandbox/lib/python3.6/site-packages/airflow/example_dags/example_trigger_controller_dag.py took 0.262 seconds
[2021-12-10 16:31:07,366] {scheduler_job.py:182} INFO - Started process (PID=2888) to work on /home/agalli/sandbox/lib/python3.6/site-packages/airflow/example_dags/example_trigger_controller_dag.py
[2021-12-10 16:31:07,368] {scheduler_job.py:633} INFO - Processing file /home/agalli/sandbox/lib/python3.6/site-packages/airflow/example_dags/example_trigger_controller_dag.py for tasks to queue
[2021-12-10 16:31:07,370] {logging_mixin.py:104} INFO - [2021-12-10 16:31:07,370] {dagbag.py:487} INFO - Filling up the DagBag from /home/agalli/sandbox/lib/python3.6/site-packages/airflow/example_dags/example_trigger_controller_dag.py
[2021-12-10 16:31:07,415] {scheduler_job.py:643} INFO - DAG(s) dict_keys(['example_trigger_controller_dag']) retrieved from /home/agalli/sandbox/lib/python3.6/site-packages/airflow/example_dags/example_trigger_controller_dag.py
[2021-12-10 16:31:07,454] {logging_mixin.py:104} INFO - [2021-12-10 16:31:07,454] {dag.py:1832} INFO - Sync 1 DAGs
[2021-12-10 16:31:07,489] {logging_mixin.py:104} INFO - [2021-12-10 16:31:07,489] {dag.py:2305} INFO - Setting next_dagrun for example_trigger_controller_dag to 2021-12-08 00:00:00+00:00
[2021-12-10 16:31:07,546] {scheduler_job.py:190} INFO - Processing /home/agalli/sandbox/lib/python3.6/site-packages/airflow/example_dags/example_trigger_controller_dag.py took 0.186 seconds
[2021-12-10 16:31:52,559] {scheduler_job.py:182} INFO - Started process (PID=3011) to work on /home/agalli/sandbox/lib/python3.6/site-packages/airflow/example_dags/example_trigger_controller_dag.py
[2021-12-10 16:31:52,564] {scheduler_job.py:633} INFO - Processing file /home/agalli/sandbox/lib/python3.6/site-packages/airflow/example_dags/example_trigger_controller_dag.py for tasks to queue
[2021-12-10 16:31:52,566] {logging_mixin.py:104} INFO - [2021-12-10 16:31:52,566] {dagbag.py:487} INFO - Filling up the DagBag from /home/agalli/sandbox/lib/python3.6/site-packages/airflow/example_dags/example_trigger_controller_dag.py
[2021-12-10 16:31:52,598] {scheduler_job.py:643} INFO - DAG(s) dict_keys(['example_trigger_controller_dag']) retrieved from /home/agalli/sandbox/lib/python3.6/site-packages/airflow/example_dags/example_trigger_controller_dag.py
[2021-12-10 16:31:52,647] {logging_mixin.py:104} INFO - [2021-12-10 16:31:52,647] {dag.py:1832} INFO - Sync 1 DAGs
[2021-12-10 16:31:52,667] {logging_mixin.py:104} INFO - [2021-12-10 16:31:52,667] {dag.py:2305} INFO - Setting next_dagrun for example_trigger_controller_dag to 2021-12-08 00:00:00+00:00
[2021-12-10 16:31:52,739] {scheduler_job.py:190} INFO - Processing /home/agalli/sandbox/lib/python3.6/site-packages/airflow/example_dags/example_trigger_controller_dag.py took 0.192 seconds
[2021-12-10 16:32:31,031] {scheduler_job.py:182} INFO - Started process (PID=3068) to work on /home/agalli/sandbox/lib/python3.6/site-packages/airflow/example_dags/example_trigger_controller_dag.py
[2021-12-10 16:32:31,034] {scheduler_job.py:633} INFO - Processing file /home/agalli/sandbox/lib/python3.6/site-packages/airflow/example_dags/example_trigger_controller_dag.py for tasks to queue
[2021-12-10 16:32:31,036] {logging_mixin.py:104} INFO - [2021-12-10 16:32:31,035] {dagbag.py:487} INFO - Filling up the DagBag from /home/agalli/sandbox/lib/python3.6/site-packages/airflow/example_dags/example_trigger_controller_dag.py
[2021-12-10 16:32:31,090] {scheduler_job.py:643} INFO - DAG(s) dict_keys(['example_trigger_controller_dag']) retrieved from /home/agalli/sandbox/lib/python3.6/site-packages/airflow/example_dags/example_trigger_controller_dag.py
[2021-12-10 16:32:31,132] {logging_mixin.py:104} INFO - [2021-12-10 16:32:31,131] {dag.py:1832} INFO - Sync 1 DAGs
[2021-12-10 16:32:31,169] {logging_mixin.py:104} INFO - [2021-12-10 16:32:31,168] {dag.py:2305} INFO - Setting next_dagrun for example_trigger_controller_dag to 2021-12-08 00:00:00+00:00
[2021-12-10 16:32:31,206] {scheduler_job.py:190} INFO - Processing /home/agalli/sandbox/lib/python3.6/site-packages/airflow/example_dags/example_trigger_controller_dag.py took 0.179 seconds
[2021-12-10 16:34:03,805] {scheduler_job.py:182} INFO - Started process (PID=3779) to work on /home/agalli/sandbox/lib/python3.6/site-packages/airflow/example_dags/example_trigger_controller_dag.py
[2021-12-10 16:34:03,810] {scheduler_job.py:633} INFO - Processing file /home/agalli/sandbox/lib/python3.6/site-packages/airflow/example_dags/example_trigger_controller_dag.py for tasks to queue
[2021-12-10 16:34:03,812] {logging_mixin.py:104} INFO - [2021-12-10 16:34:03,812] {dagbag.py:487} INFO - Filling up the DagBag from /home/agalli/sandbox/lib/python3.6/site-packages/airflow/example_dags/example_trigger_controller_dag.py
[2021-12-10 16:34:03,838] {scheduler_job.py:643} INFO - DAG(s) dict_keys(['example_trigger_controller_dag']) retrieved from /home/agalli/sandbox/lib/python3.6/site-packages/airflow/example_dags/example_trigger_controller_dag.py
[2021-12-10 16:34:03,882] {logging_mixin.py:104} INFO - [2021-12-10 16:34:03,882] {dag.py:1832} INFO - Sync 1 DAGs
[2021-12-10 16:34:03,919] {logging_mixin.py:104} INFO - [2021-12-10 16:34:03,919] {dag.py:2305} INFO - Setting next_dagrun for example_trigger_controller_dag to 2021-12-08 00:00:00+00:00
[2021-12-10 16:34:03,965] {scheduler_job.py:190} INFO - Processing /home/agalli/sandbox/lib/python3.6/site-packages/airflow/example_dags/example_trigger_controller_dag.py took 0.166 seconds
[2021-12-10 16:34:46,581] {scheduler_job.py:182} INFO - Started process (PID=3814) to work on /home/agalli/sandbox/lib/python3.6/site-packages/airflow/example_dags/example_trigger_controller_dag.py
[2021-12-10 16:34:46,583] {scheduler_job.py:633} INFO - Processing file /home/agalli/sandbox/lib/python3.6/site-packages/airflow/example_dags/example_trigger_controller_dag.py for tasks to queue
[2021-12-10 16:34:46,584] {logging_mixin.py:104} INFO - [2021-12-10 16:34:46,584] {dagbag.py:487} INFO - Filling up the DagBag from /home/agalli/sandbox/lib/python3.6/site-packages/airflow/example_dags/example_trigger_controller_dag.py
[2021-12-10 16:34:46,596] {scheduler_job.py:643} INFO - DAG(s) dict_keys(['example_trigger_controller_dag']) retrieved from /home/agalli/sandbox/lib/python3.6/site-packages/airflow/example_dags/example_trigger_controller_dag.py
[2021-12-10 16:34:46,610] {logging_mixin.py:104} INFO - [2021-12-10 16:34:46,610] {dag.py:1832} INFO - Sync 1 DAGs
[2021-12-10 16:34:46,622] {logging_mixin.py:104} INFO - [2021-12-10 16:34:46,622] {dag.py:2305} INFO - Setting next_dagrun for example_trigger_controller_dag to 2021-12-08 00:00:00+00:00
[2021-12-10 16:34:46,641] {scheduler_job.py:190} INFO - Processing /home/agalli/sandbox/lib/python3.6/site-packages/airflow/example_dags/example_trigger_controller_dag.py took 0.063 seconds
[2021-12-10 16:35:24,519] {scheduler_job.py:182} INFO - Started process (PID=3848) to work on /home/agalli/sandbox/lib/python3.6/site-packages/airflow/example_dags/example_trigger_controller_dag.py
[2021-12-10 16:35:24,524] {scheduler_job.py:633} INFO - Processing file /home/agalli/sandbox/lib/python3.6/site-packages/airflow/example_dags/example_trigger_controller_dag.py for tasks to queue
[2021-12-10 16:35:24,525] {logging_mixin.py:104} INFO - [2021-12-10 16:35:24,525] {dagbag.py:487} INFO - Filling up the DagBag from /home/agalli/sandbox/lib/python3.6/site-packages/airflow/example_dags/example_trigger_controller_dag.py
[2021-12-10 16:35:24,605] {scheduler_job.py:643} INFO - DAG(s) dict_keys(['example_trigger_controller_dag']) retrieved from /home/agalli/sandbox/lib/python3.6/site-packages/airflow/example_dags/example_trigger_controller_dag.py
[2021-12-10 16:35:24,718] {logging_mixin.py:104} INFO - [2021-12-10 16:35:24,718] {dag.py:1832} INFO - Sync 1 DAGs
[2021-12-10 16:35:24,892] {logging_mixin.py:104} INFO - [2021-12-10 16:35:24,892] {dag.py:2305} INFO - Setting next_dagrun for example_trigger_controller_dag to 2021-12-08 00:00:00+00:00
[2021-12-10 16:35:25,141] {scheduler_job.py:190} INFO - Processing /home/agalli/sandbox/lib/python3.6/site-packages/airflow/example_dags/example_trigger_controller_dag.py took 0.652 seconds
[2021-12-10 16:36:16,606] {scheduler_job.py:182} INFO - Started process (PID=3881) to work on /home/agalli/sandbox/lib/python3.6/site-packages/airflow/example_dags/example_trigger_controller_dag.py
[2021-12-10 16:36:16,609] {scheduler_job.py:633} INFO - Processing file /home/agalli/sandbox/lib/python3.6/site-packages/airflow/example_dags/example_trigger_controller_dag.py for tasks to queue
[2021-12-10 16:36:16,610] {logging_mixin.py:104} INFO - [2021-12-10 16:36:16,610] {dagbag.py:487} INFO - Filling up the DagBag from /home/agalli/sandbox/lib/python3.6/site-packages/airflow/example_dags/example_trigger_controller_dag.py
[2021-12-10 16:36:16,717] {scheduler_job.py:643} INFO - DAG(s) dict_keys(['example_trigger_controller_dag']) retrieved from /home/agalli/sandbox/lib/python3.6/site-packages/airflow/example_dags/example_trigger_controller_dag.py
[2021-12-10 16:36:16,854] {logging_mixin.py:104} INFO - [2021-12-10 16:36:16,854] {dag.py:1832} INFO - Sync 1 DAGs
[2021-12-10 16:36:16,902] {logging_mixin.py:104} INFO - [2021-12-10 16:36:16,902] {dag.py:2305} INFO - Setting next_dagrun for example_trigger_controller_dag to 2021-12-08 00:00:00+00:00
[2021-12-10 16:36:16,983] {scheduler_job.py:190} INFO - Processing /home/agalli/sandbox/lib/python3.6/site-packages/airflow/example_dags/example_trigger_controller_dag.py took 0.382 seconds
