[2021-12-10 16:23:05,002] {scheduler_job.py:182} INFO - Started process (PID=1570) to work on /home/agalli/sandbox/lib/python3.6/site-packages/airflow/example_dags/example_xcom.py
[2021-12-10 16:23:05,007] {scheduler_job.py:633} INFO - Processing file /home/agalli/sandbox/lib/python3.6/site-packages/airflow/example_dags/example_xcom.py for tasks to queue
[2021-12-10 16:23:05,007] {logging_mixin.py:104} INFO - [2021-12-10 16:23:05,007] {dagbag.py:487} INFO - Filling up the DagBag from /home/agalli/sandbox/lib/python3.6/site-packages/airflow/example_dags/example_xcom.py
[2021-12-10 16:23:05,018] {scheduler_job.py:643} INFO - DAG(s) dict_keys(['example_xcom']) retrieved from /home/agalli/sandbox/lib/python3.6/site-packages/airflow/example_dags/example_xcom.py
[2021-12-10 16:23:05,235] {logging_mixin.py:104} INFO - [2021-12-10 16:23:05,235] {dag.py:1832} INFO - Sync 1 DAGs
[2021-12-10 16:23:05,246] {logging_mixin.py:104} INFO - [2021-12-10 16:23:05,245] {dag.py:2305} INFO - Setting next_dagrun for example_xcom to 2021-12-08 00:00:00+00:00
[2021-12-10 16:23:05,268] {scheduler_job.py:190} INFO - Processing /home/agalli/sandbox/lib/python3.6/site-packages/airflow/example_dags/example_xcom.py took 0.269 seconds
[2021-12-10 16:24:05,807] {scheduler_job.py:182} INFO - Started process (PID=1686) to work on /home/agalli/sandbox/lib/python3.6/site-packages/airflow/example_dags/example_xcom.py
[2021-12-10 16:24:05,810] {scheduler_job.py:633} INFO - Processing file /home/agalli/sandbox/lib/python3.6/site-packages/airflow/example_dags/example_xcom.py for tasks to queue
[2021-12-10 16:24:05,812] {logging_mixin.py:104} INFO - [2021-12-10 16:24:05,812] {dagbag.py:487} INFO - Filling up the DagBag from /home/agalli/sandbox/lib/python3.6/site-packages/airflow/example_dags/example_xcom.py
[2021-12-10 16:24:05,908] {scheduler_job.py:643} INFO - DAG(s) dict_keys(['example_xcom']) retrieved from /home/agalli/sandbox/lib/python3.6/site-packages/airflow/example_dags/example_xcom.py
[2021-12-10 16:24:06,024] {logging_mixin.py:104} INFO - [2021-12-10 16:24:06,023] {dag.py:1832} INFO - Sync 1 DAGs
[2021-12-10 16:24:06,128] {logging_mixin.py:104} INFO - [2021-12-10 16:24:06,118] {dag.py:2305} INFO - Setting next_dagrun for example_xcom to 2021-12-08 00:00:00+00:00
[2021-12-10 16:24:06,246] {scheduler_job.py:190} INFO - Processing /home/agalli/sandbox/lib/python3.6/site-packages/airflow/example_dags/example_xcom.py took 0.452 seconds
[2021-12-10 16:25:00,678] {scheduler_job.py:182} INFO - Started process (PID=1721) to work on /home/agalli/sandbox/lib/python3.6/site-packages/airflow/example_dags/example_xcom.py
[2021-12-10 16:25:00,685] {scheduler_job.py:633} INFO - Processing file /home/agalli/sandbox/lib/python3.6/site-packages/airflow/example_dags/example_xcom.py for tasks to queue
[2021-12-10 16:25:00,687] {logging_mixin.py:104} INFO - [2021-12-10 16:25:00,686] {dagbag.py:487} INFO - Filling up the DagBag from /home/agalli/sandbox/lib/python3.6/site-packages/airflow/example_dags/example_xcom.py
[2021-12-10 16:25:00,728] {scheduler_job.py:643} INFO - DAG(s) dict_keys(['example_xcom']) retrieved from /home/agalli/sandbox/lib/python3.6/site-packages/airflow/example_dags/example_xcom.py
[2021-12-10 16:25:00,766] {logging_mixin.py:104} INFO - [2021-12-10 16:25:00,766] {dag.py:1832} INFO - Sync 1 DAGs
[2021-12-10 16:25:00,817] {logging_mixin.py:104} INFO - [2021-12-10 16:25:00,817] {dag.py:2305} INFO - Setting next_dagrun for example_xcom to 2021-12-08 00:00:00+00:00
[2021-12-10 16:25:00,933] {scheduler_job.py:190} INFO - Processing /home/agalli/sandbox/lib/python3.6/site-packages/airflow/example_dags/example_xcom.py took 0.262 seconds
[2021-12-10 16:25:46,420] {scheduler_job.py:182} INFO - Started process (PID=1814) to work on /home/agalli/sandbox/lib/python3.6/site-packages/airflow/example_dags/example_xcom.py
[2021-12-10 16:25:46,422] {scheduler_job.py:633} INFO - Processing file /home/agalli/sandbox/lib/python3.6/site-packages/airflow/example_dags/example_xcom.py for tasks to queue
[2021-12-10 16:25:46,423] {logging_mixin.py:104} INFO - [2021-12-10 16:25:46,423] {dagbag.py:487} INFO - Filling up the DagBag from /home/agalli/sandbox/lib/python3.6/site-packages/airflow/example_dags/example_xcom.py
[2021-12-10 16:25:46,459] {scheduler_job.py:643} INFO - DAG(s) dict_keys(['example_xcom']) retrieved from /home/agalli/sandbox/lib/python3.6/site-packages/airflow/example_dags/example_xcom.py
[2021-12-10 16:25:46,511] {logging_mixin.py:104} INFO - [2021-12-10 16:25:46,511] {dag.py:1832} INFO - Sync 1 DAGs
[2021-12-10 16:25:46,582] {logging_mixin.py:104} INFO - [2021-12-10 16:25:46,582] {dag.py:2305} INFO - Setting next_dagrun for example_xcom to 2021-12-08 00:00:00+00:00
[2021-12-10 16:25:46,667] {scheduler_job.py:190} INFO - Processing /home/agalli/sandbox/lib/python3.6/site-packages/airflow/example_dags/example_xcom.py took 0.251 seconds
[2021-12-10 16:26:27,387] {scheduler_job.py:182} INFO - Started process (PID=2022) to work on /home/agalli/sandbox/lib/python3.6/site-packages/airflow/example_dags/example_xcom.py
[2021-12-10 16:26:27,392] {scheduler_job.py:633} INFO - Processing file /home/agalli/sandbox/lib/python3.6/site-packages/airflow/example_dags/example_xcom.py for tasks to queue
[2021-12-10 16:26:27,394] {logging_mixin.py:104} INFO - [2021-12-10 16:26:27,394] {dagbag.py:487} INFO - Filling up the DagBag from /home/agalli/sandbox/lib/python3.6/site-packages/airflow/example_dags/example_xcom.py
[2021-12-10 16:26:27,419] {scheduler_job.py:643} INFO - DAG(s) dict_keys(['example_xcom']) retrieved from /home/agalli/sandbox/lib/python3.6/site-packages/airflow/example_dags/example_xcom.py
[2021-12-10 16:26:27,442] {logging_mixin.py:104} INFO - [2021-12-10 16:26:27,442] {dag.py:1832} INFO - Sync 1 DAGs
[2021-12-10 16:26:27,468] {logging_mixin.py:104} INFO - [2021-12-10 16:26:27,468] {dag.py:2305} INFO - Setting next_dagrun for example_xcom to 2021-12-08 00:00:00+00:00
[2021-12-10 16:26:27,485] {scheduler_job.py:190} INFO - Processing /home/agalli/sandbox/lib/python3.6/site-packages/airflow/example_dags/example_xcom.py took 0.101 seconds
[2021-12-10 16:27:07,529] {scheduler_job.py:182} INFO - Started process (PID=2229) to work on /home/agalli/sandbox/lib/python3.6/site-packages/airflow/example_dags/example_xcom.py
[2021-12-10 16:27:07,536] {scheduler_job.py:633} INFO - Processing file /home/agalli/sandbox/lib/python3.6/site-packages/airflow/example_dags/example_xcom.py for tasks to queue
[2021-12-10 16:27:07,537] {logging_mixin.py:104} INFO - [2021-12-10 16:27:07,537] {dagbag.py:487} INFO - Filling up the DagBag from /home/agalli/sandbox/lib/python3.6/site-packages/airflow/example_dags/example_xcom.py
[2021-12-10 16:27:07,568] {scheduler_job.py:643} INFO - DAG(s) dict_keys(['example_xcom']) retrieved from /home/agalli/sandbox/lib/python3.6/site-packages/airflow/example_dags/example_xcom.py
[2021-12-10 16:27:07,594] {logging_mixin.py:104} INFO - [2021-12-10 16:27:07,593] {dag.py:1832} INFO - Sync 1 DAGs
[2021-12-10 16:27:07,616] {logging_mixin.py:104} INFO - [2021-12-10 16:27:07,616] {dag.py:2305} INFO - Setting next_dagrun for example_xcom to 2021-12-08 00:00:00+00:00
[2021-12-10 16:27:07,639] {scheduler_job.py:190} INFO - Processing /home/agalli/sandbox/lib/python3.6/site-packages/airflow/example_dags/example_xcom.py took 0.117 seconds
[2021-12-10 16:27:43,687] {scheduler_job.py:182} INFO - Started process (PID=2288) to work on /home/agalli/sandbox/lib/python3.6/site-packages/airflow/example_dags/example_xcom.py
[2021-12-10 16:27:43,692] {scheduler_job.py:633} INFO - Processing file /home/agalli/sandbox/lib/python3.6/site-packages/airflow/example_dags/example_xcom.py for tasks to queue
[2021-12-10 16:27:43,694] {logging_mixin.py:104} INFO - [2021-12-10 16:27:43,694] {dagbag.py:487} INFO - Filling up the DagBag from /home/agalli/sandbox/lib/python3.6/site-packages/airflow/example_dags/example_xcom.py
[2021-12-10 16:27:43,736] {scheduler_job.py:643} INFO - DAG(s) dict_keys(['example_xcom']) retrieved from /home/agalli/sandbox/lib/python3.6/site-packages/airflow/example_dags/example_xcom.py
[2021-12-10 16:27:43,771] {logging_mixin.py:104} INFO - [2021-12-10 16:27:43,771] {dag.py:1832} INFO - Sync 1 DAGs
[2021-12-10 16:27:43,802] {logging_mixin.py:104} INFO - [2021-12-10 16:27:43,801] {dag.py:2305} INFO - Setting next_dagrun for example_xcom to 2021-12-08 00:00:00+00:00
[2021-12-10 16:27:43,833] {scheduler_job.py:190} INFO - Processing /home/agalli/sandbox/lib/python3.6/site-packages/airflow/example_dags/example_xcom.py took 0.155 seconds
[2021-12-10 16:28:30,908] {scheduler_job.py:182} INFO - Started process (PID=2562) to work on /home/agalli/sandbox/lib/python3.6/site-packages/airflow/example_dags/example_xcom.py
[2021-12-10 16:28:30,909] {scheduler_job.py:633} INFO - Processing file /home/agalli/sandbox/lib/python3.6/site-packages/airflow/example_dags/example_xcom.py for tasks to queue
[2021-12-10 16:28:30,910] {logging_mixin.py:104} INFO - [2021-12-10 16:28:30,910] {dagbag.py:487} INFO - Filling up the DagBag from /home/agalli/sandbox/lib/python3.6/site-packages/airflow/example_dags/example_xcom.py
[2021-12-10 16:28:30,924] {scheduler_job.py:643} INFO - DAG(s) dict_keys(['example_xcom']) retrieved from /home/agalli/sandbox/lib/python3.6/site-packages/airflow/example_dags/example_xcom.py
[2021-12-10 16:28:30,939] {logging_mixin.py:104} INFO - [2021-12-10 16:28:30,939] {dag.py:1832} INFO - Sync 1 DAGs
[2021-12-10 16:28:30,955] {logging_mixin.py:104} INFO - [2021-12-10 16:28:30,955] {dag.py:2305} INFO - Setting next_dagrun for example_xcom to 2021-12-08 00:00:00+00:00
[2021-12-10 16:28:30,979] {scheduler_job.py:190} INFO - Processing /home/agalli/sandbox/lib/python3.6/site-packages/airflow/example_dags/example_xcom.py took 0.074 seconds
[2021-12-10 16:29:25,133] {scheduler_job.py:182} INFO - Started process (PID=2641) to work on /home/agalli/sandbox/lib/python3.6/site-packages/airflow/example_dags/example_xcom.py
[2021-12-10 16:29:25,135] {scheduler_job.py:633} INFO - Processing file /home/agalli/sandbox/lib/python3.6/site-packages/airflow/example_dags/example_xcom.py for tasks to queue
[2021-12-10 16:29:25,136] {logging_mixin.py:104} INFO - [2021-12-10 16:29:25,136] {dagbag.py:487} INFO - Filling up the DagBag from /home/agalli/sandbox/lib/python3.6/site-packages/airflow/example_dags/example_xcom.py
[2021-12-10 16:29:25,205] {scheduler_job.py:643} INFO - DAG(s) dict_keys(['example_xcom']) retrieved from /home/agalli/sandbox/lib/python3.6/site-packages/airflow/example_dags/example_xcom.py
[2021-12-10 16:29:25,262] {logging_mixin.py:104} INFO - [2021-12-10 16:29:25,262] {dag.py:1832} INFO - Sync 1 DAGs
[2021-12-10 16:29:25,296] {logging_mixin.py:104} INFO - [2021-12-10 16:29:25,296] {dag.py:2305} INFO - Setting next_dagrun for example_xcom to 2021-12-08 00:00:00+00:00
[2021-12-10 16:29:25,369] {scheduler_job.py:190} INFO - Processing /home/agalli/sandbox/lib/python3.6/site-packages/airflow/example_dags/example_xcom.py took 0.249 seconds
[2021-12-10 16:30:09,361] {scheduler_job.py:182} INFO - Started process (PID=2673) to work on /home/agalli/sandbox/lib/python3.6/site-packages/airflow/example_dags/example_xcom.py
[2021-12-10 16:30:09,366] {scheduler_job.py:633} INFO - Processing file /home/agalli/sandbox/lib/python3.6/site-packages/airflow/example_dags/example_xcom.py for tasks to queue
[2021-12-10 16:30:09,371] {logging_mixin.py:104} INFO - [2021-12-10 16:30:09,367] {dagbag.py:487} INFO - Filling up the DagBag from /home/agalli/sandbox/lib/python3.6/site-packages/airflow/example_dags/example_xcom.py
[2021-12-10 16:30:09,390] {scheduler_job.py:643} INFO - DAG(s) dict_keys(['example_xcom']) retrieved from /home/agalli/sandbox/lib/python3.6/site-packages/airflow/example_dags/example_xcom.py
[2021-12-10 16:30:09,411] {logging_mixin.py:104} INFO - [2021-12-10 16:30:09,411] {dag.py:1832} INFO - Sync 1 DAGs
[2021-12-10 16:30:09,433] {logging_mixin.py:104} INFO - [2021-12-10 16:30:09,432] {dag.py:2305} INFO - Setting next_dagrun for example_xcom to 2021-12-08 00:00:00+00:00
[2021-12-10 16:30:09,528] {scheduler_job.py:190} INFO - Processing /home/agalli/sandbox/lib/python3.6/site-packages/airflow/example_dags/example_xcom.py took 0.171 seconds
[2021-12-10 16:31:03,606] {scheduler_job.py:182} INFO - Started process (PID=2844) to work on /home/agalli/sandbox/lib/python3.6/site-packages/airflow/example_dags/example_xcom.py
[2021-12-10 16:31:03,615] {scheduler_job.py:633} INFO - Processing file /home/agalli/sandbox/lib/python3.6/site-packages/airflow/example_dags/example_xcom.py for tasks to queue
[2021-12-10 16:31:03,620] {logging_mixin.py:104} INFO - [2021-12-10 16:31:03,619] {dagbag.py:487} INFO - Filling up the DagBag from /home/agalli/sandbox/lib/python3.6/site-packages/airflow/example_dags/example_xcom.py
[2021-12-10 16:31:03,685] {scheduler_job.py:643} INFO - DAG(s) dict_keys(['example_xcom']) retrieved from /home/agalli/sandbox/lib/python3.6/site-packages/airflow/example_dags/example_xcom.py
[2021-12-10 16:31:03,718] {logging_mixin.py:104} INFO - [2021-12-10 16:31:03,718] {dag.py:1832} INFO - Sync 1 DAGs
[2021-12-10 16:31:03,743] {logging_mixin.py:104} INFO - [2021-12-10 16:31:03,743] {dag.py:2305} INFO - Setting next_dagrun for example_xcom to 2021-12-08 00:00:00+00:00
[2021-12-10 16:31:03,790] {scheduler_job.py:190} INFO - Processing /home/agalli/sandbox/lib/python3.6/site-packages/airflow/example_dags/example_xcom.py took 0.193 seconds
[2021-12-10 16:31:49,293] {scheduler_job.py:182} INFO - Started process (PID=3009) to work on /home/agalli/sandbox/lib/python3.6/site-packages/airflow/example_dags/example_xcom.py
[2021-12-10 16:31:49,295] {scheduler_job.py:633} INFO - Processing file /home/agalli/sandbox/lib/python3.6/site-packages/airflow/example_dags/example_xcom.py for tasks to queue
[2021-12-10 16:31:49,296] {logging_mixin.py:104} INFO - [2021-12-10 16:31:49,296] {dagbag.py:487} INFO - Filling up the DagBag from /home/agalli/sandbox/lib/python3.6/site-packages/airflow/example_dags/example_xcom.py
[2021-12-10 16:31:49,340] {scheduler_job.py:643} INFO - DAG(s) dict_keys(['example_xcom']) retrieved from /home/agalli/sandbox/lib/python3.6/site-packages/airflow/example_dags/example_xcom.py
[2021-12-10 16:31:49,421] {logging_mixin.py:104} INFO - [2021-12-10 16:31:49,421] {dag.py:1832} INFO - Sync 1 DAGs
[2021-12-10 16:31:49,464] {logging_mixin.py:104} INFO - [2021-12-10 16:31:49,463] {dag.py:2305} INFO - Setting next_dagrun for example_xcom to 2021-12-08 00:00:00+00:00
[2021-12-10 16:31:49,499] {scheduler_job.py:190} INFO - Processing /home/agalli/sandbox/lib/python3.6/site-packages/airflow/example_dags/example_xcom.py took 0.214 seconds
[2021-12-10 16:32:27,530] {scheduler_job.py:182} INFO - Started process (PID=3051) to work on /home/agalli/sandbox/lib/python3.6/site-packages/airflow/example_dags/example_xcom.py
[2021-12-10 16:32:27,533] {scheduler_job.py:633} INFO - Processing file /home/agalli/sandbox/lib/python3.6/site-packages/airflow/example_dags/example_xcom.py for tasks to queue
[2021-12-10 16:32:27,535] {logging_mixin.py:104} INFO - [2021-12-10 16:32:27,535] {dagbag.py:487} INFO - Filling up the DagBag from /home/agalli/sandbox/lib/python3.6/site-packages/airflow/example_dags/example_xcom.py
[2021-12-10 16:32:27,560] {scheduler_job.py:643} INFO - DAG(s) dict_keys(['example_xcom']) retrieved from /home/agalli/sandbox/lib/python3.6/site-packages/airflow/example_dags/example_xcom.py
[2021-12-10 16:32:27,583] {logging_mixin.py:104} INFO - [2021-12-10 16:32:27,583] {dag.py:1832} INFO - Sync 1 DAGs
[2021-12-10 16:32:27,606] {logging_mixin.py:104} INFO - [2021-12-10 16:32:27,606] {dag.py:2305} INFO - Setting next_dagrun for example_xcom to 2021-12-08 00:00:00+00:00
[2021-12-10 16:32:27,639] {scheduler_job.py:190} INFO - Processing /home/agalli/sandbox/lib/python3.6/site-packages/airflow/example_dags/example_xcom.py took 0.114 seconds
[2021-12-10 16:33:08,432] {scheduler_job.py:182} INFO - Started process (PID=3361) to work on /home/agalli/sandbox/lib/python3.6/site-packages/airflow/example_dags/example_xcom.py
[2021-12-10 16:33:08,436] {scheduler_job.py:633} INFO - Processing file /home/agalli/sandbox/lib/python3.6/site-packages/airflow/example_dags/example_xcom.py for tasks to queue
[2021-12-10 16:33:08,439] {logging_mixin.py:104} INFO - [2021-12-10 16:33:08,439] {dagbag.py:487} INFO - Filling up the DagBag from /home/agalli/sandbox/lib/python3.6/site-packages/airflow/example_dags/example_xcom.py
[2021-12-10 16:33:08,477] {scheduler_job.py:643} INFO - DAG(s) dict_keys(['example_xcom']) retrieved from /home/agalli/sandbox/lib/python3.6/site-packages/airflow/example_dags/example_xcom.py
[2021-12-10 16:33:08,509] {logging_mixin.py:104} INFO - [2021-12-10 16:33:08,508] {dag.py:1832} INFO - Sync 1 DAGs
[2021-12-10 16:33:08,621] {logging_mixin.py:104} INFO - [2021-12-10 16:33:08,620] {dag.py:2305} INFO - Setting next_dagrun for example_xcom to 2021-12-08 00:00:00+00:00
[2021-12-10 16:33:08,681] {scheduler_job.py:190} INFO - Processing /home/agalli/sandbox/lib/python3.6/site-packages/airflow/example_dags/example_xcom.py took 0.258 seconds
[2021-12-10 16:33:51,005] {scheduler_job.py:182} INFO - Started process (PID=3758) to work on /home/agalli/sandbox/lib/python3.6/site-packages/airflow/example_dags/example_xcom.py
[2021-12-10 16:33:51,019] {scheduler_job.py:633} INFO - Processing file /home/agalli/sandbox/lib/python3.6/site-packages/airflow/example_dags/example_xcom.py for tasks to queue
[2021-12-10 16:33:51,022] {logging_mixin.py:104} INFO - [2021-12-10 16:33:51,022] {dagbag.py:487} INFO - Filling up the DagBag from /home/agalli/sandbox/lib/python3.6/site-packages/airflow/example_dags/example_xcom.py
[2021-12-10 16:33:51,087] {scheduler_job.py:643} INFO - DAG(s) dict_keys(['example_xcom']) retrieved from /home/agalli/sandbox/lib/python3.6/site-packages/airflow/example_dags/example_xcom.py
[2021-12-10 16:33:51,126] {logging_mixin.py:104} INFO - [2021-12-10 16:33:51,126] {dag.py:1832} INFO - Sync 1 DAGs
[2021-12-10 16:33:51,165] {logging_mixin.py:104} INFO - [2021-12-10 16:33:51,164] {dag.py:2305} INFO - Setting next_dagrun for example_xcom to 2021-12-08 00:00:00+00:00
[2021-12-10 16:33:51,471] {scheduler_job.py:190} INFO - Processing /home/agalli/sandbox/lib/python3.6/site-packages/airflow/example_dags/example_xcom.py took 0.495 seconds
[2021-12-10 16:34:28,517] {scheduler_job.py:182} INFO - Started process (PID=3800) to work on /home/agalli/sandbox/lib/python3.6/site-packages/airflow/example_dags/example_xcom.py
[2021-12-10 16:34:28,519] {scheduler_job.py:633} INFO - Processing file /home/agalli/sandbox/lib/python3.6/site-packages/airflow/example_dags/example_xcom.py for tasks to queue
[2021-12-10 16:34:28,521] {logging_mixin.py:104} INFO - [2021-12-10 16:34:28,521] {dagbag.py:487} INFO - Filling up the DagBag from /home/agalli/sandbox/lib/python3.6/site-packages/airflow/example_dags/example_xcom.py
[2021-12-10 16:34:28,540] {scheduler_job.py:643} INFO - DAG(s) dict_keys(['example_xcom']) retrieved from /home/agalli/sandbox/lib/python3.6/site-packages/airflow/example_dags/example_xcom.py
[2021-12-10 16:34:28,562] {logging_mixin.py:104} INFO - [2021-12-10 16:34:28,562] {dag.py:1832} INFO - Sync 1 DAGs
[2021-12-10 16:34:28,592] {logging_mixin.py:104} INFO - [2021-12-10 16:34:28,592] {dag.py:2305} INFO - Setting next_dagrun for example_xcom to 2021-12-08 00:00:00+00:00
[2021-12-10 16:34:28,616] {scheduler_job.py:190} INFO - Processing /home/agalli/sandbox/lib/python3.6/site-packages/airflow/example_dags/example_xcom.py took 0.103 seconds
[2021-12-10 16:35:06,404] {scheduler_job.py:182} INFO - Started process (PID=3835) to work on /home/agalli/sandbox/lib/python3.6/site-packages/airflow/example_dags/example_xcom.py
[2021-12-10 16:35:06,406] {scheduler_job.py:633} INFO - Processing file /home/agalli/sandbox/lib/python3.6/site-packages/airflow/example_dags/example_xcom.py for tasks to queue
[2021-12-10 16:35:06,407] {logging_mixin.py:104} INFO - [2021-12-10 16:35:06,407] {dagbag.py:487} INFO - Filling up the DagBag from /home/agalli/sandbox/lib/python3.6/site-packages/airflow/example_dags/example_xcom.py
[2021-12-10 16:35:06,431] {scheduler_job.py:643} INFO - DAG(s) dict_keys(['example_xcom']) retrieved from /home/agalli/sandbox/lib/python3.6/site-packages/airflow/example_dags/example_xcom.py
[2021-12-10 16:35:06,456] {logging_mixin.py:104} INFO - [2021-12-10 16:35:06,456] {dag.py:1832} INFO - Sync 1 DAGs
[2021-12-10 16:35:06,481] {logging_mixin.py:104} INFO - [2021-12-10 16:35:06,480] {dag.py:2305} INFO - Setting next_dagrun for example_xcom to 2021-12-08 00:00:00+00:00
[2021-12-10 16:35:06,511] {scheduler_job.py:190} INFO - Processing /home/agalli/sandbox/lib/python3.6/site-packages/airflow/example_dags/example_xcom.py took 0.113 seconds
[2021-12-10 16:35:53,936] {scheduler_job.py:182} INFO - Started process (PID=3868) to work on /home/agalli/sandbox/lib/python3.6/site-packages/airflow/example_dags/example_xcom.py
[2021-12-10 16:35:53,938] {scheduler_job.py:633} INFO - Processing file /home/agalli/sandbox/lib/python3.6/site-packages/airflow/example_dags/example_xcom.py for tasks to queue
[2021-12-10 16:35:53,939] {logging_mixin.py:104} INFO - [2021-12-10 16:35:53,939] {dagbag.py:487} INFO - Filling up the DagBag from /home/agalli/sandbox/lib/python3.6/site-packages/airflow/example_dags/example_xcom.py
[2021-12-10 16:35:53,956] {scheduler_job.py:643} INFO - DAG(s) dict_keys(['example_xcom']) retrieved from /home/agalli/sandbox/lib/python3.6/site-packages/airflow/example_dags/example_xcom.py
[2021-12-10 16:35:53,975] {logging_mixin.py:104} INFO - [2021-12-10 16:35:53,974] {dag.py:1832} INFO - Sync 1 DAGs
[2021-12-10 16:35:54,001] {logging_mixin.py:104} INFO - [2021-12-10 16:35:54,000] {dag.py:2305} INFO - Setting next_dagrun for example_xcom to 2021-12-08 00:00:00+00:00
[2021-12-10 16:35:54,037] {scheduler_job.py:190} INFO - Processing /home/agalli/sandbox/lib/python3.6/site-packages/airflow/example_dags/example_xcom.py took 0.103 seconds
