[2021-12-10 16:23:22,165] {scheduler_job.py:182} INFO - Started process (PID=1661) to work on /home/agalli/sandbox/lib/python3.6/site-packages/airflow/example_dags/example_short_circuit_operator.py
[2021-12-10 16:23:22,171] {scheduler_job.py:633} INFO - Processing file /home/agalli/sandbox/lib/python3.6/site-packages/airflow/example_dags/example_short_circuit_operator.py for tasks to queue
[2021-12-10 16:23:22,173] {logging_mixin.py:104} INFO - [2021-12-10 16:23:22,173] {dagbag.py:487} INFO - Filling up the DagBag from /home/agalli/sandbox/lib/python3.6/site-packages/airflow/example_dags/example_short_circuit_operator.py
[2021-12-10 16:23:22,218] {scheduler_job.py:643} INFO - DAG(s) dict_keys(['example_short_circuit_operator']) retrieved from /home/agalli/sandbox/lib/python3.6/site-packages/airflow/example_dags/example_short_circuit_operator.py
[2021-12-10 16:23:22,873] {logging_mixin.py:104} INFO - [2021-12-10 16:23:22,872] {dag.py:1832} INFO - Sync 1 DAGs
[2021-12-10 16:23:22,898] {logging_mixin.py:104} INFO - [2021-12-10 16:23:22,898] {dag.py:2305} INFO - Setting next_dagrun for example_short_circuit_operator to 2021-12-08 00:00:00+00:00
[2021-12-10 16:23:22,940] {scheduler_job.py:190} INFO - Processing /home/agalli/sandbox/lib/python3.6/site-packages/airflow/example_dags/example_short_circuit_operator.py took 0.781 seconds
[2021-12-10 16:24:21,200] {scheduler_job.py:182} INFO - Started process (PID=1696) to work on /home/agalli/sandbox/lib/python3.6/site-packages/airflow/example_dags/example_short_circuit_operator.py
[2021-12-10 16:24:21,204] {scheduler_job.py:633} INFO - Processing file /home/agalli/sandbox/lib/python3.6/site-packages/airflow/example_dags/example_short_circuit_operator.py for tasks to queue
[2021-12-10 16:24:21,205] {logging_mixin.py:104} INFO - [2021-12-10 16:24:21,205] {dagbag.py:487} INFO - Filling up the DagBag from /home/agalli/sandbox/lib/python3.6/site-packages/airflow/example_dags/example_short_circuit_operator.py
[2021-12-10 16:24:21,264] {scheduler_job.py:643} INFO - DAG(s) dict_keys(['example_short_circuit_operator']) retrieved from /home/agalli/sandbox/lib/python3.6/site-packages/airflow/example_dags/example_short_circuit_operator.py
[2021-12-10 16:24:21,335] {logging_mixin.py:104} INFO - [2021-12-10 16:24:21,335] {dag.py:1832} INFO - Sync 1 DAGs
[2021-12-10 16:24:21,371] {logging_mixin.py:104} INFO - [2021-12-10 16:24:21,371] {dag.py:2305} INFO - Setting next_dagrun for example_short_circuit_operator to 2021-12-08 00:00:00+00:00
[2021-12-10 16:24:21,405] {scheduler_job.py:190} INFO - Processing /home/agalli/sandbox/lib/python3.6/site-packages/airflow/example_dags/example_short_circuit_operator.py took 0.210 seconds
[2021-12-10 16:25:17,314] {scheduler_job.py:182} INFO - Started process (PID=1731) to work on /home/agalli/sandbox/lib/python3.6/site-packages/airflow/example_dags/example_short_circuit_operator.py
[2021-12-10 16:25:17,317] {scheduler_job.py:633} INFO - Processing file /home/agalli/sandbox/lib/python3.6/site-packages/airflow/example_dags/example_short_circuit_operator.py for tasks to queue
[2021-12-10 16:25:17,319] {logging_mixin.py:104} INFO - [2021-12-10 16:25:17,319] {dagbag.py:487} INFO - Filling up the DagBag from /home/agalli/sandbox/lib/python3.6/site-packages/airflow/example_dags/example_short_circuit_operator.py
[2021-12-10 16:25:17,345] {scheduler_job.py:643} INFO - DAG(s) dict_keys(['example_short_circuit_operator']) retrieved from /home/agalli/sandbox/lib/python3.6/site-packages/airflow/example_dags/example_short_circuit_operator.py
[2021-12-10 16:25:17,380] {logging_mixin.py:104} INFO - [2021-12-10 16:25:17,380] {dag.py:1832} INFO - Sync 1 DAGs
[2021-12-10 16:25:17,417] {logging_mixin.py:104} INFO - [2021-12-10 16:25:17,417] {dag.py:2305} INFO - Setting next_dagrun for example_short_circuit_operator to 2021-12-08 00:00:00+00:00
[2021-12-10 16:25:17,466] {scheduler_job.py:190} INFO - Processing /home/agalli/sandbox/lib/python3.6/site-packages/airflow/example_dags/example_short_circuit_operator.py took 0.158 seconds
[2021-12-10 16:26:06,295] {scheduler_job.py:182} INFO - Started process (PID=1946) to work on /home/agalli/sandbox/lib/python3.6/site-packages/airflow/example_dags/example_short_circuit_operator.py
[2021-12-10 16:26:06,310] {scheduler_job.py:633} INFO - Processing file /home/agalli/sandbox/lib/python3.6/site-packages/airflow/example_dags/example_short_circuit_operator.py for tasks to queue
[2021-12-10 16:26:06,312] {logging_mixin.py:104} INFO - [2021-12-10 16:26:06,311] {dagbag.py:487} INFO - Filling up the DagBag from /home/agalli/sandbox/lib/python3.6/site-packages/airflow/example_dags/example_short_circuit_operator.py
[2021-12-10 16:26:06,356] {scheduler_job.py:643} INFO - DAG(s) dict_keys(['example_short_circuit_operator']) retrieved from /home/agalli/sandbox/lib/python3.6/site-packages/airflow/example_dags/example_short_circuit_operator.py
[2021-12-10 16:26:06,549] {logging_mixin.py:104} INFO - [2021-12-10 16:26:06,548] {dag.py:1832} INFO - Sync 1 DAGs
[2021-12-10 16:26:06,635] {logging_mixin.py:104} INFO - [2021-12-10 16:26:06,635] {dag.py:2305} INFO - Setting next_dagrun for example_short_circuit_operator to 2021-12-08 00:00:00+00:00
[2021-12-10 16:26:06,840] {scheduler_job.py:190} INFO - Processing /home/agalli/sandbox/lib/python3.6/site-packages/airflow/example_dags/example_short_circuit_operator.py took 0.575 seconds
[2021-12-10 16:26:56,208] {scheduler_job.py:182} INFO - Started process (PID=2159) to work on /home/agalli/sandbox/lib/python3.6/site-packages/airflow/example_dags/example_short_circuit_operator.py
[2021-12-10 16:26:56,214] {scheduler_job.py:633} INFO - Processing file /home/agalli/sandbox/lib/python3.6/site-packages/airflow/example_dags/example_short_circuit_operator.py for tasks to queue
[2021-12-10 16:26:56,215] {logging_mixin.py:104} INFO - [2021-12-10 16:26:56,215] {dagbag.py:487} INFO - Filling up the DagBag from /home/agalli/sandbox/lib/python3.6/site-packages/airflow/example_dags/example_short_circuit_operator.py
[2021-12-10 16:26:56,306] {scheduler_job.py:643} INFO - DAG(s) dict_keys(['example_short_circuit_operator']) retrieved from /home/agalli/sandbox/lib/python3.6/site-packages/airflow/example_dags/example_short_circuit_operator.py
[2021-12-10 16:26:56,335] {logging_mixin.py:104} INFO - [2021-12-10 16:26:56,334] {dag.py:1832} INFO - Sync 1 DAGs
[2021-12-10 16:26:56,366] {logging_mixin.py:104} INFO - [2021-12-10 16:26:56,365] {dag.py:2305} INFO - Setting next_dagrun for example_short_circuit_operator to 2021-12-08 00:00:00+00:00
[2021-12-10 16:26:56,456] {scheduler_job.py:190} INFO - Processing /home/agalli/sandbox/lib/python3.6/site-packages/airflow/example_dags/example_short_circuit_operator.py took 0.254 seconds
[2021-12-10 16:27:51,070] {scheduler_job.py:182} INFO - Started process (PID=2292) to work on /home/agalli/sandbox/lib/python3.6/site-packages/airflow/example_dags/example_short_circuit_operator.py
[2021-12-10 16:27:51,073] {scheduler_job.py:633} INFO - Processing file /home/agalli/sandbox/lib/python3.6/site-packages/airflow/example_dags/example_short_circuit_operator.py for tasks to queue
[2021-12-10 16:27:51,086] {logging_mixin.py:104} INFO - [2021-12-10 16:27:51,086] {dagbag.py:487} INFO - Filling up the DagBag from /home/agalli/sandbox/lib/python3.6/site-packages/airflow/example_dags/example_short_circuit_operator.py
[2021-12-10 16:27:51,158] {scheduler_job.py:643} INFO - DAG(s) dict_keys(['example_short_circuit_operator']) retrieved from /home/agalli/sandbox/lib/python3.6/site-packages/airflow/example_dags/example_short_circuit_operator.py
[2021-12-10 16:27:51,289] {logging_mixin.py:104} INFO - [2021-12-10 16:27:51,288] {dag.py:1832} INFO - Sync 1 DAGs
[2021-12-10 16:27:51,389] {logging_mixin.py:104} INFO - [2021-12-10 16:27:51,389] {dag.py:2305} INFO - Setting next_dagrun for example_short_circuit_operator to 2021-12-08 00:00:00+00:00
[2021-12-10 16:27:51,655] {scheduler_job.py:190} INFO - Processing /home/agalli/sandbox/lib/python3.6/site-packages/airflow/example_dags/example_short_circuit_operator.py took 0.614 seconds
[2021-12-10 16:29:00,222] {scheduler_job.py:182} INFO - Started process (PID=2624) to work on /home/agalli/sandbox/lib/python3.6/site-packages/airflow/example_dags/example_short_circuit_operator.py
[2021-12-10 16:29:00,225] {scheduler_job.py:633} INFO - Processing file /home/agalli/sandbox/lib/python3.6/site-packages/airflow/example_dags/example_short_circuit_operator.py for tasks to queue
[2021-12-10 16:29:00,237] {logging_mixin.py:104} INFO - [2021-12-10 16:29:00,236] {dagbag.py:487} INFO - Filling up the DagBag from /home/agalli/sandbox/lib/python3.6/site-packages/airflow/example_dags/example_short_circuit_operator.py
[2021-12-10 16:29:00,310] {scheduler_job.py:643} INFO - DAG(s) dict_keys(['example_short_circuit_operator']) retrieved from /home/agalli/sandbox/lib/python3.6/site-packages/airflow/example_dags/example_short_circuit_operator.py
[2021-12-10 16:29:00,423] {logging_mixin.py:104} INFO - [2021-12-10 16:29:00,422] {dag.py:1832} INFO - Sync 1 DAGs
[2021-12-10 16:29:00,479] {logging_mixin.py:104} INFO - [2021-12-10 16:29:00,479] {dag.py:2305} INFO - Setting next_dagrun for example_short_circuit_operator to 2021-12-08 00:00:00+00:00
[2021-12-10 16:29:00,529] {scheduler_job.py:190} INFO - Processing /home/agalli/sandbox/lib/python3.6/site-packages/airflow/example_dags/example_short_circuit_operator.py took 0.336 seconds
[2021-12-10 16:29:50,355] {scheduler_job.py:182} INFO - Started process (PID=2658) to work on /home/agalli/sandbox/lib/python3.6/site-packages/airflow/example_dags/example_short_circuit_operator.py
[2021-12-10 16:29:50,362] {scheduler_job.py:633} INFO - Processing file /home/agalli/sandbox/lib/python3.6/site-packages/airflow/example_dags/example_short_circuit_operator.py for tasks to queue
[2021-12-10 16:29:50,367] {logging_mixin.py:104} INFO - [2021-12-10 16:29:50,366] {dagbag.py:487} INFO - Filling up the DagBag from /home/agalli/sandbox/lib/python3.6/site-packages/airflow/example_dags/example_short_circuit_operator.py
[2021-12-10 16:29:50,412] {scheduler_job.py:643} INFO - DAG(s) dict_keys(['example_short_circuit_operator']) retrieved from /home/agalli/sandbox/lib/python3.6/site-packages/airflow/example_dags/example_short_circuit_operator.py
[2021-12-10 16:29:50,591] {logging_mixin.py:104} INFO - [2021-12-10 16:29:50,591] {dag.py:1832} INFO - Sync 1 DAGs
[2021-12-10 16:29:50,642] {logging_mixin.py:104} INFO - [2021-12-10 16:29:50,641] {dag.py:2305} INFO - Setting next_dagrun for example_short_circuit_operator to 2021-12-08 00:00:00+00:00
[2021-12-10 16:29:50,692] {scheduler_job.py:190} INFO - Processing /home/agalli/sandbox/lib/python3.6/site-packages/airflow/example_dags/example_short_circuit_operator.py took 0.346 seconds
[2021-12-10 16:30:28,463] {scheduler_job.py:182} INFO - Started process (PID=2688) to work on /home/agalli/sandbox/lib/python3.6/site-packages/airflow/example_dags/example_short_circuit_operator.py
[2021-12-10 16:30:28,467] {scheduler_job.py:633} INFO - Processing file /home/agalli/sandbox/lib/python3.6/site-packages/airflow/example_dags/example_short_circuit_operator.py for tasks to queue
[2021-12-10 16:30:28,467] {logging_mixin.py:104} INFO - [2021-12-10 16:30:28,467] {dagbag.py:487} INFO - Filling up the DagBag from /home/agalli/sandbox/lib/python3.6/site-packages/airflow/example_dags/example_short_circuit_operator.py
[2021-12-10 16:30:28,490] {scheduler_job.py:643} INFO - DAG(s) dict_keys(['example_short_circuit_operator']) retrieved from /home/agalli/sandbox/lib/python3.6/site-packages/airflow/example_dags/example_short_circuit_operator.py
[2021-12-10 16:30:28,516] {logging_mixin.py:104} INFO - [2021-12-10 16:30:28,515] {dag.py:1832} INFO - Sync 1 DAGs
[2021-12-10 16:30:28,550] {logging_mixin.py:104} INFO - [2021-12-10 16:30:28,550] {dag.py:2305} INFO - Setting next_dagrun for example_short_circuit_operator to 2021-12-08 00:00:00+00:00
[2021-12-10 16:30:28,579] {scheduler_job.py:190} INFO - Processing /home/agalli/sandbox/lib/python3.6/site-packages/airflow/example_dags/example_short_circuit_operator.py took 0.120 seconds
[2021-12-10 16:31:26,089] {scheduler_job.py:182} INFO - Started process (PID=2993) to work on /home/agalli/sandbox/lib/python3.6/site-packages/airflow/example_dags/example_short_circuit_operator.py
[2021-12-10 16:31:26,092] {scheduler_job.py:633} INFO - Processing file /home/agalli/sandbox/lib/python3.6/site-packages/airflow/example_dags/example_short_circuit_operator.py for tasks to queue
[2021-12-10 16:31:26,094] {logging_mixin.py:104} INFO - [2021-12-10 16:31:26,094] {dagbag.py:487} INFO - Filling up the DagBag from /home/agalli/sandbox/lib/python3.6/site-packages/airflow/example_dags/example_short_circuit_operator.py
[2021-12-10 16:31:26,129] {scheduler_job.py:643} INFO - DAG(s) dict_keys(['example_short_circuit_operator']) retrieved from /home/agalli/sandbox/lib/python3.6/site-packages/airflow/example_dags/example_short_circuit_operator.py
[2021-12-10 16:31:26,234] {logging_mixin.py:104} INFO - [2021-12-10 16:31:26,233] {dag.py:1832} INFO - Sync 1 DAGs
[2021-12-10 16:31:26,278] {logging_mixin.py:104} INFO - [2021-12-10 16:31:26,278] {dag.py:2305} INFO - Setting next_dagrun for example_short_circuit_operator to 2021-12-08 00:00:00+00:00
[2021-12-10 16:31:26,386] {scheduler_job.py:190} INFO - Processing /home/agalli/sandbox/lib/python3.6/site-packages/airflow/example_dags/example_short_circuit_operator.py took 0.305 seconds
[2021-12-10 16:32:15,830] {scheduler_job.py:182} INFO - Started process (PID=3028) to work on /home/agalli/sandbox/lib/python3.6/site-packages/airflow/example_dags/example_short_circuit_operator.py
[2021-12-10 16:32:15,833] {scheduler_job.py:633} INFO - Processing file /home/agalli/sandbox/lib/python3.6/site-packages/airflow/example_dags/example_short_circuit_operator.py for tasks to queue
[2021-12-10 16:32:15,835] {logging_mixin.py:104} INFO - [2021-12-10 16:32:15,835] {dagbag.py:487} INFO - Filling up the DagBag from /home/agalli/sandbox/lib/python3.6/site-packages/airflow/example_dags/example_short_circuit_operator.py
[2021-12-10 16:32:15,900] {scheduler_job.py:643} INFO - DAG(s) dict_keys(['example_short_circuit_operator']) retrieved from /home/agalli/sandbox/lib/python3.6/site-packages/airflow/example_dags/example_short_circuit_operator.py
[2021-12-10 16:32:15,943] {logging_mixin.py:104} INFO - [2021-12-10 16:32:15,943] {dag.py:1832} INFO - Sync 1 DAGs
[2021-12-10 16:32:15,980] {logging_mixin.py:104} INFO - [2021-12-10 16:32:15,979] {dag.py:2305} INFO - Setting next_dagrun for example_short_circuit_operator to 2021-12-08 00:00:00+00:00
[2021-12-10 16:32:16,028] {scheduler_job.py:190} INFO - Processing /home/agalli/sandbox/lib/python3.6/site-packages/airflow/example_dags/example_short_circuit_operator.py took 0.218 seconds
[2021-12-10 16:33:33,360] {scheduler_job.py:182} INFO - Started process (PID=3615) to work on /home/agalli/sandbox/lib/python3.6/site-packages/airflow/example_dags/example_short_circuit_operator.py
[2021-12-10 16:33:33,363] {scheduler_job.py:633} INFO - Processing file /home/agalli/sandbox/lib/python3.6/site-packages/airflow/example_dags/example_short_circuit_operator.py for tasks to queue
[2021-12-10 16:33:33,364] {logging_mixin.py:104} INFO - [2021-12-10 16:33:33,364] {dagbag.py:487} INFO - Filling up the DagBag from /home/agalli/sandbox/lib/python3.6/site-packages/airflow/example_dags/example_short_circuit_operator.py
[2021-12-10 16:33:33,391] {scheduler_job.py:643} INFO - DAG(s) dict_keys(['example_short_circuit_operator']) retrieved from /home/agalli/sandbox/lib/python3.6/site-packages/airflow/example_dags/example_short_circuit_operator.py
[2021-12-10 16:33:33,431] {logging_mixin.py:104} INFO - [2021-12-10 16:33:33,431] {dag.py:1832} INFO - Sync 1 DAGs
[2021-12-10 16:33:33,457] {logging_mixin.py:104} INFO - [2021-12-10 16:33:33,457] {dag.py:2305} INFO - Setting next_dagrun for example_short_circuit_operator to 2021-12-08 00:00:00+00:00
[2021-12-10 16:33:33,485] {scheduler_job.py:190} INFO - Processing /home/agalli/sandbox/lib/python3.6/site-packages/airflow/example_dags/example_short_circuit_operator.py took 0.131 seconds
[2021-12-10 16:34:34,499] {scheduler_job.py:182} INFO - Started process (PID=3804) to work on /home/agalli/sandbox/lib/python3.6/site-packages/airflow/example_dags/example_short_circuit_operator.py
[2021-12-10 16:34:34,504] {scheduler_job.py:633} INFO - Processing file /home/agalli/sandbox/lib/python3.6/site-packages/airflow/example_dags/example_short_circuit_operator.py for tasks to queue
[2021-12-10 16:34:34,506] {logging_mixin.py:104} INFO - [2021-12-10 16:34:34,506] {dagbag.py:487} INFO - Filling up the DagBag from /home/agalli/sandbox/lib/python3.6/site-packages/airflow/example_dags/example_short_circuit_operator.py
[2021-12-10 16:34:34,536] {scheduler_job.py:643} INFO - DAG(s) dict_keys(['example_short_circuit_operator']) retrieved from /home/agalli/sandbox/lib/python3.6/site-packages/airflow/example_dags/example_short_circuit_operator.py
[2021-12-10 16:34:34,579] {logging_mixin.py:104} INFO - [2021-12-10 16:34:34,578] {dag.py:1832} INFO - Sync 1 DAGs
[2021-12-10 16:34:34,611] {logging_mixin.py:104} INFO - [2021-12-10 16:34:34,610] {dag.py:2305} INFO - Setting next_dagrun for example_short_circuit_operator to 2021-12-08 00:00:00+00:00
[2021-12-10 16:34:34,649] {scheduler_job.py:190} INFO - Processing /home/agalli/sandbox/lib/python3.6/site-packages/airflow/example_dags/example_short_circuit_operator.py took 0.160 seconds
[2021-12-10 16:35:11,663] {scheduler_job.py:182} INFO - Started process (PID=3839) to work on /home/agalli/sandbox/lib/python3.6/site-packages/airflow/example_dags/example_short_circuit_operator.py
[2021-12-10 16:35:11,669] {scheduler_job.py:633} INFO - Processing file /home/agalli/sandbox/lib/python3.6/site-packages/airflow/example_dags/example_short_circuit_operator.py for tasks to queue
[2021-12-10 16:35:11,670] {logging_mixin.py:104} INFO - [2021-12-10 16:35:11,670] {dagbag.py:487} INFO - Filling up the DagBag from /home/agalli/sandbox/lib/python3.6/site-packages/airflow/example_dags/example_short_circuit_operator.py
[2021-12-10 16:35:11,687] {scheduler_job.py:643} INFO - DAG(s) dict_keys(['example_short_circuit_operator']) retrieved from /home/agalli/sandbox/lib/python3.6/site-packages/airflow/example_dags/example_short_circuit_operator.py
[2021-12-10 16:35:11,709] {logging_mixin.py:104} INFO - [2021-12-10 16:35:11,709] {dag.py:1832} INFO - Sync 1 DAGs
[2021-12-10 16:35:11,737] {logging_mixin.py:104} INFO - [2021-12-10 16:35:11,737] {dag.py:2305} INFO - Setting next_dagrun for example_short_circuit_operator to 2021-12-08 00:00:00+00:00
[2021-12-10 16:35:11,772] {scheduler_job.py:190} INFO - Processing /home/agalli/sandbox/lib/python3.6/site-packages/airflow/example_dags/example_short_circuit_operator.py took 0.112 seconds
[2021-12-10 16:35:59,365] {scheduler_job.py:182} INFO - Started process (PID=3872) to work on /home/agalli/sandbox/lib/python3.6/site-packages/airflow/example_dags/example_short_circuit_operator.py
[2021-12-10 16:35:59,368] {scheduler_job.py:633} INFO - Processing file /home/agalli/sandbox/lib/python3.6/site-packages/airflow/example_dags/example_short_circuit_operator.py for tasks to queue
[2021-12-10 16:35:59,369] {logging_mixin.py:104} INFO - [2021-12-10 16:35:59,369] {dagbag.py:487} INFO - Filling up the DagBag from /home/agalli/sandbox/lib/python3.6/site-packages/airflow/example_dags/example_short_circuit_operator.py
[2021-12-10 16:35:59,401] {scheduler_job.py:643} INFO - DAG(s) dict_keys(['example_short_circuit_operator']) retrieved from /home/agalli/sandbox/lib/python3.6/site-packages/airflow/example_dags/example_short_circuit_operator.py
[2021-12-10 16:35:59,438] {logging_mixin.py:104} INFO - [2021-12-10 16:35:59,438] {dag.py:1832} INFO - Sync 1 DAGs
[2021-12-10 16:35:59,594] {logging_mixin.py:104} INFO - [2021-12-10 16:35:59,594] {dag.py:2305} INFO - Setting next_dagrun for example_short_circuit_operator to 2021-12-08 00:00:00+00:00
[2021-12-10 16:35:59,656] {scheduler_job.py:190} INFO - Processing /home/agalli/sandbox/lib/python3.6/site-packages/airflow/example_dags/example_short_circuit_operator.py took 0.298 seconds
