[2021-12-10 16:23:38,572] {scheduler_job.py:182} INFO - Started process (PID=1670) to work on /home/agalli/sandbox/lib/python3.6/site-packages/airflow/example_dags/example_kubernetes_executor_config.py
[2021-12-10 16:23:38,574] {scheduler_job.py:633} INFO - Processing file /home/agalli/sandbox/lib/python3.6/site-packages/airflow/example_dags/example_kubernetes_executor_config.py for tasks to queue
[2021-12-10 16:23:38,576] {logging_mixin.py:104} INFO - [2021-12-10 16:23:38,575] {dagbag.py:487} INFO - Filling up the DagBag from /home/agalli/sandbox/lib/python3.6/site-packages/airflow/example_dags/example_kubernetes_executor_config.py
[2021-12-10 16:23:38,592] {logging_mixin.py:104} INFO - [2021-12-10 16:23:38,591] {example_kubernetes_executor_config.py:175} WARNING - Could not import DAGs in example_kubernetes_executor_config.py: No module named 'kubernetes'
[2021-12-10 16:23:38,592] {logging_mixin.py:104} INFO - [2021-12-10 16:23:38,592] {example_kubernetes_executor_config.py:176} WARNING - Install kubernetes dependencies with: pip install apache-airflow['cncf.kubernetes']
[2021-12-10 16:23:38,593] {scheduler_job.py:645} WARNING - No viable dags retrieved from /home/agalli/sandbox/lib/python3.6/site-packages/airflow/example_dags/example_kubernetes_executor_config.py
[2021-12-10 16:23:38,610] {scheduler_job.py:190} INFO - Processing /home/agalli/sandbox/lib/python3.6/site-packages/airflow/example_dags/example_kubernetes_executor_config.py took 0.045 seconds
[2021-12-10 16:24:37,824] {scheduler_job.py:182} INFO - Started process (PID=1705) to work on /home/agalli/sandbox/lib/python3.6/site-packages/airflow/example_dags/example_kubernetes_executor_config.py
[2021-12-10 16:24:37,831] {scheduler_job.py:633} INFO - Processing file /home/agalli/sandbox/lib/python3.6/site-packages/airflow/example_dags/example_kubernetes_executor_config.py for tasks to queue
[2021-12-10 16:24:37,837] {logging_mixin.py:104} INFO - [2021-12-10 16:24:37,837] {dagbag.py:487} INFO - Filling up the DagBag from /home/agalli/sandbox/lib/python3.6/site-packages/airflow/example_dags/example_kubernetes_executor_config.py
[2021-12-10 16:24:37,870] {logging_mixin.py:104} INFO - [2021-12-10 16:24:37,870] {example_kubernetes_executor_config.py:175} WARNING - Could not import DAGs in example_kubernetes_executor_config.py: No module named 'kubernetes'
[2021-12-10 16:24:37,871] {logging_mixin.py:104} INFO - [2021-12-10 16:24:37,871] {example_kubernetes_executor_config.py:176} WARNING - Install kubernetes dependencies with: pip install apache-airflow['cncf.kubernetes']
[2021-12-10 16:24:37,873] {scheduler_job.py:645} WARNING - No viable dags retrieved from /home/agalli/sandbox/lib/python3.6/site-packages/airflow/example_dags/example_kubernetes_executor_config.py
[2021-12-10 16:24:37,987] {scheduler_job.py:190} INFO - Processing /home/agalli/sandbox/lib/python3.6/site-packages/airflow/example_dags/example_kubernetes_executor_config.py took 0.176 seconds
[2021-12-10 16:25:27,840] {scheduler_job.py:182} INFO - Started process (PID=1740) to work on /home/agalli/sandbox/lib/python3.6/site-packages/airflow/example_dags/example_kubernetes_executor_config.py
[2021-12-10 16:25:27,844] {scheduler_job.py:633} INFO - Processing file /home/agalli/sandbox/lib/python3.6/site-packages/airflow/example_dags/example_kubernetes_executor_config.py for tasks to queue
[2021-12-10 16:25:27,845] {logging_mixin.py:104} INFO - [2021-12-10 16:25:27,845] {dagbag.py:487} INFO - Filling up the DagBag from /home/agalli/sandbox/lib/python3.6/site-packages/airflow/example_dags/example_kubernetes_executor_config.py
[2021-12-10 16:25:27,864] {logging_mixin.py:104} INFO - [2021-12-10 16:25:27,863] {example_kubernetes_executor_config.py:175} WARNING - Could not import DAGs in example_kubernetes_executor_config.py: No module named 'kubernetes'
[2021-12-10 16:25:27,864] {logging_mixin.py:104} INFO - [2021-12-10 16:25:27,864] {example_kubernetes_executor_config.py:176} WARNING - Install kubernetes dependencies with: pip install apache-airflow['cncf.kubernetes']
[2021-12-10 16:25:27,865] {scheduler_job.py:645} WARNING - No viable dags retrieved from /home/agalli/sandbox/lib/python3.6/site-packages/airflow/example_dags/example_kubernetes_executor_config.py
[2021-12-10 16:25:27,881] {scheduler_job.py:190} INFO - Processing /home/agalli/sandbox/lib/python3.6/site-packages/airflow/example_dags/example_kubernetes_executor_config.py took 0.046 seconds
[2021-12-10 16:26:21,498] {scheduler_job.py:182} INFO - Started process (PID=2015) to work on /home/agalli/sandbox/lib/python3.6/site-packages/airflow/example_dags/example_kubernetes_executor_config.py
[2021-12-10 16:26:21,501] {scheduler_job.py:633} INFO - Processing file /home/agalli/sandbox/lib/python3.6/site-packages/airflow/example_dags/example_kubernetes_executor_config.py for tasks to queue
[2021-12-10 16:26:21,506] {logging_mixin.py:104} INFO - [2021-12-10 16:26:21,505] {dagbag.py:487} INFO - Filling up the DagBag from /home/agalli/sandbox/lib/python3.6/site-packages/airflow/example_dags/example_kubernetes_executor_config.py
[2021-12-10 16:26:21,518] {logging_mixin.py:104} INFO - [2021-12-10 16:26:21,518] {example_kubernetes_executor_config.py:175} WARNING - Could not import DAGs in example_kubernetes_executor_config.py: No module named 'kubernetes'
[2021-12-10 16:26:21,519] {logging_mixin.py:104} INFO - [2021-12-10 16:26:21,519] {example_kubernetes_executor_config.py:176} WARNING - Install kubernetes dependencies with: pip install apache-airflow['cncf.kubernetes']
[2021-12-10 16:26:21,520] {scheduler_job.py:645} WARNING - No viable dags retrieved from /home/agalli/sandbox/lib/python3.6/site-packages/airflow/example_dags/example_kubernetes_executor_config.py
[2021-12-10 16:26:21,536] {scheduler_job.py:190} INFO - Processing /home/agalli/sandbox/lib/python3.6/site-packages/airflow/example_dags/example_kubernetes_executor_config.py took 0.044 seconds
[2021-12-10 16:27:19,997] {scheduler_job.py:182} INFO - Started process (PID=2269) to work on /home/agalli/sandbox/lib/python3.6/site-packages/airflow/example_dags/example_kubernetes_executor_config.py
[2021-12-10 16:27:20,012] {scheduler_job.py:633} INFO - Processing file /home/agalli/sandbox/lib/python3.6/site-packages/airflow/example_dags/example_kubernetes_executor_config.py for tasks to queue
[2021-12-10 16:27:20,014] {logging_mixin.py:104} INFO - [2021-12-10 16:27:20,014] {dagbag.py:487} INFO - Filling up the DagBag from /home/agalli/sandbox/lib/python3.6/site-packages/airflow/example_dags/example_kubernetes_executor_config.py
[2021-12-10 16:27:20,120] {logging_mixin.py:104} INFO - [2021-12-10 16:27:20,119] {example_kubernetes_executor_config.py:175} WARNING - Could not import DAGs in example_kubernetes_executor_config.py: No module named 'kubernetes'
[2021-12-10 16:27:20,120] {logging_mixin.py:104} INFO - [2021-12-10 16:27:20,120] {example_kubernetes_executor_config.py:176} WARNING - Install kubernetes dependencies with: pip install apache-airflow['cncf.kubernetes']
[2021-12-10 16:27:20,130] {scheduler_job.py:645} WARNING - No viable dags retrieved from /home/agalli/sandbox/lib/python3.6/site-packages/airflow/example_dags/example_kubernetes_executor_config.py
[2021-12-10 16:27:20,183] {scheduler_job.py:190} INFO - Processing /home/agalli/sandbox/lib/python3.6/site-packages/airflow/example_dags/example_kubernetes_executor_config.py took 0.202 seconds
[2021-12-10 16:28:19,733] {scheduler_job.py:182} INFO - Started process (PID=2480) to work on /home/agalli/sandbox/lib/python3.6/site-packages/airflow/example_dags/example_kubernetes_executor_config.py
[2021-12-10 16:28:19,737] {scheduler_job.py:633} INFO - Processing file /home/agalli/sandbox/lib/python3.6/site-packages/airflow/example_dags/example_kubernetes_executor_config.py for tasks to queue
[2021-12-10 16:28:19,738] {logging_mixin.py:104} INFO - [2021-12-10 16:28:19,738] {dagbag.py:487} INFO - Filling up the DagBag from /home/agalli/sandbox/lib/python3.6/site-packages/airflow/example_dags/example_kubernetes_executor_config.py
[2021-12-10 16:28:19,878] {logging_mixin.py:104} INFO - [2021-12-10 16:28:19,878] {example_kubernetes_executor_config.py:175} WARNING - Could not import DAGs in example_kubernetes_executor_config.py: No module named 'kubernetes'
[2021-12-10 16:28:19,889] {logging_mixin.py:104} INFO - [2021-12-10 16:28:19,889] {example_kubernetes_executor_config.py:176} WARNING - Install kubernetes dependencies with: pip install apache-airflow['cncf.kubernetes']
[2021-12-10 16:28:19,890] {scheduler_job.py:645} WARNING - No viable dags retrieved from /home/agalli/sandbox/lib/python3.6/site-packages/airflow/example_dags/example_kubernetes_executor_config.py
[2021-12-10 16:28:19,954] {scheduler_job.py:190} INFO - Processing /home/agalli/sandbox/lib/python3.6/site-packages/airflow/example_dags/example_kubernetes_executor_config.py took 0.301 seconds
[2021-12-10 16:29:30,595] {scheduler_job.py:182} INFO - Started process (PID=2645) to work on /home/agalli/sandbox/lib/python3.6/site-packages/airflow/example_dags/example_kubernetes_executor_config.py
[2021-12-10 16:29:30,598] {scheduler_job.py:633} INFO - Processing file /home/agalli/sandbox/lib/python3.6/site-packages/airflow/example_dags/example_kubernetes_executor_config.py for tasks to queue
[2021-12-10 16:29:30,600] {logging_mixin.py:104} INFO - [2021-12-10 16:29:30,600] {dagbag.py:487} INFO - Filling up the DagBag from /home/agalli/sandbox/lib/python3.6/site-packages/airflow/example_dags/example_kubernetes_executor_config.py
[2021-12-10 16:29:30,621] {logging_mixin.py:104} INFO - [2021-12-10 16:29:30,620] {example_kubernetes_executor_config.py:175} WARNING - Could not import DAGs in example_kubernetes_executor_config.py: No module named 'kubernetes'
[2021-12-10 16:29:30,622] {logging_mixin.py:104} INFO - [2021-12-10 16:29:30,621] {example_kubernetes_executor_config.py:176} WARNING - Install kubernetes dependencies with: pip install apache-airflow['cncf.kubernetes']
[2021-12-10 16:29:30,623] {scheduler_job.py:645} WARNING - No viable dags retrieved from /home/agalli/sandbox/lib/python3.6/site-packages/airflow/example_dags/example_kubernetes_executor_config.py
[2021-12-10 16:29:30,646] {scheduler_job.py:190} INFO - Processing /home/agalli/sandbox/lib/python3.6/site-packages/airflow/example_dags/example_kubernetes_executor_config.py took 0.060 seconds
[2021-12-10 16:30:16,061] {scheduler_job.py:182} INFO - Started process (PID=2678) to work on /home/agalli/sandbox/lib/python3.6/site-packages/airflow/example_dags/example_kubernetes_executor_config.py
[2021-12-10 16:30:16,073] {scheduler_job.py:633} INFO - Processing file /home/agalli/sandbox/lib/python3.6/site-packages/airflow/example_dags/example_kubernetes_executor_config.py for tasks to queue
[2021-12-10 16:30:16,075] {logging_mixin.py:104} INFO - [2021-12-10 16:30:16,075] {dagbag.py:487} INFO - Filling up the DagBag from /home/agalli/sandbox/lib/python3.6/site-packages/airflow/example_dags/example_kubernetes_executor_config.py
[2021-12-10 16:30:16,122] {logging_mixin.py:104} INFO - [2021-12-10 16:30:16,122] {example_kubernetes_executor_config.py:175} WARNING - Could not import DAGs in example_kubernetes_executor_config.py: No module named 'kubernetes'
[2021-12-10 16:30:16,123] {logging_mixin.py:104} INFO - [2021-12-10 16:30:16,123] {example_kubernetes_executor_config.py:176} WARNING - Install kubernetes dependencies with: pip install apache-airflow['cncf.kubernetes']
[2021-12-10 16:30:16,123] {scheduler_job.py:645} WARNING - No viable dags retrieved from /home/agalli/sandbox/lib/python3.6/site-packages/airflow/example_dags/example_kubernetes_executor_config.py
[2021-12-10 16:30:16,162] {scheduler_job.py:190} INFO - Processing /home/agalli/sandbox/lib/python3.6/site-packages/airflow/example_dags/example_kubernetes_executor_config.py took 0.110 seconds
[2021-12-10 16:31:11,301] {scheduler_job.py:182} INFO - Started process (PID=2900) to work on /home/agalli/sandbox/lib/python3.6/site-packages/airflow/example_dags/example_kubernetes_executor_config.py
[2021-12-10 16:31:11,314] {scheduler_job.py:633} INFO - Processing file /home/agalli/sandbox/lib/python3.6/site-packages/airflow/example_dags/example_kubernetes_executor_config.py for tasks to queue
[2021-12-10 16:31:11,317] {logging_mixin.py:104} INFO - [2021-12-10 16:31:11,316] {dagbag.py:487} INFO - Filling up the DagBag from /home/agalli/sandbox/lib/python3.6/site-packages/airflow/example_dags/example_kubernetes_executor_config.py
[2021-12-10 16:31:11,385] {logging_mixin.py:104} INFO - [2021-12-10 16:31:11,384] {example_kubernetes_executor_config.py:175} WARNING - Could not import DAGs in example_kubernetes_executor_config.py: No module named 'kubernetes'
[2021-12-10 16:31:11,385] {logging_mixin.py:104} INFO - [2021-12-10 16:31:11,385] {example_kubernetes_executor_config.py:176} WARNING - Install kubernetes dependencies with: pip install apache-airflow['cncf.kubernetes']
[2021-12-10 16:31:11,386] {scheduler_job.py:645} WARNING - No viable dags retrieved from /home/agalli/sandbox/lib/python3.6/site-packages/airflow/example_dags/example_kubernetes_executor_config.py
[2021-12-10 16:31:11,447] {scheduler_job.py:190} INFO - Processing /home/agalli/sandbox/lib/python3.6/site-packages/airflow/example_dags/example_kubernetes_executor_config.py took 0.164 seconds
[2021-12-10 16:31:59,361] {scheduler_job.py:182} INFO - Started process (PID=3015) to work on /home/agalli/sandbox/lib/python3.6/site-packages/airflow/example_dags/example_kubernetes_executor_config.py
[2021-12-10 16:31:59,380] {scheduler_job.py:633} INFO - Processing file /home/agalli/sandbox/lib/python3.6/site-packages/airflow/example_dags/example_kubernetes_executor_config.py for tasks to queue
[2021-12-10 16:31:59,394] {logging_mixin.py:104} INFO - [2021-12-10 16:31:59,393] {dagbag.py:487} INFO - Filling up the DagBag from /home/agalli/sandbox/lib/python3.6/site-packages/airflow/example_dags/example_kubernetes_executor_config.py
[2021-12-10 16:31:59,429] {logging_mixin.py:104} INFO - [2021-12-10 16:31:59,428] {example_kubernetes_executor_config.py:175} WARNING - Could not import DAGs in example_kubernetes_executor_config.py: No module named 'kubernetes'
[2021-12-10 16:31:59,430] {logging_mixin.py:104} INFO - [2021-12-10 16:31:59,429] {example_kubernetes_executor_config.py:176} WARNING - Install kubernetes dependencies with: pip install apache-airflow['cncf.kubernetes']
[2021-12-10 16:31:59,431] {scheduler_job.py:645} WARNING - No viable dags retrieved from /home/agalli/sandbox/lib/python3.6/site-packages/airflow/example_dags/example_kubernetes_executor_config.py
[2021-12-10 16:31:59,465] {scheduler_job.py:190} INFO - Processing /home/agalli/sandbox/lib/python3.6/site-packages/airflow/example_dags/example_kubernetes_executor_config.py took 0.181 seconds
[2021-12-10 16:32:54,657] {scheduler_job.py:182} INFO - Started process (PID=3238) to work on /home/agalli/sandbox/lib/python3.6/site-packages/airflow/example_dags/example_kubernetes_executor_config.py
[2021-12-10 16:32:54,659] {scheduler_job.py:633} INFO - Processing file /home/agalli/sandbox/lib/python3.6/site-packages/airflow/example_dags/example_kubernetes_executor_config.py for tasks to queue
[2021-12-10 16:32:54,660] {logging_mixin.py:104} INFO - [2021-12-10 16:32:54,660] {dagbag.py:487} INFO - Filling up the DagBag from /home/agalli/sandbox/lib/python3.6/site-packages/airflow/example_dags/example_kubernetes_executor_config.py
[2021-12-10 16:32:54,675] {logging_mixin.py:104} INFO - [2021-12-10 16:32:54,674] {example_kubernetes_executor_config.py:175} WARNING - Could not import DAGs in example_kubernetes_executor_config.py: No module named 'kubernetes'
[2021-12-10 16:32:54,675] {logging_mixin.py:104} INFO - [2021-12-10 16:32:54,675] {example_kubernetes_executor_config.py:176} WARNING - Install kubernetes dependencies with: pip install apache-airflow['cncf.kubernetes']
[2021-12-10 16:32:54,676] {scheduler_job.py:645} WARNING - No viable dags retrieved from /home/agalli/sandbox/lib/python3.6/site-packages/airflow/example_dags/example_kubernetes_executor_config.py
[2021-12-10 16:32:54,690] {scheduler_job.py:190} INFO - Processing /home/agalli/sandbox/lib/python3.6/site-packages/airflow/example_dags/example_kubernetes_executor_config.py took 0.040 seconds
[2021-12-10 16:34:10,745] {scheduler_job.py:182} INFO - Started process (PID=3784) to work on /home/agalli/sandbox/lib/python3.6/site-packages/airflow/example_dags/example_kubernetes_executor_config.py
[2021-12-10 16:34:10,747] {scheduler_job.py:633} INFO - Processing file /home/agalli/sandbox/lib/python3.6/site-packages/airflow/example_dags/example_kubernetes_executor_config.py for tasks to queue
[2021-12-10 16:34:10,749] {logging_mixin.py:104} INFO - [2021-12-10 16:34:10,749] {dagbag.py:487} INFO - Filling up the DagBag from /home/agalli/sandbox/lib/python3.6/site-packages/airflow/example_dags/example_kubernetes_executor_config.py
[2021-12-10 16:34:10,766] {logging_mixin.py:104} INFO - [2021-12-10 16:34:10,766] {example_kubernetes_executor_config.py:175} WARNING - Could not import DAGs in example_kubernetes_executor_config.py: No module named 'kubernetes'
[2021-12-10 16:34:10,767] {logging_mixin.py:104} INFO - [2021-12-10 16:34:10,767] {example_kubernetes_executor_config.py:176} WARNING - Install kubernetes dependencies with: pip install apache-airflow['cncf.kubernetes']
[2021-12-10 16:34:10,768] {scheduler_job.py:645} WARNING - No viable dags retrieved from /home/agalli/sandbox/lib/python3.6/site-packages/airflow/example_dags/example_kubernetes_executor_config.py
[2021-12-10 16:34:10,794] {scheduler_job.py:190} INFO - Processing /home/agalli/sandbox/lib/python3.6/site-packages/airflow/example_dags/example_kubernetes_executor_config.py took 0.054 seconds
[2021-12-10 16:34:51,962] {scheduler_job.py:182} INFO - Started process (PID=3819) to work on /home/agalli/sandbox/lib/python3.6/site-packages/airflow/example_dags/example_kubernetes_executor_config.py
[2021-12-10 16:34:51,964] {scheduler_job.py:633} INFO - Processing file /home/agalli/sandbox/lib/python3.6/site-packages/airflow/example_dags/example_kubernetes_executor_config.py for tasks to queue
[2021-12-10 16:34:51,965] {logging_mixin.py:104} INFO - [2021-12-10 16:34:51,965] {dagbag.py:487} INFO - Filling up the DagBag from /home/agalli/sandbox/lib/python3.6/site-packages/airflow/example_dags/example_kubernetes_executor_config.py
[2021-12-10 16:34:51,974] {logging_mixin.py:104} INFO - [2021-12-10 16:34:51,974] {example_kubernetes_executor_config.py:175} WARNING - Could not import DAGs in example_kubernetes_executor_config.py: No module named 'kubernetes'
[2021-12-10 16:34:51,974] {logging_mixin.py:104} INFO - [2021-12-10 16:34:51,974] {example_kubernetes_executor_config.py:176} WARNING - Install kubernetes dependencies with: pip install apache-airflow['cncf.kubernetes']
[2021-12-10 16:34:51,974] {scheduler_job.py:645} WARNING - No viable dags retrieved from /home/agalli/sandbox/lib/python3.6/site-packages/airflow/example_dags/example_kubernetes_executor_config.py
[2021-12-10 16:34:51,984] {scheduler_job.py:190} INFO - Processing /home/agalli/sandbox/lib/python3.6/site-packages/airflow/example_dags/example_kubernetes_executor_config.py took 0.025 seconds
[2021-12-10 16:35:34,025] {scheduler_job.py:182} INFO - Started process (PID=3854) to work on /home/agalli/sandbox/lib/python3.6/site-packages/airflow/example_dags/example_kubernetes_executor_config.py
[2021-12-10 16:35:34,034] {scheduler_job.py:633} INFO - Processing file /home/agalli/sandbox/lib/python3.6/site-packages/airflow/example_dags/example_kubernetes_executor_config.py for tasks to queue
[2021-12-10 16:35:34,037] {logging_mixin.py:104} INFO - [2021-12-10 16:35:34,036] {dagbag.py:487} INFO - Filling up the DagBag from /home/agalli/sandbox/lib/python3.6/site-packages/airflow/example_dags/example_kubernetes_executor_config.py
[2021-12-10 16:35:34,069] {logging_mixin.py:104} INFO - [2021-12-10 16:35:34,069] {example_kubernetes_executor_config.py:175} WARNING - Could not import DAGs in example_kubernetes_executor_config.py: No module named 'kubernetes'
[2021-12-10 16:35:34,070] {logging_mixin.py:104} INFO - [2021-12-10 16:35:34,070] {example_kubernetes_executor_config.py:176} WARNING - Install kubernetes dependencies with: pip install apache-airflow['cncf.kubernetes']
[2021-12-10 16:35:34,075] {scheduler_job.py:645} WARNING - No viable dags retrieved from /home/agalli/sandbox/lib/python3.6/site-packages/airflow/example_dags/example_kubernetes_executor_config.py
[2021-12-10 16:35:34,104] {scheduler_job.py:190} INFO - Processing /home/agalli/sandbox/lib/python3.6/site-packages/airflow/example_dags/example_kubernetes_executor_config.py took 0.113 seconds
