[2021-12-10 16:23:31,173] {scheduler_job.py:182} INFO - Started process (PID=1666) to work on /home/agalli/sandbox/lib/python3.6/site-packages/airflow/example_dags/example_nested_branch_dag.py
[2021-12-10 16:23:31,177] {scheduler_job.py:633} INFO - Processing file /home/agalli/sandbox/lib/python3.6/site-packages/airflow/example_dags/example_nested_branch_dag.py for tasks to queue
[2021-12-10 16:23:31,179] {logging_mixin.py:104} INFO - [2021-12-10 16:23:31,178] {dagbag.py:487} INFO - Filling up the DagBag from /home/agalli/sandbox/lib/python3.6/site-packages/airflow/example_dags/example_nested_branch_dag.py
[2021-12-10 16:23:31,226] {scheduler_job.py:643} INFO - DAG(s) dict_keys(['example_nested_branch_dag']) retrieved from /home/agalli/sandbox/lib/python3.6/site-packages/airflow/example_dags/example_nested_branch_dag.py
[2021-12-10 16:23:31,813] {logging_mixin.py:104} INFO - [2021-12-10 16:23:31,813] {dag.py:1832} INFO - Sync 1 DAGs
[2021-12-10 16:23:31,861] {logging_mixin.py:104} INFO - [2021-12-10 16:23:31,861] {dag.py:2305} INFO - Setting next_dagrun for example_nested_branch_dag to 2021-12-08 00:00:00+00:00
[2021-12-10 16:23:31,898] {scheduler_job.py:190} INFO - Processing /home/agalli/sandbox/lib/python3.6/site-packages/airflow/example_dags/example_nested_branch_dag.py took 0.734 seconds
[2021-12-10 16:24:30,158] {scheduler_job.py:182} INFO - Started process (PID=1701) to work on /home/agalli/sandbox/lib/python3.6/site-packages/airflow/example_dags/example_nested_branch_dag.py
[2021-12-10 16:24:30,161] {scheduler_job.py:633} INFO - Processing file /home/agalli/sandbox/lib/python3.6/site-packages/airflow/example_dags/example_nested_branch_dag.py for tasks to queue
[2021-12-10 16:24:30,163] {logging_mixin.py:104} INFO - [2021-12-10 16:24:30,163] {dagbag.py:487} INFO - Filling up the DagBag from /home/agalli/sandbox/lib/python3.6/site-packages/airflow/example_dags/example_nested_branch_dag.py
[2021-12-10 16:24:30,212] {scheduler_job.py:643} INFO - DAG(s) dict_keys(['example_nested_branch_dag']) retrieved from /home/agalli/sandbox/lib/python3.6/site-packages/airflow/example_dags/example_nested_branch_dag.py
[2021-12-10 16:24:30,254] {logging_mixin.py:104} INFO - [2021-12-10 16:24:30,254] {dag.py:1832} INFO - Sync 1 DAGs
[2021-12-10 16:24:30,331] {logging_mixin.py:104} INFO - [2021-12-10 16:24:30,331] {dag.py:2305} INFO - Setting next_dagrun for example_nested_branch_dag to 2021-12-08 00:00:00+00:00
[2021-12-10 16:24:30,368] {scheduler_job.py:190} INFO - Processing /home/agalli/sandbox/lib/python3.6/site-packages/airflow/example_dags/example_nested_branch_dag.py took 0.217 seconds
[2021-12-10 16:25:23,168] {scheduler_job.py:182} INFO - Started process (PID=1736) to work on /home/agalli/sandbox/lib/python3.6/site-packages/airflow/example_dags/example_nested_branch_dag.py
[2021-12-10 16:25:23,171] {scheduler_job.py:633} INFO - Processing file /home/agalli/sandbox/lib/python3.6/site-packages/airflow/example_dags/example_nested_branch_dag.py for tasks to queue
[2021-12-10 16:25:23,173] {logging_mixin.py:104} INFO - [2021-12-10 16:25:23,173] {dagbag.py:487} INFO - Filling up the DagBag from /home/agalli/sandbox/lib/python3.6/site-packages/airflow/example_dags/example_nested_branch_dag.py
[2021-12-10 16:25:23,199] {scheduler_job.py:643} INFO - DAG(s) dict_keys(['example_nested_branch_dag']) retrieved from /home/agalli/sandbox/lib/python3.6/site-packages/airflow/example_dags/example_nested_branch_dag.py
[2021-12-10 16:25:23,226] {logging_mixin.py:104} INFO - [2021-12-10 16:25:23,225] {dag.py:1832} INFO - Sync 1 DAGs
[2021-12-10 16:25:23,269] {logging_mixin.py:104} INFO - [2021-12-10 16:25:23,269] {dag.py:2305} INFO - Setting next_dagrun for example_nested_branch_dag to 2021-12-08 00:00:00+00:00
[2021-12-10 16:25:23,308] {scheduler_job.py:190} INFO - Processing /home/agalli/sandbox/lib/python3.6/site-packages/airflow/example_dags/example_nested_branch_dag.py took 0.144 seconds
[2021-12-10 16:26:15,643] {scheduler_job.py:182} INFO - Started process (PID=2011) to work on /home/agalli/sandbox/lib/python3.6/site-packages/airflow/example_dags/example_nested_branch_dag.py
[2021-12-10 16:26:15,646] {scheduler_job.py:633} INFO - Processing file /home/agalli/sandbox/lib/python3.6/site-packages/airflow/example_dags/example_nested_branch_dag.py for tasks to queue
[2021-12-10 16:26:15,651] {logging_mixin.py:104} INFO - [2021-12-10 16:26:15,650] {dagbag.py:487} INFO - Filling up the DagBag from /home/agalli/sandbox/lib/python3.6/site-packages/airflow/example_dags/example_nested_branch_dag.py
[2021-12-10 16:26:15,695] {scheduler_job.py:643} INFO - DAG(s) dict_keys(['example_nested_branch_dag']) retrieved from /home/agalli/sandbox/lib/python3.6/site-packages/airflow/example_dags/example_nested_branch_dag.py
[2021-12-10 16:26:15,736] {logging_mixin.py:104} INFO - [2021-12-10 16:26:15,736] {dag.py:1832} INFO - Sync 1 DAGs
[2021-12-10 16:26:15,797] {logging_mixin.py:104} INFO - [2021-12-10 16:26:15,796] {dag.py:2305} INFO - Setting next_dagrun for example_nested_branch_dag to 2021-12-08 00:00:00+00:00
[2021-12-10 16:26:15,845] {scheduler_job.py:190} INFO - Processing /home/agalli/sandbox/lib/python3.6/site-packages/airflow/example_dags/example_nested_branch_dag.py took 0.211 seconds
[2021-12-10 16:27:14,781] {scheduler_job.py:182} INFO - Started process (PID=2265) to work on /home/agalli/sandbox/lib/python3.6/site-packages/airflow/example_dags/example_nested_branch_dag.py
[2021-12-10 16:27:14,783] {scheduler_job.py:633} INFO - Processing file /home/agalli/sandbox/lib/python3.6/site-packages/airflow/example_dags/example_nested_branch_dag.py for tasks to queue
[2021-12-10 16:27:14,787] {logging_mixin.py:104} INFO - [2021-12-10 16:27:14,786] {dagbag.py:487} INFO - Filling up the DagBag from /home/agalli/sandbox/lib/python3.6/site-packages/airflow/example_dags/example_nested_branch_dag.py
[2021-12-10 16:27:14,826] {scheduler_job.py:643} INFO - DAG(s) dict_keys(['example_nested_branch_dag']) retrieved from /home/agalli/sandbox/lib/python3.6/site-packages/airflow/example_dags/example_nested_branch_dag.py
[2021-12-10 16:27:14,884] {logging_mixin.py:104} INFO - [2021-12-10 16:27:14,883] {dag.py:1832} INFO - Sync 1 DAGs
[2021-12-10 16:27:14,994] {logging_mixin.py:104} INFO - [2021-12-10 16:27:14,993] {dag.py:2305} INFO - Setting next_dagrun for example_nested_branch_dag to 2021-12-08 00:00:00+00:00
[2021-12-10 16:27:15,039] {scheduler_job.py:190} INFO - Processing /home/agalli/sandbox/lib/python3.6/site-packages/airflow/example_dags/example_nested_branch_dag.py took 0.264 seconds
[2021-12-10 16:28:12,178] {scheduler_job.py:182} INFO - Started process (PID=2446) to work on /home/agalli/sandbox/lib/python3.6/site-packages/airflow/example_dags/example_nested_branch_dag.py
[2021-12-10 16:28:12,181] {scheduler_job.py:633} INFO - Processing file /home/agalli/sandbox/lib/python3.6/site-packages/airflow/example_dags/example_nested_branch_dag.py for tasks to queue
[2021-12-10 16:28:12,182] {logging_mixin.py:104} INFO - [2021-12-10 16:28:12,182] {dagbag.py:487} INFO - Filling up the DagBag from /home/agalli/sandbox/lib/python3.6/site-packages/airflow/example_dags/example_nested_branch_dag.py
[2021-12-10 16:28:12,246] {scheduler_job.py:643} INFO - DAG(s) dict_keys(['example_nested_branch_dag']) retrieved from /home/agalli/sandbox/lib/python3.6/site-packages/airflow/example_dags/example_nested_branch_dag.py
[2021-12-10 16:28:12,327] {logging_mixin.py:104} INFO - [2021-12-10 16:28:12,327] {dag.py:1832} INFO - Sync 1 DAGs
[2021-12-10 16:28:12,386] {logging_mixin.py:104} INFO - [2021-12-10 16:28:12,385] {dag.py:2305} INFO - Setting next_dagrun for example_nested_branch_dag to 2021-12-08 00:00:00+00:00
[2021-12-10 16:28:12,429] {scheduler_job.py:190} INFO - Processing /home/agalli/sandbox/lib/python3.6/site-packages/airflow/example_dags/example_nested_branch_dag.py took 0.257 seconds
[2021-12-10 16:29:07,135] {scheduler_job.py:182} INFO - Started process (PID=2629) to work on /home/agalli/sandbox/lib/python3.6/site-packages/airflow/example_dags/example_nested_branch_dag.py
[2021-12-10 16:29:07,142] {scheduler_job.py:633} INFO - Processing file /home/agalli/sandbox/lib/python3.6/site-packages/airflow/example_dags/example_nested_branch_dag.py for tasks to queue
[2021-12-10 16:29:07,148] {logging_mixin.py:104} INFO - [2021-12-10 16:29:07,147] {dagbag.py:487} INFO - Filling up the DagBag from /home/agalli/sandbox/lib/python3.6/site-packages/airflow/example_dags/example_nested_branch_dag.py
[2021-12-10 16:29:07,257] {scheduler_job.py:643} INFO - DAG(s) dict_keys(['example_nested_branch_dag']) retrieved from /home/agalli/sandbox/lib/python3.6/site-packages/airflow/example_dags/example_nested_branch_dag.py
[2021-12-10 16:29:07,367] {logging_mixin.py:104} INFO - [2021-12-10 16:29:07,367] {dag.py:1832} INFO - Sync 1 DAGs
[2021-12-10 16:29:07,491] {logging_mixin.py:104} INFO - [2021-12-10 16:29:07,491] {dag.py:2305} INFO - Setting next_dagrun for example_nested_branch_dag to 2021-12-08 00:00:00+00:00
[2021-12-10 16:29:07,604] {scheduler_job.py:190} INFO - Processing /home/agalli/sandbox/lib/python3.6/site-packages/airflow/example_dags/example_nested_branch_dag.py took 0.486 seconds
[2021-12-10 16:29:57,633] {scheduler_job.py:182} INFO - Started process (PID=2663) to work on /home/agalli/sandbox/lib/python3.6/site-packages/airflow/example_dags/example_nested_branch_dag.py
[2021-12-10 16:29:57,639] {scheduler_job.py:633} INFO - Processing file /home/agalli/sandbox/lib/python3.6/site-packages/airflow/example_dags/example_nested_branch_dag.py for tasks to queue
[2021-12-10 16:29:57,641] {logging_mixin.py:104} INFO - [2021-12-10 16:29:57,641] {dagbag.py:487} INFO - Filling up the DagBag from /home/agalli/sandbox/lib/python3.6/site-packages/airflow/example_dags/example_nested_branch_dag.py
[2021-12-10 16:29:57,711] {scheduler_job.py:643} INFO - DAG(s) dict_keys(['example_nested_branch_dag']) retrieved from /home/agalli/sandbox/lib/python3.6/site-packages/airflow/example_dags/example_nested_branch_dag.py
[2021-12-10 16:29:57,761] {logging_mixin.py:104} INFO - [2021-12-10 16:29:57,760] {dag.py:1832} INFO - Sync 1 DAGs
[2021-12-10 16:29:57,864] {logging_mixin.py:104} INFO - [2021-12-10 16:29:57,864] {dag.py:2305} INFO - Setting next_dagrun for example_nested_branch_dag to 2021-12-08 00:00:00+00:00
[2021-12-10 16:29:57,967] {scheduler_job.py:190} INFO - Processing /home/agalli/sandbox/lib/python3.6/site-packages/airflow/example_dags/example_nested_branch_dag.py took 0.353 seconds
[2021-12-10 16:30:43,073] {scheduler_job.py:182} INFO - Started process (PID=2702) to work on /home/agalli/sandbox/lib/python3.6/site-packages/airflow/example_dags/example_nested_branch_dag.py
[2021-12-10 16:30:43,078] {scheduler_job.py:633} INFO - Processing file /home/agalli/sandbox/lib/python3.6/site-packages/airflow/example_dags/example_nested_branch_dag.py for tasks to queue
[2021-12-10 16:30:43,079] {logging_mixin.py:104} INFO - [2021-12-10 16:30:43,079] {dagbag.py:487} INFO - Filling up the DagBag from /home/agalli/sandbox/lib/python3.6/site-packages/airflow/example_dags/example_nested_branch_dag.py
[2021-12-10 16:30:43,142] {scheduler_job.py:643} INFO - DAG(s) dict_keys(['example_nested_branch_dag']) retrieved from /home/agalli/sandbox/lib/python3.6/site-packages/airflow/example_dags/example_nested_branch_dag.py
[2021-12-10 16:30:43,211] {logging_mixin.py:104} INFO - [2021-12-10 16:30:43,211] {dag.py:1832} INFO - Sync 1 DAGs
[2021-12-10 16:30:43,312] {logging_mixin.py:104} INFO - [2021-12-10 16:30:43,311] {dag.py:2305} INFO - Setting next_dagrun for example_nested_branch_dag to 2021-12-08 00:00:00+00:00
[2021-12-10 16:30:43,408] {scheduler_job.py:190} INFO - Processing /home/agalli/sandbox/lib/python3.6/site-packages/airflow/example_dags/example_nested_branch_dag.py took 0.349 seconds
[2021-12-10 16:31:32,667] {scheduler_job.py:182} INFO - Started process (PID=2998) to work on /home/agalli/sandbox/lib/python3.6/site-packages/airflow/example_dags/example_nested_branch_dag.py
[2021-12-10 16:31:32,670] {scheduler_job.py:633} INFO - Processing file /home/agalli/sandbox/lib/python3.6/site-packages/airflow/example_dags/example_nested_branch_dag.py for tasks to queue
[2021-12-10 16:31:32,673] {logging_mixin.py:104} INFO - [2021-12-10 16:31:32,672] {dagbag.py:487} INFO - Filling up the DagBag from /home/agalli/sandbox/lib/python3.6/site-packages/airflow/example_dags/example_nested_branch_dag.py
[2021-12-10 16:31:32,722] {scheduler_job.py:643} INFO - DAG(s) dict_keys(['example_nested_branch_dag']) retrieved from /home/agalli/sandbox/lib/python3.6/site-packages/airflow/example_dags/example_nested_branch_dag.py
[2021-12-10 16:31:32,766] {logging_mixin.py:104} INFO - [2021-12-10 16:31:32,766] {dag.py:1832} INFO - Sync 1 DAGs
[2021-12-10 16:31:32,823] {logging_mixin.py:104} INFO - [2021-12-10 16:31:32,823] {dag.py:2305} INFO - Setting next_dagrun for example_nested_branch_dag to 2021-12-08 00:00:00+00:00
[2021-12-10 16:31:32,873] {scheduler_job.py:190} INFO - Processing /home/agalli/sandbox/lib/python3.6/site-packages/airflow/example_dags/example_nested_branch_dag.py took 0.215 seconds
[2021-12-10 16:32:23,569] {scheduler_job.py:182} INFO - Started process (PID=3033) to work on /home/agalli/sandbox/lib/python3.6/site-packages/airflow/example_dags/example_nested_branch_dag.py
[2021-12-10 16:32:23,573] {scheduler_job.py:633} INFO - Processing file /home/agalli/sandbox/lib/python3.6/site-packages/airflow/example_dags/example_nested_branch_dag.py for tasks to queue
[2021-12-10 16:32:23,575] {logging_mixin.py:104} INFO - [2021-12-10 16:32:23,574] {dagbag.py:487} INFO - Filling up the DagBag from /home/agalli/sandbox/lib/python3.6/site-packages/airflow/example_dags/example_nested_branch_dag.py
[2021-12-10 16:32:23,622] {scheduler_job.py:643} INFO - DAG(s) dict_keys(['example_nested_branch_dag']) retrieved from /home/agalli/sandbox/lib/python3.6/site-packages/airflow/example_dags/example_nested_branch_dag.py
[2021-12-10 16:32:23,658] {logging_mixin.py:104} INFO - [2021-12-10 16:32:23,658] {dag.py:1832} INFO - Sync 1 DAGs
[2021-12-10 16:32:23,689] {logging_mixin.py:104} INFO - [2021-12-10 16:32:23,688] {dag.py:2305} INFO - Setting next_dagrun for example_nested_branch_dag to 2021-12-08 00:00:00+00:00
[2021-12-10 16:32:23,750] {scheduler_job.py:190} INFO - Processing /home/agalli/sandbox/lib/python3.6/site-packages/airflow/example_dags/example_nested_branch_dag.py took 0.200 seconds
[2021-12-10 16:33:44,328] {scheduler_job.py:182} INFO - Started process (PID=3736) to work on /home/agalli/sandbox/lib/python3.6/site-packages/airflow/example_dags/example_nested_branch_dag.py
[2021-12-10 16:33:44,330] {scheduler_job.py:633} INFO - Processing file /home/agalli/sandbox/lib/python3.6/site-packages/airflow/example_dags/example_nested_branch_dag.py for tasks to queue
[2021-12-10 16:33:44,332] {logging_mixin.py:104} INFO - [2021-12-10 16:33:44,332] {dagbag.py:487} INFO - Filling up the DagBag from /home/agalli/sandbox/lib/python3.6/site-packages/airflow/example_dags/example_nested_branch_dag.py
[2021-12-10 16:33:44,362] {scheduler_job.py:643} INFO - DAG(s) dict_keys(['example_nested_branch_dag']) retrieved from /home/agalli/sandbox/lib/python3.6/site-packages/airflow/example_dags/example_nested_branch_dag.py
[2021-12-10 16:33:44,391] {logging_mixin.py:104} INFO - [2021-12-10 16:33:44,391] {dag.py:1832} INFO - Sync 1 DAGs
[2021-12-10 16:33:44,428] {logging_mixin.py:104} INFO - [2021-12-10 16:33:44,428] {dag.py:2305} INFO - Setting next_dagrun for example_nested_branch_dag to 2021-12-08 00:00:00+00:00
[2021-12-10 16:33:44,462] {scheduler_job.py:190} INFO - Processing /home/agalli/sandbox/lib/python3.6/site-packages/airflow/example_dags/example_nested_branch_dag.py took 0.141 seconds
[2021-12-10 16:34:40,185] {scheduler_job.py:182} INFO - Started process (PID=3809) to work on /home/agalli/sandbox/lib/python3.6/site-packages/airflow/example_dags/example_nested_branch_dag.py
[2021-12-10 16:34:40,191] {scheduler_job.py:633} INFO - Processing file /home/agalli/sandbox/lib/python3.6/site-packages/airflow/example_dags/example_nested_branch_dag.py for tasks to queue
[2021-12-10 16:34:40,193] {logging_mixin.py:104} INFO - [2021-12-10 16:34:40,193] {dagbag.py:487} INFO - Filling up the DagBag from /home/agalli/sandbox/lib/python3.6/site-packages/airflow/example_dags/example_nested_branch_dag.py
[2021-12-10 16:34:40,230] {scheduler_job.py:643} INFO - DAG(s) dict_keys(['example_nested_branch_dag']) retrieved from /home/agalli/sandbox/lib/python3.6/site-packages/airflow/example_dags/example_nested_branch_dag.py
[2021-12-10 16:34:40,271] {logging_mixin.py:104} INFO - [2021-12-10 16:34:40,271] {dag.py:1832} INFO - Sync 1 DAGs
[2021-12-10 16:34:40,315] {logging_mixin.py:104} INFO - [2021-12-10 16:34:40,314] {dag.py:2305} INFO - Setting next_dagrun for example_nested_branch_dag to 2021-12-08 00:00:00+00:00
[2021-12-10 16:34:40,371] {scheduler_job.py:190} INFO - Processing /home/agalli/sandbox/lib/python3.6/site-packages/airflow/example_dags/example_nested_branch_dag.py took 0.192 seconds
[2021-12-10 16:35:28,316] {scheduler_job.py:182} INFO - Started process (PID=3850) to work on /home/agalli/sandbox/lib/python3.6/site-packages/airflow/example_dags/example_nested_branch_dag.py
[2021-12-10 16:35:28,322] {scheduler_job.py:633} INFO - Processing file /home/agalli/sandbox/lib/python3.6/site-packages/airflow/example_dags/example_nested_branch_dag.py for tasks to queue
[2021-12-10 16:35:28,333] {logging_mixin.py:104} INFO - [2021-12-10 16:35:28,333] {dagbag.py:487} INFO - Filling up the DagBag from /home/agalli/sandbox/lib/python3.6/site-packages/airflow/example_dags/example_nested_branch_dag.py
[2021-12-10 16:35:28,387] {scheduler_job.py:643} INFO - DAG(s) dict_keys(['example_nested_branch_dag']) retrieved from /home/agalli/sandbox/lib/python3.6/site-packages/airflow/example_dags/example_nested_branch_dag.py
[2021-12-10 16:35:28,446] {logging_mixin.py:104} INFO - [2021-12-10 16:35:28,446] {dag.py:1832} INFO - Sync 1 DAGs
[2021-12-10 16:35:28,517] {logging_mixin.py:104} INFO - [2021-12-10 16:35:28,510] {dag.py:2305} INFO - Setting next_dagrun for example_nested_branch_dag to 2021-12-08 00:00:00+00:00
[2021-12-10 16:35:28,607] {scheduler_job.py:190} INFO - Processing /home/agalli/sandbox/lib/python3.6/site-packages/airflow/example_dags/example_nested_branch_dag.py took 0.307 seconds
[2021-12-10 16:36:22,521] {scheduler_job.py:182} INFO - Started process (PID=3885) to work on /home/agalli/sandbox/lib/python3.6/site-packages/airflow/example_dags/example_nested_branch_dag.py
[2021-12-10 16:36:22,523] {scheduler_job.py:633} INFO - Processing file /home/agalli/sandbox/lib/python3.6/site-packages/airflow/example_dags/example_nested_branch_dag.py for tasks to queue
[2021-12-10 16:36:22,525] {logging_mixin.py:104} INFO - [2021-12-10 16:36:22,525] {dagbag.py:487} INFO - Filling up the DagBag from /home/agalli/sandbox/lib/python3.6/site-packages/airflow/example_dags/example_nested_branch_dag.py
[2021-12-10 16:36:22,551] {scheduler_job.py:643} INFO - DAG(s) dict_keys(['example_nested_branch_dag']) retrieved from /home/agalli/sandbox/lib/python3.6/site-packages/airflow/example_dags/example_nested_branch_dag.py
[2021-12-10 16:36:22,608] {logging_mixin.py:104} INFO - [2021-12-10 16:36:22,608] {dag.py:1832} INFO - Sync 1 DAGs
[2021-12-10 16:36:22,659] {logging_mixin.py:104} INFO - [2021-12-10 16:36:22,659] {dag.py:2305} INFO - Setting next_dagrun for example_nested_branch_dag to 2021-12-08 00:00:00+00:00
[2021-12-10 16:36:22,710] {scheduler_job.py:190} INFO - Processing /home/agalli/sandbox/lib/python3.6/site-packages/airflow/example_dags/example_nested_branch_dag.py took 0.196 seconds
