[2021-12-10 16:23:45,402] {scheduler_job.py:182} INFO - Started process (PID=1674) to work on /home/agalli/sandbox/lib/python3.6/site-packages/airflow/example_dags/example_complex.py
[2021-12-10 16:23:45,405] {scheduler_job.py:633} INFO - Processing file /home/agalli/sandbox/lib/python3.6/site-packages/airflow/example_dags/example_complex.py for tasks to queue
[2021-12-10 16:23:45,406] {logging_mixin.py:104} INFO - [2021-12-10 16:23:45,406] {dagbag.py:487} INFO - Filling up the DagBag from /home/agalli/sandbox/lib/python3.6/site-packages/airflow/example_dags/example_complex.py
[2021-12-10 16:23:45,451] {scheduler_job.py:643} INFO - DAG(s) dict_keys(['example_complex']) retrieved from /home/agalli/sandbox/lib/python3.6/site-packages/airflow/example_dags/example_complex.py
[2021-12-10 16:23:46,214] {logging_mixin.py:104} INFO - [2021-12-10 16:23:46,214] {dag.py:1832} INFO - Sync 1 DAGs
[2021-12-10 16:23:46,235] {logging_mixin.py:104} INFO - [2021-12-10 16:23:46,234] {dag.py:2305} INFO - Setting next_dagrun for example_complex to None
[2021-12-10 16:23:46,265] {scheduler_job.py:190} INFO - Processing /home/agalli/sandbox/lib/python3.6/site-packages/airflow/example_dags/example_complex.py took 0.870 seconds
[2021-12-10 16:24:43,817] {scheduler_job.py:182} INFO - Started process (PID=1709) to work on /home/agalli/sandbox/lib/python3.6/site-packages/airflow/example_dags/example_complex.py
[2021-12-10 16:24:43,818] {scheduler_job.py:633} INFO - Processing file /home/agalli/sandbox/lib/python3.6/site-packages/airflow/example_dags/example_complex.py for tasks to queue
[2021-12-10 16:24:43,820] {logging_mixin.py:104} INFO - [2021-12-10 16:24:43,820] {dagbag.py:487} INFO - Filling up the DagBag from /home/agalli/sandbox/lib/python3.6/site-packages/airflow/example_dags/example_complex.py
[2021-12-10 16:24:43,859] {scheduler_job.py:643} INFO - DAG(s) dict_keys(['example_complex']) retrieved from /home/agalli/sandbox/lib/python3.6/site-packages/airflow/example_dags/example_complex.py
[2021-12-10 16:24:43,946] {logging_mixin.py:104} INFO - [2021-12-10 16:24:43,945] {dag.py:1832} INFO - Sync 1 DAGs
[2021-12-10 16:24:44,017] {logging_mixin.py:104} INFO - [2021-12-10 16:24:44,016] {dag.py:2305} INFO - Setting next_dagrun for example_complex to None
[2021-12-10 16:24:44,069] {scheduler_job.py:190} INFO - Processing /home/agalli/sandbox/lib/python3.6/site-packages/airflow/example_dags/example_complex.py took 0.257 seconds
[2021-12-10 16:25:34,839] {scheduler_job.py:182} INFO - Started process (PID=1744) to work on /home/agalli/sandbox/lib/python3.6/site-packages/airflow/example_dags/example_complex.py
[2021-12-10 16:25:34,843] {scheduler_job.py:633} INFO - Processing file /home/agalli/sandbox/lib/python3.6/site-packages/airflow/example_dags/example_complex.py for tasks to queue
[2021-12-10 16:25:34,849] {logging_mixin.py:104} INFO - [2021-12-10 16:25:34,848] {dagbag.py:487} INFO - Filling up the DagBag from /home/agalli/sandbox/lib/python3.6/site-packages/airflow/example_dags/example_complex.py
[2021-12-10 16:25:35,073] {scheduler_job.py:643} INFO - DAG(s) dict_keys(['example_complex']) retrieved from /home/agalli/sandbox/lib/python3.6/site-packages/airflow/example_dags/example_complex.py
[2021-12-10 16:25:35,331] {logging_mixin.py:104} INFO - [2021-12-10 16:25:35,330] {dag.py:1832} INFO - Sync 1 DAGs
[2021-12-10 16:25:35,460] {logging_mixin.py:104} INFO - [2021-12-10 16:25:35,460] {dag.py:2305} INFO - Setting next_dagrun for example_complex to None
[2021-12-10 16:25:35,669] {scheduler_job.py:190} INFO - Processing /home/agalli/sandbox/lib/python3.6/site-packages/airflow/example_dags/example_complex.py took 0.848 seconds
[2021-12-10 16:26:35,836] {scheduler_job.py:182} INFO - Started process (PID=2028) to work on /home/agalli/sandbox/lib/python3.6/site-packages/airflow/example_dags/example_complex.py
[2021-12-10 16:26:35,839] {scheduler_job.py:633} INFO - Processing file /home/agalli/sandbox/lib/python3.6/site-packages/airflow/example_dags/example_complex.py for tasks to queue
[2021-12-10 16:26:35,841] {logging_mixin.py:104} INFO - [2021-12-10 16:26:35,841] {dagbag.py:487} INFO - Filling up the DagBag from /home/agalli/sandbox/lib/python3.6/site-packages/airflow/example_dags/example_complex.py
[2021-12-10 16:26:35,941] {scheduler_job.py:643} INFO - DAG(s) dict_keys(['example_complex']) retrieved from /home/agalli/sandbox/lib/python3.6/site-packages/airflow/example_dags/example_complex.py
[2021-12-10 16:26:36,066] {logging_mixin.py:104} INFO - [2021-12-10 16:26:36,065] {dag.py:1832} INFO - Sync 1 DAGs
[2021-12-10 16:26:36,102] {logging_mixin.py:104} INFO - [2021-12-10 16:26:36,102] {dag.py:2305} INFO - Setting next_dagrun for example_complex to None
[2021-12-10 16:26:36,131] {scheduler_job.py:190} INFO - Processing /home/agalli/sandbox/lib/python3.6/site-packages/airflow/example_dags/example_complex.py took 0.306 seconds
[2021-12-10 16:27:32,615] {scheduler_job.py:182} INFO - Started process (PID=2277) to work on /home/agalli/sandbox/lib/python3.6/site-packages/airflow/example_dags/example_complex.py
[2021-12-10 16:27:32,616] {scheduler_job.py:633} INFO - Processing file /home/agalli/sandbox/lib/python3.6/site-packages/airflow/example_dags/example_complex.py for tasks to queue
[2021-12-10 16:27:32,618] {logging_mixin.py:104} INFO - [2021-12-10 16:27:32,617] {dagbag.py:487} INFO - Filling up the DagBag from /home/agalli/sandbox/lib/python3.6/site-packages/airflow/example_dags/example_complex.py
[2021-12-10 16:27:32,642] {scheduler_job.py:643} INFO - DAG(s) dict_keys(['example_complex']) retrieved from /home/agalli/sandbox/lib/python3.6/site-packages/airflow/example_dags/example_complex.py
[2021-12-10 16:27:32,666] {logging_mixin.py:104} INFO - [2021-12-10 16:27:32,666] {dag.py:1832} INFO - Sync 1 DAGs
[2021-12-10 16:27:32,689] {logging_mixin.py:104} INFO - [2021-12-10 16:27:32,689] {dag.py:2305} INFO - Setting next_dagrun for example_complex to None
[2021-12-10 16:27:32,775] {scheduler_job.py:190} INFO - Processing /home/agalli/sandbox/lib/python3.6/site-packages/airflow/example_dags/example_complex.py took 0.163 seconds
[2021-12-10 16:28:44,189] {scheduler_job.py:182} INFO - Started process (PID=2614) to work on /home/agalli/sandbox/lib/python3.6/site-packages/airflow/example_dags/example_complex.py
[2021-12-10 16:28:44,204] {scheduler_job.py:633} INFO - Processing file /home/agalli/sandbox/lib/python3.6/site-packages/airflow/example_dags/example_complex.py for tasks to queue
[2021-12-10 16:28:44,206] {logging_mixin.py:104} INFO - [2021-12-10 16:28:44,206] {dagbag.py:487} INFO - Filling up the DagBag from /home/agalli/sandbox/lib/python3.6/site-packages/airflow/example_dags/example_complex.py
[2021-12-10 16:28:44,343] {scheduler_job.py:643} INFO - DAG(s) dict_keys(['example_complex']) retrieved from /home/agalli/sandbox/lib/python3.6/site-packages/airflow/example_dags/example_complex.py
[2021-12-10 16:28:44,461] {logging_mixin.py:104} INFO - [2021-12-10 16:28:44,461] {dag.py:1832} INFO - Sync 1 DAGs
[2021-12-10 16:28:44,515] {logging_mixin.py:104} INFO - [2021-12-10 16:28:44,515] {dag.py:2305} INFO - Setting next_dagrun for example_complex to None
[2021-12-10 16:28:44,640] {scheduler_job.py:190} INFO - Processing /home/agalli/sandbox/lib/python3.6/site-packages/airflow/example_dags/example_complex.py took 0.454 seconds
[2021-12-10 16:29:37,797] {scheduler_job.py:182} INFO - Started process (PID=2649) to work on /home/agalli/sandbox/lib/python3.6/site-packages/airflow/example_dags/example_complex.py
[2021-12-10 16:29:37,799] {scheduler_job.py:633} INFO - Processing file /home/agalli/sandbox/lib/python3.6/site-packages/airflow/example_dags/example_complex.py for tasks to queue
[2021-12-10 16:29:37,801] {logging_mixin.py:104} INFO - [2021-12-10 16:29:37,801] {dagbag.py:487} INFO - Filling up the DagBag from /home/agalli/sandbox/lib/python3.6/site-packages/airflow/example_dags/example_complex.py
[2021-12-10 16:29:37,843] {scheduler_job.py:643} INFO - DAG(s) dict_keys(['example_complex']) retrieved from /home/agalli/sandbox/lib/python3.6/site-packages/airflow/example_dags/example_complex.py
[2021-12-10 16:29:37,897] {logging_mixin.py:104} INFO - [2021-12-10 16:29:37,896] {dag.py:1832} INFO - Sync 1 DAGs
[2021-12-10 16:29:37,926] {logging_mixin.py:104} INFO - [2021-12-10 16:29:37,926] {dag.py:2305} INFO - Setting next_dagrun for example_complex to None
[2021-12-10 16:29:37,966] {scheduler_job.py:190} INFO - Processing /home/agalli/sandbox/lib/python3.6/site-packages/airflow/example_dags/example_complex.py took 0.174 seconds
[2021-12-10 16:30:32,379] {scheduler_job.py:182} INFO - Started process (PID=2691) to work on /home/agalli/sandbox/lib/python3.6/site-packages/airflow/example_dags/example_complex.py
[2021-12-10 16:30:32,381] {scheduler_job.py:633} INFO - Processing file /home/agalli/sandbox/lib/python3.6/site-packages/airflow/example_dags/example_complex.py for tasks to queue
[2021-12-10 16:30:32,383] {logging_mixin.py:104} INFO - [2021-12-10 16:30:32,383] {dagbag.py:487} INFO - Filling up the DagBag from /home/agalli/sandbox/lib/python3.6/site-packages/airflow/example_dags/example_complex.py
[2021-12-10 16:30:32,419] {scheduler_job.py:643} INFO - DAG(s) dict_keys(['example_complex']) retrieved from /home/agalli/sandbox/lib/python3.6/site-packages/airflow/example_dags/example_complex.py
[2021-12-10 16:30:32,477] {logging_mixin.py:104} INFO - [2021-12-10 16:30:32,477] {dag.py:1832} INFO - Sync 1 DAGs
[2021-12-10 16:30:32,529] {logging_mixin.py:104} INFO - [2021-12-10 16:30:32,528] {dag.py:2305} INFO - Setting next_dagrun for example_complex to None
[2021-12-10 16:30:32,584] {scheduler_job.py:190} INFO - Processing /home/agalli/sandbox/lib/python3.6/site-packages/airflow/example_dags/example_complex.py took 0.209 seconds
[2021-12-10 16:31:39,184] {scheduler_job.py:182} INFO - Started process (PID=3002) to work on /home/agalli/sandbox/lib/python3.6/site-packages/airflow/example_dags/example_complex.py
[2021-12-10 16:31:39,186] {scheduler_job.py:633} INFO - Processing file /home/agalli/sandbox/lib/python3.6/site-packages/airflow/example_dags/example_complex.py for tasks to queue
[2021-12-10 16:31:39,188] {logging_mixin.py:104} INFO - [2021-12-10 16:31:39,188] {dagbag.py:487} INFO - Filling up the DagBag from /home/agalli/sandbox/lib/python3.6/site-packages/airflow/example_dags/example_complex.py
[2021-12-10 16:31:39,366] {scheduler_job.py:643} INFO - DAG(s) dict_keys(['example_complex']) retrieved from /home/agalli/sandbox/lib/python3.6/site-packages/airflow/example_dags/example_complex.py
[2021-12-10 16:31:39,419] {logging_mixin.py:104} INFO - [2021-12-10 16:31:39,419] {dag.py:1832} INFO - Sync 1 DAGs
[2021-12-10 16:31:39,451] {logging_mixin.py:104} INFO - [2021-12-10 16:31:39,451] {dag.py:2305} INFO - Setting next_dagrun for example_complex to None
[2021-12-10 16:31:39,647] {scheduler_job.py:190} INFO - Processing /home/agalli/sandbox/lib/python3.6/site-packages/airflow/example_dags/example_complex.py took 0.475 seconds
[2021-12-10 16:32:35,421] {scheduler_job.py:182} INFO - Started process (PID=3102) to work on /home/agalli/sandbox/lib/python3.6/site-packages/airflow/example_dags/example_complex.py
[2021-12-10 16:32:35,423] {scheduler_job.py:633} INFO - Processing file /home/agalli/sandbox/lib/python3.6/site-packages/airflow/example_dags/example_complex.py for tasks to queue
[2021-12-10 16:32:35,424] {logging_mixin.py:104} INFO - [2021-12-10 16:32:35,424] {dagbag.py:487} INFO - Filling up the DagBag from /home/agalli/sandbox/lib/python3.6/site-packages/airflow/example_dags/example_complex.py
[2021-12-10 16:32:35,444] {scheduler_job.py:643} INFO - DAG(s) dict_keys(['example_complex']) retrieved from /home/agalli/sandbox/lib/python3.6/site-packages/airflow/example_dags/example_complex.py
[2021-12-10 16:32:35,464] {logging_mixin.py:104} INFO - [2021-12-10 16:32:35,464] {dag.py:1832} INFO - Sync 1 DAGs
[2021-12-10 16:32:35,479] {logging_mixin.py:104} INFO - [2021-12-10 16:32:35,479] {dag.py:2305} INFO - Setting next_dagrun for example_complex to None
[2021-12-10 16:32:35,497] {scheduler_job.py:190} INFO - Processing /home/agalli/sandbox/lib/python3.6/site-packages/airflow/example_dags/example_complex.py took 0.079 seconds
[2021-12-10 16:34:16,596] {scheduler_job.py:182} INFO - Started process (PID=3788) to work on /home/agalli/sandbox/lib/python3.6/site-packages/airflow/example_dags/example_complex.py
[2021-12-10 16:34:16,600] {scheduler_job.py:633} INFO - Processing file /home/agalli/sandbox/lib/python3.6/site-packages/airflow/example_dags/example_complex.py for tasks to queue
[2021-12-10 16:34:16,602] {logging_mixin.py:104} INFO - [2021-12-10 16:34:16,602] {dagbag.py:487} INFO - Filling up the DagBag from /home/agalli/sandbox/lib/python3.6/site-packages/airflow/example_dags/example_complex.py
[2021-12-10 16:34:16,676] {scheduler_job.py:643} INFO - DAG(s) dict_keys(['example_complex']) retrieved from /home/agalli/sandbox/lib/python3.6/site-packages/airflow/example_dags/example_complex.py
[2021-12-10 16:34:16,737] {logging_mixin.py:104} INFO - [2021-12-10 16:34:16,736] {dag.py:1832} INFO - Sync 1 DAGs
[2021-12-10 16:34:16,845] {logging_mixin.py:104} INFO - [2021-12-10 16:34:16,845] {dag.py:2305} INFO - Setting next_dagrun for example_complex to None
[2021-12-10 16:34:16,906] {scheduler_job.py:190} INFO - Processing /home/agalli/sandbox/lib/python3.6/site-packages/airflow/example_dags/example_complex.py took 0.320 seconds
[2021-12-10 16:34:55,961] {scheduler_job.py:182} INFO - Started process (PID=3823) to work on /home/agalli/sandbox/lib/python3.6/site-packages/airflow/example_dags/example_complex.py
[2021-12-10 16:34:55,963] {scheduler_job.py:633} INFO - Processing file /home/agalli/sandbox/lib/python3.6/site-packages/airflow/example_dags/example_complex.py for tasks to queue
[2021-12-10 16:34:55,964] {logging_mixin.py:104} INFO - [2021-12-10 16:34:55,963] {dagbag.py:487} INFO - Filling up the DagBag from /home/agalli/sandbox/lib/python3.6/site-packages/airflow/example_dags/example_complex.py
[2021-12-10 16:34:55,988] {scheduler_job.py:643} INFO - DAG(s) dict_keys(['example_complex']) retrieved from /home/agalli/sandbox/lib/python3.6/site-packages/airflow/example_dags/example_complex.py
[2021-12-10 16:34:56,009] {logging_mixin.py:104} INFO - [2021-12-10 16:34:56,009] {dag.py:1832} INFO - Sync 1 DAGs
[2021-12-10 16:34:56,025] {logging_mixin.py:104} INFO - [2021-12-10 16:34:56,024] {dag.py:2305} INFO - Setting next_dagrun for example_complex to None
[2021-12-10 16:34:56,050] {scheduler_job.py:190} INFO - Processing /home/agalli/sandbox/lib/python3.6/site-packages/airflow/example_dags/example_complex.py took 0.092 seconds
[2021-12-10 16:35:39,412] {scheduler_job.py:182} INFO - Started process (PID=3858) to work on /home/agalli/sandbox/lib/python3.6/site-packages/airflow/example_dags/example_complex.py
[2021-12-10 16:35:39,416] {scheduler_job.py:633} INFO - Processing file /home/agalli/sandbox/lib/python3.6/site-packages/airflow/example_dags/example_complex.py for tasks to queue
[2021-12-10 16:35:39,419] {logging_mixin.py:104} INFO - [2021-12-10 16:35:39,419] {dagbag.py:487} INFO - Filling up the DagBag from /home/agalli/sandbox/lib/python3.6/site-packages/airflow/example_dags/example_complex.py
[2021-12-10 16:35:39,483] {scheduler_job.py:643} INFO - DAG(s) dict_keys(['example_complex']) retrieved from /home/agalli/sandbox/lib/python3.6/site-packages/airflow/example_dags/example_complex.py
[2021-12-10 16:35:39,607] {logging_mixin.py:104} INFO - [2021-12-10 16:35:39,607] {dag.py:1832} INFO - Sync 1 DAGs
[2021-12-10 16:35:39,661] {logging_mixin.py:104} INFO - [2021-12-10 16:35:39,660] {dag.py:2305} INFO - Setting next_dagrun for example_complex to None
[2021-12-10 16:35:39,733] {scheduler_job.py:190} INFO - Processing /home/agalli/sandbox/lib/python3.6/site-packages/airflow/example_dags/example_complex.py took 0.332 seconds
