[2021-12-10 16:23:14,727] {scheduler_job.py:182} INFO - Started process (PID=1627) to work on /home/agalli/sandbox/lib/python3.6/site-packages/airflow/example_dags/example_xcomargs.py
[2021-12-10 16:23:14,729] {scheduler_job.py:633} INFO - Processing file /home/agalli/sandbox/lib/python3.6/site-packages/airflow/example_dags/example_xcomargs.py for tasks to queue
[2021-12-10 16:23:14,731] {logging_mixin.py:104} INFO - [2021-12-10 16:23:14,731] {dagbag.py:487} INFO - Filling up the DagBag from /home/agalli/sandbox/lib/python3.6/site-packages/airflow/example_dags/example_xcomargs.py
[2021-12-10 16:23:14,758] {scheduler_job.py:643} INFO - DAG(s) dict_keys(['example_xcom_args', 'example_xcom_args_with_operators']) retrieved from /home/agalli/sandbox/lib/python3.6/site-packages/airflow/example_dags/example_xcomargs.py
[2021-12-10 16:23:15,063] {logging_mixin.py:104} INFO - [2021-12-10 16:23:15,063] {dag.py:1832} INFO - Sync 2 DAGs
[2021-12-10 16:23:15,077] {logging_mixin.py:104} INFO - [2021-12-10 16:23:15,077] {dag.py:2305} INFO - Setting next_dagrun for example_xcom_args to None
[2021-12-10 16:23:15,078] {logging_mixin.py:104} INFO - [2021-12-10 16:23:15,078] {dag.py:2305} INFO - Setting next_dagrun for example_xcom_args_with_operators to None
[2021-12-10 16:23:15,108] {scheduler_job.py:190} INFO - Processing /home/agalli/sandbox/lib/python3.6/site-packages/airflow/example_dags/example_xcomargs.py took 0.387 seconds
[2021-12-10 16:24:14,199] {scheduler_job.py:182} INFO - Started process (PID=1692) to work on /home/agalli/sandbox/lib/python3.6/site-packages/airflow/example_dags/example_xcomargs.py
[2021-12-10 16:24:14,201] {scheduler_job.py:633} INFO - Processing file /home/agalli/sandbox/lib/python3.6/site-packages/airflow/example_dags/example_xcomargs.py for tasks to queue
[2021-12-10 16:24:14,203] {logging_mixin.py:104} INFO - [2021-12-10 16:24:14,202] {dagbag.py:487} INFO - Filling up the DagBag from /home/agalli/sandbox/lib/python3.6/site-packages/airflow/example_dags/example_xcomargs.py
[2021-12-10 16:24:14,363] {scheduler_job.py:643} INFO - DAG(s) dict_keys(['example_xcom_args', 'example_xcom_args_with_operators']) retrieved from /home/agalli/sandbox/lib/python3.6/site-packages/airflow/example_dags/example_xcomargs.py
[2021-12-10 16:24:15,508] {logging_mixin.py:104} INFO - [2021-12-10 16:24:15,508] {dag.py:1832} INFO - Sync 2 DAGs
[2021-12-10 16:24:15,559] {logging_mixin.py:104} INFO - [2021-12-10 16:24:15,559] {dag.py:2305} INFO - Setting next_dagrun for example_xcom_args to None
[2021-12-10 16:24:15,561] {logging_mixin.py:104} INFO - [2021-12-10 16:24:15,561] {dag.py:2305} INFO - Setting next_dagrun for example_xcom_args_with_operators to None
[2021-12-10 16:24:15,706] {scheduler_job.py:190} INFO - Processing /home/agalli/sandbox/lib/python3.6/site-packages/airflow/example_dags/example_xcomargs.py took 1.523 seconds
[2021-12-10 16:25:10,440] {scheduler_job.py:182} INFO - Started process (PID=1727) to work on /home/agalli/sandbox/lib/python3.6/site-packages/airflow/example_dags/example_xcomargs.py
[2021-12-10 16:25:10,443] {scheduler_job.py:633} INFO - Processing file /home/agalli/sandbox/lib/python3.6/site-packages/airflow/example_dags/example_xcomargs.py for tasks to queue
[2021-12-10 16:25:10,445] {logging_mixin.py:104} INFO - [2021-12-10 16:25:10,445] {dagbag.py:487} INFO - Filling up the DagBag from /home/agalli/sandbox/lib/python3.6/site-packages/airflow/example_dags/example_xcomargs.py
[2021-12-10 16:25:10,528] {scheduler_job.py:643} INFO - DAG(s) dict_keys(['example_xcom_args', 'example_xcom_args_with_operators']) retrieved from /home/agalli/sandbox/lib/python3.6/site-packages/airflow/example_dags/example_xcomargs.py
[2021-12-10 16:25:11,128] {logging_mixin.py:104} INFO - [2021-12-10 16:25:11,128] {dag.py:1832} INFO - Sync 2 DAGs
[2021-12-10 16:25:11,153] {logging_mixin.py:104} INFO - [2021-12-10 16:25:11,153] {dag.py:2305} INFO - Setting next_dagrun for example_xcom_args to None
[2021-12-10 16:25:11,155] {logging_mixin.py:104} INFO - [2021-12-10 16:25:11,155] {dag.py:2305} INFO - Setting next_dagrun for example_xcom_args_with_operators to None
[2021-12-10 16:25:11,199] {scheduler_job.py:190} INFO - Processing /home/agalli/sandbox/lib/python3.6/site-packages/airflow/example_dags/example_xcomargs.py took 0.767 seconds
[2021-12-10 16:25:58,227] {scheduler_job.py:182} INFO - Started process (PID=1882) to work on /home/agalli/sandbox/lib/python3.6/site-packages/airflow/example_dags/example_xcomargs.py
[2021-12-10 16:25:58,231] {scheduler_job.py:633} INFO - Processing file /home/agalli/sandbox/lib/python3.6/site-packages/airflow/example_dags/example_xcomargs.py for tasks to queue
[2021-12-10 16:25:58,236] {logging_mixin.py:104} INFO - [2021-12-10 16:25:58,236] {dagbag.py:487} INFO - Filling up the DagBag from /home/agalli/sandbox/lib/python3.6/site-packages/airflow/example_dags/example_xcomargs.py
[2021-12-10 16:25:58,327] {scheduler_job.py:643} INFO - DAG(s) dict_keys(['example_xcom_args', 'example_xcom_args_with_operators']) retrieved from /home/agalli/sandbox/lib/python3.6/site-packages/airflow/example_dags/example_xcomargs.py
[2021-12-10 16:25:59,075] {logging_mixin.py:104} INFO - [2021-12-10 16:25:59,074] {dag.py:1832} INFO - Sync 2 DAGs
[2021-12-10 16:25:59,144] {logging_mixin.py:104} INFO - [2021-12-10 16:25:59,143] {dag.py:2305} INFO - Setting next_dagrun for example_xcom_args to None
[2021-12-10 16:25:59,145] {logging_mixin.py:104} INFO - [2021-12-10 16:25:59,145] {dag.py:2305} INFO - Setting next_dagrun for example_xcom_args_with_operators to None
[2021-12-10 16:25:59,182] {scheduler_job.py:190} INFO - Processing /home/agalli/sandbox/lib/python3.6/site-packages/airflow/example_dags/example_xcomargs.py took 0.962 seconds
[2021-12-10 16:26:45,069] {scheduler_job.py:182} INFO - Started process (PID=2095) to work on /home/agalli/sandbox/lib/python3.6/site-packages/airflow/example_dags/example_xcomargs.py
[2021-12-10 16:26:45,084] {scheduler_job.py:633} INFO - Processing file /home/agalli/sandbox/lib/python3.6/site-packages/airflow/example_dags/example_xcomargs.py for tasks to queue
[2021-12-10 16:26:45,120] {logging_mixin.py:104} INFO - [2021-12-10 16:26:45,103] {dagbag.py:487} INFO - Filling up the DagBag from /home/agalli/sandbox/lib/python3.6/site-packages/airflow/example_dags/example_xcomargs.py
[2021-12-10 16:26:45,399] {scheduler_job.py:643} INFO - DAG(s) dict_keys(['example_xcom_args', 'example_xcom_args_with_operators']) retrieved from /home/agalli/sandbox/lib/python3.6/site-packages/airflow/example_dags/example_xcomargs.py
[2021-12-10 16:26:48,025] {logging_mixin.py:104} INFO - [2021-12-10 16:26:48,024] {dag.py:1832} INFO - Sync 2 DAGs
[2021-12-10 16:26:48,142] {logging_mixin.py:104} INFO - [2021-12-10 16:26:48,142] {dag.py:2305} INFO - Setting next_dagrun for example_xcom_args to None
[2021-12-10 16:26:48,157] {logging_mixin.py:104} INFO - [2021-12-10 16:26:48,157] {dag.py:2305} INFO - Setting next_dagrun for example_xcom_args_with_operators to None
[2021-12-10 16:26:48,308] {scheduler_job.py:190} INFO - Processing /home/agalli/sandbox/lib/python3.6/site-packages/airflow/example_dags/example_xcomargs.py took 3.258 seconds
[2021-12-10 16:27:26,199] {scheduler_job.py:182} INFO - Started process (PID=2273) to work on /home/agalli/sandbox/lib/python3.6/site-packages/airflow/example_dags/example_xcomargs.py
[2021-12-10 16:27:26,203] {scheduler_job.py:633} INFO - Processing file /home/agalli/sandbox/lib/python3.6/site-packages/airflow/example_dags/example_xcomargs.py for tasks to queue
[2021-12-10 16:27:26,205] {logging_mixin.py:104} INFO - [2021-12-10 16:27:26,205] {dagbag.py:487} INFO - Filling up the DagBag from /home/agalli/sandbox/lib/python3.6/site-packages/airflow/example_dags/example_xcomargs.py
[2021-12-10 16:27:26,282] {scheduler_job.py:643} INFO - DAG(s) dict_keys(['example_xcom_args', 'example_xcom_args_with_operators']) retrieved from /home/agalli/sandbox/lib/python3.6/site-packages/airflow/example_dags/example_xcomargs.py
[2021-12-10 16:27:27,248] {logging_mixin.py:104} INFO - [2021-12-10 16:27:27,247] {dag.py:1832} INFO - Sync 2 DAGs
[2021-12-10 16:27:27,274] {logging_mixin.py:104} INFO - [2021-12-10 16:27:27,274] {dag.py:2305} INFO - Setting next_dagrun for example_xcom_args to None
[2021-12-10 16:27:27,276] {logging_mixin.py:104} INFO - [2021-12-10 16:27:27,276] {dag.py:2305} INFO - Setting next_dagrun for example_xcom_args_with_operators to None
[2021-12-10 16:27:27,320] {scheduler_job.py:190} INFO - Processing /home/agalli/sandbox/lib/python3.6/site-packages/airflow/example_dags/example_xcomargs.py took 1.131 seconds
[2021-12-10 16:28:05,072] {scheduler_job.py:182} INFO - Started process (PID=2382) to work on /home/agalli/sandbox/lib/python3.6/site-packages/airflow/example_dags/example_xcomargs.py
[2021-12-10 16:28:05,074] {scheduler_job.py:633} INFO - Processing file /home/agalli/sandbox/lib/python3.6/site-packages/airflow/example_dags/example_xcomargs.py for tasks to queue
[2021-12-10 16:28:05,076] {logging_mixin.py:104} INFO - [2021-12-10 16:28:05,076] {dagbag.py:487} INFO - Filling up the DagBag from /home/agalli/sandbox/lib/python3.6/site-packages/airflow/example_dags/example_xcomargs.py
[2021-12-10 16:28:05,131] {scheduler_job.py:643} INFO - DAG(s) dict_keys(['example_xcom_args', 'example_xcom_args_with_operators']) retrieved from /home/agalli/sandbox/lib/python3.6/site-packages/airflow/example_dags/example_xcomargs.py
[2021-12-10 16:28:06,942] {logging_mixin.py:104} INFO - [2021-12-10 16:28:06,942] {dag.py:1832} INFO - Sync 2 DAGs
[2021-12-10 16:28:06,964] {logging_mixin.py:104} INFO - [2021-12-10 16:28:06,964] {dag.py:2305} INFO - Setting next_dagrun for example_xcom_args to None
[2021-12-10 16:28:06,971] {logging_mixin.py:104} INFO - [2021-12-10 16:28:06,971] {dag.py:2305} INFO - Setting next_dagrun for example_xcom_args_with_operators to None
[2021-12-10 16:28:07,040] {scheduler_job.py:190} INFO - Processing /home/agalli/sandbox/lib/python3.6/site-packages/airflow/example_dags/example_xcomargs.py took 1.980 seconds
[2021-12-10 16:28:57,187] {scheduler_job.py:182} INFO - Started process (PID=2623) to work on /home/agalli/sandbox/lib/python3.6/site-packages/airflow/example_dags/example_xcomargs.py
[2021-12-10 16:28:57,190] {scheduler_job.py:633} INFO - Processing file /home/agalli/sandbox/lib/python3.6/site-packages/airflow/example_dags/example_xcomargs.py for tasks to queue
[2021-12-10 16:28:57,192] {logging_mixin.py:104} INFO - [2021-12-10 16:28:57,191] {dagbag.py:487} INFO - Filling up the DagBag from /home/agalli/sandbox/lib/python3.6/site-packages/airflow/example_dags/example_xcomargs.py
[2021-12-10 16:28:57,336] {scheduler_job.py:643} INFO - DAG(s) dict_keys(['example_xcom_args', 'example_xcom_args_with_operators']) retrieved from /home/agalli/sandbox/lib/python3.6/site-packages/airflow/example_dags/example_xcomargs.py
[2021-12-10 16:28:58,712] {logging_mixin.py:104} INFO - [2021-12-10 16:28:58,712] {dag.py:1832} INFO - Sync 2 DAGs
[2021-12-10 16:28:58,797] {logging_mixin.py:104} INFO - [2021-12-10 16:28:58,797] {dag.py:2305} INFO - Setting next_dagrun for example_xcom_args to None
[2021-12-10 16:28:58,800] {logging_mixin.py:104} INFO - [2021-12-10 16:28:58,799] {dag.py:2305} INFO - Setting next_dagrun for example_xcom_args_with_operators to None
[2021-12-10 16:28:58,968] {scheduler_job.py:190} INFO - Processing /home/agalli/sandbox/lib/python3.6/site-packages/airflow/example_dags/example_xcomargs.py took 1.786 seconds
[2021-12-10 16:29:48,080] {scheduler_job.py:182} INFO - Started process (PID=2657) to work on /home/agalli/sandbox/lib/python3.6/site-packages/airflow/example_dags/example_xcomargs.py
[2021-12-10 16:29:48,082] {scheduler_job.py:633} INFO - Processing file /home/agalli/sandbox/lib/python3.6/site-packages/airflow/example_dags/example_xcomargs.py for tasks to queue
[2021-12-10 16:29:48,084] {logging_mixin.py:104} INFO - [2021-12-10 16:29:48,084] {dagbag.py:487} INFO - Filling up the DagBag from /home/agalli/sandbox/lib/python3.6/site-packages/airflow/example_dags/example_xcomargs.py
[2021-12-10 16:29:48,133] {scheduler_job.py:643} INFO - DAG(s) dict_keys(['example_xcom_args', 'example_xcom_args_with_operators']) retrieved from /home/agalli/sandbox/lib/python3.6/site-packages/airflow/example_dags/example_xcomargs.py
[2021-12-10 16:29:48,924] {logging_mixin.py:104} INFO - [2021-12-10 16:29:48,924] {dag.py:1832} INFO - Sync 2 DAGs
[2021-12-10 16:29:49,058] {logging_mixin.py:104} INFO - [2021-12-10 16:29:49,057] {dag.py:2305} INFO - Setting next_dagrun for example_xcom_args to None
[2021-12-10 16:29:49,060] {logging_mixin.py:104} INFO - [2021-12-10 16:29:49,060] {dag.py:2305} INFO - Setting next_dagrun for example_xcom_args_with_operators to None
[2021-12-10 16:29:49,098] {scheduler_job.py:190} INFO - Processing /home/agalli/sandbox/lib/python3.6/site-packages/airflow/example_dags/example_xcomargs.py took 1.023 seconds
[2021-12-10 16:30:26,991] {scheduler_job.py:182} INFO - Started process (PID=2687) to work on /home/agalli/sandbox/lib/python3.6/site-packages/airflow/example_dags/example_xcomargs.py
[2021-12-10 16:30:26,994] {scheduler_job.py:633} INFO - Processing file /home/agalli/sandbox/lib/python3.6/site-packages/airflow/example_dags/example_xcomargs.py for tasks to queue
[2021-12-10 16:30:26,994] {logging_mixin.py:104} INFO - [2021-12-10 16:30:26,994] {dagbag.py:487} INFO - Filling up the DagBag from /home/agalli/sandbox/lib/python3.6/site-packages/airflow/example_dags/example_xcomargs.py
[2021-12-10 16:30:27,014] {scheduler_job.py:643} INFO - DAG(s) dict_keys(['example_xcom_args', 'example_xcom_args_with_operators']) retrieved from /home/agalli/sandbox/lib/python3.6/site-packages/airflow/example_dags/example_xcomargs.py
[2021-12-10 16:30:27,325] {logging_mixin.py:104} INFO - [2021-12-10 16:30:27,325] {dag.py:1832} INFO - Sync 2 DAGs
[2021-12-10 16:30:27,345] {logging_mixin.py:104} INFO - [2021-12-10 16:30:27,345] {dag.py:2305} INFO - Setting next_dagrun for example_xcom_args to None
[2021-12-10 16:30:27,347] {logging_mixin.py:104} INFO - [2021-12-10 16:30:27,347] {dag.py:2305} INFO - Setting next_dagrun for example_xcom_args_with_operators to None
[2021-12-10 16:30:27,377] {scheduler_job.py:190} INFO - Processing /home/agalli/sandbox/lib/python3.6/site-packages/airflow/example_dags/example_xcomargs.py took 0.388 seconds
[2021-12-10 16:31:23,769] {scheduler_job.py:182} INFO - Started process (PID=2992) to work on /home/agalli/sandbox/lib/python3.6/site-packages/airflow/example_dags/example_xcomargs.py
[2021-12-10 16:31:23,772] {scheduler_job.py:633} INFO - Processing file /home/agalli/sandbox/lib/python3.6/site-packages/airflow/example_dags/example_xcomargs.py for tasks to queue
[2021-12-10 16:31:23,774] {logging_mixin.py:104} INFO - [2021-12-10 16:31:23,774] {dagbag.py:487} INFO - Filling up the DagBag from /home/agalli/sandbox/lib/python3.6/site-packages/airflow/example_dags/example_xcomargs.py
[2021-12-10 16:31:23,873] {scheduler_job.py:643} INFO - DAG(s) dict_keys(['example_xcom_args', 'example_xcom_args_with_operators']) retrieved from /home/agalli/sandbox/lib/python3.6/site-packages/airflow/example_dags/example_xcomargs.py
[2021-12-10 16:31:24,813] {logging_mixin.py:104} INFO - [2021-12-10 16:31:24,813] {dag.py:1832} INFO - Sync 2 DAGs
[2021-12-10 16:31:24,845] {logging_mixin.py:104} INFO - [2021-12-10 16:31:24,843] {dag.py:2305} INFO - Setting next_dagrun for example_xcom_args to None
[2021-12-10 16:31:24,847] {logging_mixin.py:104} INFO - [2021-12-10 16:31:24,847] {dag.py:2305} INFO - Setting next_dagrun for example_xcom_args_with_operators to None
[2021-12-10 16:31:24,911] {scheduler_job.py:190} INFO - Processing /home/agalli/sandbox/lib/python3.6/site-packages/airflow/example_dags/example_xcomargs.py took 1.160 seconds
[2021-12-10 16:32:13,943] {scheduler_job.py:182} INFO - Started process (PID=3027) to work on /home/agalli/sandbox/lib/python3.6/site-packages/airflow/example_dags/example_xcomargs.py
[2021-12-10 16:32:13,948] {scheduler_job.py:633} INFO - Processing file /home/agalli/sandbox/lib/python3.6/site-packages/airflow/example_dags/example_xcomargs.py for tasks to queue
[2021-12-10 16:32:13,958] {logging_mixin.py:104} INFO - [2021-12-10 16:32:13,958] {dagbag.py:487} INFO - Filling up the DagBag from /home/agalli/sandbox/lib/python3.6/site-packages/airflow/example_dags/example_xcomargs.py
[2021-12-10 16:32:14,201] {scheduler_job.py:643} INFO - DAG(s) dict_keys(['example_xcom_args', 'example_xcom_args_with_operators']) retrieved from /home/agalli/sandbox/lib/python3.6/site-packages/airflow/example_dags/example_xcomargs.py
[2021-12-10 16:32:14,291] {logging_mixin.py:104} INFO - [2021-12-10 16:32:14,290] {dag.py:1832} INFO - Sync 2 DAGs
[2021-12-10 16:32:14,349] {logging_mixin.py:104} INFO - [2021-12-10 16:32:14,347] {dag.py:2305} INFO - Setting next_dagrun for example_xcom_args to None
[2021-12-10 16:32:14,353] {logging_mixin.py:104} INFO - [2021-12-10 16:32:14,353] {dag.py:2305} INFO - Setting next_dagrun for example_xcom_args_with_operators to None
[2021-12-10 16:32:14,413] {scheduler_job.py:190} INFO - Processing /home/agalli/sandbox/lib/python3.6/site-packages/airflow/example_dags/example_xcomargs.py took 0.487 seconds
[2021-12-10 16:33:25,916] {scheduler_job.py:182} INFO - Started process (PID=3502) to work on /home/agalli/sandbox/lib/python3.6/site-packages/airflow/example_dags/example_xcomargs.py
[2021-12-10 16:33:25,919] {scheduler_job.py:633} INFO - Processing file /home/agalli/sandbox/lib/python3.6/site-packages/airflow/example_dags/example_xcomargs.py for tasks to queue
[2021-12-10 16:33:25,921] {logging_mixin.py:104} INFO - [2021-12-10 16:33:25,921] {dagbag.py:487} INFO - Filling up the DagBag from /home/agalli/sandbox/lib/python3.6/site-packages/airflow/example_dags/example_xcomargs.py
[2021-12-10 16:33:25,961] {scheduler_job.py:643} INFO - DAG(s) dict_keys(['example_xcom_args', 'example_xcom_args_with_operators']) retrieved from /home/agalli/sandbox/lib/python3.6/site-packages/airflow/example_dags/example_xcomargs.py
[2021-12-10 16:33:26,664] {logging_mixin.py:104} INFO - [2021-12-10 16:33:26,663] {dag.py:1832} INFO - Sync 2 DAGs
[2021-12-10 16:33:26,697] {logging_mixin.py:104} INFO - [2021-12-10 16:33:26,696] {dag.py:2305} INFO - Setting next_dagrun for example_xcom_args to None
[2021-12-10 16:33:26,699] {logging_mixin.py:104} INFO - [2021-12-10 16:33:26,699] {dag.py:2305} INFO - Setting next_dagrun for example_xcom_args_with_operators to None
[2021-12-10 16:33:26,903] {scheduler_job.py:190} INFO - Processing /home/agalli/sandbox/lib/python3.6/site-packages/airflow/example_dags/example_xcomargs.py took 0.992 seconds
[2021-12-10 16:34:32,338] {scheduler_job.py:182} INFO - Started process (PID=3803) to work on /home/agalli/sandbox/lib/python3.6/site-packages/airflow/example_dags/example_xcomargs.py
[2021-12-10 16:34:32,343] {scheduler_job.py:633} INFO - Processing file /home/agalli/sandbox/lib/python3.6/site-packages/airflow/example_dags/example_xcomargs.py for tasks to queue
[2021-12-10 16:34:32,346] {logging_mixin.py:104} INFO - [2021-12-10 16:34:32,346] {dagbag.py:487} INFO - Filling up the DagBag from /home/agalli/sandbox/lib/python3.6/site-packages/airflow/example_dags/example_xcomargs.py
[2021-12-10 16:34:32,412] {scheduler_job.py:643} INFO - DAG(s) dict_keys(['example_xcom_args', 'example_xcom_args_with_operators']) retrieved from /home/agalli/sandbox/lib/python3.6/site-packages/airflow/example_dags/example_xcomargs.py
[2021-12-10 16:34:32,821] {logging_mixin.py:104} INFO - [2021-12-10 16:34:32,821] {dag.py:1832} INFO - Sync 2 DAGs
[2021-12-10 16:34:32,833] {logging_mixin.py:104} INFO - [2021-12-10 16:34:32,833] {dag.py:2305} INFO - Setting next_dagrun for example_xcom_args to None
[2021-12-10 16:34:32,834] {logging_mixin.py:104} INFO - [2021-12-10 16:34:32,834] {dag.py:2305} INFO - Setting next_dagrun for example_xcom_args_with_operators to None
[2021-12-10 16:34:33,397] {scheduler_job.py:190} INFO - Processing /home/agalli/sandbox/lib/python3.6/site-packages/airflow/example_dags/example_xcomargs.py took 1.065 seconds
[2021-12-10 16:35:10,359] {scheduler_job.py:182} INFO - Started process (PID=3838) to work on /home/agalli/sandbox/lib/python3.6/site-packages/airflow/example_dags/example_xcomargs.py
[2021-12-10 16:35:10,362] {scheduler_job.py:633} INFO - Processing file /home/agalli/sandbox/lib/python3.6/site-packages/airflow/example_dags/example_xcomargs.py for tasks to queue
[2021-12-10 16:35:10,364] {logging_mixin.py:104} INFO - [2021-12-10 16:35:10,363] {dagbag.py:487} INFO - Filling up the DagBag from /home/agalli/sandbox/lib/python3.6/site-packages/airflow/example_dags/example_xcomargs.py
[2021-12-10 16:35:10,444] {scheduler_job.py:643} INFO - DAG(s) dict_keys(['example_xcom_args', 'example_xcom_args_with_operators']) retrieved from /home/agalli/sandbox/lib/python3.6/site-packages/airflow/example_dags/example_xcomargs.py
[2021-12-10 16:35:11,263] {logging_mixin.py:104} INFO - [2021-12-10 16:35:11,263] {dag.py:1832} INFO - Sync 2 DAGs
[2021-12-10 16:35:11,286] {logging_mixin.py:104} INFO - [2021-12-10 16:35:11,286] {dag.py:2305} INFO - Setting next_dagrun for example_xcom_args to None
[2021-12-10 16:35:11,288] {logging_mixin.py:104} INFO - [2021-12-10 16:35:11,288] {dag.py:2305} INFO - Setting next_dagrun for example_xcom_args_with_operators to None
[2021-12-10 16:35:11,341] {scheduler_job.py:190} INFO - Processing /home/agalli/sandbox/lib/python3.6/site-packages/airflow/example_dags/example_xcomargs.py took 0.991 seconds
[2021-12-10 16:35:57,321] {scheduler_job.py:182} INFO - Started process (PID=3871) to work on /home/agalli/sandbox/lib/python3.6/site-packages/airflow/example_dags/example_xcomargs.py
[2021-12-10 16:35:57,325] {scheduler_job.py:633} INFO - Processing file /home/agalli/sandbox/lib/python3.6/site-packages/airflow/example_dags/example_xcomargs.py for tasks to queue
[2021-12-10 16:35:57,327] {logging_mixin.py:104} INFO - [2021-12-10 16:35:57,327] {dagbag.py:487} INFO - Filling up the DagBag from /home/agalli/sandbox/lib/python3.6/site-packages/airflow/example_dags/example_xcomargs.py
[2021-12-10 16:35:57,386] {scheduler_job.py:643} INFO - DAG(s) dict_keys(['example_xcom_args', 'example_xcom_args_with_operators']) retrieved from /home/agalli/sandbox/lib/python3.6/site-packages/airflow/example_dags/example_xcomargs.py
[2021-12-10 16:35:58,243] {logging_mixin.py:104} INFO - [2021-12-10 16:35:58,242] {dag.py:1832} INFO - Sync 2 DAGs
[2021-12-10 16:35:58,262] {logging_mixin.py:104} INFO - [2021-12-10 16:35:58,262] {dag.py:2305} INFO - Setting next_dagrun for example_xcom_args to None
[2021-12-10 16:35:58,263] {logging_mixin.py:104} INFO - [2021-12-10 16:35:58,263] {dag.py:2305} INFO - Setting next_dagrun for example_xcom_args_with_operators to None
[2021-12-10 16:35:58,290] {scheduler_job.py:190} INFO - Processing /home/agalli/sandbox/lib/python3.6/site-packages/airflow/example_dags/example_xcomargs.py took 0.975 seconds
