[2021-12-10 16:23:29,399] {scheduler_job.py:182} INFO - Started process (PID=1665) to work on /home/agalli/sandbox/lib/python3.6/site-packages/airflow/example_dags/example_python_operator.py
[2021-12-10 16:23:29,403] {scheduler_job.py:633} INFO - Processing file /home/agalli/sandbox/lib/python3.6/site-packages/airflow/example_dags/example_python_operator.py for tasks to queue
[2021-12-10 16:23:29,405] {logging_mixin.py:104} INFO - [2021-12-10 16:23:29,405] {dagbag.py:487} INFO - Filling up the DagBag from /home/agalli/sandbox/lib/python3.6/site-packages/airflow/example_dags/example_python_operator.py
[2021-12-10 16:23:29,447] {scheduler_job.py:643} INFO - DAG(s) dict_keys(['example_python_operator']) retrieved from /home/agalli/sandbox/lib/python3.6/site-packages/airflow/example_dags/example_python_operator.py
[2021-12-10 16:23:29,962] {logging_mixin.py:104} INFO - [2021-12-10 16:23:29,962] {dag.py:1832} INFO - Sync 1 DAGs
[2021-12-10 16:23:29,981] {logging_mixin.py:104} INFO - [2021-12-10 16:23:29,981] {dag.py:2305} INFO - Setting next_dagrun for example_python_operator to None
[2021-12-10 16:23:30,011] {scheduler_job.py:190} INFO - Processing /home/agalli/sandbox/lib/python3.6/site-packages/airflow/example_dags/example_python_operator.py took 0.623 seconds
[2021-12-10 16:24:28,544] {scheduler_job.py:182} INFO - Started process (PID=1700) to work on /home/agalli/sandbox/lib/python3.6/site-packages/airflow/example_dags/example_python_operator.py
[2021-12-10 16:24:28,557] {scheduler_job.py:633} INFO - Processing file /home/agalli/sandbox/lib/python3.6/site-packages/airflow/example_dags/example_python_operator.py for tasks to queue
[2021-12-10 16:24:28,559] {logging_mixin.py:104} INFO - [2021-12-10 16:24:28,559] {dagbag.py:487} INFO - Filling up the DagBag from /home/agalli/sandbox/lib/python3.6/site-packages/airflow/example_dags/example_python_operator.py
[2021-12-10 16:24:28,636] {scheduler_job.py:643} INFO - DAG(s) dict_keys(['example_python_operator']) retrieved from /home/agalli/sandbox/lib/python3.6/site-packages/airflow/example_dags/example_python_operator.py
[2021-12-10 16:24:28,710] {logging_mixin.py:104} INFO - [2021-12-10 16:24:28,709] {dag.py:1832} INFO - Sync 1 DAGs
[2021-12-10 16:24:28,760] {logging_mixin.py:104} INFO - [2021-12-10 16:24:28,760] {dag.py:2305} INFO - Setting next_dagrun for example_python_operator to None
[2021-12-10 16:24:28,839] {scheduler_job.py:190} INFO - Processing /home/agalli/sandbox/lib/python3.6/site-packages/airflow/example_dags/example_python_operator.py took 0.315 seconds
[2021-12-10 16:25:21,892] {scheduler_job.py:182} INFO - Started process (PID=1735) to work on /home/agalli/sandbox/lib/python3.6/site-packages/airflow/example_dags/example_python_operator.py
[2021-12-10 16:25:21,894] {scheduler_job.py:633} INFO - Processing file /home/agalli/sandbox/lib/python3.6/site-packages/airflow/example_dags/example_python_operator.py for tasks to queue
[2021-12-10 16:25:21,896] {logging_mixin.py:104} INFO - [2021-12-10 16:25:21,895] {dagbag.py:487} INFO - Filling up the DagBag from /home/agalli/sandbox/lib/python3.6/site-packages/airflow/example_dags/example_python_operator.py
[2021-12-10 16:25:21,942] {scheduler_job.py:643} INFO - DAG(s) dict_keys(['example_python_operator']) retrieved from /home/agalli/sandbox/lib/python3.6/site-packages/airflow/example_dags/example_python_operator.py
[2021-12-10 16:25:21,977] {logging_mixin.py:104} INFO - [2021-12-10 16:25:21,977] {dag.py:1832} INFO - Sync 1 DAGs
[2021-12-10 16:25:21,998] {logging_mixin.py:104} INFO - [2021-12-10 16:25:21,998] {dag.py:2305} INFO - Setting next_dagrun for example_python_operator to None
[2021-12-10 16:25:22,026] {scheduler_job.py:190} INFO - Processing /home/agalli/sandbox/lib/python3.6/site-packages/airflow/example_dags/example_python_operator.py took 0.138 seconds
[2021-12-10 16:26:14,009] {scheduler_job.py:182} INFO - Started process (PID=1995) to work on /home/agalli/sandbox/lib/python3.6/site-packages/airflow/example_dags/example_python_operator.py
[2021-12-10 16:26:14,012] {scheduler_job.py:633} INFO - Processing file /home/agalli/sandbox/lib/python3.6/site-packages/airflow/example_dags/example_python_operator.py for tasks to queue
[2021-12-10 16:26:14,014] {logging_mixin.py:104} INFO - [2021-12-10 16:26:14,013] {dagbag.py:487} INFO - Filling up the DagBag from /home/agalli/sandbox/lib/python3.6/site-packages/airflow/example_dags/example_python_operator.py
[2021-12-10 16:26:14,073] {scheduler_job.py:643} INFO - DAG(s) dict_keys(['example_python_operator']) retrieved from /home/agalli/sandbox/lib/python3.6/site-packages/airflow/example_dags/example_python_operator.py
[2021-12-10 16:26:14,203] {logging_mixin.py:104} INFO - [2021-12-10 16:26:14,201] {dag.py:1832} INFO - Sync 1 DAGs
[2021-12-10 16:26:14,275] {logging_mixin.py:104} INFO - [2021-12-10 16:26:14,275] {dag.py:2305} INFO - Setting next_dagrun for example_python_operator to None
[2021-12-10 16:26:14,466] {scheduler_job.py:190} INFO - Processing /home/agalli/sandbox/lib/python3.6/site-packages/airflow/example_dags/example_python_operator.py took 0.464 seconds
[2021-12-10 16:27:13,333] {scheduler_job.py:182} INFO - Started process (PID=2264) to work on /home/agalli/sandbox/lib/python3.6/site-packages/airflow/example_dags/example_python_operator.py
[2021-12-10 16:27:13,342] {scheduler_job.py:633} INFO - Processing file /home/agalli/sandbox/lib/python3.6/site-packages/airflow/example_dags/example_python_operator.py for tasks to queue
[2021-12-10 16:27:13,344] {logging_mixin.py:104} INFO - [2021-12-10 16:27:13,344] {dagbag.py:487} INFO - Filling up the DagBag from /home/agalli/sandbox/lib/python3.6/site-packages/airflow/example_dags/example_python_operator.py
[2021-12-10 16:27:13,430] {scheduler_job.py:643} INFO - DAG(s) dict_keys(['example_python_operator']) retrieved from /home/agalli/sandbox/lib/python3.6/site-packages/airflow/example_dags/example_python_operator.py
[2021-12-10 16:27:13,484] {logging_mixin.py:104} INFO - [2021-12-10 16:27:13,484] {dag.py:1832} INFO - Sync 1 DAGs
[2021-12-10 16:27:13,530] {logging_mixin.py:104} INFO - [2021-12-10 16:27:13,530] {dag.py:2305} INFO - Setting next_dagrun for example_python_operator to None
[2021-12-10 16:27:13,593] {scheduler_job.py:190} INFO - Processing /home/agalli/sandbox/lib/python3.6/site-packages/airflow/example_dags/example_python_operator.py took 0.277 seconds
[2021-12-10 16:28:10,605] {scheduler_job.py:182} INFO - Started process (PID=2415) to work on /home/agalli/sandbox/lib/python3.6/site-packages/airflow/example_dags/example_python_operator.py
[2021-12-10 16:28:10,608] {scheduler_job.py:633} INFO - Processing file /home/agalli/sandbox/lib/python3.6/site-packages/airflow/example_dags/example_python_operator.py for tasks to queue
[2021-12-10 16:28:10,610] {logging_mixin.py:104} INFO - [2021-12-10 16:28:10,609] {dagbag.py:487} INFO - Filling up the DagBag from /home/agalli/sandbox/lib/python3.6/site-packages/airflow/example_dags/example_python_operator.py
[2021-12-10 16:28:10,712] {scheduler_job.py:643} INFO - DAG(s) dict_keys(['example_python_operator']) retrieved from /home/agalli/sandbox/lib/python3.6/site-packages/airflow/example_dags/example_python_operator.py
[2021-12-10 16:28:10,804] {logging_mixin.py:104} INFO - [2021-12-10 16:28:10,804] {dag.py:1832} INFO - Sync 1 DAGs
[2021-12-10 16:28:10,905] {logging_mixin.py:104} INFO - [2021-12-10 16:28:10,905] {dag.py:2305} INFO - Setting next_dagrun for example_python_operator to None
[2021-12-10 16:28:11,041] {scheduler_job.py:190} INFO - Processing /home/agalli/sandbox/lib/python3.6/site-packages/airflow/example_dags/example_python_operator.py took 0.453 seconds
[2021-12-10 16:29:06,496] {scheduler_job.py:182} INFO - Started process (PID=2628) to work on /home/agalli/sandbox/lib/python3.6/site-packages/airflow/example_dags/example_python_operator.py
[2021-12-10 16:29:06,499] {scheduler_job.py:633} INFO - Processing file /home/agalli/sandbox/lib/python3.6/site-packages/airflow/example_dags/example_python_operator.py for tasks to queue
[2021-12-10 16:29:06,501] {logging_mixin.py:104} INFO - [2021-12-10 16:29:06,501] {dagbag.py:487} INFO - Filling up the DagBag from /home/agalli/sandbox/lib/python3.6/site-packages/airflow/example_dags/example_python_operator.py
[2021-12-10 16:29:06,550] {scheduler_job.py:643} INFO - DAG(s) dict_keys(['example_python_operator']) retrieved from /home/agalli/sandbox/lib/python3.6/site-packages/airflow/example_dags/example_python_operator.py
[2021-12-10 16:29:06,633] {logging_mixin.py:104} INFO - [2021-12-10 16:29:06,631] {dag.py:1832} INFO - Sync 1 DAGs
[2021-12-10 16:29:06,673] {logging_mixin.py:104} INFO - [2021-12-10 16:29:06,673] {dag.py:2305} INFO - Setting next_dagrun for example_python_operator to None
[2021-12-10 16:29:06,783] {scheduler_job.py:190} INFO - Processing /home/agalli/sandbox/lib/python3.6/site-packages/airflow/example_dags/example_python_operator.py took 0.292 seconds
[2021-12-10 16:29:56,181] {scheduler_job.py:182} INFO - Started process (PID=2662) to work on /home/agalli/sandbox/lib/python3.6/site-packages/airflow/example_dags/example_python_operator.py
[2021-12-10 16:29:56,184] {scheduler_job.py:633} INFO - Processing file /home/agalli/sandbox/lib/python3.6/site-packages/airflow/example_dags/example_python_operator.py for tasks to queue
[2021-12-10 16:29:56,194] {logging_mixin.py:104} INFO - [2021-12-10 16:29:56,185] {dagbag.py:487} INFO - Filling up the DagBag from /home/agalli/sandbox/lib/python3.6/site-packages/airflow/example_dags/example_python_operator.py
[2021-12-10 16:29:56,229] {scheduler_job.py:643} INFO - DAG(s) dict_keys(['example_python_operator']) retrieved from /home/agalli/sandbox/lib/python3.6/site-packages/airflow/example_dags/example_python_operator.py
[2021-12-10 16:29:56,293] {logging_mixin.py:104} INFO - [2021-12-10 16:29:56,292] {dag.py:1832} INFO - Sync 1 DAGs
[2021-12-10 16:29:56,382] {logging_mixin.py:104} INFO - [2021-12-10 16:29:56,382] {dag.py:2305} INFO - Setting next_dagrun for example_python_operator to None
[2021-12-10 16:29:56,458] {scheduler_job.py:190} INFO - Processing /home/agalli/sandbox/lib/python3.6/site-packages/airflow/example_dags/example_python_operator.py took 0.291 seconds
[2021-12-10 16:30:41,828] {scheduler_job.py:182} INFO - Started process (PID=2701) to work on /home/agalli/sandbox/lib/python3.6/site-packages/airflow/example_dags/example_python_operator.py
[2021-12-10 16:30:41,831] {scheduler_job.py:633} INFO - Processing file /home/agalli/sandbox/lib/python3.6/site-packages/airflow/example_dags/example_python_operator.py for tasks to queue
[2021-12-10 16:30:41,832] {logging_mixin.py:104} INFO - [2021-12-10 16:30:41,832] {dagbag.py:487} INFO - Filling up the DagBag from /home/agalli/sandbox/lib/python3.6/site-packages/airflow/example_dags/example_python_operator.py
[2021-12-10 16:30:42,027] {scheduler_job.py:643} INFO - DAG(s) dict_keys(['example_python_operator']) retrieved from /home/agalli/sandbox/lib/python3.6/site-packages/airflow/example_dags/example_python_operator.py
[2021-12-10 16:30:42,107] {logging_mixin.py:104} INFO - [2021-12-10 16:30:42,107] {dag.py:1832} INFO - Sync 1 DAGs
[2021-12-10 16:30:42,167] {logging_mixin.py:104} INFO - [2021-12-10 16:30:42,167] {dag.py:2305} INFO - Setting next_dagrun for example_python_operator to None
[2021-12-10 16:30:42,242] {scheduler_job.py:190} INFO - Processing /home/agalli/sandbox/lib/python3.6/site-packages/airflow/example_dags/example_python_operator.py took 0.430 seconds
[2021-12-10 16:31:31,396] {scheduler_job.py:182} INFO - Started process (PID=2997) to work on /home/agalli/sandbox/lib/python3.6/site-packages/airflow/example_dags/example_python_operator.py
[2021-12-10 16:31:31,403] {scheduler_job.py:633} INFO - Processing file /home/agalli/sandbox/lib/python3.6/site-packages/airflow/example_dags/example_python_operator.py for tasks to queue
[2021-12-10 16:31:31,405] {logging_mixin.py:104} INFO - [2021-12-10 16:31:31,404] {dagbag.py:487} INFO - Filling up the DagBag from /home/agalli/sandbox/lib/python3.6/site-packages/airflow/example_dags/example_python_operator.py
[2021-12-10 16:31:31,483] {scheduler_job.py:643} INFO - DAG(s) dict_keys(['example_python_operator']) retrieved from /home/agalli/sandbox/lib/python3.6/site-packages/airflow/example_dags/example_python_operator.py
[2021-12-10 16:31:31,540] {logging_mixin.py:104} INFO - [2021-12-10 16:31:31,539] {dag.py:1832} INFO - Sync 1 DAGs
[2021-12-10 16:31:31,647] {logging_mixin.py:104} INFO - [2021-12-10 16:31:31,647] {dag.py:2305} INFO - Setting next_dagrun for example_python_operator to None
[2021-12-10 16:31:31,705] {scheduler_job.py:190} INFO - Processing /home/agalli/sandbox/lib/python3.6/site-packages/airflow/example_dags/example_python_operator.py took 0.319 seconds
[2021-12-10 16:32:21,457] {scheduler_job.py:182} INFO - Started process (PID=3032) to work on /home/agalli/sandbox/lib/python3.6/site-packages/airflow/example_dags/example_python_operator.py
[2021-12-10 16:32:21,469] {scheduler_job.py:633} INFO - Processing file /home/agalli/sandbox/lib/python3.6/site-packages/airflow/example_dags/example_python_operator.py for tasks to queue
[2021-12-10 16:32:21,471] {logging_mixin.py:104} INFO - [2021-12-10 16:32:21,471] {dagbag.py:487} INFO - Filling up the DagBag from /home/agalli/sandbox/lib/python3.6/site-packages/airflow/example_dags/example_python_operator.py
[2021-12-10 16:32:21,538] {scheduler_job.py:643} INFO - DAG(s) dict_keys(['example_python_operator']) retrieved from /home/agalli/sandbox/lib/python3.6/site-packages/airflow/example_dags/example_python_operator.py
[2021-12-10 16:32:21,792] {logging_mixin.py:104} INFO - [2021-12-10 16:32:21,782] {dag.py:1832} INFO - Sync 1 DAGs
[2021-12-10 16:32:21,856] {logging_mixin.py:104} INFO - [2021-12-10 16:32:21,856] {dag.py:2305} INFO - Setting next_dagrun for example_python_operator to None
[2021-12-10 16:32:22,045] {scheduler_job.py:190} INFO - Processing /home/agalli/sandbox/lib/python3.6/site-packages/airflow/example_dags/example_python_operator.py took 0.603 seconds
[2021-12-10 16:33:44,030] {scheduler_job.py:182} INFO - Started process (PID=3725) to work on /home/agalli/sandbox/lib/python3.6/site-packages/airflow/example_dags/example_python_operator.py
[2021-12-10 16:33:44,031] {scheduler_job.py:633} INFO - Processing file /home/agalli/sandbox/lib/python3.6/site-packages/airflow/example_dags/example_python_operator.py for tasks to queue
[2021-12-10 16:33:44,033] {logging_mixin.py:104} INFO - [2021-12-10 16:33:44,032] {dagbag.py:487} INFO - Filling up the DagBag from /home/agalli/sandbox/lib/python3.6/site-packages/airflow/example_dags/example_python_operator.py
[2021-12-10 16:33:44,084] {scheduler_job.py:643} INFO - DAG(s) dict_keys(['example_python_operator']) retrieved from /home/agalli/sandbox/lib/python3.6/site-packages/airflow/example_dags/example_python_operator.py
[2021-12-10 16:33:44,116] {logging_mixin.py:104} INFO - [2021-12-10 16:33:44,116] {dag.py:1832} INFO - Sync 1 DAGs
[2021-12-10 16:33:44,149] {logging_mixin.py:104} INFO - [2021-12-10 16:33:44,148] {dag.py:2305} INFO - Setting next_dagrun for example_python_operator to None
[2021-12-10 16:33:44,188] {scheduler_job.py:190} INFO - Processing /home/agalli/sandbox/lib/python3.6/site-packages/airflow/example_dags/example_python_operator.py took 0.174 seconds
[2021-12-10 16:34:38,924] {scheduler_job.py:182} INFO - Started process (PID=3808) to work on /home/agalli/sandbox/lib/python3.6/site-packages/airflow/example_dags/example_python_operator.py
[2021-12-10 16:34:38,927] {scheduler_job.py:633} INFO - Processing file /home/agalli/sandbox/lib/python3.6/site-packages/airflow/example_dags/example_python_operator.py for tasks to queue
[2021-12-10 16:34:38,929] {logging_mixin.py:104} INFO - [2021-12-10 16:34:38,928] {dagbag.py:487} INFO - Filling up the DagBag from /home/agalli/sandbox/lib/python3.6/site-packages/airflow/example_dags/example_python_operator.py
[2021-12-10 16:34:38,968] {scheduler_job.py:643} INFO - DAG(s) dict_keys(['example_python_operator']) retrieved from /home/agalli/sandbox/lib/python3.6/site-packages/airflow/example_dags/example_python_operator.py
[2021-12-10 16:34:39,011] {logging_mixin.py:104} INFO - [2021-12-10 16:34:39,011] {dag.py:1832} INFO - Sync 1 DAGs
[2021-12-10 16:34:39,039] {logging_mixin.py:104} INFO - [2021-12-10 16:34:39,038] {dag.py:2305} INFO - Setting next_dagrun for example_python_operator to None
[2021-12-10 16:34:39,077] {scheduler_job.py:190} INFO - Processing /home/agalli/sandbox/lib/python3.6/site-packages/airflow/example_dags/example_python_operator.py took 0.159 seconds
[2021-12-10 16:35:16,944] {scheduler_job.py:182} INFO - Started process (PID=3843) to work on /home/agalli/sandbox/lib/python3.6/site-packages/airflow/example_dags/example_python_operator.py
[2021-12-10 16:35:16,949] {scheduler_job.py:633} INFO - Processing file /home/agalli/sandbox/lib/python3.6/site-packages/airflow/example_dags/example_python_operator.py for tasks to queue
[2021-12-10 16:35:16,952] {logging_mixin.py:104} INFO - [2021-12-10 16:35:16,952] {dagbag.py:487} INFO - Filling up the DagBag from /home/agalli/sandbox/lib/python3.6/site-packages/airflow/example_dags/example_python_operator.py
[2021-12-10 16:35:16,988] {scheduler_job.py:643} INFO - DAG(s) dict_keys(['example_python_operator']) retrieved from /home/agalli/sandbox/lib/python3.6/site-packages/airflow/example_dags/example_python_operator.py
[2021-12-10 16:35:17,039] {logging_mixin.py:104} INFO - [2021-12-10 16:35:17,039] {dag.py:1832} INFO - Sync 1 DAGs
[2021-12-10 16:35:17,100] {logging_mixin.py:104} INFO - [2021-12-10 16:35:17,100] {dag.py:2305} INFO - Setting next_dagrun for example_python_operator to None
[2021-12-10 16:35:17,141] {scheduler_job.py:190} INFO - Processing /home/agalli/sandbox/lib/python3.6/site-packages/airflow/example_dags/example_python_operator.py took 0.205 seconds
[2021-12-10 16:36:20,685] {scheduler_job.py:182} INFO - Started process (PID=3884) to work on /home/agalli/sandbox/lib/python3.6/site-packages/airflow/example_dags/example_python_operator.py
[2021-12-10 16:36:20,698] {scheduler_job.py:633} INFO - Processing file /home/agalli/sandbox/lib/python3.6/site-packages/airflow/example_dags/example_python_operator.py for tasks to queue
[2021-12-10 16:36:20,699] {logging_mixin.py:104} INFO - [2021-12-10 16:36:20,699] {dagbag.py:487} INFO - Filling up the DagBag from /home/agalli/sandbox/lib/python3.6/site-packages/airflow/example_dags/example_python_operator.py
[2021-12-10 16:36:20,782] {scheduler_job.py:643} INFO - DAG(s) dict_keys(['example_python_operator']) retrieved from /home/agalli/sandbox/lib/python3.6/site-packages/airflow/example_dags/example_python_operator.py
[2021-12-10 16:36:20,995] {logging_mixin.py:104} INFO - [2021-12-10 16:36:20,984] {dag.py:1832} INFO - Sync 1 DAGs
[2021-12-10 16:36:21,094] {logging_mixin.py:104} INFO - [2021-12-10 16:36:21,093] {dag.py:2305} INFO - Setting next_dagrun for example_python_operator to None
[2021-12-10 16:36:21,188] {scheduler_job.py:190} INFO - Processing /home/agalli/sandbox/lib/python3.6/site-packages/airflow/example_dags/example_python_operator.py took 0.522 seconds
