[2021-12-10 16:23:39,737] {scheduler_job.py:182} INFO - Started process (PID=1671) to work on /home/agalli/sandbox/lib/python3.6/site-packages/airflow/example_dags/example_external_task_marker_dag.py
[2021-12-10 16:23:39,739] {scheduler_job.py:633} INFO - Processing file /home/agalli/sandbox/lib/python3.6/site-packages/airflow/example_dags/example_external_task_marker_dag.py for tasks to queue
[2021-12-10 16:23:39,742] {logging_mixin.py:104} INFO - [2021-12-10 16:23:39,742] {dagbag.py:487} INFO - Filling up the DagBag from /home/agalli/sandbox/lib/python3.6/site-packages/airflow/example_dags/example_external_task_marker_dag.py
[2021-12-10 16:23:39,784] {scheduler_job.py:643} INFO - DAG(s) dict_keys(['example_external_task_marker_parent', 'example_external_task_marker_child']) retrieved from /home/agalli/sandbox/lib/python3.6/site-packages/airflow/example_dags/example_external_task_marker_dag.py
[2021-12-10 16:23:40,339] {logging_mixin.py:104} INFO - [2021-12-10 16:23:40,339] {dag.py:1832} INFO - Sync 2 DAGs
[2021-12-10 16:23:40,360] {logging_mixin.py:104} INFO - [2021-12-10 16:23:40,360] {dag.py:2305} INFO - Setting next_dagrun for example_external_task_marker_child to None
[2021-12-10 16:23:40,362] {logging_mixin.py:104} INFO - [2021-12-10 16:23:40,361] {dag.py:2305} INFO - Setting next_dagrun for example_external_task_marker_parent to None
[2021-12-10 16:23:40,400] {scheduler_job.py:190} INFO - Processing /home/agalli/sandbox/lib/python3.6/site-packages/airflow/example_dags/example_external_task_marker_dag.py took 0.672 seconds
[2021-12-10 16:24:39,227] {scheduler_job.py:182} INFO - Started process (PID=1706) to work on /home/agalli/sandbox/lib/python3.6/site-packages/airflow/example_dags/example_external_task_marker_dag.py
[2021-12-10 16:24:39,235] {scheduler_job.py:633} INFO - Processing file /home/agalli/sandbox/lib/python3.6/site-packages/airflow/example_dags/example_external_task_marker_dag.py for tasks to queue
[2021-12-10 16:24:39,237] {logging_mixin.py:104} INFO - [2021-12-10 16:24:39,237] {dagbag.py:487} INFO - Filling up the DagBag from /home/agalli/sandbox/lib/python3.6/site-packages/airflow/example_dags/example_external_task_marker_dag.py
[2021-12-10 16:24:39,286] {scheduler_job.py:643} INFO - DAG(s) dict_keys(['example_external_task_marker_parent', 'example_external_task_marker_child']) retrieved from /home/agalli/sandbox/lib/python3.6/site-packages/airflow/example_dags/example_external_task_marker_dag.py
[2021-12-10 16:24:40,250] {logging_mixin.py:104} INFO - [2021-12-10 16:24:40,250] {dag.py:1832} INFO - Sync 2 DAGs
[2021-12-10 16:24:40,304] {logging_mixin.py:104} INFO - [2021-12-10 16:24:40,304] {dag.py:2305} INFO - Setting next_dagrun for example_external_task_marker_child to None
[2021-12-10 16:24:40,307] {logging_mixin.py:104} INFO - [2021-12-10 16:24:40,306] {dag.py:2305} INFO - Setting next_dagrun for example_external_task_marker_parent to None
[2021-12-10 16:24:40,366] {scheduler_job.py:190} INFO - Processing /home/agalli/sandbox/lib/python3.6/site-packages/airflow/example_dags/example_external_task_marker_dag.py took 1.153 seconds
[2021-12-10 16:25:29,001] {scheduler_job.py:182} INFO - Started process (PID=1741) to work on /home/agalli/sandbox/lib/python3.6/site-packages/airflow/example_dags/example_external_task_marker_dag.py
[2021-12-10 16:25:29,004] {scheduler_job.py:633} INFO - Processing file /home/agalli/sandbox/lib/python3.6/site-packages/airflow/example_dags/example_external_task_marker_dag.py for tasks to queue
[2021-12-10 16:25:29,005] {logging_mixin.py:104} INFO - [2021-12-10 16:25:29,005] {dagbag.py:487} INFO - Filling up the DagBag from /home/agalli/sandbox/lib/python3.6/site-packages/airflow/example_dags/example_external_task_marker_dag.py
[2021-12-10 16:25:29,034] {scheduler_job.py:643} INFO - DAG(s) dict_keys(['example_external_task_marker_parent', 'example_external_task_marker_child']) retrieved from /home/agalli/sandbox/lib/python3.6/site-packages/airflow/example_dags/example_external_task_marker_dag.py
[2021-12-10 16:25:29,425] {logging_mixin.py:104} INFO - [2021-12-10 16:25:29,425] {dag.py:1832} INFO - Sync 2 DAGs
[2021-12-10 16:25:29,443] {logging_mixin.py:104} INFO - [2021-12-10 16:25:29,443] {dag.py:2305} INFO - Setting next_dagrun for example_external_task_marker_child to None
[2021-12-10 16:25:29,444] {logging_mixin.py:104} INFO - [2021-12-10 16:25:29,444] {dag.py:2305} INFO - Setting next_dagrun for example_external_task_marker_parent to None
[2021-12-10 16:25:29,527] {scheduler_job.py:190} INFO - Processing /home/agalli/sandbox/lib/python3.6/site-packages/airflow/example_dags/example_external_task_marker_dag.py took 0.531 seconds
[2021-12-10 16:26:31,138] {scheduler_job.py:182} INFO - Started process (PID=2025) to work on /home/agalli/sandbox/lib/python3.6/site-packages/airflow/example_dags/example_external_task_marker_dag.py
[2021-12-10 16:26:31,140] {scheduler_job.py:633} INFO - Processing file /home/agalli/sandbox/lib/python3.6/site-packages/airflow/example_dags/example_external_task_marker_dag.py for tasks to queue
[2021-12-10 16:26:31,142] {logging_mixin.py:104} INFO - [2021-12-10 16:26:31,142] {dagbag.py:487} INFO - Filling up the DagBag from /home/agalli/sandbox/lib/python3.6/site-packages/airflow/example_dags/example_external_task_marker_dag.py
[2021-12-10 16:26:31,163] {scheduler_job.py:643} INFO - DAG(s) dict_keys(['example_external_task_marker_parent', 'example_external_task_marker_child']) retrieved from /home/agalli/sandbox/lib/python3.6/site-packages/airflow/example_dags/example_external_task_marker_dag.py
[2021-12-10 16:26:32,111] {logging_mixin.py:104} INFO - [2021-12-10 16:26:32,111] {dag.py:1832} INFO - Sync 2 DAGs
[2021-12-10 16:26:32,237] {logging_mixin.py:104} INFO - [2021-12-10 16:26:32,237] {dag.py:2305} INFO - Setting next_dagrun for example_external_task_marker_child to None
[2021-12-10 16:26:32,250] {logging_mixin.py:104} INFO - [2021-12-10 16:26:32,240] {dag.py:2305} INFO - Setting next_dagrun for example_external_task_marker_parent to None
[2021-12-10 16:26:32,348] {scheduler_job.py:190} INFO - Processing /home/agalli/sandbox/lib/python3.6/site-packages/airflow/example_dags/example_external_task_marker_dag.py took 1.213 seconds
[2021-12-10 16:27:28,770] {scheduler_job.py:182} INFO - Started process (PID=2274) to work on /home/agalli/sandbox/lib/python3.6/site-packages/airflow/example_dags/example_external_task_marker_dag.py
[2021-12-10 16:27:28,779] {scheduler_job.py:633} INFO - Processing file /home/agalli/sandbox/lib/python3.6/site-packages/airflow/example_dags/example_external_task_marker_dag.py for tasks to queue
[2021-12-10 16:27:28,781] {logging_mixin.py:104} INFO - [2021-12-10 16:27:28,780] {dagbag.py:487} INFO - Filling up the DagBag from /home/agalli/sandbox/lib/python3.6/site-packages/airflow/example_dags/example_external_task_marker_dag.py
[2021-12-10 16:27:28,805] {scheduler_job.py:643} INFO - DAG(s) dict_keys(['example_external_task_marker_parent', 'example_external_task_marker_child']) retrieved from /home/agalli/sandbox/lib/python3.6/site-packages/airflow/example_dags/example_external_task_marker_dag.py
[2021-12-10 16:27:28,838] {logging_mixin.py:104} INFO - [2021-12-10 16:27:28,838] {dag.py:1832} INFO - Sync 2 DAGs
[2021-12-10 16:27:28,863] {logging_mixin.py:104} INFO - [2021-12-10 16:27:28,863] {dag.py:2305} INFO - Setting next_dagrun for example_external_task_marker_child to None
[2021-12-10 16:27:28,865] {logging_mixin.py:104} INFO - [2021-12-10 16:27:28,864] {dag.py:2305} INFO - Setting next_dagrun for example_external_task_marker_parent to None
[2021-12-10 16:27:28,911] {scheduler_job.py:190} INFO - Processing /home/agalli/sandbox/lib/python3.6/site-packages/airflow/example_dags/example_external_task_marker_dag.py took 0.161 seconds
[2021-12-10 16:28:36,727] {scheduler_job.py:182} INFO - Started process (PID=2596) to work on /home/agalli/sandbox/lib/python3.6/site-packages/airflow/example_dags/example_external_task_marker_dag.py
[2021-12-10 16:28:36,731] {scheduler_job.py:633} INFO - Processing file /home/agalli/sandbox/lib/python3.6/site-packages/airflow/example_dags/example_external_task_marker_dag.py for tasks to queue
[2021-12-10 16:28:36,740] {logging_mixin.py:104} INFO - [2021-12-10 16:28:36,738] {dagbag.py:487} INFO - Filling up the DagBag from /home/agalli/sandbox/lib/python3.6/site-packages/airflow/example_dags/example_external_task_marker_dag.py
[2021-12-10 16:28:36,805] {scheduler_job.py:643} INFO - DAG(s) dict_keys(['example_external_task_marker_parent', 'example_external_task_marker_child']) retrieved from /home/agalli/sandbox/lib/python3.6/site-packages/airflow/example_dags/example_external_task_marker_dag.py
[2021-12-10 16:28:38,633] {logging_mixin.py:104} INFO - [2021-12-10 16:28:38,633] {dag.py:1832} INFO - Sync 2 DAGs
[2021-12-10 16:28:38,713] {logging_mixin.py:104} INFO - [2021-12-10 16:28:38,713] {dag.py:2305} INFO - Setting next_dagrun for example_external_task_marker_child to None
[2021-12-10 16:28:38,716] {logging_mixin.py:104} INFO - [2021-12-10 16:28:38,716] {dag.py:2305} INFO - Setting next_dagrun for example_external_task_marker_parent to None
[2021-12-10 16:28:38,796] {scheduler_job.py:190} INFO - Processing /home/agalli/sandbox/lib/python3.6/site-packages/airflow/example_dags/example_external_task_marker_dag.py took 2.085 seconds
[2021-12-10 16:29:31,270] {scheduler_job.py:182} INFO - Started process (PID=2646) to work on /home/agalli/sandbox/lib/python3.6/site-packages/airflow/example_dags/example_external_task_marker_dag.py
[2021-12-10 16:29:31,276] {scheduler_job.py:633} INFO - Processing file /home/agalli/sandbox/lib/python3.6/site-packages/airflow/example_dags/example_external_task_marker_dag.py for tasks to queue
[2021-12-10 16:29:31,281] {logging_mixin.py:104} INFO - [2021-12-10 16:29:31,278] {dagbag.py:487} INFO - Filling up the DagBag from /home/agalli/sandbox/lib/python3.6/site-packages/airflow/example_dags/example_external_task_marker_dag.py
[2021-12-10 16:29:31,345] {scheduler_job.py:643} INFO - DAG(s) dict_keys(['example_external_task_marker_parent', 'example_external_task_marker_child']) retrieved from /home/agalli/sandbox/lib/python3.6/site-packages/airflow/example_dags/example_external_task_marker_dag.py
[2021-12-10 16:29:32,863] {logging_mixin.py:104} INFO - [2021-12-10 16:29:32,862] {dag.py:1832} INFO - Sync 2 DAGs
[2021-12-10 16:29:32,912] {logging_mixin.py:104} INFO - [2021-12-10 16:29:32,911] {dag.py:2305} INFO - Setting next_dagrun for example_external_task_marker_child to None
[2021-12-10 16:29:32,913] {logging_mixin.py:104} INFO - [2021-12-10 16:29:32,913] {dag.py:2305} INFO - Setting next_dagrun for example_external_task_marker_parent to None
[2021-12-10 16:29:32,948] {scheduler_job.py:190} INFO - Processing /home/agalli/sandbox/lib/python3.6/site-packages/airflow/example_dags/example_external_task_marker_dag.py took 1.684 seconds
[2021-12-10 16:30:17,342] {scheduler_job.py:182} INFO - Started process (PID=2679) to work on /home/agalli/sandbox/lib/python3.6/site-packages/airflow/example_dags/example_external_task_marker_dag.py
[2021-12-10 16:30:17,345] {scheduler_job.py:633} INFO - Processing file /home/agalli/sandbox/lib/python3.6/site-packages/airflow/example_dags/example_external_task_marker_dag.py for tasks to queue
[2021-12-10 16:30:17,347] {logging_mixin.py:104} INFO - [2021-12-10 16:30:17,347] {dagbag.py:487} INFO - Filling up the DagBag from /home/agalli/sandbox/lib/python3.6/site-packages/airflow/example_dags/example_external_task_marker_dag.py
[2021-12-10 16:30:17,531] {scheduler_job.py:643} INFO - DAG(s) dict_keys(['example_external_task_marker_parent', 'example_external_task_marker_child']) retrieved from /home/agalli/sandbox/lib/python3.6/site-packages/airflow/example_dags/example_external_task_marker_dag.py
[2021-12-10 16:30:18,023] {logging_mixin.py:104} INFO - [2021-12-10 16:30:18,023] {dag.py:1832} INFO - Sync 2 DAGs
[2021-12-10 16:30:18,047] {logging_mixin.py:104} INFO - [2021-12-10 16:30:18,047] {dag.py:2305} INFO - Setting next_dagrun for example_external_task_marker_child to None
[2021-12-10 16:30:18,049] {logging_mixin.py:104} INFO - [2021-12-10 16:30:18,049] {dag.py:2305} INFO - Setting next_dagrun for example_external_task_marker_parent to None
[2021-12-10 16:30:18,082] {scheduler_job.py:190} INFO - Processing /home/agalli/sandbox/lib/python3.6/site-packages/airflow/example_dags/example_external_task_marker_dag.py took 0.749 seconds
[2021-12-10 16:31:12,590] {scheduler_job.py:182} INFO - Started process (PID=2928) to work on /home/agalli/sandbox/lib/python3.6/site-packages/airflow/example_dags/example_external_task_marker_dag.py
[2021-12-10 16:31:12,593] {scheduler_job.py:633} INFO - Processing file /home/agalli/sandbox/lib/python3.6/site-packages/airflow/example_dags/example_external_task_marker_dag.py for tasks to queue
[2021-12-10 16:31:12,594] {logging_mixin.py:104} INFO - [2021-12-10 16:31:12,594] {dagbag.py:487} INFO - Filling up the DagBag from /home/agalli/sandbox/lib/python3.6/site-packages/airflow/example_dags/example_external_task_marker_dag.py
[2021-12-10 16:31:12,617] {scheduler_job.py:643} INFO - DAG(s) dict_keys(['example_external_task_marker_parent', 'example_external_task_marker_child']) retrieved from /home/agalli/sandbox/lib/python3.6/site-packages/airflow/example_dags/example_external_task_marker_dag.py
[2021-12-10 16:31:13,778] {logging_mixin.py:104} INFO - [2021-12-10 16:31:13,777] {dag.py:1832} INFO - Sync 2 DAGs
[2021-12-10 16:31:13,812] {logging_mixin.py:104} INFO - [2021-12-10 16:31:13,812] {dag.py:2305} INFO - Setting next_dagrun for example_external_task_marker_child to None
[2021-12-10 16:31:13,814] {logging_mixin.py:104} INFO - [2021-12-10 16:31:13,814] {dag.py:2305} INFO - Setting next_dagrun for example_external_task_marker_parent to None
[2021-12-10 16:31:13,869] {scheduler_job.py:190} INFO - Processing /home/agalli/sandbox/lib/python3.6/site-packages/airflow/example_dags/example_external_task_marker_dag.py took 1.287 seconds
[2021-12-10 16:32:00,649] {scheduler_job.py:182} INFO - Started process (PID=3016) to work on /home/agalli/sandbox/lib/python3.6/site-packages/airflow/example_dags/example_external_task_marker_dag.py
[2021-12-10 16:32:00,650] {scheduler_job.py:633} INFO - Processing file /home/agalli/sandbox/lib/python3.6/site-packages/airflow/example_dags/example_external_task_marker_dag.py for tasks to queue
[2021-12-10 16:32:00,651] {logging_mixin.py:104} INFO - [2021-12-10 16:32:00,651] {dagbag.py:487} INFO - Filling up the DagBag from /home/agalli/sandbox/lib/python3.6/site-packages/airflow/example_dags/example_external_task_marker_dag.py
[2021-12-10 16:32:00,667] {scheduler_job.py:643} INFO - DAG(s) dict_keys(['example_external_task_marker_parent', 'example_external_task_marker_child']) retrieved from /home/agalli/sandbox/lib/python3.6/site-packages/airflow/example_dags/example_external_task_marker_dag.py
[2021-12-10 16:32:01,101] {logging_mixin.py:104} INFO - [2021-12-10 16:32:01,100] {dag.py:1832} INFO - Sync 2 DAGs
[2021-12-10 16:32:01,129] {logging_mixin.py:104} INFO - [2021-12-10 16:32:01,129] {dag.py:2305} INFO - Setting next_dagrun for example_external_task_marker_child to None
[2021-12-10 16:32:01,130] {logging_mixin.py:104} INFO - [2021-12-10 16:32:01,130] {dag.py:2305} INFO - Setting next_dagrun for example_external_task_marker_parent to None
[2021-12-10 16:32:01,177] {scheduler_job.py:190} INFO - Processing /home/agalli/sandbox/lib/python3.6/site-packages/airflow/example_dags/example_external_task_marker_dag.py took 0.532 seconds
[2021-12-10 16:32:55,893] {scheduler_job.py:182} INFO - Started process (PID=3239) to work on /home/agalli/sandbox/lib/python3.6/site-packages/airflow/example_dags/example_external_task_marker_dag.py
[2021-12-10 16:32:55,895] {scheduler_job.py:633} INFO - Processing file /home/agalli/sandbox/lib/python3.6/site-packages/airflow/example_dags/example_external_task_marker_dag.py for tasks to queue
[2021-12-10 16:32:55,899] {logging_mixin.py:104} INFO - [2021-12-10 16:32:55,898] {dagbag.py:487} INFO - Filling up the DagBag from /home/agalli/sandbox/lib/python3.6/site-packages/airflow/example_dags/example_external_task_marker_dag.py
[2021-12-10 16:32:55,924] {scheduler_job.py:643} INFO - DAG(s) dict_keys(['example_external_task_marker_parent', 'example_external_task_marker_child']) retrieved from /home/agalli/sandbox/lib/python3.6/site-packages/airflow/example_dags/example_external_task_marker_dag.py
[2021-12-10 16:32:56,577] {logging_mixin.py:104} INFO - [2021-12-10 16:32:56,577] {dag.py:1832} INFO - Sync 2 DAGs
[2021-12-10 16:32:56,593] {logging_mixin.py:104} INFO - [2021-12-10 16:32:56,593] {dag.py:2305} INFO - Setting next_dagrun for example_external_task_marker_child to None
[2021-12-10 16:32:56,595] {logging_mixin.py:104} INFO - [2021-12-10 16:32:56,595] {dag.py:2305} INFO - Setting next_dagrun for example_external_task_marker_parent to None
[2021-12-10 16:32:56,694] {scheduler_job.py:190} INFO - Processing /home/agalli/sandbox/lib/python3.6/site-packages/airflow/example_dags/example_external_task_marker_dag.py took 0.807 seconds
[2021-12-10 16:34:11,944] {scheduler_job.py:182} INFO - Started process (PID=3785) to work on /home/agalli/sandbox/lib/python3.6/site-packages/airflow/example_dags/example_external_task_marker_dag.py
[2021-12-10 16:34:11,945] {scheduler_job.py:633} INFO - Processing file /home/agalli/sandbox/lib/python3.6/site-packages/airflow/example_dags/example_external_task_marker_dag.py for tasks to queue
[2021-12-10 16:34:11,947] {logging_mixin.py:104} INFO - [2021-12-10 16:34:11,946] {dagbag.py:487} INFO - Filling up the DagBag from /home/agalli/sandbox/lib/python3.6/site-packages/airflow/example_dags/example_external_task_marker_dag.py
[2021-12-10 16:34:11,964] {scheduler_job.py:643} INFO - DAG(s) dict_keys(['example_external_task_marker_parent', 'example_external_task_marker_child']) retrieved from /home/agalli/sandbox/lib/python3.6/site-packages/airflow/example_dags/example_external_task_marker_dag.py
[2021-12-10 16:34:11,994] {logging_mixin.py:104} INFO - [2021-12-10 16:34:11,994] {dag.py:1832} INFO - Sync 2 DAGs
[2021-12-10 16:34:12,020] {logging_mixin.py:104} INFO - [2021-12-10 16:34:12,019] {dag.py:2305} INFO - Setting next_dagrun for example_external_task_marker_child to None
[2021-12-10 16:34:12,021] {logging_mixin.py:104} INFO - [2021-12-10 16:34:12,021] {dag.py:2305} INFO - Setting next_dagrun for example_external_task_marker_parent to None
[2021-12-10 16:34:12,069] {scheduler_job.py:190} INFO - Processing /home/agalli/sandbox/lib/python3.6/site-packages/airflow/example_dags/example_external_task_marker_dag.py took 0.129 seconds
[2021-12-10 16:34:53,092] {scheduler_job.py:182} INFO - Started process (PID=3820) to work on /home/agalli/sandbox/lib/python3.6/site-packages/airflow/example_dags/example_external_task_marker_dag.py
[2021-12-10 16:34:53,093] {scheduler_job.py:633} INFO - Processing file /home/agalli/sandbox/lib/python3.6/site-packages/airflow/example_dags/example_external_task_marker_dag.py for tasks to queue
[2021-12-10 16:34:53,094] {logging_mixin.py:104} INFO - [2021-12-10 16:34:53,094] {dagbag.py:487} INFO - Filling up the DagBag from /home/agalli/sandbox/lib/python3.6/site-packages/airflow/example_dags/example_external_task_marker_dag.py
[2021-12-10 16:34:53,109] {scheduler_job.py:643} INFO - DAG(s) dict_keys(['example_external_task_marker_parent', 'example_external_task_marker_child']) retrieved from /home/agalli/sandbox/lib/python3.6/site-packages/airflow/example_dags/example_external_task_marker_dag.py
[2021-12-10 16:34:53,429] {logging_mixin.py:104} INFO - [2021-12-10 16:34:53,429] {dag.py:1832} INFO - Sync 2 DAGs
[2021-12-10 16:34:53,442] {logging_mixin.py:104} INFO - [2021-12-10 16:34:53,442] {dag.py:2305} INFO - Setting next_dagrun for example_external_task_marker_child to None
[2021-12-10 16:34:53,443] {logging_mixin.py:104} INFO - [2021-12-10 16:34:53,443] {dag.py:2305} INFO - Setting next_dagrun for example_external_task_marker_parent to None
[2021-12-10 16:34:53,467] {scheduler_job.py:190} INFO - Processing /home/agalli/sandbox/lib/python3.6/site-packages/airflow/example_dags/example_external_task_marker_dag.py took 0.378 seconds
[2021-12-10 16:35:35,409] {scheduler_job.py:182} INFO - Started process (PID=3855) to work on /home/agalli/sandbox/lib/python3.6/site-packages/airflow/example_dags/example_external_task_marker_dag.py
[2021-12-10 16:35:35,413] {scheduler_job.py:633} INFO - Processing file /home/agalli/sandbox/lib/python3.6/site-packages/airflow/example_dags/example_external_task_marker_dag.py for tasks to queue
[2021-12-10 16:35:35,417] {logging_mixin.py:104} INFO - [2021-12-10 16:35:35,414] {dagbag.py:487} INFO - Filling up the DagBag from /home/agalli/sandbox/lib/python3.6/site-packages/airflow/example_dags/example_external_task_marker_dag.py
[2021-12-10 16:35:35,452] {scheduler_job.py:643} INFO - DAG(s) dict_keys(['example_external_task_marker_parent', 'example_external_task_marker_child']) retrieved from /home/agalli/sandbox/lib/python3.6/site-packages/airflow/example_dags/example_external_task_marker_dag.py
[2021-12-10 16:35:35,654] {logging_mixin.py:104} INFO - [2021-12-10 16:35:35,642] {dag.py:1832} INFO - Sync 2 DAGs
[2021-12-10 16:35:35,744] {logging_mixin.py:104} INFO - [2021-12-10 16:35:35,744] {dag.py:2305} INFO - Setting next_dagrun for example_external_task_marker_child to None
[2021-12-10 16:35:35,748] {logging_mixin.py:104} INFO - [2021-12-10 16:35:35,747] {dag.py:2305} INFO - Setting next_dagrun for example_external_task_marker_parent to None
[2021-12-10 16:35:35,787] {scheduler_job.py:190} INFO - Processing /home/agalli/sandbox/lib/python3.6/site-packages/airflow/example_dags/example_external_task_marker_dag.py took 0.383 seconds
