[2021-12-10 16:23:13,089] {scheduler_job.py:182} INFO - Started process (PID=1626) to work on /home/agalli/sandbox/lib/python3.6/site-packages/airflow/example_dags/example_trigger_target_dag.py
[2021-12-10 16:23:13,092] {scheduler_job.py:633} INFO - Processing file /home/agalli/sandbox/lib/python3.6/site-packages/airflow/example_dags/example_trigger_target_dag.py for tasks to queue
[2021-12-10 16:23:13,093] {logging_mixin.py:104} INFO - [2021-12-10 16:23:13,093] {dagbag.py:487} INFO - Filling up the DagBag from /home/agalli/sandbox/lib/python3.6/site-packages/airflow/example_dags/example_trigger_target_dag.py
[2021-12-10 16:23:13,118] {scheduler_job.py:643} INFO - DAG(s) dict_keys(['example_trigger_target_dag']) retrieved from /home/agalli/sandbox/lib/python3.6/site-packages/airflow/example_dags/example_trigger_target_dag.py
[2021-12-10 16:23:13,543] {logging_mixin.py:104} INFO - [2021-12-10 16:23:13,543] {dag.py:1832} INFO - Sync 1 DAGs
[2021-12-10 16:23:13,563] {logging_mixin.py:104} INFO - [2021-12-10 16:23:13,563] {dag.py:2305} INFO - Setting next_dagrun for example_trigger_target_dag to None
[2021-12-10 16:23:13,589] {scheduler_job.py:190} INFO - Processing /home/agalli/sandbox/lib/python3.6/site-packages/airflow/example_dags/example_trigger_target_dag.py took 0.506 seconds
[2021-12-10 16:24:12,894] {scheduler_job.py:182} INFO - Started process (PID=1691) to work on /home/agalli/sandbox/lib/python3.6/site-packages/airflow/example_dags/example_trigger_target_dag.py
[2021-12-10 16:24:12,900] {scheduler_job.py:633} INFO - Processing file /home/agalli/sandbox/lib/python3.6/site-packages/airflow/example_dags/example_trigger_target_dag.py for tasks to queue
[2021-12-10 16:24:12,903] {logging_mixin.py:104} INFO - [2021-12-10 16:24:12,902] {dagbag.py:487} INFO - Filling up the DagBag from /home/agalli/sandbox/lib/python3.6/site-packages/airflow/example_dags/example_trigger_target_dag.py
[2021-12-10 16:24:12,943] {scheduler_job.py:643} INFO - DAG(s) dict_keys(['example_trigger_target_dag']) retrieved from /home/agalli/sandbox/lib/python3.6/site-packages/airflow/example_dags/example_trigger_target_dag.py
[2021-12-10 16:24:12,989] {logging_mixin.py:104} INFO - [2021-12-10 16:24:12,989] {dag.py:1832} INFO - Sync 1 DAGs
[2021-12-10 16:24:13,013] {logging_mixin.py:104} INFO - [2021-12-10 16:24:13,013] {dag.py:2305} INFO - Setting next_dagrun for example_trigger_target_dag to None
[2021-12-10 16:24:13,067] {scheduler_job.py:190} INFO - Processing /home/agalli/sandbox/lib/python3.6/site-packages/airflow/example_dags/example_trigger_target_dag.py took 0.180 seconds
[2021-12-10 16:25:09,004] {scheduler_job.py:182} INFO - Started process (PID=1726) to work on /home/agalli/sandbox/lib/python3.6/site-packages/airflow/example_dags/example_trigger_target_dag.py
[2021-12-10 16:25:09,008] {scheduler_job.py:633} INFO - Processing file /home/agalli/sandbox/lib/python3.6/site-packages/airflow/example_dags/example_trigger_target_dag.py for tasks to queue
[2021-12-10 16:25:09,011] {logging_mixin.py:104} INFO - [2021-12-10 16:25:09,010] {dagbag.py:487} INFO - Filling up the DagBag from /home/agalli/sandbox/lib/python3.6/site-packages/airflow/example_dags/example_trigger_target_dag.py
[2021-12-10 16:25:09,050] {scheduler_job.py:643} INFO - DAG(s) dict_keys(['example_trigger_target_dag']) retrieved from /home/agalli/sandbox/lib/python3.6/site-packages/airflow/example_dags/example_trigger_target_dag.py
[2021-12-10 16:25:09,111] {logging_mixin.py:104} INFO - [2021-12-10 16:25:09,110] {dag.py:1832} INFO - Sync 1 DAGs
[2021-12-10 16:25:09,178] {logging_mixin.py:104} INFO - [2021-12-10 16:25:09,177] {dag.py:2305} INFO - Setting next_dagrun for example_trigger_target_dag to None
[2021-12-10 16:25:09,245] {scheduler_job.py:190} INFO - Processing /home/agalli/sandbox/lib/python3.6/site-packages/airflow/example_dags/example_trigger_target_dag.py took 0.249 seconds
[2021-12-10 16:25:54,270] {scheduler_job.py:182} INFO - Started process (PID=1864) to work on /home/agalli/sandbox/lib/python3.6/site-packages/airflow/example_dags/example_trigger_target_dag.py
[2021-12-10 16:25:54,286] {scheduler_job.py:633} INFO - Processing file /home/agalli/sandbox/lib/python3.6/site-packages/airflow/example_dags/example_trigger_target_dag.py for tasks to queue
[2021-12-10 16:25:54,298] {logging_mixin.py:104} INFO - [2021-12-10 16:25:54,297] {dagbag.py:487} INFO - Filling up the DagBag from /home/agalli/sandbox/lib/python3.6/site-packages/airflow/example_dags/example_trigger_target_dag.py
[2021-12-10 16:25:54,521] {scheduler_job.py:643} INFO - DAG(s) dict_keys(['example_trigger_target_dag']) retrieved from /home/agalli/sandbox/lib/python3.6/site-packages/airflow/example_dags/example_trigger_target_dag.py
[2021-12-10 16:25:54,665] {logging_mixin.py:104} INFO - [2021-12-10 16:25:54,665] {dag.py:1832} INFO - Sync 1 DAGs
[2021-12-10 16:25:54,736] {logging_mixin.py:104} INFO - [2021-12-10 16:25:54,736] {dag.py:2305} INFO - Setting next_dagrun for example_trigger_target_dag to None
[2021-12-10 16:25:54,823] {scheduler_job.py:190} INFO - Processing /home/agalli/sandbox/lib/python3.6/site-packages/airflow/example_dags/example_trigger_target_dag.py took 0.573 seconds
[2021-12-10 16:26:43,610] {scheduler_job.py:182} INFO - Started process (PID=2079) to work on /home/agalli/sandbox/lib/python3.6/site-packages/airflow/example_dags/example_trigger_target_dag.py
[2021-12-10 16:26:43,615] {scheduler_job.py:633} INFO - Processing file /home/agalli/sandbox/lib/python3.6/site-packages/airflow/example_dags/example_trigger_target_dag.py for tasks to queue
[2021-12-10 16:26:43,618] {logging_mixin.py:104} INFO - [2021-12-10 16:26:43,617] {dagbag.py:487} INFO - Filling up the DagBag from /home/agalli/sandbox/lib/python3.6/site-packages/airflow/example_dags/example_trigger_target_dag.py
[2021-12-10 16:26:43,662] {scheduler_job.py:643} INFO - DAG(s) dict_keys(['example_trigger_target_dag']) retrieved from /home/agalli/sandbox/lib/python3.6/site-packages/airflow/example_dags/example_trigger_target_dag.py
[2021-12-10 16:26:43,702] {logging_mixin.py:104} INFO - [2021-12-10 16:26:43,701] {dag.py:1832} INFO - Sync 1 DAGs
[2021-12-10 16:26:43,750] {logging_mixin.py:104} INFO - [2021-12-10 16:26:43,750] {dag.py:2305} INFO - Setting next_dagrun for example_trigger_target_dag to None
[2021-12-10 16:26:43,805] {scheduler_job.py:190} INFO - Processing /home/agalli/sandbox/lib/python3.6/site-packages/airflow/example_dags/example_trigger_target_dag.py took 0.206 seconds
[2021-12-10 16:27:24,517] {scheduler_job.py:182} INFO - Started process (PID=2272) to work on /home/agalli/sandbox/lib/python3.6/site-packages/airflow/example_dags/example_trigger_target_dag.py
[2021-12-10 16:27:24,520] {scheduler_job.py:633} INFO - Processing file /home/agalli/sandbox/lib/python3.6/site-packages/airflow/example_dags/example_trigger_target_dag.py for tasks to queue
[2021-12-10 16:27:24,523] {logging_mixin.py:104} INFO - [2021-12-10 16:27:24,522] {dagbag.py:487} INFO - Filling up the DagBag from /home/agalli/sandbox/lib/python3.6/site-packages/airflow/example_dags/example_trigger_target_dag.py
[2021-12-10 16:27:24,564] {scheduler_job.py:643} INFO - DAG(s) dict_keys(['example_trigger_target_dag']) retrieved from /home/agalli/sandbox/lib/python3.6/site-packages/airflow/example_dags/example_trigger_target_dag.py
[2021-12-10 16:27:24,745] {logging_mixin.py:104} INFO - [2021-12-10 16:27:24,745] {dag.py:1832} INFO - Sync 1 DAGs
[2021-12-10 16:27:24,913] {logging_mixin.py:104} INFO - [2021-12-10 16:27:24,912] {dag.py:2305} INFO - Setting next_dagrun for example_trigger_target_dag to None
[2021-12-10 16:27:25,020] {scheduler_job.py:190} INFO - Processing /home/agalli/sandbox/lib/python3.6/site-packages/airflow/example_dags/example_trigger_target_dag.py took 0.511 seconds
[2021-12-10 16:28:03,680] {scheduler_job.py:182} INFO - Started process (PID=2372) to work on /home/agalli/sandbox/lib/python3.6/site-packages/airflow/example_dags/example_trigger_target_dag.py
[2021-12-10 16:28:03,682] {scheduler_job.py:633} INFO - Processing file /home/agalli/sandbox/lib/python3.6/site-packages/airflow/example_dags/example_trigger_target_dag.py for tasks to queue
[2021-12-10 16:28:03,684] {logging_mixin.py:104} INFO - [2021-12-10 16:28:03,683] {dagbag.py:487} INFO - Filling up the DagBag from /home/agalli/sandbox/lib/python3.6/site-packages/airflow/example_dags/example_trigger_target_dag.py
[2021-12-10 16:28:03,722] {scheduler_job.py:643} INFO - DAG(s) dict_keys(['example_trigger_target_dag']) retrieved from /home/agalli/sandbox/lib/python3.6/site-packages/airflow/example_dags/example_trigger_target_dag.py
[2021-12-10 16:28:03,784] {logging_mixin.py:104} INFO - [2021-12-10 16:28:03,783] {dag.py:1832} INFO - Sync 1 DAGs
[2021-12-10 16:28:03,832] {logging_mixin.py:104} INFO - [2021-12-10 16:28:03,832] {dag.py:2305} INFO - Setting next_dagrun for example_trigger_target_dag to None
[2021-12-10 16:28:03,877] {scheduler_job.py:190} INFO - Processing /home/agalli/sandbox/lib/python3.6/site-packages/airflow/example_dags/example_trigger_target_dag.py took 0.202 seconds
[2021-12-10 16:28:55,267] {scheduler_job.py:182} INFO - Started process (PID=2622) to work on /home/agalli/sandbox/lib/python3.6/site-packages/airflow/example_dags/example_trigger_target_dag.py
[2021-12-10 16:28:55,273] {scheduler_job.py:633} INFO - Processing file /home/agalli/sandbox/lib/python3.6/site-packages/airflow/example_dags/example_trigger_target_dag.py for tasks to queue
[2021-12-10 16:28:55,278] {logging_mixin.py:104} INFO - [2021-12-10 16:28:55,277] {dagbag.py:487} INFO - Filling up the DagBag from /home/agalli/sandbox/lib/python3.6/site-packages/airflow/example_dags/example_trigger_target_dag.py
[2021-12-10 16:28:55,365] {scheduler_job.py:643} INFO - DAG(s) dict_keys(['example_trigger_target_dag']) retrieved from /home/agalli/sandbox/lib/python3.6/site-packages/airflow/example_dags/example_trigger_target_dag.py
[2021-12-10 16:28:55,652] {logging_mixin.py:104} INFO - [2021-12-10 16:28:55,651] {dag.py:1832} INFO - Sync 1 DAGs
[2021-12-10 16:28:55,750] {logging_mixin.py:104} INFO - [2021-12-10 16:28:55,750] {dag.py:2305} INFO - Setting next_dagrun for example_trigger_target_dag to None
[2021-12-10 16:28:55,957] {scheduler_job.py:190} INFO - Processing /home/agalli/sandbox/lib/python3.6/site-packages/airflow/example_dags/example_trigger_target_dag.py took 0.706 seconds
[2021-12-10 16:29:47,233] {scheduler_job.py:182} INFO - Started process (PID=2656) to work on /home/agalli/sandbox/lib/python3.6/site-packages/airflow/example_dags/example_trigger_target_dag.py
[2021-12-10 16:29:47,236] {scheduler_job.py:633} INFO - Processing file /home/agalli/sandbox/lib/python3.6/site-packages/airflow/example_dags/example_trigger_target_dag.py for tasks to queue
[2021-12-10 16:29:47,241] {logging_mixin.py:104} INFO - [2021-12-10 16:29:47,241] {dagbag.py:487} INFO - Filling up the DagBag from /home/agalli/sandbox/lib/python3.6/site-packages/airflow/example_dags/example_trigger_target_dag.py
[2021-12-10 16:29:47,268] {scheduler_job.py:643} INFO - DAG(s) dict_keys(['example_trigger_target_dag']) retrieved from /home/agalli/sandbox/lib/python3.6/site-packages/airflow/example_dags/example_trigger_target_dag.py
[2021-12-10 16:29:47,302] {logging_mixin.py:104} INFO - [2021-12-10 16:29:47,302] {dag.py:1832} INFO - Sync 1 DAGs
[2021-12-10 16:29:47,350] {logging_mixin.py:104} INFO - [2021-12-10 16:29:47,350] {dag.py:2305} INFO - Setting next_dagrun for example_trigger_target_dag to None
[2021-12-10 16:29:47,387] {scheduler_job.py:190} INFO - Processing /home/agalli/sandbox/lib/python3.6/site-packages/airflow/example_dags/example_trigger_target_dag.py took 0.158 seconds
[2021-12-10 16:30:26,654] {scheduler_job.py:182} INFO - Started process (PID=2686) to work on /home/agalli/sandbox/lib/python3.6/site-packages/airflow/example_dags/example_trigger_target_dag.py
[2021-12-10 16:30:26,656] {scheduler_job.py:633} INFO - Processing file /home/agalli/sandbox/lib/python3.6/site-packages/airflow/example_dags/example_trigger_target_dag.py for tasks to queue
[2021-12-10 16:30:26,657] {logging_mixin.py:104} INFO - [2021-12-10 16:30:26,657] {dagbag.py:487} INFO - Filling up the DagBag from /home/agalli/sandbox/lib/python3.6/site-packages/airflow/example_dags/example_trigger_target_dag.py
[2021-12-10 16:30:26,675] {scheduler_job.py:643} INFO - DAG(s) dict_keys(['example_trigger_target_dag']) retrieved from /home/agalli/sandbox/lib/python3.6/site-packages/airflow/example_dags/example_trigger_target_dag.py
[2021-12-10 16:30:26,692] {logging_mixin.py:104} INFO - [2021-12-10 16:30:26,692] {dag.py:1832} INFO - Sync 1 DAGs
[2021-12-10 16:30:26,707] {logging_mixin.py:104} INFO - [2021-12-10 16:30:26,707] {dag.py:2305} INFO - Setting next_dagrun for example_trigger_target_dag to None
[2021-12-10 16:30:26,741] {scheduler_job.py:190} INFO - Processing /home/agalli/sandbox/lib/python3.6/site-packages/airflow/example_dags/example_trigger_target_dag.py took 0.091 seconds
[2021-12-10 16:31:22,221] {scheduler_job.py:182} INFO - Started process (PID=2991) to work on /home/agalli/sandbox/lib/python3.6/site-packages/airflow/example_dags/example_trigger_target_dag.py
[2021-12-10 16:31:22,224] {scheduler_job.py:633} INFO - Processing file /home/agalli/sandbox/lib/python3.6/site-packages/airflow/example_dags/example_trigger_target_dag.py for tasks to queue
[2021-12-10 16:31:22,226] {logging_mixin.py:104} INFO - [2021-12-10 16:31:22,226] {dagbag.py:487} INFO - Filling up the DagBag from /home/agalli/sandbox/lib/python3.6/site-packages/airflow/example_dags/example_trigger_target_dag.py
[2021-12-10 16:31:22,295] {scheduler_job.py:643} INFO - DAG(s) dict_keys(['example_trigger_target_dag']) retrieved from /home/agalli/sandbox/lib/python3.6/site-packages/airflow/example_dags/example_trigger_target_dag.py
[2021-12-10 16:31:22,541] {logging_mixin.py:104} INFO - [2021-12-10 16:31:22,540] {dag.py:1832} INFO - Sync 1 DAGs
[2021-12-10 16:31:22,570] {logging_mixin.py:104} INFO - [2021-12-10 16:31:22,569] {dag.py:2305} INFO - Setting next_dagrun for example_trigger_target_dag to None
[2021-12-10 16:31:22,605] {scheduler_job.py:190} INFO - Processing /home/agalli/sandbox/lib/python3.6/site-packages/airflow/example_dags/example_trigger_target_dag.py took 0.393 seconds
[2021-12-10 16:32:12,308] {scheduler_job.py:182} INFO - Started process (PID=3026) to work on /home/agalli/sandbox/lib/python3.6/site-packages/airflow/example_dags/example_trigger_target_dag.py
[2021-12-10 16:32:12,321] {scheduler_job.py:633} INFO - Processing file /home/agalli/sandbox/lib/python3.6/site-packages/airflow/example_dags/example_trigger_target_dag.py for tasks to queue
[2021-12-10 16:32:12,324] {logging_mixin.py:104} INFO - [2021-12-10 16:32:12,324] {dagbag.py:487} INFO - Filling up the DagBag from /home/agalli/sandbox/lib/python3.6/site-packages/airflow/example_dags/example_trigger_target_dag.py
[2021-12-10 16:32:12,380] {scheduler_job.py:643} INFO - DAG(s) dict_keys(['example_trigger_target_dag']) retrieved from /home/agalli/sandbox/lib/python3.6/site-packages/airflow/example_dags/example_trigger_target_dag.py
[2021-12-10 16:32:12,451] {logging_mixin.py:104} INFO - [2021-12-10 16:32:12,450] {dag.py:1832} INFO - Sync 1 DAGs
[2021-12-10 16:32:12,555] {logging_mixin.py:104} INFO - [2021-12-10 16:32:12,533] {dag.py:2305} INFO - Setting next_dagrun for example_trigger_target_dag to None
[2021-12-10 16:32:12,729] {scheduler_job.py:190} INFO - Processing /home/agalli/sandbox/lib/python3.6/site-packages/airflow/example_dags/example_trigger_target_dag.py took 0.454 seconds
[2021-12-10 16:33:19,259] {scheduler_job.py:182} INFO - Started process (PID=3442) to work on /home/agalli/sandbox/lib/python3.6/site-packages/airflow/example_dags/example_trigger_target_dag.py
[2021-12-10 16:33:19,265] {scheduler_job.py:633} INFO - Processing file /home/agalli/sandbox/lib/python3.6/site-packages/airflow/example_dags/example_trigger_target_dag.py for tasks to queue
[2021-12-10 16:33:19,268] {logging_mixin.py:104} INFO - [2021-12-10 16:33:19,268] {dagbag.py:487} INFO - Filling up the DagBag from /home/agalli/sandbox/lib/python3.6/site-packages/airflow/example_dags/example_trigger_target_dag.py
[2021-12-10 16:33:19,351] {scheduler_job.py:643} INFO - DAG(s) dict_keys(['example_trigger_target_dag']) retrieved from /home/agalli/sandbox/lib/python3.6/site-packages/airflow/example_dags/example_trigger_target_dag.py
[2021-12-10 16:33:19,385] {logging_mixin.py:104} INFO - [2021-12-10 16:33:19,384] {dag.py:1832} INFO - Sync 1 DAGs
[2021-12-10 16:33:19,426] {logging_mixin.py:104} INFO - [2021-12-10 16:33:19,425] {dag.py:2305} INFO - Setting next_dagrun for example_trigger_target_dag to None
[2021-12-10 16:33:19,488] {scheduler_job.py:190} INFO - Processing /home/agalli/sandbox/lib/python3.6/site-packages/airflow/example_dags/example_trigger_target_dag.py took 0.234 seconds
[2021-12-10 16:34:31,087] {scheduler_job.py:182} INFO - Started process (PID=3802) to work on /home/agalli/sandbox/lib/python3.6/site-packages/airflow/example_dags/example_trigger_target_dag.py
[2021-12-10 16:34:31,089] {scheduler_job.py:633} INFO - Processing file /home/agalli/sandbox/lib/python3.6/site-packages/airflow/example_dags/example_trigger_target_dag.py for tasks to queue
[2021-12-10 16:34:31,091] {logging_mixin.py:104} INFO - [2021-12-10 16:34:31,090] {dagbag.py:487} INFO - Filling up the DagBag from /home/agalli/sandbox/lib/python3.6/site-packages/airflow/example_dags/example_trigger_target_dag.py
[2021-12-10 16:34:31,130] {scheduler_job.py:643} INFO - DAG(s) dict_keys(['example_trigger_target_dag']) retrieved from /home/agalli/sandbox/lib/python3.6/site-packages/airflow/example_dags/example_trigger_target_dag.py
[2021-12-10 16:34:31,177] {logging_mixin.py:104} INFO - [2021-12-10 16:34:31,177] {dag.py:1832} INFO - Sync 1 DAGs
[2021-12-10 16:34:31,212] {logging_mixin.py:104} INFO - [2021-12-10 16:34:31,212] {dag.py:2305} INFO - Setting next_dagrun for example_trigger_target_dag to None
[2021-12-10 16:34:31,238] {scheduler_job.py:190} INFO - Processing /home/agalli/sandbox/lib/python3.6/site-packages/airflow/example_dags/example_trigger_target_dag.py took 0.157 seconds
[2021-12-10 16:35:09,085] {scheduler_job.py:182} INFO - Started process (PID=3837) to work on /home/agalli/sandbox/lib/python3.6/site-packages/airflow/example_dags/example_trigger_target_dag.py
[2021-12-10 16:35:09,094] {scheduler_job.py:633} INFO - Processing file /home/agalli/sandbox/lib/python3.6/site-packages/airflow/example_dags/example_trigger_target_dag.py for tasks to queue
[2021-12-10 16:35:09,096] {logging_mixin.py:104} INFO - [2021-12-10 16:35:09,096] {dagbag.py:487} INFO - Filling up the DagBag from /home/agalli/sandbox/lib/python3.6/site-packages/airflow/example_dags/example_trigger_target_dag.py
[2021-12-10 16:35:09,134] {scheduler_job.py:643} INFO - DAG(s) dict_keys(['example_trigger_target_dag']) retrieved from /home/agalli/sandbox/lib/python3.6/site-packages/airflow/example_dags/example_trigger_target_dag.py
[2021-12-10 16:35:09,174] {logging_mixin.py:104} INFO - [2021-12-10 16:35:09,174] {dag.py:1832} INFO - Sync 1 DAGs
[2021-12-10 16:35:09,202] {logging_mixin.py:104} INFO - [2021-12-10 16:35:09,202] {dag.py:2305} INFO - Setting next_dagrun for example_trigger_target_dag to None
[2021-12-10 16:35:09,237] {scheduler_job.py:190} INFO - Processing /home/agalli/sandbox/lib/python3.6/site-packages/airflow/example_dags/example_trigger_target_dag.py took 0.164 seconds
[2021-12-10 16:35:55,749] {scheduler_job.py:182} INFO - Started process (PID=3870) to work on /home/agalli/sandbox/lib/python3.6/site-packages/airflow/example_dags/example_trigger_target_dag.py
[2021-12-10 16:35:55,764] {scheduler_job.py:633} INFO - Processing file /home/agalli/sandbox/lib/python3.6/site-packages/airflow/example_dags/example_trigger_target_dag.py for tasks to queue
[2021-12-10 16:35:55,766] {logging_mixin.py:104} INFO - [2021-12-10 16:35:55,766] {dagbag.py:487} INFO - Filling up the DagBag from /home/agalli/sandbox/lib/python3.6/site-packages/airflow/example_dags/example_trigger_target_dag.py
[2021-12-10 16:35:55,873] {scheduler_job.py:643} INFO - DAG(s) dict_keys(['example_trigger_target_dag']) retrieved from /home/agalli/sandbox/lib/python3.6/site-packages/airflow/example_dags/example_trigger_target_dag.py
[2021-12-10 16:35:55,928] {logging_mixin.py:104} INFO - [2021-12-10 16:35:55,928] {dag.py:1832} INFO - Sync 1 DAGs
[2021-12-10 16:35:56,107] {logging_mixin.py:104} INFO - [2021-12-10 16:35:56,106] {dag.py:2305} INFO - Setting next_dagrun for example_trigger_target_dag to None
[2021-12-10 16:35:56,213] {scheduler_job.py:190} INFO - Processing /home/agalli/sandbox/lib/python3.6/site-packages/airflow/example_dags/example_trigger_target_dag.py took 0.479 seconds
