[2021-12-10 16:23:49,092] {scheduler_job.py:182} INFO - Started process (PID=1676) to work on /home/agalli/sandbox/lib/python3.6/site-packages/airflow/example_dags/example_branch_operator.py
[2021-12-10 16:23:49,095] {scheduler_job.py:633} INFO - Processing file /home/agalli/sandbox/lib/python3.6/site-packages/airflow/example_dags/example_branch_operator.py for tasks to queue
[2021-12-10 16:23:49,103] {logging_mixin.py:104} INFO - [2021-12-10 16:23:49,101] {dagbag.py:487} INFO - Filling up the DagBag from /home/agalli/sandbox/lib/python3.6/site-packages/airflow/example_dags/example_branch_operator.py
[2021-12-10 16:23:49,161] {scheduler_job.py:643} INFO - DAG(s) dict_keys(['example_branch_operator']) retrieved from /home/agalli/sandbox/lib/python3.6/site-packages/airflow/example_dags/example_branch_operator.py
[2021-12-10 16:23:49,812] {logging_mixin.py:104} INFO - [2021-12-10 16:23:49,812] {dag.py:1832} INFO - Sync 1 DAGs
[2021-12-10 16:23:49,839] {logging_mixin.py:104} INFO - [2021-12-10 16:23:49,839] {dag.py:2305} INFO - Setting next_dagrun for example_branch_operator to 2021-12-08 00:00:00+00:00
[2021-12-10 16:23:49,938] {scheduler_job.py:190} INFO - Processing /home/agalli/sandbox/lib/python3.6/site-packages/airflow/example_dags/example_branch_operator.py took 0.857 seconds
[2021-12-10 16:24:45,919] {scheduler_job.py:182} INFO - Started process (PID=1711) to work on /home/agalli/sandbox/lib/python3.6/site-packages/airflow/example_dags/example_branch_operator.py
[2021-12-10 16:24:45,923] {scheduler_job.py:633} INFO - Processing file /home/agalli/sandbox/lib/python3.6/site-packages/airflow/example_dags/example_branch_operator.py for tasks to queue
[2021-12-10 16:24:45,936] {logging_mixin.py:104} INFO - [2021-12-10 16:24:45,936] {dagbag.py:487} INFO - Filling up the DagBag from /home/agalli/sandbox/lib/python3.6/site-packages/airflow/example_dags/example_branch_operator.py
[2021-12-10 16:24:46,297] {scheduler_job.py:643} INFO - DAG(s) dict_keys(['example_branch_operator']) retrieved from /home/agalli/sandbox/lib/python3.6/site-packages/airflow/example_dags/example_branch_operator.py
[2021-12-10 16:24:46,405] {logging_mixin.py:104} INFO - [2021-12-10 16:24:46,404] {dag.py:1832} INFO - Sync 1 DAGs
[2021-12-10 16:24:46,577] {logging_mixin.py:104} INFO - [2021-12-10 16:24:46,567] {dag.py:2305} INFO - Setting next_dagrun for example_branch_operator to 2021-12-08 00:00:00+00:00
[2021-12-10 16:24:46,836] {scheduler_job.py:190} INFO - Processing /home/agalli/sandbox/lib/python3.6/site-packages/airflow/example_dags/example_branch_operator.py took 0.947 seconds
[2021-12-10 16:25:37,164] {scheduler_job.py:182} INFO - Started process (PID=1773) to work on /home/agalli/sandbox/lib/python3.6/site-packages/airflow/example_dags/example_branch_operator.py
[2021-12-10 16:25:37,171] {scheduler_job.py:633} INFO - Processing file /home/agalli/sandbox/lib/python3.6/site-packages/airflow/example_dags/example_branch_operator.py for tasks to queue
[2021-12-10 16:25:37,173] {logging_mixin.py:104} INFO - [2021-12-10 16:25:37,173] {dagbag.py:487} INFO - Filling up the DagBag from /home/agalli/sandbox/lib/python3.6/site-packages/airflow/example_dags/example_branch_operator.py
[2021-12-10 16:25:37,354] {scheduler_job.py:643} INFO - DAG(s) dict_keys(['example_branch_operator']) retrieved from /home/agalli/sandbox/lib/python3.6/site-packages/airflow/example_dags/example_branch_operator.py
[2021-12-10 16:25:37,437] {logging_mixin.py:104} INFO - [2021-12-10 16:25:37,437] {dag.py:1832} INFO - Sync 1 DAGs
[2021-12-10 16:25:37,489] {logging_mixin.py:104} INFO - [2021-12-10 16:25:37,489] {dag.py:2305} INFO - Setting next_dagrun for example_branch_operator to 2021-12-08 00:00:00+00:00
[2021-12-10 16:25:37,527] {scheduler_job.py:190} INFO - Processing /home/agalli/sandbox/lib/python3.6/site-packages/airflow/example_dags/example_branch_operator.py took 0.374 seconds
[2021-12-10 16:26:38,704] {scheduler_job.py:182} INFO - Started process (PID=2045) to work on /home/agalli/sandbox/lib/python3.6/site-packages/airflow/example_dags/example_branch_operator.py
[2021-12-10 16:26:38,708] {scheduler_job.py:633} INFO - Processing file /home/agalli/sandbox/lib/python3.6/site-packages/airflow/example_dags/example_branch_operator.py for tasks to queue
[2021-12-10 16:26:38,709] {logging_mixin.py:104} INFO - [2021-12-10 16:26:38,709] {dagbag.py:487} INFO - Filling up the DagBag from /home/agalli/sandbox/lib/python3.6/site-packages/airflow/example_dags/example_branch_operator.py
[2021-12-10 16:26:38,874] {scheduler_job.py:643} INFO - DAG(s) dict_keys(['example_branch_operator']) retrieved from /home/agalli/sandbox/lib/python3.6/site-packages/airflow/example_dags/example_branch_operator.py
[2021-12-10 16:26:38,913] {logging_mixin.py:104} INFO - [2021-12-10 16:26:38,912] {dag.py:1832} INFO - Sync 1 DAGs
[2021-12-10 16:26:38,945] {logging_mixin.py:104} INFO - [2021-12-10 16:26:38,945] {dag.py:2305} INFO - Setting next_dagrun for example_branch_operator to 2021-12-08 00:00:00+00:00
[2021-12-10 16:26:38,971] {scheduler_job.py:190} INFO - Processing /home/agalli/sandbox/lib/python3.6/site-packages/airflow/example_dags/example_branch_operator.py took 0.273 seconds
[2021-12-10 16:27:35,186] {scheduler_job.py:182} INFO - Started process (PID=2279) to work on /home/agalli/sandbox/lib/python3.6/site-packages/airflow/example_dags/example_branch_operator.py
[2021-12-10 16:27:35,192] {scheduler_job.py:633} INFO - Processing file /home/agalli/sandbox/lib/python3.6/site-packages/airflow/example_dags/example_branch_operator.py for tasks to queue
[2021-12-10 16:27:35,199] {logging_mixin.py:104} INFO - [2021-12-10 16:27:35,199] {dagbag.py:487} INFO - Filling up the DagBag from /home/agalli/sandbox/lib/python3.6/site-packages/airflow/example_dags/example_branch_operator.py
[2021-12-10 16:27:35,258] {scheduler_job.py:643} INFO - DAG(s) dict_keys(['example_branch_operator']) retrieved from /home/agalli/sandbox/lib/python3.6/site-packages/airflow/example_dags/example_branch_operator.py
[2021-12-10 16:27:35,288] {logging_mixin.py:104} INFO - [2021-12-10 16:27:35,287] {dag.py:1832} INFO - Sync 1 DAGs
[2021-12-10 16:27:35,313] {logging_mixin.py:104} INFO - [2021-12-10 16:27:35,313] {dag.py:2305} INFO - Setting next_dagrun for example_branch_operator to 2021-12-08 00:00:00+00:00
[2021-12-10 16:27:35,343] {scheduler_job.py:190} INFO - Processing /home/agalli/sandbox/lib/python3.6/site-packages/airflow/example_dags/example_branch_operator.py took 0.166 seconds
[2021-12-10 16:28:46,663] {scheduler_job.py:182} INFO - Started process (PID=2616) to work on /home/agalli/sandbox/lib/python3.6/site-packages/airflow/example_dags/example_branch_operator.py
[2021-12-10 16:28:46,667] {scheduler_job.py:633} INFO - Processing file /home/agalli/sandbox/lib/python3.6/site-packages/airflow/example_dags/example_branch_operator.py for tasks to queue
[2021-12-10 16:28:46,679] {logging_mixin.py:104} INFO - [2021-12-10 16:28:46,669] {dagbag.py:487} INFO - Filling up the DagBag from /home/agalli/sandbox/lib/python3.6/site-packages/airflow/example_dags/example_branch_operator.py
[2021-12-10 16:28:46,752] {scheduler_job.py:643} INFO - DAG(s) dict_keys(['example_branch_operator']) retrieved from /home/agalli/sandbox/lib/python3.6/site-packages/airflow/example_dags/example_branch_operator.py
[2021-12-10 16:28:46,809] {logging_mixin.py:104} INFO - [2021-12-10 16:28:46,809] {dag.py:1832} INFO - Sync 1 DAGs
[2021-12-10 16:28:46,968] {logging_mixin.py:104} INFO - [2021-12-10 16:28:46,967] {dag.py:2305} INFO - Setting next_dagrun for example_branch_operator to 2021-12-08 00:00:00+00:00
[2021-12-10 16:28:47,028] {scheduler_job.py:190} INFO - Processing /home/agalli/sandbox/lib/python3.6/site-packages/airflow/example_dags/example_branch_operator.py took 0.395 seconds
[2021-12-10 16:29:40,582] {scheduler_job.py:182} INFO - Started process (PID=2651) to work on /home/agalli/sandbox/lib/python3.6/site-packages/airflow/example_dags/example_branch_operator.py
[2021-12-10 16:29:40,584] {scheduler_job.py:633} INFO - Processing file /home/agalli/sandbox/lib/python3.6/site-packages/airflow/example_dags/example_branch_operator.py for tasks to queue
[2021-12-10 16:29:40,586] {logging_mixin.py:104} INFO - [2021-12-10 16:29:40,585] {dagbag.py:487} INFO - Filling up the DagBag from /home/agalli/sandbox/lib/python3.6/site-packages/airflow/example_dags/example_branch_operator.py
[2021-12-10 16:29:40,624] {scheduler_job.py:643} INFO - DAG(s) dict_keys(['example_branch_operator']) retrieved from /home/agalli/sandbox/lib/python3.6/site-packages/airflow/example_dags/example_branch_operator.py
[2021-12-10 16:29:40,663] {logging_mixin.py:104} INFO - [2021-12-10 16:29:40,663] {dag.py:1832} INFO - Sync 1 DAGs
[2021-12-10 16:29:40,722] {logging_mixin.py:104} INFO - [2021-12-10 16:29:40,722] {dag.py:2305} INFO - Setting next_dagrun for example_branch_operator to 2021-12-08 00:00:00+00:00
[2021-12-10 16:29:40,952] {scheduler_job.py:190} INFO - Processing /home/agalli/sandbox/lib/python3.6/site-packages/airflow/example_dags/example_branch_operator.py took 0.376 seconds
[2021-12-10 16:30:35,048] {scheduler_job.py:182} INFO - Started process (PID=2693) to work on /home/agalli/sandbox/lib/python3.6/site-packages/airflow/example_dags/example_branch_operator.py
[2021-12-10 16:30:35,052] {scheduler_job.py:633} INFO - Processing file /home/agalli/sandbox/lib/python3.6/site-packages/airflow/example_dags/example_branch_operator.py for tasks to queue
[2021-12-10 16:30:35,054] {logging_mixin.py:104} INFO - [2021-12-10 16:30:35,054] {dagbag.py:487} INFO - Filling up the DagBag from /home/agalli/sandbox/lib/python3.6/site-packages/airflow/example_dags/example_branch_operator.py
[2021-12-10 16:30:35,145] {scheduler_job.py:643} INFO - DAG(s) dict_keys(['example_branch_operator']) retrieved from /home/agalli/sandbox/lib/python3.6/site-packages/airflow/example_dags/example_branch_operator.py
[2021-12-10 16:30:35,190] {logging_mixin.py:104} INFO - [2021-12-10 16:30:35,190] {dag.py:1832} INFO - Sync 1 DAGs
[2021-12-10 16:30:35,236] {logging_mixin.py:104} INFO - [2021-12-10 16:30:35,235] {dag.py:2305} INFO - Setting next_dagrun for example_branch_operator to 2021-12-08 00:00:00+00:00
[2021-12-10 16:30:35,275] {scheduler_job.py:190} INFO - Processing /home/agalli/sandbox/lib/python3.6/site-packages/airflow/example_dags/example_branch_operator.py took 0.235 seconds
[2021-12-10 16:31:42,005] {scheduler_job.py:182} INFO - Started process (PID=3004) to work on /home/agalli/sandbox/lib/python3.6/site-packages/airflow/example_dags/example_branch_operator.py
[2021-12-10 16:31:42,014] {scheduler_job.py:633} INFO - Processing file /home/agalli/sandbox/lib/python3.6/site-packages/airflow/example_dags/example_branch_operator.py for tasks to queue
[2021-12-10 16:31:42,016] {logging_mixin.py:104} INFO - [2021-12-10 16:31:42,016] {dagbag.py:487} INFO - Filling up the DagBag from /home/agalli/sandbox/lib/python3.6/site-packages/airflow/example_dags/example_branch_operator.py
[2021-12-10 16:31:42,176] {scheduler_job.py:643} INFO - DAG(s) dict_keys(['example_branch_operator']) retrieved from /home/agalli/sandbox/lib/python3.6/site-packages/airflow/example_dags/example_branch_operator.py
[2021-12-10 16:31:42,229] {logging_mixin.py:104} INFO - [2021-12-10 16:31:42,228] {dag.py:1832} INFO - Sync 1 DAGs
[2021-12-10 16:31:42,265] {logging_mixin.py:104} INFO - [2021-12-10 16:31:42,265] {dag.py:2305} INFO - Setting next_dagrun for example_branch_operator to 2021-12-08 00:00:00+00:00
[2021-12-10 16:31:42,305] {scheduler_job.py:190} INFO - Processing /home/agalli/sandbox/lib/python3.6/site-packages/airflow/example_dags/example_branch_operator.py took 0.305 seconds
[2021-12-10 16:32:37,824] {scheduler_job.py:182} INFO - Started process (PID=3127) to work on /home/agalli/sandbox/lib/python3.6/site-packages/airflow/example_dags/example_branch_operator.py
[2021-12-10 16:32:37,831] {scheduler_job.py:633} INFO - Processing file /home/agalli/sandbox/lib/python3.6/site-packages/airflow/example_dags/example_branch_operator.py for tasks to queue
[2021-12-10 16:32:37,835] {logging_mixin.py:104} INFO - [2021-12-10 16:32:37,835] {dagbag.py:487} INFO - Filling up the DagBag from /home/agalli/sandbox/lib/python3.6/site-packages/airflow/example_dags/example_branch_operator.py
[2021-12-10 16:32:37,876] {scheduler_job.py:643} INFO - DAG(s) dict_keys(['example_branch_operator']) retrieved from /home/agalli/sandbox/lib/python3.6/site-packages/airflow/example_dags/example_branch_operator.py
[2021-12-10 16:32:37,915] {logging_mixin.py:104} INFO - [2021-12-10 16:32:37,914] {dag.py:1832} INFO - Sync 1 DAGs
[2021-12-10 16:32:38,070] {logging_mixin.py:104} INFO - [2021-12-10 16:32:38,070] {dag.py:2305} INFO - Setting next_dagrun for example_branch_operator to 2021-12-08 00:00:00+00:00
[2021-12-10 16:32:38,152] {scheduler_job.py:190} INFO - Processing /home/agalli/sandbox/lib/python3.6/site-packages/airflow/example_dags/example_branch_operator.py took 0.336 seconds
[2021-12-10 16:34:18,521] {scheduler_job.py:182} INFO - Started process (PID=3790) to work on /home/agalli/sandbox/lib/python3.6/site-packages/airflow/example_dags/example_branch_operator.py
[2021-12-10 16:34:18,522] {scheduler_job.py:633} INFO - Processing file /home/agalli/sandbox/lib/python3.6/site-packages/airflow/example_dags/example_branch_operator.py for tasks to queue
[2021-12-10 16:34:18,523] {logging_mixin.py:104} INFO - [2021-12-10 16:34:18,523] {dagbag.py:487} INFO - Filling up the DagBag from /home/agalli/sandbox/lib/python3.6/site-packages/airflow/example_dags/example_branch_operator.py
[2021-12-10 16:34:18,540] {scheduler_job.py:643} INFO - DAG(s) dict_keys(['example_branch_operator']) retrieved from /home/agalli/sandbox/lib/python3.6/site-packages/airflow/example_dags/example_branch_operator.py
[2021-12-10 16:34:18,555] {logging_mixin.py:104} INFO - [2021-12-10 16:34:18,555] {dag.py:1832} INFO - Sync 1 DAGs
[2021-12-10 16:34:18,574] {logging_mixin.py:104} INFO - [2021-12-10 16:34:18,574] {dag.py:2305} INFO - Setting next_dagrun for example_branch_operator to 2021-12-08 00:00:00+00:00
[2021-12-10 16:34:18,601] {scheduler_job.py:190} INFO - Processing /home/agalli/sandbox/lib/python3.6/site-packages/airflow/example_dags/example_branch_operator.py took 0.084 seconds
[2021-12-10 16:34:58,374] {scheduler_job.py:182} INFO - Started process (PID=3825) to work on /home/agalli/sandbox/lib/python3.6/site-packages/airflow/example_dags/example_branch_operator.py
[2021-12-10 16:34:58,375] {scheduler_job.py:633} INFO - Processing file /home/agalli/sandbox/lib/python3.6/site-packages/airflow/example_dags/example_branch_operator.py for tasks to queue
[2021-12-10 16:34:58,376] {logging_mixin.py:104} INFO - [2021-12-10 16:34:58,376] {dagbag.py:487} INFO - Filling up the DagBag from /home/agalli/sandbox/lib/python3.6/site-packages/airflow/example_dags/example_branch_operator.py
[2021-12-10 16:34:58,393] {scheduler_job.py:643} INFO - DAG(s) dict_keys(['example_branch_operator']) retrieved from /home/agalli/sandbox/lib/python3.6/site-packages/airflow/example_dags/example_branch_operator.py
[2021-12-10 16:34:58,410] {logging_mixin.py:104} INFO - [2021-12-10 16:34:58,410] {dag.py:1832} INFO - Sync 1 DAGs
[2021-12-10 16:34:58,426] {logging_mixin.py:104} INFO - [2021-12-10 16:34:58,425] {dag.py:2305} INFO - Setting next_dagrun for example_branch_operator to 2021-12-08 00:00:00+00:00
[2021-12-10 16:34:58,449] {scheduler_job.py:190} INFO - Processing /home/agalli/sandbox/lib/python3.6/site-packages/airflow/example_dags/example_branch_operator.py took 0.078 seconds
[2021-12-10 16:35:42,279] {scheduler_job.py:182} INFO - Started process (PID=3860) to work on /home/agalli/sandbox/lib/python3.6/site-packages/airflow/example_dags/example_branch_operator.py
[2021-12-10 16:35:42,286] {scheduler_job.py:633} INFO - Processing file /home/agalli/sandbox/lib/python3.6/site-packages/airflow/example_dags/example_branch_operator.py for tasks to queue
[2021-12-10 16:35:42,290] {logging_mixin.py:104} INFO - [2021-12-10 16:35:42,289] {dagbag.py:487} INFO - Filling up the DagBag from /home/agalli/sandbox/lib/python3.6/site-packages/airflow/example_dags/example_branch_operator.py
[2021-12-10 16:35:42,355] {scheduler_job.py:643} INFO - DAG(s) dict_keys(['example_branch_operator']) retrieved from /home/agalli/sandbox/lib/python3.6/site-packages/airflow/example_dags/example_branch_operator.py
[2021-12-10 16:35:42,391] {logging_mixin.py:104} INFO - [2021-12-10 16:35:42,391] {dag.py:1832} INFO - Sync 1 DAGs
[2021-12-10 16:35:42,479] {logging_mixin.py:104} INFO - [2021-12-10 16:35:42,479] {dag.py:2305} INFO - Setting next_dagrun for example_branch_operator to 2021-12-08 00:00:00+00:00
[2021-12-10 16:35:42,558] {scheduler_job.py:190} INFO - Processing /home/agalli/sandbox/lib/python3.6/site-packages/airflow/example_dags/example_branch_operator.py took 0.291 seconds
