[2021-12-10 16:23:33,069] {scheduler_job.py:182} INFO - Started process (PID=1667) to work on /home/agalli/sandbox/lib/python3.6/site-packages/airflow/example_dags/example_latest_only_with_trigger.py
[2021-12-10 16:23:33,072] {scheduler_job.py:633} INFO - Processing file /home/agalli/sandbox/lib/python3.6/site-packages/airflow/example_dags/example_latest_only_with_trigger.py for tasks to queue
[2021-12-10 16:23:33,074] {logging_mixin.py:104} INFO - [2021-12-10 16:23:33,073] {dagbag.py:487} INFO - Filling up the DagBag from /home/agalli/sandbox/lib/python3.6/site-packages/airflow/example_dags/example_latest_only_with_trigger.py
[2021-12-10 16:23:33,118] {scheduler_job.py:643} INFO - DAG(s) dict_keys(['latest_only_with_trigger']) retrieved from /home/agalli/sandbox/lib/python3.6/site-packages/airflow/example_dags/example_latest_only_with_trigger.py
[2021-12-10 16:23:33,704] {logging_mixin.py:104} INFO - [2021-12-10 16:23:33,704] {dag.py:1832} INFO - Sync 1 DAGs
[2021-12-10 16:23:33,726] {logging_mixin.py:104} INFO - [2021-12-10 16:23:33,725] {dag.py:2305} INFO - Setting next_dagrun for latest_only_with_trigger to 2021-12-08 00:00:00+00:00
[2021-12-10 16:23:33,838] {scheduler_job.py:190} INFO - Processing /home/agalli/sandbox/lib/python3.6/site-packages/airflow/example_dags/example_latest_only_with_trigger.py took 0.776 seconds
[2021-12-10 16:24:31,632] {scheduler_job.py:182} INFO - Started process (PID=1702) to work on /home/agalli/sandbox/lib/python3.6/site-packages/airflow/example_dags/example_latest_only_with_trigger.py
[2021-12-10 16:24:31,639] {scheduler_job.py:633} INFO - Processing file /home/agalli/sandbox/lib/python3.6/site-packages/airflow/example_dags/example_latest_only_with_trigger.py for tasks to queue
[2021-12-10 16:24:31,647] {logging_mixin.py:104} INFO - [2021-12-10 16:24:31,646] {dagbag.py:487} INFO - Filling up the DagBag from /home/agalli/sandbox/lib/python3.6/site-packages/airflow/example_dags/example_latest_only_with_trigger.py
[2021-12-10 16:24:31,888] {scheduler_job.py:643} INFO - DAG(s) dict_keys(['latest_only_with_trigger']) retrieved from /home/agalli/sandbox/lib/python3.6/site-packages/airflow/example_dags/example_latest_only_with_trigger.py
[2021-12-10 16:24:32,405] {logging_mixin.py:104} INFO - [2021-12-10 16:24:32,404] {dag.py:1832} INFO - Sync 1 DAGs
[2021-12-10 16:24:32,515] {logging_mixin.py:104} INFO - [2021-12-10 16:24:32,515] {dag.py:2305} INFO - Setting next_dagrun for latest_only_with_trigger to 2021-12-08 00:00:00+00:00
[2021-12-10 16:24:32,609] {scheduler_job.py:190} INFO - Processing /home/agalli/sandbox/lib/python3.6/site-packages/airflow/example_dags/example_latest_only_with_trigger.py took 0.995 seconds
[2021-12-10 16:25:24,425] {scheduler_job.py:182} INFO - Started process (PID=1737) to work on /home/agalli/sandbox/lib/python3.6/site-packages/airflow/example_dags/example_latest_only_with_trigger.py
[2021-12-10 16:25:24,427] {scheduler_job.py:633} INFO - Processing file /home/agalli/sandbox/lib/python3.6/site-packages/airflow/example_dags/example_latest_only_with_trigger.py for tasks to queue
[2021-12-10 16:25:24,428] {logging_mixin.py:104} INFO - [2021-12-10 16:25:24,428] {dagbag.py:487} INFO - Filling up the DagBag from /home/agalli/sandbox/lib/python3.6/site-packages/airflow/example_dags/example_latest_only_with_trigger.py
[2021-12-10 16:25:24,465] {scheduler_job.py:643} INFO - DAG(s) dict_keys(['latest_only_with_trigger']) retrieved from /home/agalli/sandbox/lib/python3.6/site-packages/airflow/example_dags/example_latest_only_with_trigger.py
[2021-12-10 16:25:24,512] {logging_mixin.py:104} INFO - [2021-12-10 16:25:24,512] {dag.py:1832} INFO - Sync 1 DAGs
[2021-12-10 16:25:24,575] {logging_mixin.py:104} INFO - [2021-12-10 16:25:24,574] {dag.py:2305} INFO - Setting next_dagrun for latest_only_with_trigger to 2021-12-08 00:00:00+00:00
[2021-12-10 16:25:24,621] {scheduler_job.py:190} INFO - Processing /home/agalli/sandbox/lib/python3.6/site-packages/airflow/example_dags/example_latest_only_with_trigger.py took 0.203 seconds
[2021-12-10 16:26:16,523] {scheduler_job.py:182} INFO - Started process (PID=2012) to work on /home/agalli/sandbox/lib/python3.6/site-packages/airflow/example_dags/example_latest_only_with_trigger.py
[2021-12-10 16:26:16,534] {scheduler_job.py:633} INFO - Processing file /home/agalli/sandbox/lib/python3.6/site-packages/airflow/example_dags/example_latest_only_with_trigger.py for tasks to queue
[2021-12-10 16:26:16,539] {logging_mixin.py:104} INFO - [2021-12-10 16:26:16,539] {dagbag.py:487} INFO - Filling up the DagBag from /home/agalli/sandbox/lib/python3.6/site-packages/airflow/example_dags/example_latest_only_with_trigger.py
[2021-12-10 16:26:16,584] {scheduler_job.py:643} INFO - DAG(s) dict_keys(['latest_only_with_trigger']) retrieved from /home/agalli/sandbox/lib/python3.6/site-packages/airflow/example_dags/example_latest_only_with_trigger.py
[2021-12-10 16:26:16,618] {logging_mixin.py:104} INFO - [2021-12-10 16:26:16,618] {dag.py:1832} INFO - Sync 1 DAGs
[2021-12-10 16:26:16,643] {logging_mixin.py:104} INFO - [2021-12-10 16:26:16,642] {dag.py:2305} INFO - Setting next_dagrun for latest_only_with_trigger to 2021-12-08 00:00:00+00:00
[2021-12-10 16:26:16,667] {scheduler_job.py:190} INFO - Processing /home/agalli/sandbox/lib/python3.6/site-packages/airflow/example_dags/example_latest_only_with_trigger.py took 0.190 seconds
[2021-12-10 16:27:15,887] {scheduler_job.py:182} INFO - Started process (PID=2266) to work on /home/agalli/sandbox/lib/python3.6/site-packages/airflow/example_dags/example_latest_only_with_trigger.py
[2021-12-10 16:27:15,891] {scheduler_job.py:633} INFO - Processing file /home/agalli/sandbox/lib/python3.6/site-packages/airflow/example_dags/example_latest_only_with_trigger.py for tasks to queue
[2021-12-10 16:27:15,893] {logging_mixin.py:104} INFO - [2021-12-10 16:27:15,893] {dagbag.py:487} INFO - Filling up the DagBag from /home/agalli/sandbox/lib/python3.6/site-packages/airflow/example_dags/example_latest_only_with_trigger.py
[2021-12-10 16:27:15,922] {scheduler_job.py:643} INFO - DAG(s) dict_keys(['latest_only_with_trigger']) retrieved from /home/agalli/sandbox/lib/python3.6/site-packages/airflow/example_dags/example_latest_only_with_trigger.py
[2021-12-10 16:27:15,975] {logging_mixin.py:104} INFO - [2021-12-10 16:27:15,975] {dag.py:1832} INFO - Sync 1 DAGs
[2021-12-10 16:27:16,015] {logging_mixin.py:104} INFO - [2021-12-10 16:27:16,014] {dag.py:2305} INFO - Setting next_dagrun for latest_only_with_trigger to 2021-12-08 00:00:00+00:00
[2021-12-10 16:27:16,144] {scheduler_job.py:190} INFO - Processing /home/agalli/sandbox/lib/python3.6/site-packages/airflow/example_dags/example_latest_only_with_trigger.py took 0.263 seconds
[2021-12-10 16:28:13,241] {scheduler_job.py:182} INFO - Started process (PID=2447) to work on /home/agalli/sandbox/lib/python3.6/site-packages/airflow/example_dags/example_latest_only_with_trigger.py
[2021-12-10 16:28:13,257] {scheduler_job.py:633} INFO - Processing file /home/agalli/sandbox/lib/python3.6/site-packages/airflow/example_dags/example_latest_only_with_trigger.py for tasks to queue
[2021-12-10 16:28:13,270] {logging_mixin.py:104} INFO - [2021-12-10 16:28:13,270] {dagbag.py:487} INFO - Filling up the DagBag from /home/agalli/sandbox/lib/python3.6/site-packages/airflow/example_dags/example_latest_only_with_trigger.py
[2021-12-10 16:28:13,349] {scheduler_job.py:643} INFO - DAG(s) dict_keys(['latest_only_with_trigger']) retrieved from /home/agalli/sandbox/lib/python3.6/site-packages/airflow/example_dags/example_latest_only_with_trigger.py
[2021-12-10 16:28:13,423] {logging_mixin.py:104} INFO - [2021-12-10 16:28:13,413] {dag.py:1832} INFO - Sync 1 DAGs
[2021-12-10 16:28:13,533] {logging_mixin.py:104} INFO - [2021-12-10 16:28:13,533] {dag.py:2305} INFO - Setting next_dagrun for latest_only_with_trigger to 2021-12-08 00:00:00+00:00
[2021-12-10 16:28:13,675] {scheduler_job.py:190} INFO - Processing /home/agalli/sandbox/lib/python3.6/site-packages/airflow/example_dags/example_latest_only_with_trigger.py took 0.456 seconds
[2021-12-10 16:29:08,861] {scheduler_job.py:182} INFO - Started process (PID=2630) to work on /home/agalli/sandbox/lib/python3.6/site-packages/airflow/example_dags/example_latest_only_with_trigger.py
[2021-12-10 16:29:08,864] {scheduler_job.py:633} INFO - Processing file /home/agalli/sandbox/lib/python3.6/site-packages/airflow/example_dags/example_latest_only_with_trigger.py for tasks to queue
[2021-12-10 16:29:08,865] {logging_mixin.py:104} INFO - [2021-12-10 16:29:08,865] {dagbag.py:487} INFO - Filling up the DagBag from /home/agalli/sandbox/lib/python3.6/site-packages/airflow/example_dags/example_latest_only_with_trigger.py
[2021-12-10 16:29:08,896] {scheduler_job.py:643} INFO - DAG(s) dict_keys(['latest_only_with_trigger']) retrieved from /home/agalli/sandbox/lib/python3.6/site-packages/airflow/example_dags/example_latest_only_with_trigger.py
[2021-12-10 16:29:08,924] {logging_mixin.py:104} INFO - [2021-12-10 16:29:08,923] {dag.py:1832} INFO - Sync 1 DAGs
[2021-12-10 16:29:08,949] {logging_mixin.py:104} INFO - [2021-12-10 16:29:08,948] {dag.py:2305} INFO - Setting next_dagrun for latest_only_with_trigger to 2021-12-08 00:00:00+00:00
[2021-12-10 16:29:08,973] {scheduler_job.py:190} INFO - Processing /home/agalli/sandbox/lib/python3.6/site-packages/airflow/example_dags/example_latest_only_with_trigger.py took 0.118 seconds
[2021-12-10 16:29:58,592] {scheduler_job.py:182} INFO - Started process (PID=2664) to work on /home/agalli/sandbox/lib/python3.6/site-packages/airflow/example_dags/example_latest_only_with_trigger.py
[2021-12-10 16:29:58,597] {scheduler_job.py:633} INFO - Processing file /home/agalli/sandbox/lib/python3.6/site-packages/airflow/example_dags/example_latest_only_with_trigger.py for tasks to queue
[2021-12-10 16:29:58,598] {logging_mixin.py:104} INFO - [2021-12-10 16:29:58,598] {dagbag.py:487} INFO - Filling up the DagBag from /home/agalli/sandbox/lib/python3.6/site-packages/airflow/example_dags/example_latest_only_with_trigger.py
[2021-12-10 16:29:58,632] {scheduler_job.py:643} INFO - DAG(s) dict_keys(['latest_only_with_trigger']) retrieved from /home/agalli/sandbox/lib/python3.6/site-packages/airflow/example_dags/example_latest_only_with_trigger.py
[2021-12-10 16:29:58,694] {logging_mixin.py:104} INFO - [2021-12-10 16:29:58,694] {dag.py:1832} INFO - Sync 1 DAGs
[2021-12-10 16:29:58,747] {logging_mixin.py:104} INFO - [2021-12-10 16:29:58,746] {dag.py:2305} INFO - Setting next_dagrun for latest_only_with_trigger to 2021-12-08 00:00:00+00:00
[2021-12-10 16:29:58,875] {scheduler_job.py:190} INFO - Processing /home/agalli/sandbox/lib/python3.6/site-packages/airflow/example_dags/example_latest_only_with_trigger.py took 0.294 seconds
[2021-12-10 16:30:44,787] {scheduler_job.py:182} INFO - Started process (PID=2703) to work on /home/agalli/sandbox/lib/python3.6/site-packages/airflow/example_dags/example_latest_only_with_trigger.py
[2021-12-10 16:30:44,791] {scheduler_job.py:633} INFO - Processing file /home/agalli/sandbox/lib/python3.6/site-packages/airflow/example_dags/example_latest_only_with_trigger.py for tasks to queue
[2021-12-10 16:30:44,792] {logging_mixin.py:104} INFO - [2021-12-10 16:30:44,791] {dagbag.py:487} INFO - Filling up the DagBag from /home/agalli/sandbox/lib/python3.6/site-packages/airflow/example_dags/example_latest_only_with_trigger.py
[2021-12-10 16:30:44,923] {scheduler_job.py:643} INFO - DAG(s) dict_keys(['latest_only_with_trigger']) retrieved from /home/agalli/sandbox/lib/python3.6/site-packages/airflow/example_dags/example_latest_only_with_trigger.py
[2021-12-10 16:30:44,991] {logging_mixin.py:104} INFO - [2021-12-10 16:30:44,990] {dag.py:1832} INFO - Sync 1 DAGs
[2021-12-10 16:30:45,022] {logging_mixin.py:104} INFO - [2021-12-10 16:30:45,021] {dag.py:2305} INFO - Setting next_dagrun for latest_only_with_trigger to 2021-12-08 00:00:00+00:00
[2021-12-10 16:30:45,063] {scheduler_job.py:190} INFO - Processing /home/agalli/sandbox/lib/python3.6/site-packages/airflow/example_dags/example_latest_only_with_trigger.py took 0.284 seconds
[2021-12-10 16:31:34,152] {scheduler_job.py:182} INFO - Started process (PID=2999) to work on /home/agalli/sandbox/lib/python3.6/site-packages/airflow/example_dags/example_latest_only_with_trigger.py
[2021-12-10 16:31:34,157] {scheduler_job.py:633} INFO - Processing file /home/agalli/sandbox/lib/python3.6/site-packages/airflow/example_dags/example_latest_only_with_trigger.py for tasks to queue
[2021-12-10 16:31:34,162] {logging_mixin.py:104} INFO - [2021-12-10 16:31:34,161] {dagbag.py:487} INFO - Filling up the DagBag from /home/agalli/sandbox/lib/python3.6/site-packages/airflow/example_dags/example_latest_only_with_trigger.py
[2021-12-10 16:31:34,200] {scheduler_job.py:643} INFO - DAG(s) dict_keys(['latest_only_with_trigger']) retrieved from /home/agalli/sandbox/lib/python3.6/site-packages/airflow/example_dags/example_latest_only_with_trigger.py
[2021-12-10 16:31:34,378] {logging_mixin.py:104} INFO - [2021-12-10 16:31:34,378] {dag.py:1832} INFO - Sync 1 DAGs
[2021-12-10 16:31:34,419] {logging_mixin.py:104} INFO - [2021-12-10 16:31:34,419] {dag.py:2305} INFO - Setting next_dagrun for latest_only_with_trigger to 2021-12-08 00:00:00+00:00
[2021-12-10 16:31:34,467] {scheduler_job.py:190} INFO - Processing /home/agalli/sandbox/lib/python3.6/site-packages/airflow/example_dags/example_latest_only_with_trigger.py took 0.328 seconds
[2021-12-10 16:32:32,392] {scheduler_job.py:182} INFO - Started process (PID=3084) to work on /home/agalli/sandbox/lib/python3.6/site-packages/airflow/example_dags/example_latest_only_with_trigger.py
[2021-12-10 16:32:32,394] {scheduler_job.py:633} INFO - Processing file /home/agalli/sandbox/lib/python3.6/site-packages/airflow/example_dags/example_latest_only_with_trigger.py for tasks to queue
[2021-12-10 16:32:32,396] {logging_mixin.py:104} INFO - [2021-12-10 16:32:32,395] {dagbag.py:487} INFO - Filling up the DagBag from /home/agalli/sandbox/lib/python3.6/site-packages/airflow/example_dags/example_latest_only_with_trigger.py
[2021-12-10 16:32:32,448] {scheduler_job.py:643} INFO - DAG(s) dict_keys(['latest_only_with_trigger']) retrieved from /home/agalli/sandbox/lib/python3.6/site-packages/airflow/example_dags/example_latest_only_with_trigger.py
[2021-12-10 16:32:32,487] {logging_mixin.py:104} INFO - [2021-12-10 16:32:32,486] {dag.py:1832} INFO - Sync 1 DAGs
[2021-12-10 16:32:32,531] {logging_mixin.py:104} INFO - [2021-12-10 16:32:32,528] {dag.py:2305} INFO - Setting next_dagrun for latest_only_with_trigger to 2021-12-08 00:00:00+00:00
[2021-12-10 16:32:32,636] {scheduler_job.py:190} INFO - Processing /home/agalli/sandbox/lib/python3.6/site-packages/airflow/example_dags/example_latest_only_with_trigger.py took 0.260 seconds
[2021-12-10 16:34:06,705] {scheduler_job.py:182} INFO - Started process (PID=3781) to work on /home/agalli/sandbox/lib/python3.6/site-packages/airflow/example_dags/example_latest_only_with_trigger.py
[2021-12-10 16:34:06,708] {scheduler_job.py:633} INFO - Processing file /home/agalli/sandbox/lib/python3.6/site-packages/airflow/example_dags/example_latest_only_with_trigger.py for tasks to queue
[2021-12-10 16:34:06,712] {logging_mixin.py:104} INFO - [2021-12-10 16:34:06,712] {dagbag.py:487} INFO - Filling up the DagBag from /home/agalli/sandbox/lib/python3.6/site-packages/airflow/example_dags/example_latest_only_with_trigger.py
[2021-12-10 16:34:06,753] {scheduler_job.py:643} INFO - DAG(s) dict_keys(['latest_only_with_trigger']) retrieved from /home/agalli/sandbox/lib/python3.6/site-packages/airflow/example_dags/example_latest_only_with_trigger.py
[2021-12-10 16:34:06,813] {logging_mixin.py:104} INFO - [2021-12-10 16:34:06,812] {dag.py:1832} INFO - Sync 1 DAGs
[2021-12-10 16:34:06,856] {logging_mixin.py:104} INFO - [2021-12-10 16:34:06,856] {dag.py:2305} INFO - Setting next_dagrun for latest_only_with_trigger to 2021-12-08 00:00:00+00:00
[2021-12-10 16:34:06,910] {scheduler_job.py:190} INFO - Processing /home/agalli/sandbox/lib/python3.6/site-packages/airflow/example_dags/example_latest_only_with_trigger.py took 0.211 seconds
[2021-12-10 16:34:48,849] {scheduler_job.py:182} INFO - Started process (PID=3816) to work on /home/agalli/sandbox/lib/python3.6/site-packages/airflow/example_dags/example_latest_only_with_trigger.py
[2021-12-10 16:34:48,850] {scheduler_job.py:633} INFO - Processing file /home/agalli/sandbox/lib/python3.6/site-packages/airflow/example_dags/example_latest_only_with_trigger.py for tasks to queue
[2021-12-10 16:34:48,851] {logging_mixin.py:104} INFO - [2021-12-10 16:34:48,851] {dagbag.py:487} INFO - Filling up the DagBag from /home/agalli/sandbox/lib/python3.6/site-packages/airflow/example_dags/example_latest_only_with_trigger.py
[2021-12-10 16:34:48,863] {scheduler_job.py:643} INFO - DAG(s) dict_keys(['latest_only_with_trigger']) retrieved from /home/agalli/sandbox/lib/python3.6/site-packages/airflow/example_dags/example_latest_only_with_trigger.py
[2021-12-10 16:34:48,878] {logging_mixin.py:104} INFO - [2021-12-10 16:34:48,877] {dag.py:1832} INFO - Sync 1 DAGs
[2021-12-10 16:34:48,891] {logging_mixin.py:104} INFO - [2021-12-10 16:34:48,891] {dag.py:2305} INFO - Setting next_dagrun for latest_only_with_trigger to 2021-12-08 00:00:00+00:00
[2021-12-10 16:34:48,916] {scheduler_job.py:190} INFO - Processing /home/agalli/sandbox/lib/python3.6/site-packages/airflow/example_dags/example_latest_only_with_trigger.py took 0.070 seconds
[2021-12-10 16:35:29,689] {scheduler_job.py:182} INFO - Started process (PID=3851) to work on /home/agalli/sandbox/lib/python3.6/site-packages/airflow/example_dags/example_latest_only_with_trigger.py
[2021-12-10 16:35:29,699] {scheduler_job.py:633} INFO - Processing file /home/agalli/sandbox/lib/python3.6/site-packages/airflow/example_dags/example_latest_only_with_trigger.py for tasks to queue
[2021-12-10 16:35:29,702] {logging_mixin.py:104} INFO - [2021-12-10 16:35:29,701] {dagbag.py:487} INFO - Filling up the DagBag from /home/agalli/sandbox/lib/python3.6/site-packages/airflow/example_dags/example_latest_only_with_trigger.py
[2021-12-10 16:35:29,738] {scheduler_job.py:643} INFO - DAG(s) dict_keys(['latest_only_with_trigger']) retrieved from /home/agalli/sandbox/lib/python3.6/site-packages/airflow/example_dags/example_latest_only_with_trigger.py
[2021-12-10 16:35:29,773] {logging_mixin.py:104} INFO - [2021-12-10 16:35:29,773] {dag.py:1832} INFO - Sync 1 DAGs
[2021-12-10 16:35:29,831] {logging_mixin.py:104} INFO - [2021-12-10 16:35:29,831] {dag.py:2305} INFO - Setting next_dagrun for latest_only_with_trigger to 2021-12-08 00:00:00+00:00
[2021-12-10 16:35:29,926] {scheduler_job.py:190} INFO - Processing /home/agalli/sandbox/lib/python3.6/site-packages/airflow/example_dags/example_latest_only_with_trigger.py took 0.248 seconds
[2021-12-10 16:36:23,975] {scheduler_job.py:182} INFO - Started process (PID=3886) to work on /home/agalli/sandbox/lib/python3.6/site-packages/airflow/example_dags/example_latest_only_with_trigger.py
[2021-12-10 16:36:23,978] {scheduler_job.py:633} INFO - Processing file /home/agalli/sandbox/lib/python3.6/site-packages/airflow/example_dags/example_latest_only_with_trigger.py for tasks to queue
[2021-12-10 16:36:23,979] {logging_mixin.py:104} INFO - [2021-12-10 16:36:23,979] {dagbag.py:487} INFO - Filling up the DagBag from /home/agalli/sandbox/lib/python3.6/site-packages/airflow/example_dags/example_latest_only_with_trigger.py
[2021-12-10 16:36:24,016] {scheduler_job.py:643} INFO - DAG(s) dict_keys(['latest_only_with_trigger']) retrieved from /home/agalli/sandbox/lib/python3.6/site-packages/airflow/example_dags/example_latest_only_with_trigger.py
[2021-12-10 16:36:24,056] {logging_mixin.py:104} INFO - [2021-12-10 16:36:24,056] {dag.py:1832} INFO - Sync 1 DAGs
[2021-12-10 16:36:24,106] {logging_mixin.py:104} INFO - [2021-12-10 16:36:24,106] {dag.py:2305} INFO - Setting next_dagrun for latest_only_with_trigger to 2021-12-08 00:00:00+00:00
[2021-12-10 16:36:24,248] {scheduler_job.py:190} INFO - Processing /home/agalli/sandbox/lib/python3.6/site-packages/airflow/example_dags/example_latest_only_with_trigger.py took 0.279 seconds
