[2021-12-10 16:23:52,997] {scheduler_job.py:182} INFO - Started process (PID=1678) to work on /home/agalli/sandbox/lib/python3.6/site-packages/airflow/example_dags/example_branch_datetime_operator.py
[2021-12-10 16:23:53,000] {scheduler_job.py:633} INFO - Processing file /home/agalli/sandbox/lib/python3.6/site-packages/airflow/example_dags/example_branch_datetime_operator.py for tasks to queue
[2021-12-10 16:23:53,001] {logging_mixin.py:104} INFO - [2021-12-10 16:23:53,001] {dagbag.py:487} INFO - Filling up the DagBag from /home/agalli/sandbox/lib/python3.6/site-packages/airflow/example_dags/example_branch_datetime_operator.py
[2021-12-10 16:23:53,037] {scheduler_job.py:643} INFO - DAG(s) dict_keys(['example_branch_datetime_operator_2']) retrieved from /home/agalli/sandbox/lib/python3.6/site-packages/airflow/example_dags/example_branch_datetime_operator.py
[2021-12-10 16:23:53,545] {logging_mixin.py:104} INFO - [2021-12-10 16:23:53,545] {dag.py:1832} INFO - Sync 1 DAGs
[2021-12-10 16:23:53,582] {logging_mixin.py:104} INFO - [2021-12-10 16:23:53,580] {dag.py:2305} INFO - Setting next_dagrun for example_branch_datetime_operator_2 to 2021-12-08 00:00:00+00:00
[2021-12-10 16:23:53,621] {scheduler_job.py:190} INFO - Processing /home/agalli/sandbox/lib/python3.6/site-packages/airflow/example_dags/example_branch_datetime_operator.py took 0.630 seconds
[2021-12-10 16:24:50,317] {scheduler_job.py:182} INFO - Started process (PID=1713) to work on /home/agalli/sandbox/lib/python3.6/site-packages/airflow/example_dags/example_branch_datetime_operator.py
[2021-12-10 16:24:50,320] {scheduler_job.py:633} INFO - Processing file /home/agalli/sandbox/lib/python3.6/site-packages/airflow/example_dags/example_branch_datetime_operator.py for tasks to queue
[2021-12-10 16:24:50,332] {logging_mixin.py:104} INFO - [2021-12-10 16:24:50,332] {dagbag.py:487} INFO - Filling up the DagBag from /home/agalli/sandbox/lib/python3.6/site-packages/airflow/example_dags/example_branch_datetime_operator.py
[2021-12-10 16:24:50,461] {scheduler_job.py:643} INFO - DAG(s) dict_keys(['example_branch_datetime_operator_2']) retrieved from /home/agalli/sandbox/lib/python3.6/site-packages/airflow/example_dags/example_branch_datetime_operator.py
[2021-12-10 16:24:50,612] {logging_mixin.py:104} INFO - [2021-12-10 16:24:50,612] {dag.py:1832} INFO - Sync 1 DAGs
[2021-12-10 16:24:50,772] {logging_mixin.py:104} INFO - [2021-12-10 16:24:50,772] {dag.py:2305} INFO - Setting next_dagrun for example_branch_datetime_operator_2 to 2021-12-08 00:00:00+00:00
[2021-12-10 16:24:50,899] {scheduler_job.py:190} INFO - Processing /home/agalli/sandbox/lib/python3.6/site-packages/airflow/example_dags/example_branch_datetime_operator.py took 0.611 seconds
[2021-12-10 16:25:56,044] {scheduler_job.py:182} INFO - Started process (PID=1880) to work on /home/agalli/sandbox/lib/python3.6/site-packages/airflow/example_dags/example_branch_datetime_operator.py
[2021-12-10 16:25:56,050] {scheduler_job.py:633} INFO - Processing file /home/agalli/sandbox/lib/python3.6/site-packages/airflow/example_dags/example_branch_datetime_operator.py for tasks to queue
[2021-12-10 16:25:56,057] {logging_mixin.py:104} INFO - [2021-12-10 16:25:56,056] {dagbag.py:487} INFO - Filling up the DagBag from /home/agalli/sandbox/lib/python3.6/site-packages/airflow/example_dags/example_branch_datetime_operator.py
[2021-12-10 16:25:56,092] {scheduler_job.py:643} INFO - DAG(s) dict_keys(['example_branch_datetime_operator_2']) retrieved from /home/agalli/sandbox/lib/python3.6/site-packages/airflow/example_dags/example_branch_datetime_operator.py
[2021-12-10 16:25:56,129] {logging_mixin.py:104} INFO - [2021-12-10 16:25:56,129] {dag.py:1832} INFO - Sync 1 DAGs
[2021-12-10 16:25:56,346] {logging_mixin.py:104} INFO - [2021-12-10 16:25:56,345] {dag.py:2305} INFO - Setting next_dagrun for example_branch_datetime_operator_2 to 2021-12-08 00:00:00+00:00
[2021-12-10 16:25:56,391] {scheduler_job.py:190} INFO - Processing /home/agalli/sandbox/lib/python3.6/site-packages/airflow/example_dags/example_branch_datetime_operator.py took 0.364 seconds
[2021-12-10 16:26:59,277] {scheduler_job.py:182} INFO - Started process (PID=2176) to work on /home/agalli/sandbox/lib/python3.6/site-packages/airflow/example_dags/example_branch_datetime_operator.py
[2021-12-10 16:26:59,280] {scheduler_job.py:633} INFO - Processing file /home/agalli/sandbox/lib/python3.6/site-packages/airflow/example_dags/example_branch_datetime_operator.py for tasks to queue
[2021-12-10 16:26:59,282] {logging_mixin.py:104} INFO - [2021-12-10 16:26:59,282] {dagbag.py:487} INFO - Filling up the DagBag from /home/agalli/sandbox/lib/python3.6/site-packages/airflow/example_dags/example_branch_datetime_operator.py
[2021-12-10 16:26:59,308] {scheduler_job.py:643} INFO - DAG(s) dict_keys(['example_branch_datetime_operator_2']) retrieved from /home/agalli/sandbox/lib/python3.6/site-packages/airflow/example_dags/example_branch_datetime_operator.py
[2021-12-10 16:26:59,339] {logging_mixin.py:104} INFO - [2021-12-10 16:26:59,339] {dag.py:1832} INFO - Sync 1 DAGs
[2021-12-10 16:26:59,370] {logging_mixin.py:104} INFO - [2021-12-10 16:26:59,370] {dag.py:2305} INFO - Setting next_dagrun for example_branch_datetime_operator_2 to 2021-12-08 00:00:00+00:00
[2021-12-10 16:26:59,397] {scheduler_job.py:190} INFO - Processing /home/agalli/sandbox/lib/python3.6/site-packages/airflow/example_dags/example_branch_datetime_operator.py took 0.140 seconds
[2021-12-10 16:27:54,314] {scheduler_job.py:182} INFO - Started process (PID=2294) to work on /home/agalli/sandbox/lib/python3.6/site-packages/airflow/example_dags/example_branch_datetime_operator.py
[2021-12-10 16:27:54,317] {scheduler_job.py:633} INFO - Processing file /home/agalli/sandbox/lib/python3.6/site-packages/airflow/example_dags/example_branch_datetime_operator.py for tasks to queue
[2021-12-10 16:27:54,330] {logging_mixin.py:104} INFO - [2021-12-10 16:27:54,329] {dagbag.py:487} INFO - Filling up the DagBag from /home/agalli/sandbox/lib/python3.6/site-packages/airflow/example_dags/example_branch_datetime_operator.py
[2021-12-10 16:27:54,369] {scheduler_job.py:643} INFO - DAG(s) dict_keys(['example_branch_datetime_operator_2']) retrieved from /home/agalli/sandbox/lib/python3.6/site-packages/airflow/example_dags/example_branch_datetime_operator.py
[2021-12-10 16:27:54,460] {logging_mixin.py:104} INFO - [2021-12-10 16:27:54,460] {dag.py:1832} INFO - Sync 1 DAGs
[2021-12-10 16:27:54,605] {logging_mixin.py:104} INFO - [2021-12-10 16:27:54,605] {dag.py:2305} INFO - Setting next_dagrun for example_branch_datetime_operator_2 to 2021-12-08 00:00:00+00:00
[2021-12-10 16:27:54,652] {scheduler_job.py:190} INFO - Processing /home/agalli/sandbox/lib/python3.6/site-packages/airflow/example_dags/example_branch_datetime_operator.py took 0.368 seconds
[2021-12-10 16:29:13,985] {scheduler_job.py:182} INFO - Started process (PID=2633) to work on /home/agalli/sandbox/lib/python3.6/site-packages/airflow/example_dags/example_branch_datetime_operator.py
[2021-12-10 16:29:13,988] {scheduler_job.py:633} INFO - Processing file /home/agalli/sandbox/lib/python3.6/site-packages/airflow/example_dags/example_branch_datetime_operator.py for tasks to queue
[2021-12-10 16:29:13,994] {logging_mixin.py:104} INFO - [2021-12-10 16:29:13,993] {dagbag.py:487} INFO - Filling up the DagBag from /home/agalli/sandbox/lib/python3.6/site-packages/airflow/example_dags/example_branch_datetime_operator.py
[2021-12-10 16:29:14,032] {scheduler_job.py:643} INFO - DAG(s) dict_keys(['example_branch_datetime_operator_2']) retrieved from /home/agalli/sandbox/lib/python3.6/site-packages/airflow/example_dags/example_branch_datetime_operator.py
[2021-12-10 16:29:14,065] {logging_mixin.py:104} INFO - [2021-12-10 16:29:14,065] {dag.py:1832} INFO - Sync 1 DAGs
[2021-12-10 16:29:14,148] {logging_mixin.py:104} INFO - [2021-12-10 16:29:14,147] {dag.py:2305} INFO - Setting next_dagrun for example_branch_datetime_operator_2 to 2021-12-08 00:00:00+00:00
[2021-12-10 16:29:14,189] {scheduler_job.py:190} INFO - Processing /home/agalli/sandbox/lib/python3.6/site-packages/airflow/example_dags/example_branch_datetime_operator.py took 0.217 seconds
[2021-12-10 16:30:19,308] {scheduler_job.py:182} INFO - Started process (PID=2680) to work on /home/agalli/sandbox/lib/python3.6/site-packages/airflow/example_dags/example_branch_datetime_operator.py
[2021-12-10 16:30:19,315] {scheduler_job.py:633} INFO - Processing file /home/agalli/sandbox/lib/python3.6/site-packages/airflow/example_dags/example_branch_datetime_operator.py for tasks to queue
[2021-12-10 16:30:19,321] {logging_mixin.py:104} INFO - [2021-12-10 16:30:19,320] {dagbag.py:487} INFO - Filling up the DagBag from /home/agalli/sandbox/lib/python3.6/site-packages/airflow/example_dags/example_branch_datetime_operator.py
[2021-12-10 16:30:19,373] {scheduler_job.py:643} INFO - DAG(s) dict_keys(['example_branch_datetime_operator_2']) retrieved from /home/agalli/sandbox/lib/python3.6/site-packages/airflow/example_dags/example_branch_datetime_operator.py
[2021-12-10 16:30:19,491] {logging_mixin.py:104} INFO - [2021-12-10 16:30:19,488] {dag.py:1832} INFO - Sync 1 DAGs
[2021-12-10 16:30:19,621] {logging_mixin.py:104} INFO - [2021-12-10 16:30:19,614] {dag.py:2305} INFO - Setting next_dagrun for example_branch_datetime_operator_2 to 2021-12-08 00:00:00+00:00
[2021-12-10 16:30:19,658] {scheduler_job.py:190} INFO - Processing /home/agalli/sandbox/lib/python3.6/site-packages/airflow/example_dags/example_branch_datetime_operator.py took 0.361 seconds
[2021-12-10 16:31:43,520] {scheduler_job.py:182} INFO - Started process (PID=3005) to work on /home/agalli/sandbox/lib/python3.6/site-packages/airflow/example_dags/example_branch_datetime_operator.py
[2021-12-10 16:31:43,524] {scheduler_job.py:633} INFO - Processing file /home/agalli/sandbox/lib/python3.6/site-packages/airflow/example_dags/example_branch_datetime_operator.py for tasks to queue
[2021-12-10 16:31:43,527] {logging_mixin.py:104} INFO - [2021-12-10 16:31:43,526] {dagbag.py:487} INFO - Filling up the DagBag from /home/agalli/sandbox/lib/python3.6/site-packages/airflow/example_dags/example_branch_datetime_operator.py
[2021-12-10 16:31:43,583] {scheduler_job.py:643} INFO - DAG(s) dict_keys(['example_branch_datetime_operator_2']) retrieved from /home/agalli/sandbox/lib/python3.6/site-packages/airflow/example_dags/example_branch_datetime_operator.py
[2021-12-10 16:31:43,619] {logging_mixin.py:104} INFO - [2021-12-10 16:31:43,619] {dag.py:1832} INFO - Sync 1 DAGs
[2021-12-10 16:31:43,665] {logging_mixin.py:104} INFO - [2021-12-10 16:31:43,664] {dag.py:2305} INFO - Setting next_dagrun for example_branch_datetime_operator_2 to 2021-12-08 00:00:00+00:00
[2021-12-10 16:31:43,710] {scheduler_job.py:190} INFO - Processing /home/agalli/sandbox/lib/python3.6/site-packages/airflow/example_dags/example_branch_datetime_operator.py took 0.203 seconds
[2021-12-10 16:32:39,318] {scheduler_job.py:182} INFO - Started process (PID=3135) to work on /home/agalli/sandbox/lib/python3.6/site-packages/airflow/example_dags/example_branch_datetime_operator.py
[2021-12-10 16:32:39,325] {scheduler_job.py:633} INFO - Processing file /home/agalli/sandbox/lib/python3.6/site-packages/airflow/example_dags/example_branch_datetime_operator.py for tasks to queue
[2021-12-10 16:32:39,329] {logging_mixin.py:104} INFO - [2021-12-10 16:32:39,329] {dagbag.py:487} INFO - Filling up the DagBag from /home/agalli/sandbox/lib/python3.6/site-packages/airflow/example_dags/example_branch_datetime_operator.py
[2021-12-10 16:32:39,391] {scheduler_job.py:643} INFO - DAG(s) dict_keys(['example_branch_datetime_operator_2']) retrieved from /home/agalli/sandbox/lib/python3.6/site-packages/airflow/example_dags/example_branch_datetime_operator.py
[2021-12-10 16:32:39,427] {logging_mixin.py:104} INFO - [2021-12-10 16:32:39,427] {dag.py:1832} INFO - Sync 1 DAGs
[2021-12-10 16:32:39,548] {logging_mixin.py:104} INFO - [2021-12-10 16:32:39,547] {dag.py:2305} INFO - Setting next_dagrun for example_branch_datetime_operator_2 to 2021-12-08 00:00:00+00:00
[2021-12-10 16:32:39,597] {scheduler_job.py:190} INFO - Processing /home/agalli/sandbox/lib/python3.6/site-packages/airflow/example_dags/example_branch_datetime_operator.py took 0.285 seconds
[2021-12-10 16:34:20,861] {scheduler_job.py:182} INFO - Started process (PID=3792) to work on /home/agalli/sandbox/lib/python3.6/site-packages/airflow/example_dags/example_branch_datetime_operator.py
[2021-12-10 16:34:20,885] {scheduler_job.py:633} INFO - Processing file /home/agalli/sandbox/lib/python3.6/site-packages/airflow/example_dags/example_branch_datetime_operator.py for tasks to queue
[2021-12-10 16:34:20,888] {logging_mixin.py:104} INFO - [2021-12-10 16:34:20,887] {dagbag.py:487} INFO - Filling up the DagBag from /home/agalli/sandbox/lib/python3.6/site-packages/airflow/example_dags/example_branch_datetime_operator.py
[2021-12-10 16:34:20,956] {scheduler_job.py:643} INFO - DAG(s) dict_keys(['example_branch_datetime_operator_2']) retrieved from /home/agalli/sandbox/lib/python3.6/site-packages/airflow/example_dags/example_branch_datetime_operator.py
[2021-12-10 16:34:21,048] {logging_mixin.py:104} INFO - [2021-12-10 16:34:21,047] {dag.py:1832} INFO - Sync 1 DAGs
[2021-12-10 16:34:21,109] {logging_mixin.py:104} INFO - [2021-12-10 16:34:21,108] {dag.py:2305} INFO - Setting next_dagrun for example_branch_datetime_operator_2 to 2021-12-08 00:00:00+00:00
[2021-12-10 16:34:21,230] {scheduler_job.py:190} INFO - Processing /home/agalli/sandbox/lib/python3.6/site-packages/airflow/example_dags/example_branch_datetime_operator.py took 0.376 seconds
[2021-12-10 16:35:00,316] {scheduler_job.py:182} INFO - Started process (PID=3827) to work on /home/agalli/sandbox/lib/python3.6/site-packages/airflow/example_dags/example_branch_datetime_operator.py
[2021-12-10 16:35:00,318] {scheduler_job.py:633} INFO - Processing file /home/agalli/sandbox/lib/python3.6/site-packages/airflow/example_dags/example_branch_datetime_operator.py for tasks to queue
[2021-12-10 16:35:00,319] {logging_mixin.py:104} INFO - [2021-12-10 16:35:00,319] {dagbag.py:487} INFO - Filling up the DagBag from /home/agalli/sandbox/lib/python3.6/site-packages/airflow/example_dags/example_branch_datetime_operator.py
[2021-12-10 16:35:00,340] {scheduler_job.py:643} INFO - DAG(s) dict_keys(['example_branch_datetime_operator_2']) retrieved from /home/agalli/sandbox/lib/python3.6/site-packages/airflow/example_dags/example_branch_datetime_operator.py
[2021-12-10 16:35:00,359] {logging_mixin.py:104} INFO - [2021-12-10 16:35:00,358] {dag.py:1832} INFO - Sync 1 DAGs
[2021-12-10 16:35:00,382] {logging_mixin.py:104} INFO - [2021-12-10 16:35:00,382] {dag.py:2305} INFO - Setting next_dagrun for example_branch_datetime_operator_2 to 2021-12-08 00:00:00+00:00
[2021-12-10 16:35:00,407] {scheduler_job.py:190} INFO - Processing /home/agalli/sandbox/lib/python3.6/site-packages/airflow/example_dags/example_branch_datetime_operator.py took 0.096 seconds
[2021-12-10 16:36:03,799] {scheduler_job.py:182} INFO - Started process (PID=3875) to work on /home/agalli/sandbox/lib/python3.6/site-packages/airflow/example_dags/example_branch_datetime_operator.py
[2021-12-10 16:36:03,813] {scheduler_job.py:633} INFO - Processing file /home/agalli/sandbox/lib/python3.6/site-packages/airflow/example_dags/example_branch_datetime_operator.py for tasks to queue
[2021-12-10 16:36:03,815] {logging_mixin.py:104} INFO - [2021-12-10 16:36:03,814] {dagbag.py:487} INFO - Filling up the DagBag from /home/agalli/sandbox/lib/python3.6/site-packages/airflow/example_dags/example_branch_datetime_operator.py
[2021-12-10 16:36:03,889] {scheduler_job.py:643} INFO - DAG(s) dict_keys(['example_branch_datetime_operator_2']) retrieved from /home/agalli/sandbox/lib/python3.6/site-packages/airflow/example_dags/example_branch_datetime_operator.py
[2021-12-10 16:36:03,950] {logging_mixin.py:104} INFO - [2021-12-10 16:36:03,950] {dag.py:1832} INFO - Sync 1 DAGs
[2021-12-10 16:36:04,160] {logging_mixin.py:104} INFO - [2021-12-10 16:36:04,159] {dag.py:2305} INFO - Setting next_dagrun for example_branch_datetime_operator_2 to 2021-12-08 00:00:00+00:00
[2021-12-10 16:36:04,229] {scheduler_job.py:190} INFO - Processing /home/agalli/sandbox/lib/python3.6/site-packages/airflow/example_dags/example_branch_datetime_operator.py took 0.452 seconds
