[2021-12-10 16:23:10,962] {scheduler_job.py:182} INFO - Started process (PID=1595) to work on /home/agalli/sandbox/lib/python3.6/site-packages/airflow/example_dags/tutorial.py
[2021-12-10 16:23:10,964] {scheduler_job.py:633} INFO - Processing file /home/agalli/sandbox/lib/python3.6/site-packages/airflow/example_dags/tutorial.py for tasks to queue
[2021-12-10 16:23:10,966] {logging_mixin.py:104} INFO - [2021-12-10 16:23:10,966] {dagbag.py:487} INFO - Filling up the DagBag from /home/agalli/sandbox/lib/python3.6/site-packages/airflow/example_dags/tutorial.py
[2021-12-10 16:23:10,987] {scheduler_job.py:643} INFO - DAG(s) dict_keys(['tutorial']) retrieved from /home/agalli/sandbox/lib/python3.6/site-packages/airflow/example_dags/tutorial.py
[2021-12-10 16:23:11,730] {logging_mixin.py:104} INFO - [2021-12-10 16:23:11,730] {dag.py:1832} INFO - Sync 1 DAGs
[2021-12-10 16:23:11,776] {logging_mixin.py:104} INFO - [2021-12-10 16:23:11,776] {dag.py:2305} INFO - Setting next_dagrun for tutorial to 2021-12-08 00:00:00+00:00
[2021-12-10 16:23:11,895] {scheduler_job.py:190} INFO - Processing /home/agalli/sandbox/lib/python3.6/site-packages/airflow/example_dags/tutorial.py took 0.938 seconds
[2021-12-10 16:24:11,598] {scheduler_job.py:182} INFO - Started process (PID=1690) to work on /home/agalli/sandbox/lib/python3.6/site-packages/airflow/example_dags/tutorial.py
[2021-12-10 16:24:11,599] {scheduler_job.py:633} INFO - Processing file /home/agalli/sandbox/lib/python3.6/site-packages/airflow/example_dags/tutorial.py for tasks to queue
[2021-12-10 16:24:11,600] {logging_mixin.py:104} INFO - [2021-12-10 16:24:11,600] {dagbag.py:487} INFO - Filling up the DagBag from /home/agalli/sandbox/lib/python3.6/site-packages/airflow/example_dags/tutorial.py
[2021-12-10 16:24:11,619] {scheduler_job.py:643} INFO - DAG(s) dict_keys(['tutorial']) retrieved from /home/agalli/sandbox/lib/python3.6/site-packages/airflow/example_dags/tutorial.py
[2021-12-10 16:24:11,638] {logging_mixin.py:104} INFO - [2021-12-10 16:24:11,638] {dag.py:1832} INFO - Sync 1 DAGs
[2021-12-10 16:24:11,662] {logging_mixin.py:104} INFO - [2021-12-10 16:24:11,662] {dag.py:2305} INFO - Setting next_dagrun for tutorial to 2021-12-08 00:00:00+00:00
[2021-12-10 16:24:11,703] {scheduler_job.py:190} INFO - Processing /home/agalli/sandbox/lib/python3.6/site-packages/airflow/example_dags/tutorial.py took 0.109 seconds
[2021-12-10 16:25:07,900] {scheduler_job.py:182} INFO - Started process (PID=1725) to work on /home/agalli/sandbox/lib/python3.6/site-packages/airflow/example_dags/tutorial.py
[2021-12-10 16:25:07,902] {scheduler_job.py:633} INFO - Processing file /home/agalli/sandbox/lib/python3.6/site-packages/airflow/example_dags/tutorial.py for tasks to queue
[2021-12-10 16:25:07,904] {logging_mixin.py:104} INFO - [2021-12-10 16:25:07,903] {dagbag.py:487} INFO - Filling up the DagBag from /home/agalli/sandbox/lib/python3.6/site-packages/airflow/example_dags/tutorial.py
[2021-12-10 16:25:07,934] {scheduler_job.py:643} INFO - DAG(s) dict_keys(['tutorial']) retrieved from /home/agalli/sandbox/lib/python3.6/site-packages/airflow/example_dags/tutorial.py
[2021-12-10 16:25:07,979] {logging_mixin.py:104} INFO - [2021-12-10 16:25:07,978] {dag.py:1832} INFO - Sync 1 DAGs
[2021-12-10 16:25:08,015] {logging_mixin.py:104} INFO - [2021-12-10 16:25:08,015] {dag.py:2305} INFO - Setting next_dagrun for tutorial to 2021-12-08 00:00:00+00:00
[2021-12-10 16:25:08,060] {scheduler_job.py:190} INFO - Processing /home/agalli/sandbox/lib/python3.6/site-packages/airflow/example_dags/tutorial.py took 0.166 seconds
[2021-12-10 16:25:52,676] {scheduler_job.py:182} INFO - Started process (PID=1848) to work on /home/agalli/sandbox/lib/python3.6/site-packages/airflow/example_dags/tutorial.py
[2021-12-10 16:25:52,678] {scheduler_job.py:633} INFO - Processing file /home/agalli/sandbox/lib/python3.6/site-packages/airflow/example_dags/tutorial.py for tasks to queue
[2021-12-10 16:25:52,680] {logging_mixin.py:104} INFO - [2021-12-10 16:25:52,680] {dagbag.py:487} INFO - Filling up the DagBag from /home/agalli/sandbox/lib/python3.6/site-packages/airflow/example_dags/tutorial.py
[2021-12-10 16:25:52,757] {scheduler_job.py:643} INFO - DAG(s) dict_keys(['tutorial']) retrieved from /home/agalli/sandbox/lib/python3.6/site-packages/airflow/example_dags/tutorial.py
[2021-12-10 16:25:52,827] {logging_mixin.py:104} INFO - [2021-12-10 16:25:52,827] {dag.py:1832} INFO - Sync 1 DAGs
[2021-12-10 16:25:52,910] {logging_mixin.py:104} INFO - [2021-12-10 16:25:52,910] {dag.py:2305} INFO - Setting next_dagrun for tutorial to 2021-12-08 00:00:00+00:00
[2021-12-10 16:25:52,969] {scheduler_job.py:190} INFO - Processing /home/agalli/sandbox/lib/python3.6/site-packages/airflow/example_dags/tutorial.py took 0.307 seconds
[2021-12-10 16:26:42,199] {scheduler_job.py:182} INFO - Started process (PID=2063) to work on /home/agalli/sandbox/lib/python3.6/site-packages/airflow/example_dags/tutorial.py
[2021-12-10 16:26:42,202] {scheduler_job.py:633} INFO - Processing file /home/agalli/sandbox/lib/python3.6/site-packages/airflow/example_dags/tutorial.py for tasks to queue
[2021-12-10 16:26:42,204] {logging_mixin.py:104} INFO - [2021-12-10 16:26:42,203] {dagbag.py:487} INFO - Filling up the DagBag from /home/agalli/sandbox/lib/python3.6/site-packages/airflow/example_dags/tutorial.py
[2021-12-10 16:26:42,231] {scheduler_job.py:643} INFO - DAG(s) dict_keys(['tutorial']) retrieved from /home/agalli/sandbox/lib/python3.6/site-packages/airflow/example_dags/tutorial.py
[2021-12-10 16:26:42,262] {logging_mixin.py:104} INFO - [2021-12-10 16:26:42,262] {dag.py:1832} INFO - Sync 1 DAGs
[2021-12-10 16:26:42,418] {logging_mixin.py:104} INFO - [2021-12-10 16:26:42,417] {dag.py:2305} INFO - Setting next_dagrun for tutorial to 2021-12-08 00:00:00+00:00
[2021-12-10 16:26:42,450] {scheduler_job.py:190} INFO - Processing /home/agalli/sandbox/lib/python3.6/site-packages/airflow/example_dags/tutorial.py took 0.259 seconds
[2021-12-10 16:27:23,226] {scheduler_job.py:182} INFO - Started process (PID=2271) to work on /home/agalli/sandbox/lib/python3.6/site-packages/airflow/example_dags/tutorial.py
[2021-12-10 16:27:23,228] {scheduler_job.py:633} INFO - Processing file /home/agalli/sandbox/lib/python3.6/site-packages/airflow/example_dags/tutorial.py for tasks to queue
[2021-12-10 16:27:23,229] {logging_mixin.py:104} INFO - [2021-12-10 16:27:23,229] {dagbag.py:487} INFO - Filling up the DagBag from /home/agalli/sandbox/lib/python3.6/site-packages/airflow/example_dags/tutorial.py
[2021-12-10 16:27:23,247] {scheduler_job.py:643} INFO - DAG(s) dict_keys(['tutorial']) retrieved from /home/agalli/sandbox/lib/python3.6/site-packages/airflow/example_dags/tutorial.py
[2021-12-10 16:27:23,269] {logging_mixin.py:104} INFO - [2021-12-10 16:27:23,269] {dag.py:1832} INFO - Sync 1 DAGs
[2021-12-10 16:27:23,299] {logging_mixin.py:104} INFO - [2021-12-10 16:27:23,299] {dag.py:2305} INFO - Setting next_dagrun for tutorial to 2021-12-08 00:00:00+00:00
[2021-12-10 16:27:23,327] {scheduler_job.py:190} INFO - Processing /home/agalli/sandbox/lib/python3.6/site-packages/airflow/example_dags/tutorial.py took 0.105 seconds
[2021-12-10 16:28:02,290] {scheduler_job.py:182} INFO - Started process (PID=2359) to work on /home/agalli/sandbox/lib/python3.6/site-packages/airflow/example_dags/tutorial.py
[2021-12-10 16:28:02,292] {scheduler_job.py:633} INFO - Processing file /home/agalli/sandbox/lib/python3.6/site-packages/airflow/example_dags/tutorial.py for tasks to queue
[2021-12-10 16:28:02,294] {logging_mixin.py:104} INFO - [2021-12-10 16:28:02,293] {dagbag.py:487} INFO - Filling up the DagBag from /home/agalli/sandbox/lib/python3.6/site-packages/airflow/example_dags/tutorial.py
[2021-12-10 16:28:02,313] {scheduler_job.py:643} INFO - DAG(s) dict_keys(['tutorial']) retrieved from /home/agalli/sandbox/lib/python3.6/site-packages/airflow/example_dags/tutorial.py
[2021-12-10 16:28:02,337] {logging_mixin.py:104} INFO - [2021-12-10 16:28:02,337] {dag.py:1832} INFO - Sync 1 DAGs
[2021-12-10 16:28:02,367] {logging_mixin.py:104} INFO - [2021-12-10 16:28:02,367] {dag.py:2305} INFO - Setting next_dagrun for tutorial to 2021-12-08 00:00:00+00:00
[2021-12-10 16:28:02,393] {scheduler_job.py:190} INFO - Processing /home/agalli/sandbox/lib/python3.6/site-packages/airflow/example_dags/tutorial.py took 0.107 seconds
[2021-12-10 16:28:54,788] {scheduler_job.py:182} INFO - Started process (PID=2621) to work on /home/agalli/sandbox/lib/python3.6/site-packages/airflow/example_dags/tutorial.py
[2021-12-10 16:28:54,791] {scheduler_job.py:633} INFO - Processing file /home/agalli/sandbox/lib/python3.6/site-packages/airflow/example_dags/tutorial.py for tasks to queue
[2021-12-10 16:28:54,793] {logging_mixin.py:104} INFO - [2021-12-10 16:28:54,793] {dagbag.py:487} INFO - Filling up the DagBag from /home/agalli/sandbox/lib/python3.6/site-packages/airflow/example_dags/tutorial.py
[2021-12-10 16:28:54,828] {scheduler_job.py:643} INFO - DAG(s) dict_keys(['tutorial']) retrieved from /home/agalli/sandbox/lib/python3.6/site-packages/airflow/example_dags/tutorial.py
[2021-12-10 16:28:54,921] {logging_mixin.py:104} INFO - [2021-12-10 16:28:54,921] {dag.py:1832} INFO - Sync 1 DAGs
[2021-12-10 16:28:54,991] {logging_mixin.py:104} INFO - [2021-12-10 16:28:54,991] {dag.py:2305} INFO - Setting next_dagrun for tutorial to 2021-12-08 00:00:00+00:00
[2021-12-10 16:28:55,033] {scheduler_job.py:190} INFO - Processing /home/agalli/sandbox/lib/python3.6/site-packages/airflow/example_dags/tutorial.py took 0.250 seconds
[2021-12-10 16:29:46,377] {scheduler_job.py:182} INFO - Started process (PID=2655) to work on /home/agalli/sandbox/lib/python3.6/site-packages/airflow/example_dags/tutorial.py
[2021-12-10 16:29:46,381] {scheduler_job.py:633} INFO - Processing file /home/agalli/sandbox/lib/python3.6/site-packages/airflow/example_dags/tutorial.py for tasks to queue
[2021-12-10 16:29:46,382] {logging_mixin.py:104} INFO - [2021-12-10 16:29:46,382] {dagbag.py:487} INFO - Filling up the DagBag from /home/agalli/sandbox/lib/python3.6/site-packages/airflow/example_dags/tutorial.py
[2021-12-10 16:29:46,450] {scheduler_job.py:643} INFO - DAG(s) dict_keys(['tutorial']) retrieved from /home/agalli/sandbox/lib/python3.6/site-packages/airflow/example_dags/tutorial.py
[2021-12-10 16:29:46,489] {logging_mixin.py:104} INFO - [2021-12-10 16:29:46,489] {dag.py:1832} INFO - Sync 1 DAGs
[2021-12-10 16:29:46,548] {logging_mixin.py:104} INFO - [2021-12-10 16:29:46,548] {dag.py:2305} INFO - Setting next_dagrun for tutorial to 2021-12-08 00:00:00+00:00
[2021-12-10 16:29:46,585] {scheduler_job.py:190} INFO - Processing /home/agalli/sandbox/lib/python3.6/site-packages/airflow/example_dags/tutorial.py took 0.219 seconds
[2021-12-10 16:30:25,519] {scheduler_job.py:182} INFO - Started process (PID=2685) to work on /home/agalli/sandbox/lib/python3.6/site-packages/airflow/example_dags/tutorial.py
[2021-12-10 16:30:25,521] {scheduler_job.py:633} INFO - Processing file /home/agalli/sandbox/lib/python3.6/site-packages/airflow/example_dags/tutorial.py for tasks to queue
[2021-12-10 16:30:25,522] {logging_mixin.py:104} INFO - [2021-12-10 16:30:25,522] {dagbag.py:487} INFO - Filling up the DagBag from /home/agalli/sandbox/lib/python3.6/site-packages/airflow/example_dags/tutorial.py
[2021-12-10 16:30:25,536] {scheduler_job.py:643} INFO - DAG(s) dict_keys(['tutorial']) retrieved from /home/agalli/sandbox/lib/python3.6/site-packages/airflow/example_dags/tutorial.py
[2021-12-10 16:30:25,555] {logging_mixin.py:104} INFO - [2021-12-10 16:30:25,555] {dag.py:1832} INFO - Sync 1 DAGs
[2021-12-10 16:30:25,572] {logging_mixin.py:104} INFO - [2021-12-10 16:30:25,572] {dag.py:2305} INFO - Setting next_dagrun for tutorial to 2021-12-08 00:00:00+00:00
[2021-12-10 16:30:25,601] {scheduler_job.py:190} INFO - Processing /home/agalli/sandbox/lib/python3.6/site-packages/airflow/example_dags/tutorial.py took 0.086 seconds
[2021-12-10 16:31:20,877] {scheduler_job.py:182} INFO - Started process (PID=2990) to work on /home/agalli/sandbox/lib/python3.6/site-packages/airflow/example_dags/tutorial.py
[2021-12-10 16:31:20,881] {scheduler_job.py:633} INFO - Processing file /home/agalli/sandbox/lib/python3.6/site-packages/airflow/example_dags/tutorial.py for tasks to queue
[2021-12-10 16:31:20,882] {logging_mixin.py:104} INFO - [2021-12-10 16:31:20,882] {dagbag.py:487} INFO - Filling up the DagBag from /home/agalli/sandbox/lib/python3.6/site-packages/airflow/example_dags/tutorial.py
[2021-12-10 16:31:20,919] {scheduler_job.py:643} INFO - DAG(s) dict_keys(['tutorial']) retrieved from /home/agalli/sandbox/lib/python3.6/site-packages/airflow/example_dags/tutorial.py
[2021-12-10 16:31:20,958] {logging_mixin.py:104} INFO - [2021-12-10 16:31:20,958] {dag.py:1832} INFO - Sync 1 DAGs
[2021-12-10 16:31:20,996] {logging_mixin.py:104} INFO - [2021-12-10 16:31:20,996] {dag.py:2305} INFO - Setting next_dagrun for tutorial to 2021-12-08 00:00:00+00:00
[2021-12-10 16:31:21,065] {scheduler_job.py:190} INFO - Processing /home/agalli/sandbox/lib/python3.6/site-packages/airflow/example_dags/tutorial.py took 0.197 seconds
[2021-12-10 16:32:10,052] {scheduler_job.py:182} INFO - Started process (PID=3025) to work on /home/agalli/sandbox/lib/python3.6/site-packages/airflow/example_dags/tutorial.py
[2021-12-10 16:32:10,055] {scheduler_job.py:633} INFO - Processing file /home/agalli/sandbox/lib/python3.6/site-packages/airflow/example_dags/tutorial.py for tasks to queue
[2021-12-10 16:32:10,057] {logging_mixin.py:104} INFO - [2021-12-10 16:32:10,057] {dagbag.py:487} INFO - Filling up the DagBag from /home/agalli/sandbox/lib/python3.6/site-packages/airflow/example_dags/tutorial.py
[2021-12-10 16:32:10,110] {scheduler_job.py:643} INFO - DAG(s) dict_keys(['tutorial']) retrieved from /home/agalli/sandbox/lib/python3.6/site-packages/airflow/example_dags/tutorial.py
[2021-12-10 16:32:10,256] {logging_mixin.py:104} INFO - [2021-12-10 16:32:10,256] {dag.py:1832} INFO - Sync 1 DAGs
[2021-12-10 16:32:10,480] {logging_mixin.py:104} INFO - [2021-12-10 16:32:10,479] {dag.py:2305} INFO - Setting next_dagrun for tutorial to 2021-12-08 00:00:00+00:00
[2021-12-10 16:32:10,774] {scheduler_job.py:190} INFO - Processing /home/agalli/sandbox/lib/python3.6/site-packages/airflow/example_dags/tutorial.py took 0.733 seconds
[2021-12-10 16:32:49,467] {scheduler_job.py:182} INFO - Started process (PID=3204) to work on /home/agalli/sandbox/lib/python3.6/site-packages/airflow/example_dags/tutorial.py
[2021-12-10 16:32:49,468] {scheduler_job.py:633} INFO - Processing file /home/agalli/sandbox/lib/python3.6/site-packages/airflow/example_dags/tutorial.py for tasks to queue
[2021-12-10 16:32:49,469] {logging_mixin.py:104} INFO - [2021-12-10 16:32:49,469] {dagbag.py:487} INFO - Filling up the DagBag from /home/agalli/sandbox/lib/python3.6/site-packages/airflow/example_dags/tutorial.py
[2021-12-10 16:32:49,484] {scheduler_job.py:643} INFO - DAG(s) dict_keys(['tutorial']) retrieved from /home/agalli/sandbox/lib/python3.6/site-packages/airflow/example_dags/tutorial.py
[2021-12-10 16:32:49,501] {logging_mixin.py:104} INFO - [2021-12-10 16:32:49,501] {dag.py:1832} INFO - Sync 1 DAGs
[2021-12-10 16:32:49,517] {logging_mixin.py:104} INFO - [2021-12-10 16:32:49,517] {dag.py:2305} INFO - Setting next_dagrun for tutorial to 2021-12-08 00:00:00+00:00
[2021-12-10 16:32:49,546] {scheduler_job.py:190} INFO - Processing /home/agalli/sandbox/lib/python3.6/site-packages/airflow/example_dags/tutorial.py took 0.082 seconds
[2021-12-10 16:33:59,369] {scheduler_job.py:182} INFO - Started process (PID=3777) to work on /home/agalli/sandbox/lib/python3.6/site-packages/airflow/example_dags/tutorial.py
[2021-12-10 16:33:59,373] {scheduler_job.py:633} INFO - Processing file /home/agalli/sandbox/lib/python3.6/site-packages/airflow/example_dags/tutorial.py for tasks to queue
[2021-12-10 16:33:59,375] {logging_mixin.py:104} INFO - [2021-12-10 16:33:59,375] {dagbag.py:487} INFO - Filling up the DagBag from /home/agalli/sandbox/lib/python3.6/site-packages/airflow/example_dags/tutorial.py
[2021-12-10 16:33:59,436] {scheduler_job.py:643} INFO - DAG(s) dict_keys(['tutorial']) retrieved from /home/agalli/sandbox/lib/python3.6/site-packages/airflow/example_dags/tutorial.py
[2021-12-10 16:33:59,493] {logging_mixin.py:104} INFO - [2021-12-10 16:33:59,493] {dag.py:1832} INFO - Sync 1 DAGs
[2021-12-10 16:33:59,554] {logging_mixin.py:104} INFO - [2021-12-10 16:33:59,554] {dag.py:2305} INFO - Setting next_dagrun for tutorial to 2021-12-08 00:00:00+00:00
[2021-12-10 16:33:59,652] {scheduler_job.py:190} INFO - Processing /home/agalli/sandbox/lib/python3.6/site-packages/airflow/example_dags/tutorial.py took 0.292 seconds
[2021-12-10 16:34:43,775] {scheduler_job.py:182} INFO - Started process (PID=3812) to work on /home/agalli/sandbox/lib/python3.6/site-packages/airflow/example_dags/tutorial.py
[2021-12-10 16:34:43,777] {scheduler_job.py:633} INFO - Processing file /home/agalli/sandbox/lib/python3.6/site-packages/airflow/example_dags/tutorial.py for tasks to queue
[2021-12-10 16:34:43,779] {logging_mixin.py:104} INFO - [2021-12-10 16:34:43,778] {dagbag.py:487} INFO - Filling up the DagBag from /home/agalli/sandbox/lib/python3.6/site-packages/airflow/example_dags/tutorial.py
[2021-12-10 16:34:43,807] {scheduler_job.py:643} INFO - DAG(s) dict_keys(['tutorial']) retrieved from /home/agalli/sandbox/lib/python3.6/site-packages/airflow/example_dags/tutorial.py
[2021-12-10 16:34:43,847] {logging_mixin.py:104} INFO - [2021-12-10 16:34:43,847] {dag.py:1832} INFO - Sync 1 DAGs
[2021-12-10 16:34:43,878] {logging_mixin.py:104} INFO - [2021-12-10 16:34:43,877] {dag.py:2305} INFO - Setting next_dagrun for tutorial to 2021-12-08 00:00:00+00:00
[2021-12-10 16:34:43,901] {scheduler_job.py:190} INFO - Processing /home/agalli/sandbox/lib/python3.6/site-packages/airflow/example_dags/tutorial.py took 0.131 seconds
[2021-12-10 16:35:21,260] {scheduler_job.py:182} INFO - Started process (PID=3846) to work on /home/agalli/sandbox/lib/python3.6/site-packages/airflow/example_dags/tutorial.py
[2021-12-10 16:35:21,268] {scheduler_job.py:633} INFO - Processing file /home/agalli/sandbox/lib/python3.6/site-packages/airflow/example_dags/tutorial.py for tasks to queue
[2021-12-10 16:35:21,269] {logging_mixin.py:104} INFO - [2021-12-10 16:35:21,269] {dagbag.py:487} INFO - Filling up the DagBag from /home/agalli/sandbox/lib/python3.6/site-packages/airflow/example_dags/tutorial.py
[2021-12-10 16:35:21,308] {scheduler_job.py:643} INFO - DAG(s) dict_keys(['tutorial']) retrieved from /home/agalli/sandbox/lib/python3.6/site-packages/airflow/example_dags/tutorial.py
[2021-12-10 16:35:21,359] {logging_mixin.py:104} INFO - [2021-12-10 16:35:21,359] {dag.py:1832} INFO - Sync 1 DAGs
[2021-12-10 16:35:21,454] {logging_mixin.py:104} INFO - [2021-12-10 16:35:21,454] {dag.py:2305} INFO - Setting next_dagrun for tutorial to 2021-12-08 00:00:00+00:00
[2021-12-10 16:35:21,495] {scheduler_job.py:190} INFO - Processing /home/agalli/sandbox/lib/python3.6/site-packages/airflow/example_dags/tutorial.py took 0.240 seconds
[2021-12-10 16:36:11,471] {scheduler_job.py:182} INFO - Started process (PID=3879) to work on /home/agalli/sandbox/lib/python3.6/site-packages/airflow/example_dags/tutorial.py
[2021-12-10 16:36:11,485] {scheduler_job.py:633} INFO - Processing file /home/agalli/sandbox/lib/python3.6/site-packages/airflow/example_dags/tutorial.py for tasks to queue
[2021-12-10 16:36:11,487] {logging_mixin.py:104} INFO - [2021-12-10 16:36:11,486] {dagbag.py:487} INFO - Filling up the DagBag from /home/agalli/sandbox/lib/python3.6/site-packages/airflow/example_dags/tutorial.py
[2021-12-10 16:36:11,536] {scheduler_job.py:643} INFO - DAG(s) dict_keys(['tutorial']) retrieved from /home/agalli/sandbox/lib/python3.6/site-packages/airflow/example_dags/tutorial.py
[2021-12-10 16:36:11,582] {logging_mixin.py:104} INFO - [2021-12-10 16:36:11,582] {dag.py:1832} INFO - Sync 1 DAGs
[2021-12-10 16:36:11,638] {logging_mixin.py:104} INFO - [2021-12-10 16:36:11,637] {dag.py:2305} INFO - Setting next_dagrun for tutorial to 2021-12-08 00:00:00+00:00
[2021-12-10 16:36:11,726] {scheduler_job.py:190} INFO - Processing /home/agalli/sandbox/lib/python3.6/site-packages/airflow/example_dags/tutorial.py took 0.276 seconds
