[2021-12-10 16:23:02,540] {scheduler_job.py:182} INFO - Started process (PID=1568) to work on /home/agalli/sandbox/lib/python3.6/site-packages/airflow/example_dags/tutorial_taskflow_api_etl_virtualenv.py
[2021-12-10 16:23:02,544] {scheduler_job.py:633} INFO - Processing file /home/agalli/sandbox/lib/python3.6/site-packages/airflow/example_dags/tutorial_taskflow_api_etl_virtualenv.py for tasks to queue
[2021-12-10 16:23:02,545] {logging_mixin.py:104} INFO - [2021-12-10 16:23:02,545] {dagbag.py:487} INFO - Filling up the DagBag from /home/agalli/sandbox/lib/python3.6/site-packages/airflow/example_dags/tutorial_taskflow_api_etl_virtualenv.py
[2021-12-10 16:23:02,560] {scheduler_job.py:643} INFO - DAG(s) dict_keys(['tutorial_taskflow_api_etl_virtualenv']) retrieved from /home/agalli/sandbox/lib/python3.6/site-packages/airflow/example_dags/tutorial_taskflow_api_etl_virtualenv.py
[2021-12-10 16:23:02,756] {logging_mixin.py:104} INFO - [2021-12-10 16:23:02,756] {dag.py:1832} INFO - Sync 1 DAGs
[2021-12-10 16:23:02,767] {logging_mixin.py:104} INFO - [2021-12-10 16:23:02,767] {dag.py:2305} INFO - Setting next_dagrun for tutorial_taskflow_api_etl_virtualenv to None
[2021-12-10 16:23:02,793] {scheduler_job.py:190} INFO - Processing /home/agalli/sandbox/lib/python3.6/site-packages/airflow/example_dags/tutorial_taskflow_api_etl_virtualenv.py took 0.257 seconds
[2021-12-10 16:24:01,837] {scheduler_job.py:182} INFO - Started process (PID=1684) to work on /home/agalli/sandbox/lib/python3.6/site-packages/airflow/example_dags/tutorial_taskflow_api_etl_virtualenv.py
[2021-12-10 16:24:01,840] {scheduler_job.py:633} INFO - Processing file /home/agalli/sandbox/lib/python3.6/site-packages/airflow/example_dags/tutorial_taskflow_api_etl_virtualenv.py for tasks to queue
[2021-12-10 16:24:01,842] {logging_mixin.py:104} INFO - [2021-12-10 16:24:01,842] {dagbag.py:487} INFO - Filling up the DagBag from /home/agalli/sandbox/lib/python3.6/site-packages/airflow/example_dags/tutorial_taskflow_api_etl_virtualenv.py
[2021-12-10 16:24:01,902] {scheduler_job.py:643} INFO - DAG(s) dict_keys(['tutorial_taskflow_api_etl_virtualenv']) retrieved from /home/agalli/sandbox/lib/python3.6/site-packages/airflow/example_dags/tutorial_taskflow_api_etl_virtualenv.py
[2021-12-10 16:24:02,917] {logging_mixin.py:104} INFO - [2021-12-10 16:24:02,917] {dag.py:1832} INFO - Sync 1 DAGs
[2021-12-10 16:24:02,967] {logging_mixin.py:104} INFO - [2021-12-10 16:24:02,967] {dag.py:2305} INFO - Setting next_dagrun for tutorial_taskflow_api_etl_virtualenv to None
[2021-12-10 16:24:03,087] {scheduler_job.py:190} INFO - Processing /home/agalli/sandbox/lib/python3.6/site-packages/airflow/example_dags/tutorial_taskflow_api_etl_virtualenv.py took 1.261 seconds
[2021-12-10 16:24:57,295] {scheduler_job.py:182} INFO - Started process (PID=1719) to work on /home/agalli/sandbox/lib/python3.6/site-packages/airflow/example_dags/tutorial_taskflow_api_etl_virtualenv.py
[2021-12-10 16:24:57,299] {scheduler_job.py:633} INFO - Processing file /home/agalli/sandbox/lib/python3.6/site-packages/airflow/example_dags/tutorial_taskflow_api_etl_virtualenv.py for tasks to queue
[2021-12-10 16:24:57,301] {logging_mixin.py:104} INFO - [2021-12-10 16:24:57,301] {dagbag.py:487} INFO - Filling up the DagBag from /home/agalli/sandbox/lib/python3.6/site-packages/airflow/example_dags/tutorial_taskflow_api_etl_virtualenv.py
[2021-12-10 16:24:57,374] {scheduler_job.py:643} INFO - DAG(s) dict_keys(['tutorial_taskflow_api_etl_virtualenv']) retrieved from /home/agalli/sandbox/lib/python3.6/site-packages/airflow/example_dags/tutorial_taskflow_api_etl_virtualenv.py
[2021-12-10 16:24:58,231] {logging_mixin.py:104} INFO - [2021-12-10 16:24:58,230] {dag.py:1832} INFO - Sync 1 DAGs
[2021-12-10 16:24:58,300] {logging_mixin.py:104} INFO - [2021-12-10 16:24:58,299] {dag.py:2305} INFO - Setting next_dagrun for tutorial_taskflow_api_etl_virtualenv to None
[2021-12-10 16:24:58,364] {scheduler_job.py:190} INFO - Processing /home/agalli/sandbox/lib/python3.6/site-packages/airflow/example_dags/tutorial_taskflow_api_etl_virtualenv.py took 1.088 seconds
[2021-12-10 16:25:43,362] {scheduler_job.py:182} INFO - Started process (PID=1812) to work on /home/agalli/sandbox/lib/python3.6/site-packages/airflow/example_dags/tutorial_taskflow_api_etl_virtualenv.py
[2021-12-10 16:25:43,371] {scheduler_job.py:633} INFO - Processing file /home/agalli/sandbox/lib/python3.6/site-packages/airflow/example_dags/tutorial_taskflow_api_etl_virtualenv.py for tasks to queue
[2021-12-10 16:25:43,373] {logging_mixin.py:104} INFO - [2021-12-10 16:25:43,373] {dagbag.py:487} INFO - Filling up the DagBag from /home/agalli/sandbox/lib/python3.6/site-packages/airflow/example_dags/tutorial_taskflow_api_etl_virtualenv.py
[2021-12-10 16:25:43,556] {scheduler_job.py:643} INFO - DAG(s) dict_keys(['tutorial_taskflow_api_etl_virtualenv']) retrieved from /home/agalli/sandbox/lib/python3.6/site-packages/airflow/example_dags/tutorial_taskflow_api_etl_virtualenv.py
[2021-12-10 16:25:43,602] {logging_mixin.py:104} INFO - [2021-12-10 16:25:43,602] {dag.py:1832} INFO - Sync 1 DAGs
[2021-12-10 16:25:43,642] {logging_mixin.py:104} INFO - [2021-12-10 16:25:43,642] {dag.py:2305} INFO - Setting next_dagrun for tutorial_taskflow_api_etl_virtualenv to None
[2021-12-10 16:25:43,723] {scheduler_job.py:190} INFO - Processing /home/agalli/sandbox/lib/python3.6/site-packages/airflow/example_dags/tutorial_taskflow_api_etl_virtualenv.py took 0.371 seconds
[2021-12-10 16:26:24,472] {scheduler_job.py:182} INFO - Started process (PID=2020) to work on /home/agalli/sandbox/lib/python3.6/site-packages/airflow/example_dags/tutorial_taskflow_api_etl_virtualenv.py
[2021-12-10 16:26:24,474] {scheduler_job.py:633} INFO - Processing file /home/agalli/sandbox/lib/python3.6/site-packages/airflow/example_dags/tutorial_taskflow_api_etl_virtualenv.py for tasks to queue
[2021-12-10 16:26:24,476] {logging_mixin.py:104} INFO - [2021-12-10 16:26:24,476] {dagbag.py:487} INFO - Filling up the DagBag from /home/agalli/sandbox/lib/python3.6/site-packages/airflow/example_dags/tutorial_taskflow_api_etl_virtualenv.py
[2021-12-10 16:26:24,511] {scheduler_job.py:643} INFO - DAG(s) dict_keys(['tutorial_taskflow_api_etl_virtualenv']) retrieved from /home/agalli/sandbox/lib/python3.6/site-packages/airflow/example_dags/tutorial_taskflow_api_etl_virtualenv.py
[2021-12-10 16:26:25,067] {logging_mixin.py:104} INFO - [2021-12-10 16:26:25,067] {dag.py:1832} INFO - Sync 1 DAGs
[2021-12-10 16:26:25,084] {logging_mixin.py:104} INFO - [2021-12-10 16:26:25,084] {dag.py:2305} INFO - Setting next_dagrun for tutorial_taskflow_api_etl_virtualenv to None
[2021-12-10 16:26:25,108] {scheduler_job.py:190} INFO - Processing /home/agalli/sandbox/lib/python3.6/site-packages/airflow/example_dags/tutorial_taskflow_api_etl_virtualenv.py took 0.641 seconds
[2021-12-10 16:27:04,083] {scheduler_job.py:182} INFO - Started process (PID=2212) to work on /home/agalli/sandbox/lib/python3.6/site-packages/airflow/example_dags/tutorial_taskflow_api_etl_virtualenv.py
[2021-12-10 16:27:04,086] {scheduler_job.py:633} INFO - Processing file /home/agalli/sandbox/lib/python3.6/site-packages/airflow/example_dags/tutorial_taskflow_api_etl_virtualenv.py for tasks to queue
[2021-12-10 16:27:04,093] {logging_mixin.py:104} INFO - [2021-12-10 16:27:04,088] {dagbag.py:487} INFO - Filling up the DagBag from /home/agalli/sandbox/lib/python3.6/site-packages/airflow/example_dags/tutorial_taskflow_api_etl_virtualenv.py
[2021-12-10 16:27:04,138] {scheduler_job.py:643} INFO - DAG(s) dict_keys(['tutorial_taskflow_api_etl_virtualenv']) retrieved from /home/agalli/sandbox/lib/python3.6/site-packages/airflow/example_dags/tutorial_taskflow_api_etl_virtualenv.py
[2021-12-10 16:27:05,109] {logging_mixin.py:104} INFO - [2021-12-10 16:27:05,109] {dag.py:1832} INFO - Sync 1 DAGs
[2021-12-10 16:27:05,134] {logging_mixin.py:104} INFO - [2021-12-10 16:27:05,134] {dag.py:2305} INFO - Setting next_dagrun for tutorial_taskflow_api_etl_virtualenv to None
[2021-12-10 16:27:05,176] {scheduler_job.py:190} INFO - Processing /home/agalli/sandbox/lib/python3.6/site-packages/airflow/example_dags/tutorial_taskflow_api_etl_virtualenv.py took 1.109 seconds
[2021-12-10 16:27:40,549] {scheduler_job.py:182} INFO - Started process (PID=2285) to work on /home/agalli/sandbox/lib/python3.6/site-packages/airflow/example_dags/tutorial_taskflow_api_etl_virtualenv.py
[2021-12-10 16:27:40,551] {scheduler_job.py:633} INFO - Processing file /home/agalli/sandbox/lib/python3.6/site-packages/airflow/example_dags/tutorial_taskflow_api_etl_virtualenv.py for tasks to queue
[2021-12-10 16:27:40,553] {logging_mixin.py:104} INFO - [2021-12-10 16:27:40,553] {dagbag.py:487} INFO - Filling up the DagBag from /home/agalli/sandbox/lib/python3.6/site-packages/airflow/example_dags/tutorial_taskflow_api_etl_virtualenv.py
[2021-12-10 16:27:40,596] {scheduler_job.py:643} INFO - DAG(s) dict_keys(['tutorial_taskflow_api_etl_virtualenv']) retrieved from /home/agalli/sandbox/lib/python3.6/site-packages/airflow/example_dags/tutorial_taskflow_api_etl_virtualenv.py
[2021-12-10 16:27:41,302] {logging_mixin.py:104} INFO - [2021-12-10 16:27:41,302] {dag.py:1832} INFO - Sync 1 DAGs
[2021-12-10 16:27:41,326] {logging_mixin.py:104} INFO - [2021-12-10 16:27:41,326] {dag.py:2305} INFO - Setting next_dagrun for tutorial_taskflow_api_etl_virtualenv to None
[2021-12-10 16:27:41,352] {scheduler_job.py:190} INFO - Processing /home/agalli/sandbox/lib/python3.6/site-packages/airflow/example_dags/tutorial_taskflow_api_etl_virtualenv.py took 0.808 seconds
[2021-12-10 16:28:27,687] {scheduler_job.py:182} INFO - Started process (PID=2545) to work on /home/agalli/sandbox/lib/python3.6/site-packages/airflow/example_dags/tutorial_taskflow_api_etl_virtualenv.py
[2021-12-10 16:28:27,690] {scheduler_job.py:633} INFO - Processing file /home/agalli/sandbox/lib/python3.6/site-packages/airflow/example_dags/tutorial_taskflow_api_etl_virtualenv.py for tasks to queue
[2021-12-10 16:28:27,692] {logging_mixin.py:104} INFO - [2021-12-10 16:28:27,691] {dagbag.py:487} INFO - Filling up the DagBag from /home/agalli/sandbox/lib/python3.6/site-packages/airflow/example_dags/tutorial_taskflow_api_etl_virtualenv.py
[2021-12-10 16:28:27,735] {scheduler_job.py:643} INFO - DAG(s) dict_keys(['tutorial_taskflow_api_etl_virtualenv']) retrieved from /home/agalli/sandbox/lib/python3.6/site-packages/airflow/example_dags/tutorial_taskflow_api_etl_virtualenv.py
[2021-12-10 16:28:28,528] {logging_mixin.py:104} INFO - [2021-12-10 16:28:28,528] {dag.py:1832} INFO - Sync 1 DAGs
[2021-12-10 16:28:28,584] {logging_mixin.py:104} INFO - [2021-12-10 16:28:28,583] {dag.py:2305} INFO - Setting next_dagrun for tutorial_taskflow_api_etl_virtualenv to None
[2021-12-10 16:28:28,630] {scheduler_job.py:190} INFO - Processing /home/agalli/sandbox/lib/python3.6/site-packages/airflow/example_dags/tutorial_taskflow_api_etl_virtualenv.py took 0.948 seconds
[2021-12-10 16:29:21,249] {scheduler_job.py:182} INFO - Started process (PID=2639) to work on /home/agalli/sandbox/lib/python3.6/site-packages/airflow/example_dags/tutorial_taskflow_api_etl_virtualenv.py
[2021-12-10 16:29:21,252] {scheduler_job.py:633} INFO - Processing file /home/agalli/sandbox/lib/python3.6/site-packages/airflow/example_dags/tutorial_taskflow_api_etl_virtualenv.py for tasks to queue
[2021-12-10 16:29:21,254] {logging_mixin.py:104} INFO - [2021-12-10 16:29:21,254] {dagbag.py:487} INFO - Filling up the DagBag from /home/agalli/sandbox/lib/python3.6/site-packages/airflow/example_dags/tutorial_taskflow_api_etl_virtualenv.py
[2021-12-10 16:29:21,300] {scheduler_job.py:643} INFO - DAG(s) dict_keys(['tutorial_taskflow_api_etl_virtualenv']) retrieved from /home/agalli/sandbox/lib/python3.6/site-packages/airflow/example_dags/tutorial_taskflow_api_etl_virtualenv.py
[2021-12-10 16:29:22,548] {logging_mixin.py:104} INFO - [2021-12-10 16:29:22,548] {dag.py:1832} INFO - Sync 1 DAGs
[2021-12-10 16:29:22,667] {logging_mixin.py:104} INFO - [2021-12-10 16:29:22,667] {dag.py:2305} INFO - Setting next_dagrun for tutorial_taskflow_api_etl_virtualenv to None
[2021-12-10 16:29:22,724] {scheduler_job.py:190} INFO - Processing /home/agalli/sandbox/lib/python3.6/site-packages/airflow/example_dags/tutorial_taskflow_api_etl_virtualenv.py took 1.482 seconds
[2021-12-10 16:30:06,582] {scheduler_job.py:182} INFO - Started process (PID=2671) to work on /home/agalli/sandbox/lib/python3.6/site-packages/airflow/example_dags/tutorial_taskflow_api_etl_virtualenv.py
[2021-12-10 16:30:06,584] {scheduler_job.py:633} INFO - Processing file /home/agalli/sandbox/lib/python3.6/site-packages/airflow/example_dags/tutorial_taskflow_api_etl_virtualenv.py for tasks to queue
[2021-12-10 16:30:06,587] {logging_mixin.py:104} INFO - [2021-12-10 16:30:06,587] {dagbag.py:487} INFO - Filling up the DagBag from /home/agalli/sandbox/lib/python3.6/site-packages/airflow/example_dags/tutorial_taskflow_api_etl_virtualenv.py
[2021-12-10 16:30:06,658] {scheduler_job.py:643} INFO - DAG(s) dict_keys(['tutorial_taskflow_api_etl_virtualenv']) retrieved from /home/agalli/sandbox/lib/python3.6/site-packages/airflow/example_dags/tutorial_taskflow_api_etl_virtualenv.py
[2021-12-10 16:30:06,703] {logging_mixin.py:104} INFO - [2021-12-10 16:30:06,702] {dag.py:1832} INFO - Sync 1 DAGs
[2021-12-10 16:30:06,763] {logging_mixin.py:104} INFO - [2021-12-10 16:30:06,763] {dag.py:2305} INFO - Setting next_dagrun for tutorial_taskflow_api_etl_virtualenv to None
[2021-12-10 16:30:06,843] {scheduler_job.py:190} INFO - Processing /home/agalli/sandbox/lib/python3.6/site-packages/airflow/example_dags/tutorial_taskflow_api_etl_virtualenv.py took 0.273 seconds
[2021-12-10 16:30:48,937] {scheduler_job.py:182} INFO - Started process (PID=2706) to work on /home/agalli/sandbox/lib/python3.6/site-packages/airflow/example_dags/tutorial_taskflow_api_etl_virtualenv.py
[2021-12-10 16:30:48,947] {scheduler_job.py:633} INFO - Processing file /home/agalli/sandbox/lib/python3.6/site-packages/airflow/example_dags/tutorial_taskflow_api_etl_virtualenv.py for tasks to queue
[2021-12-10 16:30:48,950] {logging_mixin.py:104} INFO - [2021-12-10 16:30:48,949] {dagbag.py:487} INFO - Filling up the DagBag from /home/agalli/sandbox/lib/python3.6/site-packages/airflow/example_dags/tutorial_taskflow_api_etl_virtualenv.py
[2021-12-10 16:30:48,991] {scheduler_job.py:643} INFO - DAG(s) dict_keys(['tutorial_taskflow_api_etl_virtualenv']) retrieved from /home/agalli/sandbox/lib/python3.6/site-packages/airflow/example_dags/tutorial_taskflow_api_etl_virtualenv.py
[2021-12-10 16:30:50,555] {logging_mixin.py:104} INFO - [2021-12-10 16:30:50,555] {dag.py:1832} INFO - Sync 1 DAGs
[2021-12-10 16:30:50,608] {logging_mixin.py:104} INFO - [2021-12-10 16:30:50,608] {dag.py:2305} INFO - Setting next_dagrun for tutorial_taskflow_api_etl_virtualenv to None
[2021-12-10 16:30:50,691] {scheduler_job.py:190} INFO - Processing /home/agalli/sandbox/lib/python3.6/site-packages/airflow/example_dags/tutorial_taskflow_api_etl_virtualenv.py took 1.781 seconds
[2021-12-10 16:31:46,032] {scheduler_job.py:182} INFO - Started process (PID=3007) to work on /home/agalli/sandbox/lib/python3.6/site-packages/airflow/example_dags/tutorial_taskflow_api_etl_virtualenv.py
[2021-12-10 16:31:46,035] {scheduler_job.py:633} INFO - Processing file /home/agalli/sandbox/lib/python3.6/site-packages/airflow/example_dags/tutorial_taskflow_api_etl_virtualenv.py for tasks to queue
[2021-12-10 16:31:46,048] {logging_mixin.py:104} INFO - [2021-12-10 16:31:46,048] {dagbag.py:487} INFO - Filling up the DagBag from /home/agalli/sandbox/lib/python3.6/site-packages/airflow/example_dags/tutorial_taskflow_api_etl_virtualenv.py
[2021-12-10 16:31:46,136] {scheduler_job.py:643} INFO - DAG(s) dict_keys(['tutorial_taskflow_api_etl_virtualenv']) retrieved from /home/agalli/sandbox/lib/python3.6/site-packages/airflow/example_dags/tutorial_taskflow_api_etl_virtualenv.py
[2021-12-10 16:31:47,167] {logging_mixin.py:104} INFO - [2021-12-10 16:31:47,167] {dag.py:1832} INFO - Sync 1 DAGs
[2021-12-10 16:31:47,255] {logging_mixin.py:104} INFO - [2021-12-10 16:31:47,255] {dag.py:2305} INFO - Setting next_dagrun for tutorial_taskflow_api_etl_virtualenv to None
[2021-12-10 16:31:47,375] {scheduler_job.py:190} INFO - Processing /home/agalli/sandbox/lib/python3.6/site-packages/airflow/example_dags/tutorial_taskflow_api_etl_virtualenv.py took 1.360 seconds
[2021-12-10 16:32:25,030] {scheduler_job.py:182} INFO - Started process (PID=3034) to work on /home/agalli/sandbox/lib/python3.6/site-packages/airflow/example_dags/tutorial_taskflow_api_etl_virtualenv.py
[2021-12-10 16:32:25,032] {scheduler_job.py:633} INFO - Processing file /home/agalli/sandbox/lib/python3.6/site-packages/airflow/example_dags/tutorial_taskflow_api_etl_virtualenv.py for tasks to queue
[2021-12-10 16:32:25,033] {logging_mixin.py:104} INFO - [2021-12-10 16:32:25,033] {dagbag.py:487} INFO - Filling up the DagBag from /home/agalli/sandbox/lib/python3.6/site-packages/airflow/example_dags/tutorial_taskflow_api_etl_virtualenv.py
[2021-12-10 16:32:25,060] {scheduler_job.py:643} INFO - DAG(s) dict_keys(['tutorial_taskflow_api_etl_virtualenv']) retrieved from /home/agalli/sandbox/lib/python3.6/site-packages/airflow/example_dags/tutorial_taskflow_api_etl_virtualenv.py
[2021-12-10 16:32:25,763] {logging_mixin.py:104} INFO - [2021-12-10 16:32:25,763] {dag.py:1832} INFO - Sync 1 DAGs
[2021-12-10 16:32:25,823] {logging_mixin.py:104} INFO - [2021-12-10 16:32:25,823] {dag.py:2305} INFO - Setting next_dagrun for tutorial_taskflow_api_etl_virtualenv to None
[2021-12-10 16:32:26,040] {scheduler_job.py:190} INFO - Processing /home/agalli/sandbox/lib/python3.6/site-packages/airflow/example_dags/tutorial_taskflow_api_etl_virtualenv.py took 1.015 seconds
[2021-12-10 16:32:59,114] {scheduler_job.py:182} INFO - Started process (PID=3271) to work on /home/agalli/sandbox/lib/python3.6/site-packages/airflow/example_dags/tutorial_taskflow_api_etl_virtualenv.py
[2021-12-10 16:32:59,116] {scheduler_job.py:633} INFO - Processing file /home/agalli/sandbox/lib/python3.6/site-packages/airflow/example_dags/tutorial_taskflow_api_etl_virtualenv.py for tasks to queue
[2021-12-10 16:32:59,119] {logging_mixin.py:104} INFO - [2021-12-10 16:32:59,118] {dagbag.py:487} INFO - Filling up the DagBag from /home/agalli/sandbox/lib/python3.6/site-packages/airflow/example_dags/tutorial_taskflow_api_etl_virtualenv.py
[2021-12-10 16:32:59,154] {scheduler_job.py:643} INFO - DAG(s) dict_keys(['tutorial_taskflow_api_etl_virtualenv']) retrieved from /home/agalli/sandbox/lib/python3.6/site-packages/airflow/example_dags/tutorial_taskflow_api_etl_virtualenv.py
[2021-12-10 16:32:59,177] {logging_mixin.py:104} INFO - [2021-12-10 16:32:59,177] {dag.py:1832} INFO - Sync 1 DAGs
[2021-12-10 16:32:59,193] {logging_mixin.py:104} INFO - [2021-12-10 16:32:59,193] {dag.py:2305} INFO - Setting next_dagrun for tutorial_taskflow_api_etl_virtualenv to None
[2021-12-10 16:32:59,220] {scheduler_job.py:190} INFO - Processing /home/agalli/sandbox/lib/python3.6/site-packages/airflow/example_dags/tutorial_taskflow_api_etl_virtualenv.py took 0.111 seconds
[2021-12-10 16:33:48,546] {scheduler_job.py:182} INFO - Started process (PID=3751) to work on /home/agalli/sandbox/lib/python3.6/site-packages/airflow/example_dags/tutorial_taskflow_api_etl_virtualenv.py
[2021-12-10 16:33:48,551] {scheduler_job.py:633} INFO - Processing file /home/agalli/sandbox/lib/python3.6/site-packages/airflow/example_dags/tutorial_taskflow_api_etl_virtualenv.py for tasks to queue
[2021-12-10 16:33:48,554] {logging_mixin.py:104} INFO - [2021-12-10 16:33:48,552] {dagbag.py:487} INFO - Filling up the DagBag from /home/agalli/sandbox/lib/python3.6/site-packages/airflow/example_dags/tutorial_taskflow_api_etl_virtualenv.py
[2021-12-10 16:33:48,598] {scheduler_job.py:643} INFO - DAG(s) dict_keys(['tutorial_taskflow_api_etl_virtualenv']) retrieved from /home/agalli/sandbox/lib/python3.6/site-packages/airflow/example_dags/tutorial_taskflow_api_etl_virtualenv.py
[2021-12-10 16:33:49,203] {logging_mixin.py:104} INFO - [2021-12-10 16:33:49,203] {dag.py:1832} INFO - Sync 1 DAGs
[2021-12-10 16:33:49,291] {logging_mixin.py:104} INFO - [2021-12-10 16:33:49,291] {dag.py:2305} INFO - Setting next_dagrun for tutorial_taskflow_api_etl_virtualenv to None
[2021-12-10 16:33:49,410] {scheduler_job.py:190} INFO - Processing /home/agalli/sandbox/lib/python3.6/site-packages/airflow/example_dags/tutorial_taskflow_api_etl_virtualenv.py took 0.871 seconds
[2021-12-10 16:34:25,873] {scheduler_job.py:182} INFO - Started process (PID=3798) to work on /home/agalli/sandbox/lib/python3.6/site-packages/airflow/example_dags/tutorial_taskflow_api_etl_virtualenv.py
[2021-12-10 16:34:25,877] {scheduler_job.py:633} INFO - Processing file /home/agalli/sandbox/lib/python3.6/site-packages/airflow/example_dags/tutorial_taskflow_api_etl_virtualenv.py for tasks to queue
[2021-12-10 16:34:25,879] {logging_mixin.py:104} INFO - [2021-12-10 16:34:25,879] {dagbag.py:487} INFO - Filling up the DagBag from /home/agalli/sandbox/lib/python3.6/site-packages/airflow/example_dags/tutorial_taskflow_api_etl_virtualenv.py
[2021-12-10 16:34:25,925] {scheduler_job.py:643} INFO - DAG(s) dict_keys(['tutorial_taskflow_api_etl_virtualenv']) retrieved from /home/agalli/sandbox/lib/python3.6/site-packages/airflow/example_dags/tutorial_taskflow_api_etl_virtualenv.py
[2021-12-10 16:34:26,550] {logging_mixin.py:104} INFO - [2021-12-10 16:34:26,549] {dag.py:1832} INFO - Sync 1 DAGs
[2021-12-10 16:34:26,568] {logging_mixin.py:104} INFO - [2021-12-10 16:34:26,568] {dag.py:2305} INFO - Setting next_dagrun for tutorial_taskflow_api_etl_virtualenv to None
[2021-12-10 16:34:26,593] {scheduler_job.py:190} INFO - Processing /home/agalli/sandbox/lib/python3.6/site-packages/airflow/example_dags/tutorial_taskflow_api_etl_virtualenv.py took 0.726 seconds
[2021-12-10 16:35:04,131] {scheduler_job.py:182} INFO - Started process (PID=3833) to work on /home/agalli/sandbox/lib/python3.6/site-packages/airflow/example_dags/tutorial_taskflow_api_etl_virtualenv.py
[2021-12-10 16:35:04,134] {scheduler_job.py:633} INFO - Processing file /home/agalli/sandbox/lib/python3.6/site-packages/airflow/example_dags/tutorial_taskflow_api_etl_virtualenv.py for tasks to queue
[2021-12-10 16:35:04,135] {logging_mixin.py:104} INFO - [2021-12-10 16:35:04,135] {dagbag.py:487} INFO - Filling up the DagBag from /home/agalli/sandbox/lib/python3.6/site-packages/airflow/example_dags/tutorial_taskflow_api_etl_virtualenv.py
[2021-12-10 16:35:04,163] {scheduler_job.py:643} INFO - DAG(s) dict_keys(['tutorial_taskflow_api_etl_virtualenv']) retrieved from /home/agalli/sandbox/lib/python3.6/site-packages/airflow/example_dags/tutorial_taskflow_api_etl_virtualenv.py
[2021-12-10 16:35:04,185] {logging_mixin.py:104} INFO - [2021-12-10 16:35:04,184] {dag.py:1832} INFO - Sync 1 DAGs
[2021-12-10 16:35:04,209] {logging_mixin.py:104} INFO - [2021-12-10 16:35:04,209] {dag.py:2305} INFO - Setting next_dagrun for tutorial_taskflow_api_etl_virtualenv to None
[2021-12-10 16:35:04,239] {scheduler_job.py:190} INFO - Processing /home/agalli/sandbox/lib/python3.6/site-packages/airflow/example_dags/tutorial_taskflow_api_etl_virtualenv.py took 0.112 seconds
[2021-12-10 16:35:50,409] {scheduler_job.py:182} INFO - Started process (PID=3866) to work on /home/agalli/sandbox/lib/python3.6/site-packages/airflow/example_dags/tutorial_taskflow_api_etl_virtualenv.py
[2021-12-10 16:35:50,412] {scheduler_job.py:633} INFO - Processing file /home/agalli/sandbox/lib/python3.6/site-packages/airflow/example_dags/tutorial_taskflow_api_etl_virtualenv.py for tasks to queue
[2021-12-10 16:35:50,413] {logging_mixin.py:104} INFO - [2021-12-10 16:35:50,413] {dagbag.py:487} INFO - Filling up the DagBag from /home/agalli/sandbox/lib/python3.6/site-packages/airflow/example_dags/tutorial_taskflow_api_etl_virtualenv.py
[2021-12-10 16:35:50,466] {scheduler_job.py:643} INFO - DAG(s) dict_keys(['tutorial_taskflow_api_etl_virtualenv']) retrieved from /home/agalli/sandbox/lib/python3.6/site-packages/airflow/example_dags/tutorial_taskflow_api_etl_virtualenv.py
[2021-12-10 16:35:51,370] {logging_mixin.py:104} INFO - [2021-12-10 16:35:51,369] {dag.py:1832} INFO - Sync 1 DAGs
[2021-12-10 16:35:51,458] {logging_mixin.py:104} INFO - [2021-12-10 16:35:51,457] {dag.py:2305} INFO - Setting next_dagrun for tutorial_taskflow_api_etl_virtualenv to None
[2021-12-10 16:35:51,499] {scheduler_job.py:190} INFO - Processing /home/agalli/sandbox/lib/python3.6/site-packages/airflow/example_dags/tutorial_taskflow_api_etl_virtualenv.py took 1.099 seconds
