[2021-12-10 16:23:05,495] {scheduler_job.py:182} INFO - Started process (PID=1583) to work on /home/agalli/sandbox/lib/python3.6/site-packages/airflow/example_dags/tutorial_etl_dag.py
[2021-12-10 16:23:05,499] {scheduler_job.py:633} INFO - Processing file /home/agalli/sandbox/lib/python3.6/site-packages/airflow/example_dags/tutorial_etl_dag.py for tasks to queue
[2021-12-10 16:23:05,500] {logging_mixin.py:104} INFO - [2021-12-10 16:23:05,500] {dagbag.py:487} INFO - Filling up the DagBag from /home/agalli/sandbox/lib/python3.6/site-packages/airflow/example_dags/tutorial_etl_dag.py
[2021-12-10 16:23:05,513] {scheduler_job.py:643} INFO - DAG(s) dict_keys(['tutorial_etl_dag']) retrieved from /home/agalli/sandbox/lib/python3.6/site-packages/airflow/example_dags/tutorial_etl_dag.py
[2021-12-10 16:23:05,777] {logging_mixin.py:104} INFO - [2021-12-10 16:23:05,777] {dag.py:1832} INFO - Sync 1 DAGs
[2021-12-10 16:23:05,789] {logging_mixin.py:104} INFO - [2021-12-10 16:23:05,789] {dag.py:2305} INFO - Setting next_dagrun for tutorial_etl_dag to None
[2021-12-10 16:23:05,811] {scheduler_job.py:190} INFO - Processing /home/agalli/sandbox/lib/python3.6/site-packages/airflow/example_dags/tutorial_etl_dag.py took 0.319 seconds
[2021-12-10 16:24:07,606] {scheduler_job.py:182} INFO - Started process (PID=1687) to work on /home/agalli/sandbox/lib/python3.6/site-packages/airflow/example_dags/tutorial_etl_dag.py
[2021-12-10 16:24:07,615] {scheduler_job.py:633} INFO - Processing file /home/agalli/sandbox/lib/python3.6/site-packages/airflow/example_dags/tutorial_etl_dag.py for tasks to queue
[2021-12-10 16:24:07,616] {logging_mixin.py:104} INFO - [2021-12-10 16:24:07,616] {dagbag.py:487} INFO - Filling up the DagBag from /home/agalli/sandbox/lib/python3.6/site-packages/airflow/example_dags/tutorial_etl_dag.py
[2021-12-10 16:24:07,706] {scheduler_job.py:643} INFO - DAG(s) dict_keys(['tutorial_etl_dag']) retrieved from /home/agalli/sandbox/lib/python3.6/site-packages/airflow/example_dags/tutorial_etl_dag.py
[2021-12-10 16:24:07,775] {logging_mixin.py:104} INFO - [2021-12-10 16:24:07,775] {dag.py:1832} INFO - Sync 1 DAGs
[2021-12-10 16:24:07,844] {logging_mixin.py:104} INFO - [2021-12-10 16:24:07,843] {dag.py:2305} INFO - Setting next_dagrun for tutorial_etl_dag to None
[2021-12-10 16:24:07,996] {scheduler_job.py:190} INFO - Processing /home/agalli/sandbox/lib/python3.6/site-packages/airflow/example_dags/tutorial_etl_dag.py took 0.395 seconds
[2021-12-10 16:25:02,079] {scheduler_job.py:182} INFO - Started process (PID=1722) to work on /home/agalli/sandbox/lib/python3.6/site-packages/airflow/example_dags/tutorial_etl_dag.py
[2021-12-10 16:25:02,082] {scheduler_job.py:633} INFO - Processing file /home/agalli/sandbox/lib/python3.6/site-packages/airflow/example_dags/tutorial_etl_dag.py for tasks to queue
[2021-12-10 16:25:02,084] {logging_mixin.py:104} INFO - [2021-12-10 16:25:02,084] {dagbag.py:487} INFO - Filling up the DagBag from /home/agalli/sandbox/lib/python3.6/site-packages/airflow/example_dags/tutorial_etl_dag.py
[2021-12-10 16:25:02,128] {scheduler_job.py:643} INFO - DAG(s) dict_keys(['tutorial_etl_dag']) retrieved from /home/agalli/sandbox/lib/python3.6/site-packages/airflow/example_dags/tutorial_etl_dag.py
[2021-12-10 16:25:02,159] {logging_mixin.py:104} INFO - [2021-12-10 16:25:02,159] {dag.py:1832} INFO - Sync 1 DAGs
[2021-12-10 16:25:02,186] {logging_mixin.py:104} INFO - [2021-12-10 16:25:02,186] {dag.py:2305} INFO - Setting next_dagrun for tutorial_etl_dag to None
[2021-12-10 16:25:02,226] {scheduler_job.py:190} INFO - Processing /home/agalli/sandbox/lib/python3.6/site-packages/airflow/example_dags/tutorial_etl_dag.py took 0.158 seconds
[2021-12-10 16:25:47,373] {scheduler_job.py:182} INFO - Started process (PID=1815) to work on /home/agalli/sandbox/lib/python3.6/site-packages/airflow/example_dags/tutorial_etl_dag.py
[2021-12-10 16:25:47,376] {scheduler_job.py:633} INFO - Processing file /home/agalli/sandbox/lib/python3.6/site-packages/airflow/example_dags/tutorial_etl_dag.py for tasks to queue
[2021-12-10 16:25:47,381] {logging_mixin.py:104} INFO - [2021-12-10 16:25:47,380] {dagbag.py:487} INFO - Filling up the DagBag from /home/agalli/sandbox/lib/python3.6/site-packages/airflow/example_dags/tutorial_etl_dag.py
[2021-12-10 16:25:47,443] {scheduler_job.py:643} INFO - DAG(s) dict_keys(['tutorial_etl_dag']) retrieved from /home/agalli/sandbox/lib/python3.6/site-packages/airflow/example_dags/tutorial_etl_dag.py
[2021-12-10 16:25:47,563] {logging_mixin.py:104} INFO - [2021-12-10 16:25:47,563] {dag.py:1832} INFO - Sync 1 DAGs
[2021-12-10 16:25:47,613] {logging_mixin.py:104} INFO - [2021-12-10 16:25:47,613] {dag.py:2305} INFO - Setting next_dagrun for tutorial_etl_dag to None
[2021-12-10 16:25:47,680] {scheduler_job.py:190} INFO - Processing /home/agalli/sandbox/lib/python3.6/site-packages/airflow/example_dags/tutorial_etl_dag.py took 0.315 seconds
[2021-12-10 16:26:28,630] {scheduler_job.py:182} INFO - Started process (PID=2023) to work on /home/agalli/sandbox/lib/python3.6/site-packages/airflow/example_dags/tutorial_etl_dag.py
[2021-12-10 16:26:28,633] {scheduler_job.py:633} INFO - Processing file /home/agalli/sandbox/lib/python3.6/site-packages/airflow/example_dags/tutorial_etl_dag.py for tasks to queue
[2021-12-10 16:26:28,635] {logging_mixin.py:104} INFO - [2021-12-10 16:26:28,634] {dagbag.py:487} INFO - Filling up the DagBag from /home/agalli/sandbox/lib/python3.6/site-packages/airflow/example_dags/tutorial_etl_dag.py
[2021-12-10 16:26:28,655] {scheduler_job.py:643} INFO - DAG(s) dict_keys(['tutorial_etl_dag']) retrieved from /home/agalli/sandbox/lib/python3.6/site-packages/airflow/example_dags/tutorial_etl_dag.py
[2021-12-10 16:26:28,674] {logging_mixin.py:104} INFO - [2021-12-10 16:26:28,673] {dag.py:1832} INFO - Sync 1 DAGs
[2021-12-10 16:26:28,694] {logging_mixin.py:104} INFO - [2021-12-10 16:26:28,693] {dag.py:2305} INFO - Setting next_dagrun for tutorial_etl_dag to None
[2021-12-10 16:26:28,730] {scheduler_job.py:190} INFO - Processing /home/agalli/sandbox/lib/python3.6/site-packages/airflow/example_dags/tutorial_etl_dag.py took 0.108 seconds
[2021-12-10 16:27:08,757] {scheduler_job.py:182} INFO - Started process (PID=2245) to work on /home/agalli/sandbox/lib/python3.6/site-packages/airflow/example_dags/tutorial_etl_dag.py
[2021-12-10 16:27:08,767] {scheduler_job.py:633} INFO - Processing file /home/agalli/sandbox/lib/python3.6/site-packages/airflow/example_dags/tutorial_etl_dag.py for tasks to queue
[2021-12-10 16:27:08,768] {logging_mixin.py:104} INFO - [2021-12-10 16:27:08,768] {dagbag.py:487} INFO - Filling up the DagBag from /home/agalli/sandbox/lib/python3.6/site-packages/airflow/example_dags/tutorial_etl_dag.py
[2021-12-10 16:27:08,798] {scheduler_job.py:643} INFO - DAG(s) dict_keys(['tutorial_etl_dag']) retrieved from /home/agalli/sandbox/lib/python3.6/site-packages/airflow/example_dags/tutorial_etl_dag.py
[2021-12-10 16:27:08,844] {logging_mixin.py:104} INFO - [2021-12-10 16:27:08,844] {dag.py:1832} INFO - Sync 1 DAGs
[2021-12-10 16:27:08,867] {logging_mixin.py:104} INFO - [2021-12-10 16:27:08,867] {dag.py:2305} INFO - Setting next_dagrun for tutorial_etl_dag to None
[2021-12-10 16:27:08,898] {scheduler_job.py:190} INFO - Processing /home/agalli/sandbox/lib/python3.6/site-packages/airflow/example_dags/tutorial_etl_dag.py took 0.146 seconds
[2021-12-10 16:27:57,799] {scheduler_job.py:182} INFO - Started process (PID=2311) to work on /home/agalli/sandbox/lib/python3.6/site-packages/airflow/example_dags/tutorial_etl_dag.py
[2021-12-10 16:27:57,827] {scheduler_job.py:633} INFO - Processing file /home/agalli/sandbox/lib/python3.6/site-packages/airflow/example_dags/tutorial_etl_dag.py for tasks to queue
[2021-12-10 16:27:57,830] {logging_mixin.py:104} INFO - [2021-12-10 16:27:57,829] {dagbag.py:487} INFO - Filling up the DagBag from /home/agalli/sandbox/lib/python3.6/site-packages/airflow/example_dags/tutorial_etl_dag.py
[2021-12-10 16:27:57,940] {scheduler_job.py:643} INFO - DAG(s) dict_keys(['tutorial_etl_dag']) retrieved from /home/agalli/sandbox/lib/python3.6/site-packages/airflow/example_dags/tutorial_etl_dag.py
[2021-12-10 16:27:58,058] {logging_mixin.py:104} INFO - [2021-12-10 16:27:58,058] {dag.py:1832} INFO - Sync 1 DAGs
[2021-12-10 16:27:58,249] {logging_mixin.py:104} INFO - [2021-12-10 16:27:58,248] {dag.py:2305} INFO - Setting next_dagrun for tutorial_etl_dag to None
[2021-12-10 16:27:58,339] {scheduler_job.py:190} INFO - Processing /home/agalli/sandbox/lib/python3.6/site-packages/airflow/example_dags/tutorial_etl_dag.py took 0.623 seconds
[2021-12-10 16:28:49,859] {scheduler_job.py:182} INFO - Started process (PID=2618) to work on /home/agalli/sandbox/lib/python3.6/site-packages/airflow/example_dags/tutorial_etl_dag.py
[2021-12-10 16:28:49,865] {scheduler_job.py:633} INFO - Processing file /home/agalli/sandbox/lib/python3.6/site-packages/airflow/example_dags/tutorial_etl_dag.py for tasks to queue
[2021-12-10 16:28:49,866] {logging_mixin.py:104} INFO - [2021-12-10 16:28:49,866] {dagbag.py:487} INFO - Filling up the DagBag from /home/agalli/sandbox/lib/python3.6/site-packages/airflow/example_dags/tutorial_etl_dag.py
[2021-12-10 16:28:49,906] {scheduler_job.py:643} INFO - DAG(s) dict_keys(['tutorial_etl_dag']) retrieved from /home/agalli/sandbox/lib/python3.6/site-packages/airflow/example_dags/tutorial_etl_dag.py
[2021-12-10 16:28:49,944] {logging_mixin.py:104} INFO - [2021-12-10 16:28:49,943] {dag.py:1832} INFO - Sync 1 DAGs
[2021-12-10 16:28:49,991] {logging_mixin.py:104} INFO - [2021-12-10 16:28:49,991] {dag.py:2305} INFO - Setting next_dagrun for tutorial_etl_dag to None
[2021-12-10 16:28:50,050] {scheduler_job.py:190} INFO - Processing /home/agalli/sandbox/lib/python3.6/site-packages/airflow/example_dags/tutorial_etl_dag.py took 0.201 seconds
[2021-12-10 16:29:41,808] {scheduler_job.py:182} INFO - Started process (PID=2652) to work on /home/agalli/sandbox/lib/python3.6/site-packages/airflow/example_dags/tutorial_etl_dag.py
[2021-12-10 16:29:41,812] {scheduler_job.py:633} INFO - Processing file /home/agalli/sandbox/lib/python3.6/site-packages/airflow/example_dags/tutorial_etl_dag.py for tasks to queue
[2021-12-10 16:29:41,815] {logging_mixin.py:104} INFO - [2021-12-10 16:29:41,815] {dagbag.py:487} INFO - Filling up the DagBag from /home/agalli/sandbox/lib/python3.6/site-packages/airflow/example_dags/tutorial_etl_dag.py
[2021-12-10 16:29:41,909] {scheduler_job.py:643} INFO - DAG(s) dict_keys(['tutorial_etl_dag']) retrieved from /home/agalli/sandbox/lib/python3.6/site-packages/airflow/example_dags/tutorial_etl_dag.py
[2021-12-10 16:29:41,951] {logging_mixin.py:104} INFO - [2021-12-10 16:29:41,951] {dag.py:1832} INFO - Sync 1 DAGs
[2021-12-10 16:29:41,995] {logging_mixin.py:104} INFO - [2021-12-10 16:29:41,994] {dag.py:2305} INFO - Setting next_dagrun for tutorial_etl_dag to None
[2021-12-10 16:29:42,067] {scheduler_job.py:190} INFO - Processing /home/agalli/sandbox/lib/python3.6/site-packages/airflow/example_dags/tutorial_etl_dag.py took 0.268 seconds
[2021-12-10 16:30:21,404] {scheduler_job.py:182} INFO - Started process (PID=2682) to work on /home/agalli/sandbox/lib/python3.6/site-packages/airflow/example_dags/tutorial_etl_dag.py
[2021-12-10 16:30:21,413] {scheduler_job.py:633} INFO - Processing file /home/agalli/sandbox/lib/python3.6/site-packages/airflow/example_dags/tutorial_etl_dag.py for tasks to queue
[2021-12-10 16:30:21,416] {logging_mixin.py:104} INFO - [2021-12-10 16:30:21,415] {dagbag.py:487} INFO - Filling up the DagBag from /home/agalli/sandbox/lib/python3.6/site-packages/airflow/example_dags/tutorial_etl_dag.py
[2021-12-10 16:30:21,453] {scheduler_job.py:643} INFO - DAG(s) dict_keys(['tutorial_etl_dag']) retrieved from /home/agalli/sandbox/lib/python3.6/site-packages/airflow/example_dags/tutorial_etl_dag.py
[2021-12-10 16:30:21,498] {logging_mixin.py:104} INFO - [2021-12-10 16:30:21,498] {dag.py:1832} INFO - Sync 1 DAGs
[2021-12-10 16:30:21,673] {logging_mixin.py:104} INFO - [2021-12-10 16:30:21,672] {dag.py:2305} INFO - Setting next_dagrun for tutorial_etl_dag to None
[2021-12-10 16:30:21,742] {scheduler_job.py:190} INFO - Processing /home/agalli/sandbox/lib/python3.6/site-packages/airflow/example_dags/tutorial_etl_dag.py took 0.354 seconds
[2021-12-10 16:31:17,372] {scheduler_job.py:182} INFO - Started process (PID=2972) to work on /home/agalli/sandbox/lib/python3.6/site-packages/airflow/example_dags/tutorial_etl_dag.py
[2021-12-10 16:31:17,374] {scheduler_job.py:633} INFO - Processing file /home/agalli/sandbox/lib/python3.6/site-packages/airflow/example_dags/tutorial_etl_dag.py for tasks to queue
[2021-12-10 16:31:17,376] {logging_mixin.py:104} INFO - [2021-12-10 16:31:17,376] {dagbag.py:487} INFO - Filling up the DagBag from /home/agalli/sandbox/lib/python3.6/site-packages/airflow/example_dags/tutorial_etl_dag.py
[2021-12-10 16:31:17,405] {scheduler_job.py:643} INFO - DAG(s) dict_keys(['tutorial_etl_dag']) retrieved from /home/agalli/sandbox/lib/python3.6/site-packages/airflow/example_dags/tutorial_etl_dag.py
[2021-12-10 16:31:17,435] {logging_mixin.py:104} INFO - [2021-12-10 16:31:17,434] {dag.py:1832} INFO - Sync 1 DAGs
[2021-12-10 16:31:17,472] {logging_mixin.py:104} INFO - [2021-12-10 16:31:17,471] {dag.py:2305} INFO - Setting next_dagrun for tutorial_etl_dag to None
[2021-12-10 16:31:17,516] {scheduler_job.py:190} INFO - Processing /home/agalli/sandbox/lib/python3.6/site-packages/airflow/example_dags/tutorial_etl_dag.py took 0.148 seconds
[2021-12-10 16:32:06,133] {scheduler_job.py:182} INFO - Started process (PID=3022) to work on /home/agalli/sandbox/lib/python3.6/site-packages/airflow/example_dags/tutorial_etl_dag.py
[2021-12-10 16:32:06,142] {scheduler_job.py:633} INFO - Processing file /home/agalli/sandbox/lib/python3.6/site-packages/airflow/example_dags/tutorial_etl_dag.py for tasks to queue
[2021-12-10 16:32:06,145] {logging_mixin.py:104} INFO - [2021-12-10 16:32:06,144] {dagbag.py:487} INFO - Filling up the DagBag from /home/agalli/sandbox/lib/python3.6/site-packages/airflow/example_dags/tutorial_etl_dag.py
[2021-12-10 16:32:06,195] {scheduler_job.py:643} INFO - DAG(s) dict_keys(['tutorial_etl_dag']) retrieved from /home/agalli/sandbox/lib/python3.6/site-packages/airflow/example_dags/tutorial_etl_dag.py
[2021-12-10 16:32:06,230] {logging_mixin.py:104} INFO - [2021-12-10 16:32:06,230] {dag.py:1832} INFO - Sync 1 DAGs
[2021-12-10 16:32:06,278] {logging_mixin.py:104} INFO - [2021-12-10 16:32:06,278] {dag.py:2305} INFO - Setting next_dagrun for tutorial_etl_dag to None
[2021-12-10 16:32:06,304] {scheduler_job.py:190} INFO - Processing /home/agalli/sandbox/lib/python3.6/site-packages/airflow/example_dags/tutorial_etl_dag.py took 0.191 seconds
[2021-12-10 16:32:45,538] {scheduler_job.py:182} INFO - Started process (PID=3171) to work on /home/agalli/sandbox/lib/python3.6/site-packages/airflow/example_dags/tutorial_etl_dag.py
[2021-12-10 16:32:45,541] {scheduler_job.py:633} INFO - Processing file /home/agalli/sandbox/lib/python3.6/site-packages/airflow/example_dags/tutorial_etl_dag.py for tasks to queue
[2021-12-10 16:32:45,544] {logging_mixin.py:104} INFO - [2021-12-10 16:32:45,543] {dagbag.py:487} INFO - Filling up the DagBag from /home/agalli/sandbox/lib/python3.6/site-packages/airflow/example_dags/tutorial_etl_dag.py
[2021-12-10 16:32:45,616] {scheduler_job.py:643} INFO - DAG(s) dict_keys(['tutorial_etl_dag']) retrieved from /home/agalli/sandbox/lib/python3.6/site-packages/airflow/example_dags/tutorial_etl_dag.py
[2021-12-10 16:32:45,656] {logging_mixin.py:104} INFO - [2021-12-10 16:32:45,656] {dag.py:1832} INFO - Sync 1 DAGs
[2021-12-10 16:32:45,728] {logging_mixin.py:104} INFO - [2021-12-10 16:32:45,728] {dag.py:2305} INFO - Setting next_dagrun for tutorial_etl_dag to None
[2021-12-10 16:32:45,767] {scheduler_job.py:190} INFO - Processing /home/agalli/sandbox/lib/python3.6/site-packages/airflow/example_dags/tutorial_etl_dag.py took 0.242 seconds
[2021-12-10 16:33:52,974] {scheduler_job.py:182} INFO - Started process (PID=3769) to work on /home/agalli/sandbox/lib/python3.6/site-packages/airflow/example_dags/tutorial_etl_dag.py
[2021-12-10 16:33:52,978] {scheduler_job.py:633} INFO - Processing file /home/agalli/sandbox/lib/python3.6/site-packages/airflow/example_dags/tutorial_etl_dag.py for tasks to queue
[2021-12-10 16:33:52,991] {logging_mixin.py:104} INFO - [2021-12-10 16:33:52,990] {dagbag.py:487} INFO - Filling up the DagBag from /home/agalli/sandbox/lib/python3.6/site-packages/airflow/example_dags/tutorial_etl_dag.py
[2021-12-10 16:33:53,216] {scheduler_job.py:643} INFO - DAG(s) dict_keys(['tutorial_etl_dag']) retrieved from /home/agalli/sandbox/lib/python3.6/site-packages/airflow/example_dags/tutorial_etl_dag.py
[2021-12-10 16:33:53,345] {logging_mixin.py:104} INFO - [2021-12-10 16:33:53,345] {dag.py:1832} INFO - Sync 1 DAGs
[2021-12-10 16:33:53,505] {logging_mixin.py:104} INFO - [2021-12-10 16:33:53,505] {dag.py:2305} INFO - Setting next_dagrun for tutorial_etl_dag to None
[2021-12-10 16:33:53,643] {scheduler_job.py:190} INFO - Processing /home/agalli/sandbox/lib/python3.6/site-packages/airflow/example_dags/tutorial_etl_dag.py took 0.699 seconds
[2021-12-10 16:34:29,786] {scheduler_job.py:182} INFO - Started process (PID=3801) to work on /home/agalli/sandbox/lib/python3.6/site-packages/airflow/example_dags/tutorial_etl_dag.py
[2021-12-10 16:34:29,788] {scheduler_job.py:633} INFO - Processing file /home/agalli/sandbox/lib/python3.6/site-packages/airflow/example_dags/tutorial_etl_dag.py for tasks to queue
[2021-12-10 16:34:29,790] {logging_mixin.py:104} INFO - [2021-12-10 16:34:29,790] {dagbag.py:487} INFO - Filling up the DagBag from /home/agalli/sandbox/lib/python3.6/site-packages/airflow/example_dags/tutorial_etl_dag.py
[2021-12-10 16:34:29,825] {scheduler_job.py:643} INFO - DAG(s) dict_keys(['tutorial_etl_dag']) retrieved from /home/agalli/sandbox/lib/python3.6/site-packages/airflow/example_dags/tutorial_etl_dag.py
[2021-12-10 16:34:29,868] {logging_mixin.py:104} INFO - [2021-12-10 16:34:29,867] {dag.py:1832} INFO - Sync 1 DAGs
[2021-12-10 16:34:29,912] {logging_mixin.py:104} INFO - [2021-12-10 16:34:29,912] {dag.py:2305} INFO - Setting next_dagrun for tutorial_etl_dag to None
[2021-12-10 16:34:29,936] {scheduler_job.py:190} INFO - Processing /home/agalli/sandbox/lib/python3.6/site-packages/airflow/example_dags/tutorial_etl_dag.py took 0.156 seconds
[2021-12-10 16:35:07,685] {scheduler_job.py:182} INFO - Started process (PID=3836) to work on /home/agalli/sandbox/lib/python3.6/site-packages/airflow/example_dags/tutorial_etl_dag.py
[2021-12-10 16:35:07,688] {scheduler_job.py:633} INFO - Processing file /home/agalli/sandbox/lib/python3.6/site-packages/airflow/example_dags/tutorial_etl_dag.py for tasks to queue
[2021-12-10 16:35:07,690] {logging_mixin.py:104} INFO - [2021-12-10 16:35:07,689] {dagbag.py:487} INFO - Filling up the DagBag from /home/agalli/sandbox/lib/python3.6/site-packages/airflow/example_dags/tutorial_etl_dag.py
[2021-12-10 16:35:07,722] {scheduler_job.py:643} INFO - DAG(s) dict_keys(['tutorial_etl_dag']) retrieved from /home/agalli/sandbox/lib/python3.6/site-packages/airflow/example_dags/tutorial_etl_dag.py
[2021-12-10 16:35:07,758] {logging_mixin.py:104} INFO - [2021-12-10 16:35:07,758] {dag.py:1832} INFO - Sync 1 DAGs
[2021-12-10 16:35:07,802] {logging_mixin.py:104} INFO - [2021-12-10 16:35:07,802] {dag.py:2305} INFO - Setting next_dagrun for tutorial_etl_dag to None
[2021-12-10 16:35:07,886] {scheduler_job.py:190} INFO - Processing /home/agalli/sandbox/lib/python3.6/site-packages/airflow/example_dags/tutorial_etl_dag.py took 0.216 seconds
[2021-12-10 16:35:54,385] {scheduler_job.py:182} INFO - Started process (PID=3869) to work on /home/agalli/sandbox/lib/python3.6/site-packages/airflow/example_dags/tutorial_etl_dag.py
[2021-12-10 16:35:54,386] {scheduler_job.py:633} INFO - Processing file /home/agalli/sandbox/lib/python3.6/site-packages/airflow/example_dags/tutorial_etl_dag.py for tasks to queue
[2021-12-10 16:35:54,387] {logging_mixin.py:104} INFO - [2021-12-10 16:35:54,387] {dagbag.py:487} INFO - Filling up the DagBag from /home/agalli/sandbox/lib/python3.6/site-packages/airflow/example_dags/tutorial_etl_dag.py
[2021-12-10 16:35:54,404] {scheduler_job.py:643} INFO - DAG(s) dict_keys(['tutorial_etl_dag']) retrieved from /home/agalli/sandbox/lib/python3.6/site-packages/airflow/example_dags/tutorial_etl_dag.py
[2021-12-10 16:35:54,426] {logging_mixin.py:104} INFO - [2021-12-10 16:35:54,426] {dag.py:1832} INFO - Sync 1 DAGs
[2021-12-10 16:35:54,453] {logging_mixin.py:104} INFO - [2021-12-10 16:35:54,453] {dag.py:2305} INFO - Setting next_dagrun for tutorial_etl_dag to None
[2021-12-10 16:35:54,504] {scheduler_job.py:190} INFO - Processing /home/agalli/sandbox/lib/python3.6/site-packages/airflow/example_dags/tutorial_etl_dag.py took 0.121 seconds
