[2021-12-10 16:23:09,538] {scheduler_job.py:182} INFO - Started process (PID=1594) to work on /home/agalli/sandbox/lib/python3.6/site-packages/airflow/example_dags/tutorial_taskflow_api_etl.py
[2021-12-10 16:23:09,559] {scheduler_job.py:633} INFO - Processing file /home/agalli/sandbox/lib/python3.6/site-packages/airflow/example_dags/tutorial_taskflow_api_etl.py for tasks to queue
[2021-12-10 16:23:09,560] {logging_mixin.py:104} INFO - [2021-12-10 16:23:09,560] {dagbag.py:487} INFO - Filling up the DagBag from /home/agalli/sandbox/lib/python3.6/site-packages/airflow/example_dags/tutorial_taskflow_api_etl.py
[2021-12-10 16:23:09,613] {scheduler_job.py:643} INFO - DAG(s) dict_keys(['tutorial_taskflow_api_etl']) retrieved from /home/agalli/sandbox/lib/python3.6/site-packages/airflow/example_dags/tutorial_taskflow_api_etl.py
[2021-12-10 16:23:10,410] {logging_mixin.py:104} INFO - [2021-12-10 16:23:10,410] {dag.py:1832} INFO - Sync 1 DAGs
[2021-12-10 16:23:10,429] {logging_mixin.py:104} INFO - [2021-12-10 16:23:10,428] {dag.py:2305} INFO - Setting next_dagrun for tutorial_taskflow_api_etl to None
[2021-12-10 16:23:10,451] {scheduler_job.py:190} INFO - Processing /home/agalli/sandbox/lib/python3.6/site-packages/airflow/example_dags/tutorial_taskflow_api_etl.py took 0.926 seconds
[2021-12-10 16:24:10,608] {scheduler_job.py:182} INFO - Started process (PID=1689) to work on /home/agalli/sandbox/lib/python3.6/site-packages/airflow/example_dags/tutorial_taskflow_api_etl.py
[2021-12-10 16:24:10,610] {scheduler_job.py:633} INFO - Processing file /home/agalli/sandbox/lib/python3.6/site-packages/airflow/example_dags/tutorial_taskflow_api_etl.py for tasks to queue
[2021-12-10 16:24:10,612] {logging_mixin.py:104} INFO - [2021-12-10 16:24:10,612] {dagbag.py:487} INFO - Filling up the DagBag from /home/agalli/sandbox/lib/python3.6/site-packages/airflow/example_dags/tutorial_taskflow_api_etl.py
[2021-12-10 16:24:10,663] {scheduler_job.py:643} INFO - DAG(s) dict_keys(['tutorial_taskflow_api_etl']) retrieved from /home/agalli/sandbox/lib/python3.6/site-packages/airflow/example_dags/tutorial_taskflow_api_etl.py
[2021-12-10 16:24:11,271] {logging_mixin.py:104} INFO - [2021-12-10 16:24:11,271] {dag.py:1832} INFO - Sync 1 DAGs
[2021-12-10 16:24:11,295] {logging_mixin.py:104} INFO - [2021-12-10 16:24:11,295] {dag.py:2305} INFO - Setting next_dagrun for tutorial_taskflow_api_etl to None
[2021-12-10 16:24:11,376] {scheduler_job.py:190} INFO - Processing /home/agalli/sandbox/lib/python3.6/site-packages/airflow/example_dags/tutorial_taskflow_api_etl.py took 0.773 seconds
[2021-12-10 16:25:05,019] {scheduler_job.py:182} INFO - Started process (PID=1724) to work on /home/agalli/sandbox/lib/python3.6/site-packages/airflow/example_dags/tutorial_taskflow_api_etl.py
[2021-12-10 16:25:05,028] {scheduler_job.py:633} INFO - Processing file /home/agalli/sandbox/lib/python3.6/site-packages/airflow/example_dags/tutorial_taskflow_api_etl.py for tasks to queue
[2021-12-10 16:25:05,034] {logging_mixin.py:104} INFO - [2021-12-10 16:25:05,034] {dagbag.py:487} INFO - Filling up the DagBag from /home/agalli/sandbox/lib/python3.6/site-packages/airflow/example_dags/tutorial_taskflow_api_etl.py
[2021-12-10 16:25:05,097] {scheduler_job.py:643} INFO - DAG(s) dict_keys(['tutorial_taskflow_api_etl']) retrieved from /home/agalli/sandbox/lib/python3.6/site-packages/airflow/example_dags/tutorial_taskflow_api_etl.py
[2021-12-10 16:25:06,603] {logging_mixin.py:104} INFO - [2021-12-10 16:25:06,602] {dag.py:1832} INFO - Sync 1 DAGs
[2021-12-10 16:25:06,640] {logging_mixin.py:104} INFO - [2021-12-10 16:25:06,640] {dag.py:2305} INFO - Setting next_dagrun for tutorial_taskflow_api_etl to None
[2021-12-10 16:25:06,711] {scheduler_job.py:190} INFO - Processing /home/agalli/sandbox/lib/python3.6/site-packages/airflow/example_dags/tutorial_taskflow_api_etl.py took 1.704 seconds
[2021-12-10 16:25:50,485] {scheduler_job.py:182} INFO - Started process (PID=1847) to work on /home/agalli/sandbox/lib/python3.6/site-packages/airflow/example_dags/tutorial_taskflow_api_etl.py
[2021-12-10 16:25:50,488] {scheduler_job.py:633} INFO - Processing file /home/agalli/sandbox/lib/python3.6/site-packages/airflow/example_dags/tutorial_taskflow_api_etl.py for tasks to queue
[2021-12-10 16:25:50,501] {logging_mixin.py:104} INFO - [2021-12-10 16:25:50,489] {dagbag.py:487} INFO - Filling up the DagBag from /home/agalli/sandbox/lib/python3.6/site-packages/airflow/example_dags/tutorial_taskflow_api_etl.py
[2021-12-10 16:25:50,613] {scheduler_job.py:643} INFO - DAG(s) dict_keys(['tutorial_taskflow_api_etl']) retrieved from /home/agalli/sandbox/lib/python3.6/site-packages/airflow/example_dags/tutorial_taskflow_api_etl.py
[2021-12-10 16:25:51,968] {logging_mixin.py:104} INFO - [2021-12-10 16:25:51,967] {dag.py:1832} INFO - Sync 1 DAGs
[2021-12-10 16:25:52,007] {logging_mixin.py:104} INFO - [2021-12-10 16:25:52,006] {dag.py:2305} INFO - Setting next_dagrun for tutorial_taskflow_api_etl to None
[2021-12-10 16:25:52,150] {scheduler_job.py:190} INFO - Processing /home/agalli/sandbox/lib/python3.6/site-packages/airflow/example_dags/tutorial_taskflow_api_etl.py took 1.674 seconds
[2021-12-10 16:26:40,238] {scheduler_job.py:182} INFO - Started process (PID=2062) to work on /home/agalli/sandbox/lib/python3.6/site-packages/airflow/example_dags/tutorial_taskflow_api_etl.py
[2021-12-10 16:26:40,241] {scheduler_job.py:633} INFO - Processing file /home/agalli/sandbox/lib/python3.6/site-packages/airflow/example_dags/tutorial_taskflow_api_etl.py for tasks to queue
[2021-12-10 16:26:40,242] {logging_mixin.py:104} INFO - [2021-12-10 16:26:40,242] {dagbag.py:487} INFO - Filling up the DagBag from /home/agalli/sandbox/lib/python3.6/site-packages/airflow/example_dags/tutorial_taskflow_api_etl.py
[2021-12-10 16:26:40,281] {scheduler_job.py:643} INFO - DAG(s) dict_keys(['tutorial_taskflow_api_etl']) retrieved from /home/agalli/sandbox/lib/python3.6/site-packages/airflow/example_dags/tutorial_taskflow_api_etl.py
[2021-12-10 16:26:41,063] {logging_mixin.py:104} INFO - [2021-12-10 16:26:41,063] {dag.py:1832} INFO - Sync 1 DAGs
[2021-12-10 16:26:41,087] {logging_mixin.py:104} INFO - [2021-12-10 16:26:41,087] {dag.py:2305} INFO - Setting next_dagrun for tutorial_taskflow_api_etl to None
[2021-12-10 16:26:41,119] {scheduler_job.py:190} INFO - Processing /home/agalli/sandbox/lib/python3.6/site-packages/airflow/example_dags/tutorial_taskflow_api_etl.py took 0.890 seconds
[2021-12-10 16:27:21,369] {scheduler_job.py:182} INFO - Started process (PID=2270) to work on /home/agalli/sandbox/lib/python3.6/site-packages/airflow/example_dags/tutorial_taskflow_api_etl.py
[2021-12-10 16:27:21,374] {scheduler_job.py:633} INFO - Processing file /home/agalli/sandbox/lib/python3.6/site-packages/airflow/example_dags/tutorial_taskflow_api_etl.py for tasks to queue
[2021-12-10 16:27:21,376] {logging_mixin.py:104} INFO - [2021-12-10 16:27:21,376] {dagbag.py:487} INFO - Filling up the DagBag from /home/agalli/sandbox/lib/python3.6/site-packages/airflow/example_dags/tutorial_taskflow_api_etl.py
[2021-12-10 16:27:21,425] {scheduler_job.py:643} INFO - DAG(s) dict_keys(['tutorial_taskflow_api_etl']) retrieved from /home/agalli/sandbox/lib/python3.6/site-packages/airflow/example_dags/tutorial_taskflow_api_etl.py
[2021-12-10 16:27:21,975] {logging_mixin.py:104} INFO - [2021-12-10 16:27:21,975] {dag.py:1832} INFO - Sync 1 DAGs
[2021-12-10 16:27:22,016] {logging_mixin.py:104} INFO - [2021-12-10 16:27:22,016] {dag.py:2305} INFO - Setting next_dagrun for tutorial_taskflow_api_etl to None
[2021-12-10 16:27:22,073] {scheduler_job.py:190} INFO - Processing /home/agalli/sandbox/lib/python3.6/site-packages/airflow/example_dags/tutorial_taskflow_api_etl.py took 0.715 seconds
[2021-12-10 16:28:00,603] {scheduler_job.py:182} INFO - Started process (PID=2343) to work on /home/agalli/sandbox/lib/python3.6/site-packages/airflow/example_dags/tutorial_taskflow_api_etl.py
[2021-12-10 16:28:00,608] {scheduler_job.py:633} INFO - Processing file /home/agalli/sandbox/lib/python3.6/site-packages/airflow/example_dags/tutorial_taskflow_api_etl.py for tasks to queue
[2021-12-10 16:28:00,610] {logging_mixin.py:104} INFO - [2021-12-10 16:28:00,610] {dagbag.py:487} INFO - Filling up the DagBag from /home/agalli/sandbox/lib/python3.6/site-packages/airflow/example_dags/tutorial_taskflow_api_etl.py
[2021-12-10 16:28:00,672] {scheduler_job.py:643} INFO - DAG(s) dict_keys(['tutorial_taskflow_api_etl']) retrieved from /home/agalli/sandbox/lib/python3.6/site-packages/airflow/example_dags/tutorial_taskflow_api_etl.py
[2021-12-10 16:28:01,424] {logging_mixin.py:104} INFO - [2021-12-10 16:28:01,423] {dag.py:1832} INFO - Sync 1 DAGs
[2021-12-10 16:28:01,469] {logging_mixin.py:104} INFO - [2021-12-10 16:28:01,469] {dag.py:2305} INFO - Setting next_dagrun for tutorial_taskflow_api_etl to None
[2021-12-10 16:28:01,642] {scheduler_job.py:190} INFO - Processing /home/agalli/sandbox/lib/python3.6/site-packages/airflow/example_dags/tutorial_taskflow_api_etl.py took 1.051 seconds
[2021-12-10 16:28:52,520] {scheduler_job.py:182} INFO - Started process (PID=2620) to work on /home/agalli/sandbox/lib/python3.6/site-packages/airflow/example_dags/tutorial_taskflow_api_etl.py
[2021-12-10 16:28:52,524] {scheduler_job.py:633} INFO - Processing file /home/agalli/sandbox/lib/python3.6/site-packages/airflow/example_dags/tutorial_taskflow_api_etl.py for tasks to queue
[2021-12-10 16:28:52,525] {logging_mixin.py:104} INFO - [2021-12-10 16:28:52,525] {dagbag.py:487} INFO - Filling up the DagBag from /home/agalli/sandbox/lib/python3.6/site-packages/airflow/example_dags/tutorial_taskflow_api_etl.py
[2021-12-10 16:28:52,568] {scheduler_job.py:643} INFO - DAG(s) dict_keys(['tutorial_taskflow_api_etl']) retrieved from /home/agalli/sandbox/lib/python3.6/site-packages/airflow/example_dags/tutorial_taskflow_api_etl.py
[2021-12-10 16:28:53,467] {logging_mixin.py:104} INFO - [2021-12-10 16:28:53,467] {dag.py:1832} INFO - Sync 1 DAGs
[2021-12-10 16:28:53,489] {logging_mixin.py:104} INFO - [2021-12-10 16:28:53,489] {dag.py:2305} INFO - Setting next_dagrun for tutorial_taskflow_api_etl to None
[2021-12-10 16:28:53,658] {scheduler_job.py:190} INFO - Processing /home/agalli/sandbox/lib/python3.6/site-packages/airflow/example_dags/tutorial_taskflow_api_etl.py took 1.147 seconds
[2021-12-10 16:29:44,499] {scheduler_job.py:182} INFO - Started process (PID=2654) to work on /home/agalli/sandbox/lib/python3.6/site-packages/airflow/example_dags/tutorial_taskflow_api_etl.py
[2021-12-10 16:29:44,501] {scheduler_job.py:633} INFO - Processing file /home/agalli/sandbox/lib/python3.6/site-packages/airflow/example_dags/tutorial_taskflow_api_etl.py for tasks to queue
[2021-12-10 16:29:44,503] {logging_mixin.py:104} INFO - [2021-12-10 16:29:44,503] {dagbag.py:487} INFO - Filling up the DagBag from /home/agalli/sandbox/lib/python3.6/site-packages/airflow/example_dags/tutorial_taskflow_api_etl.py
[2021-12-10 16:29:44,548] {scheduler_job.py:643} INFO - DAG(s) dict_keys(['tutorial_taskflow_api_etl']) retrieved from /home/agalli/sandbox/lib/python3.6/site-packages/airflow/example_dags/tutorial_taskflow_api_etl.py
[2021-12-10 16:29:45,224] {logging_mixin.py:104} INFO - [2021-12-10 16:29:45,224] {dag.py:1832} INFO - Sync 1 DAGs
[2021-12-10 16:29:45,244] {logging_mixin.py:104} INFO - [2021-12-10 16:29:45,244] {dag.py:2305} INFO - Setting next_dagrun for tutorial_taskflow_api_etl to None
[2021-12-10 16:29:45,279] {scheduler_job.py:190} INFO - Processing /home/agalli/sandbox/lib/python3.6/site-packages/airflow/example_dags/tutorial_taskflow_api_etl.py took 0.786 seconds
[2021-12-10 16:30:24,284] {scheduler_job.py:182} INFO - Started process (PID=2684) to work on /home/agalli/sandbox/lib/python3.6/site-packages/airflow/example_dags/tutorial_taskflow_api_etl.py
[2021-12-10 16:30:24,292] {scheduler_job.py:633} INFO - Processing file /home/agalli/sandbox/lib/python3.6/site-packages/airflow/example_dags/tutorial_taskflow_api_etl.py for tasks to queue
[2021-12-10 16:30:24,295] {logging_mixin.py:104} INFO - [2021-12-10 16:30:24,294] {dagbag.py:487} INFO - Filling up the DagBag from /home/agalli/sandbox/lib/python3.6/site-packages/airflow/example_dags/tutorial_taskflow_api_etl.py
[2021-12-10 16:30:24,331] {scheduler_job.py:643} INFO - DAG(s) dict_keys(['tutorial_taskflow_api_etl']) retrieved from /home/agalli/sandbox/lib/python3.6/site-packages/airflow/example_dags/tutorial_taskflow_api_etl.py
[2021-12-10 16:30:24,357] {logging_mixin.py:104} INFO - [2021-12-10 16:30:24,357] {dag.py:1832} INFO - Sync 1 DAGs
[2021-12-10 16:30:24,375] {logging_mixin.py:104} INFO - [2021-12-10 16:30:24,375] {dag.py:2305} INFO - Setting next_dagrun for tutorial_taskflow_api_etl to None
[2021-12-10 16:30:24,399] {scheduler_job.py:190} INFO - Processing /home/agalli/sandbox/lib/python3.6/site-packages/airflow/example_dags/tutorial_taskflow_api_etl.py took 0.125 seconds
[2021-12-10 16:31:19,138] {scheduler_job.py:182} INFO - Started process (PID=2989) to work on /home/agalli/sandbox/lib/python3.6/site-packages/airflow/example_dags/tutorial_taskflow_api_etl.py
[2021-12-10 16:31:19,140] {scheduler_job.py:633} INFO - Processing file /home/agalli/sandbox/lib/python3.6/site-packages/airflow/example_dags/tutorial_taskflow_api_etl.py for tasks to queue
[2021-12-10 16:31:19,140] {logging_mixin.py:104} INFO - [2021-12-10 16:31:19,140] {dagbag.py:487} INFO - Filling up the DagBag from /home/agalli/sandbox/lib/python3.6/site-packages/airflow/example_dags/tutorial_taskflow_api_etl.py
[2021-12-10 16:31:19,158] {scheduler_job.py:643} INFO - DAG(s) dict_keys(['tutorial_taskflow_api_etl']) retrieved from /home/agalli/sandbox/lib/python3.6/site-packages/airflow/example_dags/tutorial_taskflow_api_etl.py
[2021-12-10 16:31:19,602] {logging_mixin.py:104} INFO - [2021-12-10 16:31:19,602] {dag.py:1832} INFO - Sync 1 DAGs
[2021-12-10 16:31:19,622] {logging_mixin.py:104} INFO - [2021-12-10 16:31:19,622] {dag.py:2305} INFO - Setting next_dagrun for tutorial_taskflow_api_etl to None
[2021-12-10 16:31:19,653] {scheduler_job.py:190} INFO - Processing /home/agalli/sandbox/lib/python3.6/site-packages/airflow/example_dags/tutorial_taskflow_api_etl.py took 0.518 seconds
[2021-12-10 16:32:09,655] {scheduler_job.py:182} INFO - Started process (PID=3024) to work on /home/agalli/sandbox/lib/python3.6/site-packages/airflow/example_dags/tutorial_taskflow_api_etl.py
[2021-12-10 16:32:09,657] {scheduler_job.py:633} INFO - Processing file /home/agalli/sandbox/lib/python3.6/site-packages/airflow/example_dags/tutorial_taskflow_api_etl.py for tasks to queue
[2021-12-10 16:32:09,659] {logging_mixin.py:104} INFO - [2021-12-10 16:32:09,659] {dagbag.py:487} INFO - Filling up the DagBag from /home/agalli/sandbox/lib/python3.6/site-packages/airflow/example_dags/tutorial_taskflow_api_etl.py
[2021-12-10 16:32:09,725] {scheduler_job.py:643} INFO - DAG(s) dict_keys(['tutorial_taskflow_api_etl']) retrieved from /home/agalli/sandbox/lib/python3.6/site-packages/airflow/example_dags/tutorial_taskflow_api_etl.py
[2021-12-10 16:32:09,769] {logging_mixin.py:104} INFO - [2021-12-10 16:32:09,769] {dag.py:1832} INFO - Sync 1 DAGs
[2021-12-10 16:32:09,809] {logging_mixin.py:104} INFO - [2021-12-10 16:32:09,809] {dag.py:2305} INFO - Setting next_dagrun for tutorial_taskflow_api_etl to None
[2021-12-10 16:32:09,850] {scheduler_job.py:190} INFO - Processing /home/agalli/sandbox/lib/python3.6/site-packages/airflow/example_dags/tutorial_taskflow_api_etl.py took 0.203 seconds
[2021-12-10 16:32:48,200] {scheduler_job.py:182} INFO - Started process (PID=3203) to work on /home/agalli/sandbox/lib/python3.6/site-packages/airflow/example_dags/tutorial_taskflow_api_etl.py
[2021-12-10 16:32:48,204] {scheduler_job.py:633} INFO - Processing file /home/agalli/sandbox/lib/python3.6/site-packages/airflow/example_dags/tutorial_taskflow_api_etl.py for tasks to queue
[2021-12-10 16:32:48,206] {logging_mixin.py:104} INFO - [2021-12-10 16:32:48,205] {dagbag.py:487} INFO - Filling up the DagBag from /home/agalli/sandbox/lib/python3.6/site-packages/airflow/example_dags/tutorial_taskflow_api_etl.py
[2021-12-10 16:32:48,241] {scheduler_job.py:643} INFO - DAG(s) dict_keys(['tutorial_taskflow_api_etl']) retrieved from /home/agalli/sandbox/lib/python3.6/site-packages/airflow/example_dags/tutorial_taskflow_api_etl.py
[2021-12-10 16:32:49,021] {logging_mixin.py:104} INFO - [2021-12-10 16:32:49,021] {dag.py:1832} INFO - Sync 1 DAGs
[2021-12-10 16:32:49,055] {logging_mixin.py:104} INFO - [2021-12-10 16:32:49,055] {dag.py:2305} INFO - Setting next_dagrun for tutorial_taskflow_api_etl to None
[2021-12-10 16:32:49,100] {scheduler_job.py:190} INFO - Processing /home/agalli/sandbox/lib/python3.6/site-packages/airflow/example_dags/tutorial_taskflow_api_etl.py took 0.907 seconds
[2021-12-10 16:33:56,151] {scheduler_job.py:182} INFO - Started process (PID=3776) to work on /home/agalli/sandbox/lib/python3.6/site-packages/airflow/example_dags/tutorial_taskflow_api_etl.py
[2021-12-10 16:33:56,156] {scheduler_job.py:633} INFO - Processing file /home/agalli/sandbox/lib/python3.6/site-packages/airflow/example_dags/tutorial_taskflow_api_etl.py for tasks to queue
[2021-12-10 16:33:56,159] {logging_mixin.py:104} INFO - [2021-12-10 16:33:56,159] {dagbag.py:487} INFO - Filling up the DagBag from /home/agalli/sandbox/lib/python3.6/site-packages/airflow/example_dags/tutorial_taskflow_api_etl.py
[2021-12-10 16:33:56,202] {scheduler_job.py:643} INFO - DAG(s) dict_keys(['tutorial_taskflow_api_etl']) retrieved from /home/agalli/sandbox/lib/python3.6/site-packages/airflow/example_dags/tutorial_taskflow_api_etl.py
[2021-12-10 16:33:57,849] {logging_mixin.py:104} INFO - [2021-12-10 16:33:57,849] {dag.py:1832} INFO - Sync 1 DAGs
[2021-12-10 16:33:57,943] {logging_mixin.py:104} INFO - [2021-12-10 16:33:57,942] {dag.py:2305} INFO - Setting next_dagrun for tutorial_taskflow_api_etl to None
[2021-12-10 16:33:58,022] {scheduler_job.py:190} INFO - Processing /home/agalli/sandbox/lib/python3.6/site-packages/airflow/example_dags/tutorial_taskflow_api_etl.py took 1.880 seconds
[2021-12-10 16:34:42,770] {scheduler_job.py:182} INFO - Started process (PID=3811) to work on /home/agalli/sandbox/lib/python3.6/site-packages/airflow/example_dags/tutorial_taskflow_api_etl.py
[2021-12-10 16:34:42,772] {scheduler_job.py:633} INFO - Processing file /home/agalli/sandbox/lib/python3.6/site-packages/airflow/example_dags/tutorial_taskflow_api_etl.py for tasks to queue
[2021-12-10 16:34:42,774] {logging_mixin.py:104} INFO - [2021-12-10 16:34:42,773] {dagbag.py:487} INFO - Filling up the DagBag from /home/agalli/sandbox/lib/python3.6/site-packages/airflow/example_dags/tutorial_taskflow_api_etl.py
[2021-12-10 16:34:42,804] {scheduler_job.py:643} INFO - DAG(s) dict_keys(['tutorial_taskflow_api_etl']) retrieved from /home/agalli/sandbox/lib/python3.6/site-packages/airflow/example_dags/tutorial_taskflow_api_etl.py
[2021-12-10 16:34:43,103] {logging_mixin.py:104} INFO - [2021-12-10 16:34:43,103] {dag.py:1832} INFO - Sync 1 DAGs
[2021-12-10 16:34:43,120] {logging_mixin.py:104} INFO - [2021-12-10 16:34:43,120] {dag.py:2305} INFO - Setting next_dagrun for tutorial_taskflow_api_etl to None
[2021-12-10 16:34:43,142] {scheduler_job.py:190} INFO - Processing /home/agalli/sandbox/lib/python3.6/site-packages/airflow/example_dags/tutorial_taskflow_api_etl.py took 0.376 seconds
[2021-12-10 16:35:19,829] {scheduler_job.py:182} INFO - Started process (PID=3845) to work on /home/agalli/sandbox/lib/python3.6/site-packages/airflow/example_dags/tutorial_taskflow_api_etl.py
[2021-12-10 16:35:19,835] {scheduler_job.py:633} INFO - Processing file /home/agalli/sandbox/lib/python3.6/site-packages/airflow/example_dags/tutorial_taskflow_api_etl.py for tasks to queue
[2021-12-10 16:35:19,836] {logging_mixin.py:104} INFO - [2021-12-10 16:35:19,836] {dagbag.py:487} INFO - Filling up the DagBag from /home/agalli/sandbox/lib/python3.6/site-packages/airflow/example_dags/tutorial_taskflow_api_etl.py
[2021-12-10 16:35:19,875] {scheduler_job.py:643} INFO - DAG(s) dict_keys(['tutorial_taskflow_api_etl']) retrieved from /home/agalli/sandbox/lib/python3.6/site-packages/airflow/example_dags/tutorial_taskflow_api_etl.py
[2021-12-10 16:35:19,911] {logging_mixin.py:104} INFO - [2021-12-10 16:35:19,910] {dag.py:1832} INFO - Sync 1 DAGs
[2021-12-10 16:35:19,952] {logging_mixin.py:104} INFO - [2021-12-10 16:35:19,952] {dag.py:2305} INFO - Setting next_dagrun for tutorial_taskflow_api_etl to None
[2021-12-10 16:35:19,987] {scheduler_job.py:190} INFO - Processing /home/agalli/sandbox/lib/python3.6/site-packages/airflow/example_dags/tutorial_taskflow_api_etl.py took 0.169 seconds
[2021-12-10 16:36:07,880] {scheduler_job.py:182} INFO - Started process (PID=3878) to work on /home/agalli/sandbox/lib/python3.6/site-packages/airflow/example_dags/tutorial_taskflow_api_etl.py
[2021-12-10 16:36:07,883] {scheduler_job.py:633} INFO - Processing file /home/agalli/sandbox/lib/python3.6/site-packages/airflow/example_dags/tutorial_taskflow_api_etl.py for tasks to queue
[2021-12-10 16:36:07,894] {logging_mixin.py:104} INFO - [2021-12-10 16:36:07,894] {dagbag.py:487} INFO - Filling up the DagBag from /home/agalli/sandbox/lib/python3.6/site-packages/airflow/example_dags/tutorial_taskflow_api_etl.py
[2021-12-10 16:36:08,138] {scheduler_job.py:643} INFO - DAG(s) dict_keys(['tutorial_taskflow_api_etl']) retrieved from /home/agalli/sandbox/lib/python3.6/site-packages/airflow/example_dags/tutorial_taskflow_api_etl.py
[2021-12-10 16:36:09,867] {logging_mixin.py:104} INFO - [2021-12-10 16:36:09,867] {dag.py:1832} INFO - Sync 1 DAGs
[2021-12-10 16:36:09,942] {logging_mixin.py:104} INFO - [2021-12-10 16:36:09,942] {dag.py:2305} INFO - Setting next_dagrun for tutorial_taskflow_api_etl to None
[2021-12-10 16:36:10,008] {scheduler_job.py:190} INFO - Processing /home/agalli/sandbox/lib/python3.6/site-packages/airflow/example_dags/tutorial_taskflow_api_etl.py took 2.141 seconds
